[1] "/work-zfs/abattle4/prashanthi/recount3/data/ipscs/all/weighted_covariances/cov_14.rds"
[1] "Data read complete"
Running QUIC version 1.1 in 'default' mode.
Newton iteration 1.
  X is a diagonal matrix.
    Line search step size 1.000000e+00.  Lack of positive definiteness.
    Line search step size 5.000000e-01.  Lack of positive definiteness.
    Line search step size 2.500000e-01.  Lack of positive definiteness.
    Line search step size 1.250000e-01.  Lack of positive definiteness.
    Line search step size chosen: 6.250000e-02.
  Objective value decreased by 1.048837e+02.
Newton iteration 2.
  Active set size = 481012.
  sub-gradient = 1.134666e+04, l1-norm of X = 1.830444e+02.
  Coordinate descent sweep 1. norm of D = 1.018645e+04, change in D = 1.018645e+04.
    Line search step size 1.000000e+00.  Lack of positive definiteness.
    Line search step size 5.000000e-01.  Lack of positive definiteness.
    Line search step size 2.500000e-01.  Lack of positive definiteness.
    Line search step size chosen: 1.250000e-01.
  Objective value decreased by 1.428093e+02.
Newton iteration 3.
  Active set size = 481138.
  sub-gradient = 9.298559e+03, l1-norm of X = 4.845455e+02.
  Coordinate descent sweep 1. norm of D = 7.142006e+03, change in D = 7.142006e+03.
  Coordinate descent sweep 2. norm of D = 6.720574e+03, change in D = 1.013064e+03.
    Line search step size 1.000000e+00.  Lack of positive definiteness.
    Line search step size 5.000000e-01.  Lack of positive definiteness.
    Line search step size chosen: 2.500000e-01.
  Objective value decreased by 1.291861e+02.
Newton iteration 4.
  Active set size = 481813.
  sub-gradient = 6.466654e+03, l1-norm of X = 8.467556e+02.
  Coordinate descent sweep 1. norm of D = 4.345435e+03, change in D = 4.345435e+03.
  Coordinate descent sweep 2. norm of D = 4.274682e+03, change in D = 8.839082e+02.
    Line search step size 1.000000e+00.  Lack of positive definiteness.
    Line search step size chosen: 5.000000e-01.
  Objective value decreased by 9.774167e+01.
Newton iteration 5.
  Active set size = 485507.
  sub-gradient = 3.843218e+03, l1-norm of X = 1.234842e+03.
  Coordinate descent sweep 1. norm of D = 1.845603e+03, change in D = 1.845603e+03.
  Coordinate descent sweep 2. norm of D = 2.050187e+03, change in D = 5.026209e+02.
    Line search step size chosen: 1.000000e+00.
  Objective value decreased by 3.783994e+01.
Newton iteration 6.
  Active set size = 331482.
  sub-gradient = 5.545380e+02, l1-norm of X = 1.479000e+03.
  Coordinate descent sweep 1. norm of D = 3.041092e+02, change in D = 3.041092e+02.
  Coordinate descent sweep 2. norm of D = 3.561624e+02, change in D = 1.666175e+02.
  Coordinate descent sweep 3. norm of D = 3.911230e+02, change in D = 8.932887e+01.
    Line search step size chosen: 1.000000e+00.
  Objective value decreased by 4.273673e+00.
Newton iteration 7.
  Active set size = 323329.
  sub-gradient = 8.578349e+01, l1-norm of X = 1.497746e+03.
  Coordinate descent sweep 1. norm of D = 6.267605e+01, change in D = 6.267605e+01.
  Coordinate descent sweep 2. norm of D = 7.685397e+01, change in D = 4.402820e+01.
  Coordinate descent sweep 3. norm of D = 8.635260e+01, change in D = 3.076877e+01.
    Line search step size chosen: 1.000000e+00.
  Objective value decreased by 7.908541e-01.
Newton iteration 8.
  Active set size = 322413.
  sub-gradient = 2.624098e+01, l1-norm of X = 1.501648e+03.
  Coordinate descent sweep 1. norm of D = 2.358782e+01, change in D = 2.358782e+01.
  Coordinate descent sweep 2. norm of D = 2.881629e+01, change in D = 1.801297e+01.
  Coordinate descent sweep 3. norm of D = 3.293849e+01, change in D = 1.381106e+01.
    Line search step size chosen: 1.000000e+00.
  Objective value decreased by 2.605430e-01.
Newton iteration 9.
  Active set size = 322121.
  sub-gradient = 1.114924e+01, l1-norm of X = 1.502870e+03.
  Coordinate descent sweep 1. norm of D = 1.119115e+01, change in D = 1.119115e+01.
  Coordinate descent sweep 2. norm of D = 1.375237e+01, change in D = 9.182333e+00.
  Coordinate descent sweep 3. norm of D = 1.585080e+01, change in D = 7.741868e+00.
  Coordinate descent sweep 4. norm of D = 1.739742e+01, change in D = 6.507656e+00.
    Line search step size chosen: 1.000000e+00.
  Objective value decreased by 1.247190e-01.
Newton iteration 10.
  Active set size = 322020.
  sub-gradient = 5.929182e+00, l1-norm of X = 1.503584e+03.
  Coordinate descent sweep 1. norm of D = 5.587559e+00, change in D = 5.587559e+00.
  Coordinate descent sweep 2. norm of D = 6.957169e+00, change in D = 4.818071e+00.
  Coordinate descent sweep 3. norm of D = 7.803730e+00, change in D = 4.052884e+00.
  Coordinate descent sweep 4. norm of D = 8.495410e+00, change in D = 3.424569e+00.
    Line search step size chosen: 1.000000e+00.
  Objective value decreased by 4.829753e-02.
Newton iteration 11.
  Active set size = 321958.
  sub-gradient = 3.105690e+00, l1-norm of X = 1.503902e+03.
  Coordinate descent sweep 1. norm of D = 3.095974e+00, change in D = 3.095974e+00.
  Coordinate descent sweep 2. norm of D = 3.745666e+00, change in D = 2.658583e+00.
  Coordinate descent sweep 3. norm of D = 4.261711e+00, change in D = 2.326968e+00.
  Coordinate descent sweep 4. norm of D = 4.776378e+00, change in D = 2.195514e+00.
    Line search step size chosen: 1.000000e+00.
  Objective value decreased by 2.222257e-02.
Newton iteration 12.
  Active set size = 321945.
  sub-gradient = 1.876903e+00, l1-norm of X = 1.504063e+03.
  Coordinate descent sweep 1. norm of D = 1.906596e+00, change in D = 1.906596e+00.
  Coordinate descent sweep 2. norm of D = 2.387233e+00, change in D = 1.665143e+00.
  Coordinate descent sweep 3. norm of D = 2.758884e+00, change in D = 1.448488e+00.
  Coordinate descent sweep 4. norm of D = 3.016652e+00, change in D = 1.229821e+00.
  Coordinate descent sweep 5. norm of D = 3.282717e+00, change in D = 1.109646e+00.
    Line search step size chosen: 1.000000e+00.
  Objective value decreased by 1.324460e-02.
Newton iteration 13.
  Active set size = 321930.
  sub-gradient = 1.114508e+00, l1-norm of X = 1.504169e+03.
  Coordinate descent sweep 1. norm of D = 1.021292e+00, change in D = 1.021292e+00.
  Coordinate descent sweep 2. norm of D = 1.316814e+00, change in D = 9.721110e-01.
  Coordinate descent sweep 3. norm of D = 1.481499e+00, change in D = 8.444825e-01.
  Coordinate descent sweep 4. norm of D = 1.679766e+00, change in D = 8.051608e-01.
  Coordinate descent sweep 5. norm of D = 1.819532e+00, change in D = 6.852288e-01.
    Line search step size chosen: 1.000000e+00.
  Objective value decreased by 6.125295e-03.
Newton iteration 14.
  Active set size = 321915.
  sub-gradient = 7.946750e-01, l1-norm of X = 1.504248e+03.
  Coordinate descent sweep 1. norm of D = 6.091063e-01, change in D = 6.091063e-01.
  Coordinate descent sweep 2. norm of D = 7.917984e-01, change in D = 5.951528e-01.
  Coordinate descent sweep 3. norm of D = 9.119787e-01, change in D = 5.441110e-01.
  Coordinate descent sweep 4. norm of D = 1.001598e+00, change in D = 5.090017e-01.
  Coordinate descent sweep 5. norm of D = 1.114559e+00, change in D = 4.650131e-01.
    Line search step size chosen: 1.000000e+00.
  Objective value decreased by 2.996754e-03.
Newton iteration 15.
  Active set size = 321910.
  sub-gradient = 3.817406e-01, l1-norm of X = 1.504289e+03.
  Coordinate descent sweep 1. norm of D = 4.298478e-01, change in D = 4.298478e-01.
  Coordinate descent sweep 2. norm of D = 5.376566e-01, change in D = 3.507298e-01.
  Coordinate descent sweep 3. norm of D = 6.566161e-01, change in D = 3.578755e-01.
  Coordinate descent sweep 4. norm of D = 7.235312e-01, change in D = 3.139630e-01.
  Coordinate descent sweep 5. norm of D = 8.075238e-01, change in D = 3.053927e-01.
  Coordinate descent sweep 6. norm of D = 8.774016e-01, change in D = 3.115432e-01.
    Line search step size chosen: 1.000000e+00.
  Objective value decreased by 2.256736e-03.
Newton iteration 16.
  Active set size = 321911.
  sub-gradient = 2.477614e-01, l1-norm of X = 1.504325e+03.
  Coordinate descent sweep 1. norm of D = 2.697060e-01, change in D = 2.697060e-01.
  Coordinate descent sweep 2. norm of D = 3.392416e-01, change in D = 2.425792e-01.
  Coordinate descent sweep 3. norm of D = 3.870907e-01, change in D = 2.074590e-01.
  Coordinate descent sweep 4. norm of D = 4.450159e-01, change in D = 2.059386e-01.
  Coordinate descent sweep 5. norm of D = 4.896063e-01, change in D = 1.815172e-01.
  Coordinate descent sweep 6. norm of D = 5.371888e-01, change in D = 1.597167e-01.
    Line search step size chosen: 1.000000e+00.
  Objective value decreased by 1.083612e-03.
Newton iteration 17.
  Active set size = 321906.
  sub-gradient = 1.518828e-01, l1-norm of X = 1.504349e+03.
  Coordinate descent sweep 1. norm of D = 1.406184e-01, change in D = 1.406184e-01.
  Coordinate descent sweep 2. norm of D = 2.021752e-01, change in D = 1.464254e-01.
  Coordinate descent sweep 3. norm of D = 2.319415e-01, change in D = 1.436596e-01.
  Coordinate descent sweep 4. norm of D = 2.580624e-01, change in D = 1.340768e-01.
  Coordinate descent sweep 5. norm of D = 2.836045e-01, change in D = 1.323365e-01.
  Coordinate descent sweep 6. norm of D = 3.223491e-01, change in D = 1.253296e-01.
    Line search step size chosen: 1.000000e+00.
  Objective value decreased by 5.569717e-04.
Newton iteration 18.
  Active set size = 321903.
  sub-gradient = 1.166597e-01, l1-norm of X = 1.504363e+03.
  Coordinate descent sweep 1. norm of D = 1.149555e-01, change in D = 1.149555e-01.
  Coordinate descent sweep 2. norm of D = 1.410669e-01, change in D = 1.120177e-01.
  Coordinate descent sweep 3. norm of D = 1.632358e-01, change in D = 1.021342e-01.
  Coordinate descent sweep 4. norm of D = 1.844478e-01, change in D = 8.635811e-02.
  Coordinate descent sweep 5. norm of D = 2.055362e-01, change in D = 9.316958e-02.
  Coordinate descent sweep 6. norm of D = 2.267724e-01, change in D = 8.647945e-02.
  Coordinate descent sweep 7. norm of D = 2.394086e-01, change in D = 7.320175e-02.
    Line search step size chosen: 1.000000e+00.
  Objective value decreased by 3.487195e-04.
QUIC CPU time: 11251.710 seconds
