[1] "/work-zfs/abattle4/prashanthi/recount3/data/ipscs/all/weighted_covariances/cov_14.rds"
[1] "Data read complete"
Running QUIC version 1.1 in 'default' mode.
Newton iteration 1.
  X is a diagonal matrix.
    Line search step size 1.000000e+00.  Lack of positive definiteness.
    Line search step size 5.000000e-01.  Lack of positive definiteness.
    Line search step size chosen: 2.500000e-01.
  Objective value decreased by 2.508935e+01.
Newton iteration 2.
  Active set size = 14406.
  sub-gradient = 2.537456e+02, l1-norm of X = 5.327713e+01.
  Coordinate descent sweep 1. norm of D = 2.214450e+02, change in D = 2.214450e+02.
    Line search step size chosen: 1.000000e+00.
  Objective value decreased by 1.339747e+01.
Newton iteration 3.
  Active set size = 13963.
  sub-gradient = 4.761036e+02, l1-norm of X = 1.563626e+02.
  Coordinate descent sweep 1. norm of D = 7.387697e+01, change in D = 7.387697e+01.
  Coordinate descent sweep 2. norm of D = 7.211820e+01, change in D = 3.235597e+01.
    Line search step size chosen: 1.000000e+00.
  Objective value decreased by 5.935891e+00.
Newton iteration 4.
  Active set size = 13694.
  sub-gradient = 1.595793e+02, l1-norm of X = 1.506088e+02.
  Coordinate descent sweep 1. norm of D = 3.447850e+01, change in D = 3.447850e+01.
  Coordinate descent sweep 2. norm of D = 3.633885e+01, change in D = 1.775238e+01.
    Line search step size chosen: 1.000000e+00.
  Objective value decreased by 1.776814e+00.
Newton iteration 5.
  Active set size = 13541.
  sub-gradient = 4.398936e+01, l1-norm of X = 1.474548e+02.
  Coordinate descent sweep 1. norm of D = 1.460796e+01, change in D = 1.460796e+01.
  Coordinate descent sweep 2. norm of D = 1.604947e+01, change in D = 8.408028e+00.
    Line search step size chosen: 1.000000e+00.
  Objective value decreased by 3.653031e-01.
Newton iteration 6.
  Active set size = 13473.
  sub-gradient = 8.516823e+00, l1-norm of X = 1.463412e+02.
  Coordinate descent sweep 1. norm of D = 5.208581e+00, change in D = 5.208581e+00.
  Coordinate descent sweep 2. norm of D = 6.308474e+00, change in D = 2.786681e+00.
  Coordinate descent sweep 3. norm of D = 7.271952e+00, change in D = 1.675479e+00.
    Line search step size chosen: 1.000000e+00.
  Objective value decreased by 7.243475e-02.
Newton iteration 7.
  Active set size = 13458.
  sub-gradient = 1.237940e+00, l1-norm of X = 1.465886e+02.
  Coordinate descent sweep 1. norm of D = 1.067685e+00, change in D = 1.067685e+00.
  Coordinate descent sweep 2. norm of D = 1.503251e+00, change in D = 7.653604e-01.
  Coordinate descent sweep 3. norm of D = 1.808715e+00, change in D = 5.202906e-01.
    Line search step size chosen: 1.000000e+00.
  Objective value decreased by 9.457734e-03.
Newton iteration 8.
  Active set size = 13456.
  sub-gradient = 3.409087e-01, l1-norm of X = 1.467891e+02.
  Coordinate descent sweep 1. norm of D = 3.608695e-01, change in D = 3.608695e-01.
  Coordinate descent sweep 2. norm of D = 5.329911e-01, change in D = 2.698097e-01.
  Coordinate descent sweep 3. norm of D = 6.626478e-01, change in D = 2.004424e-01.
    Line search step size chosen: 1.000000e+00.
  Objective value decreased by 2.486534e-03.
Newton iteration 9.
  Active set size = 13455.
  sub-gradient = 1.573875e-01, l1-norm of X = 1.468776e+02.
  Coordinate descent sweep 1. norm of D = 1.623436e-01, change in D = 1.623436e-01.
  Coordinate descent sweep 2. norm of D = 2.489348e-01, change in D = 1.249044e-01.
  Coordinate descent sweep 3. norm of D = 3.118334e-01, change in D = 8.810659e-02.
  Coordinate descent sweep 4. norm of D = 3.561022e-01, change in D = 6.844618e-02.
    Line search step size chosen: 1.000000e+00.
  Objective value decreased by 1.048409e-03.
Newton iteration 10.
  Active set size = 13455.
  sub-gradient = 6.260487e-02, l1-norm of X = 1.469228e+02.
  Coordinate descent sweep 1. norm of D = 6.569145e-02, change in D = 6.569145e-02.
  Coordinate descent sweep 2. norm of D = 9.086261e-02, change in D = 4.315333e-02.
  Coordinate descent sweep 3. norm of D = 1.141914e-01, change in D = 3.752697e-02.
  Coordinate descent sweep 4. norm of D = 1.357820e-01, change in D = 3.013740e-02.
    Line search step size chosen: 1.000000e+00.
  Objective value decreased by 2.554313e-04.
Newton iteration 11.
  Active set size = 13455.
  sub-gradient = 2.465274e-02, l1-norm of X = 1.469392e+02.
  Coordinate descent sweep 1. norm of D = 2.313973e-02, change in D = 2.313973e-02.
  Coordinate descent sweep 2. norm of D = 3.734658e-02, change in D = 2.462105e-02.
  Coordinate descent sweep 3. norm of D = 4.702635e-02, change in D = 1.696533e-02.
  Coordinate descent sweep 4. norm of D = 5.980437e-02, change in D = 1.585517e-02.
    Line search step size chosen: 1.000000e+00.
  Objective value decreased by 7.096541e-05.
Newton iteration 12.
  Active set size = 13455.
  sub-gradient = 1.188348e-02, l1-norm of X = 1.469454e+02.
  Coordinate descent sweep 1. norm of D = 1.116270e-02, change in D = 1.116270e-02.
  Coordinate descent sweep 2. norm of D = 1.676143e-02, change in D = 1.030689e-02.
  Coordinate descent sweep 3. norm of D = 2.332655e-02, change in D = 9.642079e-03.
  Coordinate descent sweep 4. norm of D = 2.853157e-02, change in D = 7.054867e-03.
  Coordinate descent sweep 5. norm of D = 3.289226e-02, change in D = 6.745277e-03.
    Line search step size chosen: 1.000000e+00.
  Objective value decreased by 2.087912e-05.
QUIC CPU time: 3627.460 seconds
