[1] "/work-zfs/abattle4/prashanthi/recount3/data/ipscs/all/weighted_covariances/cov_14.rds"
[1] "Data read complete"
Running QUIC version 1.1 in 'default' mode.
Newton iteration 1.
  X is a diagonal matrix.
    Line search step size chosen: 1.000000e+00.
  Objective value decreased by 2.368584e-02.
Newton iteration 2.
  Active set size = 9114.
  sub-gradient = 5.029547e-02, l1-norm of X = 5.520919e-01.
  Coordinate descent sweep 1. norm of D = 4.723137e-02, change in D = 4.723137e-02.
    Line search step size chosen: 1.000000e+00.
  Objective value decreased by 1.865352e-04.
Newton iteration 3.
  Active set size = 9114.
  sub-gradient = 2.053216e-03, l1-norm of X = 5.522987e-01.
  Coordinate descent sweep 1. norm of D = 2.385215e-03, change in D = 2.385215e-03.
  Coordinate descent sweep 2. norm of D = 2.766884e-03, change in D = 3.833161e-04.
    Line search step size chosen: 1.000000e+00.
  Objective value decreased by 1.576178e-06.
Newton iteration 4.
  Active set size = 9114.
  sub-gradient = 3.231987e-05, l1-norm of X = 5.552748e-01.
  Coordinate descent sweep 1. norm of D = 3.249077e-05, change in D = 3.249077e-05.
  Coordinate descent sweep 2. norm of D = 4.139699e-05, change in D = 9.000608e-06.
    Line search step size chosen: 1.000000e+00.
  Objective value decreased by 3.947207e-10.
QUIC CPU time: 1263.280 seconds
