[1] "/work-zfs/abattle4/prashanthi/recount3/data/ipscs/all/weighted_covariances/cov_14.rds"
[1] "Data read complete"
Running QUIC version 1.1 in 'default' mode.
Newton iteration 1.
  X is a diagonal matrix.
    Line search step size chosen: 1.000000e+00.
  Objective value decreased by 6.430661e-03.
Newton iteration 2.
  Active set size = 9109.
  sub-gradient = 1.327604e-02, l1-norm of X = 2.106099e-01.
  Coordinate descent sweep 1. norm of D = 1.317216e-02, change in D = 1.317216e-02.
    Line search step size chosen: 1.000000e+00.
  Objective value decreased by 1.988172e-05.
Newton iteration 3.
  Active set size = 9109.
  sub-gradient = 1.047210e-04, l1-norm of X = 2.111901e-01.
  Coordinate descent sweep 1. norm of D = 1.078248e-04, change in D = 1.078248e-04.
  Coordinate descent sweep 2. norm of D = 1.090221e-04, change in D = 1.197300e-06.
    Line search step size chosen: 1.000000e+00.
  Objective value decreased by 1.356966e-09.
Newton iteration 4.
  Active set size = 9109.
  sub-gradient = 2.538114e-08, l1-norm of X = 2.112063e-01.
  Coordinate descent sweep 1. norm of D = 2.673424e-08, change in D = 2.673424e-08.
  Coordinate descent sweep 2. norm of D = 2.902099e-08, change in D = 2.286800e-09.
    Line search step size chosen: 1.000000e+00.
  Objective value decreased by 1.818989e-12.
QUIC CPU time: 1264.070 seconds
