[1] "/work-zfs/abattle4/prashanthi/recount3/data/ipscs/all/weighted_covariances/cov_14.rds"
[1] "Data read complete"
Running QUIC version 1.1 in 'default' mode.
Newton iteration 1.
  X is a diagonal matrix.
    Line search step size chosen: 1.000000e+00.
  Objective value decreased by 5.212218e-04.
Newton iteration 2.
  Active set size = 9108.
  sub-gradient = 1.051824e-03, l1-norm of X = 5.567906e-02.
  Coordinate descent sweep 1. norm of D = 1.044123e-03, change in D = 1.044123e-03.
    Line search step size chosen: 1.000000e+00.
  Objective value decreased by 1.567696e-07.
Newton iteration 3.
  Active set size = 9108.
  sub-gradient = 7.162950e-06, l1-norm of X = 5.568256e-02.
  Coordinate descent sweep 1. norm of D = 7.163227e-06, change in D = 7.163227e-06.
  Coordinate descent sweep 2. norm of D = 7.699765e-06, change in D = 5.365385e-07.
    Line search step size chosen: 1.000000e+00.
  Objective value decreased by 4.729372e-11.
Newton iteration 4.
  Active set size = 9108.
  sub-gradient = 7.972131e-10, l1-norm of X = 5.569474e-02.
  Coordinate descent sweep 1. norm of D = 8.115740e-10, change in D = 8.115740e-10.
  Coordinate descent sweep 2. norm of D = 8.131365e-10, change in D = 1.562683e-12.
    Line search step size chosen: 1.000000e+00.
  Objective value decreased by 0.000000e+00.
QUIC CPU time: 1273.220 seconds
