[1] "/data/abattle4/prashanthi/recount3/data/blood/all/weighted_covariances/cov_64.rds"
[1] "Data read complete"
Running QUIC version 1.1 in 'default' mode.
Newton iteration 1.
  X is a diagonal matrix.
    Line search step size 1.000000e+00.  Lack of positive definiteness.
    Line search step size 5.000000e-01.  Lack of positive definiteness.
    Line search step size 2.500000e-01.  Lack of positive definiteness.
    Line search step size 1.250000e-01.  Lack of positive definiteness.
    Line search step size chosen: 6.250000e-02.
  Objective value decreased by 7.408563e+01.
Newton iteration 2.
  Active set size = 82052.
  sub-gradient = 3.665575e+03, l1-norm of X = 7.458071e+01.
  Coordinate descent sweep 1. norm of D = 2.511306e+03, change in D = 2.511306e+03.
    Line search step size 1.000000e+00.  Lack of positive definiteness.
    Line search step size 5.000000e-01.  Lack of positive definiteness.
    Line search step size 2.500000e-01.  Lack of positive definiteness.
    Line search step size chosen: 1.250000e-01.
  Objective value decreased by 5.956579e+01.
Newton iteration 3.
  Active set size = 82154.
  sub-gradient = 2.791561e+03, l1-norm of X = 1.577419e+02.
  Coordinate descent sweep 1. norm of D = 1.498054e+03, change in D = 1.498054e+03.
  Coordinate descent sweep 2. norm of D = 1.414372e+03, change in D = 3.557545e+02.
    Line search step size 1.000000e+00.  Lack of positive definiteness.
    Line search step size chosen: 5.000000e-01.
  Objective value decreased by 6.981196e+01.
Newton iteration 4.
  Active set size = 155187.
  sub-gradient = 1.331557e+04, l1-norm of X = 3.036734e+02.
  Coordinate descent sweep 1. norm of D = 5.304164e+02, change in D = 5.304164e+02.
  Coordinate descent sweep 2. norm of D = 6.214872e+02, change in D = 2.003743e+02.
    Line search step size chosen: 1.000000e+00.
  Objective value decreased by 2.477539e+01.
Newton iteration 5.
  Active set size = 80448.
  sub-gradient = 3.167714e+03, l1-norm of X = 3.620576e+02.
  Coordinate descent sweep 1. norm of D = 1.621185e+02, change in D = 1.621185e+02.
  Coordinate descent sweep 2. norm of D = 2.055389e+02, change in D = 9.814855e+01.
    Line search step size chosen: 1.000000e+00.
  Objective value decreased by 5.678494e+00.
Newton iteration 6.
  Active set size = 57247.
  sub-gradient = 8.141389e+02, l1-norm of X = 3.739838e+02.
  Coordinate descent sweep 1. norm of D = 8.306735e+01, change in D = 8.306735e+01.
  Coordinate descent sweep 2. norm of D = 1.029494e+02, change in D = 5.686315e+01.
  Coordinate descent sweep 3. norm of D = 1.166966e+02, change in D = 3.892050e+01.
    Line search step size chosen: 1.000000e+00.
  Objective value decreased by 2.919597e+00.
Newton iteration 7.
  Active set size = 50529.
  sub-gradient = 2.375076e+02, l1-norm of X = 3.800439e+02.
  Coordinate descent sweep 1. norm of D = 3.717122e+01, change in D = 3.717122e+01.
  Coordinate descent sweep 2. norm of D = 4.498633e+01, change in D = 2.832837e+01.
  Coordinate descent sweep 3. norm of D = 5.157134e+01, change in D = 2.056481e+01.
    Line search step size chosen: 1.000000e+00.
  Objective value decreased by 9.084977e-01.
Newton iteration 8.
  Active set size = 49037.
  sub-gradient = 6.134082e+01, l1-norm of X = 3.822303e+02.
  Coordinate descent sweep 1. norm of D = 1.903866e+01, change in D = 1.903866e+01.
  Coordinate descent sweep 2. norm of D = 2.395349e+01, change in D = 1.526071e+01.
  Coordinate descent sweep 3. norm of D = 2.775397e+01, change in D = 1.138446e+01.
    Line search step size chosen: 1.000000e+00.
  Objective value decreased by 3.525798e-01.
Newton iteration 9.
  Active set size = 48795.
  sub-gradient = 1.483327e+01, l1-norm of X = 3.832674e+02.
  Coordinate descent sweep 1. norm of D = 9.621980e+00, change in D = 9.621980e+00.
  Coordinate descent sweep 2. norm of D = 1.298059e+01, change in D = 8.015335e+00.
  Coordinate descent sweep 3. norm of D = 1.509267e+01, change in D = 6.431285e+00.
  Coordinate descent sweep 4. norm of D = 1.698363e+01, change in D = 5.490986e+00.
    Line search step size chosen: 1.000000e+00.
  Objective value decreased by 1.886834e-01.
Newton iteration 10.
  Active set size = 48769.
  sub-gradient = 4.827428e+00, l1-norm of X = 3.840308e+02.
  Coordinate descent sweep 1. norm of D = 4.830556e+00, change in D = 4.830556e+00.
  Coordinate descent sweep 2. norm of D = 6.436522e+00, change in D = 4.132478e+00.
  Coordinate descent sweep 3. norm of D = 7.720017e+00, change in D = 3.746188e+00.
  Coordinate descent sweep 4. norm of D = 8.715678e+00, change in D = 3.168318e+00.
    Line search step size chosen: 1.000000e+00.
  Objective value decreased by 7.230445e-02.
Newton iteration 11.
  Active set size = 48745.
  sub-gradient = 3.698010e+00, l1-norm of X = 3.843894e+02.
  Coordinate descent sweep 1. norm of D = 2.969251e+00, change in D = 2.969251e+00.
  Coordinate descent sweep 2. norm of D = 3.898287e+00, change in D = 2.539684e+00.
  Coordinate descent sweep 3. norm of D = 4.761285e+00, change in D = 2.330144e+00.
  Coordinate descent sweep 4. norm of D = 5.371078e+00, change in D = 1.965616e+00.
    Line search step size chosen: 1.000000e+00.
  Objective value decreased by 3.775236e-02.
Newton iteration 12.
  Active set size = 48725.
  sub-gradient = 2.671437e+00, l1-norm of X = 3.846214e+02.
  Coordinate descent sweep 1. norm of D = 1.909514e+00, change in D = 1.909514e+00.
  Coordinate descent sweep 2. norm of D = 2.595331e+00, change in D = 1.635734e+00.
  Coordinate descent sweep 3. norm of D = 3.094783e+00, change in D = 1.547306e+00.
  Coordinate descent sweep 4. norm of D = 3.480153e+00, change in D = 1.381879e+00.
  Coordinate descent sweep 5. norm of D = 3.849795e+00, change in D = 1.231577e+00.
    Line search step size chosen: 1.000000e+00.
  Objective value decreased by 2.267111e-02.
Newton iteration 13.
  Active set size = 48717.
  sub-gradient = 1.126003e+00, l1-norm of X = 3.847771e+02.
  Coordinate descent sweep 1. norm of D = 1.164563e+00, change in D = 1.164563e+00.
  Coordinate descent sweep 2. norm of D = 1.564760e+00, change in D = 1.021123e+00.
  Coordinate descent sweep 3. norm of D = 1.950781e+00, change in D = 9.870588e-01.
  Coordinate descent sweep 4. norm of D = 2.222855e+00, change in D = 8.558178e-01.
  Coordinate descent sweep 5. norm of D = 2.452120e+00, change in D = 7.728200e-01.
    Line search step size chosen: 1.000000e+00.
  Objective value decreased by 1.179930e-02.
Newton iteration 14.
  Active set size = 48726.
  sub-gradient = 1.018027e+00, l1-norm of X = 3.848817e+02.
  Coordinate descent sweep 1. norm of D = 7.699166e-01, change in D = 7.699166e-01.
  Coordinate descent sweep 2. norm of D = 1.061392e+00, change in D = 7.143029e-01.
  Coordinate descent sweep 3. norm of D = 1.321353e+00, change in D = 6.814450e-01.
  Coordinate descent sweep 4. norm of D = 1.522780e+00, change in D = 6.088165e-01.
  Coordinate descent sweep 5. norm of D = 1.636743e+00, change in D = 5.680427e-01.
    Line search step size chosen: 1.000000e+00.
  Objective value decreased by 6.924268e-03.
Newton iteration 15.
  Active set size = 48719.
  sub-gradient = 8.053489e-01, l1-norm of X = 3.849526e+02.
  Coordinate descent sweep 1. norm of D = 5.471656e-01, change in D = 5.471656e-01.
  Coordinate descent sweep 2. norm of D = 7.496570e-01, change in D = 4.919115e-01.
  Coordinate descent sweep 3. norm of D = 9.016688e-01, change in D = 4.558501e-01.
  Coordinate descent sweep 4. norm of D = 1.040552e+00, change in D = 4.229958e-01.
  Coordinate descent sweep 5. norm of D = 1.165960e+00, change in D = 4.074739e-01.
  Coordinate descent sweep 6. norm of D = 1.262404e+00, change in D = 3.818729e-01.
    Line search step size chosen: 1.000000e+00.
  Objective value decreased by 4.255579e-03.
Newton iteration 16.
  Active set size = 48711.
  sub-gradient = 3.470404e-01, l1-norm of X = 3.850036e+02.
  Coordinate descent sweep 1. norm of D = 3.547361e-01, change in D = 3.547361e-01.
  Coordinate descent sweep 2. norm of D = 4.921077e-01, change in D = 3.257590e-01.
  Coordinate descent sweep 3. norm of D = 6.086559e-01, change in D = 3.255618e-01.
  Coordinate descent sweep 4. norm of D = 7.017187e-01, change in D = 3.005177e-01.
  Coordinate descent sweep 5. norm of D = 7.854904e-01, change in D = 2.825128e-01.
  Coordinate descent sweep 6. norm of D = 8.534904e-01, change in D = 2.420578e-01.
    Line search step size chosen: 1.000000e+00.
  Objective value decreased by 2.251569e-03.
Newton iteration 17.
  Active set size = 48705.
  sub-gradient = 2.191311e-01, l1-norm of X = 3.850394e+02.
  Coordinate descent sweep 1. norm of D = 2.375271e-01, change in D = 2.375271e-01.
  Coordinate descent sweep 2. norm of D = 3.377078e-01, change in D = 2.315407e-01.
  Coordinate descent sweep 3. norm of D = 3.976570e-01, change in D = 2.157906e-01.
  Coordinate descent sweep 4. norm of D = 4.550173e-01, change in D = 1.964132e-01.
  Coordinate descent sweep 5. norm of D = 5.321568e-01, change in D = 2.130379e-01.
  Coordinate descent sweep 6. norm of D = 5.793671e-01, change in D = 1.776244e-01.
    Line search step size chosen: 1.000000e+00.
  Objective value decreased by 1.378374e-03.
Newton iteration 18.
  Active set size = 48706.
  sub-gradient = 2.097408e-01, l1-norm of X = 3.850601e+02.
  Coordinate descent sweep 1. norm of D = 1.878812e-01, change in D = 1.878812e-01.
  Coordinate descent sweep 2. norm of D = 2.679820e-01, change in D = 1.761718e-01.
  Coordinate descent sweep 3. norm of D = 3.155797e-01, change in D = 1.578412e-01.
  Coordinate descent sweep 4. norm of D = 3.692555e-01, change in D = 1.557332e-01.
  Coordinate descent sweep 5. norm of D = 3.947076e-01, change in D = 1.413087e-01.
  Coordinate descent sweep 6. norm of D = 4.457059e-01, change in D = 1.443661e-01.
  Coordinate descent sweep 7. norm of D = 4.848396e-01, change in D = 1.406710e-01.
    Line search step size chosen: 1.000000e+00.
  Objective value decreased by 9.411155e-04.
Newton iteration 19.
  Active set size = 48705.
  sub-gradient = 1.238678e-01, l1-norm of X = 3.850806e+02.
  Coordinate descent sweep 1. norm of D = 1.303005e-01, change in D = 1.303005e-01.
  Coordinate descent sweep 2. norm of D = 1.821140e-01, change in D = 1.114359e-01.
  Coordinate descent sweep 3. norm of D = 2.316449e-01, change in D = 1.173500e-01.
  Coordinate descent sweep 4. norm of D = 2.567539e-01, change in D = 1.069864e-01.
  Coordinate descent sweep 5. norm of D = 2.873992e-01, change in D = 1.030006e-01.
  Coordinate descent sweep 6. norm of D = 3.044332e-01, change in D = 8.874735e-02.
  Coordinate descent sweep 7. norm of D = 3.338517e-01, change in D = 9.636304e-02.
    Line search step size chosen: 1.000000e+00.
  Objective value decreased by 5.726572e-04.
Newton iteration 20.
  Active set size = 48706.
  sub-gradient = 7.097820e-02, l1-norm of X = 3.850945e+02.
  Coordinate descent sweep 1. norm of D = 8.599910e-02, change in D = 8.599910e-02.
  Coordinate descent sweep 2. norm of D = 1.333374e-01, change in D = 9.415842e-02.
  Coordinate descent sweep 3. norm of D = 1.598605e-01, change in D = 8.411439e-02.
  Coordinate descent sweep 4. norm of D = 1.773598e-01, change in D = 7.496521e-02.
  Coordinate descent sweep 5. norm of D = 1.965756e-01, change in D = 7.030761e-02.
  Coordinate descent sweep 6. norm of D = 2.139014e-01, change in D = 7.039066e-02.
  Coordinate descent sweep 7. norm of D = 2.342928e-01, change in D = 6.631555e-02.
    Line search step size chosen: 1.000000e+00.
  Objective value decreased by 3.340663e-04.
Newton iteration 21.
  Active set size = 48704.
  sub-gradient = 7.888786e-02, l1-norm of X = 3.851041e+02.
  Coordinate descent sweep 1. norm of D = 6.741932e-02, change in D = 6.741932e-02.
  Coordinate descent sweep 2. norm of D = 9.686242e-02, change in D = 6.929282e-02.
  Coordinate descent sweep 3. norm of D = 1.218205e-01, change in D = 6.789630e-02.
  Coordinate descent sweep 4. norm of D = 1.377557e-01, change in D = 6.015271e-02.
  Coordinate descent sweep 5. norm of D = 1.558960e-01, change in D = 5.427138e-02.
  Coordinate descent sweep 6. norm of D = 1.676584e-01, change in D = 5.191001e-02.
  Coordinate descent sweep 7. norm of D = 1.792635e-01, change in D = 4.991688e-02.
  Coordinate descent sweep 8. norm of D = 1.920717e-01, change in D = 4.894162e-02.
    Line search step size chosen: 1.000000e+00.
  Objective value decreased by 2.231568e-04.
Newton iteration 22.
  Active set size = 48704.
  sub-gradient = 4.589522e-02, l1-norm of X = 3.851124e+02.
  Coordinate descent sweep 1. norm of D = 4.642285e-02, change in D = 4.642285e-02.
  Coordinate descent sweep 2. norm of D = 6.683800e-02, change in D = 4.396312e-02.
  Coordinate descent sweep 3. norm of D = 8.146770e-02, change in D = 4.500367e-02.
  Coordinate descent sweep 4. norm of D = 9.757774e-02, change in D = 4.435878e-02.
  Coordinate descent sweep 5. norm of D = 1.066755e-01, change in D = 3.840566e-02.
  Coordinate descent sweep 6. norm of D = 1.184268e-01, change in D = 3.920407e-02.
  Coordinate descent sweep 7. norm of D = 1.291921e-01, change in D = 3.980102e-02.
  Coordinate descent sweep 8. norm of D = 1.361792e-01, change in D = 3.599037e-02.
    Line search step size chosen: 1.000000e+00.
  Objective value decreased by 1.344107e-04.
Newton iteration 23.
  Active set size = 48704.
  sub-gradient = 2.867810e-02, l1-norm of X = 3.851175e+02.
  Coordinate descent sweep 1. norm of D = 3.139452e-02, change in D = 3.139452e-02.
  Coordinate descent sweep 2. norm of D = 5.015003e-02, change in D = 3.366059e-02.
  Coordinate descent sweep 3. norm of D = 6.161107e-02, change in D = 3.237960e-02.
  Coordinate descent sweep 4. norm of D = 7.123631e-02, change in D = 2.891351e-02.
  Coordinate descent sweep 5. norm of D = 8.084014e-02, change in D = 2.891988e-02.
  Coordinate descent sweep 6. norm of D = 8.720649e-02, change in D = 2.903997e-02.
  Coordinate descent sweep 7. norm of D = 9.100375e-02, change in D = 2.698580e-02.
  Coordinate descent sweep 8. norm of D = 9.691147e-02, change in D = 2.368957e-02.
    Line search step size chosen: 1.000000e+00.
  Objective value decreased by 7.172374e-05.
QUIC CPU time: 10366.333 seconds
