[1] "/data/abattle4/prashanthi/recount3/data/blood/all/weighted_covariances/cov_64.rds"
[1] "Data read complete"
Running QUIC version 1.1 in 'default' mode.
Newton iteration 1.
  X is a diagonal matrix.
    Line search step size 1.000000e+00.  Lack of positive definiteness.
    Line search step size 5.000000e-01.  Lack of positive definiteness.
    Line search step size 2.500000e-01.  Lack of positive definiteness.
    Line search step size 1.250000e-01.  Lack of positive definiteness.
    Line search step size chosen: 6.250000e-02.
  Objective value decreased by 1.864046e+01.
Newton iteration 2.
  Active set size = 17131.
  sub-gradient = 7.577936e+02, l1-norm of X = 2.704320e+01.
  Coordinate descent sweep 1. norm of D = 5.548624e+02, change in D = 5.548624e+02.
    Line search step size 1.000000e+00.  Lack of positive definiteness.
    Line search step size 5.000000e-01.  Lack of positive definiteness.
    Line search step size 2.500000e-01.  Lack of positive definiteness.
    Line search step size chosen: 1.250000e-01.
  Objective value decreased by 1.921539e+01.
Newton iteration 3.
  Active set size = 17131.
  sub-gradient = 5.873213e+02, l1-norm of X = 6.125380e+01.
  Coordinate descent sweep 1. norm of D = 3.457196e+02, change in D = 3.457196e+02.
  Coordinate descent sweep 2. norm of D = 3.276996e+02, change in D = 8.684224e+01.
    Line search step size 1.000000e+00.  Lack of positive definiteness.
    Line search step size chosen: 5.000000e-01.
  Objective value decreased by 2.383457e+01.
Newton iteration 4.
  Active set size = 17131.
  sub-gradient = 2.589288e+02, l1-norm of X = 1.253790e+02.
  Coordinate descent sweep 1. norm of D = 1.383410e+02, change in D = 1.383410e+02.
  Coordinate descent sweep 2. norm of D = 1.652259e+02, change in D = 4.831937e+01.
    Line search step size chosen: 1.000000e+00.
  Objective value decreased by 7.909700e+00.
Newton iteration 5.
  Active set size = 14247.
  sub-gradient = 4.473293e+01, l1-norm of X = 1.595176e+02.
  Coordinate descent sweep 1. norm of D = 3.651105e+01, change in D = 3.651105e+01.
  Coordinate descent sweep 2. norm of D = 4.834164e+01, change in D = 2.100997e+01.
    Line search step size chosen: 1.000000e+00.
  Objective value decreased by 1.174815e+00.
Newton iteration 6.
  Active set size = 14049.
  sub-gradient = 1.589786e+01, l1-norm of X = 1.647341e+02.
  Coordinate descent sweep 1. norm of D = 1.482598e+01, change in D = 1.482598e+01.
  Coordinate descent sweep 2. norm of D = 1.978082e+01, change in D = 9.564320e+00.
  Coordinate descent sweep 3. norm of D = 2.302707e+01, change in D = 6.487763e+00.
    Line search step size chosen: 1.000000e+00.
  Objective value decreased by 3.775782e-01.
Newton iteration 7.
  Active set size = 13948.
  sub-gradient = 5.920391e+00, l1-norm of X = 1.670468e+02.
  Coordinate descent sweep 1. norm of D = 4.981006e+00, change in D = 4.981006e+00.
  Coordinate descent sweep 2. norm of D = 6.820687e+00, change in D = 3.800298e+00.
  Coordinate descent sweep 3. norm of D = 8.133148e+00, change in D = 2.953098e+00.
    Line search step size chosen: 1.000000e+00.
  Objective value decreased by 8.094426e-02.
Newton iteration 8.
  Active set size = 13921.
  sub-gradient = 2.573060e+00, l1-norm of X = 1.678285e+02.
  Coordinate descent sweep 1. norm of D = 2.412214e+00, change in D = 2.412214e+00.
  Coordinate descent sweep 2. norm of D = 3.280711e+00, change in D = 1.842796e+00.
  Coordinate descent sweep 3. norm of D = 3.986018e+00, change in D = 1.462165e+00.
    Line search step size chosen: 1.000000e+00.
  Objective value decreased by 2.882669e-02.
Newton iteration 9.
  Active set size = 13908.
  sub-gradient = 1.194002e+00, l1-norm of X = 1.681741e+02.
  Coordinate descent sweep 1. norm of D = 1.235524e+00, change in D = 1.235524e+00.
  Coordinate descent sweep 2. norm of D = 1.724393e+00, change in D = 9.906220e-01.
  Coordinate descent sweep 3. norm of D = 2.091116e+00, change in D = 7.903478e-01.
  Coordinate descent sweep 4. norm of D = 2.342834e+00, change in D = 6.277091e-01.
    Line search step size chosen: 1.000000e+00.
  Objective value decreased by 1.148303e-02.
Newton iteration 10.
  Active set size = 13909.
  sub-gradient = 5.630550e-01, l1-norm of X = 1.683824e+02.
  Coordinate descent sweep 1. norm of D = 5.307720e-01, change in D = 5.307720e-01.
  Coordinate descent sweep 2. norm of D = 7.572520e-01, change in D = 4.412493e-01.
  Coordinate descent sweep 3. norm of D = 9.248656e-01, change in D = 3.830290e-01.
  Coordinate descent sweep 4. norm of D = 1.038512e+00, change in D = 3.196403e-01.
    Line search step size chosen: 1.000000e+00.
  Objective value decreased by 3.178951e-03.
Newton iteration 11.
  Active set size = 13904.
  sub-gradient = 2.239980e-01, l1-norm of X = 1.684645e+02.
  Coordinate descent sweep 1. norm of D = 2.695806e-01, change in D = 2.695806e-01.
  Coordinate descent sweep 2. norm of D = 3.806642e-01, change in D = 2.367047e-01.
  Coordinate descent sweep 3. norm of D = 4.613519e-01, change in D = 1.985495e-01.
  Coordinate descent sweep 4. norm of D = 5.356932e-01, change in D = 1.743229e-01.
    Line search step size chosen: 1.000000e+00.
  Objective value decreased by 1.111377e-03.
Newton iteration 12.
  Active set size = 13902.
  sub-gradient = 1.664344e-01, l1-norm of X = 1.685101e+02.
  Coordinate descent sweep 1. norm of D = 1.555419e-01, change in D = 1.555419e-01.
  Coordinate descent sweep 2. norm of D = 2.154717e-01, change in D = 1.264624e-01.
  Coordinate descent sweep 3. norm of D = 2.696919e-01, change in D = 1.153221e-01.
  Coordinate descent sweep 4. norm of D = 3.116093e-01, change in D = 1.002566e-01.
  Coordinate descent sweep 5. norm of D = 3.412044e-01, change in D = 8.240918e-02.
    Line search step size chosen: 1.000000e+00.
  Objective value decreased by 4.612354e-04.
Newton iteration 13.
  Active set size = 13903.
  sub-gradient = 8.591164e-02, l1-norm of X = 1.685367e+02.
  Coordinate descent sweep 1. norm of D = 7.441102e-02, change in D = 7.441102e-02.
  Coordinate descent sweep 2. norm of D = 1.047594e-01, change in D = 6.172265e-02.
  Coordinate descent sweep 3. norm of D = 1.218944e-01, change in D = 5.581089e-02.
  Coordinate descent sweep 4. norm of D = 1.401502e-01, change in D = 4.800123e-02.
  Coordinate descent sweep 5. norm of D = 1.542266e-01, change in D = 4.073804e-02.
    Line search step size chosen: 1.000000e+00.
  Objective value decreased by 1.189829e-04.
Newton iteration 14.
  Active set size = 13903.
  sub-gradient = 3.323480e-02, l1-norm of X = 1.685495e+02.
  Coordinate descent sweep 1. norm of D = 3.815022e-02, change in D = 3.815022e-02.
  Coordinate descent sweep 2. norm of D = 5.306901e-02, change in D = 3.155234e-02.
  Coordinate descent sweep 3. norm of D = 6.675460e-02, change in D = 2.774560e-02.
  Coordinate descent sweep 4. norm of D = 7.298474e-02, change in D = 2.347698e-02.
  Coordinate descent sweep 5. norm of D = 7.863980e-02, change in D = 2.092019e-02.
    Line search step size chosen: 1.000000e+00.
  Objective value decreased by 4.317836e-05.
Newton iteration 15.
  Active set size = 13903.
  sub-gradient = 1.923754e-02, l1-norm of X = 1.685556e+02.
  Coordinate descent sweep 1. norm of D = 1.935945e-02, change in D = 1.935945e-02.
  Coordinate descent sweep 2. norm of D = 2.834296e-02, change in D = 1.868873e-02.
  Coordinate descent sweep 3. norm of D = 3.438035e-02, change in D = 1.508179e-02.
  Coordinate descent sweep 4. norm of D = 3.992623e-02, change in D = 1.522706e-02.
  Coordinate descent sweep 5. norm of D = 4.484122e-02, change in D = 1.294246e-02.
  Coordinate descent sweep 6. norm of D = 4.778315e-02, change in D = 1.056629e-02.
    Line search step size chosen: 1.000000e+00.
  Objective value decreased by 1.605053e-05.
Newton iteration 16.
  Active set size = 13903.
  sub-gradient = 1.133249e-02, l1-norm of X = 1.685598e+02.
  Coordinate descent sweep 1. norm of D = 9.260201e-03, change in D = 9.260201e-03.
  Coordinate descent sweep 2. norm of D = 1.276811e-02, change in D = 8.175115e-03.
  Coordinate descent sweep 3. norm of D = 1.667421e-02, change in D = 7.629834e-03.
  Coordinate descent sweep 4. norm of D = 1.861146e-02, change in D = 6.272250e-03.
  Coordinate descent sweep 5. norm of D = 2.143294e-02, change in D = 6.182011e-03.
  Coordinate descent sweep 6. norm of D = 2.285274e-02, change in D = 5.160686e-03.
    Line search step size chosen: 1.000000e+00.
  Objective value decreased by 4.681981e-06.
QUIC CPU time: 5233.751 seconds
