[1] "/data/abattle4/prashanthi/recount3/data/blood/all/weighted_covariances/cov_64.rds"
[1] "Data read complete"
Running QUIC version 1.1 in 'default' mode.
Newton iteration 1.
  X is a diagonal matrix.
    Line search step size 1.000000e+00.  Lack of positive definiteness.
    Line search step size 5.000000e-01.  Lack of positive definiteness.
    Line search step size chosen: 2.500000e-01.
  Objective value decreased by 8.004219e+00.
Newton iteration 2.
  Active set size = 9140.
  sub-gradient = 1.661024e+02, l1-norm of X = 2.767209e+01.
  Coordinate descent sweep 1. norm of D = 5.212303e+01, change in D = 5.212303e+01.
    Line search step size chosen: 1.000000e+00.
  Objective value decreased by 3.323394e+00.
Newton iteration 3.
  Active set size = 8954.
  sub-gradient = 1.276566e+02, l1-norm of X = 6.169833e+01.
  Coordinate descent sweep 1. norm of D = 2.183219e+01, change in D = 2.183219e+01.
  Coordinate descent sweep 2. norm of D = 2.184818e+01, change in D = 1.022335e+01.
    Line search step size chosen: 1.000000e+00.
  Objective value decreased by 1.691309e+00.
Newton iteration 4.
  Active set size = 8872.
  sub-gradient = 3.687774e+01, l1-norm of X = 5.997137e+01.
  Coordinate descent sweep 1. norm of D = 1.033218e+01, change in D = 1.033218e+01.
  Coordinate descent sweep 2. norm of D = 1.087813e+01, change in D = 5.405002e+00.
    Line search step size chosen: 1.000000e+00.
  Objective value decreased by 4.342256e-01.
Newton iteration 5.
  Active set size = 8842.
  sub-gradient = 7.922359e+00, l1-norm of X = 5.887330e+01.
  Coordinate descent sweep 1. norm of D = 3.971078e+00, change in D = 3.971078e+00.
  Coordinate descent sweep 2. norm of D = 4.566978e+00, change in D = 2.158384e+00.
    Line search step size chosen: 1.000000e+00.
  Objective value decreased by 6.875536e-02.
Newton iteration 6.
  Active set size = 8828.
  sub-gradient = 1.816288e+00, l1-norm of X = 5.871897e+01.
  Coordinate descent sweep 1. norm of D = 1.337770e+00, change in D = 1.337770e+00.
  Coordinate descent sweep 2. norm of D = 1.648595e+00, change in D = 7.342962e-01.
  Coordinate descent sweep 3. norm of D = 1.870623e+00, change in D = 4.845112e-01.
    Line search step size chosen: 1.000000e+00.
  Objective value decreased by 1.049541e-02.
Newton iteration 7.
  Active set size = 8821.
  sub-gradient = 3.057928e-01, l1-norm of X = 5.878696e+01.
  Coordinate descent sweep 1. norm of D = 2.998066e-01, change in D = 2.998066e-01.
  Coordinate descent sweep 2. norm of D = 4.049830e-01, change in D = 1.826812e-01.
  Coordinate descent sweep 3. norm of D = 4.594935e-01, change in D = 1.129671e-01.
    Line search step size chosen: 1.000000e+00.
  Objective value decreased by 7.761107e-04.
Newton iteration 8.
  Active set size = 8819.
  sub-gradient = 8.877380e-02, l1-norm of X = 5.883692e+01.
  Coordinate descent sweep 1. norm of D = 7.769289e-02, change in D = 7.769289e-02.
  Coordinate descent sweep 2. norm of D = 1.049065e-01, change in D = 5.046576e-02.
  Coordinate descent sweep 3. norm of D = 1.189060e-01, change in D = 3.218328e-02.
    Line search step size chosen: 1.000000e+00.
  Objective value decreased by 6.263317e-05.
Newton iteration 9.
  Active set size = 8818.
  sub-gradient = 2.183185e-02, l1-norm of X = 5.884986e+01.
  Coordinate descent sweep 1. norm of D = 2.233193e-02, change in D = 2.233193e-02.
  Coordinate descent sweep 2. norm of D = 3.117071e-02, change in D = 1.529639e-02.
  Coordinate descent sweep 3. norm of D = 3.567601e-02, change in D = 9.650442e-03.
  Coordinate descent sweep 4. norm of D = 3.956172e-02, change in D = 7.098385e-03.
    Line search step size chosen: 1.000000e+00.
  Objective value decreased by 7.791876e-06.
Newton iteration 10.
  Active set size = 8818.
  sub-gradient = 5.649112e-03, l1-norm of X = 5.885448e+01.
  Coordinate descent sweep 1. norm of D = 4.739699e-03, change in D = 4.739699e-03.
  Coordinate descent sweep 2. norm of D = 6.548178e-03, change in D = 3.351909e-03.
  Coordinate descent sweep 3. norm of D = 7.422527e-03, change in D = 2.467049e-03.
  Coordinate descent sweep 4. norm of D = 8.326974e-03, change in D = 1.807594e-03.
    Line search step size chosen: 1.000000e+00.
  Objective value decreased by 4.804824e-07.
QUIC CPU time: 3490.197 seconds
