[1] "/data/abattle4/prashanthi/recount3/data/blood/all/weighted_covariances/cov_64.rds"
[1] "Data read complete"
Running QUIC version 1.1 in 'default' mode.
Newton iteration 1.
  X is a diagonal matrix.
    Line search step size chosen: 1.000000e+00.
  Objective value decreased by 1.852464e-01.
Newton iteration 2.
  Active set size = 7938.
  sub-gradient = 3.166029e+01, l1-norm of X = 1.261783e+01.
  Coordinate descent sweep 1. norm of D = 2.503910e+00, change in D = 2.503910e+00.
    Line search step size chosen: 1.000000e+00.
  Objective value decreased by 4.983131e-01.
Newton iteration 3.
  Active set size = 7925.
  sub-gradient = 1.127120e+01, l1-norm of X = 1.111389e+01.
  Coordinate descent sweep 1. norm of D = 2.231746e+00, change in D = 2.231746e+00.
  Coordinate descent sweep 2. norm of D = 1.928472e+00, change in D = 9.918111e-01.
    Line search step size chosen: 1.000000e+00.
  Objective value decreased by 2.336117e-01.
Newton iteration 4.
  Active set size = 7921.
  sub-gradient = 3.346141e+00, l1-norm of X = 1.048112e+01.
  Coordinate descent sweep 1. norm of D = 1.117370e+00, change in D = 1.117370e+00.
  Coordinate descent sweep 2. norm of D = 1.016182e+00, change in D = 5.151892e-01.
    Line search step size chosen: 1.000000e+00.
  Objective value decreased by 5.155652e-02.
Newton iteration 5.
  Active set size = 7921.
  sub-gradient = 9.066047e-01, l1-norm of X = 9.951302e+00.
  Coordinate descent sweep 1. norm of D = 5.674757e-01, change in D = 5.674757e-01.
  Coordinate descent sweep 2. norm of D = 5.468595e-01, change in D = 2.185326e-01.
    Line search step size chosen: 1.000000e+00.
  Objective value decreased by 1.401966e-02.
Newton iteration 6.
  Active set size = 7921.
  sub-gradient = 1.326452e-01, l1-norm of X = 9.764600e+00.
  Coordinate descent sweep 1. norm of D = 1.086186e-01, change in D = 1.086186e-01.
  Coordinate descent sweep 2. norm of D = 1.154855e-01, change in D = 2.850385e-02.
  Coordinate descent sweep 3. norm of D = 1.179558e-01, change in D = 7.153203e-03.
    Line search step size chosen: 1.000000e+00.
  Objective value decreased by 3.498863e-04.
Newton iteration 7.
  Active set size = 7920.
  sub-gradient = 3.158676e-03, l1-norm of X = 9.744878e+00.
  Coordinate descent sweep 1. norm of D = 2.809530e-03, change in D = 2.809530e-03.
  Coordinate descent sweep 2. norm of D = 3.308160e-03, change in D = 1.011921e-03.
  Coordinate descent sweep 3. norm of D = 3.423040e-03, change in D = 3.550166e-04.
    Line search step size chosen: 1.000000e+00.
  Objective value decreased by 2.963652e-07.
Newton iteration 8.
  Active set size = 7920.
  sub-gradient = 1.310545e-04, l1-norm of X = 9.745100e+00.
  Coordinate descent sweep 1. norm of D = 1.249371e-04, change in D = 1.249371e-04.
  Coordinate descent sweep 2. norm of D = 1.492567e-04, change in D = 4.723594e-05.
  Coordinate descent sweep 3. norm of D = 1.528571e-04, change in D = 1.582836e-05.
    Line search step size chosen: 1.000000e+00.
  Objective value decreased by 4.702088e-10.
QUIC CPU time: 2801.777 seconds
