[1] "/data/abattle4/prashanthi/recount3/data/blood/all/weighted_covariances/cov_25.rds"
[1] "Data read complete"
Running QUIC version 1.1 in 'default' mode.
Newton iteration 1.
  X is a diagonal matrix.
    Line search step size 1.000000e+00.  Lack of positive definiteness.
    Line search step size 5.000000e-01.  Lack of positive definiteness.
    Line search step size 2.500000e-01.  Lack of positive definiteness.
    Line search step size 1.250000e-01.  Lack of positive definiteness.
    Line search step size chosen: 6.250000e-02.
  Objective value decreased by 6.183768e+01.
Newton iteration 2.
  Active set size = 55594.
  sub-gradient = 2.806114e+03, l1-norm of X = 1.136351e+02.
  Coordinate descent sweep 1. norm of D = 1.557921e+03, change in D = 1.557921e+03.
    Line search step size 1.000000e+00.  Lack of positive definiteness.
    Line search step size 5.000000e-01.  Lack of positive definiteness.
    Line search step size 2.500000e-01.  Lack of positive definiteness.
    Line search step size chosen: 1.250000e-01.
  Objective value decreased by 3.585930e+01.
Newton iteration 3.
  Active set size = 55596.
  sub-gradient = 2.156073e+03, l1-norm of X = 2.047665e+02.
  Coordinate descent sweep 1. norm of D = 9.490113e+02, change in D = 9.490113e+02.
  Coordinate descent sweep 2. norm of D = 9.117218e+02, change in D = 2.340466e+02.
    Line search step size 1.000000e+00.  Lack of positive definiteness.
    Line search step size chosen: 5.000000e-01.
  Objective value decreased by 4.335380e+01.
Newton iteration 4.
  Active set size = 55742.
  sub-gradient = 2.153177e+03, l1-norm of X = 3.641708e+02.
  Coordinate descent sweep 1. norm of D = 3.838538e+02, change in D = 3.838538e+02.
  Coordinate descent sweep 2. norm of D = 4.426856e+02, change in D = 1.326997e+02.
    Line search step size chosen: 1.000000e+00.
  Objective value decreased by 1.635764e+01.
Newton iteration 5.
  Active set size = 33472.
  sub-gradient = 2.762268e+02, l1-norm of X = 4.420947e+02.
  Coordinate descent sweep 1. norm of D = 9.911975e+01, change in D = 9.911975e+01.
  Coordinate descent sweep 2. norm of D = 1.242357e+02, change in D = 5.630480e+01.
    Line search step size chosen: 1.000000e+00.
  Objective value decreased by 2.370558e+00.
Newton iteration 6.
  Active set size = 32260.
  sub-gradient = 6.788360e+01, l1-norm of X = 4.543914e+02.
  Coordinate descent sweep 1. norm of D = 3.961388e+01, change in D = 3.961388e+01.
  Coordinate descent sweep 2. norm of D = 5.057322e+01, change in D = 2.570441e+01.
  Coordinate descent sweep 3. norm of D = 5.689682e+01, change in D = 1.643796e+01.
    Line search step size chosen: 1.000000e+00.
  Objective value decreased by 6.805726e-01.
Newton iteration 7.
  Active set size = 31853.
  sub-gradient = 1.521861e+01, l1-norm of X = 4.589284e+02.
  Coordinate descent sweep 1. norm of D = 1.262296e+01, change in D = 1.262296e+01.
  Coordinate descent sweep 2. norm of D = 1.609707e+01, change in D = 8.777600e+00.
  Coordinate descent sweep 3. norm of D = 1.853362e+01, change in D = 6.384789e+00.
    Line search step size chosen: 1.000000e+00.
  Objective value decreased by 1.127824e-01.
Newton iteration 8.
  Active set size = 31795.
  sub-gradient = 4.888591e+00, l1-norm of X = 4.601465e+02.
  Coordinate descent sweep 1. norm of D = 4.734924e+00, change in D = 4.734924e+00.
  Coordinate descent sweep 2. norm of D = 6.245765e+00, change in D = 3.548993e+00.
  Coordinate descent sweep 3. norm of D = 7.143139e+00, change in D = 2.707783e+00.
    Line search step size chosen: 1.000000e+00.
  Objective value decreased by 2.390087e-02.
Newton iteration 9.
  Active set size = 31734.
  sub-gradient = 2.119995e+00, l1-norm of X = 4.605735e+02.
  Coordinate descent sweep 1. norm of D = 2.030032e+00, change in D = 2.030032e+00.
  Coordinate descent sweep 2. norm of D = 2.690945e+00, change in D = 1.530078e+00.
  Coordinate descent sweep 3. norm of D = 3.128920e+00, change in D = 1.185620e+00.
  Coordinate descent sweep 4. norm of D = 3.442512e+00, change in D = 9.532993e-01.
    Line search step size chosen: 1.000000e+00.
  Objective value decreased by 7.651717e-03.
Newton iteration 10.
  Active set size = 31713.
  sub-gradient = 7.646772e-01, l1-norm of X = 4.607534e+02.
  Coordinate descent sweep 1. norm of D = 7.365380e-01, change in D = 7.365380e-01.
  Coordinate descent sweep 2. norm of D = 9.874845e-01, change in D = 5.852269e-01.
  Coordinate descent sweep 3. norm of D = 1.151380e+00, change in D = 4.558439e-01.
  Coordinate descent sweep 4. norm of D = 1.268965e+00, change in D = 3.861780e-01.
    Line search step size chosen: 1.000000e+00.
  Objective value decreased by 1.776589e-03.
Newton iteration 11.
  Active set size = 31705.
  sub-gradient = 5.293465e-01, l1-norm of X = 4.608262e+02.
  Coordinate descent sweep 1. norm of D = 3.228404e-01, change in D = 3.228404e-01.
  Coordinate descent sweep 2. norm of D = 4.333639e-01, change in D = 2.599136e-01.
  Coordinate descent sweep 3. norm of D = 4.908884e-01, change in D = 2.130792e-01.
  Coordinate descent sweep 4. norm of D = 5.388881e-01, change in D = 1.806636e-01.
    Line search step size chosen: 1.000000e+00.
  Objective value decreased by 5.005366e-04.
Newton iteration 12.
  Active set size = 31704.
  sub-gradient = 1.814650e-01, l1-norm of X = 4.608535e+02.
  Coordinate descent sweep 1. norm of D = 1.546290e-01, change in D = 1.546290e-01.
  Coordinate descent sweep 2. norm of D = 1.985626e-01, change in D = 1.242367e-01.
  Coordinate descent sweep 3. norm of D = 2.317116e-01, change in D = 1.018790e-01.
  Coordinate descent sweep 4. norm of D = 2.596860e-01, change in D = 8.701765e-02.
  Coordinate descent sweep 5. norm of D = 2.826517e-01, change in D = 7.509973e-02.
    Line search step size chosen: 1.000000e+00.
  Objective value decreased by 1.930586e-04.
Newton iteration 13.
  Active set size = 31704.
  sub-gradient = 5.321697e-02, l1-norm of X = 4.608672e+02.
  Coordinate descent sweep 1. norm of D = 6.290813e-02, change in D = 6.290813e-02.
  Coordinate descent sweep 2. norm of D = 8.291597e-02, change in D = 5.459773e-02.
  Coordinate descent sweep 3. norm of D = 9.857024e-02, change in D = 4.525124e-02.
  Coordinate descent sweep 4. norm of D = 1.102010e-01, change in D = 4.081910e-02.
  Coordinate descent sweep 5. norm of D = 1.201140e-01, change in D = 3.288933e-02.
    Line search step size chosen: 1.000000e+00.
  Objective value decreased by 4.598668e-05.
Newton iteration 14.
  Active set size = 31704.
  sub-gradient = 3.069312e-02, l1-norm of X = 4.608730e+02.
  Coordinate descent sweep 1. norm of D = 2.926662e-02, change in D = 2.926662e-02.
  Coordinate descent sweep 2. norm of D = 3.946523e-02, change in D = 2.460457e-02.
  Coordinate descent sweep 3. norm of D = 4.582668e-02, change in D = 2.120856e-02.
  Coordinate descent sweep 4. norm of D = 5.135402e-02, change in D = 1.755550e-02.
  Coordinate descent sweep 5. norm of D = 5.545266e-02, change in D = 1.631009e-02.
    Line search step size chosen: 1.000000e+00.
  Objective value decreased by 1.488217e-05.
QUIC CPU time: 5775.611 seconds
