[1] "/data/abattle4/prashanthi/recount3/data/blood/all/weighted_covariances/cov_25.rds"
[1] "Data read complete"
Running QUIC version 1.1 in 'default' mode.
Newton iteration 1.
  X is a diagonal matrix.
    Line search step size 1.000000e+00.  Lack of positive definiteness.
    Line search step size 5.000000e-01.  Lack of positive definiteness.
    Line search step size 2.500000e-01.  Lack of positive definiteness.
    Line search step size 1.250000e-01.  Lack of positive definiteness.
    Line search step size chosen: 6.250000e-02.
  Objective value decreased by 2.892507e+01.
Newton iteration 2.
  Active set size = 28015.
  sub-gradient = 1.417196e+03, l1-norm of X = 6.387001e+01.
  Coordinate descent sweep 1. norm of D = 8.601487e+02, change in D = 8.601487e+02.
    Line search step size 1.000000e+00.  Lack of positive definiteness.
    Line search step size 5.000000e-01.  Lack of positive definiteness.
    Line search step size 2.500000e-01.  Lack of positive definiteness.
    Line search step size chosen: 1.250000e-01.
  Objective value decreased by 2.260212e+01.
Newton iteration 3.
  Active set size = 28015.
  sub-gradient = 1.029483e+03, l1-norm of X = 1.280650e+02.
  Coordinate descent sweep 1. norm of D = 4.782004e+02, change in D = 4.782004e+02.
  Coordinate descent sweep 2. norm of D = 4.536384e+02, change in D = 1.226623e+02.
    Line search step size 1.000000e+00.  Lack of positive definiteness.
    Line search step size chosen: 5.000000e-01.
  Objective value decreased by 2.351677e+01.
Newton iteration 4.
  Active set size = 28015.
  sub-gradient = 6.333547e+02, l1-norm of X = 2.273415e+02.
  Coordinate descent sweep 1. norm of D = 1.938757e+02, change in D = 1.938757e+02.
  Coordinate descent sweep 2. norm of D = 2.238511e+02, change in D = 6.554010e+01.
    Line search step size chosen: 1.000000e+00.
  Objective value decreased by 7.905442e+00.
Newton iteration 5.
  Active set size = 19518.
  sub-gradient = 6.785371e+01, l1-norm of X = 2.771763e+02.
  Coordinate descent sweep 1. norm of D = 4.621074e+01, change in D = 4.621074e+01.
  Coordinate descent sweep 2. norm of D = 5.810089e+01, change in D = 2.460385e+01.
    Line search step size chosen: 1.000000e+00.
  Objective value decreased by 8.841676e-01.
Newton iteration 6.
  Active set size = 19012.
  sub-gradient = 1.776671e+01, l1-norm of X = 2.839262e+02.
  Coordinate descent sweep 1. norm of D = 1.607404e+01, change in D = 1.607404e+01.
  Coordinate descent sweep 2. norm of D = 2.058980e+01, change in D = 1.002852e+01.
  Coordinate descent sweep 3. norm of D = 2.314013e+01, change in D = 6.291827e+00.
    Line search step size chosen: 1.000000e+00.
  Objective value decreased by 1.845495e-01.
Newton iteration 7.
  Active set size = 18831.
  sub-gradient = 4.648071e+00, l1-norm of X = 2.861989e+02.
  Coordinate descent sweep 1. norm of D = 4.462832e+00, change in D = 4.462832e+00.
  Coordinate descent sweep 2. norm of D = 5.784304e+00, change in D = 3.002467e+00.
  Coordinate descent sweep 3. norm of D = 6.623411e+00, change in D = 2.060410e+00.
    Line search step size chosen: 1.000000e+00.
  Objective value decreased by 2.311885e-02.
Newton iteration 8.
  Active set size = 18792.
  sub-gradient = 1.518195e+00, l1-norm of X = 2.867294e+02.
  Coordinate descent sweep 1. norm of D = 1.403435e+00, change in D = 1.403435e+00.
  Coordinate descent sweep 2. norm of D = 1.827014e+00, change in D = 9.964356e-01.
  Coordinate descent sweep 3. norm of D = 2.103216e+00, change in D = 7.104777e-01.
    Line search step size chosen: 1.000000e+00.
  Objective value decreased by 3.790646e-03.
Newton iteration 9.
  Active set size = 18783.
  sub-gradient = 8.625883e-01, l1-norm of X = 2.868870e+02.
  Coordinate descent sweep 1. norm of D = 5.558136e-01, change in D = 5.558136e-01.
  Coordinate descent sweep 2. norm of D = 7.046717e-01, change in D = 3.985039e-01.
  Coordinate descent sweep 3. norm of D = 8.203194e-01, change in D = 3.025894e-01.
  Coordinate descent sweep 4. norm of D = 9.086467e-01, change in D = 2.284257e-01.
    Line search step size chosen: 1.000000e+00.
  Objective value decreased by 9.698329e-04.
Newton iteration 10.
  Active set size = 18772.
  sub-gradient = 1.929213e-01, l1-norm of X = 2.869541e+02.
  Coordinate descent sweep 1. norm of D = 1.646431e-01, change in D = 1.646431e-01.
  Coordinate descent sweep 2. norm of D = 2.179433e-01, change in D = 1.249140e-01.
  Coordinate descent sweep 3. norm of D = 2.564434e-01, change in D = 1.000405e-01.
  Coordinate descent sweep 4. norm of D = 2.873009e-01, change in D = 7.849993e-02.
    Line search step size chosen: 1.000000e+00.
  Objective value decreased by 1.509168e-04.
Newton iteration 11.
  Active set size = 18769.
  sub-gradient = 5.596008e-02, l1-norm of X = 2.869750e+02.
  Coordinate descent sweep 1. norm of D = 5.872126e-02, change in D = 5.872126e-02.
  Coordinate descent sweep 2. norm of D = 7.913174e-02, change in D = 4.547899e-02.
  Coordinate descent sweep 3. norm of D = 9.152741e-02, change in D = 3.488080e-02.
  Coordinate descent sweep 4. norm of D = 1.005736e-01, change in D = 2.773825e-02.
    Line search step size chosen: 1.000000e+00.
  Objective value decreased by 2.969358e-05.
Newton iteration 12.
  Active set size = 18767.
  sub-gradient = 1.980932e-02, l1-norm of X = 2.869818e+02.
  Coordinate descent sweep 1. norm of D = 2.272098e-02, change in D = 2.272098e-02.
  Coordinate descent sweep 2. norm of D = 3.035188e-02, change in D = 1.770311e-02.
  Coordinate descent sweep 3. norm of D = 3.549067e-02, change in D = 1.425472e-02.
  Coordinate descent sweep 4. norm of D = 3.915130e-02, change in D = 1.086519e-02.
  Coordinate descent sweep 5. norm of D = 4.194713e-02, change in D = 8.634150e-03.
    Line search step size chosen: 1.000000e+00.
  Objective value decreased by 6.276732e-06.
QUIC CPU time: 4415.062 seconds
