[1] "/data/abattle4/prashanthi/recount3/data/blood/all/weighted_covariances/cov_25.rds"
[1] "Data read complete"
Running QUIC version 1.1 in 'default' mode.
Newton iteration 1.
  X is a diagonal matrix.
    Line search step size 1.000000e+00.  Lack of positive definiteness.
    Line search step size 5.000000e-01.  Lack of positive definiteness.
    Line search step size chosen: 2.500000e-01.
  Objective value decreased by 6.550351e+00.
Newton iteration 2.
  Active set size = 10016.
  sub-gradient = 1.313783e+02, l1-norm of X = 3.664756e+01.
  Coordinate descent sweep 1. norm of D = 5.813995e+01, change in D = 5.813995e+01.
    Line search step size chosen: 1.000000e+00.
  Objective value decreased by 1.253382e+00.
Newton iteration 3.
  Active set size = 9692.
  sub-gradient = 2.063899e+02, l1-norm of X = 8.005000e+01.
  Coordinate descent sweep 1. norm of D = 2.102130e+01, change in D = 2.102130e+01.
  Coordinate descent sweep 2. norm of D = 2.028924e+01, change in D = 1.088741e+01.
    Line search step size chosen: 1.000000e+00.
  Objective value decreased by 1.629652e+00.
Newton iteration 4.
  Active set size = 9551.
  sub-gradient = 6.996301e+01, l1-norm of X = 7.594049e+01.
  Coordinate descent sweep 1. norm of D = 1.164484e+01, change in D = 1.164484e+01.
  Coordinate descent sweep 2. norm of D = 1.112158e+01, change in D = 6.623314e+00.
    Line search step size chosen: 1.000000e+00.
  Objective value decreased by 5.411769e-01.
Newton iteration 5.
  Active set size = 9474.
  sub-gradient = 1.822120e+01, l1-norm of X = 7.241290e+01.
  Coordinate descent sweep 1. norm of D = 5.003408e+00, change in D = 5.003408e+00.
  Coordinate descent sweep 2. norm of D = 4.877143e+00, change in D = 2.748062e+00.
    Line search step size chosen: 1.000000e+00.
  Objective value decreased by 9.485475e-02.
Newton iteration 6.
  Active set size = 9451.
  sub-gradient = 3.043616e+00, l1-norm of X = 7.087048e+01.
  Coordinate descent sweep 1. norm of D = 1.487580e+00, change in D = 1.487580e+00.
  Coordinate descent sweep 2. norm of D = 1.561008e+00, change in D = 7.532764e-01.
  Coordinate descent sweep 3. norm of D = 1.633818e+00, change in D = 3.132731e-01.
    Line search step size chosen: 1.000000e+00.
  Objective value decreased by 7.511591e-03.
Newton iteration 7.
  Active set size = 9441.
  sub-gradient = 2.271751e-01, l1-norm of X = 7.056617e+01.
  Coordinate descent sweep 1. norm of D = 1.393613e-01, change in D = 1.393613e-01.
  Coordinate descent sweep 2. norm of D = 1.569476e-01, change in D = 6.719581e-02.
  Coordinate descent sweep 3. norm of D = 1.685212e-01, change in D = 2.919384e-02.
    Line search step size chosen: 1.000000e+00.
  Objective value decreased by 8.536261e-05.
Newton iteration 8.
  Active set size = 9444.
  sub-gradient = 1.872799e-02, l1-norm of X = 7.056020e+01.
  Coordinate descent sweep 1. norm of D = 1.522646e-02, change in D = 1.522646e-02.
  Coordinate descent sweep 2. norm of D = 1.825489e-02, change in D = 7.730034e-03.
  Coordinate descent sweep 3. norm of D = 1.972057e-02, change in D = 3.623010e-03.
    Line search step size chosen: 1.000000e+00.
  Objective value decreased by 2.161394e-06.
Newton iteration 9.
  Active set size = 9444.
  sub-gradient = 1.612791e-03, l1-norm of X = 7.056120e+01.
  Coordinate descent sweep 1. norm of D = 1.677878e-03, change in D = 1.677878e-03.
  Coordinate descent sweep 2. norm of D = 1.958806e-03, change in D = 9.915899e-04.
  Coordinate descent sweep 3. norm of D = 2.204383e-03, change in D = 5.726762e-04.
  Coordinate descent sweep 4. norm of D = 2.349178e-03, change in D = 3.698773e-04.
    Line search step size chosen: 1.000000e+00.
  Objective value decreased by 4.692356e-08.
QUIC CPU time: 2897.597 seconds
