[1] "/data/abattle4/prashanthi/recount3/data/blood/all/weighted_covariances/cov_25.rds"
[1] "Data read complete"
Running QUIC version 1.1 in 'default' mode.
Newton iteration 1.
  X is a diagonal matrix.
    Line search step size 1.000000e+00.  Lack of positive definiteness.
    Line search step size 5.000000e-01.  Lack of positive definiteness.
    Line search step size chosen: 2.500000e-01.
  Objective value decreased by 4.967669e+00.
Newton iteration 2.
  Active set size = 9489.
  sub-gradient = 5.685763e+01, l1-norm of X = 2.798641e+01.
  Coordinate descent sweep 1. norm of D = 4.634088e+01, change in D = 4.634088e+01.
    Line search step size chosen: 1.000000e+00.
  Objective value decreased by 1.244845e+00.
Newton iteration 3.
  Active set size = 9243.
  sub-gradient = 1.006950e+02, l1-norm of X = 6.545547e+01.
  Coordinate descent sweep 1. norm of D = 1.569840e+01, change in D = 1.569840e+01.
  Coordinate descent sweep 2. norm of D = 1.435113e+01, change in D = 7.774030e+00.
    Line search step size chosen: 1.000000e+00.
  Objective value decreased by 1.053034e+00.
Newton iteration 4.
  Active set size = 9161.
  sub-gradient = 3.150132e+01, l1-norm of X = 6.163865e+01.
  Coordinate descent sweep 1. norm of D = 7.780037e+00, change in D = 7.780037e+00.
  Coordinate descent sweep 2. norm of D = 7.139729e+00, change in D = 4.477380e+00.
    Line search step size chosen: 1.000000e+00.
  Objective value decreased by 2.666103e-01.
Newton iteration 5.
  Active set size = 9119.
  sub-gradient = 6.305447e+00, l1-norm of X = 5.884365e+01.
  Coordinate descent sweep 1. norm of D = 2.664952e+00, change in D = 2.664952e+00.
  Coordinate descent sweep 2. norm of D = 2.688225e+00, change in D = 1.279103e+00.
    Line search step size chosen: 1.000000e+00.
  Objective value decreased by 2.703083e-02.
Newton iteration 6.
  Active set size = 9109.
  sub-gradient = 8.211376e-01, l1-norm of X = 5.795850e+01.
  Coordinate descent sweep 1. norm of D = 6.120058e-01, change in D = 6.120058e-01.
  Coordinate descent sweep 2. norm of D = 6.705827e-01, change in D = 2.750415e-01.
  Coordinate descent sweep 3. norm of D = 7.019432e-01, change in D = 1.039160e-01.
    Line search step size chosen: 1.000000e+00.
  Objective value decreased by 1.597180e-03.
Newton iteration 7.
  Active set size = 9109.
  sub-gradient = 4.586723e-02, l1-norm of X = 5.788392e+01.
  Coordinate descent sweep 1. norm of D = 4.405623e-02, change in D = 4.405623e-02.
  Coordinate descent sweep 2. norm of D = 5.316672e-02, change in D = 1.975686e-02.
  Coordinate descent sweep 3. norm of D = 5.630014e-02, change in D = 8.670591e-03.
    Line search step size chosen: 1.000000e+00.
  Objective value decreased by 1.159513e-05.
Newton iteration 8.
  Active set size = 9109.
  sub-gradient = 4.338536e-03, l1-norm of X = 5.788966e+01.
  Coordinate descent sweep 1. norm of D = 4.326875e-03, change in D = 4.326875e-03.
  Coordinate descent sweep 2. norm of D = 5.210700e-03, change in D = 2.082699e-03.
  Coordinate descent sweep 3. norm of D = 5.810189e-03, change in D = 1.109689e-03.
    Line search step size chosen: 1.000000e+00.
  Objective value decreased by 2.080978e-07.
QUIC CPU time: 2846.694 seconds
