[1] "/data/abattle4/prashanthi/recount3/data/blood/all/weighted_covariances/cov_25.rds"
[1] "Data read complete"
Running QUIC version 1.1 in 'default' mode.
Newton iteration 1.
  X is a diagonal matrix.
    Line search step size 1.000000e+00.  Lack of positive definiteness.
    Line search step size chosen: 5.000000e-01.
  Objective value decreased by 1.225567e+00.
Newton iteration 2.
  Active set size = 8158.
  sub-gradient = 8.058134e+00, l1-norm of X = 1.195746e+01.
  Coordinate descent sweep 1. norm of D = 6.402726e+00, change in D = 6.402726e+00.
    Line search step size chosen: 1.000000e+00.
  Objective value decreased by 1.926035e-01.
Newton iteration 3.
  Active set size = 8139.
  sub-gradient = 2.177578e+00, l1-norm of X = 1.631451e+01.
  Coordinate descent sweep 1. norm of D = 1.889300e+00, change in D = 1.889300e+00.
  Coordinate descent sweep 2. norm of D = 2.024696e+00, change in D = 5.551622e-01.
    Line search step size chosen: 1.000000e+00.
  Objective value decreased by 2.141964e-02.
Newton iteration 4.
  Active set size = 8131.
  sub-gradient = 2.430520e-01, l1-norm of X = 1.645950e+01.
  Coordinate descent sweep 1. norm of D = 2.166560e-01, change in D = 2.166560e-01.
  Coordinate descent sweep 2. norm of D = 2.405995e-01, change in D = 8.281929e-02.
    Line search step size chosen: 1.000000e+00.
  Objective value decreased by 5.044752e-04.
Newton iteration 5.
  Active set size = 8129.
  sub-gradient = 5.064325e-02, l1-norm of X = 1.649019e+01.
  Coordinate descent sweep 1. norm of D = 4.519692e-02, change in D = 4.519692e-02.
  Coordinate descent sweep 2. norm of D = 5.141809e-02, change in D = 1.859050e-02.
    Line search step size chosen: 1.000000e+00.
  Objective value decreased by 2.897087e-05.
Newton iteration 6.
  Active set size = 8129.
  sub-gradient = 6.072178e-03, l1-norm of X = 1.650054e+01.
  Coordinate descent sweep 1. norm of D = 5.956616e-03, change in D = 5.956616e-03.
  Coordinate descent sweep 2. norm of D = 6.906841e-03, change in D = 2.355407e-03.
  Coordinate descent sweep 3. norm of D = 7.192536e-03, change in D = 6.643557e-04.
    Line search step size chosen: 1.000000e+00.
  Objective value decreased by 5.227275e-07.
Newton iteration 7.
  Active set size = 8129.
  sub-gradient = 3.251616e-04, l1-norm of X = 1.650134e+01.
  Coordinate descent sweep 1. norm of D = 2.775098e-04, change in D = 2.775098e-04.
  Coordinate descent sweep 2. norm of D = 3.167286e-04, change in D = 1.282869e-04.
  Coordinate descent sweep 3. norm of D = 3.346333e-04, change in D = 4.630482e-05.
    Line search step size chosen: 1.000000e+00.
  Objective value decreased by 1.457011e-09.
QUIC CPU time: 2555.332 seconds
