[1] "/data/abattle4/prashanthi/recount3/data/blood/all/weighted_covariances/cov_25.rds"
[1] "Data read complete"
Running QUIC version 1.1 in 'default' mode.
Newton iteration 1.
  X is a diagonal matrix.
    Line search step size chosen: 1.000000e+00.
  Objective value decreased by 2.338251e-01.
Newton iteration 2.
  Active set size = 7891.
  sub-gradient = 2.695947e+00, l1-norm of X = 5.424530e+00.
  Coordinate descent sweep 1. norm of D = 1.217958e+00, change in D = 1.217958e+00.
    Line search step size chosen: 1.000000e+00.
  Objective value decreased by 4.266799e-02.
Newton iteration 3.
  Active set size = 7888.
  sub-gradient = 3.912450e-01, l1-norm of X = 4.563348e+00.
  Coordinate descent sweep 1. norm of D = 3.930359e-01, change in D = 3.930359e-01.
  Coordinate descent sweep 2. norm of D = 4.379385e-01, change in D = 6.851902e-02.
    Line search step size chosen: 1.000000e+00.
  Objective value decreased by 4.454235e-03.
Newton iteration 4.
  Active set size = 7888.
  sub-gradient = 1.919198e-02, l1-norm of X = 4.527971e+00.
  Coordinate descent sweep 1. norm of D = 1.830306e-02, change in D = 1.830306e-02.
  Coordinate descent sweep 2. norm of D = 1.929904e-02, change in D = 3.861214e-03.
    Line search step size chosen: 1.000000e+00.
  Objective value decreased by 1.749923e-05.
Newton iteration 5.
  Active set size = 7888.
  sub-gradient = 7.450213e-04, l1-norm of X = 4.530866e+00.
  Coordinate descent sweep 1. norm of D = 6.516894e-04, change in D = 6.516894e-04.
  Coordinate descent sweep 2. norm of D = 7.140161e-04, change in D = 2.657576e-04.
    Line search step size chosen: 1.000000e+00.
  Objective value decreased by 3.221521e-08.
Newton iteration 6.
  Active set size = 7888.
  sub-gradient = 6.160986e-05, l1-norm of X = 4.530877e+00.
  Coordinate descent sweep 1. norm of D = 5.697429e-05, change in D = 5.697429e-05.
  Coordinate descent sweep 2. norm of D = 6.246139e-05, change in D = 1.473908e-05.
  Coordinate descent sweep 3. norm of D = 6.511837e-05, change in D = 4.537943e-06.
    Line search step size chosen: 1.000000e+00.
  Objective value decreased by 2.874003e-10.
QUIC CPU time: 2126.413 seconds
