[1] "sra_normal"    "300"           "pooling_first" "0.24"         
[1] "Data read complete"
Running QUIC version 1.1 in 'default' mode.
Newton iteration 1.
  X is a diagonal matrix.
    Line search step size 1.000000e+00.  Lack of positive definiteness.
    Line search step size chosen: 5.000000e-01.
  Objective value decreased by 9.111269e+00.
Newton iteration 2.
  Active set size = 6766.
  sub-gradient = 4.167723e+01, l1-norm of X = 1.840395e+01.
  Coordinate descent sweep 1. norm of D = 3.691945e+01, change in D = 3.691945e+01.
    Line search step size chosen: 1.000000e+00.
  Objective value decreased by 2.483599e+00.
Newton iteration 3.
  Active set size = 6698.
  sub-gradient = 1.487183e+01, l1-norm of X = 2.896737e+01.
  Coordinate descent sweep 1. norm of D = 1.279468e+01, change in D = 1.279468e+01.
  Coordinate descent sweep 2. norm of D = 1.607601e+01, change in D = 4.924835e+00.
    Line search step size chosen: 1.000000e+00.
  Objective value decreased by 5.506344e-01.
Newton iteration 4.
  Active set size = 6667.
  sub-gradient = 2.807508e+00, l1-norm of X = 3.038013e+01.
  Coordinate descent sweep 1. norm of D = 2.942924e+00, change in D = 2.942924e+00.
  Coordinate descent sweep 2. norm of D = 4.075644e+00, change in D = 1.489463e+00.
    Line search step size chosen: 1.000000e+00.
  Objective value decreased by 6.785086e-02.
Newton iteration 5.
  Active set size = 6665.
  sub-gradient = 8.830704e-01, l1-norm of X = 3.088905e+01.
  Coordinate descent sweep 1. norm of D = 9.145868e-01, change in D = 9.145868e-01.
  Coordinate descent sweep 2. norm of D = 1.295183e+00, change in D = 5.432542e-01.
    Line search step size chosen: 1.000000e+00.
  Objective value decreased by 1.406173e-02.
Newton iteration 6.
  Active set size = 6664.
  sub-gradient = 3.763258e-01, l1-norm of X = 3.107020e+01.
  Coordinate descent sweep 1. norm of D = 3.642002e-01, change in D = 3.642002e-01.
  Coordinate descent sweep 2. norm of D = 5.878940e-01, change in D = 2.761130e-01.
  Coordinate descent sweep 3. norm of D = 6.876494e-01, change in D = 1.297270e-01.
    Line search step size chosen: 1.000000e+00.
  Objective value decreased by 5.017410e-03.
Newton iteration 7.
  Active set size = 6664.
  sub-gradient = 1.073386e-01, l1-norm of X = 3.116281e+01.
  Coordinate descent sweep 1. norm of D = 1.137777e-01, change in D = 1.137777e-01.
  Coordinate descent sweep 2. norm of D = 1.683330e-01, change in D = 6.661441e-02.
  Coordinate descent sweep 3. norm of D = 2.076399e-01, change in D = 5.288089e-02.
    Line search step size chosen: 1.000000e+00.
  Objective value decreased by 7.171965e-04.
Newton iteration 8.
  Active set size = 6664.
  sub-gradient = 4.077522e-02, l1-norm of X = 3.119082e+01.
  Coordinate descent sweep 1. norm of D = 4.860716e-02, change in D = 4.860716e-02.
  Coordinate descent sweep 2. norm of D = 7.424580e-02, change in D = 2.999861e-02.
  Coordinate descent sweep 3. norm of D = 9.205058e-02, change in D = 1.931896e-02.
    Line search step size chosen: 1.000000e+00.
  Objective value decreased by 1.847668e-04.
Newton iteration 9.
  Active set size = 6664.
  sub-gradient = 9.325789e-03, l1-norm of X = 3.120310e+01.
  Coordinate descent sweep 1. norm of D = 1.093721e-02, change in D = 1.093721e-02.
  Coordinate descent sweep 2. norm of D = 2.058792e-02, change in D = 1.151687e-02.
  Coordinate descent sweep 3. norm of D = 2.592755e-02, change in D = 5.759182e-03.
  Coordinate descent sweep 4. norm of D = 3.156120e-02, change in D = 5.889916e-03.
    Line search step size chosen: 1.000000e+00.
  Objective value decreased by 2.997667e-05.
Newton iteration 10.
  Active set size = 6664.
  sub-gradient = 3.334807e-03, l1-norm of X = 3.120828e+01.
  Coordinate descent sweep 1. norm of D = 3.387377e-03, change in D = 3.387377e-03.
  Coordinate descent sweep 2. norm of D = 6.963905e-03, change in D = 4.576626e-03.
  Coordinate descent sweep 3. norm of D = 9.581728e-03, change in D = 2.747455e-03.
  Coordinate descent sweep 4. norm of D = 1.125764e-02, change in D = 1.776767e-03.
    Line search step size chosen: 1.000000e+00.
  Objective value decreased by 5.974222e-06.
Newton iteration 11.
  Active set size = 6664.
  sub-gradient = 1.284790e-03, l1-norm of X = 3.121030e+01.
  Coordinate descent sweep 1. norm of D = 1.788804e-03, change in D = 1.788804e-03.
  Coordinate descent sweep 2. norm of D = 2.645195e-03, change in D = 1.014355e-03.
  Coordinate descent sweep 3. norm of D = 3.475599e-03, change in D = 8.598042e-04.
  Coordinate descent sweep 4. norm of D = 3.988968e-03, change in D = 5.288866e-04.
    Line search step size chosen: 1.000000e+00.
  Objective value decreased by 9.058731e-07.
QUIC CPU time: 1517.764 seconds
