[1] "sra_normal"    "300"           "pooling_first" "0.26"         
[1] "Data read complete"
Running QUIC version 1.1 in 'default' mode.
Newton iteration 1.
  X is a diagonal matrix.
    Line search step size 1.000000e+00.  Lack of positive definiteness.
    Line search step size chosen: 5.000000e-01.
  Objective value decreased by 7.370585e+00.
Newton iteration 2.
  Active set size = 6527.
  sub-gradient = 3.069029e+01, l1-norm of X = 1.543541e+01.
  Coordinate descent sweep 1. norm of D = 3.014145e+01, change in D = 3.014145e+01.
    Line search step size chosen: 1.000000e+00.
  Objective value decreased by 2.091900e+00.
Newton iteration 3.
  Active set size = 6483.
  sub-gradient = 1.073056e+01, l1-norm of X = 2.510662e+01.
  Coordinate descent sweep 1. norm of D = 9.845307e+00, change in D = 9.845307e+00.
  Coordinate descent sweep 2. norm of D = 1.243497e+01, change in D = 3.605262e+00.
    Line search step size chosen: 1.000000e+00.
  Objective value decreased by 3.807545e-01.
Newton iteration 4.
  Active set size = 6457.
  sub-gradient = 1.987558e+00, l1-norm of X = 2.633949e+01.
  Coordinate descent sweep 1. norm of D = 2.171744e+00, change in D = 2.171744e+00.
  Coordinate descent sweep 2. norm of D = 3.016477e+00, change in D = 1.102602e+00.
    Line search step size chosen: 1.000000e+00.
  Objective value decreased by 4.814435e-02.
Newton iteration 5.
  Active set size = 6456.
  sub-gradient = 5.829443e-01, l1-norm of X = 2.676121e+01.
  Coordinate descent sweep 1. norm of D = 6.991281e-01, change in D = 6.991281e-01.
  Coordinate descent sweep 2. norm of D = 1.028547e+00, change in D = 3.815447e-01.
    Line search step size chosen: 1.000000e+00.
  Objective value decreased by 9.886611e-03.
Newton iteration 6.
  Active set size = 6456.
  sub-gradient = 2.203428e-01, l1-norm of X = 2.692134e+01.
  Coordinate descent sweep 1. norm of D = 2.283718e-01, change in D = 2.283718e-01.
  Coordinate descent sweep 2. norm of D = 3.585744e-01, change in D = 1.489720e-01.
  Coordinate descent sweep 3. norm of D = 4.457932e-01, change in D = 9.812221e-02.
    Line search step size chosen: 1.000000e+00.
  Objective value decreased by 2.146909e-03.
Newton iteration 7.
  Active set size = 6456.
  sub-gradient = 5.758639e-02, l1-norm of X = 2.698392e+01.
  Coordinate descent sweep 1. norm of D = 6.286566e-02, change in D = 6.286566e-02.
  Coordinate descent sweep 2. norm of D = 1.004848e-01, change in D = 5.159896e-02.
  Coordinate descent sweep 3. norm of D = 1.348785e-01, change in D = 3.749723e-02.
    Line search step size chosen: 1.000000e+00.
  Objective value decreased by 3.894262e-04.
Newton iteration 8.
  Active set size = 6456.
  sub-gradient = 2.006084e-02, l1-norm of X = 2.700766e+01.
  Coordinate descent sweep 1. norm of D = 2.186035e-02, change in D = 2.186035e-02.
  Coordinate descent sweep 2. norm of D = 3.791597e-02, change in D = 1.689076e-02.
  Coordinate descent sweep 3. norm of D = 5.003052e-02, change in D = 1.328790e-02.
    Line search step size chosen: 1.000000e+00.
  Objective value decreased by 6.031309e-05.
Newton iteration 9.
  Active set size = 6456.
  sub-gradient = 7.583631e-03, l1-norm of X = 2.701602e+01.
  Coordinate descent sweep 1. norm of D = 9.366269e-03, change in D = 9.366269e-03.
  Coordinate descent sweep 2. norm of D = 1.314109e-02, change in D = 4.100401e-03.
  Coordinate descent sweep 3. norm of D = 1.683362e-02, change in D = 3.959880e-03.
  Coordinate descent sweep 4. norm of D = 2.023942e-02, change in D = 3.439631e-03.
    Line search step size chosen: 1.000000e+00.
  Objective value decreased by 9.759716e-06.
Newton iteration 10.
  Active set size = 6456.
  sub-gradient = 1.555335e-03, l1-norm of X = 2.701919e+01.
  Coordinate descent sweep 1. norm of D = 1.489421e-03, change in D = 1.489421e-03.
  Coordinate descent sweep 2. norm of D = 2.515301e-03, change in D = 1.195099e-03.
  Coordinate descent sweep 3. norm of D = 3.541154e-03, change in D = 1.044134e-03.
  Coordinate descent sweep 4. norm of D = 4.417341e-03, change in D = 9.708873e-04.
    Line search step size chosen: 1.000000e+00.
  Objective value decreased by 6.265582e-07.
QUIC CPU time: 1392.750 seconds
