[1] "sra_normal"    "300"           "pooling_first" "0.34"         
[1] "Data read complete"
Running QUIC version 1.1 in 'default' mode.
Newton iteration 1.
  X is a diagonal matrix.
    Line search step size chosen: 1.000000e+00.
  Objective value decreased by 3.472132e+00.
Newton iteration 2.
  Active set size = 6026.
  sub-gradient = 2.494906e+01, l1-norm of X = 1.570995e+01.
  Coordinate descent sweep 1. norm of D = 8.967097e+00, change in D = 8.967097e+00.
    Line search step size chosen: 1.000000e+00.
  Objective value decreased by 6.091905e-01.
Newton iteration 3.
  Active set size = 6015.
  sub-gradient = 6.713017e+00, l1-norm of X = 1.467995e+01.
  Coordinate descent sweep 1. norm of D = 3.441703e+00, change in D = 3.441703e+00.
  Coordinate descent sweep 2. norm of D = 4.115163e+00, change in D = 1.355445e+00.
    Line search step size chosen: 1.000000e+00.
  Objective value decreased by 1.983072e-01.
Newton iteration 4.
  Active set size = 6014.
  sub-gradient = 1.606606e+00, l1-norm of X = 1.517626e+01.
  Coordinate descent sweep 1. norm of D = 9.976708e-01, change in D = 9.976708e-01.
  Coordinate descent sweep 2. norm of D = 1.126968e+00, change in D = 4.344330e-01.
    Line search step size chosen: 1.000000e+00.
  Objective value decreased by 2.637920e-02.
Newton iteration 5.
  Active set size = 6013.
  sub-gradient = 3.481267e-01, l1-norm of X = 1.524752e+01.
  Coordinate descent sweep 1. norm of D = 2.653918e-01, change in D = 2.653918e-01.
  Coordinate descent sweep 2. norm of D = 3.464051e-01, change in D = 1.228545e-01.
    Line search step size chosen: 1.000000e+00.
  Objective value decreased by 2.724455e-03.
Newton iteration 6.
  Active set size = 6013.
  sub-gradient = 5.059255e-02, l1-norm of X = 1.524380e+01.
  Coordinate descent sweep 1. norm of D = 5.693643e-02, change in D = 5.693643e-02.
  Coordinate descent sweep 2. norm of D = 8.381023e-02, change in D = 3.846919e-02.
  Coordinate descent sweep 3. norm of D = 9.263391e-02, change in D = 1.430291e-02.
    Line search step size chosen: 1.000000e+00.
  Objective value decreased by 1.673339e-04.
Newton iteration 7.
  Active set size = 6013.
  sub-gradient = 9.533417e-03, l1-norm of X = 1.525752e+01.
  Coordinate descent sweep 1. norm of D = 1.098250e-02, change in D = 1.098250e-02.
  Coordinate descent sweep 2. norm of D = 1.567724e-02, change in D = 5.308480e-03.
  Coordinate descent sweep 3. norm of D = 1.802151e-02, change in D = 3.186127e-03.
    Line search step size chosen: 1.000000e+00.
  Objective value decreased by 8.135888e-06.
Newton iteration 8.
  Active set size = 6013.
  sub-gradient = 1.904474e-03, l1-norm of X = 1.526008e+01.
  Coordinate descent sweep 1. norm of D = 2.336970e-03, change in D = 2.336970e-03.
  Coordinate descent sweep 2. norm of D = 3.201729e-03, change in D = 1.171767e-03.
  Coordinate descent sweep 3. norm of D = 4.184086e-03, change in D = 1.005075e-03.
    Line search step size chosen: 1.000000e+00.
  Objective value decreased by 6.497930e-07.
Newton iteration 9.
  Active set size = 6013.
  sub-gradient = 3.199594e-04, l1-norm of X = 1.526086e+01.
  Coordinate descent sweep 1. norm of D = 3.463307e-04, change in D = 3.463307e-04.
  Coordinate descent sweep 2. norm of D = 7.435208e-04, change in D = 4.314137e-04.
  Coordinate descent sweep 3. norm of D = 9.598266e-04, change in D = 2.167043e-04.
  Coordinate descent sweep 4. norm of D = 1.046998e-03, change in D = 1.123580e-04.
    Line search step size chosen: 1.000000e+00.
  Objective value decreased by 5.500715e-08.
QUIC CPU time: 1172.147 seconds
