[1] "sra_normal"    "300"           "pooling_first" "0.50"         
[1] "Data read complete"
Running QUIC version 1.1 in 'default' mode.
Newton iteration 1.
  X is a diagonal matrix.
    Line search step size chosen: 1.000000e+00.
  Objective value decreased by 6.898133e-01.
Newton iteration 2.
  Active set size = 5815.
  sub-gradient = 1.704968e+00, l1-norm of X = 4.199441e+00.
  Coordinate descent sweep 1. norm of D = 1.413354e+00, change in D = 1.413354e+00.
    Line search step size chosen: 1.000000e+00.
  Objective value decreased by 3.698430e-02.
Newton iteration 3.
  Active set size = 5815.
  sub-gradient = 1.889738e-01, l1-norm of X = 4.242547e+00.
  Coordinate descent sweep 1. norm of D = 2.149519e-01, change in D = 2.149519e-01.
  Coordinate descent sweep 2. norm of D = 2.705334e-01, change in D = 5.777057e-02.
    Line search step size chosen: 1.000000e+00.
  Objective value decreased by 1.674196e-03.
Newton iteration 4.
  Active set size = 5815.
  sub-gradient = 1.268006e-02, l1-norm of X = 4.330372e+00.
  Coordinate descent sweep 1. norm of D = 1.414757e-02, change in D = 1.414757e-02.
  Coordinate descent sweep 2. norm of D = 2.064953e-02, change in D = 7.359185e-03.
    Line search step size chosen: 1.000000e+00.
  Objective value decreased by 1.529002e-05.
Newton iteration 5.
  Active set size = 5815.
  sub-gradient = 1.894439e-03, l1-norm of X = 4.338672e+00.
  Coordinate descent sweep 1. norm of D = 2.180509e-03, change in D = 2.180509e-03.
  Coordinate descent sweep 2. norm of D = 2.850027e-03, change in D = 7.563906e-04.
    Line search step size chosen: 1.000000e+00.
  Objective value decreased by 4.519097e-07.
Newton iteration 6.
  Active set size = 5815.
  sub-gradient = 4.215272e-04, l1-norm of X = 4.339670e+00.
  Coordinate descent sweep 1. norm of D = 4.115800e-04, change in D = 4.115800e-04.
  Coordinate descent sweep 2. norm of D = 5.416878e-04, change in D = 1.423926e-04.
  Coordinate descent sweep 3. norm of D = 6.341768e-04, change in D = 9.888893e-05.
    Line search step size chosen: 1.000000e+00.
  Objective value decreased by 2.219440e-08.
QUIC CPU time: 808.084 seconds
