[1] "sra_normal"    "300"           "pooling_first" "0.52"         
[1] "Data read complete"
Running QUIC version 1.1 in 'default' mode.
Newton iteration 1.
  X is a diagonal matrix.
    Line search step size chosen: 1.000000e+00.
  Objective value decreased by 5.464930e-01.
Newton iteration 2.
  Active set size = 5801.
  sub-gradient = 1.319808e+00, l1-norm of X = 3.480370e+00.
  Coordinate descent sweep 1. norm of D = 1.088824e+00, change in D = 1.088824e+00.
    Line search step size chosen: 1.000000e+00.
  Objective value decreased by 2.470986e-02.
Newton iteration 3.
  Active set size = 5801.
  sub-gradient = 1.720650e-01, l1-norm of X = 3.441350e+00.
  Coordinate descent sweep 1. norm of D = 2.053199e-01, change in D = 2.053199e-01.
  Coordinate descent sweep 2. norm of D = 2.768864e-01, change in D = 7.253532e-02.
    Line search step size chosen: 1.000000e+00.
  Objective value decreased by 2.260170e-03.
Newton iteration 4.
  Active set size = 5801.
  sub-gradient = 1.767461e-02, l1-norm of X = 3.577753e+00.
  Coordinate descent sweep 1. norm of D = 1.978182e-02, change in D = 1.978182e-02.
  Coordinate descent sweep 2. norm of D = 2.838884e-02, change in D = 9.995480e-03.
    Line search step size chosen: 1.000000e+00.
  Objective value decreased by 3.408980e-05.
Newton iteration 5.
  Active set size = 5801.
  sub-gradient = 2.268785e-03, l1-norm of X = 3.590774e+00.
  Coordinate descent sweep 1. norm of D = 2.779199e-03, change in D = 2.779199e-03.
  Coordinate descent sweep 2. norm of D = 3.504436e-03, change in D = 7.433506e-04.
    Line search step size chosen: 1.000000e+00.
  Objective value decreased by 5.510374e-07.
Newton iteration 6.
  Active set size = 5801.
  sub-gradient = 1.646263e-04, l1-norm of X = 3.591813e+00.
  Coordinate descent sweep 1. norm of D = 2.160773e-04, change in D = 2.160773e-04.
  Coordinate descent sweep 2. norm of D = 2.759827e-04, change in D = 6.587233e-05.
  Coordinate descent sweep 3. norm of D = 3.059957e-04, change in D = 3.006991e-05.
    Line search step size chosen: 1.000000e+00.
  Objective value decreased by 6.437403e-09.
QUIC CPU time: 826.619 seconds
