[1] "sra_normal"    "300"           "pooling_first" "0.64"         
[1] "Data read complete"
Running QUIC version 1.1 in 'default' mode.
Newton iteration 1.
  X is a diagonal matrix.
    Line search step size chosen: 1.000000e+00.
  Objective value decreased by 9.860922e-02.
Newton iteration 2.
  Active set size = 5779.
  sub-gradient = 2.152281e-01, l1-norm of X = 1.192982e+00.
  Coordinate descent sweep 1. norm of D = 1.988598e-01, change in D = 1.988598e-01.
    Line search step size chosen: 1.000000e+00.
  Objective value decreased by 1.711618e-03.
Newton iteration 3.
  Active set size = 5779.
  sub-gradient = 1.435199e-02, l1-norm of X = 1.194209e+00.
  Coordinate descent sweep 1. norm of D = 1.844655e-02, change in D = 1.844655e-02.
  Coordinate descent sweep 2. norm of D = 2.096308e-02, change in D = 2.657173e-03.
    Line search step size chosen: 1.000000e+00.
  Objective value decreased by 4.220023e-05.
Newton iteration 4.
  Active set size = 5779.
  sub-gradient = 4.615800e-04, l1-norm of X = 1.209006e+00.
  Coordinate descent sweep 1. norm of D = 5.386795e-04, change in D = 5.386795e-04.
  Coordinate descent sweep 2. norm of D = 6.184028e-04, change in D = 7.981847e-05.
    Line search step size chosen: 1.000000e+00.
  Objective value decreased by 4.389767e-08.
Newton iteration 5.
  Active set size = 5779.
  sub-gradient = 7.209755e-06, l1-norm of X = 1.209256e+00.
  Coordinate descent sweep 1. norm of D = 1.070919e-05, change in D = 1.070919e-05.
  Coordinate descent sweep 2. norm of D = 1.145542e-05, change in D = 8.587648e-07.
    Line search step size chosen: 1.000000e+00.
  Objective value decreased by 3.274181e-11.
QUIC CPU time: 705.646 seconds
