[1] "sra_normal"    "300"           "pooling_first" "0.70"         
[1] "Data read complete"
Running QUIC version 1.1 in 'default' mode.
Newton iteration 1.
  X is a diagonal matrix.
    Line search step size chosen: 1.000000e+00.
  Objective value decreased by 2.551201e-02.
Newton iteration 2.
  Active set size = 5774.
  sub-gradient = 5.400504e-02, l1-norm of X = 4.710133e-01.
  Coordinate descent sweep 1. norm of D = 5.120885e-02, change in D = 5.120885e-02.
    Line search step size chosen: 1.000000e+00.
  Objective value decreased by 2.206935e-04.
Newton iteration 3.
  Active set size = 5774.
  sub-gradient = 2.777724e-03, l1-norm of X = 4.706185e-01.
  Coordinate descent sweep 1. norm of D = 3.082454e-03, change in D = 3.082454e-03.
  Coordinate descent sweep 2. norm of D = 3.844691e-03, change in D = 7.625351e-04.
    Line search step size chosen: 1.000000e+00.
  Objective value decreased by 3.236034e-06.
Newton iteration 4.
  Active set size = 5774.
  sub-gradient = 3.108303e-05, l1-norm of X = 4.742370e-01.
  Coordinate descent sweep 1. norm of D = 3.161924e-05, change in D = 3.161924e-05.
  Coordinate descent sweep 2. norm of D = 3.579943e-05, change in D = 4.180189e-06.
    Line search step size chosen: 1.000000e+00.
  Objective value decreased by 1.900844e-10.
QUIC CPU time: 574.179 seconds
