[1] "GTEx"          "40"            "pooling_first" "0.08"         
[1] "Data read complete"
Running QUIC version 1.1 in 'default' mode.
Newton iteration 1.
  X is a diagonal matrix.
    Line search step size 1.000000e+00.  Lack of positive definiteness.
    Line search step size 5.000000e-01.  Lack of positive definiteness.
    Line search step size 2.500000e-01.  Lack of positive definiteness.
    Line search step size 1.250000e-01.  Lack of positive definiteness.
    Line search step size chosen: 6.250000e-02.
  Objective value decreased by 4.221491e+01.
Newton iteration 2.
  Active set size = 217435.
  sub-gradient = 3.976689e+03, l1-norm of X = 4.302110e+01.
  Coordinate descent sweep 1. norm of D = 3.600513e+03, change in D = 3.600513e+03.
    Line search step size 1.000000e+00.  Lack of positive definiteness.
    Line search step size 5.000000e-01.  Lack of positive definiteness.
    Line search step size 2.500000e-01.  Lack of positive definiteness.
    Line search step size chosen: 1.250000e-01.
  Objective value decreased by 5.046569e+01.
Newton iteration 3.
  Active set size = 217479.
  sub-gradient = 3.358546e+03, l1-norm of X = 1.137874e+02.
  Coordinate descent sweep 1. norm of D = 2.839541e+03, change in D = 2.839541e+03.
  Coordinate descent sweep 2. norm of D = 2.742357e+03, change in D = 2.773660e+02.
    Line search step size 1.000000e+00.  Lack of positive definiteness.
    Line search step size chosen: 5.000000e-01.
  Objective value decreased by 8.654162e+01.
Newton iteration 4.
  Active set size = 218375.
  sub-gradient = 1.586098e+03, l1-norm of X = 3.170858e+02.
  Coordinate descent sweep 1. norm of D = 1.124709e+03, change in D = 1.124709e+03.
  Coordinate descent sweep 2. norm of D = 1.200438e+03, change in D = 2.101411e+02.
    Line search step size chosen: 1.000000e+00.
  Objective value decreased by 2.725293e+01.
Newton iteration 5.
  Active set size = 187300.
  sub-gradient = 1.976332e+02, l1-norm of X = 4.505152e+02.
  Coordinate descent sweep 1. norm of D = 1.467157e+02, change in D = 1.467157e+02.
  Coordinate descent sweep 2. norm of D = 1.771417e+02, change in D = 7.490119e+01.
    Line search step size chosen: 1.000000e+00.
  Objective value decreased by 3.909067e+00.
Newton iteration 6.
  Active set size = 183775.
  sub-gradient = 5.364309e+01, l1-norm of X = 4.554977e+02.
  Coordinate descent sweep 1. norm of D = 4.601920e+01, change in D = 4.601920e+01.
  Coordinate descent sweep 2. norm of D = 6.019072e+01, change in D = 3.116397e+01.
  Coordinate descent sweep 3. norm of D = 7.039741e+01, change in D = 2.255594e+01.
    Line search step size chosen: 1.000000e+00.
  Objective value decreased by 1.894272e+00.
Newton iteration 7.
  Active set size = 183132.
  sub-gradient = 1.925189e+01, l1-norm of X = 4.577792e+02.
  Coordinate descent sweep 1. norm of D = 1.838397e+01, change in D = 1.838397e+01.
  Coordinate descent sweep 2. norm of D = 2.524441e+01, change in D = 1.467780e+01.
  Coordinate descent sweep 3. norm of D = 3.079982e+01, change in D = 1.204533e+01.
    Line search step size chosen: 1.000000e+00.
  Objective value decreased by 7.359444e-01.
Newton iteration 8.
  Active set size = 182961.
  sub-gradient = 1.043538e+01, l1-norm of X = 4.588707e+02.
  Coordinate descent sweep 1. norm of D = 1.017530e+01, change in D = 1.017530e+01.
  Coordinate descent sweep 2. norm of D = 1.428944e+01, change in D = 8.736217e+00.
  Coordinate descent sweep 3. norm of D = 1.778165e+01, change in D = 7.706248e+00.
    Line search step size chosen: 1.000000e+00.
  Objective value decreased by 3.853629e-01.
Newton iteration 9.
  Active set size = 182956.
  sub-gradient = 7.914253e+00, l1-norm of X = 4.594269e+02.
  Coordinate descent sweep 1. norm of D = 6.808973e+00, change in D = 6.808973e+00.
  Coordinate descent sweep 2. norm of D = 9.681286e+00, change in D = 5.803784e+00.
  Coordinate descent sweep 3. norm of D = 1.187578e+01, change in D = 4.983939e+00.
  Coordinate descent sweep 4. norm of D = 1.405965e+01, change in D = 4.509980e+00.
    Line search step size chosen: 1.000000e+00.
  Objective value decreased by 2.874519e-01.
Newton iteration 10.
  Active set size = 182851.
  sub-gradient = 4.722059e+00, l1-norm of X = 4.599212e+02.
  Coordinate descent sweep 1. norm of D = 4.268074e+00, change in D = 4.268074e+00.
  Coordinate descent sweep 2. norm of D = 5.941078e+00, change in D = 3.659677e+00.
  Coordinate descent sweep 3. norm of D = 7.388435e+00, change in D = 3.167519e+00.
  Coordinate descent sweep 4. norm of D = 8.786344e+00, change in D = 3.056410e+00.
    Line search step size chosen: 1.000000e+00.
  Objective value decreased by 1.597848e-01.
Newton iteration 11.
  Active set size = 182838.
  sub-gradient = 2.587805e+00, l1-norm of X = 4.602059e+02.
  Coordinate descent sweep 1. norm of D = 2.771978e+00, change in D = 2.771978e+00.
  Coordinate descent sweep 2. norm of D = 3.801028e+00, change in D = 2.411554e+00.
  Coordinate descent sweep 3. norm of D = 5.068369e+00, change in D = 2.455476e+00.
  Coordinate descent sweep 4. norm of D = 6.050300e+00, change in D = 2.239807e+00.
    Line search step size chosen: 1.000000e+00.
  Objective value decreased by 1.024442e-01.
Newton iteration 12.
  Active set size = 182823.
  sub-gradient = 1.950003e+00, l1-norm of X = 4.604088e+02.
  Coordinate descent sweep 1. norm of D = 1.941939e+00, change in D = 1.941939e+00.
  Coordinate descent sweep 2. norm of D = 3.068397e+00, change in D = 1.871200e+00.
  Coordinate descent sweep 3. norm of D = 3.797220e+00, change in D = 1.531780e+00.
  Coordinate descent sweep 4. norm of D = 4.467168e+00, change in D = 1.587929e+00.
  Coordinate descent sweep 5. norm of D = 5.107373e+00, change in D = 1.471183e+00.
    Line search step size chosen: 1.000000e+00.
  Objective value decreased by 8.094813e-02.
Newton iteration 13.
  Active set size = 182815.
  sub-gradient = 1.569300e+00, l1-norm of X = 4.605902e+02.
  Coordinate descent sweep 1. norm of D = 1.521422e+00, change in D = 1.521422e+00.
  Coordinate descent sweep 2. norm of D = 2.265635e+00, change in D = 1.401108e+00.
  Coordinate descent sweep 3. norm of D = 2.770360e+00, change in D = 1.213830e+00.
  Coordinate descent sweep 4. norm of D = 3.392944e+00, change in D = 1.175295e+00.
  Coordinate descent sweep 5. norm of D = 3.875853e+00, change in D = 1.122995e+00.
    Line search step size chosen: 1.000000e+00.
  Objective value decreased by 5.500923e-02.
Newton iteration 14.
  Active set size = 182811.
  sub-gradient = 1.182579e+00, l1-norm of X = 4.607384e+02.
  Coordinate descent sweep 1. norm of D = 1.050697e+00, change in D = 1.050697e+00.
  Coordinate descent sweep 2. norm of D = 1.523209e+00, change in D = 8.864170e-01.
  Coordinate descent sweep 3. norm of D = 1.908986e+00, change in D = 9.049425e-01.
  Coordinate descent sweep 4. norm of D = 2.404168e+00, change in D = 9.034791e-01.
  Coordinate descent sweep 5. norm of D = 2.752960e+00, change in D = 8.103247e-01.
    Line search step size chosen: 1.000000e+00.
  Objective value decreased by 3.747491e-02.
Newton iteration 15.
  Active set size = 182807.
  sub-gradient = 8.764853e-01, l1-norm of X = 4.608402e+02.
  Coordinate descent sweep 1. norm of D = 8.474992e-01, change in D = 8.474992e-01.
  Coordinate descent sweep 2. norm of D = 1.108594e+00, change in D = 7.046075e-01.
  Coordinate descent sweep 3. norm of D = 1.579547e+00, change in D = 8.052478e-01.
  Coordinate descent sweep 4. norm of D = 1.832337e+00, change in D = 5.883203e-01.
  Coordinate descent sweep 5. norm of D = 2.211017e+00, change in D = 6.983173e-01.
  Coordinate descent sweep 6. norm of D = 2.498648e+00, change in D = 6.815379e-01.
    Line search step size chosen: 1.000000e+00.
  Objective value decreased by 3.118448e-02.
Newton iteration 16.
  Active set size = 182804.
  sub-gradient = 6.821845e-01, l1-norm of X = 4.609368e+02.
  Coordinate descent sweep 1. norm of D = 5.749838e-01, change in D = 5.749838e-01.
  Coordinate descent sweep 2. norm of D = 9.241992e-01, change in D = 6.368910e-01.
  Coordinate descent sweep 3. norm of D = 1.171592e+00, change in D = 5.775117e-01.
  Coordinate descent sweep 4. norm of D = 1.374311e+00, change in D = 5.184496e-01.
  Coordinate descent sweep 5. norm of D = 1.611719e+00, change in D = 5.422533e-01.
  Coordinate descent sweep 6. norm of D = 1.827124e+00, change in D = 4.959807e-01.
    Line search step size chosen: 1.000000e+00.
  Objective value decreased by 2.063100e-02.
Newton iteration 17.
  Active set size = 182801.
  sub-gradient = 4.311538e-01, l1-norm of X = 4.610140e+02.
  Coordinate descent sweep 1. norm of D = 4.718679e-01, change in D = 4.718679e-01.
  Coordinate descent sweep 2. norm of D = 7.575359e-01, change in D = 4.625233e-01.
  Coordinate descent sweep 3. norm of D = 9.421616e-01, change in D = 4.788037e-01.
  Coordinate descent sweep 4. norm of D = 1.138819e+00, change in D = 4.429612e-01.
  Coordinate descent sweep 5. norm of D = 1.344096e+00, change in D = 4.373750e-01.
  Coordinate descent sweep 6. norm of D = 1.534249e+00, change in D = 3.577006e-01.
    Line search step size chosen: 1.000000e+00.
  Objective value decreased by 1.526837e-02.
Newton iteration 18.
  Active set size = 182800.
  sub-gradient = 3.707313e-01, l1-norm of X = 4.610694e+02.
  Coordinate descent sweep 1. norm of D = 3.746428e-01, change in D = 3.746428e-01.
  Coordinate descent sweep 2. norm of D = 5.611749e-01, change in D = 3.801614e-01.
  Coordinate descent sweep 3. norm of D = 7.472159e-01, change in D = 3.978115e-01.
  Coordinate descent sweep 4. norm of D = 8.885781e-01, change in D = 3.353861e-01.
  Coordinate descent sweep 5. norm of D = 1.071439e+00, change in D = 3.630870e-01.
  Coordinate descent sweep 6. norm of D = 1.228214e+00, change in D = 3.522942e-01.
  Coordinate descent sweep 7. norm of D = 1.400515e+00, change in D = 3.425079e-01.
    Line search step size chosen: 1.000000e+00.
  Objective value decreased by 1.282324e-02.
Newton iteration 19.
  Active set size = 182798.
  sub-gradient = 2.498875e-01, l1-norm of X = 4.611289e+02.
  Coordinate descent sweep 1. norm of D = 2.668546e-01, change in D = 2.668546e-01.
  Coordinate descent sweep 2. norm of D = 4.539753e-01, change in D = 3.115823e-01.
  Coordinate descent sweep 3. norm of D = 6.028329e-01, change in D = 3.183285e-01.
  Coordinate descent sweep 4. norm of D = 7.025276e-01, change in D = 2.397994e-01.
  Coordinate descent sweep 5. norm of D = 8.426926e-01, change in D = 2.784037e-01.
  Coordinate descent sweep 6. norm of D = 9.506157e-01, change in D = 2.482304e-01.
  Coordinate descent sweep 7. norm of D = 1.081386e+00, change in D = 2.471432e-01.
    Line search step size chosen: 1.000000e+00.
  Objective value decreased by 8.803639e-03.
Newton iteration 20.
  Active set size = 182801.
  sub-gradient = 2.866002e-01, l1-norm of X = 4.611719e+02.
  Coordinate descent sweep 1. norm of D = 2.474992e-01, change in D = 2.474992e-01.
  Coordinate descent sweep 2. norm of D = 3.674167e-01, change in D = 2.483289e-01.
  Coordinate descent sweep 3. norm of D = 5.064804e-01, change in D = 2.596683e-01.
  Coordinate descent sweep 4. norm of D = 6.120178e-01, change in D = 2.210698e-01.
  Coordinate descent sweep 5. norm of D = 7.338152e-01, change in D = 2.217222e-01.
  Coordinate descent sweep 6. norm of D = 8.312287e-01, change in D = 2.294615e-01.
  Coordinate descent sweep 7. norm of D = 8.953490e-01, change in D = 1.786425e-01.
    Line search step size chosen: 1.000000e+00.
  Objective value decreased by 6.539357e-03.
Newton iteration 21.
  Active set size = 182796.
  sub-gradient = 2.938013e-01, l1-norm of X = 4.612111e+02.
  Coordinate descent sweep 1. norm of D = 2.428904e-01, change in D = 2.428904e-01.
  Coordinate descent sweep 2. norm of D = 2.995739e-01, change in D = 2.093719e-01.
  Coordinate descent sweep 3. norm of D = 4.191796e-01, change in D = 2.198010e-01.
  Coordinate descent sweep 4. norm of D = 4.906631e-01, change in D = 1.990465e-01.
  Coordinate descent sweep 5. norm of D = 5.824449e-01, change in D = 1.954955e-01.
  Coordinate descent sweep 6. norm of D = 6.412621e-01, change in D = 1.739835e-01.
  Coordinate descent sweep 7. norm of D = 7.086284e-01, change in D = 1.756824e-01.
  Coordinate descent sweep 8. norm of D = 8.179313e-01, change in D = 2.014143e-01.
    Line search step size chosen: 1.000000e+00.
  Objective value decreased by 5.271918e-03.
Newton iteration 22.
  Active set size = 182797.
  sub-gradient = 1.866366e-01, l1-norm of X = 4.612445e+02.
  Coordinate descent sweep 1. norm of D = 1.817712e-01, change in D = 1.817712e-01.
  Coordinate descent sweep 2. norm of D = 2.763393e-01, change in D = 1.490080e-01.
  Coordinate descent sweep 3. norm of D = 3.491678e-01, change in D = 1.579139e-01.
  Coordinate descent sweep 4. norm of D = 4.365982e-01, change in D = 1.738408e-01.
  Coordinate descent sweep 5. norm of D = 5.005043e-01, change in D = 1.426358e-01.
  Coordinate descent sweep 6. norm of D = 5.873242e-01, change in D = 1.595521e-01.
  Coordinate descent sweep 7. norm of D = 6.431725e-01, change in D = 1.455815e-01.
  Coordinate descent sweep 8. norm of D = 7.007678e-01, change in D = 1.461786e-01.
    Line search step size chosen: 1.000000e+00.
  Objective value decreased by 4.060273e-03.
Newton iteration 23.
  Active set size = 182798.
  sub-gradient = 1.874082e-01, l1-norm of X = 4.612722e+02.
  Coordinate descent sweep 1. norm of D = 1.533947e-01, change in D = 1.533947e-01.
  Coordinate descent sweep 2. norm of D = 2.096749e-01, change in D = 1.432821e-01.
  Coordinate descent sweep 3. norm of D = 2.740176e-01, change in D = 1.409763e-01.
  Coordinate descent sweep 4. norm of D = 3.359913e-01, change in D = 1.271419e-01.
  Coordinate descent sweep 5. norm of D = 4.110571e-01, change in D = 1.477483e-01.
  Coordinate descent sweep 6. norm of D = 4.710963e-01, change in D = 1.369768e-01.
  Coordinate descent sweep 7. norm of D = 5.214808e-01, change in D = 1.171869e-01.
  Coordinate descent sweep 8. norm of D = 5.744347e-01, change in D = 1.066560e-01.
    Line search step size chosen: 1.000000e+00.
  Objective value decreased by 3.003446e-03.
Newton iteration 24.
  Active set size = 182795.
  sub-gradient = 1.029948e-01, l1-norm of X = 4.612996e+02.
  Coordinate descent sweep 1. norm of D = 9.966743e-02, change in D = 9.966743e-02.
  Coordinate descent sweep 2. norm of D = 1.580640e-01, change in D = 1.332378e-01.
  Coordinate descent sweep 3. norm of D = 2.026295e-01, change in D = 1.188836e-01.
  Coordinate descent sweep 4. norm of D = 2.568216e-01, change in D = 1.129121e-01.
  Coordinate descent sweep 5. norm of D = 3.139825e-01, change in D = 1.127182e-01.
  Coordinate descent sweep 6. norm of D = 3.612039e-01, change in D = 1.170838e-01.
  Coordinate descent sweep 7. norm of D = 4.064077e-01, change in D = 1.109897e-01.
  Coordinate descent sweep 8. norm of D = 4.559738e-01, change in D = 1.072585e-01.
  Coordinate descent sweep 9. norm of D = 5.100251e-01, change in D = 1.018722e-01.
    Line search step size chosen: 1.000000e+00.
  Objective value decreased by 2.316508e-03.
Newton iteration 25.
  Active set size = 182795.
  sub-gradient = 1.014248e-01, l1-norm of X = 4.613213e+02.
  Coordinate descent sweep 1. norm of D = 1.059555e-01, change in D = 1.059555e-01.
  Coordinate descent sweep 2. norm of D = 1.497172e-01, change in D = 1.067325e-01.
  Coordinate descent sweep 3. norm of D = 1.937663e-01, change in D = 9.621228e-02.
  Coordinate descent sweep 4. norm of D = 2.441454e-01, change in D = 1.056989e-01.
  Coordinate descent sweep 5. norm of D = 2.813572e-01, change in D = 9.417479e-02.
  Coordinate descent sweep 6. norm of D = 3.036057e-01, change in D = 6.913408e-02.
  Coordinate descent sweep 7. norm of D = 3.484969e-01, change in D = 9.171316e-02.
  Coordinate descent sweep 8. norm of D = 3.787620e-01, change in D = 8.434700e-02.
  Coordinate descent sweep 9. norm of D = 3.931206e-01, change in D = 7.036650e-02.
    Line search step size chosen: 1.000000e+00.
  Objective value decreased by 1.610385e-03.
Newton iteration 26.
  Active set size = 182793.
  sub-gradient = 9.275848e-02, l1-norm of X = 4.613385e+02.
  Coordinate descent sweep 1. norm of D = 7.461797e-02, change in D = 7.461797e-02.
  Coordinate descent sweep 2. norm of D = 1.145005e-01, change in D = 7.866980e-02.
  Coordinate descent sweep 3. norm of D = 1.579012e-01, change in D = 8.933430e-02.
  Coordinate descent sweep 4. norm of D = 1.947082e-01, change in D = 8.284366e-02.
  Coordinate descent sweep 5. norm of D = 2.241354e-01, change in D = 7.854675e-02.
  Coordinate descent sweep 6. norm of D = 2.579371e-01, change in D = 7.094046e-02.
  Coordinate descent sweep 7. norm of D = 2.840240e-01, change in D = 7.329685e-02.
  Coordinate descent sweep 8. norm of D = 3.134466e-01, change in D = 7.101542e-02.
  Coordinate descent sweep 9. norm of D = 3.436897e-01, change in D = 7.034500e-02.
    Line search step size chosen: 1.000000e+00.
  Objective value decreased by 1.175880e-03.
Newton iteration 27.
  Active set size = 182795.
  sub-gradient = 6.163314e-02, l1-norm of X = 4.613531e+02.
  Coordinate descent sweep 1. norm of D = 6.602284e-02, change in D = 6.602284e-02.
  Coordinate descent sweep 2. norm of D = 9.839898e-02, change in D = 7.035238e-02.
  Coordinate descent sweep 3. norm of D = 1.341981e-01, change in D = 7.502497e-02.
  Coordinate descent sweep 4. norm of D = 1.635460e-01, change in D = 6.754375e-02.
  Coordinate descent sweep 5. norm of D = 1.953974e-01, change in D = 6.862271e-02.
  Coordinate descent sweep 6. norm of D = 2.230041e-01, change in D = 7.219520e-02.
  Coordinate descent sweep 7. norm of D = 2.513244e-01, change in D = 6.489451e-02.
  Coordinate descent sweep 8. norm of D = 2.822399e-01, change in D = 6.528467e-02.
  Coordinate descent sweep 9. norm of D = 3.085954e-01, change in D = 6.583782e-02.
  Coordinate descent sweep 10. norm of D = 3.338997e-01, change in D = 6.153844e-02.
    Line search step size chosen: 1.000000e+00.
  Objective value decreased by 1.113426e-03.
Newton iteration 28.
  Active set size = 182792.
  sub-gradient = 4.539166e-02, l1-norm of X = 4.613685e+02.
  Coordinate descent sweep 1. norm of D = 4.558946e-02, change in D = 4.558946e-02.
  Coordinate descent sweep 2. norm of D = 8.837761e-02, change in D = 6.542988e-02.
  Coordinate descent sweep 3. norm of D = 1.034177e-01, change in D = 4.726686e-02.
  Coordinate descent sweep 4. norm of D = 1.444444e-01, change in D = 6.875421e-02.
  Coordinate descent sweep 5. norm of D = 1.658295e-01, change in D = 6.612261e-02.
  Coordinate descent sweep 6. norm of D = 1.822315e-01, change in D = 5.498844e-02.
  Coordinate descent sweep 7. norm of D = 1.991483e-01, change in D = 4.869018e-02.
  Coordinate descent sweep 8. norm of D = 2.193036e-01, change in D = 4.546243e-02.
  Coordinate descent sweep 9. norm of D = 2.426499e-01, change in D = 5.340689e-02.
  Coordinate descent sweep 10. norm of D = 2.537438e-01, change in D = 3.939823e-02.
    Line search step size chosen: 1.000000e+00.
  Objective value decreased by 6.974973e-04.
QUIC CPU time: 9184.280 seconds
