[1] "GTEx"          "40"            "pooling_first" "0.50"         
[1] "Data read complete"
Running QUIC version 1.1 in 'default' mode.
Newton iteration 1.
  X is a diagonal matrix.
    Line search step size chosen: 1.000000e+00.
  Objective value decreased by 1.830752e+00.
Newton iteration 2.
  Active set size = 6012.
  sub-gradient = 7.173169e+01, l1-norm of X = 2.316256e+01.
  Coordinate descent sweep 1. norm of D = 8.151999e+00, change in D = 8.151999e+00.
    Line search step size chosen: 1.000000e+00.
  Objective value decreased by 1.391718e+00.
Newton iteration 3.
  Active set size = 5996.
  sub-gradient = 2.644082e+01, l1-norm of X = 2.110881e+01.
  Coordinate descent sweep 1. norm of D = 5.126884e+00, change in D = 5.126884e+00.
  Coordinate descent sweep 2. norm of D = 5.907422e+00, change in D = 2.166219e+00.
    Line search step size chosen: 1.000000e+00.
  Objective value decreased by 7.141244e-01.
Newton iteration 4.
  Active set size = 5987.
  sub-gradient = 8.555718e+00, l1-norm of X = 2.054673e+01.
  Coordinate descent sweep 1. norm of D = 2.503852e+00, change in D = 2.503852e+00.
  Coordinate descent sweep 2. norm of D = 2.604519e+00, change in D = 1.213247e+00.
    Line search step size chosen: 1.000000e+00.
  Objective value decreased by 2.106796e-01.
Newton iteration 5.
  Active set size = 5982.
  sub-gradient = 2.295918e+00, l1-norm of X = 2.027723e+01.
  Coordinate descent sweep 1. norm of D = 1.033161e+00, change in D = 1.033161e+00.
  Coordinate descent sweep 2. norm of D = 1.082296e+00, change in D = 3.682926e-01.
    Line search step size chosen: 1.000000e+00.
  Objective value decreased by 3.686307e-02.
Newton iteration 6.
  Active set size = 5981.
  sub-gradient = 4.095726e-01, l1-norm of X = 2.018488e+01.
  Coordinate descent sweep 1. norm of D = 2.826405e-01, change in D = 2.826405e-01.
  Coordinate descent sweep 2. norm of D = 3.112739e-01, change in D = 1.406779e-01.
  Coordinate descent sweep 3. norm of D = 3.546440e-01, change in D = 6.265915e-02.
    Line search step size chosen: 1.000000e+00.
  Objective value decreased by 3.231046e-03.
Newton iteration 7.
  Active set size = 5981.
  sub-gradient = 3.722396e-02, l1-norm of X = 2.017731e+01.
  Coordinate descent sweep 1. norm of D = 3.630995e-02, change in D = 3.630995e-02.
  Coordinate descent sweep 2. norm of D = 4.875106e-02, change in D = 2.038274e-02.
  Coordinate descent sweep 3. norm of D = 5.740202e-02, change in D = 1.057323e-02.
    Line search step size chosen: 1.000000e+00.
  Objective value decreased by 8.950335e-05.
Newton iteration 8.
  Active set size = 5981.
  sub-gradient = 5.173167e-03, l1-norm of X = 2.018698e+01.
  Coordinate descent sweep 1. norm of D = 5.970336e-03, change in D = 5.970336e-03.
  Coordinate descent sweep 2. norm of D = 8.566684e-03, change in D = 3.864811e-03.
  Coordinate descent sweep 3. norm of D = 1.049171e-02, change in D = 2.150854e-03.
    Line search step size chosen: 1.000000e+00.
  Objective value decreased by 3.113820e-06.
Newton iteration 9.
  Active set size = 5981.
  sub-gradient = 8.617702e-04, l1-norm of X = 2.018985e+01.
  Coordinate descent sweep 1. norm of D = 1.055117e-03, change in D = 1.055117e-03.
  Coordinate descent sweep 2. norm of D = 1.462714e-03, change in D = 6.022752e-04.
  Coordinate descent sweep 3. norm of D = 1.879576e-03, change in D = 4.758084e-04.
  Coordinate descent sweep 4. norm of D = 2.076087e-03, change in D = 2.066180e-04.
    Line search step size chosen: 1.000000e+00.
  Objective value decreased by 1.283679e-07.
QUIC CPU time: 1258.910 seconds
