[1] "GTEx"          "40"            "pooling_first" "0.66"         
[1] "Data read complete"
Running QUIC version 1.1 in 'default' mode.
Newton iteration 1.
  X is a diagonal matrix.
    Line search step size chosen: 1.000000e+00.
  Objective value decreased by 6.741697e-01.
Newton iteration 2.
  Active set size = 5835.
  sub-gradient = 2.326311e+00, l1-norm of X = 6.090207e+00.
  Coordinate descent sweep 1. norm of D = 1.590201e+00, change in D = 1.590201e+00.
    Line search step size chosen: 1.000000e+00.
  Objective value decreased by 4.757285e-02.
Newton iteration 3.
  Active set size = 5835.
  sub-gradient = 3.096293e-01, l1-norm of X = 5.790509e+00.
  Coordinate descent sweep 1. norm of D = 3.328360e-01, change in D = 3.328360e-01.
  Coordinate descent sweep 2. norm of D = 4.178984e-01, change in D = 1.062774e-01.
    Line search step size chosen: 1.000000e+00.
  Objective value decreased by 4.376178e-03.
Newton iteration 4.
  Active set size = 5835.
  sub-gradient = 2.898223e-02, l1-norm of X = 5.956494e+00.
  Coordinate descent sweep 1. norm of D = 3.149847e-02, change in D = 3.149847e-02.
  Coordinate descent sweep 2. norm of D = 4.202664e-02, change in D = 1.083408e-02.
    Line search step size chosen: 1.000000e+00.
  Objective value decreased by 5.841922e-05.
Newton iteration 5.
  Active set size = 5835.
  sub-gradient = 2.260086e-03, l1-norm of X = 5.968266e+00.
  Coordinate descent sweep 1. norm of D = 2.712604e-03, change in D = 2.712604e-03.
  Coordinate descent sweep 2. norm of D = 3.934305e-03, change in D = 1.594853e-03.
    Line search step size chosen: 1.000000e+00.
  Objective value decreased by 1.311667e-06.
Newton iteration 6.
  Active set size = 5835.
  sub-gradient = 3.845544e-04, l1-norm of X = 5.970786e+00.
  Coordinate descent sweep 1. norm of D = 4.954641e-04, change in D = 4.954641e-04.
  Coordinate descent sweep 2. norm of D = 6.095780e-04, change in D = 2.193164e-04.
  Coordinate descent sweep 3. norm of D = 7.118514e-04, change in D = 1.033031e-04.
    Line search step size chosen: 1.000000e+00.
  Objective value decreased by 4.544472e-08.
QUIC CPU time: 876.901 seconds
