[1] "GTEx"          "40"            "pooling_first" "0.76"         
[1] "Data read complete"
Running QUIC version 1.1 in 'default' mode.
Newton iteration 1.
  X is a diagonal matrix.
    Line search step size chosen: 1.000000e+00.
  Objective value decreased by 1.730189e-01.
Newton iteration 2.
  Active set size = 5805.
  sub-gradient = 3.967605e-01, l1-norm of X = 2.059476e+00.
  Coordinate descent sweep 1. norm of D = 3.575936e-01, change in D = 3.575936e-01.
    Line search step size chosen: 1.000000e+00.
  Objective value decreased by 4.542123e-03.
Newton iteration 3.
  Active set size = 5805.
  sub-gradient = 3.784716e-02, l1-norm of X = 2.053129e+00.
  Coordinate descent sweep 1. norm of D = 4.393830e-02, change in D = 4.393830e-02.
  Coordinate descent sweep 2. norm of D = 5.534076e-02, change in D = 1.143584e-02.
    Line search step size chosen: 1.000000e+00.
  Objective value decreased by 2.919528e-04.
Newton iteration 4.
  Active set size = 5805.
  sub-gradient = 2.370181e-03, l1-norm of X = 2.092637e+00.
  Coordinate descent sweep 1. norm of D = 2.985725e-03, change in D = 2.985725e-03.
  Coordinate descent sweep 2. norm of D = 3.741235e-03, change in D = 7.665971e-04.
    Line search step size chosen: 1.000000e+00.
  Objective value decreased by 1.998293e-06.
Newton iteration 5.
  Active set size = 5805.
  sub-gradient = 1.320486e-04, l1-norm of X = 2.095033e+00.
  Coordinate descent sweep 1. norm of D = 1.718442e-04, change in D = 1.718442e-04.
  Coordinate descent sweep 2. norm of D = 2.302888e-04, change in D = 5.914848e-05.
    Line search step size chosen: 1.000000e+00.
  Objective value decreased by 1.398894e-08.
QUIC CPU time: 738.778 seconds
