[1] "/work-zfs/abattle4/prashanthi/recount3/data/multipotent_cells/all/weighted_covariances/cov_6.rds"
[1] "Data read complete"
Running QUIC version 1.1 in 'default' mode.
Newton iteration 1.
  X is a diagonal matrix.
    Line search step size 1.000000e+00.  Lack of positive definiteness.
    Line search step size 5.000000e-01.  Lack of positive definiteness.
    Line search step size 2.500000e-01.  Lack of positive definiteness.
    Line search step size chosen: 1.250000e-01.
  Objective value decreased by 1.930683e+01.
Newton iteration 2.
  Active set size = 34634.
  sub-gradient = 7.504314e+02, l1-norm of X = 4.922399e+01.
  Coordinate descent sweep 1. norm of D = 6.374035e+02, change in D = 6.374035e+02.
    Line search step size 1.000000e+00.  Lack of positive definiteness.
    Line search step size 5.000000e-01.  Lack of positive definiteness.
    Line search step size chosen: 2.500000e-01.
  Objective value decreased by 1.759152e+01.
Newton iteration 3.
  Active set size = 34634.
  sub-gradient = 4.981269e+02, l1-norm of X = 1.159516e+02.
  Coordinate descent sweep 1. norm of D = 4.153483e+02, change in D = 4.153483e+02.
  Coordinate descent sweep 2. norm of D = 4.243958e+02, change in D = 5.474088e+01.
    Line search step size chosen: 1.000000e+00.
  Objective value decreased by 1.596727e+01.
Newton iteration 4.
  Active set size = 31798.
  sub-gradient = 2.180381e+02, l1-norm of X = 2.647492e+02.
  Coordinate descent sweep 1. norm of D = 5.989750e+01, change in D = 5.989750e+01.
  Coordinate descent sweep 2. norm of D = 5.841667e+01, change in D = 2.779450e+01.
    Line search step size chosen: 1.000000e+00.
  Objective value decreased by 1.158784e+00.
Newton iteration 5.
  Active set size = 31158.
  sub-gradient = 4.148413e+01, l1-norm of X = 2.614007e+02.
  Coordinate descent sweep 1. norm of D = 1.697899e+01, change in D = 1.697899e+01.
  Coordinate descent sweep 2. norm of D = 1.880782e+01, change in D = 9.189105e+00.
    Line search step size chosen: 1.000000e+00.
  Objective value decreased by 1.967144e-01.
Newton iteration 6.
  Active set size = 31004.
  sub-gradient = 7.489259e+00, l1-norm of X = 2.610312e+02.
  Coordinate descent sweep 1. norm of D = 5.689027e+00, change in D = 5.689027e+00.
  Coordinate descent sweep 2. norm of D = 6.996427e+00, change in D = 3.462517e+00.
  Coordinate descent sweep 3. norm of D = 7.840718e+00, change in D = 2.208971e+00.
    Line search step size chosen: 1.000000e+00.
  Objective value decreased by 5.024037e-02.
Newton iteration 7.
  Active set size = 30953.
  sub-gradient = 1.601752e+00, l1-norm of X = 2.613262e+02.
  Coordinate descent sweep 1. norm of D = 1.568125e+00, change in D = 1.568125e+00.
  Coordinate descent sweep 2. norm of D = 2.024916e+00, change in D = 1.179523e+00.
  Coordinate descent sweep 3. norm of D = 2.233291e+00, change in D = 7.743006e-01.
    Line search step size chosen: 1.000000e+00.
  Objective value decreased by 8.160047e-03.
Newton iteration 8.
  Active set size = 30937.
  sub-gradient = 1.161626e+00, l1-norm of X = 2.614844e+02.
  Coordinate descent sweep 1. norm of D = 6.551975e-01, change in D = 6.551975e-01.
  Coordinate descent sweep 2. norm of D = 7.772043e-01, change in D = 4.907516e-01.
  Coordinate descent sweep 3. norm of D = 8.901104e-01, change in D = 3.561975e-01.
    Line search step size chosen: 1.000000e+00.
  Objective value decreased by 1.964140e-03.
Newton iteration 9.
  Active set size = 30937.
  sub-gradient = 2.489318e-01, l1-norm of X = 2.615238e+02.
  Coordinate descent sweep 1. norm of D = 2.820876e-01, change in D = 2.820876e-01.
  Coordinate descent sweep 2. norm of D = 3.522625e-01, change in D = 2.209153e-01.
  Coordinate descent sweep 3. norm of D = 4.046859e-01, change in D = 1.657827e-01.
  Coordinate descent sweep 4. norm of D = 4.414499e-01, change in D = 1.266016e-01.
    Line search step size chosen: 1.000000e+00.
  Objective value decreased by 5.399371e-04.
Newton iteration 10.
  Active set size = 30939.
  sub-gradient = 1.149865e-01, l1-norm of X = 2.615438e+02.
  Coordinate descent sweep 1. norm of D = 1.023105e-01, change in D = 1.023105e-01.
  Coordinate descent sweep 2. norm of D = 1.325694e-01, change in D = 8.008194e-02.
  Coordinate descent sweep 3. norm of D = 1.498408e-01, change in D = 6.537915e-02.
  Coordinate descent sweep 4. norm of D = 1.594947e-01, change in D = 4.799014e-02.
    Line search step size chosen: 1.000000e+00.
  Objective value decreased by 9.015580e-05.
Newton iteration 11.
  Active set size = 30936.
  sub-gradient = 6.724392e-02, l1-norm of X = 2.615516e+02.
  Coordinate descent sweep 1. norm of D = 4.413903e-02, change in D = 4.413903e-02.
  Coordinate descent sweep 2. norm of D = 5.008377e-02, change in D = 3.380904e-02.
  Coordinate descent sweep 3. norm of D = 5.565457e-02, change in D = 2.245318e-02.
  Coordinate descent sweep 4. norm of D = 6.088198e-02, change in D = 2.050457e-02.
    Line search step size chosen: 1.000000e+00.
  Objective value decreased by 1.611661e-05.
Newton iteration 12.
  Active set size = 30936.
  sub-gradient = 1.592454e-02, l1-norm of X = 2.615540e+02.
  Coordinate descent sweep 1. norm of D = 1.631219e-02, change in D = 1.631219e-02.
  Coordinate descent sweep 2. norm of D = 2.065645e-02, change in D = 1.373289e-02.
  Coordinate descent sweep 3. norm of D = 2.327090e-02, change in D = 1.163551e-02.
  Coordinate descent sweep 4. norm of D = 2.507671e-02, change in D = 9.085901e-03.
  Coordinate descent sweep 5. norm of D = 2.688242e-02, change in D = 7.613198e-03.
    Line search step size chosen: 1.000000e+00.
  Objective value decreased by 3.395873e-06.
QUIC CPU time: 4066.070 seconds
