[1] "/work-zfs/abattle4/prashanthi/recount3/data/multipotent_cells/all/weighted_covariances/cov_6.rds"
[1] "Data read complete"
Running QUIC version 1.1 in 'default' mode.
Newton iteration 1.
  X is a diagonal matrix.
    Line search step size chosen: 1.000000e+00.
  Objective value decreased by 6.869169e-01.
Newton iteration 2.
  Active set size = 9032.
  sub-gradient = 5.412505e+00, l1-norm of X = 7.510738e+00.
  Coordinate descent sweep 1. norm of D = 2.491396e+00, change in D = 2.491396e+00.
    Line search step size chosen: 1.000000e+00.
  Objective value decreased by 9.850950e-02.
Newton iteration 3.
  Active set size = 9024.
  sub-gradient = 8.252078e-01, l1-norm of X = 6.609096e+00.
  Coordinate descent sweep 1. norm of D = 7.421832e-01, change in D = 7.421832e-01.
  Coordinate descent sweep 2. norm of D = 8.046428e-01, change in D = 2.030104e-01.
    Line search step size chosen: 1.000000e+00.
  Objective value decreased by 9.624617e-03.
Newton iteration 4.
  Active set size = 9022.
  sub-gradient = 8.376168e-02, l1-norm of X = 6.634479e+00.
  Coordinate descent sweep 1. norm of D = 6.672252e-02, change in D = 6.672252e-02.
  Coordinate descent sweep 2. norm of D = 7.297904e-02, change in D = 1.648195e-02.
    Line search step size chosen: 1.000000e+00.
  Objective value decreased by 1.396641e-04.
Newton iteration 5.
  Active set size = 9022.
  sub-gradient = 5.451387e-03, l1-norm of X = 6.627247e+00.
  Coordinate descent sweep 1. norm of D = 5.128428e-03, change in D = 5.128428e-03.
  Coordinate descent sweep 2. norm of D = 5.942639e-03, change in D = 1.735096e-03.
    Line search step size chosen: 1.000000e+00.
  Objective value decreased by 9.409650e-07.
Newton iteration 6.
  Active set size = 9022.
  sub-gradient = 4.571427e-04, l1-norm of X = 6.627963e+00.
  Coordinate descent sweep 1. norm of D = 5.068174e-04, change in D = 5.068174e-04.
  Coordinate descent sweep 2. norm of D = 5.924135e-04, change in D = 1.799663e-04.
  Coordinate descent sweep 3. norm of D = 6.408301e-04, change in D = 6.003909e-05.
    Line search step size chosen: 1.000000e+00.
  Objective value decreased by 1.337867e-08.
QUIC CPU time: 1706.460 seconds
