[1] "sra_normal"    "566"           "pooling_first" "0.02"         
[1] "Data read complete"
Running QUIC version 1.1 in 'default' mode.
Newton iteration 1.
  X is a diagonal matrix.
    Line search step size 1.000000e+00.  Lack of positive definiteness.
    Line search step size 5.000000e-01.  Lack of positive definiteness.
    Line search step size 2.500000e-01.  Lack of positive definiteness.
    Line search step size chosen: 1.250000e-01.
  Objective value decreased by 5.766367e+02.
Newton iteration 2.
  Active set size = 7037862.
  sub-gradient = 6.936900e+04, l1-norm of X = 4.862286e+02.
  Coordinate descent sweep 1. norm of D = 3.255653e+04, change in D = 3.255653e+04.
    Line search step size 1.000000e+00.  Lack of positive definiteness.
    Line search step size 5.000000e-01.  Lack of positive definiteness.
    Line search step size chosen: 2.500000e-01.
  Objective value decreased by 2.552659e+02.
Newton iteration 3.
  Active set size = 7048647.
  sub-gradient = 4.173376e+04, l1-norm of X = 7.462792e+02.
  Coordinate descent sweep 1. norm of D = 1.665570e+04, change in D = 1.665570e+04.
  Coordinate descent sweep 2. norm of D = 1.752104e+04, change in D = 5.213436e+03.
    Line search step size chosen: 1.000000e+00.
  Objective value decreased by 2.567070e+02.
Newton iteration 4.
  Active set size = 3525072.
  sub-gradient = 1.501921e+04, l1-norm of X = 1.059630e+03.
  Coordinate descent sweep 1. norm of D = 3.936115e+03, change in D = 3.936115e+03.
  Coordinate descent sweep 2. norm of D = 4.434491e+03, change in D = 2.665768e+03.
    Line search step size chosen: 1.000000e+00.
  Objective value decreased by 2.999557e+01.
Newton iteration 5.
  Active set size = 3154597.
  sub-gradient = 3.177842e+03, l1-norm of X = 1.110531e+03.
  Coordinate descent sweep 1. norm of D = 1.814657e+03, change in D = 1.814657e+03.
  Coordinate descent sweep 2. norm of D = 2.157864e+03, change in D = 1.097548e+03.
    Line search step size chosen: 1.000000e+00.
  Objective value decreased by 5.304221e+00.
Newton iteration 6.
  Active set size = 3039284.
  sub-gradient = 7.728945e+02, l1-norm of X = 1.134572e+03.
  Coordinate descent sweep 1. norm of D = 6.779142e+02, change in D = 6.779142e+02.
  Coordinate descent sweep 2. norm of D = 8.246949e+02, change in D = 4.175316e+02.
  Coordinate descent sweep 3. norm of D = 9.134856e+02, change in D = 2.610303e+02.
    Line search step size chosen: 1.000000e+00.
  Objective value decreased by 1.097350e+00.
Newton iteration 7.
  Active set size = 2999096.
  sub-gradient = 1.994657e+02, l1-norm of X = 1.146477e+03.
  Coordinate descent sweep 1. norm of D = 1.783889e+02, change in D = 1.783889e+02.
  Coordinate descent sweep 2. norm of D = 2.133927e+02, change in D = 1.285335e+02.
  Coordinate descent sweep 3. norm of D = 2.330306e+02, change in D = 9.544330e+01.
    Line search step size chosen: 1.000000e+00.
  Objective value decreased by 2.085189e-01.
Newton iteration 8.
  Active set size = 2989695.
  sub-gradient = 7.796194e+01, l1-norm of X = 1.149047e+03.
  Coordinate descent sweep 1. norm of D = 7.628929e+01, change in D = 7.628929e+01.
  Coordinate descent sweep 2. norm of D = 8.542259e+01, change in D = 6.242138e+01.
  Coordinate descent sweep 3. norm of D = 9.010120e+01, change in D = 5.173278e+01.
    Line search step size chosen: 1.000000e+00.
  Objective value decreased by 8.320580e-02.
Newton iteration 9.
  Active set size = 2986870.
  sub-gradient = 3.969010e+01, l1-norm of X = 1.149675e+03.
  Coordinate descent sweep 1. norm of D = 4.300687e+01, change in D = 4.300687e+01.
  Coordinate descent sweep 2. norm of D = 4.927370e+01, change in D = 3.806569e+01.
  Coordinate descent sweep 3. norm of D = 5.167058e+01, change in D = 3.379097e+01.
  Coordinate descent sweep 4. norm of D = 5.219740e+01, change in D = 2.966117e+01.
    Line search step size chosen: 1.000000e+00.
  Objective value decreased by 5.155248e-02.
Newton iteration 10.
  Active set size = 2985819.
  sub-gradient = 2.389446e+01, l1-norm of X = 1.149884e+03.
  Coordinate descent sweep 1. norm of D = 2.687921e+01, change in D = 2.687921e+01.
  Coordinate descent sweep 2. norm of D = 3.100951e+01, change in D = 2.661049e+01.
  Coordinate descent sweep 3. norm of D = 3.263766e+01, change in D = 2.577197e+01.
  Coordinate descent sweep 4. norm of D = 3.251422e+01, change in D = 2.351296e+01.
    Line search step size chosen: 1.000000e+00.
  Objective value decreased by 2.308210e-02.
Newton iteration 11.
  Active set size = 2985653.
  sub-gradient = 2.241963e+01, l1-norm of X = 1.149945e+03.
  Coordinate descent sweep 1. norm of D = 2.092876e+01, change in D = 2.092876e+01.
  Coordinate descent sweep 2. norm of D = 2.406843e+01, change in D = 2.002954e+01.
  Coordinate descent sweep 3. norm of D = 2.436092e+01, change in D = 1.841608e+01.
  Coordinate descent sweep 4. norm of D = 2.406747e+01, change in D = 1.628711e+01.
    Line search step size chosen: 1.000000e+00.
  Objective value decreased by 1.211875e-02.
Newton iteration 12.
  Active set size = 2985211.
  sub-gradient = 1.380410e+01, l1-norm of X = 1.149978e+03.
  Coordinate descent sweep 1. norm of D = 1.461037e+01, change in D = 1.461037e+01.
  Coordinate descent sweep 2. norm of D = 1.583804e+01, change in D = 1.328138e+01.
  Coordinate descent sweep 3. norm of D = 1.674482e+01, change in D = 1.249107e+01.
  Coordinate descent sweep 4. norm of D = 1.738811e+01, change in D = 1.252628e+01.
  Coordinate descent sweep 5. norm of D = 1.694816e+01, change in D = 1.123320e+01.
    Line search step size chosen: 1.000000e+00.
  Objective value decreased by 8.308538e-03.
Newton iteration 13.
  Active set size = 2984958.
  sub-gradient = 8.942204e+00, l1-norm of X = 1.150007e+03.
  Coordinate descent sweep 1. norm of D = 1.048978e+01, change in D = 1.048978e+01.
  Coordinate descent sweep 2. norm of D = 1.192670e+01, change in D = 1.024466e+01.
  Coordinate descent sweep 3. norm of D = 1.174012e+01, change in D = 9.424077e+00.
  Coordinate descent sweep 4. norm of D = 1.190456e+01, change in D = 8.711844e+00.
  Coordinate descent sweep 5. norm of D = 1.141936e+01, change in D = 7.156038e+00.
    Line search step size chosen: 1.000000e+00.
  Objective value decreased by 4.316891e-03.
Newton iteration 14.
  Active set size = 2985129.
  sub-gradient = 1.121281e+01, l1-norm of X = 1.150025e+03.
  Coordinate descent sweep 1. norm of D = 7.341810e+00, change in D = 7.341810e+00.
  Coordinate descent sweep 2. norm of D = 7.964033e+00, change in D = 7.415867e+00.
  Coordinate descent sweep 3. norm of D = 7.588185e+00, change in D = 6.506681e+00.
  Coordinate descent sweep 4. norm of D = 8.299688e+00, change in D = 6.623186e+00.
  Coordinate descent sweep 5. norm of D = 7.980538e+00, change in D = 6.146615e+00.
    Line search step size chosen: 1.000000e+00.
  Objective value decreased by 2.371832e-03.
Newton iteration 15.
  Active set size = 2984786.
  sub-gradient = 4.986188e+00, l1-norm of X = 1.150036e+03.
  Coordinate descent sweep 1. norm of D = 5.433433e+00, change in D = 5.433433e+00.
  Coordinate descent sweep 2. norm of D = 6.265110e+00, change in D = 5.129983e+00.
  Coordinate descent sweep 3. norm of D = 6.407910e+00, change in D = 4.979427e+00.
  Coordinate descent sweep 4. norm of D = 6.268649e+00, change in D = 4.402810e+00.
  Coordinate descent sweep 5. norm of D = 6.690663e+00, change in D = 4.485654e+00.
  Coordinate descent sweep 6. norm of D = 6.547559e+00, change in D = 4.332242e+00.
    Line search step size chosen: 1.000000e+00.
  Objective value decreased by 1.434123e-03.
Newton iteration 16.
  Active set size = 2984674.
  sub-gradient = 3.907747e+00, l1-norm of X = 1.150043e+03.
  Coordinate descent sweep 1. norm of D = 4.035023e+00, change in D = 4.035023e+00.
  Coordinate descent sweep 2. norm of D = 4.282213e+00, change in D = 3.594175e+00.
  Coordinate descent sweep 3. norm of D = 4.330400e+00, change in D = 3.349833e+00.
  Coordinate descent sweep 4. norm of D = 4.571417e+00, change in D = 3.343998e+00.
  Coordinate descent sweep 5. norm of D = 4.474414e+00, change in D = 3.031689e+00.
  Coordinate descent sweep 6. norm of D = 4.487050e+00, change in D = 2.859959e+00.
    Line search step size chosen: 1.000000e+00.
  Objective value decreased by 7.204119e-04.
Newton iteration 17.
  Active set size = 2984604.
  sub-gradient = 2.519969e+00, l1-norm of X = 1.150048e+03.
  Coordinate descent sweep 1. norm of D = 2.696246e+00, change in D = 2.696246e+00.
  Coordinate descent sweep 2. norm of D = 3.115851e+00, change in D = 2.644954e+00.
  Coordinate descent sweep 3. norm of D = 3.056870e+00, change in D = 2.374279e+00.
  Coordinate descent sweep 4. norm of D = 3.077483e+00, change in D = 2.212094e+00.
  Coordinate descent sweep 5. norm of D = 3.025039e+00, change in D = 2.040337e+00.
  Coordinate descent sweep 6. norm of D = 3.007641e+00, change in D = 1.881676e+00.
    Line search step size chosen: 1.000000e+00.
  Objective value decreased by 3.604979e-04.
Newton iteration 18.
  Active set size = 2984624.
  sub-gradient = 2.538604e+00, l1-norm of X = 1.150053e+03.
  Coordinate descent sweep 1. norm of D = 1.967326e+00, change in D = 1.967326e+00.
  Coordinate descent sweep 2. norm of D = 1.999405e+00, change in D = 1.789892e+00.
  Coordinate descent sweep 3. norm of D = 2.245111e+00, change in D = 1.805205e+00.
  Coordinate descent sweep 4. norm of D = 2.152068e+00, change in D = 1.759029e+00.
  Coordinate descent sweep 5. norm of D = 2.075189e+00, change in D = 1.535054e+00.
  Coordinate descent sweep 6. norm of D = 2.099049e+00, change in D = 1.533389e+00.
  Coordinate descent sweep 7. norm of D = 2.116469e+00, change in D = 1.480522e+00.
    Line search step size chosen: 1.000000e+00.
  Objective value decreased by 2.211879e-04.
Newton iteration 19.
  Active set size = 2984553.
  sub-gradient = 1.334624e+00, l1-norm of X = 1.150056e+03.
  Coordinate descent sweep 1. norm of D = 1.371045e+00, change in D = 1.371045e+00.
  Coordinate descent sweep 2. norm of D = 1.550172e+00, change in D = 1.313092e+00.
  Coordinate descent sweep 3. norm of D = 1.538255e+00, change in D = 1.201225e+00.
  Coordinate descent sweep 4. norm of D = 1.591178e+00, change in D = 1.176671e+00.
  Coordinate descent sweep 5. norm of D = 1.534888e+00, change in D = 1.021373e+00.
  Coordinate descent sweep 6. norm of D = 1.584986e+00, change in D = 1.061593e+00.
  Coordinate descent sweep 7. norm of D = 1.575347e+00, change in D = 1.002951e+00.
    Line search step size chosen: 1.000000e+00.
  Objective value decreased by 9.549610e-05.
Newton iteration 20.
  Active set size = 2984537.
  sub-gradient = 7.709013e-01, l1-norm of X = 1.150058e+03.
  Coordinate descent sweep 1. norm of D = 8.746024e-01, change in D = 8.746024e-01.
  Coordinate descent sweep 2. norm of D = 1.038917e+00, change in D = 8.470096e-01.
  Coordinate descent sweep 3. norm of D = 1.065335e+00, change in D = 8.321915e-01.
  Coordinate descent sweep 4. norm of D = 1.092980e+00, change in D = 8.216524e-01.
  Coordinate descent sweep 5. norm of D = 1.060546e+00, change in D = 7.535951e-01.
  Coordinate descent sweep 6. norm of D = 1.046877e+00, change in D = 6.643294e-01.
  Coordinate descent sweep 7. norm of D = 1.026842e+00, change in D = 5.763231e-01.
    Line search step size chosen: 1.000000e+00.
  Objective value decreased by 4.752029e-05.
Newton iteration 21.
  Active set size = 2984559.
  sub-gradient = 1.217949e+00, l1-norm of X = 1.150060e+03.
  Coordinate descent sweep 1. norm of D = 6.341263e-01, change in D = 6.341263e-01.
  Coordinate descent sweep 2. norm of D = 6.510390e-01, change in D = 6.017235e-01.
  Coordinate descent sweep 3. norm of D = 6.656978e-01, change in D = 5.689108e-01.
  Coordinate descent sweep 4. norm of D = 6.527441e-01, change in D = 5.315483e-01.
  Coordinate descent sweep 5. norm of D = 6.529497e-01, change in D = 4.900461e-01.
  Coordinate descent sweep 6. norm of D = 6.537497e-01, change in D = 4.712777e-01.
  Coordinate descent sweep 7. norm of D = 6.438144e-01, change in D = 4.529056e-01.
  Coordinate descent sweep 8. norm of D = 6.441965e-01, change in D = 4.141395e-01.
    Line search step size chosen: 1.000000e+00.
  Objective value decreased by 2.556141e-05.
Newton iteration 22.
  Active set size = 2984522.
  sub-gradient = 3.581727e-01, l1-norm of X = 1.150060e+03.
  Coordinate descent sweep 1. norm of D = 4.245056e-01, change in D = 4.245056e-01.
  Coordinate descent sweep 2. norm of D = 4.286950e-01, change in D = 3.779470e-01.
  Coordinate descent sweep 3. norm of D = 4.566934e-01, change in D = 3.626858e-01.
  Coordinate descent sweep 4. norm of D = 4.553883e-01, change in D = 3.536126e-01.
  Coordinate descent sweep 5. norm of D = 4.612729e-01, change in D = 3.341004e-01.
  Coordinate descent sweep 6. norm of D = 4.674164e-01, change in D = 3.306964e-01.
  Coordinate descent sweep 7. norm of D = 4.564612e-01, change in D = 3.020109e-01.
  Coordinate descent sweep 8. norm of D = 4.506975e-01, change in D = 2.848814e-01.
    Line search step size chosen: 1.000000e+00.
  Objective value decreased by 1.088960e-05.
Newton iteration 23.
  Active set size = 2984507.
  sub-gradient = 2.439903e-01, l1-norm of X = 1.150061e+03.
  Coordinate descent sweep 1. norm of D = 2.456957e-01, change in D = 2.456957e-01.
  Coordinate descent sweep 2. norm of D = 2.824409e-01, change in D = 2.193748e-01.
  Coordinate descent sweep 3. norm of D = 3.055762e-01, change in D = 2.289906e-01.
  Coordinate descent sweep 4. norm of D = 3.222298e-01, change in D = 2.454405e-01.
  Coordinate descent sweep 5. norm of D = 3.201550e-01, change in D = 2.398780e-01.
  Coordinate descent sweep 6. norm of D = 3.073145e-01, change in D = 2.151612e-01.
  Coordinate descent sweep 7. norm of D = 3.167590e-01, change in D = 2.164269e-01.
  Coordinate descent sweep 8. norm of D = 2.918086e-01, change in D = 1.756705e-01.
    Line search step size chosen: 1.000000e+00.
  Objective value decreased by 4.868432e-06.
Newton iteration 24.
  Active set size = 2984513.
  sub-gradient = 1.865821e-01, l1-norm of X = 1.150062e+03.
  Coordinate descent sweep 1. norm of D = 1.694517e-01, change in D = 1.694517e-01.
  Coordinate descent sweep 2. norm of D = 1.820996e-01, change in D = 1.679053e-01.
  Coordinate descent sweep 3. norm of D = 1.921790e-01, change in D = 1.660304e-01.
  Coordinate descent sweep 4. norm of D = 1.884449e-01, change in D = 1.547791e-01.
  Coordinate descent sweep 5. norm of D = 1.882900e-01, change in D = 1.515782e-01.
  Coordinate descent sweep 6. norm of D = 1.896353e-01, change in D = 1.454375e-01.
  Coordinate descent sweep 7. norm of D = 1.708757e-01, change in D = 1.183484e-01.
  Coordinate descent sweep 8. norm of D = 1.839867e-01, change in D = 1.204958e-01.
  Coordinate descent sweep 9. norm of D = 1.718473e-01, change in D = 1.058132e-01.
    Line search step size chosen: 1.000000e+00.
  Objective value decreased by 2.349941e-06.
Newton iteration 25.
  Active set size = 2984502.
  sub-gradient = 8.762204e-02, l1-norm of X = 1.150062e+03.
  Coordinate descent sweep 1. norm of D = 9.707427e-02, change in D = 9.707427e-02.
  Coordinate descent sweep 2. norm of D = 1.192015e-01, change in D = 1.067918e-01.
  Coordinate descent sweep 3. norm of D = 1.235063e-01, change in D = 1.075423e-01.
  Coordinate descent sweep 4. norm of D = 1.197185e-01, change in D = 9.861276e-02.
  Coordinate descent sweep 5. norm of D = 1.213233e-01, change in D = 9.646184e-02.
  Coordinate descent sweep 6. norm of D = 1.150748e-01, change in D = 8.675432e-02.
  Coordinate descent sweep 7. norm of D = 1.143407e-01, change in D = 7.862318e-02.
  Coordinate descent sweep 8. norm of D = 1.143000e-01, change in D = 7.581740e-02.
  Coordinate descent sweep 9. norm of D = 1.111922e-01, change in D = 6.748312e-02.
    Line search step size chosen: 1.000000e+00.
  Objective value decreased by 9.221812e-07.
QUIC CPU time: 49805.930 seconds
