[1] "sra_normal"    "566"           "pooling_first" "0.04"         
[1] "Data read complete"
Running QUIC version 1.1 in 'default' mode.
Newton iteration 1.
  X is a diagonal matrix.
    Line search step size 1.000000e+00.  Lack of positive definiteness.
    Line search step size 5.000000e-01.  Lack of positive definiteness.
    Line search step size 2.500000e-01.  Lack of positive definiteness.
    Line search step size chosen: 1.250000e-01.
  Objective value decreased by 1.244182e+02.
Newton iteration 2.
  Active set size = 1742340.
  sub-gradient = 1.783226e+04, l1-norm of X = 2.074536e+02.
  Coordinate descent sweep 1. norm of D = 1.573477e+04, change in D = 1.573477e+04.
    Line search step size 1.000000e+00.  Lack of positive definiteness.
    Line search step size 5.000000e-01.  Lack of positive definiteness.
    Line search step size chosen: 2.500000e-01.
  Objective value decreased by 1.474599e+02.
Newton iteration 3.
  Active set size = 1746077.
  sub-gradient = 1.124791e+04, l1-norm of X = 5.185192e+02.
  Coordinate descent sweep 1. norm of D = 7.778343e+03, change in D = 7.778343e+03.
  Coordinate descent sweep 2. norm of D = 7.245989e+03, change in D = 1.716545e+03.
    Line search step size chosen: 1.000000e+00.
  Objective value decreased by 8.584828e+01.
Newton iteration 4.
  Active set size = 2406428.
  sub-gradient = 4.525119e+04, l1-norm of X = 9.679204e+02.
  Coordinate descent sweep 1. norm of D = 1.460731e+03, change in D = 1.460731e+03.
  Coordinate descent sweep 2. norm of D = 1.112919e+03, change in D = 1.053894e+03.
    Line search step size chosen: 1.000000e+00.
  Objective value decreased by 1.892784e+01.
Newton iteration 5.
  Active set size = 1448322.
  sub-gradient = 1.438554e+04, l1-norm of X = 9.429333e+02.
  Coordinate descent sweep 1. norm of D = 9.671505e+02, change in D = 9.671505e+02.
  Coordinate descent sweep 2. norm of D = 7.687631e+02, change in D = 6.687687e+02.
    Line search step size chosen: 1.000000e+00.
  Objective value decreased by 7.335921e+00.
Newton iteration 6.
  Active set size = 1224822.
  sub-gradient = 5.020579e+03, l1-norm of X = 9.197283e+02.
  Coordinate descent sweep 1. norm of D = 5.634206e+02, change in D = 5.634206e+02.
  Coordinate descent sweep 2. norm of D = 4.319320e+02, change in D = 4.058300e+02.
  Coordinate descent sweep 3. norm of D = 4.248957e+02, change in D = 1.315310e+02.
    Line search step size chosen: 1.000000e+00.
  Objective value decreased by 2.452568e+00.
Newton iteration 7.
  Active set size = 1152695.
  sub-gradient = 1.492063e+03, l1-norm of X = 9.061595e+02.
  Coordinate descent sweep 1. norm of D = 2.370982e+02, change in D = 2.370982e+02.
  Coordinate descent sweep 2. norm of D = 1.759536e+02, change in D = 1.935860e+02.
  Coordinate descent sweep 3. norm of D = 1.744897e+02, change in D = 5.649728e+01.
    Line search step size chosen: 1.000000e+00.
  Objective value decreased by 4.764382e-01.
Newton iteration 8.
  Active set size = 1127217.
  sub-gradient = 2.957589e+02, l1-norm of X = 9.010345e+02.
  Coordinate descent sweep 1. norm of D = 7.183151e+01, change in D = 7.183151e+01.
  Coordinate descent sweep 2. norm of D = 5.663448e+01, change in D = 5.409885e+01.
  Coordinate descent sweep 3. norm of D = 5.737814e+01, change in D = 1.869776e+01.
    Line search step size chosen: 1.000000e+00.
  Objective value decreased by 7.280182e-02.
Newton iteration 9.
  Active set size = 1121861.
  sub-gradient = 2.397351e+01, l1-norm of X = 9.000131e+02.
  Coordinate descent sweep 1. norm of D = 1.121959e+01, change in D = 1.121959e+01.
  Coordinate descent sweep 2. norm of D = 1.071655e+01, change in D = 7.959890e+00.
  Coordinate descent sweep 3. norm of D = 1.131815e+01, change in D = 5.540700e+00.
  Coordinate descent sweep 4. norm of D = 1.165172e+01, change in D = 4.775974e+00.
    Line search step size chosen: 1.000000e+00.
  Objective value decreased by 3.246980e-02.
Newton iteration 10.
  Active set size = 1121418.
  sub-gradient = 3.683028e+00, l1-norm of X = 9.000107e+02.
  Coordinate descent sweep 1. norm of D = 4.069199e+00, change in D = 4.069199e+00.
  Coordinate descent sweep 2. norm of D = 4.279736e+00, change in D = 3.605120e+00.
  Coordinate descent sweep 3. norm of D = 4.591760e+00, change in D = 3.177377e+00.
  Coordinate descent sweep 4. norm of D = 4.576556e+00, change in D = 2.586939e+00.
    Line search step size chosen: 1.000000e+00.
  Objective value decreased by 1.156172e-02.
Newton iteration 11.
  Active set size = 1121349.
  sub-gradient = 2.054226e+00, l1-norm of X = 9.000382e+02.
  Coordinate descent sweep 1. norm of D = 2.310971e+00, change in D = 2.310971e+00.
  Coordinate descent sweep 2. norm of D = 2.534920e+00, change in D = 2.303847e+00.
  Coordinate descent sweep 3. norm of D = 2.661397e+00, change in D = 2.092640e+00.
  Coordinate descent sweep 4. norm of D = 2.642950e+00, change in D = 1.893914e+00.
    Line search step size chosen: 1.000000e+00.
  Objective value decreased by 5.564040e-03.
Newton iteration 12.
  Active set size = 1121341.
  sub-gradient = 1.550305e+00, l1-norm of X = 9.000541e+02.
  Coordinate descent sweep 1. norm of D = 1.601441e+00, change in D = 1.601441e+00.
  Coordinate descent sweep 2. norm of D = 1.827487e+00, change in D = 1.627781e+00.
  Coordinate descent sweep 3. norm of D = 1.951951e+00, change in D = 1.591885e+00.
  Coordinate descent sweep 4. norm of D = 2.018978e+00, change in D = 1.425175e+00.
  Coordinate descent sweep 5. norm of D = 1.957893e+00, change in D = 1.312372e+00.
    Line search step size chosen: 1.000000e+00.
  Objective value decreased by 3.432703e-03.
Newton iteration 13.
  Active set size = 1121287.
  sub-gradient = 8.751641e-01, l1-norm of X = 9.000691e+02.
  Coordinate descent sweep 1. norm of D = 1.079605e+00, change in D = 1.079605e+00.
  Coordinate descent sweep 2. norm of D = 1.193511e+00, change in D = 9.914095e-01.
  Coordinate descent sweep 3. norm of D = 1.241438e+00, change in D = 9.360127e-01.
  Coordinate descent sweep 4. norm of D = 1.308908e+00, change in D = 8.490349e-01.
  Coordinate descent sweep 5. norm of D = 1.316441e+00, change in D = 7.458738e-01.
    Line search step size chosen: 1.000000e+00.
  Objective value decreased by 1.412475e-03.
Newton iteration 14.
  Active set size = 1121304.
  sub-gradient = 8.606706e-01, l1-norm of X = 9.000777e+02.
  Coordinate descent sweep 1. norm of D = 6.863204e-01, change in D = 6.863204e-01.
  Coordinate descent sweep 2. norm of D = 7.425184e-01, change in D = 6.595732e-01.
  Coordinate descent sweep 3. norm of D = 7.902786e-01, change in D = 6.475849e-01.
  Coordinate descent sweep 4. norm of D = 7.712774e-01, change in D = 5.819639e-01.
  Coordinate descent sweep 5. norm of D = 8.093085e-01, change in D = 5.489248e-01.
    Line search step size chosen: 1.000000e+00.
  Objective value decreased by 5.973229e-04.
Newton iteration 15.
  Active set size = 1121290.
  sub-gradient = 5.723015e-01, l1-norm of X = 9.000830e+02.
  Coordinate descent sweep 1. norm of D = 5.194435e-01, change in D = 5.194435e-01.
  Coordinate descent sweep 2. norm of D = 5.344690e-01, change in D = 4.613315e-01.
  Coordinate descent sweep 3. norm of D = 5.174810e-01, change in D = 3.886062e-01.
  Coordinate descent sweep 4. norm of D = 5.837060e-01, change in D = 3.723577e-01.
  Coordinate descent sweep 5. norm of D = 5.529216e-01, change in D = 3.616042e-01.
  Coordinate descent sweep 6. norm of D = 5.976003e-01, change in D = 3.442839e-01.
    Line search step size chosen: 1.000000e+00.
  Objective value decreased by 2.953547e-04.
Newton iteration 16.
  Active set size = 1121273.
  sub-gradient = 3.613782e-01, l1-norm of X = 9.000872e+02.
  Coordinate descent sweep 1. norm of D = 3.292505e-01, change in D = 3.292505e-01.
  Coordinate descent sweep 2. norm of D = 3.347276e-01, change in D = 2.941255e-01.
  Coordinate descent sweep 3. norm of D = 3.442864e-01, change in D = 2.554005e-01.
  Coordinate descent sweep 4. norm of D = 3.540130e-01, change in D = 2.272825e-01.
  Coordinate descent sweep 5. norm of D = 3.570791e-01, change in D = 1.960102e-01.
  Coordinate descent sweep 6. norm of D = 3.697762e-01, change in D = 1.844299e-01.
    Line search step size chosen: 1.000000e+00.
  Objective value decreased by 1.321567e-04.
Newton iteration 17.
  Active set size = 1121267.
  sub-gradient = 1.406983e-01, l1-norm of X = 9.000911e+02.
  Coordinate descent sweep 1. norm of D = 1.751993e-01, change in D = 1.751993e-01.
  Coordinate descent sweep 2. norm of D = 1.909709e-01, change in D = 1.634252e-01.
  Coordinate descent sweep 3. norm of D = 2.182113e-01, change in D = 1.782205e-01.
  Coordinate descent sweep 4. norm of D = 2.029189e-01, change in D = 1.561841e-01.
  Coordinate descent sweep 5. norm of D = 2.047348e-01, change in D = 1.306191e-01.
  Coordinate descent sweep 6. norm of D = 2.175562e-01, change in D = 1.291540e-01.
    Line search step size chosen: 1.000000e+00.
  Objective value decreased by 5.442509e-05.
Newton iteration 18.
  Active set size = 1121269.
  sub-gradient = 1.773837e-01, l1-norm of X = 9.000921e+02.
  Coordinate descent sweep 1. norm of D = 1.316110e-01, change in D = 1.316110e-01.
  Coordinate descent sweep 2. norm of D = 1.277979e-01, change in D = 1.146435e-01.
  Coordinate descent sweep 3. norm of D = 1.369889e-01, change in D = 1.015163e-01.
  Coordinate descent sweep 4. norm of D = 1.447695e-01, change in D = 1.017213e-01.
  Coordinate descent sweep 5. norm of D = 1.495196e-01, change in D = 1.042834e-01.
  Coordinate descent sweep 6. norm of D = 1.485208e-01, change in D = 9.514937e-02.
  Coordinate descent sweep 7. norm of D = 1.546158e-01, change in D = 8.646430e-02.
    Line search step size chosen: 1.000000e+00.
  Objective value decreased by 2.306487e-05.
Newton iteration 19.
  Active set size = 1121265.
  sub-gradient = 7.173383e-02, l1-norm of X = 9.000936e+02.
  Coordinate descent sweep 1. norm of D = 8.097587e-02, change in D = 8.097587e-02.
  Coordinate descent sweep 2. norm of D = 8.786420e-02, change in D = 7.682837e-02.
  Coordinate descent sweep 3. norm of D = 8.623521e-02, change in D = 6.162941e-02.
  Coordinate descent sweep 4. norm of D = 9.480823e-02, change in D = 6.935211e-02.
  Coordinate descent sweep 5. norm of D = 9.765927e-02, change in D = 6.892846e-02.
  Coordinate descent sweep 6. norm of D = 9.299029e-02, change in D = 5.613585e-02.
  Coordinate descent sweep 7. norm of D = 9.663062e-02, change in D = 5.231987e-02.
    Line search step size chosen: 1.000000e+00.
  Objective value decreased by 8.242914e-06.
QUIC CPU time: 13147.620 seconds
