[1] "sra_normal"    "566"           "pooling_first" "0.12"         
[1] "Data read complete"
Running QUIC version 1.1 in 'default' mode.
Newton iteration 1.
  X is a diagonal matrix.
    Line search step size 1.000000e+00.  Lack of positive definiteness.
    Line search step size 5.000000e-01.  Lack of positive definiteness.
    Line search step size chosen: 2.500000e-01.
  Objective value decreased by 1.991723e+01.
Newton iteration 2.
  Active set size = 15880.
  sub-gradient = 2.703293e+02, l1-norm of X = 2.359520e+01.
  Coordinate descent sweep 1. norm of D = 2.448820e+02, change in D = 2.448820e+02.
    Line search step size chosen: 1.000000e+00.
  Objective value decreased by 1.242389e+01.
Newton iteration 3.
  Active set size = 15515.
  sub-gradient = 3.846405e+02, l1-norm of X = 7.554679e+01.
  Coordinate descent sweep 1. norm of D = 7.137331e+01, change in D = 7.137331e+01.
  Coordinate descent sweep 2. norm of D = 6.668406e+01, change in D = 3.111102e+01.
    Line search step size chosen: 1.000000e+00.
  Objective value decreased by 4.802757e+00.
Newton iteration 4.
  Active set size = 15032.
  sub-gradient = 1.207980e+02, l1-norm of X = 7.278895e+01.
  Coordinate descent sweep 1. norm of D = 2.974665e+01, change in D = 2.974665e+01.
  Coordinate descent sweep 2. norm of D = 2.979395e+01, change in D = 1.555334e+01.
    Line search step size chosen: 1.000000e+00.
  Objective value decreased by 1.258106e+00.
Newton iteration 5.
  Active set size = 14868.
  sub-gradient = 3.256662e+01, l1-norm of X = 7.142873e+01.
  Coordinate descent sweep 1. norm of D = 1.189659e+01, change in D = 1.189659e+01.
  Coordinate descent sweep 2. norm of D = 1.333609e+01, change in D = 6.599092e+00.
    Line search step size chosen: 1.000000e+00.
  Objective value decreased by 2.980342e-01.
Newton iteration 6.
  Active set size = 14808.
  sub-gradient = 7.115503e+00, l1-norm of X = 7.109492e+01.
  Coordinate descent sweep 1. norm of D = 4.107153e+00, change in D = 4.107153e+00.
  Coordinate descent sweep 2. norm of D = 5.138928e+00, change in D = 2.544398e+00.
  Coordinate descent sweep 3. norm of D = 5.971870e+00, change in D = 1.476724e+00.
    Line search step size chosen: 1.000000e+00.
  Objective value decreased by 7.765714e-02.
Newton iteration 7.
  Active set size = 14800.
  sub-gradient = 1.206459e+00, l1-norm of X = 7.122200e+01.
  Coordinate descent sweep 1. norm of D = 1.008511e+00, change in D = 1.008511e+00.
  Coordinate descent sweep 2. norm of D = 1.343815e+00, change in D = 6.836876e-01.
  Coordinate descent sweep 3. norm of D = 1.778138e+00, change in D = 5.655312e-01.
    Line search step size chosen: 1.000000e+00.
  Objective value decreased by 1.416889e-02.
Newton iteration 8.
  Active set size = 14798.
  sub-gradient = 2.938546e-01, l1-norm of X = 7.130768e+01.
  Coordinate descent sweep 1. norm of D = 3.383019e-01, change in D = 3.383019e-01.
  Coordinate descent sweep 2. norm of D = 5.639386e-01, change in D = 3.079722e-01.
  Coordinate descent sweep 3. norm of D = 7.021719e-01, change in D = 1.999450e-01.
    Line search step size chosen: 1.000000e+00.
  Objective value decreased by 4.510385e-03.
Newton iteration 9.
  Active set size = 14797.
  sub-gradient = 1.758727e-01, l1-norm of X = 7.135584e+01.
  Coordinate descent sweep 1. norm of D = 1.650453e-01, change in D = 1.650453e-01.
  Coordinate descent sweep 2. norm of D = 2.270752e-01, change in D = 1.302814e-01.
  Coordinate descent sweep 3. norm of D = 3.087266e-01, change in D = 1.185775e-01.
  Coordinate descent sweep 4. norm of D = 3.835172e-01, change in D = 1.020065e-01.
    Line search step size chosen: 1.000000e+00.
  Objective value decreased by 1.747621e-03.
Newton iteration 10.
  Active set size = 14796.
  sub-gradient = 6.054321e-02, l1-norm of X = 7.138227e+01.
  Coordinate descent sweep 1. norm of D = 8.480335e-02, change in D = 8.480335e-02.
  Coordinate descent sweep 2. norm of D = 1.250467e-01, change in D = 5.852817e-02.
  Coordinate descent sweep 3. norm of D = 1.652200e-01, change in D = 5.086276e-02.
  Coordinate descent sweep 4. norm of D = 2.092298e-01, change in D = 5.178968e-02.
    Line search step size chosen: 1.000000e+00.
  Objective value decreased by 6.669858e-04.
Newton iteration 11.
  Active set size = 14796.
  sub-gradient = 3.793284e-02, l1-norm of X = 7.139826e+01.
  Coordinate descent sweep 1. norm of D = 3.795247e-02, change in D = 3.795247e-02.
  Coordinate descent sweep 2. norm of D = 6.492854e-02, change in D = 3.628941e-02.
  Coordinate descent sweep 3. norm of D = 8.870631e-02, change in D = 2.807507e-02.
  Coordinate descent sweep 4. norm of D = 1.037805e-01, change in D = 1.943643e-02.
    Line search step size chosen: 1.000000e+00.
  Objective value decreased by 1.925716e-04.
Newton iteration 12.
  Active set size = 14796.
  sub-gradient = 1.660057e-02, l1-norm of X = 7.140565e+01.
  Coordinate descent sweep 1. norm of D = 2.008145e-02, change in D = 2.008145e-02.
  Coordinate descent sweep 2. norm of D = 3.281630e-02, change in D = 1.569892e-02.
  Coordinate descent sweep 3. norm of D = 4.221094e-02, change in D = 1.205067e-02.
  Coordinate descent sweep 4. norm of D = 5.201394e-02, change in D = 1.140490e-02.
  Coordinate descent sweep 5. norm of D = 5.684713e-02, change in D = 8.834508e-03.
    Line search step size chosen: 1.000000e+00.
  Objective value decreased by 5.862057e-05.
Newton iteration 13.
  Active set size = 14796.
  sub-gradient = 6.950778e-03, l1-norm of X = 7.141015e+01.
  Coordinate descent sweep 1. norm of D = 7.654487e-03, change in D = 7.654487e-03.
  Coordinate descent sweep 2. norm of D = 1.332201e-02, change in D = 8.271052e-03.
  Coordinate descent sweep 3. norm of D = 1.805001e-02, change in D = 6.254425e-03.
  Coordinate descent sweep 4. norm of D = 2.278455e-02, change in D = 5.382022e-03.
  Coordinate descent sweep 5. norm of D = 2.729766e-02, change in D = 4.890199e-03.
    Line search step size chosen: 1.000000e+00.
  Objective value decreased by 1.370613e-05.
QUIC CPU time: 1602.662 seconds
