[1] "sra_normal"    "566"           "pooling_first" "0.28"         
[1] "Data read complete"
Running QUIC version 1.1 in 'default' mode.
Newton iteration 1.
  X is a diagonal matrix.
    Line search step size 1.000000e+00.  Lack of positive definiteness.
    Line search step size chosen: 5.000000e-01.
  Objective value decreased by 4.481234e+00.
Newton iteration 2.
  Active set size = 6169.
  sub-gradient = 1.790393e+01, l1-norm of X = 9.594842e+00.
  Coordinate descent sweep 1. norm of D = 1.894098e+01, change in D = 1.894098e+01.
    Line search step size chosen: 1.000000e+00.
  Objective value decreased by 1.341509e+00.
Newton iteration 3.
  Active set size = 6152.
  sub-gradient = 6.909851e+00, l1-norm of X = 1.675956e+01.
  Coordinate descent sweep 1. norm of D = 6.144728e+00, change in D = 6.144728e+00.
  Coordinate descent sweep 2. norm of D = 7.558958e+00, change in D = 2.088173e+00.
    Line search step size chosen: 1.000000e+00.
  Objective value decreased by 2.362857e-01.
Newton iteration 4.
  Active set size = 6145.
  sub-gradient = 1.213644e+00, l1-norm of X = 1.748048e+01.
  Coordinate descent sweep 1. norm of D = 1.382278e+00, change in D = 1.382278e+00.
  Coordinate descent sweep 2. norm of D = 1.900706e+00, change in D = 6.269658e-01.
    Line search step size chosen: 1.000000e+00.
  Objective value decreased by 3.127006e-02.
Newton iteration 5.
  Active set size = 6144.
  sub-gradient = 2.757184e-01, l1-norm of X = 1.773926e+01.
  Coordinate descent sweep 1. norm of D = 3.678883e-01, change in D = 3.678883e-01.
  Coordinate descent sweep 2. norm of D = 5.460765e-01, change in D = 2.104271e-01.
    Line search step size chosen: 1.000000e+00.
  Objective value decreased by 4.760461e-03.
Newton iteration 6.
  Active set size = 6143.
  sub-gradient = 8.261382e-02, l1-norm of X = 1.784025e+01.
  Coordinate descent sweep 1. norm of D = 1.121405e-01, change in D = 1.121405e-01.
  Coordinate descent sweep 2. norm of D = 1.694786e-01, change in D = 7.068736e-02.
  Coordinate descent sweep 3. norm of D = 2.048041e-01, change in D = 4.115974e-02.
    Line search step size chosen: 1.000000e+00.
  Objective value decreased by 8.260842e-04.
Newton iteration 7.
  Active set size = 6143.
  sub-gradient = 2.425089e-02, l1-norm of X = 1.788224e+01.
  Coordinate descent sweep 1. norm of D = 2.619182e-02, change in D = 2.619182e-02.
  Coordinate descent sweep 2. norm of D = 4.418339e-02, change in D = 2.328716e-02.
  Coordinate descent sweep 3. norm of D = 5.584502e-02, change in D = 1.419340e-02.
    Line search step size chosen: 1.000000e+00.
  Objective value decreased by 8.781519e-05.
Newton iteration 8.
  Active set size = 6143.
  sub-gradient = 9.202558e-03, l1-norm of X = 1.789410e+01.
  Coordinate descent sweep 1. norm of D = 1.039642e-02, change in D = 1.039642e-02.
  Coordinate descent sweep 2. norm of D = 1.607689e-02, change in D = 6.218429e-03.
  Coordinate descent sweep 3. norm of D = 2.056327e-02, change in D = 4.682340e-03.
    Line search step size chosen: 1.000000e+00.
  Objective value decreased by 1.303212e-05.
Newton iteration 9.
  Active set size = 6143.
  sub-gradient = 2.676235e-03, l1-norm of X = 1.789761e+01.
  Coordinate descent sweep 1. norm of D = 3.113383e-03, change in D = 3.113383e-03.
  Coordinate descent sweep 2. norm of D = 5.396803e-03, change in D = 2.315271e-03.
  Coordinate descent sweep 3. norm of D = 6.626582e-03, change in D = 1.254747e-03.
  Coordinate descent sweep 4. norm of D = 7.474169e-03, change in D = 8.673639e-04.
    Line search step size chosen: 1.000000e+00.
  Objective value decreased by 1.619154e-06.
Newton iteration 10.
  Active set size = 6143.
  sub-gradient = 6.823296e-04, l1-norm of X = 1.789895e+01.
  Coordinate descent sweep 1. norm of D = 9.613137e-04, change in D = 9.613137e-04.
  Coordinate descent sweep 2. norm of D = 1.424262e-03, change in D = 4.674588e-04.
  Coordinate descent sweep 3. norm of D = 1.611372e-03, change in D = 2.287824e-04.
  Coordinate descent sweep 4. norm of D = 1.894717e-03, change in D = 3.077207e-04.
    Line search step size chosen: 1.000000e+00.
  Objective value decreased by 1.255248e-07.
QUIC CPU time: 1161.475 seconds
