[1] "sra_normal"    "566"           "pooling_first" "0.32"         
[1] "Data read complete"
Running QUIC version 1.1 in 'default' mode.
Newton iteration 1.
  X is a diagonal matrix.
    Line search step size chosen: 1.000000e+00.
  Objective value decreased by 2.830383e+00.
Newton iteration 2.
  Active set size = 6008.
  sub-gradient = 3.901166e+01, l1-norm of X = 1.405614e+01.
  Coordinate descent sweep 1. norm of D = 7.774896e+00, change in D = 7.774896e+00.
    Line search step size chosen: 1.000000e+00.
  Objective value decreased by 7.049795e-01.
Newton iteration 3.
  Active set size = 5997.
  sub-gradient = 1.389256e+01, l1-norm of X = 1.334340e+01.
  Coordinate descent sweep 1. norm of D = 3.001880e+00, change in D = 3.001880e+00.
  Coordinate descent sweep 2. norm of D = 3.397733e+00, change in D = 1.156311e+00.
    Line search step size chosen: 1.000000e+00.
  Objective value decreased by 3.144152e-01.
Newton iteration 4.
  Active set size = 5998.
  sub-gradient = 5.208999e+00, l1-norm of X = 1.372400e+01.
  Coordinate descent sweep 1. norm of D = 1.493239e+00, change in D = 1.493239e+00.
  Coordinate descent sweep 2. norm of D = 1.702671e+00, change in D = 6.381144e-01.
    Line search step size chosen: 1.000000e+00.
  Objective value decreased by 1.199574e-01.
Newton iteration 5.
  Active set size = 5996.
  sub-gradient = 1.421605e+00, l1-norm of X = 1.359831e+01.
  Coordinate descent sweep 1. norm of D = 7.274287e-01, change in D = 7.274287e-01.
  Coordinate descent sweep 2. norm of D = 8.053767e-01, change in D = 3.559363e-01.
    Line search step size chosen: 1.000000e+00.
  Objective value decreased by 2.863636e-02.
Newton iteration 6.
  Active set size = 5995.
  sub-gradient = 2.641853e-01, l1-norm of X = 1.357577e+01.
  Coordinate descent sweep 1. norm of D = 2.088608e-01, change in D = 2.088608e-01.
  Coordinate descent sweep 2. norm of D = 2.616463e-01, change in D = 9.075889e-02.
  Coordinate descent sweep 3. norm of D = 2.918285e-01, change in D = 4.298756e-02.
    Line search step size chosen: 1.000000e+00.
  Objective value decreased by 1.901557e-03.
Newton iteration 7.
  Active set size = 5995.
  sub-gradient = 2.414575e-02, l1-norm of X = 1.359513e+01.
  Coordinate descent sweep 1. norm of D = 2.589636e-02, change in D = 2.589636e-02.
  Coordinate descent sweep 2. norm of D = 3.908033e-02, change in D = 1.664086e-02.
  Coordinate descent sweep 3. norm of D = 4.636475e-02, change in D = 7.822602e-03.
    Line search step size chosen: 1.000000e+00.
  Objective value decreased by 4.069779e-05.
Newton iteration 8.
  Active set size = 5995.
  sub-gradient = 2.722040e-03, l1-norm of X = 1.360351e+01.
  Coordinate descent sweep 1. norm of D = 3.794708e-03, change in D = 3.794708e-03.
  Coordinate descent sweep 2. norm of D = 5.620439e-03, change in D = 2.037087e-03.
  Coordinate descent sweep 3. norm of D = 6.739492e-03, change in D = 1.211071e-03.
    Line search step size chosen: 1.000000e+00.
  Objective value decreased by 1.426340e-06.
Newton iteration 9.
  Active set size = 5995.
  sub-gradient = 5.903504e-04, l1-norm of X = 1.360497e+01.
  Coordinate descent sweep 1. norm of D = 7.916359e-04, change in D = 7.916359e-04.
  Coordinate descent sweep 2. norm of D = 1.160917e-03, change in D = 4.454011e-04.
  Coordinate descent sweep 3. norm of D = 1.458019e-03, change in D = 3.261835e-04.
  Coordinate descent sweep 4. norm of D = 1.569755e-03, change in D = 1.154003e-04.
    Line search step size chosen: 1.000000e+00.
  Objective value decreased by 1.018725e-07.
QUIC CPU time: 1228.563 seconds
