[1] "sra_normal"    "566"           "pooling_first" "0.36"         
[1] "Data read complete"
Running QUIC version 1.1 in 'default' mode.
Newton iteration 1.
  X is a diagonal matrix.
    Line search step size chosen: 1.000000e+00.
  Objective value decreased by 2.238364e+00.
Newton iteration 2.
  Active set size = 5924.
  sub-gradient = 1.083743e+01, l1-norm of X = 1.020706e+01.
  Coordinate descent sweep 1. norm of D = 4.989856e+00, change in D = 4.989856e+00.
    Line search step size chosen: 1.000000e+00.
  Objective value decreased by 2.886417e-01.
Newton iteration 3.
  Active set size = 5921.
  sub-gradient = 2.343567e+00, l1-norm of X = 9.733932e+00.
  Coordinate descent sweep 1. norm of D = 1.790158e+00, change in D = 1.790158e+00.
  Coordinate descent sweep 2. norm of D = 2.238827e+00, change in D = 8.255998e-01.
    Line search step size chosen: 1.000000e+00.
  Objective value decreased by 7.057407e-02.
Newton iteration 4.
  Active set size = 5920.
  sub-gradient = 4.236007e-01, l1-norm of X = 1.003767e+01.
  Coordinate descent sweep 1. norm of D = 3.698999e-01, change in D = 3.698999e-01.
  Coordinate descent sweep 2. norm of D = 5.387270e-01, change in D = 2.144117e-01.
    Line search step size chosen: 1.000000e+00.
  Objective value decreased by 4.497806e-03.
Newton iteration 5.
  Active set size = 5918.
  sub-gradient = 7.346242e-02, l1-norm of X = 1.010780e+01.
  Coordinate descent sweep 1. norm of D = 9.552297e-02, change in D = 9.552297e-02.
  Coordinate descent sweep 2. norm of D = 1.302778e-01, change in D = 4.171276e-02.
    Line search step size chosen: 1.000000e+00.
  Objective value decreased by 3.998699e-04.
Newton iteration 6.
  Active set size = 5918.
  sub-gradient = 1.744589e-02, l1-norm of X = 1.013887e+01.
  Coordinate descent sweep 1. norm of D = 1.891900e-02, change in D = 1.891900e-02.
  Coordinate descent sweep 2. norm of D = 2.819624e-02, change in D = 1.277796e-02.
  Coordinate descent sweep 3. norm of D = 3.423669e-02, change in D = 6.748301e-03.
    Line search step size chosen: 1.000000e+00.
  Objective value decreased by 2.978631e-05.
Newton iteration 7.
  Active set size = 5918.
  sub-gradient = 4.147738e-03, l1-norm of X = 1.014759e+01.
  Coordinate descent sweep 1. norm of D = 4.943909e-03, change in D = 4.943909e-03.
  Coordinate descent sweep 2. norm of D = 7.521345e-03, change in D = 2.830903e-03.
  Coordinate descent sweep 3. norm of D = 8.856125e-03, change in D = 1.393446e-03.
    Line search step size chosen: 1.000000e+00.
  Objective value decreased by 2.448838e-06.
Newton iteration 8.
  Active set size = 5918.
  sub-gradient = 6.697881e-04, l1-norm of X = 1.014965e+01.
  Coordinate descent sweep 1. norm of D = 8.209722e-04, change in D = 8.209722e-04.
  Coordinate descent sweep 2. norm of D = 1.187940e-03, change in D = 3.825351e-04.
  Coordinate descent sweep 3. norm of D = 1.451376e-03, change in D = 2.775689e-04.
    Line search step size chosen: 1.000000e+00.
  Objective value decreased by 7.915060e-08.
QUIC CPU time: 1117.473 seconds
