[1] "sra_normal" "350"        "unweighted" "0.56"      
[1] "Data read complete"
Running QUIC version 1.1 in 'default' mode.
Newton iteration 1.
  X is a diagonal matrix.
    Line search step size chosen: 1.000000e+00.
  Objective value decreased by 2.894109e-01.
Newton iteration 2.
  Active set size = 5816.
  sub-gradient = 8.260059e-01, l1-norm of X = 2.717725e+00.
  Coordinate descent sweep 1. norm of D = 6.511495e-01, change in D = 6.511495e-01.
    Line search step size chosen: 1.000000e+00.
  Objective value decreased by 1.083694e-02.
Newton iteration 3.
  Active set size = 5810.
  sub-gradient = 7.751855e-02, l1-norm of X = 2.646763e+00.
  Coordinate descent sweep 1. norm of D = 9.423456e-02, change in D = 9.423456e-02.
  Coordinate descent sweep 2. norm of D = 1.130062e-01, change in D = 2.262147e-02.
    Line search step size chosen: 1.000000e+00.
  Objective value decreased by 5.925788e-04.
Newton iteration 4.
  Active set size = 5810.
  sub-gradient = 5.668173e-03, l1-norm of X = 2.700250e+00.
  Coordinate descent sweep 1. norm of D = 6.383403e-03, change in D = 6.383403e-03.
  Coordinate descent sweep 2. norm of D = 7.823392e-03, change in D = 1.469082e-03.
    Line search step size chosen: 1.000000e+00.
  Objective value decreased by 3.963519e-06.
Newton iteration 5.
  Active set size = 5810.
  sub-gradient = 3.248916e-04, l1-norm of X = 2.702081e+00.
  Coordinate descent sweep 1. norm of D = 4.307994e-04, change in D = 4.307994e-04.
  Coordinate descent sweep 2. norm of D = 5.706380e-04, change in D = 2.005592e-04.
    Line search step size chosen: 1.000000e+00.
  Objective value decreased by 6.488335e-08.
Newton iteration 6.
  Active set size = 5810.
  sub-gradient = 3.327152e-05, l1-norm of X = 2.702437e+00.
  Coordinate descent sweep 1. norm of D = 3.556753e-05, change in D = 3.556753e-05.
  Coordinate descent sweep 2. norm of D = 4.718668e-05, change in D = 1.162494e-05.
  Coordinate descent sweep 3. norm of D = 5.180428e-05, change in D = 4.639250e-06.
    Line search step size chosen: 1.000000e+00.
  Objective value decreased by 4.501999e-10.
QUIC CPU time: 516.180 seconds
