[1] "sra_normal" "350"        "unweighted" "0.62"      
[1] "Data read complete"
Running QUIC version 1.1 in 'default' mode.
Newton iteration 1.
  X is a diagonal matrix.
    Line search step size chosen: 1.000000e+00.
  Objective value decreased by 1.075997e-01.
Newton iteration 2.
  Active set size = 5783.
  sub-gradient = 2.450625e-01, l1-norm of X = 1.213017e+00.
  Coordinate descent sweep 1. norm of D = 2.280626e-01, change in D = 2.280626e-01.
    Line search step size chosen: 1.000000e+00.
  Objective value decreased by 2.468948e-03.
Newton iteration 3.
  Active set size = 5783.
  sub-gradient = 1.544714e-02, l1-norm of X = 1.219491e+00.
  Coordinate descent sweep 1. norm of D = 1.718043e-02, change in D = 1.718043e-02.
  Coordinate descent sweep 2. norm of D = 1.848199e-02, change in D = 1.483550e-03.
    Line search step size chosen: 1.000000e+00.
  Objective value decreased by 1.993345e-05.
Newton iteration 4.
  Active set size = 5783.
  sub-gradient = 2.070745e-04, l1-norm of X = 1.226536e+00.
  Coordinate descent sweep 1. norm of D = 2.668993e-04, change in D = 2.668993e-04.
  Coordinate descent sweep 2. norm of D = 2.938265e-04, change in D = 3.058055e-05.
    Line search step size chosen: 1.000000e+00.
  Objective value decreased by 7.717972e-09.
Newton iteration 5.
  Active set size = 5783.
  sub-gradient = 1.360136e-05, l1-norm of X = 1.226683e+00.
  Coordinate descent sweep 1. norm of D = 1.500149e-05, change in D = 1.500149e-05.
  Coordinate descent sweep 2. norm of D = 1.652686e-05, change in D = 1.594848e-06.
    Line search step size chosen: 1.000000e+00.
  Objective value decreased by 3.274181e-11.
QUIC CPU time: 433.470 seconds
