[1] "sra_normal" "350"        "unweighted" "0.74"      
[1] "Data read complete"
Running QUIC version 1.1 in 'default' mode.
Newton iteration 1.
  X is a diagonal matrix.
    Line search step size chosen: 1.000000e+00.
  Objective value decreased by 6.213277e-03.
Newton iteration 2.
  Active set size = 5770.
  sub-gradient = 1.293863e-02, l1-norm of X = 1.632144e-01.
  Coordinate descent sweep 1. norm of D = 1.264741e-02, change in D = 1.264741e-02.
    Line search step size chosen: 1.000000e+00.
  Objective value decreased by 2.946255e-05.
Newton iteration 3.
  Active set size = 5770.
  sub-gradient = 8.354260e-04, l1-norm of X = 1.626269e-01.
  Coordinate descent sweep 1. norm of D = 8.353003e-04, change in D = 8.353003e-04.
  Coordinate descent sweep 2. norm of D = 1.072130e-03, change in D = 2.368313e-04.
    Line search step size chosen: 1.000000e+00.
  Objective value decreased by 6.277432e-07.
Newton iteration 4.
  Active set size = 5770.
  sub-gradient = 1.023315e-05, l1-norm of X = 1.638257e-01.
  Coordinate descent sweep 1. norm of D = 1.264234e-05, change in D = 1.264234e-05.
  Coordinate descent sweep 2. norm of D = 1.299004e-05, change in D = 3.675532e-07.
    Line search step size chosen: 1.000000e+00.
  Objective value decreased by 7.457857e-11.
QUIC CPU time: 358.700 seconds
