[1] "/data/abattle4/prashanthi/recount3/data/central_nervous_system/all/weighted_covariances/only_sra/cov_35.rds"
[1] "Data read complete"
Running QUIC version 1.1 in 'default' mode.
Newton iteration 1.
  X is a diagonal matrix.
    Line search step size 1.000000e+00.  Lack of positive definiteness.
    Line search step size 5.000000e-01.  Lack of positive definiteness.
    Line search step size 2.500000e-01.  Lack of positive definiteness.
    Line search step size 1.250000e-01.  Lack of positive definiteness.
    Line search step size chosen: 6.250000e-02.
  Objective value decreased by 1.418729e+01.
Newton iteration 2.
  Active set size = 23989.
  sub-gradient = 8.882440e+02, l1-norm of X = 4.431148e+01.
  Coordinate descent sweep 1. norm of D = 5.965728e+02, change in D = 5.965728e+02.
    Line search step size 1.000000e+00.  Lack of positive definiteness.
    Line search step size 5.000000e-01.  Lack of positive definiteness.
    Line search step size 2.500000e-01.  Lack of positive definiteness.
    Line search step size chosen: 1.250000e-01.
  Objective value decreased by 1.379927e+01.
Newton iteration 3.
  Active set size = 23989.
  sub-gradient = 6.489937e+02, l1-norm of X = 9.541518e+01.
  Coordinate descent sweep 1. norm of D = 3.630152e+02, change in D = 3.630152e+02.
  Coordinate descent sweep 2. norm of D = 3.423533e+02, change in D = 7.956916e+01.
    Line search step size 1.000000e+00.  Lack of positive definiteness.
    Line search step size chosen: 5.000000e-01.
  Objective value decreased by 1.724765e+01.
Newton iteration 4.
  Active set size = 23989.
  sub-gradient = 4.090895e+02, l1-norm of X = 1.877895e+02.
  Coordinate descent sweep 1. norm of D = 1.462692e+02, change in D = 1.462692e+02.
  Coordinate descent sweep 2. norm of D = 1.645624e+02, change in D = 4.053604e+01.
    Line search step size chosen: 1.000000e+00.
  Objective value decreased by 5.166241e+00.
Newton iteration 5.
  Active set size = 17772.
  sub-gradient = 3.519333e+01, l1-norm of X = 2.364731e+02.
  Coordinate descent sweep 1. norm of D = 2.638325e+01, change in D = 2.638325e+01.
  Coordinate descent sweep 2. norm of D = 3.253000e+01, change in D = 1.248839e+01.
    Line search step size chosen: 1.000000e+00.
  Objective value decreased by 3.289063e-01.
Newton iteration 6.
  Active set size = 17477.
  sub-gradient = 8.346803e+00, l1-norm of X = 2.403563e+02.
  Coordinate descent sweep 1. norm of D = 7.057338e+00, change in D = 7.057338e+00.
  Coordinate descent sweep 2. norm of D = 8.867232e+00, change in D = 4.175495e+00.
  Coordinate descent sweep 3. norm of D = 9.872092e+00, change in D = 2.443453e+00.
    Line search step size chosen: 1.000000e+00.
  Objective value decreased by 4.714927e-02.
Newton iteration 7.
  Active set size = 17406.
  sub-gradient = 1.556549e+00, l1-norm of X = 2.413944e+02.
  Coordinate descent sweep 1. norm of D = 1.485060e+00, change in D = 1.485060e+00.
  Coordinate descent sweep 2. norm of D = 1.883684e+00, change in D = 9.436681e-01.
  Coordinate descent sweep 3. norm of D = 2.091687e+00, change in D = 5.803205e-01.
    Line search step size chosen: 1.000000e+00.
  Objective value decreased by 3.690068e-03.
Newton iteration 8.
  Active set size = 17404.
  sub-gradient = 4.415659e-01, l1-norm of X = 2.415741e+02.
  Coordinate descent sweep 1. norm of D = 3.728076e-01, change in D = 3.728076e-01.
  Coordinate descent sweep 2. norm of D = 4.689269e-01, change in D = 2.414105e-01.
  Coordinate descent sweep 3. norm of D = 5.178373e-01, change in D = 1.575661e-01.
    Line search step size chosen: 1.000000e+00.
  Objective value decreased by 3.488726e-04.
Newton iteration 9.
  Active set size = 17399.
  sub-gradient = 1.347606e-01, l1-norm of X = 2.416133e+02.
  Coordinate descent sweep 1. norm of D = 1.082128e-01, change in D = 1.082128e-01.
  Coordinate descent sweep 2. norm of D = 1.318336e-01, change in D = 6.683234e-02.
  Coordinate descent sweep 3. norm of D = 1.468319e-01, change in D = 4.542718e-02.
  Coordinate descent sweep 4. norm of D = 1.572728e-01, change in D = 3.276876e-02.
    Line search step size chosen: 1.000000e+00.
  Objective value decreased by 5.145152e-05.
Newton iteration 10.
  Active set size = 17397.
  sub-gradient = 2.268573e-02, l1-norm of X = 2.416293e+02.
  Coordinate descent sweep 1. norm of D = 2.101843e-02, change in D = 2.101843e-02.
  Coordinate descent sweep 2. norm of D = 2.639162e-02, change in D = 1.429342e-02.
  Coordinate descent sweep 3. norm of D = 3.008989e-02, change in D = 1.065464e-02.
  Coordinate descent sweep 4. norm of D = 3.185591e-02, change in D = 6.801227e-03.
    Line search step size chosen: 1.000000e+00.
  Objective value decreased by 3.490482e-06.
QUIC CPU time: 5370.954 seconds
