[1] "/data/abattle4/prashanthi/recount3/data/central_nervous_system/all/weighted_covariances/only_sra/cov_35.rds"
[1] "Data read complete"
Running QUIC version 1.1 in 'default' mode.
Newton iteration 1.
  X is a diagonal matrix.
    Line search step size 1.000000e+00.  Lack of positive definiteness.
    Line search step size 5.000000e-01.  Lack of positive definiteness.
    Line search step size 2.500000e-01.  Lack of positive definiteness.
    Line search step size chosen: 1.250000e-01.
  Objective value decreased by 1.709447e+01.
Newton iteration 2.
  Active set size = 20258.
  sub-gradient = 1.897647e+03, l1-norm of X = 6.862593e+01.
  Coordinate descent sweep 1. norm of D = 2.873383e+02, change in D = 2.873383e+02.
    Line search step size 1.000000e+00.  Lack of positive definiteness.
    Line search step size 5.000000e-01.  Lack of positive definiteness.
    Line search step size chosen: 2.500000e-01.
  Objective value decreased by 9.821210e+00.
Newton iteration 3.
  Active set size = 20257.
  sub-gradient = 1.501560e+03, l1-norm of X = 1.147992e+02.
  Coordinate descent sweep 1. norm of D = 1.807172e+02, change in D = 1.807172e+02.
  Coordinate descent sweep 2. norm of D = 1.890417e+02, change in D = 4.418324e+01.
    Line search step size chosen: 1.000000e+00.
  Objective value decreased by 9.957984e+00.
Newton iteration 4.
  Active set size = 16151.
  sub-gradient = 4.786404e+02, l1-norm of X = 1.964088e+02.
  Coordinate descent sweep 1. norm of D = 4.362795e+01, change in D = 4.362795e+01.
  Coordinate descent sweep 2. norm of D = 4.649379e+01, change in D = 2.146046e+01.
    Line search step size chosen: 1.000000e+00.
  Objective value decreased by 1.376494e+00.
Newton iteration 5.
  Active set size = 15663.
  sub-gradient = 1.603106e+02, l1-norm of X = 1.967439e+02.
  Coordinate descent sweep 1. norm of D = 1.772332e+01, change in D = 1.772332e+01.
  Coordinate descent sweep 2. norm of D = 2.000266e+01, change in D = 9.806785e+00.
    Line search step size chosen: 1.000000e+00.
  Objective value decreased by 4.611148e-01.
Newton iteration 6.
  Active set size = 15525.
  sub-gradient = 5.167258e+01, l1-norm of X = 1.984069e+02.
  Coordinate descent sweep 1. norm of D = 8.055018e+00, change in D = 8.055018e+00.
  Coordinate descent sweep 2. norm of D = 8.932977e+00, change in D = 4.824757e+00.
  Coordinate descent sweep 3. norm of D = 9.579030e+00, change in D = 2.616292e+00.
    Line search step size chosen: 1.000000e+00.
  Objective value decreased by 1.361035e-01.
Newton iteration 7.
  Active set size = 15510.
  sub-gradient = 1.096356e+01, l1-norm of X = 1.995342e+02.
  Coordinate descent sweep 1. norm of D = 2.595255e+00, change in D = 2.595255e+00.
  Coordinate descent sweep 2. norm of D = 2.968759e+00, change in D = 1.545954e+00.
  Coordinate descent sweep 3. norm of D = 3.177702e+00, change in D = 8.126658e-01.
    Line search step size chosen: 1.000000e+00.
  Objective value decreased by 1.723595e-02.
Newton iteration 8.
  Active set size = 15530.
  sub-gradient = 1.190578e+00, l1-norm of X = 1.998579e+02.
  Coordinate descent sweep 1. norm of D = 6.342914e-01, change in D = 6.342914e-01.
  Coordinate descent sweep 2. norm of D = 7.485240e-01, change in D = 3.889406e-01.
  Coordinate descent sweep 3. norm of D = 8.185546e-01, change in D = 2.448466e-01.
    Line search step size chosen: 1.000000e+00.
  Objective value decreased by 1.150586e-03.
Newton iteration 9.
  Active set size = 15540.
  sub-gradient = 1.858740e-01, l1-norm of X = 1.999164e+02.
  Coordinate descent sweep 1. norm of D = 1.619671e-01, change in D = 1.619671e-01.
  Coordinate descent sweep 2. norm of D = 1.914408e-01, change in D = 9.447380e-02.
  Coordinate descent sweep 3. norm of D = 2.105820e-01, change in D = 6.199152e-02.
  Coordinate descent sweep 4. norm of D = 2.212140e-01, change in D = 4.319213e-02.
    Line search step size chosen: 1.000000e+00.
  Objective value decreased by 8.899623e-05.
Newton iteration 10.
  Active set size = 15536.
  sub-gradient = 3.209817e-02, l1-norm of X = 1.999313e+02.
  Coordinate descent sweep 1. norm of D = 2.898708e-02, change in D = 2.898708e-02.
  Coordinate descent sweep 2. norm of D = 3.446152e-02, change in D = 1.921469e-02.
  Coordinate descent sweep 3. norm of D = 3.797320e-02, change in D = 1.320624e-02.
  Coordinate descent sweep 4. norm of D = 4.069583e-02, change in D = 9.660226e-03.
    Line search step size chosen: 1.000000e+00.
  Objective value decreased by 3.816986e-06.
Newton iteration 11.
  Active set size = 15535.
  sub-gradient = 6.419902e-03, l1-norm of X = 1.999333e+02.
  Coordinate descent sweep 1. norm of D = 6.595204e-03, change in D = 6.595204e-03.
  Coordinate descent sweep 2. norm of D = 7.915178e-03, change in D = 4.798158e-03.
  Coordinate descent sweep 3. norm of D = 8.703989e-03, change in D = 3.480222e-03.
  Coordinate descent sweep 4. norm of D = 9.112081e-03, change in D = 2.393071e-03.
    Line search step size chosen: 1.000000e+00.
  Objective value decreased by 2.776487e-07.
QUIC CPU time: 5895.459 seconds
