[1] "/work-zfs/abattle4/prashanthi/recount3/data/nervous_system/GTEx/weighted_covariances/cov_1.rds"
[1] "Data read complete"
Running QUIC version 1.1 in 'default' mode.
Newton iteration 1.
  X is a diagonal matrix.
    Line search step size 1.000000e+00.  Lack of positive definiteness.
    Line search step size 5.000000e-01.  Lack of positive definiteness.
    Line search step size 2.500000e-01.  Lack of positive definiteness.
    Line search step size chosen: 1.250000e-01.
  Objective value decreased by 3.412166e+01.
Newton iteration 2.
  Active set size = 15892.
  sub-gradient = 5.477762e+02, l1-norm of X = 5.626390e+01.
  Coordinate descent sweep 1. norm of D = 4.157415e+02, change in D = 4.157415e+02.
    Line search step size 1.000000e+00.  Lack of positive definiteness.
    Line search step size 5.000000e-01.  Lack of positive definiteness.
    Line search step size chosen: 2.500000e-01.
  Objective value decreased by 2.550289e+01.
Newton iteration 3.
  Active set size = 15892.
  sub-gradient = 3.471757e+02, l1-norm of X = 1.146679e+02.
  Coordinate descent sweep 1. norm of D = 2.563812e+02, change in D = 2.563812e+02.
  Coordinate descent sweep 2. norm of D = 2.802354e+02, change in D = 6.591571e+01.
    Line search step size chosen: 1.000000e+00.
  Objective value decreased by 2.501386e+01.
Newton iteration 4.
  Active set size = 14335.
  sub-gradient = 1.714726e+02, l1-norm of X = 2.204939e+02.
  Coordinate descent sweep 1. norm of D = 6.595526e+01, change in D = 6.595526e+01.
  Coordinate descent sweep 2. norm of D = 7.879865e+01, change in D = 3.349761e+01.
    Line search step size chosen: 1.000000e+00.
  Objective value decreased by 3.074965e+00.
Newton iteration 5.
  Active set size = 14086.
  sub-gradient = 3.922825e+01, l1-norm of X = 2.242978e+02.
  Coordinate descent sweep 1. norm of D = 2.576309e+01, change in D = 2.576309e+01.
  Coordinate descent sweep 2. norm of D = 3.495816e+01, change in D = 1.660573e+01.
    Line search step size chosen: 1.000000e+00.
  Objective value decreased by 7.966045e-01.
Newton iteration 6.
  Active set size = 13999.
  sub-gradient = 1.287337e+01, l1-norm of X = 2.278544e+02.
  Coordinate descent sweep 1. norm of D = 1.212943e+01, change in D = 1.212943e+01.
  Coordinate descent sweep 2. norm of D = 1.719536e+01, change in D = 8.361859e+00.
  Coordinate descent sweep 3. norm of D = 2.087146e+01, change in D = 6.079013e+00.
    Line search step size chosen: 1.000000e+00.
  Objective value decreased by 3.163390e-01.
Newton iteration 7.
  Active set size = 13951.
  sub-gradient = 5.226133e+00, l1-norm of X = 2.307857e+02.
  Coordinate descent sweep 1. norm of D = 4.734427e+00, change in D = 4.734427e+00.
  Coordinate descent sweep 2. norm of D = 6.975451e+00, change in D = 3.670304e+00.
  Coordinate descent sweep 3. norm of D = 8.545710e+00, change in D = 2.748162e+00.
    Line search step size chosen: 1.000000e+00.
  Objective value decreased by 7.327482e-02.
Newton iteration 8.
  Active set size = 13931.
  sub-gradient = 2.427531e+00, l1-norm of X = 2.318478e+02.
  Coordinate descent sweep 1. norm of D = 2.257912e+00, change in D = 2.257912e+00.
  Coordinate descent sweep 2. norm of D = 3.351540e+00, change in D = 1.783294e+00.
  Coordinate descent sweep 3. norm of D = 4.149344e+00, change in D = 1.351536e+00.
    Line search step size chosen: 1.000000e+00.
  Objective value decreased by 2.280984e-02.
Newton iteration 9.
  Active set size = 13923.
  sub-gradient = 1.320097e+00, l1-norm of X = 2.323932e+02.
  Coordinate descent sweep 1. norm of D = 1.104296e+00, change in D = 1.104296e+00.
  Coordinate descent sweep 2. norm of D = 1.607081e+00, change in D = 9.102979e-01.
  Coordinate descent sweep 3. norm of D = 1.995675e+00, change in D = 7.138334e-01.
  Coordinate descent sweep 4. norm of D = 2.318759e+00, change in D = 5.722222e-01.
    Line search step size chosen: 1.000000e+00.
  Objective value decreased by 8.144766e-03.
Newton iteration 10.
  Active set size = 13920.
  sub-gradient = 5.138082e-01, l1-norm of X = 2.326934e+02.
  Coordinate descent sweep 1. norm of D = 4.868429e-01, change in D = 4.868429e-01.
  Coordinate descent sweep 2. norm of D = 7.203737e-01, change in D = 3.878063e-01.
  Coordinate descent sweep 3. norm of D = 8.910593e-01, change in D = 3.075078e-01.
  Coordinate descent sweep 4. norm of D = 1.060652e+00, change in D = 2.663107e-01.
    Line search step size chosen: 1.000000e+00.
  Objective value decreased by 1.901249e-03.
Newton iteration 11.
  Active set size = 13916.
  sub-gradient = 2.689108e-01, l1-norm of X = 2.328220e+02.
  Coordinate descent sweep 1. norm of D = 2.116821e-01, change in D = 2.116821e-01.
  Coordinate descent sweep 2. norm of D = 3.169123e-01, change in D = 1.733760e-01.
  Coordinate descent sweep 3. norm of D = 4.015272e-01, change in D = 1.408766e-01.
  Coordinate descent sweep 4. norm of D = 4.675401e-01, change in D = 1.129775e-01.
    Line search step size chosen: 1.000000e+00.
  Objective value decreased by 4.568075e-04.
Newton iteration 12.
  Active set size = 13916.
  sub-gradient = 1.046075e-01, l1-norm of X = 2.328822e+02.
  Coordinate descent sweep 1. norm of D = 9.927011e-02, change in D = 9.927011e-02.
  Coordinate descent sweep 2. norm of D = 1.446980e-01, change in D = 8.029085e-02.
  Coordinate descent sweep 3. norm of D = 1.850298e-01, change in D = 6.804180e-02.
  Coordinate descent sweep 4. norm of D = 2.217026e-01, change in D = 5.928047e-02.
  Coordinate descent sweep 5. norm of D = 2.478045e-01, change in D = 4.874320e-02.
    Line search step size chosen: 1.000000e+00.
  Objective value decreased by 1.390645e-04.
Newton iteration 13.
  Active set size = 13915.
  sub-gradient = 5.248711e-02, l1-norm of X = 2.329143e+02.
  Coordinate descent sweep 1. norm of D = 3.975832e-02, change in D = 3.975832e-02.
  Coordinate descent sweep 2. norm of D = 5.996865e-02, change in D = 3.394450e-02.
  Coordinate descent sweep 3. norm of D = 7.620694e-02, change in D = 2.962706e-02.
  Coordinate descent sweep 4. norm of D = 8.974142e-02, change in D = 2.493579e-02.
  Coordinate descent sweep 5. norm of D = 1.027620e-01, change in D = 2.161990e-02.
    Line search step size chosen: 1.000000e+00.
  Objective value decreased by 2.894097e-05.
Newton iteration 14.
  Active set size = 13915.
  sub-gradient = 1.618575e-02, l1-norm of X = 2.329263e+02.
  Coordinate descent sweep 1. norm of D = 1.787249e-02, change in D = 1.787249e-02.
  Coordinate descent sweep 2. norm of D = 2.714722e-02, change in D = 1.487825e-02.
  Coordinate descent sweep 3. norm of D = 3.516594e-02, change in D = 1.349321e-02.
  Coordinate descent sweep 4. norm of D = 4.237046e-02, change in D = 1.161445e-02.
  Coordinate descent sweep 5. norm of D = 4.849320e-02, change in D = 1.021391e-02.
    Line search step size chosen: 1.000000e+00.
  Objective value decreased by 6.906144e-06.
QUIC CPU time: 4183.620 seconds
