[1] "/work-zfs/abattle4/prashanthi/recount3/data/nervous_system/GTEx/weighted_covariances/cov_1.rds"
[1] "Data read complete"
Running QUIC version 1.1 in 'default' mode.
Newton iteration 1.
  X is a diagonal matrix.
    Line search step size 1.000000e+00.  Lack of positive definiteness.
    Line search step size 5.000000e-01.  Lack of positive definiteness.
    Line search step size chosen: 2.500000e-01.
  Objective value decreased by 7.494523e+00.
Newton iteration 2.
  Active set size = 9887.
  sub-gradient = 6.469389e+01, l1-norm of X = 2.551251e+01.
  Coordinate descent sweep 1. norm of D = 5.632473e+01, change in D = 5.632473e+01.
    Line search step size chosen: 1.000000e+00.
  Objective value decreased by 3.645952e+00.
Newton iteration 3.
  Active set size = 9820.
  sub-gradient = 1.470244e+02, l1-norm of X = 7.519351e+01.
  Coordinate descent sweep 1. norm of D = 1.942556e+01, change in D = 1.942556e+01.
  Coordinate descent sweep 2. norm of D = 1.955751e+01, change in D = 7.819758e+00.
    Line search step size chosen: 1.000000e+00.
  Objective value decreased by 1.687151e+00.
Newton iteration 4.
  Active set size = 9796.
  sub-gradient = 5.402952e+01, l1-norm of X = 7.350459e+01.
  Coordinate descent sweep 1. norm of D = 9.111269e+00, change in D = 9.111269e+00.
  Coordinate descent sweep 2. norm of D = 9.381174e+00, change in D = 4.148602e+00.
    Line search step size chosen: 1.000000e+00.
  Objective value decreased by 5.516573e-01.
Newton iteration 5.
  Active set size = 9771.
  sub-gradient = 1.610845e+01, l1-norm of X = 7.190289e+01.
  Coordinate descent sweep 1. norm of D = 3.612774e+00, change in D = 3.612774e+00.
  Coordinate descent sweep 2. norm of D = 3.704332e+00, change in D = 1.988801e+00.
    Line search step size chosen: 1.000000e+00.
  Objective value decreased by 1.214859e-01.
Newton iteration 6.
  Active set size = 9757.
  sub-gradient = 3.904250e+00, l1-norm of X = 7.091438e+01.
  Coordinate descent sweep 1. norm of D = 1.454625e+00, change in D = 1.454625e+00.
  Coordinate descent sweep 2. norm of D = 1.497384e+00, change in D = 7.574385e-01.
  Coordinate descent sweep 3. norm of D = 1.611205e+00, change in D = 3.627593e-01.
    Line search step size chosen: 1.000000e+00.
  Objective value decreased by 1.949813e-02.
Newton iteration 7.
  Active set size = 9753.
  sub-gradient = 4.362527e-01, l1-norm of X = 7.066618e+01.
  Coordinate descent sweep 1. norm of D = 2.250907e-01, change in D = 2.250907e-01.
  Coordinate descent sweep 2. norm of D = 2.618444e-01, change in D = 1.217668e-01.
  Coordinate descent sweep 3. norm of D = 2.819701e-01, change in D = 5.853181e-02.
    Line search step size chosen: 1.000000e+00.
  Objective value decreased by 5.137978e-04.
Newton iteration 8.
  Active set size = 9752.
  sub-gradient = 4.096646e-02, l1-norm of X = 7.064408e+01.
  Coordinate descent sweep 1. norm of D = 3.098443e-02, change in D = 3.098443e-02.
  Coordinate descent sweep 2. norm of D = 3.797738e-02, change in D = 1.468713e-02.
  Coordinate descent sweep 3. norm of D = 4.287487e-02, change in D = 8.331248e-03.
    Line search step size chosen: 1.000000e+00.
  Objective value decreased by 9.716819e-06.
Newton iteration 9.
  Active set size = 9753.
  sub-gradient = 4.579365e-03, l1-norm of X = 7.064660e+01.
  Coordinate descent sweep 1. norm of D = 4.423544e-03, change in D = 4.423544e-03.
  Coordinate descent sweep 2. norm of D = 5.802855e-03, change in D = 2.268308e-03.
  Coordinate descent sweep 3. norm of D = 6.791799e-03, change in D = 1.426227e-03.
  Coordinate descent sweep 4. norm of D = 7.219362e-03, change in D = 9.593520e-04.
    Line search step size chosen: 1.000000e+00.
  Objective value decreased by 2.642973e-07.
QUIC CPU time: 2672.520 seconds
