[1] "/work-zfs/abattle4/prashanthi/recount3/data/skin/all/weighted_covariances/cov_20.rds"
[1] "Data read complete"
Running QUIC version 1.1 in 'default' mode.
Newton iteration 1.
  X is a diagonal matrix.
    Line search step size 1.000000e+00.  Lack of positive definiteness.
    Line search step size 5.000000e-01.  Lack of positive definiteness.
    Line search step size 2.500000e-01.  Lack of positive definiteness.
    Line search step size 1.250000e-01.  Lack of positive definiteness.
    Line search step size chosen: 6.250000e-02.
  Objective value decreased by 2.275113e+01.
Newton iteration 2.
  Active set size = 19049.
  sub-gradient = 8.942460e+02, l1-norm of X = 3.206345e+01.
  Coordinate descent sweep 1. norm of D = 6.358862e+02, change in D = 6.358862e+02.
    Line search step size 1.000000e+00.  Lack of positive definiteness.
    Line search step size 5.000000e-01.  Lack of positive definiteness.
    Line search step size 2.500000e-01.  Lack of positive definiteness.
    Line search step size chosen: 1.250000e-01.
  Objective value decreased by 2.238146e+01.
Newton iteration 3.
  Active set size = 19049.
  sub-gradient = 6.966477e+02, l1-norm of X = 7.120751e+01.
  Coordinate descent sweep 1. norm of D = 4.360512e+02, change in D = 4.360512e+02.
  Coordinate descent sweep 2. norm of D = 4.211796e+02, change in D = 9.261119e+01.
    Line search step size 1.000000e+00.  Lack of positive definiteness.
    Line search step size chosen: 5.000000e-01.
  Objective value decreased by 3.250324e+01.
Newton iteration 4.
  Active set size = 19049.
  sub-gradient = 2.869615e+02, l1-norm of X = 1.556612e+02.
  Coordinate descent sweep 1. norm of D = 1.862083e+02, change in D = 1.862083e+02.
  Coordinate descent sweep 2. norm of D = 2.215070e+02, change in D = 6.074795e+01.
    Line search step size chosen: 1.000000e+00.
  Objective value decreased by 1.100849e+01.
Newton iteration 5.
  Active set size = 15997.
  sub-gradient = 5.070145e+01, l1-norm of X = 2.075750e+02.
  Coordinate descent sweep 1. norm of D = 4.603195e+01, change in D = 4.603195e+01.
  Coordinate descent sweep 2. norm of D = 6.106538e+01, change in D = 2.539769e+01.
    Line search step size chosen: 1.000000e+00.
  Objective value decreased by 1.500998e+00.
Newton iteration 6.
  Active set size = 15723.
  sub-gradient = 1.843295e+01, l1-norm of X = 2.142807e+02.
  Coordinate descent sweep 1. norm of D = 1.744102e+01, change in D = 1.744102e+01.
  Coordinate descent sweep 2. norm of D = 2.382927e+01, change in D = 1.174885e+01.
  Coordinate descent sweep 3. norm of D = 2.794038e+01, change in D = 7.936391e+00.
    Line search step size chosen: 1.000000e+00.
  Objective value decreased by 4.586902e-01.
Newton iteration 7.
  Active set size = 15636.
  sub-gradient = 6.593858e+00, l1-norm of X = 2.172339e+02.
  Coordinate descent sweep 1. norm of D = 6.344607e+00, change in D = 6.344607e+00.
  Coordinate descent sweep 2. norm of D = 8.823086e+00, change in D = 4.674702e+00.
  Coordinate descent sweep 3. norm of D = 1.063164e+01, change in D = 3.740903e+00.
    Line search step size chosen: 1.000000e+00.
  Objective value decreased by 1.081563e-01.
Newton iteration 8.
  Active set size = 15628.
  sub-gradient = 4.243993e+00, l1-norm of X = 2.183076e+02.
  Coordinate descent sweep 1. norm of D = 2.908990e+00, change in D = 2.908990e+00.
  Coordinate descent sweep 2. norm of D = 4.163739e+00, change in D = 2.282145e+00.
  Coordinate descent sweep 3. norm of D = 5.036076e+00, change in D = 1.770999e+00.
    Line search step size chosen: 1.000000e+00.
  Objective value decreased by 3.321921e-02.
Newton iteration 9.
  Active set size = 15587.
  sub-gradient = 1.342079e+00, l1-norm of X = 2.187849e+02.
  Coordinate descent sweep 1. norm of D = 1.337752e+00, change in D = 1.337752e+00.
  Coordinate descent sweep 2. norm of D = 1.922417e+00, change in D = 1.132035e+00.
  Coordinate descent sweep 3. norm of D = 2.342351e+00, change in D = 8.984257e-01.
  Coordinate descent sweep 4. norm of D = 2.719729e+00, change in D = 7.416891e-01.
    Line search step size chosen: 1.000000e+00.
  Objective value decreased by 1.172349e-02.
Newton iteration 10.
  Active set size = 15585.
  sub-gradient = 6.486297e-01, l1-norm of X = 2.190549e+02.
  Coordinate descent sweep 1. norm of D = 5.945569e-01, change in D = 5.945569e-01.
  Coordinate descent sweep 2. norm of D = 8.837751e-01, change in D = 5.354819e-01.
  Coordinate descent sweep 3. norm of D = 1.061872e+00, change in D = 3.981670e-01.
  Coordinate descent sweep 4. norm of D = 1.236023e+00, change in D = 3.646756e-01.
    Line search step size chosen: 1.000000e+00.
  Objective value decreased by 3.270991e-03.
Newton iteration 11.
  Active set size = 15581.
  sub-gradient = 3.105257e-01, l1-norm of X = 2.191717e+02.
  Coordinate descent sweep 1. norm of D = 2.864259e-01, change in D = 2.864259e-01.
  Coordinate descent sweep 2. norm of D = 4.072243e-01, change in D = 2.436932e-01.
  Coordinate descent sweep 3. norm of D = 5.149755e-01, change in D = 2.161189e-01.
  Coordinate descent sweep 4. norm of D = 5.947796e-01, change in D = 1.778299e-01.
    Line search step size chosen: 1.000000e+00.
  Objective value decreased by 9.161188e-04.
Newton iteration 12.
  Active set size = 15580.
  sub-gradient = 1.558666e-01, l1-norm of X = 2.192273e+02.
  Coordinate descent sweep 1. norm of D = 1.500434e-01, change in D = 1.500434e-01.
  Coordinate descent sweep 2. norm of D = 2.232106e-01, change in D = 1.287984e-01.
  Coordinate descent sweep 3. norm of D = 2.795624e-01, change in D = 1.101760e-01.
  Coordinate descent sweep 4. norm of D = 3.153094e-01, change in D = 8.753828e-02.
  Coordinate descent sweep 5. norm of D = 3.502090e-01, change in D = 7.589492e-02.
    Line search step size chosen: 1.000000e+00.
  Objective value decreased by 3.692969e-04.
Newton iteration 13.
  Active set size = 15580.
  sub-gradient = 6.453335e-02, l1-norm of X = 2.192636e+02.
  Coordinate descent sweep 1. norm of D = 6.421223e-02, change in D = 6.421223e-02.
  Coordinate descent sweep 2. norm of D = 9.571192e-02, change in D = 5.693788e-02.
  Coordinate descent sweep 3. norm of D = 1.205768e-01, change in D = 5.075010e-02.
  Coordinate descent sweep 4. norm of D = 1.414559e-01, change in D = 4.379108e-02.
  Coordinate descent sweep 5. norm of D = 1.540093e-01, change in D = 3.302961e-02.
    Line search step size chosen: 1.000000e+00.
  Objective value decreased by 8.562397e-05.
Newton iteration 14.
  Active set size = 15580.
  sub-gradient = 3.520803e-02, l1-norm of X = 2.192805e+02.
  Coordinate descent sweep 1. norm of D = 3.216153e-02, change in D = 3.216153e-02.
  Coordinate descent sweep 2. norm of D = 4.982995e-02, change in D = 2.969111e-02.
  Coordinate descent sweep 3. norm of D = 5.896263e-02, change in D = 2.163717e-02.
  Coordinate descent sweep 4. norm of D = 6.906362e-02, change in D = 2.081158e-02.
  Coordinate descent sweep 5. norm of D = 7.725068e-02, change in D = 1.629517e-02.
    Line search step size chosen: 1.000000e+00.
  Objective value decreased by 2.295438e-05.
Newton iteration 15.
  Active set size = 15580.
  sub-gradient = 1.257671e-02, l1-norm of X = 2.192879e+02.
  Coordinate descent sweep 1. norm of D = 1.246031e-02, change in D = 1.246031e-02.
  Coordinate descent sweep 2. norm of D = 1.862990e-02, change in D = 1.250884e-02.
  Coordinate descent sweep 3. norm of D = 2.406187e-02, change in D = 1.083846e-02.
  Coordinate descent sweep 4. norm of D = 2.737922e-02, change in D = 8.320159e-03.
  Coordinate descent sweep 5. norm of D = 3.126439e-02, change in D = 7.377538e-03.
  Coordinate descent sweep 6. norm of D = 3.439665e-02, change in D = 6.250996e-03.
    Line search step size chosen: 1.000000e+00.
  Objective value decreased by 4.952633e-06.
QUIC CPU time: 3307.710 seconds
