[1] "/work-zfs/abattle4/prashanthi/recount3/data/skin/all/weighted_covariances/cov_20.rds"
[1] "Data read complete"
Running QUIC version 1.1 in 'default' mode.
Newton iteration 1.
  X is a diagonal matrix.
    Line search step size 1.000000e+00.  Lack of positive definiteness.
    Line search step size 5.000000e-01.  Lack of positive definiteness.
    Line search step size 2.500000e-01.  Lack of positive definiteness.
    Line search step size chosen: 1.250000e-01.
  Objective value decreased by 2.638224e+01.
Newton iteration 2.
  Active set size = 14553.
  sub-gradient = 6.718138e+02, l1-norm of X = 4.829197e+01.
  Coordinate descent sweep 1. norm of D = 2.991718e+02, change in D = 2.991718e+02.
    Line search step size 1.000000e+00.  Lack of positive definiteness.
    Line search step size chosen: 5.000000e-01.
  Objective value decreased by 1.950196e+01.
Newton iteration 3.
  Active set size = 14711.
  sub-gradient = 1.878419e+03, l1-norm of X = 1.255373e+02.
  Coordinate descent sweep 1. norm of D = 1.247769e+02, change in D = 1.247769e+02.
  Coordinate descent sweep 2. norm of D = 1.484331e+02, change in D = 4.414891e+01.
    Line search step size chosen: 1.000000e+00.
  Objective value decreased by 1.112425e+01.
Newton iteration 4.
  Active set size = 13035.
  sub-gradient = 7.287330e+02, l1-norm of X = 1.582932e+02.
  Coordinate descent sweep 1. norm of D = 4.534735e+01, change in D = 4.534735e+01.
  Coordinate descent sweep 2. norm of D = 5.718491e+01, change in D = 2.510107e+01.
    Line search step size chosen: 1.000000e+00.
  Objective value decreased by 3.355334e+00.
Newton iteration 5.
  Active set size = 12794.
  sub-gradient = 3.048250e+02, l1-norm of X = 1.639730e+02.
  Coordinate descent sweep 1. norm of D = 2.331459e+01, change in D = 2.331459e+01.
  Coordinate descent sweep 2. norm of D = 2.965970e+01, change in D = 1.464647e+01.
    Line search step size chosen: 1.000000e+00.
  Objective value decreased by 1.530744e+00.
Newton iteration 6.
  Active set size = 12707.
  sub-gradient = 1.264131e+02, l1-norm of X = 1.662922e+02.
  Coordinate descent sweep 1. norm of D = 1.276957e+01, change in D = 1.276957e+01.
  Coordinate descent sweep 2. norm of D = 1.602262e+01, change in D = 8.373419e+00.
  Coordinate descent sweep 3. norm of D = 1.819207e+01, change in D = 5.544964e+00.
    Line search step size chosen: 1.000000e+00.
  Objective value decreased by 7.674017e-01.
Newton iteration 7.
  Active set size = 12620.
  sub-gradient = 4.659888e+01, l1-norm of X = 1.676638e+02.
  Coordinate descent sweep 1. norm of D = 5.906252e+00, change in D = 5.906252e+00.
  Coordinate descent sweep 2. norm of D = 7.300897e+00, change in D = 3.746241e+00.
  Coordinate descent sweep 3. norm of D = 8.421304e+00, change in D = 2.723525e+00.
    Line search step size chosen: 1.000000e+00.
  Objective value decreased by 3.600251e-01.
Newton iteration 8.
  Active set size = 12602.
  sub-gradient = 1.617160e+01, l1-norm of X = 1.682003e+02.
  Coordinate descent sweep 1. norm of D = 3.048997e+00, change in D = 3.048997e+00.
  Coordinate descent sweep 2. norm of D = 3.695303e+00, change in D = 2.095040e+00.
  Coordinate descent sweep 3. norm of D = 4.133344e+00, change in D = 1.478818e+00.
    Line search step size chosen: 1.000000e+00.
  Objective value decreased by 1.151035e-01.
Newton iteration 9.
  Active set size = 12596.
  sub-gradient = 3.691382e+00, l1-norm of X = 1.684600e+02.
  Coordinate descent sweep 1. norm of D = 1.414531e+00, change in D = 1.414531e+00.
  Coordinate descent sweep 2. norm of D = 1.855037e+00, change in D = 1.047523e+00.
  Coordinate descent sweep 3. norm of D = 2.188261e+00, change in D = 7.436634e-01.
  Coordinate descent sweep 4. norm of D = 2.428771e+00, change in D = 5.517684e-01.
    Line search step size chosen: 1.000000e+00.
  Objective value decreased by 2.256824e-02.
Newton iteration 10.
  Active set size = 12593.
  sub-gradient = 7.425822e-01, l1-norm of X = 1.686033e+02.
  Coordinate descent sweep 1. norm of D = 4.782129e-01, change in D = 4.782129e-01.
  Coordinate descent sweep 2. norm of D = 6.331484e-01, change in D = 3.618972e-01.
  Coordinate descent sweep 3. norm of D = 7.608486e-01, change in D = 2.673140e-01.
  Coordinate descent sweep 4. norm of D = 8.570753e-01, change in D = 1.951847e-01.
    Line search step size chosen: 1.000000e+00.
  Objective value decreased by 2.092787e-03.
Newton iteration 11.
  Active set size = 12592.
  sub-gradient = 1.784465e-01, l1-norm of X = 1.686786e+02.
  Coordinate descent sweep 1. norm of D = 1.547879e-01, change in D = 1.547879e-01.
  Coordinate descent sweep 2. norm of D = 2.152439e-01, change in D = 1.281331e-01.
  Coordinate descent sweep 3. norm of D = 2.585058e-01, change in D = 9.496197e-02.
  Coordinate descent sweep 4. norm of D = 2.901826e-01, change in D = 7.969783e-02.
    Line search step size chosen: 1.000000e+00.
  Objective value decreased by 2.284916e-04.
Newton iteration 12.
  Active set size = 12592.
  sub-gradient = 6.657034e-02, l1-norm of X = 1.687122e+02.
  Coordinate descent sweep 1. norm of D = 6.365470e-02, change in D = 6.365470e-02.
  Coordinate descent sweep 2. norm of D = 8.558374e-02, change in D = 4.851290e-02.
  Coordinate descent sweep 3. norm of D = 1.017983e-01, change in D = 3.815318e-02.
  Coordinate descent sweep 4. norm of D = 1.158702e-01, change in D = 3.071813e-02.
  Coordinate descent sweep 5. norm of D = 1.263564e-01, change in D = 2.570100e-02.
    Line search step size chosen: 1.000000e+00.
  Objective value decreased by 4.025305e-05.
Newton iteration 13.
  Active set size = 12592.
  sub-gradient = 1.921292e-02, l1-norm of X = 1.687256e+02.
  Coordinate descent sweep 1. norm of D = 1.991690e-02, change in D = 1.991690e-02.
  Coordinate descent sweep 2. norm of D = 2.915260e-02, change in D = 1.693134e-02.
  Coordinate descent sweep 3. norm of D = 3.624050e-02, change in D = 1.373755e-02.
  Coordinate descent sweep 4. norm of D = 4.134679e-02, change in D = 1.040664e-02.
  Coordinate descent sweep 5. norm of D = 4.546958e-02, change in D = 9.091132e-03.
    Line search step size chosen: 1.000000e+00.
  Objective value decreased by 5.371659e-06.
Newton iteration 14.
  Active set size = 12592.
  sub-gradient = 6.905266e-03, l1-norm of X = 1.687301e+02.
  Coordinate descent sweep 1. norm of D = 7.109266e-03, change in D = 7.109266e-03.
  Coordinate descent sweep 2. norm of D = 1.026179e-02, change in D = 5.774908e-03.
  Coordinate descent sweep 3. norm of D = 1.238773e-02, change in D = 4.676930e-03.
  Coordinate descent sweep 4. norm of D = 1.424364e-02, change in D = 3.790524e-03.
  Coordinate descent sweep 5. norm of D = 1.574074e-02, change in D = 2.884394e-03.
    Line search step size chosen: 1.000000e+00.
  Objective value decreased by 7.092785e-07.
QUIC CPU time: 2845.610 seconds
