[1] "/work-zfs/abattle4/prashanthi/recount3/data/skin/all/weighted_covariances/cov_20.rds"
[1] "Data read complete"
Running QUIC version 1.1 in 'default' mode.
Newton iteration 1.
  X is a diagonal matrix.
    Line search step size 1.000000e+00.  Lack of positive definiteness.
    Line search step size 5.000000e-01.  Lack of positive definiteness.
    Line search step size 2.500000e-01.  Lack of positive definiteness.
    Line search step size chosen: 1.250000e-01.
  Objective value decreased by 8.049739e+00.
Newton iteration 2.
  Active set size = 9988.
  sub-gradient = 1.638558e+02, l1-norm of X = 2.103727e+01.
  Coordinate descent sweep 1. norm of D = 1.174016e+02, change in D = 1.174016e+02.
    Line search step size 1.000000e+00.  Lack of positive definiteness.
    Line search step size 5.000000e-01.  Lack of positive definiteness.
    Line search step size chosen: 2.500000e-01.
  Objective value decreased by 6.686425e+00.
Newton iteration 3.
  Active set size = 9988.
  sub-gradient = 9.735351e+01, l1-norm of X = 4.331229e+01.
  Coordinate descent sweep 1. norm of D = 7.290650e+01, change in D = 7.290650e+01.
  Coordinate descent sweep 2. norm of D = 7.775044e+01, change in D = 1.789324e+01.
    Line search step size chosen: 1.000000e+00.
  Objective value decreased by 6.185032e+00.
Newton iteration 4.
  Active set size = 9623.
  sub-gradient = 3.978338e+01, l1-norm of X = 8.394313e+01.
  Coordinate descent sweep 1. norm of D = 1.701756e+01, change in D = 1.701756e+01.
  Coordinate descent sweep 2. norm of D = 1.888648e+01, change in D = 7.573884e+00.
    Line search step size chosen: 1.000000e+00.
  Objective value decreased by 4.773228e-01.
Newton iteration 5.
  Active set size = 9557.
  sub-gradient = 6.401513e+00, l1-norm of X = 8.419975e+01.
  Coordinate descent sweep 1. norm of D = 4.830280e+00, change in D = 4.830280e+00.
  Coordinate descent sweep 2. norm of D = 6.350901e+00, change in D = 2.685184e+00.
    Line search step size chosen: 1.000000e+00.
  Objective value decreased by 6.684906e-02.
Newton iteration 6.
  Active set size = 9533.
  sub-gradient = 1.577707e+00, l1-norm of X = 8.474685e+01.
  Coordinate descent sweep 1. norm of D = 1.589303e+00, change in D = 1.589303e+00.
  Coordinate descent sweep 2. norm of D = 2.101246e+00, change in D = 8.595298e-01.
  Coordinate descent sweep 3. norm of D = 2.411841e+00, change in D = 5.158150e-01.
    Line search step size chosen: 1.000000e+00.
  Objective value decreased by 1.162925e-02.
Newton iteration 7.
  Active set size = 9531.
  sub-gradient = 3.419019e-01, l1-norm of X = 8.515916e+01.
  Coordinate descent sweep 1. norm of D = 3.465202e-01, change in D = 3.465202e-01.
  Coordinate descent sweep 2. norm of D = 4.948276e-01, change in D = 2.208873e-01.
  Coordinate descent sweep 3. norm of D = 5.726861e-01, change in D = 1.337062e-01.
    Line search step size chosen: 1.000000e+00.
  Objective value decreased by 9.315932e-04.
Newton iteration 8.
  Active set size = 9530.
  sub-gradient = 9.391926e-02, l1-norm of X = 8.525186e+01.
  Coordinate descent sweep 1. norm of D = 9.414411e-02, change in D = 9.414411e-02.
  Coordinate descent sweep 2. norm of D = 1.312104e-01, change in D = 6.014424e-02.
  Coordinate descent sweep 3. norm of D = 1.571579e-01, change in D = 4.180788e-02.
    Line search step size chosen: 1.000000e+00.
  Objective value decreased by 1.014268e-04.
Newton iteration 9.
  Active set size = 9530.
  sub-gradient = 2.762284e-02, l1-norm of X = 8.527574e+01.
  Coordinate descent sweep 1. norm of D = 3.082129e-02, change in D = 3.082129e-02.
  Coordinate descent sweep 2. norm of D = 4.125356e-02, change in D = 1.907760e-02.
  Coordinate descent sweep 3. norm of D = 4.911962e-02, change in D = 1.382669e-02.
  Coordinate descent sweep 4. norm of D = 5.365846e-02, change in D = 8.852639e-03.
    Line search step size chosen: 1.000000e+00.
  Objective value decreased by 1.330386e-05.
Newton iteration 10.
  Active set size = 9530.
  sub-gradient = 6.740253e-03, l1-norm of X = 8.528494e+01.
  Coordinate descent sweep 1. norm of D = 6.824964e-03, change in D = 6.824964e-03.
  Coordinate descent sweep 2. norm of D = 8.947344e-03, change in D = 3.944979e-03.
  Coordinate descent sweep 3. norm of D = 1.101467e-02, change in D = 3.129450e-03.
  Coordinate descent sweep 4. norm of D = 1.204975e-02, change in D = 1.854073e-03.
    Line search step size chosen: 1.000000e+00.
  Objective value decreased by 7.948165e-07.
QUIC CPU time: 2202.400 seconds
