[1] "/work-zfs/abattle4/prashanthi/recount3/data/skin/all/weighted_covariances/cov_20.rds"
[1] "Data read complete"
Running QUIC version 1.1 in 'default' mode.
Newton iteration 1.
  X is a diagonal matrix.
    Line search step size chosen: 1.000000e+00.
  Objective value decreased by 8.040624e-01.
Newton iteration 2.
  Active set size = 8129.
  sub-gradient = 6.664515e+00, l1-norm of X = 1.131568e+01.
  Coordinate descent sweep 1. norm of D = 2.659767e+00, change in D = 2.659767e+00.
    Line search step size chosen: 1.000000e+00.
  Objective value decreased by 1.109675e-01.
Newton iteration 3.
  Active set size = 8124.
  sub-gradient = 1.288030e+00, l1-norm of X = 9.953078e+00.
  Coordinate descent sweep 1. norm of D = 1.161431e+00, change in D = 1.161431e+00.
  Coordinate descent sweep 2. norm of D = 1.284282e+00, change in D = 3.016082e-01.
    Line search step size chosen: 1.000000e+00.
  Objective value decreased by 2.481807e-02.
Newton iteration 4.
  Active set size = 8123.
  sub-gradient = 1.622189e-01, l1-norm of X = 1.003221e+01.
  Coordinate descent sweep 1. norm of D = 1.405225e-01, change in D = 1.405225e-01.
  Coordinate descent sweep 2. norm of D = 1.557792e-01, change in D = 5.149299e-02.
    Line search step size chosen: 1.000000e+00.
  Objective value decreased by 5.167501e-04.
Newton iteration 5.
  Active set size = 8123.
  sub-gradient = 1.279485e-02, l1-norm of X = 1.004630e+01.
  Coordinate descent sweep 1. norm of D = 1.358519e-02, change in D = 1.358519e-02.
  Coordinate descent sweep 2. norm of D = 1.520643e-02, change in D = 2.751863e-03.
    Line search step size chosen: 1.000000e+00.
  Objective value decreased by 5.246331e-06.
Newton iteration 6.
  Active set size = 8123.
  sub-gradient = 1.005999e-03, l1-norm of X = 1.004501e+01.
  Coordinate descent sweep 1. norm of D = 1.081581e-03, change in D = 1.081581e-03.
  Coordinate descent sweep 2. norm of D = 1.216406e-03, change in D = 2.801071e-04.
  Coordinate descent sweep 3. norm of D = 1.263338e-03, change in D = 8.236524e-05.
    Line search step size chosen: 1.000000e+00.
  Objective value decreased by 3.540481e-08.
Newton iteration 7.
  Active set size = 8123.
  sub-gradient = 2.239057e-05, l1-norm of X = 1.004549e+01.
  Coordinate descent sweep 1. norm of D = 2.343386e-05, change in D = 2.343386e-05.
  Coordinate descent sweep 2. norm of D = 2.631297e-05, change in D = 8.071643e-06.
  Coordinate descent sweep 3. norm of D = 2.734519e-05, change in D = 2.310615e-06.
    Line search step size chosen: 1.000000e+00.
  Objective value decreased by 1.909939e-11.
QUIC CPU time: 2890.260 seconds
