[1] "/work-zfs/abattle4/prashanthi/recount3/data/skin/all/weighted_covariances/cov_20.rds"
[1] "Data read complete"
Running QUIC version 1.1 in 'default' mode.
Newton iteration 1.
  X is a diagonal matrix.
    Line search step size chosen: 1.000000e+00.
  Objective value decreased by 2.172495e-01.
Newton iteration 2.
  Active set size = 8053.
  sub-gradient = 5.869584e-01, l1-norm of X = 3.551713e+00.
  Coordinate descent sweep 1. norm of D = 5.248854e-01, change in D = 5.248854e-01.
    Line search step size chosen: 1.000000e+00.
  Objective value decreased by 4.418197e-03.
Newton iteration 3.
  Active set size = 8053.
  sub-gradient = 5.607795e-02, l1-norm of X = 3.433451e+00.
  Coordinate descent sweep 1. norm of D = 5.544534e-02, change in D = 5.544534e-02.
  Coordinate descent sweep 2. norm of D = 6.628072e-02, change in D = 1.642371e-02.
    Line search step size chosen: 1.000000e+00.
  Objective value decreased by 1.701621e-04.
Newton iteration 4.
  Active set size = 8053.
  sub-gradient = 2.141989e-03, l1-norm of X = 3.489542e+00.
  Coordinate descent sweep 1. norm of D = 2.331399e-03, change in D = 2.331399e-03.
  Coordinate descent sweep 2. norm of D = 2.759088e-03, change in D = 4.728430e-04.
    Line search step size chosen: 1.000000e+00.
  Objective value decreased by 3.778296e-07.
Newton iteration 5.
  Active set size = 8053.
  sub-gradient = 6.184774e-05, l1-norm of X = 3.491174e+00.
  Coordinate descent sweep 1. norm of D = 6.535085e-05, change in D = 6.535085e-05.
  Coordinate descent sweep 2. norm of D = 7.560947e-05, change in D = 1.357445e-05.
    Line search step size chosen: 1.000000e+00.
  Objective value decreased by 4.574758e-10.
QUIC CPU time: 1047.200 seconds
