[1] "sra_normal" "350"        "0.68"      
[1] "Data read complete"
Running QUIC version 1.1 in 'default' mode.
Newton iteration 1.
  X is a diagonal matrix.
    Line search step size chosen: 1.000000e+00.
  Objective value decreased by 6.114612e-02.
Newton iteration 2.
  Active set size = 5772.
  sub-gradient = 1.340392e-01, l1-norm of X = 6.983972e-01.
  Coordinate descent sweep 1. norm of D = 1.275884e-01, change in D = 1.275884e-01.
    Line search step size chosen: 1.000000e+00.
  Objective value decreased by 1.140038e-03.
Newton iteration 3.
  Active set size = 5772.
  sub-gradient = 5.700799e-03, l1-norm of X = 7.086134e-01.
  Coordinate descent sweep 1. norm of D = 5.625826e-03, change in D = 5.625826e-03.
  Coordinate descent sweep 2. norm of D = 6.363283e-03, change in D = 1.009812e-03.
    Line search step size chosen: 1.000000e+00.
  Objective value decreased by 3.147097e-06.
Newton iteration 4.
  Active set size = 5772.
  sub-gradient = 5.718643e-05, l1-norm of X = 7.096156e-01.
  Coordinate descent sweep 1. norm of D = 6.669724e-05, change in D = 6.669724e-05.
  Coordinate descent sweep 2. norm of D = 8.375153e-05, change in D = 1.705429e-05.
    Line search step size chosen: 1.000000e+00.
  Objective value decreased by 1.553417e-09.
QUIC CPU time: 315.320 seconds
