[1] "sra_normal" "500"        "weighted"   "0.30"      
[1] "Data read complete"
Running QUIC version 1.1 in 'default' mode.
Newton iteration 1.
  X is a diagonal matrix.
    Line search step size 1.000000e+00.  Lack of positive definiteness.
    Line search step size 5.000000e-01.  Lack of positive definiteness.
    Line search step size 2.500000e-01.  Lack of positive definiteness.
    Line search step size chosen: 1.250000e-01.
  Objective value decreased by 6.690683e+00.
Newton iteration 2.
  Active set size = 9170.
  sub-gradient = 1.830602e+02, l1-norm of X = 1.754991e+01.
  Coordinate descent sweep 1. norm of D = 1.190784e+02, change in D = 1.190784e+02.
    Line search step size 1.000000e+00.  Lack of positive definiteness.
    Line search step size chosen: 5.000000e-01.
  Objective value decreased by 4.910860e+00.
Newton iteration 3.
  Active set size = 9170.
  sub-gradient = 5.551562e+02, l1-norm of X = 4.941538e+01.
  Coordinate descent sweep 1. norm of D = 4.137017e+01, change in D = 4.137017e+01.
  Coordinate descent sweep 2. norm of D = 4.735165e+01, change in D = 1.348588e+01.
    Line search step size chosen: 1.000000e+00.
  Objective value decreased by 2.687584e+00.
Newton iteration 4.
  Active set size = 8368.
  sub-gradient = 1.875161e+02, l1-norm of X = 5.927395e+01.
  Coordinate descent sweep 1. norm of D = 1.465402e+01, change in D = 1.465402e+01.
  Coordinate descent sweep 2. norm of D = 1.610783e+01, change in D = 7.887907e+00.
    Line search step size chosen: 1.000000e+00.
  Objective value decreased by 8.112465e-01.
Newton iteration 5.
  Active set size = 8263.
  sub-gradient = 6.120248e+01, l1-norm of X = 5.945497e+01.
  Coordinate descent sweep 1. norm of D = 7.771573e+00, change in D = 7.771573e+00.
  Coordinate descent sweep 2. norm of D = 7.937080e+00, change in D = 4.649084e+00.
    Line search step size chosen: 1.000000e+00.
  Objective value decreased by 2.884192e-01.
Newton iteration 6.
  Active set size = 8219.
  sub-gradient = 1.389803e+01, l1-norm of X = 5.910246e+01.
  Coordinate descent sweep 1. norm of D = 3.509893e+00, change in D = 3.509893e+00.
  Coordinate descent sweep 2. norm of D = 3.786002e+00, change in D = 1.947088e+00.
  Coordinate descent sweep 3. norm of D = 3.992617e+00, change in D = 9.467435e-01.
    Line search step size chosen: 1.000000e+00.
  Objective value decreased by 4.939882e-02.
Newton iteration 7.
  Active set size = 8204.
  sub-gradient = 1.785401e+00, l1-norm of X = 5.889600e+01.
  Coordinate descent sweep 1. norm of D = 6.295680e-01, change in D = 6.295680e-01.
  Coordinate descent sweep 2. norm of D = 7.145804e-01, change in D = 3.877270e-01.
  Coordinate descent sweep 3. norm of D = 7.639565e-01, change in D = 1.960506e-01.
    Line search step size chosen: 1.000000e+00.
  Objective value decreased by 1.693803e-03.
Newton iteration 8.
  Active set size = 8201.
  sub-gradient = 1.117635e-01, l1-norm of X = 5.887272e+01.
  Coordinate descent sweep 1. norm of D = 1.128535e-01, change in D = 1.128535e-01.
  Coordinate descent sweep 2. norm of D = 1.388461e-01, change in D = 5.790704e-02.
  Coordinate descent sweep 3. norm of D = 1.529504e-01, change in D = 3.459930e-02.
    Line search step size chosen: 1.000000e+00.
  Objective value decreased by 6.157297e-05.
Newton iteration 9.
  Active set size = 8201.
  sub-gradient = 2.295897e-02, l1-norm of X = 5.888234e+01.
  Coordinate descent sweep 1. norm of D = 2.195482e-02, change in D = 2.195482e-02.
  Coordinate descent sweep 2. norm of D = 2.751526e-02, change in D = 1.303123e-02.
  Coordinate descent sweep 3. norm of D = 3.110594e-02, change in D = 8.022822e-03.
  Coordinate descent sweep 4. norm of D = 3.297505e-02, change in D = 4.864787e-03.
    Line search step size chosen: 1.000000e+00.
  Objective value decreased by 5.662816e-06.
Newton iteration 10.
  Active set size = 8201.
  sub-gradient = 2.991734e-03, l1-norm of X = 5.888546e+01.
  Coordinate descent sweep 1. norm of D = 2.910635e-03, change in D = 2.910635e-03.
  Coordinate descent sweep 2. norm of D = 3.824940e-03, change in D = 1.826568e-03.
  Coordinate descent sweep 3. norm of D = 4.192762e-03, change in D = 1.017854e-03.
  Coordinate descent sweep 4. norm of D = 4.630790e-03, change in D = 7.044196e-04.
    Line search step size chosen: 1.000000e+00.
  Objective value decreased by 2.411844e-07.
QUIC CPU time: 911.390 seconds
