[1] "sra_normal" "500"        "weighted"   "0.40"      
[1] "Data read complete"
Running QUIC version 1.1 in 'default' mode.
Newton iteration 1.
  X is a diagonal matrix.
    Line search step size 1.000000e+00.  Lack of positive definiteness.
    Line search step size chosen: 5.000000e-01.
  Objective value decreased by 2.243488e+00.
Newton iteration 2.
  Active set size = 6642.
  sub-gradient = 1.762488e+02, l1-norm of X = 1.944330e+01.
  Coordinate descent sweep 1. norm of D = 1.372568e+01, change in D = 1.372568e+01.
    Line search step size chosen: 1.000000e+00.
  Objective value decreased by 9.687820e-01.
Newton iteration 3.
  Active set size = 6535.
  sub-gradient = 7.150061e+01, l1-norm of X = 2.461601e+01.
  Coordinate descent sweep 1. norm of D = 5.829473e+00, change in D = 5.829473e+00.
  Coordinate descent sweep 2. norm of D = 6.319276e+00, change in D = 2.695885e+00.
    Line search step size chosen: 1.000000e+00.
  Objective value decreased by 4.003709e-01.
Newton iteration 4.
  Active set size = 6494.
  sub-gradient = 2.688141e+01, l1-norm of X = 2.465126e+01.
  Coordinate descent sweep 1. norm of D = 2.908950e+00, change in D = 2.908950e+00.
  Coordinate descent sweep 2. norm of D = 2.664531e+00, change in D = 1.873383e+00.
    Line search step size chosen: 1.000000e+00.
  Objective value decreased by 1.642557e-01.
Newton iteration 5.
  Active set size = 6478.
  sub-gradient = 8.173713e+00, l1-norm of X = 2.420498e+01.
  Coordinate descent sweep 1. norm of D = 1.827055e+00, change in D = 1.827055e+00.
  Coordinate descent sweep 2. norm of D = 1.760565e+00, change in D = 1.209466e+00.
    Line search step size chosen: 1.000000e+00.
  Objective value decreased by 4.388837e-02.
Newton iteration 6.
  Active set size = 6481.
  sub-gradient = 1.654260e+00, l1-norm of X = 2.386340e+01.
  Coordinate descent sweep 1. norm of D = 6.839567e-01, change in D = 6.839567e-01.
  Coordinate descent sweep 2. norm of D = 7.654587e-01, change in D = 4.092130e-01.
  Coordinate descent sweep 3. norm of D = 8.149983e-01, change in D = 1.410676e-01.
    Line search step size chosen: 1.000000e+00.
  Objective value decreased by 7.393947e-03.
Newton iteration 7.
  Active set size = 6476.
  sub-gradient = 1.024315e-01, l1-norm of X = 2.379860e+01.
  Coordinate descent sweep 1. norm of D = 7.919095e-02, change in D = 7.919095e-02.
  Coordinate descent sweep 2. norm of D = 8.926607e-02, change in D = 3.381404e-02.
  Coordinate descent sweep 3. norm of D = 9.555674e-02, change in D = 1.536126e-02.
    Line search step size chosen: 1.000000e+00.
  Objective value decreased by 8.270673e-05.
Newton iteration 8.
  Active set size = 6476.
  sub-gradient = 7.094044e-03, l1-norm of X = 2.380312e+01.
  Coordinate descent sweep 1. norm of D = 6.622391e-03, change in D = 6.622391e-03.
  Coordinate descent sweep 2. norm of D = 7.304051e-03, change in D = 3.199584e-03.
  Coordinate descent sweep 3. norm of D = 7.748176e-03, change in D = 1.485973e-03.
    Line search step size chosen: 1.000000e+00.
  Objective value decreased by 5.127740e-07.
Newton iteration 9.
  Active set size = 6476.
  sub-gradient = 7.507155e-04, l1-norm of X = 2.380401e+01.
  Coordinate descent sweep 1. norm of D = 7.017245e-04, change in D = 7.017245e-04.
  Coordinate descent sweep 2. norm of D = 8.048913e-04, change in D = 3.103575e-04.
  Coordinate descent sweep 3. norm of D = 8.578486e-04, change in D = 1.399757e-04.
  Coordinate descent sweep 4. norm of D = 8.790373e-04, change in D = 5.967683e-05.
    Line search step size chosen: 1.000000e+00.
  Objective value decreased by 5.425136e-09.
QUIC CPU time: 745.160 seconds
