[1] "sra_normal" "500"        "weighted"   "0.46"      
[1] "Data read complete"
Running QUIC version 1.1 in 'default' mode.
Newton iteration 1.
  X is a diagonal matrix.
    Line search step size chosen: 1.000000e+00.
  Objective value decreased by 6.214098e-01.
Newton iteration 2.
  Active set size = 6077.
  sub-gradient = 4.939107e+01, l1-norm of X = 1.428719e+01.
  Coordinate descent sweep 1. norm of D = 4.912729e+00, change in D = 4.912729e+00.
    Line search step size chosen: 1.000000e+00.
  Objective value decreased by 4.314359e-01.
Newton iteration 3.
  Active set size = 6058.
  sub-gradient = 1.900762e+01, l1-norm of X = 1.302200e+01.
  Coordinate descent sweep 1. norm of D = 3.037139e+00, change in D = 3.037139e+00.
  Coordinate descent sweep 2. norm of D = 3.038176e+00, change in D = 1.242868e+00.
    Line search step size chosen: 1.000000e+00.
  Objective value decreased by 2.662936e-01.
Newton iteration 4.
  Active set size = 6054.
  sub-gradient = 6.756701e+00, l1-norm of X = 1.238889e+01.
  Coordinate descent sweep 1. norm of D = 1.451234e+00, change in D = 1.451234e+00.
  Coordinate descent sweep 2. norm of D = 1.335554e+00, change in D = 7.150150e-01.
    Line search step size chosen: 1.000000e+00.
  Objective value decreased by 8.172639e-02.
Newton iteration 5.
  Active set size = 6050.
  sub-gradient = 1.682829e+00, l1-norm of X = 1.169402e+01.
  Coordinate descent sweep 1. norm of D = 8.646752e-01, change in D = 8.646752e-01.
  Coordinate descent sweep 2. norm of D = 8.395850e-01, change in D = 4.234364e-01.
    Line search step size chosen: 1.000000e+00.
  Objective value decreased by 1.725665e-02.
Newton iteration 6.
  Active set size = 6048.
  sub-gradient = 1.799013e-01, l1-norm of X = 1.139879e+01.
  Coordinate descent sweep 1. norm of D = 1.254302e-01, change in D = 1.254302e-01.
  Coordinate descent sweep 2. norm of D = 1.275075e-01, change in D = 4.423001e-02.
  Coordinate descent sweep 3. norm of D = 1.290109e-01, change in D = 1.383623e-02.
    Line search step size chosen: 1.000000e+00.
  Objective value decreased by 2.353047e-04.
Newton iteration 7.
  Active set size = 6050.
  sub-gradient = 5.720056e-03, l1-norm of X = 1.137622e+01.
  Coordinate descent sweep 1. norm of D = 4.934489e-03, change in D = 4.934489e-03.
  Coordinate descent sweep 2. norm of D = 5.233350e-03, change in D = 1.508569e-03.
  Coordinate descent sweep 3. norm of D = 5.390901e-03, change in D = 4.787476e-04.
    Line search step size chosen: 1.000000e+00.
  Objective value decreased by 4.233470e-07.
Newton iteration 8.
  Active set size = 6050.
  sub-gradient = 1.955090e-04, l1-norm of X = 1.137603e+01.
  Coordinate descent sweep 1. norm of D = 1.756751e-04, change in D = 1.756751e-04.
  Coordinate descent sweep 2. norm of D = 2.057019e-04, change in D = 9.389029e-05.
  Coordinate descent sweep 3. norm of D = 2.204883e-04, change in D = 4.878094e-05.
    Line search step size chosen: 1.000000e+00.
  Objective value decreased by 7.621566e-10.
QUIC CPU time: 657.380 seconds
