[1] "sra_normal" "500"        "0.60"      
[1] "Data read complete"
Running QUIC version 1.1 in 'default' mode.
Newton iteration 1.
  X is a diagonal matrix.
    Line search step size chosen: 1.000000e+00.
  Objective value decreased by 1.448803e-01.
Newton iteration 2.
  Active set size = 5783.
  sub-gradient = 3.341620e-01, l1-norm of X = 1.429301e+00.
  Coordinate descent sweep 1. norm of D = 3.060389e-01, change in D = 3.060389e-01.
    Line search step size chosen: 1.000000e+00.
  Objective value decreased by 4.053278e-03.
Newton iteration 3.
  Active set size = 5783.
  sub-gradient = 2.645687e-02, l1-norm of X = 1.436668e+00.
  Coordinate descent sweep 1. norm of D = 3.088457e-02, change in D = 3.088457e-02.
  Coordinate descent sweep 2. norm of D = 3.320565e-02, change in D = 2.672605e-03.
    Line search step size chosen: 1.000000e+00.
  Objective value decreased by 6.185210e-05.
Newton iteration 4.
  Active set size = 5783.
  sub-gradient = 5.105186e-04, l1-norm of X = 1.450455e+00.
  Coordinate descent sweep 1. norm of D = 6.500876e-04, change in D = 6.500876e-04.
  Coordinate descent sweep 2. norm of D = 7.330924e-04, change in D = 9.251020e-05.
    Line search step size chosen: 1.000000e+00.
  Objective value decreased by 4.081812e-08.
Newton iteration 5.
  Active set size = 5783.
  sub-gradient = 3.914812e-05, l1-norm of X = 1.450779e+00.
  Coordinate descent sweep 1. norm of D = 4.256473e-05, change in D = 4.256473e-05.
  Coordinate descent sweep 2. norm of D = 4.970319e-05, change in D = 8.568428e-06.
    Line search step size chosen: 1.000000e+00.
  Objective value decreased by 2.683009e-10.
QUIC CPU time: 948.690 seconds
