[1] "sra_normal" "500"        "0.62"      
[1] "Data read complete"
Running QUIC version 1.1 in 'default' mode.
Newton iteration 1.
  X is a diagonal matrix.
    Line search step size chosen: 1.000000e+00.
  Objective value decreased by 1.042100e-01.
Newton iteration 2.
  Active set size = 5781.
  sub-gradient = 2.336836e-01, l1-norm of X = 1.104655e+00.
  Coordinate descent sweep 1. norm of D = 2.070458e-01, change in D = 2.070458e-01.
    Line search step size chosen: 1.000000e+00.
  Objective value decreased by 2.446141e-03.
Newton iteration 3.
  Active set size = 5780.
  sub-gradient = 1.725501e-02, l1-norm of X = 1.103747e+00.
  Coordinate descent sweep 1. norm of D = 1.968224e-02, change in D = 1.968224e-02.
  Coordinate descent sweep 2. norm of D = 2.633980e-02, change in D = 6.662926e-03.
    Line search step size chosen: 1.000000e+00.
  Objective value decreased by 7.440995e-05.
Newton iteration 4.
  Active set size = 5780.
  sub-gradient = 1.232247e-03, l1-norm of X = 1.121722e+00.
  Coordinate descent sweep 1. norm of D = 1.397857e-03, change in D = 1.397857e-03.
  Coordinate descent sweep 2. norm of D = 1.966450e-03, change in D = 6.008925e-04.
    Line search step size chosen: 1.000000e+00.
  Objective value decreased by 4.989188e-07.
Newton iteration 5.
  Active set size = 5780.
  sub-gradient = 6.919803e-05, l1-norm of X = 1.123004e+00.
  Coordinate descent sweep 1. norm of D = 7.874794e-05, change in D = 7.874794e-05.
  Coordinate descent sweep 2. norm of D = 9.154775e-05, change in D = 1.281659e-05.
    Line search step size chosen: 1.000000e+00.
  Objective value decreased by 1.119588e-09.
QUIC CPU time: 926.960 seconds
