[1] "sra_normal" "500"        "0.66"      
[1] "Data read complete"
Running QUIC version 1.1 in 'default' mode.
Newton iteration 1.
  X is a diagonal matrix.
    Line search step size chosen: 1.000000e+00.
  Objective value decreased by 5.063773e-02.
Newton iteration 2.
  Active set size = 5775.
  sub-gradient = 1.101476e-01, l1-norm of X = 6.644219e-01.
  Coordinate descent sweep 1. norm of D = 1.016284e-01, change in D = 1.016284e-01.
    Line search step size chosen: 1.000000e+00.
  Objective value decreased by 8.264860e-04.
Newton iteration 3.
  Active set size = 5775.
  sub-gradient = 6.232733e-03, l1-norm of X = 6.662830e-01.
  Coordinate descent sweep 1. norm of D = 7.418519e-03, change in D = 7.418519e-03.
  Coordinate descent sweep 2. norm of D = 8.802709e-03, change in D = 1.450979e-03.
    Line search step size chosen: 1.000000e+00.
  Objective value decreased by 1.385068e-05.
Newton iteration 4.
  Active set size = 5775.
  sub-gradient = 2.481250e-04, l1-norm of X = 6.725389e-01.
  Coordinate descent sweep 1. norm of D = 2.543339e-04, change in D = 2.543339e-04.
  Coordinate descent sweep 2. norm of D = 3.569609e-04, change in D = 1.027495e-04.
    Line search step size chosen: 1.000000e+00.
  Objective value decreased by 3.065452e-08.
Newton iteration 5.
  Active set size = 5775.
  sub-gradient = 1.654099e-05, l1-norm of X = 6.727688e-01.
  Coordinate descent sweep 1. norm of D = 2.296967e-05, change in D = 2.296967e-05.
  Coordinate descent sweep 2. norm of D = 2.405254e-05, change in D = 1.294491e-06.
    Line search step size chosen: 1.000000e+00.
  Objective value decreased by 2.410161e-10.
QUIC CPU time: 426.860 seconds
