[1] "sra_normal" "500"        "0.76"      
[1] "Data read complete"
Running QUIC version 1.1 in 'default' mode.
Newton iteration 1.
  X is a diagonal matrix.
    Line search step size chosen: 1.000000e+00.
  Objective value decreased by 3.366061e-03.
Newton iteration 2.
  Active set size = 5769.
  sub-gradient = 6.923635e-03, l1-norm of X = 1.152374e-01.
  Coordinate descent sweep 1. norm of D = 6.878191e-03, change in D = 6.878191e-03.
    Line search step size chosen: 1.000000e+00.
  Objective value decreased by 8.548171e-06.
Newton iteration 3.
  Active set size = 5769.
  sub-gradient = 6.360919e-05, l1-norm of X = 1.154538e-01.
  Coordinate descent sweep 1. norm of D = 6.537209e-05, change in D = 6.537209e-05.
  Coordinate descent sweep 2. norm of D = 6.665561e-05, change in D = 2.313727e-06.
    Line search step size chosen: 1.000000e+00.
  Objective value decreased by 9.158612e-10.
Newton iteration 4.
  Active set size = 5769.
  sub-gradient = 4.770764e-07, l1-norm of X = 1.154895e-01.
  Coordinate descent sweep 1. norm of D = 4.903674e-07, change in D = 4.903674e-07.
  Coordinate descent sweep 2. norm of D = 5.038571e-07, change in D = 1.349606e-08.
    Line search step size chosen: 1.000000e+00.
  Objective value decreased by 9.094947e-13.
QUIC CPU time: 762.540 seconds
