[1] "sra_normal" "1"          "unweighted" "0.24"      
[1] "Data read complete"
Running QUIC version 1.1 in 'default' mode.
Newton iteration 1.
  X is a diagonal matrix.
    Line search step size 1.000000e+00.  Lack of positive definiteness.
    Line search step size 5.000000e-01.  Lack of positive definiteness.
    Line search step size 2.500000e-01.  Lack of positive definiteness.
    Line search step size 1.250000e-01.  Lack of positive definiteness.
    Line search step size 6.250000e-02.  Lack of positive definiteness.
    Line search step size 3.125000e-02.  Lack of positive definiteness.
    Line search step size 1.562500e-02.  Lack of positive definiteness.
    Line search step size 7.812500e-03.  Lack of positive definiteness.
    Line search step size 3.906250e-03.  Lack of positive definiteness.
    Line search step size 1.953125e-03.  Lack of positive definiteness.
    Line search step size chosen: 9.765625e-04.
  Objective value decreased by 1.626145e+03.
Newton iteration 2.
  Active set size = 10015290.
  sub-gradient = 2.364715e+06, l1-norm of X = 1.116462e+03.
  Coordinate descent sweep 1. norm of D = 4.468321e+05, change in D = 4.468321e+05.
    Line search step size 1.000000e+00.  Lack of positive definiteness.
    Line search step size 5.000000e-01.  Lack of positive definiteness.
    Line search step size 2.500000e-01.  Lack of positive definiteness.
    Line search step size 1.250000e-01.  Lack of positive definiteness.
    Line search step size 6.250000e-02.  Lack of positive definiteness.
    Line search step size 3.125000e-02.  Lack of positive definiteness.
    Line search step size 1.562500e-02.  Lack of positive definiteness.
    Line search step size 7.812500e-03.  Lack of positive definiteness.
    Line search step size 3.906250e-03.  Lack of positive definiteness.
    Line search step size chosen: 1.953125e-03.
  Objective value decreased by 5.350227e+02.
Newton iteration 3.
  Active set size = 10015348.
  sub-gradient = 2.369432e+06, l1-norm of X = 1.524738e+03.
  Coordinate descent sweep 1. norm of D = 1.550360e+05, change in D = 1.550360e+05.
  Coordinate descent sweep 2. norm of D = 1.170811e+05, change in D = 9.636692e+04.
    Line search step size 1.000000e+00.  Lack of positive definiteness.
    Line search step size 5.000000e-01.  Lack of positive definiteness.
    Line search step size 2.500000e-01.  Lack of positive definiteness.
    Line search step size 1.250000e-01.  Lack of positive definiteness.
    Line search step size 6.250000e-02.  Lack of positive definiteness.
    Line search step size 3.125000e-02.  Lack of positive definiteness.
    Line search step size 1.562500e-02.  Lack of positive definiteness.
    Line search step size chosen: 7.812500e-03.
  Objective value decreased by 5.804695e+02.
Newton iteration 4.
  Active set size = 10020984.
  sub-gradient = 2.206367e+06, l1-norm of X = 1.936633e+03.
  Coordinate descent sweep 1. norm of D = 3.503874e+04, change in D = 3.503874e+04.
  Coordinate descent sweep 2. norm of D = 2.934209e+04, change in D = 1.599232e+04.
    Line search step size 1.000000e+00.  Lack of positive definiteness.
    Line search step size 5.000000e-01.  Lack of positive definiteness.
    Line search step size 2.500000e-01.  Lack of positive definiteness.
    Line search step size 1.250000e-01.  Lack of positive definiteness.
    Line search step size 6.250000e-02.  Lack of positive definiteness.
    Line search step size 3.125000e-02.  Lack of positive definiteness.
    Line search step size chosen: 1.562500e-02.
  Objective value decreased by 1.827189e+02.
Newton iteration 5.
  Active set size = 10019479.
  sub-gradient = 2.120852e+06, l1-norm of X = 2.081778e+03.
  Coordinate descent sweep 1. norm of D = 2.153554e+04, change in D = 2.153554e+04.
  Coordinate descent sweep 2. norm of D = 1.953642e+04, change in D = 9.351367e+03.
    Line search step size 1.000000e+00.  Lack of positive definiteness.
    Line search step size 5.000000e-01.  Lack of positive definiteness.
    Line search step size 2.500000e-01.  Lack of positive definiteness.
    Line search step size 1.250000e-01.  Lack of positive definiteness.
    Line search step size 6.250000e-02.  Lack of positive definiteness.
    Line search step size chosen: 3.125000e-02.
  Objective value decreased by 2.060008e+02.
Newton iteration 6.
  Active set size = 10019089.
  sub-gradient = 1.933568e+06, l1-norm of X = 2.217991e+03.
  Coordinate descent sweep 1. norm of D = 1.498138e+04, change in D = 1.498138e+04.
  Coordinate descent sweep 2. norm of D = 1.484125e+04, change in D = 5.824839e+03.
  Coordinate descent sweep 3. norm of D = 1.500920e+04, change in D = 1.681397e+03.
    Line search step size 1.000000e+00.  Lack of positive definiteness.
    Line search step size 5.000000e-01.  Lack of positive definiteness.
    Line search step size 2.500000e-01.  Lack of positive definiteness.
    Line search step size 1.250000e-01.  Lack of positive definiteness.
    Line search step size chosen: 6.250000e-02.
  Objective value decreased by 2.635873e+02.
Newton iteration 7.
  Active set size = 10019246.
  sub-gradient = 1.594425e+06, l1-norm of X = 2.342810e+03.
  Coordinate descent sweep 1. norm of D = 1.212110e+04, change in D = 1.212110e+04.
  Coordinate descent sweep 2. norm of D = 1.287920e+04, change in D = 5.426208e+03.
  Coordinate descent sweep 3. norm of D = 1.317400e+04, change in D = 2.038592e+03.
    Line search step size 1.000000e+00.  Lack of positive definiteness.
    Line search step size 5.000000e-01.  Lack of positive definiteness.
    Line search step size 2.500000e-01.  Lack of positive definiteness.
    Line search step size chosen: 1.250000e-01.
  Objective value decreased by 4.051032e+02.
Newton iteration 8.
  Active set size = 10019321.
  sub-gradient = 1.108882e+06, l1-norm of X = 2.481648e+03.
  Coordinate descent sweep 1. norm of D = 1.011285e+04, change in D = 1.011285e+04.
  Coordinate descent sweep 2. norm of D = 1.135723e+04, change in D = 5.554232e+03.
  Coordinate descent sweep 3. norm of D = 1.196722e+04, change in D = 2.927920e+03.
    Line search step size 1.000000e+00.  Lack of positive definiteness.
    Line search step size 5.000000e-01.  Lack of positive definiteness.
    Line search step size chosen: 2.500000e-01.
  Objective value decreased by 6.331434e+02.
Newton iteration 9.
  Active set size = 10019705.
  sub-gradient = 7.674160e+05, l1-norm of X = 2.685345e+03.
  Coordinate descent sweep 1. norm of D = 7.599750e+03, change in D = 7.599750e+03.
  Coordinate descent sweep 2. norm of D = 9.037159e+03, change in D = 4.885803e+03.
  Coordinate descent sweep 3. norm of D = 9.891551e+03, change in D = 3.460249e+03.
  Coordinate descent sweep 4. norm of D = 1.050346e+04, change in D = 2.364020e+03.
    Line search step size 1.000000e+00.  Lack of positive definiteness.
    Line search step size chosen: 5.000000e-01.
  Objective value decreased by 8.783911e+02.
Newton iteration 10.
  Active set size = 10024902.
  sub-gradient = 1.614852e+06, l1-norm of X = 3.051932e+03.
  Coordinate descent sweep 1. norm of D = 4.433396e+03, change in D = 4.433396e+03.
  Coordinate descent sweep 2. norm of D = 5.674066e+03, change in D = 3.195264e+03.
  Coordinate descent sweep 3. norm of D = 6.531501e+03, change in D = 2.683959e+03.
  Coordinate descent sweep 4. norm of D = 7.210254e+03, change in D = 2.230002e+03.
    Line search step size chosen: 1.000000e+00.
  Objective value decreased by 7.848416e+02.
Newton iteration 11.
  Active set size = 1419850.
  sub-gradient = 1.393783e+05, l1-norm of X = 3.609373e+03.
  Coordinate descent sweep 1. norm of D = 1.628202e+03, change in D = 1.628202e+03.
  Coordinate descent sweep 2. norm of D = 2.442150e+03, change in D = 1.454739e+03.
  Coordinate descent sweep 3. norm of D = 3.083815e+03, change in D = 1.317370e+03.
  Coordinate descent sweep 4. norm of D = 3.636340e+03, change in D = 1.201612e+03.
    Line search step size chosen: 1.000000e+00.
  Objective value decreased by 2.138364e+02.
Newton iteration 12.
  Active set size = 2592741.
  sub-gradient = 1.940951e+05, l1-norm of X = 3.972973e+03.
  Coordinate descent sweep 1. norm of D = 1.178515e+03, change in D = 1.178515e+03.
  Coordinate descent sweep 2. norm of D = 1.815824e+03, change in D = 1.095682e+03.
  Coordinate descent sweep 3. norm of D = 2.343411e+03, change in D = 1.014064e+03.
  Coordinate descent sweep 4. norm of D = 2.810934e+03, change in D = 9.385475e+02.
  Coordinate descent sweep 5. norm of D = 3.229990e+03, change in D = 8.708479e+02.
    Line search step size chosen: 1.000000e+00.
  Objective value decreased by 1.482671e+02.
Newton iteration 13.
  Active set size = 412325.
  sub-gradient = 6.251337e+04, l1-norm of X = 4.319819e+03.
  Coordinate descent sweep 1. norm of D = 1.013732e+03, change in D = 1.013732e+03.
  Coordinate descent sweep 2. norm of D = 1.576410e+03, change in D = 9.305054e+02.
  Coordinate descent sweep 3. norm of D = 2.045673e+03, change in D = 8.590660e+02.
  Coordinate descent sweep 4. norm of D = 2.464037e+03, change in D = 7.965938e+02.
  Coordinate descent sweep 5. norm of D = 2.843683e+03, change in D = 7.384064e+02.
    Line search step size chosen: 1.000000e+00.
  Objective value decreased by 9.559041e+01.
Newton iteration 14.
  Active set size = 196700.
  sub-gradient = 3.323458e+04, l1-norm of X = 4.621873e+03.
  Coordinate descent sweep 1. norm of D = 8.446483e+02, change in D = 8.446483e+02.
  Coordinate descent sweep 2. norm of D = 1.331538e+03, change in D = 7.852838e+02.
  Coordinate descent sweep 3. norm of D = 1.741977e+03, change in D = 7.238725e+02.
  Coordinate descent sweep 4. norm of D = 2.110154e+03, change in D = 6.710089e+02.
  Coordinate descent sweep 5. norm of D = 2.442121e+03, change in D = 6.198306e+02.
    Line search step size chosen: 1.000000e+00.
  Objective value decreased by 5.908285e+01.
Newton iteration 15.
  Active set size = 168439.
  sub-gradient = 1.881363e+04, l1-norm of X = 4.875566e+03.
  Coordinate descent sweep 1. norm of D = 6.846394e+02, change in D = 6.846394e+02.
  Coordinate descent sweep 2. norm of D = 1.085451e+03, change in D = 6.352727e+02.
  Coordinate descent sweep 3. norm of D = 1.428630e+03, change in D = 5.871373e+02.
  Coordinate descent sweep 4. norm of D = 1.737201e+03, change in D = 5.429069e+02.
  Coordinate descent sweep 5. norm of D = 2.016675e+03, change in D = 5.024610e+02.
  Coordinate descent sweep 6. norm of D = 2.275660e+03, change in D = 4.654323e+02.
    Line search step size chosen: 1.000000e+00.
  Objective value decreased by 3.901648e+01.
Newton iteration 16.
  Active set size = 152406.
  sub-gradient = 1.023955e+04, l1-norm of X = 5.108585e+03.
  Coordinate descent sweep 1. norm of D = 4.978690e+02, change in D = 4.978690e+02.
  Coordinate descent sweep 2. norm of D = 7.973535e+02, change in D = 4.621975e+02.
  Coordinate descent sweep 3. norm of D = 1.054618e+03, change in D = 4.274766e+02.
  Coordinate descent sweep 4. norm of D = 1.285796e+03, change in D = 3.952881e+02.
  Coordinate descent sweep 5. norm of D = 1.497981e+03, change in D = 3.674356e+02.
  Coordinate descent sweep 6. norm of D = 1.693823e+03, change in D = 3.407430e+02.
    Line search step size chosen: 1.000000e+00.
  Objective value decreased by 1.918317e+01.
Newton iteration 17.
  Active set size = 141732.
  sub-gradient = 5.102076e+03, l1-norm of X = 5.272609e+03.
  Coordinate descent sweep 1. norm of D = 3.490085e+02, change in D = 3.490085e+02.
  Coordinate descent sweep 2. norm of D = 5.615093e+02, change in D = 3.254821e+02.
  Coordinate descent sweep 3. norm of D = 7.477588e+02, change in D = 3.016293e+02.
  Coordinate descent sweep 4. norm of D = 9.168228e+02, change in D = 2.800406e+02.
  Coordinate descent sweep 5. norm of D = 1.072508e+03, change in D = 2.610180e+02.
  Coordinate descent sweep 6. norm of D = 1.215872e+03, change in D = 2.418022e+02.
    Line search step size chosen: 1.000000e+00.
  Objective value decreased by 9.079594e+00.
Newton iteration 18.
  Active set size = 134530.
  sub-gradient = 2.570958e+03, l1-norm of X = 5.383968e+03.
  Coordinate descent sweep 1. norm of D = 2.396233e+02, change in D = 2.396233e+02.
  Coordinate descent sweep 2. norm of D = 3.876160e+02, change in D = 2.232055e+02.
  Coordinate descent sweep 3. norm of D = 5.175510e+02, change in D = 2.075034e+02.
  Coordinate descent sweep 4. norm of D = 6.366058e+02, change in D = 1.927767e+02.
  Coordinate descent sweep 5. norm of D = 7.464754e+02, change in D = 1.797279e+02.
  Coordinate descent sweep 6. norm of D = 8.486243e+02, change in D = 1.672153e+02.
  Coordinate descent sweep 7. norm of D = 9.435283e+02, change in D = 1.562849e+02.
    Line search step size chosen: 1.000000e+00.
  Objective value decreased by 4.633419e+00.
Newton iteration 19.
  Active set size = 129065.
  sub-gradient = 1.204321e+03, l1-norm of X = 5.465693e+03.
  Coordinate descent sweep 1. norm of D = 1.523028e+02, change in D = 1.523028e+02.
  Coordinate descent sweep 2. norm of D = 2.475327e+02, change in D = 1.419220e+02.
  Coordinate descent sweep 3. norm of D = 3.323745e+02, change in D = 1.329775e+02.
  Coordinate descent sweep 4. norm of D = 4.096469e+02, change in D = 1.239389e+02.
  Coordinate descent sweep 5. norm of D = 4.819204e+02, change in D = 1.161658e+02.
  Coordinate descent sweep 6. norm of D = 5.491415e+02, change in D = 1.080121e+02.
  Coordinate descent sweep 7. norm of D = 6.113323e+02, change in D = 1.010179e+02.
    Line search step size chosen: 1.000000e+00.
  Objective value decreased by 1.901826e+00.
Newton iteration 20.
  Active set size = 125824.
  sub-gradient = 3.913099e+02, l1-norm of X = 5.515043e+03.
  Coordinate descent sweep 1. norm of D = 9.843966e+01, change in D = 9.843966e+01.
  Coordinate descent sweep 2. norm of D = 1.606097e+02, change in D = 9.213931e+01.
  Coordinate descent sweep 3. norm of D = 2.157421e+02, change in D = 8.603793e+01.
  Coordinate descent sweep 4. norm of D = 2.663119e+02, change in D = 8.046390e+01.
  Coordinate descent sweep 5. norm of D = 3.137962e+02, change in D = 7.562423e+01.
  Coordinate descent sweep 6. norm of D = 3.578229e+02, change in D = 7.072139e+01.
  Coordinate descent sweep 7. norm of D = 3.989089e+02, change in D = 6.629634e+01.
    Line search step size chosen: 1.000000e+00.
  Objective value decreased by 8.071554e-01.
Newton iteration 21.
  Active set size = 123661.
  sub-gradient = 2.271474e+02, l1-norm of X = 5.544812e+03.
  Coordinate descent sweep 1. norm of D = 6.325495e+01, change in D = 6.325495e+01.
  Coordinate descent sweep 2. norm of D = 1.035901e+02, change in D = 5.933976e+01.
  Coordinate descent sweep 3. norm of D = 1.397346e+02, change in D = 5.565471e+01.
  Coordinate descent sweep 4. norm of D = 1.728301e+02, change in D = 5.213047e+01.
  Coordinate descent sweep 5. norm of D = 2.034736e+02, change in D = 4.894644e+01.
  Coordinate descent sweep 6. norm of D = 2.322424e+02, change in D = 4.586435e+01.
  Coordinate descent sweep 7. norm of D = 2.588783e+02, change in D = 4.309295e+01.
  Coordinate descent sweep 8. norm of D = 2.841397e+02, change in D = 4.048928e+01.
    Line search step size chosen: 1.000000e+00.
  Objective value decreased by 3.717059e-01.
Newton iteration 22.
  Active set size = 122287.
  sub-gradient = 1.047264e+02, l1-norm of X = 5.564660e+03.
  Coordinate descent sweep 1. norm of D = 3.883575e+01, change in D = 3.883575e+01.
  Coordinate descent sweep 2. norm of D = 6.354646e+01, change in D = 3.638550e+01.
  Coordinate descent sweep 3. norm of D = 8.561350e+01, change in D = 3.422966e+01.
  Coordinate descent sweep 4. norm of D = 1.060423e+02, change in D = 3.220678e+01.
  Coordinate descent sweep 5. norm of D = 1.250536e+02, change in D = 3.035396e+01.
  Coordinate descent sweep 6. norm of D = 1.428483e+02, change in D = 2.850910e+01.
  Coordinate descent sweep 7. norm of D = 1.596480e+02, change in D = 2.689614e+01.
  Coordinate descent sweep 8. norm of D = 1.752539e+02, change in D = 2.526538e+01.
    Line search step size chosen: 1.000000e+00.
  Objective value decreased by 1.446823e-01.
Newton iteration 23.
  Active set size = 121539.
  sub-gradient = 3.673538e+01, l1-norm of X = 5.575978e+03.
  Coordinate descent sweep 1. norm of D = 2.406409e+01, change in D = 2.406409e+01.
  Coordinate descent sweep 2. norm of D = 3.938709e+01, change in D = 2.272860e+01.
  Coordinate descent sweep 3. norm of D = 5.315178e+01, change in D = 2.139335e+01.
  Coordinate descent sweep 4. norm of D = 6.592764e+01, change in D = 2.016737e+01.
  Coordinate descent sweep 5. norm of D = 7.772586e+01, change in D = 1.898683e+01.
  Coordinate descent sweep 6. norm of D = 8.883982e+01, change in D = 1.793504e+01.
  Coordinate descent sweep 7. norm of D = 9.926327e+01, change in D = 1.688405e+01.
  Coordinate descent sweep 8. norm of D = 1.091213e+02, change in D = 1.597271e+01.
    Line search step size chosen: 1.000000e+00.
  Objective value decreased by 5.763547e-02.
Newton iteration 24.
  Active set size = 121015.
  sub-gradient = 2.062354e+01, l1-norm of X = 5.582539e+03.
  Coordinate descent sweep 1. norm of D = 1.509587e+01, change in D = 1.509587e+01.
  Coordinate descent sweep 2. norm of D = 2.467148e+01, change in D = 1.428085e+01.
  Coordinate descent sweep 3. norm of D = 3.329235e+01, change in D = 1.349042e+01.
  Coordinate descent sweep 4. norm of D = 4.124660e+01, change in D = 1.271043e+01.
  Coordinate descent sweep 5. norm of D = 4.866418e+01, change in D = 1.200970e+01.
  Coordinate descent sweep 6. norm of D = 5.562053e+01, change in D = 1.131979e+01.
  Coordinate descent sweep 7. norm of D = 6.220172e+01, change in D = 1.071957e+01.
  Coordinate descent sweep 8. norm of D = 6.834531e+01, change in D = 1.011500e+01.
  Coordinate descent sweep 9. norm of D = 7.412916e+01, change in D = 9.560741e+00.
    Line search step size chosen: 1.000000e+00.
  Objective value decreased by 2.517559e-02.
Newton iteration 25.
  Active set size = 120610.
  sub-gradient = 1.216928e+01, l1-norm of X = 5.586790e+03.
  Coordinate descent sweep 1. norm of D = 9.063603e+00, change in D = 9.063603e+00.
  Coordinate descent sweep 2. norm of D = 1.473691e+01, change in D = 8.552210e+00.
  Coordinate descent sweep 3. norm of D = 1.987404e+01, change in D = 8.100106e+00.
  Coordinate descent sweep 4. norm of D = 2.462750e+01, change in D = 7.675949e+00.
  Coordinate descent sweep 5. norm of D = 2.904439e+01, change in D = 7.266268e+00.
  Coordinate descent sweep 6. norm of D = 3.317484e+01, change in D = 6.851195e+00.
  Coordinate descent sweep 7. norm of D = 3.708050e+01, change in D = 6.506218e+00.
  Coordinate descent sweep 8. norm of D = 4.075200e+01, change in D = 6.138889e+00.
  Coordinate descent sweep 9. norm of D = 4.420364e+01, change in D = 5.820482e+00.
    Line search step size chosen: 1.000000e+00.
  Objective value decreased by 9.399672e-03.
Newton iteration 26.
  Active set size = 120556.
  sub-gradient = 8.790879e+00, l1-norm of X = 5.589180e+03.
  Coordinate descent sweep 1. norm of D = 5.514287e+00, change in D = 5.514287e+00.
  Coordinate descent sweep 2. norm of D = 8.949506e+00, change in D = 5.218581e+00.
  Coordinate descent sweep 3. norm of D = 1.203318e+01, change in D = 4.939723e+00.
  Coordinate descent sweep 4. norm of D = 1.488207e+01, change in D = 4.672258e+00.
  Coordinate descent sweep 5. norm of D = 1.755486e+01, change in D = 4.435195e+00.
  Coordinate descent sweep 6. norm of D = 2.006615e+01, change in D = 4.203474e+00.
  Coordinate descent sweep 7. norm of D = 2.243305e+01, change in D = 3.987858e+00.
  Coordinate descent sweep 8. norm of D = 2.464611e+01, change in D = 3.778159e+00.
  Coordinate descent sweep 9. norm of D = 2.673636e+01, change in D = 3.586358e+00.
    Line search step size chosen: 1.000000e+00.
  Objective value decreased by 3.596971e-03.
Newton iteration 27.
  Active set size = 120258.
  sub-gradient = 3.898427e+00, l1-norm of X = 5.590547e+03.
  Coordinate descent sweep 1. norm of D = 3.384712e+00, change in D = 3.384712e+00.
  Coordinate descent sweep 2. norm of D = 5.490329e+00, change in D = 3.221158e+00.
  Coordinate descent sweep 3. norm of D = 7.373447e+00, change in D = 3.044462e+00.
  Coordinate descent sweep 4. norm of D = 9.105918e+00, change in D = 2.892922e+00.
  Coordinate descent sweep 5. norm of D = 1.073259e+01, change in D = 2.742062e+00.
  Coordinate descent sweep 6. norm of D = 1.224952e+01, change in D = 2.602018e+00.
  Coordinate descent sweep 7. norm of D = 1.368458e+01, change in D = 2.467249e+00.
  Coordinate descent sweep 8. norm of D = 1.503176e+01, change in D = 2.336887e+00.
  Coordinate descent sweep 9. norm of D = 1.631197e+01, change in D = 2.221780e+00.
  Coordinate descent sweep 10. norm of D = 1.751992e+01, change in D = 2.104239e+00.
    Line search step size chosen: 1.000000e+00.
  Objective value decreased by 1.495478e-03.
Newton iteration 28.
  Active set size = 120146.
  sub-gradient = 2.497503e+00, l1-norm of X = 5.591405e+03.
  Coordinate descent sweep 1. norm of D = 1.991537e+00, change in D = 1.991537e+00.
  Coordinate descent sweep 2. norm of D = 3.219333e+00, change in D = 1.893297e+00.
  Coordinate descent sweep 3. norm of D = 4.312299e+00, change in D = 1.797129e+00.
  Coordinate descent sweep 4. norm of D = 5.316433e+00, change in D = 1.706225e+00.
  Coordinate descent sweep 5. norm of D = 6.255130e+00, change in D = 1.622462e+00.
  Coordinate descent sweep 6. norm of D = 7.134396e+00, change in D = 1.536666e+00.
  Coordinate descent sweep 7. norm of D = 7.962784e+00, change in D = 1.458973e+00.
  Coordinate descent sweep 8. norm of D = 8.748540e+00, change in D = 1.385382e+00.
  Coordinate descent sweep 9. norm of D = 9.489424e+00, change in D = 1.318577e+00.
  Coordinate descent sweep 10. norm of D = 1.018339e+01, change in D = 1.249787e+00.
    Line search step size chosen: 1.000000e+00.
  Objective value decreased by 5.353364e-04.
Newton iteration 29.
  Active set size = 120054.
  sub-gradient = 1.652568e+00, l1-norm of X = 5.591875e+03.
  Coordinate descent sweep 1. norm of D = 1.190785e+00, change in D = 1.190785e+00.
  Coordinate descent sweep 2. norm of D = 1.915858e+00, change in D = 1.130758e+00.
  Coordinate descent sweep 3. norm of D = 2.562003e+00, change in D = 1.075621e+00.
  Coordinate descent sweep 4. norm of D = 3.156212e+00, change in D = 1.017981e+00.
  Coordinate descent sweep 5. norm of D = 3.711570e+00, change in D = 9.686827e-01.
  Coordinate descent sweep 6. norm of D = 4.227616e+00, change in D = 9.202454e-01.
  Coordinate descent sweep 7. norm of D = 4.715658e+00, change in D = 8.744639e-01.
  Coordinate descent sweep 8. norm of D = 5.172023e+00, change in D = 8.287490e-01.
  Coordinate descent sweep 9. norm of D = 5.604854e+00, change in D = 7.882077e-01.
  Coordinate descent sweep 10. norm of D = 6.017432e+00, change in D = 7.514272e-01.
    Line search step size chosen: 1.000000e+00.
  Objective value decreased by 1.957429e-04.
Newton iteration 30.
  Active set size = 119995.
  sub-gradient = 9.528777e-01, l1-norm of X = 5.592140e+03.
  Coordinate descent sweep 1. norm of D = 7.151685e-01, change in D = 7.151685e-01.
  Coordinate descent sweep 2. norm of D = 1.144343e+00, change in D = 6.754895e-01.
  Coordinate descent sweep 3. norm of D = 1.523622e+00, change in D = 6.433792e-01.
  Coordinate descent sweep 4. norm of D = 1.872100e+00, change in D = 6.115016e-01.
  Coordinate descent sweep 5. norm of D = 2.198029e+00, change in D = 5.813431e-01.
  Coordinate descent sweep 6. norm of D = 2.505151e+00, change in D = 5.545273e-01.
  Coordinate descent sweep 7. norm of D = 2.791677e+00, change in D = 5.253315e-01.
  Coordinate descent sweep 8. norm of D = 3.062577e+00, change in D = 5.007616e-01.
  Coordinate descent sweep 9. norm of D = 3.318354e+00, change in D = 4.768415e-01.
  Coordinate descent sweep 10. norm of D = 3.561322e+00, change in D = 4.535502e-01.
  Coordinate descent sweep 11. norm of D = 3.792599e+00, change in D = 4.306922e-01.
    Line search step size chosen: 1.000000e+00.
  Objective value decreased by 7.632937e-05.
Newton iteration 31.
  Active set size = 119967.
  sub-gradient = 4.575973e-01, l1-norm of X = 5.592301e+03.
  Coordinate descent sweep 1. norm of D = 4.103836e-01, change in D = 4.103836e-01.
  Coordinate descent sweep 2. norm of D = 6.561057e-01, change in D = 3.899966e-01.
  Coordinate descent sweep 3. norm of D = 8.718721e-01, change in D = 3.711811e-01.
  Coordinate descent sweep 4. norm of D = 1.070828e+00, change in D = 3.523698e-01.
  Coordinate descent sweep 5. norm of D = 1.255000e+00, change in D = 3.344510e-01.
  Coordinate descent sweep 6. norm of D = 1.428917e+00, change in D = 3.195936e-01.
  Coordinate descent sweep 7. norm of D = 1.593042e+00, change in D = 3.048491e-01.
  Coordinate descent sweep 8. norm of D = 1.747444e+00, change in D = 2.898467e-01.
  Coordinate descent sweep 9. norm of D = 1.892432e+00, change in D = 2.742644e-01.
  Coordinate descent sweep 10. norm of D = 2.030725e+00, change in D = 2.622628e-01.
  Coordinate descent sweep 11. norm of D = 2.162224e+00, change in D = 2.493776e-01.
    Line search step size chosen: 1.000000e+00.
  Objective value decreased by 2.598796e-05.
QUIC CPU time: 23903.860 seconds
