[1] "sra_normal" "1"          "unweighted" "0.28"      
[1] "Data read complete"
Running QUIC version 1.1 in 'default' mode.
Newton iteration 1.
  X is a diagonal matrix.
    Line search step size 1.000000e+00.  Lack of positive definiteness.
    Line search step size 5.000000e-01.  Lack of positive definiteness.
    Line search step size 2.500000e-01.  Lack of positive definiteness.
    Line search step size 1.250000e-01.  Lack of positive definiteness.
    Line search step size 6.250000e-02.  Lack of positive definiteness.
    Line search step size 3.125000e-02.  Lack of positive definiteness.
    Line search step size 1.562500e-02.  Lack of positive definiteness.
    Line search step size 7.812500e-03.  Lack of positive definiteness.
    Line search step size 3.906250e-03.  Lack of positive definiteness.
    Line search step size 1.953125e-03.  Lack of positive definiteness.
    Line search step size chosen: 9.765625e-04.
  Objective value decreased by 1.285022e+03.
Newton iteration 2.
  Active set size = 8989664.
  sub-gradient = 1.995137e+06, l1-norm of X = 1.094886e+03.
  Coordinate descent sweep 1. norm of D = 4.996248e+05, change in D = 4.996248e+05.
    Line search step size 1.000000e+00.  Lack of positive definiteness.
    Line search step size 5.000000e-01.  Lack of positive definiteness.
    Line search step size 2.500000e-01.  Lack of positive definiteness.
    Line search step size 1.250000e-01.  Lack of positive definiteness.
    Line search step size 6.250000e-02.  Lack of positive definiteness.
    Line search step size 3.125000e-02.  Lack of positive definiteness.
    Line search step size 1.562500e-02.  Lack of positive definiteness.
    Line search step size 7.812500e-03.  Lack of positive definiteness.
    Line search step size 3.906250e-03.  Lack of positive definiteness.
    Line search step size chosen: 1.953125e-03.
  Objective value decreased by 6.210665e+02.
Newton iteration 3.
  Active set size = 8990336.
  sub-gradient = 1.977153e+06, l1-norm of X = 1.637278e+03.
  Coordinate descent sweep 1. norm of D = 1.514028e+05, change in D = 1.514028e+05.
  Coordinate descent sweep 2. norm of D = 1.150895e+05, change in D = 9.361241e+04.
    Line search step size 1.000000e+00.  Lack of positive definiteness.
    Line search step size 5.000000e-01.  Lack of positive definiteness.
    Line search step size 2.500000e-01.  Lack of positive definiteness.
    Line search step size 1.250000e-01.  Lack of positive definiteness.
    Line search step size 6.250000e-02.  Lack of positive definiteness.
    Line search step size 3.125000e-02.  Lack of positive definiteness.
    Line search step size 1.562500e-02.  Lack of positive definiteness.
    Line search step size chosen: 7.812500e-03.
  Objective value decreased by 5.612501e+02.
Newton iteration 4.
  Active set size = 8995922.
  sub-gradient = 1.814238e+06, l1-norm of X = 2.112839e+03.
  Coordinate descent sweep 1. norm of D = 3.230364e+04, change in D = 3.230364e+04.
  Coordinate descent sweep 2. norm of D = 2.718316e+04, change in D = 1.442862e+04.
    Line search step size 1.000000e+00.  Lack of positive definiteness.
    Line search step size 5.000000e-01.  Lack of positive definiteness.
    Line search step size 2.500000e-01.  Lack of positive definiteness.
    Line search step size 1.250000e-01.  Lack of positive definiteness.
    Line search step size 6.250000e-02.  Lack of positive definiteness.
    Line search step size 3.125000e-02.  Lack of positive definiteness.
    Line search step size chosen: 1.562500e-02.
  Objective value decreased by 1.668303e+02.
Newton iteration 5.
  Active set size = 8994128.
  sub-gradient = 1.742890e+06, l1-norm of X = 2.269679e+03.
  Coordinate descent sweep 1. norm of D = 2.015224e+04, change in D = 2.015224e+04.
  Coordinate descent sweep 2. norm of D = 1.826310e+04, change in D = 8.431545e+03.
    Line search step size 1.000000e+00.  Lack of positive definiteness.
    Line search step size 5.000000e-01.  Lack of positive definiteness.
    Line search step size 2.500000e-01.  Lack of positive definiteness.
    Line search step size 1.250000e-01.  Lack of positive definiteness.
    Line search step size 6.250000e-02.  Lack of positive definiteness.
    Line search step size chosen: 3.125000e-02.
  Objective value decreased by 1.891446e+02.
Newton iteration 6.
  Active set size = 8993641.
  sub-gradient = 1.584262e+06, l1-norm of X = 2.419560e+03.
  Coordinate descent sweep 1. norm of D = 1.409588e+04, change in D = 1.409588e+04.
  Coordinate descent sweep 2. norm of D = 1.393015e+04, change in D = 5.253021e+03.
  Coordinate descent sweep 3. norm of D = 1.408264e+04, change in D = 1.469329e+03.
    Line search step size 1.000000e+00.  Lack of positive definiteness.
    Line search step size 5.000000e-01.  Lack of positive definiteness.
    Line search step size 2.500000e-01.  Lack of positive definiteness.
    Line search step size 1.250000e-01.  Lack of positive definiteness.
    Line search step size chosen: 6.250000e-02.
  Objective value decreased by 2.405024e+02.
Newton iteration 7.
  Active set size = 8993717.
  sub-gradient = 1.299521e+06, l1-norm of X = 2.560785e+03.
  Coordinate descent sweep 1. norm of D = 1.135038e+04, change in D = 1.135038e+04.
  Coordinate descent sweep 2. norm of D = 1.203766e+04, change in D = 4.671932e+03.
  Coordinate descent sweep 3. norm of D = 1.229641e+04, change in D = 1.702810e+03.
    Line search step size 1.000000e+00.  Lack of positive definiteness.
    Line search step size 5.000000e-01.  Lack of positive definiteness.
    Line search step size 2.500000e-01.  Lack of positive definiteness.
    Line search step size chosen: 1.250000e-01.
  Objective value decreased by 3.631783e+02.
Newton iteration 8.
  Active set size = 8993789.
  sub-gradient = 9.183699e+05, l1-norm of X = 2.716534e+03.
  Coordinate descent sweep 1. norm of D = 9.461105e+03, change in D = 9.461105e+03.
  Coordinate descent sweep 2. norm of D = 1.061285e+04, change in D = 4.850093e+03.
  Coordinate descent sweep 3. norm of D = 1.114364e+04, change in D = 2.439485e+03.
    Line search step size 1.000000e+00.  Lack of positive definiteness.
    Line search step size 5.000000e-01.  Lack of positive definiteness.
    Line search step size chosen: 2.500000e-01.
  Objective value decreased by 5.670754e+02.
Newton iteration 9.
  Active set size = 8994029.
  sub-gradient = 7.355685e+05, l1-norm of X = 2.947278e+03.
  Coordinate descent sweep 1. norm of D = 7.068451e+03, change in D = 7.068451e+03.
  Coordinate descent sweep 2. norm of D = 8.399630e+03, change in D = 4.330548e+03.
  Coordinate descent sweep 3. norm of D = 9.178003e+03, change in D = 2.952577e+03.
  Coordinate descent sweep 4. norm of D = 9.711672e+03, change in D = 1.950669e+03.
    Line search step size 1.000000e+00.  Lack of positive definiteness.
    Line search step size chosen: 5.000000e-01.
  Objective value decreased by 7.784826e+02.
Newton iteration 10.
  Active set size = 8998214.
  sub-gradient = 1.596667e+06, l1-norm of X = 3.352836e+03.
  Coordinate descent sweep 1. norm of D = 4.041478e+03, change in D = 4.041478e+03.
  Coordinate descent sweep 2. norm of D = 5.159775e+03, change in D = 2.797916e+03.
  Coordinate descent sweep 3. norm of D = 5.923668e+03, change in D = 2.302963e+03.
  Coordinate descent sweep 4. norm of D = 6.529140e+03, change in D = 1.871782e+03.
    Line search step size chosen: 1.000000e+00.
  Objective value decreased by 6.772783e+02.
Newton iteration 11.
  Active set size = 272730.
  sub-gradient = 7.593190e+04, l1-norm of X = 3.947844e+03.
  Coordinate descent sweep 1. norm of D = 1.487242e+03, change in D = 1.487242e+03.
  Coordinate descent sweep 2. norm of D = 2.223295e+03, change in D = 1.303967e+03.
  Coordinate descent sweep 3. norm of D = 2.803756e+03, change in D = 1.158898e+03.
  Coordinate descent sweep 4. norm of D = 3.298923e+03, change in D = 1.038360e+03.
    Line search step size chosen: 1.000000e+00.
  Objective value decreased by 1.678154e+02.
Newton iteration 12.
  Active set size = 271121.
  sub-gradient = 6.040147e+04, l1-norm of X = 4.342401e+03.
  Coordinate descent sweep 1. norm of D = 1.033969e+03, change in D = 1.033969e+03.
  Coordinate descent sweep 2. norm of D = 1.600119e+03, change in D = 9.369107e+02.
  Coordinate descent sweep 3. norm of D = 2.061776e+03, change in D = 8.489822e+02.
  Coordinate descent sweep 4. norm of D = 2.463988e+03, change in D = 7.718822e+02.
  Coordinate descent sweep 5. norm of D = 2.821333e+03, change in D = 7.013325e+02.
    Line search step size chosen: 1.000000e+00.
  Objective value decreased by 1.026558e+02.
Newton iteration 13.
  Active set size = 179793.
  sub-gradient = 3.416243e+04, l1-norm of X = 4.693036e+03.
  Coordinate descent sweep 1. norm of D = 8.207227e+02, change in D = 8.207227e+02.
  Coordinate descent sweep 2. norm of D = 1.284255e+03, change in D = 7.476320e+02.
  Coordinate descent sweep 3. norm of D = 1.668303e+03, change in D = 6.769909e+02.
  Coordinate descent sweep 4. norm of D = 2.005860e+03, change in D = 6.165129e+02.
  Coordinate descent sweep 5. norm of D = 2.306338e+03, change in D = 5.597833e+02.
    Line search step size chosen: 1.000000e+00.
  Objective value decreased by 5.574971e+01.
Newton iteration 14.
  Active set size = 157113.
  sub-gradient = 1.842779e+04, l1-norm of X = 4.970299e+03.
  Coordinate descent sweep 1. norm of D = 6.296722e+02, change in D = 6.296722e+02.
  Coordinate descent sweep 2. norm of D = 9.917219e+02, change in D = 5.724668e+02.
  Coordinate descent sweep 3. norm of D = 1.293518e+03, change in D = 5.179893e+02.
  Coordinate descent sweep 4. norm of D = 1.562152e+03, change in D = 4.706794e+02.
  Coordinate descent sweep 5. norm of D = 1.802904e+03, change in D = 4.270622e+02.
    Line search step size chosen: 1.000000e+00.
  Objective value decreased by 2.834133e+01.
Newton iteration 15.
  Active set size = 143547.
  sub-gradient = 8.657877e+03, l1-norm of X = 5.175939e+03.
  Coordinate descent sweep 1. norm of D = 4.578714e+02, change in D = 4.578714e+02.
  Coordinate descent sweep 2. norm of D = 7.262987e+02, change in D = 4.155952e+02.
  Coordinate descent sweep 3. norm of D = 9.543720e+02, change in D = 3.758875e+02.
  Coordinate descent sweep 4. norm of D = 1.155385e+03, change in D = 3.406179e+02.
  Coordinate descent sweep 5. norm of D = 1.335412e+03, change in D = 3.080167e+02.
  Coordinate descent sweep 6. norm of D = 1.497065e+03, change in D = 2.789721e+02.
    Line search step size chosen: 1.000000e+00.
  Objective value decreased by 1.488750e+01.
Newton iteration 16.
  Active set size = 133443.
  sub-gradient = 3.720220e+03, l1-norm of X = 5.338639e+03.
  Coordinate descent sweep 1. norm of D = 2.850514e+02, change in D = 2.850514e+02.
  Coordinate descent sweep 2. norm of D = 4.560249e+02, change in D = 2.596394e+02.
  Coordinate descent sweep 3. norm of D = 6.009584e+02, change in D = 2.348849e+02.
  Coordinate descent sweep 4. norm of D = 7.305221e+02, change in D = 2.133857e+02.
  Coordinate descent sweep 5. norm of D = 8.475999e+02, change in D = 1.937362e+02.
  Coordinate descent sweep 6. norm of D = 9.533862e+02, change in D = 1.764587e+02.
    Line search step size chosen: 1.000000e+00.
  Objective value decreased by 5.521545e+00.
Newton iteration 17.
  Active set size = 127044.
  sub-gradient = 1.495739e+03, l1-norm of X = 5.434341e+03.
  Coordinate descent sweep 1. norm of D = 1.708021e+02, change in D = 1.708021e+02.
  Coordinate descent sweep 2. norm of D = 2.746847e+02, change in D = 1.561397e+02.
  Coordinate descent sweep 3. norm of D = 3.646650e+02, change in D = 1.420905e+02.
  Coordinate descent sweep 4. norm of D = 4.449540e+02, change in D = 1.294120e+02.
  Coordinate descent sweep 5. norm of D = 5.174944e+02, change in D = 1.181154e+02.
  Coordinate descent sweep 6. norm of D = 5.834380e+02, change in D = 1.075346e+02.
    Line search step size chosen: 1.000000e+00.
  Objective value decreased by 1.980843e+00.
Newton iteration 18.
  Active set size = 123347.
  sub-gradient = 5.046466e+02, l1-norm of X = 5.488151e+03.
  Coordinate descent sweep 1. norm of D = 1.027310e+02, change in D = 1.027310e+02.
  Coordinate descent sweep 2. norm of D = 1.657980e+02, change in D = 9.393414e+01.
  Coordinate descent sweep 3. norm of D = 2.202534e+02, change in D = 8.545754e+01.
  Coordinate descent sweep 4. norm of D = 2.694567e+02, change in D = 7.845080e+01.
  Coordinate descent sweep 5. norm of D = 3.142807e+02, change in D = 7.165397e+01.
  Coordinate descent sweep 6. norm of D = 3.548484e+02, change in D = 6.548182e+01.
  Coordinate descent sweep 7. norm of D = 3.919861e+02, change in D = 5.981736e+01.
    Line search step size chosen: 1.000000e+00.
  Objective value decreased by 7.877793e-01.
Newton iteration 19.
  Active set size = 121080.
  sub-gradient = 2.261250e+02, l1-norm of X = 5.521617e+03.
  Coordinate descent sweep 1. norm of D = 5.681782e+01, change in D = 5.681782e+01.
  Coordinate descent sweep 2. norm of D = 9.169626e+01, change in D = 5.206736e+01.
  Coordinate descent sweep 3. norm of D = 1.223805e+02, change in D = 4.790708e+01.
  Coordinate descent sweep 4. norm of D = 1.499166e+02, change in D = 4.388638e+01.
  Coordinate descent sweep 5. norm of D = 1.750147e+02, change in D = 4.018921e+01.
  Coordinate descent sweep 6. norm of D = 1.980531e+02, change in D = 3.705954e+01.
  Coordinate descent sweep 7. norm of D = 2.188863e+02, change in D = 3.387006e+01.
    Line search step size chosen: 1.000000e+00.
  Objective value decreased by 2.512218e-01.
Newton iteration 20.
  Active set size = 119958.
  sub-gradient = 7.537855e+01, l1-norm of X = 5.538625e+03.
  Coordinate descent sweep 1. norm of D = 3.214485e+01, change in D = 3.214485e+01.
  Coordinate descent sweep 2. norm of D = 5.201633e+01, change in D = 2.961083e+01.
  Coordinate descent sweep 3. norm of D = 6.933341e+01, change in D = 2.715037e+01.
  Coordinate descent sweep 4. norm of D = 8.511811e+01, change in D = 2.503085e+01.
  Coordinate descent sweep 5. norm of D = 9.935066e+01, change in D = 2.296581e+01.
  Coordinate descent sweep 6. norm of D = 1.123595e+02, change in D = 2.113940e+01.
  Coordinate descent sweep 7. norm of D = 1.242428e+02, change in D = 1.944733e+01.
    Line search step size chosen: 1.000000e+00.
  Objective value decreased by 8.331622e-02.
Newton iteration 21.
  Active set size = 119468.
  sub-gradient = 2.934554e+01, l1-norm of X = 5.547400e+03.
  Coordinate descent sweep 1. norm of D = 1.819330e+01, change in D = 1.819330e+01.
  Coordinate descent sweep 2. norm of D = 2.934607e+01, change in D = 1.670018e+01.
  Coordinate descent sweep 3. norm of D = 3.917350e+01, change in D = 1.544485e+01.
  Coordinate descent sweep 4. norm of D = 4.809210e+01, change in D = 1.426489e+01.
  Coordinate descent sweep 5. norm of D = 5.623062e+01, change in D = 1.317772e+01.
  Coordinate descent sweep 6. norm of D = 6.361192e+01, change in D = 1.213568e+01.
  Coordinate descent sweep 7. norm of D = 7.042750e+01, change in D = 1.123420e+01.
  Coordinate descent sweep 8. norm of D = 7.665693e+01, change in D = 1.035749e+01.
    Line search step size chosen: 1.000000e+00.
  Objective value decreased by 2.954361e-02.
Newton iteration 22.
  Active set size = 118927.
  sub-gradient = 1.511095e+01, l1-norm of X = 5.552442e+03.
  Coordinate descent sweep 1. norm of D = 9.628978e+00, change in D = 9.628978e+00.
  Coordinate descent sweep 2. norm of D = 1.553168e+01, change in D = 8.923874e+00.
  Coordinate descent sweep 3. norm of D = 2.072687e+01, change in D = 8.267847e+00.
  Coordinate descent sweep 4. norm of D = 2.540495e+01, change in D = 7.627302e+00.
  Coordinate descent sweep 5. norm of D = 2.970766e+01, change in D = 7.071315e+00.
  Coordinate descent sweep 6. norm of D = 3.363612e+01, change in D = 6.544256e+00.
  Coordinate descent sweep 7. norm of D = 3.724892e+01, change in D = 6.044387e+00.
  Coordinate descent sweep 8. norm of D = 4.061446e+01, change in D = 5.622267e+00.
    Line search step size chosen: 1.000000e+00.
  Objective value decreased by 8.693239e-03.
Newton iteration 23.
  Active set size = 118821.
  sub-gradient = 6.715651e+00, l1-norm of X = 5.554925e+03.
  Coordinate descent sweep 1. norm of D = 5.204308e+00, change in D = 5.204308e+00.
  Coordinate descent sweep 2. norm of D = 8.381341e+00, change in D = 4.835465e+00.
  Coordinate descent sweep 3. norm of D = 1.117012e+01, change in D = 4.473929e+00.
  Coordinate descent sweep 4. norm of D = 1.368416e+01, change in D = 4.158859e+00.
  Coordinate descent sweep 5. norm of D = 1.597892e+01, change in D = 3.863741e+00.
  Coordinate descent sweep 6. norm of D = 1.808693e+01, change in D = 3.579995e+00.
  Coordinate descent sweep 7. norm of D = 2.003893e+01, change in D = 3.320958e+00.
  Coordinate descent sweep 8. norm of D = 2.183234e+01, change in D = 3.082132e+00.
    Line search step size chosen: 1.000000e+00.
  Objective value decreased by 2.647934e-03.
Newton iteration 24.
  Active set size = 118580.
  sub-gradient = 3.382513e+00, l1-norm of X = 5.556183e+03.
  Coordinate descent sweep 1. norm of D = 2.861061e+00, change in D = 2.861061e+00.
  Coordinate descent sweep 2. norm of D = 4.593428e+00, change in D = 2.654966e+00.
  Coordinate descent sweep 3. norm of D = 6.093824e+00, change in D = 2.461699e+00.
  Coordinate descent sweep 4. norm of D = 7.463393e+00, change in D = 2.299449e+00.
  Coordinate descent sweep 5. norm of D = 8.710066e+00, change in D = 2.129018e+00.
  Coordinate descent sweep 6. norm of D = 9.848114e+00, change in D = 1.976971e+00.
  Coordinate descent sweep 7. norm of D = 1.090220e+01, change in D = 1.839148e+00.
  Coordinate descent sweep 8. norm of D = 1.187253e+01, change in D = 1.709191e+00.
  Coordinate descent sweep 9. norm of D = 1.277541e+01, change in D = 1.591385e+00.
    Line search step size chosen: 1.000000e+00.
  Objective value decreased by 8.774430e-04.
Newton iteration 25.
  Active set size = 118498.
  sub-gradient = 1.951111e+00, l1-norm of X = 5.556879e+03.
  Coordinate descent sweep 1. norm of D = 1.480606e+00, change in D = 1.480606e+00.
  Coordinate descent sweep 2. norm of D = 2.361479e+00, change in D = 1.374615e+00.
  Coordinate descent sweep 3. norm of D = 3.138299e+00, change in D = 1.282359e+00.
  Coordinate descent sweep 4. norm of D = 3.827206e+00, change in D = 1.189876e+00.
  Coordinate descent sweep 5. norm of D = 4.461276e+00, change in D = 1.108252e+00.
  Coordinate descent sweep 6. norm of D = 5.042302e+00, change in D = 1.029837e+00.
  Coordinate descent sweep 7. norm of D = 5.578618e+00, change in D = 9.601190e-01.
  Coordinate descent sweep 8. norm of D = 6.073432e+00, change in D = 8.939644e-01.
  Coordinate descent sweep 9. norm of D = 6.533016e+00, change in D = 8.309745e-01.
    Line search step size chosen: 1.000000e+00.
  Objective value decreased by 2.436459e-04.
Newton iteration 26.
  Active set size = 118434.
  sub-gradient = 1.105048e+00, l1-norm of X = 5.557214e+03.
  Coordinate descent sweep 1. norm of D = 7.751442e-01, change in D = 7.751442e-01.
  Coordinate descent sweep 2. norm of D = 1.233846e+00, change in D = 7.212770e-01.
  Coordinate descent sweep 3. norm of D = 1.630412e+00, change in D = 6.729481e-01.
  Coordinate descent sweep 4. norm of D = 1.990616e+00, change in D = 6.261171e-01.
  Coordinate descent sweep 5. norm of D = 2.316545e+00, change in D = 5.831430e-01.
  Coordinate descent sweep 6. norm of D = 2.616895e+00, change in D = 5.421205e-01.
  Coordinate descent sweep 7. norm of D = 2.896651e+00, change in D = 5.059581e-01.
  Coordinate descent sweep 8. norm of D = 3.151477e+00, change in D = 4.715612e-01.
  Coordinate descent sweep 9. norm of D = 3.388303e+00, change in D = 4.392478e-01.
    Line search step size chosen: 1.000000e+00.
  Objective value decreased by 6.921457e-05.
Newton iteration 27.
  Active set size = 118393.
  sub-gradient = 5.323499e-01, l1-norm of X = 5.557380e+03.
  Coordinate descent sweep 1. norm of D = 4.096258e-01, change in D = 4.096258e-01.
  Coordinate descent sweep 2. norm of D = 6.506875e-01, change in D = 3.826011e-01.
  Coordinate descent sweep 3. norm of D = 8.584860e-01, change in D = 3.561006e-01.
  Coordinate descent sweep 4. norm of D = 1.044776e+00, change in D = 3.308932e-01.
  Coordinate descent sweep 5. norm of D = 1.215072e+00, change in D = 3.090010e-01.
  Coordinate descent sweep 6. norm of D = 1.372133e+00, change in D = 2.887920e-01.
  Coordinate descent sweep 7. norm of D = 1.516263e+00, change in D = 2.688866e-01.
  Coordinate descent sweep 8. norm of D = 1.649433e+00, change in D = 2.515505e-01.
  Coordinate descent sweep 9. norm of D = 1.771615e+00, change in D = 2.334792e-01.
  Coordinate descent sweep 10. norm of D = 1.885845e+00, change in D = 2.182354e-01.
    Line search step size chosen: 1.000000e+00.
  Objective value decreased by 2.097433e-05.
QUIC CPU time: 19902.350 seconds
