[1] "sra_normal" "1"          "0.82"      
[1] "Data read complete"
Running QUIC version 1.1 in 'default' mode.
Newton iteration 1.
  X is a diagonal matrix.
    Line search step size 1.000000e+00.  Lack of positive definiteness.
    Line search step size 5.000000e-01.  Lack of positive definiteness.
    Line search step size 2.500000e-01.  Lack of positive definiteness.
    Line search step size 1.250000e-01.  Lack of positive definiteness.
    Line search step size 6.250000e-02.  Lack of positive definiteness.
    Line search step size chosen: 3.125000e-02.
  Objective value decreased by 4.828364e+01.
Newton iteration 2.
  Active set size = 281405.
  sub-gradient = 1.122259e+04, l1-norm of X = 6.019489e+02.
  Coordinate descent sweep 1. norm of D = 7.790698e+03, change in D = 7.790698e+03.
    Line search step size 1.000000e+00.  Lack of positive definiteness.
    Line search step size 5.000000e-01.  Lack of positive definiteness.
    Line search step size 2.500000e-01.  Lack of positive definiteness.
    Line search step size 1.250000e-01.  Lack of positive definiteness.
    Line search step size chosen: 6.250000e-02.
  Objective value decreased by 5.943040e+01.
Newton iteration 3.
  Active set size = 281405.
  sub-gradient = 8.014355e+03, l1-norm of X = 1.389757e+03.
  Coordinate descent sweep 1. norm of D = 3.758366e+03, change in D = 3.758366e+03.
  Coordinate descent sweep 2. norm of D = 3.288061e+03, change in D = 8.504014e+02.
    Line search step size 1.000000e+00.  Lack of positive definiteness.
    Line search step size 5.000000e-01.  Lack of positive definiteness.
    Line search step size 2.500000e-01.  Lack of positive definiteness.
    Line search step size chosen: 1.250000e-01.
  Objective value decreased by 4.003627e+01.
Newton iteration 4.
  Active set size = 281405.
  sub-gradient = 7.213289e+03, l1-norm of X = 1.920835e+03.
  Coordinate descent sweep 1. norm of D = 2.538247e+03, change in D = 2.538247e+03.
  Coordinate descent sweep 2. norm of D = 2.278296e+03, change in D = 6.929167e+02.
    Line search step size 1.000000e+00.  Lack of positive definiteness.
    Line search step size 5.000000e-01.  Lack of positive definiteness.
    Line search step size chosen: 2.500000e-01.
  Objective value decreased by 4.074585e+01.
Newton iteration 5.
  Active set size = 281405.
  sub-gradient = 1.439626e+04, l1-norm of X = 2.525894e+03.
  Coordinate descent sweep 1. norm of D = 1.449888e+03, change in D = 1.449888e+03.
  Coordinate descent sweep 2. norm of D = 1.430564e+03, change in D = 3.805274e+02.
    Line search step size 1.000000e+00.  Lack of positive definiteness.
    Line search step size chosen: 5.000000e-01.
  Objective value decreased by 2.801422e+01.
Newton iteration 6.
  Active set size = 281405.
  sub-gradient = 2.491415e+04, l1-norm of X = 3.001534e+03.
  Coordinate descent sweep 1. norm of D = 6.927376e+02, change in D = 6.927376e+02.
  Coordinate descent sweep 2. norm of D = 7.346047e+02, change in D = 1.967797e+02.
  Coordinate descent sweep 3. norm of D = 7.543528e+02, change in D = 7.038730e+01.
    Line search step size chosen: 1.000000e+00.
  Objective value decreased by 1.275978e+01.
Newton iteration 7.
  Active set size = 94701.
  sub-gradient = 3.460310e+03, l1-norm of X = 3.344992e+03.
  Coordinate descent sweep 1. norm of D = 7.370063e+01, change in D = 7.370063e+01.
  Coordinate descent sweep 2. norm of D = 7.200211e+01, change in D = 3.769028e+01.
  Coordinate descent sweep 3. norm of D = 7.321485e+01, change in D = 1.667560e+01.
    Line search step size chosen: 1.000000e+00.
  Objective value decreased by 4.089576e-01.
Newton iteration 8.
  Active set size = 93174.
  sub-gradient = 1.348358e+03, l1-norm of X = 3.360808e+03.
  Coordinate descent sweep 1. norm of D = 2.262269e+01, change in D = 2.262269e+01.
  Coordinate descent sweep 2. norm of D = 1.774518e+01, change in D = 1.644219e+01.
  Coordinate descent sweep 3. norm of D = 1.614786e+01, change in D = 7.589412e+00.
    Line search step size chosen: 1.000000e+00.
  Objective value decreased by 1.085598e-01.
Newton iteration 9.
  Active set size = 92868.
  sub-gradient = 3.912727e+02, l1-norm of X = 3.365569e+03.
  Coordinate descent sweep 1. norm of D = 7.860689e+00, change in D = 7.860689e+00.
  Coordinate descent sweep 2. norm of D = 6.025975e+00, change in D = 5.891496e+00.
  Coordinate descent sweep 3. norm of D = 5.323020e+00, change in D = 2.839316e+00.
  Coordinate descent sweep 4. norm of D = 5.161249e+00, change in D = 1.124290e+00.
    Line search step size chosen: 1.000000e+00.
  Objective value decreased by 1.412454e-02.
Newton iteration 10.
  Active set size = 93039.
  sub-gradient = 5.219251e+01, l1-norm of X = 3.366133e+03.
  Coordinate descent sweep 1. norm of D = 1.536818e+00, change in D = 1.536818e+00.
  Coordinate descent sweep 2. norm of D = 1.308327e+00, change in D = 1.064644e+00.
  Coordinate descent sweep 3. norm of D = 1.184519e+00, change in D = 4.613829e-01.
  Coordinate descent sweep 4. norm of D = 1.162544e+00, change in D = 1.729306e-01.
    Line search step size chosen: 1.000000e+00.
  Objective value decreased by 7.690482e-04.
Newton iteration 11.
  Active set size = 93511.
  sub-gradient = 1.315794e+00, l1-norm of X = 3.366143e+03.
  Coordinate descent sweep 1. norm of D = 4.217190e-01, change in D = 4.217190e-01.
  Coordinate descent sweep 2. norm of D = 4.335452e-01, change in D = 2.790286e-01.
  Coordinate descent sweep 3. norm of D = 4.194875e-01, change in D = 1.105231e-01.
  Coordinate descent sweep 4. norm of D = 4.182388e-01, change in D = 4.040543e-02.
    Line search step size chosen: 1.000000e+00.
  Objective value decreased by 9.535980e-05.
Newton iteration 12.
  Active set size = 93539.
  sub-gradient = 2.181853e-02, l1-norm of X = 3.366143e+03.
  Coordinate descent sweep 1. norm of D = 1.521581e-02, change in D = 1.521581e-02.
  Coordinate descent sweep 2. norm of D = 1.650728e-02, change in D = 5.711126e-03.
  Coordinate descent sweep 3. norm of D = 1.689250e-02, change in D = 2.075827e-03.
  Coordinate descent sweep 4. norm of D = 1.697377e-02, change in D = 7.464685e-04.
    Line search step size chosen: 1.000000e+00.
  Objective value decreased by 1.770786e-08.
QUIC CPU time: 1918.690 seconds
