[1] "normal_consensus" "629"              "weighted"         "0.18"            
[1] "Data read complete"
Running QUIC version 1.1 in 'default' mode.
Newton iteration 1.
  X is a diagonal matrix.
    Line search step size 1.000000e+00.  Lack of positive definiteness.
    Line search step size 5.000000e-01.  Lack of positive definiteness.
    Line search step size 2.500000e-01.  Lack of positive definiteness.
    Line search step size chosen: 1.250000e-01.
  Objective value decreased by 2.058336e+01.
Newton iteration 2.
  Active set size = 16293.
  sub-gradient = 6.157878e+02, l1-norm of X = 3.035217e+01.
  Coordinate descent sweep 1. norm of D = 3.106332e+02, change in D = 3.106332e+02.
    Line search step size 1.000000e+00.  Lack of positive definiteness.
    Line search step size chosen: 5.000000e-01.
  Objective value decreased by 1.544749e+01.
Newton iteration 3.
  Active set size = 17068.
  sub-gradient = 1.404245e+03, l1-norm of X = 7.823489e+01.
  Coordinate descent sweep 1. norm of D = 1.164893e+02, change in D = 1.164893e+02.
  Coordinate descent sweep 2. norm of D = 1.323352e+02, change in D = 3.738090e+01.
    Line search step size chosen: 1.000000e+00.
  Objective value decreased by 6.773681e+00.
Newton iteration 4.
  Active set size = 13949.
  sub-gradient = 4.399851e+02, l1-norm of X = 9.565128e+01.
  Coordinate descent sweep 1. norm of D = 3.580096e+01, change in D = 3.580096e+01.
  Coordinate descent sweep 2. norm of D = 4.304859e+01, change in D = 1.960752e+01.
    Line search step size chosen: 1.000000e+00.
  Objective value decreased by 1.752223e+00.
Newton iteration 5.
  Active set size = 13276.
  sub-gradient = 1.426448e+02, l1-norm of X = 9.739071e+01.
  Coordinate descent sweep 1. norm of D = 1.729016e+01, change in D = 1.729016e+01.
  Coordinate descent sweep 2. norm of D = 2.038033e+01, change in D = 1.020212e+01.
    Line search step size chosen: 1.000000e+00.
  Objective value decreased by 6.287867e-01.
Newton iteration 6.
  Active set size = 13181.
  sub-gradient = 4.299970e+01, l1-norm of X = 9.790840e+01.
  Coordinate descent sweep 1. norm of D = 8.551310e+00, change in D = 8.551310e+00.
  Coordinate descent sweep 2. norm of D = 1.040008e+01, change in D = 5.360807e+00.
  Coordinate descent sweep 3. norm of D = 1.148341e+01, change in D = 3.240105e+00.
    Line search step size chosen: 1.000000e+00.
  Objective value decreased by 2.076039e-01.
Newton iteration 7.
  Active set size = 13130.
  sub-gradient = 9.358586e+00, l1-norm of X = 9.821360e+01.
  Coordinate descent sweep 1. norm of D = 2.762175e+00, change in D = 2.762175e+00.
  Coordinate descent sweep 2. norm of D = 3.352591e+00, change in D = 1.902458e+00.
  Coordinate descent sweep 3. norm of D = 3.844427e+00, change in D = 1.293345e+00.
    Line search step size chosen: 1.000000e+00.
  Objective value decreased by 3.094475e-02.
Newton iteration 8.
  Active set size = 13124.
  sub-gradient = 1.527233e+00, l1-norm of X = 9.830897e+01.
  Coordinate descent sweep 1. norm of D = 9.954146e-01, change in D = 9.954146e-01.
  Coordinate descent sweep 2. norm of D = 1.298453e+00, change in D = 6.708031e-01.
  Coordinate descent sweep 3. norm of D = 1.471632e+00, change in D = 4.873693e-01.
    Line search step size chosen: 1.000000e+00.
  Objective value decreased by 6.003693e-03.
Newton iteration 9.
  Active set size = 13122.
  sub-gradient = 3.588062e-01, l1-norm of X = 9.837316e+01.
  Coordinate descent sweep 1. norm of D = 3.476706e-01, change in D = 3.476706e-01.
  Coordinate descent sweep 2. norm of D = 4.779558e-01, change in D = 2.573416e-01.
  Coordinate descent sweep 3. norm of D = 5.567590e-01, change in D = 1.900214e-01.
  Coordinate descent sweep 4. norm of D = 6.284738e-01, change in D = 1.397924e-01.
    Line search step size chosen: 1.000000e+00.
  Objective value decreased by 1.920680e-03.
Newton iteration 10.
  Active set size = 13122.
  sub-gradient = 1.080180e-01, l1-norm of X = 9.841231e+01.
  Coordinate descent sweep 1. norm of D = 1.063198e-01, change in D = 1.063198e-01.
  Coordinate descent sweep 2. norm of D = 1.444989e-01, change in D = 7.900347e-02.
  Coordinate descent sweep 3. norm of D = 1.767288e-01, change in D = 6.857809e-02.
  Coordinate descent sweep 4. norm of D = 2.062710e-01, change in D = 5.915022e-02.
    Line search step size chosen: 1.000000e+00.
  Objective value decreased by 4.706399e-04.
Newton iteration 11.
  Active set size = 13122.
  sub-gradient = 5.165965e-02, l1-norm of X = 9.842819e+01.
  Coordinate descent sweep 1. norm of D = 4.878777e-02, change in D = 4.878777e-02.
  Coordinate descent sweep 2. norm of D = 7.696918e-02, change in D = 4.352806e-02.
  Coordinate descent sweep 3. norm of D = 9.502657e-02, change in D = 3.026706e-02.
  Coordinate descent sweep 4. norm of D = 1.129457e-01, change in D = 2.827434e-02.
    Line search step size chosen: 1.000000e+00.
  Objective value decreased by 2.449793e-04.
Newton iteration 12.
  Active set size = 13122.
  sub-gradient = 2.015206e-02, l1-norm of X = 9.843809e+01.
  Coordinate descent sweep 1. norm of D = 2.575076e-02, change in D = 2.575076e-02.
  Coordinate descent sweep 2. norm of D = 3.799400e-02, change in D = 1.842649e-02.
  Coordinate descent sweep 3. norm of D = 4.870651e-02, change in D = 1.689576e-02.
  Coordinate descent sweep 4. norm of D = 5.774328e-02, change in D = 1.366982e-02.
  Coordinate descent sweep 5. norm of D = 6.436753e-02, change in D = 1.146729e-02.
    Line search step size chosen: 1.000000e+00.
  Objective value decreased by 8.825754e-05.
Newton iteration 13.
  Active set size = 13122.
  sub-gradient = 8.238306e-03, l1-norm of X = 9.844393e+01.
  Coordinate descent sweep 1. norm of D = 8.299624e-03, change in D = 8.299624e-03.
  Coordinate descent sweep 2. norm of D = 1.563499e-02, change in D = 1.025168e-02.
  Coordinate descent sweep 3. norm of D = 2.013447e-02, change in D = 8.047068e-03.
  Coordinate descent sweep 4. norm of D = 2.473293e-02, change in D = 6.676429e-03.
  Coordinate descent sweep 5. norm of D = 2.672224e-02, change in D = 3.668343e-03.
    Line search step size chosen: 1.000000e+00.
  Objective value decreased by 1.943098e-05.
QUIC CPU time: 1247.130 seconds
