[1] "normal_consensus" "629"              "weighted"         "0.48"            
[1] "Data read complete"
Running QUIC version 1.1 in 'default' mode.
Newton iteration 1.
  X is a diagonal matrix.
    Line search step size chosen: 1.000000e+00.
  Objective value decreased by 9.496001e-01.
Newton iteration 2.
  Active set size = 5895.
  sub-gradient = 3.678534e+00, l1-norm of X = 7.405709e+00.
  Coordinate descent sweep 1. norm of D = 2.512922e+00, change in D = 2.512922e+00.
    Line search step size chosen: 1.000000e+00.
  Objective value decreased by 7.498721e-02.
Newton iteration 3.
  Active set size = 5891.
  sub-gradient = 5.548796e-01, l1-norm of X = 6.897932e+00.
  Coordinate descent sweep 1. norm of D = 5.553594e-01, change in D = 5.553594e-01.
  Coordinate descent sweep 2. norm of D = 6.609605e-01, change in D = 1.492241e-01.
    Line search step size chosen: 1.000000e+00.
  Objective value decreased by 6.384043e-03.
Newton iteration 4.
  Active set size = 5890.
  sub-gradient = 5.724234e-02, l1-norm of X = 7.093560e+00.
  Coordinate descent sweep 1. norm of D = 6.541166e-02, change in D = 6.541166e-02.
  Coordinate descent sweep 2. norm of D = 9.037857e-02, change in D = 2.643139e-02.
    Line search step size chosen: 1.000000e+00.
  Objective value decreased by 3.500059e-04.
Newton iteration 5.
  Active set size = 5890.
  sub-gradient = 6.605170e-03, l1-norm of X = 7.116365e+00.
  Coordinate descent sweep 1. norm of D = 9.989260e-03, change in D = 9.989260e-03.
  Coordinate descent sweep 2. norm of D = 1.353189e-02, change in D = 3.636554e-03.
    Line search step size chosen: 1.000000e+00.
  Objective value decreased by 1.217298e-05.
Newton iteration 6.
  Active set size = 5890.
  sub-gradient = 9.971580e-04, l1-norm of X = 7.120607e+00.
  Coordinate descent sweep 1. norm of D = 1.376012e-03, change in D = 1.376012e-03.
  Coordinate descent sweep 2. norm of D = 2.088908e-03, change in D = 8.323713e-04.
  Coordinate descent sweep 3. norm of D = 2.305609e-03, change in D = 2.401726e-04.
    Line search step size chosen: 1.000000e+00.
  Objective value decreased by 4.425829e-07.
Newton iteration 7.
  Active set size = 5890.
  sub-gradient = 1.476005e-04, l1-norm of X = 7.121660e+00.
  Coordinate descent sweep 1. norm of D = 1.529414e-04, change in D = 1.529414e-04.
  Coordinate descent sweep 2. norm of D = 2.404421e-04, change in D = 8.774878e-05.
  Coordinate descent sweep 3. norm of D = 2.656590e-04, change in D = 2.524786e-05.
    Line search step size chosen: 1.000000e+00.
  Objective value decreased by 4.395588e-09.
QUIC CPU time: 530.400 seconds
