[1] "normal_consensus" "629"              "weighted"         "0.52"            
[1] "Data read complete"
Running QUIC version 1.1 in 'default' mode.
Newton iteration 1.
  X is a diagonal matrix.
    Line search step size chosen: 1.000000e+00.
  Objective value decreased by 5.520610e-01.
Newton iteration 2.
  Active set size = 5829.
  sub-gradient = 1.529149e+00, l1-norm of X = 4.142511e+00.
  Coordinate descent sweep 1. norm of D = 1.181092e+00, change in D = 1.181092e+00.
    Line search step size chosen: 1.000000e+00.
  Objective value decreased by 3.181989e-02.
Newton iteration 3.
  Active set size = 5828.
  sub-gradient = 1.821253e-01, l1-norm of X = 4.022498e+00.
  Coordinate descent sweep 1. norm of D = 2.060861e-01, change in D = 2.060861e-01.
  Coordinate descent sweep 2. norm of D = 2.924734e-01, change in D = 9.412275e-02.
    Line search step size chosen: 1.000000e+00.
  Objective value decreased by 3.077725e-03.
Newton iteration 4.
  Active set size = 5828.
  sub-gradient = 2.888719e-02, l1-norm of X = 4.156763e+00.
  Coordinate descent sweep 1. norm of D = 3.809295e-02, change in D = 3.809295e-02.
  Coordinate descent sweep 2. norm of D = 4.579684e-02, change in D = 8.547266e-03.
    Line search step size chosen: 1.000000e+00.
  Objective value decreased by 1.105861e-04.
Newton iteration 5.
  Active set size = 5828.
  sub-gradient = 4.926863e-03, l1-norm of X = 4.172485e+00.
  Coordinate descent sweep 1. norm of D = 5.809191e-03, change in D = 5.809191e-03.
  Coordinate descent sweep 2. norm of D = 8.481686e-03, change in D = 2.684762e-03.
    Line search step size chosen: 1.000000e+00.
  Objective value decreased by 5.237941e-06.
Newton iteration 6.
  Active set size = 5828.
  sub-gradient = 5.186619e-04, l1-norm of X = 4.175126e+00.
  Coordinate descent sweep 1. norm of D = 6.225651e-04, change in D = 6.225651e-04.
  Coordinate descent sweep 2. norm of D = 9.560691e-04, change in D = 3.591811e-04.
  Coordinate descent sweep 3. norm of D = 1.115555e-03, change in D = 1.595403e-04.
    Line search step size chosen: 1.000000e+00.
  Objective value decreased by 1.486105e-07.
Newton iteration 7.
  Active set size = 5828.
  sub-gradient = 5.301711e-05, l1-norm of X = 4.175696e+00.
  Coordinate descent sweep 1. norm of D = 6.701800e-05, change in D = 6.701800e-05.
  Coordinate descent sweep 2. norm of D = 8.485600e-05, change in D = 2.673899e-05.
  Coordinate descent sweep 3. norm of D = 9.593880e-05, change in D = 1.154703e-05.
    Line search step size chosen: 1.000000e+00.
  Objective value decreased by 8.139978e-10.
QUIC CPU time: 534.720 seconds
