[1] "normal_consensus" "629"              "weighted"         "0.66"            
[1] "Data read complete"
Running QUIC version 1.1 in 'default' mode.
Newton iteration 1.
  X is a diagonal matrix.
    Line search step size chosen: 1.000000e+00.
  Objective value decreased by 8.048827e-02.
Newton iteration 2.
  Active set size = 5774.
  sub-gradient = 1.821275e-01, l1-norm of X = 8.071359e-01.
  Coordinate descent sweep 1. norm of D = 1.599485e-01, change in D = 1.599485e-01.
    Line search step size chosen: 1.000000e+00.
  Objective value decreased by 2.142146e-03.
Newton iteration 3.
  Active set size = 5774.
  sub-gradient = 2.637053e-02, l1-norm of X = 7.910571e-01.
  Coordinate descent sweep 1. norm of D = 2.632273e-02, change in D = 2.632273e-02.
  Coordinate descent sweep 2. norm of D = 4.381193e-02, change in D = 1.749098e-02.
    Line search step size chosen: 1.000000e+00.
  Objective value decreased by 2.788200e-04.
Newton iteration 4.
  Active set size = 5774.
  sub-gradient = 2.080590e-03, l1-norm of X = 8.247800e-01.
  Coordinate descent sweep 1. norm of D = 2.087149e-03, change in D = 2.087149e-03.
  Coordinate descent sweep 2. norm of D = 2.673316e-03, change in D = 5.861673e-04.
    Line search step size chosen: 1.000000e+00.
  Objective value decreased by 6.051787e-07.
Newton iteration 5.
  Active set size = 5774.
  sub-gradient = 4.470190e-05, l1-norm of X = 8.253318e-01.
  Coordinate descent sweep 1. norm of D = 4.299357e-05, change in D = 4.299357e-05.
  Coordinate descent sweep 2. norm of D = 6.722715e-05, change in D = 2.920323e-05.
    Line search step size chosen: 1.000000e+00.
  Objective value decreased by 9.886207e-10.
QUIC CPU time: 478.450 seconds
