[1] "normal_consensus" "629"              "weighted"         "0.72"            
[1] "Data read complete"
Running QUIC version 1.1 in 'default' mode.
Newton iteration 1.
  X is a diagonal matrix.
    Line search step size chosen: 1.000000e+00.
  Objective value decreased by 3.094795e-02.
Newton iteration 2.
  Active set size = 5771.
  sub-gradient = 6.726376e-02, l1-norm of X = 3.866298e-01.
  Coordinate descent sweep 1. norm of D = 6.283567e-02, change in D = 6.283567e-02.
    Line search step size chosen: 1.000000e+00.
  Objective value decreased by 4.562403e-04.
Newton iteration 3.
  Active set size = 5771.
  sub-gradient = 7.795916e-03, l1-norm of X = 3.812581e-01.
  Coordinate descent sweep 1. norm of D = 8.476045e-03, change in D = 8.476045e-03.
  Coordinate descent sweep 2. norm of D = 1.139287e-02, change in D = 2.916822e-03.
    Line search step size chosen: 1.000000e+00.
  Objective value decreased by 2.820710e-05.
Newton iteration 4.
  Active set size = 5771.
  sub-gradient = 3.337998e-04, l1-norm of X = 3.918537e-01.
  Coordinate descent sweep 1. norm of D = 3.332653e-04, change in D = 3.332653e-04.
  Coordinate descent sweep 2. norm of D = 4.804734e-04, change in D = 1.494993e-04.
    Line search step size chosen: 1.000000e+00.
  Objective value decreased by 7.018207e-08.
Newton iteration 5.
  Active set size = 5771.
  sub-gradient = 1.008836e-05, l1-norm of X = 3.922453e-01.
  Coordinate descent sweep 1. norm of D = 1.231755e-05, change in D = 1.231755e-05.
  Coordinate descent sweep 2. norm of D = 1.510865e-05, change in D = 2.863702e-06.
    Line search step size chosen: 1.000000e+00.
  Objective value decreased by 7.821654e-11.
QUIC CPU time: 545.410 seconds
