[1] "normal_consensus" "629"              "weighted"         "0.74"            
[1] "Data read complete"
Running QUIC version 1.1 in 'default' mode.
Newton iteration 1.
  X is a diagonal matrix.
    Line search step size chosen: 1.000000e+00.
  Objective value decreased by 2.160484e-02.
Newton iteration 2.
  Active set size = 5769.
  sub-gradient = 4.623024e-02, l1-norm of X = 3.081060e-01.
  Coordinate descent sweep 1. norm of D = 4.457311e-02, change in D = 4.457311e-02.
    Line search step size chosen: 1.000000e+00.
  Objective value decreased by 2.364499e-04.
Newton iteration 3.
  Active set size = 5769.
  sub-gradient = 2.676490e-03, l1-norm of X = 3.085727e-01.
  Coordinate descent sweep 1. norm of D = 3.357090e-03, change in D = 3.357090e-03.
  Coordinate descent sweep 2. norm of D = 3.469717e-03, change in D = 1.601270e-04.
    Line search step size chosen: 1.000000e+00.
  Objective value decreased by 3.718055e-06.
Newton iteration 4.
  Active set size = 5769.
  sub-gradient = 7.026389e-05, l1-norm of X = 3.114958e-01.
  Coordinate descent sweep 1. norm of D = 7.220129e-05, change in D = 7.220129e-05.
  Coordinate descent sweep 2. norm of D = 7.763604e-05, change in D = 5.801123e-06.
    Line search step size chosen: 1.000000e+00.
  Objective value decreased by 6.348273e-10.
Newton iteration 5.
  Active set size = 5769.
  sub-gradient = 2.226157e-06, l1-norm of X = 3.115071e-01.
  Coordinate descent sweep 1. norm of D = 2.298535e-06, change in D = 2.298535e-06.
  Coordinate descent sweep 2. norm of D = 2.507505e-06, change in D = 2.089694e-07.
    Line search step size chosen: 1.000000e+00.
  Objective value decreased by 1.818989e-12.
QUIC CPU time: 546.140 seconds
