[1] "sra_normal"       "400"              "correcting_first" "0.12"            
[1] "Data read complete"
Running QUIC version 1.1 in 'default' mode.
Newton iteration 1.
  X is a diagonal matrix.
    Line search step size 1.000000e+00.  Lack of positive definiteness.
    Line search step size 5.000000e-01.  Lack of positive definiteness.
    Line search step size 2.500000e-01.  Lack of positive definiteness.
    Line search step size 1.250000e-01.  Lack of positive definiteness.
    Line search step size chosen: 6.250000e-02.
  Objective value decreased by 7.762719e+01.
Newton iteration 2.
  Active set size = 188691.
  sub-gradient = 6.007064e+03, l1-norm of X = 1.070536e+02.
  Coordinate descent sweep 1. norm of D = 3.496860e+03, change in D = 3.496860e+03.
    Line search step size 1.000000e+00.  Lack of positive definiteness.
    Line search step size 5.000000e-01.  Lack of positive definiteness.
    Line search step size 2.500000e-01.  Lack of positive definiteness.
    Line search step size chosen: 1.250000e-01.
  Objective value decreased by 5.325276e+01.
Newton iteration 3.
  Active set size = 199129.
  sub-gradient = 4.525441e+03, l1-norm of X = 2.050287e+02.
  Coordinate descent sweep 1. norm of D = 1.616451e+03, change in D = 1.616451e+03.
  Coordinate descent sweep 2. norm of D = 1.535639e+03, change in D = 4.125005e+02.
    Line search step size 1.000000e+00.  Lack of positive definiteness.
    Line search step size 5.000000e-01.  Lack of positive definiteness.
    Line search step size chosen: 2.500000e-01.
  Objective value decreased by 2.934940e+01.
Newton iteration 4.
  Active set size = 199262.
  sub-gradient = 4.071066e+03, l1-norm of X = 2.552457e+02.
  Coordinate descent sweep 1. norm of D = 1.104780e+03, change in D = 1.104780e+03.
  Coordinate descent sweep 2. norm of D = 1.101968e+03, change in D = 3.128293e+02.
    Line search step size 1.000000e+00.  Lack of positive definiteness.
    Line search step size chosen: 5.000000e-01.
  Objective value decreased by 2.695813e+01.
Newton iteration 5.
  Active set size = 198657.
  sub-gradient = 4.241894e+03, l1-norm of X = 3.113264e+02.
  Coordinate descent sweep 1. norm of D = 5.565707e+02, change in D = 5.565707e+02.
  Coordinate descent sweep 2. norm of D = 6.007513e+02, change in D = 1.850227e+02.
    Line search step size chosen: 1.000000e+00.
  Objective value decreased by 1.411602e+01.
Newton iteration 6.
  Active set size = 82664.
  sub-gradient = 5.110887e+02, l1-norm of X = 3.535480e+02.
  Coordinate descent sweep 1. norm of D = 1.082449e+02, change in D = 1.082449e+02.
  Coordinate descent sweep 2. norm of D = 1.248752e+02, change in D = 6.088631e+01.
  Coordinate descent sweep 3. norm of D = 1.351274e+02, change in D = 3.468818e+01.
    Line search step size chosen: 1.000000e+00.
  Objective value decreased by 1.437447e+00.
Newton iteration 7.
  Active set size = 77386.
  sub-gradient = 1.200605e+02, l1-norm of X = 3.585598e+02.
  Coordinate descent sweep 1. norm of D = 2.756319e+01, change in D = 2.756319e+01.
  Coordinate descent sweep 2. norm of D = 3.140387e+01, change in D = 1.858320e+01.
  Coordinate descent sweep 3. norm of D = 3.433910e+01, change in D = 1.192791e+01.
    Line search step size chosen: 1.000000e+00.
  Objective value decreased by 2.114666e-01.
Newton iteration 8.
  Active set size = 76548.
  sub-gradient = 1.625553e+01, l1-norm of X = 3.597039e+02.
  Coordinate descent sweep 1. norm of D = 8.900528e+00, change in D = 8.900528e+00.
  Coordinate descent sweep 2. norm of D = 1.084731e+01, change in D = 6.562628e+00.
  Coordinate descent sweep 3. norm of D = 1.190350e+01, change in D = 4.785962e+00.
    Line search step size chosen: 1.000000e+00.
  Objective value decreased by 4.794468e-02.
Newton iteration 9.
  Active set size = 76500.
  sub-gradient = 3.548959e+00, l1-norm of X = 3.599903e+02.
  Coordinate descent sweep 1. norm of D = 3.651230e+00, change in D = 3.651230e+00.
  Coordinate descent sweep 2. norm of D = 4.391258e+00, change in D = 2.853690e+00.
  Coordinate descent sweep 3. norm of D = 4.906484e+00, change in D = 2.219738e+00.
  Coordinate descent sweep 4. norm of D = 5.292039e+00, change in D = 1.763693e+00.
    Line search step size chosen: 1.000000e+00.
  Objective value decreased by 1.922996e-02.
Newton iteration 10.
  Active set size = 76456.
  sub-gradient = 1.612868e+00, l1-norm of X = 3.601154e+02.
  Coordinate descent sweep 1. norm of D = 1.412997e+00, change in D = 1.412997e+00.
  Coordinate descent sweep 2. norm of D = 1.759101e+00, change in D = 1.158645e+00.
  Coordinate descent sweep 3. norm of D = 1.975381e+00, change in D = 9.553936e-01.
  Coordinate descent sweep 4. norm of D = 2.082742e+00, change in D = 7.450884e-01.
    Line search step size chosen: 1.000000e+00.
  Objective value decreased by 6.374451e-03.
Newton iteration 11.
  Active set size = 76456.
  sub-gradient = 7.582763e-01, l1-norm of X = 3.601690e+02.
  Coordinate descent sweep 1. norm of D = 6.470774e-01, change in D = 6.470774e-01.
  Coordinate descent sweep 2. norm of D = 8.503794e-01, change in D = 5.923443e-01.
  Coordinate descent sweep 3. norm of D = 9.255047e-01, change in D = 4.978093e-01.
  Coordinate descent sweep 4. norm of D = 1.014816e+00, change in D = 4.342845e-01.
    Line search step size chosen: 1.000000e+00.
  Objective value decreased by 2.440388e-03.
Newton iteration 12.
  Active set size = 76451.
  sub-gradient = 4.058061e-01, l1-norm of X = 3.602029e+02.
  Coordinate descent sweep 1. norm of D = 3.668241e-01, change in D = 3.668241e-01.
  Coordinate descent sweep 2. norm of D = 4.293418e-01, change in D = 3.068960e-01.
  Coordinate descent sweep 3. norm of D = 4.918457e-01, change in D = 2.599349e-01.
  Coordinate descent sweep 4. norm of D = 5.201928e-01, change in D = 2.212756e-01.
  Coordinate descent sweep 5. norm of D = 5.552379e-01, change in D = 1.966591e-01.
    Line search step size chosen: 1.000000e+00.
  Objective value decreased by 9.827094e-04.
Newton iteration 13.
  Active set size = 76444.
  sub-gradient = 1.691475e-01, l1-norm of X = 3.602191e+02.
  Coordinate descent sweep 1. norm of D = 1.785510e-01, change in D = 1.785510e-01.
  Coordinate descent sweep 2. norm of D = 2.164976e-01, change in D = 1.649078e-01.
  Coordinate descent sweep 3. norm of D = 2.358145e-01, change in D = 1.307204e-01.
  Coordinate descent sweep 4. norm of D = 2.589577e-01, change in D = 1.140168e-01.
  Coordinate descent sweep 5. norm of D = 2.798845e-01, change in D = 1.034179e-01.
    Line search step size chosen: 1.000000e+00.
  Objective value decreased by 3.195520e-04.
Newton iteration 14.
  Active set size = 76440.
  sub-gradient = 8.557220e-02, l1-norm of X = 3.602288e+02.
  Coordinate descent sweep 1. norm of D = 9.667132e-02, change in D = 9.667132e-02.
  Coordinate descent sweep 2. norm of D = 1.120458e-01, change in D = 7.708128e-02.
  Coordinate descent sweep 3. norm of D = 1.249551e-01, change in D = 6.939772e-02.
  Coordinate descent sweep 4. norm of D = 1.401445e-01, change in D = 6.365928e-02.
  Coordinate descent sweep 5. norm of D = 1.496141e-01, change in D = 5.754115e-02.
    Line search step size chosen: 1.000000e+00.
  Objective value decreased by 1.309478e-04.
Newton iteration 15.
  Active set size = 76440.
  sub-gradient = 4.552926e-02, l1-norm of X = 3.602347e+02.
  Coordinate descent sweep 1. norm of D = 5.148773e-02, change in D = 5.148773e-02.
  Coordinate descent sweep 2. norm of D = 6.633406e-02, change in D = 4.804508e-02.
  Coordinate descent sweep 3. norm of D = 7.458637e-02, change in D = 4.164964e-02.
  Coordinate descent sweep 4. norm of D = 8.206102e-02, change in D = 3.467514e-02.
  Coordinate descent sweep 5. norm of D = 8.905020e-02, change in D = 3.182214e-02.
  Coordinate descent sweep 6. norm of D = 9.254874e-02, change in D = 2.746291e-02.
    Line search step size chosen: 1.000000e+00.
  Objective value decreased by 5.637741e-05.
Newton iteration 16.
  Active set size = 76439.
  sub-gradient = 3.204677e-02, l1-norm of X = 3.602384e+02.
  Coordinate descent sweep 1. norm of D = 2.441201e-02, change in D = 2.441201e-02.
  Coordinate descent sweep 2. norm of D = 3.062247e-02, change in D = 2.021826e-02.
  Coordinate descent sweep 3. norm of D = 3.493561e-02, change in D = 1.752686e-02.
  Coordinate descent sweep 4. norm of D = 4.004215e-02, change in D = 1.801551e-02.
  Coordinate descent sweep 5. norm of D = 4.320919e-02, change in D = 1.575355e-02.
  Coordinate descent sweep 6. norm of D = 4.617485e-02, change in D = 1.314831e-02.
    Line search step size chosen: 1.000000e+00.
  Objective value decreased by 1.729782e-05.
QUIC CPU time: 5063.450 seconds
