[1] "sra_normal"    "400"           "pooling_first" "0.66"         
[1] "Data read complete"
Running QUIC version 1.1 in 'default' mode.
Newton iteration 1.
  X is a diagonal matrix.
    Line search step size chosen: 1.000000e+00.
  Objective value decreased by 4.045365e-02.
Newton iteration 2.
  Active set size = 5775.
  sub-gradient = 8.601510e-02, l1-norm of X = 6.693592e-01.
  Coordinate descent sweep 1. norm of D = 8.226069e-02, change in D = 8.226069e-02.
    Line search step size chosen: 1.000000e+00.
  Objective value decreased by 4.072860e-04.
Newton iteration 3.
  Active set size = 5775.
  sub-gradient = 3.088471e-03, l1-norm of X = 6.722022e-01.
  Coordinate descent sweep 1. norm of D = 3.244393e-03, change in D = 3.244393e-03.
  Coordinate descent sweep 2. norm of D = 3.677589e-03, change in D = 5.058113e-04.
    Line search step size chosen: 1.000000e+00.
  Objective value decreased by 1.241940e-06.
Newton iteration 4.
  Active set size = 5775.
  sub-gradient = 6.318087e-05, l1-norm of X = 6.744539e-01.
  Coordinate descent sweep 1. norm of D = 6.520493e-05, change in D = 6.520493e-05.
  Coordinate descent sweep 2. norm of D = 7.594977e-05, change in D = 1.098953e-05.
    Line search step size chosen: 1.000000e+00.
  Objective value decreased by 1.125045e-09.
QUIC CPU time: 721.300 seconds
