[1] "sra_normal"    "400"           "pooling_first" "0.74"         
[1] "Data read complete"
Running QUIC version 1.1 in 'default' mode.
Newton iteration 1.
  X is a diagonal matrix.
    Line search step size chosen: 1.000000e+00.
  Objective value decreased by 2.580343e-03.
Newton iteration 2.
  Active set size = 5769.
  sub-gradient = 5.304052e-03, l1-norm of X = 8.876991e-02.
  Coordinate descent sweep 1. norm of D = 5.271972e-03, change in D = 5.271972e-03.
    Line search step size chosen: 1.000000e+00.
  Objective value decreased by 6.169801e-06.
Newton iteration 3.
  Active set size = 5769.
  sub-gradient = 3.302186e-05, l1-norm of X = 8.894975e-02.
  Coordinate descent sweep 1. norm of D = 3.292890e-05, change in D = 3.292890e-05.
  Coordinate descent sweep 2. norm of D = 3.402551e-05, change in D = 1.707493e-06.
    Line search step size chosen: 1.000000e+00.
  Objective value decreased by 2.492015e-10.
Newton iteration 4.
  Active set size = 5769.
  sub-gradient = 1.564204e-07, l1-norm of X = 8.895466e-02.
  Coordinate descent sweep 1. norm of D = 1.569374e-07, change in D = 1.569374e-07.
  Coordinate descent sweep 2. norm of D = 1.653677e-07, change in D = 8.430260e-09.
    Line search step size chosen: 1.000000e+00.
  Objective value decreased by 0.000000e+00.
QUIC CPU time: 355.880 seconds
