[1] "/work-zfs/abattle4/prashanthi/recount3/data/vascular/GTEx/weighted_covariances/cov_3.rds"
[1] "Data read complete"
Running QUIC version 1.1 in 'default' mode.
Newton iteration 1.
  X is a diagonal matrix.
    Line search step size 1.000000e+00.  Lack of positive definiteness.
    Line search step size 5.000000e-01.  Lack of positive definiteness.
    Line search step size 2.500000e-01.  Lack of positive definiteness.
    Line search step size 1.250000e-01.  Lack of positive definiteness.
    Line search step size chosen: 6.250000e-02.
  Objective value decreased by 1.912810e+02.
Newton iteration 2.
  Active set size = 464309.
  sub-gradient = 1.362222e+04, l1-norm of X = 2.225986e+02.
  Coordinate descent sweep 1. norm of D = 1.118898e+04, change in D = 1.118898e+04.
    Line search step size 1.000000e+00.  Lack of positive definiteness.
    Line search step size 5.000000e-01.  Lack of positive definiteness.
    Line search step size 2.500000e-01.  Lack of positive definiteness.
    Line search step size chosen: 1.250000e-01.
  Objective value decreased by 2.071441e+02.
Newton iteration 3.
  Active set size = 464661.
  sub-gradient = 1.073875e+04, l1-norm of X = 5.496471e+02.
  Coordinate descent sweep 1. norm of D = 7.415703e+03, change in D = 7.415703e+03.
  Coordinate descent sweep 2. norm of D = 6.975828e+03, change in D = 1.299123e+03.
    Line search step size 1.000000e+00.  Lack of positive definiteness.
    Line search step size 5.000000e-01.  Lack of positive definiteness.
    Line search step size chosen: 2.500000e-01.
  Objective value decreased by 1.680114e+02.
Newton iteration 4.
  Active set size = 465240.
  sub-gradient = 7.522484e+03, l1-norm of X = 9.042478e+02.
  Coordinate descent sweep 1. norm of D = 4.524390e+03, change in D = 4.524390e+03.
  Coordinate descent sweep 2. norm of D = 4.529307e+03, change in D = 1.101572e+03.
    Line search step size 1.000000e+00.  Lack of positive definiteness.
    Line search step size chosen: 5.000000e-01.
  Objective value decreased by 1.356865e+02.
Newton iteration 5.
  Active set size = 468522.
  sub-gradient = 4.747488e+03, l1-norm of X = 1.278557e+03.
  Coordinate descent sweep 1. norm of D = 2.019370e+03, change in D = 2.019370e+03.
  Coordinate descent sweep 2. norm of D = 2.306777e+03, change in D = 6.635047e+02.
    Line search step size chosen: 1.000000e+00.
  Objective value decreased by 6.383225e+01.
Newton iteration 6.
  Active set size = 300717.
  sub-gradient = 7.185585e+02, l1-norm of X = 1.523735e+03.
  Coordinate descent sweep 1. norm of D = 4.326861e+02, change in D = 4.326861e+02.
  Coordinate descent sweep 2. norm of D = 5.385618e+02, change in D = 2.661217e+02.
  Coordinate descent sweep 3. norm of D = 6.074968e+02, change in D = 1.646856e+02.
    Line search step size chosen: 1.000000e+00.
  Objective value decreased by 1.462428e+01.
Newton iteration 7.
  Active set size = 291740.
  sub-gradient = 1.927722e+02, l1-norm of X = 1.554684e+03.
  Coordinate descent sweep 1. norm of D = 1.328373e+02, change in D = 1.328373e+02.
  Coordinate descent sweep 2. norm of D = 1.741227e+02, change in D = 1.034349e+02.
  Coordinate descent sweep 3. norm of D = 2.033549e+02, change in D = 7.869271e+01.
    Line search step size chosen: 1.000000e+00.
  Objective value decreased by 4.525700e+00.
Newton iteration 8.
  Active set size = 290367.
  sub-gradient = 8.133563e+01, l1-norm of X = 1.564248e+03.
  Coordinate descent sweep 1. norm of D = 6.809527e+01, change in D = 6.809527e+01.
  Coordinate descent sweep 2. norm of D = 9.063885e+01, change in D = 5.711444e+01.
  Coordinate descent sweep 3. norm of D = 1.082024e+02, change in D = 4.937961e+01.
    Line search step size chosen: 1.000000e+00.
  Objective value decreased by 2.163174e+00.
Newton iteration 9.
  Active set size = 289876.
  sub-gradient = 4.701468e+01, l1-norm of X = 1.568746e+03.
  Coordinate descent sweep 1. norm of D = 4.334197e+01, change in D = 4.334197e+01.
  Coordinate descent sweep 2. norm of D = 5.847699e+01, change in D = 3.800272e+01.
  Coordinate descent sweep 3. norm of D = 6.959308e+01, change in D = 3.271066e+01.
  Coordinate descent sweep 4. norm of D = 7.936883e+01, change in D = 2.923150e+01.
    Line search step size chosen: 1.000000e+00.
  Objective value decreased by 1.448615e+00.
Newton iteration 10.
  Active set size = 289608.
  sub-gradient = 2.890340e+01, l1-norm of X = 1.572023e+03.
  Coordinate descent sweep 1. norm of D = 2.657273e+01, change in D = 2.657273e+01.
  Coordinate descent sweep 2. norm of D = 3.627735e+01, change in D = 2.421682e+01.
  Coordinate descent sweep 3. norm of D = 4.347382e+01, change in D = 2.221162e+01.
  Coordinate descent sweep 4. norm of D = 4.969606e+01, change in D = 1.987791e+01.
    Line search step size chosen: 1.000000e+00.
  Objective value decreased by 7.624168e-01.
Newton iteration 11.
  Active set size = 289477.
  sub-gradient = 1.979182e+01, l1-norm of X = 1.574133e+03.
  Coordinate descent sweep 1. norm of D = 1.832223e+01, change in D = 1.832223e+01.
  Coordinate descent sweep 2. norm of D = 2.508868e+01, change in D = 1.693540e+01.
  Coordinate descent sweep 3. norm of D = 3.050055e+01, change in D = 1.580482e+01.
  Coordinate descent sweep 4. norm of D = 3.490891e+01, change in D = 1.442113e+01.
    Line search step size chosen: 1.000000e+00.
  Objective value decreased by 4.607543e-01.
Newton iteration 12.
  Active set size = 289391.
  sub-gradient = 1.372561e+01, l1-norm of X = 1.575550e+03.
  Coordinate descent sweep 1. norm of D = 1.337465e+01, change in D = 1.337465e+01.
  Coordinate descent sweep 2. norm of D = 1.813080e+01, change in D = 1.201458e+01.
  Coordinate descent sweep 3. norm of D = 2.218012e+01, change in D = 1.179308e+01.
  Coordinate descent sweep 4. norm of D = 2.547165e+01, change in D = 1.086834e+01.
  Coordinate descent sweep 5. norm of D = 2.877805e+01, change in D = 1.043379e+01.
    Line search step size chosen: 1.000000e+00.
  Objective value decreased by 3.374142e-01.
Newton iteration 13.
  Active set size = 289375.
  sub-gradient = 1.067281e+01, l1-norm of X = 1.576801e+03.
  Coordinate descent sweep 1. norm of D = 9.514668e+00, change in D = 9.514668e+00.
  Coordinate descent sweep 2. norm of D = 1.296360e+01, change in D = 8.976094e+00.
  Coordinate descent sweep 3. norm of D = 1.576770e+01, change in D = 8.478266e+00.
  Coordinate descent sweep 4. norm of D = 1.810740e+01, change in D = 7.963732e+00.
  Coordinate descent sweep 5. norm of D = 2.032721e+01, change in D = 7.279776e+00.
    Line search step size chosen: 1.000000e+00.
  Objective value decreased by 1.968871e-01.
Newton iteration 14.
  Active set size = 289323.
  sub-gradient = 7.299768e+00, l1-norm of X = 1.577644e+03.
  Coordinate descent sweep 1. norm of D = 7.176661e+00, change in D = 7.176661e+00.
  Coordinate descent sweep 2. norm of D = 9.687292e+00, change in D = 6.709280e+00.
  Coordinate descent sweep 3. norm of D = 1.168502e+01, change in D = 6.383356e+00.
  Coordinate descent sweep 4. norm of D = 1.352198e+01, change in D = 5.985484e+00.
  Coordinate descent sweep 5. norm of D = 1.524411e+01, change in D = 5.657981e+00.
    Line search step size chosen: 1.000000e+00.
  Objective value decreased by 1.227494e-01.
Newton iteration 15.
  Active set size = 289312.
  sub-gradient = 5.910982e+00, l1-norm of X = 1.578290e+03.
  Coordinate descent sweep 1. norm of D = 5.346148e+00, change in D = 5.346148e+00.
  Coordinate descent sweep 2. norm of D = 7.335944e+00, change in D = 5.088092e+00.
  Coordinate descent sweep 3. norm of D = 8.950128e+00, change in D = 4.869817e+00.
  Coordinate descent sweep 4. norm of D = 1.036466e+01, change in D = 4.596824e+00.
  Coordinate descent sweep 5. norm of D = 1.166570e+01, change in D = 4.481795e+00.
  Coordinate descent sweep 6. norm of D = 1.296362e+01, change in D = 4.284644e+00.
    Line search step size chosen: 1.000000e+00.
  Objective value decreased by 9.217094e-02.
Newton iteration 16.
  Active set size = 289286.
  sub-gradient = 3.865621e+00, l1-norm of X = 1.578863e+03.
  Coordinate descent sweep 1. norm of D = 4.034743e+00, change in D = 4.034743e+00.
  Coordinate descent sweep 2. norm of D = 5.590026e+00, change in D = 4.001398e+00.
  Coordinate descent sweep 3. norm of D = 6.789326e+00, change in D = 3.708309e+00.
  Coordinate descent sweep 4. norm of D = 7.950620e+00, change in D = 3.689629e+00.
  Coordinate descent sweep 5. norm of D = 8.942575e+00, change in D = 3.408053e+00.
  Coordinate descent sweep 6. norm of D = 9.757592e+00, change in D = 3.131702e+00.
    Line search step size chosen: 1.000000e+00.
  Objective value decreased by 5.887967e-02.
Newton iteration 17.
  Active set size = 289274.
  sub-gradient = 3.251869e+00, l1-norm of X = 1.579276e+03.
  Coordinate descent sweep 1. norm of D = 3.004731e+00, change in D = 3.004731e+00.
  Coordinate descent sweep 2. norm of D = 4.231655e+00, change in D = 2.984432e+00.
  Coordinate descent sweep 3. norm of D = 5.137260e+00, change in D = 2.886286e+00.
  Coordinate descent sweep 4. norm of D = 5.928662e+00, change in D = 2.655443e+00.
  Coordinate descent sweep 5. norm of D = 6.759822e+00, change in D = 2.537171e+00.
  Coordinate descent sweep 6. norm of D = 7.482554e+00, change in D = 2.388869e+00.
    Line search step size chosen: 1.000000e+00.
  Objective value decreased by 3.839814e-02.
Newton iteration 18.
  Active set size = 289258.
  sub-gradient = 3.128241e+00, l1-norm of X = 1.579612e+03.
  Coordinate descent sweep 1. norm of D = 2.382462e+00, change in D = 2.382462e+00.
  Coordinate descent sweep 2. norm of D = 3.209183e+00, change in D = 2.221695e+00.
  Coordinate descent sweep 3. norm of D = 3.916009e+00, change in D = 2.202770e+00.
  Coordinate descent sweep 4. norm of D = 4.613108e+00, change in D = 2.141765e+00.
  Coordinate descent sweep 5. norm of D = 5.309017e+00, change in D = 2.073131e+00.
  Coordinate descent sweep 6. norm of D = 5.812136e+00, change in D = 1.966062e+00.
  Coordinate descent sweep 7. norm of D = 6.316883e+00, change in D = 1.815490e+00.
    Line search step size chosen: 1.000000e+00.
  Objective value decreased by 2.898648e-02.
Newton iteration 19.
  Active set size = 289242.
  sub-gradient = 1.710199e+00, l1-norm of X = 1.579906e+03.
  Coordinate descent sweep 1. norm of D = 1.703693e+00, change in D = 1.703693e+00.
  Coordinate descent sweep 2. norm of D = 2.402638e+00, change in D = 1.674548e+00.
  Coordinate descent sweep 3. norm of D = 2.971473e+00, change in D = 1.684798e+00.
  Coordinate descent sweep 4. norm of D = 3.424722e+00, change in D = 1.599811e+00.
  Coordinate descent sweep 5. norm of D = 3.890203e+00, change in D = 1.555836e+00.
  Coordinate descent sweep 6. norm of D = 4.332785e+00, change in D = 1.537510e+00.
  Coordinate descent sweep 7. norm of D = 4.748120e+00, change in D = 1.458318e+00.
    Line search step size chosen: 1.000000e+00.
  Objective value decreased by 1.739893e-02.
Newton iteration 20.
  Active set size = 289233.
  sub-gradient = 1.295224e+00, l1-norm of X = 1.580122e+03.
  Coordinate descent sweep 1. norm of D = 1.336804e+00, change in D = 1.336804e+00.
  Coordinate descent sweep 2. norm of D = 1.914912e+00, change in D = 1.309529e+00.
  Coordinate descent sweep 3. norm of D = 2.332657e+00, change in D = 1.259366e+00.
  Coordinate descent sweep 4. norm of D = 2.743544e+00, change in D = 1.257545e+00.
  Coordinate descent sweep 5. norm of D = 3.075085e+00, change in D = 1.195758e+00.
  Coordinate descent sweep 6. norm of D = 3.423112e+00, change in D = 1.166469e+00.
  Coordinate descent sweep 7. norm of D = 3.708720e+00, change in D = 1.081788e+00.
    Line search step size chosen: 1.000000e+00.
  Objective value decreased by 1.109803e-02.
Newton iteration 21.
  Active set size = 289230.
  sub-gradient = 1.071977e+00, l1-norm of X = 1.580285e+03.
  Coordinate descent sweep 1. norm of D = 1.063342e+00, change in D = 1.063342e+00.
  Coordinate descent sweep 2. norm of D = 1.458832e+00, change in D = 9.857430e-01.
  Coordinate descent sweep 3. norm of D = 1.757298e+00, change in D = 9.042826e-01.
  Coordinate descent sweep 4. norm of D = 2.080612e+00, change in D = 9.510863e-01.
  Coordinate descent sweep 5. norm of D = 2.342645e+00, change in D = 9.325879e-01.
  Coordinate descent sweep 6. norm of D = 2.588750e+00, change in D = 8.840697e-01.
  Coordinate descent sweep 7. norm of D = 2.855391e+00, change in D = 8.610705e-01.
  Coordinate descent sweep 8. norm of D = 3.111199e+00, change in D = 8.371067e-01.
    Line search step size chosen: 1.000000e+00.
  Objective value decreased by 8.747472e-03.
Newton iteration 22.
  Active set size = 289232.
  sub-gradient = 9.577841e-01, l1-norm of X = 1.580438e+03.
  Coordinate descent sweep 1. norm of D = 8.590282e-01, change in D = 8.590282e-01.
  Coordinate descent sweep 2. norm of D = 1.115972e+00, change in D = 7.597398e-01.
  Coordinate descent sweep 3. norm of D = 1.371203e+00, change in D = 7.478956e-01.
  Coordinate descent sweep 4. norm of D = 1.634460e+00, change in D = 7.453272e-01.
  Coordinate descent sweep 5. norm of D = 1.817158e+00, change in D = 7.009496e-01.
  Coordinate descent sweep 6. norm of D = 2.014429e+00, change in D = 6.868160e-01.
  Coordinate descent sweep 7. norm of D = 2.176678e+00, change in D = 6.358390e-01.
  Coordinate descent sweep 8. norm of D = 2.357071e+00, change in D = 6.523169e-01.
    Line search step size chosen: 1.000000e+00.
  Objective value decreased by 5.375153e-03.
Newton iteration 23.
  Active set size = 289228.
  sub-gradient = 6.564821e-01, l1-norm of X = 1.580542e+03.
  Coordinate descent sweep 1. norm of D = 5.961325e-01, change in D = 5.961325e-01.
  Coordinate descent sweep 2. norm of D = 8.340662e-01, change in D = 5.801349e-01.
  Coordinate descent sweep 3. norm of D = 1.032682e+00, change in D = 5.857096e-01.
  Coordinate descent sweep 4. norm of D = 1.223356e+00, change in D = 5.771892e-01.
  Coordinate descent sweep 5. norm of D = 1.362399e+00, change in D = 5.302534e-01.
  Coordinate descent sweep 6. norm of D = 1.524746e+00, change in D = 5.306973e-01.
  Coordinate descent sweep 7. norm of D = 1.666877e+00, change in D = 5.000104e-01.
  Coordinate descent sweep 8. norm of D = 1.793505e+00, change in D = 4.843759e-01.
    Line search step size chosen: 1.000000e+00.
  Objective value decreased by 3.320684e-03.
Newton iteration 24.
  Active set size = 289228.
  sub-gradient = 5.111863e-01, l1-norm of X = 1.580624e+03.
  Coordinate descent sweep 1. norm of D = 4.829374e-01, change in D = 4.829374e-01.
  Coordinate descent sweep 2. norm of D = 6.820914e-01, change in D = 4.782669e-01.
  Coordinate descent sweep 3. norm of D = 8.393586e-01, change in D = 4.464383e-01.
  Coordinate descent sweep 4. norm of D = 9.771315e-01, change in D = 4.475490e-01.
  Coordinate descent sweep 5. norm of D = 1.098056e+00, change in D = 4.166136e-01.
  Coordinate descent sweep 6. norm of D = 1.225385e+00, change in D = 4.098627e-01.
  Coordinate descent sweep 7. norm of D = 1.313590e+00, change in D = 3.809651e-01.
  Coordinate descent sweep 8. norm of D = 1.435164e+00, change in D = 3.733721e-01.
  Coordinate descent sweep 9. norm of D = 1.563659e+00, change in D = 3.742603e-01.
    Line search step size chosen: 1.000000e+00.
  Objective value decreased by 2.729206e-03.
Newton iteration 25.
  Active set size = 289225.
  sub-gradient = 4.595814e-01, l1-norm of X = 1.580699e+03.
  Coordinate descent sweep 1. norm of D = 3.650886e-01, change in D = 3.650886e-01.
  Coordinate descent sweep 2. norm of D = 5.025878e-01, change in D = 3.602462e-01.
  Coordinate descent sweep 3. norm of D = 6.172396e-01, change in D = 3.368376e-01.
  Coordinate descent sweep 4. norm of D = 7.477475e-01, change in D = 3.506128e-01.
  Coordinate descent sweep 5. norm of D = 8.378495e-01, change in D = 3.269637e-01.
  Coordinate descent sweep 6. norm of D = 9.395914e-01, change in D = 3.174334e-01.
  Coordinate descent sweep 7. norm of D = 1.044319e+00, change in D = 3.107591e-01.
  Coordinate descent sweep 8. norm of D = 1.123788e+00, change in D = 2.998814e-01.
  Coordinate descent sweep 9. norm of D = 1.199223e+00, change in D = 2.887202e-01.
    Line search step size chosen: 1.000000e+00.
  Objective value decreased by 1.729393e-03.
Newton iteration 26.
  Active set size = 289221.
  sub-gradient = 2.706785e-01, l1-norm of X = 1.580756e+03.
  Coordinate descent sweep 1. norm of D = 2.735902e-01, change in D = 2.735902e-01.
  Coordinate descent sweep 2. norm of D = 3.800063e-01, change in D = 2.578114e-01.
  Coordinate descent sweep 3. norm of D = 4.730921e-01, change in D = 2.690530e-01.
  Coordinate descent sweep 4. norm of D = 5.542627e-01, change in D = 2.584871e-01.
  Coordinate descent sweep 5. norm of D = 6.258019e-01, change in D = 2.477469e-01.
  Coordinate descent sweep 6. norm of D = 6.927565e-01, change in D = 2.476814e-01.
  Coordinate descent sweep 7. norm of D = 7.544018e-01, change in D = 2.360267e-01.
  Coordinate descent sweep 8. norm of D = 8.280293e-01, change in D = 2.226255e-01.
  Coordinate descent sweep 9. norm of D = 8.820517e-01, change in D = 2.176892e-01.
    Line search step size chosen: 1.000000e+00.
  Objective value decreased by 1.085699e-03.
Newton iteration 27.
  Active set size = 289220.
  sub-gradient = 1.877600e-01, l1-norm of X = 1.580798e+03.
  Coordinate descent sweep 1. norm of D = 2.060917e-01, change in D = 2.060917e-01.
  Coordinate descent sweep 2. norm of D = 2.891650e-01, change in D = 2.122927e-01.
  Coordinate descent sweep 3. norm of D = 3.594665e-01, change in D = 1.929618e-01.
  Coordinate descent sweep 4. norm of D = 4.138616e-01, change in D = 1.829648e-01.
  Coordinate descent sweep 5. norm of D = 4.829258e-01, change in D = 1.935179e-01.
  Coordinate descent sweep 6. norm of D = 5.293197e-01, change in D = 1.769726e-01.
  Coordinate descent sweep 7. norm of D = 5.716987e-01, change in D = 1.675604e-01.
  Coordinate descent sweep 8. norm of D = 6.293639e-01, change in D = 1.717214e-01.
  Coordinate descent sweep 9. norm of D = 6.905571e-01, change in D = 1.766659e-01.
  Coordinate descent sweep 10. norm of D = 7.337272e-01, change in D = 1.615439e-01.
    Line search step size chosen: 1.000000e+00.
  Objective value decreased by 7.690412e-04.
Newton iteration 28.
  Active set size = 289220.
  sub-gradient = 1.806984e-01, l1-norm of X = 1.580834e+03.
  Coordinate descent sweep 1. norm of D = 1.641415e-01, change in D = 1.641415e-01.
  Coordinate descent sweep 2. norm of D = 2.227374e-01, change in D = 1.498994e-01.
  Coordinate descent sweep 3. norm of D = 2.703083e-01, change in D = 1.496506e-01.
  Coordinate descent sweep 4. norm of D = 3.183590e-01, change in D = 1.516212e-01.
  Coordinate descent sweep 5. norm of D = 3.632290e-01, change in D = 1.434744e-01.
  Coordinate descent sweep 6. norm of D = 4.065918e-01, change in D = 1.378808e-01.
  Coordinate descent sweep 7. norm of D = 4.430992e-01, change in D = 1.383743e-01.
  Coordinate descent sweep 8. norm of D = 4.849182e-01, change in D = 1.434232e-01.
  Coordinate descent sweep 9. norm of D = 5.198371e-01, change in D = 1.303847e-01.
  Coordinate descent sweep 10. norm of D = 5.525791e-01, change in D = 1.208782e-01.
    Line search step size chosen: 1.000000e+00.
  Objective value decreased by 4.840609e-04.
Newton iteration 29.
  Active set size = 289219.
  sub-gradient = 1.688447e-01, l1-norm of X = 1.580862e+03.
  Coordinate descent sweep 1. norm of D = 1.208254e-01, change in D = 1.208254e-01.
  Coordinate descent sweep 2. norm of D = 1.687093e-01, change in D = 1.213762e-01.
  Coordinate descent sweep 3. norm of D = 2.107223e-01, change in D = 1.182963e-01.
  Coordinate descent sweep 4. norm of D = 2.452720e-01, change in D = 1.124500e-01.
  Coordinate descent sweep 5. norm of D = 2.832761e-01, change in D = 1.153846e-01.
  Coordinate descent sweep 6. norm of D = 3.172504e-01, change in D = 1.090344e-01.
  Coordinate descent sweep 7. norm of D = 3.446259e-01, change in D = 1.011664e-01.
  Coordinate descent sweep 8. norm of D = 3.802977e-01, change in D = 1.059230e-01.
  Coordinate descent sweep 9. norm of D = 4.137217e-01, change in D = 1.041557e-01.
  Coordinate descent sweep 10. norm of D = 4.425320e-01, change in D = 9.567549e-02.
    Line search step size chosen: 1.000000e+00.
  Objective value decreased by 3.489688e-04.
Newton iteration 30.
  Active set size = 289219.
  sub-gradient = 1.214140e-01, l1-norm of X = 1.580882e+03.
  Coordinate descent sweep 1. norm of D = 9.543648e-02, change in D = 9.543648e-02.
  Coordinate descent sweep 2. norm of D = 1.375279e-01, change in D = 9.197172e-02.
  Coordinate descent sweep 3. norm of D = 1.641286e-01, change in D = 8.662341e-02.
  Coordinate descent sweep 4. norm of D = 1.934317e-01, change in D = 8.408954e-02.
  Coordinate descent sweep 5. norm of D = 2.201434e-01, change in D = 7.929020e-02.
  Coordinate descent sweep 6. norm of D = 2.450606e-01, change in D = 7.689829e-02.
  Coordinate descent sweep 7. norm of D = 2.676022e-01, change in D = 8.017173e-02.
  Coordinate descent sweep 8. norm of D = 2.966549e-01, change in D = 8.183041e-02.
  Coordinate descent sweep 9. norm of D = 3.165857e-01, change in D = 7.829095e-02.
  Coordinate descent sweep 10. norm of D = 3.386285e-01, change in D = 7.369611e-02.
  Coordinate descent sweep 11. norm of D = 3.635635e-01, change in D = 7.244088e-02.
    Line search step size chosen: 1.000000e+00.
  Objective value decreased by 2.483311e-04.
QUIC CPU time: 30081.680 seconds
