[1] "/data/abattle4/prashanthi/recount3/data/vascular/GTEx/weighted_covariances/cov_3.rds"
[1] "Data read complete"
Running QUIC version 1.1 in 'default' mode.
Newton iteration 1.
  X is a diagonal matrix.
    Line search step size 1.000000e+00.  Lack of positive definiteness.
    Line search step size 5.000000e-01.  Lack of positive definiteness.
    Line search step size 2.500000e-01.  Lack of positive definiteness.
    Line search step size chosen: 1.250000e-01.
  Objective value decreased by 2.332903e+01.
Newton iteration 2.
  Active set size = 14326.
  sub-gradient = 3.835502e+02, l1-norm of X = 4.358269e+01.
  Coordinate descent sweep 1. norm of D = 3.115145e+02, change in D = 3.115145e+02.
    Line search step size 1.000000e+00.  Lack of positive definiteness.
    Line search step size 5.000000e-01.  Lack of positive definiteness.
    Line search step size chosen: 2.500000e-01.
  Objective value decreased by 2.083636e+01.
Newton iteration 3.
  Active set size = 14326.
  sub-gradient = 2.488186e+02, l1-norm of X = 9.708971e+01.
  Coordinate descent sweep 1. norm of D = 1.914692e+02, change in D = 1.914692e+02.
  Coordinate descent sweep 2. norm of D = 2.067393e+02, change in D = 4.993000e+01.
    Line search step size chosen: 1.000000e+00.
  Objective value decreased by 1.911999e+01.
Newton iteration 4.
  Active set size = 13645.
  sub-gradient = 1.188266e+02, l1-norm of X = 1.939748e+02.
  Coordinate descent sweep 1. norm of D = 4.911077e+01, change in D = 4.911077e+01.
  Coordinate descent sweep 2. norm of D = 5.794692e+01, change in D = 2.471122e+01.
    Line search step size chosen: 1.000000e+00.
  Objective value decreased by 2.220827e+00.
Newton iteration 5.
  Active set size = 13501.
  sub-gradient = 2.361449e+01, l1-norm of X = 1.965398e+02.
  Coordinate descent sweep 1. norm of D = 1.790926e+01, change in D = 1.790926e+01.
  Coordinate descent sweep 2. norm of D = 2.468687e+01, change in D = 1.100271e+01.
    Line search step size chosen: 1.000000e+00.
  Objective value decreased by 4.969036e-01.
Newton iteration 6.
  Active set size = 13453.
  sub-gradient = 8.404485e+00, l1-norm of X = 1.995429e+02.
  Coordinate descent sweep 1. norm of D = 7.579073e+00, change in D = 7.579073e+00.
  Coordinate descent sweep 2. norm of D = 1.084897e+01, change in D = 5.217397e+00.
  Coordinate descent sweep 3. norm of D = 1.310264e+01, change in D = 3.557500e+00.
    Line search step size chosen: 1.000000e+00.
  Objective value decreased by 1.637555e-01.
Newton iteration 7.
  Active set size = 13439.
  sub-gradient = 2.805416e+00, l1-norm of X = 2.016876e+02.
  Coordinate descent sweep 1. norm of D = 2.798414e+00, change in D = 2.798414e+00.
  Coordinate descent sweep 2. norm of D = 4.139375e+00, change in D = 2.104137e+00.
  Coordinate descent sweep 3. norm of D = 4.996829e+00, change in D = 1.441854e+00.
    Line search step size chosen: 1.000000e+00.
  Objective value decreased by 3.289949e-02.
Newton iteration 8.
  Active set size = 13429.
  sub-gradient = 1.290660e+00, l1-norm of X = 2.025677e+02.
  Coordinate descent sweep 1. norm of D = 1.118718e+00, change in D = 1.118718e+00.
  Coordinate descent sweep 2. norm of D = 1.637421e+00, change in D = 8.710289e-01.
  Coordinate descent sweep 3. norm of D = 2.057401e+00, change in D = 6.803989e-01.
    Line search step size chosen: 1.000000e+00.
  Objective value decreased by 6.645425e-03.
Newton iteration 9.
  Active set size = 13428.
  sub-gradient = 5.349747e-01, l1-norm of X = 2.029066e+02.
  Coordinate descent sweep 1. norm of D = 5.094969e-01, change in D = 5.094969e-01.
  Coordinate descent sweep 2. norm of D = 7.601070e-01, change in D = 3.995348e-01.
  Coordinate descent sweep 3. norm of D = 9.291058e-01, change in D = 2.952627e-01.
  Coordinate descent sweep 4. norm of D = 1.070304e+00, change in D = 2.382659e-01.
    Line search step size chosen: 1.000000e+00.
  Objective value decreased by 1.785640e-03.
Newton iteration 10.
  Active set size = 13426.
  sub-gradient = 1.971617e-01, l1-norm of X = 2.030843e+02.
  Coordinate descent sweep 1. norm of D = 1.811258e-01, change in D = 1.811258e-01.
  Coordinate descent sweep 2. norm of D = 2.723074e-01, change in D = 1.435041e-01.
  Coordinate descent sweep 3. norm of D = 3.411986e-01, change in D = 1.116411e-01.
  Coordinate descent sweep 4. norm of D = 3.852986e-01, change in D = 8.147134e-02.
    Line search step size chosen: 1.000000e+00.
  Objective value decreased by 2.800606e-04.
Newton iteration 11.
  Active set size = 13426.
  sub-gradient = 7.337160e-02, l1-norm of X = 2.031453e+02.
  Coordinate descent sweep 1. norm of D = 7.095464e-02, change in D = 7.095464e-02.
  Coordinate descent sweep 2. norm of D = 1.058660e-01, change in D = 5.529275e-02.
  Coordinate descent sweep 3. norm of D = 1.312392e-01, change in D = 4.195243e-02.
  Coordinate descent sweep 4. norm of D = 1.492469e-01, change in D = 3.183770e-02.
    Line search step size chosen: 1.000000e+00.
  Objective value decreased by 5.696318e-05.
Newton iteration 12.
  Active set size = 13426.
  sub-gradient = 2.858338e-02, l1-norm of X = 2.031689e+02.
  Coordinate descent sweep 1. norm of D = 2.636312e-02, change in D = 2.636312e-02.
  Coordinate descent sweep 2. norm of D = 3.929932e-02, change in D = 2.077834e-02.
  Coordinate descent sweep 3. norm of D = 4.926709e-02, change in D = 1.634838e-02.
  Coordinate descent sweep 4. norm of D = 5.678195e-02, change in D = 1.267908e-02.
  Coordinate descent sweep 5. norm of D = 6.343846e-02, change in D = 1.026629e-02.
    Line search step size chosen: 1.000000e+00.
  Objective value decreased by 9.441013e-06.
Newton iteration 13.
  Active set size = 13425.
  sub-gradient = 7.927053e-03, l1-norm of X = 2.031787e+02.
  Coordinate descent sweep 1. norm of D = 8.056324e-03, change in D = 8.056324e-03.
  Coordinate descent sweep 2. norm of D = 1.292671e-02, change in D = 7.264873e-03.
  Coordinate descent sweep 3. norm of D = 1.631866e-02, change in D = 5.186960e-03.
  Coordinate descent sweep 4. norm of D = 1.881090e-02, change in D = 4.136868e-03.
  Coordinate descent sweep 5. norm of D = 2.073888e-02, change in D = 3.213995e-03.
    Line search step size chosen: 1.000000e+00.
  Objective value decreased by 1.193712e-06.
QUIC CPU time: 9835.134 seconds
