[1] "/work-zfs/abattle4/prashanthi/recount3/data/vascular/GTEx/weighted_covariances/cov_3.rds"
[1] "Data read complete"
Running QUIC version 1.1 in 'default' mode.
Newton iteration 1.
  X is a diagonal matrix.
    Line search step size 1.000000e+00.  Lack of positive definiteness.
    Line search step size 5.000000e-01.  Lack of positive definiteness.
    Line search step size chosen: 2.500000e-01.
  Objective value decreased by 1.625463e+01.
Newton iteration 2.
  Active set size = 11848.
  sub-gradient = 1.318914e+02, l1-norm of X = 4.531030e+01.
  Coordinate descent sweep 1. norm of D = 1.011258e+02, change in D = 1.011258e+02.
    Line search step size chosen: 1.000000e+00.
  Objective value decreased by 7.170136e+00.
Newton iteration 3.
  Active set size = 11733.
  sub-gradient = 2.313985e+02, l1-norm of X = 1.215945e+02.
  Coordinate descent sweep 1. norm of D = 3.801911e+01, change in D = 3.801911e+01.
  Coordinate descent sweep 2. norm of D = 3.933620e+01, change in D = 1.623764e+01.
    Line search step size chosen: 1.000000e+00.
  Objective value decreased by 4.132598e+00.
Newton iteration 4.
  Active set size = 11644.
  sub-gradient = 7.481323e+01, l1-norm of X = 1.188946e+02.
  Coordinate descent sweep 1. norm of D = 1.820944e+01, change in D = 1.820944e+01.
  Coordinate descent sweep 2. norm of D = 1.990669e+01, change in D = 9.265956e+00.
    Line search step size chosen: 1.000000e+00.
  Objective value decreased by 1.146193e+00.
Newton iteration 5.
  Active set size = 11600.
  sub-gradient = 1.928552e+01, l1-norm of X = 1.174304e+02.
  Coordinate descent sweep 1. norm of D = 7.207643e+00, change in D = 7.207643e+00.
  Coordinate descent sweep 2. norm of D = 8.928866e+00, change in D = 4.008604e+00.
    Line search step size chosen: 1.000000e+00.
  Objective value decreased by 2.077849e-01.
Newton iteration 6.
  Active set size = 11590.
  sub-gradient = 5.067986e+00, l1-norm of X = 1.175489e+02.
  Coordinate descent sweep 1. norm of D = 2.909291e+00, change in D = 2.909291e+00.
  Coordinate descent sweep 2. norm of D = 3.734514e+00, change in D = 1.685888e+00.
  Coordinate descent sweep 3. norm of D = 4.227982e+00, change in D = 9.171130e-01.
    Line search step size chosen: 1.000000e+00.
  Objective value decreased by 4.984653e-02.
Newton iteration 7.
  Active set size = 11586.
  sub-gradient = 8.470346e-01, l1-norm of X = 1.179261e+02.
  Coordinate descent sweep 1. norm of D = 6.473350e-01, change in D = 6.473350e-01.
  Coordinate descent sweep 2. norm of D = 9.025868e-01, change in D = 4.327578e-01.
  Coordinate descent sweep 3. norm of D = 1.050630e+00, change in D = 2.540580e-01.
    Line search step size chosen: 1.000000e+00.
  Objective value decreased by 3.658148e-03.
Newton iteration 8.
  Active set size = 11587.
  sub-gradient = 2.009100e-01, l1-norm of X = 1.180785e+02.
  Coordinate descent sweep 1. norm of D = 1.911608e-01, change in D = 1.911608e-01.
  Coordinate descent sweep 2. norm of D = 2.565323e-01, change in D = 1.156948e-01.
  Coordinate descent sweep 3. norm of D = 2.942336e-01, change in D = 7.973417e-02.
    Line search step size chosen: 1.000000e+00.
  Objective value decreased by 3.691192e-04.
Newton iteration 9.
  Active set size = 11587.
  sub-gradient = 5.292296e-02, l1-norm of X = 1.181131e+02.
  Coordinate descent sweep 1. norm of D = 5.795989e-02, change in D = 5.795989e-02.
  Coordinate descent sweep 2. norm of D = 7.796721e-02, change in D = 3.432413e-02.
  Coordinate descent sweep 3. norm of D = 9.100759e-02, change in D = 2.257979e-02.
  Coordinate descent sweep 4. norm of D = 1.007950e-01, change in D = 1.599123e-02.
    Line search step size chosen: 1.000000e+00.
  Objective value decreased by 3.939211e-05.
Newton iteration 10.
  Active set size = 11588.
  sub-gradient = 1.213199e-02, l1-norm of X = 1.181313e+02.
  Coordinate descent sweep 1. norm of D = 1.118145e-02, change in D = 1.118145e-02.
  Coordinate descent sweep 2. norm of D = 1.556838e-02, change in D = 7.521508e-03.
  Coordinate descent sweep 3. norm of D = 1.823390e-02, change in D = 4.612973e-03.
  Coordinate descent sweep 4. norm of D = 2.025658e-02, change in D = 3.619687e-03.
    Line search step size chosen: 1.000000e+00.
  Objective value decreased by 1.818840e-06.
Newton iteration 11.
  Active set size = 11587.
  sub-gradient = 2.391442e-03, l1-norm of X = 1.181345e+02.
  Coordinate descent sweep 1. norm of D = 2.242891e-03, change in D = 2.242891e-03.
  Coordinate descent sweep 2. norm of D = 3.257826e-03, change in D = 1.525730e-03.
  Coordinate descent sweep 3. norm of D = 3.815310e-03, change in D = 1.023921e-03.
  Coordinate descent sweep 4. norm of D = 4.196026e-03, change in D = 7.774208e-04.
    Line search step size chosen: 1.000000e+00.
  Objective value decreased by 8.082316e-08.
QUIC CPU time: 4570.620 seconds
