[1] "/work-zfs/abattle4/prashanthi/recount3/data/vascular/GTEx/weighted_covariances/cov_3.rds"
[1] "Data read complete"
Running QUIC version 1.1 in 'default' mode.
Newton iteration 1.
  X is a diagonal matrix.
    Line search step size 1.000000e+00.  Lack of positive definiteness.
    Line search step size chosen: 5.000000e-01.
  Objective value decreased by 4.047468e+00.
Newton iteration 2.
  Active set size = 10624.
  sub-gradient = 1.381380e+02, l1-norm of X = 2.927042e+01.
  Coordinate descent sweep 1. norm of D = 1.856756e+01, change in D = 1.856756e+01.
    Line search step size chosen: 1.000000e+00.
  Objective value decreased by 1.543513e+00.
Newton iteration 3.
  Active set size = 10598.
  sub-gradient = 6.131169e+01, l1-norm of X = 4.352956e+01.
  Coordinate descent sweep 1. norm of D = 6.076916e+00, change in D = 6.076916e+00.
  Coordinate descent sweep 2. norm of D = 7.153848e+00, change in D = 1.932063e+00.
    Line search step size chosen: 1.000000e+00.
  Objective value decreased by 5.446969e-01.
Newton iteration 4.
  Active set size = 10587.
  sub-gradient = 2.459239e+01, l1-norm of X = 4.457466e+01.
  Coordinate descent sweep 1. norm of D = 2.118597e+00, change in D = 2.118597e+00.
  Coordinate descent sweep 2. norm of D = 2.473470e+00, change in D = 1.003475e+00.
    Line search step size chosen: 1.000000e+00.
  Objective value decreased by 2.757108e-01.
Newton iteration 5.
  Active set size = 10583.
  sub-gradient = 8.576172e+00, l1-norm of X = 4.468427e+01.
  Coordinate descent sweep 1. norm of D = 1.251218e+00, change in D = 1.251218e+00.
  Coordinate descent sweep 2. norm of D = 1.464319e+00, change in D = 6.050340e-01.
    Line search step size chosen: 1.000000e+00.
  Objective value decreased by 9.852359e-02.
Newton iteration 6.
  Active set size = 10584.
  sub-gradient = 2.575055e+00, l1-norm of X = 4.455733e+01.
  Coordinate descent sweep 1. norm of D = 7.403452e-01, change in D = 7.403452e-01.
  Coordinate descent sweep 2. norm of D = 8.193599e-01, change in D = 3.950041e-01.
  Coordinate descent sweep 3. norm of D = 8.368955e-01, change in D = 2.017744e-01.
    Line search step size chosen: 1.000000e+00.
  Objective value decreased by 2.519458e-02.
Newton iteration 7.
  Active set size = 10584.
  sub-gradient = 3.600860e-01, l1-norm of X = 4.445756e+01.
  Coordinate descent sweep 1. norm of D = 1.655400e-01, change in D = 1.655400e-01.
  Coordinate descent sweep 2. norm of D = 1.865254e-01, change in D = 7.835565e-02.
  Coordinate descent sweep 3. norm of D = 1.943116e-01, change in D = 4.340538e-02.
    Line search step size chosen: 1.000000e+00.
  Objective value decreased by 1.018270e-03.
Newton iteration 8.
  Active set size = 10584.
  sub-gradient = 2.648017e-02, l1-norm of X = 4.443579e+01.
  Coordinate descent sweep 1. norm of D = 2.382505e-02, change in D = 2.382505e-02.
  Coordinate descent sweep 2. norm of D = 3.122437e-02, change in D = 1.292446e-02.
  Coordinate descent sweep 3. norm of D = 3.599455e-02, change in D = 7.570983e-03.
    Line search step size chosen: 1.000000e+00.
  Objective value decreased by 2.499504e-05.
Newton iteration 9.
  Active set size = 10584.
  sub-gradient = 5.580020e-03, l1-norm of X = 4.443981e+01.
  Coordinate descent sweep 1. norm of D = 3.288302e-03, change in D = 3.288302e-03.
  Coordinate descent sweep 2. norm of D = 4.226699e-03, change in D = 1.776152e-03.
  Coordinate descent sweep 3. norm of D = 4.454508e-03, change in D = 7.499016e-04.
  Coordinate descent sweep 4. norm of D = 4.730889e-03, change in D = 5.267371e-04.
    Line search step size chosen: 1.000000e+00.
  Objective value decreased by 3.892110e-07.
Newton iteration 10.
  Active set size = 10584.
  sub-gradient = 1.958971e-04, l1-norm of X = 4.444052e+01.
  Coordinate descent sweep 1. norm of D = 2.263024e-04, change in D = 2.263024e-04.
  Coordinate descent sweep 2. norm of D = 2.965853e-04, change in D = 1.269369e-04.
  Coordinate descent sweep 3. norm of D = 3.267977e-04, change in D = 4.596602e-05.
  Coordinate descent sweep 4. norm of D = 3.462806e-04, change in D = 2.559921e-05.
    Line search step size chosen: 1.000000e+00.
  Objective value decreased by 2.342858e-09.
QUIC CPU time: 4175.960 seconds
