[1] "/work-zfs/abattle4/prashanthi/recount3/data/vascular/GTEx/weighted_covariances/cov_3.rds"
[1] "Data read complete"
Running QUIC version 1.1 in 'default' mode.
Newton iteration 1.
  X is a diagonal matrix.
    Line search step size chosen: 1.000000e+00.
  Objective value decreased by 1.930472e-03.
Newton iteration 2.
  Active set size = 10192.
  sub-gradient = 5.926092e-03, l1-norm of X = 1.584134e-01.
  Coordinate descent sweep 1. norm of D = 5.680371e-03, change in D = 5.680371e-03.
    Line search step size chosen: 1.000000e+00.
  Objective value decreased by 3.534757e-06.
Newton iteration 3.
  Active set size = 10192.
  sub-gradient = 2.370330e-04, l1-norm of X = 1.548957e-01.
  Coordinate descent sweep 1. norm of D = 2.456143e-04, change in D = 2.456143e-04.
  Coordinate descent sweep 2. norm of D = 2.395581e-04, change in D = 6.843257e-06.
    Line search step size chosen: 1.000000e+00.
  Objective value decreased by 1.609442e-08.
Newton iteration 4.
  Active set size = 10192.
  sub-gradient = 1.289901e-07, l1-norm of X = 1.552725e-01.
  Coordinate descent sweep 1. norm of D = 1.331652e-07, change in D = 1.331652e-07.
  Coordinate descent sweep 2. norm of D = 1.355226e-07, change in D = 2.753186e-09.
    Line search step size chosen: 1.000000e+00.
  Objective value decreased by 0.000000e+00.
QUIC CPU time: 2169.320 seconds
