[1] "GTEx"       "40"         "unweighted" "0.10"      
[1] "Data read complete"
Running QUIC version 1.1 in 'default' mode.
Newton iteration 1.
  X is a diagonal matrix.
    Line search step size 1.000000e+00.  Lack of positive definiteness.
    Line search step size 5.000000e-01.  Lack of positive definiteness.
    Line search step size 2.500000e-01.  Lack of positive definiteness.
    Line search step size 1.250000e-01.  Lack of positive definiteness.
    Line search step size chosen: 6.250000e-02.
  Objective value decreased by 8.900313e+01.
Newton iteration 2.
  Active set size = 228838.
  sub-gradient = 6.521081e+03, l1-norm of X = 9.436345e+01.
  Coordinate descent sweep 1. norm of D = 4.848053e+03, change in D = 4.848053e+03.
    Line search step size 1.000000e+00.  Lack of positive definiteness.
    Line search step size 5.000000e-01.  Lack of positive definiteness.
    Line search step size 2.500000e-01.  Lack of positive definiteness.
    Line search step size chosen: 1.250000e-01.
  Objective value decreased by 7.927833e+01.
Newton iteration 3.
  Active set size = 229640.
  sub-gradient = 4.842039e+03, l1-norm of X = 2.109708e+02.
  Coordinate descent sweep 1. norm of D = 2.901057e+03, change in D = 2.901057e+03.
  Coordinate descent sweep 2. norm of D = 2.690131e+03, change in D = 6.076405e+02.
    Line search step size 1.000000e+00.  Lack of positive definiteness.
    Line search step size 5.000000e-01.  Lack of positive definiteness.
    Line search step size chosen: 2.500000e-01.
  Objective value decreased by 5.924409e+01.
Newton iteration 4.
  Active set size = 230068.
  sub-gradient = 3.567844e+03, l1-norm of X = 3.156318e+02.
  Coordinate descent sweep 1. norm of D = 1.819622e+03, change in D = 1.819622e+03.
  Coordinate descent sweep 2. norm of D = 1.794017e+03, change in D = 4.757153e+02.
    Line search step size 1.000000e+00.  Lack of positive definiteness.
    Line search step size chosen: 5.000000e-01.
  Objective value decreased by 4.822195e+01.
Newton iteration 5.
  Active set size = 232192.
  sub-gradient = 2.694126e+03, l1-norm of X = 4.270907e+02.
  Coordinate descent sweep 1. norm of D = 8.424937e+02, change in D = 8.424937e+02.
  Coordinate descent sweep 2. norm of D = 9.323415e+02, change in D = 2.669937e+02.
    Line search step size chosen: 1.000000e+00.
  Objective value decreased by 2.257243e+01.
Newton iteration 6.
  Active set size = 130078.
  sub-gradient = 3.097951e+02, l1-norm of X = 5.038483e+02.
  Coordinate descent sweep 1. norm of D = 1.616155e+02, change in D = 1.616155e+02.
  Coordinate descent sweep 2. norm of D = 1.961817e+02, change in D = 9.453009e+01.
  Coordinate descent sweep 3. norm of D = 2.165495e+02, change in D = 5.635893e+01.
    Line search step size chosen: 1.000000e+00.
  Objective value decreased by 3.764999e+00.
Newton iteration 7.
  Active set size = 125984.
  sub-gradient = 6.124144e+01, l1-norm of X = 5.111228e+02.
  Coordinate descent sweep 1. norm of D = 4.404148e+01, change in D = 4.404148e+01.
  Coordinate descent sweep 2. norm of D = 5.647523e+01, change in D = 3.299472e+01.
  Coordinate descent sweep 3. norm of D = 6.510880e+01, change in D = 2.477191e+01.
    Line search step size chosen: 1.000000e+00.
  Objective value decreased by 9.634487e-01.
Newton iteration 8.
  Active set size = 125556.
  sub-gradient = 2.171798e+01, l1-norm of X = 5.133087e+02.
  Coordinate descent sweep 1. norm of D = 2.062802e+01, change in D = 2.062802e+01.
  Coordinate descent sweep 2. norm of D = 2.645024e+01, change in D = 1.663684e+01.
  Coordinate descent sweep 3. norm of D = 3.070659e+01, change in D = 1.379237e+01.
    Line search step size chosen: 1.000000e+00.
  Objective value decreased by 3.918792e-01.
Newton iteration 9.
  Active set size = 125356.
  sub-gradient = 1.284666e+01, l1-norm of X = 5.141641e+02.
  Coordinate descent sweep 1. norm of D = 1.217511e+01, change in D = 1.217511e+01.
  Coordinate descent sweep 2. norm of D = 1.546252e+01, change in D = 1.025408e+01.
  Coordinate descent sweep 3. norm of D = 1.805858e+01, change in D = 8.904938e+00.
  Coordinate descent sweep 4. norm of D = 2.023577e+01, change in D = 7.723549e+00.
    Line search step size chosen: 1.000000e+00.
  Objective value decreased by 2.596816e-01.
Newton iteration 10.
  Active set size = 125246.
  sub-gradient = 7.563056e+00, l1-norm of X = 5.147935e+02.
  Coordinate descent sweep 1. norm of D = 6.742037e+00, change in D = 6.742037e+00.
  Coordinate descent sweep 2. norm of D = 8.830938e+00, change in D = 5.793288e+00.
  Coordinate descent sweep 3. norm of D = 1.041523e+01, change in D = 5.384535e+00.
  Coordinate descent sweep 4. norm of D = 1.180466e+01, change in D = 5.001731e+00.
    Line search step size chosen: 1.000000e+00.
  Objective value decreased by 1.405539e-01.
Newton iteration 11.
  Active set size = 125229.
  sub-gradient = 3.933403e+00, l1-norm of X = 5.151199e+02.
  Coordinate descent sweep 1. norm of D = 4.289581e+00, change in D = 4.289581e+00.
  Coordinate descent sweep 2. norm of D = 5.848000e+00, change in D = 3.927693e+00.
  Coordinate descent sweep 3. norm of D = 6.879064e+00, change in D = 3.597664e+00.
  Coordinate descent sweep 4. norm of D = 7.675365e+00, change in D = 3.244027e+00.
    Line search step size chosen: 1.000000e+00.
  Objective value decreased by 8.255231e-02.
Newton iteration 12.
  Active set size = 125202.
  sub-gradient = 2.990054e+00, l1-norm of X = 5.153252e+02.
  Coordinate descent sweep 1. norm of D = 3.025764e+00, change in D = 3.025764e+00.
  Coordinate descent sweep 2. norm of D = 4.002558e+00, change in D = 2.796009e+00.
  Coordinate descent sweep 3. norm of D = 4.656493e+00, change in D = 2.466653e+00.
  Coordinate descent sweep 4. norm of D = 5.232978e+00, change in D = 2.470403e+00.
  Coordinate descent sweep 5. norm of D = 5.747298e+00, change in D = 2.103550e+00.
    Line search step size chosen: 1.000000e+00.
  Objective value decreased by 6.135638e-02.
Newton iteration 13.
  Active set size = 125232.
  sub-gradient = 3.823621e+00, l1-norm of X = 5.155007e+02.
  Coordinate descent sweep 1. norm of D = 2.063016e+00, change in D = 2.063016e+00.
  Coordinate descent sweep 2. norm of D = 2.741044e+00, change in D = 2.066185e+00.
  Coordinate descent sweep 3. norm of D = 3.233717e+00, change in D = 1.837565e+00.
  Coordinate descent sweep 4. norm of D = 3.560064e+00, change in D = 1.608778e+00.
  Coordinate descent sweep 5. norm of D = 4.007246e+00, change in D = 1.594090e+00.
    Line search step size chosen: 1.000000e+00.
  Objective value decreased by 3.828610e-02.
Newton iteration 14.
  Active set size = 125176.
  sub-gradient = 1.451841e+00, l1-norm of X = 5.156372e+02.
  Coordinate descent sweep 1. norm of D = 1.501894e+00, change in D = 1.501894e+00.
  Coordinate descent sweep 2. norm of D = 2.105015e+00, change in D = 1.390560e+00.
  Coordinate descent sweep 3. norm of D = 2.531852e+00, change in D = 1.331524e+00.
  Coordinate descent sweep 4. norm of D = 2.802677e+00, change in D = 1.164238e+00.
  Coordinate descent sweep 5. norm of D = 3.137838e+00, change in D = 1.199095e+00.
    Line search step size chosen: 1.000000e+00.
  Objective value decreased by 2.910672e-02.
Newton iteration 15.
  Active set size = 125157.
  sub-gradient = 9.194889e-01, l1-norm of X = 5.157384e+02.
  Coordinate descent sweep 1. norm of D = 1.048135e+00, change in D = 1.048135e+00.
  Coordinate descent sweep 2. norm of D = 1.493767e+00, change in D = 1.087854e+00.
  Coordinate descent sweep 3. norm of D = 1.766803e+00, change in D = 1.046133e+00.
  Coordinate descent sweep 4. norm of D = 2.009249e+00, change in D = 9.736249e-01.
  Coordinate descent sweep 5. norm of D = 2.168879e+00, change in D = 9.469097e-01.
  Coordinate descent sweep 6. norm of D = 2.415373e+00, change in D = 9.575821e-01.
    Line search step size chosen: 1.000000e+00.
  Objective value decreased by 2.081707e-02.
Newton iteration 16.
  Active set size = 125160.
  sub-gradient = 9.127413e-01, l1-norm of X = 5.158202e+02.
  Coordinate descent sweep 1. norm of D = 8.728687e-01, change in D = 8.728687e-01.
  Coordinate descent sweep 2. norm of D = 1.182280e+00, change in D = 8.289640e-01.
  Coordinate descent sweep 3. norm of D = 1.397073e+00, change in D = 8.064564e-01.
  Coordinate descent sweep 4. norm of D = 1.548762e+00, change in D = 7.272554e-01.
  Coordinate descent sweep 5. norm of D = 1.746372e+00, change in D = 7.189519e-01.
  Coordinate descent sweep 6. norm of D = 1.879764e+00, change in D = 6.300661e-01.
    Line search step size chosen: 1.000000e+00.
  Objective value decreased by 1.375066e-02.
Newton iteration 17.
  Active set size = 125154.
  sub-gradient = 7.791249e-01, l1-norm of X = 5.158883e+02.
  Coordinate descent sweep 1. norm of D = 6.058967e-01, change in D = 6.058967e-01.
  Coordinate descent sweep 2. norm of D = 8.670869e-01, change in D = 6.448317e-01.
  Coordinate descent sweep 3. norm of D = 1.045255e+00, change in D = 6.118553e-01.
  Coordinate descent sweep 4. norm of D = 1.213301e+00, change in D = 6.301071e-01.
  Coordinate descent sweep 5. norm of D = 1.353718e+00, change in D = 5.649158e-01.
  Coordinate descent sweep 6. norm of D = 1.489119e+00, change in D = 4.958914e-01.
    Line search step size chosen: 1.000000e+00.
  Objective value decreased by 1.077957e-02.
Newton iteration 18.
  Active set size = 125148.
  sub-gradient = 5.989588e-01, l1-norm of X = 5.159423e+02.
  Coordinate descent sweep 1. norm of D = 4.876676e-01, change in D = 4.876676e-01.
  Coordinate descent sweep 2. norm of D = 6.873547e-01, change in D = 5.070287e-01.
  Coordinate descent sweep 3. norm of D = 8.497191e-01, change in D = 4.971732e-01.
  Coordinate descent sweep 4. norm of D = 9.957980e-01, change in D = 5.099840e-01.
  Coordinate descent sweep 5. norm of D = 1.119600e+00, change in D = 4.921643e-01.
  Coordinate descent sweep 6. norm of D = 1.230940e+00, change in D = 4.544596e-01.
  Coordinate descent sweep 7. norm of D = 1.317604e+00, change in D = 4.536854e-01.
    Line search step size chosen: 1.000000e+00.
  Objective value decreased by 8.325260e-03.
Newton iteration 19.
  Active set size = 125150.
  sub-gradient = 3.471959e-01, l1-norm of X = 5.159903e+02.
  Coordinate descent sweep 1. norm of D = 3.678061e-01, change in D = 3.678061e-01.
  Coordinate descent sweep 2. norm of D = 5.319838e-01, change in D = 3.745973e-01.
  Coordinate descent sweep 3. norm of D = 7.001017e-01, change in D = 3.939118e-01.
  Coordinate descent sweep 4. norm of D = 7.982124e-01, change in D = 3.891970e-01.
  Coordinate descent sweep 5. norm of D = 9.167317e-01, change in D = 3.890264e-01.
  Coordinate descent sweep 6. norm of D = 9.696235e-01, change in D = 3.402532e-01.
  Coordinate descent sweep 7. norm of D = 1.030790e+00, change in D = 3.535245e-01.
    Line search step size chosen: 1.000000e+00.
  Objective value decreased by 6.195785e-03.
Newton iteration 20.
  Active set size = 125146.
  sub-gradient = 2.699969e-01, l1-norm of X = 5.160326e+02.
  Coordinate descent sweep 1. norm of D = 3.010018e-01, change in D = 3.010018e-01.
  Coordinate descent sweep 2. norm of D = 4.528769e-01, change in D = 3.232463e-01.
  Coordinate descent sweep 3. norm of D = 5.440340e-01, change in D = 2.900051e-01.
  Coordinate descent sweep 4. norm of D = 6.422916e-01, change in D = 2.781790e-01.
  Coordinate descent sweep 5. norm of D = 7.105215e-01, change in D = 2.488110e-01.
  Coordinate descent sweep 6. norm of D = 7.797200e-01, change in D = 2.830036e-01.
  Coordinate descent sweep 7. norm of D = 8.421311e-01, change in D = 2.801787e-01.
    Line search step size chosen: 1.000000e+00.
  Objective value decreased by 4.020695e-03.
Newton iteration 21.
  Active set size = 125146.
  sub-gradient = 2.246924e-01, l1-norm of X = 5.160668e+02.
  Coordinate descent sweep 1. norm of D = 2.709420e-01, change in D = 2.709420e-01.
  Coordinate descent sweep 2. norm of D = 3.661069e-01, change in D = 2.524791e-01.
  Coordinate descent sweep 3. norm of D = 4.518642e-01, change in D = 2.563566e-01.
  Coordinate descent sweep 4. norm of D = 4.985156e-01, change in D = 2.002548e-01.
  Coordinate descent sweep 5. norm of D = 5.736148e-01, change in D = 2.380508e-01.
  Coordinate descent sweep 6. norm of D = 6.693213e-01, change in D = 2.699159e-01.
  Coordinate descent sweep 7. norm of D = 7.041990e-01, change in D = 2.193154e-01.
  Coordinate descent sweep 8. norm of D = 7.580381e-01, change in D = 2.276648e-01.
    Line search step size chosen: 1.000000e+00.
  Objective value decreased by 3.378519e-03.
Newton iteration 22.
  Active set size = 125145.
  sub-gradient = 1.917079e-01, l1-norm of X = 5.160968e+02.
  Coordinate descent sweep 1. norm of D = 2.026817e-01, change in D = 2.026817e-01.
  Coordinate descent sweep 2. norm of D = 2.800023e-01, change in D = 2.202813e-01.
  Coordinate descent sweep 3. norm of D = 3.435085e-01, change in D = 1.985054e-01.
  Coordinate descent sweep 4. norm of D = 4.208234e-01, change in D = 2.181788e-01.
  Coordinate descent sweep 5. norm of D = 4.509677e-01, change in D = 1.907465e-01.
  Coordinate descent sweep 6. norm of D = 5.199306e-01, change in D = 2.057195e-01.
  Coordinate descent sweep 7. norm of D = 5.492156e-01, change in D = 1.681897e-01.
  Coordinate descent sweep 8. norm of D = 5.898900e-01, change in D = 1.649405e-01.
    Line search step size chosen: 1.000000e+00.
  Objective value decreased by 2.391068e-03.
Newton iteration 23.
  Active set size = 125144.
  sub-gradient = 1.374561e-01, l1-norm of X = 5.161204e+02.
  Coordinate descent sweep 1. norm of D = 1.572880e-01, change in D = 1.572880e-01.
  Coordinate descent sweep 2. norm of D = 2.327061e-01, change in D = 1.856597e-01.
  Coordinate descent sweep 3. norm of D = 2.851456e-01, change in D = 1.764813e-01.
  Coordinate descent sweep 4. norm of D = 3.369460e-01, change in D = 1.520846e-01.
  Coordinate descent sweep 5. norm of D = 3.749510e-01, change in D = 1.184212e-01.
  Coordinate descent sweep 6. norm of D = 4.228634e-01, change in D = 1.608894e-01.
  Coordinate descent sweep 7. norm of D = 4.478195e-01, change in D = 1.320661e-01.
  Coordinate descent sweep 8. norm of D = 4.999136e-01, change in D = 1.478435e-01.
    Line search step size chosen: 1.000000e+00.
  Objective value decreased by 1.765688e-03.
Newton iteration 24.
  Active set size = 125144.
  sub-gradient = 1.873467e-01, l1-norm of X = 5.161403e+02.
  Coordinate descent sweep 1. norm of D = 1.548460e-01, change in D = 1.548460e-01.
  Coordinate descent sweep 2. norm of D = 2.094502e-01, change in D = 1.401462e-01.
  Coordinate descent sweep 3. norm of D = 2.375631e-01, change in D = 1.314999e-01.
  Coordinate descent sweep 4. norm of D = 2.833123e-01, change in D = 1.360296e-01.
  Coordinate descent sweep 5. norm of D = 3.211526e-01, change in D = 1.362571e-01.
  Coordinate descent sweep 6. norm of D = 3.335086e-01, change in D = 1.086893e-01.
  Coordinate descent sweep 7. norm of D = 3.786932e-01, change in D = 1.203534e-01.
  Coordinate descent sweep 8. norm of D = 4.070766e-01, change in D = 1.170883e-01.
  Coordinate descent sweep 9. norm of D = 4.244683e-01, change in D = 1.076178e-01.
    Line search step size chosen: 1.000000e+00.
  Objective value decreased by 1.329644e-03.
Newton iteration 25.
  Active set size = 125142.
  sub-gradient = 1.189342e-01, l1-norm of X = 5.161592e+02.
  Coordinate descent sweep 1. norm of D = 1.264110e-01, change in D = 1.264110e-01.
  Coordinate descent sweep 2. norm of D = 1.551720e-01, change in D = 1.051607e-01.
  Coordinate descent sweep 3. norm of D = 1.944606e-01, change in D = 1.043744e-01.
  Coordinate descent sweep 4. norm of D = 2.351479e-01, change in D = 1.231291e-01.
  Coordinate descent sweep 5. norm of D = 2.467264e-01, change in D = 1.099236e-01.
  Coordinate descent sweep 6. norm of D = 2.836595e-01, change in D = 1.081860e-01.
  Coordinate descent sweep 7. norm of D = 3.123045e-01, change in D = 1.114367e-01.
  Coordinate descent sweep 8. norm of D = 3.293899e-01, change in D = 9.031212e-02.
  Coordinate descent sweep 9. norm of D = 3.711416e-01, change in D = 1.082863e-01.
    Line search step size chosen: 1.000000e+00.
  Objective value decreased by 9.987640e-04.
Newton iteration 26.
  Active set size = 125142.
  sub-gradient = 7.858367e-02, l1-norm of X = 5.161753e+02.
  Coordinate descent sweep 1. norm of D = 9.323221e-02, change in D = 9.323221e-02.
  Coordinate descent sweep 2. norm of D = 1.252422e-01, change in D = 8.006122e-02.
  Coordinate descent sweep 3. norm of D = 1.700506e-01, change in D = 1.024929e-01.
  Coordinate descent sweep 4. norm of D = 1.912591e-01, change in D = 9.106256e-02.
  Coordinate descent sweep 5. norm of D = 2.179685e-01, change in D = 9.149449e-02.
  Coordinate descent sweep 6. norm of D = 2.405102e-01, change in D = 9.009622e-02.
  Coordinate descent sweep 7. norm of D = 2.619424e-01, change in D = 9.016271e-02.
  Coordinate descent sweep 8. norm of D = 2.811072e-01, change in D = 9.179393e-02.
  Coordinate descent sweep 9. norm of D = 3.029576e-01, change in D = 8.376434e-02.
    Line search step size chosen: 1.000000e+00.
  Objective value decreased by 6.557328e-04.
Newton iteration 27.
  Active set size = 125142.
  sub-gradient = 7.724260e-02, l1-norm of X = 5.161875e+02.
  Coordinate descent sweep 1. norm of D = 8.431630e-02, change in D = 8.431630e-02.
  Coordinate descent sweep 2. norm of D = 1.086153e-01, change in D = 7.682629e-02.
  Coordinate descent sweep 3. norm of D = 1.443419e-01, change in D = 8.493311e-02.
  Coordinate descent sweep 4. norm of D = 1.596512e-01, change in D = 7.486719e-02.
  Coordinate descent sweep 5. norm of D = 1.788723e-01, change in D = 6.750632e-02.
  Coordinate descent sweep 6. norm of D = 1.956901e-01, change in D = 7.871200e-02.
  Coordinate descent sweep 7. norm of D = 2.165521e-01, change in D = 7.289192e-02.
  Coordinate descent sweep 8. norm of D = 2.354573e-01, change in D = 8.435303e-02.
  Coordinate descent sweep 9. norm of D = 2.524716e-01, change in D = 7.667548e-02.
  Coordinate descent sweep 10. norm of D = 2.613195e-01, change in D = 5.726151e-02.
    Line search step size chosen: 1.000000e+00.
  Objective value decreased by 5.311408e-04.
Newton iteration 28.
  Active set size = 125142.
  sub-gradient = 8.729103e-02, l1-norm of X = 5.161993e+02.
  Coordinate descent sweep 1. norm of D = 7.707166e-02, change in D = 7.707166e-02.
  Coordinate descent sweep 2. norm of D = 9.868165e-02, change in D = 7.578384e-02.
  Coordinate descent sweep 3. norm of D = 1.146569e-01, change in D = 6.637706e-02.
  Coordinate descent sweep 4. norm of D = 1.379671e-01, change in D = 6.666988e-02.
  Coordinate descent sweep 5. norm of D = 1.500613e-01, change in D = 6.145820e-02.
  Coordinate descent sweep 6. norm of D = 1.652407e-01, change in D = 6.087457e-02.
  Coordinate descent sweep 7. norm of D = 1.900298e-01, change in D = 6.512482e-02.
  Coordinate descent sweep 8. norm of D = 1.990549e-01, change in D = 6.218957e-02.
  Coordinate descent sweep 9. norm of D = 2.118010e-01, change in D = 5.747667e-02.
  Coordinate descent sweep 10. norm of D = 2.202605e-01, change in D = 5.193650e-02.
    Line search step size chosen: 1.000000e+00.
  Objective value decreased by 3.926471e-04.
Newton iteration 29.
  Active set size = 125142.
  sub-gradient = 6.692295e-02, l1-norm of X = 5.162088e+02.
  Coordinate descent sweep 1. norm of D = 5.640853e-02, change in D = 5.640853e-02.
  Coordinate descent sweep 2. norm of D = 7.144713e-02, change in D = 4.639248e-02.
  Coordinate descent sweep 3. norm of D = 8.954270e-02, change in D = 5.497081e-02.
  Coordinate descent sweep 4. norm of D = 1.065793e-01, change in D = 6.063623e-02.
  Coordinate descent sweep 5. norm of D = 1.208544e-01, change in D = 5.522128e-02.
  Coordinate descent sweep 6. norm of D = 1.333915e-01, change in D = 5.097098e-02.
  Coordinate descent sweep 7. norm of D = 1.383555e-01, change in D = 4.750177e-02.
  Coordinate descent sweep 8. norm of D = 1.515406e-01, change in D = 5.386172e-02.
  Coordinate descent sweep 9. norm of D = 1.655119e-01, change in D = 5.254863e-02.
  Coordinate descent sweep 10. norm of D = 1.765031e-01, change in D = 5.512119e-02.
    Line search step size chosen: 1.000000e+00.
  Objective value decreased by 2.601089e-04.
Newton iteration 30.
  Active set size = 125141.
  sub-gradient = 4.158223e-02, l1-norm of X = 5.162166e+02.
  Coordinate descent sweep 1. norm of D = 4.393524e-02, change in D = 4.393524e-02.
  Coordinate descent sweep 2. norm of D = 6.801375e-02, change in D = 5.089385e-02.
  Coordinate descent sweep 3. norm of D = 7.928501e-02, change in D = 5.049787e-02.
  Coordinate descent sweep 4. norm of D = 9.028313e-02, change in D = 4.410580e-02.
  Coordinate descent sweep 5. norm of D = 1.017107e-01, change in D = 4.607613e-02.
  Coordinate descent sweep 6. norm of D = 1.102463e-01, change in D = 4.440532e-02.
  Coordinate descent sweep 7. norm of D = 1.222329e-01, change in D = 4.121161e-02.
  Coordinate descent sweep 8. norm of D = 1.331970e-01, change in D = 3.998703e-02.
  Coordinate descent sweep 9. norm of D = 1.384246e-01, change in D = 4.021081e-02.
  Coordinate descent sweep 10. norm of D = 1.501348e-01, change in D = 4.498521e-02.
  Coordinate descent sweep 11. norm of D = 1.589235e-01, change in D = 3.902611e-02.
    Line search step size chosen: 1.000000e+00.
  Objective value decreased by 1.897961e-04.
QUIC CPU time: 5005.620 seconds
