[1] "GTEx"       "40"         "unweighted" "0.34"      
[1] "Data read complete"
Running QUIC version 1.1 in 'default' mode.
Newton iteration 1.
  X is a diagonal matrix.
    Line search step size 1.000000e+00.  Lack of positive definiteness.
    Line search step size 5.000000e-01.  Lack of positive definiteness.
    Line search step size 2.500000e-01.  Lack of positive definiteness.
    Line search step size chosen: 1.250000e-01.
  Objective value decreased by 7.747094e+00.
Newton iteration 2.
  Active set size = 8026.
  sub-gradient = 1.659478e+02, l1-norm of X = 1.699913e+01.
  Coordinate descent sweep 1. norm of D = 1.263001e+02, change in D = 1.263001e+02.
    Line search step size 1.000000e+00.  Lack of positive definiteness.
    Line search step size chosen: 5.000000e-01.
  Objective value decreased by 7.721785e+00.
Newton iteration 3.
  Active set size = 8099.
  sub-gradient = 1.572413e+03, l1-norm of X = 5.645714e+01.
  Coordinate descent sweep 1. norm of D = 4.167050e+01, change in D = 4.167050e+01.
  Coordinate descent sweep 2. norm of D = 4.960784e+01, change in D = 1.581111e+01.
    Line search step size chosen: 1.000000e+00.
  Objective value decreased by 3.976214e+00.
Newton iteration 4.
  Active set size = 7671.
  sub-gradient = 6.657109e+02, l1-norm of X = 6.759036e+01.
  Coordinate descent sweep 1. norm of D = 1.569858e+01, change in D = 1.569858e+01.
  Coordinate descent sweep 2. norm of D = 1.910640e+01, change in D = 8.382343e+00.
    Line search step size chosen: 1.000000e+00.
  Objective value decreased by 1.197913e+00.
Newton iteration 5.
  Active set size = 7530.
  sub-gradient = 2.888075e+02, l1-norm of X = 6.910787e+01.
  Coordinate descent sweep 1. norm of D = 8.098363e+00, change in D = 8.098363e+00.
  Coordinate descent sweep 2. norm of D = 1.023949e+01, change in D = 5.214849e+00.
    Line search step size chosen: 1.000000e+00.
  Objective value decreased by 6.362666e-01.
Newton iteration 6.
  Active set size = 7478.
  sub-gradient = 1.204592e+02, l1-norm of X = 6.963467e+01.
  Coordinate descent sweep 1. norm of D = 5.806560e+00, change in D = 5.806560e+00.
  Coordinate descent sweep 2. norm of D = 6.961377e+00, change in D = 3.530290e+00.
  Coordinate descent sweep 3. norm of D = 7.889878e+00, change in D = 2.543061e+00.
    Line search step size chosen: 1.000000e+00.
  Objective value decreased by 4.347587e-01.
Newton iteration 7.
  Active set size = 7446.
  sub-gradient = 4.450535e+01, l1-norm of X = 7.010519e+01.
  Coordinate descent sweep 1. norm of D = 3.451285e+00, change in D = 3.451285e+00.
  Coordinate descent sweep 2. norm of D = 3.840249e+00, change in D = 2.334320e+00.
  Coordinate descent sweep 3. norm of D = 4.278684e+00, change in D = 1.512536e+00.
    Line search step size chosen: 1.000000e+00.
  Objective value decreased by 1.722314e-01.
Newton iteration 8.
  Active set size = 7432.
  sub-gradient = 1.243986e+01, l1-norm of X = 7.017034e+01.
  Coordinate descent sweep 1. norm of D = 1.744006e+00, change in D = 1.744006e+00.
  Coordinate descent sweep 2. norm of D = 1.904433e+00, change in D = 1.323204e+00.
  Coordinate descent sweep 3. norm of D = 2.093676e+00, change in D = 7.113531e-01.
    Line search step size chosen: 1.000000e+00.
  Objective value decreased by 3.384659e-02.
Newton iteration 9.
  Active set size = 7423.
  sub-gradient = 1.814329e+00, l1-norm of X = 7.014376e+01.
  Coordinate descent sweep 1. norm of D = 6.508779e-01, change in D = 6.508779e-01.
  Coordinate descent sweep 2. norm of D = 7.803433e-01, change in D = 3.975160e-01.
  Coordinate descent sweep 3. norm of D = 9.175068e-01, change in D = 2.680892e-01.
  Coordinate descent sweep 4. norm of D = 9.678976e-01, change in D = 1.624181e-01.
    Line search step size chosen: 1.000000e+00.
  Objective value decreased by 4.442463e-03.
Newton iteration 10.
  Active set size = 7421.
  sub-gradient = 1.823401e-01, l1-norm of X = 7.020087e+01.
  Coordinate descent sweep 1. norm of D = 1.484107e-01, change in D = 1.484107e-01.
  Coordinate descent sweep 2. norm of D = 1.963762e-01, change in D = 1.010995e-01.
  Coordinate descent sweep 3. norm of D = 2.305672e-01, change in D = 7.649741e-02.
  Coordinate descent sweep 4. norm of D = 2.549361e-01, change in D = 5.088253e-02.
    Line search step size chosen: 1.000000e+00.
  Objective value decreased by 3.060236e-04.
Newton iteration 11.
  Active set size = 7419.
  sub-gradient = 3.236676e-02, l1-norm of X = 7.022642e+01.
  Coordinate descent sweep 1. norm of D = 3.756206e-02, change in D = 3.756206e-02.
  Coordinate descent sweep 2. norm of D = 5.130316e-02, change in D = 2.794512e-02.
  Coordinate descent sweep 3. norm of D = 5.889313e-02, change in D = 1.905571e-02.
  Coordinate descent sweep 4. norm of D = 6.851174e-02, change in D = 1.827400e-02.
    Line search step size chosen: 1.000000e+00.
  Objective value decreased by 3.496105e-05.
Newton iteration 12.
  Active set size = 7419.
  sub-gradient = 1.165433e-02, l1-norm of X = 7.023586e+01.
  Coordinate descent sweep 1. norm of D = 1.277948e-02, change in D = 1.277948e-02.
  Coordinate descent sweep 2. norm of D = 1.887410e-02, change in D = 1.087070e-02.
  Coordinate descent sweep 3. norm of D = 2.288912e-02, change in D = 8.158251e-03.
  Coordinate descent sweep 4. norm of D = 2.566302e-02, change in D = 5.804193e-03.
  Coordinate descent sweep 5. norm of D = 2.807254e-02, change in D = 4.869900e-03.
    Line search step size chosen: 1.000000e+00.
  Objective value decreased by 7.684405e-06.
Newton iteration 13.
  Active set size = 7419.
  sub-gradient = 3.466070e-03, l1-norm of X = 7.023949e+01.
  Coordinate descent sweep 1. norm of D = 3.604841e-03, change in D = 3.604841e-03.
  Coordinate descent sweep 2. norm of D = 5.791443e-03, change in D = 3.947633e-03.
  Coordinate descent sweep 3. norm of D = 7.535689e-03, change in D = 3.071572e-03.
  Coordinate descent sweep 4. norm of D = 8.736161e-03, change in D = 2.322449e-03.
  Coordinate descent sweep 5. norm of D = 9.261444e-03, change in D = 1.358759e-03.
    Line search step size chosen: 1.000000e+00.
  Objective value decreased by 1.452268e-06.
QUIC CPU time: 1160.580 seconds
