[1] "GTEx"       "40"         "unweighted" "0.36"      
[1] "Data read complete"
Running QUIC version 1.1 in 'default' mode.
Newton iteration 1.
  X is a diagonal matrix.
    Line search step size 1.000000e+00.  Lack of positive definiteness.
    Line search step size 5.000000e-01.  Lack of positive definiteness.
    Line search step size chosen: 2.500000e-01.
  Objective value decreased by 1.028767e+01.
Newton iteration 2.
  Active set size = 7586.
  sub-gradient = 1.546991e+02, l1-norm of X = 2.876208e+01.
  Coordinate descent sweep 1. norm of D = 7.023022e+01, change in D = 7.023022e+01.
    Line search step size chosen: 1.000000e+00.
  Objective value decreased by 3.746533e+00.
Newton iteration 3.
  Active set size = 7328.
  sub-gradient = 2.493902e+02, l1-norm of X = 6.653339e+01.
  Coordinate descent sweep 1. norm of D = 2.821371e+01, change in D = 2.821371e+01.
  Coordinate descent sweep 2. norm of D = 2.844069e+01, change in D = 1.292592e+01.
    Line search step size chosen: 1.000000e+00.
  Objective value decreased by 2.899061e+00.
Newton iteration 4.
  Active set size = 7232.
  sub-gradient = 8.543872e+01, l1-norm of X = 6.489405e+01.
  Coordinate descent sweep 1. norm of D = 1.520049e+01, change in D = 1.520049e+01.
  Coordinate descent sweep 2. norm of D = 1.665201e+01, change in D = 8.251819e+00.
    Line search step size chosen: 1.000000e+00.
  Objective value decreased by 9.609985e-01.
Newton iteration 5.
  Active set size = 7187.
  sub-gradient = 2.336090e+01, l1-norm of X = 6.309039e+01.
  Coordinate descent sweep 1. norm of D = 7.261474e+00, change in D = 7.261474e+00.
  Coordinate descent sweep 2. norm of D = 7.676080e+00, change in D = 4.081607e+00.
    Line search step size chosen: 1.000000e+00.
  Objective value decreased by 1.905557e-01.
Newton iteration 6.
  Active set size = 7144.
  sub-gradient = 4.787125e+00, l1-norm of X = 6.237467e+01.
  Coordinate descent sweep 1. norm of D = 2.803781e+00, change in D = 2.803781e+00.
  Coordinate descent sweep 2. norm of D = 3.396962e+00, change in D = 1.688372e+00.
  Coordinate descent sweep 3. norm of D = 3.774476e+00, change in D = 8.500706e-01.
    Line search step size chosen: 1.000000e+00.
  Objective value decreased by 3.555230e-02.
Newton iteration 7.
  Active set size = 7139.
  sub-gradient = 8.490144e-01, l1-norm of X = 6.251180e+01.
  Coordinate descent sweep 1. norm of D = 6.109670e-01, change in D = 6.109670e-01.
  Coordinate descent sweep 2. norm of D = 8.057799e-01, change in D = 3.730266e-01.
  Coordinate descent sweep 3. norm of D = 9.332899e-01, change in D = 2.473123e-01.
    Line search step size chosen: 1.000000e+00.
  Objective value decreased by 4.196860e-03.
Newton iteration 8.
  Active set size = 7137.
  sub-gradient = 2.132279e-01, l1-norm of X = 6.264815e+01.
  Coordinate descent sweep 1. norm of D = 1.748971e-01, change in D = 1.748971e-01.
  Coordinate descent sweep 2. norm of D = 2.505372e-01, change in D = 1.426871e-01.
  Coordinate descent sweep 3. norm of D = 3.157289e-01, change in D = 1.104468e-01.
    Line search step size chosen: 1.000000e+00.
  Objective value decreased by 1.016701e-03.
Newton iteration 9.
  Active set size = 7137.
  sub-gradient = 1.105432e-01, l1-norm of X = 6.269062e+01.
  Coordinate descent sweep 1. norm of D = 9.031228e-02, change in D = 9.031228e-02.
  Coordinate descent sweep 2. norm of D = 1.257614e-01, change in D = 6.673742e-02.
  Coordinate descent sweep 3. norm of D = 1.539202e-01, change in D = 4.744286e-02.
  Coordinate descent sweep 4. norm of D = 1.732981e-01, change in D = 3.333155e-02.
    Line search step size chosen: 1.000000e+00.
  Objective value decreased by 3.990277e-04.
Newton iteration 10.
  Active set size = 7137.
  sub-gradient = 4.263801e-02, l1-norm of X = 6.271901e+01.
  Coordinate descent sweep 1. norm of D = 3.403077e-02, change in D = 3.403077e-02.
  Coordinate descent sweep 2. norm of D = 5.193605e-02, change in D = 2.539413e-02.
  Coordinate descent sweep 3. norm of D = 6.397783e-02, change in D = 1.932353e-02.
  Coordinate descent sweep 4. norm of D = 7.405022e-02, change in D = 1.464669e-02.
    Line search step size chosen: 1.000000e+00.
  Objective value decreased by 9.755251e-05.
Newton iteration 11.
  Active set size = 7137.
  sub-gradient = 1.061794e-02, l1-norm of X = 6.273015e+01.
  Coordinate descent sweep 1. norm of D = 1.012620e-02, change in D = 1.012620e-02.
  Coordinate descent sweep 2. norm of D = 1.452423e-02, change in D = 8.306354e-03.
  Coordinate descent sweep 3. norm of D = 1.926092e-02, change in D = 7.238344e-03.
  Coordinate descent sweep 4. norm of D = 2.154358e-02, change in D = 4.834705e-03.
    Line search step size chosen: 1.000000e+00.
  Objective value decreased by 1.087980e-05.
Newton iteration 12.
  Active set size = 7137.
  sub-gradient = 4.247724e-03, l1-norm of X = 6.273533e+01.
  Coordinate descent sweep 1. norm of D = 5.060424e-03, change in D = 5.060424e-03.
  Coordinate descent sweep 2. norm of D = 7.271712e-03, change in D = 3.447729e-03.
  Coordinate descent sweep 3. norm of D = 9.547506e-03, change in D = 3.034104e-03.
  Coordinate descent sweep 4. norm of D = 1.064399e-02, change in D = 2.012814e-03.
  Coordinate descent sweep 5. norm of D = 1.203699e-02, change in D = 1.672504e-03.
    Line search step size chosen: 1.000000e+00.
  Objective value decreased by 2.649494e-06.
QUIC CPU time: 1005.300 seconds
