[1] "GTEx"       "40"         "unweighted" "0.64"      
[1] "Data read complete"
Running QUIC version 1.1 in 'default' mode.
Newton iteration 1.
  X is a diagonal matrix.
    Line search step size chosen: 1.000000e+00.
  Objective value decreased by 7.005422e-01.
Newton iteration 2.
  Active set size = 5845.
  sub-gradient = 2.188571e+00, l1-norm of X = 5.943743e+00.
  Coordinate descent sweep 1. norm of D = 1.619973e+00, change in D = 1.619973e+00.
    Line search step size chosen: 1.000000e+00.
  Objective value decreased by 5.088701e-02.
Newton iteration 3.
  Active set size = 5845.
  sub-gradient = 2.939836e-01, l1-norm of X = 5.753780e+00.
  Coordinate descent sweep 1. norm of D = 3.062788e-01, change in D = 3.062788e-01.
  Coordinate descent sweep 2. norm of D = 3.767413e-01, change in D = 9.948276e-02.
    Line search step size chosen: 1.000000e+00.
  Objective value decreased by 3.384359e-03.
Newton iteration 4.
  Active set size = 5845.
  sub-gradient = 4.666125e-02, l1-norm of X = 5.902591e+00.
  Coordinate descent sweep 1. norm of D = 5.484333e-02, change in D = 5.484333e-02.
  Coordinate descent sweep 2. norm of D = 6.918653e-02, change in D = 1.605925e-02.
    Line search step size chosen: 1.000000e+00.
  Objective value decreased by 1.536161e-04.
Newton iteration 5.
  Active set size = 5845.
  sub-gradient = 4.100603e-03, l1-norm of X = 5.924526e+00.
  Coordinate descent sweep 1. norm of D = 4.392839e-03, change in D = 4.392839e-03.
  Coordinate descent sweep 2. norm of D = 6.553690e-03, change in D = 2.371034e-03.
    Line search step size chosen: 1.000000e+00.
  Objective value decreased by 2.435525e-06.
Newton iteration 6.
  Active set size = 5845.
  sub-gradient = 1.013345e-03, l1-norm of X = 5.927784e+00.
  Coordinate descent sweep 1. norm of D = 1.449278e-03, change in D = 1.449278e-03.
  Coordinate descent sweep 2. norm of D = 1.675779e-03, change in D = 3.203725e-04.
  Coordinate descent sweep 3. norm of D = 1.910443e-03, change in D = 2.394580e-04.
    Line search step size chosen: 1.000000e+00.
  Objective value decreased by 2.669922e-07.
Newton iteration 7.
  Active set size = 5845.
  sub-gradient = 4.917946e-05, l1-norm of X = 5.928742e+00.
  Coordinate descent sweep 1. norm of D = 7.978314e-05, change in D = 7.978314e-05.
  Coordinate descent sweep 2. norm of D = 1.112143e-04, change in D = 3.176004e-05.
  Coordinate descent sweep 3. norm of D = 1.180760e-04, change in D = 8.324204e-06.
    Line search step size chosen: 1.000000e+00.
  Objective value decreased by 1.347871e-09.
QUIC CPU time: 589.010 seconds
