[1] "GTEx"       "40"         "unweighted" "0.66"      
[1] "Data read complete"
Running QUIC version 1.1 in 'default' mode.
Newton iteration 1.
  X is a diagonal matrix.
    Line search step size chosen: 1.000000e+00.
  Objective value decreased by 5.537289e-01.
Newton iteration 2.
  Active set size = 5832.
  sub-gradient = 1.598852e+00, l1-norm of X = 4.748063e+00.
  Coordinate descent sweep 1. norm of D = 1.251164e+00, change in D = 1.251164e+00.
    Line search step size chosen: 1.000000e+00.
  Objective value decreased by 3.563063e-02.
Newton iteration 3.
  Active set size = 5832.
  sub-gradient = 2.084548e-01, l1-norm of X = 4.658893e+00.
  Coordinate descent sweep 1. norm of D = 2.234895e-01, change in D = 2.234895e-01.
  Coordinate descent sweep 2. norm of D = 2.646789e-01, change in D = 5.055209e-02.
    Line search step size chosen: 1.000000e+00.
  Objective value decreased by 1.578542e-03.
Newton iteration 4.
  Active set size = 5832.
  sub-gradient = 1.218477e-02, l1-norm of X = 4.764664e+00.
  Coordinate descent sweep 1. norm of D = 1.459270e-02, change in D = 1.459270e-02.
  Coordinate descent sweep 2. norm of D = 1.899516e-02, change in D = 4.475479e-03.
    Line search step size chosen: 1.000000e+00.
  Objective value decreased by 1.086293e-05.
Newton iteration 5.
  Active set size = 5832.
  sub-gradient = 1.284355e-03, l1-norm of X = 4.772518e+00.
  Coordinate descent sweep 1. norm of D = 1.700061e-03, change in D = 1.700061e-03.
  Coordinate descent sweep 2. norm of D = 1.967354e-03, change in D = 4.073492e-04.
    Line search step size chosen: 1.000000e+00.
  Objective value decreased by 2.858778e-07.
Newton iteration 6.
  Active set size = 5832.
  sub-gradient = 1.964236e-04, l1-norm of X = 4.773656e+00.
  Coordinate descent sweep 1. norm of D = 2.273385e-04, change in D = 2.273385e-04.
  Coordinate descent sweep 2. norm of D = 3.066918e-04, change in D = 9.685328e-05.
  Coordinate descent sweep 3. norm of D = 3.322634e-04, change in D = 2.607197e-05.
    Line search step size chosen: 1.000000e+00.
  Objective value decreased by 6.502887e-09.
QUIC CPU time: 506.950 seconds
