[1] "GTEx"       "40"         "unweighted" "0.84"      
[1] "Data read complete"
Running QUIC version 1.1 in 'default' mode.
Newton iteration 1.
  X is a diagonal matrix.
    Line search step size chosen: 1.000000e+00.
  Objective value decreased by 4.330783e-02.
Newton iteration 2.
  Active set size = 5793.
  sub-gradient = 9.306189e-02, l1-norm of X = 7.439879e-01.
  Coordinate descent sweep 1. norm of D = 8.790088e-02, change in D = 8.790088e-02.
    Line search step size chosen: 1.000000e+00.
  Objective value decreased by 5.251287e-04.
Newton iteration 3.
  Active set size = 5793.
  sub-gradient = 6.526837e-03, l1-norm of X = 7.424796e-01.
  Coordinate descent sweep 1. norm of D = 8.802272e-03, change in D = 8.802272e-03.
  Coordinate descent sweep 2. norm of D = 9.462891e-03, change in D = 6.924101e-04.
    Line search step size chosen: 1.000000e+00.
  Objective value decreased by 2.021501e-05.
Newton iteration 4.
  Active set size = 5793.
  sub-gradient = 7.137396e-05, l1-norm of X = 7.520007e-01.
  Coordinate descent sweep 1. norm of D = 7.589425e-05, change in D = 7.589425e-05.
  Coordinate descent sweep 2. norm of D = 9.251083e-05, change in D = 1.687568e-05.
    Line search step size chosen: 1.000000e+00.
  Objective value decreased by 1.061380e-09.
QUIC CPU time: 349.720 seconds
