[1] "GTEx"       "40"         "unweighted" "0.96"      
[1] "Data read complete"
Running QUIC version 1.1 in 'default' mode.
Newton iteration 1.
  X is a diagonal matrix.
    Line search step size chosen: 1.000000e+00.
  Objective value decreased by 1.322723e-04.
Newton iteration 2.
  Active set size = 5787.
  sub-gradient = 2.661187e-04, l1-norm of X = 2.208259e-02.
  Coordinate descent sweep 1. norm of D = 2.645095e-04, change in D = 2.645095e-04.
    Line search step size chosen: 1.000000e+00.
  Objective value decreased by 1.749777e-08.
Newton iteration 3.
  Active set size = 5787.
  sub-gradient = 1.538314e-06, l1-norm of X = 2.208259e-02.
  Coordinate descent sweep 1. norm of D = 1.538315e-06, change in D = 1.538315e-06.
  Coordinate descent sweep 2. norm of D = 1.609068e-06, change in D = 7.075341e-08.
    Line search step size chosen: 1.000000e+00.
  Objective value decreased by 2.728484e-12.
QUIC CPU time: 274.380 seconds
