[1] "sra_normal"       "566"              "correcting_first" "0.04"            
[1] "Data read complete"
Running QUIC version 1.1 in 'default' mode.
Newton iteration 1.
  X is a diagonal matrix.
    Line search step size 1.000000e+00.  Lack of positive definiteness.
    Line search step size 5.000000e-01.  Lack of positive definiteness.
    Line search step size 2.500000e-01.  Lack of positive definiteness.
    Line search step size 1.250000e-01.  Lack of positive definiteness.
    Line search step size 6.250000e-02.  Lack of positive definiteness.
    Line search step size chosen: 3.125000e-02.
  Objective value decreased by 1.022425e+02.
Newton iteration 2.
  Active set size = 1476767.
  sub-gradient = 2.886607e+04, l1-norm of X = 7.571133e+01.
  Coordinate descent sweep 1. norm of D = 1.836434e+04, change in D = 1.836434e+04.
    Line search step size 1.000000e+00.  Lack of positive definiteness.
    Line search step size 5.000000e-01.  Lack of positive definiteness.
    Line search step size 2.500000e-01.  Lack of positive definiteness.
    Line search step size 1.250000e-01.  Lack of positive definiteness.
    Line search step size chosen: 6.250000e-02.
  Objective value decreased by 1.096257e+02.
Newton iteration 3.
  Active set size = 1511243.
  sub-gradient = 2.166716e+04, l1-norm of X = 1.661933e+02.
  Coordinate descent sweep 1. norm of D = 7.711663e+03, change in D = 7.711663e+03.
  Coordinate descent sweep 2. norm of D = 6.637790e+03, change in D = 2.225611e+03.
    Line search step size 1.000000e+00.  Lack of positive definiteness.
    Line search step size 5.000000e-01.  Lack of positive definiteness.
    Line search step size chosen: 2.500000e-01.
  Objective value decreased by 9.733321e+01.
Newton iteration 4.
  Active set size = 1850432.
  sub-gradient = 3.622879e+04, l1-norm of X = 2.626286e+02.
  Coordinate descent sweep 1. norm of D = 3.495709e+03, change in D = 3.495709e+03.
  Coordinate descent sweep 2. norm of D = 3.476863e+03, change in D = 1.056807e+03.
    Line search step size chosen: 1.000000e+00.
  Objective value decreased by 7.238287e+01.
Newton iteration 5.
  Active set size = 2053748.
  sub-gradient = 6.284615e+04, l1-norm of X = 3.571282e+02.
  Coordinate descent sweep 1. norm of D = 6.737192e+02, change in D = 6.737192e+02.
  Coordinate descent sweep 2. norm of D = 6.639519e+02, change in D = 4.301476e+02.
    Line search step size chosen: 1.000000e+00.
  Objective value decreased by 1.008116e+01.
Newton iteration 6.
  Active set size = 864152.
  sub-gradient = 1.450466e+04, l1-norm of X = 3.552241e+02.
  Coordinate descent sweep 1. norm of D = 3.956339e+02, change in D = 3.956339e+02.
  Coordinate descent sweep 2. norm of D = 3.782910e+02, change in D = 2.591435e+02.
  Coordinate descent sweep 3. norm of D = 3.873457e+02, change in D = 1.414869e+02.
    Line search step size chosen: 1.000000e+00.
  Objective value decreased by 4.175760e+00.
Newton iteration 7.
  Active set size = 519681.
  sub-gradient = 3.767635e+03, l1-norm of X = 3.529963e+02.
  Coordinate descent sweep 1. norm of D = 1.855341e+02, change in D = 1.855341e+02.
  Coordinate descent sweep 2. norm of D = 1.540109e+02, change in D = 1.391141e+02.
  Coordinate descent sweep 3. norm of D = 1.503687e+02, change in D = 7.042888e+01.
    Line search step size chosen: 1.000000e+00.
  Objective value decreased by 1.285054e+00.
Newton iteration 8.
  Active set size = 442890.
  sub-gradient = 1.103988e+03, l1-norm of X = 3.509906e+02.
  Coordinate descent sweep 1. norm of D = 1.052792e+02, change in D = 1.052792e+02.
  Coordinate descent sweep 2. norm of D = 8.449384e+01, change in D = 8.112375e+01.
  Coordinate descent sweep 3. norm of D = 8.188841e+01, change in D = 3.607072e+01.
    Line search step size chosen: 1.000000e+00.
  Objective value decreased by 4.164392e-01.
Newton iteration 9.
  Active set size = 423033.
  sub-gradient = 2.897009e+02, l1-norm of X = 3.498301e+02.
  Coordinate descent sweep 1. norm of D = 5.070015e+01, change in D = 5.070015e+01.
  Coordinate descent sweep 2. norm of D = 4.150152e+01, change in D = 3.725173e+01.
  Coordinate descent sweep 3. norm of D = 4.167176e+01, change in D = 1.632323e+01.
  Coordinate descent sweep 4. norm of D = 4.201224e+01, change in D = 8.960283e+00.
    Line search step size chosen: 1.000000e+00.
  Objective value decreased by 1.195460e-01.
Newton iteration 10.
  Active set size = 417695.
  sub-gradient = 4.655647e+01, l1-norm of X = 3.494284e+02.
  Coordinate descent sweep 1. norm of D = 1.324871e+01, change in D = 1.324871e+01.
  Coordinate descent sweep 2. norm of D = 1.196212e+01, change in D = 9.568121e+00.
  Coordinate descent sweep 3. norm of D = 1.228626e+01, change in D = 5.344275e+00.
  Coordinate descent sweep 4. norm of D = 1.262785e+01, change in D = 3.894875e+00.
    Line search step size chosen: 1.000000e+00.
  Objective value decreased by 3.706002e-02.
Newton iteration 11.
  Active set size = 416914.
  sub-gradient = 3.874730e+00, l1-norm of X = 3.493899e+02.
  Coordinate descent sweep 1. norm of D = 3.265844e+00, change in D = 3.265844e+00.
  Coordinate descent sweep 2. norm of D = 3.888376e+00, change in D = 2.958109e+00.
  Coordinate descent sweep 3. norm of D = 4.206881e+00, change in D = 2.703785e+00.
  Coordinate descent sweep 4. norm of D = 4.363247e+00, change in D = 2.319299e+00.
    Line search step size chosen: 1.000000e+00.
  Objective value decreased by 2.119015e-02.
Newton iteration 12.
  Active set size = 416878.
  sub-gradient = 2.062121e+00, l1-norm of X = 3.494144e+02.
  Coordinate descent sweep 1. norm of D = 2.079062e+00, change in D = 2.079062e+00.
  Coordinate descent sweep 2. norm of D = 2.418397e+00, change in D = 1.866133e+00.
  Coordinate descent sweep 3. norm of D = 2.493509e+00, change in D = 1.549237e+00.
  Coordinate descent sweep 4. norm of D = 2.578977e+00, change in D = 1.243040e+00.
  Coordinate descent sweep 5. norm of D = 2.727140e+00, change in D = 1.193178e+00.
    Line search step size chosen: 1.000000e+00.
  Objective value decreased by 1.716553e-02.
Newton iteration 13.
  Active set size = 416849.
  sub-gradient = 1.482629e+00, l1-norm of X = 3.494385e+02.
  Coordinate descent sweep 1. norm of D = 1.129608e+00, change in D = 1.129608e+00.
  Coordinate descent sweep 2. norm of D = 1.228270e+00, change in D = 9.036428e-01.
  Coordinate descent sweep 3. norm of D = 1.445161e+00, change in D = 9.322242e-01.
  Coordinate descent sweep 4. norm of D = 1.418631e+00, change in D = 8.484998e-01.
  Coordinate descent sweep 5. norm of D = 1.552499e+00, change in D = 7.866944e-01.
    Line search step size chosen: 1.000000e+00.
  Objective value decreased by 7.858475e-03.
Newton iteration 14.
  Active set size = 416821.
  sub-gradient = 5.675364e-01, l1-norm of X = 3.494521e+02.
  Coordinate descent sweep 1. norm of D = 7.034556e-01, change in D = 7.034556e-01.
  Coordinate descent sweep 2. norm of D = 7.557650e-01, change in D = 5.560618e-01.
  Coordinate descent sweep 3. norm of D = 9.329087e-01, change in D = 6.314030e-01.
  Coordinate descent sweep 4. norm of D = 1.033957e+00, change in D = 6.619157e-01.
  Coordinate descent sweep 5. norm of D = 1.082541e+00, change in D = 6.468169e-01.
    Line search step size chosen: 1.000000e+00.
  Objective value decreased by 5.177930e-03.
Newton iteration 15.
  Active set size = 416837.
  sub-gradient = 8.098914e-01, l1-norm of X = 3.494605e+02.
  Coordinate descent sweep 1. norm of D = 5.710489e-01, change in D = 5.710489e-01.
  Coordinate descent sweep 2. norm of D = 6.531074e-01, change in D = 5.384588e-01.
  Coordinate descent sweep 3. norm of D = 7.268130e-01, change in D = 4.900897e-01.
  Coordinate descent sweep 4. norm of D = 7.383187e-01, change in D = 4.183367e-01.
  Coordinate descent sweep 5. norm of D = 7.656609e-01, change in D = 3.603489e-01.
  Coordinate descent sweep 6. norm of D = 8.389960e-01, change in D = 4.228064e-01.
    Line search step size chosen: 1.000000e+00.
  Objective value decreased by 3.469477e-03.
Newton iteration 16.
  Active set size = 416818.
  sub-gradient = 3.560118e-01, l1-norm of X = 3.494688e+02.
  Coordinate descent sweep 1. norm of D = 3.884139e-01, change in D = 3.884139e-01.
  Coordinate descent sweep 2. norm of D = 4.671487e-01, change in D = 3.740613e-01.
  Coordinate descent sweep 3. norm of D = 5.096348e-01, change in D = 3.613103e-01.
  Coordinate descent sweep 4. norm of D = 5.339932e-01, change in D = 3.396101e-01.
  Coordinate descent sweep 5. norm of D = 5.354411e-01, change in D = 2.687649e-01.
  Coordinate descent sweep 6. norm of D = 5.692627e-01, change in D = 2.710423e-01.
    Line search step size chosen: 1.000000e+00.
  Objective value decreased by 1.864933e-03.
Newton iteration 17.
  Active set size = 416812.
  sub-gradient = 2.298919e-01, l1-norm of X = 3.494747e+02.
  Coordinate descent sweep 1. norm of D = 2.431970e-01, change in D = 2.431970e-01.
  Coordinate descent sweep 2. norm of D = 3.184185e-01, change in D = 2.759325e-01.
  Coordinate descent sweep 3. norm of D = 3.542954e-01, change in D = 2.711161e-01.
  Coordinate descent sweep 4. norm of D = 3.841176e-01, change in D = 2.448628e-01.
  Coordinate descent sweep 5. norm of D = 3.997238e-01, change in D = 2.323944e-01.
  Coordinate descent sweep 6. norm of D = 4.276060e-01, change in D = 2.202292e-01.
    Line search step size chosen: 1.000000e+00.
  Objective value decreased by 1.516641e-03.
Newton iteration 18.
  Active set size = 416812.
  sub-gradient = 1.920028e-01, l1-norm of X = 3.494788e+02.
  Coordinate descent sweep 1. norm of D = 2.177271e-01, change in D = 2.177271e-01.
  Coordinate descent sweep 2. norm of D = 2.432075e-01, change in D = 1.878384e-01.
  Coordinate descent sweep 3. norm of D = 2.735494e-01, change in D = 1.973145e-01.
  Coordinate descent sweep 4. norm of D = 2.937562e-01, change in D = 1.992948e-01.
  Coordinate descent sweep 5. norm of D = 3.036807e-01, change in D = 1.706578e-01.
  Coordinate descent sweep 6. norm of D = 3.250457e-01, change in D = 1.664557e-01.
  Coordinate descent sweep 7. norm of D = 3.498014e-01, change in D = 1.630772e-01.
    Line search step size chosen: 1.000000e+00.
  Objective value decreased by 1.007634e-03.
Newton iteration 19.
  Active set size = 416813.
  sub-gradient = 1.214456e-01, l1-norm of X = 3.494834e+02.
  Coordinate descent sweep 1. norm of D = 1.294110e-01, change in D = 1.294110e-01.
  Coordinate descent sweep 2. norm of D = 1.614240e-01, change in D = 1.120901e-01.
  Coordinate descent sweep 3. norm of D = 2.034989e-01, change in D = 1.347294e-01.
  Coordinate descent sweep 4. norm of D = 2.225745e-01, change in D = 1.477666e-01.
  Coordinate descent sweep 5. norm of D = 2.341201e-01, change in D = 1.461385e-01.
  Coordinate descent sweep 6. norm of D = 2.590268e-01, change in D = 1.465059e-01.
  Coordinate descent sweep 7. norm of D = 2.491484e-01, change in D = 1.116433e-01.
    Line search step size chosen: 1.000000e+00.
  Objective value decreased by 6.236164e-04.
Newton iteration 20.
  Active set size = 416816.
  sub-gradient = 1.083101e-01, l1-norm of X = 3.494866e+02.
  Coordinate descent sweep 1. norm of D = 1.144526e-01, change in D = 1.144526e-01.
  Coordinate descent sweep 2. norm of D = 1.312162e-01, change in D = 1.082612e-01.
  Coordinate descent sweep 3. norm of D = 1.368640e-01, change in D = 9.446052e-02.
  Coordinate descent sweep 4. norm of D = 1.431141e-01, change in D = 8.312099e-02.
  Coordinate descent sweep 5. norm of D = 1.527757e-01, change in D = 8.083462e-02.
  Coordinate descent sweep 6. norm of D = 1.644331e-01, change in D = 8.642311e-02.
  Coordinate descent sweep 7. norm of D = 1.783251e-01, change in D = 8.843126e-02.
    Line search step size chosen: 1.000000e+00.
  Objective value decreased by 3.065813e-04.
Newton iteration 21.
  Active set size = 416813.
  sub-gradient = 7.490768e-02, l1-norm of X = 3.494886e+02.
  Coordinate descent sweep 1. norm of D = 7.814435e-02, change in D = 7.814435e-02.
  Coordinate descent sweep 2. norm of D = 9.628298e-02, change in D = 7.545007e-02.
  Coordinate descent sweep 3. norm of D = 9.252246e-02, change in D = 5.485522e-02.
  Coordinate descent sweep 4. norm of D = 1.128053e-01, change in D = 6.574892e-02.
  Coordinate descent sweep 5. norm of D = 1.277393e-01, change in D = 7.341188e-02.
  Coordinate descent sweep 6. norm of D = 1.231166e-01, change in D = 5.651089e-02.
  Coordinate descent sweep 7. norm of D = 1.343666e-01, change in D = 5.406599e-02.
  Coordinate descent sweep 8. norm of D = 1.473573e-01, change in D = 6.255068e-02.
    Line search step size chosen: 1.000000e+00.
  Objective value decreased by 2.172972e-04.
Newton iteration 22.
  Active set size = 416811.
  sub-gradient = 5.805589e-02, l1-norm of X = 3.494905e+02.
  Coordinate descent sweep 1. norm of D = 5.636510e-02, change in D = 5.636510e-02.
  Coordinate descent sweep 2. norm of D = 7.655120e-02, change in D = 5.923265e-02.
  Coordinate descent sweep 3. norm of D = 7.222727e-02, change in D = 4.834088e-02.
  Coordinate descent sweep 4. norm of D = 8.197092e-02, change in D = 4.933306e-02.
  Coordinate descent sweep 5. norm of D = 8.250429e-02, change in D = 4.789553e-02.
  Coordinate descent sweep 6. norm of D = 8.995701e-02, change in D = 5.035571e-02.
  Coordinate descent sweep 7. norm of D = 9.316554e-02, change in D = 4.744936e-02.
  Coordinate descent sweep 8. norm of D = 1.003836e-01, change in D = 4.365202e-02.
    Line search step size chosen: 1.000000e+00.
  Objective value decreased by 1.051053e-04.
Newton iteration 23.
  Active set size = 416810.
  sub-gradient = 5.355761e-02, l1-norm of X = 3.494918e+02.
  Coordinate descent sweep 1. norm of D = 4.451134e-02, change in D = 4.451134e-02.
  Coordinate descent sweep 2. norm of D = 5.155044e-02, change in D = 4.022716e-02.
  Coordinate descent sweep 3. norm of D = 5.566410e-02, change in D = 3.461702e-02.
  Coordinate descent sweep 4. norm of D = 6.135448e-02, change in D = 3.399618e-02.
  Coordinate descent sweep 5. norm of D = 7.061897e-02, change in D = 3.773343e-02.
  Coordinate descent sweep 6. norm of D = 6.873392e-02, change in D = 3.255932e-02.
  Coordinate descent sweep 7. norm of D = 7.039522e-02, change in D = 2.984814e-02.
  Coordinate descent sweep 8. norm of D = 7.752610e-02, change in D = 3.189597e-02.
    Line search step size chosen: 1.000000e+00.
  Objective value decreased by 7.291097e-05.
Newton iteration 24.
  Active set size = 416810.
  sub-gradient = 3.999859e-02, l1-norm of X = 3.494928e+02.
  Coordinate descent sweep 1. norm of D = 3.352033e-02, change in D = 3.352033e-02.
  Coordinate descent sweep 2. norm of D = 3.710488e-02, change in D = 3.111123e-02.
  Coordinate descent sweep 3. norm of D = 3.905040e-02, change in D = 2.903025e-02.
  Coordinate descent sweep 4. norm of D = 4.437295e-02, change in D = 2.698332e-02.
  Coordinate descent sweep 5. norm of D = 4.843016e-02, change in D = 2.624988e-02.
  Coordinate descent sweep 6. norm of D = 5.064005e-02, change in D = 2.508981e-02.
  Coordinate descent sweep 7. norm of D = 5.409755e-02, change in D = 2.547827e-02.
  Coordinate descent sweep 8. norm of D = 6.041567e-02, change in D = 2.778832e-02.
  Coordinate descent sweep 9. norm of D = 6.156498e-02, change in D = 2.484159e-02.
    Line search step size chosen: 1.000000e+00.
  Objective value decreased by 4.433858e-05.
Newton iteration 25.
  Active set size = 416808.
  sub-gradient = 2.122053e-02, l1-norm of X = 3.494937e+02.
  Coordinate descent sweep 1. norm of D = 2.323753e-02, change in D = 2.323753e-02.
  Coordinate descent sweep 2. norm of D = 2.515269e-02, change in D = 2.020491e-02.
  Coordinate descent sweep 3. norm of D = 2.945170e-02, change in D = 1.941024e-02.
  Coordinate descent sweep 4. norm of D = 3.054248e-02, change in D = 1.995742e-02.
  Coordinate descent sweep 5. norm of D = 3.084875e-02, change in D = 1.529354e-02.
  Coordinate descent sweep 6. norm of D = 3.326890e-02, change in D = 1.579930e-02.
  Coordinate descent sweep 7. norm of D = 3.527082e-02, change in D = 1.772302e-02.
  Coordinate descent sweep 8. norm of D = 3.536624e-02, change in D = 1.620753e-02.
  Coordinate descent sweep 9. norm of D = 3.869651e-02, change in D = 1.799346e-02.
    Line search step size chosen: 1.000000e+00.
  Objective value decreased by 1.957548e-05.
QUIC CPU time: 10381.310 seconds
