[1] "sra_normal"       "566"              "correcting_first" "0.10"            
[1] "Data read complete"
Running QUIC version 1.1 in 'default' mode.
Newton iteration 1.
  X is a diagonal matrix.
    Line search step size 1.000000e+00.  Lack of positive definiteness.
    Line search step size 5.000000e-01.  Lack of positive definiteness.
    Line search step size 2.500000e-01.  Lack of positive definiteness.
    Line search step size 1.250000e-01.  Lack of positive definiteness.
    Line search step size chosen: 6.250000e-02.
  Objective value decreased by 3.845141e+01.
Newton iteration 2.
  Active set size = 102108.
  sub-gradient = 3.211313e+03, l1-norm of X = 4.402538e+01.
  Coordinate descent sweep 1. norm of D = 2.307465e+03, change in D = 2.307465e+03.
    Line search step size 1.000000e+00.  Lack of positive definiteness.
    Line search step size 5.000000e-01.  Lack of positive definiteness.
    Line search step size 2.500000e-01.  Lack of positive definiteness.
    Line search step size chosen: 1.250000e-01.
  Objective value decreased by 3.886290e+01.
Newton iteration 3.
  Active set size = 102147.
  sub-gradient = 2.365537e+03, l1-norm of X = 1.000116e+02.
  Coordinate descent sweep 1. norm of D = 1.228571e+03, change in D = 1.228571e+03.
  Coordinate descent sweep 2. norm of D = 1.112400e+03, change in D = 3.184855e+02.
    Line search step size 1.000000e+00.  Lack of positive definiteness.
    Line search step size 5.000000e-01.  Lack of positive definiteness.
    Line search step size chosen: 2.500000e-01.
  Objective value decreased by 2.443130e+01.
Newton iteration 4.
  Active set size = 102357.
  sub-gradient = 1.634407e+03, l1-norm of X = 1.415404e+02.
  Coordinate descent sweep 1. norm of D = 7.593481e+02, change in D = 7.593481e+02.
  Coordinate descent sweep 2. norm of D = 7.373700e+02, change in D = 2.057238e+02.
    Line search step size 1.000000e+00.  Lack of positive definiteness.
    Line search step size chosen: 5.000000e-01.
  Objective value decreased by 1.882742e+01.
Newton iteration 5.
  Active set size = 103814.
  sub-gradient = 1.067445e+03, l1-norm of X = 1.827799e+02.
  Coordinate descent sweep 1. norm of D = 3.547399e+02, change in D = 3.547399e+02.
  Coordinate descent sweep 2. norm of D = 3.861499e+02, change in D = 1.083236e+02.
    Line search step size chosen: 1.000000e+00.
  Objective value decreased by 8.001477e+00.
Newton iteration 6.
  Active set size = 57466.
  sub-gradient = 9.018480e+01, l1-norm of X = 2.101462e+02.
  Coordinate descent sweep 1. norm of D = 5.830083e+01, change in D = 5.830083e+01.
  Coordinate descent sweep 2. norm of D = 6.988358e+01, change in D = 3.082930e+01.
  Coordinate descent sweep 3. norm of D = 7.584688e+01, change in D = 1.683666e+01.
    Line search step size chosen: 1.000000e+00.
  Objective value decreased by 7.577790e-01.
Newton iteration 7.
  Active set size = 56024.
  sub-gradient = 1.452430e+01, l1-norm of X = 2.121962e+02.
  Coordinate descent sweep 1. norm of D = 1.188308e+01, change in D = 1.188308e+01.
  Coordinate descent sweep 2. norm of D = 1.486425e+01, change in D = 8.040425e+00.
  Coordinate descent sweep 3. norm of D = 1.646624e+01, change in D = 5.374555e+00.
    Line search step size chosen: 1.000000e+00.
  Objective value decreased by 1.214562e-01.
Newton iteration 8.
  Active set size = 55867.
  sub-gradient = 4.515880e+00, l1-norm of X = 2.126154e+02.
  Coordinate descent sweep 1. norm of D = 4.008487e+00, change in D = 4.008487e+00.
  Coordinate descent sweep 2. norm of D = 4.999180e+00, change in D = 2.845366e+00.
  Coordinate descent sweep 3. norm of D = 5.799985e+00, change in D = 2.207385e+00.
    Line search step size chosen: 1.000000e+00.
  Objective value decreased by 3.782618e-02.
Newton iteration 9.
  Active set size = 55828.
  sub-gradient = 1.731701e+00, l1-norm of X = 2.127630e+02.
  Coordinate descent sweep 1. norm of D = 1.662977e+00, change in D = 1.662977e+00.
  Coordinate descent sweep 2. norm of D = 2.067154e+00, change in D = 1.252165e+00.
  Coordinate descent sweep 3. norm of D = 2.484911e+00, change in D = 1.018535e+00.
  Coordinate descent sweep 4. norm of D = 2.758366e+00, change in D = 8.115750e-01.
    Line search step size chosen: 1.000000e+00.
  Objective value decreased by 1.834314e-02.
Newton iteration 10.
  Active set size = 55808.
  sub-gradient = 6.452083e-01, l1-norm of X = 2.128471e+02.
  Coordinate descent sweep 1. norm of D = 6.037751e-01, change in D = 6.037751e-01.
  Coordinate descent sweep 2. norm of D = 7.430720e-01, change in D = 4.725797e-01.
  Coordinate descent sweep 3. norm of D = 8.486343e-01, change in D = 3.790425e-01.
  Coordinate descent sweep 4. norm of D = 9.705260e-01, change in D = 3.470222e-01.
    Line search step size chosen: 1.000000e+00.
  Objective value decreased by 5.264175e-03.
Newton iteration 11.
  Active set size = 55802.
  sub-gradient = 3.409566e-01, l1-norm of X = 2.128763e+02.
  Coordinate descent sweep 1. norm of D = 2.935843e-01, change in D = 2.935843e-01.
  Coordinate descent sweep 2. norm of D = 4.063142e-01, change in D = 2.716341e-01.
  Coordinate descent sweep 3. norm of D = 5.269095e-01, change in D = 2.284529e-01.
  Coordinate descent sweep 4. norm of D = 5.575042e-01, change in D = 1.747818e-01.
    Line search step size chosen: 1.000000e+00.
  Objective value decreased by 4.329312e-03.
Newton iteration 12.
  Active set size = 55801.
  sub-gradient = 2.225328e-01, l1-norm of X = 2.129005e+02.
  Coordinate descent sweep 1. norm of D = 2.040432e-01, change in D = 2.040432e-01.
  Coordinate descent sweep 2. norm of D = 2.364571e-01, change in D = 1.084915e-01.
  Coordinate descent sweep 3. norm of D = 2.953595e-01, change in D = 1.132349e-01.
  Coordinate descent sweep 4. norm of D = 3.187539e-01, change in D = 9.281310e-02.
  Coordinate descent sweep 5. norm of D = 3.578011e-01, change in D = 9.420284e-02.
    Line search step size chosen: 1.000000e+00.
  Objective value decreased by 2.279487e-03.
Newton iteration 13.
  Active set size = 55801.
  sub-gradient = 8.001889e-02, l1-norm of X = 2.129154e+02.
  Coordinate descent sweep 1. norm of D = 7.694884e-02, change in D = 7.694884e-02.
  Coordinate descent sweep 2. norm of D = 1.342217e-01, change in D = 9.864311e-02.
  Coordinate descent sweep 3. norm of D = 1.660098e-01, change in D = 7.185708e-02.
  Coordinate descent sweep 4. norm of D = 2.042228e-01, change in D = 6.543051e-02.
  Coordinate descent sweep 5. norm of D = 2.237968e-01, change in D = 4.503330e-02.
    Line search step size chosen: 1.000000e+00.
  Objective value decreased by 1.507065e-03.
Newton iteration 14.
  Active set size = 55801.
  sub-gradient = 5.328170e-02, l1-norm of X = 2.129279e+02.
  Coordinate descent sweep 1. norm of D = 5.334575e-02, change in D = 5.334575e-02.
  Coordinate descent sweep 2. norm of D = 7.754236e-02, change in D = 3.575590e-02.
  Coordinate descent sweep 3. norm of D = 1.045118e-01, change in D = 4.060181e-02.
  Coordinate descent sweep 4. norm of D = 1.260991e-01, change in D = 4.024542e-02.
  Coordinate descent sweep 5. norm of D = 1.492854e-01, change in D = 3.699614e-02.
    Line search step size chosen: 1.000000e+00.
  Objective value decreased by 7.550759e-04.
Newton iteration 15.
  Active set size = 55801.
  sub-gradient = 3.539046e-02, l1-norm of X = 2.129349e+02.
  Coordinate descent sweep 1. norm of D = 3.685946e-02, change in D = 3.685946e-02.
  Coordinate descent sweep 2. norm of D = 5.249420e-02, change in D = 3.100339e-02.
  Coordinate descent sweep 3. norm of D = 7.248658e-02, change in D = 2.900483e-02.
  Coordinate descent sweep 4. norm of D = 8.517988e-02, change in D = 2.770790e-02.
  Coordinate descent sweep 5. norm of D = 1.006480e-01, change in D = 2.453070e-02.
  Coordinate descent sweep 6. norm of D = 1.066585e-01, change in D = 1.720664e-02.
    Line search step size chosen: 1.000000e+00.
  Objective value decreased by 4.375553e-04.
Newton iteration 16.
  Active set size = 55801.
  sub-gradient = 1.969346e-02, l1-norm of X = 2.129419e+02.
  Coordinate descent sweep 1. norm of D = 2.294132e-02, change in D = 2.294132e-02.
  Coordinate descent sweep 2. norm of D = 2.919425e-02, change in D = 1.067992e-02.
  Coordinate descent sweep 3. norm of D = 3.898323e-02, change in D = 1.325868e-02.
  Coordinate descent sweep 4. norm of D = 4.740031e-02, change in D = 1.540786e-02.
  Coordinate descent sweep 5. norm of D = 5.152239e-02, change in D = 1.025708e-02.
  Coordinate descent sweep 6. norm of D = 6.253158e-02, change in D = 1.412292e-02.
    Line search step size chosen: 1.000000e+00.
  Objective value decreased by 1.758357e-04.
QUIC CPU time: 3048.653 seconds
