[1] "sra_normal" "566"        "0.52"      
[1] "Data read complete"
Running QUIC version 1.1 in 'default' mode.
Newton iteration 1.
  X is a diagonal matrix.
    Line search step size chosen: 1.000000e+00.
  Objective value decreased by 3.663745e-01.
Newton iteration 2.
  Active set size = 5800.
  sub-gradient = 9.214958e-01, l1-norm of X = 2.515016e+00.
  Coordinate descent sweep 1. norm of D = 7.101316e-01, change in D = 7.101316e-01.
    Line search step size chosen: 1.000000e+00.
  Objective value decreased by 1.954639e-02.
Newton iteration 3.
  Active set size = 5800.
  sub-gradient = 1.246496e-01, l1-norm of X = 2.480188e+00.
  Coordinate descent sweep 1. norm of D = 1.647208e-01, change in D = 1.647208e-01.
  Coordinate descent sweep 2. norm of D = 2.270362e-01, change in D = 6.244321e-02.
    Line search step size chosen: 1.000000e+00.
  Objective value decreased by 4.824098e-03.
Newton iteration 4.
  Active set size = 5800.
  sub-gradient = 2.247723e-02, l1-norm of X = 2.583292e+00.
  Coordinate descent sweep 1. norm of D = 2.951543e-02, change in D = 2.951543e-02.
  Coordinate descent sweep 2. norm of D = 3.854758e-02, change in D = 9.033975e-03.
    Line search step size chosen: 1.000000e+00.
  Objective value decreased by 1.622165e-04.
Newton iteration 5.
  Active set size = 5800.
  sub-gradient = 2.399859e-03, l1-norm of X = 2.594558e+00.
  Coordinate descent sweep 1. norm of D = 4.475377e-03, change in D = 4.475377e-03.
  Coordinate descent sweep 2. norm of D = 6.141948e-03, change in D = 1.667258e-03.
    Line search step size chosen: 1.000000e+00.
  Objective value decreased by 5.851712e-06.
Newton iteration 6.
  Active set size = 5800.
  sub-gradient = 3.815947e-04, l1-norm of X = 2.597262e+00.
  Coordinate descent sweep 1. norm of D = 5.926776e-04, change in D = 5.926776e-04.
  Coordinate descent sweep 2. norm of D = 7.920759e-04, change in D = 2.042870e-04.
  Coordinate descent sweep 3. norm of D = 8.606102e-04, change in D = 6.954582e-05.
    Line search step size chosen: 1.000000e+00.
  Objective value decreased by 1.087647e-07.
Newton iteration 7.
  Active set size = 5800.
  sub-gradient = 1.705183e-05, l1-norm of X = 2.597671e+00.
  Coordinate descent sweep 1. norm of D = 2.103346e-05, change in D = 2.103346e-05.
  Coordinate descent sweep 2. norm of D = 3.424677e-05, change in D = 1.321331e-05.
  Coordinate descent sweep 3. norm of D = 3.877093e-05, change in D = 4.524184e-06.
    Line search step size chosen: 1.000000e+00.
  Objective value decreased by 1.873559e-10.
QUIC CPU time: 533.830 seconds
