[1] "sra_normal" "566"        "0.74"      
[1] "Data read complete"
Running QUIC version 1.1 in 'default' mode.
Newton iteration 1.
  X is a diagonal matrix.
    Line search step size chosen: 1.000000e+00.
  Objective value decreased by 1.752896e-02.
Newton iteration 2.
  Active set size = 5769.
  sub-gradient = 3.781604e-02, l1-norm of X = 2.551102e-01.
  Coordinate descent sweep 1. norm of D = 3.563413e-02, change in D = 3.563413e-02.
    Line search step size chosen: 1.000000e+00.
  Objective value decreased by 2.277236e-04.
Newton iteration 3.
  Active set size = 5769.
  sub-gradient = 3.850938e-03, l1-norm of X = 2.525732e-01.
  Coordinate descent sweep 1. norm of D = 5.462839e-03, change in D = 5.462839e-03.
  Coordinate descent sweep 2. norm of D = 5.678949e-03, change in D = 2.412338e-04.
    Line search step size chosen: 1.000000e+00.
  Objective value decreased by 1.343501e-05.
Newton iteration 4.
  Active set size = 5769.
  sub-gradient = 1.374942e-04, l1-norm of X = 2.580891e-01.
  Coordinate descent sweep 1. norm of D = 1.374211e-04, change in D = 1.374211e-04.
  Coordinate descent sweep 2. norm of D = 1.527218e-04, change in D = 1.734613e-05.
    Line search step size chosen: 1.000000e+00.
  Objective value decreased by 4.841240e-09.
Newton iteration 5.
  Active set size = 5769.
  sub-gradient = 8.090582e-06, l1-norm of X = 2.581163e-01.
  Coordinate descent sweep 1. norm of D = 8.641698e-06, change in D = 8.641698e-06.
  Coordinate descent sweep 2. norm of D = 9.324673e-06, change in D = 6.829755e-07.
    Line search step size chosen: 1.000000e+00.
  Objective value decreased by 1.546141e-11.
QUIC CPU time: 397.650 seconds
