[1] "sra_normal" "566"        "0.80"      
[1] "Data read complete"
Running QUIC version 1.1 in 'default' mode.
Newton iteration 1.
  X is a diagonal matrix.
    Line search step size chosen: 1.000000e+00.
  Objective value decreased by 4.031592e-03.
Newton iteration 2.
  Active set size = 5768.
  sub-gradient = 8.370126e-03, l1-norm of X = 1.016947e-01.
  Coordinate descent sweep 1. norm of D = 8.030654e-03, change in D = 8.030654e-03.
    Line search step size chosen: 1.000000e+00.
  Objective value decreased by 1.629806e-05.
Newton iteration 3.
  Active set size = 5768.
  sub-gradient = 2.702469e-04, l1-norm of X = 1.016947e-01.
  Coordinate descent sweep 1. norm of D = 3.330765e-04, change in D = 3.330765e-04.
  Coordinate descent sweep 2. norm of D = 3.385834e-04, change in D = 5.893593e-06.
    Line search step size chosen: 1.000000e+00.
  Objective value decreased by 6.579921e-08.
Newton iteration 4.
  Active set size = 5768.
  sub-gradient = 8.166254e-07, l1-norm of X = 1.021071e-01.
  Coordinate descent sweep 1. norm of D = 8.620210e-07, change in D = 8.620210e-07.
  Coordinate descent sweep 2. norm of D = 8.872496e-07, change in D = 2.522864e-08.
    Line search step size chosen: 1.000000e+00.
  Objective value decreased by 9.094947e-13.
QUIC CPU time: 387.640 seconds
