[1] "/data/abattle4/prashanthi/recount3/data/blood/all/weighted_covariances/cov_65.rds"
[1] "Data read complete"
Running QUIC version 1.1 in 'default' mode.
Newton iteration 1.
  X is a diagonal matrix.
    Line search step size 1.000000e+00.  Lack of positive definiteness.
    Line search step size 5.000000e-01.  Lack of positive definiteness.
    Line search step size 2.500000e-01.  Lack of positive definiteness.
    Line search step size 1.250000e-01.  Lack of positive definiteness.
    Line search step size 6.250000e-02.  Lack of positive definiteness.
    Line search step size chosen: 3.125000e-02.
  Objective value decreased by 1.392865e+02.
Newton iteration 2.
  Active set size = 977746.
  sub-gradient = 2.595543e+04, l1-norm of X = 1.014792e+02.
  Coordinate descent sweep 1. norm of D = 1.979744e+04, change in D = 1.979744e+04.
    Line search step size 1.000000e+00.  Lack of positive definiteness.
    Line search step size 5.000000e-01.  Lack of positive definiteness.
    Line search step size 2.500000e-01.  Lack of positive definiteness.
    Line search step size 1.250000e-01.  Lack of positive definiteness.
    Line search step size chosen: 6.250000e-02.
  Objective value decreased by 1.694934e+02.
Newton iteration 3.
  Active set size = 980150.
  sub-gradient = 2.233245e+04, l1-norm of X = 2.482931e+02.
  Coordinate descent sweep 1. norm of D = 1.099765e+04, change in D = 1.099765e+04.
  Coordinate descent sweep 2. norm of D = 9.297966e+03, change in D = 3.069559e+03.
    Line search step size 1.000000e+00.  Lack of positive definiteness.
    Line search step size 5.000000e-01.  Lack of positive definiteness.
    Line search step size 2.500000e-01.  Lack of positive definiteness.
    Line search step size chosen: 1.250000e-01.
  Objective value decreased by 1.172166e+02.
Newton iteration 4.
  Active set size = 983782.
  sub-gradient = 1.807045e+04, l1-norm of X = 3.687914e+02.
  Coordinate descent sweep 1. norm of D = 6.845241e+03, change in D = 6.845241e+03.
  Coordinate descent sweep 2. norm of D = 6.095700e+03, change in D = 2.156541e+03.
    Line search step size 1.000000e+00.  Lack of positive definiteness.
    Line search step size 5.000000e-01.  Lack of positive definiteness.
    Line search step size chosen: 2.500000e-01.
  Objective value decreased by 1.120706e+02.
Newton iteration 5.
  Active set size = 996637.
  sub-gradient = 1.205905e+04, l1-norm of X = 4.967659e+02.
  Coordinate descent sweep 1. norm of D = 3.884504e+03, change in D = 3.884504e+03.
  Coordinate descent sweep 2. norm of D = 3.894734e+03, change in D = 1.238317e+03.
    Line search step size 1.000000e+00.  Lack of positive definiteness.
    Line search step size chosen: 5.000000e-01.
  Objective value decreased by 8.439099e+01.
Newton iteration 6.
  Active set size = 998002.
  sub-gradient = 1.042887e+04, l1-norm of X = 6.029845e+02.
  Coordinate descent sweep 1. norm of D = 1.897754e+03, change in D = 1.897754e+03.
  Coordinate descent sweep 2. norm of D = 2.135440e+03, change in D = 7.209263e+02.
  Coordinate descent sweep 3. norm of D = 2.256229e+03, change in D = 3.601595e+02.
    Line search step size chosen: 1.000000e+00.
  Objective value decreased by 5.008645e+01.
Newton iteration 7.
  Active set size = 393936.
  sub-gradient = 7.397728e+02, l1-norm of X = 6.854630e+02.
  Coordinate descent sweep 1. norm of D = 3.280686e+02, change in D = 3.280686e+02.
  Coordinate descent sweep 2. norm of D = 3.970179e+02, change in D = 2.323759e+02.
  Coordinate descent sweep 3. norm of D = 4.446144e+02, change in D = 1.553266e+02.
    Line search step size chosen: 1.000000e+00.
  Objective value decreased by 5.616625e+00.
Newton iteration 8.
  Active set size = 380746.
  sub-gradient = 1.466399e+02, l1-norm of X = 6.940285e+02.
  Coordinate descent sweep 1. norm of D = 1.217462e+02, change in D = 1.217462e+02.
  Coordinate descent sweep 2. norm of D = 1.500686e+02, change in D = 9.436789e+01.
  Coordinate descent sweep 3. norm of D = 1.689038e+02, change in D = 7.277023e+01.
    Line search step size chosen: 1.000000e+00.
  Objective value decreased by 1.818537e+00.
Newton iteration 9.
  Active set size = 378336.
  sub-gradient = 6.849159e+01, l1-norm of X = 6.972674e+02.
  Coordinate descent sweep 1. norm of D = 6.038820e+01, change in D = 6.038820e+01.
  Coordinate descent sweep 2. norm of D = 7.449940e+01, change in D = 5.014691e+01.
  Coordinate descent sweep 3. norm of D = 8.360602e+01, change in D = 4.151453e+01.
  Coordinate descent sweep 4. norm of D = 9.109268e+01, change in D = 3.495059e+01.
    Line search step size chosen: 1.000000e+00.
  Objective value decreased by 9.121274e-01.
Newton iteration 10.
  Active set size = 377462.
  sub-gradient = 3.278007e+01, l1-norm of X = 6.988554e+02.
  Coordinate descent sweep 1. norm of D = 3.048283e+01, change in D = 3.048283e+01.
  Coordinate descent sweep 2. norm of D = 3.820603e+01, change in D = 2.732252e+01.
  Coordinate descent sweep 3. norm of D = 4.285721e+01, change in D = 2.348333e+01.
  Coordinate descent sweep 4. norm of D = 4.639834e+01, change in D = 2.077296e+01.
    Line search step size chosen: 1.000000e+00.
  Objective value decreased by 3.945496e-01.
Newton iteration 11.
  Active set size = 377229.
  sub-gradient = 2.181385e+01, l1-norm of X = 6.995546e+02.
  Coordinate descent sweep 1. norm of D = 1.883549e+01, change in D = 1.883549e+01.
  Coordinate descent sweep 2. norm of D = 2.304651e+01, change in D = 1.671057e+01.
  Coordinate descent sweep 3. norm of D = 2.615677e+01, change in D = 1.510075e+01.
  Coordinate descent sweep 4. norm of D = 2.898536e+01, change in D = 1.418826e+01.
    Line search step size chosen: 1.000000e+00.
  Objective value decreased by 2.146853e-01.
Newton iteration 12.
  Active set size = 377006.
  sub-gradient = 1.247762e+01, l1-norm of X = 6.999442e+02.
  Coordinate descent sweep 1. norm of D = 1.274297e+01, change in D = 1.274297e+01.
  Coordinate descent sweep 2. norm of D = 1.606832e+01, change in D = 1.165859e+01.
  Coordinate descent sweep 3. norm of D = 1.792432e+01, change in D = 1.042378e+01.
  Coordinate descent sweep 4. norm of D = 1.962622e+01, change in D = 9.490658e+00.
  Coordinate descent sweep 5. norm of D = 2.114571e+01, change in D = 8.778835e+00.
    Line search step size chosen: 1.000000e+00.
  Objective value decreased by 1.519170e-01.
Newton iteration 13.
  Active set size = 376830.
  sub-gradient = 8.321246e+00, l1-norm of X = 7.002604e+02.
  Coordinate descent sweep 1. norm of D = 8.269962e+00, change in D = 8.269962e+00.
  Coordinate descent sweep 2. norm of D = 1.023521e+01, change in D = 7.306126e+00.
  Coordinate descent sweep 3. norm of D = 1.187282e+01, change in D = 7.050474e+00.
  Coordinate descent sweep 4. norm of D = 1.299303e+01, change in D = 6.621986e+00.
  Coordinate descent sweep 5. norm of D = 1.401670e+01, change in D = 6.273503e+00.
    Line search step size chosen: 1.000000e+00.
  Objective value decreased by 8.941687e-02.
Newton iteration 14.
  Active set size = 376728.
  sub-gradient = 5.860138e+00, l1-norm of X = 7.004537e+02.
  Coordinate descent sweep 1. norm of D = 5.653617e+00, change in D = 5.653617e+00.
  Coordinate descent sweep 2. norm of D = 7.319899e+00, change in D = 5.446382e+00.
  Coordinate descent sweep 3. norm of D = 8.303159e+00, change in D = 4.926907e+00.
  Coordinate descent sweep 4. norm of D = 9.165511e+00, change in D = 4.652649e+00.
  Coordinate descent sweep 5. norm of D = 9.941473e+00, change in D = 4.528265e+00.
    Line search step size chosen: 1.000000e+00.
  Objective value decreased by 5.509219e-02.
Newton iteration 15.
  Active set size = 376720.
  sub-gradient = 4.571196e+00, l1-norm of X = 7.005812e+02.
  Coordinate descent sweep 1. norm of D = 4.307620e+00, change in D = 4.307620e+00.
  Coordinate descent sweep 2. norm of D = 5.343425e+00, change in D = 3.978779e+00.
  Coordinate descent sweep 3. norm of D = 6.226750e+00, change in D = 3.764145e+00.
  Coordinate descent sweep 4. norm of D = 6.738210e+00, change in D = 3.477289e+00.
  Coordinate descent sweep 5. norm of D = 7.359969e+00, change in D = 3.366709e+00.
  Coordinate descent sweep 6. norm of D = 7.993910e+00, change in D = 3.371843e+00.
    Line search step size chosen: 1.000000e+00.
  Objective value decreased by 4.478572e-02.
Newton iteration 16.
  Active set size = 376677.
  sub-gradient = 2.778148e+00, l1-norm of X = 7.006939e+02.
  Coordinate descent sweep 1. norm of D = 3.129919e+00, change in D = 3.129919e+00.
  Coordinate descent sweep 2. norm of D = 4.016932e+00, change in D = 3.018091e+00.
  Coordinate descent sweep 3. norm of D = 4.584592e+00, change in D = 2.805096e+00.
  Coordinate descent sweep 4. norm of D = 5.072136e+00, change in D = 2.687521e+00.
  Coordinate descent sweep 5. norm of D = 5.378415e+00, change in D = 2.484280e+00.
  Coordinate descent sweep 6. norm of D = 5.680958e+00, change in D = 2.398091e+00.
    Line search step size chosen: 1.000000e+00.
  Objective value decreased by 2.552544e-02.
Newton iteration 17.
  Active set size = 376706.
  sub-gradient = 3.045707e+00, l1-norm of X = 7.007736e+02.
  Coordinate descent sweep 1. norm of D = 2.263797e+00, change in D = 2.263797e+00.
  Coordinate descent sweep 2. norm of D = 2.915907e+00, change in D = 2.238371e+00.
  Coordinate descent sweep 3. norm of D = 3.342360e+00, change in D = 2.141149e+00.
  Coordinate descent sweep 4. norm of D = 3.753357e+00, change in D = 2.102253e+00.
  Coordinate descent sweep 5. norm of D = 4.023516e+00, change in D = 1.984233e+00.
  Coordinate descent sweep 6. norm of D = 4.299811e+00, change in D = 1.953579e+00.
    Line search step size chosen: 1.000000e+00.
  Objective value decreased by 1.844936e-02.
Newton iteration 18.
  Active set size = 376652.
  sub-gradient = 1.851658e+00, l1-norm of X = 7.008313e+02.
  Coordinate descent sweep 1. norm of D = 1.913137e+00, change in D = 1.913137e+00.
  Coordinate descent sweep 2. norm of D = 2.321013e+00, change in D = 1.759408e+00.
  Coordinate descent sweep 3. norm of D = 2.664710e+00, change in D = 1.667591e+00.
  Coordinate descent sweep 4. norm of D = 2.938886e+00, change in D = 1.614576e+00.
  Coordinate descent sweep 5. norm of D = 3.193022e+00, change in D = 1.513442e+00.
  Coordinate descent sweep 6. norm of D = 3.402943e+00, change in D = 1.496419e+00.
  Coordinate descent sweep 7. norm of D = 3.607197e+00, change in D = 1.418098e+00.
    Line search step size chosen: 1.000000e+00.
  Objective value decreased by 1.567107e-02.
Newton iteration 19.
  Active set size = 376645.
  sub-gradient = 1.524272e+00, l1-norm of X = 7.008872e+02.
  Coordinate descent sweep 1. norm of D = 1.417460e+00, change in D = 1.417460e+00.
  Coordinate descent sweep 2. norm of D = 1.844106e+00, change in D = 1.442048e+00.
  Coordinate descent sweep 3. norm of D = 2.046603e+00, change in D = 1.307541e+00.
  Coordinate descent sweep 4. norm of D = 2.278498e+00, change in D = 1.263112e+00.
  Coordinate descent sweep 5. norm of D = 2.396623e+00, change in D = 1.169687e+00.
  Coordinate descent sweep 6. norm of D = 2.593818e+00, change in D = 1.180246e+00.
  Coordinate descent sweep 7. norm of D = 2.808822e+00, change in D = 1.182457e+00.
    Line search step size chosen: 1.000000e+00.
  Objective value decreased by 1.097019e-02.
Newton iteration 20.
  Active set size = 376621.
  sub-gradient = 9.996708e-01, l1-norm of X = 7.009291e+02.
  Coordinate descent sweep 1. norm of D = 1.091893e+00, change in D = 1.091893e+00.
  Coordinate descent sweep 2. norm of D = 1.383168e+00, change in D = 1.040744e+00.
  Coordinate descent sweep 3. norm of D = 1.684085e+00, change in D = 1.120199e+00.
  Coordinate descent sweep 4. norm of D = 1.852947e+00, change in D = 1.072041e+00.
  Coordinate descent sweep 5. norm of D = 2.006252e+00, change in D = 1.013469e+00.
  Coordinate descent sweep 6. norm of D = 2.135947e+00, change in D = 9.532063e-01.
  Coordinate descent sweep 7. norm of D = 2.233988e+00, change in D = 8.675670e-01.
    Line search step size chosen: 1.000000e+00.
  Objective value decreased by 8.199827e-03.
Newton iteration 21.
  Active set size = 376621.
  sub-gradient = 9.714120e-01, l1-norm of X = 7.009611e+02.
  Coordinate descent sweep 1. norm of D = 9.262578e-01, change in D = 9.262578e-01.
  Coordinate descent sweep 2. norm of D = 1.141837e+00, change in D = 9.284389e-01.
  Coordinate descent sweep 3. norm of D = 1.270877e+00, change in D = 8.393454e-01.
  Coordinate descent sweep 4. norm of D = 1.402746e+00, change in D = 8.026931e-01.
  Coordinate descent sweep 5. norm of D = 1.511705e+00, change in D = 7.780385e-01.
  Coordinate descent sweep 6. norm of D = 1.638110e+00, change in D = 7.925634e-01.
  Coordinate descent sweep 7. norm of D = 1.717662e+00, change in D = 7.379221e-01.
  Coordinate descent sweep 8. norm of D = 1.830022e+00, change in D = 7.554687e-01.
    Line search step size chosen: 1.000000e+00.
  Objective value decreased by 6.553682e-03.
Newton iteration 22.
  Active set size = 376612.
  sub-gradient = 6.051556e-01, l1-norm of X = 7.009881e+02.
  Coordinate descent sweep 1. norm of D = 6.731119e-01, change in D = 6.731119e-01.
  Coordinate descent sweep 2. norm of D = 9.297062e-01, change in D = 6.898519e-01.
  Coordinate descent sweep 3. norm of D = 1.058454e+00, change in D = 6.809581e-01.
  Coordinate descent sweep 4. norm of D = 1.192863e+00, change in D = 6.835558e-01.
  Coordinate descent sweep 5. norm of D = 1.290697e+00, change in D = 6.689081e-01.
  Coordinate descent sweep 6. norm of D = 1.363238e+00, change in D = 6.123850e-01.
  Coordinate descent sweep 7. norm of D = 1.434190e+00, change in D = 6.173517e-01.
  Coordinate descent sweep 8. norm of D = 1.543894e+00, change in D = 6.069335e-01.
    Line search step size chosen: 1.000000e+00.
  Objective value decreased by 5.206962e-03.
Newton iteration 23.
  Active set size = 376613.
  sub-gradient = 5.617128e-01, l1-norm of X = 7.010117e+02.
  Coordinate descent sweep 1. norm of D = 6.088168e-01, change in D = 6.088168e-01.
  Coordinate descent sweep 2. norm of D = 7.737318e-01, change in D = 5.901808e-01.
  Coordinate descent sweep 3. norm of D = 8.624797e-01, change in D = 5.545082e-01.
  Coordinate descent sweep 4. norm of D = 9.558671e-01, change in D = 5.268699e-01.
  Coordinate descent sweep 5. norm of D = 1.057358e+00, change in D = 5.137568e-01.
  Coordinate descent sweep 6. norm of D = 1.135701e+00, change in D = 4.904308e-01.
  Coordinate descent sweep 7. norm of D = 1.249215e+00, change in D = 5.536250e-01.
  Coordinate descent sweep 8. norm of D = 1.275467e+00, change in D = 5.109977e-01.
    Line search step size chosen: 1.000000e+00.
  Objective value decreased by 3.832852e-03.
Newton iteration 24.
  Active set size = 376611.
  sub-gradient = 6.930798e-01, l1-norm of X = 7.010297e+02.
  Coordinate descent sweep 1. norm of D = 4.763656e-01, change in D = 4.763656e-01.
  Coordinate descent sweep 2. norm of D = 6.248990e-01, change in D = 4.718506e-01.
  Coordinate descent sweep 3. norm of D = 6.975623e-01, change in D = 4.444039e-01.
  Coordinate descent sweep 4. norm of D = 7.899361e-01, change in D = 4.602800e-01.
  Coordinate descent sweep 5. norm of D = 8.521209e-01, change in D = 4.393482e-01.
  Coordinate descent sweep 6. norm of D = 9.137364e-01, change in D = 4.429266e-01.
  Coordinate descent sweep 7. norm of D = 9.878300e-01, change in D = 4.346483e-01.
  Coordinate descent sweep 8. norm of D = 1.050765e+00, change in D = 4.477323e-01.
  Coordinate descent sweep 9. norm of D = 1.061447e+00, change in D = 3.850643e-01.
    Line search step size chosen: 1.000000e+00.
  Objective value decreased by 3.163718e-03.
Newton iteration 25.
  Active set size = 376607.
  sub-gradient = 3.271368e-01, l1-norm of X = 7.010441e+02.
  Coordinate descent sweep 1. norm of D = 3.705789e-01, change in D = 3.705789e-01.
  Coordinate descent sweep 2. norm of D = 5.170119e-01, change in D = 3.946000e-01.
  Coordinate descent sweep 3. norm of D = 5.866408e-01, change in D = 3.908345e-01.
  Coordinate descent sweep 4. norm of D = 6.584320e-01, change in D = 3.812871e-01.
  Coordinate descent sweep 5. norm of D = 7.204723e-01, change in D = 3.656381e-01.
  Coordinate descent sweep 6. norm of D = 7.526268e-01, change in D = 3.481342e-01.
  Coordinate descent sweep 7. norm of D = 8.036203e-01, change in D = 3.318833e-01.
  Coordinate descent sweep 8. norm of D = 8.597220e-01, change in D = 3.436773e-01.
  Coordinate descent sweep 9. norm of D = 8.962210e-01, change in D = 3.305891e-01.
    Line search step size chosen: 1.000000e+00.
  Objective value decreased by 2.544060e-03.
Newton iteration 26.
  Active set size = 376635.
  sub-gradient = 1.057037e+00, l1-norm of X = 7.010579e+02.
  Coordinate descent sweep 1. norm of D = 3.404083e-01, change in D = 3.404083e-01.
  Coordinate descent sweep 2. norm of D = 4.445456e-01, change in D = 3.519608e-01.
  Coordinate descent sweep 3. norm of D = 5.056742e-01, change in D = 3.344021e-01.
  Coordinate descent sweep 4. norm of D = 5.370956e-01, change in D = 3.086788e-01.
  Coordinate descent sweep 5. norm of D = 5.810366e-01, change in D = 2.874598e-01.
  Coordinate descent sweep 6. norm of D = 6.244796e-01, change in D = 2.916860e-01.
  Coordinate descent sweep 7. norm of D = 6.567416e-01, change in D = 2.758081e-01.
  Coordinate descent sweep 8. norm of D = 7.056309e-01, change in D = 2.865383e-01.
  Coordinate descent sweep 9. norm of D = 7.471007e-01, change in D = 2.774873e-01.
    Line search step size chosen: 1.000000e+00.
  Objective value decreased by 1.871972e-03.
Newton iteration 27.
  Active set size = 376611.
  sub-gradient = 3.019396e-01, l1-norm of X = 7.010697e+02.
  Coordinate descent sweep 1. norm of D = 2.803924e-01, change in D = 2.803924e-01.
  Coordinate descent sweep 2. norm of D = 3.510221e-01, change in D = 2.563632e-01.
  Coordinate descent sweep 3. norm of D = 4.241763e-01, change in D = 2.757396e-01.
  Coordinate descent sweep 4. norm of D = 4.597592e-01, change in D = 2.444154e-01.
  Coordinate descent sweep 5. norm of D = 5.091674e-01, change in D = 2.519892e-01.
  Coordinate descent sweep 6. norm of D = 5.270150e-01, change in D = 2.365596e-01.
  Coordinate descent sweep 7. norm of D = 5.572584e-01, change in D = 2.290489e-01.
  Coordinate descent sweep 8. norm of D = 6.063778e-01, change in D = 2.462024e-01.
  Coordinate descent sweep 9. norm of D = 6.180804e-01, change in D = 2.271697e-01.
  Coordinate descent sweep 10. norm of D = 6.622841e-01, change in D = 2.335775e-01.
    Line search step size chosen: 1.000000e+00.
  Objective value decreased by 1.611825e-03.
Newton iteration 28.
  Active set size = 376604.
  sub-gradient = 2.085876e-01, l1-norm of X = 7.010803e+02.
  Coordinate descent sweep 1. norm of D = 2.416969e-01, change in D = 2.416969e-01.
  Coordinate descent sweep 2. norm of D = 3.045495e-01, change in D = 2.402850e-01.
  Coordinate descent sweep 3. norm of D = 3.412233e-01, change in D = 2.209692e-01.
  Coordinate descent sweep 4. norm of D = 3.648149e-01, change in D = 1.919450e-01.
  Coordinate descent sweep 5. norm of D = 4.100274e-01, change in D = 2.027903e-01.
  Coordinate descent sweep 6. norm of D = 4.451773e-01, change in D = 2.030093e-01.
  Coordinate descent sweep 7. norm of D = 4.639250e-01, change in D = 1.835974e-01.
  Coordinate descent sweep 8. norm of D = 5.132869e-01, change in D = 2.223698e-01.
  Coordinate descent sweep 9. norm of D = 5.326125e-01, change in D = 2.104919e-01.
  Coordinate descent sweep 10. norm of D = 5.631613e-01, change in D = 2.081123e-01.
    Line search step size chosen: 1.000000e+00.
  Objective value decreased by 1.270926e-03.
Newton iteration 29.
  Active set size = 376605.
  sub-gradient = 1.709393e-01, l1-norm of X = 7.010885e+02.
  Coordinate descent sweep 1. norm of D = 1.820985e-01, change in D = 1.820985e-01.
  Coordinate descent sweep 2. norm of D = 2.364967e-01, change in D = 1.597896e-01.
  Coordinate descent sweep 3. norm of D = 2.972932e-01, change in D = 1.782920e-01.
  Coordinate descent sweep 4. norm of D = 3.406446e-01, change in D = 2.028167e-01.
  Coordinate descent sweep 5. norm of D = 3.583149e-01, change in D = 1.873191e-01.
  Coordinate descent sweep 6. norm of D = 3.753832e-01, change in D = 1.749307e-01.
  Coordinate descent sweep 7. norm of D = 3.891723e-01, change in D = 1.657691e-01.
  Coordinate descent sweep 8. norm of D = 4.379392e-01, change in D = 1.898250e-01.
  Coordinate descent sweep 9. norm of D = 4.501943e-01, change in D = 1.848854e-01.
  Coordinate descent sweep 10. norm of D = 4.730331e-01, change in D = 1.762836e-01.
    Line search step size chosen: 1.000000e+00.
  Objective value decreased by 1.051203e-03.
Newton iteration 30.
  Active set size = 376606.
  sub-gradient = 1.356249e-01, l1-norm of X = 7.010956e+02.
  Coordinate descent sweep 1. norm of D = 1.816537e-01, change in D = 1.816537e-01.
  Coordinate descent sweep 2. norm of D = 2.114979e-01, change in D = 1.535846e-01.
  Coordinate descent sweep 3. norm of D = 2.597608e-01, change in D = 1.717246e-01.
  Coordinate descent sweep 4. norm of D = 2.835282e-01, change in D = 1.629919e-01.
  Coordinate descent sweep 5. norm of D = 3.086923e-01, change in D = 1.723302e-01.
  Coordinate descent sweep 6. norm of D = 3.349653e-01, change in D = 1.651130e-01.
  Coordinate descent sweep 7. norm of D = 3.556975e-01, change in D = 1.582001e-01.
  Coordinate descent sweep 8. norm of D = 3.676520e-01, change in D = 1.551692e-01.
  Coordinate descent sweep 9. norm of D = 3.833096e-01, change in D = 1.394735e-01.
  Coordinate descent sweep 10. norm of D = 4.000306e-01, change in D = 1.397735e-01.
  Coordinate descent sweep 11. norm of D = 4.145776e-01, change in D = 1.396056e-01.
    Line search step size chosen: 1.000000e+00.
  Objective value decreased by 8.792490e-04.
Newton iteration 31.
  Active set size = 376604.
  sub-gradient = 1.378385e-01, l1-norm of X = 7.011016e+02.
  Coordinate descent sweep 1. norm of D = 1.441137e-01, change in D = 1.441137e-01.
  Coordinate descent sweep 2. norm of D = 1.841195e-01, change in D = 1.400584e-01.
  Coordinate descent sweep 3. norm of D = 1.999929e-01, change in D = 1.254719e-01.
  Coordinate descent sweep 4. norm of D = 2.278670e-01, change in D = 1.456491e-01.
  Coordinate descent sweep 5. norm of D = 2.502010e-01, change in D = 1.388478e-01.
  Coordinate descent sweep 6. norm of D = 2.502731e-01, change in D = 1.149872e-01.
  Coordinate descent sweep 7. norm of D = 2.745424e-01, change in D = 1.232834e-01.
  Coordinate descent sweep 8. norm of D = 2.917761e-01, change in D = 1.244620e-01.
  Coordinate descent sweep 9. norm of D = 3.101287e-01, change in D = 1.374581e-01.
  Coordinate descent sweep 10. norm of D = 3.258447e-01, change in D = 1.324356e-01.
  Coordinate descent sweep 11. norm of D = 3.372656e-01, change in D = 1.203751e-01.
    Line search step size chosen: 1.000000e+00.
  Objective value decreased by 6.663572e-04.
Newton iteration 32.
  Active set size = 376605.
  sub-gradient = 9.737777e-02, l1-norm of X = 7.011072e+02.
  Coordinate descent sweep 1. norm of D = 1.106642e-01, change in D = 1.106642e-01.
  Coordinate descent sweep 2. norm of D = 1.517502e-01, change in D = 1.207224e-01.
  Coordinate descent sweep 3. norm of D = 1.822646e-01, change in D = 1.189846e-01.
  Coordinate descent sweep 4. norm of D = 2.006919e-01, change in D = 1.012109e-01.
  Coordinate descent sweep 5. norm of D = 2.270775e-01, change in D = 1.113381e-01.
  Coordinate descent sweep 6. norm of D = 2.465668e-01, change in D = 1.261123e-01.
  Coordinate descent sweep 7. norm of D = 2.477872e-01, change in D = 1.106659e-01.
  Coordinate descent sweep 8. norm of D = 2.588353e-01, change in D = 9.761981e-02.
  Coordinate descent sweep 9. norm of D = 2.703106e-01, change in D = 1.068399e-01.
  Coordinate descent sweep 10. norm of D = 2.913796e-01, change in D = 1.146493e-01.
  Coordinate descent sweep 11. norm of D = 3.006434e-01, change in D = 1.094758e-01.
    Line search step size chosen: 1.000000e+00.
  Objective value decreased by 5.368031e-04.
Newton iteration 33.
  Active set size = 376605.
  sub-gradient = 1.286963e-01, l1-norm of X = 7.011119e+02.
  Coordinate descent sweep 1. norm of D = 1.037007e-01, change in D = 1.037007e-01.
  Coordinate descent sweep 2. norm of D = 1.469221e-01, change in D = 1.107029e-01.
  Coordinate descent sweep 3. norm of D = 1.659860e-01, change in D = 1.079350e-01.
  Coordinate descent sweep 4. norm of D = 1.745733e-01, change in D = 9.811301e-02.
  Coordinate descent sweep 5. norm of D = 1.856951e-01, change in D = 9.451045e-02.
  Coordinate descent sweep 6. norm of D = 1.965420e-01, change in D = 8.809787e-02.
  Coordinate descent sweep 7. norm of D = 2.169862e-01, change in D = 9.211598e-02.
  Coordinate descent sweep 8. norm of D = 2.270949e-01, change in D = 9.132668e-02.
  Coordinate descent sweep 9. norm of D = 2.397932e-01, change in D = 8.672215e-02.
  Coordinate descent sweep 10. norm of D = 2.573087e-01, change in D = 8.792696e-02.
  Coordinate descent sweep 11. norm of D = 2.719032e-01, change in D = 9.680401e-02.
  Coordinate descent sweep 12. norm of D = 2.785851e-01, change in D = 9.200881e-02.
    Line search step size chosen: 1.000000e+00.
  Objective value decreased by 4.566123e-04.
Newton iteration 34.
  Active set size = 376602.
  sub-gradient = 7.648601e-02, l1-norm of X = 7.011160e+02.
  Coordinate descent sweep 1. norm of D = 8.336760e-02, change in D = 8.336760e-02.
  Coordinate descent sweep 2. norm of D = 1.258580e-01, change in D = 9.723588e-02.
  Coordinate descent sweep 3. norm of D = 1.412762e-01, change in D = 9.373420e-02.
  Coordinate descent sweep 4. norm of D = 1.546661e-01, change in D = 8.127473e-02.
  Coordinate descent sweep 5. norm of D = 1.648769e-01, change in D = 8.736857e-02.
  Coordinate descent sweep 6. norm of D = 1.811929e-01, change in D = 8.831409e-02.
  Coordinate descent sweep 7. norm of D = 1.919833e-01, change in D = 8.398908e-02.
  Coordinate descent sweep 8. norm of D = 1.991622e-01, change in D = 7.674605e-02.
  Coordinate descent sweep 9. norm of D = 2.076769e-01, change in D = 7.809552e-02.
  Coordinate descent sweep 10. norm of D = 2.082006e-01, change in D = 6.757244e-02.
  Coordinate descent sweep 11. norm of D = 2.193699e-01, change in D = 7.232883e-02.
  Coordinate descent sweep 12. norm of D = 2.314679e-01, change in D = 7.679052e-02.
    Line search step size chosen: 1.000000e+00.
  Objective value decreased by 3.526890e-04.
Newton iteration 35.
  Active set size = 376604.
  sub-gradient = 7.513082e-02, l1-norm of X = 7.011197e+02.
  Coordinate descent sweep 1. norm of D = 7.788977e-02, change in D = 7.788977e-02.
  Coordinate descent sweep 2. norm of D = 9.412695e-02, change in D = 6.931451e-02.
  Coordinate descent sweep 3. norm of D = 1.157613e-01, change in D = 7.886196e-02.
  Coordinate descent sweep 4. norm of D = 1.285201e-01, change in D = 7.443838e-02.
  Coordinate descent sweep 5. norm of D = 1.440605e-01, change in D = 7.353938e-02.
  Coordinate descent sweep 6. norm of D = 1.581403e-01, change in D = 8.054804e-02.
  Coordinate descent sweep 7. norm of D = 1.673775e-01, change in D = 7.239329e-02.
  Coordinate descent sweep 8. norm of D = 1.826238e-01, change in D = 7.797898e-02.
  Coordinate descent sweep 9. norm of D = 1.942638e-01, change in D = 7.259134e-02.
  Coordinate descent sweep 10. norm of D = 1.981499e-01, change in D = 6.779194e-02.
  Coordinate descent sweep 11. norm of D = 2.102977e-01, change in D = 7.204888e-02.
  Coordinate descent sweep 12. norm of D = 2.126250e-01, change in D = 6.593809e-02.
    Line search step size chosen: 1.000000e+00.
  Objective value decreased by 2.938021e-04.
Newton iteration 36.
  Active set size = 376601.
  sub-gradient = 5.745522e-02, l1-norm of X = 7.011228e+02.
  Coordinate descent sweep 1. norm of D = 6.483626e-02, change in D = 6.483626e-02.
  Coordinate descent sweep 2. norm of D = 8.671350e-02, change in D = 6.677928e-02.
  Coordinate descent sweep 3. norm of D = 9.979650e-02, change in D = 6.213689e-02.
  Coordinate descent sweep 4. norm of D = 1.097045e-01, change in D = 6.037637e-02.
  Coordinate descent sweep 5. norm of D = 1.163664e-01, change in D = 5.809716e-02.
  Coordinate descent sweep 6. norm of D = 1.247630e-01, change in D = 5.672683e-02.
  Coordinate descent sweep 7. norm of D = 1.381229e-01, change in D = 6.654080e-02.
  Coordinate descent sweep 8. norm of D = 1.444696e-01, change in D = 6.580035e-02.
  Coordinate descent sweep 9. norm of D = 1.498960e-01, change in D = 6.116297e-02.
  Coordinate descent sweep 10. norm of D = 1.556654e-01, change in D = 5.543998e-02.
  Coordinate descent sweep 11. norm of D = 1.712535e-01, change in D = 6.386114e-02.
  Coordinate descent sweep 12. norm of D = 1.750972e-01, change in D = 6.196710e-02.
  Coordinate descent sweep 13. norm of D = 1.810613e-01, change in D = 5.627268e-02.
    Line search step size chosen: 1.000000e+00.
  Objective value decreased by 2.361246e-04.
QUIC CPU time: 41370.307 seconds
