[1] "/work-zfs/abattle4/prashanthi/recount3/data/blood/all/weighted_covariances/cov_65.rds"
[1] "Data read complete"
Running QUIC version 1.1 in 'default' mode.
Newton iteration 1.
  X is a diagonal matrix.
    Line search step size 1.000000e+00.  Lack of positive definiteness.
    Line search step size 5.000000e-01.  Lack of positive definiteness.
    Line search step size 2.500000e-01.  Lack of positive definiteness.
    Line search step size 1.250000e-01.  Lack of positive definiteness.
    Line search step size chosen: 6.250000e-02.
  Objective value decreased by 2.604957e+01.
Newton iteration 2.
  Active set size = 22880.
  sub-gradient = 1.100244e+03, l1-norm of X = 3.327905e+01.
  Coordinate descent sweep 1. norm of D = 8.012205e+02, change in D = 8.012205e+02.
    Line search step size 1.000000e+00.  Lack of positive definiteness.
    Line search step size 5.000000e-01.  Lack of positive definiteness.
    Line search step size 2.500000e-01.  Lack of positive definiteness.
    Line search step size chosen: 1.250000e-01.
  Objective value decreased by 2.622633e+01.
Newton iteration 3.
  Active set size = 22880.
  sub-gradient = 8.439023e+02, l1-norm of X = 7.525943e+01.
  Coordinate descent sweep 1. norm of D = 4.935937e+02, change in D = 4.935937e+02.
  Coordinate descent sweep 2. norm of D = 4.718019e+02, change in D = 1.179182e+02.
    Line search step size 1.000000e+00.  Lack of positive definiteness.
    Line search step size chosen: 5.000000e-01.
  Objective value decreased by 3.221700e+01.
Newton iteration 4.
  Active set size = 22895.
  sub-gradient = 3.913157e+02, l1-norm of X = 1.530240e+02.
  Coordinate descent sweep 1. norm of D = 1.995435e+02, change in D = 1.995435e+02.
  Coordinate descent sweep 2. norm of D = 2.370332e+02, change in D = 6.926084e+01.
    Line search step size chosen: 1.000000e+00.
  Objective value decreased by 1.119048e+01.
Newton iteration 5.
  Active set size = 18071.
  sub-gradient = 5.965130e+01, l1-norm of X = 1.952315e+02.
  Coordinate descent sweep 1. norm of D = 5.243644e+01, change in D = 5.243644e+01.
  Coordinate descent sweep 2. norm of D = 6.857570e+01, change in D = 2.979752e+01.
    Line search step size chosen: 1.000000e+00.
  Objective value decreased by 1.746598e+00.
Newton iteration 6.
  Active set size = 17703.
  sub-gradient = 2.265535e+01, l1-norm of X = 2.015348e+02.
  Coordinate descent sweep 1. norm of D = 2.106739e+01, change in D = 2.106739e+01.
  Coordinate descent sweep 2. norm of D = 2.828996e+01, change in D = 1.448377e+01.
  Coordinate descent sweep 3. norm of D = 3.306453e+01, change in D = 9.892519e+00.
    Line search step size chosen: 1.000000e+00.
  Objective value decreased by 5.888591e-01.
Newton iteration 7.
  Active set size = 17564.
  sub-gradient = 8.819481e+00, l1-norm of X = 2.044052e+02.
  Coordinate descent sweep 1. norm of D = 7.828650e+00, change in D = 7.828650e+00.
  Coordinate descent sweep 2. norm of D = 1.085504e+01, change in D = 5.930923e+00.
  Coordinate descent sweep 3. norm of D = 1.285142e+01, change in D = 4.612790e+00.
    Line search step size chosen: 1.000000e+00.
  Objective value decreased by 1.500440e-01.
Newton iteration 8.
  Active set size = 17502.
  sub-gradient = 3.679980e+00, l1-norm of X = 2.054210e+02.
  Coordinate descent sweep 1. norm of D = 3.788454e+00, change in D = 3.788454e+00.
  Coordinate descent sweep 2. norm of D = 5.378549e+00, change in D = 3.038309e+00.
  Coordinate descent sweep 3. norm of D = 6.423914e+00, change in D = 2.381614e+00.
    Line search step size chosen: 1.000000e+00.
  Objective value decreased by 5.610393e-02.
Newton iteration 9.
  Active set size = 17485.
  sub-gradient = 3.612338e+00, l1-norm of X = 2.058946e+02.
  Coordinate descent sweep 1. norm of D = 1.986075e+00, change in D = 1.986075e+00.
  Coordinate descent sweep 2. norm of D = 2.771492e+00, change in D = 1.646113e+00.
  Coordinate descent sweep 3. norm of D = 3.344906e+00, change in D = 1.303773e+00.
  Coordinate descent sweep 4. norm of D = 3.797719e+00, change in D = 1.159766e+00.
    Line search step size chosen: 1.000000e+00.
  Objective value decreased by 2.632038e-02.
Newton iteration 10.
  Active set size = 17471.
  sub-gradient = 1.196755e+00, l1-norm of X = 2.061830e+02.
  Coordinate descent sweep 1. norm of D = 9.966746e-01, change in D = 9.966746e-01.
  Coordinate descent sweep 2. norm of D = 1.372992e+00, change in D = 8.134946e-01.
  Coordinate descent sweep 3. norm of D = 1.686712e+00, change in D = 7.215600e-01.
  Coordinate descent sweep 4. norm of D = 1.920276e+00, change in D = 6.532135e-01.
    Line search step size chosen: 1.000000e+00.
  Objective value decreased by 9.094571e-03.
Newton iteration 11.
  Active set size = 17467.
  sub-gradient = 5.411006e-01, l1-norm of X = 2.063191e+02.
  Coordinate descent sweep 1. norm of D = 5.368410e-01, change in D = 5.368410e-01.
  Coordinate descent sweep 2. norm of D = 7.871795e-01, change in D = 4.967840e-01.
  Coordinate descent sweep 3. norm of D = 9.683827e-01, change in D = 4.307693e-01.
  Coordinate descent sweep 4. norm of D = 1.094451e+00, change in D = 3.714013e-01.
    Line search step size chosen: 1.000000e+00.
  Objective value decreased by 3.766662e-03.
Newton iteration 12.
  Active set size = 17468.
  sub-gradient = 4.371200e-01, l1-norm of X = 2.063865e+02.
  Coordinate descent sweep 1. norm of D = 3.344719e-01, change in D = 3.344719e-01.
  Coordinate descent sweep 2. norm of D = 4.710186e-01, change in D = 2.894998e-01.
  Coordinate descent sweep 3. norm of D = 5.730668e-01, change in D = 2.544190e-01.
  Coordinate descent sweep 4. norm of D = 6.770816e-01, change in D = 2.299391e-01.
  Coordinate descent sweep 5. norm of D = 7.569837e-01, change in D = 1.962686e-01.
    Line search step size chosen: 1.000000e+00.
  Objective value decreased by 1.958585e-03.
Newton iteration 13.
  Active set size = 17465.
  sub-gradient = 1.603915e-01, l1-norm of X = 2.064409e+02.
  Coordinate descent sweep 1. norm of D = 1.709589e-01, change in D = 1.709589e-01.
  Coordinate descent sweep 2. norm of D = 2.491013e-01, change in D = 1.556018e-01.
  Coordinate descent sweep 3. norm of D = 3.042197e-01, change in D = 1.327325e-01.
  Coordinate descent sweep 4. norm of D = 3.495293e-01, change in D = 1.308425e-01.
  Coordinate descent sweep 5. norm of D = 3.869483e-01, change in D = 1.126684e-01.
    Line search step size chosen: 1.000000e+00.
  Objective value decreased by 6.933561e-04.
Newton iteration 14.
  Active set size = 17465.
  sub-gradient = 1.266752e-01, l1-norm of X = 2.064683e+02.
  Coordinate descent sweep 1. norm of D = 1.085067e-01, change in D = 1.085067e-01.
  Coordinate descent sweep 2. norm of D = 1.395147e-01, change in D = 7.941766e-02.
  Coordinate descent sweep 3. norm of D = 1.662522e-01, change in D = 7.240711e-02.
  Coordinate descent sweep 4. norm of D = 1.942432e-01, change in D = 7.272117e-02.
  Coordinate descent sweep 5. norm of D = 2.217857e-01, change in D = 6.710539e-02.
    Line search step size chosen: 1.000000e+00.
  Objective value decreased by 2.972728e-04.
Newton iteration 15.
  Active set size = 17465.
  sub-gradient = 5.630802e-02, l1-norm of X = 2.064820e+02.
  Coordinate descent sweep 1. norm of D = 5.489537e-02, change in D = 5.489537e-02.
  Coordinate descent sweep 2. norm of D = 8.389736e-02, change in D = 5.738196e-02.
  Coordinate descent sweep 3. norm of D = 1.039381e-01, change in D = 5.277559e-02.
  Coordinate descent sweep 4. norm of D = 1.222223e-01, change in D = 4.422066e-02.
  Coordinate descent sweep 5. norm of D = 1.385240e-01, change in D = 4.097235e-02.
  Coordinate descent sweep 6. norm of D = 1.513500e-01, change in D = 3.456836e-02.
    Line search step size chosen: 1.000000e+00.
  Objective value decreased by 1.721232e-04.
Newton iteration 16.
  Active set size = 17465.
  sub-gradient = 3.341735e-02, l1-norm of X = 2.064920e+02.
  Coordinate descent sweep 1. norm of D = 3.654668e-02, change in D = 3.654668e-02.
  Coordinate descent sweep 2. norm of D = 5.190471e-02, change in D = 3.351080e-02.
  Coordinate descent sweep 3. norm of D = 6.030909e-02, change in D = 2.528765e-02.
  Coordinate descent sweep 4. norm of D = 6.975801e-02, change in D = 2.396557e-02.
  Coordinate descent sweep 5. norm of D = 7.728671e-02, change in D = 2.306999e-02.
  Coordinate descent sweep 6. norm of D = 8.381313e-02, change in D = 2.220197e-02.
    Line search step size chosen: 1.000000e+00.
  Objective value decreased by 6.338439e-05.
Newton iteration 17.
  Active set size = 17465.
  sub-gradient = 1.808101e-02, l1-norm of X = 2.064972e+02.
  Coordinate descent sweep 1. norm of D = 2.224865e-02, change in D = 2.224865e-02.
  Coordinate descent sweep 2. norm of D = 2.737385e-02, change in D = 1.729387e-02.
  Coordinate descent sweep 3. norm of D = 3.642516e-02, change in D = 1.859581e-02.
  Coordinate descent sweep 4. norm of D = 4.262946e-02, change in D = 1.609207e-02.
  Coordinate descent sweep 5. norm of D = 4.834957e-02, change in D = 1.499507e-02.
  Coordinate descent sweep 6. norm of D = 5.242800e-02, change in D = 1.378702e-02.
    Line search step size chosen: 1.000000e+00.
  Objective value decreased by 2.710598e-05.
QUIC CPU time: 3532.860 seconds
