[1] "/work-zfs/abattle4/prashanthi/recount3/data/blood/all/weighted_covariances/cov_65.rds"
[1] "Data read complete"
Running QUIC version 1.1 in 'default' mode.
Newton iteration 1.
  X is a diagonal matrix.
    Line search step size 1.000000e+00.  Lack of positive definiteness.
    Line search step size 5.000000e-01.  Lack of positive definiteness.
    Line search step size 2.500000e-01.  Lack of positive definiteness.
    Line search step size 1.250000e-01.  Lack of positive definiteness.
    Line search step size chosen: 6.250000e-02.
  Objective value decreased by 1.687273e+01.
Newton iteration 2.
  Active set size = 16243.
  sub-gradient = 6.920635e+02, l1-norm of X = 2.455324e+01.
  Coordinate descent sweep 1. norm of D = 5.240730e+02, change in D = 5.240730e+02.
    Line search step size 1.000000e+00.  Lack of positive definiteness.
    Line search step size 5.000000e-01.  Lack of positive definiteness.
    Line search step size 2.500000e-01.  Lack of positive definiteness.
    Line search step size chosen: 1.250000e-01.
  Objective value decreased by 1.850309e+01.
Newton iteration 3.
  Active set size = 16243.
  sub-gradient = 5.347788e+02, l1-norm of X = 5.718116e+01.
  Coordinate descent sweep 1. norm of D = 3.256143e+02, change in D = 3.256143e+02.
  Coordinate descent sweep 2. norm of D = 3.106899e+02, change in D = 7.941744e+01.
    Line search step size 1.000000e+00.  Lack of positive definiteness.
    Line search step size chosen: 5.000000e-01.
  Objective value decreased by 2.309023e+01.
Newton iteration 4.
  Active set size = 16243.
  sub-gradient = 2.176360e+02, l1-norm of X = 1.180234e+02.
  Coordinate descent sweep 1. norm of D = 1.318679e+02, change in D = 1.318679e+02.
  Coordinate descent sweep 2. norm of D = 1.581507e+02, change in D = 4.566907e+01.
    Line search step size chosen: 1.000000e+00.
  Objective value decreased by 7.753290e+00.
Newton iteration 5.
  Active set size = 13770.
  sub-gradient = 3.792492e+01, l1-norm of X = 1.513304e+02.
  Coordinate descent sweep 1. norm of D = 3.425395e+01, change in D = 3.425395e+01.
  Coordinate descent sweep 2. norm of D = 4.586745e+01, change in D = 1.975458e+01.
    Line search step size chosen: 1.000000e+00.
  Objective value decreased by 1.094128e+00.
Newton iteration 6.
  Active set size = 13589.
  sub-gradient = 1.461664e+01, l1-norm of X = 1.563326e+02.
  Coordinate descent sweep 1. norm of D = 1.382996e+01, change in D = 1.382996e+01.
  Coordinate descent sweep 2. norm of D = 1.870872e+01, change in D = 9.260700e+00.
  Coordinate descent sweep 3. norm of D = 2.170958e+01, change in D = 6.318261e+00.
    Line search step size chosen: 1.000000e+00.
  Objective value decreased by 3.597116e-01.
Newton iteration 7.
  Active set size = 13494.
  sub-gradient = 5.417424e+00, l1-norm of X = 1.586045e+02.
  Coordinate descent sweep 1. norm of D = 4.896711e+00, change in D = 4.896711e+00.
  Coordinate descent sweep 2. norm of D = 6.688915e+00, change in D = 3.666461e+00.
  Coordinate descent sweep 3. norm of D = 8.053326e+00, change in D = 2.863667e+00.
    Line search step size chosen: 1.000000e+00.
  Objective value decreased by 8.084509e-02.
Newton iteration 8.
  Active set size = 13462.
  sub-gradient = 2.057399e+00, l1-norm of X = 1.594002e+02.
  Coordinate descent sweep 1. norm of D = 2.190058e+00, change in D = 2.190058e+00.
  Coordinate descent sweep 2. norm of D = 3.096456e+00, change in D = 1.747423e+00.
  Coordinate descent sweep 3. norm of D = 3.691175e+00, change in D = 1.335691e+00.
    Line search step size chosen: 1.000000e+00.
  Objective value decreased by 2.471463e-02.
Newton iteration 9.
  Active set size = 13458.
  sub-gradient = 1.118607e+00, l1-norm of X = 1.597256e+02.
  Coordinate descent sweep 1. norm of D = 1.102231e+00, change in D = 1.102231e+00.
  Coordinate descent sweep 2. norm of D = 1.536937e+00, change in D = 8.836116e-01.
  Coordinate descent sweep 3. norm of D = 1.853425e+00, change in D = 7.047528e-01.
  Coordinate descent sweep 4. norm of D = 2.121385e+00, change in D = 6.123460e-01.
    Line search step size chosen: 1.000000e+00.
  Objective value decreased by 9.765900e-03.
Newton iteration 10.
  Active set size = 13448.
  sub-gradient = 6.082734e-01, l1-norm of X = 1.599104e+02.
  Coordinate descent sweep 1. norm of D = 5.280821e-01, change in D = 5.280821e-01.
  Coordinate descent sweep 2. norm of D = 7.364290e-01, change in D = 4.199441e-01.
  Coordinate descent sweep 3. norm of D = 8.753131e-01, change in D = 3.585836e-01.
  Coordinate descent sweep 4. norm of D = 9.877349e-01, change in D = 2.932840e-01.
    Line search step size chosen: 1.000000e+00.
  Objective value decreased by 3.090443e-03.
Newton iteration 11.
  Active set size = 13443.
  sub-gradient = 2.368919e-01, l1-norm of X = 1.599855e+02.
  Coordinate descent sweep 1. norm of D = 2.509162e-01, change in D = 2.509162e-01.
  Coordinate descent sweep 2. norm of D = 3.473480e-01, change in D = 2.105662e-01.
  Coordinate descent sweep 3. norm of D = 4.184138e-01, change in D = 1.756891e-01.
  Coordinate descent sweep 4. norm of D = 4.908225e-01, change in D = 1.599113e-01.
    Line search step size chosen: 1.000000e+00.
  Objective value decreased by 9.187809e-04.
Newton iteration 12.
  Active set size = 13441.
  sub-gradient = 1.539047e-01, l1-norm of X = 1.600261e+02.
  Coordinate descent sweep 1. norm of D = 1.307032e-01, change in D = 1.307032e-01.
  Coordinate descent sweep 2. norm of D = 1.875712e-01, change in D = 1.134847e-01.
  Coordinate descent sweep 3. norm of D = 2.380905e-01, change in D = 1.072133e-01.
  Coordinate descent sweep 4. norm of D = 2.735136e-01, change in D = 8.817942e-02.
  Coordinate descent sweep 5. norm of D = 2.939031e-01, change in D = 7.187798e-02.
    Line search step size chosen: 1.000000e+00.
  Objective value decreased by 3.829814e-04.
Newton iteration 13.
  Active set size = 13440.
  sub-gradient = 7.998207e-02, l1-norm of X = 1.600501e+02.
  Coordinate descent sweep 1. norm of D = 6.322353e-02, change in D = 6.322353e-02.
  Coordinate descent sweep 2. norm of D = 9.227693e-02, change in D = 5.663477e-02.
  Coordinate descent sweep 3. norm of D = 1.064713e-01, change in D = 4.538753e-02.
  Coordinate descent sweep 4. norm of D = 1.230939e-01, change in D = 4.064931e-02.
  Coordinate descent sweep 5. norm of D = 1.366430e-01, change in D = 3.934648e-02.
    Line search step size chosen: 1.000000e+00.
  Objective value decreased by 1.178439e-04.
Newton iteration 14.
  Active set size = 13440.
  sub-gradient = 2.759674e-02, l1-norm of X = 1.600620e+02.
  Coordinate descent sweep 1. norm of D = 3.289348e-02, change in D = 3.289348e-02.
  Coordinate descent sweep 2. norm of D = 4.361383e-02, change in D = 2.777777e-02.
  Coordinate descent sweep 3. norm of D = 5.637736e-02, change in D = 2.409832e-02.
  Coordinate descent sweep 4. norm of D = 6.547358e-02, change in D = 2.420041e-02.
  Coordinate descent sweep 5. norm of D = 7.213619e-02, change in D = 1.739882e-02.
    Line search step size chosen: 1.000000e+00.
  Objective value decreased by 3.580735e-05.
Newton iteration 15.
  Active set size = 13440.
  sub-gradient = 1.552792e-02, l1-norm of X = 1.600679e+02.
  Coordinate descent sweep 1. norm of D = 1.506629e-02, change in D = 1.506629e-02.
  Coordinate descent sweep 2. norm of D = 2.263831e-02, change in D = 1.529384e-02.
  Coordinate descent sweep 3. norm of D = 2.712254e-02, change in D = 1.280778e-02.
  Coordinate descent sweep 4. norm of D = 3.083082e-02, change in D = 1.236683e-02.
  Coordinate descent sweep 5. norm of D = 3.450748e-02, change in D = 1.124013e-02.
  Coordinate descent sweep 6. norm of D = 3.680221e-02, change in D = 7.997584e-03.
    Line search step size chosen: 1.000000e+00.
  Objective value decreased by 1.223027e-05.
QUIC CPU time: 3109.380 seconds
