[1] "/work-zfs/abattle4/prashanthi/recount3/data/blood/all/weighted_covariances/cov_65.rds"
[1] "Data read complete"
Running QUIC version 1.1 in 'default' mode.
Newton iteration 1.
  X is a diagonal matrix.
    Line search step size 1.000000e+00.  Lack of positive definiteness.
    Line search step size chosen: 5.000000e-01.
  Objective value decreased by 1.378931e+00.
Newton iteration 2.
  Active set size = 7994.
  sub-gradient = 5.889020e+00, l1-norm of X = 9.350293e+00.
  Coordinate descent sweep 1. norm of D = 5.895888e+00, change in D = 5.895888e+00.
    Line search step size chosen: 1.000000e+00.
  Objective value decreased by 2.520102e-01.
Newton iteration 3.
  Active set size = 7978.
  sub-gradient = 1.864333e+00, l1-norm of X = 1.354359e+01.
  Coordinate descent sweep 1. norm of D = 1.603276e+00, change in D = 1.603276e+00.
  Coordinate descent sweep 2. norm of D = 1.831918e+00, change in D = 5.392534e-01.
    Line search step size chosen: 1.000000e+00.
  Objective value decreased by 2.610763e-02.
Newton iteration 4.
  Active set size = 7974.
  sub-gradient = 2.486193e-01, l1-norm of X = 1.382318e+01.
  Coordinate descent sweep 1. norm of D = 2.426360e-01, change in D = 2.426360e-01.
  Coordinate descent sweep 2. norm of D = 2.889624e-01, change in D = 7.901604e-02.
    Line search step size chosen: 1.000000e+00.
  Objective value decreased by 8.612875e-04.
Newton iteration 5.
  Active set size = 7974.
  sub-gradient = 3.015358e-02, l1-norm of X = 1.385176e+01.
  Coordinate descent sweep 1. norm of D = 3.010726e-02, change in D = 3.010726e-02.
  Coordinate descent sweep 2. norm of D = 3.600279e-02, change in D = 1.146464e-02.
    Line search step size chosen: 1.000000e+00.
  Objective value decreased by 2.477617e-05.
Newton iteration 6.
  Active set size = 7974.
  sub-gradient = 7.118732e-03, l1-norm of X = 1.386471e+01.
  Coordinate descent sweep 1. norm of D = 6.052256e-03, change in D = 6.052256e-03.
  Coordinate descent sweep 2. norm of D = 6.525021e-03, change in D = 1.802337e-03.
  Coordinate descent sweep 3. norm of D = 6.961309e-03, change in D = 9.387975e-04.
    Line search step size chosen: 1.000000e+00.
  Objective value decreased by 1.012432e-06.
Newton iteration 7.
  Active set size = 7974.
  sub-gradient = 3.801931e-04, l1-norm of X = 1.386532e+01.
  Coordinate descent sweep 1. norm of D = 3.878851e-04, change in D = 3.878851e-04.
  Coordinate descent sweep 2. norm of D = 5.219725e-04, change in D = 2.310587e-04.
  Coordinate descent sweep 3. norm of D = 6.039389e-04, change in D = 1.142136e-04.
    Line search step size chosen: 1.000000e+00.
  Objective value decreased by 1.230637e-08.
QUIC CPU time: 1384.010 seconds
