[1] "/work-zfs/abattle4/prashanthi/recount3/data/blood/all/weighted_covariances/cov_65.rds"
[1] "Data read complete"
Running QUIC version 1.1 in 'default' mode.
Newton iteration 1.
  X is a diagonal matrix.
    Line search step size chosen: 1.000000e+00.
  Objective value decreased by 4.752768e-01.
Newton iteration 2.
  Active set size = 7923.
  sub-gradient = 1.660959e+01, l1-norm of X = 1.172858e+01.
  Coordinate descent sweep 1. norm of D = 2.571725e+00, change in D = 2.571725e+00.
    Line search step size chosen: 1.000000e+00.
  Objective value decreased by 3.314645e-01.
Newton iteration 3.
  Active set size = 7912.
  sub-gradient = 4.643583e+00, l1-norm of X = 1.014655e+01.
  Coordinate descent sweep 1. norm of D = 1.841306e+00, change in D = 1.841306e+00.
  Coordinate descent sweep 2. norm of D = 1.850751e+00, change in D = 7.260463e-01.
    Line search step size chosen: 1.000000e+00.
  Objective value decreased by 1.104053e-01.
Newton iteration 4.
  Active set size = 7915.
  sub-gradient = 1.130635e+00, l1-norm of X = 9.566728e+00.
  Coordinate descent sweep 1. norm of D = 7.335050e-01, change in D = 7.335050e-01.
  Coordinate descent sweep 2. norm of D = 7.219530e-01, change in D = 2.576192e-01.
    Line search step size chosen: 1.000000e+00.
  Objective value decreased by 1.823229e-02.
Newton iteration 5.
  Active set size = 7914.
  sub-gradient = 1.700458e-01, l1-norm of X = 9.459499e+00.
  Coordinate descent sweep 1. norm of D = 1.148298e-01, change in D = 1.148298e-01.
  Coordinate descent sweep 2. norm of D = 1.124685e-01, change in D = 4.640872e-02.
    Line search step size chosen: 1.000000e+00.
  Objective value decreased by 3.935182e-04.
Newton iteration 6.
  Active set size = 7914.
  sub-gradient = 2.016395e-02, l1-norm of X = 9.425951e+00.
  Coordinate descent sweep 1. norm of D = 1.512185e-02, change in D = 1.512185e-02.
  Coordinate descent sweep 2. norm of D = 1.585985e-02, change in D = 5.227528e-03.
  Coordinate descent sweep 3. norm of D = 1.645690e-02, change in D = 2.094286e-03.
    Line search step size chosen: 1.000000e+00.
  Objective value decreased by 7.346649e-06.
Newton iteration 7.
  Active set size = 7914.
  sub-gradient = 5.540117e-04, l1-norm of X = 9.422540e+00.
  Coordinate descent sweep 1. norm of D = 5.361689e-04, change in D = 5.361689e-04.
  Coordinate descent sweep 2. norm of D = 6.382657e-04, change in D = 2.372645e-04.
  Coordinate descent sweep 3. norm of D = 7.096626e-04, change in D = 1.117399e-04.
    Line search step size chosen: 1.000000e+00.
  Objective value decreased by 1.599983e-08.
QUIC CPU time: 1316.860 seconds
