[1] "/work-zfs/abattle4/prashanthi/recount3/data/blood/all/weighted_covariances/cov_65.rds"
[1] "Data read complete"
Running QUIC version 1.1 in 'default' mode.
Newton iteration 1.
  X is a diagonal matrix.
    Line search step size chosen: 1.000000e+00.
  Objective value decreased by 2.284698e-02.
Newton iteration 2.
  Active set size = 7811.
  sub-gradient = 7.609725e-02, l1-norm of X = 5.530172e-01.
  Coordinate descent sweep 1. norm of D = 6.403017e-02, change in D = 6.403017e-02.
    Line search step size chosen: 1.000000e+00.
  Objective value decreased by 4.416832e-04.
Newton iteration 3.
  Active set size = 7811.
  sub-gradient = 6.382981e-03, l1-norm of X = 5.257862e-01.
  Coordinate descent sweep 1. norm of D = 6.672118e-03, change in D = 6.672118e-03.
  Coordinate descent sweep 2. norm of D = 6.558456e-03, change in D = 5.508910e-04.
    Line search step size chosen: 1.000000e+00.
  Objective value decreased by 5.827230e-06.
Newton iteration 4.
  Active set size = 7811.
  sub-gradient = 8.354076e-05, l1-norm of X = 5.297503e-01.
  Coordinate descent sweep 1. norm of D = 7.746745e-05, change in D = 7.746745e-05.
  Coordinate descent sweep 2. norm of D = 8.193060e-05, change in D = 1.893273e-05.
    Line search step size chosen: 1.000000e+00.
  Objective value decreased by 1.230546e-09.
Newton iteration 5.
  Active set size = 7811.
  sub-gradient = 1.502136e-06, l1-norm of X = 5.298389e-01.
  Coordinate descent sweep 1. norm of D = 1.630563e-06, change in D = 1.630563e-06.
  Coordinate descent sweep 2. norm of D = 1.618411e-06, change in D = 1.108952e-07.
    Line search step size 1.000000e+00.
      Objective value would not decrease sufficiently: 9.094947e-13.
    Line search step size chosen: 5.000000e-01.
  Objective value decreased by 0.000000e+00.
QUIC CPU time: 1067.120 seconds
