[1] "/work-zfs/abattle4/prashanthi/recount3/data/blood/all/weighted_covariances/cov_65.rds"
[1] "Data read complete"
Running QUIC version 1.1 in 'default' mode.
Newton iteration 1.
  X is a diagonal matrix.
    Line search step size chosen: 1.000000e+00.
  Objective value decreased by 1.010141e-04.
Newton iteration 2.
  Active set size = 7805.
  sub-gradient = 2.030743e-04, l1-norm of X = 1.889556e-02.
  Coordinate descent sweep 1. norm of D = 2.030229e-04, change in D = 2.030229e-04.
    Line search step size chosen: 1.000000e+00.
  Objective value decreased by 1.020635e-08.
Newton iteration 3.
  Active set size = 7805.
  sub-gradient = 5.111756e-08, l1-norm of X = 1.889747e-02.
  Coordinate descent sweep 1. norm of D = 5.142303e-08, change in D = 5.142303e-08.
  Coordinate descent sweep 2. norm of D = 5.143651e-08, change in D = 1.347949e-11.
    Line search step size chosen: 1.000000e+00.
  Objective value decreased by 0.000000e+00.
QUIC CPU time: 754.170 seconds
