[1] "/data/abattle4/prashanthi/recount3/data/blood/all/weighted_covariances/cov_50.rds"
[1] "Data read complete"
Running QUIC version 1.1 in 'default' mode.
Newton iteration 1.
  X is a diagonal matrix.
    Line search step size 1.000000e+00.  Lack of positive definiteness.
    Line search step size 5.000000e-01.  Lack of positive definiteness.
    Line search step size 2.500000e-01.  Lack of positive definiteness.
    Line search step size 1.250000e-01.  Lack of positive definiteness.
    Line search step size 6.250000e-02.  Lack of positive definiteness.
    Line search step size chosen: 3.125000e-02.
  Objective value decreased by 1.720471e+02.
Newton iteration 2.
  Active set size = 617108.
  sub-gradient = 2.360471e+04, l1-norm of X = 1.559140e+02.
  Coordinate descent sweep 1. norm of D = 1.521821e+04, change in D = 1.521821e+04.
    Line search step size 1.000000e+00.  Lack of positive definiteness.
    Line search step size 5.000000e-01.  Lack of positive definiteness.
    Line search step size 2.500000e-01.  Lack of positive definiteness.
    Line search step size 1.250000e-01.  Lack of positive definiteness.
    Line search step size chosen: 6.250000e-02.
  Objective value decreased by 1.554352e+02.
Newton iteration 3.
  Active set size = 618226.
  sub-gradient = 1.966670e+04, l1-norm of X = 3.414922e+02.
  Coordinate descent sweep 1. norm of D = 7.867935e+03, change in D = 7.867935e+03.
  Coordinate descent sweep 2. norm of D = 6.802706e+03, change in D = 2.195954e+03.
    Line search step size 1.000000e+00.  Lack of positive definiteness.
    Line search step size 5.000000e-01.  Lack of positive definiteness.
    Line search step size 2.500000e-01.  Lack of positive definiteness.
    Line search step size chosen: 1.250000e-01.
  Objective value decreased by 9.948246e+01.
Newton iteration 4.
  Active set size = 620403.
  sub-gradient = 1.558534e+04, l1-norm of X = 4.778028e+02.
  Coordinate descent sweep 1. norm of D = 5.009666e+03, change in D = 5.009666e+03.
  Coordinate descent sweep 2. norm of D = 4.605209e+03, change in D = 1.490181e+03.
    Line search step size 1.000000e+00.  Lack of positive definiteness.
    Line search step size 5.000000e-01.  Lack of positive definiteness.
    Line search step size chosen: 2.500000e-01.
  Objective value decreased by 9.633882e+01.
Newton iteration 5.
  Active set size = 630739.
  sub-gradient = 1.099162e+04, l1-norm of X = 6.201798e+02.
  Coordinate descent sweep 1. norm of D = 2.950557e+03, change in D = 2.950557e+03.
  Coordinate descent sweep 2. norm of D = 3.035588e+03, change in D = 9.194837e+02.
    Line search step size 1.000000e+00.  Lack of positive definiteness.
    Line search step size chosen: 5.000000e-01.
  Objective value decreased by 7.720970e+01.
Newton iteration 6.
  Active set size = 629124.
  sub-gradient = 1.136432e+04, l1-norm of X = 7.376770e+02.
  Coordinate descent sweep 1. norm of D = 1.495906e+03, change in D = 1.495906e+03.
  Coordinate descent sweep 2. norm of D = 1.700046e+03, change in D = 5.764339e+02.
  Coordinate descent sweep 3. norm of D = 1.799601e+03, change in D = 2.934861e+02.
    Line search step size chosen: 1.000000e+00.
  Objective value decreased by 4.938402e+01.
Newton iteration 7.
  Active set size = 220469.
  sub-gradient = 8.041240e+02, l1-norm of X = 8.327978e+02.
  Coordinate descent sweep 1. norm of D = 2.682364e+02, change in D = 2.682364e+02.
  Coordinate descent sweep 2. norm of D = 3.311607e+02, change in D = 1.874751e+02.
  Coordinate descent sweep 3. norm of D = 3.713374e+02, change in D = 1.271183e+02.
    Line search step size chosen: 1.000000e+00.
  Objective value decreased by 5.229320e+00.
Newton iteration 8.
  Active set size = 211641.
  sub-gradient = 1.473925e+02, l1-norm of X = 8.438323e+02.
  Coordinate descent sweep 1. norm of D = 1.010477e+02, change in D = 1.010477e+02.
  Coordinate descent sweep 2. norm of D = 1.276869e+02, change in D = 7.888270e+01.
  Coordinate descent sweep 3. norm of D = 1.435938e+02, change in D = 5.974222e+01.
    Line search step size chosen: 1.000000e+00.
  Objective value decreased by 1.463054e+00.
Newton iteration 9.
  Active set size = 209936.
  sub-gradient = 6.195102e+01, l1-norm of X = 8.477780e+02.
  Coordinate descent sweep 1. norm of D = 4.910152e+01, change in D = 4.910152e+01.
  Coordinate descent sweep 2. norm of D = 6.196845e+01, change in D = 4.056071e+01.
  Coordinate descent sweep 3. norm of D = 7.005098e+01, change in D = 3.332373e+01.
  Coordinate descent sweep 4. norm of D = 7.607686e+01, change in D = 2.793509e+01.
    Line search step size chosen: 1.000000e+00.
  Objective value decreased by 6.704092e-01.
Newton iteration 10.
  Active set size = 209432.
  sub-gradient = 2.536226e+01, l1-norm of X = 8.498303e+02.
  Coordinate descent sweep 1. norm of D = 2.429757e+01, change in D = 2.429757e+01.
  Coordinate descent sweep 2. norm of D = 3.122113e+01, change in D = 2.143376e+01.
  Coordinate descent sweep 3. norm of D = 3.522112e+01, change in D = 1.825528e+01.
  Coordinate descent sweep 4. norm of D = 3.836792e+01, change in D = 1.526574e+01.
    Line search step size chosen: 1.000000e+00.
  Objective value decreased by 2.578906e-01.
Newton iteration 11.
  Active set size = 209214.
  sub-gradient = 1.523954e+01, l1-norm of X = 8.507464e+02.
  Coordinate descent sweep 1. norm of D = 1.373683e+01, change in D = 1.373683e+01.
  Coordinate descent sweep 2. norm of D = 1.732872e+01, change in D = 1.223264e+01.
  Coordinate descent sweep 3. norm of D = 1.966211e+01, change in D = 1.073137e+01.
  Coordinate descent sweep 4. norm of D = 2.149311e+01, change in D = 9.664806e+00.
    Line search step size chosen: 1.000000e+00.
  Objective value decreased by 1.180995e-01.
Newton iteration 12.
  Active set size = 209171.
  sub-gradient = 1.077975e+01, l1-norm of X = 8.512250e+02.
  Coordinate descent sweep 1. norm of D = 8.631213e+00, change in D = 8.631213e+00.
  Coordinate descent sweep 2. norm of D = 1.104698e+01, change in D = 7.872903e+00.
  Coordinate descent sweep 3. norm of D = 1.260601e+01, change in D = 7.107114e+00.
  Coordinate descent sweep 4. norm of D = 1.386933e+01, change in D = 6.366015e+00.
  Coordinate descent sweep 5. norm of D = 1.476956e+01, change in D = 5.634484e+00.
    Line search step size chosen: 1.000000e+00.
  Objective value decreased by 7.422421e-02.
Newton iteration 13.
  Active set size = 209028.
  sub-gradient = 5.592905e+00, l1-norm of X = 8.515609e+02.
  Coordinate descent sweep 1. norm of D = 5.272454e+00, change in D = 5.272454e+00.
  Coordinate descent sweep 2. norm of D = 6.648200e+00, change in D = 4.837683e+00.
  Coordinate descent sweep 3. norm of D = 7.569423e+00, change in D = 4.257341e+00.
  Coordinate descent sweep 4. norm of D = 8.364652e+00, change in D = 4.019520e+00.
  Coordinate descent sweep 5. norm of D = 8.985549e+00, change in D = 3.762035e+00.
    Line search step size chosen: 1.000000e+00.
  Objective value decreased by 3.718152e-02.
Newton iteration 14.
  Active set size = 209010.
  sub-gradient = 3.609893e+00, l1-norm of X = 8.517528e+02.
  Coordinate descent sweep 1. norm of D = 3.437364e+00, change in D = 3.437364e+00.
  Coordinate descent sweep 2. norm of D = 4.424348e+00, change in D = 3.196344e+00.
  Coordinate descent sweep 3. norm of D = 5.064963e+00, change in D = 2.960442e+00.
  Coordinate descent sweep 4. norm of D = 5.515232e+00, change in D = 2.706622e+00.
  Coordinate descent sweep 5. norm of D = 5.869784e+00, change in D = 2.457272e+00.
    Line search step size chosen: 1.000000e+00.
  Objective value decreased by 2.029720e-02.
Newton iteration 15.
  Active set size = 208976.
  sub-gradient = 2.501680e+00, l1-norm of X = 8.518751e+02.
  Coordinate descent sweep 1. norm of D = 2.422194e+00, change in D = 2.422194e+00.
  Coordinate descent sweep 2. norm of D = 3.028503e+00, change in D = 2.220097e+00.
  Coordinate descent sweep 3. norm of D = 3.499981e+00, change in D = 2.061169e+00.
  Coordinate descent sweep 4. norm of D = 3.832067e+00, change in D = 1.933679e+00.
  Coordinate descent sweep 5. norm of D = 4.162822e+00, change in D = 1.882607e+00.
  Coordinate descent sweep 6. norm of D = 4.434909e+00, change in D = 1.700761e+00.
    Line search step size chosen: 1.000000e+00.
  Objective value decreased by 1.456296e-02.
Newton iteration 16.
  Active set size = 208969.
  sub-gradient = 1.564606e+00, l1-norm of X = 8.519707e+02.
  Coordinate descent sweep 1. norm of D = 1.640642e+00, change in D = 1.640642e+00.
  Coordinate descent sweep 2. norm of D = 2.083934e+00, change in D = 1.508189e+00.
  Coordinate descent sweep 3. norm of D = 2.422210e+00, change in D = 1.436455e+00.
  Coordinate descent sweep 4. norm of D = 2.671687e+00, change in D = 1.342336e+00.
  Coordinate descent sweep 5. norm of D = 2.881985e+00, change in D = 1.292495e+00.
  Coordinate descent sweep 6. norm of D = 3.073650e+00, change in D = 1.224059e+00.
    Line search step size chosen: 1.000000e+00.
  Objective value decreased by 8.986993e-03.
Newton iteration 17.
  Active set size = 208958.
  sub-gradient = 1.046849e+00, l1-norm of X = 8.520366e+02.
  Coordinate descent sweep 1. norm of D = 1.166896e+00, change in D = 1.166896e+00.
  Coordinate descent sweep 2. norm of D = 1.477063e+00, change in D = 1.093516e+00.
  Coordinate descent sweep 3. norm of D = 1.706915e+00, change in D = 1.049415e+00.
  Coordinate descent sweep 4. norm of D = 1.839963e+00, change in D = 9.728562e-01.
  Coordinate descent sweep 5. norm of D = 1.965655e+00, change in D = 9.308701e-01.
  Coordinate descent sweep 6. norm of D = 2.109775e+00, change in D = 9.052917e-01.
    Line search step size chosen: 1.000000e+00.
  Objective value decreased by 5.146860e-03.
Newton iteration 18.
  Active set size = 208960.
  sub-gradient = 7.820138e-01, l1-norm of X = 8.520788e+02.
  Coordinate descent sweep 1. norm of D = 8.440402e-01, change in D = 8.440402e-01.
  Coordinate descent sweep 2. norm of D = 1.109956e+00, change in D = 8.004249e-01.
  Coordinate descent sweep 3. norm of D = 1.259460e+00, change in D = 7.483132e-01.
  Coordinate descent sweep 4. norm of D = 1.423087e+00, change in D = 7.471837e-01.
  Coordinate descent sweep 5. norm of D = 1.513357e+00, change in D = 6.880697e-01.
  Coordinate descent sweep 6. norm of D = 1.634731e+00, change in D = 6.830759e-01.
  Coordinate descent sweep 7. norm of D = 1.700485e+00, change in D = 6.316867e-01.
    Line search step size chosen: 1.000000e+00.
  Objective value decreased by 4.102448e-03.
Newton iteration 19.
  Active set size = 208950.
  sub-gradient = 6.153503e-01, l1-norm of X = 8.521161e+02.
  Coordinate descent sweep 1. norm of D = 5.881732e-01, change in D = 5.881732e-01.
  Coordinate descent sweep 2. norm of D = 7.874921e-01, change in D = 6.016569e-01.
  Coordinate descent sweep 3. norm of D = 9.193591e-01, change in D = 6.002519e-01.
  Coordinate descent sweep 4. norm of D = 9.969239e-01, change in D = 5.365002e-01.
  Coordinate descent sweep 5. norm of D = 1.088358e+00, change in D = 5.062144e-01.
  Coordinate descent sweep 6. norm of D = 1.139006e+00, change in D = 4.593067e-01.
  Coordinate descent sweep 7. norm of D = 1.209657e+00, change in D = 4.664168e-01.
    Line search step size chosen: 1.000000e+00.
  Objective value decreased by 2.474317e-03.
Newton iteration 20.
  Active set size = 208965.
  sub-gradient = 1.064370e+00, l1-norm of X = 8.521413e+02.
  Coordinate descent sweep 1. norm of D = 4.535483e-01, change in D = 4.535483e-01.
  Coordinate descent sweep 2. norm of D = 5.750917e-01, change in D = 4.317753e-01.
  Coordinate descent sweep 3. norm of D = 6.720583e-01, change in D = 4.206552e-01.
  Coordinate descent sweep 4. norm of D = 7.438194e-01, change in D = 3.973742e-01.
  Coordinate descent sweep 5. norm of D = 8.169628e-01, change in D = 3.917742e-01.
  Coordinate descent sweep 6. norm of D = 8.559104e-01, change in D = 3.687559e-01.
  Coordinate descent sweep 7. norm of D = 9.152460e-01, change in D = 3.526247e-01.
    Line search step size chosen: 1.000000e+00.
  Objective value decreased by 1.668426e-03.
Newton iteration 21.
  Active set size = 208943.
  sub-gradient = 3.983309e-01, l1-norm of X = 8.521605e+02.
  Coordinate descent sweep 1. norm of D = 3.619126e-01, change in D = 3.619126e-01.
  Coordinate descent sweep 2. norm of D = 4.556368e-01, change in D = 3.371400e-01.
  Coordinate descent sweep 3. norm of D = 5.093443e-01, change in D = 3.115874e-01.
  Coordinate descent sweep 4. norm of D = 5.766437e-01, change in D = 3.139001e-01.
  Coordinate descent sweep 5. norm of D = 6.196038e-01, change in D = 3.038354e-01.
  Coordinate descent sweep 6. norm of D = 6.650335e-01, change in D = 2.921832e-01.
  Coordinate descent sweep 7. norm of D = 7.121750e-01, change in D = 2.909203e-01.
  Coordinate descent sweep 8. norm of D = 7.561616e-01, change in D = 2.788512e-01.
    Line search step size chosen: 1.000000e+00.
  Objective value decreased by 1.302366e-03.
Newton iteration 22.
  Active set size = 208943.
  sub-gradient = 3.267511e-01, l1-norm of X = 8.521771e+02.
  Coordinate descent sweep 1. norm of D = 2.583649e-01, change in D = 2.583649e-01.
  Coordinate descent sweep 2. norm of D = 3.382697e-01, change in D = 2.538238e-01.
  Coordinate descent sweep 3. norm of D = 3.761901e-01, change in D = 2.400749e-01.
  Coordinate descent sweep 4. norm of D = 4.095542e-01, change in D = 2.295166e-01.
  Coordinate descent sweep 5. norm of D = 4.417476e-01, change in D = 2.219460e-01.
  Coordinate descent sweep 6. norm of D = 4.746875e-01, change in D = 2.299059e-01.
  Coordinate descent sweep 7. norm of D = 5.017767e-01, change in D = 2.063797e-01.
  Coordinate descent sweep 8. norm of D = 5.558337e-01, change in D = 2.439355e-01.
    Line search step size chosen: 1.000000e+00.
  Objective value decreased by 7.798134e-04.
Newton iteration 23.
  Active set size = 208944.
  sub-gradient = 2.027667e-01, l1-norm of X = 8.521882e+02.
  Coordinate descent sweep 1. norm of D = 2.157358e-01, change in D = 2.157358e-01.
  Coordinate descent sweep 2. norm of D = 2.595699e-01, change in D = 1.736469e-01.
  Coordinate descent sweep 3. norm of D = 3.268415e-01, change in D = 2.053967e-01.
  Coordinate descent sweep 4. norm of D = 3.504656e-01, change in D = 1.797388e-01.
  Coordinate descent sweep 5. norm of D = 3.858894e-01, change in D = 1.952816e-01.
  Coordinate descent sweep 6. norm of D = 4.049075e-01, change in D = 1.672538e-01.
  Coordinate descent sweep 7. norm of D = 4.289425e-01, change in D = 1.797977e-01.
  Coordinate descent sweep 8. norm of D = 4.496161e-01, change in D = 1.723268e-01.
    Line search step size chosen: 1.000000e+00.
  Objective value decreased by 5.833033e-04.
Newton iteration 24.
  Active set size = 208941.
  sub-gradient = 1.226592e-01, l1-norm of X = 8.521965e+02.
  Coordinate descent sweep 1. norm of D = 1.605542e-01, change in D = 1.605542e-01.
  Coordinate descent sweep 2. norm of D = 1.991918e-01, change in D = 1.354676e-01.
  Coordinate descent sweep 3. norm of D = 2.501369e-01, change in D = 1.471521e-01.
  Coordinate descent sweep 4. norm of D = 2.633616e-01, change in D = 1.333543e-01.
  Coordinate descent sweep 5. norm of D = 3.024548e-01, change in D = 1.537154e-01.
  Coordinate descent sweep 6. norm of D = 3.130732e-01, change in D = 1.347979e-01.
  Coordinate descent sweep 7. norm of D = 3.395257e-01, change in D = 1.450150e-01.
  Coordinate descent sweep 8. norm of D = 3.601568e-01, change in D = 1.330565e-01.
  Coordinate descent sweep 9. norm of D = 3.737056e-01, change in D = 1.297512e-01.
    Line search step size chosen: 1.000000e+00.
  Objective value decreased by 4.961902e-04.
Newton iteration 25.
  Active set size = 208938.
  sub-gradient = 1.000236e-01, l1-norm of X = 8.522045e+02.
  Coordinate descent sweep 1. norm of D = 1.189594e-01, change in D = 1.189594e-01.
  Coordinate descent sweep 2. norm of D = 1.588595e-01, change in D = 1.197510e-01.
  Coordinate descent sweep 3. norm of D = 1.869590e-01, change in D = 1.144880e-01.
  Coordinate descent sweep 4. norm of D = 2.110431e-01, change in D = 1.227072e-01.
  Coordinate descent sweep 5. norm of D = 2.259060e-01, change in D = 1.192580e-01.
  Coordinate descent sweep 6. norm of D = 2.347674e-01, change in D = 1.116970e-01.
  Coordinate descent sweep 7. norm of D = 2.436729e-01, change in D = 1.016170e-01.
  Coordinate descent sweep 8. norm of D = 2.638078e-01, change in D = 1.113805e-01.
  Coordinate descent sweep 9. norm of D = 2.761830e-01, change in D = 1.040543e-01.
    Line search step size chosen: 1.000000e+00.
  Objective value decreased by 3.109797e-04.
Newton iteration 26.
  Active set size = 208941.
  sub-gradient = 1.004985e-01, l1-norm of X = 8.522098e+02.
  Coordinate descent sweep 1. norm of D = 9.721545e-02, change in D = 9.721545e-02.
  Coordinate descent sweep 2. norm of D = 1.257054e-01, change in D = 9.197172e-02.
  Coordinate descent sweep 3. norm of D = 1.445309e-01, change in D = 8.620381e-02.
  Coordinate descent sweep 4. norm of D = 1.682388e-01, change in D = 9.096515e-02.
  Coordinate descent sweep 5. norm of D = 1.828126e-01, change in D = 9.575237e-02.
  Coordinate descent sweep 6. norm of D = 1.966513e-01, change in D = 8.747220e-02.
  Coordinate descent sweep 7. norm of D = 2.140812e-01, change in D = 9.270511e-02.
  Coordinate descent sweep 8. norm of D = 2.141883e-01, change in D = 8.142281e-02.
  Coordinate descent sweep 9. norm of D = 2.272954e-01, change in D = 7.885833e-02.
    Line search step size chosen: 1.000000e+00.
  Objective value decreased by 2.141642e-04.
Newton iteration 27.
  Active set size = 208939.
  sub-gradient = 7.495422e-02, l1-norm of X = 8.522150e+02.
  Coordinate descent sweep 1. norm of D = 8.115925e-02, change in D = 8.115925e-02.
  Coordinate descent sweep 2. norm of D = 1.008157e-01, change in D = 7.014826e-02.
  Coordinate descent sweep 3. norm of D = 1.262551e-01, change in D = 8.236496e-02.
  Coordinate descent sweep 4. norm of D = 1.342723e-01, change in D = 7.316931e-02.
  Coordinate descent sweep 5. norm of D = 1.422739e-01, change in D = 6.904408e-02.
  Coordinate descent sweep 6. norm of D = 1.534863e-01, change in D = 6.989595e-02.
  Coordinate descent sweep 7. norm of D = 1.603751e-01, change in D = 6.722775e-02.
  Coordinate descent sweep 8. norm of D = 1.701551e-01, change in D = 6.610359e-02.
  Coordinate descent sweep 9. norm of D = 1.781596e-01, change in D = 6.647887e-02.
  Coordinate descent sweep 10. norm of D = 1.843150e-01, change in D = 6.235124e-02.
    Line search step size chosen: 1.000000e+00.
  Objective value decreased by 1.620108e-04.
QUIC CPU time: 20042.971 seconds
