[1] "/data/abattle4/prashanthi/recount3/data/blood/all/weighted_covariances/cov_50.rds"
[1] "Data read complete"
Running QUIC version 1.1 in 'default' mode.
Newton iteration 1.
  X is a diagonal matrix.
    Line search step size 1.000000e+00.  Lack of positive definiteness.
    Line search step size 5.000000e-01.  Lack of positive definiteness.
    Line search step size 2.500000e-01.  Lack of positive definiteness.
    Line search step size 1.250000e-01.  Lack of positive definiteness.
    Line search step size 6.250000e-02.  Lack of positive definiteness.
    Line search step size chosen: 3.125000e-02.
  Objective value decreased by 9.153432e+01.
Newton iteration 2.
  Active set size = 204645.
  sub-gradient = 1.023737e+04, l1-norm of X = 9.397350e+01.
  Coordinate descent sweep 1. norm of D = 7.072004e+03, change in D = 7.072004e+03.
    Line search step size 1.000000e+00.  Lack of positive definiteness.
    Line search step size 5.000000e-01.  Lack of positive definiteness.
    Line search step size 2.500000e-01.  Lack of positive definiteness.
    Line search step size 1.250000e-01.  Lack of positive definiteness.
    Line search step size chosen: 6.250000e-02.
  Objective value decreased by 9.335393e+01.
Newton iteration 3.
  Active set size = 204675.
  sub-gradient = 8.778279e+03, l1-norm of X = 2.150022e+02.
  Coordinate descent sweep 1. norm of D = 4.146945e+03, change in D = 4.146945e+03.
  Coordinate descent sweep 2. norm of D = 3.642360e+03, change in D = 1.021370e+03.
    Line search step size 1.000000e+00.  Lack of positive definiteness.
    Line search step size 5.000000e-01.  Lack of positive definiteness.
    Line search step size 2.500000e-01.  Lack of positive definiteness.
    Line search step size chosen: 1.250000e-01.
  Objective value decreased by 6.745515e+01.
Newton iteration 4.
  Active set size = 204827.
  sub-gradient = 7.133029e+03, l1-norm of X = 3.230009e+02.
  Coordinate descent sweep 1. norm of D = 2.753553e+03, change in D = 2.753553e+03.
  Coordinate descent sweep 2. norm of D = 2.524752e+03, change in D = 7.989473e+02.
    Line search step size 1.000000e+00.  Lack of positive definiteness.
    Line search step size 5.000000e-01.  Lack of positive definiteness.
    Line search step size chosen: 2.500000e-01.
  Objective value decreased by 6.743886e+01.
Newton iteration 5.
  Active set size = 207330.
  sub-gradient = 4.570732e+03, l1-norm of X = 4.468360e+02.
  Coordinate descent sweep 1. norm of D = 1.614819e+03, change in D = 1.614819e+03.
  Coordinate descent sweep 2. norm of D = 1.654475e+03, change in D = 4.899356e+02.
    Line search step size 1.000000e+00.  Lack of positive definiteness.
    Line search step size chosen: 5.000000e-01.
  Objective value decreased by 5.014549e+01.
Newton iteration 6.
  Active set size = 210747.
  sub-gradient = 3.969340e+03, l1-norm of X = 5.544153e+02.
  Coordinate descent sweep 1. norm of D = 8.036011e+02, change in D = 8.036011e+02.
  Coordinate descent sweep 2. norm of D = 9.192851e+02, change in D = 3.053210e+02.
  Coordinate descent sweep 3. norm of D = 9.759311e+02, change in D = 1.499057e+02.
    Line search step size chosen: 1.000000e+00.
  Objective value decreased by 2.919376e+01.
Newton iteration 7.
  Active set size = 95560.
  sub-gradient = 4.204952e+02, l1-norm of X = 6.395558e+02.
  Coordinate descent sweep 1. norm of D = 1.418057e+02, change in D = 1.418057e+02.
  Coordinate descent sweep 2. norm of D = 1.784619e+02, change in D = 9.699749e+01.
  Coordinate descent sweep 3. norm of D = 2.020159e+02, change in D = 6.401828e+01.
    Line search step size chosen: 1.000000e+00.
  Objective value decreased by 3.068536e+00.
Newton iteration 8.
  Active set size = 91802.
  sub-gradient = 7.917217e+01, l1-norm of X = 6.473960e+02.
  Coordinate descent sweep 1. norm of D = 5.059603e+01, change in D = 5.059603e+01.
  Coordinate descent sweep 2. norm of D = 6.567943e+01, change in D = 3.864125e+01.
  Coordinate descent sweep 3. norm of D = 7.563788e+01, change in D = 2.948560e+01.
    Line search step size chosen: 1.000000e+00.
  Objective value decreased by 8.316723e-01.
Newton iteration 9.
  Active set size = 91126.
  sub-gradient = 2.771211e+01, l1-norm of X = 6.504536e+02.
  Coordinate descent sweep 1. norm of D = 2.426560e+01, change in D = 2.426560e+01.
  Coordinate descent sweep 2. norm of D = 3.142978e+01, change in D = 1.952185e+01.
  Coordinate descent sweep 3. norm of D = 3.643896e+01, change in D = 1.579464e+01.
  Coordinate descent sweep 4. norm of D = 4.003015e+01, change in D = 1.267901e+01.
    Line search step size chosen: 1.000000e+00.
  Objective value decreased by 3.410523e-01.
Newton iteration 10.
  Active set size = 90875.
  sub-gradient = 1.129908e+01, l1-norm of X = 6.520412e+02.
  Coordinate descent sweep 1. norm of D = 1.115107e+01, change in D = 1.115107e+01.
  Coordinate descent sweep 2. norm of D = 1.468867e+01, change in D = 9.471654e+00.
  Coordinate descent sweep 3. norm of D = 1.703263e+01, change in D = 7.814444e+00.
  Coordinate descent sweep 4. norm of D = 1.901354e+01, change in D = 6.621131e+00.
    Line search step size chosen: 1.000000e+00.
  Objective value decreased by 1.163525e-01.
Newton iteration 11.
  Active set size = 90783.
  sub-gradient = 7.306119e+00, l1-norm of X = 6.527317e+02.
  Coordinate descent sweep 1. norm of D = 5.773292e+00, change in D = 5.773292e+00.
  Coordinate descent sweep 2. norm of D = 7.612842e+00, change in D = 5.054256e+00.
  Coordinate descent sweep 3. norm of D = 8.943937e+00, change in D = 4.290491e+00.
  Coordinate descent sweep 4. norm of D = 1.002083e+01, change in D = 3.776477e+00.
    Line search step size chosen: 1.000000e+00.
  Objective value decreased by 4.933909e-02.
Newton iteration 12.
  Active set size = 90758.
  sub-gradient = 4.123300e+00, l1-norm of X = 6.530784e+02.
  Coordinate descent sweep 1. norm of D = 3.386163e+00, change in D = 3.386163e+00.
  Coordinate descent sweep 2. norm of D = 4.550037e+00, change in D = 3.103898e+00.
  Coordinate descent sweep 3. norm of D = 5.316191e+00, change in D = 2.763064e+00.
  Coordinate descent sweep 4. norm of D = 5.888420e+00, change in D = 2.448468e+00.
  Coordinate descent sweep 5. norm of D = 6.407056e+00, change in D = 2.141785e+00.
    Line search step size chosen: 1.000000e+00.
  Objective value decreased by 2.775284e-02.
Newton iteration 13.
  Active set size = 90739.
  sub-gradient = 2.255528e+00, l1-norm of X = 6.533014e+02.
  Coordinate descent sweep 1. norm of D = 1.992365e+00, change in D = 1.992365e+00.
  Coordinate descent sweep 2. norm of D = 2.654576e+00, change in D = 1.822344e+00.
  Coordinate descent sweep 3. norm of D = 3.166902e+00, change in D = 1.688176e+00.
  Coordinate descent sweep 4. norm of D = 3.465946e+00, change in D = 1.453168e+00.
  Coordinate descent sweep 5. norm of D = 3.755134e+00, change in D = 1.372165e+00.
    Line search step size chosen: 1.000000e+00.
  Objective value decreased by 1.278334e-02.
Newton iteration 14.
  Active set size = 90717.
  sub-gradient = 1.271604e+00, l1-norm of X = 6.534337e+02.
  Coordinate descent sweep 1. norm of D = 1.237104e+00, change in D = 1.237104e+00.
  Coordinate descent sweep 2. norm of D = 1.666553e+00, change in D = 1.162098e+00.
  Coordinate descent sweep 3. norm of D = 1.952935e+00, change in D = 1.061380e+00.
  Coordinate descent sweep 4. norm of D = 2.188097e+00, change in D = 9.298786e-01.
  Coordinate descent sweep 5. norm of D = 2.404455e+00, change in D = 8.675461e-01.
    Line search step size chosen: 1.000000e+00.
  Objective value decreased by 6.822979e-03.
Newton iteration 15.
  Active set size = 90710.
  sub-gradient = 1.167277e+00, l1-norm of X = 6.535101e+02.
  Coordinate descent sweep 1. norm of D = 8.527243e-01, change in D = 8.527243e-01.
  Coordinate descent sweep 2. norm of D = 1.117653e+00, change in D = 7.588498e-01.
  Coordinate descent sweep 3. norm of D = 1.326825e+00, change in D = 7.064238e-01.
  Coordinate descent sweep 4. norm of D = 1.501881e+00, change in D = 6.903666e-01.
  Coordinate descent sweep 5. norm of D = 1.631114e+00, change in D = 6.465335e-01.
  Coordinate descent sweep 6. norm of D = 1.717458e+00, change in D = 5.220249e-01.
    Line search step size chosen: 1.000000e+00.
  Objective value decreased by 4.461415e-03.
Newton iteration 16.
  Active set size = 90708.
  sub-gradient = 6.203170e-01, l1-norm of X = 6.535674e+02.
  Coordinate descent sweep 1. norm of D = 5.463412e-01, change in D = 5.463412e-01.
  Coordinate descent sweep 2. norm of D = 6.931644e-01, change in D = 4.793415e-01.
  Coordinate descent sweep 3. norm of D = 8.284674e-01, change in D = 4.569774e-01.
  Coordinate descent sweep 4. norm of D = 9.338129e-01, change in D = 4.202410e-01.
  Coordinate descent sweep 5. norm of D = 1.056759e+00, change in D = 4.304745e-01.
  Coordinate descent sweep 6. norm of D = 1.120190e+00, change in D = 3.793169e-01.
    Line search step size chosen: 1.000000e+00.
  Objective value decreased by 2.397542e-03.
Newton iteration 17.
  Active set size = 90706.
  sub-gradient = 3.393474e-01, l1-norm of X = 6.536066e+02.
  Coordinate descent sweep 1. norm of D = 3.730767e-01, change in D = 3.730767e-01.
  Coordinate descent sweep 2. norm of D = 4.844042e-01, change in D = 3.275641e-01.
  Coordinate descent sweep 3. norm of D = 5.840193e-01, change in D = 3.135047e-01.
  Coordinate descent sweep 4. norm of D = 6.549545e-01, change in D = 2.860220e-01.
  Coordinate descent sweep 5. norm of D = 7.074933e-01, change in D = 2.586975e-01.
  Coordinate descent sweep 6. norm of D = 7.899912e-01, change in D = 2.954476e-01.
    Line search step size chosen: 1.000000e+00.
  Objective value decreased by 1.360813e-03.
Newton iteration 18.
  Active set size = 90701.
  sub-gradient = 2.221833e-01, l1-norm of X = 6.536300e+02.
  Coordinate descent sweep 1. norm of D = 2.571885e-01, change in D = 2.571885e-01.
  Coordinate descent sweep 2. norm of D = 3.428278e-01, change in D = 2.397230e-01.
  Coordinate descent sweep 3. norm of D = 4.108134e-01, change in D = 2.270911e-01.
  Coordinate descent sweep 4. norm of D = 4.642303e-01, change in D = 2.161971e-01.
  Coordinate descent sweep 5. norm of D = 5.006909e-01, change in D = 2.035137e-01.
  Coordinate descent sweep 6. norm of D = 5.434198e-01, change in D = 1.913653e-01.
  Coordinate descent sweep 7. norm of D = 5.689264e-01, change in D = 1.764276e-01.
    Line search step size chosen: 1.000000e+00.
  Objective value decreased by 9.248789e-04.
Newton iteration 19.
  Active set size = 90702.
  sub-gradient = 1.924375e-01, l1-norm of X = 6.536492e+02.
  Coordinate descent sweep 1. norm of D = 1.685180e-01, change in D = 1.685180e-01.
  Coordinate descent sweep 2. norm of D = 2.359801e-01, change in D = 1.718984e-01.
  Coordinate descent sweep 3. norm of D = 2.764615e-01, change in D = 1.590328e-01.
  Coordinate descent sweep 4. norm of D = 3.069739e-01, change in D = 1.422256e-01.
  Coordinate descent sweep 5. norm of D = 3.420460e-01, change in D = 1.398670e-01.
  Coordinate descent sweep 6. norm of D = 3.737395e-01, change in D = 1.399974e-01.
  Coordinate descent sweep 7. norm of D = 3.987702e-01, change in D = 1.332822e-01.
    Line search step size chosen: 1.000000e+00.
  Objective value decreased by 5.511427e-04.
Newton iteration 20.
  Active set size = 90701.
  sub-gradient = 9.342332e-02, l1-norm of X = 6.536627e+02.
  Coordinate descent sweep 1. norm of D = 1.216871e-01, change in D = 1.216871e-01.
  Coordinate descent sweep 2. norm of D = 1.637979e-01, change in D = 1.186379e-01.
  Coordinate descent sweep 3. norm of D = 1.940532e-01, change in D = 1.090981e-01.
  Coordinate descent sweep 4. norm of D = 2.238313e-01, change in D = 1.076602e-01.
  Coordinate descent sweep 5. norm of D = 2.419885e-01, change in D = 9.761735e-02.
  Coordinate descent sweep 6. norm of D = 2.631831e-01, change in D = 9.267631e-02.
  Coordinate descent sweep 7. norm of D = 2.813081e-01, change in D = 8.620219e-02.
    Line search step size chosen: 1.000000e+00.
  Objective value decreased by 3.299441e-04.
Newton iteration 21.
  Active set size = 90701.
  sub-gradient = 8.875101e-02, l1-norm of X = 6.536717e+02.
  Coordinate descent sweep 1. norm of D = 8.733508e-02, change in D = 8.733508e-02.
  Coordinate descent sweep 2. norm of D = 1.221973e-01, change in D = 9.007462e-02.
  Coordinate descent sweep 3. norm of D = 1.444721e-01, change in D = 8.353676e-02.
  Coordinate descent sweep 4. norm of D = 1.564428e-01, change in D = 7.784978e-02.
  Coordinate descent sweep 5. norm of D = 1.719482e-01, change in D = 7.044175e-02.
  Coordinate descent sweep 6. norm of D = 1.847045e-01, change in D = 6.283927e-02.
  Coordinate descent sweep 7. norm of D = 1.953614e-01, change in D = 6.011257e-02.
  Coordinate descent sweep 8. norm of D = 2.146113e-01, change in D = 6.598416e-02.
    Line search step size chosen: 1.000000e+00.
  Objective value decreased by 2.147111e-04.
Newton iteration 22.
  Active set size = 90700.
  sub-gradient = 4.817032e-02, l1-norm of X = 6.536780e+02.
  Coordinate descent sweep 1. norm of D = 5.542141e-02, change in D = 5.542141e-02.
  Coordinate descent sweep 2. norm of D = 8.493073e-02, change in D = 6.047733e-02.
  Coordinate descent sweep 3. norm of D = 9.908125e-02, change in D = 5.903793e-02.
  Coordinate descent sweep 4. norm of D = 1.162187e-01, change in D = 5.917238e-02.
  Coordinate descent sweep 5. norm of D = 1.247127e-01, change in D = 5.307031e-02.
  Coordinate descent sweep 6. norm of D = 1.356251e-01, change in D = 5.221902e-02.
  Coordinate descent sweep 7. norm of D = 1.461613e-01, change in D = 4.920059e-02.
  Coordinate descent sweep 8. norm of D = 1.555502e-01, change in D = 4.657661e-02.
    Line search step size chosen: 1.000000e+00.
  Objective value decreased by 1.217423e-04.
QUIC CPU time: 11858.613 seconds
