[1] "/data/abattle4/prashanthi/recount3/data/blood/all/weighted_covariances/cov_50.rds"
[1] "Data read complete"
Running QUIC version 1.1 in 'default' mode.
Newton iteration 1.
  X is a diagonal matrix.
    Line search step size 1.000000e+00.  Lack of positive definiteness.
    Line search step size 5.000000e-01.  Lack of positive definiteness.
    Line search step size chosen: 2.500000e-01.
  Objective value decreased by 6.668489e+00.
Newton iteration 2.
  Active set size = 9365.
  sub-gradient = 1.640289e+02, l1-norm of X = 3.193448e+01.
  Coordinate descent sweep 1. norm of D = 4.875100e+01, change in D = 4.875100e+01.
    Line search step size chosen: 1.000000e+00.
  Objective value decreased by 2.041009e+00.
Newton iteration 3.
  Active set size = 9159.
  sub-gradient = 1.443356e+02, l1-norm of X = 6.773376e+01.
  Coordinate descent sweep 1. norm of D = 2.009364e+01, change in D = 2.009364e+01.
  Coordinate descent sweep 2. norm of D = 1.936443e+01, change in D = 9.930221e+00.
    Line search step size chosen: 1.000000e+00.
  Objective value decreased by 1.464813e+00.
Newton iteration 4.
  Active set size = 9061.
  sub-gradient = 4.588309e+01, l1-norm of X = 6.479692e+01.
  Coordinate descent sweep 1. norm of D = 1.002824e+01, change in D = 1.002824e+01.
  Coordinate descent sweep 2. norm of D = 9.892615e+00, change in D = 5.460447e+00.
    Line search step size chosen: 1.000000e+00.
  Objective value decreased by 3.867647e-01.
Newton iteration 5.
  Active set size = 9027.
  sub-gradient = 1.110486e+01, l1-norm of X = 6.260808e+01.
  Coordinate descent sweep 1. norm of D = 4.004126e+00, change in D = 4.004126e+00.
  Coordinate descent sweep 2. norm of D = 4.184609e+00, change in D = 1.988627e+00.
    Line search step size chosen: 1.000000e+00.
  Objective value decreased by 6.469757e-02.
Newton iteration 6.
  Active set size = 9007.
  sub-gradient = 2.373981e+00, l1-norm of X = 6.198408e+01.
  Coordinate descent sweep 1. norm of D = 1.214251e+00, change in D = 1.214251e+00.
  Coordinate descent sweep 2. norm of D = 1.349536e+00, change in D = 5.847508e-01.
  Coordinate descent sweep 3. norm of D = 1.448853e+00, change in D = 2.961197e-01.
    Line search step size chosen: 1.000000e+00.
  Objective value decreased by 7.153464e-03.
Newton iteration 7.
  Active set size = 9002.
  sub-gradient = 2.083248e-01, l1-norm of X = 6.187484e+01.
  Coordinate descent sweep 1. norm of D = 1.526693e-01, change in D = 1.526693e-01.
  Coordinate descent sweep 2. norm of D = 1.806230e-01, change in D = 8.071489e-02.
  Coordinate descent sweep 3. norm of D = 1.975386e-01, change in D = 3.810970e-02.
    Line search step size chosen: 1.000000e+00.
  Objective value decreased by 1.157141e-04.
Newton iteration 8.
  Active set size = 9000.
  sub-gradient = 2.156840e-02, l1-norm of X = 6.188184e+01.
  Coordinate descent sweep 1. norm of D = 2.091629e-02, change in D = 2.091629e-02.
  Coordinate descent sweep 2. norm of D = 2.629694e-02, change in D = 1.135447e-02.
  Coordinate descent sweep 3. norm of D = 2.949377e-02, change in D = 6.334836e-03.
    Line search step size chosen: 1.000000e+00.
  Objective value decreased by 2.888938e-06.
Newton iteration 9.
  Active set size = 9000.
  sub-gradient = 5.016321e-03, l1-norm of X = 6.188440e+01.
  Coordinate descent sweep 1. norm of D = 3.811680e-03, change in D = 3.811680e-03.
  Coordinate descent sweep 2. norm of D = 4.827881e-03, change in D = 2.153527e-03.
  Coordinate descent sweep 3. norm of D = 5.331542e-03, change in D = 1.158410e-03.
  Coordinate descent sweep 4. norm of D = 5.685170e-03, change in D = 8.071053e-04.
    Line search step size chosen: 1.000000e+00.
  Objective value decreased by 1.702383e-07.
QUIC CPU time: 3115.264 seconds
