[1] "/data/abattle4/prashanthi/recount3/data/blood/all/weighted_covariances/cov_50.rds"
[1] "Data read complete"
Running QUIC version 1.1 in 'default' mode.
Newton iteration 1.
  X is a diagonal matrix.
    Line search step size 1.000000e+00.  Lack of positive definiteness.
    Line search step size 5.000000e-01.  Lack of positive definiteness.
    Line search step size chosen: 2.500000e-01.
  Objective value decreased by 2.374515e+00.
Newton iteration 2.
  Active set size = 8422.
  sub-gradient = 2.900089e+01, l1-norm of X = 1.297021e+01.
  Coordinate descent sweep 1. norm of D = 2.292026e+01, change in D = 2.292026e+01.
    Line search step size chosen: 1.000000e+00.
  Objective value decreased by 8.969999e-01.
Newton iteration 3.
  Active set size = 8373.
  sub-gradient = 4.619755e+01, l1-norm of X = 3.512062e+01.
  Coordinate descent sweep 1. norm of D = 7.627926e+00, change in D = 7.627926e+00.
  Coordinate descent sweep 2. norm of D = 6.990310e+00, change in D = 3.326769e+00.
    Line search step size chosen: 1.000000e+00.
  Objective value decreased by 4.472020e-01.
Newton iteration 4.
  Active set size = 8335.
  sub-gradient = 1.422261e+01, l1-norm of X = 3.273724e+01.
  Coordinate descent sweep 1. norm of D = 3.076712e+00, change in D = 3.076712e+00.
  Coordinate descent sweep 2. norm of D = 2.923397e+00, change in D = 1.594337e+00.
    Line search step size chosen: 1.000000e+00.
  Objective value decreased by 1.097401e-01.
Newton iteration 5.
  Active set size = 8326.
  sub-gradient = 2.746511e+00, l1-norm of X = 3.140518e+01.
  Coordinate descent sweep 1. norm of D = 1.111711e+00, change in D = 1.111711e+00.
  Coordinate descent sweep 2. norm of D = 1.142741e+00, change in D = 5.087514e-01.
    Line search step size chosen: 1.000000e+00.
  Objective value decreased by 1.471873e-02.
Newton iteration 6.
  Active set size = 8320.
  sub-gradient = 3.399287e-01, l1-norm of X = 3.110793e+01.
  Coordinate descent sweep 1. norm of D = 2.599270e-01, change in D = 2.599270e-01.
  Coordinate descent sweep 2. norm of D = 3.055242e-01, change in D = 9.708642e-02.
  Coordinate descent sweep 3. norm of D = 3.221115e-01, change in D = 4.284113e-02.
    Line search step size chosen: 1.000000e+00.
  Objective value decreased by 1.071863e-03.
Newton iteration 7.
  Active set size = 8320.
  sub-gradient = 1.917662e-02, l1-norm of X = 3.108444e+01.
  Coordinate descent sweep 1. norm of D = 1.792139e-02, change in D = 1.792139e-02.
  Coordinate descent sweep 2. norm of D = 2.127577e-02, change in D = 7.886733e-03.
  Coordinate descent sweep 3. norm of D = 2.325126e-02, change in D = 3.653152e-03.
    Line search step size chosen: 1.000000e+00.
  Objective value decreased by 5.875986e-06.
Newton iteration 8.
  Active set size = 8320.
  sub-gradient = 1.526505e-03, l1-norm of X = 3.108636e+01.
  Coordinate descent sweep 1. norm of D = 1.529447e-03, change in D = 1.529447e-03.
  Coordinate descent sweep 2. norm of D = 1.886948e-03, change in D = 7.520498e-04.
  Coordinate descent sweep 3. norm of D = 2.093086e-03, change in D = 3.574553e-04.
    Line search step size chosen: 1.000000e+00.
  Objective value decreased by 6.241407e-08.
QUIC CPU time: 2935.005 seconds
