[1] "/data/abattle4/prashanthi/recount3/data/blood/all/weighted_covariances/cov_50.rds"
[1] "Data read complete"
Running QUIC version 1.1 in 'default' mode.
Newton iteration 1.
  X is a diagonal matrix.
    Line search step size 1.000000e+00.  Lack of positive definiteness.
    Line search step size chosen: 5.000000e-01.
  Objective value decreased by 1.894484e+00.
Newton iteration 2.
  Active set size = 8290.
  sub-gradient = 6.750662e+01, l1-norm of X = 2.021381e+01.
  Coordinate descent sweep 1. norm of D = 9.883344e+00, change in D = 9.883344e+00.
    Line search step size chosen: 1.000000e+00.
  Objective value decreased by 6.311556e-01.
Newton iteration 3.
  Active set size = 8248.
  sub-gradient = 2.648747e+01, l1-norm of X = 2.596986e+01.
  Coordinate descent sweep 1. norm of D = 4.404607e+00, change in D = 4.404607e+00.
  Coordinate descent sweep 2. norm of D = 4.480814e+00, change in D = 1.825806e+00.
    Line search step size chosen: 1.000000e+00.
  Objective value decreased by 2.584037e-01.
Newton iteration 4.
  Active set size = 8229.
  sub-gradient = 8.636730e+00, l1-norm of X = 2.586634e+01.
  Coordinate descent sweep 1. norm of D = 2.028999e+00, change in D = 2.028999e+00.
  Coordinate descent sweep 2. norm of D = 2.093846e+00, change in D = 1.081437e+00.
    Line search step size chosen: 1.000000e+00.
  Objective value decreased by 9.078050e-02.
Newton iteration 5.
  Active set size = 8227.
  sub-gradient = 1.769833e+00, l1-norm of X = 2.556036e+01.
  Coordinate descent sweep 1. norm of D = 7.178087e-01, change in D = 7.178087e-01.
  Coordinate descent sweep 2. norm of D = 8.039240e-01, change in D = 3.764181e-01.
    Line search step size chosen: 1.000000e+00.
  Objective value decreased by 1.147965e-02.
Newton iteration 6.
  Active set size = 8227.
  sub-gradient = 1.633480e-01, l1-norm of X = 2.543592e+01.
  Coordinate descent sweep 1. norm of D = 1.657336e-01, change in D = 1.657336e-01.
  Coordinate descent sweep 2. norm of D = 2.057849e-01, change in D = 7.780277e-02.
  Coordinate descent sweep 3. norm of D = 2.151502e-01, change in D = 2.724002e-02.
    Line search step size chosen: 1.000000e+00.
  Objective value decreased by 4.926445e-04.
Newton iteration 7.
  Active set size = 8227.
  sub-gradient = 1.046765e-02, l1-norm of X = 2.545421e+01.
  Coordinate descent sweep 1. norm of D = 1.059401e-02, change in D = 1.059401e-02.
  Coordinate descent sweep 2. norm of D = 1.253020e-02, change in D = 4.070351e-03.
  Coordinate descent sweep 3. norm of D = 1.329724e-02, change in D = 1.828234e-03.
    Line search step size chosen: 1.000000e+00.
  Objective value decreased by 1.706412e-06.
Newton iteration 8.
  Active set size = 8227.
  sub-gradient = 8.254239e-04, l1-norm of X = 2.545593e+01.
  Coordinate descent sweep 1. norm of D = 7.101290e-04, change in D = 7.101290e-04.
  Coordinate descent sweep 2. norm of D = 8.237267e-04, change in D = 3.474393e-04.
  Coordinate descent sweep 3. norm of D = 8.757350e-04, change in D = 1.518891e-04.
    Line search step size chosen: 1.000000e+00.
  Objective value decreased by 7.188646e-09.
QUIC CPU time: 2892.740 seconds
