[1] "/data/abattle4/prashanthi/recount3/data/blood/all/weighted_covariances/cov_50.rds"
[1] "Data read complete"
Running QUIC version 1.1 in 'default' mode.
Newton iteration 1.
  X is a diagonal matrix.
    Line search step size chosen: 1.000000e+00.
  Objective value decreased by 1.898437e-02.
Newton iteration 2.
  Active set size = 7812.
  sub-gradient = 6.662944e-02, l1-norm of X = 4.629560e-01.
  Coordinate descent sweep 1. norm of D = 5.545229e-02, change in D = 5.545229e-02.
    Line search step size chosen: 1.000000e+00.
  Objective value decreased by 3.586460e-04.
Newton iteration 3.
  Active set size = 7812.
  sub-gradient = 6.868837e-03, l1-norm of X = 4.307005e-01.
  Coordinate descent sweep 1. norm of D = 6.472052e-03, change in D = 6.472052e-03.
  Coordinate descent sweep 2. norm of D = 7.122873e-03, change in D = 2.321583e-03.
    Line search step size chosen: 1.000000e+00.
  Objective value decreased by 1.686225e-05.
Newton iteration 4.
  Active set size = 7812.
  sub-gradient = 1.711600e-04, l1-norm of X = 4.393665e-01.
  Coordinate descent sweep 1. norm of D = 1.884735e-04, change in D = 1.884735e-04.
  Coordinate descent sweep 2. norm of D = 1.943075e-04, change in D = 1.231622e-05.
    Line search step size chosen: 1.000000e+00.
  Objective value decreased by 6.184564e-09.
Newton iteration 5.
  Active set size = 7812.
  sub-gradient = 2.085597e-06, l1-norm of X = 4.395436e-01.
  Coordinate descent sweep 1. norm of D = 2.140970e-06, change in D = 2.140970e-06.
  Coordinate descent sweep 2. norm of D = 2.116757e-06, change in D = 1.596219e-07.
    Line search step size chosen: 1.000000e+00.
  Objective value decreased by 0.000000e+00.
QUIC CPU time: 1807.098 seconds
