[1] "sra_normal" "50"         "unweighted" "0.22"      
[1] "Data read complete"
Running QUIC version 1.1 in 'default' mode.
Newton iteration 1.
  X is a diagonal matrix.
    Line search step size 1.000000e+00.  Lack of positive definiteness.
    Line search step size 5.000000e-01.  Lack of positive definiteness.
    Line search step size 2.500000e-01.  Lack of positive definiteness.
    Line search step size 1.250000e-01.  Lack of positive definiteness.
    Line search step size chosen: 6.250000e-02.
  Objective value decreased by 2.924556e+01.
Newton iteration 2.
  Active set size = 62440.
  sub-gradient = 2.260002e+03, l1-norm of X = 6.801440e+01.
  Coordinate descent sweep 1. norm of D = 1.756140e+03, change in D = 1.756140e+03.
    Line search step size 1.000000e+00.  Lack of positive definiteness.
    Line search step size 5.000000e-01.  Lack of positive definiteness.
    Line search step size 2.500000e-01.  Lack of positive definiteness.
    Line search step size chosen: 1.250000e-01.
  Objective value decreased by 3.193948e+01.
Newton iteration 3.
  Active set size = 62440.
  sub-gradient = 1.753261e+03, l1-norm of X = 1.618517e+02.
  Coordinate descent sweep 1. norm of D = 1.072654e+03, change in D = 1.072654e+03.
  Coordinate descent sweep 2. norm of D = 9.908101e+02, change in D = 2.282871e+02.
    Line search step size 1.000000e+00.  Lack of positive definiteness.
    Line search step size 5.000000e-01.  Lack of positive definiteness.
    Line search step size chosen: 2.500000e-01.
  Objective value decreased by 2.402885e+01.
Newton iteration 4.
  Active set size = 62444.
  sub-gradient = 1.204179e+03, l1-norm of X = 2.500951e+02.
  Coordinate descent sweep 1. norm of D = 6.673808e+02, change in D = 6.673808e+02.
  Coordinate descent sweep 2. norm of D = 6.591565e+02, change in D = 1.585187e+02.
    Line search step size 1.000000e+00.  Lack of positive definiteness.
    Line search step size chosen: 5.000000e-01.
  Objective value decreased by 1.831159e+01.
Newton iteration 5.
  Active set size = 62470.
  sub-gradient = 7.362793e+02, l1-norm of X = 3.430062e+02.
  Coordinate descent sweep 1. norm of D = 3.058112e+02, change in D = 3.058112e+02.
  Coordinate descent sweep 2. norm of D = 3.395465e+02, change in D = 8.481272e+01.
    Line search step size chosen: 1.000000e+00.
  Objective value decreased by 7.137389e+00.
Newton iteration 6.
  Active set size = 39763.
  sub-gradient = 7.837912e+01, l1-norm of X = 4.053689e+02.
  Coordinate descent sweep 1. norm of D = 4.594310e+01, change in D = 4.594310e+01.
  Coordinate descent sweep 2. norm of D = 5.500202e+01, change in D = 2.300907e+01.
  Coordinate descent sweep 3. norm of D = 5.985173e+01, change in D = 1.166204e+01.
    Line search step size chosen: 1.000000e+00.
  Objective value decreased by 4.575228e-01.
Newton iteration 7.
  Active set size = 39002.
  sub-gradient = 1.013890e+01, l1-norm of X = 4.088384e+02.
  Coordinate descent sweep 1. norm of D = 7.423281e+00, change in D = 7.423281e+00.
  Coordinate descent sweep 2. norm of D = 9.229140e+00, change in D = 4.549111e+00.
  Coordinate descent sweep 3. norm of D = 1.040999e+01, change in D = 2.866466e+00.
    Line search step size chosen: 1.000000e+00.
  Objective value decreased by 3.657783e-02.
Newton iteration 8.
  Active set size = 38919.
  sub-gradient = 1.955962e+00, l1-norm of X = 4.094438e+02.
  Coordinate descent sweep 1. norm of D = 1.789946e+00, change in D = 1.789946e+00.
  Coordinate descent sweep 2. norm of D = 2.296071e+00, change in D = 1.234145e+00.
  Coordinate descent sweep 3. norm of D = 2.566816e+00, change in D = 8.423444e-01.
    Line search step size chosen: 1.000000e+00.
  Objective value decreased by 4.260564e-03.
Newton iteration 9.
  Active set size = 38903.
  sub-gradient = 6.228854e-01, l1-norm of X = 4.095657e+02.
  Coordinate descent sweep 1. norm of D = 5.813575e-01, change in D = 5.813575e-01.
  Coordinate descent sweep 2. norm of D = 7.375192e-01, change in D = 4.145957e-01.
  Coordinate descent sweep 3. norm of D = 8.274150e-01, change in D = 2.852800e-01.
  Coordinate descent sweep 4. norm of D = 8.866370e-01, change in D = 2.022573e-01.
    Line search step size chosen: 1.000000e+00.
  Objective value decreased by 9.575722e-04.
Newton iteration 10.
  Active set size = 38900.
  sub-gradient = 1.521274e-01, l1-norm of X = 4.096165e+02.
  Coordinate descent sweep 1. norm of D = 1.472344e-01, change in D = 1.472344e-01.
  Coordinate descent sweep 2. norm of D = 1.862542e-01, change in D = 1.168319e-01.
  Coordinate descent sweep 3. norm of D = 2.116442e-01, change in D = 7.972871e-02.
  Coordinate descent sweep 4. norm of D = 2.276978e-01, change in D = 5.749228e-02.
    Line search step size chosen: 1.000000e+00.
  Objective value decreased by 1.163050e-04.
Newton iteration 11.
  Active set size = 38897.
  sub-gradient = 4.704163e-02, l1-norm of X = 4.096290e+02.
  Coordinate descent sweep 1. norm of D = 4.328303e-02, change in D = 4.328303e-02.
  Coordinate descent sweep 2. norm of D = 5.570060e-02, change in D = 3.144016e-02.
  Coordinate descent sweep 3. norm of D = 6.300627e-02, change in D = 2.296089e-02.
  Coordinate descent sweep 4. norm of D = 6.986286e-02, change in D = 1.857890e-02.
    Line search step size chosen: 1.000000e+00.
  Objective value decreased by 1.755487e-05.
Newton iteration 12.
  Active set size = 38895.
  sub-gradient = 1.207998e-02, l1-norm of X = 4.096338e+02.
  Coordinate descent sweep 1. norm of D = 1.366043e-02, change in D = 1.366043e-02.
  Coordinate descent sweep 2. norm of D = 1.779949e-02, change in D = 9.847230e-03.
  Coordinate descent sweep 3. norm of D = 2.051910e-02, change in D = 7.514842e-03.
  Coordinate descent sweep 4. norm of D = 2.194985e-02, change in D = 4.625045e-03.
  Coordinate descent sweep 5. norm of D = 2.368910e-02, change in D = 4.229131e-03.
    Line search step size chosen: 1.000000e+00.
  Objective value decreased by 2.734270e-06.
QUIC CPU time: 1342.960 seconds
