[1] "sra_normal" "50"         "0.62"      
[1] "Data read complete"
Running QUIC version 1.1 in 'default' mode.
Newton iteration 1.
  X is a diagonal matrix.
    Line search step size chosen: 1.000000e+00.
  Objective value decreased by 1.318894e-01.
Newton iteration 2.
  Active set size = 5784.
  sub-gradient = 2.965691e-01, l1-norm of X = 1.353199e+00.
  Coordinate descent sweep 1. norm of D = 2.633957e-01, change in D = 2.633957e-01.
    Line search step size chosen: 1.000000e+00.
  Objective value decreased by 3.137621e-03.
Newton iteration 3.
  Active set size = 5784.
  sub-gradient = 3.124087e-02, l1-norm of X = 1.341129e+00.
  Coordinate descent sweep 1. norm of D = 4.269323e-02, change in D = 4.269323e-02.
  Coordinate descent sweep 2. norm of D = 5.146661e-02, change in D = 8.797831e-03.
    Line search step size chosen: 1.000000e+00.
  Objective value decreased by 2.854383e-04.
Newton iteration 4.
  Active set size = 5784.
  sub-gradient = 1.402227e-03, l1-norm of X = 1.376507e+00.
  Coordinate descent sweep 1. norm of D = 1.496728e-03, change in D = 1.496728e-03.
  Coordinate descent sweep 2. norm of D = 2.077431e-03, change in D = 5.829253e-04.
    Line search step size chosen: 1.000000e+00.
  Objective value decreased by 3.476234e-07.
Newton iteration 5.
  Active set size = 5784.
  sub-gradient = 5.840080e-05, l1-norm of X = 1.377555e+00.
  Coordinate descent sweep 1. norm of D = 6.938049e-05, change in D = 6.938049e-05.
  Coordinate descent sweep 2. norm of D = 7.640039e-05, change in D = 7.080282e-06.
    Line search step size chosen: 1.000000e+00.
  Objective value decreased by 6.557457e-10.
QUIC CPU time: 443.360 seconds
