[1] "sra_normal" "50"         "unweighted" "0.70"      
[1] "Data read complete"
Running QUIC version 1.1 in 'default' mode.
Newton iteration 1.
  X is a diagonal matrix.
    Line search step size chosen: 1.000000e+00.
  Objective value decreased by 3.009726e-02.
Newton iteration 2.
  Active set size = 5772.
  sub-gradient = 6.397701e-02, l1-norm of X = 5.074114e-01.
  Coordinate descent sweep 1. norm of D = 6.211099e-02, change in D = 6.211099e-02.
    Line search step size chosen: 1.000000e+00.
  Objective value decreased by 2.974114e-04.
Newton iteration 3.
  Active set size = 5772.
  sub-gradient = 1.663469e-03, l1-norm of X = 5.109125e-01.
  Coordinate descent sweep 1. norm of D = 1.673392e-03, change in D = 1.673392e-03.
  Coordinate descent sweep 2. norm of D = 1.853685e-03, change in D = 2.413774e-04.
    Line search step size chosen: 1.000000e+00.
  Objective value decreased by 3.936484e-07.
Newton iteration 4.
  Active set size = 5772.
  sub-gradient = 9.060350e-06, l1-norm of X = 5.114423e-01.
  Coordinate descent sweep 1. norm of D = 1.017026e-05, change in D = 1.017026e-05.
  Coordinate descent sweep 2. norm of D = 1.201518e-05, change in D = 1.844920e-06.
    Line search step size chosen: 1.000000e+00.
  Objective value decreased by 4.547474e-11.
QUIC CPU time: 382.170 seconds
