[1] "/work-zfs/abattle4/prashanthi/recount3/data/colon/all/weighted_covariances/cov_10.rds"
[1] "Data read complete"
Running QUIC version 1.1 in 'default' mode.
Newton iteration 1.
  X is a diagonal matrix.
    Line search step size 1.000000e+00.  Lack of positive definiteness.
    Line search step size 5.000000e-01.  Lack of positive definiteness.
    Line search step size 2.500000e-01.  Lack of positive definiteness.
    Line search step size 1.250000e-01.  Lack of positive definiteness.
    Line search step size 6.250000e-02.  Lack of positive definiteness.
    Line search step size 3.125000e-02.  Lack of positive definiteness.
    Line search step size chosen: 1.562500e-02.
  Objective value decreased by 1.421663e+02.
Newton iteration 2.
  Active set size = 1781494.
  sub-gradient = 5.287987e+04, l1-norm of X = 1.682312e+02.
  Coordinate descent sweep 1. norm of D = 4.710187e+04, change in D = 4.710187e+04.
    Line search step size 1.000000e+00.  Lack of positive definiteness.
    Line search step size 5.000000e-01.  Lack of positive definiteness.
    Line search step size 2.500000e-01.  Lack of positive definiteness.
    Line search step size 1.250000e-01.  Lack of positive definiteness.
    Line search step size 6.250000e-02.  Lack of positive definiteness.
    Line search step size chosen: 3.125000e-02.
  Objective value decreased by 2.214100e+02.
Newton iteration 3.
  Active set size = 1781590.
  sub-gradient = 5.041019e+04, l1-norm of X = 4.614963e+02.
  Coordinate descent sweep 1. norm of D = 3.628816e+04, change in D = 3.628816e+04.
  Coordinate descent sweep 2. norm of D = 3.158175e+04, change in D = 6.097019e+03.
    Line search step size 1.000000e+00.  Lack of positive definiteness.
    Line search step size 5.000000e-01.  Lack of positive definiteness.
    Line search step size 2.500000e-01.  Lack of positive definiteness.
    Line search step size 1.250000e-01.  Lack of positive definiteness.
    Line search step size chosen: 6.250000e-02.
  Objective value decreased by 2.544298e+02.
Newton iteration 4.
  Active set size = 1782040.
  sub-gradient = 4.590370e+04, l1-norm of X = 8.441397e+02.
  Coordinate descent sweep 1. norm of D = 2.412195e+04, change in D = 2.412195e+04.
  Coordinate descent sweep 2. norm of D = 2.039513e+04, change in D = 6.404245e+03.
    Line search step size 1.000000e+00.  Lack of positive definiteness.
    Line search step size 5.000000e-01.  Lack of positive definiteness.
    Line search step size 2.500000e-01.  Lack of positive definiteness.
    Line search step size chosen: 1.250000e-01.
  Objective value decreased by 2.832257e+02.
Newton iteration 5.
  Active set size = 1793562.
  sub-gradient = 3.396883e+04, l1-norm of X = 1.301976e+03.
  Coordinate descent sweep 1. norm of D = 1.278412e+04, change in D = 1.278412e+04.
  Coordinate descent sweep 2. norm of D = 1.185484e+04, change in D = 3.646899e+03.
    Line search step size 1.000000e+00.  Lack of positive definiteness.
    Line search step size 5.000000e-01.  Lack of positive definiteness.
    Line search step size chosen: 2.500000e-01.
  Objective value decreased by 2.230949e+02.
Newton iteration 6.
  Active set size = 1810193.
  sub-gradient = 2.765452e+04, l1-norm of X = 1.683506e+03.
  Coordinate descent sweep 1. norm of D = 7.344893e+03, change in D = 7.344893e+03.
  Coordinate descent sweep 2. norm of D = 7.695188e+03, change in D = 2.243591e+03.
  Coordinate descent sweep 3. norm of D = 7.975096e+03, change in D = 8.383257e+02.
    Line search step size 1.000000e+00.  Lack of positive definiteness.
    Line search step size chosen: 5.000000e-01.
  Objective value decreased by 1.809879e+02.
Newton iteration 7.
  Active set size = 1807274.
  sub-gradient = 3.268517e+04, l1-norm of X = 2.009289e+03.
  Coordinate descent sweep 1. norm of D = 3.603048e+03, change in D = 3.603048e+03.
  Coordinate descent sweep 2. norm of D = 4.185973e+03, change in D = 1.415327e+03.
  Coordinate descent sweep 3. norm of D = 4.470468e+03, change in D = 7.505186e+02.
    Line search step size chosen: 1.000000e+00.
  Objective value decreased by 1.028663e+02.
Newton iteration 8.
  Active set size = 614185.
  sub-gradient = 1.916686e+03, l1-norm of X = 2.261878e+03.
  Coordinate descent sweep 1. norm of D = 6.562381e+02, change in D = 6.562381e+02.
  Coordinate descent sweep 2. norm of D = 8.113113e+02, change in D = 4.616138e+02.
  Coordinate descent sweep 3. norm of D = 9.074960e+02, change in D = 3.050349e+02.
    Line search step size chosen: 1.000000e+00.
  Objective value decreased by 1.089751e+01.
Newton iteration 9.
  Active set size = 591853.
  sub-gradient = 3.685860e+02, l1-norm of X = 2.303709e+03.
  Coordinate descent sweep 1. norm of D = 2.387302e+02, change in D = 2.387302e+02.
  Coordinate descent sweep 2. norm of D = 2.935084e+02, change in D = 1.844660e+02.
  Coordinate descent sweep 3. norm of D = 3.290350e+02, change in D = 1.423874e+02.
  Coordinate descent sweep 4. norm of D = 3.546841e+02, change in D = 1.125676e+02.
    Line search step size chosen: 1.000000e+00.
  Objective value decreased by 3.762655e+00.
Newton iteration 10.
  Active set size = 586773.
  sub-gradient = 1.242414e+02, l1-norm of X = 2.317333e+03.
  Coordinate descent sweep 1. norm of D = 9.725322e+01, change in D = 9.725322e+01.
  Coordinate descent sweep 2. norm of D = 1.181037e+02, change in D = 8.249716e+01.
  Coordinate descent sweep 3. norm of D = 1.323025e+02, change in D = 6.946049e+01.
  Coordinate descent sweep 4. norm of D = 1.427842e+02, change in D = 5.975933e+01.
    Line search step size chosen: 1.000000e+00.
  Objective value decreased by 1.217592e+00.
Newton iteration 11.
  Active set size = 586040.
  sub-gradient = 5.720399e+01, l1-norm of X = 2.321483e+03.
  Coordinate descent sweep 1. norm of D = 5.349704e+01, change in D = 5.349704e+01.
  Coordinate descent sweep 2. norm of D = 6.441111e+01, change in D = 4.696727e+01.
  Coordinate descent sweep 3. norm of D = 7.224574e+01, change in D = 4.187123e+01.
  Coordinate descent sweep 4. norm of D = 7.833403e+01, change in D = 3.720079e+01.
    Line search step size chosen: 1.000000e+00.
  Objective value decreased by 5.407794e-01.
Newton iteration 12.
  Active set size = 585640.
  sub-gradient = 3.430299e+01, l1-norm of X = 2.323423e+03.
  Coordinate descent sweep 1. norm of D = 3.264793e+01, change in D = 3.264793e+01.
  Coordinate descent sweep 2. norm of D = 4.001865e+01, change in D = 2.984408e+01.
  Coordinate descent sweep 3. norm of D = 4.494099e+01, change in D = 2.743118e+01.
  Coordinate descent sweep 4. norm of D = 4.891593e+01, change in D = 2.471169e+01.
  Coordinate descent sweep 5. norm of D = 5.202068e+01, change in D = 2.250695e+01.
    Line search step size chosen: 1.000000e+00.
  Objective value decreased by 3.111558e-01.
Newton iteration 13.
  Active set size = 585388.
  sub-gradient = 2.131905e+01, l1-norm of X = 2.324662e+03.
  Coordinate descent sweep 1. norm of D = 2.087091e+01, change in D = 2.087091e+01.
  Coordinate descent sweep 2. norm of D = 2.516546e+01, change in D = 1.914874e+01.
  Coordinate descent sweep 3. norm of D = 2.780858e+01, change in D = 1.741608e+01.
  Coordinate descent sweep 4. norm of D = 3.050988e+01, change in D = 1.663166e+01.
  Coordinate descent sweep 5. norm of D = 3.235656e+01, change in D = 1.539186e+01.
    Line search step size chosen: 1.000000e+00.
  Objective value decreased by 1.655172e-01.
Newton iteration 14.
  Active set size = 585284.
  sub-gradient = 1.489684e+01, l1-norm of X = 2.325391e+03.
  Coordinate descent sweep 1. norm of D = 1.406615e+01, change in D = 1.406615e+01.
  Coordinate descent sweep 2. norm of D = 1.699681e+01, change in D = 1.313033e+01.
  Coordinate descent sweep 3. norm of D = 1.911701e+01, change in D = 1.224549e+01.
  Coordinate descent sweep 4. norm of D = 2.053298e+01, change in D = 1.140746e+01.
  Coordinate descent sweep 5. norm of D = 2.183818e+01, change in D = 1.046527e+01.
    Line search step size chosen: 1.000000e+00.
  Objective value decreased by 9.807209e-02.
Newton iteration 15.
  Active set size = 585220.
  sub-gradient = 1.176408e+01, l1-norm of X = 2.325887e+03.
  Coordinate descent sweep 1. norm of D = 9.914245e+00, change in D = 9.914245e+00.
  Coordinate descent sweep 2. norm of D = 1.169769e+01, change in D = 9.111822e+00.
  Coordinate descent sweep 3. norm of D = 1.294366e+01, change in D = 8.334785e+00.
  Coordinate descent sweep 4. norm of D = 1.403686e+01, change in D = 7.951681e+00.
  Coordinate descent sweep 5. norm of D = 1.499832e+01, change in D = 7.609062e+00.
  Coordinate descent sweep 6. norm of D = 1.593711e+01, change in D = 7.262739e+00.
    Line search step size chosen: 1.000000e+00.
  Objective value decreased by 6.610766e-02.
Newton iteration 16.
  Active set size = 585110.
  sub-gradient = 6.084192e+00, l1-norm of X = 2.326248e+03.
  Coordinate descent sweep 1. norm of D = 6.589276e+00, change in D = 6.589276e+00.
  Coordinate descent sweep 2. norm of D = 8.022010e+00, change in D = 6.383428e+00.
  Coordinate descent sweep 3. norm of D = 8.914493e+00, change in D = 5.926591e+00.
  Coordinate descent sweep 4. norm of D = 9.596168e+00, change in D = 5.671400e+00.
  Coordinate descent sweep 5. norm of D = 1.034531e+01, change in D = 5.477428e+00.
  Coordinate descent sweep 6. norm of D = 1.088064e+01, change in D = 5.144004e+00.
    Line search step size chosen: 1.000000e+00.
  Objective value decreased by 3.935761e-02.
Newton iteration 17.
  Active set size = 585065.
  sub-gradient = 5.463161e+00, l1-norm of X = 2.326479e+03.
  Coordinate descent sweep 1. norm of D = 5.087305e+00, change in D = 5.087305e+00.
  Coordinate descent sweep 2. norm of D = 5.907152e+00, change in D = 4.769917e+00.
  Coordinate descent sweep 3. norm of D = 6.508918e+00, change in D = 4.568971e+00.
  Coordinate descent sweep 4. norm of D = 6.908595e+00, change in D = 4.194612e+00.
  Coordinate descent sweep 5. norm of D = 7.411173e+00, change in D = 3.886576e+00.
  Coordinate descent sweep 6. norm of D = 7.821018e+00, change in D = 3.824508e+00.
    Line search step size chosen: 1.000000e+00.
  Objective value decreased by 2.419708e-02.
Newton iteration 18.
  Active set size = 585034.
  sub-gradient = 3.600156e+00, l1-norm of X = 2.326655e+03.
  Coordinate descent sweep 1. norm of D = 3.729512e+00, change in D = 3.729512e+00.
  Coordinate descent sweep 2. norm of D = 4.420289e+00, change in D = 3.553962e+00.
  Coordinate descent sweep 3. norm of D = 4.891761e+00, change in D = 3.340813e+00.
  Coordinate descent sweep 4. norm of D = 5.233537e+00, change in D = 3.137827e+00.
  Coordinate descent sweep 5. norm of D = 5.673513e+00, change in D = 3.114572e+00.
  Coordinate descent sweep 6. norm of D = 5.978455e+00, change in D = 3.052272e+00.
  Coordinate descent sweep 7. norm of D = 6.224569e+00, change in D = 2.911779e+00.
    Line search step size chosen: 1.000000e+00.
  Objective value decreased by 1.914675e-02.
Newton iteration 19.
  Active set size = 585060.
  sub-gradient = 4.092627e+00, l1-norm of X = 2.326806e+03.
  Coordinate descent sweep 1. norm of D = 2.899891e+00, change in D = 2.899891e+00.
  Coordinate descent sweep 2. norm of D = 3.369737e+00, change in D = 2.802073e+00.
  Coordinate descent sweep 3. norm of D = 3.580700e+00, change in D = 2.506694e+00.
  Coordinate descent sweep 4. norm of D = 3.815532e+00, change in D = 2.353578e+00.
  Coordinate descent sweep 5. norm of D = 4.161291e+00, change in D = 2.385870e+00.
  Coordinate descent sweep 6. norm of D = 4.229172e+00, change in D = 2.137376e+00.
  Coordinate descent sweep 7. norm of D = 4.533610e+00, change in D = 2.124567e+00.
    Line search step size chosen: 1.000000e+00.
  Objective value decreased by 1.080680e-02.
Newton iteration 20.
  Active set size = 585002.
  sub-gradient = 2.140124e+00, l1-norm of X = 2.326914e+03.
  Coordinate descent sweep 1. norm of D = 2.092076e+00, change in D = 2.092076e+00.
  Coordinate descent sweep 2. norm of D = 2.455815e+00, change in D = 1.958793e+00.
  Coordinate descent sweep 3. norm of D = 2.699168e+00, change in D = 1.924022e+00.
  Coordinate descent sweep 4. norm of D = 2.966383e+00, change in D = 1.847398e+00.
  Coordinate descent sweep 5. norm of D = 3.204306e+00, change in D = 1.817212e+00.
  Coordinate descent sweep 6. norm of D = 3.321613e+00, change in D = 1.725182e+00.
  Coordinate descent sweep 7. norm of D = 3.386531e+00, change in D = 1.507445e+00.
    Line search step size chosen: 1.000000e+00.
  Objective value decreased by 7.775968e-03.
Newton iteration 21.
  Active set size = 584994.
  sub-gradient = 1.616439e+00, l1-norm of X = 2.326997e+03.
  Coordinate descent sweep 1. norm of D = 1.486169e+00, change in D = 1.486169e+00.
  Coordinate descent sweep 2. norm of D = 1.797134e+00, change in D = 1.522180e+00.
  Coordinate descent sweep 3. norm of D = 1.972502e+00, change in D = 1.433194e+00.
  Coordinate descent sweep 4. norm of D = 2.210208e+00, change in D = 1.456522e+00.
  Coordinate descent sweep 5. norm of D = 2.213243e+00, change in D = 1.344555e+00.
  Coordinate descent sweep 6. norm of D = 2.442033e+00, change in D = 1.326697e+00.
  Coordinate descent sweep 7. norm of D = 2.545924e+00, change in D = 1.305158e+00.
  Coordinate descent sweep 8. norm of D = 2.670453e+00, change in D = 1.300680e+00.
    Line search step size chosen: 1.000000e+00.
  Objective value decreased by 5.469882e-03.
Newton iteration 22.
  Active set size = 584981.
  sub-gradient = 1.179917e+00, l1-norm of X = 2.327061e+03.
  Coordinate descent sweep 1. norm of D = 1.193981e+00, change in D = 1.193981e+00.
  Coordinate descent sweep 2. norm of D = 1.511105e+00, change in D = 1.221831e+00.
  Coordinate descent sweep 3. norm of D = 1.591771e+00, change in D = 1.132691e+00.
  Coordinate descent sweep 4. norm of D = 1.795417e+00, change in D = 1.140811e+00.
  Coordinate descent sweep 5. norm of D = 1.879884e+00, change in D = 1.164909e+00.
  Coordinate descent sweep 6. norm of D = 1.957709e+00, change in D = 1.069734e+00.
  Coordinate descent sweep 7. norm of D = 2.056588e+00, change in D = 1.012763e+00.
  Coordinate descent sweep 8. norm of D = 2.138133e+00, change in D = 9.594602e-01.
    Line search step size chosen: 1.000000e+00.
  Objective value decreased by 3.888266e-03.
Newton iteration 23.
  Active set size = 584982.
  sub-gradient = 8.754660e-01, l1-norm of X = 2.327116e+03.
  Coordinate descent sweep 1. norm of D = 9.881915e-01, change in D = 9.881915e-01.
  Coordinate descent sweep 2. norm of D = 1.128320e+00, change in D = 9.744234e-01.
  Coordinate descent sweep 3. norm of D = 1.190195e+00, change in D = 8.668849e-01.
  Coordinate descent sweep 4. norm of D = 1.306003e+00, change in D = 8.314654e-01.
  Coordinate descent sweep 5. norm of D = 1.368748e+00, change in D = 8.152399e-01.
  Coordinate descent sweep 6. norm of D = 1.503038e+00, change in D = 8.669610e-01.
  Coordinate descent sweep 7. norm of D = 1.521203e+00, change in D = 8.112619e-01.
  Coordinate descent sweep 8. norm of D = 1.618157e+00, change in D = 7.988112e-01.
    Line search step size chosen: 1.000000e+00.
  Objective value decreased by 2.488059e-03.
Newton iteration 24.
  Active set size = 584977.
  sub-gradient = 8.963871e-01, l1-norm of X = 2.327155e+03.
  Coordinate descent sweep 1. norm of D = 7.786233e-01, change in D = 7.786233e-01.
  Coordinate descent sweep 2. norm of D = 8.707045e-01, change in D = 6.911109e-01.
  Coordinate descent sweep 3. norm of D = 9.665887e-01, change in D = 6.783522e-01.
  Coordinate descent sweep 4. norm of D = 1.069932e+00, change in D = 7.106158e-01.
  Coordinate descent sweep 5. norm of D = 1.154233e+00, change in D = 7.514613e-01.
  Coordinate descent sweep 6. norm of D = 1.191958e+00, change in D = 7.084006e-01.
  Coordinate descent sweep 7. norm of D = 1.220749e+00, change in D = 6.272178e-01.
  Coordinate descent sweep 8. norm of D = 1.292831e+00, change in D = 6.489770e-01.
  Coordinate descent sweep 9. norm of D = 1.343899e+00, change in D = 6.127730e-01.
    Line search step size chosen: 1.000000e+00.
  Objective value decreased by 1.887029e-03.
Newton iteration 25.
  Active set size = 584980.
  sub-gradient = 6.885803e-01, l1-norm of X = 2.327190e+03.
  Coordinate descent sweep 1. norm of D = 5.682617e-01, change in D = 5.682617e-01.
  Coordinate descent sweep 2. norm of D = 6.879667e-01, change in D = 5.854752e-01.
  Coordinate descent sweep 3. norm of D = 7.519894e-01, change in D = 5.779288e-01.
  Coordinate descent sweep 4. norm of D = 8.046848e-01, change in D = 5.593878e-01.
  Coordinate descent sweep 5. norm of D = 8.729999e-01, change in D = 5.550122e-01.
  Coordinate descent sweep 6. norm of D = 8.988415e-01, change in D = 5.322191e-01.
  Coordinate descent sweep 7. norm of D = 9.475699e-01, change in D = 5.216545e-01.
  Coordinate descent sweep 8. norm of D = 1.004591e+00, change in D = 5.113250e-01.
  Coordinate descent sweep 9. norm of D = 1.029079e+00, change in D = 4.965975e-01.
    Line search step size chosen: 1.000000e+00.
  Objective value decreased by 1.237666e-03.
Newton iteration 26.
  Active set size = 584972.
  sub-gradient = 4.632459e-01, l1-norm of X = 2.327217e+03.
  Coordinate descent sweep 1. norm of D = 4.928805e-01, change in D = 4.928805e-01.
  Coordinate descent sweep 2. norm of D = 5.611481e-01, change in D = 4.664855e-01.
  Coordinate descent sweep 3. norm of D = 6.074188e-01, change in D = 4.433766e-01.
  Coordinate descent sweep 4. norm of D = 6.396937e-01, change in D = 3.846518e-01.
  Coordinate descent sweep 5. norm of D = 7.115970e-01, change in D = 4.170864e-01.
  Coordinate descent sweep 6. norm of D = 7.401538e-01, change in D = 4.281629e-01.
  Coordinate descent sweep 7. norm of D = 7.517920e-01, change in D = 3.890249e-01.
  Coordinate descent sweep 8. norm of D = 7.830810e-01, change in D = 3.558061e-01.
  Coordinate descent sweep 9. norm of D = 8.379278e-01, change in D = 3.755953e-01.
    Line search step size chosen: 1.000000e+00.
  Objective value decreased by 8.630589e-04.
Newton iteration 27.
  Active set size = 584972.
  sub-gradient = 4.081022e-01, l1-norm of X = 2.327239e+03.
  Coordinate descent sweep 1. norm of D = 3.348277e-01, change in D = 3.348277e-01.
  Coordinate descent sweep 2. norm of D = 4.377540e-01, change in D = 3.573226e-01.
  Coordinate descent sweep 3. norm of D = 4.562836e-01, change in D = 3.416144e-01.
  Coordinate descent sweep 4. norm of D = 4.974601e-01, change in D = 3.233603e-01.
  Coordinate descent sweep 5. norm of D = 5.385201e-01, change in D = 3.270435e-01.
  Coordinate descent sweep 6. norm of D = 5.634519e-01, change in D = 3.298505e-01.
  Coordinate descent sweep 7. norm of D = 5.752410e-01, change in D = 2.955837e-01.
  Coordinate descent sweep 8. norm of D = 5.918513e-01, change in D = 2.779821e-01.
  Coordinate descent sweep 9. norm of D = 6.262117e-01, change in D = 2.790205e-01.
  Coordinate descent sweep 10. norm of D = 6.573614e-01, change in D = 2.950407e-01.
    Line search step size chosen: 1.000000e+00.
  Objective value decreased by 5.842935e-04.
Newton iteration 28.
  Active set size = 584969.
  sub-gradient = 3.426410e-01, l1-norm of X = 2.327256e+03.
  Coordinate descent sweep 1. norm of D = 2.757992e-01, change in D = 2.757992e-01.
  Coordinate descent sweep 2. norm of D = 3.296678e-01, change in D = 2.597251e-01.
  Coordinate descent sweep 3. norm of D = 3.620310e-01, change in D = 2.525512e-01.
  Coordinate descent sweep 4. norm of D = 4.046296e-01, change in D = 2.763464e-01.
  Coordinate descent sweep 5. norm of D = 3.987485e-01, change in D = 2.399146e-01.
  Coordinate descent sweep 6. norm of D = 4.289480e-01, change in D = 2.322956e-01.
  Coordinate descent sweep 7. norm of D = 4.439172e-01, change in D = 2.296212e-01.
  Coordinate descent sweep 8. norm of D = 4.671135e-01, change in D = 2.241987e-01.
  Coordinate descent sweep 9. norm of D = 4.740313e-01, change in D = 2.117365e-01.
  Coordinate descent sweep 10. norm of D = 5.108514e-01, change in D = 2.234082e-01.
    Line search step size chosen: 1.000000e+00.
  Objective value decreased by 3.644995e-04.
Newton iteration 29.
  Active set size = 584964.
  sub-gradient = 2.051783e-01, l1-norm of X = 2.327270e+03.
  Coordinate descent sweep 1. norm of D = 2.348341e-01, change in D = 2.348341e-01.
  Coordinate descent sweep 2. norm of D = 2.787773e-01, change in D = 2.387257e-01.
  Coordinate descent sweep 3. norm of D = 2.945728e-01, change in D = 2.235032e-01.
  Coordinate descent sweep 4. norm of D = 3.174586e-01, change in D = 2.118656e-01.
  Coordinate descent sweep 5. norm of D = 3.218275e-01, change in D = 1.973500e-01.
  Coordinate descent sweep 6. norm of D = 3.336671e-01, change in D = 1.906901e-01.
  Coordinate descent sweep 7. norm of D = 3.562278e-01, change in D = 1.929231e-01.
  Coordinate descent sweep 8. norm of D = 3.691396e-01, change in D = 1.912722e-01.
  Coordinate descent sweep 9. norm of D = 3.760025e-01, change in D = 1.822439e-01.
  Coordinate descent sweep 10. norm of D = 3.907049e-01, change in D = 1.780066e-01.
    Line search step size chosen: 1.000000e+00.
  Objective value decreased by 2.539978e-04.
QUIC CPU time: 28824.350 seconds
