[1] "/work-zfs/abattle4/prashanthi/recount3/data/colon/all/weighted_covariances/cov_10.rds"
[1] "Data read complete"
Running QUIC version 1.1 in 'default' mode.
Newton iteration 1.
  X is a diagonal matrix.
    Line search step size 1.000000e+00.  Lack of positive definiteness.
    Line search step size 5.000000e-01.  Lack of positive definiteness.
    Line search step size 2.500000e-01.  Lack of positive definiteness.
    Line search step size 1.250000e-01.  Lack of positive definiteness.
    Line search step size 6.250000e-02.  Lack of positive definiteness.
    Line search step size chosen: 3.125000e-02.
  Objective value decreased by 4.542341e+01.
Newton iteration 2.
  Active set size = 64015.
  sub-gradient = 4.001303e+03, l1-norm of X = 5.767788e+01.
  Coordinate descent sweep 1. norm of D = 2.999587e+03, change in D = 2.999587e+03.
    Line search step size 1.000000e+00.  Lack of positive definiteness.
    Line search step size 5.000000e-01.  Lack of positive definiteness.
    Line search step size 2.500000e-01.  Lack of positive definiteness.
    Line search step size 1.250000e-01.  Lack of positive definiteness.
    Line search step size chosen: 6.250000e-02.
  Objective value decreased by 5.372091e+01.
Newton iteration 3.
  Active set size = 64015.
  sub-gradient = 3.554382e+03, l1-norm of X = 1.382118e+02.
  Coordinate descent sweep 1. norm of D = 2.135675e+03, change in D = 2.135675e+03.
  Coordinate descent sweep 2. norm of D = 1.941469e+03, change in D = 4.229626e+02.
    Line search step size 1.000000e+00.  Lack of positive definiteness.
    Line search step size 5.000000e-01.  Lack of positive definiteness.
    Line search step size chosen: 2.500000e-01.
  Objective value decreased by 9.622898e+01.
Newton iteration 4.
  Active set size = 64221.
  sub-gradient = 2.336894e+03, l1-norm of X = 3.261660e+02.
  Coordinate descent sweep 1. norm of D = 1.087306e+03, change in D = 1.087306e+03.
  Coordinate descent sweep 2. norm of D = 1.129881e+03, change in D = 2.755363e+02.
    Line search step size chosen: 1.000000e+00.
  Objective value decreased by 6.960113e+01.
Newton iteration 5.
  Active set size = 48600.
  sub-gradient = 2.321028e+03, l1-norm of X = 6.339451e+02.
  Coordinate descent sweep 1. norm of D = 2.444582e+02, change in D = 2.444582e+02.
  Coordinate descent sweep 2. norm of D = 2.646554e+02, change in D = 1.380143e+02.
    Line search step size chosen: 1.000000e+00.
  Objective value decreased by 1.159627e+01.
Newton iteration 6.
  Active set size = 43948.
  sub-gradient = 7.178578e+02, l1-norm of X = 6.318346e+02.
  Coordinate descent sweep 1. norm of D = 1.277010e+02, change in D = 1.277010e+02.
  Coordinate descent sweep 2. norm of D = 1.476612e+02, change in D = 7.958728e+01.
  Coordinate descent sweep 3. norm of D = 1.661439e+02, change in D = 4.976800e+01.
    Line search step size chosen: 1.000000e+00.
  Objective value decreased by 4.558037e+00.
Newton iteration 7.
  Active set size = 42497.
  sub-gradient = 1.848797e+02, l1-norm of X = 6.319514e+02.
  Coordinate descent sweep 1. norm of D = 4.978291e+01, change in D = 4.978291e+01.
  Coordinate descent sweep 2. norm of D = 5.986573e+01, change in D = 3.385583e+01.
  Coordinate descent sweep 3. norm of D = 6.874994e+01, change in D = 2.267932e+01.
    Line search step size chosen: 1.000000e+00.
  Objective value decreased by 1.068497e+00.
Newton iteration 8.
  Active set size = 42087.
  sub-gradient = 3.880065e+01, l1-norm of X = 6.332018e+02.
  Coordinate descent sweep 1. norm of D = 1.932994e+01, change in D = 1.932994e+01.
  Coordinate descent sweep 2. norm of D = 2.493895e+01, change in D = 1.429903e+01.
  Coordinate descent sweep 3. norm of D = 2.935209e+01, change in D = 1.041950e+01.
    Line search step size chosen: 1.000000e+00.
  Objective value decreased by 2.578714e-01.
Newton iteration 9.
  Active set size = 41995.
  sub-gradient = 9.660950e+00, l1-norm of X = 6.344574e+02.
  Coordinate descent sweep 1. norm of D = 8.383472e+00, change in D = 8.383472e+00.
  Coordinate descent sweep 2. norm of D = 1.155783e+01, change in D = 6.625402e+00.
  Coordinate descent sweep 3. norm of D = 1.379970e+01, change in D = 5.171486e+00.
  Coordinate descent sweep 4. norm of D = 1.558635e+01, change in D = 4.223917e+00.
    Line search step size chosen: 1.000000e+00.
  Objective value decreased by 9.555478e-02.
Newton iteration 10.
  Active set size = 41940.
  sub-gradient = 3.645363e+00, l1-norm of X = 6.355731e+02.
  Coordinate descent sweep 1. norm of D = 3.468012e+00, change in D = 3.468012e+00.
  Coordinate descent sweep 2. norm of D = 4.921661e+00, change in D = 2.869698e+00.
  Coordinate descent sweep 3. norm of D = 6.019792e+00, change in D = 2.454493e+00.
  Coordinate descent sweep 4. norm of D = 6.882521e+00, change in D = 2.013360e+00.
    Line search step size chosen: 1.000000e+00.
  Objective value decreased by 2.801589e-02.
Newton iteration 11.
  Active set size = 41936.
  sub-gradient = 1.961162e+00, l1-norm of X = 6.360845e+02.
  Coordinate descent sweep 1. norm of D = 1.734904e+00, change in D = 1.734904e+00.
  Coordinate descent sweep 2. norm of D = 2.432039e+00, change in D = 1.486973e+00.
  Coordinate descent sweep 3. norm of D = 2.971462e+00, change in D = 1.251114e+00.
  Coordinate descent sweep 4. norm of D = 3.457691e+00, change in D = 1.120977e+00.
    Line search step size chosen: 1.000000e+00.
  Objective value decreased by 1.104671e-02.
Newton iteration 12.
  Active set size = 41918.
  sub-gradient = 9.611083e-01, l1-norm of X = 6.363422e+02.
  Coordinate descent sweep 1. norm of D = 9.239035e-01, change in D = 9.239035e-01.
  Coordinate descent sweep 2. norm of D = 1.342192e+00, change in D = 8.279206e-01.
  Coordinate descent sweep 3. norm of D = 1.669383e+00, change in D = 7.160380e-01.
  Coordinate descent sweep 4. norm of D = 1.932207e+00, change in D = 6.181032e-01.
  Coordinate descent sweep 5. norm of D = 2.160322e+00, change in D = 5.296568e-01.
    Line search step size chosen: 1.000000e+00.
  Objective value decreased by 5.045862e-03.
Newton iteration 13.
  Active set size = 41916.
  sub-gradient = 4.719906e-01, l1-norm of X = 6.365165e+02.
  Coordinate descent sweep 1. norm of D = 4.770050e-01, change in D = 4.770050e-01.
  Coordinate descent sweep 2. norm of D = 6.895990e-01, change in D = 4.198386e-01.
  Coordinate descent sweep 3. norm of D = 8.356517e-01, change in D = 3.467409e-01.
  Coordinate descent sweep 4. norm of D = 9.660803e-01, change in D = 3.084976e-01.
  Coordinate descent sweep 5. norm of D = 1.078213e+00, change in D = 2.693180e-01.
    Line search step size chosen: 1.000000e+00.
  Objective value decreased by 1.846522e-03.
Newton iteration 14.
  Active set size = 41915.
  sub-gradient = 2.167031e-01, l1-norm of X = 6.366059e+02.
  Coordinate descent sweep 1. norm of D = 2.371902e-01, change in D = 2.371902e-01.
  Coordinate descent sweep 2. norm of D = 3.346984e-01, change in D = 2.120132e-01.
  Coordinate descent sweep 3. norm of D = 4.296148e-01, change in D = 1.891457e-01.
  Coordinate descent sweep 4. norm of D = 5.120943e-01, change in D = 1.707152e-01.
  Coordinate descent sweep 5. norm of D = 5.729069e-01, change in D = 1.432704e-01.
    Line search step size chosen: 1.000000e+00.
  Objective value decreased by 6.933749e-04.
Newton iteration 15.
  Active set size = 41914.
  sub-gradient = 1.402563e-01, l1-norm of X = 6.366539e+02.
  Coordinate descent sweep 1. norm of D = 1.240920e-01, change in D = 1.240920e-01.
  Coordinate descent sweep 2. norm of D = 1.886783e-01, change in D = 1.162822e-01.
  Coordinate descent sweep 3. norm of D = 2.428603e-01, change in D = 1.047640e-01.
  Coordinate descent sweep 4. norm of D = 2.836322e-01, change in D = 9.074931e-02.
  Coordinate descent sweep 5. norm of D = 3.209681e-01, change in D = 8.139772e-02.
  Coordinate descent sweep 6. norm of D = 3.516927e-01, change in D = 7.004001e-02.
    Line search step size chosen: 1.000000e+00.
  Objective value decreased by 3.072736e-04.
Newton iteration 16.
  Active set size = 41914.
  sub-gradient = 6.485875e-02, l1-norm of X = 6.366886e+02.
  Coordinate descent sweep 1. norm of D = 6.916114e-02, change in D = 6.916114e-02.
  Coordinate descent sweep 2. norm of D = 9.787592e-02, change in D = 5.331944e-02.
  Coordinate descent sweep 3. norm of D = 1.261136e-01, change in D = 5.302108e-02.
  Coordinate descent sweep 4. norm of D = 1.502687e-01, change in D = 4.745973e-02.
  Coordinate descent sweep 5. norm of D = 1.689372e-01, change in D = 3.946595e-02.
  Coordinate descent sweep 6. norm of D = 1.849123e-01, change in D = 3.687508e-02.
    Line search step size chosen: 1.000000e+00.
  Objective value decreased by 1.110760e-04.
Newton iteration 17.
  Active set size = 41914.
  sub-gradient = 3.312086e-02, l1-norm of X = 6.367057e+02.
  Coordinate descent sweep 1. norm of D = 3.397728e-02, change in D = 3.397728e-02.
  Coordinate descent sweep 2. norm of D = 5.009685e-02, change in D = 3.037777e-02.
  Coordinate descent sweep 3. norm of D = 6.467541e-02, change in D = 2.744352e-02.
  Coordinate descent sweep 4. norm of D = 7.723513e-02, change in D = 2.625850e-02.
  Coordinate descent sweep 5. norm of D = 8.710277e-02, change in D = 2.192418e-02.
  Coordinate descent sweep 6. norm of D = 9.657347e-02, change in D = 2.035949e-02.
    Line search step size chosen: 1.000000e+00.
  Objective value decreased by 3.687668e-05.
QUIC CPU time: 6444.730 seconds
