[1] "/work-zfs/abattle4/prashanthi/recount3/data/colon/all/weighted_covariances/cov_10.rds"
[1] "Data read complete"
Running QUIC version 1.1 in 'default' mode.
Newton iteration 1.
  X is a diagonal matrix.
    Line search step size 1.000000e+00.  Lack of positive definiteness.
    Line search step size 5.000000e-01.  Lack of positive definiteness.
    Line search step size 2.500000e-01.  Lack of positive definiteness.
    Line search step size 1.250000e-01.  Lack of positive definiteness.
    Line search step size chosen: 6.250000e-02.
  Objective value decreased by 1.572159e+01.
Newton iteration 2.
  Active set size = 16531.
  sub-gradient = 6.481972e+02, l1-norm of X = 3.421242e+01.
  Coordinate descent sweep 1. norm of D = 4.607253e+02, change in D = 4.607253e+02.
    Line search step size 1.000000e+00.  Lack of positive definiteness.
    Line search step size 5.000000e-01.  Lack of positive definiteness.
    Line search step size 2.500000e-01.  Lack of positive definiteness.
    Line search step size chosen: 1.250000e-01.
  Objective value decreased by 1.581001e+01.
Newton iteration 3.
  Active set size = 16531.
  sub-gradient = 5.151561e+02, l1-norm of X = 7.553838e+01.
  Coordinate descent sweep 1. norm of D = 3.242831e+02, change in D = 3.242831e+02.
  Coordinate descent sweep 2. norm of D = 3.083657e+02, change in D = 7.139274e+01.
    Line search step size 1.000000e+00.  Lack of positive definiteness.
    Line search step size chosen: 5.000000e-01.
  Objective value decreased by 2.407128e+01.
Newton iteration 4.
  Active set size = 16531.
  sub-gradient = 2.726741e+02, l1-norm of X = 1.665467e+02.
  Coordinate descent sweep 1. norm of D = 1.316530e+02, change in D = 1.316530e+02.
  Coordinate descent sweep 2. norm of D = 1.557254e+02, change in D = 4.242657e+01.
    Line search step size chosen: 1.000000e+00.
  Objective value decreased by 7.380784e+00.
Newton iteration 5.
  Active set size = 14194.
  sub-gradient = 3.834312e+01, l1-norm of X = 2.168590e+02.
  Coordinate descent sweep 1. norm of D = 3.138986e+01, change in D = 3.138986e+01.
  Coordinate descent sweep 2. norm of D = 4.156379e+01, change in D = 1.641342e+01.
    Line search step size chosen: 1.000000e+00.
  Objective value decreased by 7.833647e-01.
Newton iteration 6.
  Active set size = 14026.
  sub-gradient = 1.102949e+01, l1-norm of X = 2.232771e+02.
  Coordinate descent sweep 1. norm of D = 1.069255e+01, change in D = 1.069255e+01.
  Coordinate descent sweep 2. norm of D = 1.446786e+01, change in D = 6.367584e+00.
  Coordinate descent sweep 3. norm of D = 1.669158e+01, change in D = 3.819381e+00.
    Line search step size chosen: 1.000000e+00.
  Objective value decreased by 1.612513e-01.
Newton iteration 7.
  Active set size = 13971.
  sub-gradient = 3.859463e+00, l1-norm of X = 2.258345e+02.
  Coordinate descent sweep 1. norm of D = 2.886549e+00, change in D = 2.886549e+00.
  Coordinate descent sweep 2. norm of D = 3.918980e+00, change in D = 1.849966e+00.
  Coordinate descent sweep 3. norm of D = 4.621171e+00, change in D = 1.279421e+00.
    Line search step size chosen: 1.000000e+00.
  Objective value decreased by 2.070424e-02.
Newton iteration 8.
  Active set size = 13946.
  sub-gradient = 1.092976e+00, l1-norm of X = 2.264983e+02.
  Coordinate descent sweep 1. norm of D = 9.249828e-01, change in D = 9.249828e-01.
  Coordinate descent sweep 2. norm of D = 1.278697e+00, change in D = 6.301608e-01.
  Coordinate descent sweep 3. norm of D = 1.527429e+00, change in D = 4.342278e-01.
    Line search step size chosen: 1.000000e+00.
  Objective value decreased by 2.907820e-03.
Newton iteration 9.
  Active set size = 13948.
  sub-gradient = 3.048619e-01, l1-norm of X = 2.267092e+02.
  Coordinate descent sweep 1. norm of D = 3.085727e-01, change in D = 3.085727e-01.
  Coordinate descent sweep 2. norm of D = 4.251899e-01, change in D = 2.183111e-01.
  Coordinate descent sweep 3. norm of D = 5.142870e-01, change in D = 1.607232e-01.
  Coordinate descent sweep 4. norm of D = 5.785414e-01, change in D = 1.150777e-01.
    Line search step size chosen: 1.000000e+00.
  Objective value decreased by 4.840546e-04.
Newton iteration 10.
  Active set size = 13946.
  sub-gradient = 8.240231e-02, l1-norm of X = 2.267854e+02.
  Coordinate descent sweep 1. norm of D = 8.044354e-02, change in D = 8.044354e-02.
  Coordinate descent sweep 2. norm of D = 1.092669e-01, change in D = 5.477402e-02.
  Coordinate descent sweep 3. norm of D = 1.377047e-01, change in D = 4.413547e-02.
  Coordinate descent sweep 4. norm of D = 1.569101e-01, change in D = 3.278782e-02.
    Line search step size chosen: 1.000000e+00.
  Objective value decreased by 5.466598e-05.
Newton iteration 11.
  Active set size = 13945.
  sub-gradient = 2.186761e-02, l1-norm of X = 2.268071e+02.
  Coordinate descent sweep 1. norm of D = 2.379144e-02, change in D = 2.379144e-02.
  Coordinate descent sweep 2. norm of D = 3.281599e-02, change in D = 1.722631e-02.
  Coordinate descent sweep 3. norm of D = 4.048282e-02, change in D = 1.271376e-02.
  Coordinate descent sweep 4. norm of D = 4.540696e-02, change in D = 8.652417e-03.
    Line search step size chosen: 1.000000e+00.
  Objective value decreased by 7.538321e-06.
QUIC CPU time: 7025.540 seconds
