[1] "/work-zfs/abattle4/prashanthi/recount3/data/colon/all/weighted_covariances/cov_10.rds"
[1] "Data read complete"
Running QUIC version 1.1 in 'default' mode.
Newton iteration 1.
  X is a diagonal matrix.
    Line search step size chosen: 1.000000e+00.
  Objective value decreased by 2.546999e-01.
Newton iteration 2.
  Active set size = 9129.
  sub-gradient = 5.773957e-01, l1-norm of X = 4.017229e+00.
  Coordinate descent sweep 1. norm of D = 5.290404e-01, change in D = 5.290404e-01.
    Line search step size chosen: 1.000000e+00.
  Objective value decreased by 4.749236e-03.
Newton iteration 3.
  Active set size = 9128.
  sub-gradient = 4.690243e-02, l1-norm of X = 3.990736e+00.
  Coordinate descent sweep 1. norm of D = 5.872120e-02, change in D = 5.872120e-02.
  Coordinate descent sweep 2. norm of D = 6.983903e-02, change in D = 1.169643e-02.
    Line search step size chosen: 1.000000e+00.
  Objective value decreased by 2.923798e-04.
Newton iteration 4.
  Active set size = 9128.
  sub-gradient = 2.451942e-03, l1-norm of X = 4.049240e+00.
  Coordinate descent sweep 1. norm of D = 3.105791e-03, change in D = 3.105791e-03.
  Coordinate descent sweep 2. norm of D = 3.505239e-03, change in D = 4.666389e-04.
    Line search step size chosen: 1.000000e+00.
  Objective value decreased by 8.809038e-07.
Newton iteration 5.
  Active set size = 9128.
  sub-gradient = 1.808521e-04, l1-norm of X = 4.051516e+00.
  Coordinate descent sweep 1. norm of D = 2.048433e-04, change in D = 2.048433e-04.
  Coordinate descent sweep 2. norm of D = 2.340694e-04, change in D = 3.115078e-05.
    Line search step size chosen: 1.000000e+00.
  Objective value decreased by 4.163667e-09.
QUIC CPU time: 1515.220 seconds
