[1] "/work-zfs/abattle4/prashanthi/recount3/data/colon/all/weighted_covariances/cov_10.rds"
[1] "Data read complete"
Running QUIC version 1.1 in 'default' mode.
Newton iteration 1.
  X is a diagonal matrix.
    Line search step size chosen: 1.000000e+00.
  Objective value decreased by 1.709800e-01.
Newton iteration 2.
  Active set size = 9106.
  sub-gradient = 3.748049e-01, l1-norm of X = 2.815003e+00.
  Coordinate descent sweep 1. norm of D = 3.472463e-01, change in D = 3.472463e-01.
    Line search step size chosen: 1.000000e+00.
  Objective value decreased by 2.739288e-03.
Newton iteration 3.
  Active set size = 9106.
  sub-gradient = 2.179472e-02, l1-norm of X = 2.817752e+00.
  Coordinate descent sweep 1. norm of D = 2.383307e-02, change in D = 2.383307e-02.
  Coordinate descent sweep 2. norm of D = 3.037417e-02, change in D = 6.608757e-03.
    Line search step size chosen: 1.000000e+00.
  Objective value decreased by 4.345981e-05.
Newton iteration 4.
  Active set size = 9106.
  sub-gradient = 6.182896e-04, l1-norm of X = 2.843802e+00.
  Coordinate descent sweep 1. norm of D = 6.616492e-04, change in D = 6.616492e-04.
  Coordinate descent sweep 2. norm of D = 9.166641e-04, change in D = 2.566210e-04.
    Line search step size chosen: 1.000000e+00.
  Objective value decreased by 6.578739e-08.
Newton iteration 5.
  Active set size = 9106.
  sub-gradient = 1.862652e-05, l1-norm of X = 2.844578e+00.
  Coordinate descent sweep 1. norm of D = 1.955897e-05, change in D = 1.955897e-05.
  Coordinate descent sweep 2. norm of D = 2.268482e-05, change in D = 3.129944e-06.
    Line search step size chosen: 1.000000e+00.
  Objective value decreased by 3.456080e-11.
QUIC CPU time: 1553.270 seconds
