[1] "/work-zfs/abattle4/prashanthi/recount3/data/colon/all/weighted_covariances/cov_10.rds"
[1] "Data read complete"
Running QUIC version 1.1 in 'default' mode.
Newton iteration 1.
  X is a diagonal matrix.
    Line search step size chosen: 1.000000e+00.
  Objective value decreased by 2.230395e-02.
Newton iteration 2.
  Active set size = 9084.
  sub-gradient = 4.649416e-02, l1-norm of X = 6.743696e-01.
  Coordinate descent sweep 1. norm of D = 4.479227e-02, change in D = 4.479227e-02.
    Line search step size chosen: 1.000000e+00.
  Objective value decreased by 1.121521e-04.
Newton iteration 3.
  Active set size = 9084.
  sub-gradient = 1.826584e-03, l1-norm of X = 6.740781e-01.
  Coordinate descent sweep 1. norm of D = 2.216304e-03, change in D = 2.216304e-03.
  Coordinate descent sweep 2. norm of D = 2.355528e-03, change in D = 1.392244e-04.
    Line search step size chosen: 1.000000e+00.
  Objective value decreased by 9.008145e-07.
Newton iteration 4.
  Active set size = 9084.
  sub-gradient = 4.393639e-06, l1-norm of X = 6.770895e-01.
  Coordinate descent sweep 1. norm of D = 4.628382e-06, change in D = 4.628382e-06.
  Coordinate descent sweep 2. norm of D = 4.992230e-06, change in D = 3.638483e-07.
    Line search step size chosen: 1.000000e+00.
  Objective value decreased by 5.456968e-12.
QUIC CPU time: 1255.500 seconds
