[1] "sra_normal"       "500"              "correcting_first" "0.10"            
[1] "Data read complete"
Running QUIC version 1.1 in 'default' mode.
Newton iteration 1.
  X is a diagonal matrix.
    Line search step size 1.000000e+00.  Lack of positive definiteness.
    Line search step size 5.000000e-01.  Lack of positive definiteness.
    Line search step size 2.500000e-01.  Lack of positive definiteness.
    Line search step size 1.250000e-01.  Lack of positive definiteness.
    Line search step size chosen: 6.250000e-02.
  Objective value decreased by 8.167704e+01.
Newton iteration 2.
  Active set size = 227906.
  sub-gradient = 6.766908e+03, l1-norm of X = 9.917438e+01.
  Coordinate descent sweep 1. norm of D = 3.960998e+03, change in D = 3.960998e+03.
    Line search step size 1.000000e+00.  Lack of positive definiteness.
    Line search step size 5.000000e-01.  Lack of positive definiteness.
    Line search step size 2.500000e-01.  Lack of positive definiteness.
    Line search step size chosen: 1.250000e-01.
  Objective value decreased by 5.706106e+01.
Newton iteration 3.
  Active set size = 255618.
  sub-gradient = 5.900828e+03, l1-norm of X = 1.920872e+02.
  Coordinate descent sweep 1. norm of D = 1.825682e+03, change in D = 1.825682e+03.
  Coordinate descent sweep 2. norm of D = 1.732505e+03, change in D = 4.700588e+02.
    Line search step size 1.000000e+00.  Lack of positive definiteness.
    Line search step size chosen: 5.000000e-01.
  Objective value decreased by 5.108795e+01.
Newton iteration 4.
  Active set size = 753741.
  sub-gradient = 4.518607e+04, l1-norm of X = 2.875608e+02.
  Coordinate descent sweep 1. norm of D = 7.133626e+02, change in D = 7.133626e+02.
  Coordinate descent sweep 2. norm of D = 7.916392e+02, change in D = 2.642337e+02.
    Line search step size chosen: 1.000000e+00.
  Objective value decreased by 2.045245e+01.
Newton iteration 5.
  Active set size = 342500.
  sub-gradient = 1.068494e+04, l1-norm of X = 3.254633e+02.
  Coordinate descent sweep 1. norm of D = 1.974690e+02, change in D = 1.974690e+02.
  Coordinate descent sweep 2. norm of D = 2.223289e+02, change in D = 1.163203e+02.
    Line search step size chosen: 1.000000e+00.
  Objective value decreased by 3.377640e+00.
Newton iteration 6.
  Active set size = 157463.
  sub-gradient = 2.372508e+03, l1-norm of X = 3.337285e+02.
  Coordinate descent sweep 1. norm of D = 9.914599e+01, change in D = 9.914599e+01.
  Coordinate descent sweep 2. norm of D = 1.038590e+02, change in D = 6.211795e+01.
  Coordinate descent sweep 3. norm of D = 1.110278e+02, change in D = 3.580289e+01.
    Line search step size chosen: 1.000000e+00.
  Objective value decreased by 1.223941e+00.
Newton iteration 7.
  Active set size = 105705.
  sub-gradient = 6.337589e+02, l1-norm of X = 3.379889e+02.
  Coordinate descent sweep 1. norm of D = 3.933618e+01, change in D = 3.933618e+01.
  Coordinate descent sweep 2. norm of D = 3.684703e+01, change in D = 2.794555e+01.
  Coordinate descent sweep 3. norm of D = 3.871979e+01, change in D = 1.566657e+01.
    Line search step size chosen: 1.000000e+00.
  Objective value decreased by 2.715722e-01.
Newton iteration 8.
  Active set size = 94829.
  sub-gradient = 1.540434e+02, l1-norm of X = 3.393188e+02.
  Coordinate descent sweep 1. norm of D = 1.551665e+01, change in D = 1.551665e+01.
  Coordinate descent sweep 2. norm of D = 1.514379e+01, change in D = 1.120215e+01.
  Coordinate descent sweep 3. norm of D = 1.595763e+01, change in D = 6.359574e+00.
    Line search step size chosen: 1.000000e+00.
  Objective value decreased by 6.145546e-02.
Newton iteration 9.
  Active set size = 93566.
  sub-gradient = 1.880735e+01, l1-norm of X = 3.397177e+02.
  Coordinate descent sweep 1. norm of D = 5.672427e+00, change in D = 5.672427e+00.
  Coordinate descent sweep 2. norm of D = 6.407773e+00, change in D = 3.738857e+00.
  Coordinate descent sweep 3. norm of D = 6.903810e+00, change in D = 2.486444e+00.
  Coordinate descent sweep 4. norm of D = 7.308251e+00, change in D = 1.791951e+00.
    Line search step size chosen: 1.000000e+00.
  Objective value decreased by 2.040189e-02.
Newton iteration 10.
  Active set size = 93563.
  sub-gradient = 1.420189e+00, l1-norm of X = 3.398742e+02.
  Coordinate descent sweep 1. norm of D = 1.355390e+00, change in D = 1.355390e+00.
  Coordinate descent sweep 2. norm of D = 1.723824e+00, change in D = 1.135046e+00.
  Coordinate descent sweep 3. norm of D = 1.934052e+00, change in D = 9.486873e-01.
  Coordinate descent sweep 4. norm of D = 2.089458e+00, change in D = 7.731907e-01.
    Line search step size chosen: 1.000000e+00.
  Objective value decreased by 5.511351e-03.
Newton iteration 11.
  Active set size = 93555.
  sub-gradient = 5.729975e-01, l1-norm of X = 3.399187e+02.
  Coordinate descent sweep 1. norm of D = 5.807945e-01, change in D = 5.807945e-01.
  Coordinate descent sweep 2. norm of D = 7.389576e-01, change in D = 5.049267e-01.
  Coordinate descent sweep 3. norm of D = 8.249648e-01, change in D = 4.194730e-01.
  Coordinate descent sweep 4. norm of D = 8.760940e-01, change in D = 3.451246e-01.
    Line search step size chosen: 1.000000e+00.
  Objective value decreased by 1.798234e-03.
Newton iteration 12.
  Active set size = 93556.
  sub-gradient = 4.014278e-01, l1-norm of X = 3.399419e+02.
  Coordinate descent sweep 1. norm of D = 3.449281e-01, change in D = 3.449281e-01.
  Coordinate descent sweep 2. norm of D = 4.005404e-01, change in D = 2.668323e-01.
  Coordinate descent sweep 3. norm of D = 4.488300e-01, change in D = 2.264856e-01.
  Coordinate descent sweep 4. norm of D = 4.714359e-01, change in D = 1.757711e-01.
  Coordinate descent sweep 5. norm of D = 5.056131e-01, change in D = 1.568441e-01.
    Line search step size chosen: 1.000000e+00.
  Objective value decreased by 1.120058e-03.
Newton iteration 13.
  Active set size = 93554.
  sub-gradient = 1.404067e-01, l1-norm of X = 3.399551e+02.
  Coordinate descent sweep 1. norm of D = 1.301238e-01, change in D = 1.301238e-01.
  Coordinate descent sweep 2. norm of D = 1.661556e-01, change in D = 1.214463e-01.
  Coordinate descent sweep 3. norm of D = 1.844021e-01, change in D = 1.039691e-01.
  Coordinate descent sweep 4. norm of D = 2.113311e-01, change in D = 9.645545e-02.
  Coordinate descent sweep 5. norm of D = 2.280768e-01, change in D = 8.747443e-02.
    Line search step size chosen: 1.000000e+00.
  Objective value decreased by 4.456249e-04.
Newton iteration 14.
  Active set size = 93553.
  sub-gradient = 8.248120e-02, l1-norm of X = 3.399632e+02.
  Coordinate descent sweep 1. norm of D = 7.273904e-02, change in D = 7.273904e-02.
  Coordinate descent sweep 2. norm of D = 1.037810e-01, change in D = 7.710500e-02.
  Coordinate descent sweep 3. norm of D = 1.159806e-01, change in D = 5.577007e-02.
  Coordinate descent sweep 4. norm of D = 1.248988e-01, change in D = 4.849072e-02.
  Coordinate descent sweep 5. norm of D = 1.482999e-01, change in D = 5.274639e-02.
    Line search step size chosen: 1.000000e+00.
  Objective value decreased by 2.785328e-04.
Newton iteration 15.
  Active set size = 93551.
  sub-gradient = 4.230749e-02, l1-norm of X = 3.399683e+02.
  Coordinate descent sweep 1. norm of D = 4.545473e-02, change in D = 4.545473e-02.
  Coordinate descent sweep 2. norm of D = 6.128600e-02, change in D = 4.111573e-02.
  Coordinate descent sweep 3. norm of D = 7.008635e-02, change in D = 3.541749e-02.
  Coordinate descent sweep 4. norm of D = 8.186750e-02, change in D = 3.313784e-02.
  Coordinate descent sweep 5. norm of D = 8.644767e-02, change in D = 2.585260e-02.
  Coordinate descent sweep 6. norm of D = 9.875711e-02, change in D = 2.832039e-02.
    Line search step size chosen: 1.000000e+00.
  Objective value decreased by 1.515569e-04.
Newton iteration 16.
  Active set size = 93552.
  sub-gradient = 1.714164e-02, l1-norm of X = 3.399728e+02.
  Coordinate descent sweep 1. norm of D = 2.279027e-02, change in D = 2.279027e-02.
  Coordinate descent sweep 2. norm of D = 3.094334e-02, change in D = 1.835150e-02.
  Coordinate descent sweep 3. norm of D = 3.920252e-02, change in D = 1.924825e-02.
  Coordinate descent sweep 4. norm of D = 4.524107e-02, change in D = 1.770624e-02.
  Coordinate descent sweep 5. norm of D = 4.980431e-02, change in D = 1.389335e-02.
  Coordinate descent sweep 6. norm of D = 5.196399e-02, change in D = 1.045361e-02.
    Line search step size chosen: 1.000000e+00.
  Objective value decreased by 5.590419e-05.
QUIC CPU time: 2635.080 seconds
