[1] "sra_normal"    "500"           "pooling_first" "0.48"         
[1] "Data read complete"
Running QUIC version 1.1 in 'default' mode.
Newton iteration 1.
  X is a diagonal matrix.
    Line search step size chosen: 1.000000e+00.
  Objective value decreased by 5.018410e-01.
Newton iteration 2.
  Active set size = 5791.
  sub-gradient = 1.234567e+00, l1-norm of X = 2.440301e+00.
  Coordinate descent sweep 1. norm of D = 9.721080e-01, change in D = 9.721080e-01.
    Line search step size chosen: 1.000000e+00.
  Objective value decreased by 2.912184e-02.
Newton iteration 3.
  Active set size = 5791.
  sub-gradient = 1.881056e-01, l1-norm of X = 2.418552e+00.
  Coordinate descent sweep 1. norm of D = 2.198874e-01, change in D = 2.198874e-01.
  Coordinate descent sweep 2. norm of D = 3.071023e-01, change in D = 8.754018e-02.
    Line search step size chosen: 1.000000e+00.
  Objective value decreased by 3.310197e-03.
Newton iteration 4.
  Active set size = 5791.
  sub-gradient = 2.556876e-02, l1-norm of X = 2.548863e+00.
  Coordinate descent sweep 1. norm of D = 3.147788e-02, change in D = 3.147788e-02.
  Coordinate descent sweep 2. norm of D = 4.354032e-02, change in D = 1.223118e-02.
    Line search step size chosen: 1.000000e+00.
  Objective value decreased by 7.039195e-05.
Newton iteration 5.
  Active set size = 5791.
  sub-gradient = 2.171605e-03, l1-norm of X = 2.565143e+00.
  Coordinate descent sweep 1. norm of D = 2.543093e-03, change in D = 2.543093e-03.
  Coordinate descent sweep 2. norm of D = 3.632716e-03, change in D = 1.211376e-03.
    Line search step size chosen: 1.000000e+00.
  Objective value decreased by 5.754955e-07.
Newton iteration 6.
  Active set size = 5791.
  sub-gradient = 2.621686e-04, l1-norm of X = 2.566647e+00.
  Coordinate descent sweep 1. norm of D = 3.428007e-04, change in D = 3.428007e-04.
  Coordinate descent sweep 2. norm of D = 4.192968e-04, change in D = 8.323545e-05.
  Coordinate descent sweep 3. norm of D = 4.541610e-04, change in D = 3.599321e-05.
    Line search step size chosen: 1.000000e+00.
  Objective value decreased by 8.061761e-09.
Newton iteration 7.
  Active set size = 5791.
  sub-gradient = 1.038850e-05, l1-norm of X = 2.566797e+00.
  Coordinate descent sweep 1. norm of D = 1.057793e-05, change in D = 1.057793e-05.
  Coordinate descent sweep 2. norm of D = 1.509369e-05, change in D = 6.080551e-06.
  Coordinate descent sweep 3. norm of D = 1.700765e-05, change in D = 1.913963e-06.
    Line search step size chosen: 1.000000e+00.
  Objective value decreased by 1.637090e-11.
QUIC CPU time: 572.520 seconds
