[1] "sra_normal"    "500"           "pooling_first" "0.66"         
[1] "Data read complete"
Running QUIC version 1.1 in 'default' mode.
Newton iteration 1.
  X is a diagonal matrix.
    Line search step size chosen: 1.000000e+00.
  Objective value decreased by 3.989230e-02.
Newton iteration 2.
  Active set size = 5775.
  sub-gradient = 8.479830e-02, l1-norm of X = 6.409325e-01.
  Coordinate descent sweep 1. norm of D = 8.098125e-02, change in D = 8.098125e-02.
    Line search step size chosen: 1.000000e+00.
  Objective value decreased by 3.921901e-04.
Newton iteration 3.
  Active set size = 5775.
  sub-gradient = 3.085132e-03, l1-norm of X = 6.435316e-01.
  Coordinate descent sweep 1. norm of D = 3.303425e-03, change in D = 3.303425e-03.
  Coordinate descent sweep 2. norm of D = 3.744889e-03, change in D = 5.028935e-04.
    Line search step size chosen: 1.000000e+00.
  Objective value decreased by 1.346752e-06.
Newton iteration 4.
  Active set size = 5775.
  sub-gradient = 5.892807e-05, l1-norm of X = 6.459600e-01.
  Coordinate descent sweep 1. norm of D = 6.033453e-05, change in D = 6.033453e-05.
  Coordinate descent sweep 2. norm of D = 7.121062e-05, change in D = 1.102400e-05.
    Line search step size chosen: 1.000000e+00.
  Objective value decreased by 8.176357e-10.
QUIC CPU time: 353.080 seconds
