[1] "sra_normal" "150"        "weighted"   "0.60"      
[1] "Data read complete"
Running QUIC version 1.1 in 'default' mode.
Newton iteration 1.
  X is a diagonal matrix.
    Line search step size chosen: 1.000000e+00.
  Objective value decreased by 1.254581e-01.
Newton iteration 2.
  Active set size = 5785.
  sub-gradient = 3.037516e-01, l1-norm of X = 1.420671e+00.
  Coordinate descent sweep 1. norm of D = 2.704661e-01, change in D = 2.704661e-01.
    Line search step size chosen: 1.000000e+00.
  Objective value decreased by 2.667498e-03.
Newton iteration 3.
  Active set size = 5785.
  sub-gradient = 3.162667e-02, l1-norm of X = 1.389467e+00.
  Coordinate descent sweep 1. norm of D = 3.759635e-02, change in D = 3.759635e-02.
  Coordinate descent sweep 2. norm of D = 4.562494e-02, change in D = 8.273624e-03.
    Line search step size chosen: 1.000000e+00.
  Objective value decreased by 2.536625e-04.
Newton iteration 4.
  Active set size = 5785.
  sub-gradient = 1.959749e-03, l1-norm of X = 1.421647e+00.
  Coordinate descent sweep 1. norm of D = 2.139271e-03, change in D = 2.139271e-03.
  Coordinate descent sweep 2. norm of D = 2.433756e-03, change in D = 3.026079e-04.
    Line search step size chosen: 1.000000e+00.
  Objective value decreased by 8.118832e-07.
Newton iteration 5.
  Active set size = 5785.
  sub-gradient = 1.596011e-04, l1-norm of X = 1.422248e+00.
  Coordinate descent sweep 1. norm of D = 1.576328e-04, change in D = 1.576328e-04.
  Coordinate descent sweep 2. norm of D = 2.080434e-04, change in D = 5.052256e-05.
    Line search step size chosen: 1.000000e+00.
  Objective value decreased by 6.704795e-09.
Newton iteration 6.
  Active set size = 5785.
  sub-gradient = 4.604240e-06, l1-norm of X = 1.422288e+00.
  Coordinate descent sweep 1. norm of D = 5.124906e-06, change in D = 5.124906e-06.
  Coordinate descent sweep 2. norm of D = 7.037466e-06, change in D = 1.913195e-06.
  Coordinate descent sweep 3. norm of D = 7.291183e-06, change in D = 3.836148e-07.
    Line search step size chosen: 1.000000e+00.
  Objective value decreased by 1.818989e-11.
QUIC CPU time: 438.930 seconds
