[1] "sra_normal" "150"        "weighted"   "0.66"      
[1] "Data read complete"
Running QUIC version 1.1 in 'default' mode.
Newton iteration 1.
  X is a diagonal matrix.
    Line search step size chosen: 1.000000e+00.
  Objective value decreased by 3.601611e-02.
Newton iteration 2.
  Active set size = 5776.
  sub-gradient = 7.739540e-02, l1-norm of X = 5.796445e-01.
  Coordinate descent sweep 1. norm of D = 7.261071e-02, change in D = 7.261071e-02.
    Line search step size chosen: 1.000000e+00.
  Objective value decreased by 4.445038e-04.
Newton iteration 3.
  Active set size = 5776.
  sub-gradient = 6.561297e-03, l1-norm of X = 5.764486e-01.
  Coordinate descent sweep 1. norm of D = 9.389966e-03, change in D = 9.389966e-03.
  Coordinate descent sweep 2. norm of D = 9.955255e-03, change in D = 5.665730e-04.
    Line search step size chosen: 1.000000e+00.
  Objective value decreased by 2.963838e-05.
Newton iteration 4.
  Active set size = 5776.
  sub-gradient = 1.953238e-04, l1-norm of X = 5.847560e-01.
  Coordinate descent sweep 1. norm of D = 2.046482e-04, change in D = 2.046482e-04.
  Coordinate descent sweep 2. norm of D = 2.406706e-04, change in D = 3.602253e-05.
    Line search step size chosen: 1.000000e+00.
  Objective value decreased by 1.224362e-08.
Newton iteration 5.
  Active set size = 5776.
  sub-gradient = 1.724045e-06, l1-norm of X = 5.848127e-01.
  Coordinate descent sweep 1. norm of D = 2.276561e-06, change in D = 2.276561e-06.
  Coordinate descent sweep 2. norm of D = 2.369200e-06, change in D = 1.104135e-07.
    Line search step size chosen: 1.000000e+00.
  Objective value decreased by 3.637979e-12.
QUIC CPU time: 388.270 seconds
