[1] "sra_normal" "150"        "weighted"   "0.80"      
[1] "Data read complete"
Running QUIC version 1.1 in 'default' mode.
Newton iteration 1.
  X is a diagonal matrix.
    Line search step size chosen: 1.000000e+00.
  Objective value decreased by 1.219656e-06.
Newton iteration 2.
  Active set size = 5768.
  sub-gradient = 2.440656e-06, l1-norm of X = 1.767006e-03.
  Coordinate descent sweep 1. norm of D = 2.440643e-06, change in D = 2.440643e-06.
    Line search step size chosen: 1.000000e+00.
  Objective value decreased by 1.818989e-12.
Newton iteration 3.
  Active set size = 5768.
  sub-gradient = 2.695497e-09, l1-norm of X = 1.767004e-03.
  Coordinate descent sweep 1. norm of D = 2.701444e-09, change in D = 2.701444e-09.
  Coordinate descent sweep 2. norm of D = 2.707403e-09, change in D = 5.958388e-12.
    Line search step size chosen: 1.000000e+00.
  Objective value decreased by 9.094947e-13.
QUIC CPU time: 246.790 seconds
