[1] "/work-zfs/abattle4/prashanthi/recount3/data/cardiac/all/weighted_covariances/cov_13.rds"
[1] "Data read complete"
Running QUIC version 1.1 in 'default' mode.
Newton iteration 1.
  X is a diagonal matrix.
    Line search step size 1.000000e+00.  Lack of positive definiteness.
    Line search step size 5.000000e-01.  Lack of positive definiteness.
    Line search step size 2.500000e-01.  Lack of positive definiteness.
    Line search step size 1.250000e-01.  Lack of positive definiteness.
    Line search step size 6.250000e-02.  Lack of positive definiteness.
    Line search step size chosen: 3.125000e-02.
  Objective value decreased by 1.621675e+02.
Newton iteration 2.
  Active set size = 1224297.
  sub-gradient = 3.285853e+04, l1-norm of X = 2.128898e+02.
  Coordinate descent sweep 1. norm of D = 2.904810e+04, change in D = 2.904810e+04.
    Line search step size 1.000000e+00.  Lack of positive definiteness.
    Line search step size 5.000000e-01.  Lack of positive definiteness.
    Line search step size 2.500000e-01.  Lack of positive definiteness.
    Line search step size 1.250000e-01.  Lack of positive definiteness.
    Line search step size chosen: 6.250000e-02.
  Objective value decreased by 2.411067e+02.
Newton iteration 3.
  Active set size = 1224503.
  sub-gradient = 2.970075e+04, l1-norm of X = 5.734798e+02.
  Coordinate descent sweep 1. norm of D = 2.031016e+04, change in D = 2.031016e+04.
  Coordinate descent sweep 2. norm of D = 1.778462e+04, change in D = 3.879208e+03.
    Line search step size 1.000000e+00.  Lack of positive definiteness.
    Line search step size 5.000000e-01.  Lack of positive definiteness.
    Line search step size 2.500000e-01.  Lack of positive definiteness.
    Line search step size chosen: 1.250000e-01.
  Objective value decreased by 2.327087e+02.
Newton iteration 4.
  Active set size = 1225853.
  sub-gradient = 2.420148e+04, l1-norm of X = 9.883507e+02.
  Coordinate descent sweep 1. norm of D = 1.224677e+04, change in D = 1.224677e+04.
  Coordinate descent sweep 2. norm of D = 1.106130e+04, change in D = 3.260089e+03.
    Line search step size 1.000000e+00.  Lack of positive definiteness.
    Line search step size 5.000000e-01.  Lack of positive definiteness.
    Line search step size chosen: 2.500000e-01.
  Objective value decreased by 2.120855e+02.
Newton iteration 5.
  Active set size = 1251268.
  sub-gradient = 1.693699e+04, l1-norm of X = 1.422530e+03.
  Coordinate descent sweep 1. norm of D = 6.429363e+03, change in D = 6.429363e+03.
  Coordinate descent sweep 2. norm of D = 6.611639e+03, change in D = 1.821306e+03.
    Line search step size 1.000000e+00.  Lack of positive definiteness.
    Line search step size chosen: 5.000000e-01.
  Objective value decreased by 1.430051e+02.
Newton iteration 6.
  Active set size = 1243806.
  sub-gradient = 1.599141e+04, l1-norm of X = 1.744888e+03.
  Coordinate descent sweep 1. norm of D = 3.139778e+03, change in D = 3.139778e+03.
  Coordinate descent sweep 2. norm of D = 3.587821e+03, change in D = 1.133263e+03.
  Coordinate descent sweep 3. norm of D = 3.810930e+03, change in D = 5.544080e+02.
    Line search step size chosen: 1.000000e+00.
  Objective value decreased by 8.155684e+01.
Newton iteration 7.
  Active set size = 554913.
  sub-gradient = 1.647511e+03, l1-norm of X = 2.007077e+03.
  Coordinate descent sweep 1. norm of D = 5.194647e+02, change in D = 5.194647e+02.
  Coordinate descent sweep 2. norm of D = 6.213907e+02, change in D = 3.536165e+02.
  Coordinate descent sweep 3. norm of D = 6.941470e+02, change in D = 2.194558e+02.
    Line search step size chosen: 1.000000e+00.
  Objective value decreased by 7.882515e+00.
Newton iteration 8.
  Active set size = 536589.
  sub-gradient = 2.548825e+02, l1-norm of X = 2.034527e+03.
  Coordinate descent sweep 1. norm of D = 1.652869e+02, change in D = 1.652869e+02.
  Coordinate descent sweep 2. norm of D = 2.005659e+02, change in D = 1.227721e+02.
  Coordinate descent sweep 3. norm of D = 2.244710e+02, change in D = 9.260419e+01.
    Line search step size chosen: 1.000000e+00.
  Objective value decreased by 2.253849e+00.
Newton iteration 9.
  Active set size = 533682.
  sub-gradient = 7.911633e+01, l1-norm of X = 2.042415e+03.
  Coordinate descent sweep 1. norm of D = 7.542447e+01, change in D = 7.542447e+01.
  Coordinate descent sweep 2. norm of D = 9.162920e+01, change in D = 6.244261e+01.
  Coordinate descent sweep 3. norm of D = 1.022841e+02, change in D = 5.235037e+01.
  Coordinate descent sweep 4. norm of D = 1.106394e+02, change in D = 4.459745e+01.
    Line search step size chosen: 1.000000e+00.
  Objective value decreased by 1.137706e+00.
Newton iteration 10.
  Active set size = 532878.
  sub-gradient = 3.931047e+01, l1-norm of X = 2.045844e+03.
  Coordinate descent sweep 1. norm of D = 3.935868e+01, change in D = 3.935868e+01.
  Coordinate descent sweep 2. norm of D = 4.802576e+01, change in D = 3.538527e+01.
  Coordinate descent sweep 3. norm of D = 5.294648e+01, change in D = 3.070611e+01.
  Coordinate descent sweep 4. norm of D = 5.716431e+01, change in D = 2.704690e+01.
    Line search step size chosen: 1.000000e+00.
  Objective value decreased by 5.039894e-01.
Newton iteration 11.
  Active set size = 532523.
  sub-gradient = 2.979146e+01, l1-norm of X = 2.047236e+03.
  Coordinate descent sweep 1. norm of D = 2.540337e+01, change in D = 2.540337e+01.
  Coordinate descent sweep 2. norm of D = 3.015538e+01, change in D = 2.333849e+01.
  Coordinate descent sweep 3. norm of D = 3.324335e+01, change in D = 2.085632e+01.
  Coordinate descent sweep 4. norm of D = 3.599303e+01, change in D = 1.876974e+01.
    Line search step size chosen: 1.000000e+00.
  Objective value decreased by 2.723412e-01.
Newton iteration 12.
  Active set size = 532601.
  sub-gradient = 2.245533e+01, l1-norm of X = 2.048017e+03.
  Coordinate descent sweep 1. norm of D = 1.697052e+01, change in D = 1.697052e+01.
  Coordinate descent sweep 2. norm of D = 2.061664e+01, change in D = 1.585799e+01.
  Coordinate descent sweep 3. norm of D = 2.290871e+01, change in D = 1.505302e+01.
  Coordinate descent sweep 4. norm of D = 2.493484e+01, change in D = 1.374536e+01.
  Coordinate descent sweep 5. norm of D = 2.671384e+01, change in D = 1.304831e+01.
    Line search step size chosen: 1.000000e+00.
  Objective value decreased by 1.911648e-01.
Newton iteration 13.
  Active set size = 532373.
  sub-gradient = 1.325683e+01, l1-norm of X = 2.048586e+03.
  Coordinate descent sweep 1. norm of D = 1.218942e+01, change in D = 1.218942e+01.
  Coordinate descent sweep 2. norm of D = 1.502186e+01, change in D = 1.159565e+01.
  Coordinate descent sweep 3. norm of D = 1.669353e+01, change in D = 1.093655e+01.
  Coordinate descent sweep 4. norm of D = 1.751710e+01, change in D = 9.827757e+00.
  Coordinate descent sweep 5. norm of D = 1.898580e+01, change in D = 9.440032e+00.
    Line search step size chosen: 1.000000e+00.
  Objective value decreased by 1.152893e-01.
Newton iteration 14.
  Active set size = 532246.
  sub-gradient = 1.009118e+01, l1-norm of X = 2.049003e+03.
  Coordinate descent sweep 1. norm of D = 8.941386e+00, change in D = 8.941386e+00.
  Coordinate descent sweep 2. norm of D = 1.084725e+01, change in D = 8.453873e+00.
  Coordinate descent sweep 3. norm of D = 1.171610e+01, change in D = 7.573212e+00.
  Coordinate descent sweep 4. norm of D = 1.295842e+01, change in D = 7.487367e+00.
  Coordinate descent sweep 5. norm of D = 1.376957e+01, change in D = 7.180332e+00.
    Line search step size chosen: 1.000000e+00.
  Objective value decreased by 6.901255e-02.
Newton iteration 15.
  Active set size = 532187.
  sub-gradient = 7.701205e+00, l1-norm of X = 2.049273e+03.
  Coordinate descent sweep 1. norm of D = 7.013925e+00, change in D = 7.013925e+00.
  Coordinate descent sweep 2. norm of D = 8.044474e+00, change in D = 6.357252e+00.
  Coordinate descent sweep 3. norm of D = 8.746446e+00, change in D = 5.514091e+00.
  Coordinate descent sweep 4. norm of D = 9.773327e+00, change in D = 5.795038e+00.
  Coordinate descent sweep 5. norm of D = 1.035996e+01, change in D = 5.587191e+00.
  Coordinate descent sweep 6. norm of D = 1.094642e+01, change in D = 5.281719e+00.
    Line search step size chosen: 1.000000e+00.
  Objective value decreased by 5.625119e-02.
Newton iteration 16.
  Active set size = 532159.
  sub-gradient = 5.482893e+00, l1-norm of X = 2.049521e+03.
  Coordinate descent sweep 1. norm of D = 4.909554e+00, change in D = 4.909554e+00.
  Coordinate descent sweep 2. norm of D = 5.962918e+00, change in D = 4.553157e+00.
  Coordinate descent sweep 3. norm of D = 6.841058e+00, change in D = 4.725519e+00.
  Coordinate descent sweep 4. norm of D = 7.207531e+00, change in D = 4.296634e+00.
  Coordinate descent sweep 5. norm of D = 7.719324e+00, change in D = 4.099056e+00.
  Coordinate descent sweep 6. norm of D = 8.064869e+00, change in D = 3.959330e+00.
    Line search step size chosen: 1.000000e+00.
  Objective value decreased by 3.715010e-02.
Newton iteration 17.
  Active set size = 532084.
  sub-gradient = 3.733851e+00, l1-norm of X = 2.049701e+03.
  Coordinate descent sweep 1. norm of D = 3.668706e+00, change in D = 3.668706e+00.
  Coordinate descent sweep 2. norm of D = 4.666881e+00, change in D = 3.644797e+00.
  Coordinate descent sweep 3. norm of D = 5.170404e+00, change in D = 3.431421e+00.
  Coordinate descent sweep 4. norm of D = 5.663413e+00, change in D = 3.308477e+00.
  Coordinate descent sweep 5. norm of D = 6.111555e+00, change in D = 3.295000e+00.
  Coordinate descent sweep 6. norm of D = 6.505787e+00, change in D = 3.215178e+00.
    Line search step size chosen: 1.000000e+00.
  Objective value decreased by 2.600407e-02.
Newton iteration 18.
  Active set size = 532073.
  sub-gradient = 2.906561e+00, l1-norm of X = 2.049851e+03.
  Coordinate descent sweep 1. norm of D = 3.062656e+00, change in D = 3.062656e+00.
  Coordinate descent sweep 2. norm of D = 3.690591e+00, change in D = 2.876203e+00.
  Coordinate descent sweep 3. norm of D = 4.176308e+00, change in D = 2.877918e+00.
  Coordinate descent sweep 4. norm of D = 4.491783e+00, change in D = 2.798466e+00.
  Coordinate descent sweep 5. norm of D = 4.752666e+00, change in D = 2.680351e+00.
  Coordinate descent sweep 6. norm of D = 4.971593e+00, change in D = 2.453695e+00.
  Coordinate descent sweep 7. norm of D = 5.205951e+00, change in D = 2.472506e+00.
    Line search step size chosen: 1.000000e+00.
  Objective value decreased by 1.894432e-02.
Newton iteration 19.
  Active set size = 532063.
  sub-gradient = 2.113322e+00, l1-norm of X = 2.049966e+03.
  Coordinate descent sweep 1. norm of D = 2.357353e+00, change in D = 2.357353e+00.
  Coordinate descent sweep 2. norm of D = 2.856369e+00, change in D = 2.251395e+00.
  Coordinate descent sweep 3. norm of D = 3.100271e+00, change in D = 2.064503e+00.
  Coordinate descent sweep 4. norm of D = 3.456608e+00, change in D = 2.197862e+00.
  Coordinate descent sweep 5. norm of D = 3.708935e+00, change in D = 2.259981e+00.
  Coordinate descent sweep 6. norm of D = 3.860854e+00, change in D = 2.120961e+00.
  Coordinate descent sweep 7. norm of D = 4.003958e+00, change in D = 2.008345e+00.
    Line search step size chosen: 1.000000e+00.
  Objective value decreased by 1.244943e-02.
Newton iteration 20.
  Active set size = 532047.
  sub-gradient = 1.901795e+00, l1-norm of X = 2.050052e+03.
  Coordinate descent sweep 1. norm of D = 1.936490e+00, change in D = 1.936490e+00.
  Coordinate descent sweep 2. norm of D = 2.171831e+00, change in D = 1.708248e+00.
  Coordinate descent sweep 3. norm of D = 2.515073e+00, change in D = 1.741991e+00.
  Coordinate descent sweep 4. norm of D = 2.740263e+00, change in D = 1.772676e+00.
  Coordinate descent sweep 5. norm of D = 2.920533e+00, change in D = 1.678224e+00.
  Coordinate descent sweep 6. norm of D = 3.067933e+00, change in D = 1.580934e+00.
  Coordinate descent sweep 7. norm of D = 3.193017e+00, change in D = 1.458512e+00.
    Line search step size chosen: 1.000000e+00.
  Objective value decreased by 9.292690e-03.
Newton iteration 21.
  Active set size = 532038.
  sub-gradient = 1.573880e+00, l1-norm of X = 2.050128e+03.
  Coordinate descent sweep 1. norm of D = 1.433878e+00, change in D = 1.433878e+00.
  Coordinate descent sweep 2. norm of D = 1.793819e+00, change in D = 1.423175e+00.
  Coordinate descent sweep 3. norm of D = 1.893330e+00, change in D = 1.309755e+00.
  Coordinate descent sweep 4. norm of D = 2.188600e+00, change in D = 1.425043e+00.
  Coordinate descent sweep 5. norm of D = 2.314505e+00, change in D = 1.408237e+00.
  Coordinate descent sweep 6. norm of D = 2.380006e+00, change in D = 1.294431e+00.
  Coordinate descent sweep 7. norm of D = 2.494439e+00, change in D = 1.214978e+00.
  Coordinate descent sweep 8. norm of D = 2.659108e+00, change in D = 1.255439e+00.
    Line search step size chosen: 1.000000e+00.
  Objective value decreased by 6.802084e-03.
Newton iteration 22.
  Active set size = 532031.
  sub-gradient = 1.134564e+00, l1-norm of X = 2.050194e+03.
  Coordinate descent sweep 1. norm of D = 1.107008e+00, change in D = 1.107008e+00.
  Coordinate descent sweep 2. norm of D = 1.497192e+00, change in D = 1.128813e+00.
  Coordinate descent sweep 3. norm of D = 1.643216e+00, change in D = 1.132379e+00.
  Coordinate descent sweep 4. norm of D = 1.772375e+00, change in D = 1.073969e+00.
  Coordinate descent sweep 5. norm of D = 1.938162e+00, change in D = 1.156676e+00.
  Coordinate descent sweep 6. norm of D = 1.993061e+00, change in D = 1.067028e+00.
  Coordinate descent sweep 7. norm of D = 2.073196e+00, change in D = 9.137760e-01.
  Coordinate descent sweep 8. norm of D = 2.191284e+00, change in D = 8.804551e-01.
    Line search step size chosen: 1.000000e+00.
  Objective value decreased by 5.316574e-03.
Newton iteration 23.
  Active set size = 532037.
  sub-gradient = 1.119881e+00, l1-norm of X = 2.050248e+03.
  Coordinate descent sweep 1. norm of D = 9.907971e-01, change in D = 9.907971e-01.
  Coordinate descent sweep 2. norm of D = 1.164183e+00, change in D = 1.019287e+00.
  Coordinate descent sweep 3. norm of D = 1.250541e+00, change in D = 9.562191e-01.
  Coordinate descent sweep 4. norm of D = 1.372225e+00, change in D = 9.216619e-01.
  Coordinate descent sweep 5. norm of D = 1.423845e+00, change in D = 8.532606e-01.
  Coordinate descent sweep 6. norm of D = 1.577998e+00, change in D = 8.956713e-01.
  Coordinate descent sweep 7. norm of D = 1.617943e+00, change in D = 8.981361e-01.
  Coordinate descent sweep 8. norm of D = 1.686057e+00, change in D = 8.400676e-01.
    Line search step size chosen: 1.000000e+00.
  Objective value decreased by 3.550230e-03.
Newton iteration 24.
  Active set size = 532036.
  sub-gradient = 9.882332e-01, l1-norm of X = 2.050288e+03.
  Coordinate descent sweep 1. norm of D = 7.940461e-01, change in D = 7.940461e-01.
  Coordinate descent sweep 2. norm of D = 9.581229e-01, change in D = 7.867631e-01.
  Coordinate descent sweep 3. norm of D = 1.017291e+00, change in D = 7.356037e-01.
  Coordinate descent sweep 4. norm of D = 1.128282e+00, change in D = 6.867253e-01.
  Coordinate descent sweep 5. norm of D = 1.211146e+00, change in D = 6.655162e-01.
  Coordinate descent sweep 6. norm of D = 1.286491e+00, change in D = 6.627747e-01.
  Coordinate descent sweep 7. norm of D = 1.372761e+00, change in D = 6.884656e-01.
  Coordinate descent sweep 8. norm of D = 1.475350e+00, change in D = 7.116372e-01.
  Coordinate descent sweep 9. norm of D = 1.494180e+00, change in D = 6.794998e-01.
    Line search step size chosen: 1.000000e+00.
  Objective value decreased by 2.788850e-03.
Newton iteration 25.
  Active set size = 532032.
  sub-gradient = 8.798317e-01, l1-norm of X = 2.050331e+03.
  Coordinate descent sweep 1. norm of D = 6.551801e-01, change in D = 6.551801e-01.
  Coordinate descent sweep 2. norm of D = 7.796527e-01, change in D = 6.335124e-01.
  Coordinate descent sweep 3. norm of D = 8.766558e-01, change in D = 6.461281e-01.
  Coordinate descent sweep 4. norm of D = 9.142969e-01, change in D = 6.076086e-01.
  Coordinate descent sweep 5. norm of D = 9.678243e-01, change in D = 5.743089e-01.
  Coordinate descent sweep 6. norm of D = 1.063551e+00, change in D = 6.189016e-01.
  Coordinate descent sweep 7. norm of D = 1.036551e+00, change in D = 5.445693e-01.
  Coordinate descent sweep 8. norm of D = 1.140668e+00, change in D = 5.432503e-01.
  Coordinate descent sweep 9. norm of D = 1.135168e+00, change in D = 4.998404e-01.
    Line search step size chosen: 1.000000e+00.
  Objective value decreased by 1.837684e-03.
Newton iteration 26.
  Active set size = 532017.
  sub-gradient = 3.910830e-01, l1-norm of X = 2.050363e+03.
  Coordinate descent sweep 1. norm of D = 4.169675e-01, change in D = 4.169675e-01.
  Coordinate descent sweep 2. norm of D = 5.658444e-01, change in D = 4.339360e-01.
  Coordinate descent sweep 3. norm of D = 6.496269e-01, change in D = 4.918502e-01.
  Coordinate descent sweep 4. norm of D = 7.301961e-01, change in D = 5.131708e-01.
  Coordinate descent sweep 5. norm of D = 7.478166e-01, change in D = 4.860692e-01.
  Coordinate descent sweep 6. norm of D = 7.947924e-01, change in D = 4.793789e-01.
  Coordinate descent sweep 7. norm of D = 7.891771e-01, change in D = 4.370811e-01.
  Coordinate descent sweep 8. norm of D = 8.875324e-01, change in D = 4.579645e-01.
  Coordinate descent sweep 9. norm of D = 9.265536e-01, change in D = 4.741224e-01.
    Line search step size chosen: 1.000000e+00.
  Objective value decreased by 1.328915e-03.
Newton iteration 27.
  Active set size = 532020.
  sub-gradient = 4.545673e-01, l1-norm of X = 2.050385e+03.
  Coordinate descent sweep 1. norm of D = 4.506422e-01, change in D = 4.506422e-01.
  Coordinate descent sweep 2. norm of D = 5.335515e-01, change in D = 4.293986e-01.
  Coordinate descent sweep 3. norm of D = 5.727587e-01, change in D = 4.134543e-01.
  Coordinate descent sweep 4. norm of D = 6.351852e-01, change in D = 3.951522e-01.
  Coordinate descent sweep 5. norm of D = 6.763320e-01, change in D = 3.848514e-01.
  Coordinate descent sweep 6. norm of D = 7.280429e-01, change in D = 3.947533e-01.
  Coordinate descent sweep 7. norm of D = 7.568665e-01, change in D = 3.844443e-01.
  Coordinate descent sweep 8. norm of D = 8.033726e-01, change in D = 3.965563e-01.
  Coordinate descent sweep 9. norm of D = 8.063635e-01, change in D = 3.530617e-01.
  Coordinate descent sweep 10. norm of D = 8.459091e-01, change in D = 3.460319e-01.
    Line search step size chosen: 1.000000e+00.
  Objective value decreased by 1.066023e-03.
Newton iteration 28.
  Active set size = 532016.
  sub-gradient = 3.108866e-01, l1-norm of X = 2.050408e+03.
  Coordinate descent sweep 1. norm of D = 3.395382e-01, change in D = 3.395382e-01.
  Coordinate descent sweep 2. norm of D = 3.929065e-01, change in D = 3.061659e-01.
  Coordinate descent sweep 3. norm of D = 4.326453e-01, change in D = 2.782966e-01.
  Coordinate descent sweep 4. norm of D = 5.023471e-01, change in D = 3.155160e-01.
  Coordinate descent sweep 5. norm of D = 5.133882e-01, change in D = 3.175412e-01.
  Coordinate descent sweep 6. norm of D = 5.416484e-01, change in D = 3.004610e-01.
  Coordinate descent sweep 7. norm of D = 5.662520e-01, change in D = 2.742168e-01.
  Coordinate descent sweep 8. norm of D = 6.041211e-01, change in D = 2.881562e-01.
  Coordinate descent sweep 9. norm of D = 6.349092e-01, change in D = 2.890692e-01.
  Coordinate descent sweep 10. norm of D = 6.478033e-01, change in D = 2.726720e-01.
    Line search step size chosen: 1.000000e+00.
  Objective value decreased by 7.141552e-04.
Newton iteration 29.
  Active set size = 532015.
  sub-gradient = 2.563666e-01, l1-norm of X = 2.050426e+03.
  Coordinate descent sweep 1. norm of D = 2.487650e-01, change in D = 2.487650e-01.
  Coordinate descent sweep 2. norm of D = 3.220859e-01, change in D = 2.514233e-01.
  Coordinate descent sweep 3. norm of D = 3.634460e-01, change in D = 2.724998e-01.
  Coordinate descent sweep 4. norm of D = 3.947014e-01, change in D = 2.691497e-01.
  Coordinate descent sweep 5. norm of D = 4.268563e-01, change in D = 2.839961e-01.
  Coordinate descent sweep 6. norm of D = 4.370321e-01, change in D = 2.612255e-01.
  Coordinate descent sweep 7. norm of D = 4.342473e-01, change in D = 2.174348e-01.
  Coordinate descent sweep 8. norm of D = 4.780142e-01, change in D = 2.416208e-01.
  Coordinate descent sweep 9. norm of D = 5.037520e-01, change in D = 2.471047e-01.
  Coordinate descent sweep 10. norm of D = 5.165629e-01, change in D = 2.371811e-01.
    Line search step size chosen: 1.000000e+00.
  Objective value decreased by 4.518135e-04.
Newton iteration 30.
  Active set size = 532013.
  sub-gradient = 2.164307e-01, l1-norm of X = 2.050440e+03.
  Coordinate descent sweep 1. norm of D = 2.279482e-01, change in D = 2.279482e-01.
  Coordinate descent sweep 2. norm of D = 2.620949e-01, change in D = 2.097361e-01.
  Coordinate descent sweep 3. norm of D = 2.946898e-01, change in D = 2.050370e-01.
  Coordinate descent sweep 4. norm of D = 3.031161e-01, change in D = 1.885514e-01.
  Coordinate descent sweep 5. norm of D = 3.402997e-01, change in D = 2.097399e-01.
  Coordinate descent sweep 6. norm of D = 3.458861e-01, change in D = 2.039947e-01.
  Coordinate descent sweep 7. norm of D = 3.698260e-01, change in D = 1.994368e-01.
  Coordinate descent sweep 8. norm of D = 3.964831e-01, change in D = 2.020605e-01.
  Coordinate descent sweep 9. norm of D = 4.172371e-01, change in D = 2.127416e-01.
  Coordinate descent sweep 10. norm of D = 4.262561e-01, change in D = 2.063704e-01.
  Coordinate descent sweep 11. norm of D = 4.404939e-01, change in D = 1.857463e-01.
    Line search step size chosen: 1.000000e+00.
  Objective value decreased by 3.816204e-04.
Newton iteration 31.
  Active set size = 532021.
  sub-gradient = 3.065156e-01, l1-norm of X = 2.050452e+03.
  Coordinate descent sweep 1. norm of D = 1.927782e-01, change in D = 1.927782e-01.
  Coordinate descent sweep 2. norm of D = 2.121338e-01, change in D = 1.782196e-01.
  Coordinate descent sweep 3. norm of D = 2.421688e-01, change in D = 1.800798e-01.
  Coordinate descent sweep 4. norm of D = 2.488027e-01, change in D = 1.755898e-01.
  Coordinate descent sweep 5. norm of D = 2.601890e-01, change in D = 1.589731e-01.
  Coordinate descent sweep 6. norm of D = 2.924615e-01, change in D = 1.748789e-01.
  Coordinate descent sweep 7. norm of D = 3.025282e-01, change in D = 1.771496e-01.
  Coordinate descent sweep 8. norm of D = 3.140397e-01, change in D = 1.640587e-01.
  Coordinate descent sweep 9. norm of D = 3.172228e-01, change in D = 1.354771e-01.
  Coordinate descent sweep 10. norm of D = 3.283824e-01, change in D = 1.139947e-01.
  Coordinate descent sweep 11. norm of D = 3.490153e-01, change in D = 1.298040e-01.
    Line search step size chosen: 1.000000e+00.
  Objective value decreased by 2.573834e-04.
Newton iteration 32.
  Active set size = 532012.
  sub-gradient = 1.132050e-01, l1-norm of X = 2.050463e+03.
  Coordinate descent sweep 1. norm of D = 1.205209e-01, change in D = 1.205209e-01.
  Coordinate descent sweep 2. norm of D = 1.744965e-01, change in D = 1.501907e-01.
  Coordinate descent sweep 3. norm of D = 1.936511e-01, change in D = 1.625586e-01.
  Coordinate descent sweep 4. norm of D = 2.032730e-01, change in D = 1.566755e-01.
  Coordinate descent sweep 5. norm of D = 2.005630e-01, change in D = 1.351135e-01.
  Coordinate descent sweep 6. norm of D = 2.253900e-01, change in D = 1.424502e-01.
  Coordinate descent sweep 7. norm of D = 2.345134e-01, change in D = 1.386600e-01.
  Coordinate descent sweep 8. norm of D = 2.468521e-01, change in D = 1.414116e-01.
  Coordinate descent sweep 9. norm of D = 2.501888e-01, change in D = 1.303874e-01.
  Coordinate descent sweep 10. norm of D = 2.644796e-01, change in D = 1.241990e-01.
  Coordinate descent sweep 11. norm of D = 2.710092e-01, change in D = 1.211065e-01.
    Line search step size chosen: 1.000000e+00.
  Objective value decreased by 1.741529e-04.
QUIC CPU time: 27897.100 seconds
