[1] "/work-zfs/abattle4/prashanthi/recount3/data/cardiac/all/weighted_covariances/cov_13.rds"
[1] "Data read complete"
Running QUIC version 1.1 in 'default' mode.
Newton iteration 1.
  X is a diagonal matrix.
    Line search step size 1.000000e+00.  Lack of positive definiteness.
    Line search step size 5.000000e-01.  Lack of positive definiteness.
    Line search step size 2.500000e-01.  Lack of positive definiteness.
    Line search step size 1.250000e-01.  Lack of positive definiteness.
    Line search step size chosen: 6.250000e-02.
  Objective value decreased by 7.259712e+01.
Newton iteration 2.
  Active set size = 85140.
  sub-gradient = 3.806009e+03, l1-norm of X = 9.385899e+01.
  Coordinate descent sweep 1. norm of D = 3.006926e+03, change in D = 3.006926e+03.
    Line search step size 1.000000e+00.  Lack of positive definiteness.
    Line search step size 5.000000e-01.  Lack of positive definiteness.
    Line search step size 2.500000e-01.  Lack of positive definiteness.
    Line search step size chosen: 1.250000e-01.
  Objective value decreased by 7.693065e+01.
Newton iteration 3.
  Active set size = 85148.
  sub-gradient = 3.003463e+03, l1-norm of X = 2.244972e+02.
  Coordinate descent sweep 1. norm of D = 2.019255e+03, change in D = 2.019255e+03.
  Coordinate descent sweep 2. norm of D = 1.937871e+03, change in D = 3.716624e+02.
    Line search step size 1.000000e+00.  Lack of positive definiteness.
    Line search step size chosen: 5.000000e-01.
  Objective value decreased by 1.037764e+02.
Newton iteration 4.
  Active set size = 87015.
  sub-gradient = 2.441224e+03, l1-norm of X = 5.093360e+02.
  Coordinate descent sweep 1. norm of D = 7.858648e+02, change in D = 7.858648e+02.
  Coordinate descent sweep 2. norm of D = 8.995226e+02, change in D = 2.319901e+02.
    Line search step size chosen: 1.000000e+00.
  Objective value decreased by 3.414468e+01.
Newton iteration 5.
  Active set size = 64854.
  sub-gradient = 3.857588e+02, l1-norm of X = 6.639290e+02.
  Coordinate descent sweep 1. norm of D = 1.781398e+02, change in D = 1.781398e+02.
  Coordinate descent sweep 2. norm of D = 2.270078e+02, change in D = 1.001239e+02.
    Line search step size chosen: 1.000000e+00.
  Objective value decreased by 5.743393e+00.
Newton iteration 6.
  Active set size = 62944.
  sub-gradient = 1.127856e+02, l1-norm of X = 6.805836e+02.
  Coordinate descent sweep 1. norm of D = 7.262101e+01, change in D = 7.262101e+01.
  Coordinate descent sweep 2. norm of D = 9.520337e+01, change in D = 4.834716e+01.
  Coordinate descent sweep 3. norm of D = 1.100603e+02, change in D = 3.400370e+01.
    Line search step size chosen: 1.000000e+00.
  Objective value decreased by 2.362156e+00.
Newton iteration 7.
  Active set size = 62417.
  sub-gradient = 3.409207e+01, l1-norm of X = 6.880570e+02.
  Coordinate descent sweep 1. norm of D = 2.799458e+01, change in D = 2.799458e+01.
  Coordinate descent sweep 2. norm of D = 3.825460e+01, change in D = 2.195217e+01.
  Coordinate descent sweep 3. norm of D = 4.455714e+01, change in D = 1.662797e+01.
    Line search step size chosen: 1.000000e+00.
  Objective value decreased by 7.039028e-01.
Newton iteration 8.
  Active set size = 62228.
  sub-gradient = 1.721175e+01, l1-norm of X = 6.908195e+02.
  Coordinate descent sweep 1. norm of D = 1.442060e+01, change in D = 1.442060e+01.
  Coordinate descent sweep 2. norm of D = 1.951392e+01, change in D = 1.171135e+01.
  Coordinate descent sweep 3. norm of D = 2.339949e+01, change in D = 9.785137e+00.
    Line search step size chosen: 1.000000e+00.
  Objective value decreased by 2.932632e-01.
Newton iteration 9.
  Active set size = 62120.
  sub-gradient = 8.677187e+00, l1-norm of X = 6.922196e+02.
  Coordinate descent sweep 1. norm of D = 8.087847e+00, change in D = 8.087847e+00.
  Coordinate descent sweep 2. norm of D = 1.106807e+01, change in D = 6.903963e+00.
  Coordinate descent sweep 3. norm of D = 1.329684e+01, change in D = 5.923003e+00.
  Coordinate descent sweep 4. norm of D = 1.508513e+01, change in D = 5.240877e+00.
    Line search step size chosen: 1.000000e+00.
  Objective value decreased by 1.529555e-01.
Newton iteration 10.
  Active set size = 62068.
  sub-gradient = 4.722812e+00, l1-norm of X = 6.930584e+02.
  Coordinate descent sweep 1. norm of D = 4.651305e+00, change in D = 4.651305e+00.
  Coordinate descent sweep 2. norm of D = 6.321676e+00, change in D = 4.029813e+00.
  Coordinate descent sweep 3. norm of D = 7.652787e+00, change in D = 3.563672e+00.
  Coordinate descent sweep 4. norm of D = 8.654151e+00, change in D = 3.079774e+00.
    Line search step size chosen: 1.000000e+00.
  Objective value decreased by 7.228711e-02.
Newton iteration 11.
  Active set size = 62053.
  sub-gradient = 2.994019e+00, l1-norm of X = 6.935916e+02.
  Coordinate descent sweep 1. norm of D = 2.783765e+00, change in D = 2.783765e+00.
  Coordinate descent sweep 2. norm of D = 3.762887e+00, change in D = 2.479871e+00.
  Coordinate descent sweep 3. norm of D = 4.635987e+00, change in D = 2.339551e+00.
  Coordinate descent sweep 4. norm of D = 5.260264e+00, change in D = 2.010606e+00.
    Line search step size chosen: 1.000000e+00.
  Objective value decreased by 3.321277e-02.
Newton iteration 12.
  Active set size = 62046.
  sub-gradient = 2.766064e+00, l1-norm of X = 6.938901e+02.
  Coordinate descent sweep 1. norm of D = 1.913430e+00, change in D = 1.913430e+00.
  Coordinate descent sweep 2. norm of D = 2.640118e+00, change in D = 1.766233e+00.
  Coordinate descent sweep 3. norm of D = 3.139253e+00, change in D = 1.524217e+00.
  Coordinate descent sweep 4. norm of D = 3.551113e+00, change in D = 1.353550e+00.
  Coordinate descent sweep 5. norm of D = 3.920712e+00, change in D = 1.194349e+00.
    Line search step size chosen: 1.000000e+00.
  Objective value decreased by 2.153214e-02.
Newton iteration 13.
  Active set size = 62036.
  sub-gradient = 1.250406e+00, l1-norm of X = 6.941473e+02.
  Coordinate descent sweep 1. norm of D = 1.114832e+00, change in D = 1.114832e+00.
  Coordinate descent sweep 2. norm of D = 1.479368e+00, change in D = 9.483588e-01.
  Coordinate descent sweep 3. norm of D = 1.865066e+00, change in D = 9.627557e-01.
  Coordinate descent sweep 4. norm of D = 2.185580e+00, change in D = 9.103810e-01.
  Coordinate descent sweep 5. norm of D = 2.429407e+00, change in D = 8.160728e-01.
    Line search step size chosen: 1.000000e+00.
  Objective value decreased by 9.556267e-03.
Newton iteration 14.
  Active set size = 62037.
  sub-gradient = 7.806728e-01, l1-norm of X = 6.942866e+02.
  Coordinate descent sweep 1. norm of D = 7.554246e-01, change in D = 7.554246e-01.
  Coordinate descent sweep 2. norm of D = 1.052623e+00, change in D = 7.018201e-01.
  Coordinate descent sweep 3. norm of D = 1.250501e+00, change in D = 6.121328e-01.
  Coordinate descent sweep 4. norm of D = 1.435953e+00, change in D = 5.856433e-01.
  Coordinate descent sweep 5. norm of D = 1.598344e+00, change in D = 5.486536e-01.
    Line search step size chosen: 1.000000e+00.
  Objective value decreased by 5.370852e-03.
Newton iteration 15.
  Active set size = 62037.
  sub-gradient = 5.759238e-01, l1-norm of X = 6.943880e+02.
  Coordinate descent sweep 1. norm of D = 5.053982e-01, change in D = 5.053982e-01.
  Coordinate descent sweep 2. norm of D = 6.935833e-01, change in D = 4.583185e-01.
  Coordinate descent sweep 3. norm of D = 8.453361e-01, change in D = 4.050795e-01.
  Coordinate descent sweep 4. norm of D = 9.779470e-01, change in D = 4.001649e-01.
  Coordinate descent sweep 5. norm of D = 1.075117e+00, change in D = 3.305280e-01.
  Coordinate descent sweep 6. norm of D = 1.190376e+00, change in D = 3.315854e-01.
    Line search step size chosen: 1.000000e+00.
  Objective value decreased by 3.429906e-03.
Newton iteration 16.
  Active set size = 62033.
  sub-gradient = 2.937473e-01, l1-norm of X = 6.944693e+02.
  Coordinate descent sweep 1. norm of D = 3.155446e-01, change in D = 3.155446e-01.
  Coordinate descent sweep 2. norm of D = 4.451957e-01, change in D = 2.921921e-01.
  Coordinate descent sweep 3. norm of D = 5.314532e-01, change in D = 2.798403e-01.
  Coordinate descent sweep 4. norm of D = 6.008589e-01, change in D = 2.466761e-01.
  Coordinate descent sweep 5. norm of D = 6.813173e-01, change in D = 2.513471e-01.
  Coordinate descent sweep 6. norm of D = 7.502294e-01, change in D = 2.220536e-01.
    Line search step size chosen: 1.000000e+00.
  Objective value decreased by 1.573786e-03.
Newton iteration 17.
  Active set size = 62034.
  sub-gradient = 2.267940e-01, l1-norm of X = 6.945194e+02.
  Coordinate descent sweep 1. norm of D = 2.153242e-01, change in D = 2.153242e-01.
  Coordinate descent sweep 2. norm of D = 2.925839e-01, change in D = 1.883270e-01.
  Coordinate descent sweep 3. norm of D = 3.558990e-01, change in D = 1.803949e-01.
  Coordinate descent sweep 4. norm of D = 4.100980e-01, change in D = 1.679067e-01.
  Coordinate descent sweep 5. norm of D = 4.647152e-01, change in D = 1.601762e-01.
  Coordinate descent sweep 6. norm of D = 5.139272e-01, change in D = 1.578430e-01.
    Line search step size chosen: 1.000000e+00.
  Objective value decreased by 8.711527e-04.
Newton iteration 18.
  Active set size = 62033.
  sub-gradient = 1.841066e-01, l1-norm of X = 6.945549e+02.
  Coordinate descent sweep 1. norm of D = 1.398096e-01, change in D = 1.398096e-01.
  Coordinate descent sweep 2. norm of D = 1.982349e-01, change in D = 1.379323e-01.
  Coordinate descent sweep 3. norm of D = 2.498234e-01, change in D = 1.302005e-01.
  Coordinate descent sweep 4. norm of D = 2.858485e-01, change in D = 1.173070e-01.
  Coordinate descent sweep 5. norm of D = 3.172240e-01, change in D = 1.153436e-01.
  Coordinate descent sweep 6. norm of D = 3.422123e-01, change in D = 9.708363e-02.
  Coordinate descent sweep 7. norm of D = 3.756242e-01, change in D = 1.006086e-01.
    Line search step size chosen: 1.000000e+00.
  Objective value decreased by 4.835080e-04.
Newton iteration 19.
  Active set size = 62031.
  sub-gradient = 8.855998e-02, l1-norm of X = 6.945784e+02.
  Coordinate descent sweep 1. norm of D = 8.898638e-02, change in D = 8.898638e-02.
  Coordinate descent sweep 2. norm of D = 1.215295e-01, change in D = 8.053602e-02.
  Coordinate descent sweep 3. norm of D = 1.556549e-01, change in D = 8.875313e-02.
  Coordinate descent sweep 4. norm of D = 1.783574e-01, change in D = 7.314909e-02.
  Coordinate descent sweep 5. norm of D = 2.014776e-01, change in D = 7.325491e-02.
  Coordinate descent sweep 6. norm of D = 2.249630e-01, change in D = 6.949009e-02.
  Coordinate descent sweep 7. norm of D = 2.431536e-01, change in D = 6.290728e-02.
    Line search step size chosen: 1.000000e+00.
  Objective value decreased by 2.476132e-04.
Newton iteration 20.
  Active set size = 62031.
  sub-gradient = 7.479543e-02, l1-norm of X = 6.945960e+02.
  Coordinate descent sweep 1. norm of D = 6.132220e-02, change in D = 6.132220e-02.
  Coordinate descent sweep 2. norm of D = 8.797331e-02, change in D = 5.854511e-02.
  Coordinate descent sweep 3. norm of D = 1.106578e-01, change in D = 5.548998e-02.
  Coordinate descent sweep 4. norm of D = 1.265608e-01, change in D = 5.017995e-02.
  Coordinate descent sweep 5. norm of D = 1.424402e-01, change in D = 4.925696e-02.
  Coordinate descent sweep 6. norm of D = 1.581564e-01, change in D = 4.551761e-02.
  Coordinate descent sweep 7. norm of D = 1.711478e-01, change in D = 4.335595e-02.
    Line search step size chosen: 1.000000e+00.
  Objective value decreased by 1.388353e-04.
Newton iteration 21.
  Active set size = 62031.
  sub-gradient = 4.317338e-02, l1-norm of X = 6.946080e+02.
  Coordinate descent sweep 1. norm of D = 3.987800e-02, change in D = 3.987800e-02.
  Coordinate descent sweep 2. norm of D = 5.665657e-02, change in D = 3.923749e-02.
  Coordinate descent sweep 3. norm of D = 7.261037e-02, change in D = 3.727977e-02.
  Coordinate descent sweep 4. norm of D = 8.615640e-02, change in D = 3.605657e-02.
  Coordinate descent sweep 5. norm of D = 9.962891e-02, change in D = 3.089338e-02.
  Coordinate descent sweep 6. norm of D = 1.071780e-01, change in D = 2.788120e-02.
  Coordinate descent sweep 7. norm of D = 1.133903e-01, change in D = 2.682853e-02.
  Coordinate descent sweep 8. norm of D = 1.199761e-01, change in D = 2.330722e-02.
    Line search step size chosen: 1.000000e+00.
  Objective value decreased by 8.269410e-05.
QUIC CPU time: 16456.390 seconds
