[1] "/work-zfs/abattle4/prashanthi/recount3/data/cardiac/all/weighted_covariances/cov_13.rds"
[1] "Data read complete"
Running QUIC version 1.1 in 'default' mode.
Newton iteration 1.
  X is a diagonal matrix.
    Line search step size 1.000000e+00.  Lack of positive definiteness.
    Line search step size 5.000000e-01.  Lack of positive definiteness.
    Line search step size 2.500000e-01.  Lack of positive definiteness.
    Line search step size 1.250000e-01.  Lack of positive definiteness.
    Line search step size chosen: 6.250000e-02.
  Objective value decreased by 2.749429e+01.
Newton iteration 2.
  Active set size = 24663.
  sub-gradient = 1.180367e+03, l1-norm of X = 4.169331e+01.
  Coordinate descent sweep 1. norm of D = 9.483397e+02, change in D = 9.483397e+02.
    Line search step size 1.000000e+00.  Lack of positive definiteness.
    Line search step size 5.000000e-01.  Lack of positive definiteness.
    Line search step size 2.500000e-01.  Lack of positive definiteness.
    Line search step size chosen: 1.250000e-01.
  Objective value decreased by 3.200569e+01.
Newton iteration 3.
  Active set size = 24663.
  sub-gradient = 9.381458e+02, l1-norm of X = 1.010945e+02.
  Coordinate descent sweep 1. norm of D = 6.355031e+02, change in D = 6.355031e+02.
  Coordinate descent sweep 2. norm of D = 6.095838e+02, change in D = 1.356221e+02.
    Line search step size 1.000000e+00.  Lack of positive definiteness.
    Line search step size chosen: 5.000000e-01.
  Objective value decreased by 4.433682e+01.
Newton iteration 4.
  Active set size = 24664.
  sub-gradient = 4.004611e+02, l1-norm of X = 2.271327e+02.
  Coordinate descent sweep 1. norm of D = 2.621837e+02, change in D = 2.621837e+02.
  Coordinate descent sweep 2. norm of D = 3.102333e+02, change in D = 8.488045e+01.
    Line search step size chosen: 1.000000e+00.
  Objective value decreased by 1.453257e+01.
Newton iteration 5.
  Active set size = 20542.
  sub-gradient = 7.211050e+01, l1-norm of X = 2.998883e+02.
  Coordinate descent sweep 1. norm of D = 6.381192e+01, change in D = 6.381192e+01.
  Coordinate descent sweep 2. norm of D = 8.436902e+01, change in D = 3.560773e+01.
    Line search step size chosen: 1.000000e+00.
  Objective value decreased by 2.122533e+00.
Newton iteration 6.
  Active set size = 20157.
  sub-gradient = 2.698245e+01, l1-norm of X = 3.094603e+02.
  Coordinate descent sweep 1. norm of D = 2.464576e+01, change in D = 2.464576e+01.
  Coordinate descent sweep 2. norm of D = 3.380953e+01, change in D = 1.662151e+01.
  Coordinate descent sweep 3. norm of D = 3.963071e+01, change in D = 1.141073e+01.
    Line search step size chosen: 1.000000e+00.
  Objective value decreased by 7.132753e-01.
Newton iteration 7.
  Active set size = 20013.
  sub-gradient = 8.943168e+00, l1-norm of X = 3.135703e+02.
  Coordinate descent sweep 1. norm of D = 9.093287e+00, change in D = 9.093287e+00.
  Coordinate descent sweep 2. norm of D = 1.260103e+01, change in D = 6.989267e+00.
  Coordinate descent sweep 3. norm of D = 1.487526e+01, change in D = 5.242325e+00.
    Line search step size chosen: 1.000000e+00.
  Objective value decreased by 1.727717e-01.
Newton iteration 8.
  Active set size = 19962.
  sub-gradient = 4.773345e+00, l1-norm of X = 3.150711e+02.
  Coordinate descent sweep 1. norm of D = 4.440261e+00, change in D = 4.440261e+00.
  Coordinate descent sweep 2. norm of D = 6.086446e+00, change in D = 3.483055e+00.
  Coordinate descent sweep 3. norm of D = 7.268653e+00, change in D = 2.678005e+00.
    Line search step size chosen: 1.000000e+00.
  Objective value decreased by 5.979817e-02.
Newton iteration 9.
  Active set size = 19947.
  sub-gradient = 2.221762e+00, l1-norm of X = 3.156826e+02.
  Coordinate descent sweep 1. norm of D = 2.303420e+00, change in D = 2.303420e+00.
  Coordinate descent sweep 2. norm of D = 3.306069e+00, change in D = 1.861030e+00.
  Coordinate descent sweep 3. norm of D = 4.030622e+00, change in D = 1.558770e+00.
  Coordinate descent sweep 4. norm of D = 4.482865e+00, change in D = 1.237451e+00.
    Line search step size chosen: 1.000000e+00.
  Objective value decreased by 2.714013e-02.
Newton iteration 10.
  Active set size = 19928.
  sub-gradient = 1.230606e+00, l1-norm of X = 3.160973e+02.
  Coordinate descent sweep 1. norm of D = 1.119986e+00, change in D = 1.119986e+00.
  Coordinate descent sweep 2. norm of D = 1.615294e+00, change in D = 9.612201e-01.
  Coordinate descent sweep 3. norm of D = 1.957891e+00, change in D = 7.930576e-01.
  Coordinate descent sweep 4. norm of D = 2.228351e+00, change in D = 6.645787e-01.
    Line search step size chosen: 1.000000e+00.
  Objective value decreased by 9.164522e-03.
Newton iteration 11.
  Active set size = 19930.
  sub-gradient = 6.736021e-01, l1-norm of X = 3.162866e+02.
  Coordinate descent sweep 1. norm of D = 6.259643e-01, change in D = 6.259643e-01.
  Coordinate descent sweep 2. norm of D = 8.772397e-01, change in D = 5.120635e-01.
  Coordinate descent sweep 3. norm of D = 1.066538e+00, change in D = 4.312304e-01.
  Coordinate descent sweep 4. norm of D = 1.202977e+00, change in D = 3.662574e-01.
    Line search step size chosen: 1.000000e+00.
  Objective value decreased by 3.246033e-03.
Newton iteration 12.
  Active set size = 19926.
  sub-gradient = 3.098356e-01, l1-norm of X = 3.163942e+02.
  Coordinate descent sweep 1. norm of D = 3.308394e-01, change in D = 3.308394e-01.
  Coordinate descent sweep 2. norm of D = 4.632215e-01, change in D = 2.780907e-01.
  Coordinate descent sweep 3. norm of D = 5.684961e-01, change in D = 2.493281e-01.
  Coordinate descent sweep 4. norm of D = 6.489863e-01, change in D = 2.239142e-01.
  Coordinate descent sweep 5. norm of D = 7.162053e-01, change in D = 2.035456e-01.
    Line search step size chosen: 1.000000e+00.
  Objective value decreased by 1.398754e-03.
Newton iteration 13.
  Active set size = 19924.
  sub-gradient = 1.548004e-01, l1-norm of X = 3.164701e+02.
  Coordinate descent sweep 1. norm of D = 1.680106e-01, change in D = 1.680106e-01.
  Coordinate descent sweep 2. norm of D = 2.372828e-01, change in D = 1.399077e-01.
  Coordinate descent sweep 3. norm of D = 2.933229e-01, change in D = 1.306943e-01.
  Coordinate descent sweep 4. norm of D = 3.356838e-01, change in D = 1.169475e-01.
  Coordinate descent sweep 5. norm of D = 3.799346e-01, change in D = 1.067646e-01.
    Line search step size chosen: 1.000000e+00.
  Objective value decreased by 4.113673e-04.
Newton iteration 14.
  Active set size = 19924.
  sub-gradient = 9.627140e-02, l1-norm of X = 3.165013e+02.
  Coordinate descent sweep 1. norm of D = 8.743061e-02, change in D = 8.743061e-02.
  Coordinate descent sweep 2. norm of D = 1.287942e-01, change in D = 8.435272e-02.
  Coordinate descent sweep 3. norm of D = 1.623067e-01, change in D = 7.731293e-02.
  Coordinate descent sweep 4. norm of D = 1.819612e-01, change in D = 5.696473e-02.
  Coordinate descent sweep 5. norm of D = 2.115812e-01, change in D = 6.076574e-02.
    Line search step size chosen: 1.000000e+00.
  Objective value decreased by 1.569291e-04.
Newton iteration 15.
  Active set size = 19924.
  sub-gradient = 5.210561e-02, l1-norm of X = 3.165233e+02.
  Coordinate descent sweep 1. norm of D = 5.013722e-02, change in D = 5.013722e-02.
  Coordinate descent sweep 2. norm of D = 7.188583e-02, change in D = 4.448379e-02.
  Coordinate descent sweep 3. norm of D = 9.080383e-02, change in D = 4.071358e-02.
  Coordinate descent sweep 4. norm of D = 1.041702e-01, change in D = 3.476313e-02.
  Coordinate descent sweep 5. norm of D = 1.153177e-01, change in D = 2.837565e-02.
  Coordinate descent sweep 6. norm of D = 1.269106e-01, change in D = 2.823022e-02.
    Line search step size chosen: 1.000000e+00.
  Objective value decreased by 6.215999e-05.
Newton iteration 16.
  Active set size = 19924.
  sub-gradient = 2.423554e-02, l1-norm of X = 3.165350e+02.
  Coordinate descent sweep 1. norm of D = 2.417513e-02, change in D = 2.417513e-02.
  Coordinate descent sweep 2. norm of D = 3.488686e-02, change in D = 2.229892e-02.
  Coordinate descent sweep 3. norm of D = 4.357392e-02, change in D = 1.932178e-02.
  Coordinate descent sweep 4. norm of D = 4.844605e-02, change in D = 1.649098e-02.
  Coordinate descent sweep 5. norm of D = 5.304767e-02, change in D = 1.451808e-02.
  Coordinate descent sweep 6. norm of D = 5.741582e-02, change in D = 1.372097e-02.
    Line search step size chosen: 1.000000e+00.
  Objective value decreased by 1.587130e-05.
QUIC CPU time: 4712.030 seconds
