[1] "/work-zfs/abattle4/prashanthi/recount3/data/cardiac/all/weighted_covariances/cov_13.rds"
[1] "Data read complete"
Running QUIC version 1.1 in 'default' mode.
Newton iteration 1.
  X is a diagonal matrix.
    Line search step size chosen: 1.000000e+00.
  Objective value decreased by 5.136082e-01.
Newton iteration 2.
  Active set size = 8832.
  sub-gradient = 2.614159e+00, l1-norm of X = 6.910999e+00.
  Coordinate descent sweep 1. norm of D = 1.527722e+00, change in D = 1.527722e+00.
    Line search step size chosen: 1.000000e+00.
  Objective value decreased by 4.702615e-02.
Newton iteration 3.
  Active set size = 8832.
  sub-gradient = 3.668617e-01, l1-norm of X = 6.207513e+00.
  Coordinate descent sweep 1. norm of D = 3.985011e-01, change in D = 3.985011e-01.
  Coordinate descent sweep 2. norm of D = 4.338354e-01, change in D = 8.652420e-02.
    Line search step size chosen: 1.000000e+00.
  Objective value decreased by 4.013745e-03.
Newton iteration 4.
  Active set size = 8832.
  sub-gradient = 2.392593e-02, l1-norm of X = 6.352555e+00.
  Coordinate descent sweep 1. norm of D = 2.480232e-02, change in D = 2.480232e-02.
  Coordinate descent sweep 2. norm of D = 2.829852e-02, change in D = 4.185769e-03.
    Line search step size chosen: 1.000000e+00.
  Objective value decreased by 2.007058e-05.
Newton iteration 5.
  Active set size = 8832.
  sub-gradient = 1.262177e-03, l1-norm of X = 6.360909e+00.
  Coordinate descent sweep 1. norm of D = 1.446473e-03, change in D = 1.446473e-03.
  Coordinate descent sweep 2. norm of D = 1.626296e-03, change in D = 2.834134e-04.
    Line search step size chosen: 1.000000e+00.
  Objective value decreased by 7.494054e-08.
Newton iteration 6.
  Active set size = 8832.
  sub-gradient = 9.395838e-05, l1-norm of X = 6.361086e+00.
  Coordinate descent sweep 1. norm of D = 1.001857e-04, change in D = 1.001857e-04.
  Coordinate descent sweep 2. norm of D = 1.061308e-04, change in D = 1.519200e-05.
  Coordinate descent sweep 3. norm of D = 1.108146e-04, change in D = 7.581747e-06.
    Line search step size chosen: 1.000000e+00.
  Objective value decreased by 5.366019e-10.
QUIC CPU time: 1621.680 seconds
