[1] "sra_normal" "200"        "unweighted" "0.32"      
[1] "Data read complete"
Running QUIC version 1.1 in 'default' mode.
Newton iteration 1.
  X is a diagonal matrix.
    Line search step size 1.000000e+00.  Lack of positive definiteness.
    Line search step size 5.000000e-01.  Lack of positive definiteness.
    Line search step size 2.500000e-01.  Lack of positive definiteness.
    Line search step size chosen: 1.250000e-01.
  Objective value decreased by 6.596441e+00.
Newton iteration 2.
  Active set size = 9714.
  sub-gradient = 1.991602e+02, l1-norm of X = 1.983925e+01.
  Coordinate descent sweep 1. norm of D = 1.365192e+02, change in D = 1.365192e+02.
    Line search step size 1.000000e+00.  Lack of positive definiteness.
    Line search step size chosen: 5.000000e-01.
  Objective value decreased by 2.101964e+00.
Newton iteration 3.
  Active set size = 10065.
  sub-gradient = 5.407039e+03, l1-norm of X = 5.966211e+01.
  Coordinate descent sweep 1. norm of D = 3.829314e+01, change in D = 3.829314e+01.
  Coordinate descent sweep 2. norm of D = 4.382160e+01, change in D = 1.173109e+01.
    Line search step size chosen: 1.000000e+00.
  Objective value decreased by 2.811427e+00.
Newton iteration 4.
  Active set size = 9213.
  sub-gradient = 2.474629e+03, l1-norm of X = 7.179909e+01.
  Coordinate descent sweep 1. norm of D = 1.255098e+01, change in D = 1.255098e+01.
  Coordinate descent sweep 2. norm of D = 1.509139e+01, change in D = 7.254405e+00.
    Line search step size chosen: 1.000000e+00.
  Objective value decreased by 1.399788e+00.
Newton iteration 5.
  Active set size = 8941.
  sub-gradient = 1.122709e+03, l1-norm of X = 7.234117e+01.
  Coordinate descent sweep 1. norm of D = 8.830247e+00, change in D = 8.830247e+00.
  Coordinate descent sweep 2. norm of D = 9.632857e+00, change in D = 5.251444e+00.
    Line search step size chosen: 1.000000e+00.
  Objective value decreased by 1.034513e+00.
Newton iteration 6.
  Active set size = 8780.
  sub-gradient = 4.946370e+02, l1-norm of X = 7.213296e+01.
  Coordinate descent sweep 1. norm of D = 6.077010e+00, change in D = 6.077010e+00.
  Coordinate descent sweep 2. norm of D = 6.720072e+00, change in D = 3.809886e+00.
  Coordinate descent sweep 3. norm of D = 7.306124e+00, change in D = 2.330820e+00.
    Line search step size chosen: 1.000000e+00.
  Objective value decreased by 7.473386e-01.
Newton iteration 7.
  Active set size = 8675.
  sub-gradient = 2.088795e+02, l1-norm of X = 7.188119e+01.
  Coordinate descent sweep 1. norm of D = 4.341625e+00, change in D = 4.341625e+00.
  Coordinate descent sweep 2. norm of D = 4.393623e+00, change in D = 2.379912e+00.
  Coordinate descent sweep 3. norm of D = 4.570490e+00, change in D = 1.628096e+00.
    Line search step size chosen: 1.000000e+00.
  Objective value decreased by 5.260252e-01.
Newton iteration 8.
  Active set size = 8659.
  sub-gradient = 8.589887e+01, l1-norm of X = 7.177217e+01.
  Coordinate descent sweep 1. norm of D = 3.190141e+00, change in D = 3.190141e+00.
  Coordinate descent sweep 2. norm of D = 3.374183e+00, change in D = 1.910026e+00.
  Coordinate descent sweep 3. norm of D = 3.459845e+00, change in D = 1.284720e+00.
    Line search step size chosen: 1.000000e+00.
  Objective value decreased by 3.271480e-01.
Newton iteration 9.
  Active set size = 8639.
  sub-gradient = 3.139399e+01, l1-norm of X = 7.150698e+01.
  Coordinate descent sweep 1. norm of D = 2.135942e+00, change in D = 2.135942e+00.
  Coordinate descent sweep 2. norm of D = 2.142214e+00, change in D = 1.416785e+00.
  Coordinate descent sweep 3. norm of D = 2.104895e+00, change in D = 9.233793e-01.
  Coordinate descent sweep 4. norm of D = 2.112401e+00, change in D = 5.203807e-01.
    Line search step size chosen: 1.000000e+00.
  Objective value decreased by 1.344636e-01.
Newton iteration 10.
  Active set size = 8632.
  sub-gradient = 9.174473e+00, l1-norm of X = 7.119279e+01.
  Coordinate descent sweep 1. norm of D = 9.935786e-01, change in D = 9.935786e-01.
  Coordinate descent sweep 2. norm of D = 7.857130e-01, change in D = 6.979627e-01.
  Coordinate descent sweep 3. norm of D = 7.492831e-01, change in D = 4.010198e-01.
  Coordinate descent sweep 4. norm of D = 7.437009e-01, change in D = 2.682348e-01.
    Line search step size chosen: 1.000000e+00.
  Objective value decreased by 2.223211e-02.
Newton iteration 11.
  Active set size = 8628.
  sub-gradient = 1.398493e+00, l1-norm of X = 7.098046e+01.
  Coordinate descent sweep 1. norm of D = 2.640418e-01, change in D = 2.640418e-01.
  Coordinate descent sweep 2. norm of D = 2.457149e-01, change in D = 1.663397e-01.
  Coordinate descent sweep 3. norm of D = 2.412683e-01, change in D = 6.948575e-02.
  Coordinate descent sweep 4. norm of D = 2.533666e-01, change in D = 4.209370e-02.
    Line search step size chosen: 1.000000e+00.
  Objective value decreased by 9.903779e-04.
Newton iteration 12.
  Active set size = 8630.
  sub-gradient = 4.119776e-02, l1-norm of X = 7.093185e+01.
  Coordinate descent sweep 1. norm of D = 2.445038e-02, change in D = 2.445038e-02.
  Coordinate descent sweep 2. norm of D = 2.810064e-02, change in D = 1.096811e-02.
  Coordinate descent sweep 3. norm of D = 3.062445e-02, change in D = 5.313179e-03.
  Coordinate descent sweep 4. norm of D = 3.122775e-02, change in D = 2.411456e-03.
  Coordinate descent sweep 5. norm of D = 3.171634e-02, change in D = 1.292162e-03.
    Line search step size chosen: 1.000000e+00.
  Objective value decreased by 7.491419e-06.
Newton iteration 13.
  Active set size = 8630.
  sub-gradient = 6.959085e-04, l1-norm of X = 7.093118e+01.
  Coordinate descent sweep 1. norm of D = 6.905196e-04, change in D = 6.905196e-04.
  Coordinate descent sweep 2. norm of D = 8.166797e-04, change in D = 3.259868e-04.
  Coordinate descent sweep 3. norm of D = 8.909385e-04, change in D = 1.827437e-04.
  Coordinate descent sweep 4. norm of D = 9.220947e-04, change in D = 8.472871e-05.
  Coordinate descent sweep 5. norm of D = 9.356636e-04, change in D = 5.238682e-05.
    Line search step size chosen: 1.000000e+00.
  Objective value decreased by 4.910362e-09.
QUIC CPU time: 1055.980 seconds
