[1] "sra_normal" "200"        "unweighted" "0.62"      
[1] "Data read complete"
Running QUIC version 1.1 in 'default' mode.
Newton iteration 1.
  X is a diagonal matrix.
    Line search step size chosen: 1.000000e+00.
  Objective value decreased by 8.820225e-02.
Newton iteration 2.
  Active set size = 5780.
  sub-gradient = 2.005384e-01, l1-norm of X = 1.029248e+00.
  Coordinate descent sweep 1. norm of D = 1.850712e-01, change in D = 1.850712e-01.
    Line search step size chosen: 1.000000e+00.
  Objective value decreased by 1.841599e-03.
Newton iteration 3.
  Active set size = 5780.
  sub-gradient = 1.441389e-02, l1-norm of X = 1.028109e+00.
  Coordinate descent sweep 1. norm of D = 1.521008e-02, change in D = 1.521008e-02.
  Coordinate descent sweep 2. norm of D = 1.817653e-02, change in D = 3.437262e-03.
    Line search step size chosen: 1.000000e+00.
  Objective value decreased by 2.176197e-05.
Newton iteration 4.
  Active set size = 5780.
  sub-gradient = 2.889964e-04, l1-norm of X = 1.038407e+00.
  Coordinate descent sweep 1. norm of D = 4.050481e-04, change in D = 4.050481e-04.
  Coordinate descent sweep 2. norm of D = 4.515854e-04, change in D = 4.975911e-05.
    Line search step size chosen: 1.000000e+00.
  Objective value decreased by 2.311390e-08.
Newton iteration 5.
  Active set size = 5780.
  sub-gradient = 6.607325e-06, l1-norm of X = 1.038708e+00.
  Coordinate descent sweep 1. norm of D = 6.894820e-06, change in D = 6.894820e-06.
  Coordinate descent sweep 2. norm of D = 8.519264e-06, change in D = 1.948556e-06.
    Line search step size chosen: 1.000000e+00.
  Objective value decreased by 5.456968e-12.
QUIC CPU time: 425.950 seconds
