[1] "sra_normal" "200"        "unweighted" "0.68"      
[1] "Data read complete"
Running QUIC version 1.1 in 'default' mode.
Newton iteration 1.
  X is a diagonal matrix.
    Line search step size chosen: 1.000000e+00.
  Objective value decreased by 2.545882e-02.
Newton iteration 2.
  Active set size = 5772.
  sub-gradient = 5.439920e-02, l1-norm of X = 4.221666e-01.
  Coordinate descent sweep 1. norm of D = 5.272396e-02, change in D = 5.272396e-02.
    Line search step size chosen: 1.000000e+00.
  Objective value decreased by 2.907894e-04.
Newton iteration 3.
  Active set size = 5772.
  sub-gradient = 1.512324e-03, l1-norm of X = 4.253980e-01.
  Coordinate descent sweep 1. norm of D = 1.500071e-03, change in D = 1.500071e-03.
  Coordinate descent sweep 2. norm of D = 1.662164e-03, change in D = 2.253246e-04.
    Line search step size chosen: 1.000000e+00.
  Objective value decreased by 4.152344e-07.
Newton iteration 4.
  Active set size = 5772.
  sub-gradient = 9.157271e-06, l1-norm of X = 4.256980e-01.
  Coordinate descent sweep 1. norm of D = 1.040749e-05, change in D = 1.040749e-05.
  Coordinate descent sweep 2. norm of D = 1.265016e-05, change in D = 2.242673e-06.
    Line search step size chosen: 1.000000e+00.
  Objective value decreased by 6.912160e-11.
QUIC CPU time: 351.230 seconds
