[1] "sra_normal"    "100"           "pooling_first" "0.42"         
[1] "Data read complete"
Running QUIC version 1.1 in 'default' mode.
Newton iteration 1.
  X is a diagonal matrix.
    Line search step size chosen: 1.000000e+00.
  Objective value decreased by 1.132504e+00.
Newton iteration 2.
  Active set size = 5849.
  sub-gradient = 3.276442e+00, l1-norm of X = 6.206257e+00.
  Coordinate descent sweep 1. norm of D = 2.466617e+00, change in D = 2.466617e+00.
    Line search step size chosen: 1.000000e+00.
  Objective value decreased by 6.716734e-02.
Newton iteration 3.
  Active set size = 5848.
  sub-gradient = 4.873061e-01, l1-norm of X = 6.004746e+00.
  Coordinate descent sweep 1. norm of D = 5.855172e-01, change in D = 5.855172e-01.
  Coordinate descent sweep 2. norm of D = 7.101283e-01, change in D = 1.514724e-01.
    Line search step size chosen: 1.000000e+00.
  Objective value decreased by 1.052917e-02.
Newton iteration 4.
  Active set size = 5848.
  sub-gradient = 7.073361e-02, l1-norm of X = 6.244658e+00.
  Coordinate descent sweep 1. norm of D = 8.445459e-02, change in D = 8.445459e-02.
  Coordinate descent sweep 2. norm of D = 1.034449e-01, change in D = 2.115367e-02.
    Line search step size chosen: 1.000000e+00.
  Objective value decreased by 6.447990e-04.
Newton iteration 5.
  Active set size = 5848.
  sub-gradient = 1.625880e-02, l1-norm of X = 6.271460e+00.
  Coordinate descent sweep 1. norm of D = 1.904246e-02, change in D = 1.904246e-02.
  Coordinate descent sweep 2. norm of D = 2.635729e-02, change in D = 7.402090e-03.
    Line search step size chosen: 1.000000e+00.
  Objective value decreased by 5.974378e-05.
Newton iteration 6.
  Active set size = 5848.
  sub-gradient = 2.012632e-03, l1-norm of X = 6.276390e+00.
  Coordinate descent sweep 1. norm of D = 2.814452e-03, change in D = 2.814452e-03.
  Coordinate descent sweep 2. norm of D = 3.916681e-03, change in D = 1.421151e-03.
  Coordinate descent sweep 3. norm of D = 4.855099e-03, change in D = 9.442074e-04.
    Line search step size chosen: 1.000000e+00.
  Objective value decreased by 2.765112e-06.
Newton iteration 7.
  Active set size = 5848.
  sub-gradient = 2.092118e-04, l1-norm of X = 6.278144e+00.
  Coordinate descent sweep 1. norm of D = 3.479838e-04, change in D = 3.479838e-04.
  Coordinate descent sweep 2. norm of D = 4.646090e-04, change in D = 1.191331e-04.
  Coordinate descent sweep 3. norm of D = 5.424348e-04, change in D = 7.845386e-05.
    Line search step size chosen: 1.000000e+00.
  Objective value decreased by 3.368223e-08.
QUIC CPU time: 577.200 seconds
