[1] "sra_normal"    "100"           "pooling_first" "0.48"         
[1] "Data read complete"
Running QUIC version 1.1 in 'default' mode.
Newton iteration 1.
  X is a diagonal matrix.
    Line search step size chosen: 1.000000e+00.
  Objective value decreased by 5.336803e-01.
Newton iteration 2.
  Active set size = 5807.
  sub-gradient = 1.290503e+00, l1-norm of X = 3.556330e+00.
  Coordinate descent sweep 1. norm of D = 1.067198e+00, change in D = 1.067198e+00.
    Line search step size chosen: 1.000000e+00.
  Objective value decreased by 2.274290e-02.
Newton iteration 3.
  Active set size = 5807.
  sub-gradient = 1.433775e-01, l1-norm of X = 3.521624e+00.
  Coordinate descent sweep 1. norm of D = 1.706117e-01, change in D = 1.706117e-01.
  Coordinate descent sweep 2. norm of D = 2.307715e-01, change in D = 6.349366e-02.
    Line search step size chosen: 1.000000e+00.
  Objective value decreased by 2.124893e-03.
Newton iteration 4.
  Active set size = 5807.
  sub-gradient = 1.924313e-02, l1-norm of X = 3.632196e+00.
  Coordinate descent sweep 1. norm of D = 1.946388e-02, change in D = 1.946388e-02.
  Coordinate descent sweep 2. norm of D = 2.982503e-02, change in D = 1.039942e-02.
    Line search step size chosen: 1.000000e+00.
  Objective value decreased by 5.999914e-05.
Newton iteration 5.
  Active set size = 5807.
  sub-gradient = 2.308228e-03, l1-norm of X = 3.640306e+00.
  Coordinate descent sweep 1. norm of D = 2.974543e-03, change in D = 2.974543e-03.
  Coordinate descent sweep 2. norm of D = 4.247051e-03, change in D = 1.552869e-03.
    Line search step size chosen: 1.000000e+00.
  Objective value decreased by 2.168062e-06.
Newton iteration 6.
  Active set size = 5807.
  sub-gradient = 3.954572e-04, l1-norm of X = 3.642514e+00.
  Coordinate descent sweep 1. norm of D = 4.812262e-04, change in D = 4.812262e-04.
  Coordinate descent sweep 2. norm of D = 6.325102e-04, change in D = 1.791219e-04.
  Coordinate descent sweep 3. norm of D = 6.645052e-04, change in D = 3.199502e-05.
    Line search step size chosen: 1.000000e+00.
  Objective value decreased by 3.389869e-08.
Newton iteration 7.
  Active set size = 5807.
  sub-gradient = 2.414699e-05, l1-norm of X = 3.642684e+00.
  Coordinate descent sweep 1. norm of D = 2.828350e-05, change in D = 2.828350e-05.
  Coordinate descent sweep 2. norm of D = 3.305687e-05, change in D = 5.042320e-06.
  Coordinate descent sweep 3. norm of D = 3.785371e-05, change in D = 4.796842e-06.
    Line search step size chosen: 1.000000e+00.
  Objective value decreased by 1.682565e-10.
QUIC CPU time: 583.010 seconds
