[1] "sra_normal"    "100"           "pooling_first" "0.56"         
[1] "Data read complete"
Running QUIC version 1.1 in 'default' mode.
Newton iteration 1.
  X is a diagonal matrix.
    Line search step size chosen: 1.000000e+00.
  Objective value decreased by 1.610361e-01.
Newton iteration 2.
  Active set size = 5788.
  sub-gradient = 3.650372e-01, l1-norm of X = 1.494558e+00.
  Coordinate descent sweep 1. norm of D = 3.159084e-01, change in D = 3.159084e-01.
    Line search step size chosen: 1.000000e+00.
  Objective value decreased by 4.792046e-03.
Newton iteration 3.
  Active set size = 5788.
  sub-gradient = 3.482618e-02, l1-norm of X = 1.488627e+00.
  Coordinate descent sweep 1. norm of D = 4.080633e-02, change in D = 4.080633e-02.
  Coordinate descent sweep 2. norm of D = 5.761355e-02, change in D = 1.684003e-02.
    Line search step size chosen: 1.000000e+00.
  Objective value decreased by 2.923877e-04.
Newton iteration 4.
  Active set size = 5788.
  sub-gradient = 3.049084e-03, l1-norm of X = 1.524425e+00.
  Coordinate descent sweep 1. norm of D = 3.319071e-03, change in D = 3.319071e-03.
  Coordinate descent sweep 2. norm of D = 3.868836e-03, change in D = 5.545899e-04.
    Line search step size chosen: 1.000000e+00.
  Objective value decreased by 1.305323e-06.
Newton iteration 5.
  Active set size = 5788.
  sub-gradient = 3.062743e-04, l1-norm of X = 1.525329e+00.
  Coordinate descent sweep 1. norm of D = 3.540618e-04, change in D = 3.540618e-04.
  Coordinate descent sweep 2. norm of D = 4.225761e-04, change in D = 6.851718e-05.
    Line search step size chosen: 1.000000e+00.
  Objective value decreased by 1.874560e-08.
Newton iteration 6.
  Active set size = 5788.
  sub-gradient = 9.117431e-06, l1-norm of X = 1.525418e+00.
  Coordinate descent sweep 1. norm of D = 1.040391e-05, change in D = 1.040391e-05.
  Coordinate descent sweep 2. norm of D = 1.277711e-05, change in D = 2.641586e-06.
  Coordinate descent sweep 3. norm of D = 1.321069e-05, change in D = 4.335830e-07.
    Line search step size chosen: 1.000000e+00.
  Objective value decreased by 2.000888e-11.
QUIC CPU time: 509.190 seconds
