[1] "sra_normal" "100"        "unweighted" "0.54"      
[1] "Data read complete"
Running QUIC version 1.1 in 'default' mode.
Newton iteration 1.
  X is a diagonal matrix.
    Line search step size chosen: 1.000000e+00.
  Objective value decreased by 2.786211e-01.
Newton iteration 2.
  Active set size = 5826.
  sub-gradient = 7.742066e-01, l1-norm of X = 2.839313e+00.
  Coordinate descent sweep 1. norm of D = 6.426363e-01, change in D = 6.426363e-01.
    Line search step size chosen: 1.000000e+00.
  Objective value decreased by 8.844593e-03.
Newton iteration 3.
  Active set size = 5825.
  sub-gradient = 9.092873e-02, l1-norm of X = 2.729416e+00.
  Coordinate descent sweep 1. norm of D = 1.137575e-01, change in D = 1.137575e-01.
  Coordinate descent sweep 2. norm of D = 1.329062e-01, change in D = 2.401229e-02.
    Line search step size chosen: 1.000000e+00.
  Objective value decreased by 7.953280e-04.
Newton iteration 4.
  Active set size = 5825.
  sub-gradient = 4.049472e-03, l1-norm of X = 2.804057e+00.
  Coordinate descent sweep 1. norm of D = 5.007011e-03, change in D = 5.007011e-03.
  Coordinate descent sweep 2. norm of D = 5.728747e-03, change in D = 9.199550e-04.
    Line search step size chosen: 1.000000e+00.
  Objective value decreased by 1.685426e-06.
Newton iteration 5.
  Active set size = 5825.
  sub-gradient = 2.477921e-04, l1-norm of X = 2.806135e+00.
  Coordinate descent sweep 1. norm of D = 2.738401e-04, change in D = 2.738401e-04.
  Coordinate descent sweep 2. norm of D = 3.596466e-04, change in D = 9.200861e-05.
    Line search step size chosen: 1.000000e+00.
  Objective value decreased by 1.701937e-08.
QUIC CPU time: 403.630 seconds
