[1] "sra_normal" "100"        "0.72"      
[1] "Data read complete"
Running QUIC version 1.1 in 'default' mode.
Newton iteration 1.
  X is a diagonal matrix.
    Line search step size chosen: 1.000000e+00.
  Objective value decreased by 3.078344e-03.
Newton iteration 2.
  Active set size = 5770.
  sub-gradient = 6.351452e-03, l1-norm of X = 9.058504e-02.
  Coordinate descent sweep 1. norm of D = 6.267424e-03, change in D = 6.267424e-03.
    Line search step size chosen: 1.000000e+00.
  Objective value decreased by 9.056956e-06.
Newton iteration 3.
  Active set size = 5770.
  sub-gradient = 3.385083e-04, l1-norm of X = 9.034703e-02.
  Coordinate descent sweep 1. norm of D = 3.380270e-04, change in D = 3.380270e-04.
  Coordinate descent sweep 2. norm of D = 4.118291e-04, change in D = 7.380211e-05.
    Line search step size chosen: 1.000000e+00.
  Objective value decreased by 1.093231e-07.
Newton iteration 4.
  Active set size = 5770.
  sub-gradient = 2.296070e-06, l1-norm of X = 9.082298e-02.
  Coordinate descent sweep 1. norm of D = 2.722011e-06, change in D = 2.722011e-06.
  Coordinate descent sweep 2. norm of D = 2.766771e-06, change in D = 4.671190e-08.
    Line search step size chosen: 1.000000e+00.
  Objective value decreased by 4.547474e-12.
QUIC CPU time: 327.430 seconds
