[1] "sra_normal" "100"        "unweighted" "0.74"      
[1] "Data read complete"
Running QUIC version 1.1 in 'default' mode.
Newton iteration 1.
  X is a diagonal matrix.
    Line search step size chosen: 1.000000e+00.
  Objective value decreased by 1.223588e-03.
Newton iteration 2.
  Active set size = 5768.
  sub-gradient = 2.494571e-03, l1-norm of X = 5.178601e-02.
  Coordinate descent sweep 1. norm of D = 2.480940e-03, change in D = 2.480940e-03.
    Line search step size chosen: 1.000000e+00.
  Objective value decreased by 1.492923e-06.
Newton iteration 3.
  Active set size = 5768.
  sub-gradient = 8.678293e-05, l1-norm of X = 5.172276e-02.
  Coordinate descent sweep 1. norm of D = 9.262450e-05, change in D = 9.262450e-05.
  Coordinate descent sweep 2. norm of D = 9.883830e-05, change in D = 6.213802e-06.
    Line search step size chosen: 1.000000e+00.
  Objective value decreased by 7.305061e-09.
Newton iteration 4.
  Active set size = 5768.
  sub-gradient = 2.335869e-07, l1-norm of X = 5.184918e-02.
  Coordinate descent sweep 1. norm of D = 2.342100e-07, change in D = 2.342100e-07.
  Coordinate descent sweep 2. norm of D = 2.644196e-07, change in D = 3.020956e-08.
    Line search step size chosen: 1.000000e+00.
  Objective value decreased by 1.818989e-12.
QUIC CPU time: 329.450 seconds
