[1] "/work-zfs/abattle4/prashanthi/recount3/data/hescs/all/weighted_covariances/cov_21.rds"
[1] "Data read complete"
Running QUIC version 1.1 in 'default' mode.
Newton iteration 1.
  X is a diagonal matrix.
    Line search step size chosen: 1.000000e+00.
  Objective value decreased by 3.415750e-02.
Newton iteration 2.
  Active set size = 8607.
  sub-gradient = 7.427534e-02, l1-norm of X = 4.254445e-01.
  Coordinate descent sweep 1. norm of D = 6.924809e-02, change in D = 6.924809e-02.
    Line search step size chosen: 1.000000e+00.
  Objective value decreased by 5.119392e-04.
Newton iteration 3.
  Active set size = 8607.
  sub-gradient = 8.527741e-03, l1-norm of X = 4.204066e-01.
  Coordinate descent sweep 1. norm of D = 9.615855e-03, change in D = 9.615855e-03.
  Coordinate descent sweep 2. norm of D = 1.255820e-02, change in D = 2.942351e-03.
    Line search step size chosen: 1.000000e+00.
  Objective value decreased by 3.380083e-05.
Newton iteration 4.
  Active set size = 8607.
  sub-gradient = 3.746892e-04, l1-norm of X = 4.303184e-01.
  Coordinate descent sweep 1. norm of D = 4.176336e-04, change in D = 4.176336e-04.
  Coordinate descent sweep 2. norm of D = 5.681777e-04, change in D = 1.513626e-04.
    Line search step size chosen: 1.000000e+00.
  Objective value decreased by 6.363371e-08.
Newton iteration 5.
  Active set size = 8607.
  sub-gradient = 7.688372e-06, l1-norm of X = 4.307707e-01.
  Coordinate descent sweep 1. norm of D = 8.555891e-06, change in D = 8.555891e-06.
  Coordinate descent sweep 2. norm of D = 9.178650e-06, change in D = 6.811402e-07.
    Line search step size chosen: 1.000000e+00.
  Objective value decreased by 7.275958e-12.
QUIC CPU time: 1296.570 seconds
