[1] "GTEx"     "10"       "weighted" "0.16"    
[1] "Data read complete"
Running QUIC version 1.1 in 'default' mode.
Newton iteration 1.
  X is a diagonal matrix.
    Line search step size 1.000000e+00.  Lack of positive definiteness.
    Line search step size 5.000000e-01.  Lack of positive definiteness.
    Line search step size 2.500000e-01.  Lack of positive definiteness.
    Line search step size 1.250000e-01.  Lack of positive definiteness.
    Line search step size 6.250000e-02.  Lack of positive definiteness.
    Line search step size chosen: 3.125000e-02.
  Objective value decreased by 3.354110e+01.
Newton iteration 2.
  Active set size = 96426.
  sub-gradient = 4.025921e+03, l1-norm of X = 4.195130e+01.
  Coordinate descent sweep 1. norm of D = 3.269569e+03, change in D = 3.269569e+03.
    Line search step size 1.000000e+00.  Lack of positive definiteness.
    Line search step size 5.000000e-01.  Lack of positive definiteness.
    Line search step size 2.500000e-01.  Lack of positive definiteness.
    Line search step size 1.250000e-01.  Lack of positive definiteness.
    Line search step size chosen: 6.250000e-02.
  Objective value decreased by 4.185172e+01.
Newton iteration 3.
  Active set size = 96427.
  sub-gradient = 3.611940e+03, l1-norm of X = 1.063922e+02.
  Coordinate descent sweep 1. norm of D = 2.429892e+03, change in D = 2.429892e+03.
  Coordinate descent sweep 2. norm of D = 2.232453e+03, change in D = 3.946679e+02.
    Line search step size 1.000000e+00.  Lack of positive definiteness.
    Line search step size 5.000000e-01.  Lack of positive definiteness.
    Line search step size chosen: 2.500000e-01.
  Objective value decreased by 7.657340e+01.
Newton iteration 4.
  Active set size = 96706.
  sub-gradient = 2.000422e+03, l1-norm of X = 2.706747e+02.
  Coordinate descent sweep 1. norm of D = 1.244142e+03, change in D = 1.244142e+03.
  Coordinate descent sweep 2. norm of D = 1.251257e+03, change in D = 2.695885e+02.
    Line search step size 1.000000e+00.  Lack of positive definiteness.
    Line search step size chosen: 5.000000e-01.
  Objective value decreased by 4.284987e+01.
Newton iteration 5.
  Active set size = 96811.
  sub-gradient = 1.293593e+03, l1-norm of X = 4.070152e+02.
  Coordinate descent sweep 1. norm of D = 5.936688e+02, change in D = 5.936688e+02.
  Coordinate descent sweep 2. norm of D = 6.641078e+02, change in D = 1.752620e+02.
    Line search step size chosen: 1.000000e+00.
  Objective value decreased by 1.936362e+01.
Newton iteration 6.
  Active set size = 65544.
  sub-gradient = 2.043983e+02, l1-norm of X = 5.105505e+02.
  Coordinate descent sweep 1. norm of D = 1.117948e+02, change in D = 1.117948e+02.
  Coordinate descent sweep 2. norm of D = 1.386008e+02, change in D = 6.361571e+01.
  Coordinate descent sweep 3. norm of D = 1.545065e+02, change in D = 3.790583e+01.
    Line search step size chosen: 1.000000e+00.
  Objective value decreased by 3.056149e+00.
Newton iteration 7.
  Active set size = 63648.
  sub-gradient = 4.160558e+01, l1-norm of X = 5.184174e+02.
  Coordinate descent sweep 1. norm of D = 2.965434e+01, change in D = 2.965434e+01.
  Coordinate descent sweep 2. norm of D = 3.993225e+01, change in D = 2.262608e+01.
  Coordinate descent sweep 3. norm of D = 4.627949e+01, change in D = 1.625286e+01.
    Line search step size chosen: 1.000000e+00.
  Objective value decreased by 7.580242e-01.
Newton iteration 8.
  Active set size = 63341.
  sub-gradient = 1.380004e+01, l1-norm of X = 5.209795e+02.
  Coordinate descent sweep 1. norm of D = 1.311632e+01, change in D = 1.311632e+01.
  Coordinate descent sweep 2. norm of D = 1.760877e+01, change in D = 1.063520e+01.
  Coordinate descent sweep 3. norm of D = 2.076383e+01, change in D = 8.424412e+00.
    Line search step size chosen: 1.000000e+00.
  Objective value decreased by 2.847778e-01.
Newton iteration 9.
  Active set size = 63230.
  sub-gradient = 8.970805e+00, l1-norm of X = 5.220538e+02.
  Coordinate descent sweep 1. norm of D = 7.386971e+00, change in D = 7.386971e+00.
  Coordinate descent sweep 2. norm of D = 9.859039e+00, change in D = 6.439777e+00.
  Coordinate descent sweep 3. norm of D = 1.158091e+01, change in D = 5.111461e+00.
  Coordinate descent sweep 4. norm of D = 1.313708e+01, change in D = 4.517430e+00.
    Line search step size chosen: 1.000000e+00.
  Objective value decreased by 1.609045e-01.
Newton iteration 10.
  Active set size = 63169.
  sub-gradient = 4.087065e+00, l1-norm of X = 5.227070e+02.
  Coordinate descent sweep 1. norm of D = 3.897586e+00, change in D = 3.897586e+00.
  Coordinate descent sweep 2. norm of D = 5.375613e+00, change in D = 3.501981e+00.
  Coordinate descent sweep 3. norm of D = 6.413624e+00, change in D = 3.019974e+00.
  Coordinate descent sweep 4. norm of D = 7.189683e+00, change in D = 2.705875e+00.
    Line search step size chosen: 1.000000e+00.
  Objective value decreased by 7.849822e-02.
Newton iteration 11.
  Active set size = 63163.
  sub-gradient = 2.404663e+00, l1-norm of X = 5.230622e+02.
  Coordinate descent sweep 1. norm of D = 2.460631e+00, change in D = 2.460631e+00.
  Coordinate descent sweep 2. norm of D = 3.329658e+00, change in D = 2.104529e+00.
  Coordinate descent sweep 3. norm of D = 4.046020e+00, change in D = 1.961157e+00.
  Coordinate descent sweep 4. norm of D = 4.584005e+00, change in D = 1.878438e+00.
    Line search step size chosen: 1.000000e+00.
  Objective value decreased by 4.142826e-02.
Newton iteration 12.
  Active set size = 63152.
  sub-gradient = 1.478653e+00, l1-norm of X = 5.232938e+02.
  Coordinate descent sweep 1. norm of D = 1.644261e+00, change in D = 1.644261e+00.
  Coordinate descent sweep 2. norm of D = 2.235908e+00, change in D = 1.529445e+00.
  Coordinate descent sweep 3. norm of D = 2.752828e+00, change in D = 1.369633e+00.
  Coordinate descent sweep 4. norm of D = 3.183087e+00, change in D = 1.274509e+00.
  Coordinate descent sweep 5. norm of D = 3.507343e+00, change in D = 1.097540e+00.
    Line search step size chosen: 1.000000e+00.
  Objective value decreased by 3.200816e-02.
Newton iteration 13.
  Active set size = 63143.
  sub-gradient = 9.615807e-01, l1-norm of X = 5.234838e+02.
  Coordinate descent sweep 1. norm of D = 1.038014e+00, change in D = 1.038014e+00.
  Coordinate descent sweep 2. norm of D = 1.410392e+00, change in D = 9.605648e-01.
  Coordinate descent sweep 3. norm of D = 1.762022e+00, change in D = 8.858195e-01.
  Coordinate descent sweep 4. norm of D = 2.027238e+00, change in D = 8.240308e-01.
  Coordinate descent sweep 5. norm of D = 2.235233e+00, change in D = 7.249885e-01.
    Line search step size chosen: 1.000000e+00.
  Objective value decreased by 1.563498e-02.
Newton iteration 14.
  Active set size = 63141.
  sub-gradient = 7.183542e-01, l1-norm of X = 5.236068e+02.
  Coordinate descent sweep 1. norm of D = 7.292162e-01, change in D = 7.292162e-01.
  Coordinate descent sweep 2. norm of D = 1.031596e+00, change in D = 6.866930e-01.
  Coordinate descent sweep 3. norm of D = 1.202141e+00, change in D = 6.048586e-01.
  Coordinate descent sweep 4. norm of D = 1.375411e+00, change in D = 5.618978e-01.
  Coordinate descent sweep 5. norm of D = 1.551889e+00, change in D = 5.691085e-01.
    Line search step size chosen: 1.000000e+00.
  Objective value decreased by 9.145993e-03.
Newton iteration 15.
  Active set size = 63134.
  sub-gradient = 4.917254e-01, l1-norm of X = 5.236922e+02.
  Coordinate descent sweep 1. norm of D = 4.996284e-01, change in D = 4.996284e-01.
  Coordinate descent sweep 2. norm of D = 6.978829e-01, change in D = 4.350979e-01.
  Coordinate descent sweep 3. norm of D = 8.521799e-01, change in D = 4.328192e-01.
  Coordinate descent sweep 4. norm of D = 9.947498e-01, change in D = 4.081942e-01.
  Coordinate descent sweep 5. norm of D = 1.107920e+00, change in D = 4.029399e-01.
  Coordinate descent sweep 6. norm of D = 1.188685e+00, change in D = 3.501167e-01.
    Line search step size chosen: 1.000000e+00.
  Objective value decreased by 6.726950e-03.
Newton iteration 16.
  Active set size = 63138.
  sub-gradient = 4.092207e-01, l1-norm of X = 5.237637e+02.
  Coordinate descent sweep 1. norm of D = 3.694796e-01, change in D = 3.694796e-01.
  Coordinate descent sweep 2. norm of D = 5.005924e-01, change in D = 3.272376e-01.
  Coordinate descent sweep 3. norm of D = 6.292373e-01, change in D = 3.197219e-01.
  Coordinate descent sweep 4. norm of D = 6.957511e-01, change in D = 3.042961e-01.
  Coordinate descent sweep 5. norm of D = 7.666104e-01, change in D = 2.941184e-01.
  Coordinate descent sweep 6. norm of D = 8.617032e-01, change in D = 2.570729e-01.
    Line search step size chosen: 1.000000e+00.
  Objective value decreased by 4.190797e-03.
Newton iteration 17.
  Active set size = 63131.
  sub-gradient = 2.590575e-01, l1-norm of X = 5.238184e+02.
  Coordinate descent sweep 1. norm of D = 2.439627e-01, change in D = 2.439627e-01.
  Coordinate descent sweep 2. norm of D = 3.353646e-01, change in D = 2.423092e-01.
  Coordinate descent sweep 3. norm of D = 3.953236e-01, change in D = 2.359044e-01.
  Coordinate descent sweep 4. norm of D = 4.764548e-01, change in D = 2.177836e-01.
  Coordinate descent sweep 5. norm of D = 5.242758e-01, change in D = 1.836146e-01.
  Coordinate descent sweep 6. norm of D = 5.716827e-01, change in D = 1.591271e-01.
    Line search step size chosen: 1.000000e+00.
  Objective value decreased by 2.174267e-03.
Newton iteration 18.
  Active set size = 63129.
  sub-gradient = 1.768973e-01, l1-norm of X = 5.238565e+02.
  Coordinate descent sweep 1. norm of D = 1.776375e-01, change in D = 1.776375e-01.
  Coordinate descent sweep 2. norm of D = 2.139933e-01, change in D = 1.501355e-01.
  Coordinate descent sweep 3. norm of D = 2.881689e-01, change in D = 1.782551e-01.
  Coordinate descent sweep 4. norm of D = 3.215051e-01, change in D = 1.352298e-01.
  Coordinate descent sweep 5. norm of D = 3.812338e-01, change in D = 1.537707e-01.
  Coordinate descent sweep 6. norm of D = 4.331669e-01, change in D = 1.461822e-01.
  Coordinate descent sweep 7. norm of D = 4.818865e-01, change in D = 1.458028e-01.
    Line search step size chosen: 1.000000e+00.
  Objective value decreased by 1.610577e-03.
Newton iteration 19.
  Active set size = 63132.
  sub-gradient = 1.157228e-01, l1-norm of X = 5.238864e+02.
  Coordinate descent sweep 1. norm of D = 1.339974e-01, change in D = 1.339974e-01.
  Coordinate descent sweep 2. norm of D = 1.897955e-01, change in D = 1.234407e-01.
  Coordinate descent sweep 3. norm of D = 2.396272e-01, change in D = 1.162743e-01.
  Coordinate descent sweep 4. norm of D = 2.689996e-01, change in D = 1.171458e-01.
  Coordinate descent sweep 5. norm of D = 3.081929e-01, change in D = 9.891281e-02.
  Coordinate descent sweep 6. norm of D = 3.428579e-01, change in D = 9.748590e-02.
  Coordinate descent sweep 7. norm of D = 3.677027e-01, change in D = 9.046237e-02.
    Line search step size chosen: 1.000000e+00.
  Objective value decreased by 9.693982e-04.
Newton iteration 20.
  Active set size = 63132.
  sub-gradient = 9.169627e-02, l1-norm of X = 5.239123e+02.
  Coordinate descent sweep 1. norm of D = 9.946123e-02, change in D = 9.946123e-02.
  Coordinate descent sweep 2. norm of D = 1.325911e-01, change in D = 9.541000e-02.
  Coordinate descent sweep 3. norm of D = 1.626910e-01, change in D = 8.052018e-02.
  Coordinate descent sweep 4. norm of D = 1.814055e-01, change in D = 6.855111e-02.
  Coordinate descent sweep 5. norm of D = 2.055728e-01, change in D = 6.966962e-02.
  Coordinate descent sweep 6. norm of D = 2.337411e-01, change in D = 8.321452e-02.
  Coordinate descent sweep 7. norm of D = 2.551861e-01, change in D = 7.446425e-02.
    Line search step size chosen: 1.000000e+00.
  Objective value decreased by 5.101317e-04.
Newton iteration 21.
  Active set size = 63132.
  sub-gradient = 5.363696e-02, l1-norm of X = 5.239296e+02.
  Coordinate descent sweep 1. norm of D = 6.224398e-02, change in D = 6.224398e-02.
  Coordinate descent sweep 2. norm of D = 9.485633e-02, change in D = 6.852330e-02.
  Coordinate descent sweep 3. norm of D = 1.140697e-01, change in D = 6.192747e-02.
  Coordinate descent sweep 4. norm of D = 1.300644e-01, change in D = 5.540206e-02.
  Coordinate descent sweep 5. norm of D = 1.556786e-01, change in D = 6.242324e-02.
  Coordinate descent sweep 6. norm of D = 1.689259e-01, change in D = 5.611362e-02.
  Coordinate descent sweep 7. norm of D = 1.871472e-01, change in D = 4.859321e-02.
  Coordinate descent sweep 8. norm of D = 2.030992e-01, change in D = 5.090909e-02.
    Line search step size chosen: 1.000000e+00.
  Objective value decreased by 3.482165e-04.
Newton iteration 22.
  Active set size = 63132.
  sub-gradient = 5.024396e-02, l1-norm of X = 5.239435e+02.
  Coordinate descent sweep 1. norm of D = 4.745825e-02, change in D = 4.745825e-02.
  Coordinate descent sweep 2. norm of D = 7.156371e-02, change in D = 5.031673e-02.
  Coordinate descent sweep 3. norm of D = 8.298886e-02, change in D = 4.255356e-02.
  Coordinate descent sweep 4. norm of D = 9.783262e-02, change in D = 4.210108e-02.
  Coordinate descent sweep 5. norm of D = 1.085246e-01, change in D = 4.007835e-02.
  Coordinate descent sweep 6. norm of D = 1.246825e-01, change in D = 4.160950e-02.
  Coordinate descent sweep 7. norm of D = 1.297739e-01, change in D = 2.993873e-02.
  Coordinate descent sweep 8. norm of D = 1.418441e-01, change in D = 3.327511e-02.
    Line search step size chosen: 1.000000e+00.
  Objective value decreased by 1.886907e-04.
QUIC CPU time: 2759.140 seconds
