[1] "GTEx"     "10"       "weighted" "0.94"    
[1] "Data read complete"
Running QUIC version 1.1 in 'default' mode.
Newton iteration 1.
  X is a diagonal matrix.
    Line search step size chosen: 1.000000e+00.
  Objective value decreased by 1.868449e-03.
Newton iteration 2.
  Active set size = 5788.
  sub-gradient = 3.800981e-03, l1-norm of X = 1.140634e-01.
  Coordinate descent sweep 1. norm of D = 3.772821e-03, change in D = 3.772821e-03.
    Line search step size chosen: 1.000000e+00.
  Objective value decreased by 1.854337e-06.
Newton iteration 3.
  Active set size = 5788.
  sub-gradient = 2.596775e-05, l1-norm of X = 1.141379e-01.
  Coordinate descent sweep 1. norm of D = 2.700424e-05, change in D = 2.700424e-05.
  Coordinate descent sweep 2. norm of D = 2.811620e-05, change in D = 1.111955e-06.
    Line search step size chosen: 1.000000e+00.
  Objective value decreased by 3.592504e-10.
Newton iteration 4.
  Active set size = 5788.
  sub-gradient = 4.031583e-08, l1-norm of X = 1.141733e-01.
  Coordinate descent sweep 1. norm of D = 4.307619e-08, change in D = 4.307619e-08.
  Coordinate descent sweep 2. norm of D = 4.361449e-08, change in D = 5.530348e-10.
    Line search step size chosen: 1.000000e+00.
  Objective value decreased by 1.818989e-12.
QUIC CPU time: 356.220 seconds
