[1] "/work-zfs/abattle4/prashanthi/recount3/data/breast/all/weighted_covariances/cov_12.rds"
[1] "Data read complete"
Running QUIC version 1.1 in 'default' mode.
Newton iteration 1.
  X is a diagonal matrix.
    Line search step size 1.000000e+00.  Lack of positive definiteness.
    Line search step size 5.000000e-01.  Lack of positive definiteness.
    Line search step size 2.500000e-01.  Lack of positive definiteness.
    Line search step size 1.250000e-01.  Lack of positive definiteness.
    Line search step size chosen: 6.250000e-02.
  Objective value decreased by 1.388291e+01.
Newton iteration 2.
  Active set size = 16763.
  sub-gradient = 6.125737e+02, l1-norm of X = 2.509173e+01.
  Coordinate descent sweep 1. norm of D = 4.646039e+02, change in D = 4.646039e+02.
    Line search step size 1.000000e+00.  Lack of positive definiteness.
    Line search step size 5.000000e-01.  Lack of positive definiteness.
    Line search step size 2.500000e-01.  Lack of positive definiteness.
    Line search step size chosen: 1.250000e-01.
  Objective value decreased by 1.460202e+01.
Newton iteration 3.
  Active set size = 16763.
  sub-gradient = 4.736198e+02, l1-norm of X = 5.851269e+01.
  Coordinate descent sweep 1. norm of D = 3.199237e+02, change in D = 3.199237e+02.
  Coordinate descent sweep 2. norm of D = 3.118230e+02, change in D = 5.788102e+01.
    Line search step size 1.000000e+00.  Lack of positive definiteness.
    Line search step size chosen: 5.000000e-01.
  Objective value decreased by 2.182398e+01.
Newton iteration 4.
  Active set size = 16763.
  sub-gradient = 1.850935e+02, l1-norm of X = 1.337138e+02.
  Coordinate descent sweep 1. norm of D = 1.431474e+02, change in D = 1.431474e+02.
  Coordinate descent sweep 2. norm of D = 1.661629e+02, change in D = 4.120033e+01.
    Line search step size chosen: 1.000000e+00.
  Objective value decreased by 7.243825e+00.
Newton iteration 5.
  Active set size = 14880.
  sub-gradient = 2.993522e+01, l1-norm of X = 1.841174e+02.
  Coordinate descent sweep 1. norm of D = 2.914192e+01, change in D = 2.914192e+01.
  Coordinate descent sweep 2. norm of D = 3.736199e+01, change in D = 1.430027e+01.
    Line search step size chosen: 1.000000e+00.
  Objective value decreased by 6.865187e-01.
Newton iteration 6.
  Active set size = 14690.
  sub-gradient = 1.131057e+01, l1-norm of X = 1.885450e+02.
  Coordinate descent sweep 1. norm of D = 9.555064e+00, change in D = 9.555064e+00.
  Coordinate descent sweep 2. norm of D = 1.299275e+01, change in D = 6.349993e+00.
  Coordinate descent sweep 3. norm of D = 1.491730e+01, change in D = 4.011494e+00.
    Line search step size chosen: 1.000000e+00.
  Objective value decreased by 1.901419e-01.
Newton iteration 7.
  Active set size = 14655.
  sub-gradient = 3.906245e+00, l1-norm of X = 1.902489e+02.
  Coordinate descent sweep 1. norm of D = 3.180814e+00, change in D = 3.180814e+00.
  Coordinate descent sweep 2. norm of D = 4.336502e+00, change in D = 2.212412e+00.
  Coordinate descent sweep 3. norm of D = 5.128552e+00, change in D = 1.678537e+00.
    Line search step size chosen: 1.000000e+00.
  Objective value decreased by 3.812294e-02.
Newton iteration 8.
  Active set size = 14629.
  sub-gradient = 1.187895e+00, l1-norm of X = 1.908138e+02.
  Coordinate descent sweep 1. norm of D = 1.219809e+00, change in D = 1.219809e+00.
  Coordinate descent sweep 2. norm of D = 1.642783e+00, change in D = 9.150042e-01.
  Coordinate descent sweep 3. norm of D = 1.956535e+00, change in D = 7.017003e-01.
    Line search step size chosen: 1.000000e+00.
  Objective value decreased by 8.196994e-03.
Newton iteration 9.
  Active set size = 14626.
  sub-gradient = 7.335429e-01, l1-norm of X = 1.910071e+02.
  Coordinate descent sweep 1. norm of D = 5.883695e-01, change in D = 5.883695e-01.
  Coordinate descent sweep 2. norm of D = 7.801944e-01, change in D = 4.455529e-01.
  Coordinate descent sweep 3. norm of D = 9.431496e-01, change in D = 3.618292e-01.
  Coordinate descent sweep 4. norm of D = 1.078079e+00, change in D = 2.901074e-01.
    Line search step size chosen: 1.000000e+00.
  Objective value decreased by 3.087527e-03.
Newton iteration 10.
  Active set size = 14621.
  sub-gradient = 3.626892e-01, l1-norm of X = 1.911104e+02.
  Coordinate descent sweep 1. norm of D = 2.249580e-01, change in D = 2.249580e-01.
  Coordinate descent sweep 2. norm of D = 3.075254e-01, change in D = 1.746005e-01.
  Coordinate descent sweep 3. norm of D = 3.808216e-01, change in D = 1.450041e-01.
  Coordinate descent sweep 4. norm of D = 4.348081e-01, change in D = 1.221268e-01.
    Line search step size chosen: 1.000000e+00.
  Objective value decreased by 7.616218e-04.
Newton iteration 11.
  Active set size = 14618.
  sub-gradient = 9.349416e-02, l1-norm of X = 1.911551e+02.
  Coordinate descent sweep 1. norm of D = 9.334169e-02, change in D = 9.334169e-02.
  Coordinate descent sweep 2. norm of D = 1.338783e-01, change in D = 7.645810e-02.
  Coordinate descent sweep 3. norm of D = 1.628007e-01, change in D = 6.320533e-02.
  Coordinate descent sweep 4. norm of D = 1.818758e-01, change in D = 5.067207e-02.
    Line search step size chosen: 1.000000e+00.
  Objective value decreased by 1.642954e-04.
Newton iteration 12.
  Active set size = 14617.
  sub-gradient = 5.503841e-02, l1-norm of X = 1.911714e+02.
  Coordinate descent sweep 1. norm of D = 4.241905e-02, change in D = 4.241905e-02.
  Coordinate descent sweep 2. norm of D = 5.894712e-02, change in D = 3.676227e-02.
  Coordinate descent sweep 3. norm of D = 7.082372e-02, change in D = 3.065416e-02.
  Coordinate descent sweep 4. norm of D = 8.106046e-02, change in D = 2.444839e-02.
  Coordinate descent sweep 5. norm of D = 8.989510e-02, change in D = 2.227031e-02.
    Line search step size chosen: 1.000000e+00.
  Objective value decreased by 4.035759e-05.
Newton iteration 13.
  Active set size = 14616.
  sub-gradient = 1.546323e-02, l1-norm of X = 1.911806e+02.
  Coordinate descent sweep 1. norm of D = 1.719493e-02, change in D = 1.719493e-02.
  Coordinate descent sweep 2. norm of D = 2.344886e-02, change in D = 1.389147e-02.
  Coordinate descent sweep 3. norm of D = 2.889404e-02, change in D = 1.256723e-02.
  Coordinate descent sweep 4. norm of D = 3.371935e-02, change in D = 1.085308e-02.
  Coordinate descent sweep 5. norm of D = 3.632180e-02, change in D = 8.820609e-03.
    Line search step size chosen: 1.000000e+00.
  Objective value decreased by 8.563284e-06.
QUIC CPU time: 3460.160 seconds
