[1] "/work-zfs/abattle4/prashanthi/recount3/data/breast/all/weighted_covariances/cov_12.rds"
[1] "Data read complete"
Running QUIC version 1.1 in 'default' mode.
Newton iteration 1.
  X is a diagonal matrix.
    Line search step size chosen: 1.000000e+00.
  Objective value decreased by 2.994700e-01.
Newton iteration 2.
  Active set size = 8567.
  sub-gradient = 7.062592e+00, l1-norm of X = 7.091309e+00.
  Coordinate descent sweep 1. norm of D = 1.479369e+00, change in D = 1.479369e+00.
    Line search step size chosen: 1.000000e+00.
  Objective value decreased by 1.095944e-01.
Newton iteration 3.
  Active set size = 8563.
  sub-gradient = 1.765994e+00, l1-norm of X = 6.105380e+00.
  Coordinate descent sweep 1. norm of D = 1.119540e+00, change in D = 1.119540e+00.
  Coordinate descent sweep 2. norm of D = 1.089993e+00, change in D = 3.222275e-01.
    Line search step size chosen: 1.000000e+00.
  Objective value decreased by 4.110546e-02.
Newton iteration 4.
  Active set size = 8559.
  sub-gradient = 3.610425e-01, l1-norm of X = 5.914943e+00.
  Coordinate descent sweep 1. norm of D = 2.113388e-01, change in D = 2.113388e-01.
  Coordinate descent sweep 2. norm of D = 2.118132e-01, change in D = 6.613746e-02.
    Line search step size chosen: 1.000000e+00.
  Objective value decreased by 1.890005e-03.
Newton iteration 5.
  Active set size = 8559.
  sub-gradient = 2.961093e-02, l1-norm of X = 5.813795e+00.
  Coordinate descent sweep 1. norm of D = 2.858576e-02, change in D = 2.858576e-02.
  Coordinate descent sweep 2. norm of D = 3.211837e-02, change in D = 7.858862e-03.
    Line search step size chosen: 1.000000e+00.
  Objective value decreased by 4.868606e-05.
Newton iteration 6.
  Active set size = 8559.
  sub-gradient = 2.016131e-03, l1-norm of X = 5.814997e+00.
  Coordinate descent sweep 1. norm of D = 2.228083e-03, change in D = 2.228083e-03.
  Coordinate descent sweep 2. norm of D = 2.416504e-03, change in D = 4.761049e-04.
  Coordinate descent sweep 3. norm of D = 2.466364e-03, change in D = 1.604394e-04.
    Line search step size chosen: 1.000000e+00.
  Objective value decreased by 2.840206e-07.
Newton iteration 7.
  Active set size = 8559.
  sub-gradient = 3.601006e-05, l1-norm of X = 5.814578e+00.
  Coordinate descent sweep 1. norm of D = 4.005624e-05, change in D = 4.005624e-05.
  Coordinate descent sweep 2. norm of D = 4.644133e-05, change in D = 9.422768e-06.
  Coordinate descent sweep 3. norm of D = 4.713006e-05, change in D = 3.236974e-06.
    Line search step size chosen: 1.000000e+00.
  Objective value decreased by 7.275958e-11.
QUIC CPU time: 1690.840 seconds
