[1] "/work-zfs/abattle4/prashanthi/recount3/data/breast/all/weighted_covariances/cov_12.rds"
[1] "Data read complete"
Running QUIC version 1.1 in 'default' mode.
Newton iteration 1.
  X is a diagonal matrix.
    Line search step size chosen: 1.000000e+00.
  Objective value decreased by 2.794527e-02.
Newton iteration 2.
  Active set size = 8494.
  sub-gradient = 6.616084e-02, l1-norm of X = 5.929283e-01.
  Coordinate descent sweep 1. norm of D = 6.132587e-02, change in D = 6.132587e-02.
    Line search step size chosen: 1.000000e+00.
  Objective value decreased by 3.425308e-04.
Newton iteration 3.
  Active set size = 8494.
  sub-gradient = 6.126853e-03, l1-norm of X = 5.814157e-01.
  Coordinate descent sweep 1. norm of D = 7.108549e-03, change in D = 7.108549e-03.
  Coordinate descent sweep 2. norm of D = 8.248896e-03, change in D = 1.188937e-03.
    Line search step size chosen: 1.000000e+00.
  Objective value decreased by 1.824151e-05.
Newton iteration 4.
  Active set size = 8494.
  sub-gradient = 1.661462e-04, l1-norm of X = 5.904498e-01.
  Coordinate descent sweep 1. norm of D = 1.677290e-04, change in D = 1.677290e-04.
  Coordinate descent sweep 2. norm of D = 2.350757e-04, change in D = 6.742024e-05.
    Line search step size chosen: 1.000000e+00.
  Objective value decreased by 1.919398e-08.
Newton iteration 5.
  Active set size = 8494.
  sub-gradient = 9.221848e-06, l1-norm of X = 5.906668e-01.
  Coordinate descent sweep 1. norm of D = 1.237623e-05, change in D = 1.237623e-05.
  Coordinate descent sweep 2. norm of D = 1.282345e-05, change in D = 5.197801e-07.
    Line search step size chosen: 1.000000e+00.
  Objective value decreased by 7.821654e-11.
QUIC CPU time: 1242.350 seconds
