[1] "/work-zfs/abattle4/prashanthi/recount3/data/breast/all/weighted_covariances/cov_12.rds"
[1] "Data read complete"
Running QUIC version 1.1 in 'default' mode.
Newton iteration 1.
  X is a diagonal matrix.
    Line search step size chosen: 1.000000e+00.
  Objective value decreased by 1.676892e-02.
Newton iteration 2.
  Active set size = 8487.
  sub-gradient = 3.578979e-02, l1-norm of X = 3.839760e-01.
  Coordinate descent sweep 1. norm of D = 3.337840e-02, change in D = 3.337840e-02.
    Line search step size chosen: 1.000000e+00.
  Objective value decreased by 1.544181e-04.
Newton iteration 3.
  Active set size = 8487.
  sub-gradient = 1.780892e-03, l1-norm of X = 3.837339e-01.
  Coordinate descent sweep 1. norm of D = 2.037633e-03, change in D = 2.037633e-03.
  Coordinate descent sweep 2. norm of D = 2.394038e-03, change in D = 3.838070e-04.
    Line search step size chosen: 1.000000e+00.
  Objective value decreased by 1.704322e-06.
Newton iteration 4.
  Active set size = 8487.
  sub-gradient = 3.614772e-05, l1-norm of X = 3.865250e-01.
  Coordinate descent sweep 1. norm of D = 3.844021e-05, change in D = 3.844021e-05.
  Coordinate descent sweep 2. norm of D = 4.148726e-05, change in D = 3.047048e-06.
    Line search step size chosen: 1.000000e+00.
  Objective value decreased by 2.964953e-10.
QUIC CPU time: 1020.080 seconds
