[1] "/data/abattle4/prashanthi/recount3/data/central_nervous_system/all/weighted_covariances/only_sra/cov_30.rds"
[1] "Data read complete"
Running QUIC version 1.1 in 'default' mode.
Newton iteration 1.
  X is a diagonal matrix.
    Line search step size 1.000000e+00.  Lack of positive definiteness.
    Line search step size 5.000000e-01.  Lack of positive definiteness.
    Line search step size 2.500000e-01.  Lack of positive definiteness.
    Line search step size 1.250000e-01.  Lack of positive definiteness.
    Line search step size 6.250000e-02.  Lack of positive definiteness.
    Line search step size chosen: 3.125000e-02.
  Objective value decreased by 5.560827e+01.
Newton iteration 2.
  Active set size = 129046.
  sub-gradient = 6.789609e+03, l1-norm of X = 1.086651e+02.
  Coordinate descent sweep 1. norm of D = 4.476134e+03, change in D = 4.476134e+03.
    Line search step size 1.000000e+00.  Lack of positive definiteness.
    Line search step size 5.000000e-01.  Lack of positive definiteness.
    Line search step size 2.500000e-01.  Lack of positive definiteness.
    Line search step size 1.250000e-01.  Lack of positive definiteness.
    Line search step size chosen: 6.250000e-02.
  Objective value decreased by 5.424556e+01.
Newton iteration 3.
  Active set size = 129047.
  sub-gradient = 5.928481e+03, l1-norm of X = 2.386912e+02.
  Coordinate descent sweep 1. norm of D = 3.121378e+03, change in D = 3.121378e+03.
  Coordinate descent sweep 2. norm of D = 2.811372e+03, change in D = 5.928045e+02.
    Line search step size 1.000000e+00.  Lack of positive definiteness.
    Line search step size 5.000000e-01.  Lack of positive definiteness.
    Line search step size chosen: 2.500000e-01.
  Objective value decreased by 9.364741e+01.
Newton iteration 4.
  Active set size = 159785.
  sub-gradient = 2.494918e+04, l1-norm of X = 5.344246e+02.
  Coordinate descent sweep 1. norm of D = 1.340443e+03, change in D = 1.340443e+03.
  Coordinate descent sweep 2. norm of D = 1.379639e+03, change in D = 3.502558e+02.
    Line search step size 1.000000e+00.  Lack of positive definiteness.
    Line search step size chosen: 5.000000e-01.
  Objective value decreased by 4.507710e+01.
Newton iteration 5.
  Active set size = 169904.
  sub-gradient = 2.637380e+04, l1-norm of X = 7.148726e+02.
  Coordinate descent sweep 1. norm of D = 6.749966e+02, change in D = 6.749966e+02.
  Coordinate descent sweep 2. norm of D = 7.638121e+02, change in D = 2.250704e+02.
    Line search step size chosen: 1.000000e+00.
  Objective value decreased by 2.259910e+01.
Newton iteration 6.
  Active set size = 100469.
  sub-gradient = 7.797067e+03, l1-norm of X = 8.535982e+02.
  Coordinate descent sweep 1. norm of D = 1.558430e+02, change in D = 1.558430e+02.
  Coordinate descent sweep 2. norm of D = 1.914207e+02, change in D = 9.123778e+01.
  Coordinate descent sweep 3. norm of D = 2.137166e+02, change in D = 5.552155e+01.
    Line search step size chosen: 1.000000e+00.
  Objective value decreased by 4.309035e+00.
Newton iteration 7.
  Active set size = 70386.
  sub-gradient = 1.883415e+03, l1-norm of X = 8.733396e+02.
  Coordinate descent sweep 1. norm of D = 6.128755e+01, change in D = 6.128755e+01.
  Coordinate descent sweep 2. norm of D = 7.264537e+01, change in D = 4.215873e+01.
  Coordinate descent sweep 3. norm of D = 8.145597e+01, change in D = 2.910775e+01.
    Line search step size chosen: 1.000000e+00.
  Objective value decreased by 1.665386e+00.
Newton iteration 8.
  Active set size = 64680.
  sub-gradient = 6.011588e+02, l1-norm of X = 8.810459e+02.
  Coordinate descent sweep 1. norm of D = 3.111292e+01, change in D = 3.111292e+01.
  Coordinate descent sweep 2. norm of D = 3.631900e+01, change in D = 2.199504e+01.
  Coordinate descent sweep 3. norm of D = 4.038806e+01, change in D = 1.533857e+01.
    Line search step size chosen: 1.000000e+00.
  Objective value decreased by 6.141283e-01.
Newton iteration 9.
  Active set size = 64020.
  sub-gradient = 1.701483e+02, l1-norm of X = 8.843222e+02.
  Coordinate descent sweep 1. norm of D = 1.486021e+01, change in D = 1.486021e+01.
  Coordinate descent sweep 2. norm of D = 1.781956e+01, change in D = 1.052595e+01.
  Coordinate descent sweep 3. norm of D = 1.961643e+01, change in D = 7.185459e+00.
  Coordinate descent sweep 4. norm of D = 2.092955e+01, change in D = 5.150327e+00.
    Line search step size chosen: 1.000000e+00.
  Objective value decreased by 1.761284e-01.
Newton iteration 10.
  Active set size = 63979.
  sub-gradient = 2.235362e+01, l1-norm of X = 8.856456e+02.
  Coordinate descent sweep 1. norm of D = 4.990748e+00, change in D = 4.990748e+00.
  Coordinate descent sweep 2. norm of D = 6.137614e+00, change in D = 3.503956e+00.
  Coordinate descent sweep 3. norm of D = 6.780845e+00, change in D = 2.576921e+00.
  Coordinate descent sweep 4. norm of D = 7.219378e+00, change in D = 1.883361e+00.
    Line search step size chosen: 1.000000e+00.
  Objective value decreased by 2.289862e-02.
Newton iteration 11.
  Active set size = 64060.
  sub-gradient = 1.707424e+00, l1-norm of X = 8.860266e+02.
  Coordinate descent sweep 1. norm of D = 1.594402e+00, change in D = 1.594402e+00.
  Coordinate descent sweep 2. norm of D = 1.986440e+00, change in D = 1.225202e+00.
  Coordinate descent sweep 3. norm of D = 2.219722e+00, change in D = 9.291110e-01.
  Coordinate descent sweep 4. norm of D = 2.369542e+00, change in D = 6.948985e-01.
    Line search step size chosen: 1.000000e+00.
  Objective value decreased by 3.322865e-03.
Newton iteration 12.
  Active set size = 64056.
  sub-gradient = 5.497047e-01, l1-norm of X = 8.861326e+02.
  Coordinate descent sweep 1. norm of D = 5.510987e-01, change in D = 5.510987e-01.
  Coordinate descent sweep 2. norm of D = 6.766515e-01, change in D = 4.305020e-01.
  Coordinate descent sweep 3. norm of D = 7.588126e-01, change in D = 3.436751e-01.
  Coordinate descent sweep 4. norm of D = 8.156557e-01, change in D = 2.768795e-01.
  Coordinate descent sweep 5. norm of D = 8.603614e-01, change in D = 2.199584e-01.
    Line search step size chosen: 1.000000e+00.
  Objective value decreased by 5.337723e-04.
Newton iteration 13.
  Active set size = 64055.
  sub-gradient = 1.753692e-01, l1-norm of X = 8.861706e+02.
  Coordinate descent sweep 1. norm of D = 1.721330e-01, change in D = 1.721330e-01.
  Coordinate descent sweep 2. norm of D = 2.102518e-01, change in D = 1.304235e-01.
  Coordinate descent sweep 3. norm of D = 2.387937e-01, change in D = 1.037240e-01.
  Coordinate descent sweep 4. norm of D = 2.601968e-01, change in D = 8.544303e-02.
  Coordinate descent sweep 5. norm of D = 2.696928e-01, change in D = 6.699166e-02.
    Line search step size chosen: 1.000000e+00.
  Objective value decreased by 6.871106e-05.
Newton iteration 14.
  Active set size = 64056.
  sub-gradient = 5.272605e-02, l1-norm of X = 8.861824e+02.
  Coordinate descent sweep 1. norm of D = 5.452417e-02, change in D = 5.452417e-02.
  Coordinate descent sweep 2. norm of D = 6.720372e-02, change in D = 4.243061e-02.
  Coordinate descent sweep 3. norm of D = 7.575058e-02, change in D = 3.585882e-02.
  Coordinate descent sweep 4. norm of D = 8.118411e-02, change in D = 2.895191e-02.
  Coordinate descent sweep 5. norm of D = 8.601104e-02, change in D = 2.288473e-02.
    Line search step size chosen: 1.000000e+00.
  Objective value decreased by 1.125609e-05.
QUIC CPU time: 9298.298 seconds
