[1] "/data/abattle4/prashanthi/recount3/data/central_nervous_system/all/weighted_covariances/only_sra/cov_30.rds"
[1] "Data read complete"
Running QUIC version 1.1 in 'default' mode.
Newton iteration 1.
  X is a diagonal matrix.
    Line search step size 1.000000e+00.  Lack of positive definiteness.
    Line search step size 5.000000e-01.  Lack of positive definiteness.
    Line search step size 2.500000e-01.  Lack of positive definiteness.
    Line search step size chosen: 1.250000e-01.
  Objective value decreased by 4.965426e+00.
Newton iteration 2.
  Active set size = 12727.
  sub-gradient = 1.746843e+02, l1-norm of X = 2.440592e+01.
  Coordinate descent sweep 1. norm of D = 1.287204e+02, change in D = 1.287204e+02.
    Line search step size 1.000000e+00.  Lack of positive definiteness.
    Line search step size 5.000000e-01.  Lack of positive definiteness.
    Line search step size chosen: 2.500000e-01.
  Objective value decreased by 4.272621e+00.
Newton iteration 3.
  Active set size = 12727.
  sub-gradient = 1.012763e+02, l1-norm of X = 5.204956e+01.
  Coordinate descent sweep 1. norm of D = 7.339065e+01, change in D = 7.339065e+01.
  Coordinate descent sweep 2. norm of D = 7.430659e+01, change in D = 1.547384e+01.
    Line search step size chosen: 1.000000e+00.
  Objective value decreased by 3.460714e+00.
Newton iteration 4.
  Active set size = 11727.
  sub-gradient = 4.126127e+01, l1-norm of X = 9.673937e+01.
  Coordinate descent sweep 1. norm of D = 1.314585e+01, change in D = 1.314585e+01.
  Coordinate descent sweep 2. norm of D = 1.316833e+01, change in D = 5.703821e+00.
    Line search step size chosen: 1.000000e+00.
  Objective value decreased by 1.917323e-01.
Newton iteration 5.
  Active set size = 11606.
  sub-gradient = 5.168038e+00, l1-norm of X = 9.485777e+01.
  Coordinate descent sweep 1. norm of D = 2.881828e+00, change in D = 2.881828e+00.
  Coordinate descent sweep 2. norm of D = 3.188776e+00, change in D = 1.337403e+00.
    Line search step size chosen: 1.000000e+00.
  Objective value decreased by 1.326544e-02.
Newton iteration 6.
  Active set size = 11587.
  sub-gradient = 6.526048e-01, l1-norm of X = 9.463313e+01.
  Coordinate descent sweep 1. norm of D = 6.272367e-01, change in D = 6.272367e-01.
  Coordinate descent sweep 2. norm of D = 7.422427e-01, change in D = 2.680888e-01.
  Coordinate descent sweep 3. norm of D = 7.995164e-01, change in D = 1.207897e-01.
    Line search step size chosen: 1.000000e+00.
  Objective value decreased by 8.919649e-04.
Newton iteration 7.
  Active set size = 11582.
  sub-gradient = 7.920671e-02, l1-norm of X = 9.468258e+01.
  Coordinate descent sweep 1. norm of D = 6.387128e-02, change in D = 6.387128e-02.
  Coordinate descent sweep 2. norm of D = 7.745957e-02, change in D = 3.186443e-02.
  Coordinate descent sweep 3. norm of D = 8.291145e-02, change in D = 1.455456e-02.
    Line search step size chosen: 1.000000e+00.
  Objective value decreased by 2.431793e-05.
Newton iteration 8.
  Active set size = 11581.
  sub-gradient = 1.011201e-02, l1-norm of X = 9.469418e+01.
  Coordinate descent sweep 1. norm of D = 9.086857e-03, change in D = 9.086857e-03.
  Coordinate descent sweep 2. norm of D = 1.122494e-02, change in D = 4.925858e-03.
  Coordinate descent sweep 3. norm of D = 1.265809e-02, change in D = 2.843375e-03.
    Line search step size chosen: 1.000000e+00.
  Objective value decreased by 1.152390e-06.
Newton iteration 9.
  Active set size = 11581.
  sub-gradient = 1.905662e-03, l1-norm of X = 9.469554e+01.
  Coordinate descent sweep 1. norm of D = 1.980535e-03, change in D = 1.980535e-03.
  Coordinate descent sweep 2. norm of D = 2.379377e-03, change in D = 9.091066e-04.
  Coordinate descent sweep 3. norm of D = 2.815162e-03, change in D = 6.201862e-04.
  Coordinate descent sweep 4. norm of D = 2.947132e-03, change in D = 2.515865e-04.
    Line search step size chosen: 1.000000e+00.
  Objective value decreased by 1.457975e-07.
QUIC CPU time: 5000.909 seconds
