[1] "/data/abattle4/prashanthi/recount3/data/central_nervous_system/all/weighted_covariances/only_sra/cov_30.rds"
[1] "Data read complete"
Running QUIC version 1.1 in 'default' mode.
Newton iteration 1.
  X is a diagonal matrix.
    Line search step size 1.000000e+00.  Lack of positive definiteness.
    Line search step size 5.000000e-01.  Lack of positive definiteness.
    Line search step size chosen: 2.500000e-01.
  Objective value decreased by 3.940120e+00.
Newton iteration 2.
  Active set size = 10888.
  sub-gradient = 5.907078e+01, l1-norm of X = 2.508726e+01.
  Coordinate descent sweep 1. norm of D = 4.811804e+01, change in D = 4.811804e+01.
    Line search step size chosen: 1.000000e+00.
  Objective value decreased by 2.031995e+00.
Newton iteration 3.
  Active set size = 10571.
  sub-gradient = 7.151556e+01, l1-norm of X = 6.392913e+01.
  Coordinate descent sweep 1. norm of D = 1.527553e+01, change in D = 1.527553e+01.
  Coordinate descent sweep 2. norm of D = 1.389782e+01, change in D = 7.095002e+00.
    Line search step size chosen: 1.000000e+00.
  Objective value decreased by 5.657485e-01.
Newton iteration 4.
  Active set size = 10472.
  sub-gradient = 1.851436e+01, l1-norm of X = 5.991830e+01.
  Coordinate descent sweep 1. norm of D = 5.473198e+00, change in D = 5.473198e+00.
  Coordinate descent sweep 2. norm of D = 4.939907e+00, change in D = 2.848284e+00.
    Line search step size chosen: 1.000000e+00.
  Objective value decreased by 8.436215e-02.
Newton iteration 5.
  Active set size = 10423.
  sub-gradient = 2.737398e+00, l1-norm of X = 5.795501e+01.
  Coordinate descent sweep 1. norm of D = 1.316485e+00, change in D = 1.316485e+00.
  Coordinate descent sweep 2. norm of D = 1.289732e+00, change in D = 6.654657e-01.
    Line search step size chosen: 1.000000e+00.
  Objective value decreased by 4.728510e-03.
Newton iteration 6.
  Active set size = 10416.
  sub-gradient = 3.105645e-01, l1-norm of X = 5.763398e+01.
  Coordinate descent sweep 1. norm of D = 2.584164e-01, change in D = 2.584164e-01.
  Coordinate descent sweep 2. norm of D = 2.964342e-01, change in D = 1.024234e-01.
  Coordinate descent sweep 3. norm of D = 3.089835e-01, change in D = 3.322184e-02.
    Line search step size chosen: 1.000000e+00.
  Objective value decreased by 2.517153e-04.
Newton iteration 7.
  Active set size = 10416.
  sub-gradient = 1.569136e-02, l1-norm of X = 5.761487e+01.
  Coordinate descent sweep 1. norm of D = 1.486273e-02, change in D = 1.486273e-02.
  Coordinate descent sweep 2. norm of D = 1.753471e-02, change in D = 7.023112e-03.
  Coordinate descent sweep 3. norm of D = 1.888017e-02, change in D = 3.055343e-03.
    Line search step size chosen: 1.000000e+00.
  Objective value decreased by 1.793740e-06.
Newton iteration 8.
  Active set size = 10416.
  sub-gradient = 1.331678e-03, l1-norm of X = 5.761733e+01.
  Coordinate descent sweep 1. norm of D = 1.356745e-03, change in D = 1.356745e-03.
  Coordinate descent sweep 2. norm of D = 1.567086e-03, change in D = 4.946556e-04.
  Coordinate descent sweep 3. norm of D = 1.737167e-03, change in D = 2.816836e-04.
    Line search step size chosen: 1.000000e+00.
  Objective value decreased by 2.694651e-08.
QUIC CPU time: 4213.344 seconds
