[1] "/data/abattle4/prashanthi/recount3/data/central_nervous_system/all/weighted_covariances/only_sra/cov_30.rds"
[1] "Data read complete"
Running QUIC version 1.1 in 'default' mode.
Newton iteration 1.
  X is a diagonal matrix.
    Line search step size chosen: 1.000000e+00.
  Objective value decreased by 6.745183e-01.
Newton iteration 2.
  Active set size = 9159.
  sub-gradient = 1.773862e+01, l1-norm of X = 1.385226e+01.
  Coordinate descent sweep 1. norm of D = 2.796432e+00, change in D = 2.796432e+00.
    Line search step size chosen: 1.000000e+00.
  Objective value decreased by 2.168947e-01.
Newton iteration 3.
  Active set size = 9151.
  sub-gradient = 5.498852e+00, l1-norm of X = 1.271376e+01.
  Coordinate descent sweep 1. norm of D = 1.582261e+00, change in D = 1.582261e+00.
  Coordinate descent sweep 2. norm of D = 1.479134e+00, change in D = 8.637711e-01.
    Line search step size chosen: 1.000000e+00.
  Objective value decreased by 8.290010e-02.
Newton iteration 4.
  Active set size = 9147.
  sub-gradient = 1.596921e+00, l1-norm of X = 1.216431e+01.
  Coordinate descent sweep 1. norm of D = 9.432444e-01, change in D = 9.432444e-01.
  Coordinate descent sweep 2. norm of D = 9.297010e-01, change in D = 3.848159e-01.
    Line search step size chosen: 1.000000e+00.
  Objective value decreased by 2.785065e-02.
Newton iteration 5.
  Active set size = 9145.
  sub-gradient = 2.450743e-01, l1-norm of X = 1.186941e+01.
  Coordinate descent sweep 1. norm of D = 1.574673e-01, change in D = 1.574673e-01.
  Coordinate descent sweep 2. norm of D = 1.633857e-01, change in D = 6.431778e-02.
    Line search step size chosen: 1.000000e+00.
  Objective value decreased by 6.223408e-04.
Newton iteration 6.
  Active set size = 9144.
  sub-gradient = 3.573221e-02, l1-norm of X = 1.182720e+01.
  Coordinate descent sweep 1. norm of D = 2.511656e-02, change in D = 2.511656e-02.
  Coordinate descent sweep 2. norm of D = 2.505694e-02, change in D = 8.718081e-03.
  Coordinate descent sweep 3. norm of D = 2.696173e-02, change in D = 4.487995e-03.
    Line search step size chosen: 1.000000e+00.
  Objective value decreased by 1.700797e-05.
Newton iteration 7.
  Active set size = 9144.
  sub-gradient = 1.667494e-03, l1-norm of X = 1.181835e+01.
  Coordinate descent sweep 1. norm of D = 1.438073e-03, change in D = 1.438073e-03.
  Coordinate descent sweep 2. norm of D = 1.531493e-03, change in D = 4.625856e-04.
  Coordinate descent sweep 3. norm of D = 1.571149e-03, change in D = 1.514075e-04.
    Line search step size chosen: 1.000000e+00.
  Objective value decreased by 4.460162e-08.
Newton iteration 8.
  Active set size = 9144.
  sub-gradient = 4.263689e-05, l1-norm of X = 1.181885e+01.
  Coordinate descent sweep 1. norm of D = 3.837277e-05, change in D = 3.837277e-05.
  Coordinate descent sweep 2. norm of D = 4.191553e-05, change in D = 1.073075e-05.
  Coordinate descent sweep 3. norm of D = 4.363524e-05, change in D = 3.327651e-06.
    Line search step size chosen: 1.000000e+00.
  Objective value decreased by 3.274181e-11.
QUIC CPU time: 3741.160 seconds
