[1] "/data/abattle4/prashanthi/recount3/data/central_nervous_system/all/weighted_covariances/only_sra/cov_5.rds"
[1] "Data read complete"
Running QUIC version 1.1 in 'default' mode.
Newton iteration 1.
  X is a diagonal matrix.
    Line search step size 1.000000e+00.  Lack of positive definiteness.
    Line search step size chosen: 5.000000e-01.
  Objective value decreased by 3.113259e+01.
Newton iteration 2.
  Active set size = 25603.
  sub-gradient = 3.348644e+02, l1-norm of X = 3.276470e+02.
  Coordinate descent sweep 1. norm of D = 2.684871e+02, change in D = 2.684871e+02.
    Line search step size chosen: 1.000000e+00.
  Objective value decreased by 7.816774e+00.
Newton iteration 3.
  Active set size = 24332.
  sub-gradient = 8.474365e+01, l1-norm of X = 5.370002e+02.
  Coordinate descent sweep 1. norm of D = 5.627560e+01, change in D = 5.627560e+01.
  Coordinate descent sweep 2. norm of D = 6.012251e+01, change in D = 1.757483e+01.
    Line search step size chosen: 1.000000e+00.
  Objective value decreased by 7.926504e-01.
Newton iteration 4.
  Active set size = 23922.
  sub-gradient = 1.152018e+01, l1-norm of X = 5.415665e+02.
  Coordinate descent sweep 1. norm of D = 8.270418e+00, change in D = 8.270418e+00.
  Coordinate descent sweep 2. norm of D = 9.139822e+00, change in D = 3.273996e+00.
    Line search step size chosen: 1.000000e+00.
  Objective value decreased by 4.440248e-02.
Newton iteration 5.
  Active set size = 23843.
  sub-gradient = 1.508090e+00, l1-norm of X = 5.421146e+02.
  Coordinate descent sweep 1. norm of D = 1.336871e+00, change in D = 1.336871e+00.
  Coordinate descent sweep 2. norm of D = 1.531064e+00, change in D = 5.866117e-01.
    Line search step size chosen: 1.000000e+00.
  Objective value decreased by 2.025899e-03.
Newton iteration 6.
  Active set size = 23836.
  sub-gradient = 2.551860e-01, l1-norm of X = 5.423159e+02.
  Coordinate descent sweep 1. norm of D = 2.401623e-01, change in D = 2.401623e-01.
  Coordinate descent sweep 2. norm of D = 2.841638e-01, change in D = 1.174961e-01.
  Coordinate descent sweep 3. norm of D = 3.020335e-01, change in D = 5.145280e-02.
    Line search step size chosen: 1.000000e+00.
  Objective value decreased by 1.027965e-04.
Newton iteration 7.
  Active set size = 23833.
  sub-gradient = 2.707138e-02, l1-norm of X = 5.423546e+02.
  Coordinate descent sweep 1. norm of D = 2.335594e-02, change in D = 2.335594e-02.
  Coordinate descent sweep 2. norm of D = 2.649160e-02, change in D = 1.152827e-02.
  Coordinate descent sweep 3. norm of D = 2.835517e-02, change in D = 5.573007e-03.
    Line search step size chosen: 1.000000e+00.
  Objective value decreased by 1.464503e-06.
QUIC CPU time: 3698.194 seconds
