[1] "GTEx"          "20"            "pooling_first" "0.86"         
[1] "Data read complete"
Running QUIC version 1.1 in 'default' mode.
Newton iteration 1.
  X is a diagonal matrix.
    Line search step size chosen: 1.000000e+00.
  Objective value decreased by 3.284020e-02.
Newton iteration 2.
  Active set size = 5793.
  sub-gradient = 6.954914e-02, l1-norm of X = 7.210861e-01.
  Coordinate descent sweep 1. norm of D = 6.610541e-02, change in D = 6.610541e-02.
    Line search step size chosen: 1.000000e+00.
  Objective value decreased by 2.867806e-04.
Newton iteration 3.
  Active set size = 5793.
  sub-gradient = 2.809326e-03, l1-norm of X = 7.223132e-01.
  Coordinate descent sweep 1. norm of D = 3.207806e-03, change in D = 3.207806e-03.
  Coordinate descent sweep 2. norm of D = 3.703072e-03, change in D = 5.187539e-04.
    Line search step size chosen: 1.000000e+00.
  Objective value decreased by 2.285817e-06.
Newton iteration 4.
  Active set size = 5793.
  sub-gradient = 4.494144e-05, l1-norm of X = 7.262333e-01.
  Coordinate descent sweep 1. norm of D = 4.490258e-05, change in D = 4.490258e-05.
  Coordinate descent sweep 2. norm of D = 5.171371e-05, change in D = 6.899738e-06.
    Line search step size chosen: 1.000000e+00.
  Objective value decreased by 4.220055e-10.
QUIC CPU time: 625.651 seconds
