[1] "GTEx"          "20"            "pooling_first" "0.92"         
[1] "Data read complete"
Running QUIC version 1.1 in 'default' mode.
Newton iteration 1.
  X is a diagonal matrix.
    Line search step size chosen: 1.000000e+00.
  Objective value decreased by 4.246759e-03.
Newton iteration 2.
  Active set size = 5789.
  sub-gradient = 8.713931e-03, l1-norm of X = 1.900067e-01.
  Coordinate descent sweep 1. norm of D = 8.656243e-03, change in D = 8.656243e-03.
    Line search step size chosen: 1.000000e+00.
  Objective value decreased by 9.157532e-06.
Newton iteration 3.
  Active set size = 5789.
  sub-gradient = 1.367300e-04, l1-norm of X = 1.901779e-01.
  Coordinate descent sweep 1. norm of D = 1.446223e-04, change in D = 1.446223e-04.
  Coordinate descent sweep 2. norm of D = 1.523887e-04, change in D = 7.766366e-06.
    Line search step size chosen: 1.000000e+00.
  Objective value decreased by 9.345058e-09.
Newton iteration 4.
  Active set size = 5789.
  sub-gradient = 6.292454e-08, l1-norm of X = 1.903616e-01.
  Coordinate descent sweep 1. norm of D = 6.314099e-08, change in D = 6.314099e-08.
  Coordinate descent sweep 2. norm of D = 6.553013e-08, change in D = 2.389145e-09.
    Line search step size chosen: 1.000000e+00.
  Objective value decreased by 9.094947e-13.
QUIC CPU time: 621.895 seconds
