[1] "/work-zfs/abattle4/prashanthi/recount3/data/esophagus/GTEx/weighted_covariances/cov_3.rds"
[1] "Data read complete"
Running QUIC version 1.1 in 'default' mode.
Newton iteration 1.
  X is a diagonal matrix.
    Line search step size 1.000000e+00.  Lack of positive definiteness.
    Line search step size 5.000000e-01.  Lack of positive definiteness.
    Line search step size 2.500000e-01.  Lack of positive definiteness.
    Line search step size 1.250000e-01.  Lack of positive definiteness.
    Line search step size 6.250000e-02.  Lack of positive definiteness.
    Line search step size chosen: 3.125000e-02.
  Objective value decreased by 1.249522e+02.
Newton iteration 2.
  Active set size = 474764.
  sub-gradient = 1.603376e+04, l1-norm of X = 1.247931e+02.
  Coordinate descent sweep 1. norm of D = 1.390704e+04, change in D = 1.390704e+04.
    Line search step size 1.000000e+00.  Lack of positive definiteness.
    Line search step size 5.000000e-01.  Lack of positive definiteness.
    Line search step size 2.500000e-01.  Lack of positive definiteness.
    Line search step size 1.250000e-01.  Lack of positive definiteness.
    Line search step size chosen: 6.250000e-02.
  Objective value decreased by 1.746757e+02.
Newton iteration 3.
  Active set size = 474803.
  sub-gradient = 1.444696e+04, l1-norm of X = 3.310793e+02.
  Coordinate descent sweep 1. norm of D = 1.033010e+04, change in D = 1.033010e+04.
  Coordinate descent sweep 2. norm of D = 9.494804e+03, change in D = 1.582921e+03.
    Line search step size 1.000000e+00.  Lack of positive definiteness.
    Line search step size 5.000000e-01.  Lack of positive definiteness.
    Line search step size chosen: 2.500000e-01.
  Objective value decreased by 3.020646e+02.
Newton iteration 4.
  Active set size = 518801.
  sub-gradient = 1.476417e+04, l1-norm of X = 8.586526e+02.
  Coordinate descent sweep 1. norm of D = 4.929120e+03, change in D = 4.929120e+03.
  Coordinate descent sweep 2. norm of D = 4.994187e+03, change in D = 1.179425e+03.
    Line search step size 1.000000e+00.  Lack of positive definiteness.
    Line search step size chosen: 5.000000e-01.
  Objective value decreased by 1.624023e+02.
Newton iteration 5.
  Active set size = 506436.
  sub-gradient = 1.076197e+04, l1-norm of X = 1.259112e+03.
  Coordinate descent sweep 1. norm of D = 2.326245e+03, change in D = 2.326245e+03.
  Coordinate descent sweep 2. norm of D = 2.643481e+03, change in D = 7.827693e+02.
    Line search step size chosen: 1.000000e+00.
  Objective value decreased by 8.516587e+01.
Newton iteration 6.
  Active set size = 317183.
  sub-gradient = 2.456873e+03, l1-norm of X = 1.545656e+03.
  Coordinate descent sweep 1. norm of D = 5.653274e+02, change in D = 5.653274e+02.
  Coordinate descent sweep 2. norm of D = 6.896456e+02, change in D = 3.538089e+02.
  Coordinate descent sweep 3. norm of D = 7.785092e+02, change in D = 2.241783e+02.
    Line search step size chosen: 1.000000e+00.
  Objective value decreased by 2.189090e+01.
Newton iteration 7.
  Active set size = 296921.
  sub-gradient = 8.162524e+02, l1-norm of X = 1.584964e+03.
  Coordinate descent sweep 1. norm of D = 2.131555e+02, change in D = 2.131555e+02.
  Coordinate descent sweep 2. norm of D = 2.618002e+02, change in D = 1.599351e+02.
  Coordinate descent sweep 3. norm of D = 3.024387e+02, change in D = 1.187730e+02.
    Line search step size chosen: 1.000000e+00.
  Objective value decreased by 7.103848e+00.
Newton iteration 8.
  Active set size = 291737.
  sub-gradient = 3.234605e+02, l1-norm of X = 1.599767e+03.
  Coordinate descent sweep 1. norm of D = 1.108640e+02, change in D = 1.108640e+02.
  Coordinate descent sweep 2. norm of D = 1.372399e+02, change in D = 8.989220e+01.
  Coordinate descent sweep 3. norm of D = 1.614699e+02, change in D = 7.268464e+01.
    Line search step size chosen: 1.000000e+00.
  Objective value decreased by 3.091641e+00.
Newton iteration 9.
  Active set size = 290379.
  sub-gradient = 1.094438e+02, l1-norm of X = 1.606489e+03.
  Coordinate descent sweep 1. norm of D = 6.514328e+01, change in D = 6.514328e+01.
  Coordinate descent sweep 2. norm of D = 8.435996e+01, change in D = 5.609999e+01.
  Coordinate descent sweep 3. norm of D = 1.004256e+02, change in D = 4.876446e+01.
  Coordinate descent sweep 4. norm of D = 1.129127e+02, change in D = 4.262786e+01.
    Line search step size chosen: 1.000000e+00.
  Objective value decreased by 1.950099e+00.
Newton iteration 10.
  Active set size = 290237.
  sub-gradient = 4.896717e+01, l1-norm of X = 1.611261e+03.
  Coordinate descent sweep 1. norm of D = 3.860777e+01, change in D = 3.860777e+01.
  Coordinate descent sweep 2. norm of D = 5.144327e+01, change in D = 3.441679e+01.
  Coordinate descent sweep 3. norm of D = 6.106215e+01, change in D = 3.013739e+01.
  Coordinate descent sweep 4. norm of D = 6.950692e+01, change in D = 2.747592e+01.
    Line search step size chosen: 1.000000e+00.
  Objective value decreased by 9.712838e-01.
Newton iteration 11.
  Active set size = 290040.
  sub-gradient = 2.692948e+01, l1-norm of X = 1.613926e+03.
  Coordinate descent sweep 1. norm of D = 2.536685e+01, change in D = 2.536685e+01.
  Coordinate descent sweep 2. norm of D = 3.363887e+01, change in D = 2.267350e+01.
  Coordinate descent sweep 3. norm of D = 4.107997e+01, change in D = 2.136397e+01.
  Coordinate descent sweep 4. norm of D = 4.682431e+01, change in D = 1.932384e+01.
    Line search step size chosen: 1.000000e+00.
  Objective value decreased by 5.667041e-01.
Newton iteration 12.
  Active set size = 289972.
  sub-gradient = 2.240994e+01, l1-norm of X = 1.615736e+03.
  Coordinate descent sweep 1. norm of D = 1.790695e+01, change in D = 1.790695e+01.
  Coordinate descent sweep 2. norm of D = 2.392421e+01, change in D = 1.628332e+01.
  Coordinate descent sweep 3. norm of D = 2.847621e+01, change in D = 1.515024e+01.
  Coordinate descent sweep 4. norm of D = 3.281509e+01, change in D = 1.419393e+01.
  Coordinate descent sweep 5. norm of D = 3.608204e+01, change in D = 1.272038e+01.
    Line search step size chosen: 1.000000e+00.
  Objective value decreased by 3.844497e-01.
Newton iteration 13.
  Active set size = 289854.
  sub-gradient = 1.368365e+01, l1-norm of X = 1.617174e+03.
  Coordinate descent sweep 1. norm of D = 1.220701e+01, change in D = 1.220701e+01.
  Coordinate descent sweep 2. norm of D = 1.622145e+01, change in D = 1.139018e+01.
  Coordinate descent sweep 3. norm of D = 1.953719e+01, change in D = 1.051636e+01.
  Coordinate descent sweep 4. norm of D = 2.224530e+01, change in D = 9.861216e+00.
  Coordinate descent sweep 5. norm of D = 2.512108e+01, change in D = 9.469247e+00.
    Line search step size chosen: 1.000000e+00.
  Objective value decreased by 2.333400e-01.
Newton iteration 14.
  Active set size = 289834.
  sub-gradient = 9.964096e+00, l1-norm of X = 1.618154e+03.
  Coordinate descent sweep 1. norm of D = 8.862222e+00, change in D = 8.862222e+00.
  Coordinate descent sweep 2. norm of D = 1.209036e+01, change in D = 8.493795e+00.
  Coordinate descent sweep 3. norm of D = 1.472787e+01, change in D = 8.034590e+00.
  Coordinate descent sweep 4. norm of D = 1.667834e+01, change in D = 7.274519e+00.
  Coordinate descent sweep 5. norm of D = 1.873187e+01, change in D = 7.012915e+00.
    Line search step size chosen: 1.000000e+00.
  Objective value decreased by 1.538085e-01.
Newton iteration 15.
  Active set size = 289738.
  sub-gradient = 6.678375e+00, l1-norm of X = 1.618904e+03.
  Coordinate descent sweep 1. norm of D = 6.571658e+00, change in D = 6.571658e+00.
  Coordinate descent sweep 2. norm of D = 8.918558e+00, change in D = 6.260392e+00.
  Coordinate descent sweep 3. norm of D = 1.093323e+01, change in D = 6.106852e+00.
  Coordinate descent sweep 4. norm of D = 1.258070e+01, change in D = 5.716198e+00.
  Coordinate descent sweep 5. norm of D = 1.419122e+01, change in D = 5.425206e+00.
  Coordinate descent sweep 6. norm of D = 1.543264e+01, change in D = 4.882074e+00.
    Line search step size chosen: 1.000000e+00.
  Objective value decreased by 1.118791e-01.
Newton iteration 16.
  Active set size = 289722.
  sub-gradient = 4.687325e+00, l1-norm of X = 1.619553e+03.
  Coordinate descent sweep 1. norm of D = 4.740755e+00, change in D = 4.740755e+00.
  Coordinate descent sweep 2. norm of D = 6.548080e+00, change in D = 4.614528e+00.
  Coordinate descent sweep 3. norm of D = 7.903402e+00, change in D = 4.280246e+00.
  Coordinate descent sweep 4. norm of D = 9.137579e+00, change in D = 4.028028e+00.
  Coordinate descent sweep 5. norm of D = 1.015426e+01, change in D = 3.900618e+00.
  Coordinate descent sweep 6. norm of D = 1.114196e+01, change in D = 3.662482e+00.
    Line search step size chosen: 1.000000e+00.
  Objective value decreased by 6.998601e-02.
Newton iteration 17.
  Active set size = 289714.
  sub-gradient = 3.876088e+00, l1-norm of X = 1.620021e+03.
  Coordinate descent sweep 1. norm of D = 3.556069e+00, change in D = 3.556069e+00.
  Coordinate descent sweep 2. norm of D = 4.740961e+00, change in D = 3.353784e+00.
  Coordinate descent sweep 3. norm of D = 5.760121e+00, change in D = 3.233453e+00.
  Coordinate descent sweep 4. norm of D = 6.542554e+00, change in D = 2.909982e+00.
  Coordinate descent sweep 5. norm of D = 7.508905e+00, change in D = 2.966903e+00.
  Coordinate descent sweep 6. norm of D = 8.266337e+00, change in D = 2.790679e+00.
    Line search step size chosen: 1.000000e+00.
  Objective value decreased by 4.570622e-02.
Newton iteration 18.
  Active set size = 289696.
  sub-gradient = 2.963400e+00, l1-norm of X = 1.620375e+03.
  Coordinate descent sweep 1. norm of D = 2.701113e+00, change in D = 2.701113e+00.
  Coordinate descent sweep 2. norm of D = 3.742993e+00, change in D = 2.736981e+00.
  Coordinate descent sweep 3. norm of D = 4.551104e+00, change in D = 2.606361e+00.
  Coordinate descent sweep 4. norm of D = 5.201038e+00, change in D = 2.504451e+00.
  Coordinate descent sweep 5. norm of D = 5.799305e+00, change in D = 2.391132e+00.
  Coordinate descent sweep 6. norm of D = 6.417206e+00, change in D = 2.281944e+00.
  Coordinate descent sweep 7. norm of D = 7.016489e+00, change in D = 2.187521e+00.
    Line search step size chosen: 1.000000e+00.
  Objective value decreased by 3.512836e-02.
Newton iteration 19.
  Active set size = 289687.
  sub-gradient = 2.338085e+00, l1-norm of X = 1.620689e+03.
  Coordinate descent sweep 1. norm of D = 2.107760e+00, change in D = 2.107760e+00.
  Coordinate descent sweep 2. norm of D = 2.901842e+00, change in D = 2.041966e+00.
  Coordinate descent sweep 3. norm of D = 3.544134e+00, change in D = 2.006898e+00.
  Coordinate descent sweep 4. norm of D = 4.043808e+00, change in D = 1.894760e+00.
  Coordinate descent sweep 5. norm of D = 4.503830e+00, change in D = 1.774319e+00.
  Coordinate descent sweep 6. norm of D = 5.008496e+00, change in D = 1.759289e+00.
  Coordinate descent sweep 7. norm of D = 5.469314e+00, change in D = 1.665177e+00.
    Line search step size chosen: 1.000000e+00.
  Objective value decreased by 2.411596e-02.
Newton iteration 20.
  Active set size = 289663.
  sub-gradient = 1.811271e+00, l1-norm of X = 1.620935e+03.
  Coordinate descent sweep 1. norm of D = 1.536068e+00, change in D = 1.536068e+00.
  Coordinate descent sweep 2. norm of D = 2.151314e+00, change in D = 1.505934e+00.
  Coordinate descent sweep 3. norm of D = 2.692246e+00, change in D = 1.546673e+00.
  Coordinate descent sweep 4. norm of D = 3.100994e+00, change in D = 1.482017e+00.
  Coordinate descent sweep 5. norm of D = 3.506707e+00, change in D = 1.410877e+00.
  Coordinate descent sweep 6. norm of D = 3.863462e+00, change in D = 1.336483e+00.
  Coordinate descent sweep 7. norm of D = 4.159458e+00, change in D = 1.229789e+00.
    Line search step size chosen: 1.000000e+00.
  Objective value decreased by 1.577169e-02.
Newton iteration 21.
  Active set size = 289662.
  sub-gradient = 1.481170e+00, l1-norm of X = 1.621124e+03.
  Coordinate descent sweep 1. norm of D = 1.257808e+00, change in D = 1.257808e+00.
  Coordinate descent sweep 2. norm of D = 1.735543e+00, change in D = 1.226284e+00.
  Coordinate descent sweep 3. norm of D = 2.136597e+00, change in D = 1.192253e+00.
  Coordinate descent sweep 4. norm of D = 2.438020e+00, change in D = 1.086652e+00.
  Coordinate descent sweep 5. norm of D = 2.805499e+00, change in D = 1.146716e+00.
  Coordinate descent sweep 6. norm of D = 3.096101e+00, change in D = 1.082954e+00.
  Coordinate descent sweep 7. norm of D = 3.342992e+00, change in D = 1.000704e+00.
  Coordinate descent sweep 8. norm of D = 3.595120e+00, change in D = 9.859861e-01.
    Line search step size chosen: 1.000000e+00.
  Objective value decreased by 1.235221e-02.
Newton iteration 22.
  Active set size = 289658.
  sub-gradient = 1.031097e+00, l1-norm of X = 1.621288e+03.
  Coordinate descent sweep 1. norm of D = 9.445393e-01, change in D = 9.445393e-01.
  Coordinate descent sweep 2. norm of D = 1.317232e+00, change in D = 9.752292e-01.
  Coordinate descent sweep 3. norm of D = 1.586519e+00, change in D = 8.859700e-01.
  Coordinate descent sweep 4. norm of D = 1.863041e+00, change in D = 9.035389e-01.
  Coordinate descent sweep 5. norm of D = 2.055975e+00, change in D = 8.882402e-01.
  Coordinate descent sweep 6. norm of D = 2.286423e+00, change in D = 8.249006e-01.
  Coordinate descent sweep 7. norm of D = 2.488637e+00, change in D = 8.010641e-01.
  Coordinate descent sweep 8. norm of D = 2.666865e+00, change in D = 7.680259e-01.
    Line search step size chosen: 1.000000e+00.
  Objective value decreased by 7.636857e-03.
Newton iteration 23.
  Active set size = 289650.
  sub-gradient = 7.314670e-01, l1-norm of X = 1.621407e+03.
  Coordinate descent sweep 1. norm of D = 7.432671e-01, change in D = 7.432671e-01.
  Coordinate descent sweep 2. norm of D = 1.074719e+00, change in D = 7.596208e-01.
  Coordinate descent sweep 3. norm of D = 1.271544e+00, change in D = 6.967156e-01.
  Coordinate descent sweep 4. norm of D = 1.467797e+00, change in D = 6.896116e-01.
  Coordinate descent sweep 5. norm of D = 1.688820e+00, change in D = 6.705562e-01.
  Coordinate descent sweep 6. norm of D = 1.862651e+00, change in D = 6.416791e-01.
  Coordinate descent sweep 7. norm of D = 2.031040e+00, change in D = 6.085283e-01.
  Coordinate descent sweep 8. norm of D = 2.193761e+00, change in D = 5.816821e-01.
    Line search step size chosen: 1.000000e+00.
  Objective value decreased by 5.426476e-03.
Newton iteration 24.
  Active set size = 289647.
  sub-gradient = 5.965716e-01, l1-norm of X = 1.621509e+03.
  Coordinate descent sweep 1. norm of D = 5.797212e-01, change in D = 5.797212e-01.
  Coordinate descent sweep 2. norm of D = 7.904858e-01, change in D = 5.414201e-01.
  Coordinate descent sweep 3. norm of D = 9.662426e-01, change in D = 5.279542e-01.
  Coordinate descent sweep 4. norm of D = 1.139501e+00, change in D = 5.347124e-01.
  Coordinate descent sweep 5. norm of D = 1.294058e+00, change in D = 5.349276e-01.
  Coordinate descent sweep 6. norm of D = 1.423304e+00, change in D = 5.181046e-01.
  Coordinate descent sweep 7. norm of D = 1.546124e+00, change in D = 4.707794e-01.
  Coordinate descent sweep 8. norm of D = 1.681017e+00, change in D = 4.695471e-01.
  Coordinate descent sweep 9. norm of D = 1.796628e+00, change in D = 4.606491e-01.
    Line search step size chosen: 1.000000e+00.
  Objective value decreased by 3.971155e-03.
Newton iteration 25.
  Active set size = 289641.
  sub-gradient = 5.007034e-01, l1-norm of X = 1.621593e+03.
  Coordinate descent sweep 1. norm of D = 4.640494e-01, change in D = 4.640494e-01.
  Coordinate descent sweep 2. norm of D = 6.034260e-01, change in D = 4.424347e-01.
  Coordinate descent sweep 3. norm of D = 7.214557e-01, change in D = 3.981111e-01.
  Coordinate descent sweep 4. norm of D = 8.492853e-01, change in D = 4.042981e-01.
  Coordinate descent sweep 5. norm of D = 9.538649e-01, change in D = 3.911434e-01.
  Coordinate descent sweep 6. norm of D = 1.069210e+00, change in D = 3.835943e-01.
  Coordinate descent sweep 7. norm of D = 1.205228e+00, change in D = 4.071405e-01.
  Coordinate descent sweep 8. norm of D = 1.302090e+00, change in D = 3.906920e-01.
  Coordinate descent sweep 9. norm of D = 1.397021e+00, change in D = 3.704962e-01.
    Line search step size chosen: 1.000000e+00.
  Objective value decreased by 2.607222e-03.
Newton iteration 26.
  Active set size = 289639.
  sub-gradient = 3.248135e-01, l1-norm of X = 1.621657e+03.
  Coordinate descent sweep 1. norm of D = 3.440485e-01, change in D = 3.440485e-01.
  Coordinate descent sweep 2. norm of D = 4.808470e-01, change in D = 3.356515e-01.
  Coordinate descent sweep 3. norm of D = 6.053738e-01, change in D = 3.475447e-01.
  Coordinate descent sweep 4. norm of D = 6.932115e-01, change in D = 3.239668e-01.
  Coordinate descent sweep 5. norm of D = 7.766759e-01, change in D = 3.016028e-01.
  Coordinate descent sweep 6. norm of D = 8.612399e-01, change in D = 3.047248e-01.
  Coordinate descent sweep 7. norm of D = 9.536865e-01, change in D = 3.077017e-01.
  Coordinate descent sweep 8. norm of D = 1.046876e+00, change in D = 3.099989e-01.
  Coordinate descent sweep 9. norm of D = 1.131349e+00, change in D = 2.863313e-01.
    Line search step size chosen: 1.000000e+00.
  Objective value decreased by 1.774740e-03.
Newton iteration 27.
  Active set size = 289635.
  sub-gradient = 3.001321e-01, l1-norm of X = 1.621710e+03.
  Coordinate descent sweep 1. norm of D = 2.826128e-01, change in D = 2.826128e-01.
  Coordinate descent sweep 2. norm of D = 3.793541e-01, change in D = 2.719340e-01.
  Coordinate descent sweep 3. norm of D = 4.735228e-01, change in D = 2.707781e-01.
  Coordinate descent sweep 4. norm of D = 5.415729e-01, change in D = 2.535991e-01.
  Coordinate descent sweep 5. norm of D = 6.267246e-01, change in D = 2.569237e-01.
  Coordinate descent sweep 6. norm of D = 6.995125e-01, change in D = 2.625804e-01.
  Coordinate descent sweep 7. norm of D = 7.486282e-01, change in D = 2.312016e-01.
  Coordinate descent sweep 8. norm of D = 8.148835e-01, change in D = 2.264765e-01.
  Coordinate descent sweep 9. norm of D = 8.654242e-01, change in D = 2.227801e-01.
  Coordinate descent sweep 10. norm of D = 9.151409e-01, change in D = 2.031646e-01.
    Line search step size chosen: 1.000000e+00.
  Objective value decreased by 1.314829e-03.
Newton iteration 28.
  Active set size = 289640.
  sub-gradient = 2.801363e-01, l1-norm of X = 1.621752e+03.
  Coordinate descent sweep 1. norm of D = 2.117924e-01, change in D = 2.117924e-01.
  Coordinate descent sweep 2. norm of D = 2.880630e-01, change in D = 1.978537e-01.
  Coordinate descent sweep 3. norm of D = 3.712916e-01, change in D = 2.086237e-01.
  Coordinate descent sweep 4. norm of D = 4.435694e-01, change in D = 2.057303e-01.
  Coordinate descent sweep 5. norm of D = 4.996455e-01, change in D = 1.965817e-01.
  Coordinate descent sweep 6. norm of D = 5.493046e-01, change in D = 1.828377e-01.
  Coordinate descent sweep 7. norm of D = 6.020146e-01, change in D = 1.961367e-01.
  Coordinate descent sweep 8. norm of D = 6.467456e-01, change in D = 1.777732e-01.
  Coordinate descent sweep 9. norm of D = 7.104736e-01, change in D = 1.806117e-01.
  Coordinate descent sweep 10. norm of D = 7.678525e-01, change in D = 1.889460e-01.
    Line search step size chosen: 1.000000e+00.
  Objective value decreased by 9.566980e-04.
Newton iteration 29.
  Active set size = 289636.
  sub-gradient = 2.016409e-01, l1-norm of X = 1.621789e+03.
  Coordinate descent sweep 1. norm of D = 1.705098e-01, change in D = 1.705098e-01.
  Coordinate descent sweep 2. norm of D = 2.438354e-01, change in D = 1.750624e-01.
  Coordinate descent sweep 3. norm of D = 2.902101e-01, change in D = 1.642663e-01.
  Coordinate descent sweep 4. norm of D = 3.377303e-01, change in D = 1.578766e-01.
  Coordinate descent sweep 5. norm of D = 3.901261e-01, change in D = 1.605869e-01.
  Coordinate descent sweep 6. norm of D = 4.242097e-01, change in D = 1.462089e-01.
  Coordinate descent sweep 7. norm of D = 4.685133e-01, change in D = 1.498938e-01.
  Coordinate descent sweep 8. norm of D = 5.147935e-01, change in D = 1.481108e-01.
  Coordinate descent sweep 9. norm of D = 5.484133e-01, change in D = 1.391335e-01.
  Coordinate descent sweep 10. norm of D = 5.886338e-01, change in D = 1.319356e-01.
    Line search step size chosen: 1.000000e+00.
  Objective value decreased by 5.826897e-04.
Newton iteration 30.
  Active set size = 289635.
  sub-gradient = 1.274069e-01, l1-norm of X = 1.621817e+03.
  Coordinate descent sweep 1. norm of D = 1.295611e-01, change in D = 1.295611e-01.
  Coordinate descent sweep 2. norm of D = 1.899424e-01, change in D = 1.330455e-01.
  Coordinate descent sweep 3. norm of D = 2.257825e-01, change in D = 1.245316e-01.
  Coordinate descent sweep 4. norm of D = 2.579207e-01, change in D = 1.179793e-01.
  Coordinate descent sweep 5. norm of D = 2.942928e-01, change in D = 1.151092e-01.
  Coordinate descent sweep 6. norm of D = 3.344884e-01, change in D = 1.225454e-01.
  Coordinate descent sweep 7. norm of D = 3.648117e-01, change in D = 1.169818e-01.
  Coordinate descent sweep 8. norm of D = 3.959116e-01, change in D = 1.168472e-01.
  Coordinate descent sweep 9. norm of D = 4.254296e-01, change in D = 1.104612e-01.
  Coordinate descent sweep 10. norm of D = 4.667086e-01, change in D = 1.164614e-01.
  Coordinate descent sweep 11. norm of D = 4.935610e-01, change in D = 1.086413e-01.
    Line search step size chosen: 1.000000e+00.
  Objective value decreased by 4.521534e-04.
QUIC CPU time: 29710.310 seconds
