[1] "/work-zfs/abattle4/prashanthi/recount3/data/esophagus/GTEx/weighted_covariances/cov_3.rds"
[1] "Data read complete"
Running QUIC version 1.1 in 'default' mode.
Newton iteration 1.
  X is a diagonal matrix.
    Line search step size 1.000000e+00.  Lack of positive definiteness.
    Line search step size 5.000000e-01.  Lack of positive definiteness.
    Line search step size 2.500000e-01.  Lack of positive definiteness.
    Line search step size 1.250000e-01.  Lack of positive definiteness.
    Line search step size chosen: 6.250000e-02.
  Objective value decreased by 7.562824e+01.
Newton iteration 2.
  Active set size = 45365.
  sub-gradient = 2.771037e+03, l1-norm of X = 8.397227e+01.
  Coordinate descent sweep 1. norm of D = 2.042109e+03, change in D = 2.042109e+03.
    Line search step size 1.000000e+00.  Lack of positive definiteness.
    Line search step size 5.000000e-01.  Lack of positive definiteness.
    Line search step size 2.500000e-01.  Lack of positive definiteness.
    Line search step size chosen: 1.250000e-01.
  Objective value decreased by 7.640767e+01.
Newton iteration 3.
  Active set size = 45391.
  sub-gradient = 2.131133e+03, l1-norm of X = 1.902492e+02.
  Coordinate descent sweep 1. norm of D = 1.290038e+03, change in D = 1.290038e+03.
  Coordinate descent sweep 2. norm of D = 1.252459e+03, change in D = 3.105280e+02.
    Line search step size 1.000000e+00.  Lack of positive definiteness.
    Line search step size chosen: 5.000000e-01.
  Objective value decreased by 9.789084e+01.
Newton iteration 4.
  Active set size = 45478.
  sub-gradient = 1.168626e+03, l1-norm of X = 3.926654e+02.
  Coordinate descent sweep 1. norm of D = 5.322761e+02, change in D = 5.322761e+02.
  Coordinate descent sweep 2. norm of D = 6.451089e+02, change in D = 1.942799e+02.
    Line search step size chosen: 1.000000e+00.
  Objective value decreased by 3.666524e+01.
Newton iteration 5.
  Active set size = 34340.
  sub-gradient = 1.985036e+02, l1-norm of X = 5.077378e+02.
  Coordinate descent sweep 1. norm of D = 1.592874e+02, change in D = 1.592874e+02.
  Coordinate descent sweep 2. norm of D = 2.166793e+02, change in D = 9.816322e+01.
    Line search step size chosen: 1.000000e+00.
  Objective value decreased by 7.990081e+00.
Newton iteration 6.
  Active set size = 33363.
  sub-gradient = 8.647259e+01, l1-norm of X = 5.291979e+02.
  Coordinate descent sweep 1. norm of D = 7.342719e+01, change in D = 7.342719e+01.
  Coordinate descent sweep 2. norm of D = 1.030533e+02, change in D = 5.235626e+01.
  Coordinate descent sweep 3. norm of D = 1.240676e+02, change in D = 3.852311e+01.
    Line search step size chosen: 1.000000e+00.
  Objective value decreased by 3.483132e+00.
Newton iteration 7.
  Active set size = 32979.
  sub-gradient = 3.696833e+01, l1-norm of X = 5.408181e+02.
  Coordinate descent sweep 1. norm of D = 3.246997e+01, change in D = 3.246997e+01.
  Coordinate descent sweep 2. norm of D = 4.660223e+01, change in D = 2.605973e+01.
  Coordinate descent sweep 3. norm of D = 5.759899e+01, change in D = 2.034282e+01.
    Line search step size chosen: 1.000000e+00.
  Objective value decreased by 1.114412e+00.
Newton iteration 8.
  Active set size = 32812.
  sub-gradient = 1.880082e+01, l1-norm of X = 5.459648e+02.
  Coordinate descent sweep 1. norm of D = 1.779661e+01, change in D = 1.779661e+01.
  Coordinate descent sweep 2. norm of D = 2.569396e+01, change in D = 1.459171e+01.
  Coordinate descent sweep 3. norm of D = 3.214847e+01, change in D = 1.250715e+01.
    Line search step size chosen: 1.000000e+00.
  Objective value decreased by 4.742395e-01.
Newton iteration 9.
  Active set size = 32753.
  sub-gradient = 1.200593e+01, l1-norm of X = 5.487915e+02.
  Coordinate descent sweep 1. norm of D = 1.026012e+01, change in D = 1.026012e+01.
  Coordinate descent sweep 2. norm of D = 1.518943e+01, change in D = 8.831972e+00.
  Coordinate descent sweep 3. norm of D = 1.908859e+01, change in D = 7.396824e+00.
  Coordinate descent sweep 4. norm of D = 2.207722e+01, change in D = 6.115290e+00.
    Line search step size chosen: 1.000000e+00.
  Objective value decreased by 2.478345e-01.
Newton iteration 10.
  Active set size = 32709.
  sub-gradient = 6.544089e+00, l1-norm of X = 5.507296e+02.
  Coordinate descent sweep 1. norm of D = 5.749320e+00, change in D = 5.749320e+00.
  Coordinate descent sweep 2. norm of D = 8.379907e+00, change in D = 4.842357e+00.
  Coordinate descent sweep 3. norm of D = 1.082077e+01, change in D = 4.449830e+00.
  Coordinate descent sweep 4. norm of D = 1.270071e+01, change in D = 3.781198e+00.
    Line search step size chosen: 1.000000e+00.
  Objective value decreased by 1.048417e-01.
Newton iteration 11.
  Active set size = 32690.
  sub-gradient = 4.380116e+00, l1-norm of X = 5.518696e+02.
  Coordinate descent sweep 1. norm of D = 3.248035e+00, change in D = 3.248035e+00.
  Coordinate descent sweep 2. norm of D = 4.903925e+00, change in D = 2.969498e+00.
  Coordinate descent sweep 3. norm of D = 6.174818e+00, change in D = 2.541257e+00.
  Coordinate descent sweep 4. norm of D = 7.323997e+00, change in D = 2.298922e+00.
    Line search step size chosen: 1.000000e+00.
  Objective value decreased by 4.526107e-02.
Newton iteration 12.
  Active set size = 32684.
  sub-gradient = 2.511798e+00, l1-norm of X = 5.525190e+02.
  Coordinate descent sweep 1. norm of D = 2.083301e+00, change in D = 2.083301e+00.
  Coordinate descent sweep 2. norm of D = 3.028279e+00, change in D = 1.875035e+00.
  Coordinate descent sweep 3. norm of D = 3.917138e+00, change in D = 1.632643e+00.
  Coordinate descent sweep 4. norm of D = 4.692111e+00, change in D = 1.485901e+00.
  Coordinate descent sweep 5. norm of D = 5.363291e+00, change in D = 1.327238e+00.
    Line search step size chosen: 1.000000e+00.
  Objective value decreased by 2.558313e-02.
Newton iteration 13.
  Active set size = 32673.
  sub-gradient = 1.394085e+00, l1-norm of X = 5.530025e+02.
  Coordinate descent sweep 1. norm of D = 1.226176e+00, change in D = 1.226176e+00.
  Coordinate descent sweep 2. norm of D = 1.803943e+00, change in D = 1.067759e+00.
  Coordinate descent sweep 3. norm of D = 2.264960e+00, change in D = 9.518281e-01.
  Coordinate descent sweep 4. norm of D = 2.694917e+00, change in D = 8.714692e-01.
  Coordinate descent sweep 5. norm of D = 3.114894e+00, change in D = 8.023117e-01.
    Line search step size chosen: 1.000000e+00.
  Objective value decreased by 1.113986e-02.
Newton iteration 14.
  Active set size = 32668.
  sub-gradient = 8.746836e-01, l1-norm of X = 5.532912e+02.
  Coordinate descent sweep 1. norm of D = 7.384311e-01, change in D = 7.384311e-01.
  Coordinate descent sweep 2. norm of D = 1.083869e+00, change in D = 6.593423e-01.
  Coordinate descent sweep 3. norm of D = 1.451865e+00, change in D = 6.538802e-01.
  Coordinate descent sweep 4. norm of D = 1.735972e+00, change in D = 5.932556e-01.
  Coordinate descent sweep 5. norm of D = 2.003067e+00, change in D = 5.217910e-01.
    Line search step size chosen: 1.000000e+00.
  Objective value decreased by 5.502561e-03.
Newton iteration 15.
  Active set size = 32667.
  sub-gradient = 4.701083e-01, l1-norm of X = 5.534742e+02.
  Coordinate descent sweep 1. norm of D = 4.696290e-01, change in D = 4.696290e-01.
  Coordinate descent sweep 2. norm of D = 7.310698e-01, change in D = 4.344822e-01.
  Coordinate descent sweep 3. norm of D = 9.267099e-01, change in D = 3.968206e-01.
  Coordinate descent sweep 4. norm of D = 1.118877e+00, change in D = 3.683840e-01.
  Coordinate descent sweep 5. norm of D = 1.285423e+00, change in D = 3.296302e-01.
  Coordinate descent sweep 6. norm of D = 1.435072e+00, change in D = 3.086493e-01.
    Line search step size chosen: 1.000000e+00.
  Objective value decreased by 3.009695e-03.
Newton iteration 16.
  Active set size = 32664.
  sub-gradient = 2.953207e-01, l1-norm of X = 5.536125e+02.
  Coordinate descent sweep 1. norm of D = 2.773371e-01, change in D = 2.773371e-01.
  Coordinate descent sweep 2. norm of D = 4.213191e-01, change in D = 2.639627e-01.
  Coordinate descent sweep 3. norm of D = 5.480821e-01, change in D = 2.446155e-01.
  Coordinate descent sweep 4. norm of D = 6.522265e-01, change in D = 2.241012e-01.
  Coordinate descent sweep 5. norm of D = 7.675884e-01, change in D = 2.083633e-01.
  Coordinate descent sweep 6. norm of D = 8.736428e-01, change in D = 1.930705e-01.
    Line search step size chosen: 1.000000e+00.
  Objective value decreased by 1.333962e-03.
Newton iteration 17.
  Active set size = 32665.
  sub-gradient = 1.988022e-01, l1-norm of X = 5.536907e+02.
  Coordinate descent sweep 1. norm of D = 1.668343e-01, change in D = 1.668343e-01.
  Coordinate descent sweep 2. norm of D = 2.628592e-01, change in D = 1.628571e-01.
  Coordinate descent sweep 3. norm of D = 3.433797e-01, change in D = 1.478870e-01.
  Coordinate descent sweep 4. norm of D = 4.122459e-01, change in D = 1.378826e-01.
  Coordinate descent sweep 5. norm of D = 4.716804e-01, change in D = 1.297324e-01.
  Coordinate descent sweep 6. norm of D = 5.280764e-01, change in D = 1.183291e-01.
    Line search step size chosen: 1.000000e+00.
  Objective value decreased by 5.719126e-04.
Newton iteration 18.
  Active set size = 32665.
  sub-gradient = 1.108514e-01, l1-norm of X = 5.537380e+02.
  Coordinate descent sweep 1. norm of D = 1.122417e-01, change in D = 1.122417e-01.
  Coordinate descent sweep 2. norm of D = 1.792624e-01, change in D = 1.085269e-01.
  Coordinate descent sweep 3. norm of D = 2.264473e-01, change in D = 9.296038e-02.
  Coordinate descent sweep 4. norm of D = 2.744090e-01, change in D = 8.982898e-02.
  Coordinate descent sweep 5. norm of D = 3.130677e-01, change in D = 8.478646e-02.
  Coordinate descent sweep 6. norm of D = 3.553927e-01, change in D = 7.984665e-02.
  Coordinate descent sweep 7. norm of D = 3.931291e-01, change in D = 7.326047e-02.
    Line search step size chosen: 1.000000e+00.
  Objective value decreased by 3.195164e-04.
Newton iteration 19.
  Active set size = 32665.
  sub-gradient = 6.543719e-02, l1-norm of X = 5.537727e+02.
  Coordinate descent sweep 1. norm of D = 7.198316e-02, change in D = 7.198316e-02.
  Coordinate descent sweep 2. norm of D = 1.104811e-01, change in D = 6.451798e-02.
  Coordinate descent sweep 3. norm of D = 1.458250e-01, change in D = 6.147570e-02.
  Coordinate descent sweep 4. norm of D = 1.748668e-01, change in D = 5.475411e-02.
  Coordinate descent sweep 5. norm of D = 2.031650e-01, change in D = 5.396918e-02.
  Coordinate descent sweep 6. norm of D = 2.310290e-01, change in D = 4.943876e-02.
  Coordinate descent sweep 7. norm of D = 2.519719e-01, change in D = 4.265081e-02.
    Line search step size chosen: 1.000000e+00.
  Objective value decreased by 1.376969e-04.
Newton iteration 20.
  Active set size = 32665.
  sub-gradient = 4.828288e-02, l1-norm of X = 5.537958e+02.
  Coordinate descent sweep 1. norm of D = 4.141739e-02, change in D = 4.141739e-02.
  Coordinate descent sweep 2. norm of D = 6.743058e-02, change in D = 4.162483e-02.
  Coordinate descent sweep 3. norm of D = 8.634271e-02, change in D = 3.655519e-02.
  Coordinate descent sweep 4. norm of D = 1.034480e-01, change in D = 3.472633e-02.
  Coordinate descent sweep 5. norm of D = 1.184346e-01, change in D = 2.957911e-02.
  Coordinate descent sweep 6. norm of D = 1.333993e-01, change in D = 3.059338e-02.
  Coordinate descent sweep 7. norm of D = 1.481243e-01, change in D = 2.796373e-02.
    Line search step size chosen: 1.000000e+00.
  Objective value decreased by 5.722552e-05.
QUIC CPU time: 11123.050 seconds
