[1] "/work-zfs/abattle4/prashanthi/recount3/data/esophagus/GTEx/weighted_covariances/cov_3.rds"
[1] "Data read complete"
Running QUIC version 1.1 in 'default' mode.
Newton iteration 1.
  X is a diagonal matrix.
    Line search step size 1.000000e+00.  Lack of positive definiteness.
    Line search step size 5.000000e-01.  Lack of positive definiteness.
    Line search step size 2.500000e-01.  Lack of positive definiteness.
    Line search step size 1.250000e-01.  Lack of positive definiteness.
    Line search step size chosen: 6.250000e-02.
  Objective value decreased by 4.326162e+01.
Newton iteration 2.
  Active set size = 26627.
  sub-gradient = 1.511818e+03, l1-norm of X = 5.766241e+01.
  Coordinate descent sweep 1. norm of D = 1.175544e+03, change in D = 1.175544e+03.
    Line search step size 1.000000e+00.  Lack of positive definiteness.
    Line search step size 5.000000e-01.  Lack of positive definiteness.
    Line search step size 2.500000e-01.  Lack of positive definiteness.
    Line search step size chosen: 1.250000e-01.
  Objective value decreased by 4.857134e+01.
Newton iteration 3.
  Active set size = 26627.
  sub-gradient = 1.182610e+03, l1-norm of X = 1.359855e+02.
  Coordinate descent sweep 1. norm of D = 7.524132e+02, change in D = 7.524132e+02.
  Coordinate descent sweep 2. norm of D = 7.281423e+02, change in D = 1.838423e+02.
    Line search step size 1.000000e+00.  Lack of positive definiteness.
    Line search step size chosen: 5.000000e-01.
  Objective value decreased by 6.402393e+01.
Newton iteration 4.
  Active set size = 26677.
  sub-gradient = 5.627416e+02, l1-norm of X = 2.872304e+02.
  Coordinate descent sweep 1. norm of D = 3.117876e+02, change in D = 3.117876e+02.
  Coordinate descent sweep 2. norm of D = 3.821566e+02, change in D = 1.160293e+02.
    Line search step size chosen: 1.000000e+00.
  Objective value decreased by 2.292669e+01.
Newton iteration 5.
  Active set size = 21878.
  sub-gradient = 1.103075e+02, l1-norm of X = 3.719062e+02.
  Coordinate descent sweep 1. norm of D = 9.424459e+01, change in D = 9.424459e+01.
  Coordinate descent sweep 2. norm of D = 1.305157e+02, change in D = 5.727173e+01.
    Line search step size chosen: 1.000000e+00.
  Objective value decreased by 4.403388e+00.
Newton iteration 6.
  Active set size = 21423.
  sub-gradient = 4.422184e+01, l1-norm of X = 3.886235e+02.
  Coordinate descent sweep 1. norm of D = 4.139563e+01, change in D = 4.139563e+01.
  Coordinate descent sweep 2. norm of D = 5.886939e+01, change in D = 2.948377e+01.
  Coordinate descent sweep 3. norm of D = 7.036515e+01, change in D = 2.007524e+01.
    Line search step size chosen: 1.000000e+00.
  Objective value decreased by 1.631921e+00.
Newton iteration 7.
  Active set size = 21236.
  sub-gradient = 1.788045e+01, l1-norm of X = 3.974548e+02.
  Coordinate descent sweep 1. norm of D = 1.667632e+01, change in D = 1.667632e+01.
  Coordinate descent sweep 2. norm of D = 2.375487e+01, change in D = 1.261963e+01.
  Coordinate descent sweep 3. norm of D = 2.939478e+01, change in D = 1.000366e+01.
    Line search step size chosen: 1.000000e+00.
  Objective value decreased by 4.414069e-01.
Newton iteration 8.
  Active set size = 21172.
  sub-gradient = 9.733447e+00, l1-norm of X = 4.009313e+02.
  Coordinate descent sweep 1. norm of D = 8.175973e+00, change in D = 8.175973e+00.
  Coordinate descent sweep 2. norm of D = 1.209709e+01, change in D = 6.538970e+00.
  Coordinate descent sweep 3. norm of D = 1.512919e+01, change in D = 5.177839e+00.
    Line search step size chosen: 1.000000e+00.
  Objective value decreased by 1.560219e-01.
Newton iteration 9.
  Active set size = 21144.
  sub-gradient = 5.071843e+00, l1-norm of X = 4.026986e+02.
  Coordinate descent sweep 1. norm of D = 4.407449e+00, change in D = 4.407449e+00.
  Coordinate descent sweep 2. norm of D = 6.578721e+00, change in D = 3.625385e+00.
  Coordinate descent sweep 3. norm of D = 8.336813e+00, change in D = 3.024737e+00.
  Coordinate descent sweep 4. norm of D = 9.573163e+00, change in D = 2.358433e+00.
    Line search step size chosen: 1.000000e+00.
  Objective value decreased by 7.297544e-02.
Newton iteration 10.
  Active set size = 21122.
  sub-gradient = 2.331802e+00, l1-norm of X = 4.037969e+02.
  Coordinate descent sweep 1. norm of D = 2.059637e+00, change in D = 2.059637e+00.
  Coordinate descent sweep 2. norm of D = 3.100792e+00, change in D = 1.779892e+00.
  Coordinate descent sweep 3. norm of D = 3.908886e+00, change in D = 1.491379e+00.
  Coordinate descent sweep 4. norm of D = 4.580254e+00, change in D = 1.259975e+00.
    Line search step size chosen: 1.000000e+00.
  Objective value decreased by 2.200473e-02.
Newton iteration 11.
  Active set size = 21117.
  sub-gradient = 1.148187e+00, l1-norm of X = 4.043336e+02.
  Coordinate descent sweep 1. norm of D = 1.105110e+00, change in D = 1.105110e+00.
  Coordinate descent sweep 2. norm of D = 1.679578e+00, change in D = 9.448891e-01.
  Coordinate descent sweep 3. norm of D = 2.167548e+00, change in D = 8.311981e-01.
  Coordinate descent sweep 4. norm of D = 2.569668e+00, change in D = 6.978272e-01.
    Line search step size chosen: 1.000000e+00.
  Objective value decreased by 8.910856e-03.
Newton iteration 12.
  Active set size = 21118.
  sub-gradient = 6.612625e-01, l1-norm of X = 4.046365e+02.
  Coordinate descent sweep 1. norm of D = 6.144486e-01, change in D = 6.144486e-01.
  Coordinate descent sweep 2. norm of D = 9.350150e-01, change in D = 5.107570e-01.
  Coordinate descent sweep 3. norm of D = 1.212297e+00, change in D = 4.635094e-01.
  Coordinate descent sweep 4. norm of D = 1.450395e+00, change in D = 4.023153e-01.
  Coordinate descent sweep 5. norm of D = 1.637323e+00, change in D = 3.460657e-01.
    Line search step size chosen: 1.000000e+00.
  Objective value decreased by 3.636092e-03.
Newton iteration 13.
  Active set size = 21114.
  sub-gradient = 4.130747e-01, l1-norm of X = 4.048281e+02.
  Coordinate descent sweep 1. norm of D = 2.978441e-01, change in D = 2.978441e-01.
  Coordinate descent sweep 2. norm of D = 4.645701e-01, change in D = 2.578991e-01.
  Coordinate descent sweep 3. norm of D = 5.969423e-01, change in D = 2.372607e-01.
  Coordinate descent sweep 4. norm of D = 7.188546e-01, change in D = 2.094676e-01.
  Coordinate descent sweep 5. norm of D = 8.140427e-01, change in D = 1.739172e-01.
    Line search step size chosen: 1.000000e+00.
  Objective value decreased by 1.122992e-03.
Newton iteration 14.
  Active set size = 21113.
  sub-gradient = 1.646895e-01, l1-norm of X = 4.049238e+02.
  Coordinate descent sweep 1. norm of D = 1.632981e-01, change in D = 1.632981e-01.
  Coordinate descent sweep 2. norm of D = 2.418503e-01, change in D = 1.357194e-01.
  Coordinate descent sweep 3. norm of D = 3.108694e-01, change in D = 1.236710e-01.
  Coordinate descent sweep 4. norm of D = 3.665056e-01, change in D = 1.105347e-01.
  Coordinate descent sweep 5. norm of D = 4.198700e-01, change in D = 9.720287e-02.
    Line search step size chosen: 1.000000e+00.
  Objective value decreased by 3.439198e-04.
Newton iteration 15.
  Active set size = 21113.
  sub-gradient = 8.989028e-02, l1-norm of X = 4.049712e+02.
  Coordinate descent sweep 1. norm of D = 8.613736e-02, change in D = 8.613736e-02.
  Coordinate descent sweep 2. norm of D = 1.373623e-01, change in D = 7.898422e-02.
  Coordinate descent sweep 3. norm of D = 1.777844e-01, change in D = 6.973077e-02.
  Coordinate descent sweep 4. norm of D = 2.128037e-01, change in D = 5.963830e-02.
  Coordinate descent sweep 5. norm of D = 2.400735e-01, change in D = 5.220654e-02.
  Coordinate descent sweep 6. norm of D = 2.668712e-01, change in D = 4.806935e-02.
    Line search step size chosen: 1.000000e+00.
  Objective value decreased by 1.356797e-04.
Newton iteration 16.
  Active set size = 21112.
  sub-gradient = 4.970661e-02, l1-norm of X = 4.050015e+02.
  Coordinate descent sweep 1. norm of D = 4.233852e-02, change in D = 4.233852e-02.
  Coordinate descent sweep 2. norm of D = 6.331781e-02, change in D = 3.681335e-02.
  Coordinate descent sweep 3. norm of D = 8.139871e-02, change in D = 3.084618e-02.
  Coordinate descent sweep 4. norm of D = 1.000904e-01, change in D = 3.124686e-02.
  Coordinate descent sweep 5. norm of D = 1.157491e-01, change in D = 2.799341e-02.
  Coordinate descent sweep 6. norm of D = 1.286712e-01, change in D = 2.270600e-02.
    Line search step size chosen: 1.000000e+00.
  Objective value decreased by 3.688071e-05.
Newton iteration 17.
  Active set size = 21112.
  sub-gradient = 2.428246e-02, l1-norm of X = 4.050155e+02.
  Coordinate descent sweep 1. norm of D = 2.217636e-02, change in D = 2.217636e-02.
  Coordinate descent sweep 2. norm of D = 3.421590e-02, change in D = 1.939043e-02.
  Coordinate descent sweep 3. norm of D = 4.487646e-02, change in D = 1.800781e-02.
  Coordinate descent sweep 4. norm of D = 5.306648e-02, change in D = 1.456694e-02.
  Coordinate descent sweep 5. norm of D = 6.061969e-02, change in D = 1.299881e-02.
  Coordinate descent sweep 6. norm of D = 6.727662e-02, change in D = 1.240499e-02.
    Line search step size chosen: 1.000000e+00.
  Objective value decreased by 1.120587e-05.
QUIC CPU time: 9056.950 seconds
