[1] "/work-zfs/abattle4/prashanthi/recount3/data/esophagus/GTEx/weighted_covariances/cov_3.rds"
[1] "Data read complete"
Running QUIC version 1.1 in 'default' mode.
Newton iteration 1.
  X is a diagonal matrix.
    Line search step size 1.000000e+00.  Lack of positive definiteness.
    Line search step size 5.000000e-01.  Lack of positive definiteness.
    Line search step size 2.500000e-01.  Lack of positive definiteness.
    Line search step size chosen: 1.250000e-01.
  Objective value decreased by 5.366747e+01.
Newton iteration 2.
  Active set size = 21258.
  sub-gradient = 1.483524e+03, l1-norm of X = 9.068601e+01.
  Coordinate descent sweep 1. norm of D = 6.039111e+02, change in D = 6.039111e+02.
    Line search step size 1.000000e+00.  Lack of positive definiteness.
    Line search step size 5.000000e-01.  Lack of positive definiteness.
    Line search step size chosen: 2.500000e-01.
  Objective value decreased by 3.735979e+01.
Newton iteration 3.
  Active set size = 21260.
  sub-gradient = 1.050313e+03, l1-norm of X = 1.752475e+02.
  Coordinate descent sweep 1. norm of D = 3.619551e+02, change in D = 3.619551e+02.
  Coordinate descent sweep 2. norm of D = 3.941657e+02, change in D = 1.040030e+02.
    Line search step size chosen: 1.000000e+00.
  Objective value decreased by 3.513363e+01.
Newton iteration 4.
  Active set size = 18645.
  sub-gradient = 4.664664e+02, l1-norm of X = 3.161112e+02.
  Coordinate descent sweep 1. norm of D = 9.883408e+01, change in D = 9.883408e+01.
  Coordinate descent sweep 2. norm of D = 1.203557e+02, change in D = 5.352731e+01.
    Line search step size chosen: 1.000000e+00.
  Objective value decreased by 5.529941e+00.
Newton iteration 5.
  Active set size = 18191.
  sub-gradient = 1.417826e+02, l1-norm of X = 3.223474e+02.
  Coordinate descent sweep 1. norm of D = 4.268320e+01, change in D = 4.268320e+01.
  Coordinate descent sweep 2. norm of D = 5.788540e+01, change in D = 2.690024e+01.
    Line search step size chosen: 1.000000e+00.
  Objective value decreased by 2.139767e+00.
Newton iteration 6.
  Active set size = 18044.
  sub-gradient = 4.624513e+01, l1-norm of X = 3.281749e+02.
  Coordinate descent sweep 1. norm of D = 2.210613e+01, change in D = 2.210613e+01.
  Coordinate descent sweep 2. norm of D = 3.160056e+01, change in D = 1.545122e+01.
  Coordinate descent sweep 3. norm of D = 3.781709e+01, change in D = 1.094951e+01.
    Line search step size chosen: 1.000000e+00.
  Objective value decreased by 1.362278e+00.
Newton iteration 7.
  Active set size = 17978.
  sub-gradient = 1.324527e+01, l1-norm of X = 3.334777e+02.
  Coordinate descent sweep 1. norm of D = 9.864705e+00, change in D = 9.864705e+00.
  Coordinate descent sweep 2. norm of D = 1.461193e+01, change in D = 7.820202e+00.
  Coordinate descent sweep 3. norm of D = 1.821669e+01, change in D = 5.929934e+00.
    Line search step size chosen: 1.000000e+00.
  Objective value decreased by 4.878420e-01.
Newton iteration 8.
  Active set size = 17954.
  sub-gradient = 5.447442e+00, l1-norm of X = 3.359540e+02.
  Coordinate descent sweep 1. norm of D = 5.107279e+00, change in D = 5.107279e+00.
  Coordinate descent sweep 2. norm of D = 7.703501e+00, change in D = 3.860575e+00.
  Coordinate descent sweep 3. norm of D = 9.506649e+00, change in D = 3.048291e+00.
    Line search step size chosen: 1.000000e+00.
  Objective value decreased by 1.622612e-01.
Newton iteration 9.
  Active set size = 17940.
  sub-gradient = 2.743923e+00, l1-norm of X = 3.373119e+02.
  Coordinate descent sweep 1. norm of D = 2.568964e+00, change in D = 2.568964e+00.
  Coordinate descent sweep 2. norm of D = 3.779873e+00, change in D = 1.992595e+00.
  Coordinate descent sweep 3. norm of D = 4.815268e+00, change in D = 1.677776e+00.
  Coordinate descent sweep 4. norm of D = 5.656200e+00, change in D = 1.292168e+00.
    Line search step size chosen: 1.000000e+00.
  Objective value decreased by 5.919156e-02.
Newton iteration 10.
  Active set size = 17926.
  sub-gradient = 1.293922e+00, l1-norm of X = 3.381210e+02.
  Coordinate descent sweep 1. norm of D = 1.192722e+00, change in D = 1.192722e+00.
  Coordinate descent sweep 2. norm of D = 1.797589e+00, change in D = 9.018033e-01.
  Coordinate descent sweep 3. norm of D = 2.257140e+00, change in D = 7.562204e-01.
  Coordinate descent sweep 4. norm of D = 2.670547e+00, change in D = 6.430232e-01.
    Line search step size chosen: 1.000000e+00.
  Objective value decreased by 1.542773e-02.
Newton iteration 11.
  Active set size = 17923.
  sub-gradient = 6.688488e-01, l1-norm of X = 3.384838e+02.
  Coordinate descent sweep 1. norm of D = 5.235277e-01, change in D = 5.235277e-01.
  Coordinate descent sweep 2. norm of D = 8.007574e-01, change in D = 4.588814e-01.
  Coordinate descent sweep 3. norm of D = 1.070778e+00, change in D = 4.103605e-01.
  Coordinate descent sweep 4. norm of D = 1.258452e+00, change in D = 3.128647e-01.
    Line search step size chosen: 1.000000e+00.
  Objective value decreased by 4.147849e-03.
Newton iteration 12.
  Active set size = 17923.
  sub-gradient = 3.724247e-01, l1-norm of X = 3.386555e+02.
  Coordinate descent sweep 1. norm of D = 2.862542e-01, change in D = 2.862542e-01.
  Coordinate descent sweep 2. norm of D = 4.507130e-01, change in D = 2.527731e-01.
  Coordinate descent sweep 3. norm of D = 5.779846e-01, change in D = 2.043387e-01.
  Coordinate descent sweep 4. norm of D = 6.910470e-01, change in D = 1.842658e-01.
  Coordinate descent sweep 5. norm of D = 7.788769e-01, change in D = 1.564164e-01.
    Line search step size chosen: 1.000000e+00.
  Objective value decreased by 1.568924e-03.
Newton iteration 13.
  Active set size = 17920.
  sub-gradient = 1.494911e-01, l1-norm of X = 3.387658e+02.
  Coordinate descent sweep 1. norm of D = 1.297191e-01, change in D = 1.297191e-01.
  Coordinate descent sweep 2. norm of D = 2.103163e-01, change in D = 1.133751e-01.
  Coordinate descent sweep 3. norm of D = 2.639863e-01, change in D = 9.605238e-02.
  Coordinate descent sweep 4. norm of D = 3.055564e-01, change in D = 8.043432e-02.
  Coordinate descent sweep 5. norm of D = 3.503152e-01, change in D = 7.089847e-02.
    Line search step size chosen: 1.000000e+00.
  Objective value decreased by 3.749307e-04.
Newton iteration 14.
  Active set size = 17920.
  sub-gradient = 8.404547e-02, l1-norm of X = 3.388124e+02.
  Coordinate descent sweep 1. norm of D = 6.359249e-02, change in D = 6.359249e-02.
  Coordinate descent sweep 2. norm of D = 1.056410e-01, change in D = 5.797488e-02.
  Coordinate descent sweep 3. norm of D = 1.359864e-01, change in D = 4.943237e-02.
  Coordinate descent sweep 4. norm of D = 1.582666e-01, change in D = 3.892603e-02.
  Coordinate descent sweep 5. norm of D = 1.801141e-01, change in D = 3.596538e-02.
    Line search step size chosen: 1.000000e+00.
  Objective value decreased by 1.059398e-04.
Newton iteration 15.
  Active set size = 17920.
  sub-gradient = 3.056984e-02, l1-norm of X = 3.388351e+02.
  Coordinate descent sweep 1. norm of D = 3.020654e-02, change in D = 3.020654e-02.
  Coordinate descent sweep 2. norm of D = 4.637387e-02, change in D = 2.534668e-02.
  Coordinate descent sweep 3. norm of D = 6.086966e-02, change in D = 2.219227e-02.
  Coordinate descent sweep 4. norm of D = 7.356492e-02, change in D = 1.962213e-02.
  Coordinate descent sweep 5. norm of D = 8.221335e-02, change in D = 1.602582e-02.
  Coordinate descent sweep 6. norm of D = 8.933861e-02, change in D = 1.451411e-02.
    Line search step size chosen: 1.000000e+00.
  Objective value decreased by 2.627099e-05.
QUIC CPU time: 15833.670 seconds
