[1] "/data/abattle4/prashanthi/recount3/data/esophagus/GTEx/weighted_covariances/cov_3.rds"
[1] "Data read complete"
Running QUIC version 1.1 in 'default' mode.
Newton iteration 1.
  X is a diagonal matrix.
    Line search step size 1.000000e+00.  Lack of positive definiteness.
    Line search step size 5.000000e-01.  Lack of positive definiteness.
    Line search step size chosen: 2.500000e-01.
  Objective value decreased by 7.942784e+00.
Newton iteration 2.
  Active set size = 11871.
  sub-gradient = 1.451003e+02, l1-norm of X = 3.249534e+01.
  Coordinate descent sweep 1. norm of D = 5.909718e+01, change in D = 5.909718e+01.
    Line search step size chosen: 1.000000e+00.
  Objective value decreased by 4.270540e+00.
Newton iteration 3.
  Active set size = 11815.
  sub-gradient = 1.299795e+02, l1-norm of X = 8.969860e+01.
  Coordinate descent sweep 1. norm of D = 2.370200e+01, change in D = 2.370200e+01.
  Coordinate descent sweep 2. norm of D = 2.322727e+01, change in D = 1.021920e+01.
    Line search step size chosen: 1.000000e+00.
  Objective value decreased by 2.034521e+00.
Newton iteration 4.
  Active set size = 11782.
  sub-gradient = 4.006214e+01, l1-norm of X = 8.646577e+01.
  Coordinate descent sweep 1. norm of D = 1.039314e+01, change in D = 1.039314e+01.
  Coordinate descent sweep 2. norm of D = 1.076284e+01, change in D = 5.205632e+00.
    Line search step size chosen: 1.000000e+00.
  Objective value decreased by 4.637363e-01.
Newton iteration 5.
  Active set size = 11757.
  sub-gradient = 8.820416e+00, l1-norm of X = 8.456925e+01.
  Coordinate descent sweep 1. norm of D = 3.935418e+00, change in D = 3.935418e+00.
  Coordinate descent sweep 2. norm of D = 4.344061e+00, change in D = 1.859047e+00.
    Line search step size chosen: 1.000000e+00.
  Objective value decreased by 6.270236e-02.
Newton iteration 6.
  Active set size = 11751.
  sub-gradient = 1.277954e+00, l1-norm of X = 8.412624e+01.
  Coordinate descent sweep 1. norm of D = 1.012828e+00, change in D = 1.012828e+00.
  Coordinate descent sweep 2. norm of D = 1.281589e+00, change in D = 4.746707e-01.
  Coordinate descent sweep 3. norm of D = 1.380039e+00, change in D = 2.208496e-01.
    Line search step size chosen: 1.000000e+00.
  Objective value decreased by 5.753137e-03.
Newton iteration 7.
  Active set size = 11749.
  sub-gradient = 1.621293e-01, l1-norm of X = 8.422008e+01.
  Coordinate descent sweep 1. norm of D = 1.464159e-01, change in D = 1.464159e-01.
  Coordinate descent sweep 2. norm of D = 1.911145e-01, change in D = 7.350394e-02.
  Coordinate descent sweep 3. norm of D = 2.146340e-01, change in D = 4.108081e-02.
    Line search step size chosen: 1.000000e+00.
  Objective value decreased by 2.300922e-04.
Newton iteration 8.
  Active set size = 11749.
  sub-gradient = 2.647165e-02, l1-norm of X = 8.425378e+01.
  Coordinate descent sweep 1. norm of D = 2.450075e-02, change in D = 2.450075e-02.
  Coordinate descent sweep 2. norm of D = 3.640590e-02, change in D = 1.776830e-02.
  Coordinate descent sweep 3. norm of D = 4.172339e-02, change in D = 1.002070e-02.
    Line search step size chosen: 1.000000e+00.
  Objective value decreased by 1.243600e-05.
Newton iteration 9.
  Active set size = 11749.
  sub-gradient = 6.288701e-03, l1-norm of X = 8.425912e+01.
  Coordinate descent sweep 1. norm of D = 6.297064e-03, change in D = 6.297064e-03.
  Coordinate descent sweep 2. norm of D = 8.506842e-03, change in D = 3.540075e-03.
  Coordinate descent sweep 3. norm of D = 9.902295e-03, change in D = 2.084377e-03.
  Coordinate descent sweep 4. norm of D = 1.064014e-02, change in D = 1.303459e-03.
    Line search step size chosen: 1.000000e+00.
  Objective value decreased by 7.553863e-07.
QUIC CPU time: 8457.578 seconds
