[1] "/work-zfs/abattle4/prashanthi/recount3/data/esophagus/GTEx/weighted_covariances/cov_3.rds"
[1] "Data read complete"
Running QUIC version 1.1 in 'default' mode.
Newton iteration 1.
  X is a diagonal matrix.
    Line search step size 1.000000e+00.  Lack of positive definiteness.
    Line search step size 5.000000e-01.  Lack of positive definiteness.
    Line search step size chosen: 2.500000e-01.
  Objective value decreased by 3.613590e+00.
Newton iteration 2.
  Active set size = 11368.
  sub-gradient = 3.289011e+01, l1-norm of X = 1.742893e+01.
  Coordinate descent sweep 1. norm of D = 3.017521e+01, change in D = 3.017521e+01.
    Line search step size chosen: 1.000000e+00.
  Objective value decreased by 2.357239e+00.
Newton iteration 3.
  Active set size = 11348.
  sub-gradient = 2.005480e+01, l1-norm of X = 5.015008e+01.
  Coordinate descent sweep 1. norm of D = 1.024870e+01, change in D = 1.024870e+01.
  Coordinate descent sweep 2. norm of D = 9.930750e+00, change in D = 3.149308e+00.
    Line search step size chosen: 1.000000e+00.
  Objective value decreased by 3.421642e-01.
Newton iteration 4.
  Active set size = 11335.
  sub-gradient = 3.284222e+00, l1-norm of X = 4.850341e+01.
  Coordinate descent sweep 1. norm of D = 2.030945e+00, change in D = 2.030945e+00.
  Coordinate descent sweep 2. norm of D = 2.120107e+00, change in D = 8.084025e-01.
    Line search step size chosen: 1.000000e+00.
  Objective value decreased by 2.219373e-02.
Newton iteration 5.
  Active set size = 11330.
  sub-gradient = 3.804658e-01, l1-norm of X = 4.813244e+01.
  Coordinate descent sweep 1. norm of D = 3.347356e-01, change in D = 3.347356e-01.
  Coordinate descent sweep 2. norm of D = 4.054747e-01, change in D = 1.492448e-01.
    Line search step size chosen: 1.000000e+00.
  Objective value decreased by 8.688535e-04.
Newton iteration 6.
  Active set size = 11329.
  sub-gradient = 7.253960e-02, l1-norm of X = 4.813684e+01.
  Coordinate descent sweep 1. norm of D = 5.869446e-02, change in D = 5.869446e-02.
  Coordinate descent sweep 2. norm of D = 7.431377e-02, change in D = 2.752400e-02.
  Coordinate descent sweep 3. norm of D = 8.285519e-02, change in D = 1.427467e-02.
    Line search step size chosen: 1.000000e+00.
  Objective value decreased by 4.093582e-05.
Newton iteration 7.
  Active set size = 11328.
  sub-gradient = 6.023619e-03, l1-norm of X = 4.814320e+01.
  Coordinate descent sweep 1. norm of D = 6.063514e-03, change in D = 6.063514e-03.
  Coordinate descent sweep 2. norm of D = 7.908860e-03, change in D = 3.571422e-03.
  Coordinate descent sweep 3. norm of D = 8.571989e-03, change in D = 1.658706e-03.
    Line search step size chosen: 1.000000e+00.
  Objective value decreased by 7.976541e-07.
Newton iteration 8.
  Active set size = 11329.
  sub-gradient = 7.854914e-04, l1-norm of X = 4.814422e+01.
  Coordinate descent sweep 1. norm of D = 7.985247e-04, change in D = 7.985247e-04.
  Coordinate descent sweep 2. norm of D = 1.031498e-03, change in D = 4.343767e-04.
  Coordinate descent sweep 3. norm of D = 1.134568e-03, change in D = 2.328773e-04.
    Line search step size chosen: 1.000000e+00.
  Objective value decreased by 1.239459e-08.
QUIC CPU time: 5275.970 seconds
