[1] "/work-zfs/abattle4/prashanthi/recount3/data/esophagus/GTEx/weighted_covariances/cov_3.rds"
[1] "Data read complete"
Running QUIC version 1.1 in 'default' mode.
Newton iteration 1.
  X is a diagonal matrix.
    Line search step size 1.000000e+00.  Lack of positive definiteness.
    Line search step size chosen: 5.000000e-01.
  Objective value decreased by 1.060838e+00.
Newton iteration 2.
  Active set size = 11032.
  sub-gradient = 5.397954e+00, l1-norm of X = 1.063032e+01.
  Coordinate descent sweep 1. norm of D = 5.105896e+00, change in D = 5.105896e+00.
    Line search step size chosen: 1.000000e+00.
  Objective value decreased by 2.006680e-01.
Newton iteration 3.
  Active set size = 11026.
  sub-gradient = 1.504676e+00, l1-norm of X = 1.537745e+01.
  Coordinate descent sweep 1. norm of D = 1.252053e+00, change in D = 1.252053e+00.
  Coordinate descent sweep 2. norm of D = 1.301160e+00, change in D = 2.824020e-01.
    Line search step size chosen: 1.000000e+00.
  Objective value decreased by 1.197481e-02.
Newton iteration 4.
  Active set size = 11025.
  sub-gradient = 1.361366e-01, l1-norm of X = 1.575973e+01.
  Coordinate descent sweep 1. norm of D = 1.155663e-01, change in D = 1.155663e-01.
  Coordinate descent sweep 2. norm of D = 1.254611e-01, change in D = 3.673727e-02.
    Line search step size chosen: 1.000000e+00.
  Objective value decreased by 1.796688e-04.
Newton iteration 5.
  Active set size = 11025.
  sub-gradient = 1.390084e-02, l1-norm of X = 1.576744e+01.
  Coordinate descent sweep 1. norm of D = 1.385395e-02, change in D = 1.385395e-02.
  Coordinate descent sweep 2. norm of D = 1.490403e-02, change in D = 4.214661e-03.
    Line search step size chosen: 1.000000e+00.
  Objective value decreased by 4.426845e-06.
Newton iteration 6.
  Active set size = 11025.
  sub-gradient = 1.174308e-03, l1-norm of X = 1.576577e+01.
  Coordinate descent sweep 1. norm of D = 9.800352e-04, change in D = 9.800352e-04.
  Coordinate descent sweep 2. norm of D = 1.150877e-03, change in D = 3.442173e-04.
  Coordinate descent sweep 3. norm of D = 1.210164e-03, change in D = 1.485280e-04.
    Line search step size chosen: 1.000000e+00.
  Objective value decreased by 2.282832e-08.
QUIC CPU time: 3324.460 seconds
