[1] "/work-zfs/abattle4/prashanthi/recount3/data/esophagus/GTEx/weighted_covariances/cov_3.rds"
[1] "Data read complete"
Running QUIC version 1.1 in 'default' mode.
Newton iteration 1.
  X is a diagonal matrix.
    Line search step size chosen: 1.000000e+00.
  Objective value decreased by -5.423295e-01.
Newton iteration 2.
  Active set size = 10995.
  sub-gradient = 1.099317e+02, l1-norm of X = 1.670453e+01.
  Coordinate descent sweep 1. norm of D = 2.565785e+00, change in D = 2.565785e+00.
    Line search step size chosen: 1.000000e+00.
  Objective value decreased by 5.360819e-01.
Newton iteration 3.
  Active set size = 10992.
  sub-gradient = 5.075580e+01, l1-norm of X = 1.599285e+01.
  Coordinate descent sweep 1. norm of D = 1.457528e+00, change in D = 1.457528e+00.
  Coordinate descent sweep 2. norm of D = 1.397953e+00, change in D = 6.934402e-01.
    Line search step size chosen: 1.000000e+00.
  Objective value decreased by 4.203833e-01.
Newton iteration 4.
  Active set size = 10993.
  sub-gradient = 2.447373e+01, l1-norm of X = 1.558011e+01.
  Coordinate descent sweep 1. norm of D = 1.778566e+00, change in D = 1.778566e+00.
  Coordinate descent sweep 2. norm of D = 1.757769e+00, change in D = 9.143136e-01.
    Line search step size chosen: 1.000000e+00.
  Objective value decreased by 3.207298e-01.
Newton iteration 5.
  Active set size = 10992.
  sub-gradient = 9.865079e+00, l1-norm of X = 1.461248e+01.
  Coordinate descent sweep 1. norm of D = 1.378071e+00, change in D = 1.378071e+00.
  Coordinate descent sweep 2. norm of D = 1.246752e+00, change in D = 7.827046e-01.
    Line search step size chosen: 1.000000e+00.
  Objective value decreased by 1.443863e-01.
Newton iteration 6.
  Active set size = 10992.
  sub-gradient = 3.236082e+00, l1-norm of X = 1.352142e+01.
  Coordinate descent sweep 1. norm of D = 8.996078e-01, change in D = 8.996078e-01.
  Coordinate descent sweep 2. norm of D = 7.705764e-01, change in D = 5.251471e-01.
  Coordinate descent sweep 3. norm of D = 7.822245e-01, change in D = 1.826764e-01.
    Line search step size chosen: 1.000000e+00.
  Objective value decreased by 3.349198e-02.
Newton iteration 7.
  Active set size = 10993.
  sub-gradient = 5.661293e-01, l1-norm of X = 1.289092e+01.
  Coordinate descent sweep 1. norm of D = 2.065430e-01, change in D = 2.065430e-01.
  Coordinate descent sweep 2. norm of D = 1.696107e-01, change in D = 1.294762e-01.
  Coordinate descent sweep 3. norm of D = 1.706259e-01, change in D = 2.351636e-02.
    Line search step size chosen: 1.000000e+00.
  Objective value decreased by 1.492650e-03.
Newton iteration 8.
  Active set size = 10993.
  sub-gradient = 2.679101e-02, l1-norm of X = 1.272183e+01.
  Coordinate descent sweep 1. norm of D = 1.148126e-02, change in D = 1.148126e-02.
  Coordinate descent sweep 2. norm of D = 9.636021e-03, change in D = 6.013979e-03.
  Coordinate descent sweep 3. norm of D = 9.478253e-03, change in D = 1.662679e-03.
    Line search step size chosen: 1.000000e+00.
  Objective value decreased by 3.897980e-06.
Newton iteration 9.
  Active set size = 10992.
  sub-gradient = 6.606986e-04, l1-norm of X = 1.271391e+01.
  Coordinate descent sweep 1. norm of D = 6.277074e-04, change in D = 6.277074e-04.
  Coordinate descent sweep 2. norm of D = 6.191869e-04, change in D = 1.687816e-04.
  Coordinate descent sweep 3. norm of D = 6.472202e-04, change in D = 5.568776e-05.
  Coordinate descent sweep 4. norm of D = 6.511645e-04, change in D = 2.224678e-05.
    Line search step size chosen: 1.000000e+00.
  Objective value decreased by 1.118497e-08.
QUIC CPU time: 4567.720 seconds
