[1] "/work-zfs/abattle4/prashanthi/recount3/data/esophagus/GTEx/weighted_covariances/cov_3.rds"
[1] "Data read complete"
Running QUIC version 1.1 in 'default' mode.
Newton iteration 1.
  X is a diagonal matrix.
    Line search step size chosen: 1.000000e+00.
  Objective value decreased by 2.834995e-02.
Newton iteration 2.
  Active set size = 10885.
  sub-gradient = 1.010375e-01, l1-norm of X = 1.344059e+00.
  Coordinate descent sweep 1. norm of D = 8.990131e-02, change in D = 8.990131e-02.
    Line search step size chosen: 1.000000e+00.
  Objective value decreased by 2.693444e-04.
Newton iteration 3.
  Active set size = 10883.
  sub-gradient = 7.306901e-03, l1-norm of X = 1.288760e+00.
  Coordinate descent sweep 1. norm of D = 7.038783e-03, change in D = 7.038783e-03.
  Coordinate descent sweep 2. norm of D = 7.004881e-03, change in D = 4.112781e-04.
    Line search step size chosen: 1.000000e+00.
  Objective value decreased by 2.860943e-06.
Newton iteration 4.
  Active set size = 10883.
  sub-gradient = 3.216786e-05, l1-norm of X = 1.293359e+00.
  Coordinate descent sweep 1. norm of D = 2.919425e-05, change in D = 2.919425e-05.
  Coordinate descent sweep 2. norm of D = 2.824627e-05, change in D = 3.033243e-06.
    Line search step size chosen: 1.000000e+00.
  Objective value decreased by 5.638867e-11.
QUIC CPU time: 2612.120 seconds
