[1] "/work-zfs/abattle4/prashanthi/recount3/data/skeletal_muscle/all/weighted_covariances/cov_8.rds"
[1] "Data read complete"
Running QUIC version 1.1 in 'default' mode.
Newton iteration 1.
  X is a diagonal matrix.
    Line search step size 1.000000e+00.  Lack of positive definiteness.
    Line search step size 5.000000e-01.  Lack of positive definiteness.
    Line search step size 2.500000e-01.  Lack of positive definiteness.
    Line search step size 1.250000e-01.  Lack of positive definiteness.
    Line search step size chosen: 6.250000e-02.
  Objective value decreased by 1.715753e+02.
Newton iteration 2.
  Active set size = 860523.
  sub-gradient = 1.936801e+04, l1-norm of X = 2.607853e+02.
  Coordinate descent sweep 1. norm of D = 1.706784e+04, change in D = 1.706784e+04.
    Line search step size 1.000000e+00.  Lack of positive definiteness.
    Line search step size 5.000000e-01.  Lack of positive definiteness.
    Line search step size 2.500000e-01.  Lack of positive definiteness.
    Line search step size chosen: 1.250000e-01.
  Objective value decreased by 2.272125e+02.
Newton iteration 3.
  Active set size = 861163.
  sub-gradient = 1.560438e+04, l1-norm of X = 6.818517e+02.
  Coordinate descent sweep 1. norm of D = 1.098989e+04, change in D = 1.098989e+04.
  Coordinate descent sweep 2. norm of D = 1.008781e+04, change in D = 2.008246e+03.
    Line search step size 1.000000e+00.  Lack of positive definiteness.
    Line search step size 5.000000e-01.  Lack of positive definiteness.
    Line search step size chosen: 2.500000e-01.
  Objective value decreased by 1.891116e+02.
Newton iteration 4.
  Active set size = 864273.
  sub-gradient = 1.054322e+04, l1-norm of X = 1.122062e+03.
  Coordinate descent sweep 1. norm of D = 6.159186e+03, change in D = 6.159186e+03.
  Coordinate descent sweep 2. norm of D = 6.101273e+03, change in D = 1.484512e+03.
    Line search step size 1.000000e+00.  Lack of positive definiteness.
    Line search step size chosen: 5.000000e-01.
  Objective value decreased by 1.361529e+02.
Newton iteration 5.
  Active set size = 871470.
  sub-gradient = 7.465353e+03, l1-norm of X = 1.528537e+03.
  Coordinate descent sweep 1. norm of D = 2.708714e+03, change in D = 2.708714e+03.
  Coordinate descent sweep 2. norm of D = 3.057299e+03, change in D = 8.395293e+02.
    Line search step size chosen: 1.000000e+00.
  Objective value decreased by 5.925927e+01.
Newton iteration 6.
  Active set size = 514969.
  sub-gradient = 9.615018e+02, l1-norm of X = 1.783926e+03.
  Coordinate descent sweep 1. norm of D = 5.252206e+02, change in D = 5.252206e+02.
  Coordinate descent sweep 2. norm of D = 6.219847e+02, change in D = 3.017898e+02.
  Coordinate descent sweep 3. norm of D = 6.855852e+02, change in D = 1.697939e+02.
    Line search step size chosen: 1.000000e+00.
  Objective value decreased by 8.110278e+00.
Newton iteration 7.
  Active set size = 499316.
  sub-gradient = 1.828738e+02, l1-norm of X = 1.817189e+03.
  Coordinate descent sweep 1. norm of D = 1.234240e+02, change in D = 1.234240e+02.
  Coordinate descent sweep 2. norm of D = 1.509810e+02, change in D = 8.918539e+01.
  Coordinate descent sweep 3. norm of D = 1.696243e+02, change in D = 6.462052e+01.
    Line search step size chosen: 1.000000e+00.
  Objective value decreased by 1.851831e+00.
Newton iteration 8.
  Active set size = 497280.
  sub-gradient = 5.501787e+01, l1-norm of X = 1.823895e+03.
  Coordinate descent sweep 1. norm of D = 5.162356e+01, change in D = 5.162356e+01.
  Coordinate descent sweep 2. norm of D = 6.264227e+01, change in D = 4.124188e+01.
  Coordinate descent sweep 3. norm of D = 7.115300e+01, change in D = 3.327279e+01.
    Line search step size chosen: 1.000000e+00.
  Objective value decreased by 8.224751e-01.
Newton iteration 9.
  Active set size = 496904.
  sub-gradient = 2.898249e+01, l1-norm of X = 1.826083e+03.
  Coordinate descent sweep 1. norm of D = 2.748854e+01, change in D = 2.748854e+01.
  Coordinate descent sweep 2. norm of D = 3.376832e+01, change in D = 2.325716e+01.
  Coordinate descent sweep 3. norm of D = 3.858166e+01, change in D = 1.996078e+01.
  Coordinate descent sweep 4. norm of D = 4.224463e+01, change in D = 1.724972e+01.
    Line search step size chosen: 1.000000e+00.
  Objective value decreased by 5.083728e-01.
Newton iteration 10.
  Active set size = 496572.
  sub-gradient = 1.497943e+01, l1-norm of X = 1.827386e+03.
  Coordinate descent sweep 1. norm of D = 1.465046e+01, change in D = 1.465046e+01.
  Coordinate descent sweep 2. norm of D = 1.811957e+01, change in D = 1.329646e+01.
  Coordinate descent sweep 3. norm of D = 2.073726e+01, change in D = 1.176222e+01.
  Coordinate descent sweep 4. norm of D = 2.275239e+01, change in D = 1.027451e+01.
    Line search step size chosen: 1.000000e+00.
  Objective value decreased by 2.241295e-01.
Newton iteration 11.
  Active set size = 496470.
  sub-gradient = 9.337079e+00, l1-norm of X = 1.828047e+03.
  Coordinate descent sweep 1. norm of D = 9.310116e+00, change in D = 9.310116e+00.
  Coordinate descent sweep 2. norm of D = 1.147274e+01, change in D = 8.328115e+00.
  Coordinate descent sweep 3. norm of D = 1.331985e+01, change in D = 7.859544e+00.
  Coordinate descent sweep 4. norm of D = 1.473745e+01, change in D = 7.137152e+00.
    Line search step size chosen: 1.000000e+00.
  Objective value decreased by 1.391164e-01.
Newton iteration 12.
  Active set size = 496452.
  sub-gradient = 7.385005e+00, l1-norm of X = 1.828459e+03.
  Coordinate descent sweep 1. norm of D = 6.419359e+00, change in D = 6.419359e+00.
  Coordinate descent sweep 2. norm of D = 8.266816e+00, change in D = 6.053697e+00.
  Coordinate descent sweep 3. norm of D = 9.627673e+00, change in D = 5.655138e+00.
  Coordinate descent sweep 4. norm of D = 1.055932e+01, change in D = 5.164378e+00.
  Coordinate descent sweep 5. norm of D = 1.127993e+01, change in D = 4.668820e+00.
    Line search step size chosen: 1.000000e+00.
  Objective value decreased by 1.164266e-01.
Newton iteration 13.
  Active set size = 496387.
  sub-gradient = 4.825465e+00, l1-norm of X = 1.828796e+03.
  Coordinate descent sweep 1. norm of D = 4.283139e+00, change in D = 4.283139e+00.
  Coordinate descent sweep 2. norm of D = 5.528883e+00, change in D = 4.218663e+00.
  Coordinate descent sweep 3. norm of D = 6.362017e+00, change in D = 3.954845e+00.
  Coordinate descent sweep 4. norm of D = 7.118265e+00, change in D = 3.629682e+00.
  Coordinate descent sweep 5. norm of D = 7.716538e+00, change in D = 3.424989e+00.
    Line search step size chosen: 1.000000e+00.
  Objective value decreased by 7.633764e-02.
Newton iteration 14.
  Active set size = 496363.
  sub-gradient = 3.188726e+00, l1-norm of X = 1.829028e+03.
  Coordinate descent sweep 1. norm of D = 3.194741e+00, change in D = 3.194741e+00.
  Coordinate descent sweep 2. norm of D = 3.747304e+00, change in D = 2.808014e+00.
  Coordinate descent sweep 3. norm of D = 4.566635e+00, change in D = 2.868738e+00.
  Coordinate descent sweep 4. norm of D = 5.188286e+00, change in D = 2.787347e+00.
  Coordinate descent sweep 5. norm of D = 5.567866e+00, change in D = 2.460923e+00.
    Line search step size chosen: 1.000000e+00.
  Objective value decreased by 5.232182e-02.
Newton iteration 15.
  Active set size = 496336.
  sub-gradient = 2.430180e+00, l1-norm of X = 1.829199e+03.
  Coordinate descent sweep 1. norm of D = 2.263991e+00, change in D = 2.263991e+00.
  Coordinate descent sweep 2. norm of D = 2.927398e+00, change in D = 2.190172e+00.
  Coordinate descent sweep 3. norm of D = 3.266081e+00, change in D = 2.032229e+00.
  Coordinate descent sweep 4. norm of D = 3.755082e+00, change in D = 2.064713e+00.
  Coordinate descent sweep 5. norm of D = 4.148602e+00, change in D = 1.932041e+00.
  Coordinate descent sweep 6. norm of D = 4.351912e+00, change in D = 1.774108e+00.
    Line search step size chosen: 1.000000e+00.
  Objective value decreased by 4.138964e-02.
Newton iteration 16.
  Active set size = 496320.
  sub-gradient = 2.020303e+00, l1-norm of X = 1.829349e+03.
  Coordinate descent sweep 1. norm of D = 1.825423e+00, change in D = 1.825423e+00.
  Coordinate descent sweep 2. norm of D = 2.269073e+00, change in D = 1.723672e+00.
  Coordinate descent sweep 3. norm of D = 2.480402e+00, change in D = 1.593737e+00.
  Coordinate descent sweep 4. norm of D = 2.925831e+00, change in D = 1.583269e+00.
  Coordinate descent sweep 5. norm of D = 3.234002e+00, change in D = 1.560409e+00.
  Coordinate descent sweep 6. norm of D = 3.429000e+00, change in D = 1.415950e+00.
    Line search step size chosen: 1.000000e+00.
  Objective value decreased by 3.244584e-02.
Newton iteration 17.
  Active set size = 496312.
  sub-gradient = 1.302532e+00, l1-norm of X = 1.829460e+03.
  Coordinate descent sweep 1. norm of D = 1.302606e+00, change in D = 1.302606e+00.
  Coordinate descent sweep 2. norm of D = 1.741322e+00, change in D = 1.298657e+00.
  Coordinate descent sweep 3. norm of D = 2.018686e+00, change in D = 1.196309e+00.
  Coordinate descent sweep 4. norm of D = 2.369425e+00, change in D = 1.269602e+00.
  Coordinate descent sweep 5. norm of D = 2.512424e+00, change in D = 1.099545e+00.
  Coordinate descent sweep 6. norm of D = 2.784954e+00, change in D = 1.090836e+00.
    Line search step size chosen: 1.000000e+00.
  Objective value decreased by 2.470706e-02.
Newton iteration 18.
  Active set size = 496316.
  sub-gradient = 1.090407e+00, l1-norm of X = 1.829559e+03.
  Coordinate descent sweep 1. norm of D = 1.097434e+00, change in D = 1.097434e+00.
  Coordinate descent sweep 2. norm of D = 1.440232e+00, change in D = 1.069814e+00.
  Coordinate descent sweep 3. norm of D = 1.678643e+00, change in D = 1.027169e+00.
  Coordinate descent sweep 4. norm of D = 1.769701e+00, change in D = 8.306317e-01.
  Coordinate descent sweep 5. norm of D = 2.117231e+00, change in D = 9.787784e-01.
  Coordinate descent sweep 6. norm of D = 2.094212e+00, change in D = 8.668915e-01.
  Coordinate descent sweep 7. norm of D = 2.412602e+00, change in D = 9.868786e-01.
    Line search step size chosen: 1.000000e+00.
  Objective value decreased by 1.868577e-02.
Newton iteration 19.
  Active set size = 496316.
  sub-gradient = 9.441945e-01, l1-norm of X = 1.829644e+03.
  Coordinate descent sweep 1. norm of D = 8.780334e-01, change in D = 8.780334e-01.
  Coordinate descent sweep 2. norm of D = 1.077352e+00, change in D = 7.906585e-01.
  Coordinate descent sweep 3. norm of D = 1.244352e+00, change in D = 6.800582e-01.
  Coordinate descent sweep 4. norm of D = 1.423377e+00, change in D = 6.669070e-01.
  Coordinate descent sweep 5. norm of D = 1.633515e+00, change in D = 7.344951e-01.
  Coordinate descent sweep 6. norm of D = 1.737092e+00, change in D = 7.944015e-01.
  Coordinate descent sweep 7. norm of D = 1.928917e+00, change in D = 7.857816e-01.
    Line search step size chosen: 1.000000e+00.
  Objective value decreased by 1.372729e-02.
Newton iteration 20.
  Active set size = 496302.
  sub-gradient = 6.245470e-01, l1-norm of X = 1.829713e+03.
  Coordinate descent sweep 1. norm of D = 7.418619e-01, change in D = 7.418619e-01.
  Coordinate descent sweep 2. norm of D = 9.777695e-01, change in D = 7.823479e-01.
  Coordinate descent sweep 3. norm of D = 1.158372e+00, change in D = 7.804284e-01.
  Coordinate descent sweep 4. norm of D = 1.248779e+00, change in D = 6.638279e-01.
  Coordinate descent sweep 5. norm of D = 1.333924e+00, change in D = 5.299285e-01.
  Coordinate descent sweep 6. norm of D = 1.484745e+00, change in D = 5.501569e-01.
  Coordinate descent sweep 7. norm of D = 1.668071e+00, change in D = 6.256637e-01.
    Line search step size chosen: 1.000000e+00.
  Objective value decreased by 1.201348e-02.
Newton iteration 21.
  Active set size = 496308.
  sub-gradient = 5.329436e-01, l1-norm of X = 1.829774e+03.
  Coordinate descent sweep 1. norm of D = 5.573488e-01, change in D = 5.573488e-01.
  Coordinate descent sweep 2. norm of D = 7.714777e-01, change in D = 5.183832e-01.
  Coordinate descent sweep 3. norm of D = 9.434058e-01, change in D = 6.261586e-01.
  Coordinate descent sweep 4. norm of D = 1.075782e+00, change in D = 5.884975e-01.
  Coordinate descent sweep 5. norm of D = 1.162654e+00, change in D = 5.027218e-01.
  Coordinate descent sweep 6. norm of D = 1.264720e+00, change in D = 4.290044e-01.
  Coordinate descent sweep 7. norm of D = 1.375752e+00, change in D = 4.670296e-01.
  Coordinate descent sweep 8. norm of D = 1.456848e+00, change in D = 4.602613e-01.
    Line search step size chosen: 1.000000e+00.
  Objective value decreased by 9.518486e-03.
Newton iteration 22.
  Active set size = 496305.
  sub-gradient = 5.154804e-01, l1-norm of X = 1.829833e+03.
  Coordinate descent sweep 1. norm of D = 4.951377e-01, change in D = 4.951377e-01.
  Coordinate descent sweep 2. norm of D = 5.712651e-01, change in D = 4.213531e-01.
  Coordinate descent sweep 3. norm of D = 7.456057e-01, change in D = 4.591580e-01.
  Coordinate descent sweep 4. norm of D = 8.199948e-01, change in D = 4.573229e-01.
  Coordinate descent sweep 5. norm of D = 8.834106e-01, change in D = 4.423944e-01.
  Coordinate descent sweep 6. norm of D = 1.046779e+00, change in D = 4.621224e-01.
  Coordinate descent sweep 7. norm of D = 1.104199e+00, change in D = 4.301502e-01.
  Coordinate descent sweep 8. norm of D = 1.216165e+00, change in D = 4.542468e-01.
    Line search step size chosen: 1.000000e+00.
  Objective value decreased by 6.838792e-03.
Newton iteration 23.
  Active set size = 496306.
  sub-gradient = 4.426809e-01, l1-norm of X = 1.829882e+03.
  Coordinate descent sweep 1. norm of D = 3.876075e-01, change in D = 3.876075e-01.
  Coordinate descent sweep 2. norm of D = 5.000430e-01, change in D = 3.676799e-01.
  Coordinate descent sweep 3. norm of D = 5.988245e-01, change in D = 3.771556e-01.
  Coordinate descent sweep 4. norm of D = 7.013775e-01, change in D = 3.928054e-01.
  Coordinate descent sweep 5. norm of D = 7.660247e-01, change in D = 3.802520e-01.
  Coordinate descent sweep 6. norm of D = 8.481400e-01, change in D = 3.866978e-01.
  Coordinate descent sweep 7. norm of D = 9.158687e-01, change in D = 3.997956e-01.
  Coordinate descent sweep 8. norm of D = 9.891021e-01, change in D = 3.894173e-01.
    Line search step size chosen: 1.000000e+00.
  Objective value decreased by 4.818444e-03.
Newton iteration 24.
  Active set size = 496302.
  sub-gradient = 3.546925e-01, l1-norm of X = 1.829917e+03.
  Coordinate descent sweep 1. norm of D = 3.513334e-01, change in D = 3.513334e-01.
  Coordinate descent sweep 2. norm of D = 4.601566e-01, change in D = 3.713773e-01.
  Coordinate descent sweep 3. norm of D = 5.537317e-01, change in D = 3.586609e-01.
  Coordinate descent sweep 4. norm of D = 6.326517e-01, change in D = 3.696108e-01.
  Coordinate descent sweep 5. norm of D = 7.111024e-01, change in D = 3.660591e-01.
  Coordinate descent sweep 6. norm of D = 7.469361e-01, change in D = 3.160791e-01.
  Coordinate descent sweep 7. norm of D = 8.143266e-01, change in D = 3.162987e-01.
  Coordinate descent sweep 8. norm of D = 8.667655e-01, change in D = 3.184503e-01.
  Coordinate descent sweep 9. norm of D = 9.249385e-01, change in D = 3.109003e-01.
    Line search step size chosen: 1.000000e+00.
  Objective value decreased by 4.357036e-03.
Newton iteration 25.
  Active set size = 496303.
  sub-gradient = 3.765338e-01, l1-norm of X = 1.829957e+03.
  Coordinate descent sweep 1. norm of D = 3.052963e-01, change in D = 3.052963e-01.
  Coordinate descent sweep 2. norm of D = 3.928634e-01, change in D = 2.825061e-01.
  Coordinate descent sweep 3. norm of D = 4.549135e-01, change in D = 2.897655e-01.
  Coordinate descent sweep 4. norm of D = 5.086870e-01, change in D = 2.707514e-01.
  Coordinate descent sweep 5. norm of D = 5.632944e-01, change in D = 2.714463e-01.
  Coordinate descent sweep 6. norm of D = 6.047282e-01, change in D = 2.597456e-01.
  Coordinate descent sweep 7. norm of D = 6.847747e-01, change in D = 2.805987e-01.
  Coordinate descent sweep 8. norm of D = 7.248478e-01, change in D = 2.684580e-01.
  Coordinate descent sweep 9. norm of D = 7.948674e-01, change in D = 2.808615e-01.
    Line search step size chosen: 1.000000e+00.
  Objective value decreased by 3.214542e-03.
Newton iteration 26.
  Active set size = 496303.
  sub-gradient = 2.248330e-01, l1-norm of X = 1.829990e+03.
  Coordinate descent sweep 1. norm of D = 2.590924e-01, change in D = 2.590924e-01.
  Coordinate descent sweep 2. norm of D = 3.105962e-01, change in D = 2.428758e-01.
  Coordinate descent sweep 3. norm of D = 3.803050e-01, change in D = 2.495917e-01.
  Coordinate descent sweep 4. norm of D = 4.477182e-01, change in D = 2.539214e-01.
  Coordinate descent sweep 5. norm of D = 5.051626e-01, change in D = 2.517842e-01.
  Coordinate descent sweep 6. norm of D = 5.435642e-01, change in D = 2.335231e-01.
  Coordinate descent sweep 7. norm of D = 5.831044e-01, change in D = 2.262384e-01.
  Coordinate descent sweep 8. norm of D = 6.448006e-01, change in D = 2.333714e-01.
  Coordinate descent sweep 9. norm of D = 6.714895e-01, change in D = 2.120975e-01.
    Line search step size chosen: 1.000000e+00.
  Objective value decreased by 2.408018e-03.
Newton iteration 27.
  Active set size = 496299.
  sub-gradient = 1.776569e-01, l1-norm of X = 1.830016e+03.
  Coordinate descent sweep 1. norm of D = 2.194436e-01, change in D = 2.194436e-01.
  Coordinate descent sweep 2. norm of D = 2.747958e-01, change in D = 2.182937e-01.
  Coordinate descent sweep 3. norm of D = 3.122110e-01, change in D = 2.001181e-01.
  Coordinate descent sweep 4. norm of D = 3.846641e-01, change in D = 2.126229e-01.
  Coordinate descent sweep 5. norm of D = 4.274994e-01, change in D = 2.216584e-01.
  Coordinate descent sweep 6. norm of D = 4.474796e-01, change in D = 1.894353e-01.
  Coordinate descent sweep 7. norm of D = 4.925409e-01, change in D = 1.951962e-01.
  Coordinate descent sweep 8. norm of D = 5.451757e-01, change in D = 2.074567e-01.
  Coordinate descent sweep 9. norm of D = 5.582247e-01, change in D = 1.829249e-01.
  Coordinate descent sweep 10. norm of D = 5.952263e-01, change in D = 1.863594e-01.
    Line search step size chosen: 1.000000e+00.
  Objective value decreased by 2.022526e-03.
QUIC CPU time: 23191.270 seconds
