[1] "/work-zfs/abattle4/prashanthi/recount3/data/skeletal_muscle/all/weighted_covariances/cov_8.rds"
[1] "Data read complete"
Running QUIC version 1.1 in 'default' mode.
Newton iteration 1.
  X is a diagonal matrix.
    Line search step size 1.000000e+00.  Lack of positive definiteness.
    Line search step size 5.000000e-01.  Lack of positive definiteness.
    Line search step size 2.500000e-01.  Lack of positive definiteness.
    Line search step size chosen: 1.250000e-01.
  Objective value decreased by 5.029773e+01.
Newton iteration 2.
  Active set size = 33484.
  sub-gradient = 1.170876e+03, l1-norm of X = 7.216885e+01.
  Coordinate descent sweep 1. norm of D = 9.935260e+02, change in D = 9.935260e+02.
    Line search step size 1.000000e+00.  Lack of positive definiteness.
    Line search step size 5.000000e-01.  Lack of positive definiteness.
    Line search step size chosen: 2.500000e-01.
  Objective value decreased by 4.589506e+01.
Newton iteration 3.
  Active set size = 33484.
  sub-gradient = 7.701406e+02, l1-norm of X = 1.645012e+02.
  Coordinate descent sweep 1. norm of D = 6.306185e+02, change in D = 6.306185e+02.
  Coordinate descent sweep 2. norm of D = 6.605394e+02, change in D = 1.246859e+02.
    Line search step size chosen: 1.000000e+00.
  Objective value decreased by 4.381848e+01.
Newton iteration 4.
  Active set size = 29728.
  sub-gradient = 3.435793e+02, l1-norm of X = 3.483771e+02.
  Coordinate descent sweep 1. norm of D = 1.337122e+02, change in D = 1.337122e+02.
  Coordinate descent sweep 2. norm of D = 1.455447e+02, change in D = 6.592314e+01.
    Line search step size chosen: 1.000000e+00.
  Objective value decreased by 4.823714e+00.
Newton iteration 5.
  Active set size = 28862.
  sub-gradient = 6.618365e+01, l1-norm of X = 3.470012e+02.
  Coordinate descent sweep 1. norm of D = 4.467922e+01, change in D = 4.467922e+01.
  Coordinate descent sweep 2. norm of D = 5.660660e+01, change in D = 2.728517e+01.
    Line search step size chosen: 1.000000e+00.
  Objective value decreased by 1.235588e+00.
Newton iteration 6.
  Active set size = 28612.
  sub-gradient = 2.123336e+01, l1-norm of X = 3.489325e+02.
  Coordinate descent sweep 1. norm of D = 1.852761e+01, change in D = 1.852761e+01.
  Coordinate descent sweep 2. norm of D = 2.506022e+01, change in D = 1.250708e+01.
  Coordinate descent sweep 3. norm of D = 2.965780e+01, change in D = 9.051091e+00.
    Line search step size chosen: 1.000000e+00.
  Objective value decreased by 5.434115e-01.
Newton iteration 7.
  Active set size = 28508.
  sub-gradient = 7.763438e+00, l1-norm of X = 3.511737e+02.
  Coordinate descent sweep 1. norm of D = 7.551341e+00, change in D = 7.551341e+00.
  Coordinate descent sweep 2. norm of D = 1.082180e+01, change in D = 5.654775e+00.
  Coordinate descent sweep 3. norm of D = 1.318324e+01, change in D = 4.543137e+00.
    Line search step size chosen: 1.000000e+00.
  Objective value decreased by 2.093329e-01.
Newton iteration 8.
  Active set size = 28485.
  sub-gradient = 3.412427e+00, l1-norm of X = 3.522344e+02.
  Coordinate descent sweep 1. norm of D = 3.596559e+00, change in D = 3.596559e+00.
  Coordinate descent sweep 2. norm of D = 5.281438e+00, change in D = 3.101853e+00.
  Coordinate descent sweep 3. norm of D = 6.578362e+00, change in D = 2.532866e+00.
    Line search step size chosen: 1.000000e+00.
  Objective value decreased by 8.797873e-02.
Newton iteration 9.
  Active set size = 28472.
  sub-gradient = 2.289017e+00, l1-norm of X = 3.527712e+02.
  Coordinate descent sweep 1. norm of D = 2.144874e+00, change in D = 2.144874e+00.
  Coordinate descent sweep 2. norm of D = 3.208586e+00, change in D = 1.800965e+00.
  Coordinate descent sweep 3. norm of D = 3.938799e+00, change in D = 1.487169e+00.
  Coordinate descent sweep 4. norm of D = 4.681608e+00, change in D = 1.334093e+00.
    Line search step size chosen: 1.000000e+00.
  Objective value decreased by 5.699429e-02.
Newton iteration 10.
  Active set size = 28461.
  sub-gradient = 1.189340e+00, l1-norm of X = 3.531868e+02.
  Coordinate descent sweep 1. norm of D = 1.176918e+00, change in D = 1.176918e+00.
  Coordinate descent sweep 2. norm of D = 1.728516e+00, change in D = 9.880955e-01.
  Coordinate descent sweep 3. norm of D = 2.246787e+00, change in D = 8.883048e-01.
  Coordinate descent sweep 4. norm of D = 2.656420e+00, change in D = 7.244504e-01.
    Line search step size chosen: 1.000000e+00.
  Objective value decreased by 2.812664e-02.
Newton iteration 11.
  Active set size = 28456.
  sub-gradient = 6.578029e-01, l1-norm of X = 3.534348e+02.
  Coordinate descent sweep 1. norm of D = 7.039473e-01, change in D = 7.039473e-01.
  Coordinate descent sweep 2. norm of D = 1.036758e+00, change in D = 5.814137e-01.
  Coordinate descent sweep 3. norm of D = 1.296788e+00, change in D = 5.117690e-01.
  Coordinate descent sweep 4. norm of D = 1.542474e+00, change in D = 4.586055e-01.
    Line search step size chosen: 1.000000e+00.
  Objective value decreased by 1.325369e-02.
Newton iteration 12.
  Active set size = 28452.
  sub-gradient = 5.244417e-01, l1-norm of X = 3.535794e+02.
  Coordinate descent sweep 1. norm of D = 4.514892e-01, change in D = 4.514892e-01.
  Coordinate descent sweep 2. norm of D = 6.758487e-01, change in D = 3.863469e-01.
  Coordinate descent sweep 3. norm of D = 8.813437e-01, change in D = 3.427955e-01.
  Coordinate descent sweep 4. norm of D = 1.069008e+00, change in D = 3.060127e-01.
  Coordinate descent sweep 5. norm of D = 1.227936e+00, change in D = 2.803259e-01.
    Line search step size chosen: 1.000000e+00.
  Objective value decreased by 9.603315e-03.
Newton iteration 13.
  Active set size = 28451.
  sub-gradient = 2.580670e-01, l1-norm of X = 3.536975e+02.
  Coordinate descent sweep 1. norm of D = 2.423882e-01, change in D = 2.423882e-01.
  Coordinate descent sweep 2. norm of D = 4.131947e-01, change in D = 2.510527e-01.
  Coordinate descent sweep 3. norm of D = 5.310702e-01, change in D = 1.983455e-01.
  Coordinate descent sweep 4. norm of D = 6.173810e-01, change in D = 1.586087e-01.
  Coordinate descent sweep 5. norm of D = 6.951803e-01, change in D = 1.533628e-01.
    Line search step size chosen: 1.000000e+00.
  Objective value decreased by 4.045601e-03.
Newton iteration 14.
  Active set size = 28450.
  sub-gradient = 1.563198e-01, l1-norm of X = 3.537688e+02.
  Coordinate descent sweep 1. norm of D = 1.660580e-01, change in D = 1.660580e-01.
  Coordinate descent sweep 2. norm of D = 2.515169e-01, change in D = 1.491920e-01.
  Coordinate descent sweep 3. norm of D = 3.298769e-01, change in D = 1.308973e-01.
  Coordinate descent sweep 4. norm of D = 3.993521e-01, change in D = 1.189287e-01.
  Coordinate descent sweep 5. norm of D = 4.723399e-01, change in D = 1.306794e-01.
    Line search step size chosen: 1.000000e+00.
  Objective value decreased by 2.317245e-03.
Newton iteration 15.
  Active set size = 28449.
  sub-gradient = 1.247762e-01, l1-norm of X = 3.538204e+02.
  Coordinate descent sweep 1. norm of D = 1.153830e-01, change in D = 1.153830e-01.
  Coordinate descent sweep 2. norm of D = 1.833952e-01, change in D = 1.055821e-01.
  Coordinate descent sweep 3. norm of D = 2.429220e-01, change in D = 9.405974e-02.
  Coordinate descent sweep 4. norm of D = 2.863763e-01, change in D = 7.908345e-02.
  Coordinate descent sweep 5. norm of D = 3.492342e-01, change in D = 9.440085e-02.
  Coordinate descent sweep 6. norm of D = 3.932056e-01, change in D = 7.580235e-02.
    Line search step size chosen: 1.000000e+00.
  Objective value decreased by 1.463222e-03.
Newton iteration 16.
  Active set size = 28450.
  sub-gradient = 7.274806e-02, l1-norm of X = 3.538609e+02.
  Coordinate descent sweep 1. norm of D = 6.430076e-02, change in D = 6.430076e-02.
  Coordinate descent sweep 2. norm of D = 1.095937e-01, change in D = 6.653819e-02.
  Coordinate descent sweep 3. norm of D = 1.440407e-01, change in D = 5.371059e-02.
  Coordinate descent sweep 4. norm of D = 1.709904e-01, change in D = 4.870585e-02.
  Coordinate descent sweep 5. norm of D = 2.062741e-01, change in D = 5.422627e-02.
  Coordinate descent sweep 6. norm of D = 2.400105e-01, change in D = 5.513660e-02.
    Line search step size chosen: 1.000000e+00.
  Objective value decreased by 7.092639e-04.
Newton iteration 17.
  Active set size = 28449.
  sub-gradient = 4.068020e-02, l1-norm of X = 3.538878e+02.
  Coordinate descent sweep 1. norm of D = 4.613036e-02, change in D = 4.613036e-02.
  Coordinate descent sweep 2. norm of D = 7.762063e-02, change in D = 4.685448e-02.
  Coordinate descent sweep 3. norm of D = 1.027286e-01, change in D = 4.225138e-02.
  Coordinate descent sweep 4. norm of D = 1.306364e-01, change in D = 3.984949e-02.
  Coordinate descent sweep 5. norm of D = 1.553304e-01, change in D = 3.935917e-02.
  Coordinate descent sweep 6. norm of D = 1.788333e-01, change in D = 3.874793e-02.
    Line search step size chosen: 1.000000e+00.
  Objective value decreased by 4.008887e-04.
Newton iteration 18.
  Active set size = 28449.
  sub-gradient = 2.903709e-02, l1-norm of X = 3.539078e+02.
  Coordinate descent sweep 1. norm of D = 3.057855e-02, change in D = 3.057855e-02.
  Coordinate descent sweep 2. norm of D = 5.069743e-02, change in D = 3.063842e-02.
  Coordinate descent sweep 3. norm of D = 7.243854e-02, change in D = 3.060258e-02.
  Coordinate descent sweep 4. norm of D = 8.913503e-02, change in D = 2.382623e-02.
  Coordinate descent sweep 5. norm of D = 1.043489e-01, change in D = 2.352664e-02.
  Coordinate descent sweep 6. norm of D = 1.233229e-01, change in D = 2.645456e-02.
  Coordinate descent sweep 7. norm of D = 1.376680e-01, change in D = 2.341126e-02.
    Line search step size chosen: 1.000000e+00.
  Objective value decreased by 2.226136e-04.
QUIC CPU time: 6028.350 seconds
