[1] "/work-zfs/abattle4/prashanthi/recount3/data/skeletal_muscle/all/weighted_covariances/cov_8.rds"
[1] "Data read complete"
Running QUIC version 1.1 in 'default' mode.
Newton iteration 1.
  X is a diagonal matrix.
    Line search step size 1.000000e+00.  Lack of positive definiteness.
    Line search step size chosen: 5.000000e-01.
  Objective value decreased by 2.427152e+00.
Newton iteration 2.
  Active set size = 9382.
  sub-gradient = 9.810567e+00, l1-norm of X = 1.174525e+01.
  Coordinate descent sweep 1. norm of D = 1.032375e+01, change in D = 1.032375e+01.
    Line search step size chosen: 1.000000e+00.
  Objective value decreased by 6.255631e-01.
Newton iteration 3.
  Active set size = 9378.
  sub-gradient = 3.443971e+00, l1-norm of X = 1.974014e+01.
  Coordinate descent sweep 1. norm of D = 3.058939e+00, change in D = 3.058939e+00.
  Coordinate descent sweep 2. norm of D = 3.580730e+00, change in D = 8.401697e-01.
    Line search step size chosen: 1.000000e+00.
  Objective value decreased by 7.033227e-02.
Newton iteration 4.
  Active set size = 9376.
  sub-gradient = 4.803123e-01, l1-norm of X = 2.039414e+01.
  Coordinate descent sweep 1. norm of D = 5.000195e-01, change in D = 5.000195e-01.
  Coordinate descent sweep 2. norm of D = 6.194056e-01, change in D = 1.558776e-01.
    Line search step size chosen: 1.000000e+00.
  Objective value decreased by 5.666175e-03.
Newton iteration 5.
  Active set size = 9376.
  sub-gradient = 7.954483e-02, l1-norm of X = 2.053859e+01.
  Coordinate descent sweep 1. norm of D = 9.164674e-02, change in D = 9.164674e-02.
  Coordinate descent sweep 2. norm of D = 1.236103e-01, change in D = 3.875820e-02.
    Line search step size chosen: 1.000000e+00.
  Objective value decreased by 4.433365e-04.
Newton iteration 6.
  Active set size = 9376.
  sub-gradient = 2.449538e-02, l1-norm of X = 2.057509e+01.
  Coordinate descent sweep 1. norm of D = 2.652924e-02, change in D = 2.652924e-02.
  Coordinate descent sweep 2. norm of D = 3.842685e-02, change in D = 1.471908e-02.
  Coordinate descent sweep 3. norm of D = 4.496697e-02, change in D = 7.951350e-03.
    Line search step size chosen: 1.000000e+00.
  Objective value decreased by 7.515472e-05.
Newton iteration 7.
  Active set size = 9376.
  sub-gradient = 2.981700e-03, l1-norm of X = 2.059422e+01.
  Coordinate descent sweep 1. norm of D = 3.695727e-03, change in D = 3.695727e-03.
  Coordinate descent sweep 2. norm of D = 5.418472e-03, change in D = 1.883463e-03.
  Coordinate descent sweep 3. norm of D = 6.143402e-03, change in D = 9.013242e-04.
    Line search step size chosen: 1.000000e+00.
  Objective value decreased by 1.460503e-06.
Newton iteration 8.
  Active set size = 9376.
  sub-gradient = 5.972204e-04, l1-norm of X = 2.059621e+01.
  Coordinate descent sweep 1. norm of D = 5.199360e-04, change in D = 5.199360e-04.
  Coordinate descent sweep 2. norm of D = 8.977675e-04, change in D = 4.697018e-04.
  Coordinate descent sweep 3. norm of D = 1.104083e-03, change in D = 2.271329e-04.
    Line search step size chosen: 1.000000e+00.
  Objective value decreased by 7.358722e-08.
QUIC CPU time: 2527.660 seconds
