[1] "/work-zfs/abattle4/prashanthi/recount3/data/skeletal_muscle/all/weighted_covariances/cov_8.rds"
[1] "Data read complete"
Running QUIC version 1.1 in 'default' mode.
Newton iteration 1.
  X is a diagonal matrix.
    Line search step size chosen: 1.000000e+00.
  Objective value decreased by 1.365614e+00.
Newton iteration 2.
  Active set size = 9324.
  sub-gradient = 1.809930e+01, l1-norm of X = 1.626553e+01.
  Coordinate descent sweep 1. norm of D = 4.304611e+00, change in D = 4.304611e+00.
    Line search step size chosen: 1.000000e+00.
  Objective value decreased by 4.280126e-01.
Newton iteration 3.
  Active set size = 9320.
  sub-gradient = 4.960358e+00, l1-norm of X = 1.504421e+01.
  Coordinate descent sweep 1. norm of D = 1.900477e+00, change in D = 1.900477e+00.
  Coordinate descent sweep 2. norm of D = 2.001881e+00, change in D = 7.507776e-01.
    Line search step size chosen: 1.000000e+00.
  Objective value decreased by 1.359102e-01.
Newton iteration 4.
  Active set size = 9316.
  sub-gradient = 1.280106e+00, l1-norm of X = 1.471706e+01.
  Coordinate descent sweep 1. norm of D = 7.075881e-01, change in D = 7.075881e-01.
  Coordinate descent sweep 2. norm of D = 7.636375e-01, change in D = 3.802031e-01.
    Line search step size chosen: 1.000000e+00.
  Objective value decreased by 2.488681e-02.
Newton iteration 5.
  Active set size = 9316.
  sub-gradient = 2.994816e-01, l1-norm of X = 1.470180e+01.
  Coordinate descent sweep 1. norm of D = 2.054947e-01, change in D = 2.054947e-01.
  Coordinate descent sweep 2. norm of D = 2.620860e-01, change in D = 1.058310e-01.
    Line search step size chosen: 1.000000e+00.
  Objective value decreased by 3.101049e-03.
Newton iteration 6.
  Active set size = 9316.
  sub-gradient = 5.782900e-02, l1-norm of X = 1.470086e+01.
  Coordinate descent sweep 1. norm of D = 4.675104e-02, change in D = 4.675104e-02.
  Coordinate descent sweep 2. norm of D = 6.686975e-02, change in D = 3.066361e-02.
  Coordinate descent sweep 3. norm of D = 7.429802e-02, change in D = 9.539223e-03.
    Line search step size chosen: 1.000000e+00.
  Objective value decreased by 3.385316e-04.
Newton iteration 7.
  Active set size = 9316.
  sub-gradient = 7.938594e-03, l1-norm of X = 1.470926e+01.
  Coordinate descent sweep 1. norm of D = 7.237461e-03, change in D = 7.237461e-03.
  Coordinate descent sweep 2. norm of D = 9.483386e-03, change in D = 2.603372e-03.
  Coordinate descent sweep 3. norm of D = 1.109126e-02, change in D = 1.678936e-03.
    Line search step size chosen: 1.000000e+00.
  Objective value decreased by 9.352094e-06.
Newton iteration 8.
  Active set size = 9316.
  sub-gradient = 6.776607e-04, l1-norm of X = 1.471012e+01.
  Coordinate descent sweep 1. norm of D = 7.003277e-04, change in D = 7.003277e-04.
  Coordinate descent sweep 2. norm of D = 1.074500e-03, change in D = 4.596428e-04.
  Coordinate descent sweep 3. norm of D = 1.202210e-03, change in D = 2.469035e-04.
    Line search step size chosen: 1.000000e+00.
  Objective value decreased by 1.641001e-07.
QUIC CPU time: 2427.390 seconds
