[1] "/work-zfs/abattle4/prashanthi/recount3/data/skeletal_muscle/all/weighted_covariances/cov_8.rds"
[1] "Data read complete"
Running QUIC version 1.1 in 'default' mode.
Newton iteration 1.
  X is a diagonal matrix.
    Line search step size chosen: 1.000000e+00.
  Objective value decreased by 1.190557e+00.
Newton iteration 2.
  Active set size = 9291.
  sub-gradient = 1.012072e+01, l1-norm of X = 1.339616e+01.
  Coordinate descent sweep 1. norm of D = 3.515672e+00, change in D = 3.515672e+00.
    Line search step size chosen: 1.000000e+00.
  Objective value decreased by 2.836042e-01.
Newton iteration 3.
  Active set size = 9289.
  sub-gradient = 1.972908e+00, l1-norm of X = 1.222239e+01.
  Coordinate descent sweep 1. norm of D = 1.353819e+00, change in D = 1.353819e+00.
  Coordinate descent sweep 2. norm of D = 1.599897e+00, change in D = 5.041592e-01.
    Line search step size chosen: 1.000000e+00.
  Objective value decreased by 5.448686e-02.
Newton iteration 4.
  Active set size = 9287.
  sub-gradient = 2.777822e-01, l1-norm of X = 1.228851e+01.
  Coordinate descent sweep 1. norm of D = 2.107906e-01, change in D = 2.107906e-01.
  Coordinate descent sweep 2. norm of D = 2.226273e-01, change in D = 6.219934e-02.
    Line search step size chosen: 1.000000e+00.
  Objective value decreased by 1.523870e-03.
Newton iteration 5.
  Active set size = 9287.
  sub-gradient = 2.196636e-02, l1-norm of X = 1.229716e+01.
  Coordinate descent sweep 1. norm of D = 2.253165e-02, change in D = 2.253165e-02.
  Coordinate descent sweep 2. norm of D = 2.764414e-02, change in D = 7.632985e-03.
    Line search step size chosen: 1.000000e+00.
  Objective value decreased by 1.851879e-05.
Newton iteration 6.
  Active set size = 9287.
  sub-gradient = 2.684208e-03, l1-norm of X = 1.229647e+01.
  Coordinate descent sweep 1. norm of D = 2.545950e-03, change in D = 2.545950e-03.
  Coordinate descent sweep 2. norm of D = 3.130928e-03, change in D = 1.085470e-03.
  Coordinate descent sweep 3. norm of D = 3.488579e-03, change in D = 5.494072e-04.
    Line search step size chosen: 1.000000e+00.
  Objective value decreased by 2.856505e-07.
Newton iteration 7.
  Active set size = 9287.
  sub-gradient = 1.710720e-04, l1-norm of X = 1.229661e+01.
  Coordinate descent sweep 1. norm of D = 1.897285e-04, change in D = 1.897285e-04.
  Coordinate descent sweep 2. norm of D = 2.456985e-04, change in D = 8.987634e-05.
  Coordinate descent sweep 3. norm of D = 2.770999e-04, change in D = 5.606345e-05.
    Line search step size chosen: 1.000000e+00.
  Objective value decreased by 2.613888e-09.
QUIC CPU time: 2154.250 seconds
