[1] "/work-zfs/abattle4/prashanthi/recount3/data/skeletal_muscle/all/weighted_covariances/cov_8.rds"
[1] "Data read complete"
Running QUIC version 1.1 in 'default' mode.
Newton iteration 1.
  X is a diagonal matrix.
    Line search step size chosen: 1.000000e+00.
  Objective value decreased by 9.734595e-01.
Newton iteration 2.
  Active set size = 9276.
  sub-gradient = 6.511050e+00, l1-norm of X = 1.090794e+01.
  Coordinate descent sweep 1. norm of D = 2.815642e+00, change in D = 2.815642e+00.
    Line search step size chosen: 1.000000e+00.
  Objective value decreased by 1.765162e-01.
Newton iteration 3.
  Active set size = 9272.
  sub-gradient = 1.222501e+00, l1-norm of X = 1.007160e+01.
  Coordinate descent sweep 1. norm of D = 8.556955e-01, change in D = 8.556955e-01.
  Coordinate descent sweep 2. norm of D = 9.671647e-01, change in D = 2.860830e-01.
    Line search step size chosen: 1.000000e+00.
  Objective value decreased by 3.087914e-02.
Newton iteration 4.
  Active set size = 9271.
  sub-gradient = 1.714049e-01, l1-norm of X = 1.009972e+01.
  Coordinate descent sweep 1. norm of D = 1.824355e-01, change in D = 1.824355e-01.
  Coordinate descent sweep 2. norm of D = 2.295501e-01, change in D = 5.017257e-02.
    Line search step size chosen: 1.000000e+00.
  Objective value decreased by 3.947473e-03.
Newton iteration 5.
  Active set size = 9271.
  sub-gradient = 2.597559e-02, l1-norm of X = 1.014254e+01.
  Coordinate descent sweep 1. norm of D = 3.200672e-02, change in D = 3.200672e-02.
  Coordinate descent sweep 2. norm of D = 4.530862e-02, change in D = 1.359579e-02.
    Line search step size chosen: 1.000000e+00.
  Objective value decreased by 1.348523e-04.
Newton iteration 6.
  Active set size = 9271.
  sub-gradient = 4.032672e-03, l1-norm of X = 1.015948e+01.
  Coordinate descent sweep 1. norm of D = 4.028353e-03, change in D = 4.028353e-03.
  Coordinate descent sweep 2. norm of D = 6.498895e-03, change in D = 2.844193e-03.
  Coordinate descent sweep 3. norm of D = 7.511275e-03, change in D = 1.206195e-03.
    Line search step size chosen: 1.000000e+00.
  Objective value decreased by 4.081312e-06.
Newton iteration 7.
  Active set size = 9271.
  sub-gradient = 3.076884e-04, l1-norm of X = 1.016301e+01.
  Coordinate descent sweep 1. norm of D = 2.738374e-04, change in D = 2.738374e-04.
  Coordinate descent sweep 2. norm of D = 3.793599e-04, change in D = 1.195688e-04.
  Coordinate descent sweep 3. norm of D = 4.448138e-04, change in D = 9.864873e-05.
    Line search step size chosen: 1.000000e+00.
  Objective value decreased by 2.260640e-08.
QUIC CPU time: 4345.080 seconds
