[1] "/work-zfs/abattle4/prashanthi/recount3/data/skeletal_muscle/all/weighted_covariances/cov_8.rds"
[1] "Data read complete"
Running QUIC version 1.1 in 'default' mode.
Newton iteration 1.
  X is a diagonal matrix.
    Line search step size chosen: 1.000000e+00.
  Objective value decreased by 7.722268e-01.
Newton iteration 2.
  Active set size = 9257.
  sub-gradient = 4.400185e+00, l1-norm of X = 8.781889e+00.
  Coordinate descent sweep 1. norm of D = 2.175863e+00, change in D = 2.175863e+00.
    Line search step size chosen: 1.000000e+00.
  Objective value decreased by 1.255307e-01.
Newton iteration 3.
  Active set size = 9257.
  sub-gradient = 6.681753e-01, l1-norm of X = 8.184191e+00.
  Coordinate descent sweep 1. norm of D = 5.526738e-01, change in D = 5.526738e-01.
  Coordinate descent sweep 2. norm of D = 6.387403e-01, change in D = 1.903114e-01.
    Line search step size chosen: 1.000000e+00.
  Objective value decreased by 1.215768e-02.
Newton iteration 4.
  Active set size = 9257.
  sub-gradient = 6.975889e-02, l1-norm of X = 8.227000e+00.
  Coordinate descent sweep 1. norm of D = 7.679234e-02, change in D = 7.679234e-02.
  Coordinate descent sweep 2. norm of D = 1.000822e-01, change in D = 2.743726e-02.
    Line search step size chosen: 1.000000e+00.
  Objective value decreased by 4.525903e-04.
Newton iteration 5.
  Active set size = 9257.
  sub-gradient = 6.888926e-03, l1-norm of X = 8.261359e+00.
  Coordinate descent sweep 1. norm of D = 8.741944e-03, change in D = 8.741944e-03.
  Coordinate descent sweep 2. norm of D = 1.181142e-02, change in D = 3.515090e-03.
    Line search step size chosen: 1.000000e+00.
  Objective value decreased by 9.383528e-06.
Newton iteration 6.
  Active set size = 9257.
  sub-gradient = 1.110896e-03, l1-norm of X = 8.266663e+00.
  Coordinate descent sweep 1. norm of D = 1.153593e-03, change in D = 1.153593e-03.
  Coordinate descent sweep 2. norm of D = 1.544171e-03, change in D = 5.852235e-04.
  Coordinate descent sweep 3. norm of D = 1.676811e-03, change in D = 2.135811e-04.
    Line search step size chosen: 1.000000e+00.
  Objective value decreased by 2.245015e-07.
Newton iteration 7.
  Active set size = 9257.
  sub-gradient = 1.259415e-04, l1-norm of X = 8.267190e+00.
  Coordinate descent sweep 1. norm of D = 1.402023e-04, change in D = 1.402023e-04.
  Coordinate descent sweep 2. norm of D = 1.733277e-04, change in D = 3.663607e-05.
  Coordinate descent sweep 3. norm of D = 1.838289e-04, change in D = 1.493456e-05.
    Line search step size chosen: 1.000000e+00.
  Objective value decreased by 2.066372e-09.
QUIC CPU time: 2167.720 seconds
