[1] "/work-zfs/abattle4/prashanthi/recount3/data/skeletal_muscle/all/weighted_covariances/cov_8.rds"
[1] "Data read complete"
Running QUIC version 1.1 in 'default' mode.
Newton iteration 1.
  X is a diagonal matrix.
    Line search step size chosen: 1.000000e+00.
  Objective value decreased by 5.923076e-02.
Newton iteration 2.
  Active set size = 9181.
  sub-gradient = 2.046289e-01, l1-norm of X = 9.763829e-01.
  Coordinate descent sweep 1. norm of D = 1.592288e-01, change in D = 1.592288e-01.
    Line search step size chosen: 1.000000e+00.
  Objective value decreased by 1.974764e-03.
Newton iteration 3.
  Active set size = 9181.
  sub-gradient = 2.822192e-02, l1-norm of X = 9.039868e-01.
  Coordinate descent sweep 1. norm of D = 2.913701e-02, change in D = 2.913701e-02.
  Coordinate descent sweep 2. norm of D = 2.904771e-02, change in D = 4.367407e-03.
    Line search step size chosen: 1.000000e+00.
  Objective value decreased by 9.205586e-05.
Newton iteration 4.
  Active set size = 9181.
  sub-gradient = 7.224450e-04, l1-norm of X = 9.296901e-01.
  Coordinate descent sweep 1. norm of D = 7.546636e-04, change in D = 7.546636e-04.
  Coordinate descent sweep 2. norm of D = 8.579833e-04, change in D = 2.312235e-04.
    Line search step size chosen: 1.000000e+00.
  Objective value decreased by 1.244080e-07.
Newton iteration 5.
  Active set size = 9181.
  sub-gradient = 5.593028e-05, l1-norm of X = 9.303494e-01.
  Coordinate descent sweep 1. norm of D = 5.335492e-05, change in D = 5.335492e-05.
  Coordinate descent sweep 2. norm of D = 6.500016e-05, change in D = 2.090273e-05.
    Line search step size chosen: 1.000000e+00.
  Objective value decreased by 8.130883e-10.
QUIC CPU time: 1572.110 seconds
