[1] "/work-zfs/abattle4/prashanthi/recount3/data/skeletal_muscle/all/weighted_covariances/cov_8.rds"
[1] "Data read complete"
Running QUIC version 1.1 in 'default' mode.
Newton iteration 1.
  X is a diagonal matrix.
    Line search step size chosen: 1.000000e+00.
  Objective value decreased by 1.389974e-02.
Newton iteration 2.
  Active set size = 9180.
  sub-gradient = 4.220355e-02, l1-norm of X = 4.795059e-01.
  Coordinate descent sweep 1. norm of D = 3.785434e-02, change in D = 3.785434e-02.
    Line search step size chosen: 1.000000e+00.
  Objective value decreased by 1.151296e-04.
Newton iteration 3.
  Active set size = 9180.
  sub-gradient = 2.558265e-03, l1-norm of X = 4.625704e-01.
  Coordinate descent sweep 1. norm of D = 2.502921e-03, change in D = 2.502921e-03.
  Coordinate descent sweep 2. norm of D = 2.622435e-03, change in D = 1.336257e-04.
    Line search step size chosen: 1.000000e+00.
  Objective value decreased by 1.237533e-06.
Newton iteration 4.
  Active set size = 9180.
  sub-gradient = 6.658898e-06, l1-norm of X = 4.645600e-01.
  Coordinate descent sweep 1. norm of D = 6.027191e-06, change in D = 6.027191e-06.
  Coordinate descent sweep 2. norm of D = 5.504092e-06, change in D = 5.901703e-07.
    Line search step size chosen: 1.000000e+00.
  Objective value decreased by 7.275958e-12.
QUIC CPU time: 1573.630 seconds
