[1] "/work-zfs/abattle4/prashanthi/recount3/data/skeletal_muscle/all/weighted_covariances/cov_8.rds"
[1] "Data read complete"
Running QUIC version 1.1 in 'default' mode.
Newton iteration 1.
  X is a diagonal matrix.
    Line search step size chosen: 1.000000e+00.
  Objective value decreased by 6.308769e-05.
Newton iteration 2.
  Active set size = 9176.
  sub-gradient = 1.266885e-04, l1-norm of X = 1.556809e-02.
  Coordinate descent sweep 1. norm of D = 1.261674e-04, change in D = 1.261674e-04.
    Line search step size chosen: 1.000000e+00.
  Objective value decreased by 3.979949e-09.
Newton iteration 3.
  Active set size = 9176.
  sub-gradient = 5.050024e-07, l1-norm of X = 1.556809e-02.
  Coordinate descent sweep 1. norm of D = 5.129608e-07, change in D = 5.129608e-07.
  Coordinate descent sweep 2. norm of D = 5.209836e-07, change in D = 8.022821e-09.
    Line search step size chosen: 1.000000e+00.
  Objective value decreased by 1.818989e-12.
QUIC CPU time: 1001.900 seconds
