[1] "/data/abattle4/prashanthi/recount3/data/blood/all/weighted_covariances/cov_55.rds"
[1] "Data read complete"
Running QUIC version 1.1 in 'default' mode.
Newton iteration 1.
  X is a diagonal matrix.
    Line search step size 1.000000e+00.  Lack of positive definiteness.
    Line search step size 5.000000e-01.  Lack of positive definiteness.
    Line search step size 2.500000e-01.  Lack of positive definiteness.
    Line search step size 1.250000e-01.  Lack of positive definiteness.
    Line search step size chosen: 6.250000e-02.
  Objective value decreased by 3.402274e+01.
Newton iteration 2.
  Active set size = 26583.
  sub-gradient = 1.419185e+03, l1-norm of X = 5.203793e+01.
  Coordinate descent sweep 1. norm of D = 9.030712e+02, change in D = 9.030712e+02.
    Line search step size 1.000000e+00.  Lack of positive definiteness.
    Line search step size 5.000000e-01.  Lack of positive definiteness.
    Line search step size 2.500000e-01.  Lack of positive definiteness.
    Line search step size chosen: 1.250000e-01.
  Objective value decreased by 2.738107e+01.
Newton iteration 3.
  Active set size = 26583.
  sub-gradient = 1.053959e+03, l1-norm of X = 1.069401e+02.
  Coordinate descent sweep 1. norm of D = 5.130160e+02, change in D = 5.130160e+02.
  Coordinate descent sweep 2. norm of D = 4.905896e+02, change in D = 1.373796e+02.
    Line search step size 1.000000e+00.  Lack of positive definiteness.
    Line search step size chosen: 5.000000e-01.
  Objective value decreased by 3.005601e+01.
Newton iteration 4.
  Active set size = 26587.
  sub-gradient = 5.481167e+02, l1-norm of X = 1.952413e+02.
  Coordinate descent sweep 1. norm of D = 2.111106e+02, change in D = 2.111106e+02.
  Coordinate descent sweep 2. norm of D = 2.480115e+02, change in D = 7.564827e+01.
    Line search step size chosen: 1.000000e+00.
  Objective value decreased by 1.078112e+01.
Newton iteration 5.
  Active set size = 19464.
  sub-gradient = 7.038951e+01, l1-norm of X = 2.422468e+02.
  Coordinate descent sweep 1. norm of D = 5.695026e+01, change in D = 5.695026e+01.
  Coordinate descent sweep 2. norm of D = 7.419665e+01, change in D = 3.319655e+01.
    Line search step size chosen: 1.000000e+00.
  Objective value decreased by 1.638000e+00.
Newton iteration 6.
  Active set size = 19017.
  sub-gradient = 2.547615e+01, l1-norm of X = 2.495452e+02.
  Coordinate descent sweep 1. norm of D = 2.349638e+01, change in D = 2.349638e+01.
  Coordinate descent sweep 2. norm of D = 3.115536e+01, change in D = 1.554898e+01.
  Coordinate descent sweep 3. norm of D = 3.583226e+01, change in D = 1.040364e+01.
    Line search step size chosen: 1.000000e+00.
  Objective value decreased by 5.020885e-01.
Newton iteration 7.
  Active set size = 18772.
  sub-gradient = 8.963367e+00, l1-norm of X = 2.527768e+02.
  Coordinate descent sweep 1. norm of D = 7.894068e+00, change in D = 7.894068e+00.
  Coordinate descent sweep 2. norm of D = 1.079121e+01, change in D = 6.071337e+00.
  Coordinate descent sweep 3. norm of D = 1.260662e+01, change in D = 4.562153e+00.
    Line search step size chosen: 1.000000e+00.
  Objective value decreased by 9.813902e-02.
Newton iteration 8.
  Active set size = 18707.
  sub-gradient = 3.985049e+00, l1-norm of X = 2.537661e+02.
  Coordinate descent sweep 1. norm of D = 3.576700e+00, change in D = 3.576700e+00.
  Coordinate descent sweep 2. norm of D = 4.867879e+00, change in D = 2.789326e+00.
  Coordinate descent sweep 3. norm of D = 5.664806e+00, change in D = 2.129680e+00.
    Line search step size chosen: 1.000000e+00.
  Objective value decreased by 3.021061e-02.
Newton iteration 9.
  Active set size = 18700.
  sub-gradient = 1.924305e+00, l1-norm of X = 2.541979e+02.
  Coordinate descent sweep 1. norm of D = 1.756359e+00, change in D = 1.756359e+00.
  Coordinate descent sweep 2. norm of D = 2.320497e+00, change in D = 1.385277e+00.
  Coordinate descent sweep 3. norm of D = 2.732721e+00, change in D = 1.101638e+00.
  Coordinate descent sweep 4. norm of D = 3.047486e+00, change in D = 8.725676e-01.
    Line search step size chosen: 1.000000e+00.
  Objective value decreased by 1.130577e-02.
Newton iteration 10.
  Active set size = 18682.
  sub-gradient = 6.941761e-01, l1-norm of X = 2.544285e+02.
  Coordinate descent sweep 1. norm of D = 7.452327e-01, change in D = 7.452327e-01.
  Coordinate descent sweep 2. norm of D = 9.966299e-01, change in D = 5.934097e-01.
  Coordinate descent sweep 3. norm of D = 1.180486e+00, change in D = 5.040691e-01.
  Coordinate descent sweep 4. norm of D = 1.331151e+00, change in D = 4.226202e-01.
    Line search step size chosen: 1.000000e+00.
  Objective value decreased by 3.116509e-03.
Newton iteration 11.
  Active set size = 18673.
  sub-gradient = 3.542875e-01, l1-norm of X = 2.545224e+02.
  Coordinate descent sweep 1. norm of D = 3.634156e-01, change in D = 3.634156e-01.
  Coordinate descent sweep 2. norm of D = 5.122006e-01, change in D = 3.193950e-01.
  Coordinate descent sweep 3. norm of D = 6.084912e-01, change in D = 2.779848e-01.
  Coordinate descent sweep 4. norm of D = 6.723073e-01, change in D = 2.235907e-01.
    Line search step size chosen: 1.000000e+00.
  Objective value decreased by 1.046349e-03.
Newton iteration 12.
  Active set size = 18672.
  sub-gradient = 1.930916e-01, l1-norm of X = 2.545636e+02.
  Coordinate descent sweep 1. norm of D = 1.956676e-01, change in D = 1.956676e-01.
  Coordinate descent sweep 2. norm of D = 2.729348e-01, change in D = 1.636697e-01.
  Coordinate descent sweep 3. norm of D = 3.311048e-01, change in D = 1.482784e-01.
  Coordinate descent sweep 4. norm of D = 3.665878e-01, change in D = 1.189875e-01.
  Coordinate descent sweep 5. norm of D = 4.001335e-01, change in D = 1.128677e-01.
    Line search step size chosen: 1.000000e+00.
  Objective value decreased by 4.329851e-04.
Newton iteration 13.
  Active set size = 18671.
  sub-gradient = 8.482335e-02, l1-norm of X = 2.545915e+02.
  Coordinate descent sweep 1. norm of D = 8.898846e-02, change in D = 8.898846e-02.
  Coordinate descent sweep 2. norm of D = 1.242110e-01, change in D = 7.845020e-02.
  Coordinate descent sweep 3. norm of D = 1.542765e-01, change in D = 7.309418e-02.
  Coordinate descent sweep 4. norm of D = 1.707107e-01, change in D = 5.897817e-02.
  Coordinate descent sweep 5. norm of D = 1.880113e-01, change in D = 5.325071e-02.
    Line search step size chosen: 1.000000e+00.
  Objective value decreased by 1.257824e-04.
Newton iteration 14.
  Active set size = 18668.
  sub-gradient = 1.046591e-01, l1-norm of X = 2.546043e+02.
  Coordinate descent sweep 1. norm of D = 4.700611e-02, change in D = 4.700611e-02.
  Coordinate descent sweep 2. norm of D = 6.751482e-02, change in D = 4.169586e-02.
  Coordinate descent sweep 3. norm of D = 7.933493e-02, change in D = 3.718963e-02.
  Coordinate descent sweep 4. norm of D = 8.749453e-02, change in D = 2.986294e-02.
  Coordinate descent sweep 5. norm of D = 9.573860e-02, change in D = 3.075174e-02.
    Line search step size chosen: 1.000000e+00.
  Objective value decreased by 4.109013e-05.
Newton iteration 15.
  Active set size = 18667.
  sub-gradient = 2.151569e-02, l1-norm of X = 2.546109e+02.
  Coordinate descent sweep 1. norm of D = 2.537355e-02, change in D = 2.537355e-02.
  Coordinate descent sweep 2. norm of D = 3.320446e-02, change in D = 1.925376e-02.
  Coordinate descent sweep 3. norm of D = 3.985460e-02, change in D = 2.009293e-02.
  Coordinate descent sweep 4. norm of D = 4.536099e-02, change in D = 1.552594e-02.
  Coordinate descent sweep 5. norm of D = 5.020968e-02, change in D = 1.430968e-02.
  Coordinate descent sweep 6. norm of D = 5.381891e-02, change in D = 1.241187e-02.
    Line search step size chosen: 1.000000e+00.
  Objective value decreased by 1.386785e-05.
QUIC CPU time: 5794.928 seconds
