[1] "/data/abattle4/prashanthi/recount3/data/blood/all/weighted_covariances/cov_55.rds"
[1] "Data read complete"
Running QUIC version 1.1 in 'default' mode.
Newton iteration 1.
  X is a diagonal matrix.
    Line search step size 1.000000e+00.  Lack of positive definiteness.
    Line search step size 5.000000e-01.  Lack of positive definiteness.
    Line search step size 2.500000e-01.  Lack of positive definiteness.
    Line search step size chosen: 1.250000e-01.
  Objective value decreased by 1.322939e+01.
Newton iteration 2.
  Active set size = 11549.
  sub-gradient = 2.516647e+02, l1-norm of X = 3.452191e+01.
  Coordinate descent sweep 1. norm of D = 1.726972e+02, change in D = 1.726972e+02.
    Line search step size 1.000000e+00.  Lack of positive definiteness.
    Line search step size 5.000000e-01.  Lack of positive definiteness.
    Line search step size chosen: 2.500000e-01.
  Objective value decreased by 8.102678e+00.
Newton iteration 3.
  Active set size = 11549.
  sub-gradient = 1.549307e+02, l1-norm of X = 6.433766e+01.
  Coordinate descent sweep 1. norm of D = 9.811829e+01, change in D = 9.811829e+01.
  Coordinate descent sweep 2. norm of D = 1.023171e+02, change in D = 2.707793e+01.
    Line search step size chosen: 1.000000e+00.
  Objective value decreased by 6.547274e+00.
Newton iteration 4.
  Active set size = 10581.
  sub-gradient = 7.701250e+01, l1-norm of X = 1.094886e+02.
  Coordinate descent sweep 1. norm of D = 2.210711e+01, change in D = 2.210711e+01.
  Coordinate descent sweep 2. norm of D = 2.477697e+01, change in D = 1.050695e+01.
    Line search step size chosen: 1.000000e+00.
  Objective value decreased by 5.706409e-01.
Newton iteration 5.
  Active set size = 10428.
  sub-gradient = 1.272285e+01, l1-norm of X = 1.095203e+02.
  Coordinate descent sweep 1. norm of D = 7.247653e+00, change in D = 7.247653e+00.
  Coordinate descent sweep 2. norm of D = 8.917854e+00, change in D = 4.090193e+00.
    Line search step size chosen: 1.000000e+00.
  Objective value decreased by 9.104823e-02.
Newton iteration 6.
  Active set size = 10401.
  sub-gradient = 2.588973e+00, l1-norm of X = 1.100259e+02.
  Coordinate descent sweep 1. norm of D = 2.452475e+00, change in D = 2.452475e+00.
  Coordinate descent sweep 2. norm of D = 3.273477e+00, change in D = 1.619773e+00.
  Coordinate descent sweep 3. norm of D = 3.672371e+00, change in D = 1.000432e+00.
    Line search step size chosen: 1.000000e+00.
  Objective value decreased by 1.987179e-02.
Newton iteration 7.
  Active set size = 10386.
  sub-gradient = 8.881081e-01, l1-norm of X = 1.104136e+02.
  Coordinate descent sweep 1. norm of D = 6.918576e-01, change in D = 6.918576e-01.
  Coordinate descent sweep 2. norm of D = 8.791349e-01, change in D = 4.604802e-01.
  Coordinate descent sweep 3. norm of D = 1.037284e+00, change in D = 3.443676e-01.
    Line search step size chosen: 1.000000e+00.
  Objective value decreased by 2.429670e-03.
Newton iteration 8.
  Active set size = 10384.
  sub-gradient = 2.244593e-01, l1-norm of X = 1.105367e+02.
  Coordinate descent sweep 1. norm of D = 2.307165e-01, change in D = 2.307165e-01.
  Coordinate descent sweep 2. norm of D = 3.148293e-01, change in D = 1.595887e-01.
  Coordinate descent sweep 3. norm of D = 3.633953e-01, change in D = 1.101496e-01.
    Line search step size chosen: 1.000000e+00.
  Objective value decreased by 3.581960e-04.
Newton iteration 9.
  Active set size = 10383.
  sub-gradient = 8.303293e-02, l1-norm of X = 1.105742e+02.
  Coordinate descent sweep 1. norm of D = 7.812197e-02, change in D = 7.812197e-02.
  Coordinate descent sweep 2. norm of D = 1.024892e-01, change in D = 5.472911e-02.
  Coordinate descent sweep 3. norm of D = 1.156548e-01, change in D = 3.840530e-02.
  Coordinate descent sweep 4. norm of D = 1.293265e-01, change in D = 3.255742e-02.
    Line search step size chosen: 1.000000e+00.
  Objective value decreased by 5.231908e-05.
Newton iteration 10.
  Active set size = 10382.
  sub-gradient = 2.467695e-02, l1-norm of X = 1.105873e+02.
  Coordinate descent sweep 1. norm of D = 2.351130e-02, change in D = 2.351130e-02.
  Coordinate descent sweep 2. norm of D = 3.157342e-02, change in D = 1.675418e-02.
  Coordinate descent sweep 3. norm of D = 3.633385e-02, change in D = 1.245530e-02.
  Coordinate descent sweep 4. norm of D = 3.955722e-02, change in D = 9.279606e-03.
    Line search step size chosen: 1.000000e+00.
  Objective value decreased by 6.182166e-06.
Newton iteration 11.
  Active set size = 10382.
  sub-gradient = 8.977506e-03, l1-norm of X = 1.105913e+02.
  Coordinate descent sweep 1. norm of D = 7.091176e-03, change in D = 7.091176e-03.
  Coordinate descent sweep 2. norm of D = 9.290994e-03, change in D = 5.350931e-03.
  Coordinate descent sweep 3. norm of D = 1.078276e-02, change in D = 3.809920e-03.
  Coordinate descent sweep 4. norm of D = 1.165689e-02, change in D = 2.557621e-03.
    Line search step size chosen: 1.000000e+00.
  Objective value decreased by 6.528280e-07.
QUIC CPU time: 4065.470 seconds
