[1] "/data/abattle4/prashanthi/recount3/data/blood/all/weighted_covariances/cov_55.rds"
[1] "Data read complete"
Running QUIC version 1.1 in 'default' mode.
Newton iteration 1.
  X is a diagonal matrix.
    Line search step size 1.000000e+00.  Lack of positive definiteness.
    Line search step size 5.000000e-01.  Lack of positive definiteness.
    Line search step size chosen: 2.500000e-01.
  Objective value decreased by 2.318359e+00.
Newton iteration 2.
  Active set size = 8347.
  sub-gradient = 2.724222e+01, l1-norm of X = 1.204539e+01.
  Coordinate descent sweep 1. norm of D = 2.166811e+01, change in D = 2.166811e+01.
    Line search step size chosen: 1.000000e+00.
  Objective value decreased by 7.402935e-01.
Newton iteration 3.
  Active set size = 8299.
  sub-gradient = 5.442425e+01, l1-norm of X = 3.319359e+01.
  Coordinate descent sweep 1. norm of D = 7.351887e+00, change in D = 7.351887e+00.
  Coordinate descent sweep 2. norm of D = 6.748573e+00, change in D = 3.307046e+00.
    Line search step size chosen: 1.000000e+00.
  Objective value decreased by 5.586872e-01.
Newton iteration 4.
  Active set size = 8283.
  sub-gradient = 1.679320e+01, l1-norm of X = 3.101961e+01.
  Coordinate descent sweep 1. norm of D = 3.451037e+00, change in D = 3.451037e+00.
  Coordinate descent sweep 2. norm of D = 3.294001e+00, change in D = 1.791006e+00.
    Line search step size chosen: 1.000000e+00.
  Objective value decreased by 1.542684e-01.
Newton iteration 5.
  Active set size = 8269.
  sub-gradient = 3.855830e+00, l1-norm of X = 2.977478e+01.
  Coordinate descent sweep 1. norm of D = 1.307831e+00, change in D = 1.307831e+00.
  Coordinate descent sweep 2. norm of D = 1.396372e+00, change in D = 7.828472e-01.
    Line search step size chosen: 1.000000e+00.
  Objective value decreased by 2.656689e-02.
Newton iteration 6.
  Active set size = 8267.
  sub-gradient = 4.357263e-01, l1-norm of X = 2.940090e+01.
  Coordinate descent sweep 1. norm of D = 3.735200e-01, change in D = 3.735200e-01.
  Coordinate descent sweep 2. norm of D = 4.466863e-01, change in D = 1.463379e-01.
  Coordinate descent sweep 3. norm of D = 4.777202e-01, change in D = 6.638751e-02.
    Line search step size chosen: 1.000000e+00.
  Objective value decreased by 2.375996e-03.
Newton iteration 7.
  Active set size = 8267.
  sub-gradient = 4.401890e-02, l1-norm of X = 2.940001e+01.
  Coordinate descent sweep 1. norm of D = 3.545368e-02, change in D = 3.545368e-02.
  Coordinate descent sweep 2. norm of D = 4.599239e-02, change in D = 1.756743e-02.
  Coordinate descent sweep 3. norm of D = 5.011935e-02, change in D = 7.004398e-03.
    Line search step size chosen: 1.000000e+00.
  Objective value decreased by 2.916584e-05.
Newton iteration 8.
  Active set size = 8267.
  sub-gradient = 3.544245e-03, l1-norm of X = 2.940248e+01.
  Coordinate descent sweep 1. norm of D = 3.539886e-03, change in D = 3.539886e-03.
  Coordinate descent sweep 2. norm of D = 4.435347e-03, change in D = 1.655752e-03.
  Coordinate descent sweep 3. norm of D = 4.823225e-03, change in D = 8.224343e-04.
    Line search step size chosen: 1.000000e+00.
  Objective value decreased by 3.594378e-07.
Newton iteration 9.
  Active set size = 8267.
  sub-gradient = 3.909005e-04, l1-norm of X = 2.940326e+01.
  Coordinate descent sweep 1. norm of D = 3.448017e-04, change in D = 3.448017e-04.
  Coordinate descent sweep 2. norm of D = 4.166072e-04, change in D = 1.672972e-04.
  Coordinate descent sweep 3. norm of D = 4.409604e-04, change in D = 9.639061e-05.
  Coordinate descent sweep 4. norm of D = 4.594329e-04, change in D = 5.750403e-05.
    Line search step size chosen: 1.000000e+00.
  Objective value decreased by 5.044967e-09.
QUIC CPU time: 3321.203 seconds
