[1] "/work-zfs/abattle4/prashanthi/recount3/data/central_nervous_system/all/weighted_covariances/cov_53.rds"
[1] "Data read complete"
Running QUIC version 1.1 in 'default' mode.
Newton iteration 1.
  X is a diagonal matrix.
    Line search step size 1.000000e+00.  Lack of positive definiteness.
    Line search step size 5.000000e-01.  Lack of positive definiteness.
    Line search step size 2.500000e-01.  Lack of positive definiteness.
    Line search step size chosen: 1.250000e-01.
  Objective value decreased by 2.368271e+01.
Newton iteration 2.
  Active set size = 20781.
  sub-gradient = 6.391745e+02, l1-norm of X = 5.420656e+01.
  Coordinate descent sweep 1. norm of D = 4.775274e+02, change in D = 4.775274e+02.
    Line search step size 1.000000e+00.  Lack of positive definiteness.
    Line search step size 5.000000e-01.  Lack of positive definiteness.
    Line search step size chosen: 2.500000e-01.
  Objective value decreased by 1.959641e+01.
Newton iteration 3.
  Active set size = 20781.
  sub-gradient = 3.756439e+02, l1-norm of X = 1.158161e+02.
  Coordinate descent sweep 1. norm of D = 2.745424e+02, change in D = 2.745424e+02.
  Coordinate descent sweep 2. norm of D = 2.826422e+02, change in D = 6.089820e+01.
    Line search step size chosen: 1.000000e+00.
  Objective value decreased by 1.572049e+01.
Newton iteration 4.
  Active set size = 17939.
  sub-gradient = 1.754155e+02, l1-norm of X = 2.160094e+02.
  Coordinate descent sweep 1. norm of D = 5.590501e+01, change in D = 5.590501e+01.
  Coordinate descent sweep 2. norm of D = 5.779879e+01, change in D = 2.753392e+01.
    Line search step size chosen: 1.000000e+00.
  Objective value decreased by 1.283016e+00.
Newton iteration 5.
  Active set size = 17473.
  sub-gradient = 2.729008e+01, l1-norm of X = 2.131036e+02.
  Coordinate descent sweep 1. norm of D = 1.631047e+01, change in D = 1.631047e+01.
  Coordinate descent sweep 2. norm of D = 1.957468e+01, change in D = 8.784629e+00.
    Line search step size chosen: 1.000000e+00.
  Objective value decreased by 1.841367e-01.
Newton iteration 6.
  Active set size = 17370.
  sub-gradient = 5.490374e+00, l1-norm of X = 2.133025e+02.
  Coordinate descent sweep 1. norm of D = 5.041173e+00, change in D = 5.041173e+00.
  Coordinate descent sweep 2. norm of D = 6.489706e+00, change in D = 2.978555e+00.
  Coordinate descent sweep 3. norm of D = 7.232667e+00, change in D = 1.746739e+00.
    Line search step size chosen: 1.000000e+00.
  Objective value decreased by 3.932728e-02.
Newton iteration 7.
  Active set size = 17346.
  sub-gradient = 1.370849e+00, l1-norm of X = 2.139038e+02.
  Coordinate descent sweep 1. norm of D = 1.252958e+00, change in D = 1.252958e+00.
  Coordinate descent sweep 2. norm of D = 1.642254e+00, change in D = 8.133468e-01.
  Coordinate descent sweep 3. norm of D = 1.920265e+00, change in D = 5.460732e-01.
    Line search step size chosen: 1.000000e+00.
  Objective value decreased by 6.294658e-03.
Newton iteration 8.
  Active set size = 17341.
  sub-gradient = 3.689690e-01, l1-norm of X = 2.140742e+02.
  Coordinate descent sweep 1. norm of D = 3.813723e-01, change in D = 3.813723e-01.
  Coordinate descent sweep 2. norm of D = 5.031141e-01, change in D = 2.638280e-01.
  Coordinate descent sweep 3. norm of D = 5.715725e-01, change in D = 1.792077e-01.
    Line search step size chosen: 1.000000e+00.
  Objective value decreased by 9.757169e-04.
Newton iteration 9.
  Active set size = 17342.
  sub-gradient = 1.444484e-01, l1-norm of X = 2.141245e+02.
  Coordinate descent sweep 1. norm of D = 1.297593e-01, change in D = 1.297593e-01.
  Coordinate descent sweep 2. norm of D = 1.702149e-01, change in D = 9.283895e-02.
  Coordinate descent sweep 3. norm of D = 2.122412e-01, change in D = 7.412373e-02.
  Coordinate descent sweep 4. norm of D = 2.449274e-01, change in D = 5.794882e-02.
    Line search step size chosen: 1.000000e+00.
  Objective value decreased by 2.849326e-04.
Newton iteration 10.
  Active set size = 17341.
  sub-gradient = 3.281834e-02, l1-norm of X = 2.141467e+02.
  Coordinate descent sweep 1. norm of D = 3.346489e-02, change in D = 3.346489e-02.
  Coordinate descent sweep 2. norm of D = 5.062060e-02, change in D = 3.241189e-02.
  Coordinate descent sweep 3. norm of D = 6.289518e-02, change in D = 2.087792e-02.
  Coordinate descent sweep 4. norm of D = 7.157132e-02, change in D = 1.548578e-02.
    Line search step size chosen: 1.000000e+00.
  Objective value decreased by 4.798116e-05.
Newton iteration 11.
  Active set size = 17341.
  sub-gradient = 1.053432e-02, l1-norm of X = 2.141555e+02.
  Coordinate descent sweep 1. norm of D = 1.251512e-02, change in D = 1.251512e-02.
  Coordinate descent sweep 2. norm of D = 1.693422e-02, change in D = 8.958055e-03.
  Coordinate descent sweep 3. norm of D = 2.065577e-02, change in D = 5.979499e-03.
  Coordinate descent sweep 4. norm of D = 2.321090e-02, change in D = 4.858001e-03.
    Line search step size chosen: 1.000000e+00.
  Objective value decreased by 7.381073e-06.
QUIC CPU time: 3421.040 seconds
