[1] "/work-zfs/abattle4/prashanthi/recount3/data/central_nervous_system/all/weighted_covariances/cov_53.rds"
[1] "Data read complete"
Running QUIC version 1.1 in 'default' mode.
Newton iteration 1.
  X is a diagonal matrix.
    Line search step size 1.000000e+00.  Lack of positive definiteness.
    Line search step size chosen: 5.000000e-01.
  Objective value decreased by 8.646281e+00.
Newton iteration 2.
  Active set size = 10895.
  sub-gradient = 2.931494e+02, l1-norm of X = 5.246026e+01.
  Coordinate descent sweep 1. norm of D = 4.210852e+01, change in D = 4.210852e+01.
    Line search step size chosen: 1.000000e+00.
  Objective value decreased by 2.679849e+00.
Newton iteration 3.
  Active set size = 10674.
  sub-gradient = 1.192858e+02, l1-norm of X = 6.959025e+01.
  Coordinate descent sweep 1. norm of D = 1.714747e+01, change in D = 1.714747e+01.
  Coordinate descent sweep 2. norm of D = 1.915123e+01, change in D = 6.519137e+00.
    Line search step size chosen: 1.000000e+00.
  Objective value decreased by 1.009386e+00.
Newton iteration 4.
  Active set size = 10572.
  sub-gradient = 4.197586e+01, l1-norm of X = 7.055713e+01.
  Coordinate descent sweep 1. norm of D = 6.400094e+00, change in D = 6.400094e+00.
  Coordinate descent sweep 2. norm of D = 6.854040e+00, change in D = 3.480404e+00.
    Line search step size chosen: 1.000000e+00.
  Objective value decreased by 3.617267e-01.
Newton iteration 5.
  Active set size = 10545.
  sub-gradient = 1.213062e+01, l1-norm of X = 7.022776e+01.
  Coordinate descent sweep 1. norm of D = 3.389092e+00, change in D = 3.389092e+00.
  Coordinate descent sweep 2. norm of D = 3.665903e+00, change in D = 1.744904e+00.
    Line search step size chosen: 1.000000e+00.
  Objective value decreased by 1.023024e-01.
Newton iteration 6.
  Active set size = 10535.
  sub-gradient = 2.077918e+00, l1-norm of X = 6.995274e+01.
  Coordinate descent sweep 1. norm of D = 1.226271e+00, change in D = 1.226271e+00.
  Coordinate descent sweep 2. norm of D = 1.403729e+00, change in D = 5.862834e-01.
  Coordinate descent sweep 3. norm of D = 1.501586e+00, change in D = 2.697069e-01.
    Line search step size chosen: 1.000000e+00.
  Objective value decreased by 1.164060e-02.
Newton iteration 7.
  Active set size = 10534.
  sub-gradient = 1.851134e-01, l1-norm of X = 6.996777e+01.
  Coordinate descent sweep 1. norm of D = 1.748279e-01, change in D = 1.748279e-01.
  Coordinate descent sweep 2. norm of D = 2.157279e-01, change in D = 8.940332e-02.
  Coordinate descent sweep 3. norm of D = 2.335401e-01, change in D = 4.691658e-02.
    Line search step size chosen: 1.000000e+00.
  Objective value decreased by 2.973808e-04.
Newton iteration 8.
  Active set size = 10534.
  sub-gradient = 2.822500e-02, l1-norm of X = 6.999147e+01.
  Coordinate descent sweep 1. norm of D = 2.741649e-02, change in D = 2.741649e-02.
  Coordinate descent sweep 2. norm of D = 3.528548e-02, change in D = 1.423974e-02.
  Coordinate descent sweep 3. norm of D = 4.018889e-02, change in D = 8.868790e-03.
    Line search step size chosen: 1.000000e+00.
  Objective value decreased by 9.042758e-06.
Newton iteration 9.
  Active set size = 10534.
  sub-gradient = 3.922079e-03, l1-norm of X = 6.999499e+01.
  Coordinate descent sweep 1. norm of D = 4.117109e-03, change in D = 4.117109e-03.
  Coordinate descent sweep 2. norm of D = 5.581211e-03, change in D = 2.802243e-03.
  Coordinate descent sweep 3. norm of D = 6.275775e-03, change in D = 1.368176e-03.
  Coordinate descent sweep 4. norm of D = 6.696079e-03, change in D = 8.110670e-04.
    Line search step size chosen: 1.000000e+00.
  Objective value decreased by 3.476052e-07.
QUIC CPU time: 2511.580 seconds
