[1] "/work-zfs/abattle4/prashanthi/recount3/data/central_nervous_system/all/weighted_covariances/cov_53.rds"
[1] "Data read complete"
Running QUIC version 1.1 in 'default' mode.
Newton iteration 1.
  X is a diagonal matrix.
    Line search step size chosen: 1.000000e+00.
  Objective value decreased by 1.042822e+00.
Newton iteration 2.
  Active set size = 9079.
  sub-gradient = 3.704165e+00, l1-norm of X = 1.059244e+01.
  Coordinate descent sweep 1. norm of D = 2.682516e+00, change in D = 2.682516e+00.
    Line search step size chosen: 1.000000e+00.
  Objective value decreased by 5.166467e-02.
Newton iteration 3.
  Active set size = 9068.
  sub-gradient = 5.226864e-01, l1-norm of X = 9.847837e+00.
  Coordinate descent sweep 1. norm of D = 5.538592e-01, change in D = 5.538592e-01.
  Coordinate descent sweep 2. norm of D = 6.832423e-01, change in D = 1.716345e-01.
    Line search step size chosen: 1.000000e+00.
  Objective value decreased by 8.249586e-03.
Newton iteration 4.
  Active set size = 9067.
  sub-gradient = 5.081909e-02, l1-norm of X = 1.017376e+01.
  Coordinate descent sweep 1. norm of D = 6.400918e-02, change in D = 6.400918e-02.
  Coordinate descent sweep 2. norm of D = 8.335748e-02, change in D = 2.352796e-02.
    Line search step size chosen: 1.000000e+00.
  Objective value decreased by 4.390313e-04.
Newton iteration 5.
  Active set size = 9067.
  sub-gradient = 1.187502e-02, l1-norm of X = 1.021443e+01.
  Coordinate descent sweep 1. norm of D = 1.546474e-02, change in D = 1.546474e-02.
  Coordinate descent sweep 2. norm of D = 1.935131e-02, change in D = 4.183076e-03.
    Line search step size chosen: 1.000000e+00.
  Objective value decreased by 2.701611e-05.
Newton iteration 6.
  Active set size = 9067.
  sub-gradient = 1.770996e-03, l1-norm of X = 1.022186e+01.
  Coordinate descent sweep 1. norm of D = 2.082602e-03, change in D = 2.082602e-03.
  Coordinate descent sweep 2. norm of D = 2.953039e-03, change in D = 8.937621e-04.
  Coordinate descent sweep 3. norm of D = 3.167523e-03, change in D = 2.488885e-04.
    Line search step size chosen: 1.000000e+00.
  Objective value decreased by 6.576774e-07.
Newton iteration 7.
  Active set size = 9067.
  sub-gradient = 1.124888e-04, l1-norm of X = 1.022298e+01.
  Coordinate descent sweep 1. norm of D = 1.357440e-04, change in D = 1.357440e-04.
  Coordinate descent sweep 2. norm of D = 1.838692e-04, change in D = 4.830737e-05.
  Coordinate descent sweep 3. norm of D = 2.009947e-04, change in D = 1.712623e-05.
    Line search step size chosen: 1.000000e+00.
  Objective value decreased by 2.488378e-09.
QUIC CPU time: 1962.920 seconds
