[1] "/work-zfs/abattle4/prashanthi/recount3/data/central_nervous_system/all/weighted_covariances/cov_53.rds"
[1] "Data read complete"
Running QUIC version 1.1 in 'default' mode.
Newton iteration 1.
  X is a diagonal matrix.
    Line search step size chosen: 1.000000e+00.
  Objective value decreased by 3.236378e-02.
Newton iteration 2.
  Active set size = 8914.
  sub-gradient = 6.925123e-02, l1-norm of X = 5.108101e-01.
  Coordinate descent sweep 1. norm of D = 6.518948e-02, change in D = 6.518948e-02.
    Line search step size chosen: 1.000000e+00.
  Objective value decreased by 3.580745e-04.
Newton iteration 3.
  Active set size = 8914.
  sub-gradient = 4.551103e-03, l1-norm of X = 5.096025e-01.
  Coordinate descent sweep 1. norm of D = 5.236902e-03, change in D = 5.236902e-03.
  Coordinate descent sweep 2. norm of D = 6.357624e-03, change in D = 1.142430e-03.
    Line search step size chosen: 1.000000e+00.
  Objective value decreased by 8.569401e-06.
Newton iteration 4.
  Active set size = 8914.
  sub-gradient = 1.468493e-04, l1-norm of X = 5.158329e-01.
  Coordinate descent sweep 1. norm of D = 1.695003e-04, change in D = 1.695003e-04.
  Coordinate descent sweep 2. norm of D = 1.992248e-04, change in D = 3.141838e-05.
    Line search step size chosen: 1.000000e+00.
  Objective value decreased by 1.185799e-08.
Newton iteration 5.
  Active set size = 8914.
  sub-gradient = 3.981035e-06, l1-norm of X = 5.160089e-01.
  Coordinate descent sweep 1. norm of D = 4.314624e-06, change in D = 4.314624e-06.
  Coordinate descent sweep 2. norm of D = 4.548785e-06, change in D = 2.341607e-07.
    Line search step size chosen: 1.000000e+00.
  Objective value decreased by 0.000000e+00.
QUIC CPU time: 1460.440 seconds
