[1] "/work-zfs/abattle4/prashanthi/recount3/data/central_nervous_system/all/weighted_covariances/cov_53.rds"
[1] "Data read complete"
Running QUIC version 1.1 in 'default' mode.
Newton iteration 1.
  X is a diagonal matrix.
    Line search step size chosen: 1.000000e+00.
  Objective value decreased by 5.899080e-03.
Newton iteration 2.
  Active set size = 8913.
  sub-gradient = 1.215463e-02, l1-norm of X = 2.013192e-01.
  Coordinate descent sweep 1. norm of D = 1.177034e-02, change in D = 1.177034e-02.
    Line search step size chosen: 1.000000e+00.
  Objective value decreased by 1.638395e-05.
Newton iteration 3.
  Active set size = 8913.
  sub-gradient = 3.254195e-04, l1-norm of X = 2.013106e-01.
  Coordinate descent sweep 1. norm of D = 3.677428e-04, change in D = 3.677428e-04.
  Coordinate descent sweep 2. norm of D = 3.941271e-04, change in D = 2.645209e-05.
    Line search step size chosen: 1.000000e+00.
  Objective value decreased by 4.911635e-08.
Newton iteration 4.
  Active set size = 8913.
  sub-gradient = 6.403073e-07, l1-norm of X = 2.018228e-01.
  Coordinate descent sweep 1. norm of D = 6.493027e-07, change in D = 6.493027e-07.
  Coordinate descent sweep 2. norm of D = 6.778235e-07, change in D = 2.877454e-08.
    Line search step size chosen: 1.000000e+00.
  Objective value decreased by 0.000000e+00.
QUIC CPU time: 1218.570 seconds
