[1] "sra_normal" "566"        "weighted"   "0.06"      
[1] "Data read complete"
Running QUIC version 1.1 in 'default' mode.
Newton iteration 1.
  X is a diagonal matrix.
    Line search step size 1.000000e+00.  Lack of positive definiteness.
    Line search step size 5.000000e-01.  Lack of positive definiteness.
    Line search step size 2.500000e-01.  Lack of positive definiteness.
    Line search step size 1.250000e-01.  Lack of positive definiteness.
    Line search step size 6.250000e-02.  Lack of positive definiteness.
    Line search step size chosen: 3.125000e-02.
  Objective value decreased by 5.984025e+01.
Newton iteration 2.
  Active set size = 530017.
  sub-gradient = 1.314030e+04, l1-norm of X = 5.136971e+01.
  Coordinate descent sweep 1. norm of D = 1.006124e+04, change in D = 1.006124e+04.
    Line search step size 1.000000e+00.  Lack of positive definiteness.
    Line search step size 5.000000e-01.  Lack of positive definiteness.
    Line search step size 2.500000e-01.  Lack of positive definiteness.
    Line search step size 1.250000e-01.  Lack of positive definiteness.
    Line search step size chosen: 6.250000e-02.
  Objective value decreased by 7.456190e+01.
Newton iteration 3.
  Active set size = 530712.
  sub-gradient = 1.139348e+04, l1-norm of X = 1.260958e+02.
  Coordinate descent sweep 1. norm of D = 5.560260e+03, change in D = 5.560260e+03.
  Coordinate descent sweep 2. norm of D = 4.729894e+03, change in D = 1.510109e+03.
    Line search step size 1.000000e+00.  Lack of positive definiteness.
    Line search step size 5.000000e-01.  Lack of positive definiteness.
    Line search step size 2.500000e-01.  Lack of positive definiteness.
    Line search step size chosen: 1.250000e-01.
  Objective value decreased by 5.253985e+01.
Newton iteration 4.
  Active set size = 533625.
  sub-gradient = 9.111082e+03, l1-norm of X = 1.878796e+02.
  Coordinate descent sweep 1. norm of D = 3.505078e+03, change in D = 3.505078e+03.
  Coordinate descent sweep 2. norm of D = 3.092465e+03, change in D = 1.017845e+03.
    Line search step size 1.000000e+00.  Lack of positive definiteness.
    Line search step size 5.000000e-01.  Lack of positive definiteness.
    Line search step size chosen: 2.500000e-01.
  Objective value decreased by 4.848093e+01.
Newton iteration 5.
  Active set size = 547213.
  sub-gradient = 6.231748e+03, l1-norm of X = 2.530931e+02.
  Coordinate descent sweep 1. norm of D = 2.012896e+03, change in D = 2.012896e+03.
  Coordinate descent sweep 2. norm of D = 1.955107e+03, change in D = 5.703079e+02.
    Line search step size 1.000000e+00.  Lack of positive definiteness.
    Line search step size chosen: 5.000000e-01.
  Objective value decreased by 3.462662e+01.
Newton iteration 6.
  Active set size = 547332.
  sub-gradient = 5.733283e+03, l1-norm of X = 3.065820e+02.
  Coordinate descent sweep 1. norm of D = 9.500849e+02, change in D = 9.500849e+02.
  Coordinate descent sweep 2. norm of D = 1.015427e+03, change in D = 2.898615e+02.
  Coordinate descent sweep 3. norm of D = 1.050299e+03, change in D = 1.159519e+02.
    Line search step size chosen: 1.000000e+00.
  Objective value decreased by 1.694835e+01.
Newton iteration 7.
  Active set size = 217983.
  sub-gradient = 3.536793e+02, l1-norm of X = 3.434467e+02.
  Coordinate descent sweep 1. norm of D = 1.053542e+02, change in D = 1.053542e+02.
  Coordinate descent sweep 2. norm of D = 1.164996e+02, change in D = 6.263172e+01.
  Coordinate descent sweep 3. norm of D = 1.264332e+02, change in D = 3.485186e+01.
    Line search step size chosen: 1.000000e+00.
  Objective value decreased by 7.878956e-01.
Newton iteration 8.
  Active set size = 212294.
  sub-gradient = 3.645758e+01, l1-norm of X = 3.438245e+02.
  Coordinate descent sweep 1. norm of D = 2.332220e+01, change in D = 2.332220e+01.
  Coordinate descent sweep 2. norm of D = 2.761182e+01, change in D = 1.586581e+01.
  Coordinate descent sweep 3. norm of D = 3.023947e+01, change in D = 1.108360e+01.
    Line search step size chosen: 1.000000e+00.
  Objective value decreased by 1.378426e-01.
Newton iteration 9.
  Active set size = 211603.
  sub-gradient = 9.497673e+00, l1-norm of X = 3.441981e+02.
  Coordinate descent sweep 1. norm of D = 8.255579e+00, change in D = 8.255579e+00.
  Coordinate descent sweep 2. norm of D = 9.799330e+00, change in D = 6.228634e+00.
  Coordinate descent sweep 3. norm of D = 1.068034e+01, change in D = 4.697694e+00.
  Coordinate descent sweep 4. norm of D = 1.134414e+01, change in D = 3.763841e+00.
    Line search step size chosen: 1.000000e+00.
  Objective value decreased by 4.433588e-02.
Newton iteration 10.
  Active set size = 211453.
  sub-gradient = 3.428297e+00, l1-norm of X = 3.443459e+02.
  Coordinate descent sweep 1. norm of D = 2.976992e+00, change in D = 2.976992e+00.
  Coordinate descent sweep 2. norm of D = 3.590753e+00, change in D = 2.453206e+00.
  Coordinate descent sweep 3. norm of D = 3.951544e+00, change in D = 1.994033e+00.
  Coordinate descent sweep 4. norm of D = 4.242968e+00, change in D = 1.681294e+00.
    Line search step size chosen: 1.000000e+00.
  Objective value decreased by 1.652738e-02.
Newton iteration 11.
  Active set size = 211436.
  sub-gradient = 1.905894e+00, l1-norm of X = 3.444029e+02.
  Coordinate descent sweep 1. norm of D = 1.485582e+00, change in D = 1.485582e+00.
  Coordinate descent sweep 2. norm of D = 1.753892e+00, change in D = 1.252471e+00.
  Coordinate descent sweep 3. norm of D = 1.918988e+00, change in D = 1.061059e+00.
  Coordinate descent sweep 4. norm of D = 2.047695e+00, change in D = 9.226638e-01.
    Line search step size chosen: 1.000000e+00.
  Objective value decreased by 6.595029e-03.
Newton iteration 12.
  Active set size = 211404.
  sub-gradient = 7.842619e-01, l1-norm of X = 3.444301e+02.
  Coordinate descent sweep 1. norm of D = 7.891939e-01, change in D = 7.891939e-01.
  Coordinate descent sweep 2. norm of D = 9.098925e-01, change in D = 6.312343e-01.
  Coordinate descent sweep 3. norm of D = 1.018338e+00, change in D = 5.586960e-01.
  Coordinate descent sweep 4. norm of D = 1.115839e+00, change in D = 5.323917e-01.
  Coordinate descent sweep 5. norm of D = 1.171063e+00, change in D = 4.580608e-01.
    Line search step size chosen: 1.000000e+00.
  Objective value decreased by 2.819051e-03.
Newton iteration 13.
  Active set size = 211397.
  sub-gradient = 4.298000e-01, l1-norm of X = 3.444450e+02.
  Coordinate descent sweep 1. norm of D = 4.342127e-01, change in D = 4.342127e-01.
  Coordinate descent sweep 2. norm of D = 4.860189e-01, change in D = 3.485840e-01.
  Coordinate descent sweep 3. norm of D = 5.650710e-01, change in D = 3.415900e-01.
  Coordinate descent sweep 4. norm of D = 6.086166e-01, change in D = 3.166507e-01.
  Coordinate descent sweep 5. norm of D = 6.450841e-01, change in D = 2.793535e-01.
    Line search step size chosen: 1.000000e+00.
  Objective value decreased by 1.308035e-03.
Newton iteration 14.
  Active set size = 211394.
  sub-gradient = 2.283171e-01, l1-norm of X = 3.444546e+02.
  Coordinate descent sweep 1. norm of D = 2.463206e-01, change in D = 2.463206e-01.
  Coordinate descent sweep 2. norm of D = 2.855388e-01, change in D = 2.186115e-01.
  Coordinate descent sweep 3. norm of D = 3.235625e-01, change in D = 2.010493e-01.
  Coordinate descent sweep 4. norm of D = 3.618150e-01, change in D = 1.972932e-01.
  Coordinate descent sweep 5. norm of D = 3.729404e-01, change in D = 1.699439e-01.
    Line search step size chosen: 1.000000e+00.
  Objective value decreased by 5.438803e-04.
Newton iteration 15.
  Active set size = 211391.
  sub-gradient = 1.429082e-01, l1-norm of X = 3.444603e+02.
  Coordinate descent sweep 1. norm of D = 1.327443e-01, change in D = 1.327443e-01.
  Coordinate descent sweep 2. norm of D = 1.881499e-01, change in D = 1.510254e-01.
  Coordinate descent sweep 3. norm of D = 2.048154e-01, change in D = 1.431676e-01.
  Coordinate descent sweep 4. norm of D = 2.318288e-01, change in D = 1.490628e-01.
  Coordinate descent sweep 5. norm of D = 2.332053e-01, change in D = 1.228414e-01.
  Coordinate descent sweep 6. norm of D = 2.375080e-01, change in D = 9.935646e-02.
    Line search step size chosen: 1.000000e+00.
  Objective value decreased by 2.642839e-04.
Newton iteration 16.
  Active set size = 211393.
  sub-gradient = 9.867288e-02, l1-norm of X = 3.444637e+02.
  Coordinate descent sweep 1. norm of D = 9.416623e-02, change in D = 9.416623e-02.
  Coordinate descent sweep 2. norm of D = 1.098988e-01, change in D = 8.564090e-02.
  Coordinate descent sweep 3. norm of D = 1.188828e-01, change in D = 7.653197e-02.
  Coordinate descent sweep 4. norm of D = 1.214392e-01, change in D = 5.697271e-02.
  Coordinate descent sweep 5. norm of D = 1.333781e-01, change in D = 5.763581e-02.
  Coordinate descent sweep 6. norm of D = 1.415187e-01, change in D = 5.690399e-02.
    Line search step size chosen: 1.000000e+00.
  Objective value decreased by 1.063378e-04.
Newton iteration 17.
  Active set size = 211393.
  sub-gradient = 4.761498e-02, l1-norm of X = 3.444660e+02.
  Coordinate descent sweep 1. norm of D = 5.675287e-02, change in D = 5.675287e-02.
  Coordinate descent sweep 2. norm of D = 6.050384e-02, change in D = 4.861525e-02.
  Coordinate descent sweep 3. norm of D = 7.437264e-02, change in D = 5.162195e-02.
  Coordinate descent sweep 4. norm of D = 8.273061e-02, change in D = 5.444451e-02.
  Coordinate descent sweep 5. norm of D = 8.216741e-02, change in D = 4.512622e-02.
  Coordinate descent sweep 6. norm of D = 8.952601e-02, change in D = 4.217109e-02.
    Line search step size chosen: 1.000000e+00.
  Objective value decreased by 4.404391e-05.
Newton iteration 18.
  Active set size = 211392.
  sub-gradient = 4.544500e-02, l1-norm of X = 3.444675e+02.
  Coordinate descent sweep 1. norm of D = 4.115425e-02, change in D = 4.115425e-02.
  Coordinate descent sweep 2. norm of D = 4.517735e-02, change in D = 3.507659e-02.
  Coordinate descent sweep 3. norm of D = 5.218724e-02, change in D = 3.186626e-02.
  Coordinate descent sweep 4. norm of D = 5.391639e-02, change in D = 2.605128e-02.
  Coordinate descent sweep 5. norm of D = 5.846512e-02, change in D = 2.720095e-02.
  Coordinate descent sweep 6. norm of D = 6.202009e-02, change in D = 2.866509e-02.
  Coordinate descent sweep 7. norm of D = 6.384961e-02, change in D = 2.413578e-02.
    Line search step size chosen: 1.000000e+00.
  Objective value decreased by 2.241722e-05.
Newton iteration 19.
  Active set size = 211391.
  sub-gradient = 1.942275e-02, l1-norm of X = 3.444686e+02.
  Coordinate descent sweep 1. norm of D = 2.093736e-02, change in D = 2.093736e-02.
  Coordinate descent sweep 2. norm of D = 2.276658e-02, change in D = 1.623943e-02.
  Coordinate descent sweep 3. norm of D = 2.697407e-02, change in D = 1.826682e-02.
  Coordinate descent sweep 4. norm of D = 2.941480e-02, change in D = 1.697520e-02.
  Coordinate descent sweep 5. norm of D = 3.054364e-02, change in D = 1.476783e-02.
  Coordinate descent sweep 6. norm of D = 3.427762e-02, change in D = 1.528903e-02.
  Coordinate descent sweep 7. norm of D = 3.396596e-02, change in D = 1.236988e-02.
    Line search step size chosen: 1.000000e+00.
  Objective value decreased by 7.348946e-06.
QUIC CPU time: 4438.970 seconds
