[1] "sra_normal" "566"        "weighted"   "0.08"      
[1] "Data read complete"
Running QUIC version 1.1 in 'default' mode.
Newton iteration 1.
  X is a diagonal matrix.
    Line search step size 1.000000e+00.  Lack of positive definiteness.
    Line search step size 5.000000e-01.  Lack of positive definiteness.
    Line search step size 2.500000e-01.  Lack of positive definiteness.
    Line search step size 1.250000e-01.  Lack of positive definiteness.
    Line search step size chosen: 6.250000e-02.
  Objective value decreased by 6.808227e+01.
Newton iteration 2.
  Active set size = 219699.
  sub-gradient = 6.667342e+03, l1-norm of X = 6.894744e+01.
  Coordinate descent sweep 1. norm of D = 3.919886e+03, change in D = 3.919886e+03.
    Line search step size 1.000000e+00.  Lack of positive definiteness.
    Line search step size 5.000000e-01.  Lack of positive definiteness.
    Line search step size 2.500000e-01.  Lack of positive definiteness.
    Line search step size chosen: 1.250000e-01.
  Objective value decreased by 5.413845e+01.
Newton iteration 3.
  Active set size = 222689.
  sub-gradient = 5.003791e+03, l1-norm of X = 1.439148e+02.
  Coordinate descent sweep 1. norm of D = 1.998839e+03, change in D = 1.998839e+03.
  Coordinate descent sweep 2. norm of D = 1.840442e+03, change in D = 4.824570e+02.
    Line search step size 1.000000e+00.  Lack of positive definiteness.
    Line search step size 5.000000e-01.  Lack of positive definiteness.
    Line search step size chosen: 2.500000e-01.
  Objective value decreased by 3.252093e+01.
Newton iteration 4.
  Active set size = 226151.
  sub-gradient = 3.954895e+03, l1-norm of X = 1.934055e+02.
  Coordinate descent sweep 1. norm of D = 1.300716e+03, change in D = 1.300716e+03.
  Coordinate descent sweep 2. norm of D = 1.262162e+03, change in D = 3.480650e+02.
    Line search step size 1.000000e+00.  Lack of positive definiteness.
    Line search step size chosen: 5.000000e-01.
  Objective value decreased by 2.761054e+01.
Newton iteration 5.
  Active set size = 233327.
  sub-gradient = 3.304528e+03, l1-norm of X = 2.460822e+02.
  Coordinate descent sweep 1. norm of D = 6.143778e+02, change in D = 6.143778e+02.
  Coordinate descent sweep 2. norm of D = 6.564416e+02, change in D = 1.904420e+02.
    Line search step size chosen: 1.000000e+00.
  Objective value decreased by 1.290114e+01.
Newton iteration 6.
  Active set size = 113097.
  sub-gradient = 3.745852e+02, l1-norm of X = 2.821715e+02.
  Coordinate descent sweep 1. norm of D = 1.045606e+02, change in D = 1.045606e+02.
  Coordinate descent sweep 2. norm of D = 1.204845e+02, change in D = 5.506124e+01.
  Coordinate descent sweep 3. norm of D = 1.297173e+02, change in D = 2.981671e+01.
    Line search step size chosen: 1.000000e+00.
  Objective value decreased by 1.387580e+00.
Newton iteration 7.
  Active set size = 107831.
  sub-gradient = 5.918878e+01, l1-norm of X = 2.846846e+02.
  Coordinate descent sweep 1. norm of D = 2.157104e+01, change in D = 2.157104e+01.
  Coordinate descent sweep 2. norm of D = 2.605261e+01, change in D = 1.463442e+01.
  Coordinate descent sweep 3. norm of D = 2.862118e+01, change in D = 9.675127e+00.
    Line search step size chosen: 1.000000e+00.
  Objective value decreased by 1.806642e-01.
Newton iteration 8.
  Active set size = 107230.
  sub-gradient = 7.727054e+00, l1-norm of X = 2.852819e+02.
  Coordinate descent sweep 1. norm of D = 7.248233e+00, change in D = 7.248233e+00.
  Coordinate descent sweep 2. norm of D = 8.950951e+00, change in D = 5.183322e+00.
  Coordinate descent sweep 3. norm of D = 9.871980e+00, change in D = 3.824856e+00.
    Line search step size chosen: 1.000000e+00.
  Objective value decreased by 4.337408e-02.
Newton iteration 9.
  Active set size = 107174.
  sub-gradient = 3.280605e+00, l1-norm of X = 2.854466e+02.
  Coordinate descent sweep 1. norm of D = 3.092096e+00, change in D = 3.092096e+00.
  Coordinate descent sweep 2. norm of D = 3.687851e+00, change in D = 2.214850e+00.
  Coordinate descent sweep 3. norm of D = 4.127732e+00, change in D = 1.729678e+00.
  Coordinate descent sweep 4. norm of D = 4.422046e+00, change in D = 1.373678e+00.
    Line search step size chosen: 1.000000e+00.
  Objective value decreased by 1.892374e-02.
Newton iteration 10.
  Active set size = 107126.
  sub-gradient = 1.072137e+00, l1-norm of X = 2.855315e+02.
  Coordinate descent sweep 1. norm of D = 1.092082e+00, change in D = 1.092082e+00.
  Coordinate descent sweep 2. norm of D = 1.344106e+00, change in D = 8.677498e-01.
  Coordinate descent sweep 3. norm of D = 1.597686e+00, change in D = 7.827591e-01.
  Coordinate descent sweep 4. norm of D = 1.731743e+00, change in D = 6.310993e-01.
    Line search step size chosen: 1.000000e+00.
  Objective value decreased by 6.108091e-03.
Newton iteration 11.
  Active set size = 107119.
  sub-gradient = 5.536826e-01, l1-norm of X = 2.855673e+02.
  Coordinate descent sweep 1. norm of D = 5.834297e-01, change in D = 5.834297e-01.
  Coordinate descent sweep 2. norm of D = 6.702522e-01, change in D = 4.621110e-01.
  Coordinate descent sweep 3. norm of D = 7.617494e-01, change in D = 3.889531e-01.
  Coordinate descent sweep 4. norm of D = 8.371632e-01, change in D = 3.245235e-01.
    Line search step size chosen: 1.000000e+00.
  Objective value decreased by 2.513455e-03.
Newton iteration 12.
  Active set size = 107107.
  sub-gradient = 2.855707e-01, l1-norm of X = 2.855843e+02.
  Coordinate descent sweep 1. norm of D = 2.900491e-01, change in D = 2.900491e-01.
  Coordinate descent sweep 2. norm of D = 3.535452e-01, change in D = 2.255632e-01.
  Coordinate descent sweep 3. norm of D = 3.993049e-01, change in D = 2.060161e-01.
  Coordinate descent sweep 4. norm of D = 4.278263e-01, change in D = 1.689085e-01.
  Coordinate descent sweep 5. norm of D = 4.782698e-01, change in D = 1.753984e-01.
    Line search step size chosen: 1.000000e+00.
  Objective value decreased by 1.187294e-03.
Newton iteration 13.
  Active set size = 107105.
  sub-gradient = 1.626110e-01, l1-norm of X = 2.855955e+02.
  Coordinate descent sweep 1. norm of D = 1.476291e-01, change in D = 1.476291e-01.
  Coordinate descent sweep 2. norm of D = 1.973580e-01, change in D = 1.389721e-01.
  Coordinate descent sweep 3. norm of D = 2.194451e-01, change in D = 1.097422e-01.
  Coordinate descent sweep 4. norm of D = 2.444225e-01, change in D = 1.022111e-01.
  Coordinate descent sweep 5. norm of D = 2.651008e-01, change in D = 9.126248e-02.
    Line search step size chosen: 1.000000e+00.
  Objective value decreased by 5.395109e-04.
Newton iteration 14.
  Active set size = 107106.
  sub-gradient = 1.418173e-01, l1-norm of X = 2.856017e+02.
  Coordinate descent sweep 1. norm of D = 8.723693e-02, change in D = 8.723693e-02.
  Coordinate descent sweep 2. norm of D = 1.138347e-01, change in D = 7.432264e-02.
  Coordinate descent sweep 3. norm of D = 1.240222e-01, change in D = 6.134926e-02.
  Coordinate descent sweep 4. norm of D = 1.319294e-01, change in D = 4.994518e-02.
  Coordinate descent sweep 5. norm of D = 1.537871e-01, change in D = 6.252941e-02.
    Line search step size chosen: 1.000000e+00.
  Objective value decreased by 2.244628e-04.
Newton iteration 15.
  Active set size = 107104.
  sub-gradient = 4.696361e-02, l1-norm of X = 2.856057e+02.
  Coordinate descent sweep 1. norm of D = 4.869490e-02, change in D = 4.869490e-02.
  Coordinate descent sweep 2. norm of D = 6.349885e-02, change in D = 4.297553e-02.
  Coordinate descent sweep 3. norm of D = 7.783515e-02, change in D = 4.097558e-02.
  Coordinate descent sweep 4. norm of D = 8.955585e-02, change in D = 3.467442e-02.
  Coordinate descent sweep 5. norm of D = 9.978846e-02, change in D = 3.150627e-02.
  Coordinate descent sweep 6. norm of D = 1.112550e-01, change in D = 3.111617e-02.
    Line search step size chosen: 1.000000e+00.
  Objective value decreased by 1.122201e-04.
Newton iteration 16.
  Active set size = 107103.
  sub-gradient = 2.508316e-02, l1-norm of X = 2.856089e+02.
  Coordinate descent sweep 1. norm of D = 2.790980e-02, change in D = 2.790980e-02.
  Coordinate descent sweep 2. norm of D = 3.557543e-02, change in D = 2.371474e-02.
  Coordinate descent sweep 3. norm of D = 4.078255e-02, change in D = 2.115914e-02.
  Coordinate descent sweep 4. norm of D = 4.795351e-02, change in D = 2.124629e-02.
  Coordinate descent sweep 5. norm of D = 5.012638e-02, change in D = 1.607111e-02.
  Coordinate descent sweep 6. norm of D = 5.404692e-02, change in D = 1.479035e-02.
    Line search step size chosen: 1.000000e+00.
  Objective value decreased by 3.082330e-05.
QUIC CPU time: 2648.250 seconds
