[1] "sra_normal" "566"        "weighted"   "0.10"      
[1] "Data read complete"
Running QUIC version 1.1 in 'default' mode.
Newton iteration 1.
  X is a diagonal matrix.
    Line search step size 1.000000e+00.  Lack of positive definiteness.
    Line search step size 5.000000e-01.  Lack of positive definiteness.
    Line search step size 2.500000e-01.  Lack of positive definiteness.
    Line search step size 1.250000e-01.  Lack of positive definiteness.
    Line search step size chosen: 6.250000e-02.
  Objective value decreased by 4.463680e+01.
Newton iteration 2.
  Active set size = 108893.
  sub-gradient = 3.379919e+03, l1-norm of X = 4.863615e+01.
  Coordinate descent sweep 1. norm of D = 2.375584e+03, change in D = 2.375584e+03.
    Line search step size 1.000000e+00.  Lack of positive definiteness.
    Line search step size 5.000000e-01.  Lack of positive definiteness.
    Line search step size 2.500000e-01.  Lack of positive definiteness.
    Line search step size chosen: 1.250000e-01.
  Objective value decreased by 3.816507e+01.
Newton iteration 3.
  Active set size = 108914.
  sub-gradient = 2.581306e+03, l1-norm of X = 1.054575e+02.
  Coordinate descent sweep 1. norm of D = 1.353586e+03, change in D = 1.353586e+03.
  Coordinate descent sweep 2. norm of D = 1.224924e+03, change in D = 3.353822e+02.
    Line search step size 1.000000e+00.  Lack of positive definiteness.
    Line search step size 5.000000e-01.  Lack of positive definiteness.
    Line search step size chosen: 2.500000e-01.
  Objective value decreased by 2.651011e+01.
Newton iteration 4.
  Active set size = 109089.
  sub-gradient = 1.784796e+03, l1-norm of X = 1.520358e+02.
  Coordinate descent sweep 1. norm of D = 8.300839e+02, change in D = 8.300839e+02.
  Coordinate descent sweep 2. norm of D = 8.085880e+02, change in D = 2.251491e+02.
    Line search step size 1.000000e+00.  Lack of positive definiteness.
    Line search step size chosen: 5.000000e-01.
  Objective value decreased by 2.037028e+01.
Newton iteration 5.
  Active set size = 110608.
  sub-gradient = 1.164101e+03, l1-norm of X = 1.985593e+02.
  Coordinate descent sweep 1. norm of D = 3.870870e+02, change in D = 3.870870e+02.
  Coordinate descent sweep 2. norm of D = 4.196980e+02, change in D = 1.141715e+02.
    Line search step size chosen: 1.000000e+00.
  Objective value decreased by 8.518209e+00.
Newton iteration 6.
  Active set size = 62030.
  sub-gradient = 1.105162e+02, l1-norm of X = 2.293653e+02.
  Coordinate descent sweep 1. norm of D = 6.038883e+01, change in D = 6.038883e+01.
  Coordinate descent sweep 2. norm of D = 7.252339e+01, change in D = 3.164538e+01.
  Coordinate descent sweep 3. norm of D = 7.905708e+01, change in D = 1.798330e+01.
    Line search step size chosen: 1.000000e+00.
  Objective value decreased by 7.744773e-01.
Newton iteration 7.
  Active set size = 60547.
  sub-gradient = 1.804628e+01, l1-norm of X = 2.315266e+02.
  Coordinate descent sweep 1. norm of D = 1.228726e+01, change in D = 1.228726e+01.
  Coordinate descent sweep 2. norm of D = 1.527267e+01, change in D = 8.319871e+00.
  Coordinate descent sweep 3. norm of D = 1.700081e+01, change in D = 5.445656e+00.
    Line search step size chosen: 1.000000e+00.
  Objective value decreased by 1.033030e-01.
Newton iteration 8.
  Active set size = 60356.
  sub-gradient = 4.576411e+00, l1-norm of X = 2.319624e+02.
  Coordinate descent sweep 1. norm of D = 3.837310e+00, change in D = 3.837310e+00.
  Coordinate descent sweep 2. norm of D = 4.921397e+00, change in D = 2.913190e+00.
  Coordinate descent sweep 3. norm of D = 5.553503e+00, change in D = 2.076434e+00.
    Line search step size chosen: 1.000000e+00.
  Objective value decreased by 2.689860e-02.
Newton iteration 9.
  Active set size = 60316.
  sub-gradient = 1.695522e+00, l1-norm of X = 2.320980e+02.
  Coordinate descent sweep 1. norm of D = 1.573005e+00, change in D = 1.573005e+00.
  Coordinate descent sweep 2. norm of D = 2.009398e+00, change in D = 1.215257e+00.
  Coordinate descent sweep 3. norm of D = 2.247623e+00, change in D = 8.734516e-01.
  Coordinate descent sweep 4. norm of D = 2.478932e+00, change in D = 7.754599e-01.
    Line search step size chosen: 1.000000e+00.
  Objective value decreased by 1.055436e-02.
Newton iteration 10.
  Active set size = 60306.
  sub-gradient = 5.248954e-01, l1-norm of X = 2.321703e+02.
  Coordinate descent sweep 1. norm of D = 5.899124e-01, change in D = 5.899124e-01.
  Coordinate descent sweep 2. norm of D = 7.469739e-01, change in D = 4.747234e-01.
  Coordinate descent sweep 3. norm of D = 8.779319e-01, change in D = 4.077561e-01.
  Coordinate descent sweep 4. norm of D = 9.975051e-01, change in D = 3.351999e-01.
    Line search step size chosen: 1.000000e+00.
  Objective value decreased by 3.522817e-03.
Newton iteration 11.
  Active set size = 60304.
  sub-gradient = 2.951193e-01, l1-norm of X = 2.321979e+02.
  Coordinate descent sweep 1. norm of D = 2.838791e-01, change in D = 2.838791e-01.
  Coordinate descent sweep 2. norm of D = 3.634090e-01, change in D = 2.265987e-01.
  Coordinate descent sweep 3. norm of D = 4.308321e-01, change in D = 1.922685e-01.
  Coordinate descent sweep 4. norm of D = 4.828855e-01, change in D = 1.648346e-01.
    Line search step size chosen: 1.000000e+00.
  Objective value decreased by 1.648915e-03.
Newton iteration 12.
  Active set size = 60302.
  sub-gradient = 1.552068e-01, l1-norm of X = 2.322141e+02.
  Coordinate descent sweep 1. norm of D = 1.279332e-01, change in D = 1.279332e-01.
  Coordinate descent sweep 2. norm of D = 1.784328e-01, change in D = 1.101458e-01.
  Coordinate descent sweep 3. norm of D = 2.201587e-01, change in D = 1.011153e-01.
  Coordinate descent sweep 4. norm of D = 2.511899e-01, change in D = 8.559647e-02.
  Coordinate descent sweep 5. norm of D = 2.660227e-01, change in D = 6.640202e-02.
    Line search step size chosen: 1.000000e+00.
  Objective value decreased by 5.444494e-04.
Newton iteration 13.
  Active set size = 60300.
  sub-gradient = 8.466847e-02, l1-norm of X = 2.322254e+02.
  Coordinate descent sweep 1. norm of D = 6.085169e-02, change in D = 6.085169e-02.
  Coordinate descent sweep 2. norm of D = 8.044668e-02, change in D = 5.238192e-02.
  Coordinate descent sweep 3. norm of D = 9.823884e-02, change in D = 4.866256e-02.
  Coordinate descent sweep 4. norm of D = 1.150483e-01, change in D = 4.075345e-02.
  Coordinate descent sweep 5. norm of D = 1.260877e-01, change in D = 3.123672e-02.
    Line search step size chosen: 1.000000e+00.
  Objective value decreased by 1.718134e-04.
Newton iteration 14.
  Active set size = 60299.
  sub-gradient = 2.519673e-02, l1-norm of X = 2.322307e+02.
  Coordinate descent sweep 1. norm of D = 2.880846e-02, change in D = 2.880846e-02.
  Coordinate descent sweep 2. norm of D = 4.024485e-02, change in D = 2.472591e-02.
  Coordinate descent sweep 3. norm of D = 4.802828e-02, change in D = 2.069950e-02.
  Coordinate descent sweep 4. norm of D = 5.757637e-02, change in D = 2.138756e-02.
  Coordinate descent sweep 5. norm of D = 6.267021e-02, change in D = 1.660380e-02.
    Line search step size chosen: 1.000000e+00.
  Objective value decreased by 5.608518e-05.
Newton iteration 15.
  Active set size = 60299.
  sub-gradient = 1.575014e-02, l1-norm of X = 2.322332e+02.
  Coordinate descent sweep 1. norm of D = 1.601412e-02, change in D = 1.601412e-02.
  Coordinate descent sweep 2. norm of D = 2.285709e-02, change in D = 1.483218e-02.
  Coordinate descent sweep 3. norm of D = 2.680834e-02, change in D = 1.358436e-02.
  Coordinate descent sweep 4. norm of D = 3.049864e-02, change in D = 1.136072e-02.
  Coordinate descent sweep 5. norm of D = 3.399459e-02, change in D = 9.811655e-03.
  Coordinate descent sweep 6. norm of D = 3.771745e-02, change in D = 9.359327e-03.
    Line search step size chosen: 1.000000e+00.
  Objective value decreased by 1.960378e-05.
QUIC CPU time: 2141.210 seconds
