[1] "sra_normal" "566"        "weighted"   "0.66"      
[1] "Data read complete"
Running QUIC version 1.1 in 'default' mode.
Newton iteration 1.
  X is a diagonal matrix.
    Line search step size chosen: 1.000000e+00.
  Objective value decreased by 3.830250e-02.
Newton iteration 2.
  Active set size = 5773.
  sub-gradient = 8.381109e-02, l1-norm of X = 4.494339e-01.
  Coordinate descent sweep 1. norm of D = 8.003797e-02, change in D = 8.003797e-02.
    Line search step size chosen: 1.000000e+00.
  Objective value decreased by 6.850881e-04.
Newton iteration 3.
  Active set size = 5773.
  sub-gradient = 3.450452e-03, l1-norm of X = 4.556150e-01.
  Coordinate descent sweep 1. norm of D = 3.448594e-03, change in D = 3.448594e-03.
  Coordinate descent sweep 2. norm of D = 3.800650e-03, change in D = 3.650887e-04.
    Line search step size chosen: 1.000000e+00.
  Objective value decreased by 1.429308e-06.
Newton iteration 4.
  Active set size = 5773.
  sub-gradient = 4.985218e-05, l1-norm of X = 4.561907e-01.
  Coordinate descent sweep 1. norm of D = 5.844127e-05, change in D = 5.844127e-05.
  Coordinate descent sweep 2. norm of D = 6.417620e-05, change in D = 5.734932e-06.
    Line search step size chosen: 1.000000e+00.
  Objective value decreased by 7.630661e-10.
Newton iteration 5.
  Active set size = 5773.
  sub-gradient = 4.167827e-07, l1-norm of X = 4.562156e-01.
  Coordinate descent sweep 1. norm of D = 6.086305e-07, change in D = 6.086305e-07.
  Coordinate descent sweep 2. norm of D = 6.523615e-07, change in D = 4.373100e-08.
    Line search step size chosen: 1.000000e+00.
  Objective value decreased by 0.000000e+00.
QUIC CPU time: 386.910 seconds
