[1] "sra_normal" "500"        "unweighted" "0.48"      
[1] "Data read complete"
Running QUIC version 1.1 in 'default' mode.
Newton iteration 1.
  X is a diagonal matrix.
    Line search step size chosen: 1.000000e+00.
  Objective value decreased by 8.165608e-01.
Newton iteration 2.
  Active set size = 6032.
  sub-gradient = 1.515269e+01, l1-norm of X = 1.138947e+01.
  Coordinate descent sweep 1. norm of D = 3.705403e+00, change in D = 3.705403e+00.
    Line search step size chosen: 1.000000e+00.
  Objective value decreased by 1.936417e-01.
Newton iteration 3.
  Active set size = 6015.
  sub-gradient = 4.004764e+00, l1-norm of X = 9.728887e+00.
  Coordinate descent sweep 1. norm of D = 2.281007e+00, change in D = 2.281007e+00.
  Coordinate descent sweep 2. norm of D = 2.342871e+00, change in D = 7.933815e-01.
    Line search step size chosen: 1.000000e+00.
  Objective value decreased by 7.674121e-02.
Newton iteration 4.
  Active set size = 6008.
  sub-gradient = 7.708593e-01, l1-norm of X = 9.561800e+00.
  Coordinate descent sweep 1. norm of D = 4.923644e-01, change in D = 4.923644e-01.
  Coordinate descent sweep 2. norm of D = 4.640563e-01, change in D = 1.423627e-01.
    Line search step size chosen: 1.000000e+00.
  Objective value decreased by 4.375349e-03.
Newton iteration 5.
  Active set size = 6007.
  sub-gradient = 8.938250e-02, l1-norm of X = 9.466374e+00.
  Coordinate descent sweep 1. norm of D = 6.964488e-02, change in D = 6.964488e-02.
  Coordinate descent sweep 2. norm of D = 7.202923e-02, change in D = 2.041982e-02.
    Line search step size chosen: 1.000000e+00.
  Objective value decreased by 1.306353e-04.
Newton iteration 6.
  Active set size = 6007.
  sub-gradient = 8.268011e-03, l1-norm of X = 9.464700e+00.
  Coordinate descent sweep 1. norm of D = 8.164750e-03, change in D = 8.164750e-03.
  Coordinate descent sweep 2. norm of D = 8.995215e-03, change in D = 2.016348e-03.
  Coordinate descent sweep 3. norm of D = 9.351524e-03, change in D = 6.238558e-04.
    Line search step size chosen: 1.000000e+00.
  Objective value decreased by 1.231256e-06.
Newton iteration 7.
  Active set size = 6007.
  sub-gradient = 2.139613e-04, l1-norm of X = 9.466292e+00.
  Coordinate descent sweep 1. norm of D = 2.189683e-04, change in D = 2.189683e-04.
  Coordinate descent sweep 2. norm of D = 2.801997e-04, change in D = 1.177540e-04.
  Coordinate descent sweep 3. norm of D = 3.092632e-04, change in D = 5.377058e-05.
    Line search step size chosen: 1.000000e+00.
  Objective value decreased by 3.044079e-09.
QUIC CPU time: 522.920 seconds
