[1] "sra_normal" "500"        "unweighted" "0.52"      
[1] "Data read complete"
Running QUIC version 1.1 in 'default' mode.
Newton iteration 1.
  X is a diagonal matrix.
    Line search step size chosen: 1.000000e+00.
  Objective value decreased by 5.061221e-01.
Newton iteration 2.
  Active set size = 5874.
  sub-gradient = 2.235525e+00, l1-norm of X = 4.944973e+00.
  Coordinate descent sweep 1. norm of D = 1.445320e+00, change in D = 1.445320e+00.
    Line search step size chosen: 1.000000e+00.
  Objective value decreased by 3.282112e-02.
Newton iteration 3.
  Active set size = 5866.
  sub-gradient = 2.945896e-01, l1-norm of X = 4.538568e+00.
  Coordinate descent sweep 1. norm of D = 3.356435e-01, change in D = 3.356435e-01.
  Coordinate descent sweep 2. norm of D = 3.869663e-01, change in D = 6.648375e-02.
    Line search step size chosen: 1.000000e+00.
  Objective value decreased by 3.595293e-03.
Newton iteration 4.
  Active set size = 5865.
  sub-gradient = 2.810499e-02, l1-norm of X = 4.633112e+00.
  Coordinate descent sweep 1. norm of D = 3.120982e-02, change in D = 3.120982e-02.
  Coordinate descent sweep 2. norm of D = 3.655615e-02, change in D = 6.661903e-03.
    Line search step size chosen: 1.000000e+00.
  Objective value decreased by 6.922811e-05.
Newton iteration 5.
  Active set size = 5865.
  sub-gradient = 2.006759e-03, l1-norm of X = 4.641998e+00.
  Coordinate descent sweep 1. norm of D = 2.514015e-03, change in D = 2.514015e-03.
  Coordinate descent sweep 2. norm of D = 3.227219e-03, change in D = 1.081054e-03.
    Line search step size chosen: 1.000000e+00.
  Objective value decreased by 1.569519e-06.
Newton iteration 6.
  Active set size = 5865.
  sub-gradient = 3.033685e-04, l1-norm of X = 4.643570e+00.
  Coordinate descent sweep 1. norm of D = 4.099100e-04, change in D = 4.099100e-04.
  Coordinate descent sweep 2. norm of D = 4.520152e-04, change in D = 6.456836e-05.
  Coordinate descent sweep 3. norm of D = 5.044395e-04, change in D = 5.280919e-05.
    Line search step size chosen: 1.000000e+00.
  Objective value decreased by 5.296079e-08.
QUIC CPU time: 520.670 seconds
