[1] "sra_normal" "500"        "unweighted" "0.54"      
[1] "Data read complete"
Running QUIC version 1.1 in 'default' mode.
Newton iteration 1.
  X is a diagonal matrix.
    Line search step size chosen: 1.000000e+00.
  Objective value decreased by 3.745431e-01.
Newton iteration 2.
  Active set size = 5827.
  sub-gradient = 1.196177e+00, l1-norm of X = 3.453480e+00.
  Coordinate descent sweep 1. norm of D = 9.139780e-01, change in D = 9.139780e-01.
    Line search step size chosen: 1.000000e+00.
  Objective value decreased by 1.655625e-02.
Newton iteration 3.
  Active set size = 5824.
  sub-gradient = 1.655819e-01, l1-norm of X = 3.237578e+00.
  Coordinate descent sweep 1. norm of D = 2.072125e-01, change in D = 2.072125e-01.
  Coordinate descent sweep 2. norm of D = 2.346124e-01, change in D = 3.634838e-02.
    Line search step size chosen: 1.000000e+00.
  Objective value decreased by 2.093316e-03.
Newton iteration 4.
  Active set size = 5823.
  sub-gradient = 1.411261e-02, l1-norm of X = 3.365817e+00.
  Coordinate descent sweep 1. norm of D = 1.545368e-02, change in D = 1.545368e-02.
  Coordinate descent sweep 2. norm of D = 1.869479e-02, change in D = 3.377822e-03.
    Line search step size chosen: 1.000000e+00.
  Objective value decreased by 2.170068e-05.
Newton iteration 5.
  Active set size = 5823.
  sub-gradient = 1.989789e-03, l1-norm of X = 3.371215e+00.
  Coordinate descent sweep 1. norm of D = 1.935976e-03, change in D = 1.935976e-03.
  Coordinate descent sweep 2. norm of D = 2.793086e-03, change in D = 8.802384e-04.
    Line search step size chosen: 1.000000e+00.
  Objective value decreased by 8.085863e-07.
Newton iteration 6.
  Active set size = 5823.
  sub-gradient = 1.495348e-04, l1-norm of X = 3.371782e+00.
  Coordinate descent sweep 1. norm of D = 1.910167e-04, change in D = 1.910167e-04.
  Coordinate descent sweep 2. norm of D = 2.472325e-04, change in D = 7.687760e-05.
  Coordinate descent sweep 3. norm of D = 2.784569e-04, change in D = 3.126831e-05.
    Line search step size chosen: 1.000000e+00.
  Objective value decreased by 1.163880e-08.
QUIC CPU time: 517.460 seconds
