[1] "sra_normal" "500"        "unweighted" "0.64"      
[1] "Data read complete"
Running QUIC version 1.1 in 'default' mode.
Newton iteration 1.
  X is a diagonal matrix.
    Line search step size chosen: 1.000000e+00.
  Objective value decreased by 7.437245e-02.
Newton iteration 2.
  Active set size = 5776.
  sub-gradient = 1.631620e-01, l1-norm of X = 8.784085e-01.
  Coordinate descent sweep 1. norm of D = 1.486223e-01, change in D = 1.486223e-01.
    Line search step size chosen: 1.000000e+00.
  Objective value decreased by 1.329105e-03.
Newton iteration 3.
  Active set size = 5776.
  sub-gradient = 1.579049e-02, l1-norm of X = 8.718486e-01.
  Coordinate descent sweep 1. norm of D = 2.274991e-02, change in D = 2.274991e-02.
  Coordinate descent sweep 2. norm of D = 2.499461e-02, change in D = 2.249203e-03.
    Line search step size chosen: 1.000000e+00.
  Objective value decreased by 1.069613e-04.
Newton iteration 4.
  Active set size = 5776.
  sub-gradient = 6.986113e-04, l1-norm of X = 8.910150e-01.
  Coordinate descent sweep 1. norm of D = 7.439113e-04, change in D = 7.439113e-04.
  Coordinate descent sweep 2. norm of D = 9.058582e-04, change in D = 1.619717e-04.
    Line search step size chosen: 1.000000e+00.
  Objective value decreased by 1.356302e-07.
Newton iteration 5.
  Active set size = 5776.
  sub-gradient = 1.383947e-05, l1-norm of X = 8.912497e-01.
  Coordinate descent sweep 1. norm of D = 1.823478e-05, change in D = 1.823478e-05.
  Coordinate descent sweep 2. norm of D = 1.925300e-05, change in D = 1.221846e-06.
    Line search step size chosen: 1.000000e+00.
  Objective value decreased by 9.640644e-11.
QUIC CPU time: 432.780 seconds
