[1] "sra_normal" "500"        "unweighted" "0.76"      
[1] "Data read complete"
Running QUIC version 1.1 in 'default' mode.
Newton iteration 1.
  X is a diagonal matrix.
    Line search step size chosen: 1.000000e+00.
  Objective value decreased by 2.995713e-03.
Newton iteration 2.
  Active set size = 5769.
  sub-gradient = 6.175841e-03, l1-norm of X = 9.590790e-02.
  Coordinate descent sweep 1. norm of D = 6.131361e-03, change in D = 6.131361e-03.
    Line search step size chosen: 1.000000e+00.
  Objective value decreased by 8.534540e-06.
Newton iteration 3.
  Active set size = 5769.
  sub-gradient = 4.427687e-05, l1-norm of X = 9.614420e-02.
  Coordinate descent sweep 1. norm of D = 4.417970e-05, change in D = 4.417970e-05.
  Coordinate descent sweep 2. norm of D = 4.545661e-05, change in D = 2.341233e-06.
    Line search step size chosen: 1.000000e+00.
  Objective value decreased by 4.683898e-10.
Newton iteration 4.
  Active set size = 5769.
  sub-gradient = 4.906820e-07, l1-norm of X = 9.614923e-02.
  Coordinate descent sweep 1. norm of D = 5.045959e-07, change in D = 5.045959e-07.
  Coordinate descent sweep 2. norm of D = 5.186007e-07, change in D = 1.400895e-08.
    Line search step size chosen: 1.000000e+00.
  Objective value decreased by 9.094947e-13.
QUIC CPU time: 359.790 seconds
