[1] "/data/abattle4/prashanthi/recount3/data/central_nervous_system/all/weighted_covariances/only_sra/cov_15.rds"
[1] "Data read complete"
Running QUIC version 1.1 in 'default' mode.
Newton iteration 1.
  X is a diagonal matrix.
    Line search step size 1.000000e+00.  Lack of positive definiteness.
    Line search step size 5.000000e-01.  Lack of positive definiteness.
    Line search step size chosen: 2.500000e-01.
  Objective value decreased by 1.041419e+01.
Newton iteration 2.
  Active set size = 13982.
  sub-gradient = 1.660152e+02, l1-norm of X = 5.670974e+01.
  Coordinate descent sweep 1. norm of D = 1.387865e+02, change in D = 1.387865e+02.
    Line search step size 1.000000e+00.  Lack of positive definiteness.
    Line search step size chosen: 5.000000e-01.
  Objective value decreased by 5.756320e+00.
Newton iteration 3.
  Active set size = 13982.
  sub-gradient = 7.789285e+01, l1-norm of X = 1.088359e+02.
  Coordinate descent sweep 1. norm of D = 6.668962e+01, change in D = 6.668962e+01.
  Coordinate descent sweep 2. norm of D = 7.456087e+01, change in D = 1.336508e+01.
    Line search step size chosen: 1.000000e+00.
  Objective value decreased by 1.986501e+00.
Newton iteration 4.
  Active set size = 13004.
  sub-gradient = 8.311913e+00, l1-norm of X = 1.414068e+02.
  Coordinate descent sweep 1. norm of D = 8.568587e+00, change in D = 8.568587e+00.
  Coordinate descent sweep 2. norm of D = 1.058605e+01, change in D = 3.147504e+00.
    Line search step size chosen: 1.000000e+00.
  Objective value decreased by 6.884470e-02.
Newton iteration 5.
  Active set size = 12953.
  sub-gradient = 1.459607e+00, l1-norm of X = 1.434219e+02.
  Coordinate descent sweep 1. norm of D = 1.511792e+00, change in D = 1.511792e+00.
  Coordinate descent sweep 2. norm of D = 1.837115e+00, change in D = 6.552548e-01.
    Line search step size chosen: 1.000000e+00.
  Objective value decreased by 4.697650e-03.
Newton iteration 6.
  Active set size = 12942.
  sub-gradient = 3.259173e-01, l1-norm of X = 1.437152e+02.
  Coordinate descent sweep 1. norm of D = 3.196285e-01, change in D = 3.196285e-01.
  Coordinate descent sweep 2. norm of D = 3.983063e-01, change in D = 1.583485e-01.
  Coordinate descent sweep 3. norm of D = 4.363859e-01, change in D = 7.277624e-02.
    Line search step size chosen: 1.000000e+00.
  Objective value decreased by 3.692716e-04.
Newton iteration 7.
  Active set size = 12937.
  sub-gradient = 4.436409e-02, l1-norm of X = 1.437732e+02.
  Coordinate descent sweep 1. norm of D = 4.359082e-02, change in D = 4.359082e-02.
  Coordinate descent sweep 2. norm of D = 5.574665e-02, change in D = 2.230825e-02.
  Coordinate descent sweep 3. norm of D = 6.172471e-02, change in D = 1.071589e-02.
    Line search step size chosen: 1.000000e+00.
  Objective value decreased by 2.979771e-05.
Newton iteration 8.
  Active set size = 12937.
  sub-gradient = 5.676153e-03, l1-norm of X = 1.437825e+02.
  Coordinate descent sweep 1. norm of D = 6.010512e-03, change in D = 6.010512e-03.
  Coordinate descent sweep 2. norm of D = 7.447245e-03, change in D = 3.313730e-03.
  Coordinate descent sweep 3. norm of D = 8.677499e-03, change in D = 1.867368e-03.
    Line search step size chosen: 1.000000e+00.
  Objective value decreased by 1.095093e-06.
QUIC CPU time: 4109.414 seconds
