[1] "/data/abattle4/prashanthi/recount3/data/central_nervous_system/all/weighted_covariances/only_sra/cov_15.rds"
[1] "Data read complete"
Running QUIC version 1.1 in 'default' mode.
Newton iteration 1.
  X is a diagonal matrix.
    Line search step size chosen: 1.000000e+00.
  Objective value decreased by 1.559344e-01.
Newton iteration 2.
  Active set size = 8938.
  sub-gradient = 3.706589e-01, l1-norm of X = 2.151899e+00.
  Coordinate descent sweep 1. norm of D = 3.304129e-01, change in D = 3.304129e-01.
    Line search step size chosen: 1.000000e+00.
  Objective value decreased by 3.521907e-03.
Newton iteration 3.
  Active set size = 8938.
  sub-gradient = 2.469403e-02, l1-norm of X = 2.130189e+00.
  Coordinate descent sweep 1. norm of D = 3.146755e-02, change in D = 3.146755e-02.
  Coordinate descent sweep 2. norm of D = 3.675489e-02, change in D = 5.672089e-03.
    Line search step size chosen: 1.000000e+00.
  Objective value decreased by 1.034159e-04.
Newton iteration 4.
  Active set size = 8938.
  sub-gradient = 7.060389e-04, l1-norm of X = 2.156838e+00.
  Coordinate descent sweep 1. norm of D = 8.188332e-04, change in D = 8.188332e-04.
  Coordinate descent sweep 2. norm of D = 1.086860e-03, change in D = 2.938949e-04.
    Line search step size chosen: 1.000000e+00.
  Objective value decreased by 1.270055e-07.
Newton iteration 5.
  Active set size = 8938.
  sub-gradient = 4.221862e-05, l1-norm of X = 2.157552e+00.
  Coordinate descent sweep 1. norm of D = 5.070329e-05, change in D = 5.070329e-05.
  Coordinate descent sweep 2. norm of D = 6.058748e-05, change in D = 9.891074e-06.
    Line search step size chosen: 1.000000e+00.
  Objective value decreased by 5.384209e-10.
QUIC CPU time: 2415.450 seconds
