[1] "/data/abattle4/prashanthi/recount3/data/central_nervous_system/all/weighted_covariances/only_sra/cov_15.rds"
[1] "Data read complete"
Running QUIC version 1.1 in 'default' mode.
Newton iteration 1.
  X is a diagonal matrix.
    Line search step size chosen: 1.000000e+00.
  Objective value decreased by 1.042629e-01.
Newton iteration 2.
  Active set size = 8932.
  sub-gradient = 2.294422e-01, l1-norm of X = 1.505302e+00.
  Coordinate descent sweep 1. norm of D = 2.110863e-01, change in D = 2.110863e-01.
    Line search step size chosen: 1.000000e+00.
  Objective value decreased by 1.900091e-03.
Newton iteration 3.
  Active set size = 8932.
  sub-gradient = 2.176482e-02, l1-norm of X = 1.497505e+00.
  Coordinate descent sweep 1. norm of D = 2.659232e-02, change in D = 2.659232e-02.
  Coordinate descent sweep 2. norm of D = 3.318301e-02, change in D = 6.640773e-03.
    Line search step size chosen: 1.000000e+00.
  Objective value decreased by 1.710170e-04.
Newton iteration 4.
  Active set size = 8932.
  sub-gradient = 1.178746e-03, l1-norm of X = 1.523349e+00.
  Coordinate descent sweep 1. norm of D = 1.203276e-03, change in D = 1.203276e-03.
  Coordinate descent sweep 2. norm of D = 1.842510e-03, change in D = 6.393900e-04.
    Line search step size chosen: 1.000000e+00.
  Objective value decreased by 8.448387e-07.
Newton iteration 5.
  Active set size = 8932.
  sub-gradient = 1.287298e-04, l1-norm of X = 1.524625e+00.
  Coordinate descent sweep 1. norm of D = 1.472988e-04, change in D = 1.472988e-04.
  Coordinate descent sweep 2. norm of D = 1.972232e-04, change in D = 4.993389e-05.
    Line search step size chosen: 1.000000e+00.
  Objective value decreased by 1.472654e-08.
QUIC CPU time: 2348.755 seconds
