[1] "/data/abattle4/prashanthi/recount3/data/central_nervous_system/all/weighted_covariances/only_sra/cov_15.rds"
[1] "Data read complete"
Running QUIC version 1.1 in 'default' mode.
Newton iteration 1.
  X is a diagonal matrix.
    Line search step size chosen: 1.000000e+00.
  Objective value decreased by 1.626582e-02.
Newton iteration 2.
  Active set size = 8916.
  sub-gradient = 3.451284e-02, l1-norm of X = 3.661852e-01.
  Coordinate descent sweep 1. norm of D = 3.308816e-02, change in D = 3.308816e-02.
    Line search step size chosen: 1.000000e+00.
  Objective value decreased by 1.473259e-04.
Newton iteration 3.
  Active set size = 8916.
  sub-gradient = 3.017299e-03, l1-norm of X = 3.639439e-01.
  Coordinate descent sweep 1. norm of D = 4.070831e-03, change in D = 4.070831e-03.
  Coordinate descent sweep 2. norm of D = 4.286084e-03, change in D = 2.152532e-04.
    Line search step size chosen: 1.000000e+00.
  Objective value decreased by 6.664417e-06.
Newton iteration 4.
  Active set size = 8916.
  sub-gradient = 2.081302e-05, l1-norm of X = 3.685381e-01.
  Coordinate descent sweep 1. norm of D = 2.355277e-05, change in D = 2.355277e-05.
  Coordinate descent sweep 2. norm of D = 2.531078e-05, change in D = 1.933567e-06.
    Line search step size chosen: 1.000000e+00.
  Objective value decreased by 1.018634e-10.
QUIC CPU time: 1909.781 seconds
