[1] "/data/abattle4/prashanthi/recount3/data/central_nervous_system/all/weighted_covariances/only_sra/cov_15.rds"
[1] "Data read complete"
Running QUIC version 1.1 in 'default' mode.
Newton iteration 1.
  X is a diagonal matrix.
    Line search step size chosen: 1.000000e+00.
  Objective value decreased by 8.652791e-04.
Newton iteration 2.
  Active set size = 8911.
  sub-gradient = 1.758299e-03, l1-norm of X = 5.060584e-02.
  Coordinate descent sweep 1. norm of D = 1.751495e-03, change in D = 1.751495e-03.
    Line search step size chosen: 1.000000e+00.
  Objective value decreased by 7.472008e-07.
Newton iteration 3.
  Active set size = 8911.
  sub-gradient = 5.151959e-05, l1-norm of X = 5.056211e-02.
  Coordinate descent sweep 1. norm of D = 5.149735e-05, change in D = 5.149735e-05.
  Coordinate descent sweep 2. norm of D = 5.754867e-05, change in D = 6.051321e-06.
    Line search step size chosen: 1.000000e+00.
  Objective value decreased by 2.586603e-09.
Newton iteration 4.
  Active set size = 8911.
  sub-gradient = 9.544303e-08, l1-norm of X = 5.064953e-02.
  Coordinate descent sweep 1. norm of D = 9.558916e-08, change in D = 9.558916e-08.
  Coordinate descent sweep 2. norm of D = 1.062293e-07, change in D = 1.064010e-08.
    Line search step size chosen: 1.000000e+00.
  Objective value decreased by 1.818989e-12.
QUIC CPU time: 1892.769 seconds
