[1] "GTEx"             "49"               "correcting_first" "0.36"            
[1] "Data read complete"
Running QUIC version 1.1 in 'default' mode.
Newton iteration 1.
  X is a diagonal matrix.
    Line search step size 1.000000e+00.  Lack of positive definiteness.
    Line search step size chosen: 5.000000e-01.
  Objective value decreased by 8.600915e+00.
Newton iteration 2.
  Active set size = 6840.
  sub-gradient = 2.998740e+02, l1-norm of X = 3.416432e+01.
  Coordinate descent sweep 1. norm of D = 3.147284e+01, change in D = 3.147284e+01.
    Line search step size chosen: 1.000000e+00.
  Objective value decreased by 2.821065e+00.
Newton iteration 3.
  Active set size = 6701.
  sub-gradient = 1.322499e+02, l1-norm of X = 4.342108e+01.
  Coordinate descent sweep 1. norm of D = 1.502680e+01, change in D = 1.502680e+01.
  Coordinate descent sweep 2. norm of D = 1.829046e+01, change in D = 6.700085e+00.
    Line search step size chosen: 1.000000e+00.
  Objective value decreased by 1.398292e+00.
Newton iteration 4.
  Active set size = 6649.
  sub-gradient = 5.373695e+01, l1-norm of X = 4.540784e+01.
  Coordinate descent sweep 1. norm of D = 6.423287e+00, change in D = 6.423287e+00.
  Coordinate descent sweep 2. norm of D = 7.874258e+00, change in D = 3.142816e+00.
    Line search step size chosen: 1.000000e+00.
  Objective value decreased by 5.894035e-01.
Newton iteration 5.
  Active set size = 6627.
  sub-gradient = 2.036437e+01, l1-norm of X = 4.591408e+01.
  Coordinate descent sweep 1. norm of D = 3.500792e+00, change in D = 3.500792e+00.
  Coordinate descent sweep 2. norm of D = 4.337725e+00, change in D = 1.919215e+00.
    Line search step size chosen: 1.000000e+00.
  Objective value decreased by 2.776028e-01.
Newton iteration 6.
  Active set size = 6619.
  sub-gradient = 6.270446e+00, l1-norm of X = 4.614046e+01.
  Coordinate descent sweep 1. norm of D = 1.664181e+00, change in D = 1.664181e+00.
  Coordinate descent sweep 2. norm of D = 2.005263e+00, change in D = 1.070108e+00.
  Coordinate descent sweep 3. norm of D = 2.348940e+00, change in D = 6.880025e-01.
    Line search step size chosen: 1.000000e+00.
  Objective value decreased by 6.722116e-02.
Newton iteration 7.
  Active set size = 6615.
  sub-gradient = 1.205713e+00, l1-norm of X = 4.626750e+01.
  Coordinate descent sweep 1. norm of D = 6.658916e-01, change in D = 6.658916e-01.
  Coordinate descent sweep 2. norm of D = 7.918808e-01, change in D = 3.531780e-01.
  Coordinate descent sweep 3. norm of D = 9.241890e-01, change in D = 2.293229e-01.
    Line search step size chosen: 1.000000e+00.
  Objective value decreased by 8.224208e-03.
Newton iteration 8.
  Active set size = 6615.
  sub-gradient = 2.241805e-01, l1-norm of X = 4.634518e+01.
  Coordinate descent sweep 1. norm of D = 1.809195e-01, change in D = 1.809195e-01.
  Coordinate descent sweep 2. norm of D = 2.578785e-01, change in D = 1.286814e-01.
  Coordinate descent sweep 3. norm of D = 3.090296e-01, change in D = 8.351492e-02.
    Line search step size chosen: 1.000000e+00.
  Objective value decreased by 9.615764e-04.
Newton iteration 9.
  Active set size = 6615.
  sub-gradient = 6.896203e-02, l1-norm of X = 4.639551e+01.
  Coordinate descent sweep 1. norm of D = 6.973727e-02, change in D = 6.973727e-02.
  Coordinate descent sweep 2. norm of D = 9.369490e-02, change in D = 4.525687e-02.
  Coordinate descent sweep 3. norm of D = 1.155067e-01, change in D = 3.433030e-02.
  Coordinate descent sweep 4. norm of D = 1.333814e-01, change in D = 2.697601e-02.
    Line search step size chosen: 1.000000e+00.
  Objective value decreased by 2.196044e-04.
Newton iteration 10.
  Active set size = 6615.
  sub-gradient = 1.685697e-02, l1-norm of X = 4.641887e+01.
  Coordinate descent sweep 1. norm of D = 2.110305e-02, change in D = 2.110305e-02.
  Coordinate descent sweep 2. norm of D = 2.971041e-02, change in D = 1.679035e-02.
  Coordinate descent sweep 3. norm of D = 3.838819e-02, change in D = 1.271617e-02.
  Coordinate descent sweep 4. norm of D = 4.471427e-02, change in D = 9.787277e-03.
    Line search step size chosen: 1.000000e+00.
  Objective value decreased by 3.483786e-05.
Newton iteration 11.
  Active set size = 6615.
  sub-gradient = 6.767826e-03, l1-norm of X = 4.642765e+01.
  Coordinate descent sweep 1. norm of D = 6.391153e-03, change in D = 6.391153e-03.
  Coordinate descent sweep 2. norm of D = 1.066718e-02, change in D = 7.170687e-03.
  Coordinate descent sweep 3. norm of D = 1.373107e-02, change in D = 4.932484e-03.
  Coordinate descent sweep 4. norm of D = 1.507290e-02, change in D = 3.560526e-03.
    Line search step size chosen: 1.000000e+00.
  Objective value decreased by 5.626170e-06.
Newton iteration 12.
  Active set size = 6615.
  sub-gradient = 4.705216e-03, l1-norm of X = 4.643102e+01.
  Coordinate descent sweep 1. norm of D = 3.649882e-03, change in D = 3.649882e-03.
  Coordinate descent sweep 2. norm of D = 5.086254e-03, change in D = 2.693729e-03.
  Coordinate descent sweep 3. norm of D = 6.174812e-03, change in D = 1.775430e-03.
  Coordinate descent sweep 4. norm of D = 7.304124e-03, change in D = 1.852718e-03.
  Coordinate descent sweep 5. norm of D = 8.044233e-03, change in D = 1.458732e-03.
    Line search step size chosen: 1.000000e+00.
  Objective value decreased by 1.303219e-06.
Newton iteration 13.
  Active set size = 6615.
  sub-gradient = 9.561597e-04, l1-norm of X = 4.643228e+01.
  Coordinate descent sweep 1. norm of D = 1.143316e-03, change in D = 1.143316e-03.
  Coordinate descent sweep 2. norm of D = 1.757251e-03, change in D = 8.341179e-04.
  Coordinate descent sweep 3. norm of D = 2.149166e-03, change in D = 6.396441e-04.
  Coordinate descent sweep 4. norm of D = 2.604348e-03, change in D = 5.544539e-04.
  Coordinate descent sweep 5. norm of D = 2.857285e-03, change in D = 4.181361e-04.
    Line search step size chosen: 1.000000e+00.
  Objective value decreased by 1.741992e-07.
QUIC CPU time: 1097.700 seconds
