[1] "GTEx"             "49"               "correcting_first" "0.42"            
[1] "Data read complete"
Running QUIC version 1.1 in 'default' mode.
Newton iteration 1.
  X is a diagonal matrix.
    Line search step size 1.000000e+00.  Lack of positive definiteness.
    Line search step size chosen: 5.000000e-01.
  Objective value decreased by 5.928882e+00.
Newton iteration 2.
  Active set size = 6329.
  sub-gradient = 2.402982e+01, l1-norm of X = 2.053896e+01.
  Coordinate descent sweep 1. norm of D = 2.083012e+01, change in D = 2.083012e+01.
    Line search step size chosen: 1.000000e+00.
  Objective value decreased by 1.388845e+00.
Newton iteration 3.
  Active set size = 6270.
  sub-gradient = 8.941107e+00, l1-norm of X = 3.001078e+01.
  Coordinate descent sweep 1. norm of D = 7.639817e+00, change in D = 7.639817e+00.
  Coordinate descent sweep 2. norm of D = 9.625018e+00, change in D = 3.147837e+00.
    Line search step size chosen: 1.000000e+00.
  Objective value decreased by 3.227586e-01.
Newton iteration 4.
  Active set size = 6249.
  sub-gradient = 1.890270e+00, l1-norm of X = 3.153424e+01.
  Coordinate descent sweep 1. norm of D = 1.887316e+00, change in D = 1.887316e+00.
  Coordinate descent sweep 2. norm of D = 2.543729e+00, change in D = 9.867751e-01.
    Line search step size chosen: 1.000000e+00.
  Objective value decreased by 4.444594e-02.
Newton iteration 5.
  Active set size = 6249.
  sub-gradient = 5.712127e-01, l1-norm of X = 3.193848e+01.
  Coordinate descent sweep 1. norm of D = 6.259827e-01, change in D = 6.259827e-01.
  Coordinate descent sweep 2. norm of D = 8.963949e-01, change in D = 3.767894e-01.
    Line search step size chosen: 1.000000e+00.
  Objective value decreased by 1.031426e-02.
Newton iteration 6.
  Active set size = 6248.
  sub-gradient = 3.125554e-01, l1-norm of X = 3.217256e+01.
  Coordinate descent sweep 1. norm of D = 2.842066e-01, change in D = 2.842066e-01.
  Coordinate descent sweep 2. norm of D = 3.977709e-01, change in D = 1.690077e-01.
  Coordinate descent sweep 3. norm of D = 4.717091e-01, change in D = 1.149195e-01.
    Line search step size chosen: 1.000000e+00.
  Objective value decreased by 3.581135e-03.
Newton iteration 7.
  Active set size = 6248.
  sub-gradient = 8.381048e-02, l1-norm of X = 3.227323e+01.
  Coordinate descent sweep 1. norm of D = 7.431644e-02, change in D = 7.431644e-02.
  Coordinate descent sweep 2. norm of D = 1.134109e-01, change in D = 6.615278e-02.
  Coordinate descent sweep 3. norm of D = 1.488174e-01, change in D = 4.791088e-02.
    Line search step size chosen: 1.000000e+00.
  Objective value decreased by 4.566064e-04.
Newton iteration 8.
  Active set size = 6248.
  sub-gradient = 2.557744e-02, l1-norm of X = 3.230501e+01.
  Coordinate descent sweep 1. norm of D = 2.856301e-02, change in D = 2.856301e-02.
  Coordinate descent sweep 2. norm of D = 4.419875e-02, change in D = 2.201797e-02.
  Coordinate descent sweep 3. norm of D = 5.602567e-02, change in D = 1.664788e-02.
    Line search step size chosen: 1.000000e+00.
  Objective value decreased by 6.980384e-05.
Newton iteration 9.
  Active set size = 6248.
  sub-gradient = 1.230239e-02, l1-norm of X = 3.231610e+01.
  Coordinate descent sweep 1. norm of D = 1.207773e-02, change in D = 1.207773e-02.
  Coordinate descent sweep 2. norm of D = 1.890839e-02, change in D = 9.897104e-03.
  Coordinate descent sweep 3. norm of D = 2.199503e-02, change in D = 6.135157e-03.
  Coordinate descent sweep 4. norm of D = 2.637701e-02, change in D = 5.252412e-03.
    Line search step size chosen: 1.000000e+00.
  Objective value decreased by 1.545425e-05.
Newton iteration 10.
  Active set size = 6248.
  sub-gradient = 2.380567e-03, l1-norm of X = 3.232364e+01.
  Coordinate descent sweep 1. norm of D = 2.987597e-03, change in D = 2.987597e-03.
  Coordinate descent sweep 2. norm of D = 4.999484e-03, change in D = 2.718679e-03.
  Coordinate descent sweep 3. norm of D = 6.413757e-03, change in D = 1.969620e-03.
  Coordinate descent sweep 4. norm of D = 7.362292e-03, change in D = 1.178879e-03.
    Line search step size chosen: 1.000000e+00.
  Objective value decreased by 1.221960e-06.
QUIC CPU time: 847.350 seconds
