[1] "GTEx"             "49"               "correcting_first" "0.52"            
[1] "Data read complete"
Running QUIC version 1.1 in 'default' mode.
Newton iteration 1.
  X is a diagonal matrix.
    Line search step size chosen: 1.000000e+00.
  Objective value decreased by 2.122933e+00.
Newton iteration 2.
  Active set size = 5956.
  sub-gradient = 1.742562e+01, l1-norm of X = 1.669426e+01.
  Coordinate descent sweep 1. norm of D = 6.101741e+00, change in D = 6.101741e+00.
    Line search step size chosen: 1.000000e+00.
  Objective value decreased by 4.681207e-01.
Newton iteration 3.
  Active set size = 5951.
  sub-gradient = 4.071088e+00, l1-norm of X = 1.506117e+01.
  Coordinate descent sweep 1. norm of D = 2.711506e+00, change in D = 2.711506e+00.
  Coordinate descent sweep 2. norm of D = 3.041013e+00, change in D = 9.108881e-01.
    Line search step size chosen: 1.000000e+00.
  Objective value decreased by 1.135789e-01.
Newton iteration 4.
  Active set size = 5948.
  sub-gradient = 8.090153e-01, l1-norm of X = 1.525471e+01.
  Coordinate descent sweep 1. norm of D = 6.174996e-01, change in D = 6.174996e-01.
  Coordinate descent sweep 2. norm of D = 7.530635e-01, change in D = 2.857858e-01.
    Line search step size chosen: 1.000000e+00.
  Objective value decreased by 1.066585e-02.
Newton iteration 5.
  Active set size = 5948.
  sub-gradient = 1.434229e-01, l1-norm of X = 1.533158e+01.
  Coordinate descent sweep 1. norm of D = 1.163185e-01, change in D = 1.163185e-01.
  Coordinate descent sweep 2. norm of D = 1.712090e-01, change in D = 9.140360e-02.
    Line search step size chosen: 1.000000e+00.
  Objective value decreased by 7.771364e-04.
Newton iteration 6.
  Active set size = 5947.
  sub-gradient = 2.849660e-02, l1-norm of X = 1.535228e+01.
  Coordinate descent sweep 1. norm of D = 3.622352e-02, change in D = 3.622352e-02.
  Coordinate descent sweep 2. norm of D = 4.667073e-02, change in D = 1.570528e-02.
  Coordinate descent sweep 3. norm of D = 5.604079e-02, change in D = 1.082612e-02.
    Line search step size chosen: 1.000000e+00.
  Objective value decreased by 8.332017e-05.
Newton iteration 7.
  Active set size = 5947.
  sub-gradient = 4.641601e-03, l1-norm of X = 1.536694e+01.
  Coordinate descent sweep 1. norm of D = 4.757727e-03, change in D = 4.757727e-03.
  Coordinate descent sweep 2. norm of D = 6.437544e-03, change in D = 3.086272e-03.
  Coordinate descent sweep 3. norm of D = 8.164477e-03, change in D = 1.816981e-03.
    Line search step size chosen: 1.000000e+00.
  Objective value decreased by 3.785854e-06.
Newton iteration 8.
  Active set size = 5947.
  sub-gradient = 1.090465e-03, l1-norm of X = 1.537056e+01.
  Coordinate descent sweep 1. norm of D = 1.305480e-03, change in D = 1.305480e-03.
  Coordinate descent sweep 2. norm of D = 1.746350e-03, change in D = 5.255608e-04.
  Coordinate descent sweep 3. norm of D = 2.379145e-03, change in D = 6.709075e-04.
    Line search step size chosen: 1.000000e+00.
  Objective value decreased by 4.136327e-07.
QUIC CPU time: 671.100 seconds
