[1] "GTEx"             "49"               "correcting_first" "0.56"            
[1] "Data read complete"
Running QUIC version 1.1 in 'default' mode.
Newton iteration 1.
  X is a diagonal matrix.
    Line search step size chosen: 1.000000e+00.
  Objective value decreased by 1.511121e+00.
Newton iteration 2.
  Active set size = 5904.
  sub-gradient = 7.263761e+00, l1-norm of X = 1.153133e+01.
  Coordinate descent sweep 1. norm of D = 3.749597e+00, change in D = 3.749597e+00.
    Line search step size chosen: 1.000000e+00.
  Objective value decreased by 1.901530e-01.
Newton iteration 3.
  Active set size = 5902.
  sub-gradient = 1.124856e+00, l1-norm of X = 1.044652e+01.
  Coordinate descent sweep 1. norm of D = 1.248796e+00, change in D = 1.248796e+00.
  Coordinate descent sweep 2. norm of D = 1.566825e+00, change in D = 3.860576e-01.
    Line search step size chosen: 1.000000e+00.
  Objective value decreased by 3.516378e-02.
Newton iteration 4.
  Active set size = 5901.
  sub-gradient = 1.788140e-01, l1-norm of X = 1.091839e+01.
  Coordinate descent sweep 1. norm of D = 2.174889e-01, change in D = 2.174889e-01.
  Coordinate descent sweep 2. norm of D = 3.048924e-01, change in D = 1.035245e-01.
    Line search step size chosen: 1.000000e+00.
  Objective value decreased by 2.372079e-03.
Newton iteration 5.
  Active set size = 5901.
  sub-gradient = 4.108966e-02, l1-norm of X = 1.102938e+01.
  Coordinate descent sweep 1. norm of D = 4.336928e-02, change in D = 4.336928e-02.
  Coordinate descent sweep 2. norm of D = 6.593706e-02, change in D = 2.967659e-02.
    Line search step size chosen: 1.000000e+00.
  Objective value decreased by 1.653241e-04.
Newton iteration 6.
  Active set size = 5901.
  sub-gradient = 1.181247e-02, l1-norm of X = 1.105184e+01.
  Coordinate descent sweep 1. norm of D = 1.427015e-02, change in D = 1.427015e-02.
  Coordinate descent sweep 2. norm of D = 2.095067e-02, change in D = 7.597415e-03.
  Coordinate descent sweep 3. norm of D = 2.275420e-02, change in D = 2.387985e-03.
    Line search step size chosen: 1.000000e+00.
  Objective value decreased by 1.624191e-05.
Newton iteration 7.
  Active set size = 5901.
  sub-gradient = 1.815745e-03, l1-norm of X = 1.105948e+01.
  Coordinate descent sweep 1. norm of D = 2.400360e-03, change in D = 2.400360e-03.
  Coordinate descent sweep 2. norm of D = 3.311622e-03, change in D = 9.838528e-04.
  Coordinate descent sweep 3. norm of D = 3.559837e-03, change in D = 3.656617e-04.
    Line search step size chosen: 1.000000e+00.
  Objective value decreased by 5.863631e-07.
Newton iteration 8.
  Active set size = 5901.
  sub-gradient = 3.287108e-04, l1-norm of X = 1.106062e+01.
  Coordinate descent sweep 1. norm of D = 3.856972e-04, change in D = 3.856972e-04.
  Coordinate descent sweep 2. norm of D = 5.452343e-04, change in D = 1.681092e-04.
  Coordinate descent sweep 3. norm of D = 6.220416e-04, change in D = 8.230625e-05.
    Line search step size chosen: 1.000000e+00.
  Objective value decreased by 1.825993e-08.
QUIC CPU time: 663.310 seconds
