[1] "GTEx"             "49"               "correcting_first" "0.78"            
[1] "Data read complete"
Running QUIC version 1.1 in 'default' mode.
Newton iteration 1.
  X is a diagonal matrix.
    Line search step size chosen: 1.000000e+00.
  Objective value decreased by 1.117415e-01.
Newton iteration 2.
  Active set size = 5795.
  sub-gradient = 2.510014e-01, l1-norm of X = 1.278135e+00.
  Coordinate descent sweep 1. norm of D = 2.217789e-01, change in D = 2.217789e-01.
    Line search step size chosen: 1.000000e+00.
  Objective value decreased by 2.827807e-03.
Newton iteration 3.
  Active set size = 5795.
  sub-gradient = 2.928144e-02, l1-norm of X = 1.262564e+00.
  Coordinate descent sweep 1. norm of D = 3.816855e-02, change in D = 3.816855e-02.
  Coordinate descent sweep 2. norm of D = 4.724582e-02, change in D = 9.077419e-03.
    Line search step size chosen: 1.000000e+00.
  Objective value decreased by 1.966818e-04.
Newton iteration 4.
  Active set size = 5795.
  sub-gradient = 1.766290e-03, l1-norm of X = 1.306183e+00.
  Coordinate descent sweep 1. norm of D = 1.858735e-03, change in D = 1.858735e-03.
  Coordinate descent sweep 2. norm of D = 2.152963e-03, change in D = 3.216015e-04.
    Line search step size chosen: 1.000000e+00.
  Objective value decreased by 2.908782e-07.
Newton iteration 5.
  Active set size = 5795.
  sub-gradient = 1.091783e-04, l1-norm of X = 1.306764e+00.
  Coordinate descent sweep 1. norm of D = 1.244429e-04, change in D = 1.244429e-04.
  Coordinate descent sweep 2. norm of D = 1.379753e-04, change in D = 1.353244e-05.
    Line search step size chosen: 1.000000e+00.
  Objective value decreased by 2.699380e-09.
QUIC CPU time: 440.370 seconds
