[1] "GTEx"             "49"               "correcting_first" "0.84"            
[1] "Data read complete"
Running QUIC version 1.1 in 'default' mode.
Newton iteration 1.
  X is a diagonal matrix.
    Line search step size chosen: 1.000000e+00.
  Objective value decreased by 4.195513e-02.
Newton iteration 2.
  Active set size = 5790.
  sub-gradient = 9.017583e-02, l1-norm of X = 6.741194e-01.
  Coordinate descent sweep 1. norm of D = 8.648658e-02, change in D = 8.648658e-02.
    Line search step size chosen: 1.000000e+00.
  Objective value decreased by 5.251527e-04.
Newton iteration 3.
  Active set size = 5790.
  sub-gradient = 3.111238e-03, l1-norm of X = 6.801805e-01.
  Coordinate descent sweep 1. norm of D = 3.371119e-03, change in D = 3.371119e-03.
  Coordinate descent sweep 2. norm of D = 3.623100e-03, change in D = 3.526843e-04.
    Line search step size chosen: 1.000000e+00.
  Objective value decreased by 1.338601e-06.
Newton iteration 4.
  Active set size = 5790.
  sub-gradient = 5.352901e-05, l1-norm of X = 6.819585e-01.
  Coordinate descent sweep 1. norm of D = 5.511595e-05, change in D = 5.511595e-05.
  Coordinate descent sweep 2. norm of D = 6.400099e-05, change in D = 9.037505e-06.
    Line search step size chosen: 1.000000e+00.
  Objective value decreased by 1.010449e-09.
QUIC CPU time: 353.780 seconds
