[1] "GTEx"             "49"               "correcting_first" "0.86"            
[1] "Data read complete"
Running QUIC version 1.1 in 'default' mode.
Newton iteration 1.
  X is a diagonal matrix.
    Line search step size chosen: 1.000000e+00.
  Objective value decreased by 2.764651e-02.
Newton iteration 2.
  Active set size = 5790.
  sub-gradient = 5.858330e-02, l1-norm of X = 5.525699e-01.
  Coordinate descent sweep 1. norm of D = 5.686622e-02, change in D = 5.686622e-02.
    Line search step size chosen: 1.000000e+00.
  Objective value decreased by 2.424737e-04.
Newton iteration 3.
  Active set size = 5790.
  sub-gradient = 1.495022e-03, l1-norm of X = 5.560988e-01.
  Coordinate descent sweep 1. norm of D = 1.600211e-03, change in D = 1.600211e-03.
  Coordinate descent sweep 2. norm of D = 1.694921e-03, change in D = 1.362256e-04.
    Line search step size chosen: 1.000000e+00.
  Objective value decreased by 3.283294e-07.
Newton iteration 4.
  Active set size = 5790.
  sub-gradient = 1.874929e-05, l1-norm of X = 5.569662e-01.
  Coordinate descent sweep 1. norm of D = 1.912037e-05, change in D = 1.912037e-05.
  Coordinate descent sweep 2. norm of D = 2.163645e-05, change in D = 2.546983e-06.
    Line search step size chosen: 1.000000e+00.
  Objective value decreased by 1.355147e-10.
QUIC CPU time: 354.200 seconds
