[1] "/work-zfs/abattle4/prashanthi/recount3/data/skeletal_muscle/GTEx/weighted_covariances/cov_1.rds"
[1] "Data read complete"
Running QUIC version 1.1 in 'default' mode.
Newton iteration 1.
  X is a diagonal matrix.
    Line search step size 1.000000e+00.  Lack of positive definiteness.
    Line search step size 5.000000e-01.  Lack of positive definiteness.
    Line search step size 2.500000e-01.  Lack of positive definiteness.
    Line search step size chosen: 1.250000e-01.
  Objective value decreased by 7.306199e+01.
Newton iteration 2.
  Active set size = 59886.
  sub-gradient = 1.873212e+03, l1-norm of X = 1.021370e+02.
  Coordinate descent sweep 1. norm of D = 1.664167e+03, change in D = 1.664167e+03.
    Line search step size 1.000000e+00.  Lack of positive definiteness.
    Line search step size 5.000000e-01.  Lack of positive definiteness.
    Line search step size chosen: 2.500000e-01.
  Objective value decreased by 7.012567e+01.
Newton iteration 3.
  Active set size = 59895.
  sub-gradient = 1.280810e+03, l1-norm of X = 2.430922e+02.
  Coordinate descent sweep 1. norm of D = 1.082679e+03, change in D = 1.082679e+03.
  Coordinate descent sweep 2. norm of D = 1.130628e+03, change in D = 1.922841e+02.
    Line search step size chosen: 1.000000e+00.
  Objective value decreased by 6.898082e+01.
Newton iteration 4.
  Active set size = 54265.
  sub-gradient = 5.876051e+02, l1-norm of X = 5.455223e+02.
  Coordinate descent sweep 1. norm of D = 2.087842e+02, change in D = 2.087842e+02.
  Coordinate descent sweep 2. norm of D = 2.241628e+02, change in D = 1.060834e+02.
    Line search step size chosen: 1.000000e+00.
  Objective value decreased by 8.392708e+00.
Newton iteration 5.
  Active set size = 52684.
  sub-gradient = 1.207009e+02, l1-norm of X = 5.432704e+02.
  Coordinate descent sweep 1. norm of D = 7.363863e+01, change in D = 7.363863e+01.
  Coordinate descent sweep 2. norm of D = 9.274834e+01, change in D = 4.572676e+01.
    Line search step size chosen: 1.000000e+00.
  Objective value decreased by 2.498199e+00.
Newton iteration 6.
  Active set size = 52273.
  sub-gradient = 3.577565e+01, l1-norm of X = 5.460619e+02.
  Coordinate descent sweep 1. norm of D = 3.279122e+01, change in D = 3.279122e+01.
  Coordinate descent sweep 2. norm of D = 4.516103e+01, change in D = 2.321682e+01.
  Coordinate descent sweep 3. norm of D = 5.453170e+01, change in D = 1.706450e+01.
    Line search step size chosen: 1.000000e+00.
  Objective value decreased by 1.312837e+00.
Newton iteration 7.
  Active set size = 52116.
  sub-gradient = 1.479550e+01, l1-norm of X = 5.501321e+02.
  Coordinate descent sweep 1. norm of D = 1.378707e+01, change in D = 1.378707e+01.
  Coordinate descent sweep 2. norm of D = 2.023551e+01, change in D = 1.101333e+01.
  Coordinate descent sweep 3. norm of D = 2.535058e+01, change in D = 8.958822e+00.
    Line search step size chosen: 1.000000e+00.
  Objective value decreased by 5.003268e-01.
Newton iteration 8.
  Active set size = 52063.
  sub-gradient = 8.798101e+00, l1-norm of X = 5.521220e+02.
  Coordinate descent sweep 1. norm of D = 7.540606e+00, change in D = 7.540606e+00.
  Coordinate descent sweep 2. norm of D = 1.118630e+01, change in D = 6.112697e+00.
  Coordinate descent sweep 3. norm of D = 1.417556e+01, change in D = 5.416367e+00.
    Line search step size chosen: 1.000000e+00.
  Objective value decreased by 2.314211e-01.
Newton iteration 9.
  Active set size = 52051.
  sub-gradient = 4.328472e+00, l1-norm of X = 5.532651e+02.
  Coordinate descent sweep 1. norm of D = 4.534013e+00, change in D = 4.534013e+00.
  Coordinate descent sweep 2. norm of D = 6.748287e+00, change in D = 4.004449e+00.
  Coordinate descent sweep 3. norm of D = 8.374035e+00, change in D = 3.375988e+00.
  Coordinate descent sweep 4. norm of D = 9.927294e+00, change in D = 3.065495e+00.
    Line search step size chosen: 1.000000e+00.
  Objective value decreased by 1.378255e-01.
Newton iteration 10.
  Active set size = 52042.
  sub-gradient = 3.212459e+00, l1-norm of X = 5.540726e+02.
  Coordinate descent sweep 1. norm of D = 2.794015e+00, change in D = 2.794015e+00.
  Coordinate descent sweep 2. norm of D = 4.191872e+00, change in D = 2.465451e+00.
  Coordinate descent sweep 3. norm of D = 5.361054e+00, change in D = 2.133823e+00.
  Coordinate descent sweep 4. norm of D = 6.479611e+00, change in D = 2.029877e+00.
    Line search step size chosen: 1.000000e+00.
  Objective value decreased by 7.577905e-02.
Newton iteration 11.
  Active set size = 52038.
  sub-gradient = 2.073123e+00, l1-norm of X = 5.545876e+02.
  Coordinate descent sweep 1. norm of D = 1.860834e+00, change in D = 1.860834e+00.
  Coordinate descent sweep 2. norm of D = 2.744602e+00, change in D = 1.545146e+00.
  Coordinate descent sweep 3. norm of D = 3.593225e+00, change in D = 1.557100e+00.
  Coordinate descent sweep 4. norm of D = 4.396544e+00, change in D = 1.405558e+00.
    Line search step size chosen: 1.000000e+00.
  Objective value decreased by 4.515673e-02.
Newton iteration 12.
  Active set size = 52031.
  sub-gradient = 1.177345e+00, l1-norm of X = 5.549620e+02.
  Coordinate descent sweep 1. norm of D = 1.257084e+00, change in D = 1.257084e+00.
  Coordinate descent sweep 2. norm of D = 1.877702e+00, change in D = 1.115516e+00.
  Coordinate descent sweep 3. norm of D = 2.484968e+00, change in D = 1.057898e+00.
  Coordinate descent sweep 4. norm of D = 2.977560e+00, change in D = 9.299666e-01.
  Coordinate descent sweep 5. norm of D = 3.364471e+00, change in D = 8.200855e-01.
    Line search step size chosen: 1.000000e+00.
  Objective value decreased by 2.666912e-02.
Newton iteration 13.
  Active set size = 52030.
  sub-gradient = 7.955132e-01, l1-norm of X = 5.552454e+02.
  Coordinate descent sweep 1. norm of D = 8.000373e-01, change in D = 8.000373e-01.
  Coordinate descent sweep 2. norm of D = 1.233704e+00, change in D = 7.379570e-01.
  Coordinate descent sweep 3. norm of D = 1.630044e+00, change in D = 7.289023e-01.
  Coordinate descent sweep 4. norm of D = 1.904647e+00, change in D = 6.144142e-01.
  Coordinate descent sweep 5. norm of D = 2.232323e+00, change in D = 6.077777e-01.
    Line search step size chosen: 1.000000e+00.
  Objective value decreased by 1.497735e-02.
Newton iteration 14.
  Active set size = 52028.
  sub-gradient = 6.086631e-01, l1-norm of X = 5.554221e+02.
  Coordinate descent sweep 1. norm of D = 5.260199e-01, change in D = 5.260199e-01.
  Coordinate descent sweep 2. norm of D = 8.715091e-01, change in D = 5.555516e-01.
  Coordinate descent sweep 3. norm of D = 1.186124e+00, change in D = 5.210428e-01.
  Coordinate descent sweep 4. norm of D = 1.457596e+00, change in D = 5.009367e-01.
  Coordinate descent sweep 5. norm of D = 1.678560e+00, change in D = 4.155607e-01.
    Line search step size chosen: 1.000000e+00.
  Objective value decreased by 9.399885e-03.
Newton iteration 15.
  Active set size = 52027.
  sub-gradient = 3.796963e-01, l1-norm of X = 5.555721e+02.
  Coordinate descent sweep 1. norm of D = 3.779064e-01, change in D = 3.779064e-01.
  Coordinate descent sweep 2. norm of D = 5.902323e-01, change in D = 3.599436e-01.
  Coordinate descent sweep 3. norm of D = 7.837505e-01, change in D = 3.444118e-01.
  Coordinate descent sweep 4. norm of D = 9.459272e-01, change in D = 3.197029e-01.
  Coordinate descent sweep 5. norm of D = 1.130711e+00, change in D = 3.121577e-01.
  Coordinate descent sweep 6. norm of D = 1.271130e+00, change in D = 2.747705e-01.
    Line search step size chosen: 1.000000e+00.
  Objective value decreased by 5.603630e-03.
Newton iteration 16.
  Active set size = 52028.
  sub-gradient = 2.532823e-01, l1-norm of X = 5.556743e+02.
  Coordinate descent sweep 1. norm of D = 2.696733e-01, change in D = 2.696733e-01.
  Coordinate descent sweep 2. norm of D = 4.231962e-01, change in D = 2.435684e-01.
  Coordinate descent sweep 3. norm of D = 5.613870e-01, change in D = 2.302769e-01.
  Coordinate descent sweep 4. norm of D = 6.901083e-01, change in D = 2.173488e-01.
  Coordinate descent sweep 5. norm of D = 7.864407e-01, change in D = 1.936616e-01.
  Coordinate descent sweep 6. norm of D = 8.657754e-01, change in D = 1.883198e-01.
    Line search step size chosen: 1.000000e+00.
  Objective value decreased by 3.074099e-03.
Newton iteration 17.
  Active set size = 52027.
  sub-gradient = 2.142896e-01, l1-norm of X = 5.557534e+02.
  Coordinate descent sweep 1. norm of D = 1.789120e-01, change in D = 1.789120e-01.
  Coordinate descent sweep 2. norm of D = 2.898102e-01, change in D = 1.738771e-01.
  Coordinate descent sweep 3. norm of D = 3.735326e-01, change in D = 1.465472e-01.
  Coordinate descent sweep 4. norm of D = 4.501924e-01, change in D = 1.425065e-01.
  Coordinate descent sweep 5. norm of D = 5.254002e-01, change in D = 1.415819e-01.
  Coordinate descent sweep 6. norm of D = 6.078973e-01, change in D = 1.397564e-01.
    Line search step size chosen: 1.000000e+00.
  Objective value decreased by 1.583601e-03.
Newton iteration 18.
  Active set size = 52026.
  sub-gradient = 1.336236e-01, l1-norm of X = 5.558033e+02.
  Coordinate descent sweep 1. norm of D = 1.358869e-01, change in D = 1.358869e-01.
  Coordinate descent sweep 2. norm of D = 2.136940e-01, change in D = 1.190055e-01.
  Coordinate descent sweep 3. norm of D = 2.707716e-01, change in D = 1.094432e-01.
  Coordinate descent sweep 4. norm of D = 3.183026e-01, change in D = 9.930755e-02.
  Coordinate descent sweep 5. norm of D = 3.684857e-01, change in D = 9.762269e-02.
  Coordinate descent sweep 6. norm of D = 4.040574e-01, change in D = 8.425878e-02.
  Coordinate descent sweep 7. norm of D = 4.582195e-01, change in D = 9.952878e-02.
    Line search step size chosen: 1.000000e+00.
  Objective value decreased by 1.050958e-03.
Newton iteration 19.
  Active set size = 52026.
  sub-gradient = 8.487048e-02, l1-norm of X = 5.558452e+02.
  Coordinate descent sweep 1. norm of D = 9.110387e-02, change in D = 9.110387e-02.
  Coordinate descent sweep 2. norm of D = 1.470871e-01, change in D = 7.978987e-02.
  Coordinate descent sweep 3. norm of D = 1.986271e-01, change in D = 7.739984e-02.
  Coordinate descent sweep 4. norm of D = 2.370440e-01, change in D = 6.849318e-02.
  Coordinate descent sweep 5. norm of D = 2.714832e-01, change in D = 6.939821e-02.
  Coordinate descent sweep 6. norm of D = 3.059363e-01, change in D = 6.520751e-02.
  Coordinate descent sweep 7. norm of D = 3.375884e-01, change in D = 6.192295e-02.
    Line search step size chosen: 1.000000e+00.
  Objective value decreased by 5.951083e-04.
Newton iteration 20.
  Active set size = 52026.
  sub-gradient = 5.329360e-02, l1-norm of X = 5.558771e+02.
  Coordinate descent sweep 1. norm of D = 5.302658e-02, change in D = 5.302658e-02.
  Coordinate descent sweep 2. norm of D = 8.966049e-02, change in D = 5.713086e-02.
  Coordinate descent sweep 3. norm of D = 1.287785e-01, change in D = 5.744442e-02.
  Coordinate descent sweep 4. norm of D = 1.515344e-01, change in D = 4.953935e-02.
  Coordinate descent sweep 5. norm of D = 1.736753e-01, change in D = 4.209411e-02.
  Coordinate descent sweep 6. norm of D = 1.950352e-01, change in D = 4.222937e-02.
  Coordinate descent sweep 7. norm of D = 2.219547e-01, change in D = 4.352108e-02.
    Line search step size chosen: 1.000000e+00.
  Objective value decreased by 3.148673e-04.
QUIC CPU time: 7907.270 seconds
