[1] "/work-zfs/abattle4/prashanthi/recount3/data/skeletal_muscle/GTEx/weighted_covariances/cov_1.rds"
[1] "Data read complete"
Running QUIC version 1.1 in 'default' mode.
Newton iteration 1.
  X is a diagonal matrix.
    Line search step size 1.000000e+00.  Lack of positive definiteness.
    Line search step size 5.000000e-01.  Lack of positive definiteness.
    Line search step size chosen: 2.500000e-01.
  Objective value decreased by 1.021401e+01.
Newton iteration 2.
  Active set size = 10088.
  sub-gradient = 7.336582e+01, l1-norm of X = 2.355271e+01.
  Coordinate descent sweep 1. norm of D = 6.742788e+01, change in D = 6.742788e+01.
    Line search step size chosen: 1.000000e+00.
  Objective value decreased by 6.696475e+00.
Newton iteration 3.
  Active set size = 10038.
  sub-gradient = 9.329502e+01, l1-norm of X = 7.191220e+01.
  Coordinate descent sweep 1. norm of D = 2.427753e+01, change in D = 2.427753e+01.
  Coordinate descent sweep 2. norm of D = 2.609424e+01, change in D = 9.010442e+00.
    Line search step size chosen: 1.000000e+00.
  Objective value decreased by 2.176457e+00.
Newton iteration 4.
  Active set size = 10006.
  sub-gradient = 2.680730e+01, l1-norm of X = 7.174829e+01.
  Coordinate descent sweep 1. norm of D = 9.013392e+00, change in D = 9.013392e+00.
  Coordinate descent sweep 2. norm of D = 1.089421e+01, change in D = 4.500773e+00.
    Line search step size chosen: 1.000000e+00.
  Objective value decreased by 5.627408e-01.
Newton iteration 5.
  Active set size = 9994.
  sub-gradient = 6.372121e+00, l1-norm of X = 7.221538e+01.
  Coordinate descent sweep 1. norm of D = 3.701033e+00, change in D = 3.701033e+00.
  Coordinate descent sweep 2. norm of D = 4.891060e+00, change in D = 2.012154e+00.
    Line search step size chosen: 1.000000e+00.
  Objective value decreased by 1.114103e-01.
Newton iteration 6.
  Active set size = 9987.
  sub-gradient = 1.454241e+00, l1-norm of X = 7.272337e+01.
  Coordinate descent sweep 1. norm of D = 1.308636e+00, change in D = 1.308636e+00.
  Coordinate descent sweep 2. norm of D = 1.902490e+00, change in D = 8.641804e-01.
  Coordinate descent sweep 3. norm of D = 2.282581e+00, change in D = 5.304251e-01.
    Line search step size chosen: 1.000000e+00.
  Objective value decreased by 2.090358e-02.
Newton iteration 7.
  Active set size = 9987.
  sub-gradient = 3.371186e-01, l1-norm of X = 7.312459e+01.
  Coordinate descent sweep 1. norm of D = 3.550734e-01, change in D = 3.550734e-01.
  Coordinate descent sweep 2. norm of D = 5.244824e-01, change in D = 2.339816e-01.
  Coordinate descent sweep 3. norm of D = 6.664896e-01, change in D = 1.864567e-01.
    Line search step size chosen: 1.000000e+00.
  Objective value decreased by 2.140258e-03.
Newton iteration 8.
  Active set size = 9987.
  sub-gradient = 1.003333e-01, l1-norm of X = 7.325296e+01.
  Coordinate descent sweep 1. norm of D = 1.030542e-01, change in D = 1.030542e-01.
  Coordinate descent sweep 2. norm of D = 1.630895e-01, change in D = 8.317998e-02.
  Coordinate descent sweep 3. norm of D = 1.985077e-01, change in D = 5.419777e-02.
    Line search step size chosen: 1.000000e+00.
  Objective value decreased by 2.758556e-04.
Newton iteration 9.
  Active set size = 9987.
  sub-gradient = 3.943760e-02, l1-norm of X = 7.329815e+01.
  Coordinate descent sweep 1. norm of D = 3.832554e-02, change in D = 3.832554e-02.
  Coordinate descent sweep 2. norm of D = 6.173191e-02, change in D = 3.128286e-02.
  Coordinate descent sweep 3. norm of D = 7.720371e-02, change in D = 2.168261e-02.
  Coordinate descent sweep 4. norm of D = 8.829806e-02, change in D = 1.462574e-02.
    Line search step size chosen: 1.000000e+00.
  Objective value decreased by 5.410545e-05.
Newton iteration 10.
  Active set size = 9987.
  sub-gradient = 9.042887e-03, l1-norm of X = 7.331682e+01.
  Coordinate descent sweep 1. norm of D = 9.296918e-03, change in D = 9.296918e-03.
  Coordinate descent sweep 2. norm of D = 1.545933e-02, change in D = 7.964434e-03.
  Coordinate descent sweep 3. norm of D = 1.997407e-02, change in D = 6.088702e-03.
  Coordinate descent sweep 4. norm of D = 2.258671e-02, change in D = 3.560657e-03.
    Line search step size chosen: 1.000000e+00.
  Objective value decreased by 4.226664e-06.
Newton iteration 11.
  Active set size = 9987.
  sub-gradient = 3.100131e-03, l1-norm of X = 7.332166e+01.
  Coordinate descent sweep 1. norm of D = 2.643461e-03, change in D = 2.643461e-03.
  Coordinate descent sweep 2. norm of D = 4.387884e-03, change in D = 2.196894e-03.
  Coordinate descent sweep 3. norm of D = 5.478629e-03, change in D = 1.423349e-03.
  Coordinate descent sweep 4. norm of D = 6.299055e-03, change in D = 1.010839e-03.
    Line search step size chosen: 1.000000e+00.
  Objective value decreased by 4.118301e-07.
QUIC CPU time: 3338.830 seconds
