[1] "/work-zfs/abattle4/prashanthi/recount3/data/skeletal_muscle/GTEx/weighted_covariances/cov_1.rds"
[1] "Data read complete"
Running QUIC version 1.1 in 'default' mode.
Newton iteration 1.
  X is a diagonal matrix.
    Line search step size chosen: 1.000000e+00.
  Objective value decreased by 1.225410e+00.
Newton iteration 2.
  Active set size = 9293.
  sub-gradient = 8.705276e+00, l1-norm of X = 1.480855e+01.
  Coordinate descent sweep 1. norm of D = 3.744846e+00, change in D = 3.744846e+00.
    Line search step size chosen: 1.000000e+00.
  Objective value decreased by 2.070612e-01.
Newton iteration 3.
  Active set size = 9290.
  sub-gradient = 1.380048e+00, l1-norm of X = 1.330398e+01.
  Coordinate descent sweep 1. norm of D = 1.291908e+00, change in D = 1.291908e+00.
  Coordinate descent sweep 2. norm of D = 1.433940e+00, change in D = 4.119270e-01.
    Line search step size chosen: 1.000000e+00.
  Objective value decreased by 2.918470e-02.
Newton iteration 4.
  Active set size = 9290.
  sub-gradient = 1.841072e-01, l1-norm of X = 1.342737e+01.
  Coordinate descent sweep 1. norm of D = 1.613991e-01, change in D = 1.613991e-01.
  Coordinate descent sweep 2. norm of D = 1.738083e-01, change in D = 4.665387e-02.
    Line search step size chosen: 1.000000e+00.
  Objective value decreased by 5.430091e-04.
Newton iteration 5.
  Active set size = 9290.
  sub-gradient = 1.845467e-02, l1-norm of X = 1.342939e+01.
  Coordinate descent sweep 1. norm of D = 1.944688e-02, change in D = 1.944688e-02.
  Coordinate descent sweep 2. norm of D = 2.329688e-02, change in D = 6.040024e-03.
    Line search step size chosen: 1.000000e+00.
  Objective value decreased by 1.158399e-05.
Newton iteration 6.
  Active set size = 9290.
  sub-gradient = 1.726166e-03, l1-norm of X = 1.343198e+01.
  Coordinate descent sweep 1. norm of D = 1.601101e-03, change in D = 1.601101e-03.
  Coordinate descent sweep 2. norm of D = 2.089906e-03, change in D = 7.963848e-04.
  Coordinate descent sweep 3. norm of D = 2.214889e-03, change in D = 2.141126e-04.
    Line search step size chosen: 1.000000e+00.
  Objective value decreased by 1.353983e-07.
Newton iteration 7.
  Active set size = 9290.
  sub-gradient = 4.879563e-05, l1-norm of X = 1.343202e+01.
  Coordinate descent sweep 1. norm of D = 5.243656e-05, change in D = 5.243656e-05.
  Coordinate descent sweep 2. norm of D = 6.442372e-05, change in D = 1.530519e-05.
  Coordinate descent sweep 3. norm of D = 6.891588e-05, change in D = 6.581564e-06.
    Line search step size chosen: 1.000000e+00.
  Objective value decreased by 1.982698e-10.
QUIC CPU time: 2606.340 seconds
