[1] "/work-zfs/abattle4/prashanthi/recount3/data/skeletal_muscle/GTEx/weighted_covariances/cov_1.rds"
[1] "Data read complete"
Running QUIC version 1.1 in 'default' mode.
Newton iteration 1.
  X is a diagonal matrix.
    Line search step size chosen: 1.000000e+00.
  Objective value decreased by 5.766164e-01.
Newton iteration 2.
  Active set size = 9239.
  sub-gradient = 2.459451e+00, l1-norm of X = 7.812426e+00.
  Coordinate descent sweep 1. norm of D = 1.556671e+00, change in D = 1.556671e+00.
    Line search step size chosen: 1.000000e+00.
  Objective value decreased by 4.119570e-02.
Newton iteration 3.
  Active set size = 9237.
  sub-gradient = 3.228472e-01, l1-norm of X = 7.198488e+00.
  Coordinate descent sweep 1. norm of D = 3.205186e-01, change in D = 3.205186e-01.
  Coordinate descent sweep 2. norm of D = 3.703324e-01, change in D = 7.272955e-02.
    Line search step size chosen: 1.000000e+00.
  Objective value decreased by 4.385355e-03.
Newton iteration 4.
  Active set size = 9237.
  sub-gradient = 2.314716e-02, l1-norm of X = 7.347759e+00.
  Coordinate descent sweep 1. norm of D = 2.674780e-02, change in D = 2.674780e-02.
  Coordinate descent sweep 2. norm of D = 3.282866e-02, change in D = 7.646191e-03.
    Line search step size chosen: 1.000000e+00.
  Objective value decreased by 6.429746e-05.
Newton iteration 5.
  Active set size = 9237.
  sub-gradient = 2.488729e-03, l1-norm of X = 7.362892e+00.
  Coordinate descent sweep 1. norm of D = 2.775974e-03, change in D = 2.775974e-03.
  Coordinate descent sweep 2. norm of D = 3.459915e-03, change in D = 7.082296e-04.
    Line search step size chosen: 1.000000e+00.
  Objective value decreased by 1.070845e-06.
Newton iteration 6.
  Active set size = 9237.
  sub-gradient = 1.863236e-04, l1-norm of X = 7.363675e+00.
  Coordinate descent sweep 1. norm of D = 1.444385e-04, change in D = 1.444385e-04.
  Coordinate descent sweep 2. norm of D = 1.880053e-04, change in D = 8.467183e-05.
  Coordinate descent sweep 3. norm of D = 2.193124e-04, change in D = 3.149834e-05.
    Line search step size chosen: 1.000000e+00.
  Objective value decreased by 6.535629e-09.
QUIC CPU time: 2263.080 seconds
