[1] "sra_normal" "50"         "0.62"      
[1] "Data read complete"
Running QUIC version 1.1 in 'default' mode.
Newton iteration 1.
  X is a diagonal matrix.
    Line search step size chosen: 1.000000e+00.
  Objective value decreased by 1.672748e-01.
Newton iteration 2.
  Active set size = 5781.
  sub-gradient = 3.867673e-01, l1-norm of X = 1.338926e+00.
  Coordinate descent sweep 1. norm of D = 3.288092e-01, change in D = 3.288092e-01.
    Line search step size chosen: 1.000000e+00.
  Objective value decreased by 5.793687e-03.
Newton iteration 3.
  Active set size = 5781.
  sub-gradient = 4.715567e-02, l1-norm of X = 1.324821e+00.
  Coordinate descent sweep 1. norm of D = 4.734038e-02, change in D = 4.734038e-02.
  Coordinate descent sweep 2. norm of D = 7.618905e-02, change in D = 2.885273e-02.
    Line search step size chosen: 1.000000e+00.
  Objective value decreased by 5.323328e-04.
Newton iteration 4.
  Active set size = 5781.
  sub-gradient = 5.439257e-03, l1-norm of X = 1.372947e+00.
  Coordinate descent sweep 1. norm of D = 5.907684e-03, change in D = 5.907684e-03.
  Coordinate descent sweep 2. norm of D = 9.207787e-03, change in D = 3.348123e-03.
    Line search step size chosen: 1.000000e+00.
  Objective value decreased by 8.550959e-06.
Newton iteration 5.
  Active set size = 5781.
  sub-gradient = 5.371845e-04, l1-norm of X = 1.379031e+00.
  Coordinate descent sweep 1. norm of D = 6.469069e-04, change in D = 6.469069e-04.
  Coordinate descent sweep 2. norm of D = 8.430080e-04, change in D = 2.416213e-04.
    Line search step size chosen: 1.000000e+00.
  Objective value decreased by 9.401992e-08.
Newton iteration 6.
  Active set size = 5781.
  sub-gradient = 3.937839e-05, l1-norm of X = 1.379546e+00.
  Coordinate descent sweep 1. norm of D = 5.091279e-05, change in D = 5.091279e-05.
  Coordinate descent sweep 2. norm of D = 5.925241e-05, change in D = 8.711355e-06.
  Coordinate descent sweep 3. norm of D = 6.175543e-05, change in D = 2.589019e-06.
    Line search step size chosen: 1.000000e+00.
  Objective value decreased by 3.738023e-10.
QUIC CPU time: 446.320 seconds
