[1] "sra_normal" "50"         "0.66"      
[1] "Data read complete"
Running QUIC version 1.1 in 'default' mode.
Newton iteration 1.
  X is a diagonal matrix.
    Line search step size chosen: 1.000000e+00.
  Objective value decreased by 9.915850e-02.
Newton iteration 2.
  Active set size = 5774.
  sub-gradient = 2.219780e-01, l1-norm of X = 9.389315e-01.
  Coordinate descent sweep 1. norm of D = 1.996051e-01, change in D = 1.996051e-01.
    Line search step size chosen: 1.000000e+00.
  Objective value decreased by 2.396225e-03.
Newton iteration 3.
  Active set size = 5774.
  sub-gradient = 2.273220e-02, l1-norm of X = 9.341603e-01.
  Coordinate descent sweep 1. norm of D = 2.547371e-02, change in D = 2.547371e-02.
  Coordinate descent sweep 2. norm of D = 3.519852e-02, change in D = 9.724807e-03.
    Line search step size chosen: 1.000000e+00.
  Objective value decreased by 1.560405e-04.
Newton iteration 4.
  Active set size = 5774.
  sub-gradient = 1.267397e-03, l1-norm of X = 9.596034e-01.
  Coordinate descent sweep 1. norm of D = 1.310212e-03, change in D = 1.310212e-03.
  Coordinate descent sweep 2. norm of D = 1.620418e-03, change in D = 3.111136e-04.
    Line search step size chosen: 1.000000e+00.
  Objective value decreased by 2.886891e-07.
Newton iteration 5.
  Active set size = 5774.
  sub-gradient = 2.667046e-05, l1-norm of X = 9.599600e-01.
  Coordinate descent sweep 1. norm of D = 2.631155e-05, change in D = 2.631155e-05.
  Coordinate descent sweep 2. norm of D = 3.846588e-05, change in D = 1.485501e-05.
    Line search step size chosen: 1.000000e+00.
  Objective value decreased by 4.165486e-10.
QUIC CPU time: 402.710 seconds
