[1] "sra_normal" "50"         "0.68"      
[1] "Data read complete"
Running QUIC version 1.1 in 'default' mode.
Newton iteration 1.
  X is a diagonal matrix.
    Line search step size chosen: 1.000000e+00.
  Objective value decreased by 7.390061e-02.
Newton iteration 2.
  Active set size = 5773.
  sub-gradient = 1.628617e-01, l1-norm of X = 7.924606e-01.
  Coordinate descent sweep 1. norm of D = 1.543465e-01, change in D = 1.543465e-01.
    Line search step size chosen: 1.000000e+00.
  Objective value decreased by 1.498537e-03.
Newton iteration 3.
  Active set size = 5773.
  sub-gradient = 8.543618e-03, l1-norm of X = 8.036342e-01.
  Coordinate descent sweep 1. norm of D = 8.810952e-03, change in D = 8.810952e-03.
  Coordinate descent sweep 2. norm of D = 9.807033e-03, change in D = 1.010919e-03.
    Line search step size chosen: 1.000000e+00.
  Objective value decreased by 5.862133e-06.
Newton iteration 4.
  Active set size = 5773.
  sub-gradient = 1.180751e-04, l1-norm of X = 8.067016e-01.
  Coordinate descent sweep 1. norm of D = 1.447638e-04, change in D = 1.447638e-04.
  Coordinate descent sweep 2. norm of D = 1.587208e-04, change in D = 1.396949e-05.
    Line search step size chosen: 1.000000e+00.
  Objective value decreased by 2.301931e-09.
Newton iteration 5.
  Active set size = 5773.
  sub-gradient = 1.091832e-06, l1-norm of X = 8.067729e-01.
  Coordinate descent sweep 1. norm of D = 1.464498e-06, change in D = 1.464498e-06.
  Coordinate descent sweep 2. norm of D = 1.580606e-06, change in D = 1.161080e-07.
    Line search step size chosen: 1.000000e+00.
  Objective value decreased by 0.000000e+00.
QUIC CPU time: 456.060 seconds
