[1] "sra_normal"    "100"           "pooling_first" "0.02"         
[1] "Data read complete"
Running QUIC version 1.1 in 'default' mode.
Newton iteration 1.
  X is a diagonal matrix.
    Line search step size 1.000000e+00.  Lack of positive definiteness.
    Line search step size 5.000000e-01.  Lack of positive definiteness.
    Line search step size 2.500000e-01.  Lack of positive definiteness.
    Line search step size 1.250000e-01.  Lack of positive definiteness.
    Line search step size 6.250000e-02.  Lack of positive definiteness.
    Line search step size chosen: 3.125000e-02.
  Objective value decreased by 1.231827e+03.
Newton iteration 2.
  Active set size = 11480222.
  sub-gradient = 3.345239e+05, l1-norm of X = 4.636425e+02.
  Coordinate descent sweep 1. norm of D = 1.222876e+05, change in D = 1.222876e+05.
    Line search step size 1.000000e+00.  Lack of positive definiteness.
    Line search step size 5.000000e-01.  Lack of positive definiteness.
    Line search step size 2.500000e-01.  Lack of positive definiteness.
    Line search step size 1.250000e-01.  Lack of positive definiteness.
    Line search step size chosen: 6.250000e-02.
  Objective value decreased by 6.677019e+02.
Newton iteration 3.
  Active set size = 11533488.
  sub-gradient = 2.742436e+05, l1-norm of X = 7.458662e+02.
  Coordinate descent sweep 1. norm of D = 5.863818e+04, change in D = 5.863818e+04.
  Coordinate descent sweep 2. norm of D = 5.277981e+04, change in D = 2.347542e+04.
    Line search step size 1.000000e+00.  Lack of positive definiteness.
    Line search step size 5.000000e-01.  Lack of positive definiteness.
    Line search step size chosen: 2.500000e-01.
  Objective value decreased by 7.890287e+02.
Newton iteration 4.
  Active set size = 12143628.
  sub-gradient = 1.315877e+05, l1-norm of X = 1.118685e+03.
  Coordinate descent sweep 1. norm of D = 2.669010e+04, change in D = 2.669010e+04.
  Coordinate descent sweep 2. norm of D = 3.067206e+04, change in D = 1.486835e+04.
    Line search step size chosen: 1.000000e+00.
  Objective value decreased by 8.866370e+02.
Newton iteration 5.
  Active set size = 8319228.
  sub-gradient = 1.543043e+05, l1-norm of X = 1.684337e+03.
  Coordinate descent sweep 1. norm of D = 9.999738e+03, change in D = 9.999738e+03.
  Coordinate descent sweep 2. norm of D = 1.291624e+04, change in D = 8.106330e+03.
    Line search step size chosen: 1.000000e+00.
  Objective value decreased by 2.613568e+02.
Newton iteration 6.
  Active set size = 5009296.
  sub-gradient = 5.140764e+04, l1-norm of X = 1.856084e+03.
  Coordinate descent sweep 1. norm of D = 9.130113e+03, change in D = 9.130113e+03.
  Coordinate descent sweep 2. norm of D = 1.214650e+04, change in D = 7.456999e+03.
  Coordinate descent sweep 3. norm of D = 1.452569e+04, change in D = 6.094128e+03.
    Line search step size chosen: 1.000000e+00.
  Objective value decreased by 2.222807e+02.
Newton iteration 7.
  Active set size = 3865350.
  sub-gradient = 1.744370e+04, l1-norm of X = 2.103662e+03.
  Coordinate descent sweep 1. norm of D = 6.683978e+03, change in D = 6.683978e+03.
  Coordinate descent sweep 2. norm of D = 9.215311e+03, change in D = 5.610215e+03.
  Coordinate descent sweep 3. norm of D = 1.122609e+04, change in D = 4.671577e+03.
    Line search step size chosen: 1.000000e+00.
  Objective value decreased by 1.038561e+02.
Newton iteration 8.
  Active set size = 3480389.
  sub-gradient = 6.982158e+03, l1-norm of X = 2.303754e+03.
  Coordinate descent sweep 1. norm of D = 4.562200e+03, change in D = 4.562200e+03.
  Coordinate descent sweep 2. norm of D = 6.504437e+03, change in D = 3.927888e+03.
  Coordinate descent sweep 3. norm of D = 8.034481e+03, change in D = 3.312425e+03.
    Line search step size chosen: 1.000000e+00.
  Objective value decreased by 4.529906e+01.
Newton iteration 9.
  Active set size = 3296269.
  sub-gradient = 3.793229e+03, l1-norm of X = 2.448327e+03.
  Coordinate descent sweep 1. norm of D = 3.052250e+03, change in D = 3.052250e+03.
  Coordinate descent sweep 2. norm of D = 4.405997e+03, change in D = 2.642955e+03.
  Coordinate descent sweep 3. norm of D = 5.495384e+03, change in D = 2.268963e+03.
  Coordinate descent sweep 4. norm of D = 6.407312e+03, change in D = 1.941552e+03.
    Line search step size chosen: 1.000000e+00.
  Objective value decreased by 2.317188e+01.
Newton iteration 10.
  Active set size = 3155860.
  sub-gradient = 2.023841e+03, l1-norm of X = 2.569537e+03.
  Coordinate descent sweep 1. norm of D = 1.782055e+03, change in D = 1.782055e+03.
  Coordinate descent sweep 2. norm of D = 2.604129e+03, change in D = 1.567674e+03.
  Coordinate descent sweep 3. norm of D = 3.269374e+03, change in D = 1.358303e+03.
  Coordinate descent sweep 4. norm of D = 3.838322e+03, change in D = 1.182059e+03.
    Line search step size chosen: 1.000000e+00.
  Objective value decreased by 7.967849e+00.
Newton iteration 11.
  Active set size = 3072983.
  sub-gradient = 1.117919e+03, l1-norm of X = 2.640035e+03.
  Coordinate descent sweep 1. norm of D = 1.064635e+03, change in D = 1.064635e+03.
  Coordinate descent sweep 2. norm of D = 1.556996e+03, change in D = 9.370290e+02.
  Coordinate descent sweep 3. norm of D = 1.963064e+03, change in D = 8.219476e+02.
  Coordinate descent sweep 4. norm of D = 2.310293e+03, change in D = 7.179826e+02.
    Line search step size chosen: 1.000000e+00.
  Objective value decreased by 2.866910e+00.
Newton iteration 12.
  Active set size = 3023218.
  sub-gradient = 6.621620e+02, l1-norm of X = 2.681371e+03.
  Coordinate descent sweep 1. norm of D = 6.420470e+02, change in D = 6.420470e+02.
  Coordinate descent sweep 2. norm of D = 9.408373e+02, change in D = 5.686771e+02.
  Coordinate descent sweep 3. norm of D = 1.188038e+03, change in D = 5.024193e+02.
  Coordinate descent sweep 4. norm of D = 1.400123e+03, change in D = 4.411109e+02.
  Coordinate descent sweep 5. norm of D = 1.585832e+03, change in D = 3.891725e+02.
    Line search step size chosen: 1.000000e+00.
  Objective value decreased by 1.213364e+00.
Newton iteration 13.
  Active set size = 2988818.
  sub-gradient = 3.669125e+02, l1-norm of X = 2.709980e+03.
  Coordinate descent sweep 1. norm of D = 3.497820e+02, change in D = 3.497820e+02.
  Coordinate descent sweep 2. norm of D = 5.100727e+02, change in D = 3.099381e+02.
  Coordinate descent sweep 3. norm of D = 6.435892e+02, change in D = 2.755953e+02.
  Coordinate descent sweep 4. norm of D = 7.585046e+02, change in D = 2.440442e+02.
  Coordinate descent sweep 5. norm of D = 8.592171e+02, change in D = 2.174572e+02.
    Line search step size chosen: 1.000000e+00.
  Objective value decreased by 3.798725e-01.
Newton iteration 14.
  Active set size = 2968075.
  sub-gradient = 1.955092e+02, l1-norm of X = 2.725022e+03.
  Coordinate descent sweep 1. norm of D = 1.946813e+02, change in D = 1.946813e+02.
  Coordinate descent sweep 2. norm of D = 2.826181e+02, change in D = 1.736233e+02.
  Coordinate descent sweep 3. norm of D = 3.556581e+02, change in D = 1.557581e+02.
  Coordinate descent sweep 4. norm of D = 4.183983e+02, change in D = 1.392274e+02.
  Coordinate descent sweep 5. norm of D = 4.731042e+02, change in D = 1.235476e+02.
    Line search step size chosen: 1.000000e+00.
  Objective value decreased by 1.283122e-01.
Newton iteration 15.
  Active set size = 2957553.
  sub-gradient = 1.150278e+02, l1-norm of X = 2.732991e+03.
  Coordinate descent sweep 1. norm of D = 1.121509e+02, change in D = 1.121509e+02.
  Coordinate descent sweep 2. norm of D = 1.618331e+02, change in D = 1.017223e+02.
  Coordinate descent sweep 3. norm of D = 2.013637e+02, change in D = 9.019523e+01.
  Coordinate descent sweep 4. norm of D = 2.361710e+02, change in D = 8.265684e+01.
  Coordinate descent sweep 5. norm of D = 2.660782e+02, change in D = 7.355606e+01.
  Coordinate descent sweep 6. norm of D = 2.929906e+02, change in D = 6.735091e+01.
    Line search step size chosen: 1.000000e+00.
  Objective value decreased by 5.468498e-02.
Newton iteration 16.
  Active set size = 2950859.
  sub-gradient = 5.969825e+01, l1-norm of X = 2.737850e+03.
  Coordinate descent sweep 1. norm of D = 6.055390e+01, change in D = 6.055390e+01.
  Coordinate descent sweep 2. norm of D = 8.615742e+01, change in D = 5.526392e+01.
  Coordinate descent sweep 3. norm of D = 1.068239e+02, change in D = 5.113718e+01.
  Coordinate descent sweep 4. norm of D = 1.241750e+02, change in D = 4.628168e+01.
  Coordinate descent sweep 5. norm of D = 1.392424e+02, change in D = 4.212178e+01.
  Coordinate descent sweep 6. norm of D = 1.526676e+02, change in D = 3.931019e+01.
    Line search step size chosen: 1.000000e+00.
  Objective value decreased by 2.132812e-02.
Newton iteration 17.
  Active set size = 2947535.
  sub-gradient = 3.398728e+01, l1-norm of X = 2.740196e+03.
  Coordinate descent sweep 1. norm of D = 3.606240e+01, change in D = 3.606240e+01.
  Coordinate descent sweep 2. norm of D = 5.011590e+01, change in D = 3.322933e+01.
  Coordinate descent sweep 3. norm of D = 6.068251e+01, change in D = 3.058965e+01.
  Coordinate descent sweep 4. norm of D = 6.990045e+01, change in D = 2.901513e+01.
  Coordinate descent sweep 5. norm of D = 7.768737e+01, change in D = 2.728745e+01.
  Coordinate descent sweep 6. norm of D = 8.446963e+01, change in D = 2.510611e+01.
    Line search step size chosen: 1.000000e+00.
  Objective value decreased by 9.692740e-03.
Newton iteration 18.
  Active set size = 2945867.
  sub-gradient = 2.126223e+01, l1-norm of X = 2.741339e+03.
  Coordinate descent sweep 1. norm of D = 2.321768e+01, change in D = 2.321768e+01.
  Coordinate descent sweep 2. norm of D = 3.162548e+01, change in D = 2.147518e+01.
  Coordinate descent sweep 3. norm of D = 3.814399e+01, change in D = 2.095105e+01.
  Coordinate descent sweep 4. norm of D = 4.254951e+01, change in D = 1.862704e+01.
  Coordinate descent sweep 5. norm of D = 4.692703e+01, change in D = 1.824249e+01.
  Coordinate descent sweep 6. norm of D = 5.063328e+01, change in D = 1.787703e+01.
  Coordinate descent sweep 7. norm of D = 5.386234e+01, change in D = 1.663579e+01.
    Line search step size chosen: 1.000000e+00.
  Objective value decreased by 6.065428e-03.
Newton iteration 19.
  Active set size = 2944896.
  sub-gradient = 1.320909e+01, l1-norm of X = 2.741977e+03.
  Coordinate descent sweep 1. norm of D = 1.595936e+01, change in D = 1.595936e+01.
  Coordinate descent sweep 2. norm of D = 2.087642e+01, change in D = 1.449560e+01.
  Coordinate descent sweep 3. norm of D = 2.469865e+01, change in D = 1.449137e+01.
  Coordinate descent sweep 4. norm of D = 2.703206e+01, change in D = 1.269537e+01.
  Coordinate descent sweep 5. norm of D = 2.971753e+01, change in D = 1.354471e+01.
  Coordinate descent sweep 6. norm of D = 3.124629e+01, change in D = 1.171767e+01.
  Coordinate descent sweep 7. norm of D = 3.298594e+01, change in D = 1.215491e+01.
    Line search step size chosen: 1.000000e+00.
  Objective value decreased by 3.462875e-03.
Newton iteration 20.
  Active set size = 2944759.
  sub-gradient = 1.509634e+01, l1-norm of X = 2.742269e+03.
  Coordinate descent sweep 1. norm of D = 1.181493e+01, change in D = 1.181493e+01.
  Coordinate descent sweep 2. norm of D = 1.520824e+01, change in D = 1.078864e+01.
  Coordinate descent sweep 3. norm of D = 1.754146e+01, change in D = 1.065319e+01.
  Coordinate descent sweep 4. norm of D = 1.946704e+01, change in D = 1.066149e+01.
  Coordinate descent sweep 5. norm of D = 2.078003e+01, change in D = 1.006965e+01.
  Coordinate descent sweep 6. norm of D = 2.190282e+01, change in D = 9.687342e+00.
  Coordinate descent sweep 7. norm of D = 2.243608e+01, change in D = 8.408294e+00.
    Line search step size chosen: 1.000000e+00.
  Objective value decreased by 2.096044e-03.
Newton iteration 21.
  Active set size = 2944223.
  sub-gradient = 7.999906e+00, l1-norm of X = 2.742408e+03.
  Coordinate descent sweep 1. norm of D = 8.616709e+00, change in D = 8.616709e+00.
  Coordinate descent sweep 2. norm of D = 1.157877e+01, change in D = 8.808461e+00.
  Coordinate descent sweep 3. norm of D = 1.338406e+01, change in D = 8.417871e+00.
  Coordinate descent sweep 4. norm of D = 1.455758e+01, change in D = 8.161944e+00.
  Coordinate descent sweep 5. norm of D = 1.549362e+01, change in D = 7.836999e+00.
  Coordinate descent sweep 6. norm of D = 1.615264e+01, change in D = 7.185309e+00.
  Coordinate descent sweep 7. norm of D = 1.670104e+01, change in D = 7.207708e+00.
  Coordinate descent sweep 8. norm of D = 1.740216e+01, change in D = 7.400660e+00.
    Line search step size chosen: 1.000000e+00.
  Objective value decreased by 1.517033e-03.
Newton iteration 22.
  Active set size = 2944002.
  sub-gradient = 5.208968e+00, l1-norm of X = 2.742485e+03.
  Coordinate descent sweep 1. norm of D = 6.791177e+00, change in D = 6.791177e+00.
  Coordinate descent sweep 2. norm of D = 9.136467e+00, change in D = 6.755930e+00.
  Coordinate descent sweep 3. norm of D = 1.015885e+01, change in D = 6.065780e+00.
  Coordinate descent sweep 4. norm of D = 1.130944e+01, change in D = 6.445612e+00.
  Coordinate descent sweep 5. norm of D = 1.191574e+01, change in D = 5.872672e+00.
  Coordinate descent sweep 6. norm of D = 1.234566e+01, change in D = 5.658501e+00.
  Coordinate descent sweep 7. norm of D = 1.298690e+01, change in D = 6.126857e+00.
  Coordinate descent sweep 8. norm of D = 1.325301e+01, change in D = 5.507706e+00.
    Line search step size chosen: 1.000000e+00.
  Objective value decreased by 9.478159e-04.
Newton iteration 23.
  Active set size = 2943975.
  sub-gradient = 5.783456e+00, l1-norm of X = 2.742523e+03.
  Coordinate descent sweep 1. norm of D = 5.289590e+00, change in D = 5.289590e+00.
  Coordinate descent sweep 2. norm of D = 7.049801e+00, change in D = 5.211147e+00.
  Coordinate descent sweep 3. norm of D = 7.978821e+00, change in D = 4.947176e+00.
  Coordinate descent sweep 4. norm of D = 8.657727e+00, change in D = 4.872222e+00.
  Coordinate descent sweep 5. norm of D = 9.416119e+00, change in D = 5.233192e+00.
  Coordinate descent sweep 6. norm of D = 9.756757e+00, change in D = 4.727390e+00.
  Coordinate descent sweep 7. norm of D = 1.001796e+01, change in D = 4.462466e+00.
  Coordinate descent sweep 8. norm of D = 1.032555e+01, change in D = 4.585611e+00.
    Line search step size chosen: 1.000000e+00.
  Objective value decreased by 6.379218e-04.
Newton iteration 24.
  Active set size = 2943831.
  sub-gradient = 3.726057e+00, l1-norm of X = 2.742543e+03.
  Coordinate descent sweep 1. norm of D = 4.283684e+00, change in D = 4.283684e+00.
  Coordinate descent sweep 2. norm of D = 5.641274e+00, change in D = 4.165811e+00.
  Coordinate descent sweep 3. norm of D = 6.516540e+00, change in D = 4.066050e+00.
  Coordinate descent sweep 4. norm of D = 7.059894e+00, change in D = 3.952906e+00.
  Coordinate descent sweep 5. norm of D = 7.522344e+00, change in D = 4.002019e+00.
  Coordinate descent sweep 6. norm of D = 7.703975e+00, change in D = 3.576768e+00.
  Coordinate descent sweep 7. norm of D = 7.973524e+00, change in D = 3.622714e+00.
  Coordinate descent sweep 8. norm of D = 8.151720e+00, change in D = 3.489159e+00.
  Coordinate descent sweep 9. norm of D = 8.325428e+00, change in D = 3.329457e+00.
    Line search step size chosen: 1.000000e+00.
  Objective value decreased by 4.432176e-04.
Newton iteration 25.
  Active set size = 2943763.
  sub-gradient = 2.850866e+00, l1-norm of X = 2.742557e+03.
  Coordinate descent sweep 1. norm of D = 3.292061e+00, change in D = 3.292061e+00.
  Coordinate descent sweep 2. norm of D = 4.359731e+00, change in D = 3.218811e+00.
  Coordinate descent sweep 3. norm of D = 4.804880e+00, change in D = 2.817941e+00.
  Coordinate descent sweep 4. norm of D = 5.379613e+00, change in D = 3.202194e+00.
  Coordinate descent sweep 5. norm of D = 5.724403e+00, change in D = 3.126993e+00.
  Coordinate descent sweep 6. norm of D = 5.917259e+00, change in D = 2.871744e+00.
  Coordinate descent sweep 7. norm of D = 6.005388e+00, change in D = 2.695026e+00.
  Coordinate descent sweep 8. norm of D = 6.196234e+00, change in D = 2.789508e+00.
  Coordinate descent sweep 9. norm of D = 6.327395e+00, change in D = 2.696815e+00.
    Line search step size chosen: 1.000000e+00.
  Objective value decreased by 2.666875e-04.
Newton iteration 26.
  Active set size = 2943718.
  sub-gradient = 2.109898e+00, l1-norm of X = 2.742566e+03.
  Coordinate descent sweep 1. norm of D = 2.591864e+00, change in D = 2.591864e+00.
  Coordinate descent sweep 2. norm of D = 3.454011e+00, change in D = 2.614409e+00.
  Coordinate descent sweep 3. norm of D = 3.983186e+00, change in D = 2.582706e+00.
  Coordinate descent sweep 4. norm of D = 4.204784e+00, change in D = 2.331654e+00.
  Coordinate descent sweep 5. norm of D = 4.492442e+00, change in D = 2.414324e+00.
  Coordinate descent sweep 6. norm of D = 4.620499e+00, change in D = 2.191078e+00.
  Coordinate descent sweep 7. norm of D = 4.732873e+00, change in D = 2.140878e+00.
  Coordinate descent sweep 8. norm of D = 4.890871e+00, change in D = 2.238250e+00.
  Coordinate descent sweep 9. norm of D = 5.019709e+00, change in D = 2.155015e+00.
    Line search step size chosen: 1.000000e+00.
  Objective value decreased by 1.646063e-04.
Newton iteration 27.
  Active set size = 2943734.
  sub-gradient = 2.167097e+00, l1-norm of X = 2.742572e+03.
  Coordinate descent sweep 1. norm of D = 2.047474e+00, change in D = 2.047474e+00.
  Coordinate descent sweep 2. norm of D = 2.648463e+00, change in D = 1.888784e+00.
  Coordinate descent sweep 3. norm of D = 3.138250e+00, change in D = 2.032739e+00.
  Coordinate descent sweep 4. norm of D = 3.382522e+00, change in D = 1.926911e+00.
  Coordinate descent sweep 5. norm of D = 3.549125e+00, change in D = 1.787338e+00.
  Coordinate descent sweep 6. norm of D = 3.710537e+00, change in D = 1.864872e+00.
  Coordinate descent sweep 7. norm of D = 3.790162e+00, change in D = 1.716627e+00.
  Coordinate descent sweep 8. norm of D = 3.880026e+00, change in D = 1.752024e+00.
  Coordinate descent sweep 9. norm of D = 3.988271e+00, change in D = 1.746338e+00.
  Coordinate descent sweep 10. norm of D = 4.002843e+00, change in D = 1.517898e+00.
    Line search step size chosen: 1.000000e+00.
  Objective value decreased by 1.138911e-04.
Newton iteration 28.
  Active set size = 2943664.
  sub-gradient = 1.307411e+00, l1-norm of X = 2.742576e+03.
  Coordinate descent sweep 1. norm of D = 1.669620e+00, change in D = 1.669620e+00.
  Coordinate descent sweep 2. norm of D = 2.055854e+00, change in D = 1.457011e+00.
  Coordinate descent sweep 3. norm of D = 2.370415e+00, change in D = 1.527794e+00.
  Coordinate descent sweep 4. norm of D = 2.535390e+00, change in D = 1.414416e+00.
  Coordinate descent sweep 5. norm of D = 2.706375e+00, change in D = 1.441457e+00.
  Coordinate descent sweep 6. norm of D = 2.827035e+00, change in D = 1.415142e+00.
  Coordinate descent sweep 7. norm of D = 2.862903e+00, change in D = 1.229357e+00.
  Coordinate descent sweep 8. norm of D = 2.941478e+00, change in D = 1.310488e+00.
  Coordinate descent sweep 9. norm of D = 3.027316e+00, change in D = 1.326031e+00.
  Coordinate descent sweep 10. norm of D = 3.034621e+00, change in D = 1.139521e+00.
    Line search step size chosen: 1.000000e+00.
  Objective value decreased by 6.888973e-05.
Newton iteration 29.
  Active set size = 2943656.
  sub-gradient = 1.124997e+00, l1-norm of X = 2.742580e+03.
  Coordinate descent sweep 1. norm of D = 1.272883e+00, change in D = 1.272883e+00.
  Coordinate descent sweep 2. norm of D = 1.635190e+00, change in D = 1.226173e+00.
  Coordinate descent sweep 3. norm of D = 1.795766e+00, change in D = 1.123212e+00.
  Coordinate descent sweep 4. norm of D = 1.991904e+00, change in D = 1.214819e+00.
  Coordinate descent sweep 5. norm of D = 2.071413e+00, change in D = 1.088085e+00.
  Coordinate descent sweep 6. norm of D = 2.200574e+00, change in D = 1.185261e+00.
  Coordinate descent sweep 7. norm of D = 2.174806e+00, change in D = 9.258327e-01.
  Coordinate descent sweep 8. norm of D = 2.267826e+00, change in D = 1.060983e+00.
  Coordinate descent sweep 9. norm of D = 2.330689e+00, change in D = 1.070761e+00.
  Coordinate descent sweep 10. norm of D = 2.368260e+00, change in D = 9.933253e-01.
    Line search step size chosen: 1.000000e+00.
  Objective value decreased by 4.051615e-05.
Newton iteration 30.
  Active set size = 2943637.
  sub-gradient = 7.475668e-01, l1-norm of X = 2.742582e+03.
  Coordinate descent sweep 1. norm of D = 9.463033e-01, change in D = 9.463033e-01.
  Coordinate descent sweep 2. norm of D = 1.254951e+00, change in D = 9.359261e-01.
  Coordinate descent sweep 3. norm of D = 1.453047e+00, change in D = 9.266087e-01.
  Coordinate descent sweep 4. norm of D = 1.555107e+00, change in D = 8.696729e-01.
  Coordinate descent sweep 5. norm of D = 1.655117e+00, change in D = 8.850426e-01.
  Coordinate descent sweep 6. norm of D = 1.712954e+00, change in D = 8.312537e-01.
  Coordinate descent sweep 7. norm of D = 1.750672e+00, change in D = 8.200255e-01.
  Coordinate descent sweep 8. norm of D = 1.820651e+00, change in D = 8.687590e-01.
  Coordinate descent sweep 9. norm of D = 1.859084e+00, change in D = 8.253690e-01.
  Coordinate descent sweep 10. norm of D = 1.865692e+00, change in D = 7.256720e-01.
  Coordinate descent sweep 11. norm of D = 1.895435e+00, change in D = 7.507321e-01.
    Line search step size chosen: 1.000000e+00.
  Objective value decreased by 2.561376e-05.
Newton iteration 31.
  Active set size = 2943648.
  sub-gradient = 1.119170e+00, l1-norm of X = 2.742584e+03.
  Coordinate descent sweep 1. norm of D = 7.703882e-01, change in D = 7.703882e-01.
  Coordinate descent sweep 2. norm of D = 9.389749e-01, change in D = 6.492821e-01.
  Coordinate descent sweep 3. norm of D = 1.124103e+00, change in D = 7.563675e-01.
  Coordinate descent sweep 4. norm of D = 1.212971e+00, change in D = 7.014316e-01.
  Coordinate descent sweep 5. norm of D = 1.270887e+00, change in D = 6.837976e-01.
  Coordinate descent sweep 6. norm of D = 1.310967e+00, change in D = 6.528328e-01.
  Coordinate descent sweep 7. norm of D = 1.315541e+00, change in D = 5.864453e-01.
  Coordinate descent sweep 8. norm of D = 1.325112e+00, change in D = 5.295378e-01.
  Coordinate descent sweep 9. norm of D = 1.391393e+00, change in D = 6.492123e-01.
  Coordinate descent sweep 10. norm of D = 1.392887e+00, change in D = 5.331420e-01.
  Coordinate descent sweep 11. norm of D = 1.396359e+00, change in D = 5.203720e-01.
    Line search step size chosen: 1.000000e+00.
  Objective value decreased by 1.593160e-05.
Newton iteration 32.
  Active set size = 2943631.
  sub-gradient = 5.931802e-01, l1-norm of X = 2.742586e+03.
  Coordinate descent sweep 1. norm of D = 5.033089e-01, change in D = 5.033089e-01.
  Coordinate descent sweep 2. norm of D = 6.713628e-01, change in D = 5.055053e-01.
  Coordinate descent sweep 3. norm of D = 8.047633e-01, change in D = 5.478901e-01.
  Coordinate descent sweep 4. norm of D = 8.653832e-01, change in D = 5.087225e-01.
  Coordinate descent sweep 5. norm of D = 9.192528e-01, change in D = 5.086522e-01.
  Coordinate descent sweep 6. norm of D = 9.375886e-01, change in D = 4.557699e-01.
  Coordinate descent sweep 7. norm of D = 9.855794e-01, change in D = 5.044674e-01.
  Coordinate descent sweep 8. norm of D = 1.014644e+00, change in D = 4.876331e-01.
  Coordinate descent sweep 9. norm of D = 1.025717e+00, change in D = 4.445101e-01.
  Coordinate descent sweep 10. norm of D = 1.013175e+00, change in D = 3.733247e-01.
  Coordinate descent sweep 11. norm of D = 1.047275e+00, change in D = 4.497095e-01.
    Line search step size chosen: 1.000000e+00.
  Objective value decreased by 9.225380e-06.
Newton iteration 33.
  Active set size = 2943607.
  sub-gradient = 3.277843e-01, l1-norm of X = 2.742586e+03.
  Coordinate descent sweep 1. norm of D = 4.124173e-01, change in D = 4.124173e-01.
  Coordinate descent sweep 2. norm of D = 5.477025e-01, change in D = 4.130082e-01.
  Coordinate descent sweep 3. norm of D = 6.330227e-01, change in D = 4.213221e-01.
  Coordinate descent sweep 4. norm of D = 6.861329e-01, change in D = 3.987304e-01.
