[1] "sra_normal"    "100"           "pooling_first" "0.06"         
[1] "Data read complete"
Running QUIC version 1.1 in 'default' mode.
Newton iteration 1.
  X is a diagonal matrix.
    Line search step size 1.000000e+00.  Lack of positive definiteness.
    Line search step size 5.000000e-01.  Lack of positive definiteness.
    Line search step size 2.500000e-01.  Lack of positive definiteness.
    Line search step size 1.250000e-01.  Lack of positive definiteness.
    Line search step size 6.250000e-02.  Lack of positive definiteness.
    Line search step size chosen: 3.125000e-02.
  Objective value decreased by 3.396683e+02.
Newton iteration 2.
  Active set size = 4079980.
  sub-gradient = 1.055845e+05, l1-norm of X = 4.151974e+02.
  Coordinate descent sweep 1. norm of D = 6.681920e+04, change in D = 6.681920e+04.
    Line search step size 1.000000e+00.  Lack of positive definiteness.
    Line search step size 5.000000e-01.  Lack of positive definiteness.
    Line search step size 2.500000e-01.  Lack of positive definiteness.
    Line search step size 1.250000e-01.  Lack of positive definiteness.
    Line search step size 6.250000e-02.  Lack of positive definiteness.
    Line search step size chosen: 3.125000e-02.
  Objective value decreased by 2.098445e+02.
Newton iteration 3.
  Active set size = 4085888.
  sub-gradient = 9.835544e+04, l1-norm of X = 6.620690e+02.
  Coordinate descent sweep 1. norm of D = 4.018245e+04, change in D = 4.018245e+04.
  Coordinate descent sweep 2. norm of D = 3.165090e+04, change in D = 1.467738e+04.
    Line search step size 1.000000e+00.  Lack of positive definiteness.
    Line search step size 5.000000e-01.  Lack of positive definiteness.
    Line search step size 2.500000e-01.  Lack of positive definiteness.
    Line search step size chosen: 1.250000e-01.
  Objective value decreased by 3.547162e+02.
Newton iteration 4.
  Active set size = 5499500.
  sub-gradient = 1.603792e+05, l1-norm of X = 1.081732e+03.
  Coordinate descent sweep 1. norm of D = 1.509625e+04, change in D = 1.509625e+04.
  Coordinate descent sweep 2. norm of D = 1.485262e+04, change in D = 5.582171e+03.
    Line search step size 1.000000e+00.  Lack of positive definiteness.
    Line search step size 5.000000e-01.  Lack of positive definiteness.
    Line search step size chosen: 2.500000e-01.
  Objective value decreased by 1.895885e+02.
Newton iteration 5.
  Active set size = 4962890.
  sub-gradient = 1.302155e+05, l1-norm of X = 1.301654e+03.
  Coordinate descent sweep 1. norm of D = 9.651975e+03, change in D = 9.651975e+03.
  Coordinate descent sweep 2. norm of D = 1.042824e+04, change in D = 3.644508e+03.
    Line search step size 1.000000e+00.  Lack of positive definiteness.
    Line search step size chosen: 5.000000e-01.
  Objective value decreased by 1.762665e+02.
Newton iteration 6.
  Active set size = 4430922.
  sub-gradient = 1.067963e+05, l1-norm of X = 1.508497e+03.
  Coordinate descent sweep 1. norm of D = 5.381160e+03, change in D = 5.381160e+03.
  Coordinate descent sweep 2. norm of D = 6.276285e+03, change in D = 2.438430e+03.
  Coordinate descent sweep 3. norm of D = 6.722502e+03, change in D = 1.343670e+03.
    Line search step size chosen: 1.000000e+00.
  Objective value decreased by 1.300194e+02.
Newton iteration 7.
  Active set size = 1079912.
  sub-gradient = 6.314398e+03, l1-norm of X = 1.736273e+03.
  Coordinate descent sweep 1. norm of D = 1.219827e+03, change in D = 1.219827e+03.
  Coordinate descent sweep 2. norm of D = 1.499593e+03, change in D = 8.496800e+02.
  Coordinate descent sweep 3. norm of D = 1.675276e+03, change in D = 5.364262e+02.
    Line search step size chosen: 1.000000e+00.
  Objective value decreased by 1.051629e+01.
Newton iteration 8.
  Active set size = 959680.
  sub-gradient = 1.712666e+03, l1-norm of X = 1.799345e+03.
  Coordinate descent sweep 1. norm of D = 4.102717e+02, change in D = 4.102717e+02.
  Coordinate descent sweep 2. norm of D = 4.902297e+02, change in D = 2.838718e+02.
  Coordinate descent sweep 3. norm of D = 5.407128e+02, change in D = 1.925146e+02.
    Line search step size chosen: 1.000000e+00.
  Objective value decreased by 1.437214e+00.
Newton iteration 9.
  Active set size = 924673.
  sub-gradient = 3.493154e+02, l1-norm of X = 1.816568e+03.
  Coordinate descent sweep 1. norm of D = 1.460429e+02, change in D = 1.460429e+02.
  Coordinate descent sweep 2. norm of D = 1.693803e+02, change in D = 1.078302e+02.
  Coordinate descent sweep 3. norm of D = 1.839873e+02, change in D = 8.071793e+01.
  Coordinate descent sweep 4. norm of D = 1.932689e+02, change in D = 6.160874e+01.
    Line search step size chosen: 1.000000e+00.
  Objective value decreased by 3.510825e-01.
Newton iteration 10.
  Active set size = 917939.
  sub-gradient = 6.288574e+01, l1-norm of X = 1.821722e+03.
  Coordinate descent sweep 1. norm of D = 5.183356e+01, change in D = 5.183356e+01.
  Coordinate descent sweep 2. norm of D = 5.842182e+01, change in D = 4.288657e+01.
  Coordinate descent sweep 3. norm of D = 6.196073e+01, change in D = 3.561108e+01.
  Coordinate descent sweep 4. norm of D = 6.407141e+01, change in D = 3.044306e+01.
    Line search step size chosen: 1.000000e+00.
  Objective value decreased by 8.723968e-02.
Newton iteration 11.
  Active set size = 917186.
  sub-gradient = 2.709224e+01, l1-norm of X = 1.822825e+03.
  Coordinate descent sweep 1. norm of D = 2.623446e+01, change in D = 2.623446e+01.
  Coordinate descent sweep 2. norm of D = 2.994668e+01, change in D = 2.314514e+01.
  Coordinate descent sweep 3. norm of D = 3.130058e+01, change in D = 2.031024e+01.
  Coordinate descent sweep 4. norm of D = 3.211775e+01, change in D = 1.796000e+01.
    Line search step size chosen: 1.000000e+00.
  Objective value decreased by 3.162956e-02.
Newton iteration 12.
  Active set size = 916855.
  sub-gradient = 1.559556e+01, l1-norm of X = 1.823150e+03.
  Coordinate descent sweep 1. norm of D = 1.543096e+01, change in D = 1.543096e+01.
  Coordinate descent sweep 2. norm of D = 1.763251e+01, change in D = 1.355862e+01.
  Coordinate descent sweep 3. norm of D = 1.880250e+01, change in D = 1.263727e+01.
  Coordinate descent sweep 4. norm of D = 1.914726e+01, change in D = 1.143493e+01.
  Coordinate descent sweep 5. norm of D = 1.940501e+01, change in D = 1.020746e+01.
    Line search step size chosen: 1.000000e+00.
  Objective value decreased by 1.530082e-02.
Newton iteration 13.
  Active set size = 916663.
  sub-gradient = 9.154386e+00, l1-norm of X = 1.823310e+03.
  Coordinate descent sweep 1. norm of D = 9.025295e+00, change in D = 9.025295e+00.
  Coordinate descent sweep 2. norm of D = 1.030884e+01, change in D = 8.188179e+00.
  Coordinate descent sweep 3. norm of D = 1.063263e+01, change in D = 7.341951e+00.
  Coordinate descent sweep 4. norm of D = 1.073644e+01, change in D = 6.479930e+00.
  Coordinate descent sweep 5. norm of D = 1.076422e+01, change in D = 5.791488e+00.
    Line search step size chosen: 1.000000e+00.
  Objective value decreased by 6.331738e-03.
Newton iteration 14.
  Active set size = 916658.
  sub-gradient = 6.838053e+00, l1-norm of X = 1.823383e+03.
  Coordinate descent sweep 1. norm of D = 5.663508e+00, change in D = 5.663508e+00.
  Coordinate descent sweep 2. norm of D = 6.243885e+00, change in D = 5.330168e+00.
  Coordinate descent sweep 3. norm of D = 6.376180e+00, change in D = 4.904128e+00.
  Coordinate descent sweep 4. norm of D = 6.409193e+00, change in D = 4.504542e+00.
  Coordinate descent sweep 5. norm of D = 6.483942e+00, change in D = 4.047874e+00.
    Line search step size chosen: 1.000000e+00.
  Objective value decreased by 3.036715e-03.
Newton iteration 15.
  Active set size = 916589.
  sub-gradient = 3.746880e+00, l1-norm of X = 1.823428e+03.
  Coordinate descent sweep 1. norm of D = 3.680589e+00, change in D = 3.680589e+00.
  Coordinate descent sweep 2. norm of D = 3.906646e+00, change in D = 3.114376e+00.
  Coordinate descent sweep 3. norm of D = 4.422802e+00, change in D = 3.242799e+00.
  Coordinate descent sweep 4. norm of D = 4.440918e+00, change in D = 3.200350e+00.
  Coordinate descent sweep 5. norm of D = 4.411775e+00, change in D = 2.909695e+00.
  Coordinate descent sweep 6. norm of D = 4.449024e+00, change in D = 2.720335e+00.
    Line search step size chosen: 1.000000e+00.
  Objective value decreased by 1.617231e-03.
Newton iteration 16.
  Active set size = 916567.
  sub-gradient = 2.963447e+00, l1-norm of X = 1.823452e+03.
  Coordinate descent sweep 1. norm of D = 2.549431e+00, change in D = 2.549431e+00.
  Coordinate descent sweep 2. norm of D = 2.658805e+00, change in D = 2.100271e+00.
  Coordinate descent sweep 3. norm of D = 2.890419e+00, change in D = 2.051514e+00.
  Coordinate descent sweep 4. norm of D = 2.976770e+00, change in D = 2.079602e+00.
  Coordinate descent sweep 5. norm of D = 2.989698e+00, change in D = 1.964954e+00.
  Coordinate descent sweep 6. norm of D = 2.967956e+00, change in D = 1.853652e+00.
    Line search step size chosen: 1.000000e+00.
  Objective value decreased by 7.543146e-04.
Newton iteration 17.
  Active set size = 916519.
  sub-gradient = 1.490412e+00, l1-norm of X = 1.823465e+03.
  Coordinate descent sweep 1. norm of D = 1.730783e+00, change in D = 1.730783e+00.
  Coordinate descent sweep 2. norm of D = 1.873349e+00, change in D = 1.553669e+00.
  Coordinate descent sweep 3. norm of D = 1.971399e+00, change in D = 1.502843e+00.
  Coordinate descent sweep 4. norm of D = 1.998192e+00, change in D = 1.446399e+00.
  Coordinate descent sweep 5. norm of D = 1.969153e+00, change in D = 1.320127e+00.
  Coordinate descent sweep 6. norm of D = 1.941056e+00, change in D = 1.212235e+00.
    Line search step size chosen: 1.000000e+00.
  Objective value decreased by 4.089140e-04.
Newton iteration 18.
  Active set size = 916498.
  sub-gradient = 1.091474e+00, l1-norm of X = 1.823474e+03.
  Coordinate descent sweep 1. norm of D = 1.193968e+00, change in D = 1.193968e+00.
  Coordinate descent sweep 2. norm of D = 1.290453e+00, change in D = 1.115261e+00.
  Coordinate descent sweep 3. norm of D = 1.332386e+00, change in D = 1.059816e+00.
  Coordinate descent sweep 4. norm of D = 1.301165e+00, change in D = 9.564276e-01.
  Coordinate descent sweep 5. norm of D = 1.274484e+00, change in D = 8.621824e-01.
  Coordinate descent sweep 6. norm of D = 1.324453e+00, change in D = 8.570105e-01.
  Coordinate descent sweep 7. norm of D = 1.344740e+00, change in D = 8.734898e-01.
    Line search step size chosen: 1.000000e+00.
  Objective value decreased by 2.118636e-04.
Newton iteration 19.
  Active set size = 916494.
  sub-gradient = 7.427428e-01, l1-norm of X = 1.823481e+03.
  Coordinate descent sweep 1. norm of D = 8.474274e-01, change in D = 8.474274e-01.
  Coordinate descent sweep 2. norm of D = 9.392048e-01, change in D = 7.998865e-01.
  Coordinate descent sweep 3. norm of D = 9.620856e-01, change in D = 7.522815e-01.
  Coordinate descent sweep 4. norm of D = 9.792253e-01, change in D = 7.204052e-01.
  Coordinate descent sweep 5. norm of D = 9.594781e-01, change in D = 6.365179e-01.
  Coordinate descent sweep 6. norm of D = 9.748599e-01, change in D = 6.439500e-01.
  Coordinate descent sweep 7. norm of D = 9.294332e-01, change in D = 5.623388e-01.
    Line search step size chosen: 1.000000e+00.
  Objective value decreased by 1.092765e-04.
Newton iteration 20.
  Active set size = 916497.
  sub-gradient = 6.176224e-01, l1-norm of X = 1.823485e+03.
  Coordinate descent sweep 1. norm of D = 5.398126e-01, change in D = 5.398126e-01.
  Coordinate descent sweep 2. norm of D = 5.906212e-01, change in D = 5.189679e-01.
  Coordinate descent sweep 3. norm of D = 6.005494e-01, change in D = 4.775946e-01.
  Coordinate descent sweep 4. norm of D = 5.908244e-01, change in D = 4.415377e-01.
  Coordinate descent sweep 5. norm of D = 5.707569e-01, change in D = 3.740787e-01.
  Coordinate descent sweep 6. norm of D = 6.002349e-01, change in D = 3.961316e-01.
  Coordinate descent sweep 7. norm of D = 6.048426e-01, change in D = 4.067540e-01.
    Line search step size chosen: 1.000000e+00.
  Objective value decreased by 5.357386e-05.
Newton iteration 21.
  Active set size = 916487.
  sub-gradient = 4.256996e-01, l1-norm of X = 1.823487e+03.
  Coordinate descent sweep 1. norm of D = 4.102793e-01, change in D = 4.102793e-01.
  Coordinate descent sweep 2. norm of D = 4.451419e-01, change in D = 3.803942e-01.
  Coordinate descent sweep 3. norm of D = 4.411028e-01, change in D = 3.401472e-01.
  Coordinate descent sweep 4. norm of D = 4.454886e-01, change in D = 3.229076e-01.
  Coordinate descent sweep 5. norm of D = 4.217034e-01, change in D = 2.713776e-01.
  Coordinate descent sweep 6. norm of D = 4.173917e-01, change in D = 2.236067e-01.
  Coordinate descent sweep 7. norm of D = 4.461929e-01, change in D = 2.530575e-01.
  Coordinate descent sweep 8. norm of D = 4.402473e-01, change in D = 2.433190e-01.
    Line search step size chosen: 1.000000e+00.
  Objective value decreased by 2.721114e-05.
Newton iteration 22.
  Active set size = 916479.
  sub-gradient = 2.059403e-01, l1-norm of X = 1.823489e+03.
  Coordinate descent sweep 1. norm of D = 2.189604e-01, change in D = 2.189604e-01.
  Coordinate descent sweep 2. norm of D = 2.677815e-01, change in D = 2.278612e-01.
  Coordinate descent sweep 3. norm of D = 2.500106e-01, change in D = 1.943041e-01.
  Coordinate descent sweep 4. norm of D = 2.709440e-01, change in D = 1.954224e-01.
  Coordinate descent sweep 5. norm of D = 2.379020e-01, change in D = 1.471420e-01.
  Coordinate descent sweep 6. norm of D = 2.929090e-01, change in D = 2.010563e-01.
  Coordinate descent sweep 7. norm of D = 2.778434e-01, change in D = 1.998828e-01.
  Coordinate descent sweep 8. norm of D = 2.645597e-01, change in D = 1.719038e-01.
    Line search step size chosen: 1.000000e+00.
  Objective value decreased by 1.174580e-05.
Newton iteration 23.
  Active set size = 916481.
  sub-gradient = 1.612067e-01, l1-norm of X = 1.823491e+03.
  Coordinate descent sweep 1. norm of D = 1.507329e-01, change in D = 1.507329e-01.
  Coordinate descent sweep 2. norm of D = 1.725436e-01, change in D = 1.456761e-01.
  Coordinate descent sweep 3. norm of D = 1.936944e-01, change in D = 1.602921e-01.
  Coordinate descent sweep 4. norm of D = 1.861171e-01, change in D = 1.471218e-01.
  Coordinate descent sweep 5. norm of D = 1.847478e-01, change in D = 1.350034e-01.
  Coordinate descent sweep 6. norm of D = 1.841176e-01, change in D = 1.271208e-01.
  Coordinate descent sweep 7. norm of D = 1.773762e-01, change in D = 1.152247e-01.
  Coordinate descent sweep 8. norm of D = 1.728677e-01, change in D = 9.956626e-02.
    Line search step size chosen: 1.000000e+00.
  Objective value decreased by 4.957075e-06.
QUIC CPU time: 19229.562 seconds
