[1] "sra_normal"    "100"           "pooling_first" "0.20"         
[1] "Data read complete"
Running QUIC version 1.1 in 'default' mode.
Newton iteration 1.
  X is a diagonal matrix.
    Line search step size 1.000000e+00.  Lack of positive definiteness.
    Line search step size 5.000000e-01.  Lack of positive definiteness.
    Line search step size chosen: 2.500000e-01.
  Objective value decreased by 2.017579e+01.
Newton iteration 2.
  Active set size = 16968.
  sub-gradient = 6.796850e+02, l1-norm of X = 4.442135e+01.
  Coordinate descent sweep 1. norm of D = 2.521543e+02, change in D = 2.521543e+02.
    Line search step size chosen: 1.000000e+00.
  Objective value decreased by 1.055735e+01.
Newton iteration 3.
  Active set size = 16714.
  sub-gradient = 7.353305e+02, l1-norm of X = 1.326587e+02.
  Coordinate descent sweep 1. norm of D = 6.424543e+01, change in D = 6.424543e+01.
  Coordinate descent sweep 2. norm of D = 6.346089e+01, change in D = 2.802340e+01.
    Line search step size chosen: 1.000000e+00.
  Objective value decreased by 5.210509e+00.
Newton iteration 4.
  Active set size = 16059.
  sub-gradient = 2.568949e+02, l1-norm of X = 1.298215e+02.
  Coordinate descent sweep 1. norm of D = 3.043291e+01, change in D = 3.043291e+01.
  Coordinate descent sweep 2. norm of D = 3.151211e+01, change in D = 1.660012e+01.
    Line search step size chosen: 1.000000e+00.
  Objective value decreased by 1.986930e+00.
Newton iteration 5.
  Active set size = 15852.
  sub-gradient = 8.257371e+01, l1-norm of X = 1.283053e+02.
  Coordinate descent sweep 1. norm of D = 1.611176e+01, change in D = 1.611176e+01.
  Coordinate descent sweep 2. norm of D = 1.699913e+01, change in D = 9.785410e+00.
    Line search step size chosen: 1.000000e+00.
  Objective value decreased by 6.574659e-01.
Newton iteration 6.
  Active set size = 15773.
  sub-gradient = 2.213370e+01, l1-norm of X = 1.275582e+02.
  Coordinate descent sweep 1. norm of D = 7.346849e+00, change in D = 7.346849e+00.
  Coordinate descent sweep 2. norm of D = 8.412352e+00, change in D = 5.007793e+00.
  Coordinate descent sweep 3. norm of D = 9.513104e+00, change in D = 2.798539e+00.
    Line search step size chosen: 1.000000e+00.
  Objective value decreased by 1.925771e-01.
Newton iteration 7.
  Active set size = 15737.
  sub-gradient = 3.975693e+00, l1-norm of X = 1.274451e+02.
  Coordinate descent sweep 1. norm of D = 2.257232e+00, change in D = 2.257232e+00.
  Coordinate descent sweep 2. norm of D = 2.700075e+00, change in D = 1.489885e+00.
  Coordinate descent sweep 3. norm of D = 3.008365e+00, change in D = 8.506313e-01.
    Line search step size chosen: 1.000000e+00.
  Objective value decreased by 2.081018e-02.
Newton iteration 8.
  Active set size = 15732.
  sub-gradient = 6.498464e-01, l1-norm of X = 1.274885e+02.
  Coordinate descent sweep 1. norm of D = 5.842131e-01, change in D = 5.842131e-01.
  Coordinate descent sweep 2. norm of D = 7.478580e-01, change in D = 3.891632e-01.
  Coordinate descent sweep 3. norm of D = 8.670720e-01, change in D = 2.453269e-01.
    Line search step size chosen: 1.000000e+00.
  Objective value decreased by 1.866031e-03.
Newton iteration 9.
  Active set size = 15728.
  sub-gradient = 1.812750e-01, l1-norm of X = 1.275370e+02.
  Coordinate descent sweep 1. norm of D = 1.925337e-01, change in D = 1.925337e-01.
  Coordinate descent sweep 2. norm of D = 2.472680e-01, change in D = 1.220464e-01.
  Coordinate descent sweep 3. norm of D = 3.019051e-01, change in D = 1.039149e-01.
  Coordinate descent sweep 4. norm of D = 3.371476e-01, change in D = 6.764652e-02.
    Line search step size chosen: 1.000000e+00.
  Objective value decreased by 5.736729e-04.
Newton iteration 10.
  Active set size = 15727.
  sub-gradient = 5.124931e-02, l1-norm of X = 1.275632e+02.
  Coordinate descent sweep 1. norm of D = 4.978822e-02, change in D = 4.978822e-02.
  Coordinate descent sweep 2. norm of D = 7.116198e-02, change in D = 4.478762e-02.
  Coordinate descent sweep 3. norm of D = 8.324087e-02, change in D = 2.736929e-02.
  Coordinate descent sweep 4. norm of D = 9.860519e-02, change in D = 2.641091e-02.
    Line search step size chosen: 1.000000e+00.
  Objective value decreased by 1.030550e-04.
Newton iteration 11.
  Active set size = 15727.
  sub-gradient = 1.902353e-02, l1-norm of X = 1.275712e+02.
  Coordinate descent sweep 1. norm of D = 1.569541e-02, change in D = 1.569541e-02.
  Coordinate descent sweep 2. norm of D = 2.483947e-02, change in D = 1.472145e-02.
  Coordinate descent sweep 3. norm of D = 3.063245e-02, change in D = 1.169080e-02.
  Coordinate descent sweep 4. norm of D = 3.631992e-02, change in D = 9.089631e-03.
    Line search step size chosen: 1.000000e+00.
  Objective value decreased by 2.550040e-05.
Newton iteration 12.
  Active set size = 15727.
  sub-gradient = 6.375928e-03, l1-norm of X = 1.275749e+02.
  Coordinate descent sweep 1. norm of D = 5.829647e-03, change in D = 5.829647e-03.
  Coordinate descent sweep 2. norm of D = 9.516374e-03, change in D = 5.248280e-03.
  Coordinate descent sweep 3. norm of D = 1.213089e-02, change in D = 3.705797e-03.
  Coordinate descent sweep 4. norm of D = 1.374824e-02, change in D = 3.133238e-03.
  Coordinate descent sweep 5. norm of D = 1.534537e-02, change in D = 2.566240e-03.
    Line search step size chosen: 1.000000e+00.
  Objective value decreased by 5.484731e-06.
QUIC CPU time: 2055.333 seconds
