[1] "sra_normal"    "100"           "pooling_first" "0.38"         
[1] "Data read complete"
Running QUIC version 1.1 in 'default' mode.
Newton iteration 1.
  X is a diagonal matrix.
    Line search step size chosen: 1.000000e+00.
  Objective value decreased by 2.612926e+00.
Newton iteration 2.
  Active set size = 6136.
  sub-gradient = 6.005154e+01, l1-norm of X = 2.141283e+01.
  Coordinate descent sweep 1. norm of D = 9.356294e+00, change in D = 9.356294e+00.
    Line search step size chosen: 1.000000e+00.
  Objective value decreased by 9.648033e-01.
Newton iteration 3.
  Active set size = 6116.
  sub-gradient = 2.066347e+01, l1-norm of X = 1.970700e+01.
  Coordinate descent sweep 1. norm of D = 4.636730e+00, change in D = 4.636730e+00.
  Coordinate descent sweep 2. norm of D = 5.175547e+00, change in D = 1.914117e+00.
    Line search step size chosen: 1.000000e+00.
  Objective value decreased by 4.470804e-01.
Newton iteration 4.
  Active set size = 6103.
  sub-gradient = 7.501737e+00, l1-norm of X = 1.988312e+01.
  Coordinate descent sweep 1. norm of D = 1.814399e+00, change in D = 1.814399e+00.
  Coordinate descent sweep 2. norm of D = 1.897895e+00, change in D = 1.032654e+00.
    Line search step size chosen: 1.000000e+00.
  Objective value decreased by 1.492052e-01.
Newton iteration 5.
  Active set size = 6096.
  sub-gradient = 2.009618e+00, l1-norm of X = 1.945109e+01.
  Coordinate descent sweep 1. norm of D = 7.850387e-01, change in D = 7.850387e-01.
  Coordinate descent sweep 2. norm of D = 7.907790e-01, change in D = 4.087890e-01.
    Line search step size chosen: 1.000000e+00.
  Objective value decreased by 2.981055e-02.
Newton iteration 6.
  Active set size = 6099.
  sub-gradient = 4.373000e-01, l1-norm of X = 1.927504e+01.
  Coordinate descent sweep 1. norm of D = 2.410272e-01, change in D = 2.410272e-01.
  Coordinate descent sweep 2. norm of D = 2.632358e-01, change in D = 2.090151e-01.
  Coordinate descent sweep 3. norm of D = 3.007904e-01, change in D = 7.074884e-02.
    Line search step size chosen: 1.000000e+00.
  Objective value decreased by 4.760698e-03.
Newton iteration 7.
  Active set size = 6099.
  sub-gradient = 3.655671e-02, l1-norm of X = 1.922251e+01.
  Coordinate descent sweep 1. norm of D = 3.940812e-02, change in D = 3.940812e-02.
  Coordinate descent sweep 2. norm of D = 4.409004e-02, change in D = 1.292952e-02.
  Coordinate descent sweep 3. norm of D = 4.862479e-02, change in D = 6.698539e-03.
    Line search step size chosen: 1.000000e+00.
  Objective value decreased by 7.634429e-05.
Newton iteration 8.
  Active set size = 6099.
  sub-gradient = 5.027308e-03, l1-norm of X = 1.922453e+01.
  Coordinate descent sweep 1. norm of D = 4.341548e-03, change in D = 4.341548e-03.
  Coordinate descent sweep 2. norm of D = 4.869536e-03, change in D = 2.021777e-03.
  Coordinate descent sweep 3. norm of D = 5.305488e-03, change in D = 7.327052e-04.
    Line search step size chosen: 1.000000e+00.
  Objective value decreased by 1.072944e-06.
Newton iteration 9.
  Active set size = 6099.
  sub-gradient = 3.881361e-04, l1-norm of X = 1.922394e+01.
  Coordinate descent sweep 1. norm of D = 3.754827e-04, change in D = 3.754827e-04.
  Coordinate descent sweep 2. norm of D = 4.872269e-04, change in D = 1.597725e-04.
  Coordinate descent sweep 3. norm of D = 5.638821e-04, change in D = 1.012210e-04.
  Coordinate descent sweep 4. norm of D = 6.067829e-04, change in D = 5.362595e-05.
    Line search step size chosen: 1.000000e+00.
  Objective value decreased by 8.535608e-09.
QUIC CPU time: 1242.599 seconds
