[1] "sra_normal"    "100"           "pooling_first" "0.40"         
[1] "Data read complete"
Running QUIC version 1.1 in 'default' mode.
Newton iteration 1.
  X is a diagonal matrix.
    Line search step size chosen: 1.000000e+00.
  Objective value decreased by 2.581492e+00.
Newton iteration 2.
  Active set size = 6041.
  sub-gradient = 2.452777e+01, l1-norm of X = 1.739326e+01.
  Coordinate descent sweep 1. norm of D = 7.562824e+00, change in D = 7.562824e+00.
    Line search step size chosen: 1.000000e+00.
  Objective value decreased by 5.418233e-01.
Newton iteration 3.
  Active set size = 6021.
  sub-gradient = 6.072849e+00, l1-norm of X = 1.601997e+01.
  Coordinate descent sweep 1. norm of D = 3.217507e+00, change in D = 3.217507e+00.
  Coordinate descent sweep 2. norm of D = 3.629025e+00, change in D = 1.167276e+00.
    Line search step size chosen: 1.000000e+00.
  Objective value decreased by 1.642140e-01.
Newton iteration 4.
  Active set size = 6020.
  sub-gradient = 1.173583e+00, l1-norm of X = 1.616105e+01.
  Coordinate descent sweep 1. norm of D = 7.116424e-01, change in D = 7.116424e-01.
  Coordinate descent sweep 2. norm of D = 8.609868e-01, change in D = 3.598672e-01.
    Line search step size chosen: 1.000000e+00.
  Objective value decreased by 1.446928e-02.
Newton iteration 5.
  Active set size = 6021.
  sub-gradient = 1.435246e-01, l1-norm of X = 1.612883e+01.
  Coordinate descent sweep 1. norm of D = 1.524393e-01, change in D = 1.524393e-01.
  Coordinate descent sweep 2. norm of D = 1.850508e-01, change in D = 4.545016e-02.
    Line search step size chosen: 1.000000e+00.
  Objective value decreased by 8.066322e-04.
Newton iteration 6.
  Active set size = 6021.
  sub-gradient = 2.192270e-02, l1-norm of X = 1.614722e+01.
  Coordinate descent sweep 1. norm of D = 2.493311e-02, change in D = 2.493311e-02.
  Coordinate descent sweep 2. norm of D = 3.017757e-02, change in D = 8.638733e-03.
  Coordinate descent sweep 3. norm of D = 3.437938e-02, change in D = 4.918794e-03.
    Line search step size chosen: 1.000000e+00.
  Objective value decreased by 1.889189e-05.
Newton iteration 7.
  Active set size = 6021.
  sub-gradient = 1.557685e-03, l1-norm of X = 1.615366e+01.
  Coordinate descent sweep 1. norm of D = 1.775342e-03, change in D = 1.775342e-03.
  Coordinate descent sweep 2. norm of D = 2.442863e-03, change in D = 9.070694e-04.
  Coordinate descent sweep 3. norm of D = 2.795233e-03, change in D = 4.052143e-04.
    Line search step size chosen: 1.000000e+00.
  Objective value decreased by 1.833223e-07.
QUIC CPU time: 989.989 seconds
