[1] "sra_normal"    "100"           "pooling_first" "0.52"         
[1] "Data read complete"
Running QUIC version 1.1 in 'default' mode.
Newton iteration 1.
  X is a diagonal matrix.
    Line search step size chosen: 1.000000e+00.
  Objective value decreased by 6.629014e-01.
Newton iteration 2.
  Active set size = 5826.
  sub-gradient = 1.805875e+00, l1-norm of X = 5.167656e+00.
  Coordinate descent sweep 1. norm of D = 1.458262e+00, change in D = 1.458262e+00.
    Line search step size chosen: 1.000000e+00.
  Objective value decreased by 2.932933e-02.
Newton iteration 3.
  Active set size = 5825.
  sub-gradient = 2.212379e-01, l1-norm of X = 5.055084e+00.
  Coordinate descent sweep 1. norm of D = 2.524674e-01, change in D = 2.524674e-01.
  Coordinate descent sweep 2. norm of D = 3.064325e-01, change in D = 6.109517e-02.
    Line search step size chosen: 1.000000e+00.
  Objective value decreased by 1.912988e-03.
Newton iteration 4.
  Active set size = 5825.
  sub-gradient = 1.476951e-02, l1-norm of X = 5.183169e+00.
  Coordinate descent sweep 1. norm of D = 1.713509e-02, change in D = 1.713509e-02.
  Coordinate descent sweep 2. norm of D = 2.046065e-02, change in D = 4.086956e-03.
    Line search step size chosen: 1.000000e+00.
  Objective value decreased by 1.241667e-05.
Newton iteration 5.
  Active set size = 5825.
  sub-gradient = 1.478867e-03, l1-norm of X = 5.191081e+00.
  Coordinate descent sweep 1. norm of D = 1.679560e-03, change in D = 1.679560e-03.
  Coordinate descent sweep 2. norm of D = 2.152141e-03, change in D = 4.954294e-04.
    Line search step size chosen: 1.000000e+00.
  Objective value decreased by 3.078785e-07.
Newton iteration 6.
  Active set size = 5825.
  sub-gradient = 1.655024e-04, l1-norm of X = 5.191677e+00.
  Coordinate descent sweep 1. norm of D = 2.180604e-04, change in D = 2.180604e-04.
  Coordinate descent sweep 2. norm of D = 2.805736e-04, change in D = 6.875447e-05.
  Coordinate descent sweep 3. norm of D = 3.066685e-04, change in D = 2.626510e-05.
    Line search step size chosen: 1.000000e+00.
  Objective value decreased by 7.599738e-09.
QUIC CPU time: 767.946 seconds
