[1] "/data/abattle4/prashanthi/recount3/data/skin/GTEx/weighted_covariances/cov_2.rds"
[1] "Data read complete"
Running QUIC version 1.1 in 'default' mode.
Newton iteration 1.
  X is a diagonal matrix.
    Line search step size 1.000000e+00.  Lack of positive definiteness.
    Line search step size 5.000000e-01.  Lack of positive definiteness.
    Line search step size 2.500000e-01.  Lack of positive definiteness.
    Line search step size 1.250000e-01.  Lack of positive definiteness.
    Line search step size chosen: 6.250000e-02.
  Objective value decreased by 4.773410e+02.
Newton iteration 2.
  Active set size = 2639919.
  sub-gradient = 6.074015e+04, l1-norm of X = 6.612915e+02.
  Coordinate descent sweep 1. norm of D = 3.660367e+04, change in D = 3.660367e+04.
    Line search step size 1.000000e+00.  Lack of positive definiteness.
    Line search step size 5.000000e-01.  Lack of positive definiteness.
    Line search step size 2.500000e-01.  Lack of positive definiteness.
    Line search step size 1.250000e-01.  Lack of positive definiteness.
    Line search step size chosen: 6.250000e-02.
  Objective value decreased by 2.320483e+02.
Newton iteration 3.
  Active set size = 2643515.
  sub-gradient = 5.312457e+04, l1-norm of X = 1.011648e+03.
  Coordinate descent sweep 1. norm of D = 2.227228e+04, change in D = 2.227228e+04.
  Coordinate descent sweep 2. norm of D = 1.926566e+04, change in D = 6.729665e+03.
    Line search step size 1.000000e+00.  Lack of positive definiteness.
    Line search step size 5.000000e-01.  Lack of positive definiteness.
    Line search step size 2.500000e-01.  Lack of positive definiteness.
    Line search step size chosen: 1.250000e-01.
  Objective value decreased by 2.120157e+02.
Newton iteration 4.
  Active set size = 2650500.
  sub-gradient = 4.326038e+04, l1-norm of X = 1.311307e+03.
  Coordinate descent sweep 1. norm of D = 1.433341e+04, change in D = 1.433341e+04.
  Coordinate descent sweep 2. norm of D = 1.342485e+04, change in D = 4.260778e+03.
    Line search step size 1.000000e+00.  Lack of positive definiteness.
    Line search step size 5.000000e-01.  Lack of positive definiteness.
    Line search step size chosen: 2.500000e-01.
  Objective value decreased by 2.166338e+02.
Newton iteration 5.
  Active set size = 2667450.
  sub-gradient = 3.515289e+04, l1-norm of X = 1.627629e+03.
  Coordinate descent sweep 1. norm of D = 8.639028e+03, change in D = 8.639028e+03.
  Coordinate descent sweep 2. norm of D = 9.065127e+03, change in D = 2.663561e+03.
    Line search step size 1.000000e+00.  Lack of positive definiteness.
    Line search step size chosen: 5.000000e-01.
  Objective value decreased by 1.799677e+02.
Newton iteration 6.
  Active set size = 2670319.
  sub-gradient = 3.943437e+04, l1-norm of X = 1.903770e+03.
  Coordinate descent sweep 1. norm of D = 4.432108e+03, change in D = 4.432108e+03.
  Coordinate descent sweep 2. norm of D = 5.125702e+03, change in D = 1.799125e+03.
  Coordinate descent sweep 3. norm of D = 5.464553e+03, change in D = 9.521293e+02.
    Line search step size chosen: 1.000000e+00.
  Objective value decreased by 1.187291e+02.
Newton iteration 7.
  Active set size = 842200.
  sub-gradient = 2.878184e+03, l1-norm of X = 2.164834e+03.
  Coordinate descent sweep 1. norm of D = 8.444566e+02, change in D = 8.444566e+02.
  Coordinate descent sweep 2. norm of D = 1.020870e+03, change in D = 6.073349e+02.
  Coordinate descent sweep 3. norm of D = 1.141356e+03, change in D = 4.030646e+02.
    Line search step size chosen: 1.000000e+00.
  Objective value decreased by 1.336929e+01.
Newton iteration 8.
  Active set size = 807248.
  sub-gradient = 6.839863e+02, l1-norm of X = 2.211142e+03.
  Coordinate descent sweep 1. norm of D = 3.195301e+02, change in D = 3.195301e+02.
  Coordinate descent sweep 2. norm of D = 3.822405e+02, change in D = 2.493284e+02.
  Coordinate descent sweep 3. norm of D = 4.231680e+02, change in D = 1.923546e+02.
    Line search step size chosen: 1.000000e+00.
  Objective value decreased by 4.524297e+00.
Newton iteration 9.
  Active set size = 799535.
  sub-gradient = 2.465957e+02, l1-norm of X = 2.224648e+03.
  Coordinate descent sweep 1. norm of D = 1.618917e+02, change in D = 1.618917e+02.
  Coordinate descent sweep 2. norm of D = 1.908975e+02, change in D = 1.377362e+02.
  Coordinate descent sweep 3. norm of D = 2.101163e+02, change in D = 1.171734e+02.
  Coordinate descent sweep 4. norm of D = 2.249175e+02, change in D = 1.010397e+02.
    Line search step size chosen: 1.000000e+00.
  Objective value decreased by 2.443655e+00.
Newton iteration 10.
  Active set size = 796959.
  sub-gradient = 1.027698e+02, l1-norm of X = 2.230517e+03.
  Coordinate descent sweep 1. norm of D = 8.991490e+01, change in D = 8.991490e+01.
  Coordinate descent sweep 2. norm of D = 1.067048e+02, change in D = 8.053688e+01.
  Coordinate descent sweep 3. norm of D = 1.161159e+02, change in D = 7.210809e+01.
  Coordinate descent sweep 4. norm of D = 1.231762e+02, change in D = 6.336968e+01.
    Line search step size chosen: 1.000000e+00.
  Objective value decreased by 1.087689e+00.
Newton iteration 11.
  Active set size = 796219.
  sub-gradient = 6.396336e+01, l1-norm of X = 2.232970e+03.
  Coordinate descent sweep 1. norm of D = 5.980738e+01, change in D = 5.980738e+01.
  Coordinate descent sweep 2. norm of D = 7.115471e+01, change in D = 5.738187e+01.
  Coordinate descent sweep 3. norm of D = 7.651972e+01, change in D = 5.218940e+01.
  Coordinate descent sweep 4. norm of D = 8.059735e+01, change in D = 4.636406e+01.
    Line search step size chosen: 1.000000e+00.
  Objective value decreased by 6.132191e-01.
Newton iteration 12.
  Active set size = 795798.
  sub-gradient = 4.350844e+01, l1-norm of X = 2.234295e+03.
  Coordinate descent sweep 1. norm of D = 4.301714e+01, change in D = 4.301714e+01.
  Coordinate descent sweep 2. norm of D = 5.005977e+01, change in D = 3.969435e+01.
  Coordinate descent sweep 3. norm of D = 5.435765e+01, change in D = 3.649366e+01.
  Coordinate descent sweep 4. norm of D = 5.812834e+01, change in D = 3.400501e+01.
  Coordinate descent sweep 5. norm of D = 6.128360e+01, change in D = 3.226110e+01.
    Line search step size chosen: 1.000000e+00.
  Objective value decreased by 4.402660e-01.
Newton iteration 13.
  Active set size = 795764.
  sub-gradient = 3.160204e+01, l1-norm of X = 2.235275e+03.
  Coordinate descent sweep 1. norm of D = 3.055888e+01, change in D = 3.055888e+01.
  Coordinate descent sweep 2. norm of D = 3.662812e+01, change in D = 2.980554e+01.
  Coordinate descent sweep 3. norm of D = 3.910929e+01, change in D = 2.705627e+01.
  Coordinate descent sweep 4. norm of D = 4.151706e+01, change in D = 2.505818e+01.
  Coordinate descent sweep 5. norm of D = 4.378114e+01, change in D = 2.384991e+01.
    Line search step size chosen: 1.000000e+00.
  Objective value decreased by 2.762280e-01.
Newton iteration 14.
  Active set size = 795723.
  sub-gradient = 2.805514e+01, l1-norm of X = 2.235939e+03.
  Coordinate descent sweep 1. norm of D = 2.328936e+01, change in D = 2.328936e+01.
  Coordinate descent sweep 2. norm of D = 2.703612e+01, change in D = 2.216625e+01.
  Coordinate descent sweep 3. norm of D = 2.940343e+01, change in D = 2.089317e+01.
  Coordinate descent sweep 4. norm of D = 3.107980e+01, change in D = 1.974688e+01.
  Coordinate descent sweep 5. norm of D = 3.293629e+01, change in D = 1.952534e+01.
    Line search step size chosen: 1.000000e+00.
  Objective value decreased by 1.778481e-01.
Newton iteration 15.
  Active set size = 795382.
  sub-gradient = 2.012301e+01, l1-norm of X = 2.236441e+03.
  Coordinate descent sweep 1. norm of D = 1.962909e+01, change in D = 1.962909e+01.
  Coordinate descent sweep 2. norm of D = 2.220392e+01, change in D = 1.838359e+01.
  Coordinate descent sweep 3. norm of D = 2.412100e+01, change in D = 1.728484e+01.
  Coordinate descent sweep 4. norm of D = 2.540642e+01, change in D = 1.616820e+01.
  Coordinate descent sweep 5. norm of D = 2.657793e+01, change in D = 1.515926e+01.
  Coordinate descent sweep 6. norm of D = 2.760616e+01, change in D = 1.414153e+01.
    Line search step size chosen: 1.000000e+00.
  Objective value decreased by 1.561046e-01.
Newton iteration 16.
  Active set size = 795287.
  sub-gradient = 1.788638e+01, l1-norm of X = 2.236861e+03.
  Coordinate descent sweep 1. norm of D = 1.426952e+01, change in D = 1.426952e+01.
  Coordinate descent sweep 2. norm of D = 1.653788e+01, change in D = 1.392980e+01.
  Coordinate descent sweep 3. norm of D = 1.781335e+01, change in D = 1.343441e+01.
  Coordinate descent sweep 4. norm of D = 1.927820e+01, change in D = 1.330140e+01.
  Coordinate descent sweep 5. norm of D = 2.000789e+01, change in D = 1.278401e+01.
  Coordinate descent sweep 6. norm of D = 2.056090e+01, change in D = 1.185297e+01.
    Line search step size chosen: 1.000000e+00.
  Objective value decreased by 1.048149e-01.
Newton iteration 17.
  Active set size = 795182.
  sub-gradient = 1.129045e+01, l1-norm of X = 2.237180e+03.
  Coordinate descent sweep 1. norm of D = 1.136293e+01, change in D = 1.136293e+01.
  Coordinate descent sweep 2. norm of D = 1.347997e+01, change in D = 1.142384e+01.
  Coordinate descent sweep 3. norm of D = 1.442381e+01, change in D = 1.081232e+01.
  Coordinate descent sweep 4. norm of D = 1.552022e+01, change in D = 1.051858e+01.
  Coordinate descent sweep 5. norm of D = 1.617416e+01, change in D = 1.012559e+01.
  Coordinate descent sweep 6. norm of D = 1.704856e+01, change in D = 9.952128e+00.
    Line search step size chosen: 1.000000e+00.
  Objective value decreased by 7.707973e-02.
Newton iteration 18.
  Active set size = 795295.
  sub-gradient = 1.197967e+01, l1-norm of X = 2.237436e+03.
  Coordinate descent sweep 1. norm of D = 9.439115e+00, change in D = 9.439115e+00.
  Coordinate descent sweep 2. norm of D = 1.120879e+01, change in D = 9.037525e+00.
  Coordinate descent sweep 3. norm of D = 1.244203e+01, change in D = 9.350340e+00.
  Coordinate descent sweep 4. norm of D = 1.283043e+01, change in D = 8.809495e+00.
  Coordinate descent sweep 5. norm of D = 1.379979e+01, change in D = 8.772015e+00.
  Coordinate descent sweep 6. norm of D = 1.442149e+01, change in D = 8.590495e+00.
  Coordinate descent sweep 7. norm of D = 1.457755e+01, change in D = 8.002142e+00.
    Line search step size chosen: 1.000000e+00.
  Objective value decreased by 6.471282e-02.
Newton iteration 19.
  Active set size = 795117.
  sub-gradient = 7.587823e+00, l1-norm of X = 2.237672e+03.
  Coordinate descent sweep 1. norm of D = 7.281266e+00, change in D = 7.281266e+00.
  Coordinate descent sweep 2. norm of D = 9.376163e+00, change in D = 7.846034e+00.
  Coordinate descent sweep 3. norm of D = 9.919195e+00, change in D = 7.858410e+00.
  Coordinate descent sweep 4. norm of D = 1.035612e+01, change in D = 7.291049e+00.
  Coordinate descent sweep 5. norm of D = 1.105368e+01, change in D = 7.326151e+00.
  Coordinate descent sweep 6. norm of D = 1.147552e+01, change in D = 7.183062e+00.
  Coordinate descent sweep 7. norm of D = 1.179127e+01, change in D = 6.765707e+00.
    Line search step size chosen: 1.000000e+00.
  Objective value decreased by 4.549701e-02.
Newton iteration 20.
  Active set size = 795076.
  sub-gradient = 5.937381e+00, l1-norm of X = 2.237848e+03.
  Coordinate descent sweep 1. norm of D = 6.539565e+00, change in D = 6.539565e+00.
  Coordinate descent sweep 2. norm of D = 7.550750e+00, change in D = 6.365945e+00.
  Coordinate descent sweep 3. norm of D = 8.088237e+00, change in D = 6.121888e+00.
  Coordinate descent sweep 4. norm of D = 8.470212e+00, change in D = 5.830559e+00.
  Coordinate descent sweep 5. norm of D = 8.834741e+00, change in D = 5.360116e+00.
  Coordinate descent sweep 6. norm of D = 9.671972e+00, change in D = 5.669289e+00.
  Coordinate descent sweep 7. norm of D = 1.008900e+01, change in D = 5.814265e+00.
    Line search step size chosen: 1.000000e+00.
  Objective value decreased by 3.483332e-02.
Newton iteration 21.
  Active set size = 795121.
  sub-gradient = 6.828304e+00, l1-norm of X = 2.237995e+03.
  Coordinate descent sweep 1. norm of D = 5.508488e+00, change in D = 5.508488e+00.
  Coordinate descent sweep 2. norm of D = 6.763681e+00, change in D = 5.731325e+00.
  Coordinate descent sweep 3. norm of D = 7.043717e+00, change in D = 5.489105e+00.
  Coordinate descent sweep 4. norm of D = 7.350773e+00, change in D = 5.184664e+00.
  Coordinate descent sweep 5. norm of D = 7.937587e+00, change in D = 5.209685e+00.
  Coordinate descent sweep 6. norm of D = 8.385770e+00, change in D = 5.371739e+00.
  Coordinate descent sweep 7. norm of D = 8.395699e+00, change in D = 4.906985e+00.
  Coordinate descent sweep 8. norm of D = 8.781350e+00, change in D = 4.702295e+00.
    Line search step size chosen: 1.000000e+00.
  Objective value decreased by 2.961786e-02.
Newton iteration 22.
  Active set size = 795070.
  sub-gradient = 5.509084e+00, l1-norm of X = 2.238135e+03.
  Coordinate descent sweep 1. norm of D = 4.925744e+00, change in D = 4.925744e+00.
  Coordinate descent sweep 2. norm of D = 5.583529e+00, change in D = 4.901561e+00.
  Coordinate descent sweep 3. norm of D = 5.868409e+00, change in D = 4.698778e+00.
  Coordinate descent sweep 4. norm of D = 6.101124e+00, change in D = 4.352777e+00.
  Coordinate descent sweep 5. norm of D = 6.536577e+00, change in D = 4.367037e+00.
  Coordinate descent sweep 6. norm of D = 6.714199e+00, change in D = 4.170345e+00.
  Coordinate descent sweep 7. norm of D = 6.816502e+00, change in D = 3.949862e+00.
  Coordinate descent sweep 8. norm of D = 7.250849e+00, change in D = 4.013736e+00.
    Line search step size chosen: 1.000000e+00.
  Objective value decreased by 2.105078e-02.
Newton iteration 23.
  Active set size = 794987.
  sub-gradient = 3.357041e+00, l1-norm of X = 2.238242e+03.
  Coordinate descent sweep 1. norm of D = 3.870635e+00, change in D = 3.870635e+00.
  Coordinate descent sweep 2. norm of D = 4.585953e+00, change in D = 3.772847e+00.
  Coordinate descent sweep 3. norm of D = 5.106843e+00, change in D = 3.911364e+00.
  Coordinate descent sweep 4. norm of D = 5.317616e+00, change in D = 3.849996e+00.
  Coordinate descent sweep 5. norm of D = 5.607040e+00, change in D = 3.863088e+00.
  Coordinate descent sweep 6. norm of D = 5.809433e+00, change in D = 3.790056e+00.
  Coordinate descent sweep 7. norm of D = 6.110695e+00, change in D = 3.821665e+00.
  Coordinate descent sweep 8. norm of D = 6.148690e+00, change in D = 3.613268e+00.
    Line search step size chosen: 1.000000e+00.
  Objective value decreased by 1.537070e-02.
Newton iteration 24.
  Active set size = 794988.
  sub-gradient = 3.221270e+00, l1-norm of X = 2.238340e+03.
  Coordinate descent sweep 1. norm of D = 3.395944e+00, change in D = 3.395944e+00.
  Coordinate descent sweep 2. norm of D = 4.058378e+00, change in D = 3.520381e+00.
  Coordinate descent sweep 3. norm of D = 4.297538e+00, change in D = 3.410363e+00.
  Coordinate descent sweep 4. norm of D = 4.421535e+00, change in D = 3.154148e+00.
  Coordinate descent sweep 5. norm of D = 4.755828e+00, change in D = 3.120871e+00.
  Coordinate descent sweep 6. norm of D = 5.004877e+00, change in D = 3.226983e+00.
  Coordinate descent sweep 7. norm of D = 5.172049e+00, change in D = 3.235644e+00.
  Coordinate descent sweep 8. norm of D = 5.394099e+00, change in D = 3.185159e+00.
  Coordinate descent sweep 9. norm of D = 5.447577e+00, change in D = 3.006911e+00.
    Line search step size chosen: 1.000000e+00.
  Objective value decreased by 1.360531e-02.
Newton iteration 25.
  Active set size = 794970.
  sub-gradient = 2.879640e+00, l1-norm of X = 2.238423e+03.
  Coordinate descent sweep 1. norm of D = 2.906798e+00, change in D = 2.906798e+00.
  Coordinate descent sweep 2. norm of D = 3.499122e+00, change in D = 3.039239e+00.
  Coordinate descent sweep 3. norm of D = 3.623337e+00, change in D = 2.953324e+00.
  Coordinate descent sweep 4. norm of D = 3.807003e+00, change in D = 2.825509e+00.
  Coordinate descent sweep 5. norm of D = 4.002003e+00, change in D = 2.799020e+00.
  Coordinate descent sweep 6. norm of D = 4.087616e+00, change in D = 2.643163e+00.
  Coordinate descent sweep 7. norm of D = 4.283042e+00, change in D = 2.612079e+00.
  Coordinate descent sweep 8. norm of D = 4.329001e+00, change in D = 2.539091e+00.
  Coordinate descent sweep 9. norm of D = 4.712640e+00, change in D = 2.653172e+00.
    Line search step size chosen: 1.000000e+00.
  Objective value decreased by 1.042108e-02.
Newton iteration 26.
  Active set size = 794947.
  sub-gradient = 2.288300e+00, l1-norm of X = 2.238501e+03.
  Coordinate descent sweep 1. norm of D = 2.639308e+00, change in D = 2.639308e+00.
  Coordinate descent sweep 2. norm of D = 3.088552e+00, change in D = 2.550334e+00.
  Coordinate descent sweep 3. norm of D = 3.268556e+00, change in D = 2.503580e+00.
  Coordinate descent sweep 4. norm of D = 3.485116e+00, change in D = 2.491861e+00.
  Coordinate descent sweep 5. norm of D = 3.629050e+00, change in D = 2.463851e+00.
  Coordinate descent sweep 6. norm of D = 3.675848e+00, change in D = 2.294344e+00.
  Coordinate descent sweep 7. norm of D = 3.858031e+00, change in D = 2.290128e+00.
  Coordinate descent sweep 8. norm of D = 3.908244e+00, change in D = 2.255930e+00.
  Coordinate descent sweep 9. norm of D = 4.024418e+00, change in D = 2.197752e+00.
    Line search step size chosen: 1.000000e+00.
  Objective value decreased by 7.776801e-03.
Newton iteration 27.
  Active set size = 794975.
  sub-gradient = 2.542392e+00, l1-norm of X = 2.238560e+03.
  Coordinate descent sweep 1. norm of D = 2.142929e+00, change in D = 2.142929e+00.
  Coordinate descent sweep 2. norm of D = 2.398504e+00, change in D = 2.020088e+00.
  Coordinate descent sweep 3. norm of D = 2.647479e+00, change in D = 2.030795e+00.
  Coordinate descent sweep 4. norm of D = 2.852119e+00, change in D = 2.122995e+00.
  Coordinate descent sweep 5. norm of D = 3.086967e+00, change in D = 2.203746e+00.
  Coordinate descent sweep 6. norm of D = 3.077544e+00, change in D = 2.054250e+00.
  Coordinate descent sweep 7. norm of D = 3.155965e+00, change in D = 1.894266e+00.
  Coordinate descent sweep 8. norm of D = 3.235727e+00, change in D = 1.840179e+00.
  Coordinate descent sweep 9. norm of D = 3.455761e+00, change in D = 2.002571e+00.
  Coordinate descent sweep 10. norm of D = 3.510414e+00, change in D = 1.980712e+00.
    Line search step size chosen: 1.000000e+00.
  Objective value decreased by 6.381306e-03.
Newton iteration 28.
  Active set size = 794926.
  sub-gradient = 1.637645e+00, l1-norm of X = 2.238616e+03.
  Coordinate descent sweep 1. norm of D = 1.883635e+00, change in D = 1.883635e+00.
  Coordinate descent sweep 2. norm of D = 2.197099e+00, change in D = 1.865832e+00.
  Coordinate descent sweep 3. norm of D = 2.309633e+00, change in D = 1.796080e+00.
  Coordinate descent sweep 4. norm of D = 2.479406e+00, change in D = 1.773086e+00.
  Coordinate descent sweep 5. norm of D = 2.549181e+00, change in D = 1.715835e+00.
  Coordinate descent sweep 6. norm of D = 2.711053e+00, change in D = 1.757618e+00.
  Coordinate descent sweep 7. norm of D = 2.803550e+00, change in D = 1.797199e+00.
  Coordinate descent sweep 8. norm of D = 2.806185e+00, change in D = 1.675202e+00.
  Coordinate descent sweep 9. norm of D = 2.866041e+00, change in D = 1.595242e+00.
  Coordinate descent sweep 10. norm of D = 2.900421e+00, change in D = 1.435697e+00.
    Line search step size chosen: 1.000000e+00.
  Objective value decreased by 5.090974e-03.
Newton iteration 29.
  Active set size = 794950.
  sub-gradient = 1.927164e+00, l1-norm of X = 2.238661e+03.
  Coordinate descent sweep 1. norm of D = 1.618531e+00, change in D = 1.618531e+00.
  Coordinate descent sweep 2. norm of D = 1.845596e+00, change in D = 1.751187e+00.
  Coordinate descent sweep 3. norm of D = 1.887044e+00, change in D = 1.639742e+00.
  Coordinate descent sweep 4. norm of D = 1.968889e+00, change in D = 1.532447e+00.
  Coordinate descent sweep 5. norm of D = 2.058978e+00, change in D = 1.525312e+00.
  Coordinate descent sweep 6. norm of D = 2.128038e+00, change in D = 1.464126e+00.
  Coordinate descent sweep 7. norm of D = 2.271611e+00, change in D = 1.534962e+00.
  Coordinate descent sweep 8. norm of D = 2.253865e+00, change in D = 1.451762e+00.
  Coordinate descent sweep 9. norm of D = 2.326150e+00, change in D = 1.396729e+00.
  Coordinate descent sweep 10. norm of D = 2.349676e+00, change in D = 1.309958e+00.
    Line search step size chosen: 1.000000e+00.
  Objective value decreased by 3.921661e-03.
Newton iteration 30.
  Active set size = 794935.
  sub-gradient = 1.490853e+00, l1-norm of X = 2.238704e+03.
  Coordinate descent sweep 1. norm of D = 1.338948e+00, change in D = 1.338948e+00.
  Coordinate descent sweep 2. norm of D = 1.591100e+00, change in D = 1.430086e+00.
  Coordinate descent sweep 3. norm of D = 1.647004e+00, change in D = 1.385956e+00.
  Coordinate descent sweep 4. norm of D = 1.585644e+00, change in D = 1.178566e+00.
  Coordinate descent sweep 5. norm of D = 1.664393e+00, change in D = 1.069225e+00.
  Coordinate descent sweep 6. norm of D = 1.773013e+00, change in D = 1.126251e+00.
  Coordinate descent sweep 7. norm of D = 1.885863e+00, change in D = 1.171431e+00.
  Coordinate descent sweep 8. norm of D = 1.901281e+00, change in D = 1.161447e+00.
  Coordinate descent sweep 9. norm of D = 2.028145e+00, change in D = 1.178848e+00.
  Coordinate descent sweep 10. norm of D = 2.015076e+00, change in D = 1.126102e+00.
  Coordinate descent sweep 11. norm of D = 2.058542e+00, change in D = 1.036592e+00.
    Line search step size chosen: 1.000000e+00.
  Objective value decreased by 3.115121e-03.
Newton iteration 31.
  Active set size = 794928.
  sub-gradient = 1.100146e+00, l1-norm of X = 2.238741e+03.
  Coordinate descent sweep 1. norm of D = 1.020197e+00, change in D = 1.020197e+00.
  Coordinate descent sweep 2. norm of D = 1.300164e+00, change in D = 1.171672e+00.
  Coordinate descent sweep 3. norm of D = 1.364742e+00, change in D = 1.159639e+00.
  Coordinate descent sweep 4. norm of D = 1.457276e+00, change in D = 1.185827e+00.
  Coordinate descent sweep 5. norm of D = 1.501339e+00, change in D = 1.135366e+00.
  Coordinate descent sweep 6. norm of D = 1.499908e+00, change in D = 1.030818e+00.
  Coordinate descent sweep 7. norm of D = 1.621739e+00, change in D = 1.079887e+00.
  Coordinate descent sweep 8. norm of D = 1.635468e+00, change in D = 1.052932e+00.
  Coordinate descent sweep 9. norm of D = 1.726419e+00, change in D = 1.053466e+00.
  Coordinate descent sweep 10. norm of D = 1.749439e+00, change in D = 1.015381e+00.
  Coordinate descent sweep 11. norm of D = 1.834047e+00, change in D = 1.037105e+00.
    Line search step size chosen: 1.000000e+00.
  Objective value decreased by 2.425123e-03.
Newton iteration 32.
  Active set size = 794924.
  sub-gradient = 1.064317e+00, l1-norm of X = 2.238770e+03.
  Coordinate descent sweep 1. norm of D = 1.036785e+00, change in D = 1.036785e+00.
  Coordinate descent sweep 2. norm of D = 1.181517e+00, change in D = 9.873944e-01.
  Coordinate descent sweep 3. norm of D = 1.245641e+00, change in D = 9.326373e-01.
  Coordinate descent sweep 4. norm of D = 1.292433e+00, change in D = 9.165810e-01.
  Coordinate descent sweep 5. norm of D = 1.329934e+00, change in D = 8.795907e-01.
  Coordinate descent sweep 6. norm of D = 1.387935e+00, change in D = 8.526256e-01.
  Coordinate descent sweep 7. norm of D = 1.449495e+00, change in D = 8.767756e-01.
  Coordinate descent sweep 8. norm of D = 1.490101e+00, change in D = 8.682659e-01.
  Coordinate descent sweep 9. norm of D = 1.514273e+00, change in D = 8.013032e-01.
  Coordinate descent sweep 10. norm of D = 1.578222e+00, change in D = 7.836287e-01.
  Coordinate descent sweep 11. norm of D = 1.668391e+00, change in D = 8.707789e-01.
    Line search step size chosen: 1.000000e+00.
  Objective value decreased by 1.949170e-03.
Newton iteration 33.
  Active set size = 794921.
  sub-gradient = 9.564115e-01, l1-norm of X = 2.238799e+03.
  Coordinate descent sweep 1. norm of D = 8.619479e-01, change in D = 8.619479e-01.
  Coordinate descent sweep 2. norm of D = 1.002856e+00, change in D = 8.366375e-01.
  Coordinate descent sweep 3. norm of D = 1.100759e+00, change in D = 8.871745e-01.
  Coordinate descent sweep 4. norm of D = 1.081745e+00, change in D = 7.920515e-01.
  Coordinate descent sweep 5. norm of D = 1.227048e+00, change in D = 8.766257e-01.
  Coordinate descent sweep 6. norm of D = 1.205804e+00, change in D = 8.429082e-01.
  Coordinate descent sweep 7. norm of D = 1.260766e+00, change in D = 7.742408e-01.
  Coordinate descent sweep 8. norm of D = 1.291118e+00, change in D = 7.612595e-01.
  Coordinate descent sweep 9. norm of D = 1.337900e+00, change in D = 7.444503e-01.
  Coordinate descent sweep 10. norm of D = 1.386957e+00, change in D = 7.581293e-01.
  Coordinate descent sweep 11. norm of D = 1.408005e+00, change in D = 7.215539e-01.
  Coordinate descent sweep 12. norm of D = 1.486004e+00, change in D = 7.374168e-01.
    Line search step size chosen: 1.000000e+00.
  Objective value decreased by 1.666189e-03.
Newton iteration 34.
  Active set size = 794928.
  sub-gradient = 8.833858e-01, l1-norm of X = 2.238823e+03.
  Coordinate descent sweep 1. norm of D = 7.839704e-01, change in D = 7.839704e-01.
  Coordinate descent sweep 2. norm of D = 8.725697e-01, change in D = 7.783282e-01.
  Coordinate descent sweep 3. norm of D = 9.194849e-01, change in D = 7.436971e-01.
  Coordinate descent sweep 4. norm of D = 9.649242e-01, change in D = 7.431649e-01.
  Coordinate descent sweep 5. norm of D = 1.002443e+00, change in D = 7.239837e-01.
  Coordinate descent sweep 6. norm of D = 1.048137e+00, change in D = 7.296007e-01.
  Coordinate descent sweep 7. norm of D = 1.049896e+00, change in D = 6.785429e-01.
  Coordinate descent sweep 8. norm of D = 1.110046e+00, change in D = 6.910325e-01.
  Coordinate descent sweep 9. norm of D = 1.163786e+00, change in D = 7.048787e-01.
  Coordinate descent sweep 10. norm of D = 1.186102e+00, change in D = 6.985540e-01.
  Coordinate descent sweep 11. norm of D = 1.211519e+00, change in D = 6.820369e-01.
  Coordinate descent sweep 12. norm of D = 1.245983e+00, change in D = 6.884958e-01.
    Line search step size chosen: 1.000000e+00.
  Objective value decreased by 1.154335e-03.
Newton iteration 35.
  Active set size = 794917.
  sub-gradient = 7.101587e-01, l1-norm of X = 2.238845e+03.
  Coordinate descent sweep 1. norm of D = 7.053822e-01, change in D = 7.053822e-01.
  Coordinate descent sweep 2. norm of D = 7.459948e-01, change in D = 6.297289e-01.
  Coordinate descent sweep 3. norm of D = 8.016658e-01, change in D = 5.977929e-01.
  Coordinate descent sweep 4. norm of D = 8.744863e-01, change in D = 6.464786e-01.
  Coordinate descent sweep 5. norm of D = 8.708800e-01, change in D = 6.201028e-01.
  Coordinate descent sweep 6. norm of D = 9.316064e-01, change in D = 6.106417e-01.
  Coordinate descent sweep 7. norm of D = 9.700230e-01, change in D = 6.062013e-01.
  Coordinate descent sweep 8. norm of D = 9.933425e-01, change in D = 6.185229e-01.
  Coordinate descent sweep 9. norm of D = 1.017744e+00, change in D = 6.136895e-01.
  Coordinate descent sweep 10. norm of D = 1.028613e+00, change in D = 5.872266e-01.
  Coordinate descent sweep 11. norm of D = 1.028968e+00, change in D = 5.408297e-01.
  Coordinate descent sweep 12. norm of D = 1.118429e+00, change in D = 6.011321e-01.
    Line search step size chosen: 1.000000e+00.
  Objective value decreased by 9.637277e-04.
Newton iteration 36.
  Active set size = 794909.
  sub-gradient = 5.152601e-01, l1-norm of X = 2.238864e+03.
  Coordinate descent sweep 1. norm of D = 6.006661e-01, change in D = 6.006661e-01.
  Coordinate descent sweep 2. norm of D = 6.510752e-01, change in D = 5.469130e-01.
  Coordinate descent sweep 3. norm of D = 6.935024e-01, change in D = 5.053942e-01.
  Coordinate descent sweep 4. norm of D = 7.665657e-01, change in D = 5.580935e-01.
  Coordinate descent sweep 5. norm of D = 7.569123e-01, change in D = 5.136869e-01.
  Coordinate descent sweep 6. norm of D = 8.204240e-01, change in D = 5.392122e-01.
  Coordinate descent sweep 7. norm of D = 8.061961e-01, change in D = 5.149639e-01.
  Coordinate descent sweep 8. norm of D = 8.313883e-01, change in D = 4.844900e-01.
  Coordinate descent sweep 9. norm of D = 8.429351e-01, change in D = 4.575737e-01.
  Coordinate descent sweep 10. norm of D = 8.914031e-01, change in D = 4.845892e-01.
  Coordinate descent sweep 11. norm of D = 9.015989e-01, change in D = 4.799508e-01.
  Coordinate descent sweep 12. norm of D = 9.323333e-01, change in D = 4.830073e-01.
  Coordinate descent sweep 13. norm of D = 9.333931e-01, change in D = 4.600313e-01.
    Line search step size chosen: 1.000000e+00.
  Objective value decreased by 7.236691e-04.
Newton iteration 37.
  Active set size = 794907.
  sub-gradient = 4.702901e-01, l1-norm of X = 2.238880e+03.
  Coordinate descent sweep 1. norm of D = 4.962989e-01, change in D = 4.962989e-01.
  Coordinate descent sweep 2. norm of D = 4.941554e-01, change in D = 4.501602e-01.
  Coordinate descent sweep 3. norm of D = 5.616298e-01, change in D = 4.495034e-01.
  Coordinate descent sweep 4. norm of D = 5.630252e-01, change in D = 4.296409e-01.
  Coordinate descent sweep 5. norm of D = 5.837048e-01, change in D = 4.232704e-01.
  Coordinate descent sweep 6. norm of D = 6.212085e-01, change in D = 4.149724e-01.
  Coordinate descent sweep 7. norm of D = 6.730939e-01, change in D = 4.499031e-01.
  Coordinate descent sweep 8. norm of D = 6.762050e-01, change in D = 4.376255e-01.
  Coordinate descent sweep 9. norm of D = 6.960459e-01, change in D = 4.166608e-01.
  Coordinate descent sweep 10. norm of D = 7.140053e-01, change in D = 4.076118e-01.
  Coordinate descent sweep 11. norm of D = 7.240495e-01, change in D = 3.867384e-01.
  Coordinate descent sweep 12. norm of D = 7.516323e-01, change in D = 3.998583e-01.
  Coordinate descent sweep 13. norm of D = 7.654740e-01, change in D = 3.913218e-01.
    Line search step size chosen: 1.000000e+00.
  Objective value decreased by 5.997272e-04.
Newton iteration 38.
  Active set size = 794911.
  sub-gradient = 4.130746e-01, l1-norm of X = 2.238895e+03.
  Coordinate descent sweep 1. norm of D = 3.736349e-01, change in D = 3.736349e-01.
  Coordinate descent sweep 2. norm of D = 4.418981e-01, change in D = 3.734987e-01.
  Coordinate descent sweep 3. norm of D = 4.904918e-01, change in D = 3.983915e-01.
  Coordinate descent sweep 4. norm of D = 5.223210e-01, change in D = 4.105219e-01.
  Coordinate descent sweep 5. norm of D = 5.210598e-01, change in D = 3.840708e-01.
  Coordinate descent sweep 6. norm of D = 5.586393e-01, change in D = 3.921885e-01.
  Coordinate descent sweep 7. norm of D = 5.661104e-01, change in D = 3.948615e-01.
  Coordinate descent sweep 8. norm of D = 5.812163e-01, change in D = 3.846620e-01.
  Coordinate descent sweep 9. norm of D = 5.809230e-01, change in D = 3.625549e-01.
  Coordinate descent sweep 10. norm of D = 6.010235e-01, change in D = 3.397856e-01.
  Coordinate descent sweep 11. norm of D = 6.399334e-01, change in D = 3.645620e-01.
  Coordinate descent sweep 12. norm of D = 6.294153e-01, change in D = 3.447517e-01.
  Coordinate descent sweep 13. norm of D = 6.661364e-01, change in D = 3.471660e-01.
    Line search step size chosen: 1.000000e+00.
  Objective value decreased by 4.246999e-04.
Newton iteration 39.
  Active set size = 794901.
  sub-gradient = 3.053249e-01, l1-norm of X = 2.238906e+03.
  Coordinate descent sweep 1. norm of D = 3.447983e-01, change in D = 3.447983e-01.
  Coordinate descent sweep 2. norm of D = 3.863404e-01, change in D = 3.296103e-01.
  Coordinate descent sweep 3. norm of D = 4.446316e-01, change in D = 3.582523e-01.
  Coordinate descent sweep 4. norm of D = 4.505496e-01, change in D = 3.466630e-01.
  Coordinate descent sweep 5. norm of D = 4.698395e-01, change in D = 3.315264e-01.
  Coordinate descent sweep 6. norm of D = 4.784287e-01, change in D = 3.230691e-01.
  Coordinate descent sweep 7. norm of D = 4.890729e-01, change in D = 3.189729e-01.
  Coordinate descent sweep 8. norm of D = 5.148207e-01, change in D = 3.206365e-01.
  Coordinate descent sweep 9. norm of D = 5.193542e-01, change in D = 2.971890e-01.
  Coordinate descent sweep 10. norm of D = 5.401735e-01, change in D = 2.981294e-01.
  Coordinate descent sweep 11. norm of D = 5.513350e-01, change in D = 3.011191e-01.
  Coordinate descent sweep 12. norm of D = 5.529079e-01, change in D = 2.934463e-01.
  Coordinate descent sweep 13. norm of D = 5.947660e-01, change in D = 3.113499e-01.
  Coordinate descent sweep 14. norm of D = 5.962232e-01, change in D = 2.977707e-01.
    Line search step size chosen: 1.000000e+00.
  Objective value decreased by 3.628556e-04.
Newton iteration 40.
  Active set size = 794897.
  sub-gradient = 3.059985e-01, l1-norm of X = 2.238918e+03.
  Coordinate descent sweep 1. norm of D = 2.861077e-01, change in D = 2.861077e-01.
  Coordinate descent sweep 2. norm of D = 3.186435e-01, change in D = 2.819252e-01.
  Coordinate descent sweep 3. norm of D = 3.611178e-01, change in D = 2.967277e-01.
  Coordinate descent sweep 4. norm of D = 3.618507e-01, change in D = 2.908548e-01.
  Coordinate descent sweep 5. norm of D = 3.855314e-01, change in D = 2.838768e-01.
  Coordinate descent sweep 6. norm of D = 3.966475e-01, change in D = 2.793640e-01.
  Coordinate descent sweep 7. norm of D = 4.076348e-01, change in D = 2.739997e-01.
  Coordinate descent sweep 8. norm of D = 4.228509e-01, change in D = 2.741256e-01.
  Coordinate descent sweep 9. norm of D = 4.362077e-01, change in D = 2.680949e-01.
  Coordinate descent sweep 10. norm of D = 4.491560e-01, change in D = 2.599364e-01.
  Coordinate descent sweep 11. norm of D = 4.811253e-01, change in D = 2.838526e-01.
  Coordinate descent sweep 12. norm of D = 4.607848e-01, change in D = 2.588441e-01.
  Coordinate descent sweep 13. norm of D = 4.740680e-01, change in D = 2.446811e-01.
  Coordinate descent sweep 14. norm of D = 4.986117e-01, change in D = 2.591313e-01.
    Line search step size chosen: 1.000000e+00.
  Objective value decreased by 2.588060e-04.
Newton iteration 41.
  Active set size = 794902.
  sub-gradient = 2.309166e-01, l1-norm of X = 2.238927e+03.
  Coordinate descent sweep 1. norm of D = 2.406486e-01, change in D = 2.406486e-01.
  Coordinate descent sweep 2. norm of D = 2.859485e-01, change in D = 2.340943e-01.
  Coordinate descent sweep 3. norm of D = 3.119712e-01, change in D = 2.498865e-01.
  Coordinate descent sweep 4. norm of D = 3.241999e-01, change in D = 2.441573e-01.
  Coordinate descent sweep 5. norm of D = 3.404905e-01, change in D = 2.496793e-01.
  Coordinate descent sweep 6. norm of D = 3.367609e-01, change in D = 2.308953e-01.
  Coordinate descent sweep 7. norm of D = 3.527754e-01, change in D = 2.293968e-01.
  Coordinate descent sweep 8. norm of D = 3.748483e-01, change in D = 2.425061e-01.
  Coordinate descent sweep 9. norm of D = 3.853248e-01, change in D = 2.472651e-01.
  Coordinate descent sweep 10. norm of D = 3.966077e-01, change in D = 2.393710e-01.
  Coordinate descent sweep 11. norm of D = 3.939613e-01, change in D = 2.221989e-01.
  Coordinate descent sweep 12. norm of D = 3.986047e-01, change in D = 1.934978e-01.
  Coordinate descent sweep 13. norm of D = 4.275022e-01, change in D = 2.141697e-01.
  Coordinate descent sweep 14. norm of D = 4.246319e-01, change in D = 2.090682e-01.
    Line search step size chosen: 1.000000e+00.
  Objective value decreased by 1.970793e-04.
Newton iteration 42.
  Active set size = 794900.
  sub-gradient = 1.874635e-01, l1-norm of X = 2.238935e+03.
  Coordinate descent sweep 1. norm of D = 1.986499e-01, change in D = 1.986499e-01.
  Coordinate descent sweep 2. norm of D = 2.336260e-01, change in D = 1.962118e-01.
  Coordinate descent sweep 3. norm of D = 2.416235e-01, change in D = 1.907842e-01.
  Coordinate descent sweep 4. norm of D = 2.550570e-01, change in D = 1.800234e-01.
  Coordinate descent sweep 5. norm of D = 2.772161e-01, change in D = 1.962569e-01.
  Coordinate descent sweep 6. norm of D = 2.808314e-01, change in D = 2.019954e-01.
  Coordinate descent sweep 7. norm of D = 2.892442e-01, change in D = 1.933799e-01.
  Coordinate descent sweep 8. norm of D = 3.168168e-01, change in D = 2.080537e-01.
  Coordinate descent sweep 9. norm of D = 3.227244e-01, change in D = 2.138390e-01.
  Coordinate descent sweep 10. norm of D = 3.185781e-01, change in D = 1.942053e-01.
  Coordinate descent sweep 11. norm of D = 3.504132e-01, change in D = 2.077906e-01.
  Coordinate descent sweep 12. norm of D = 3.461092e-01, change in D = 2.006948e-01.
  Coordinate descent sweep 13. norm of D = 3.453453e-01, change in D = 1.826142e-01.
  Coordinate descent sweep 14. norm of D = 3.696457e-01, change in D = 1.939795e-01.
  Coordinate descent sweep 15. norm of D = 3.635014e-01, change in D = 1.790972e-01.
    Line search step size chosen: 1.000000e+00.
  Objective value decreased by 1.672993e-04.
QUIC CPU time: 66642.922 seconds
