[1] "/work-zfs/abattle4/prashanthi/recount3/data/skin/GTEx/weighted_covariances/cov_2.rds"
[1] "Data read complete"
Running QUIC version 1.1 in 'default' mode.
Newton iteration 1.
  X is a diagonal matrix.
    Line search step size 1.000000e+00.  Lack of positive definiteness.
    Line search step size 5.000000e-01.  Lack of positive definiteness.
    Line search step size 2.500000e-01.  Lack of positive definiteness.
    Line search step size 1.250000e-01.  Lack of positive definiteness.
    Line search step size chosen: 6.250000e-02.
  Objective value decreased by 1.050048e+02.
Newton iteration 2.
  Active set size = 233453.
  sub-gradient = 7.287594e+03, l1-norm of X = 1.385065e+02.
  Coordinate descent sweep 1. norm of D = 6.244153e+03, change in D = 6.244153e+03.
    Line search step size 1.000000e+00.  Lack of positive definiteness.
    Line search step size 5.000000e-01.  Lack of positive definiteness.
    Line search step size 2.500000e-01.  Lack of positive definiteness.
    Line search step size chosen: 1.250000e-01.
  Objective value decreased by 1.233531e+02.
Newton iteration 3.
  Active set size = 233474.
  sub-gradient = 5.952465e+03, l1-norm of X = 3.519793e+02.
  Coordinate descent sweep 1. norm of D = 4.424377e+03, change in D = 4.424377e+03.
  Coordinate descent sweep 2. norm of D = 4.202530e+03, change in D = 6.881805e+02.
    Line search step size 1.000000e+00.  Lack of positive definiteness.
    Line search step size chosen: 5.000000e-01.
  Objective value decreased by 1.758512e+02.
Newton iteration 4.
  Active set size = 241012.
  sub-gradient = 5.270743e+03, l1-norm of X = 8.643930e+02.
  Coordinate descent sweep 1. norm of D = 1.512650e+03, change in D = 1.512650e+03.
  Coordinate descent sweep 2. norm of D = 1.716787e+03, change in D = 4.582527e+02.
    Line search step size chosen: 1.000000e+00.
  Objective value decreased by 5.600910e+01.
Newton iteration 5.
  Active set size = 174391.
  sub-gradient = 1.054067e+03, l1-norm of X = 1.088363e+03.
  Coordinate descent sweep 1. norm of D = 3.636414e+02, change in D = 3.636414e+02.
  Coordinate descent sweep 2. norm of D = 4.426793e+02, change in D = 2.043027e+02.
    Line search step size chosen: 1.000000e+00.
  Objective value decreased by 1.082231e+01.
Newton iteration 6.
  Active set size = 168113.
  sub-gradient = 3.354065e+02, l1-norm of X = 1.118531e+03.
  Coordinate descent sweep 1. norm of D = 1.500639e+02, change in D = 1.500639e+02.
  Coordinate descent sweep 2. norm of D = 1.838815e+02, change in D = 9.987637e+01.
  Coordinate descent sweep 3. norm of D = 2.096377e+02, change in D = 6.616136e+01.
    Line search step size chosen: 1.000000e+00.
  Objective value decreased by 4.649698e+00.
Newton iteration 7.
  Active set size = 166269.
  sub-gradient = 9.757630e+01, l1-norm of X = 1.130865e+03.
  Coordinate descent sweep 1. norm of D = 5.624262e+01, change in D = 5.624262e+01.
  Coordinate descent sweep 2. norm of D = 7.115813e+01, change in D = 4.439541e+01.
  Coordinate descent sweep 3. norm of D = 8.334339e+01, change in D = 3.295230e+01.
    Line search step size chosen: 1.000000e+00.
  Objective value decreased by 1.509607e+00.
Newton iteration 8.
  Active set size = 166013.
  sub-gradient = 3.452199e+01, l1-norm of X = 1.134785e+03.
  Coordinate descent sweep 1. norm of D = 2.811697e+01, change in D = 2.811697e+01.
  Coordinate descent sweep 2. norm of D = 3.767316e+01, change in D = 2.370383e+01.
  Coordinate descent sweep 3. norm of D = 4.485078e+01, change in D = 1.907834e+01.
    Line search step size chosen: 1.000000e+00.
  Objective value decreased by 6.984776e-01.
Newton iteration 9.
  Active set size = 165846.
  sub-gradient = 1.824571e+01, l1-norm of X = 1.136930e+03.
  Coordinate descent sweep 1. norm of D = 1.679101e+01, change in D = 1.679101e+01.
  Coordinate descent sweep 2. norm of D = 2.263796e+01, change in D = 1.454110e+01.
  Coordinate descent sweep 3. norm of D = 2.729697e+01, change in D = 1.253717e+01.
  Coordinate descent sweep 4. norm of D = 3.122001e+01, change in D = 1.100166e+01.
    Line search step size chosen: 1.000000e+00.
  Objective value decreased by 4.283904e-01.
Newton iteration 10.
  Active set size = 165756.
  sub-gradient = 1.108000e+01, l1-norm of X = 1.138429e+03.
  Coordinate descent sweep 1. norm of D = 9.889729e+00, change in D = 9.889729e+00.
  Coordinate descent sweep 2. norm of D = 1.368292e+01, change in D = 8.869346e+00.
  Coordinate descent sweep 3. norm of D = 1.652921e+01, change in D = 7.864679e+00.
  Coordinate descent sweep 4. norm of D = 1.927751e+01, change in D = 7.534087e+00.
    Line search step size chosen: 1.000000e+00.
  Objective value decreased by 2.284334e-01.
Newton iteration 11.
  Active set size = 165732.
  sub-gradient = 6.554676e+00, l1-norm of X = 1.139414e+03.
  Coordinate descent sweep 1. norm of D = 6.520304e+00, change in D = 6.520304e+00.
  Coordinate descent sweep 2. norm of D = 9.032888e+00, change in D = 5.872670e+00.
  Coordinate descent sweep 3. norm of D = 1.095038e+01, change in D = 5.367232e+00.
  Coordinate descent sweep 4. norm of D = 1.281922e+01, change in D = 5.001719e+00.
    Line search step size chosen: 1.000000e+00.
  Objective value decreased by 1.307065e-01.
Newton iteration 12.
  Active set size = 165693.
  sub-gradient = 4.387486e+00, l1-norm of X = 1.140007e+03.
  Coordinate descent sweep 1. norm of D = 4.580007e+00, change in D = 4.580007e+00.
  Coordinate descent sweep 2. norm of D = 6.307157e+00, change in D = 4.084887e+00.
  Coordinate descent sweep 3. norm of D = 7.720782e+00, change in D = 3.897580e+00.
  Coordinate descent sweep 4. norm of D = 8.973210e+00, change in D = 3.631702e+00.
  Coordinate descent sweep 5. norm of D = 1.012958e+01, change in D = 3.328705e+00.
    Line search step size chosen: 1.000000e+00.
  Objective value decreased by 9.613571e-02.
Newton iteration 13.
  Active set size = 165672.
  sub-gradient = 2.681094e+00, l1-norm of X = 1.140540e+03.
  Coordinate descent sweep 1. norm of D = 2.863344e+00, change in D = 2.863344e+00.
  Coordinate descent sweep 2. norm of D = 4.136889e+00, change in D = 2.803897e+00.
  Coordinate descent sweep 3. norm of D = 5.165260e+00, change in D = 2.686538e+00.
  Coordinate descent sweep 4. norm of D = 6.003098e+00, change in D = 2.450055e+00.
  Coordinate descent sweep 5. norm of D = 6.820582e+00, change in D = 2.339025e+00.
    Line search step size chosen: 1.000000e+00.
  Objective value decreased by 5.245644e-02.
Newton iteration 14.
  Active set size = 165662.
  sub-gradient = 2.241355e+00, l1-norm of X = 1.140890e+03.
  Coordinate descent sweep 1. norm of D = 2.168434e+00, change in D = 2.168434e+00.
  Coordinate descent sweep 2. norm of D = 3.064617e+00, change in D = 2.074250e+00.
  Coordinate descent sweep 3. norm of D = 3.763560e+00, change in D = 1.962815e+00.
  Coordinate descent sweep 4. norm of D = 4.318084e+00, change in D = 1.795459e+00.
  Coordinate descent sweep 5. norm of D = 4.868231e+00, change in D = 1.688316e+00.
    Line search step size chosen: 1.000000e+00.
  Objective value decreased by 3.171267e-02.
Newton iteration 15.
  Active set size = 165656.
  sub-gradient = 1.892139e+00, l1-norm of X = 1.141129e+03.
  Coordinate descent sweep 1. norm of D = 1.559680e+00, change in D = 1.559680e+00.
  Coordinate descent sweep 2. norm of D = 2.198591e+00, change in D = 1.486224e+00.
  Coordinate descent sweep 3. norm of D = 2.753969e+00, change in D = 1.503354e+00.
  Coordinate descent sweep 4. norm of D = 3.177808e+00, change in D = 1.443137e+00.
  Coordinate descent sweep 5. norm of D = 3.558920e+00, change in D = 1.322381e+00.
  Coordinate descent sweep 6. norm of D = 3.916380e+00, change in D = 1.236510e+00.
    Line search step size chosen: 1.000000e+00.
  Objective value decreased by 2.317383e-02.
Newton iteration 16.
  Active set size = 165645.
  sub-gradient = 1.098588e+00, l1-norm of X = 1.141350e+03.
  Coordinate descent sweep 1. norm of D = 1.112775e+00, change in D = 1.112775e+00.
  Coordinate descent sweep 2. norm of D = 1.519599e+00, change in D = 1.016388e+00.
  Coordinate descent sweep 3. norm of D = 1.965472e+00, change in D = 1.039023e+00.
  Coordinate descent sweep 4. norm of D = 2.246311e+00, change in D = 9.415692e-01.
  Coordinate descent sweep 5. norm of D = 2.593188e+00, change in D = 9.549804e-01.
  Coordinate descent sweep 6. norm of D = 2.846075e+00, change in D = 8.762114e-01.
    Line search step size chosen: 1.000000e+00.
  Objective value decreased by 1.444457e-02.
Newton iteration 17.
  Active set size = 165640.
  sub-gradient = 1.029450e+00, l1-norm of X = 1.141491e+03.
  Coordinate descent sweep 1. norm of D = 8.498995e-01, change in D = 8.498995e-01.
  Coordinate descent sweep 2. norm of D = 1.184378e+00, change in D = 8.186971e-01.
  Coordinate descent sweep 3. norm of D = 1.463079e+00, change in D = 7.839470e-01.
  Coordinate descent sweep 4. norm of D = 1.743594e+00, change in D = 7.820142e-01.
  Coordinate descent sweep 5. norm of D = 1.996975e+00, change in D = 7.565600e-01.
  Coordinate descent sweep 6. norm of D = 2.212163e+00, change in D = 7.095271e-01.
    Line search step size chosen: 1.000000e+00.
  Objective value decreased by 9.759244e-03.
Newton iteration 18.
  Active set size = 165638.
  sub-gradient = 5.526198e-01, l1-norm of X = 1.141612e+03.
  Coordinate descent sweep 1. norm of D = 6.326281e-01, change in D = 6.326281e-01.
  Coordinate descent sweep 2. norm of D = 9.014075e-01, change in D = 5.761564e-01.
  Coordinate descent sweep 3. norm of D = 1.146020e+00, change in D = 6.099645e-01.
  Coordinate descent sweep 4. norm of D = 1.339964e+00, change in D = 6.120050e-01.
  Coordinate descent sweep 5. norm of D = 1.533097e+00, change in D = 5.411492e-01.
  Coordinate descent sweep 6. norm of D = 1.694579e+00, change in D = 5.198413e-01.
  Coordinate descent sweep 7. norm of D = 1.869188e+00, change in D = 5.223723e-01.
    Line search step size chosen: 1.000000e+00.
  Objective value decreased by 6.978988e-03.
Newton iteration 19.
  Active set size = 165637.
  sub-gradient = 4.870416e-01, l1-norm of X = 1.141710e+03.
  Coordinate descent sweep 1. norm of D = 4.781143e-01, change in D = 4.781143e-01.
  Coordinate descent sweep 2. norm of D = 7.148288e-01, change in D = 4.990431e-01.
  Coordinate descent sweep 3. norm of D = 8.721801e-01, change in D = 4.660181e-01.
  Coordinate descent sweep 4. norm of D = 1.009951e+00, change in D = 4.317927e-01.
  Coordinate descent sweep 5. norm of D = 1.142002e+00, change in D = 3.943984e-01.
  Coordinate descent sweep 6. norm of D = 1.253679e+00, change in D = 3.723682e-01.
  Coordinate descent sweep 7. norm of D = 1.371192e+00, change in D = 3.638702e-01.
    Line search step size chosen: 1.000000e+00.
  Objective value decreased by 4.173256e-03.
Newton iteration 20.
  Active set size = 165636.
  sub-gradient = 3.148151e-01, l1-norm of X = 1.141786e+03.
  Coordinate descent sweep 1. norm of D = 3.504809e-01, change in D = 3.504809e-01.
  Coordinate descent sweep 2. norm of D = 4.756551e-01, change in D = 3.191903e-01.
  Coordinate descent sweep 3. norm of D = 6.076533e-01, change in D = 3.104616e-01.
  Coordinate descent sweep 4. norm of D = 7.281238e-01, change in D = 3.044995e-01.
  Coordinate descent sweep 5. norm of D = 8.405924e-01, change in D = 3.248258e-01.
  Coordinate descent sweep 6. norm of D = 9.182581e-01, change in D = 3.007213e-01.
  Coordinate descent sweep 7. norm of D = 1.023538e+00, change in D = 3.039590e-01.
    Line search step size chosen: 1.000000e+00.
  Objective value decreased by 2.611653e-03.
Newton iteration 21.
  Active set size = 165639.
  sub-gradient = 3.286194e-01, l1-norm of X = 1.141840e+03.
  Coordinate descent sweep 1. norm of D = 2.896309e-01, change in D = 2.896309e-01.
  Coordinate descent sweep 2. norm of D = 3.883824e-01, change in D = 2.672393e-01.
  Coordinate descent sweep 3. norm of D = 4.833666e-01, change in D = 2.595386e-01.
  Coordinate descent sweep 4. norm of D = 5.874235e-01, change in D = 2.613982e-01.
  Coordinate descent sweep 5. norm of D = 6.593869e-01, change in D = 2.298185e-01.
  Coordinate descent sweep 6. norm of D = 7.370376e-01, change in D = 2.207216e-01.
  Coordinate descent sweep 7. norm of D = 8.124662e-01, change in D = 2.095467e-01.
  Coordinate descent sweep 8. norm of D = 8.756669e-01, change in D = 2.002234e-01.
    Line search step size chosen: 1.000000e+00.
  Objective value decreased by 2.006639e-03.
Newton iteration 22.
  Active set size = 165636.
  sub-gradient = 2.133679e-01, l1-norm of X = 1.141891e+03.
  Coordinate descent sweep 1. norm of D = 2.001635e-01, change in D = 2.001635e-01.
  Coordinate descent sweep 2. norm of D = 2.883874e-01, change in D = 1.970089e-01.
  Coordinate descent sweep 3. norm of D = 3.829469e-01, change in D = 2.021021e-01.
  Coordinate descent sweep 4. norm of D = 4.566786e-01, change in D = 1.864278e-01.
  Coordinate descent sweep 5. norm of D = 5.024975e-01, change in D = 1.684740e-01.
  Coordinate descent sweep 6. norm of D = 5.717717e-01, change in D = 1.768658e-01.
  Coordinate descent sweep 7. norm of D = 6.192313e-01, change in D = 1.660209e-01.
  Coordinate descent sweep 8. norm of D = 6.773542e-01, change in D = 1.565064e-01.
    Line search step size chosen: 1.000000e+00.
  Objective value decreased by 1.260639e-03.
Newton iteration 23.
  Active set size = 165634.
  sub-gradient = 1.451531e-01, l1-norm of X = 1.141931e+03.
  Coordinate descent sweep 1. norm of D = 1.634773e-01, change in D = 1.634773e-01.
  Coordinate descent sweep 2. norm of D = 2.031629e-01, change in D = 1.376378e-01.
  Coordinate descent sweep 3. norm of D = 2.705907e-01, change in D = 1.577871e-01.
  Coordinate descent sweep 4. norm of D = 2.986843e-01, change in D = 1.260278e-01.
  Coordinate descent sweep 5. norm of D = 3.506061e-01, change in D = 1.317135e-01.
  Coordinate descent sweep 6. norm of D = 4.023622e-01, change in D = 1.392957e-01.
  Coordinate descent sweep 7. norm of D = 4.474264e-01, change in D = 1.359477e-01.
  Coordinate descent sweep 8. norm of D = 4.810949e-01, change in D = 1.220373e-01.
    Line search step size chosen: 1.000000e+00.
  Objective value decreased by 7.047451e-04.
Newton iteration 24.
  Active set size = 165633.
  sub-gradient = 1.115829e-01, l1-norm of X = 1.141959e+03.
  Coordinate descent sweep 1. norm of D = 1.172080e-01, change in D = 1.172080e-01.
  Coordinate descent sweep 2. norm of D = 1.720691e-01, change in D = 1.182757e-01.
  Coordinate descent sweep 3. norm of D = 2.075632e-01, change in D = 9.957857e-02.
  Coordinate descent sweep 4. norm of D = 2.442419e-01, change in D = 9.747177e-02.
  Coordinate descent sweep 5. norm of D = 2.796215e-01, change in D = 9.987218e-02.
  Coordinate descent sweep 6. norm of D = 3.014935e-01, change in D = 8.713368e-02.
  Coordinate descent sweep 7. norm of D = 3.449568e-01, change in D = 1.038083e-01.
  Coordinate descent sweep 8. norm of D = 3.752239e-01, change in D = 9.552120e-02.
  Coordinate descent sweep 9. norm of D = 4.043344e-01, change in D = 8.624441e-02.
    Line search step size chosen: 1.000000e+00.
  Objective value decreased by 5.365299e-04.
QUIC CPU time: 9026.540 seconds
