[1] "/work-zfs/abattle4/prashanthi/recount3/data/skin/GTEx/weighted_covariances/cov_2.rds"
[1] "Data read complete"
Running QUIC version 1.1 in 'default' mode.
Newton iteration 1.
  X is a diagonal matrix.
    Line search step size 1.000000e+00.  Lack of positive definiteness.
    Line search step size 5.000000e-01.  Lack of positive definiteness.
    Line search step size 2.500000e-01.  Lack of positive definiteness.
    Line search step size 1.250000e-01.  Lack of positive definiteness.
    Line search step size chosen: 6.250000e-02.
  Objective value decreased by 4.471838e+01.
Newton iteration 2.
  Active set size = 42913.
  sub-gradient = 2.020456e+03, l1-norm of X = 5.485080e+01.
  Coordinate descent sweep 1. norm of D = 1.676388e+03, change in D = 1.676388e+03.
    Line search step size 1.000000e+00.  Lack of positive definiteness.
    Line search step size 5.000000e-01.  Lack of positive definiteness.
    Line search step size 2.500000e-01.  Lack of positive definiteness.
    Line search step size chosen: 1.250000e-01.
  Objective value decreased by 5.318921e+01.
Newton iteration 3.
  Active set size = 42913.
  sub-gradient = 1.634666e+03, l1-norm of X = 1.356981e+02.
  Coordinate descent sweep 1. norm of D = 1.179232e+03, change in D = 1.179232e+03.
  Coordinate descent sweep 2. norm of D = 1.143822e+03, change in D = 2.193356e+02.
    Line search step size 1.000000e+00.  Lack of positive definiteness.
    Line search step size chosen: 5.000000e-01.
  Objective value decreased by 7.848769e+01.
Newton iteration 4.
  Active set size = 42938.
  sub-gradient = 7.165466e+02, l1-norm of X = 3.233111e+02.
  Coordinate descent sweep 1. norm of D = 4.883651e+02, change in D = 4.883651e+02.
  Coordinate descent sweep 2. norm of D = 5.754646e+02, change in D = 1.489774e+02.
    Line search step size chosen: 1.000000e+00.
  Objective value decreased by 2.684899e+01.
Newton iteration 5.
  Active set size = 35377.
  sub-gradient = 1.259416e+02, l1-norm of X = 4.376376e+02.
  Coordinate descent sweep 1. norm of D = 1.104695e+02, change in D = 1.104695e+02.
  Coordinate descent sweep 2. norm of D = 1.491621e+02, change in D = 6.483115e+01.
    Line search step size chosen: 1.000000e+00.
  Objective value decreased by 4.430148e+00.
Newton iteration 6.
  Active set size = 34710.
  sub-gradient = 5.114130e+01, l1-norm of X = 4.509030e+02.
  Coordinate descent sweep 1. norm of D = 4.691703e+01, change in D = 4.691703e+01.
  Coordinate descent sweep 2. norm of D = 6.502967e+01, change in D = 3.217822e+01.
  Coordinate descent sweep 3. norm of D = 7.740128e+01, change in D = 2.342006e+01.
    Line search step size chosen: 1.000000e+00.
  Objective value decreased by 1.936115e+00.
Newton iteration 7.
  Active set size = 34439.
  sub-gradient = 1.956768e+01, l1-norm of X = 4.575457e+02.
  Coordinate descent sweep 1. norm of D = 1.954589e+01, change in D = 1.954589e+01.
  Coordinate descent sweep 2. norm of D = 2.766387e+01, change in D = 1.558217e+01.
  Coordinate descent sweep 3. norm of D = 3.407454e+01, change in D = 1.224709e+01.
    Line search step size chosen: 1.000000e+00.
  Objective value decreased by 6.464700e-01.
Newton iteration 8.
  Active set size = 34350.
  sub-gradient = 1.016591e+01, l1-norm of X = 4.604708e+02.
  Coordinate descent sweep 1. norm of D = 1.014396e+01, change in D = 1.014396e+01.
  Coordinate descent sweep 2. norm of D = 1.432844e+01, change in D = 8.186895e+00.
  Coordinate descent sweep 3. norm of D = 1.815534e+01, change in D = 7.221844e+00.
    Line search step size chosen: 1.000000e+00.
  Objective value decreased by 2.560593e-01.
Newton iteration 9.
  Active set size = 34330.
  sub-gradient = 6.790980e+00, l1-norm of X = 4.619137e+02.
  Coordinate descent sweep 1. norm of D = 6.256656e+00, change in D = 6.256656e+00.
  Coordinate descent sweep 2. norm of D = 8.860041e+00, change in D = 5.143151e+00.
  Coordinate descent sweep 3. norm of D = 1.107097e+01, change in D = 4.420165e+00.
  Coordinate descent sweep 4. norm of D = 1.287294e+01, change in D = 3.802733e+00.
    Line search step size chosen: 1.000000e+00.
  Objective value decreased by 1.462681e-01.
Newton iteration 10.
  Active set size = 34298.
  sub-gradient = 3.588871e+00, l1-norm of X = 4.629828e+02.
  Coordinate descent sweep 1. norm of D = 3.321503e+00, change in D = 3.321503e+00.
  Coordinate descent sweep 2. norm of D = 4.941047e+00, change in D = 2.969821e+00.
  Coordinate descent sweep 3. norm of D = 6.151410e+00, change in D = 2.646848e+00.
  Coordinate descent sweep 4. norm of D = 7.180070e+00, change in D = 2.311902e+00.
    Line search step size chosen: 1.000000e+00.
  Objective value decreased by 6.670985e-02.
Newton iteration 11.
  Active set size = 34293.
  sub-gradient = 2.392079e+00, l1-norm of X = 4.635800e+02.
  Coordinate descent sweep 1. norm of D = 2.114422e+00, change in D = 2.114422e+00.
  Coordinate descent sweep 2. norm of D = 3.018884e+00, change in D = 1.813401e+00.
  Coordinate descent sweep 3. norm of D = 3.710264e+00, change in D = 1.561579e+00.
  Coordinate descent sweep 4. norm of D = 4.412490e+00, change in D = 1.503982e+00.
    Line search step size chosen: 1.000000e+00.
  Objective value decreased by 3.154084e-02.
Newton iteration 12.
  Active set size = 34289.
  sub-gradient = 1.343502e+00, l1-norm of X = 4.639143e+02.
  Coordinate descent sweep 1. norm of D = 1.335346e+00, change in D = 1.335346e+00.
  Coordinate descent sweep 2. norm of D = 2.030668e+00, change in D = 1.190480e+00.
  Coordinate descent sweep 3. norm of D = 2.582164e+00, change in D = 1.089988e+00.
  Coordinate descent sweep 4. norm of D = 3.066897e+00, change in D = 1.033250e+00.
  Coordinate descent sweep 5. norm of D = 3.424837e+00, change in D = 8.818829e-01.
    Line search step size chosen: 1.000000e+00.
  Objective value decreased by 2.035763e-02.
Newton iteration 13.
  Active set size = 34281.
  sub-gradient = 7.788191e-01, l1-norm of X = 4.641964e+02.
  Coordinate descent sweep 1. norm of D = 8.211120e-01, change in D = 8.211120e-01.
  Coordinate descent sweep 2. norm of D = 1.207059e+00, change in D = 7.500292e-01.
  Coordinate descent sweep 3. norm of D = 1.499502e+00, change in D = 6.585264e-01.
  Coordinate descent sweep 4. norm of D = 1.764783e+00, change in D = 6.305330e-01.
  Coordinate descent sweep 5. norm of D = 2.034678e+00, change in D = 5.682494e-01.
    Line search step size chosen: 1.000000e+00.
  Objective value decreased by 9.110337e-03.
Newton iteration 14.
  Active set size = 34280.
  sub-gradient = 5.280010e-01, l1-norm of X = 4.643758e+02.
  Coordinate descent sweep 1. norm of D = 5.040511e-01, change in D = 5.040511e-01.
  Coordinate descent sweep 2. norm of D = 7.916448e-01, change in D = 4.833425e-01.
  Coordinate descent sweep 3. norm of D = 9.721305e-01, change in D = 4.321662e-01.
  Coordinate descent sweep 4. norm of D = 1.154774e+00, change in D = 3.972115e-01.
  Coordinate descent sweep 5. norm of D = 1.347445e+00, change in D = 3.925677e-01.
    Line search step size chosen: 1.000000e+00.
  Objective value decreased by 4.778974e-03.
Newton iteration 15.
  Active set size = 34280.
  sub-gradient = 2.985506e-01, l1-norm of X = 4.644879e+02.
  Coordinate descent sweep 1. norm of D = 3.423806e-01, change in D = 3.423806e-01.
  Coordinate descent sweep 2. norm of D = 5.225593e-01, change in D = 3.345954e-01.
  Coordinate descent sweep 3. norm of D = 6.771892e-01, change in D = 3.062384e-01.
  Coordinate descent sweep 4. norm of D = 8.122114e-01, change in D = 2.843159e-01.
  Coordinate descent sweep 5. norm of D = 9.026990e-01, change in D = 2.363253e-01.
  Coordinate descent sweep 6. norm of D = 1.027075e+00, change in D = 2.445909e-01.
    Line search step size chosen: 1.000000e+00.
  Objective value decreased by 3.023410e-03.
Newton iteration 16.
  Active set size = 34277.
  sub-gradient = 1.965047e-01, l1-norm of X = 4.645739e+02.
  Coordinate descent sweep 1. norm of D = 2.173738e-01, change in D = 2.173738e-01.
  Coordinate descent sweep 2. norm of D = 3.297937e-01, change in D = 1.964656e-01.
  Coordinate descent sweep 3. norm of D = 4.155477e-01, change in D = 1.827159e-01.
  Coordinate descent sweep 4. norm of D = 5.137145e-01, change in D = 1.890944e-01.
  Coordinate descent sweep 5. norm of D = 5.763132e-01, change in D = 1.524597e-01.
  Coordinate descent sweep 6. norm of D = 6.329067e-01, change in D = 1.541743e-01.
    Line search step size chosen: 1.000000e+00.
  Objective value decreased by 1.310857e-03.
Newton iteration 17.
  Active set size = 34277.
  sub-gradient = 1.676435e-01, l1-norm of X = 4.646301e+02.
  Coordinate descent sweep 1. norm of D = 1.533596e-01, change in D = 1.533596e-01.
  Coordinate descent sweep 2. norm of D = 2.301200e-01, change in D = 1.399398e-01.
  Coordinate descent sweep 3. norm of D = 2.965397e-01, change in D = 1.358240e-01.
  Coordinate descent sweep 4. norm of D = 3.414690e-01, change in D = 1.168368e-01.
  Coordinate descent sweep 5. norm of D = 3.934389e-01, change in D = 1.095704e-01.
  Coordinate descent sweep 6. norm of D = 4.316138e-01, change in D = 9.718336e-02.
    Line search step size chosen: 1.000000e+00.
  Objective value decreased by 7.071558e-04.
Newton iteration 18.
  Active set size = 34276.
  sub-gradient = 1.034998e-01, l1-norm of X = 4.646693e+02.
  Coordinate descent sweep 1. norm of D = 9.303530e-02, change in D = 9.303530e-02.
  Coordinate descent sweep 2. norm of D = 1.393106e-01, change in D = 8.993918e-02.
  Coordinate descent sweep 3. norm of D = 1.843900e-01, change in D = 8.637649e-02.
  Coordinate descent sweep 4. norm of D = 2.241743e-01, change in D = 8.278072e-02.
  Coordinate descent sweep 5. norm of D = 2.524580e-01, change in D = 7.361326e-02.
  Coordinate descent sweep 6. norm of D = 2.840407e-01, change in D = 7.385426e-02.
  Coordinate descent sweep 7. norm of D = 3.152598e-01, change in D = 6.811858e-02.
    Line search step size chosen: 1.000000e+00.
  Objective value decreased by 3.690404e-04.
Newton iteration 19.
  Active set size = 34276.
  sub-gradient = 5.976321e-02, l1-norm of X = 4.646964e+02.
  Coordinate descent sweep 1. norm of D = 6.340620e-02, change in D = 6.340620e-02.
  Coordinate descent sweep 2. norm of D = 9.413200e-02, change in D = 5.414273e-02.
  Coordinate descent sweep 3. norm of D = 1.207601e-01, change in D = 5.109171e-02.
  Coordinate descent sweep 4. norm of D = 1.475229e-01, change in D = 5.356403e-02.
  Coordinate descent sweep 5. norm of D = 1.667905e-01, change in D = 4.697353e-02.
  Coordinate descent sweep 6. norm of D = 1.871384e-01, change in D = 4.721354e-02.
  Coordinate descent sweep 7. norm of D = 2.061280e-01, change in D = 4.158986e-02.
    Line search step size chosen: 1.000000e+00.
  Objective value decreased by 1.781522e-04.
Newton iteration 20.
  Active set size = 34276.
  sub-gradient = 4.216238e-02, l1-norm of X = 4.647146e+02.
  Coordinate descent sweep 1. norm of D = 4.121485e-02, change in D = 4.121485e-02.
  Coordinate descent sweep 2. norm of D = 6.585702e-02, change in D = 4.184223e-02.
  Coordinate descent sweep 3. norm of D = 7.949035e-02, change in D = 3.351592e-02.
  Coordinate descent sweep 4. norm of D = 9.903969e-02, change in D = 3.323694e-02.
  Coordinate descent sweep 5. norm of D = 1.141586e-01, change in D = 3.101240e-02.
  Coordinate descent sweep 6. norm of D = 1.278169e-01, change in D = 3.130984e-02.
  Coordinate descent sweep 7. norm of D = 1.405643e-01, change in D = 2.786053e-02.
    Line search step size chosen: 1.000000e+00.
  Objective value decreased by 8.160466e-05.
QUIC CPU time: 5082.120 seconds
