[1] "/work-zfs/abattle4/prashanthi/recount3/data/skin/GTEx/weighted_covariances/cov_2.rds"
[1] "Data read complete"
Running QUIC version 1.1 in 'default' mode.
Newton iteration 1.
  X is a diagonal matrix.
    Line search step size chosen: 1.000000e+00.
  Objective value decreased by 2.315420e-02.
Newton iteration 2.
  Active set size = 8024.
  sub-gradient = 4.820965e-02, l1-norm of X = 7.148416e-01.
  Coordinate descent sweep 1. norm of D = 4.679836e-02, change in D = 4.679836e-02.
    Line search step size chosen: 1.000000e+00.
  Objective value decreased by 1.113237e-04.
Newton iteration 3.
  Active set size = 8024.
  sub-gradient = 1.808601e-03, l1-norm of X = 7.147173e-01.
  Coordinate descent sweep 1. norm of D = 1.864079e-03, change in D = 1.864079e-03.
  Coordinate descent sweep 2. norm of D = 2.275490e-03, change in D = 4.147296e-04.
    Line search step size chosen: 1.000000e+00.
  Objective value decreased by 8.872958e-07.
Newton iteration 4.
  Active set size = 8024.
  sub-gradient = 2.396740e-05, l1-norm of X = 7.176229e-01.
  Coordinate descent sweep 1. norm of D = 2.953560e-05, change in D = 2.953560e-05.
  Coordinate descent sweep 2. norm of D = 3.034086e-05, change in D = 8.052534e-07.
    Line search step size chosen: 1.000000e+00.
  Objective value decreased by 3.410605e-10.
QUIC CPU time: 858.690 seconds
