[1] "/work-zfs/abattle4/prashanthi/recount3/data/skin/GTEx/weighted_covariances/cov_2.rds"
[1] "Data read complete"
Running QUIC version 1.1 in 'default' mode.
Newton iteration 1.
  X is a diagonal matrix.
    Line search step size chosen: 1.000000e+00.
  Objective value decreased by 1.079304e-02.
Newton iteration 2.
  Active set size = 8020.
  sub-gradient = 2.225087e-02, l1-norm of X = 4.320190e-01.
  Coordinate descent sweep 1. norm of D = 2.186852e-02, change in D = 2.186852e-02.
    Line search step size chosen: 1.000000e+00.
  Objective value decreased by 3.147348e-05.
Newton iteration 3.
  Active set size = 8020.
  sub-gradient = 1.012293e-03, l1-norm of X = 4.312445e-01.
  Coordinate descent sweep 1. norm of D = 1.185110e-03, change in D = 1.185110e-03.
  Coordinate descent sweep 2. norm of D = 1.246046e-03, change in D = 6.166492e-05.
    Line search step size chosen: 1.000000e+00.
  Objective value decreased by 4.008734e-07.
Newton iteration 4.
  Active set size = 8020.
  sub-gradient = 5.168109e-06, l1-norm of X = 4.330634e-01.
  Coordinate descent sweep 1. norm of D = 5.516553e-06, change in D = 5.516553e-06.
  Coordinate descent sweep 2. norm of D = 5.717266e-06, change in D = 2.007185e-07.
    Line search step size chosen: 1.000000e+00.
  Objective value decreased by 5.456968e-12.
QUIC CPU time: 857.890 seconds
