[1] "sra_normal" "350"        "weighted"   "0.42"      
[1] "Data read complete"
Running QUIC version 1.1 in 'default' mode.
Newton iteration 1.
  X is a diagonal matrix.
    Line search step size 1.000000e+00.  Lack of positive definiteness.
    Line search step size chosen: 5.000000e-01.
  Objective value decreased by 2.364687e+00.
Newton iteration 2.
  Active set size = 6645.
  sub-gradient = 1.089224e+02, l1-norm of X = 1.994225e+01.
  Coordinate descent sweep 1. norm of D = 1.385914e+01, change in D = 1.385914e+01.
    Line search step size chosen: 1.000000e+00.
  Objective value decreased by 8.220698e-01.
Newton iteration 3.
  Active set size = 6527.
  sub-gradient = 4.002584e+01, l1-norm of X = 2.537670e+01.
  Coordinate descent sweep 1. norm of D = 6.210445e+00, change in D = 6.210445e+00.
  Coordinate descent sweep 2. norm of D = 6.397764e+00, change in D = 2.756940e+00.
    Line search step size chosen: 1.000000e+00.
  Objective value decreased by 2.965378e-01.
Newton iteration 4.
  Active set size = 6487.
  sub-gradient = 1.205578e+01, l1-norm of X = 2.501894e+01.
  Coordinate descent sweep 1. norm of D = 2.502194e+00, change in D = 2.502194e+00.
  Coordinate descent sweep 2. norm of D = 2.411865e+00, change in D = 1.345013e+00.
    Line search step size chosen: 1.000000e+00.
  Objective value decreased by 7.155775e-02.
Newton iteration 5.
  Active set size = 6480.
  sub-gradient = 2.497251e+00, l1-norm of X = 2.463685e+01.
  Coordinate descent sweep 1. norm of D = 1.146259e+00, change in D = 1.146259e+00.
  Coordinate descent sweep 2. norm of D = 1.218797e+00, change in D = 6.046182e-01.
    Line search step size chosen: 1.000000e+00.
  Objective value decreased by 1.587344e-02.
Newton iteration 6.
  Active set size = 6477.
  sub-gradient = 2.831309e-01, l1-norm of X = 2.450913e+01.
  Coordinate descent sweep 1. norm of D = 2.551462e-01, change in D = 2.551462e-01.
  Coordinate descent sweep 2. norm of D = 2.851196e-01, change in D = 1.063098e-01.
  Coordinate descent sweep 3. norm of D = 3.022579e-01, change in D = 5.213042e-02.
    Line search step size chosen: 1.000000e+00.
  Objective value decreased by 6.301762e-04.
Newton iteration 7.
  Active set size = 6477.
  sub-gradient = 2.120186e-02, l1-norm of X = 2.451103e+01.
  Coordinate descent sweep 1. norm of D = 2.210351e-02, change in D = 2.210351e-02.
  Coordinate descent sweep 2. norm of D = 2.628997e-02, change in D = 1.129221e-02.
  Coordinate descent sweep 3. norm of D = 2.787217e-02, change in D = 5.892913e-03.
    Line search step size chosen: 1.000000e+00.
  Objective value decreased by 6.853260e-06.
Newton iteration 8.
  Active set size = 6476.
  sub-gradient = 2.936284e-03, l1-norm of X = 2.451331e+01.
  Coordinate descent sweep 1. norm of D = 2.821542e-03, change in D = 2.821542e-03.
  Coordinate descent sweep 2. norm of D = 3.302569e-03, change in D = 1.240791e-03.
  Coordinate descent sweep 3. norm of D = 3.527437e-03, change in D = 4.906241e-04.
    Line search step size chosen: 1.000000e+00.
  Objective value decreased by 8.837287e-08.
Newton iteration 9.
  Active set size = 6476.
  sub-gradient = 2.816388e-04, l1-norm of X = 2.451348e+01.
  Coordinate descent sweep 1. norm of D = 2.609972e-04, change in D = 2.609972e-04.
  Coordinate descent sweep 2. norm of D = 3.137397e-04, change in D = 1.359006e-04.
  Coordinate descent sweep 3. norm of D = 3.434714e-04, change in D = 7.151148e-05.
  Coordinate descent sweep 4. norm of D = 3.588217e-04, change in D = 3.110926e-05.
    Line search step size chosen: 1.000000e+00.
  Objective value decreased by 1.194167e-09.
QUIC CPU time: 749.680 seconds
