[1] "GTEx"       "1"          "unweighted" "0.02"      
[1] "Data read complete"
Running QUIC version 1.1 in 'default' mode.
Newton iteration 1.
  X is a diagonal matrix.
    Line search step size 1.000000e+00.  Lack of positive definiteness.
    Line search step size 5.000000e-01.  Lack of positive definiteness.
    Line search step size 2.500000e-01.  Lack of positive definiteness.
    Line search step size 1.250000e-01.  Lack of positive definiteness.
    Line search step size 6.250000e-02.  Lack of positive definiteness.
    Line search step size 3.125000e-02.  Lack of positive definiteness.
    Line search step size 1.562500e-02.  Lack of positive definiteness.
    Line search step size 7.812500e-03.  Lack of positive definiteness.
    Line search step size 3.906250e-03.  Lack of positive definiteness.
    Line search step size chosen: 1.953125e-03.
  Objective value decreased by 1.009001e+03.
Newton iteration 2.
  Active set size = 14845796.
  sub-gradient = 1.547148e+06, l1-norm of X = 1.212168e+02.
  Coordinate descent sweep 1. norm of D = 1.008866e+06, change in D = 1.008866e+06.
    Line search step size 1.000000e+00.  Lack of positive definiteness.
    Line search step size 5.000000e-01.  Lack of positive definiteness.
    Line search step size 2.500000e-01.  Lack of positive definiteness.
    Line search step size 1.250000e-01.  Lack of positive definiteness.
    Line search step size 6.250000e-02.  Lack of positive definiteness.
    Line search step size 3.125000e-02.  Lack of positive definiteness.
    Line search step size 1.562500e-02.  Lack of positive definiteness.
    Line search step size 7.812500e-03.  Lack of positive definiteness.
    Line search step size chosen: 3.906250e-03.
  Objective value decreased by 1.285560e+03.
Newton iteration 3.
  Active set size = 14863574.
  sub-gradient = 1.536895e+06, l1-norm of X = 2.777941e+02.
  Coordinate descent sweep 1. norm of D = 4.866200e+05, change in D = 4.866200e+05.
  Coordinate descent sweep 2. norm of D = 3.521897e+05, change in D = 2.272725e+05.
    Line search step size 1.000000e+00.  Lack of positive definiteness.
    Line search step size 5.000000e-01.  Lack of positive definiteness.
    Line search step size 2.500000e-01.  Lack of positive definiteness.
    Line search step size 1.250000e-01.  Lack of positive definiteness.
    Line search step size 6.250000e-02.  Lack of positive definiteness.
    Line search step size 3.125000e-02.  Lack of positive definiteness.
    Line search step size chosen: 1.562500e-02.
  Objective value decreased by 1.548430e+03.
Newton iteration 4.
  Active set size = 14928159.
  sub-gradient = 1.472705e+06, l1-norm of X = 4.876021e+02.
  Coordinate descent sweep 1. norm of D = 1.342908e+05, change in D = 1.342908e+05.
  Coordinate descent sweep 2. norm of D = 9.759336e+04, change in D = 9.038407e+04.
    Line search step size 1.000000e+00.  Lack of positive definiteness.
    Line search step size 5.000000e-01.  Lack of positive definiteness.
    Line search step size 2.500000e-01.  Lack of positive definiteness.
    Line search step size 1.250000e-01.  Lack of positive definiteness.
    Line search step size 6.250000e-02.  Lack of positive definiteness.
    Line search step size chosen: 3.125000e-02.
  Objective value decreased by 6.521675e+02.
Newton iteration 5.
  Active set size = 14917359.
  sub-gradient = 1.394202e+06, l1-norm of X = 5.892933e+02.
  Coordinate descent sweep 1. norm of D = 5.879519e+04, change in D = 5.879519e+04.
  Coordinate descent sweep 2. norm of D = 4.686393e+04, change in D = 4.352773e+04.
    Line search step size 1.000000e+00.  Lack of positive definiteness.
    Line search step size 5.000000e-01.  Lack of positive definiteness.
    Line search step size 2.500000e-01.  Lack of positive definiteness.
    Line search step size 1.250000e-01.  Lack of positive definiteness.
    Line search step size chosen: 6.250000e-02.
  Objective value decreased by 5.708055e+02.
Newton iteration 6.
  Active set size = 14912678.
  sub-gradient = 1.221336e+06, l1-norm of X = 6.633771e+02.
  Coordinate descent sweep 1. norm of D = 3.531616e+04, change in D = 3.531616e+04.
  Coordinate descent sweep 2. norm of D = 3.175993e+04, change in D = 2.589115e+04.
  Coordinate descent sweep 3. norm of D = 3.164983e+04, change in D = 1.099275e+04.
    Line search step size 1.000000e+00.  Lack of positive definiteness.
    Line search step size 5.000000e-01.  Lack of positive definiteness.
    Line search step size 2.500000e-01.  Lack of positive definiteness.
    Line search step size chosen: 1.250000e-01.
  Objective value decreased by 6.773370e+02.
Newton iteration 7.
  Active set size = 14910467.
  sub-gradient = 9.282023e+05, l1-norm of X = 7.225306e+02.
  Coordinate descent sweep 1. norm of D = 2.833498e+04, change in D = 2.833498e+04.
  Coordinate descent sweep 2. norm of D = 2.809670e+04, change in D = 2.200110e+04.
  Coordinate descent sweep 3. norm of D = 2.826194e+04, change in D = 1.346951e+04.
    Line search step size 1.000000e+00.  Lack of positive definiteness.
    Line search step size chosen: 5.000000e-01.
  Objective value decreased by 1.755565e+03.
Newton iteration 8.
  Active set size = 15758714.
  sub-gradient = 1.600681e+06, l1-norm of X = 8.843912e+02.
  Coordinate descent sweep 1. norm of D = 9.493733e+03, change in D = 9.493733e+03.
  Coordinate descent sweep 2. norm of D = 1.200778e+04, change in D = 8.189458e+03.
  Coordinate descent sweep 3. norm of D = 1.367282e+04, change in D = 7.677899e+03.
    Line search step size chosen: 1.000000e+00.
  Objective value decreased by 7.602054e+02.
Newton iteration 9.
  Active set size = 11120704.
  sub-gradient = 4.042354e+05, l1-norm of X = 9.734492e+02.
  Coordinate descent sweep 1. norm of D = 1.104575e+04, change in D = 1.104575e+04.
  Coordinate descent sweep 2. norm of D = 1.451785e+04, change in D = 1.028765e+04.
  Coordinate descent sweep 3. norm of D = 1.667703e+04, change in D = 9.495199e+03.
  Coordinate descent sweep 4. norm of D = 1.830883e+04, change in D = 8.704264e+03.
    Line search step size chosen: 1.000000e+00.
  Objective value decreased by 1.084994e+03.
Newton iteration 10.
  Active set size = 6485879.
  sub-gradient = 1.409330e+05, l1-norm of X = 1.168488e+03.
  Coordinate descent sweep 1. norm of D = 1.068852e+04, change in D = 1.068852e+04.
  Coordinate descent sweep 2. norm of D = 1.442193e+04, change in D = 9.850823e+03.
  Coordinate descent sweep 3. norm of D = 1.696979e+04, change in D = 9.128732e+03.
  Coordinate descent sweep 4. norm of D = 1.897903e+04, change in D = 8.442791e+03.
    Line search step size chosen: 1.000000e+00.
  Objective value decreased by 9.096193e+02.
Newton iteration 11.
  Active set size = 5739924.
  sub-gradient = 1.106298e+05, l1-norm of X = 1.368526e+03.
  Coordinate descent sweep 1. norm of D = 8.861575e+03, change in D = 8.861575e+03.
  Coordinate descent sweep 2. norm of D = 1.235191e+04, change in D = 8.389305e+03.
  Coordinate descent sweep 3. norm of D = 1.489418e+04, change in D = 7.885655e+03.
  Coordinate descent sweep 4. norm of D = 1.699239e+04, change in D = 7.408441e+03.
    Line search step size chosen: 1.000000e+00.
  Objective value decreased by 6.623107e+02.
Newton iteration 12.
  Active set size = 5929816.
  sub-gradient = 1.114358e+05, l1-norm of X = 1.548536e+03.
  Coordinate descent sweep 1. norm of D = 7.452914e+03, change in D = 7.452914e+03.
  Coordinate descent sweep 2. norm of D = 1.056390e+04, change in D = 7.151595e+03.
  Coordinate descent sweep 3. norm of D = 1.294364e+04, change in D = 6.814551e+03.
  Coordinate descent sweep 4. norm of D = 1.495825e+04, change in D = 6.478711e+03.
  Coordinate descent sweep 5. norm of D = 1.675302e+04, change in D = 6.165808e+03.
    Line search step size chosen: 1.000000e+00.
  Objective value decreased by 5.946306e+02.
Newton iteration 13.
  Active set size = 5038041.
  sub-gradient = 8.851266e+04, l1-norm of X = 1.743175e+03.
  Coordinate descent sweep 1. norm of D = 6.368181e+03, change in D = 6.368181e+03.
  Coordinate descent sweep 2. norm of D = 9.133954e+03, change in D = 6.127561e+03.
  Coordinate descent sweep 3. norm of D = 1.131183e+04, change in D = 5.882209e+03.
  Coordinate descent sweep 4. norm of D = 1.320272e+04, change in D = 5.641568e+03.
  Coordinate descent sweep 5. norm of D = 1.491436e+04, change in D = 5.415228e+03.
    Line search step size chosen: 1.000000e+00.
  Objective value decreased by 4.526686e+02.
Newton iteration 14.
  Active set size = 3983643.
  sub-gradient = 6.450983e+04, l1-norm of X = 1.917969e+03.
  Coordinate descent sweep 1. norm of D = 5.551638e+03, change in D = 5.551638e+03.
  Coordinate descent sweep 2. norm of D = 8.050039e+03, change in D = 5.363812e+03.
  Coordinate descent sweep 3. norm of D = 1.005088e+04, change in D = 5.159398e+03.
  Coordinate descent sweep 4. norm of D = 1.181875e+04, change in D = 4.989041e+03.
  Coordinate descent sweep 5. norm of D = 1.343434e+04, change in D = 4.808431e+03.
    Line search step size chosen: 1.000000e+00.
  Objective value decreased by 3.593464e+02.
Newton iteration 15.
  Active set size = 3337710.
  sub-gradient = 5.015708e+04, l1-norm of X = 2.078936e+03.
  Coordinate descent sweep 1. norm of D = 4.882327e+03, change in D = 4.882327e+03.
  Coordinate descent sweep 2. norm of D = 7.128994e+03, change in D = 4.730249e+03.
  Coordinate descent sweep 3. norm of D = 8.969695e+03, change in D = 4.591621e+03.
  Coordinate descent sweep 4. norm of D = 1.061018e+04, change in D = 4.447094e+03.
  Coordinate descent sweep 5. norm of D = 1.212189e+04, change in D = 4.315343e+03.
  Coordinate descent sweep 6. norm of D = 1.354581e+04, change in D = 4.195751e+03.
    Line search step size chosen: 1.000000e+00.
  Objective value decreased by 3.405415e+02.
Newton iteration 16.
  Active set size = 2732496.
  sub-gradient = 3.979701e+04, l1-norm of X = 2.255422e+03.
  Coordinate descent sweep 1. norm of D = 4.244450e+03, change in D = 4.244450e+03.
  Coordinate descent sweep 2. norm of D = 6.240586e+03, change in D = 4.125713e+03.
  Coordinate descent sweep 3. norm of D = 7.903169e+03, change in D = 4.020807e+03.
  Coordinate descent sweep 4. norm of D = 9.404752e+03, change in D = 3.918551e+03.
  Coordinate descent sweep 5. norm of D = 1.079188e+04, change in D = 3.815385e+03.
  Coordinate descent sweep 6. norm of D = 1.211061e+04, change in D = 3.723784e+03.
    Line search step size chosen: 1.000000e+00.
  Objective value decreased by 2.702778e+02.
Newton iteration 17.
  Active set size = 2086640.
  sub-gradient = 2.932908e+04, l1-norm of X = 2.415912e+03.
  Coordinate descent sweep 1. norm of D = 3.789947e+03, change in D = 3.789947e+03.
  Coordinate descent sweep 2. norm of D = 5.611920e+03, change in D = 3.692682e+03.
  Coordinate descent sweep 3. norm of D = 7.140352e+03, change in D = 3.607008e+03.
  Coordinate descent sweep 4. norm of D = 8.524363e+03, change in D = 3.524529e+03.
  Coordinate descent sweep 5. norm of D = 9.819821e+03, change in D = 3.447767e+03.
  Coordinate descent sweep 6. norm of D = 1.104840e+04, change in D = 3.366324e+03.
    Line search step size chosen: 1.000000e+00.
  Objective value decreased by 2.218073e+02.
Newton iteration 18.
  Active set size = 1748281.
  sub-gradient = 2.322373e+04, l1-norm of X = 2.564449e+03.
  Coordinate descent sweep 1. norm of D = 3.402368e+03, change in D = 3.402368e+03.
  Coordinate descent sweep 2. norm of D = 5.064479e+03, change in D = 3.334945e+03.
  Coordinate descent sweep 3. norm of D = 6.472352e+03, change in D = 3.261706e+03.
  Coordinate descent sweep 4. norm of D = 7.757393e+03, change in D = 3.199479e+03.
  Coordinate descent sweep 5. norm of D = 8.962780e+03, change in D = 3.133561e+03.
  Coordinate descent sweep 6. norm of D = 1.011387e+04, change in D = 3.072339e+03.
  Coordinate descent sweep 7. norm of D = 1.122024e+04, change in D = 3.012865e+03.
    Line search step size chosen: 1.000000e+00.
  Objective value decreased by 2.110862e+02.
Newton iteration 19.
  Active set size = 1417397.
  sub-gradient = 1.854430e+04, l1-norm of X = 2.723587e+03.
  Coordinate descent sweep 1. norm of D = 3.043351e+03, change in D = 3.043351e+03.
  Coordinate descent sweep 2. norm of D = 4.548073e+03, change in D = 2.982442e+03.
  Coordinate descent sweep 3. norm of D = 5.831836e+03, change in D = 2.928978e+03.
  Coordinate descent sweep 4. norm of D = 7.003226e+03, change in D = 2.876040e+03.
  Coordinate descent sweep 5. norm of D = 8.111521e+03, change in D = 2.824606e+03.
  Coordinate descent sweep 6. norm of D = 9.173769e+03, change in D = 2.775620e+03.
  Coordinate descent sweep 7. norm of D = 1.019902e+04, change in D = 2.724487e+03.
    Line search step size chosen: 1.000000e+00.
  Objective value decreased by 1.727218e+02.
Newton iteration 20.
  Active set size = 1300766.
  sub-gradient = 1.469915e+04, l1-norm of X = 2.869243e+03.
  Coordinate descent sweep 1. norm of D = 2.760335e+03, change in D = 2.760335e+03.
  Coordinate descent sweep 2. norm of D = 4.141149e+03, change in D = 2.715451e+03.
  Coordinate descent sweep 3. norm of D = 5.324830e+03, change in D = 2.675169e+03.
  Coordinate descent sweep 4. norm of D = 6.412694e+03, change in D = 2.629416e+03.
  Coordinate descent sweep 5. norm of D = 7.446092e+03, change in D = 2.586659e+03.
  Coordinate descent sweep 6. norm of D = 8.435969e+03, change in D = 2.545546e+03.
  Coordinate descent sweep 7. norm of D = 9.396747e+03, change in D = 2.503166e+03.
    Line search step size chosen: 1.000000e+00.
  Objective value decreased by 1.442146e+02.
Newton iteration 21.
  Active set size = 1215616.
  sub-gradient = 1.275457e+04, l1-norm of X = 3.004169e+03.
  Coordinate descent sweep 1. norm of D = 2.513900e+03, change in D = 2.513900e+03.
  Coordinate descent sweep 2. norm of D = 3.780259e+03, change in D = 2.475045e+03.
  Coordinate descent sweep 3. norm of D = 4.871895e+03, change in D = 2.438412e+03.
  Coordinate descent sweep 4. norm of D = 5.879363e+03, change in D = 2.401773e+03.
  Coordinate descent sweep 5. norm of D = 6.832746e+03, change in D = 2.362658e+03.
  Coordinate descent sweep 6. norm of D = 7.755545e+03, change in D = 2.329505e+03.
  Coordinate descent sweep 7. norm of D = 8.643663e+03, change in D = 2.295680e+03.
  Coordinate descent sweep 8. norm of D = 9.512921e+03, change in D = 2.261616e+03.
    Line search step size chosen: 1.000000e+00.
  Objective value decreased by 1.367067e+02.
Newton iteration 22.
  Active set size = 1091185.
  sub-gradient = 9.434825e+03, l1-norm of X = 3.145477e+03.
  Coordinate descent sweep 1. norm of D = 2.294762e+03, change in D = 2.294762e+03.
  Coordinate descent sweep 2. norm of D = 3.461949e+03, change in D = 2.261385e+03.
  Coordinate descent sweep 3. norm of D = 4.469882e+03, change in D = 2.228031e+03.
  Coordinate descent sweep 4. norm of D = 5.404418e+03, change in D = 2.199588e+03.
  Coordinate descent sweep 5. norm of D = 6.291327e+03, change in D = 2.166152e+03.
  Coordinate descent sweep 6. norm of D = 7.145829e+03, change in D = 2.137566e+03.
  Coordinate descent sweep 7. norm of D = 7.979543e+03, change in D = 2.109883e+03.
  Coordinate descent sweep 8. norm of D = 8.789225e+03, change in D = 2.080897e+03.
    Line search step size chosen: 1.000000e+00.
  Objective value decreased by 1.145127e+02.
Newton iteration 23.
  Active set size = 1051281.
  sub-gradient = 8.550498e+03, l1-norm of X = 3.276147e+03.
  Coordinate descent sweep 1. norm of D = 2.079513e+03, change in D = 2.079513e+03.
  Coordinate descent sweep 2. norm of D = 3.146807e+03, change in D = 2.052225e+03.
  Coordinate descent sweep 3. norm of D = 4.069419e+03, change in D = 2.024571e+03.
  Coordinate descent sweep 4. norm of D = 4.928846e+03, change in D = 2.001091e+03.
  Coordinate descent sweep 5. norm of D = 5.747287e+03, change in D = 1.973851e+03.
  Coordinate descent sweep 6. norm of D = 6.535909e+03, change in D = 1.950334e+03.
  Coordinate descent sweep 7. norm of D = 7.303376e+03, change in D = 1.925063e+03.
  Coordinate descent sweep 8. norm of D = 8.054394e+03, change in D = 1.900231e+03.
    Line search step size chosen: 1.000000e+00.
  Objective value decreased by 9.590081e+01.
Newton iteration 24.
  Active set size = 1004341.
  sub-gradient = 7.013062e+03, l1-norm of X = 3.396196e+03.
  Coordinate descent sweep 1. norm of D = 1.908879e+03, change in D = 1.908879e+03.
  Coordinate descent sweep 2. norm of D = 2.894641e+03, change in D = 1.885876e+03.
  Coordinate descent sweep 3. norm of D = 3.752783e+03, change in D = 1.864221e+03.
  Coordinate descent sweep 4. norm of D = 4.552888e+03, change in D = 1.840741e+03.
  Coordinate descent sweep 5. norm of D = 5.311192e+03, change in D = 1.817366e+03.
  Coordinate descent sweep 6. norm of D = 6.046086e+03, change in D = 1.797123e+03.
  Coordinate descent sweep 7. norm of D = 6.762390e+03, change in D = 1.776037e+03.
  Coordinate descent sweep 8. norm of D = 7.463245e+03, change in D = 1.753456e+03.
  Coordinate descent sweep 9. norm of D = 8.150938e+03, change in D = 1.734251e+03.
    Line search step size chosen: 1.000000e+00.
  Objective value decreased by 9.079749e+01.
Newton iteration 25.
  Active set size = 969562.
  sub-gradient = 6.143718e+03, l1-norm of X = 3.520655e+03.
  Coordinate descent sweep 1. norm of D = 1.735992e+03, change in D = 1.735992e+03.
  Coordinate descent sweep 2. norm of D = 2.639928e+03, change in D = 1.716662e+03.
  Coordinate descent sweep 3. norm of D = 3.426539e+03, change in D = 1.697014e+03.
  Coordinate descent sweep 4. norm of D = 4.164305e+03, change in D = 1.678070e+03.
  Coordinate descent sweep 5. norm of D = 4.862475e+03, change in D = 1.659999e+03.
  Coordinate descent sweep 6. norm of D = 5.539828e+03, change in D = 1.639858e+03.
  Coordinate descent sweep 7. norm of D = 6.202403e+03, change in D = 1.622873e+03.
  Coordinate descent sweep 8. norm of D = 6.852684e+03, change in D = 1.603692e+03.
  Coordinate descent sweep 9. norm of D = 7.488932e+03, change in D = 1.587029e+03.
    Line search step size chosen: 1.000000e+00.
  Objective value decreased by 7.620042e+01.
Newton iteration 26.
  Active set size = 940950.
  sub-gradient = 4.907771e+03, l1-norm of X = 3.634938e+03.
  Coordinate descent sweep 1. norm of D = 1.595183e+03, change in D = 1.595183e+03.
  Coordinate descent sweep 2. norm of D = 2.427841e+03, change in D = 1.577269e+03.
  Coordinate descent sweep 3. norm of D = 3.155040e+03, change in D = 1.559176e+03.
  Coordinate descent sweep 4. norm of D = 3.836246e+03, change in D = 1.545421e+03.
  Coordinate descent sweep 5. norm of D = 4.488543e+03, change in D = 1.529005e+03.
  Coordinate descent sweep 6. norm of D = 5.118999e+03, change in D = 1.511637e+03.
  Coordinate descent sweep 7. norm of D = 5.734645e+03, change in D = 1.497100e+03.
  Coordinate descent sweep 8. norm of D = 6.341130e+03, change in D = 1.481994e+03.
  Coordinate descent sweep 9. norm of D = 6.936723e+03, change in D = 1.465439e+03.
    Line search step size chosen: 1.000000e+00.
  Objective value decreased by 6.475904e+01.
Newton iteration 27.
  Active set size = 913024.
  sub-gradient = 4.327029e+03, l1-norm of X = 3.740776e+03.
  Coordinate descent sweep 1. norm of D = 1.467719e+03, change in D = 1.467719e+03.
  Coordinate descent sweep 2. norm of D = 2.236423e+03, change in D = 1.448825e+03.
  Coordinate descent sweep 3. norm of D = 2.911017e+03, change in D = 1.435320e+03.
  Coordinate descent sweep 4. norm of D = 3.541296e+03, change in D = 1.421370e+03.
  Coordinate descent sweep 5. norm of D = 4.145996e+03, change in D = 1.406984e+03.
  Coordinate descent sweep 6. norm of D = 4.730812e+03, change in D = 1.391996e+03.
  Coordinate descent sweep 7. norm of D = 5.304827e+03, change in D = 1.379898e+03.
  Coordinate descent sweep 8. norm of D = 5.866551e+03, change in D = 1.365591e+03.
  Coordinate descent sweep 9. norm of D = 6.419704e+03, change in D = 1.351755e+03.
  Coordinate descent sweep 10. norm of D = 6.962892e+03, change in D = 1.338589e+03.
    Line search step size chosen: 1.000000e+00.
  Objective value decreased by 6.087336e+01.
Newton iteration 28.
  Active set size = 900090.
  sub-gradient = 3.781183e+03, l1-norm of X = 3.849000e+03.
  Coordinate descent sweep 1. norm of D = 1.341928e+03, change in D = 1.341928e+03.
  Coordinate descent sweep 2. norm of D = 2.053184e+03, change in D = 1.329444e+03.
  Coordinate descent sweep 3. norm of D = 2.674217e+03, change in D = 1.315497e+03.
  Coordinate descent sweep 4. norm of D = 3.255969e+03, change in D = 1.303469e+03.
  Coordinate descent sweep 5. norm of D = 3.815691e+03, change in D = 1.292044e+03.
  Coordinate descent sweep 6. norm of D = 4.359120e+03, change in D = 1.279405e+03.
  Coordinate descent sweep 7. norm of D = 4.890199e+03, change in D = 1.267513e+03.
  Coordinate descent sweep 8. norm of D = 5.412126e+03, change in D = 1.257393e+03.
  Coordinate descent sweep 9. norm of D = 5.926274e+03, change in D = 1.244286e+03.
  Coordinate descent sweep 10. norm of D = 6.432630e+03, change in D = 1.233158e+03.
    Line search step size chosen: 1.000000e+00.
  Objective value decreased by 5.157775e+01.
Newton iteration 29.
  Active set size = 876520.
  sub-gradient = 3.199911e+03, l1-norm of X = 3.948798e+03.
  Coordinate descent sweep 1. norm of D = 1.234210e+03, change in D = 1.234210e+03.
  Coordinate descent sweep 2. norm of D = 1.890267e+03, change in D = 1.220440e+03.
  Coordinate descent sweep 3. norm of D = 2.467963e+03, change in D = 1.211256e+03.
  Coordinate descent sweep 4. norm of D = 3.007325e+03, change in D = 1.200019e+03.
  Coordinate descent sweep 5. norm of D = 3.527916e+03, change in D = 1.190025e+03.
  Coordinate descent sweep 6. norm of D = 4.033401e+03, change in D = 1.178603e+03.
  Coordinate descent sweep 7. norm of D = 4.527357e+03, change in D = 1.168525e+03.
  Coordinate descent sweep 8. norm of D = 5.013245e+03, change in D = 1.159125e+03.
  Coordinate descent sweep 9. norm of D = 5.493800e+03, change in D = 1.147866e+03.
  Coordinate descent sweep 10. norm of D = 5.965733e+03, change in D = 1.137491e+03.
    Line search step size chosen: 1.000000e+00.
  Objective value decreased by 4.399486e+01.
Newton iteration 30.
  Active set size = 859329.
  sub-gradient = 2.766373e+03, l1-norm of X = 4.040994e+03.
  Coordinate descent sweep 1. norm of D = 1.138949e+03, change in D = 1.138949e+03.
  Coordinate descent sweep 2. norm of D = 1.748947e+03, change in D = 1.129087e+03.
  Coordinate descent sweep 3. norm of D = 2.283893e+03, change in D = 1.117982e+03.
  Coordinate descent sweep 4. norm of D = 2.785591e+03, change in D = 1.109056e+03.
  Coordinate descent sweep 5. norm of D = 3.269984e+03, change in D = 1.099863e+03.
  Coordinate descent sweep 6. norm of D = 3.740375e+03, change in D = 1.088821e+03.
  Coordinate descent sweep 7. norm of D = 4.200478e+03, change in D = 1.079705e+03.
  Coordinate descent sweep 8. norm of D = 4.653396e+03, change in D = 1.071293e+03.
  Coordinate descent sweep 9. norm of D = 5.100109e+03, change in D = 1.063394e+03.
  Coordinate descent sweep 10. norm of D = 5.540877e+03, change in D = 1.054542e+03.
  Coordinate descent sweep 11. norm of D = 5.977025e+03, change in D = 1.045702e+03.
    Line search step size chosen: 1.000000e+00.
  Objective value decreased by 4.124016e+01.
Newton iteration 31.
  Active set size = 847776.
  sub-gradient = 2.336708e+03, l1-norm of X = 4.134554e+03.
  Coordinate descent sweep 1. norm of D = 1.046234e+03, change in D = 1.046234e+03.
  Coordinate descent sweep 2. norm of D = 1.608489e+03, change in D = 1.038520e+03.
  Coordinate descent sweep 3. norm of D = 2.103941e+03, change in D = 1.029164e+03.
  Coordinate descent sweep 4. norm of D = 2.569738e+03, change in D = 1.021611e+03.
  Coordinate descent sweep 5. norm of D = 3.016151e+03, change in D = 1.012526e+03.
  Coordinate descent sweep 6. norm of D = 3.453745e+03, change in D = 1.005527e+03.
  Coordinate descent sweep 7. norm of D = 3.882085e+03, change in D = 9.969364e+02.
  Coordinate descent sweep 8. norm of D = 4.302477e+03, change in D = 9.887749e+02.
  Coordinate descent sweep 9. norm of D = 4.720188e+03, change in D = 9.807050e+02.
  Coordinate descent sweep 10. norm of D = 5.132719e+03, change in D = 9.738467e+02.
  Coordinate descent sweep 11. norm of D = 5.537989e+03, change in D = 9.655494e+02.
    Line search step size chosen: 1.000000e+00.
  Objective value decreased by 3.514320e+01.
Newton iteration 32.
  Active set size = 832567.
  sub-gradient = 1.997417e+03, l1-norm of X = 4.220988e+03.
  Coordinate descent sweep 1. norm of D = 9.641055e+02, change in D = 9.641055e+02.
  Coordinate descent sweep 2. norm of D = 1.485494e+03, change in D = 9.580779e+02.
  Coordinate descent sweep 3. norm of D = 1.944164e+03, change in D = 9.483389e+02.
  Coordinate descent sweep 4. norm of D = 2.377029e+03, change in D = 9.427278e+02.
  Coordinate descent sweep 5. norm of D = 2.792944e+03, change in D = 9.353569e+02.
  Coordinate descent sweep 6. norm of D = 3.198077e+03, change in D = 9.274612e+02.
  Coordinate descent sweep 7. norm of D = 3.594857e+03, change in D = 9.204753e+02.
  Coordinate descent sweep 8. norm of D = 3.987549e+03, change in D = 9.125570e+02.
  Coordinate descent sweep 9. norm of D = 4.372337e+03, change in D = 9.073300e+02.
  Coordinate descent sweep 10. norm of D = 4.753777e+03, change in D = 8.990393e+02.
  Coordinate descent sweep 11. norm of D = 5.132134e+03, change in D = 8.934023e+02.
    Line search step size chosen: 1.000000e+00.
  Objective value decreased by 3.008913e+01.
Newton iteration 33.
  Active set size = 824814.
  sub-gradient = 1.686268e+03, l1-norm of X = 4.300975e+03.
  Coordinate descent sweep 1. norm of D = 8.928200e+02, change in D = 8.928200e+02.
  Coordinate descent sweep 2. norm of D = 1.375633e+03, change in D = 8.869541e+02.
  Coordinate descent sweep 3. norm of D = 1.803577e+03, change in D = 8.797197e+02.
  Coordinate descent sweep 4. norm of D = 2.205236e+03, change in D = 8.720978e+02.
  Coordinate descent sweep 5. norm of D = 2.593605e+03, change in D = 8.677536e+02.
  Coordinate descent sweep 6. norm of D = 2.972685e+03, change in D = 8.598103e+02.
  Coordinate descent sweep 7. norm of D = 3.343437e+03, change in D = 8.544511e+02.
  Coordinate descent sweep 8. norm of D = 3.707947e+03, change in D = 8.469851e+02.
  Coordinate descent sweep 9. norm of D = 4.068761e+03, change in D = 8.412006e+02.
  Coordinate descent sweep 10. norm of D = 4.425790e+03, change in D = 8.349018e+02.
  Coordinate descent sweep 11. norm of D = 4.778468e+03, change in D = 8.296230e+02.
  Coordinate descent sweep 12. norm of D = 5.128620e+03, change in D = 8.227051e+02.
    Line search step size chosen: 1.000000e+00.
  Objective value decreased by 2.807730e+01.
Newton iteration 34.
  Active set size = 804747.
  sub-gradient = 1.562298e+03, l1-norm of X = 4.381583e+03.
  Coordinate descent sweep 1. norm of D = 8.203791e+02, change in D = 8.203791e+02.
  Coordinate descent sweep 2. norm of D = 1.265646e+03, change in D = 8.136071e+02.
  Coordinate descent sweep 3. norm of D = 1.661594e+03, change in D = 8.075464e+02.
  Coordinate descent sweep 4. norm of D = 2.033837e+03, change in D = 8.016608e+02.
  Coordinate descent sweep 5. norm of D = 2.392912e+03, change in D = 7.961141e+02.
  Coordinate descent sweep 6. norm of D = 2.742833e+03, change in D = 7.905372e+02.
  Coordinate descent sweep 7. norm of D = 3.087036e+03, change in D = 7.848318e+02.
  Coordinate descent sweep 8. norm of D = 3.424704e+03, change in D = 7.796748e+02.
  Coordinate descent sweep 9. norm of D = 3.759108e+03, change in D = 7.734596e+02.
  Coordinate descent sweep 10. norm of D = 4.089470e+03, change in D = 7.682861e+02.
  Coordinate descent sweep 11. norm of D = 4.416034e+03, change in D = 7.623682e+02.
  Coordinate descent sweep 12. norm of D = 4.741714e+03, change in D = 7.582449e+02.
    Line search step size chosen: 1.000000e+00.
  Objective value decreased by 2.393878e+01.
Newton iteration 35.
  Active set size = 799129.
  sub-gradient = 1.318354e+03, l1-norm of X = 4.455873e+03.
  Coordinate descent sweep 1. norm of D = 7.573788e+02, change in D = 7.573788e+02.
  Coordinate descent sweep 2. norm of D = 1.170784e+03, change in D = 7.523762e+02.
  Coordinate descent sweep 3. norm of D = 1.537744e+03, change in D = 7.480317e+02.
  Coordinate descent sweep 4. norm of D = 1.882517e+03, change in D = 7.425004e+02.
  Coordinate descent sweep 5. norm of D = 2.216138e+03, change in D = 7.365969e+02.
  Coordinate descent sweep 6. norm of D = 2.542189e+03, change in D = 7.318129e+02.
  Coordinate descent sweep 7. norm of D = 2.861871e+03, change in D = 7.266354e+02.
  Coordinate descent sweep 8. norm of D = 3.178192e+03, change in D = 7.223807e+02.
  Coordinate descent sweep 9. norm of D = 3.487569e+03, change in D = 7.155506e+02.
  Coordinate descent sweep 10. norm of D = 3.795972e+03, change in D = 7.118390e+02.
  Coordinate descent sweep 11. norm of D = 4.101143e+03, change in D = 7.072019e+02.
  Coordinate descent sweep 12. norm of D = 4.402495e+03, change in D = 7.021471e+02.
    Line search step size chosen: 1.000000e+00.
  Objective value decreased by 2.055549e+01.
Newton iteration 36.
  Active set size = 783976.
  sub-gradient = 1.114736e+03, l1-norm of X = 4.524700e+03.
  Coordinate descent sweep 1. norm of D = 7.016730e+02, change in D = 7.016730e+02.
  Coordinate descent sweep 2. norm of D = 1.084243e+03, change in D = 6.953833e+02.
  Coordinate descent sweep 3. norm of D = 1.425135e+03, change in D = 6.915300e+02.
  Coordinate descent sweep 4. norm of D = 1.747536e+03, change in D = 6.868903e+02.
  Coordinate descent sweep 5. norm of D = 2.057091e+03, change in D = 6.820938e+02.
  Coordinate descent sweep 6. norm of D = 2.359835e+03, change in D = 6.772543e+02.
  Coordinate descent sweep 7. norm of D = 2.657691e+03, change in D = 6.726631e+02.
  Coordinate descent sweep 8. norm of D = 2.951819e+03, change in D = 6.690627e+02.
  Coordinate descent sweep 9. norm of D = 3.241475e+03, change in D = 6.630351e+02.
  Coordinate descent sweep 10. norm of D = 3.528407e+03, change in D = 6.600697e+02.
  Coordinate descent sweep 11. norm of D = 3.813052e+03, change in D = 6.548302e+02.
  Coordinate descent sweep 12. norm of D = 4.094027e+03, change in D = 6.503720e+02.
  Coordinate descent sweep 13. norm of D = 4.374789e+03, change in D = 6.472517e+02.
    Line search step size chosen: 1.000000e+00.
  Objective value decreased by 1.908064e+01.
Newton iteration 37.
  Active set size = 772486.
  sub-gradient = 1.049888e+03, l1-norm of X = 4.593588e+03.
  Coordinate descent sweep 1. norm of D = 6.457700e+02, change in D = 6.457700e+02.
  Coordinate descent sweep 2. norm of D = 9.998420e+02, change in D = 6.405396e+02.
  Coordinate descent sweep 3. norm of D = 1.315155e+03, change in D = 6.365752e+02.
  Coordinate descent sweep 4. norm of D = 1.612332e+03, change in D = 6.323576e+02.
  Coordinate descent sweep 5. norm of D = 1.899557e+03, change in D = 6.279361e+02.
  Coordinate descent sweep 6. norm of D = 2.180225e+03, change in D = 6.240587e+02.
  Coordinate descent sweep 7. norm of D = 2.454762e+03, change in D = 6.194256e+02.
  Coordinate descent sweep 8. norm of D = 2.727992e+03, change in D = 6.162472e+02.
  Coordinate descent sweep 9. norm of D = 2.996648e+03, change in D = 6.122297e+02.
  Coordinate descent sweep 10. norm of D = 3.263224e+03, change in D = 6.086097e+02.
  Coordinate descent sweep 11. norm of D = 3.527900e+03, change in D = 6.043239e+02.
  Coordinate descent sweep 12. norm of D = 3.790737e+03, change in D = 6.003784e+02.
  Coordinate descent sweep 13. norm of D = 4.050395e+03, change in D = 5.969520e+02.
    Line search step size chosen: 1.000000e+00.
  Objective value decreased by 1.630770e+01.
Newton iteration 38.
  Active set size = 770768.
  sub-gradient = 9.038613e+02, l1-norm of X = 4.657110e+03.
  Coordinate descent sweep 1. norm of D = 5.963519e+02, change in D = 5.963519e+02.
  Coordinate descent sweep 2. norm of D = 9.249839e+02, change in D = 5.931885e+02.
  Coordinate descent sweep 3. norm of D = 1.217156e+03, change in D = 5.890107e+02.
  Coordinate descent sweep 4. norm of D = 1.493910e+03, change in D = 5.858114e+02.
  Coordinate descent sweep 5. norm of D = 1.761743e+03, change in D = 5.816229e+02.
  Coordinate descent sweep 6. norm of D = 2.022520e+03, change in D = 5.779722e+02.
  Coordinate descent sweep 7. norm of D = 2.280077e+03, change in D = 5.755080e+02.
  Coordinate descent sweep 8. norm of D = 2.533609e+03, change in D = 5.708119e+02.
  Coordinate descent sweep 9. norm of D = 2.784901e+03, change in D = 5.677429e+02.
  Coordinate descent sweep 10. norm of D = 3.032865e+03, change in D = 5.637562e+02.
  Coordinate descent sweep 11. norm of D = 3.278594e+03, change in D = 5.602892e+02.
  Coordinate descent sweep 12. norm of D = 3.523823e+03, change in D = 5.567367e+02.
  Coordinate descent sweep 13. norm of D = 3.767184e+03, change in D = 5.539321e+02.
    Line search step size chosen: 1.000000e+00.
  Objective value decreased by 1.402391e+01.
Newton iteration 39.
  Active set size = 756716.
  sub-gradient = 7.824077e+02, l1-norm of X = 4.715963e+03.
  Coordinate descent sweep 1. norm of D = 5.514866e+02, change in D = 5.514866e+02.
  Coordinate descent sweep 2. norm of D = 8.561615e+02, change in D = 5.480775e+02.
  Coordinate descent sweep 3. norm of D = 1.127845e+03, change in D = 5.450213e+02.
  Coordinate descent sweep 4. norm of D = 1.385103e+03, change in D = 5.416516e+02.
  Coordinate descent sweep 5. norm of D = 1.633261e+03, change in D = 5.377649e+02.
  Coordinate descent sweep 6. norm of D = 1.876671e+03, change in D = 5.351526e+02.
  Coordinate descent sweep 7. norm of D = 2.114680e+03, change in D = 5.318275e+02.
  Coordinate descent sweep 8. norm of D = 2.350950e+03, change in D = 5.285385e+02.
  Coordinate descent sweep 9. norm of D = 2.585077e+03, change in D = 5.256150e+02.
  Coordinate descent sweep 10. norm of D = 2.816503e+03, change in D = 5.224938e+02.
  Coordinate descent sweep 11. norm of D = 3.045809e+03, change in D = 5.194122e+02.
  Coordinate descent sweep 12. norm of D = 3.273217e+03, change in D = 5.159822e+02.
  Coordinate descent sweep 13. norm of D = 3.499244e+03, change in D = 5.133371e+02.
  Coordinate descent sweep 14. norm of D = 3.723889e+03, change in D = 5.095312e+02.
    Line search step size chosen: 1.000000e+00.
  Objective value decreased by 1.293975e+01.
Newton iteration 40.
  Active set size = 750285.
  sub-gradient = 6.975647e+02, l1-norm of X = 4.774476e+03.
  Coordinate descent sweep 1. norm of D = 5.088308e+02, change in D = 5.088308e+02.
  Coordinate descent sweep 2. norm of D = 7.902916e+02, change in D = 5.060931e+02.
  Coordinate descent sweep 3. norm of D = 1.041749e+03, change in D = 5.032313e+02.
  Coordinate descent sweep 4. norm of D = 1.278498e+03, change in D = 4.994458e+02.
  Coordinate descent sweep 5. norm of D = 1.508634e+03, change in D = 4.966007e+02.
  Coordinate descent sweep 6. norm of D = 1.733536e+03, change in D = 4.939108e+02.
  Coordinate descent sweep 7. norm of D = 1.954640e+03, change in D = 4.909167e+02.
  Coordinate descent sweep 8. norm of D = 2.173593e+03, change in D = 4.882742e+02.
  Coordinate descent sweep 9. norm of D = 2.390170e+03, change in D = 4.851338e+02.
  Coordinate descent sweep 10. norm of D = 2.604383e+03, change in D = 4.830431e+02.
  Coordinate descent sweep 11. norm of D = 2.819046e+03, change in D = 4.799637e+02.
  Coordinate descent sweep 12. norm of D = 3.030333e+03, change in D = 4.764293e+02.
  Coordinate descent sweep 13. norm of D = 3.241001e+03, change in D = 4.740427e+02.
  Coordinate descent sweep 14. norm of D = 3.450654e+03, change in D = 4.716419e+02.
    Line search step size chosen: 1.000000e+00.
  Objective value decreased by 1.108185e+01.
Newton iteration 41.
  Active set size = 738931.
  sub-gradient = 5.929994e+02, l1-norm of X = 4.828522e+03.
  Coordinate descent sweep 1. norm of D = 4.698342e+02, change in D = 4.698342e+02.
  Coordinate descent sweep 2. norm of D = 7.309025e+02, change in D = 4.671076e+02.
  Coordinate descent sweep 3. norm of D = 9.634722e+02, change in D = 4.639887e+02.
  Coordinate descent sweep 4. norm of D = 1.184788e+03, change in D = 4.615791e+02.
  Coordinate descent sweep 5. norm of D = 1.397421e+03, change in D = 4.587765e+02.
  Coordinate descent sweep 6. norm of D = 1.606544e+03, change in D = 4.566027e+02.
  Coordinate descent sweep 7. norm of D = 1.811793e+03, change in D = 4.540589e+02.
  Coordinate descent sweep 8. norm of D = 2.015653e+03, change in D = 4.513646e+02.
  Coordinate descent sweep 9. norm of D = 2.217093e+03, change in D = 4.486815e+02.
  Coordinate descent sweep 10. norm of D = 2.416953e+03, change in D = 4.455139e+02.
  Coordinate descent sweep 11. norm of D = 2.615302e+03, change in D = 4.440736e+02.
  Coordinate descent sweep 12. norm of D = 2.812841e+03, change in D = 4.412777e+02.
  Coordinate descent sweep 13. norm of D = 3.008451e+03, change in D = 4.388916e+02.
  Coordinate descent sweep 14. norm of D = 3.202454e+03, change in D = 4.363870e+02.
    Line search step size chosen: 1.000000e+00.
  Objective value decreased by 9.519363e+00.
Newton iteration 42.
  Active set size = 731502.
  sub-gradient = 5.749592e+02, l1-norm of X = 4.878531e+03.
  Coordinate descent sweep 1. norm of D = 4.345081e+02, change in D = 4.345081e+02.
  Coordinate descent sweep 2. norm of D = 6.762470e+02, change in D = 4.317098e+02.
  Coordinate descent sweep 3. norm of D = 8.931051e+02, change in D = 4.294593e+02.
  Coordinate descent sweep 4. norm of D = 1.097563e+03, change in D = 4.272133e+02.
  Coordinate descent sweep 5. norm of D = 1.295725e+03, change in D = 4.243741e+02.
  Coordinate descent sweep 6. norm of D = 1.490285e+03, change in D = 4.223797e+02.
  Coordinate descent sweep 7. norm of D = 1.682347e+03, change in D = 4.200881e+02.
  Coordinate descent sweep 8. norm of D = 1.872153e+03, change in D = 4.179531e+02.
  Coordinate descent sweep 9. norm of D = 2.059646e+03, change in D = 4.154287e+02.
  Coordinate descent sweep 10. norm of D = 2.245110e+03, change in D = 4.130631e+02.
  Coordinate descent sweep 11. norm of D = 2.429655e+03, change in D = 4.107714e+02.
  Coordinate descent sweep 12. norm of D = 2.612420e+03, change in D = 4.089958e+02.
  Coordinate descent sweep 13. norm of D = 2.794618e+03, change in D = 4.062438e+02.
  Coordinate descent sweep 14. norm of D = 2.974857e+03, change in D = 4.042588e+02.
  Coordinate descent sweep 15. norm of D = 3.154821e+03, change in D = 4.017489e+02.
    Line search step size chosen: 1.000000e+00.
  Objective value decreased by 8.735617e+00.
Newton iteration 43.
  Active set size = 727691.
  sub-gradient = 5.249071e+02, l1-norm of X = 4.927901e+03.
  Coordinate descent sweep 1. norm of D = 4.011836e+02, change in D = 4.011836e+02.
  Coordinate descent sweep 2. norm of D = 6.247910e+02, change in D = 3.987580e+02.
  Coordinate descent sweep 3. norm of D = 8.247926e+02, change in D = 3.965892e+02.
  Coordinate descent sweep 4. norm of D = 1.014384e+03, change in D = 3.943069e+02.
  Coordinate descent sweep 5. norm of D = 1.198325e+03, change in D = 3.924998e+02.
  Coordinate descent sweep 6. norm of D = 1.378711e+03, change in D = 3.901591e+02.
  Coordinate descent sweep 7. norm of D = 1.556382e+03, change in D = 3.883172e+02.
  Coordinate descent sweep 8. norm of D = 1.732238e+03, change in D = 3.862324e+02.
  Coordinate descent sweep 9. norm of D = 1.905955e+03, change in D = 3.837053e+02.
  Coordinate descent sweep 10. norm of D = 2.079144e+03, change in D = 3.821487e+02.
  Coordinate descent sweep 11. norm of D = 2.249830e+03, change in D = 3.795112e+02.
  Coordinate descent sweep 12. norm of D = 2.419897e+03, change in D = 3.779450e+02.
  Coordinate descent sweep 13. norm of D = 2.588846e+03, change in D = 3.757724e+02.
  Coordinate descent sweep 14. norm of D = 2.756644e+03, change in D = 3.737551e+02.
  Coordinate descent sweep 15. norm of D = 2.923944e+03, change in D = 3.715396e+02.
    Line search step size chosen: 1.000000e+00.
  Objective value decreased by 7.482282e+00.
Newton iteration 44.
  Active set size = 721233.
  sub-gradient = 4.603111e+02, l1-norm of X = 4.973512e+03.
  Coordinate descent sweep 1. norm of D = 3.704511e+02, change in D = 3.704511e+02.
  Coordinate descent sweep 2. norm of D = 5.775949e+02, change in D = 3.687082e+02.
  Coordinate descent sweep 3. norm of D = 7.634499e+02, change in D = 3.667667e+02.
  Coordinate descent sweep 4. norm of D = 9.394820e+02, change in D = 3.648280e+02.
  Coordinate descent sweep 5. norm of D = 1.110700e+03, change in D = 3.627946e+02.
  Coordinate descent sweep 6. norm of D = 1.278347e+03, change in D = 3.606740e+02.
  Coordinate descent sweep 7. norm of D = 1.443169e+03, change in D = 3.590723e+02.
  Coordinate descent sweep 8. norm of D = 1.606204e+03, change in D = 3.568897e+02.
  Coordinate descent sweep 9. norm of D = 1.767623e+03, change in D = 3.551422e+02.
  Coordinate descent sweep 10. norm of D = 1.927825e+03, change in D = 3.530206e+02.
  Coordinate descent sweep 11. norm of D = 2.087139e+03, change in D = 3.520598e+02.
  Coordinate descent sweep 12. norm of D = 2.245350e+03, change in D = 3.495284e+02.
  Coordinate descent sweep 13. norm of D = 2.401679e+03, change in D = 3.474839e+02.
  Coordinate descent sweep 14. norm of D = 2.557171e+03, change in D = 3.460164e+02.
  Coordinate descent sweep 15. norm of D = 2.713397e+03, change in D = 3.442478e+02.
    Line search step size chosen: 1.000000e+00.
  Objective value decreased by 6.429768e+00.
Newton iteration 45.
  Active set size = 716200.
  sub-gradient = 4.085130e+02, l1-norm of X = 5.015667e+03.
  Coordinate descent sweep 1. norm of D = 3.429721e+02, change in D = 3.429721e+02.
  Coordinate descent sweep 2. norm of D = 5.349850e+02, change in D = 3.412050e+02.
  Coordinate descent sweep 3. norm of D = 7.075818e+02, change in D = 3.397391e+02.
  Coordinate descent sweep 4. norm of D = 8.716357e+02, change in D = 3.379880e+02.
  Coordinate descent sweep 5. norm of D = 1.030106e+03, change in D = 3.360044e+02.
  Coordinate descent sweep 6. norm of D = 1.185543e+03, change in D = 3.342752e+02.
  Coordinate descent sweep 7. norm of D = 1.338761e+03, change in D = 3.321880e+02.
  Coordinate descent sweep 8. norm of D = 1.490103e+03, change in D = 3.309013e+02.
  Coordinate descent sweep 9. norm of D = 1.641026e+03, change in D = 3.291624e+02.
  Coordinate descent sweep 10. norm of D = 1.790096e+03, change in D = 3.277510e+02.
  Coordinate descent sweep 11. norm of D = 1.938130e+03, change in D = 3.258957e+02.
  Coordinate descent sweep 12. norm of D = 2.084987e+03, change in D = 3.240150e+02.
  Coordinate descent sweep 13. norm of D = 2.230906e+03, change in D = 3.220973e+02.
  Coordinate descent sweep 14. norm of D = 2.376573e+03, change in D = 3.210761e+02.
  Coordinate descent sweep 15. norm of D = 2.521912e+03, change in D = 3.191508e+02.
  Coordinate descent sweep 16. norm of D = 2.666037e+03, change in D = 3.174008e+02.
    Line search step size chosen: 1.000000e+00.
  Objective value decreased by 5.877762e+00.
Newton iteration 46.
  Active set size = 715120.
  sub-gradient = 3.884732e+02, l1-norm of X = 5.057192e+03.
  Coordinate descent sweep 1. norm of D = 3.165976e+02, change in D = 3.165976e+02.
  Coordinate descent sweep 2. norm of D = 4.940291e+02, change in D = 3.148405e+02.
  Coordinate descent sweep 3. norm of D = 6.537370e+02, change in D = 3.134162e+02.
  Coordinate descent sweep 4. norm of D = 8.055662e+02, change in D = 3.118346e+02.
  Coordinate descent sweep 5. norm of D = 9.528360e+02, change in D = 3.101361e+02.
  Coordinate descent sweep 6. norm of D = 1.096539e+03, change in D = 3.085466e+02.
  Coordinate descent sweep 7. norm of D = 1.238718e+03, change in D = 3.073117e+02.
  Coordinate descent sweep 8. norm of D = 1.379227e+03, change in D = 3.058351e+02.
  Coordinate descent sweep 9. norm of D = 1.518063e+03, change in D = 3.040678e+02.
  Coordinate descent sweep 10. norm of D = 1.656661e+03, change in D = 3.025252e+02.
  Coordinate descent sweep 11. norm of D = 1.794113e+03, change in D = 3.010845e+02.
  Coordinate descent sweep 12. norm of D = 1.930747e+03, change in D = 2.993276e+02.
  Coordinate descent sweep 13. norm of D = 2.066986e+03, change in D = 2.981412e+02.
  Coordinate descent sweep 14. norm of D = 2.202110e+03, change in D = 2.965702e+02.
  Coordinate descent sweep 15. norm of D = 2.336280e+03, change in D = 2.951385e+02.
  Coordinate descent sweep 16. norm of D = 2.470415e+03, change in D = 2.935118e+02.
    Line search step size chosen: 1.000000e+00.
  Objective value decreased by 5.026276e+00.
Newton iteration 47.
  Active set size = 703569.
  sub-gradient = 3.282450e+02, l1-norm of X = 5.095462e+03.
  Coordinate descent sweep 1. norm of D = 2.923860e+02, change in D = 2.923860e+02.
  Coordinate descent sweep 2. norm of D = 4.570958e+02, change in D = 2.908191e+02.
  Coordinate descent sweep 3. norm of D = 6.051087e+02, change in D = 2.892295e+02.
  Coordinate descent sweep 4. norm of D = 7.456661e+02, change in D = 2.878348e+02.
  Coordinate descent sweep 5. norm of D = 8.820471e+02, change in D = 2.862154e+02.
  Coordinate descent sweep 6. norm of D = 1.015815e+03, change in D = 2.848354e+02.
  Coordinate descent sweep 7. norm of D = 1.148085e+03, change in D = 2.834332e+02.
  Coordinate descent sweep 8. norm of D = 1.278222e+03, change in D = 2.820449e+02.
  Coordinate descent sweep 9. norm of D = 1.407606e+03, change in D = 2.810561e+02.
  Coordinate descent sweep 10. norm of D = 1.535803e+03, change in D = 2.794255e+02.
  Coordinate descent sweep 11. norm of D = 1.663583e+03, change in D = 2.778132e+02.
  Coordinate descent sweep 12. norm of D = 1.790039e+03, change in D = 2.764857e+02.
  Coordinate descent sweep 13. norm of D = 1.915759e+03, change in D = 2.751812e+02.
  Coordinate descent sweep 14. norm of D = 2.041063e+03, change in D = 2.737648e+02.
  Coordinate descent sweep 15. norm of D = 2.165758e+03, change in D = 2.725381e+02.
  Coordinate descent sweep 16. norm of D = 2.290331e+03, change in D = 2.713833e+02.
    Line search step size chosen: 1.000000e+00.
  Objective value decreased by 4.306214e+00.
Newton iteration 48.
  Active set size = 695741.
  sub-gradient = 2.951388e+02, l1-norm of X = 5.130736e+03.
  Coordinate descent sweep 1. norm of D = 2.703236e+02, change in D = 2.703236e+02.
  Coordinate descent sweep 2. norm of D = 4.228682e+02, change in D = 2.686994e+02.
  Coordinate descent sweep 3. norm of D = 5.600529e+02, change in D = 2.677930e+02.
  Coordinate descent sweep 4. norm of D = 6.899413e+02, change in D = 2.661596e+02.
  Coordinate descent sweep 5. norm of D = 8.165357e+02, change in D = 2.648242e+02.
  Coordinate descent sweep 6. norm of D = 9.409014e+02, change in D = 2.635904e+02.
  Coordinate descent sweep 7. norm of D = 1.063491e+03, change in D = 2.622948e+02.
  Coordinate descent sweep 8. norm of D = 1.184250e+03, change in D = 2.608822e+02.
  Coordinate descent sweep 9. norm of D = 1.304429e+03, change in D = 2.596885e+02.
  Coordinate descent sweep 10. norm of D = 1.424077e+03, change in D = 2.580988e+02.
  Coordinate descent sweep 11. norm of D = 1.542680e+03, change in D = 2.576215e+02.
  Coordinate descent sweep 12. norm of D = 1.660672e+03, change in D = 2.557415e+02.
  Coordinate descent sweep 13. norm of D = 1.777674e+03, change in D = 2.548095e+02.
  Coordinate descent sweep 14. norm of D = 1.894721e+03, change in D = 2.536621e+02.
  Coordinate descent sweep 15. norm of D = 2.010487e+03, change in D = 2.520961e+02.
  Coordinate descent sweep 16. norm of D = 2.125948e+03, change in D = 2.511547e+02.
  Coordinate descent sweep 17. norm of D = 2.241179e+03, change in D = 2.498572e+02.
    Line search step size chosen: 1.000000e+00.
  Objective value decreased by 3.918383e+00.
Newton iteration 49.
  Active set size = 696599.
  sub-gradient = 2.938754e+02, l1-norm of X = 5.165291e+03.
  Coordinate descent sweep 1. norm of D = 2.492737e+02, change in D = 2.492737e+02.
  Coordinate descent sweep 2. norm of D = 3.902372e+02, change in D = 2.480750e+02.
  Coordinate descent sweep 3. norm of D = 5.171353e+02, change in D = 2.468852e+02.
  Coordinate descent sweep 4. norm of D = 6.375731e+02, change in D = 2.457897e+02.
  Coordinate descent sweep 5. norm of D = 7.547218e+02, change in D = 2.441793e+02.
  Coordinate descent sweep 6. norm of D = 8.696944e+02, change in D = 2.431594e+02.
  Coordinate descent sweep 7. norm of D = 9.834174e+02, change in D = 2.421787e+02.
  Coordinate descent sweep 8. norm of D = 1.095506e+03, change in D = 2.411095e+02.
  Coordinate descent sweep 9. norm of D = 1.206763e+03, change in D = 2.399407e+02.
  Coordinate descent sweep 10. norm of D = 1.317650e+03, change in D = 2.387337e+02.
  Coordinate descent sweep 11. norm of D = 1.427898e+03, change in D = 2.378529e+02.
  Coordinate descent sweep 12. norm of D = 1.536930e+03, change in D = 2.366088e+02.
  Coordinate descent sweep 13. norm of D = 1.645464e+03, change in D = 2.353719e+02.
  Coordinate descent sweep 14. norm of D = 1.753584e+03, change in D = 2.343987e+02.
  Coordinate descent sweep 15. norm of D = 1.861403e+03, change in D = 2.329680e+02.
  Coordinate descent sweep 16. norm of D = 1.968637e+03, change in D = 2.319601e+02.
  Coordinate descent sweep 17. norm of D = 2.075182e+03, change in D = 2.308891e+02.
    Line search step size chosen: 1.000000e+00.
  Objective value decreased by 3.347935e+00.
Newton iteration 50.
  Active set size = 691289.
  sub-gradient = 2.634034e+02, l1-norm of X = 5.197125e+03.
  Coordinate descent sweep 1. norm of D = 2.303505e+02, change in D = 2.303505e+02.
  Coordinate descent sweep 2. norm of D = 3.606854e+02, change in D = 2.289977e+02.
  Coordinate descent sweep 3. norm of D = 4.778753e+02, change in D = 2.277496e+02.
  Coordinate descent sweep 4. norm of D = 5.895944e+02, change in D = 2.267914e+02.
  Coordinate descent sweep 5. norm of D = 6.983392e+02, change in D = 2.255493e+02.
  Coordinate descent sweep 6. norm of D = 8.053102e+02, change in D = 2.247421e+02.
  Coordinate descent sweep 7. norm of D = 9.106185e+02, change in D = 2.237553e+02.
  Coordinate descent sweep 8. norm of D = 1.014792e+03, change in D = 2.225790e+02.
  Coordinate descent sweep 9. norm of D = 1.118231e+03, change in D = 2.216776e+02.
  Coordinate descent sweep 10. norm of D = 1.221124e+03, change in D = 2.206592e+02.
  Coordinate descent sweep 11. norm of D = 1.322938e+03, change in D = 2.194310e+02.
  Coordinate descent sweep 12. norm of D = 1.424061e+03, change in D = 2.184354e+02.
  Coordinate descent sweep 13. norm of D = 1.524573e+03, change in D = 2.172535e+02.
  Coordinate descent sweep 14. norm of D = 1.625029e+03, change in D = 2.164525e+02.
  Coordinate descent sweep 15. norm of D = 1.724603e+03, change in D = 2.152660e+02.
  Coordinate descent sweep 16. norm of D = 1.823650e+03, change in D = 2.144565e+02.
  Coordinate descent sweep 17. norm of D = 1.922603e+03, change in D = 2.132287e+02.
    Line search step size chosen: 1.000000e+00.
  Objective value decreased by 2.864508e+00.
Newton iteration 51.
  Active set size = 682985.
  sub-gradient = 2.442613e+02, l1-norm of X = 5.226448e+03.
  Coordinate descent sweep 1. norm of D = 2.122685e+02, change in D = 2.122685e+02.
  Coordinate descent sweep 2. norm of D = 3.327812e+02, change in D = 2.116054e+02.
  Coordinate descent sweep 3. norm of D = 4.416552e+02, change in D = 2.103367e+02.
  Coordinate descent sweep 4. norm of D = 5.451839e+02, change in D = 2.094831e+02.
  Coordinate descent sweep 5. norm of D = 6.457071e+02, change in D = 2.083110e+02.
  Coordinate descent sweep 6. norm of D = 7.443078e+02, change in D = 2.073555e+02.
  Coordinate descent sweep 7. norm of D = 8.416079e+02, change in D = 2.062513e+02.
  Coordinate descent sweep 8. norm of D = 9.381592e+02, change in D = 2.057491e+02.
  Coordinate descent sweep 9. norm of D = 1.034243e+03, change in D = 2.045523e+02.
  Coordinate descent sweep 10. norm of D = 1.129466e+03, change in D = 2.037441e+02.
  Coordinate descent sweep 11. norm of D = 1.223998e+03, change in D = 2.027474e+02.
  Coordinate descent sweep 12. norm of D = 1.317977e+03, change in D = 2.017018e+02.
  Coordinate descent sweep 13. norm of D = 1.411660e+03, change in D = 2.009533e+02.
  Coordinate descent sweep 14. norm of D = 1.504446e+03, change in D = 1.999105e+02.
  Coordinate descent sweep 15. norm of D = 1.597318e+03, change in D = 1.990263e+02.
  Coordinate descent sweep 16. norm of D = 1.689463e+03, change in D = 1.980263e+02.
  Coordinate descent sweep 17. norm of D = 1.781236e+03, change in D = 1.973011e+02.
  Coordinate descent sweep 18. norm of D = 1.872553e+03, change in D = 1.961083e+02.
    Line search step size chosen: 1.000000e+00.
  Objective value decreased by 2.588375e+00.
Newton iteration 52.
  Active set size = 678012.
  sub-gradient = 2.191553e+02, l1-norm of X = 5.254997e+03.
  Coordinate descent sweep 1. norm of D = 1.956479e+02, change in D = 1.956479e+02.
  Coordinate descent sweep 2. norm of D = 3.070561e+02, change in D = 1.947736e+02.
  Coordinate descent sweep 3. norm of D = 4.074306e+02, change in D = 1.937722e+02.
  Coordinate descent sweep 4. norm of D = 5.031409e+02, change in D = 1.928572e+02.
  Coordinate descent sweep 5. norm of D = 5.962312e+02, change in D = 1.921663e+02.
  Coordinate descent sweep 6. norm of D = 6.873977e+02, change in D = 1.911548e+02.
  Coordinate descent sweep 7. norm of D = 7.777383e+02, change in D = 1.902969e+02.
  Coordinate descent sweep 8. norm of D = 8.671491e+02, change in D = 1.893110e+02.
  Coordinate descent sweep 9. norm of D = 9.558740e+02, change in D = 1.885386e+02.
  Coordinate descent sweep 10. norm of D = 1.044000e+03, change in D = 1.876804e+02.
  Coordinate descent sweep 11. norm of D = 1.131422e+03, change in D = 1.866318e+02.
  Coordinate descent sweep 12. norm of D = 1.218113e+03, change in D = 1.859370e+02.
  Coordinate descent sweep 13. norm of D = 1.304949e+03, change in D = 1.850787e+02.
  Coordinate descent sweep 14. norm of D = 1.391218e+03, change in D = 1.843454e+02.
  Coordinate descent sweep 15. norm of D = 1.477038e+03, change in D = 1.836838e+02.
  Coordinate descent sweep 16. norm of D = 1.562466e+03, change in D = 1.824819e+02.
  Coordinate descent sweep 17. norm of D = 1.647404e+03, change in D = 1.819666e+02.
  Coordinate descent sweep 18. norm of D = 1.731619e+03, change in D = 1.809747e+02.
    Line search step size chosen: 1.000000e+00.
  Objective value decreased by 2.205141e+00.
Newton iteration 53.
  Active set size = 674682.
  sub-gradient = 1.971255e+02, l1-norm of X = 5.281225e+03.
  Coordinate descent sweep 1. norm of D = 1.803451e+02, change in D = 1.803451e+02.
  Coordinate descent sweep 2. norm of D = 2.833330e+02, change in D = 1.796947e+02.
  Coordinate descent sweep 3. norm of D = 3.762882e+02, change in D = 1.787450e+02.
  Coordinate descent sweep 4. norm of D = 4.646647e+02, change in D = 1.781190e+02.
  Coordinate descent sweep 5. norm of D = 5.508472e+02, change in D = 1.770630e+02.
  Coordinate descent sweep 6. norm of D = 6.354242e+02, change in D = 1.765395e+02.
  Coordinate descent sweep 7. norm of D = 7.187572e+02, change in D = 1.756604e+02.
  Coordinate descent sweep 8. norm of D = 8.013640e+02, change in D = 1.747706e+02.
  Coordinate descent sweep 9. norm of D = 8.829477e+02, change in D = 1.740632e+02.
  Coordinate descent sweep 10. norm of D = 9.648640e+02, change in D = 1.732322e+02.
  Coordinate descent sweep 11. norm of D = 1.045869e+03, change in D = 1.725368e+02.
  Coordinate descent sweep 12. norm of D = 1.126508e+03, change in D = 1.718206e+02.
  Coordinate descent sweep 13. norm of D = 1.206459e+03, change in D = 1.708576e+02.
  Coordinate descent sweep 14. norm of D = 1.285972e+03, change in D = 1.701442e+02.
  Coordinate descent sweep 15. norm of D = 1.365711e+03, change in D = 1.695182e+02.
  Coordinate descent sweep 16. norm of D = 1.444839e+03, change in D = 1.686473e+02.
  Coordinate descent sweep 17. norm of D = 1.523426e+03, change in D = 1.678158e+02.
  Coordinate descent sweep 18. norm of D = 1.601991e+03, change in D = 1.672364e+02.
    Line search step size chosen: 1.000000e+00.
  Objective value decreased by 1.883899e+00.
Newton iteration 54.
  Active set size = 672536.
  sub-gradient = 1.927104e+02, l1-norm of X = 5.305361e+03.
  Coordinate descent sweep 1. norm of D = 1.665211e+02, change in D = 1.665211e+02.
  Coordinate descent sweep 2. norm of D = 2.614703e+02, change in D = 1.658434e+02.
  Coordinate descent sweep 3. norm of D = 3.470716e+02, change in D = 1.650572e+02.
  Coordinate descent sweep 4. norm of D = 4.291153e+02, change in D = 1.642645e+02.
  Coordinate descent sweep 5. norm of D = 5.086306e+02, change in D = 1.635443e+02.
  Coordinate descent sweep 6. norm of D = 5.872703e+02, change in D = 1.631911e+02.
  Coordinate descent sweep 7. norm of D = 6.648489e+02, change in D = 1.622859e+02.
