[1] "GTEx"             "20"               "correcting_first" "0.08"            
[1] "Data read complete"
Running QUIC version 1.1 in 'default' mode.
Newton iteration 1.
  X is a diagonal matrix.
    Line search step size 1.000000e+00.  Lack of positive definiteness.
    Line search step size 5.000000e-01.  Lack of positive definiteness.
    Line search step size 2.500000e-01.  Lack of positive definiteness.
    Line search step size 1.250000e-01.  Lack of positive definiteness.
    Line search step size 6.250000e-02.  Lack of positive definiteness.
    Line search step size chosen: 3.125000e-02.
  Objective value decreased by 1.053776e+02.
Newton iteration 2.
  Active set size = 906378.
  sub-gradient = 2.344007e+04, l1-norm of X = 1.220054e+02.
  Coordinate descent sweep 1. norm of D = 1.851952e+04, change in D = 1.851952e+04.
    Line search step size 1.000000e+00.  Lack of positive definiteness.
    Line search step size 5.000000e-01.  Lack of positive definiteness.
    Line search step size 2.500000e-01.  Lack of positive definiteness.
    Line search step size 1.250000e-01.  Lack of positive definiteness.
    Line search step size chosen: 6.250000e-02.
  Objective value decreased by 1.416363e+02.
Newton iteration 3.
  Active set size = 909414.
  sub-gradient = 1.952389e+04, l1-norm of X = 3.055061e+02.
  Coordinate descent sweep 1. norm of D = 1.041286e+04, change in D = 1.041286e+04.
  Coordinate descent sweep 2. norm of D = 9.019016e+03, change in D = 2.385568e+03.
    Line search step size 1.000000e+00.  Lack of positive definiteness.
    Line search step size 5.000000e-01.  Lack of positive definiteness.
    Line search step size 2.500000e-01.  Lack of positive definiteness.
    Line search step size chosen: 1.250000e-01.
  Objective value decreased by 1.073631e+02.
Newton iteration 4.
  Active set size = 910486.
  sub-gradient = 1.591091e+04, l1-norm of X = 4.617397e+02.
  Coordinate descent sweep 1. norm of D = 6.587188e+03, change in D = 6.587188e+03.
  Coordinate descent sweep 2. norm of D = 5.950417e+03, change in D = 1.815426e+03.
    Line search step size 1.000000e+00.  Lack of positive definiteness.
    Line search step size 5.000000e-01.  Lack of positive definiteness.
    Line search step size chosen: 2.500000e-01.
  Objective value decreased by 1.040962e+02.
Newton iteration 5.
  Active set size = 916538.
  sub-gradient = 1.207897e+04, l1-norm of X = 6.314890e+02.
  Coordinate descent sweep 1. norm of D = 3.724471e+03, change in D = 3.724471e+03.
  Coordinate descent sweep 2. norm of D = 3.744774e+03, change in D = 1.049375e+03.
    Line search step size 1.000000e+00.  Lack of positive definiteness.
    Line search step size chosen: 5.000000e-01.
  Objective value decreased by 7.579858e+01.
Newton iteration 6.
  Active set size = 918240.
  sub-gradient = 1.275300e+04, l1-norm of X = 7.716355e+02.
  Coordinate descent sweep 1. norm of D = 1.797653e+03, change in D = 1.797653e+03.
  Coordinate descent sweep 2. norm of D = 2.009923e+03, change in D = 6.216800e+02.
  Coordinate descent sweep 3. norm of D = 2.114582e+03, change in D = 2.942232e+02.
    Line search step size chosen: 1.000000e+00.
  Objective value decreased by 4.261327e+01.
Newton iteration 7.
  Active set size = 341785.
  sub-gradient = 8.900519e+02, l1-norm of X = 8.792979e+02.
  Coordinate descent sweep 1. norm of D = 2.698576e+02, change in D = 2.698576e+02.
  Coordinate descent sweep 2. norm of D = 3.171580e+02, change in D = 1.832801e+02.
  Coordinate descent sweep 3. norm of D = 3.512379e+02, change in D = 1.163850e+02.
    Line search step size chosen: 1.000000e+00.
  Objective value decreased by 3.786346e+00.
Newton iteration 8.
  Active set size = 331203.
  sub-gradient = 1.434810e+02, l1-norm of X = 8.877537e+02.
  Coordinate descent sweep 1. norm of D = 8.915498e+01, change in D = 8.915498e+01.
  Coordinate descent sweep 2. norm of D = 1.069663e+02, change in D = 6.784968e+01.
  Coordinate descent sweep 3. norm of D = 1.182284e+02, change in D = 5.189224e+01.
    Line search step size chosen: 1.000000e+00.
  Objective value decreased by 1.144827e+00.
Newton iteration 9.
  Active set size = 329464.
  sub-gradient = 4.785114e+01, l1-norm of X = 8.905691e+02.
  Coordinate descent sweep 1. norm of D = 4.169365e+01, change in D = 4.169365e+01.
  Coordinate descent sweep 2. norm of D = 5.058848e+01, change in D = 3.484435e+01.
  Coordinate descent sweep 3. norm of D = 5.604914e+01, change in D = 2.898886e+01.
  Coordinate descent sweep 4. norm of D = 6.028220e+01, change in D = 2.426318e+01.
    Line search step size chosen: 1.000000e+00.
  Objective value decreased by 5.809697e-01.
Newton iteration 10.
  Active set size = 329113.
  sub-gradient = 3.416762e+01, l1-norm of X = 8.918892e+02.
  Coordinate descent sweep 1. norm of D = 2.253180e+01, change in D = 2.253180e+01.
  Coordinate descent sweep 2. norm of D = 2.631240e+01, change in D = 1.981191e+01.
  Coordinate descent sweep 3. norm of D = 2.886854e+01, change in D = 1.706464e+01.
  Coordinate descent sweep 4. norm of D = 3.095831e+01, change in D = 1.452732e+01.
    Line search step size chosen: 1.000000e+00.
  Objective value decreased by 2.814317e-01.
Newton iteration 11.
  Active set size = 328806.
  sub-gradient = 1.311313e+01, l1-norm of X = 8.924959e+02.
  Coordinate descent sweep 1. norm of D = 1.348351e+01, change in D = 1.348351e+01.
  Coordinate descent sweep 2. norm of D = 1.626467e+01, change in D = 1.238407e+01.
  Coordinate descent sweep 3. norm of D = 1.847966e+01, change in D = 1.177104e+01.
  Coordinate descent sweep 4. norm of D = 1.988103e+01, change in D = 1.098614e+01.
    Line search step size chosen: 1.000000e+00.
  Objective value decreased by 1.708673e-01.
Newton iteration 12.
  Active set size = 328784.
  sub-gradient = 1.046217e+01, l1-norm of X = 8.928266e+02.
  Coordinate descent sweep 1. norm of D = 9.870026e+00, change in D = 9.870026e+00.
  Coordinate descent sweep 2. norm of D = 1.195763e+01, change in D = 9.075955e+00.
  Coordinate descent sweep 3. norm of D = 1.307574e+01, change in D = 8.196968e+00.
  Coordinate descent sweep 4. norm of D = 1.417328e+01, change in D = 7.560836e+00.
  Coordinate descent sweep 5. norm of D = 1.516240e+01, change in D = 7.485343e+00.
    Line search step size chosen: 1.000000e+00.
  Objective value decreased by 1.225217e-01.
Newton iteration 13.
  Active set size = 328689.
  sub-gradient = 6.927657e+00, l1-norm of X = 8.931122e+02.
  Coordinate descent sweep 1. norm of D = 7.191833e+00, change in D = 7.191833e+00.
  Coordinate descent sweep 2. norm of D = 8.320041e+00, change in D = 6.682933e+00.
  Coordinate descent sweep 3. norm of D = 9.369976e+00, change in D = 6.342206e+00.
  Coordinate descent sweep 4. norm of D = 1.011386e+01, change in D = 5.875629e+00.
  Coordinate descent sweep 5. norm of D = 1.076131e+01, change in D = 5.596452e+00.
    Line search step size chosen: 1.000000e+00.
  Objective value decreased by 8.097042e-02.
Newton iteration 14.
  Active set size = 328643.
  sub-gradient = 4.858133e+00, l1-norm of X = 8.932597e+02.
  Coordinate descent sweep 1. norm of D = 5.153437e+00, change in D = 5.153437e+00.
  Coordinate descent sweep 2. norm of D = 6.296351e+00, change in D = 4.927592e+00.
  Coordinate descent sweep 3. norm of D = 6.962838e+00, change in D = 4.563089e+00.
  Coordinate descent sweep 4. norm of D = 7.709068e+00, change in D = 4.486965e+00.
  Coordinate descent sweep 5. norm of D = 8.014858e+00, change in D = 4.022286e+00.
    Line search step size chosen: 1.000000e+00.
  Objective value decreased by 5.490326e-02.
Newton iteration 15.
  Active set size = 328593.
  sub-gradient = 3.352336e+00, l1-norm of X = 8.934109e+02.
  Coordinate descent sweep 1. norm of D = 3.729660e+00, change in D = 3.729660e+00.
  Coordinate descent sweep 2. norm of D = 4.579147e+00, change in D = 3.736451e+00.
  Coordinate descent sweep 3. norm of D = 5.281915e+00, change in D = 3.780950e+00.
  Coordinate descent sweep 4. norm of D = 5.716671e+00, change in D = 3.691155e+00.
  Coordinate descent sweep 5. norm of D = 6.141665e+00, change in D = 3.648152e+00.
  Coordinate descent sweep 6. norm of D = 6.247025e+00, change in D = 3.237897e+00.
    Line search step size chosen: 1.000000e+00.
  Objective value decreased by 4.391823e-02.
Newton iteration 16.
  Active set size = 328612.
  sub-gradient = 2.968247e+00, l1-norm of X = 8.935205e+02.
  Coordinate descent sweep 1. norm of D = 3.204043e+00, change in D = 3.204043e+00.
  Coordinate descent sweep 2. norm of D = 3.896907e+00, change in D = 3.227969e+00.
  Coordinate descent sweep 3. norm of D = 4.151170e+00, change in D = 3.045560e+00.
  Coordinate descent sweep 4. norm of D = 4.514593e+00, change in D = 2.915228e+00.
  Coordinate descent sweep 5. norm of D = 4.683848e+00, change in D = 2.709006e+00.
  Coordinate descent sweep 6. norm of D = 5.086382e+00, change in D = 2.740525e+00.
    Line search step size chosen: 1.000000e+00.
  Objective value decreased by 3.075099e-02.
Newton iteration 17.
  Active set size = 328585.
  sub-gradient = 2.237640e+00, l1-norm of X = 8.936109e+02.
  Coordinate descent sweep 1. norm of D = 2.439823e+00, change in D = 2.439823e+00.
  Coordinate descent sweep 2. norm of D = 3.152336e+00, change in D = 2.405002e+00.
  Coordinate descent sweep 3. norm of D = 3.540503e+00, change in D = 2.378913e+00.
  Coordinate descent sweep 4. norm of D = 3.805410e+00, change in D = 2.349557e+00.
  Coordinate descent sweep 5. norm of D = 3.945036e+00, change in D = 2.180228e+00.
  Coordinate descent sweep 6. norm of D = 4.244570e+00, change in D = 2.188762e+00.
    Line search step size chosen: 1.000000e+00.
  Objective value decreased by 2.368152e-02.
Newton iteration 18.
  Active set size = 328587.
  sub-gradient = 1.872193e+00, l1-norm of X = 8.936754e+02.
  Coordinate descent sweep 1. norm of D = 2.048038e+00, change in D = 2.048038e+00.
  Coordinate descent sweep 2. norm of D = 2.493262e+00, change in D = 1.949621e+00.
  Coordinate descent sweep 3. norm of D = 2.941913e+00, change in D = 2.094758e+00.
  Coordinate descent sweep 4. norm of D = 3.139172e+00, change in D = 1.971080e+00.
  Coordinate descent sweep 5. norm of D = 3.307163e+00, change in D = 1.903769e+00.
  Coordinate descent sweep 6. norm of D = 3.422099e+00, change in D = 1.832232e+00.
  Coordinate descent sweep 7. norm of D = 3.651791e+00, change in D = 1.771097e+00.
    Line search step size chosen: 1.000000e+00.
  Objective value decreased by 1.964482e-02.
Newton iteration 19.
  Active set size = 328577.
  sub-gradient = 1.784712e+00, l1-norm of X = 8.937503e+02.
  Coordinate descent sweep 1. norm of D = 1.583591e+00, change in D = 1.583591e+00.
  Coordinate descent sweep 2. norm of D = 1.984468e+00, change in D = 1.566065e+00.
  Coordinate descent sweep 3. norm of D = 2.268494e+00, change in D = 1.585442e+00.
  Coordinate descent sweep 4. norm of D = 2.444588e+00, change in D = 1.568767e+00.
  Coordinate descent sweep 5. norm of D = 2.500337e+00, change in D = 1.373280e+00.
  Coordinate descent sweep 6. norm of D = 2.806525e+00, change in D = 1.503306e+00.
  Coordinate descent sweep 7. norm of D = 2.861192e+00, change in D = 1.427381e+00.
    Line search step size chosen: 1.000000e+00.
  Objective value decreased by 1.386576e-02.
Newton iteration 20.
  Active set size = 328566.
  sub-gradient = 1.611369e+00, l1-norm of X = 8.938059e+02.
  Coordinate descent sweep 1. norm of D = 1.417438e+00, change in D = 1.417438e+00.
  Coordinate descent sweep 2. norm of D = 1.619031e+00, change in D = 1.308134e+00.
  Coordinate descent sweep 3. norm of D = 1.768135e+00, change in D = 1.283521e+00.
  Coordinate descent sweep 4. norm of D = 1.926097e+00, change in D = 1.247010e+00.
  Coordinate descent sweep 5. norm of D = 2.041600e+00, change in D = 1.192558e+00.
  Coordinate descent sweep 6. norm of D = 2.166467e+00, change in D = 1.122596e+00.
  Coordinate descent sweep 7. norm of D = 2.296346e+00, change in D = 1.094497e+00.
    Line search step size chosen: 1.000000e+00.
  Objective value decreased by 1.102854e-02.
Newton iteration 21.
  Active set size = 328546.
  sub-gradient = 1.083045e+00, l1-norm of X = 8.938478e+02.
  Coordinate descent sweep 1. norm of D = 1.070002e+00, change in D = 1.070002e+00.
  Coordinate descent sweep 2. norm of D = 1.305402e+00, change in D = 1.133766e+00.
  Coordinate descent sweep 3. norm of D = 1.405577e+00, change in D = 1.010494e+00.
  Coordinate descent sweep 4. norm of D = 1.595898e+00, change in D = 1.011064e+00.
  Coordinate descent sweep 5. norm of D = 1.682665e+00, change in D = 9.887953e-01.
  Coordinate descent sweep 6. norm of D = 1.826473e+00, change in D = 1.009740e+00.
  Coordinate descent sweep 7. norm of D = 1.982644e+00, change in D = 1.057935e+00.
  Coordinate descent sweep 8. norm of D = 2.022991e+00, change in D = 1.017270e+00.
    Line search step size chosen: 1.000000e+00.
  Objective value decreased by 8.667993e-03.
Newton iteration 22.
  Active set size = 328549.
  sub-gradient = 8.806555e-01, l1-norm of X = 8.938897e+02.
  Coordinate descent sweep 1. norm of D = 9.721327e-01, change in D = 9.721327e-01.
  Coordinate descent sweep 2. norm of D = 1.240086e+00, change in D = 1.004737e+00.
  Coordinate descent sweep 3. norm of D = 1.267808e+00, change in D = 8.931304e-01.
  Coordinate descent sweep 4. norm of D = 1.429858e+00, change in D = 8.902272e-01.
  Coordinate descent sweep 5. norm of D = 1.509709e+00, change in D = 8.561727e-01.
  Coordinate descent sweep 6. norm of D = 1.647590e+00, change in D = 8.777510e-01.
  Coordinate descent sweep 7. norm of D = 1.705387e+00, change in D = 8.732807e-01.
  Coordinate descent sweep 8. norm of D = 1.778228e+00, change in D = 8.431690e-01.
    Line search step size chosen: 1.000000e+00.
  Objective value decreased by 7.021877e-03.
Newton iteration 23.
  Active set size = 328554.
  sub-gradient = 8.018656e-01, l1-norm of X = 8.939278e+02.
  Coordinate descent sweep 1. norm of D = 8.334698e-01, change in D = 8.334698e-01.
  Coordinate descent sweep 2. norm of D = 9.216012e-01, change in D = 7.161102e-01.
  Coordinate descent sweep 3. norm of D = 1.101660e+00, change in D = 7.640090e-01.
  Coordinate descent sweep 4. norm of D = 1.248522e+00, change in D = 9.044047e-01.
  Coordinate descent sweep 5. norm of D = 1.280335e+00, change in D = 8.510620e-01.
  Coordinate descent sweep 6. norm of D = 1.302133e+00, change in D = 7.311917e-01.
  Coordinate descent sweep 7. norm of D = 1.311382e+00, change in D = 5.740455e-01.
  Coordinate descent sweep 8. norm of D = 1.392479e+00, change in D = 5.713150e-01.
    Line search step size chosen: 1.000000e+00.
  Objective value decreased by 4.881448e-03.
Newton iteration 24.
  Active set size = 328543.
  sub-gradient = 8.024545e-01, l1-norm of X = 8.939551e+02.
  Coordinate descent sweep 1. norm of D = 7.800872e-01, change in D = 7.800872e-01.
  Coordinate descent sweep 2. norm of D = 8.510517e-01, change in D = 7.692564e-01.
  Coordinate descent sweep 3. norm of D = 9.418533e-01, change in D = 7.460784e-01.
  Coordinate descent sweep 4. norm of D = 9.941956e-01, change in D = 6.967312e-01.
  Coordinate descent sweep 5. norm of D = 1.019030e+00, change in D = 6.198790e-01.
  Coordinate descent sweep 6. norm of D = 1.119249e+00, change in D = 6.467596e-01.
  Coordinate descent sweep 7. norm of D = 1.204426e+00, change in D = 6.782418e-01.
  Coordinate descent sweep 8. norm of D = 1.224996e+00, change in D = 6.386918e-01.
  Coordinate descent sweep 9. norm of D = 1.295492e+00, change in D = 6.325957e-01.
    Line search step size chosen: 1.000000e+00.
  Objective value decreased by 4.428448e-03.
Newton iteration 25.
  Active set size = 328538.
  sub-gradient = 6.038780e-01, l1-norm of X = 8.939825e+02.
  Coordinate descent sweep 1. norm of D = 6.214793e-01, change in D = 6.214793e-01.
  Coordinate descent sweep 2. norm of D = 7.377598e-01, change in D = 5.981412e-01.
  Coordinate descent sweep 3. norm of D = 7.649716e-01, change in D = 5.145898e-01.
  Coordinate descent sweep 4. norm of D = 8.835118e-01, change in D = 5.278452e-01.
  Coordinate descent sweep 5. norm of D = 9.113638e-01, change in D = 5.424799e-01.
  Coordinate descent sweep 6. norm of D = 9.429113e-01, change in D = 5.176842e-01.
  Coordinate descent sweep 7. norm of D = 1.051857e+00, change in D = 6.057451e-01.
  Coordinate descent sweep 8. norm of D = 1.050045e+00, change in D = 5.665445e-01.
  Coordinate descent sweep 9. norm of D = 1.082813e+00, change in D = 4.918728e-01.
    Line search step size chosen: 1.000000e+00.
  Objective value decreased by 3.069083e-03.
Newton iteration 26.
  Active set size = 328538.
  sub-gradient = 7.149759e-01, l1-norm of X = 8.940067e+02.
  Coordinate descent sweep 1. norm of D = 5.619936e-01, change in D = 5.619936e-01.
  Coordinate descent sweep 2. norm of D = 6.087239e-01, change in D = 5.397721e-01.
  Coordinate descent sweep 3. norm of D = 6.342461e-01, change in D = 4.715155e-01.
  Coordinate descent sweep 4. norm of D = 7.146496e-01, change in D = 4.747285e-01.
  Coordinate descent sweep 5. norm of D = 8.037785e-01, change in D = 5.115986e-01.
  Coordinate descent sweep 6. norm of D = 8.378553e-01, change in D = 5.020298e-01.
  Coordinate descent sweep 7. norm of D = 8.473984e-01, change in D = 4.527584e-01.
  Coordinate descent sweep 8. norm of D = 8.705926e-01, change in D = 4.309383e-01.
  Coordinate descent sweep 9. norm of D = 9.242703e-01, change in D = 4.324594e-01.
    Line search step size chosen: 1.000000e+00.
  Objective value decreased by 2.460019e-03.
Newton iteration 27.
  Active set size = 328537.
  sub-gradient = 3.217677e-01, l1-norm of X = 8.940260e+02.
  Coordinate descent sweep 1. norm of D = 4.268304e-01, change in D = 4.268304e-01.
  Coordinate descent sweep 2. norm of D = 5.061599e-01, change in D = 4.326051e-01.
  Coordinate descent sweep 3. norm of D = 5.904173e-01, change in D = 4.383647e-01.
  Coordinate descent sweep 4. norm of D = 6.095742e-01, change in D = 3.859272e-01.
  Coordinate descent sweep 5. norm of D = 6.821141e-01, change in D = 4.382394e-01.
  Coordinate descent sweep 6. norm of D = 7.156973e-01, change in D = 4.360439e-01.
  Coordinate descent sweep 7. norm of D = 7.611670e-01, change in D = 4.144684e-01.
  Coordinate descent sweep 8. norm of D = 7.773603e-01, change in D = 3.763973e-01.
  Coordinate descent sweep 9. norm of D = 8.012868e-01, change in D = 3.468728e-01.
  Coordinate descent sweep 10. norm of D = 8.247631e-01, change in D = 3.421935e-01.
    Line search step size chosen: 1.000000e+00.
  Objective value decreased by 2.184725e-03.
Newton iteration 28.
  Active set size = 328535.
  sub-gradient = 4.952372e-01, l1-norm of X = 8.940446e+02.
  Coordinate descent sweep 1. norm of D = 3.768934e-01, change in D = 3.768934e-01.
  Coordinate descent sweep 2. norm of D = 4.486677e-01, change in D = 3.927610e-01.
  Coordinate descent sweep 3. norm of D = 4.849694e-01, change in D = 3.656800e-01.
  Coordinate descent sweep 4. norm of D = 5.391517e-01, change in D = 3.697619e-01.
  Coordinate descent sweep 5. norm of D = 5.380076e-01, change in D = 3.182690e-01.
  Coordinate descent sweep 6. norm of D = 6.092661e-01, change in D = 3.643605e-01.
  Coordinate descent sweep 7. norm of D = 6.306727e-01, change in D = 3.547156e-01.
  Coordinate descent sweep 8. norm of D = 6.367111e-01, change in D = 3.325730e-01.
  Coordinate descent sweep 9. norm of D = 6.644578e-01, change in D = 3.343952e-01.
  Coordinate descent sweep 10. norm of D = 6.918781e-01, change in D = 3.337102e-01.
    Line search step size chosen: 1.000000e+00.
  Objective value decreased by 1.532368e-03.
Newton iteration 29.
  Active set size = 328533.
  sub-gradient = 3.329194e-01, l1-norm of X = 8.940612e+02.
  Coordinate descent sweep 1. norm of D = 3.406042e-01, change in D = 3.406042e-01.
  Coordinate descent sweep 2. norm of D = 3.824821e-01, change in D = 3.225906e-01.
  Coordinate descent sweep 3. norm of D = 4.073276e-01, change in D = 2.903336e-01.
  Coordinate descent sweep 4. norm of D = 4.414895e-01, change in D = 2.722143e-01.
  Coordinate descent sweep 5. norm of D = 5.110196e-01, change in D = 3.243900e-01.
  Coordinate descent sweep 6. norm of D = 5.397765e-01, change in D = 3.289500e-01.
  Coordinate descent sweep 7. norm of D = 5.574180e-01, change in D = 3.136418e-01.
  Coordinate descent sweep 8. norm of D = 5.949315e-01, change in D = 3.262917e-01.
  Coordinate descent sweep 9. norm of D = 5.930125e-01, change in D = 2.994976e-01.
  Coordinate descent sweep 10. norm of D = 6.005274e-01, change in D = 2.580251e-01.
    Line search step size chosen: 1.000000e+00.
  Objective value decreased by 1.219738e-03.
Newton iteration 30.
  Active set size = 328533.
  sub-gradient = 2.650953e-01, l1-norm of X = 8.940737e+02.
  Coordinate descent sweep 1. norm of D = 2.666592e-01, change in D = 2.666592e-01.
  Coordinate descent sweep 2. norm of D = 3.258135e-01, change in D = 2.695899e-01.
  Coordinate descent sweep 3. norm of D = 3.914540e-01, change in D = 3.111442e-01.
  Coordinate descent sweep 4. norm of D = 3.900653e-01, change in D = 2.887548e-01.
  Coordinate descent sweep 5. norm of D = 4.221408e-01, change in D = 2.714002e-01.
  Coordinate descent sweep 6. norm of D = 4.305474e-01, change in D = 2.567687e-01.
  Coordinate descent sweep 7. norm of D = 4.704028e-01, change in D = 2.683194e-01.
  Coordinate descent sweep 8. norm of D = 4.788530e-01, change in D = 2.509314e-01.
  Coordinate descent sweep 9. norm of D = 5.205777e-01, change in D = 2.761883e-01.
  Coordinate descent sweep 10. norm of D = 5.071429e-01, change in D = 2.396086e-01.
  Coordinate descent sweep 11. norm of D = 5.302326e-01, change in D = 2.248736e-01.
    Line search step size chosen: 1.000000e+00.
  Objective value decreased by 9.909004e-04.
Newton iteration 31.
  Active set size = 328534.
  sub-gradient = 2.927924e-01, l1-norm of X = 8.940865e+02.
  Coordinate descent sweep 1. norm of D = 2.295555e-01, change in D = 2.295555e-01.
  Coordinate descent sweep 2. norm of D = 2.485223e-01, change in D = 2.142435e-01.
  Coordinate descent sweep 3. norm of D = 2.809510e-01, change in D = 1.958552e-01.
  Coordinate descent sweep 4. norm of D = 3.151499e-01, change in D = 2.237037e-01.
  Coordinate descent sweep 5. norm of D = 3.208955e-01, change in D = 1.996420e-01.
  Coordinate descent sweep 6. norm of D = 3.623661e-01, change in D = 2.060867e-01.
  Coordinate descent sweep 7. norm of D = 3.835145e-01, change in D = 2.078598e-01.
  Coordinate descent sweep 8. norm of D = 4.187381e-01, change in D = 2.356203e-01.
  Coordinate descent sweep 9. norm of D = 4.093679e-01, change in D = 2.064197e-01.
  Coordinate descent sweep 10. norm of D = 4.154754e-01, change in D = 1.749588e-01.
  Coordinate descent sweep 11. norm of D = 4.651192e-01, change in D = 2.079512e-01.
    Line search step size chosen: 1.000000e+00.
  Objective value decreased by 7.618282e-04.
Newton iteration 32.
  Active set size = 328532.
  sub-gradient = 1.983304e-01, l1-norm of X = 8.940973e+02.
  Coordinate descent sweep 1. norm of D = 2.211699e-01, change in D = 2.211699e-01.
  Coordinate descent sweep 2. norm of D = 2.691225e-01, change in D = 2.304435e-01.
  Coordinate descent sweep 3. norm of D = 2.835859e-01, change in D = 2.090500e-01.
  Coordinate descent sweep 4. norm of D = 2.887488e-01, change in D = 1.823599e-01.
  Coordinate descent sweep 5. norm of D = 3.156668e-01, change in D = 1.854657e-01.
  Coordinate descent sweep 6. norm of D = 3.308103e-01, change in D = 1.810167e-01.
  Coordinate descent sweep 7. norm of D = 3.701739e-01, change in D = 2.142269e-01.
  Coordinate descent sweep 8. norm of D = 3.623131e-01, change in D = 1.887777e-01.
  Coordinate descent sweep 9. norm of D = 3.946863e-01, change in D = 2.018548e-01.
  Coordinate descent sweep 10. norm of D = 3.879288e-01, change in D = 1.895167e-01.
  Coordinate descent sweep 11. norm of D = 4.215731e-01, change in D = 2.044958e-01.
    Line search step size chosen: 1.000000e+00.
  Objective value decreased by 5.527068e-04.
Newton iteration 33.
  Active set size = 328527.
  sub-gradient = 1.547343e-01, l1-norm of X = 8.941071e+02.
  Coordinate descent sweep 1. norm of D = 2.013229e-01, change in D = 2.013229e-01.
  Coordinate descent sweep 2. norm of D = 2.301116e-01, change in D = 1.918792e-01.
  Coordinate descent sweep 3. norm of D = 2.464983e-01, change in D = 1.670468e-01.
  Coordinate descent sweep 4. norm of D = 2.562085e-01, change in D = 1.527510e-01.
  Coordinate descent sweep 5. norm of D = 2.727866e-01, change in D = 1.480486e-01.
  Coordinate descent sweep 6. norm of D = 2.924125e-01, change in D = 1.679829e-01.
  Coordinate descent sweep 7. norm of D = 3.184795e-01, change in D = 1.740201e-01.
  Coordinate descent sweep 8. norm of D = 3.343649e-01, change in D = 1.715804e-01.
  Coordinate descent sweep 9. norm of D = 3.573283e-01, change in D = 1.818375e-01.
  Coordinate descent sweep 10. norm of D = 3.686401e-01, change in D = 1.852142e-01.
  Coordinate descent sweep 11. norm of D = 3.691753e-01, change in D = 1.740948e-01.
  Coordinate descent sweep 12. norm of D = 3.844570e-01, change in D = 1.702290e-01.
    Line search step size chosen: 1.000000e+00.
  Objective value decreased by 4.648687e-04.
Newton iteration 34.
  Active set size = 328528.
  sub-gradient = 1.507140e-01, l1-norm of X = 8.941148e+02.
  Coordinate descent sweep 1. norm of D = 1.382999e-01, change in D = 1.382999e-01.
  Coordinate descent sweep 2. norm of D = 1.764650e-01, change in D = 1.374948e-01.
  Coordinate descent sweep 3. norm of D = 2.056775e-01, change in D = 1.609036e-01.
  Coordinate descent sweep 4. norm of D = 2.249671e-01, change in D = 1.604166e-01.
  Coordinate descent sweep 5. norm of D = 2.338655e-01, change in D = 1.548936e-01.
  Coordinate descent sweep 6. norm of D = 2.507617e-01, change in D = 1.550738e-01.
  Coordinate descent sweep 7. norm of D = 2.741745e-01, change in D = 1.638822e-01.
  Coordinate descent sweep 8. norm of D = 2.616855e-01, change in D = 1.321750e-01.
  Coordinate descent sweep 9. norm of D = 2.867580e-01, change in D = 1.359924e-01.
  Coordinate descent sweep 10. norm of D = 2.914991e-01, change in D = 1.323216e-01.
  Coordinate descent sweep 11. norm of D = 2.977762e-01, change in D = 1.244195e-01.
  Coordinate descent sweep 12. norm of D = 3.049991e-01, change in D = 1.120424e-01.
    Line search step size chosen: 1.000000e+00.
  Objective value decreased by 3.378368e-04.
Newton iteration 35.
  Active set size = 328529.
  sub-gradient = 1.804946e-01, l1-norm of X = 8.941217e+02.
  Coordinate descent sweep 1. norm of D = 1.307063e-01, change in D = 1.307063e-01.
  Coordinate descent sweep 2. norm of D = 1.465459e-01, change in D = 1.328912e-01.
  Coordinate descent sweep 3. norm of D = 1.699651e-01, change in D = 1.390877e-01.
  Coordinate descent sweep 4. norm of D = 1.813938e-01, change in D = 1.375932e-01.
  Coordinate descent sweep 5. norm of D = 1.850814e-01, change in D = 1.307207e-01.
  Coordinate descent sweep 6. norm of D = 1.996888e-01, change in D = 1.291773e-01.
  Coordinate descent sweep 7. norm of D = 2.092546e-01, change in D = 1.276653e-01.
  Coordinate descent sweep 8. norm of D = 2.182470e-01, change in D = 1.289844e-01.
  Coordinate descent sweep 9. norm of D = 2.349354e-01, change in D = 1.353466e-01.
  Coordinate descent sweep 10. norm of D = 2.355253e-01, change in D = 1.268750e-01.
  Coordinate descent sweep 11. norm of D = 2.311228e-01, change in D = 1.064904e-01.
  Coordinate descent sweep 12. norm of D = 2.465581e-01, change in D = 1.099324e-01.
    Line search step size chosen: 1.000000e+00.
  Objective value decreased by 2.550273e-04.
Newton iteration 36.
  Active set size = 328528.
  sub-gradient = 1.074772e-01, l1-norm of X = 8.941278e+02.
  Coordinate descent sweep 1. norm of D = 1.243842e-01, change in D = 1.243842e-01.
  Coordinate descent sweep 2. norm of D = 1.454503e-01, change in D = 1.216495e-01.
  Coordinate descent sweep 3. norm of D = 1.475514e-01, change in D = 1.144638e-01.
  Coordinate descent sweep 4. norm of D = 1.672492e-01, change in D = 1.240702e-01.
  Coordinate descent sweep 5. norm of D = 1.683793e-01, change in D = 1.091669e-01.
  Coordinate descent sweep 6. norm of D = 1.823004e-01, change in D = 1.054373e-01.
  Coordinate descent sweep 7. norm of D = 1.982747e-01, change in D = 1.123977e-01.
  Coordinate descent sweep 8. norm of D = 1.970762e-01, change in D = 9.987483e-02.
  Coordinate descent sweep 9. norm of D = 2.075922e-01, change in D = 1.000548e-01.
  Coordinate descent sweep 10. norm of D = 2.160889e-01, change in D = 1.028431e-01.
  Coordinate descent sweep 11. norm of D = 2.326489e-01, change in D = 1.139856e-01.
  Coordinate descent sweep 12. norm of D = 2.291381e-01, change in D = 1.016997e-01.
  Coordinate descent sweep 13. norm of D = 2.446645e-01, change in D = 1.020139e-01.
    Line search step size chosen: 1.000000e+00.
  Objective value decreased by 2.058666e-04.
Newton iteration 37.
  Active set size = 328530.
  sub-gradient = 9.649612e-02, l1-norm of X = 8.941336e+02.
  Coordinate descent sweep 1. norm of D = 1.036217e-01, change in D = 1.036217e-01.
  Coordinate descent sweep 2. norm of D = 1.224404e-01, change in D = 1.018421e-01.
  Coordinate descent sweep 3. norm of D = 1.246121e-01, change in D = 9.652199e-02.
  Coordinate descent sweep 4. norm of D = 1.432219e-01, change in D = 9.874302e-02.
  Coordinate descent sweep 5. norm of D = 1.484984e-01, change in D = 9.024868e-02.
  Coordinate descent sweep 6. norm of D = 1.547967e-01, change in D = 8.313752e-02.
  Coordinate descent sweep 7. norm of D = 1.745417e-01, change in D = 1.007968e-01.
  Coordinate descent sweep 8. norm of D = 1.791341e-01, change in D = 1.019561e-01.
  Coordinate descent sweep 9. norm of D = 1.763940e-01, change in D = 8.249067e-02.
  Coordinate descent sweep 10. norm of D = 1.734373e-01, change in D = 5.872171e-02.
  Coordinate descent sweep 11. norm of D = 1.901176e-01, change in D = 7.706053e-02.
  Coordinate descent sweep 12. norm of D = 1.988089e-01, change in D = 8.603994e-02.
  Coordinate descent sweep 13. norm of D = 2.036079e-01, change in D = 8.581724e-02.
    Line search step size chosen: 1.000000e+00.
  Objective value decreased by 1.519610e-04.
Newton iteration 38.
  Active set size = 328530.
  sub-gradient = 1.299010e-01, l1-norm of X = 8.941379e+02.
  Coordinate descent sweep 1. norm of D = 8.960094e-02, change in D = 8.960094e-02.
  Coordinate descent sweep 2. norm of D = 1.115878e-01, change in D = 9.347831e-02.
  Coordinate descent sweep 3. norm of D = 1.229829e-01, change in D = 9.306556e-02.
  Coordinate descent sweep 4. norm of D = 1.230394e-01, change in D = 8.251816e-02.
  Coordinate descent sweep 5. norm of D = 1.266923e-01, change in D = 8.009511e-02.
  Coordinate descent sweep 6. norm of D = 1.436489e-01, change in D = 9.004389e-02.
  Coordinate descent sweep 7. norm of D = 1.444470e-01, change in D = 8.921099e-02.
  Coordinate descent sweep 8. norm of D = 1.449580e-01, change in D = 8.187135e-02.
  Coordinate descent sweep 9. norm of D = 1.480462e-01, change in D = 7.560560e-02.
  Coordinate descent sweep 10. norm of D = 1.569708e-01, change in D = 8.127264e-02.
  Coordinate descent sweep 11. norm of D = 1.553524e-01, change in D = 7.130174e-02.
  Coordinate descent sweep 12. norm of D = 1.595640e-01, change in D = 6.115119e-02.
  Coordinate descent sweep 13. norm of D = 1.664116e-01, change in D = 6.284843e-02.
    Line search step size chosen: 1.000000e+00.
  Objective value decreased by 1.129134e-04.
Newton iteration 39.
  Active set size = 328528.
  sub-gradient = 8.339207e-02, l1-norm of X = 8.941421e+02.
  Coordinate descent sweep 1. norm of D = 7.532287e-02, change in D = 7.532287e-02.
  Coordinate descent sweep 2. norm of D = 8.390744e-02, change in D = 7.611208e-02.
  Coordinate descent sweep 3. norm of D = 8.810282e-02, change in D = 6.938743e-02.
  Coordinate descent sweep 4. norm of D = 9.852511e-02, change in D = 7.071101e-02.
  Coordinate descent sweep 5. norm of D = 1.095665e-01, change in D = 7.589390e-02.
  Coordinate descent sweep 6. norm of D = 1.089006e-01, change in D = 6.982178e-02.
  Coordinate descent sweep 7. norm of D = 1.109231e-01, change in D = 6.137511e-02.
  Coordinate descent sweep 8. norm of D = 1.235959e-01, change in D = 6.616381e-02.
  Coordinate descent sweep 9. norm of D = 1.362573e-01, change in D = 7.541114e-02.
  Coordinate descent sweep 10. norm of D = 1.347001e-01, change in D = 6.909719e-02.
  Coordinate descent sweep 11. norm of D = 1.361645e-01, change in D = 5.787770e-02.
  Coordinate descent sweep 12. norm of D = 1.385516e-01, change in D = 5.701835e-02.
  Coordinate descent sweep 13. norm of D = 1.465173e-01, change in D = 6.010816e-02.
  Coordinate descent sweep 14. norm of D = 1.535265e-01, change in D = 6.530127e-02.
    Line search step size chosen: 1.000000e+00.
  Objective value decreased by 9.507500e-05.
QUIC CPU time: 17058.680 seconds
