[1] "GTEx"             "20"               "correcting_first" "0.32"            
[1] "Data read complete"
Running QUIC version 1.1 in 'default' mode.
Newton iteration 1.
  X is a diagonal matrix.
    Line search step size 1.000000e+00.  Lack of positive definiteness.
    Line search step size 5.000000e-01.  Lack of positive definiteness.
    Line search step size chosen: 2.500000e-01.
  Objective value decreased by 1.699943e+01.
Newton iteration 2.
  Active set size = 8699.
  sub-gradient = 1.770034e+02, l1-norm of X = 4.016792e+01.
  Coordinate descent sweep 1. norm of D = 1.049827e+02, change in D = 1.049827e+02.
    Line search step size chosen: 1.000000e+00.
  Objective value decreased by 6.264165e+00.
Newton iteration 3.
  Active set size = 8247.
  sub-gradient = 2.845775e+02, l1-norm of X = 8.703504e+01.
  Coordinate descent sweep 1. norm of D = 3.801645e+01, change in D = 3.801645e+01.
  Coordinate descent sweep 2. norm of D = 4.037894e+01, change in D = 1.810656e+01.
    Line search step size chosen: 1.000000e+00.
  Objective value decreased by 3.236174e+00.
Newton iteration 4.
  Active set size = 8059.
  sub-gradient = 1.031142e+02, l1-norm of X = 8.539935e+01.
  Coordinate descent sweep 1. norm of D = 1.885694e+01, change in D = 1.885694e+01.
  Coordinate descent sweep 2. norm of D = 2.113728e+01, change in D = 9.875509e+00.
    Line search step size chosen: 1.000000e+00.
  Objective value decreased by 1.132132e+00.
Newton iteration 5.
  Active set size = 7984.
  sub-gradient = 3.424772e+01, l1-norm of X = 8.497377e+01.
  Coordinate descent sweep 1. norm of D = 9.142682e+00, change in D = 9.142682e+00.
  Coordinate descent sweep 2. norm of D = 1.065522e+01, change in D = 5.032463e+00.
    Line search step size chosen: 1.000000e+00.
  Objective value decreased by 4.128389e-01.
Newton iteration 6.
  Active set size = 7965.
  sub-gradient = 1.023997e+01, l1-norm of X = 8.479285e+01.
  Coordinate descent sweep 1. norm of D = 4.357574e+00, change in D = 4.357574e+00.
  Coordinate descent sweep 2. norm of D = 5.378798e+00, change in D = 2.782835e+00.
  Coordinate descent sweep 3. norm of D = 6.229466e+00, change in D = 1.759993e+00.
    Line search step size chosen: 1.000000e+00.
  Objective value decreased by 1.355589e-01.
Newton iteration 7.
  Active set size = 7937.
  sub-gradient = 2.557429e+00, l1-norm of X = 8.507193e+01.
  Coordinate descent sweep 1. norm of D = 1.463619e+00, change in D = 1.463619e+00.
  Coordinate descent sweep 2. norm of D = 1.899555e+00, change in D = 1.104146e+00.
  Coordinate descent sweep 3. norm of D = 2.231189e+00, change in D = 7.567531e-01.
    Line search step size chosen: 1.000000e+00.
  Objective value decreased by 2.611665e-02.
Newton iteration 8.
  Active set size = 7927.
  sub-gradient = 5.973808e-01, l1-norm of X = 8.522683e+01.
  Coordinate descent sweep 1. norm of D = 5.729115e-01, change in D = 5.729115e-01.
  Coordinate descent sweep 2. norm of D = 8.248846e-01, change in D = 5.023732e-01.
  Coordinate descent sweep 3. norm of D = 9.598190e-01, change in D = 3.224122e-01.
    Line search step size chosen: 1.000000e+00.
  Objective value decreased by 6.202006e-03.
Newton iteration 9.
  Active set size = 7926.
  sub-gradient = 3.082766e-01, l1-norm of X = 8.535228e+01.
  Coordinate descent sweep 1. norm of D = 3.131261e-01, change in D = 3.131261e-01.
  Coordinate descent sweep 2. norm of D = 4.426915e-01, change in D = 2.248068e-01.
  Coordinate descent sweep 3. norm of D = 5.314103e-01, change in D = 1.766447e-01.
  Coordinate descent sweep 4. norm of D = 5.887347e-01, change in D = 1.278245e-01.
    Line search step size chosen: 1.000000e+00.
  Objective value decreased by 2.617886e-03.
Newton iteration 10.
  Active set size = 7926.
  sub-gradient = 1.118254e-01, l1-norm of X = 8.543965e+01.
  Coordinate descent sweep 1. norm of D = 1.122106e-01, change in D = 1.122106e-01.
  Coordinate descent sweep 2. norm of D = 1.625457e-01, change in D = 8.587893e-02.
  Coordinate descent sweep 3. norm of D = 2.069735e-01, change in D = 7.836946e-02.
  Coordinate descent sweep 4. norm of D = 2.290309e-01, change in D = 5.652031e-02.
    Line search step size chosen: 1.000000e+00.
  Objective value decreased by 5.707749e-04.
Newton iteration 11.
  Active set size = 7926.
  sub-gradient = 4.504187e-02, l1-norm of X = 8.547310e+01.
  Coordinate descent sweep 1. norm of D = 5.057915e-02, change in D = 5.057915e-02.
  Coordinate descent sweep 2. norm of D = 7.127988e-02, change in D = 3.770622e-02.
  Coordinate descent sweep 3. norm of D = 8.782480e-02, change in D = 3.410426e-02.
  Coordinate descent sweep 4. norm of D = 1.004784e-01, change in D = 3.109773e-02.
    Line search step size chosen: 1.000000e+00.
  Objective value decreased by 1.292990e-04.
Newton iteration 12.
  Active set size = 7926.
  sub-gradient = 2.483533e-02, l1-norm of X = 8.548646e+01.
  Coordinate descent sweep 1. norm of D = 2.369396e-02, change in D = 2.369396e-02.
  Coordinate descent sweep 2. norm of D = 3.531069e-02, change in D = 1.847226e-02.
  Coordinate descent sweep 3. norm of D = 4.474121e-02, change in D = 1.802718e-02.
  Coordinate descent sweep 4. norm of D = 5.232041e-02, change in D = 1.521663e-02.
  Coordinate descent sweep 5. norm of D = 5.736865e-02, change in D = 1.108749e-02.
    Line search step size chosen: 1.000000e+00.
  Objective value decreased by 4.530570e-05.
Newton iteration 13.
  Active set size = 7926.
  sub-gradient = 8.575635e-03, l1-norm of X = 8.549599e+01.
  Coordinate descent sweep 1. norm of D = 9.890917e-03, change in D = 9.890917e-03.
  Coordinate descent sweep 2. norm of D = 1.539229e-02, change in D = 8.945832e-03.
  Coordinate descent sweep 3. norm of D = 1.887157e-02, change in D = 6.156845e-03.
  Coordinate descent sweep 4. norm of D = 2.190418e-02, change in D = 5.629626e-03.
  Coordinate descent sweep 5. norm of D = 2.430171e-02, change in D = 4.445693e-03.
    Line search step size chosen: 1.000000e+00.
  Objective value decreased by 8.663810e-06.
Newton iteration 14.
  Active set size = 7926.
  sub-gradient = 3.995248e-03, l1-norm of X = 8.549908e+01.
  Coordinate descent sweep 1. norm of D = 3.830973e-03, change in D = 3.830973e-03.
  Coordinate descent sweep 2. norm of D = 6.168354e-03, change in D = 3.967052e-03.
  Coordinate descent sweep 3. norm of D = 8.082913e-03, change in D = 3.307546e-03.
  Coordinate descent sweep 4. norm of D = 9.079402e-03, change in D = 2.603368e-03.
  Coordinate descent sweep 5. norm of D = 1.025066e-02, change in D = 2.237704e-03.
    Line search step size chosen: 1.000000e+00.
  Objective value decreased by 1.863592e-06.
QUIC CPU time: 1165.410 seconds
