[1] "GTEx"             "20"               "correcting_first" "0.36"            
[1] "Data read complete"
Running QUIC version 1.1 in 'default' mode.
Newton iteration 1.
  X is a diagonal matrix.
    Line search step size 1.000000e+00.  Lack of positive definiteness.
    Line search step size 5.000000e-01.  Lack of positive definiteness.
    Line search step size chosen: 2.500000e-01.
  Objective value decreased by 1.120823e+01.
Newton iteration 2.
  Active set size = 7575.
  sub-gradient = 9.632929e+01, l1-norm of X = 2.859553e+01.
  Coordinate descent sweep 1. norm of D = 7.646296e+01, change in D = 7.646296e+01.
    Line search step size chosen: 1.000000e+00.
  Objective value decreased by 4.090297e+00.
Newton iteration 3.
  Active set size = 7353.
  sub-gradient = 2.307740e+02, l1-norm of X = 7.071662e+01.
  Coordinate descent sweep 1. norm of D = 2.702179e+01, change in D = 2.702179e+01.
  Coordinate descent sweep 2. norm of D = 2.760178e+01, change in D = 1.267647e+01.
    Line search step size chosen: 1.000000e+00.
  Objective value decreased by 2.718156e+00.
Newton iteration 4.
  Active set size = 7234.
  sub-gradient = 7.640158e+01, l1-norm of X = 6.851382e+01.
  Coordinate descent sweep 1. norm of D = 1.485536e+01, change in D = 1.485536e+01.
  Coordinate descent sweep 2. norm of D = 1.625984e+01, change in D = 8.214219e+00.
    Line search step size chosen: 1.000000e+00.
  Objective value decreased by 9.792114e-01.
Newton iteration 5.
  Active set size = 7180.
  sub-gradient = 1.880183e+01, l1-norm of X = 6.676278e+01.
  Coordinate descent sweep 1. norm of D = 7.399416e+00, change in D = 7.399416e+00.
  Coordinate descent sweep 2. norm of D = 8.356506e+00, change in D = 4.008694e+00.
    Line search step size chosen: 1.000000e+00.
  Objective value decreased by 2.202436e-01.
Newton iteration 6.
  Active set size = 7159.
  sub-gradient = 3.963511e+00, l1-norm of X = 6.638585e+01.
  Coordinate descent sweep 1. norm of D = 2.510705e+00, change in D = 2.510705e+00.
  Coordinate descent sweep 2. norm of D = 3.201792e+00, change in D = 1.517591e+00.
  Coordinate descent sweep 3. norm of D = 3.728867e+00, change in D = 9.497216e-01.
    Line search step size chosen: 1.000000e+00.
  Objective value decreased by 4.648993e-02.
Newton iteration 7.
  Active set size = 7157.
  sub-gradient = 7.085026e-01, l1-norm of X = 6.661626e+01.
  Coordinate descent sweep 1. norm of D = 6.913760e-01, change in D = 6.913760e-01.
  Coordinate descent sweep 2. norm of D = 9.316920e-01, change in D = 4.084418e-01.
  Coordinate descent sweep 3. norm of D = 1.150577e+00, change in D = 3.253915e-01.
    Line search step size chosen: 1.000000e+00.
  Objective value decreased by 8.734338e-03.
Newton iteration 8.
  Active set size = 7156.
  sub-gradient = 1.781966e-01, l1-norm of X = 6.677316e+01.
  Coordinate descent sweep 1. norm of D = 2.127811e-01, change in D = 2.127811e-01.
  Coordinate descent sweep 2. norm of D = 3.066204e-01, change in D = 1.435751e-01.
  Coordinate descent sweep 3. norm of D = 3.698787e-01, change in D = 1.132947e-01.
    Line search step size chosen: 1.000000e+00.
  Objective value decreased by 1.573500e-03.
Newton iteration 9.
  Active set size = 7156.
  sub-gradient = 9.958626e-02, l1-norm of X = 6.683450e+01.
  Coordinate descent sweep 1. norm of D = 8.856783e-02, change in D = 8.856783e-02.
  Coordinate descent sweep 2. norm of D = 1.402612e-01, change in D = 8.151318e-02.
  Coordinate descent sweep 3. norm of D = 1.684324e-01, change in D = 4.983407e-02.
  Coordinate descent sweep 4. norm of D = 1.879136e-01, change in D = 3.509232e-02.
    Line search step size chosen: 1.000000e+00.
  Objective value decreased by 4.729896e-04.
Newton iteration 10.
  Active set size = 7156.
  sub-gradient = 3.286718e-02, l1-norm of X = 6.686787e+01.
  Coordinate descent sweep 1. norm of D = 3.130425e-02, change in D = 3.130425e-02.
  Coordinate descent sweep 2. norm of D = 4.493833e-02, change in D = 2.358449e-02.
  Coordinate descent sweep 3. norm of D = 6.351360e-02, change in D = 2.350369e-02.
  Coordinate descent sweep 4. norm of D = 7.010186e-02, change in D = 1.619163e-02.
    Line search step size chosen: 1.000000e+00.
  Objective value decreased by 8.817803e-05.
Newton iteration 11.
  Active set size = 7156.
  sub-gradient = 1.351553e-02, l1-norm of X = 6.688195e+01.
  Coordinate descent sweep 1. norm of D = 1.374462e-02, change in D = 1.374462e-02.
  Coordinate descent sweep 2. norm of D = 2.076007e-02, change in D = 1.237429e-02.
  Coordinate descent sweep 3. norm of D = 2.527042e-02, change in D = 9.044607e-03.
  Coordinate descent sweep 4. norm of D = 2.924614e-02, change in D = 6.915156e-03.
    Line search step size chosen: 1.000000e+00.
  Objective value decreased by 1.703540e-05.
Newton iteration 12.
  Active set size = 7156.
  sub-gradient = 4.857277e-03, l1-norm of X = 6.688647e+01.
  Coordinate descent sweep 1. norm of D = 5.575754e-03, change in D = 5.575754e-03.
  Coordinate descent sweep 2. norm of D = 7.911146e-03, change in D = 4.312685e-03.
  Coordinate descent sweep 3. norm of D = 1.001248e-02, change in D = 4.008489e-03.
  Coordinate descent sweep 4. norm of D = 1.213310e-02, change in D = 3.387824e-03.
  Coordinate descent sweep 5. norm of D = 1.365054e-02, change in D = 3.077420e-03.
    Line search step size chosen: 1.000000e+00.
  Objective value decreased by 3.730191e-06.
QUIC CPU time: 1012.470 seconds
