[1] "GTEx"             "20"               "correcting_first" "0.44"            
[1] "Data read complete"
Running QUIC version 1.1 in 'default' mode.
Newton iteration 1.
  X is a diagonal matrix.
    Line search step size 1.000000e+00.  Lack of positive definiteness.
    Line search step size chosen: 5.000000e-01.
  Objective value decreased by 6.590731e+00.
Newton iteration 2.
  Active set size = 6525.
  sub-gradient = 4.633766e+01, l1-norm of X = 2.762136e+01.
  Coordinate descent sweep 1. norm of D = 2.340267e+01, change in D = 2.340267e+01.
    Line search step size chosen: 1.000000e+00.
  Objective value decreased by 1.548475e+00.
Newton iteration 3.
  Active set size = 6438.
  sub-gradient = 1.610009e+01, l1-norm of X = 3.748961e+01.
  Coordinate descent sweep 1. norm of D = 9.423701e+00, change in D = 9.423701e+00.
  Coordinate descent sweep 2. norm of D = 1.150661e+01, change in D = 3.888137e+00.
    Line search step size chosen: 1.000000e+00.
  Objective value decreased by 4.331785e-01.
Newton iteration 4.
  Active set size = 6395.
  sub-gradient = 3.921487e+00, l1-norm of X = 3.894005e+01.
  Coordinate descent sweep 1. norm of D = 2.772598e+00, change in D = 2.772598e+00.
  Coordinate descent sweep 2. norm of D = 3.439716e+00, change in D = 1.413519e+00.
    Line search step size chosen: 1.000000e+00.
  Objective value decreased by 6.474078e-02.
Newton iteration 5.
  Active set size = 6394.
  sub-gradient = 8.590267e-01, l1-norm of X = 3.945746e+01.
  Coordinate descent sweep 1. norm of D = 9.182396e-01, change in D = 9.182396e-01.
  Coordinate descent sweep 2. norm of D = 1.166202e+00, change in D = 4.588535e-01.
    Line search step size chosen: 1.000000e+00.
  Objective value decreased by 1.166358e-02.
Newton iteration 6.
  Active set size = 6392.
  sub-gradient = 4.228709e-01, l1-norm of X = 3.970077e+01.
  Coordinate descent sweep 1. norm of D = 3.283517e-01, change in D = 3.283517e-01.
  Coordinate descent sweep 2. norm of D = 4.447689e-01, change in D = 2.058326e-01.
  Coordinate descent sweep 3. norm of D = 5.304086e-01, change in D = 1.323534e-01.
    Line search step size chosen: 1.000000e+00.
  Objective value decreased by 2.386432e-03.
Newton iteration 7.
  Active set size = 6392.
  sub-gradient = 6.775319e-02, l1-norm of X = 3.982463e+01.
  Coordinate descent sweep 1. norm of D = 7.319260e-02, change in D = 7.319260e-02.
  Coordinate descent sweep 2. norm of D = 1.129677e-01, change in D = 5.641457e-02.
  Coordinate descent sweep 3. norm of D = 1.441192e-01, change in D = 3.914073e-02.
    Line search step size chosen: 1.000000e+00.
  Objective value decreased by 2.400982e-04.
Newton iteration 8.
  Active set size = 6392.
  sub-gradient = 1.943950e-02, l1-norm of X = 3.985586e+01.
  Coordinate descent sweep 1. norm of D = 2.154468e-02, change in D = 2.154468e-02.
  Coordinate descent sweep 2. norm of D = 2.978015e-02, change in D = 1.355481e-02.
  Coordinate descent sweep 3. norm of D = 4.010625e-02, change in D = 1.298811e-02.
    Line search step size chosen: 1.000000e+00.
  Objective value decreased by 2.849206e-05.
Newton iteration 9.
  Active set size = 6392.
  sub-gradient = 6.592053e-03, l1-norm of X = 3.986312e+01.
  Coordinate descent sweep 1. norm of D = 7.364756e-03, change in D = 7.364756e-03.
  Coordinate descent sweep 2. norm of D = 1.119302e-02, change in D = 5.445796e-03.
  Coordinate descent sweep 3. norm of D = 1.395449e-02, change in D = 3.424929e-03.
  Coordinate descent sweep 4. norm of D = 1.559826e-02, change in D = 2.351786e-03.
    Line search step size chosen: 1.000000e+00.
  Objective value decreased by 5.602663e-06.
Newton iteration 10.
  Active set size = 6392.
  sub-gradient = 1.353365e-03, l1-norm of X = 3.986732e+01.
  Coordinate descent sweep 1. norm of D = 1.342897e-03, change in D = 1.342897e-03.
  Coordinate descent sweep 2. norm of D = 2.234583e-03, change in D = 1.197125e-03.
  Coordinate descent sweep 3. norm of D = 2.890338e-03, change in D = 9.896628e-04.
  Coordinate descent sweep 4. norm of D = 3.458081e-03, change in D = 6.804644e-04.
    Line search step size chosen: 1.000000e+00.
  Objective value decreased by 4.138992e-07.
QUIC CPU time: 839.130 seconds
