[1] "GTEx"             "20"               "correcting_first" "0.52"            
[1] "Data read complete"
Running QUIC version 1.1 in 'default' mode.
Newton iteration 1.
  X is a diagonal matrix.
    Line search step size chosen: 1.000000e+00.
  Objective value decreased by 1.068052e+00.
Newton iteration 2.
  Active set size = 6080.
  sub-gradient = 1.355439e+02, l1-norm of X = 2.552825e+01.
  Coordinate descent sweep 1. norm of D = 8.179133e+00, change in D = 8.179133e+00.
    Line search step size chosen: 1.000000e+00.
  Objective value decreased by 1.272696e+00.
Newton iteration 3.
  Active set size = 6064.
  sub-gradient = 5.683694e+01, l1-norm of X = 2.336740e+01.
  Coordinate descent sweep 1. norm of D = 4.407279e+00, change in D = 4.407279e+00.
  Coordinate descent sweep 2. norm of D = 4.647301e+00, change in D = 1.646036e+00.
    Line search step size chosen: 1.000000e+00.
  Objective value decreased by 6.266567e-01.
Newton iteration 4.
  Active set size = 6062.
  sub-gradient = 2.380164e+01, l1-norm of X = 2.290920e+01.
  Coordinate descent sweep 1. norm of D = 2.083014e+00, change in D = 2.083014e+00.
  Coordinate descent sweep 2. norm of D = 1.842722e+00, change in D = 1.167830e+00.
    Line search step size chosen: 1.000000e+00.
  Objective value decreased by 3.658154e-01.
Newton iteration 5.
  Active set size = 6062.
  sub-gradient = 9.677760e+00, l1-norm of X = 2.249647e+01.
  Coordinate descent sweep 1. norm of D = 1.557304e+00, change in D = 1.557304e+00.
  Coordinate descent sweep 2. norm of D = 1.330792e+00, change in D = 7.455104e-01.
    Line search step size chosen: 1.000000e+00.
  Objective value decreased by 1.775053e-01.
Newton iteration 6.
  Active set size = 6060.
  sub-gradient = 3.703223e+00, l1-norm of X = 2.212760e+01.
  Coordinate descent sweep 1. norm of D = 8.832172e-01, change in D = 8.832172e-01.
  Coordinate descent sweep 2. norm of D = 8.137212e-01, change in D = 4.909039e-01.
  Coordinate descent sweep 3. norm of D = 8.554208e-01, change in D = 1.934227e-01.
    Line search step size chosen: 1.000000e+00.
  Objective value decreased by 6.264396e-02.
Newton iteration 7.
  Active set size = 6059.
  sub-gradient = 8.038847e-01, l1-norm of X = 2.180516e+01.
  Coordinate descent sweep 1. norm of D = 3.212592e-01, change in D = 3.212592e-01.
  Coordinate descent sweep 2. norm of D = 2.639967e-01, change in D = 1.654646e-01.
  Coordinate descent sweep 3. norm of D = 2.703627e-01, change in D = 5.020851e-02.
    Line search step size chosen: 1.000000e+00.
  Objective value decreased by 5.104467e-03.
Newton iteration 8.
  Active set size = 6059.
  sub-gradient = 6.141680e-02, l1-norm of X = 2.171383e+01.
  Coordinate descent sweep 1. norm of D = 3.047961e-02, change in D = 3.047961e-02.
  Coordinate descent sweep 2. norm of D = 2.822607e-02, change in D = 1.586789e-02.
  Coordinate descent sweep 3. norm of D = 2.987471e-02, change in D = 5.303087e-03.
    Line search step size chosen: 1.000000e+00.
  Objective value decreased by 3.930097e-05.
Newton iteration 9.
  Active set size = 6059.
  sub-gradient = 2.955806e-03, l1-norm of X = 2.170500e+01.
  Coordinate descent sweep 1. norm of D = 2.667102e-03, change in D = 2.667102e-03.
  Coordinate descent sweep 2. norm of D = 3.368188e-03, change in D = 1.185435e-03.
  Coordinate descent sweep 3. norm of D = 3.472671e-03, change in D = 3.856091e-04.
  Coordinate descent sweep 4. norm of D = 3.575270e-03, change in D = 1.959886e-04.
    Line search step size chosen: 1.000000e+00.
  Objective value decreased by 3.359946e-07.
Newton iteration 10.
  Active set size = 6059.
  sub-gradient = 7.963510e-05, l1-norm of X = 2.170574e+01.
  Coordinate descent sweep 1. norm of D = 7.677616e-05, change in D = 7.677616e-05.
  Coordinate descent sweep 2. norm of D = 1.018664e-04, change in D = 4.887405e-05.
  Coordinate descent sweep 3. norm of D = 1.138005e-04, change in D = 2.776384e-05.
  Coordinate descent sweep 4. norm of D = 1.250171e-04, change in D = 1.662059e-05.
    Line search step size chosen: 1.000000e+00.
  Objective value decreased by 3.074092e-10.
QUIC CPU time: 841.900 seconds
