[1] "GTEx"             "20"               "correcting_first" "0.88"            
[1] "Data read complete"
Running QUIC version 1.1 in 'default' mode.
Newton iteration 1.
  X is a diagonal matrix.
    Line search step size chosen: 1.000000e+00.
  Objective value decreased by 1.665327e-02.
Newton iteration 2.
  Active set size = 5791.
  sub-gradient = 3.492640e-02, l1-norm of X = 4.304586e-01.
  Coordinate descent sweep 1. norm of D = 3.393153e-02, change in D = 3.393153e-02.
    Line search step size chosen: 1.000000e+00.
  Objective value decreased by 1.062681e-04.
Newton iteration 3.
  Active set size = 5791.
  sub-gradient = 9.359506e-04, l1-norm of X = 4.317278e-01.
  Coordinate descent sweep 1. norm of D = 1.057262e-03, change in D = 1.057262e-03.
  Coordinate descent sweep 2. norm of D = 1.115023e-03, change in D = 5.776097e-05.
    Line search step size chosen: 1.000000e+00.
  Objective value decreased by 2.278721e-07.
Newton iteration 4.
  Active set size = 5791.
  sub-gradient = 3.627133e-06, l1-norm of X = 4.327434e-01.
  Coordinate descent sweep 1. norm of D = 3.765172e-06, change in D = 3.765172e-06.
  Coordinate descent sweep 2. norm of D = 4.209936e-06, change in D = 4.467176e-07.
    Line search step size chosen: 1.000000e+00.
  Objective value decreased by 3.637979e-12.
QUIC CPU time: 350.950 seconds
