[1] "GTEx"             "20"               "correcting_first" "0.90"            
[1] "Data read complete"
Running QUIC version 1.1 in 'default' mode.
Newton iteration 1.
  X is a diagonal matrix.
    Line search step size chosen: 1.000000e+00.
  Objective value decreased by 8.699092e-03.
Newton iteration 2.
  Active set size = 5790.
  sub-gradient = 1.805310e-02, l1-norm of X = 2.860988e-01.
  Coordinate descent sweep 1. norm of D = 1.785710e-02, change in D = 1.785710e-02.
    Line search step size chosen: 1.000000e+00.
  Objective value decreased by 3.584257e-05.
Newton iteration 3.
  Active set size = 5790.
  sub-gradient = 1.864720e-04, l1-norm of X = 2.870531e-01.
  Coordinate descent sweep 1. norm of D = 1.859040e-04, change in D = 1.859040e-04.
  Coordinate descent sweep 2. norm of D = 1.944347e-04, change in D = 1.329516e-05.
    Line search step size chosen: 1.000000e+00.
  Objective value decreased by 5.040420e-09.
Newton iteration 4.
  Active set size = 5790.
  sub-gradient = 1.423065e-06, l1-norm of X = 2.870836e-01.
  Coordinate descent sweep 1. norm of D = 1.433820e-06, change in D = 1.433820e-06.
  Coordinate descent sweep 2. norm of D = 1.551203e-06, change in D = 1.180655e-07.
    Line search step size chosen: 1.000000e+00.
  Objective value decreased by 9.094947e-13.
QUIC CPU time: 347.310 seconds
