[1] "sra_normal" "566"        "unweighted" "0.50"      
[1] "Data read complete"
Running QUIC version 1.1 in 'default' mode.
Newton iteration 1.
  X is a diagonal matrix.
    Line search step size chosen: 1.000000e+00.
  Objective value decreased by 5.935068e-01.
Newton iteration 2.
  Active set size = 5905.
  sub-gradient = 2.988460e+00, l1-norm of X = 5.869040e+00.
  Coordinate descent sweep 1. norm of D = 1.800809e+00, change in D = 1.800809e+00.
    Line search step size chosen: 1.000000e+00.
  Objective value decreased by 4.527137e-02.
Newton iteration 3.
  Active set size = 5900.
  sub-gradient = 4.283035e-01, l1-norm of X = 5.220870e+00.
  Coordinate descent sweep 1. norm of D = 4.836028e-01, change in D = 4.836028e-01.
  Coordinate descent sweep 2. norm of D = 5.448631e-01, change in D = 1.001409e-01.
    Line search step size chosen: 1.000000e+00.
  Objective value decreased by 4.902531e-03.
Newton iteration 4.
  Active set size = 5898.
  sub-gradient = 3.691526e-02, l1-norm of X = 5.407276e+00.
  Coordinate descent sweep 1. norm of D = 3.616416e-02, change in D = 3.616416e-02.
  Coordinate descent sweep 2. norm of D = 4.401796e-02, change in D = 1.124645e-02.
    Line search step size chosen: 1.000000e+00.
  Objective value decreased by 7.020231e-05.
Newton iteration 5.
  Active set size = 5898.
  sub-gradient = 5.325413e-03, l1-norm of X = 5.416686e+00.
  Coordinate descent sweep 1. norm of D = 5.692844e-03, change in D = 5.692844e-03.
  Coordinate descent sweep 2. norm of D = 7.706877e-03, change in D = 2.384644e-03.
    Line search step size chosen: 1.000000e+00.
  Objective value decreased by 4.356943e-06.
Newton iteration 6.
  Active set size = 5898.
  sub-gradient = 6.482265e-04, l1-norm of X = 5.418368e+00.
  Coordinate descent sweep 1. norm of D = 7.706536e-04, change in D = 7.706536e-04.
  Coordinate descent sweep 2. norm of D = 1.093420e-03, change in D = 3.254155e-04.
  Coordinate descent sweep 3. norm of D = 1.182188e-03, change in D = 1.083240e-04.
    Line search step size chosen: 1.000000e+00.
  Objective value decreased by 1.264443e-07.
Newton iteration 7.
  Active set size = 5898.
  sub-gradient = 7.828779e-05, l1-norm of X = 5.418796e+00.
  Coordinate descent sweep 1. norm of D = 7.438708e-05, change in D = 7.438708e-05.
  Coordinate descent sweep 2. norm of D = 1.067829e-04, change in D = 3.296365e-05.
  Coordinate descent sweep 3. norm of D = 1.270421e-04, change in D = 2.057851e-05.
    Line search step size chosen: 1.000000e+00.
  Objective value decreased by 1.772605e-09.
QUIC CPU time: 601.520 seconds
