[1] "sra_normal" "566"        "unweighted" "0.58"      
[1] "Data read complete"
Running QUIC version 1.1 in 'default' mode.
Newton iteration 1.
  X is a diagonal matrix.
    Line search step size chosen: 1.000000e+00.
  Objective value decreased by 1.769805e-01.
Newton iteration 2.
  Active set size = 5786.
  sub-gradient = 4.199267e-01, l1-norm of X = 1.658855e+00.
  Coordinate descent sweep 1. norm of D = 3.647996e-01, change in D = 3.647996e-01.
    Line search step size chosen: 1.000000e+00.
  Objective value decreased by 5.356711e-03.
Newton iteration 3.
  Active set size = 5785.
  sub-gradient = 3.604760e-02, l1-norm of X = 1.649613e+00.
  Coordinate descent sweep 1. norm of D = 4.600749e-02, change in D = 4.600749e-02.
  Coordinate descent sweep 2. norm of D = 5.332067e-02, change in D = 8.640023e-03.
    Line search step size chosen: 1.000000e+00.
  Objective value decreased by 1.889316e-04.
Newton iteration 4.
  Active set size = 5785.
  sub-gradient = 1.919572e-03, l1-norm of X = 1.679653e+00.
  Coordinate descent sweep 1. norm of D = 2.266177e-03, change in D = 2.266177e-03.
  Coordinate descent sweep 2. norm of D = 2.784744e-03, change in D = 5.244870e-04.
    Line search step size chosen: 1.000000e+00.
  Objective value decreased by 4.900467e-07.
Newton iteration 5.
  Active set size = 5785.
  sub-gradient = 1.031820e-04, l1-norm of X = 1.680703e+00.
  Coordinate descent sweep 1. norm of D = 1.287762e-04, change in D = 1.287762e-04.
  Coordinate descent sweep 2. norm of D = 1.476661e-04, change in D = 2.261594e-05.
    Line search step size chosen: 1.000000e+00.
  Objective value decreased by 2.542947e-09.
QUIC CPU time: 430.200 seconds
