[1] "/work-zfs/abattle4/prashanthi/recount3/data/vascular/all/weighted_covariances/cov_4.rds"
[1] "Data read complete"
Running QUIC version 1.1 in 'default' mode.
Newton iteration 1.
  X is a diagonal matrix.
    Line search step size 1.000000e+00.  Lack of positive definiteness.
    Line search step size 5.000000e-01.  Lack of positive definiteness.
    Line search step size 2.500000e-01.  Lack of positive definiteness.
    Line search step size 1.250000e-01.  Lack of positive definiteness.
    Line search step size chosen: 6.250000e-02.
  Objective value decreased by 1.352337e+02.
Newton iteration 2.
  Active set size = 211402.
  sub-gradient = 7.664415e+03, l1-norm of X = 1.462934e+02.
  Coordinate descent sweep 1. norm of D = 6.181881e+03, change in D = 6.181881e+03.
    Line search step size 1.000000e+00.  Lack of positive definiteness.
    Line search step size 5.000000e-01.  Lack of positive definiteness.
    Line search step size 2.500000e-01.  Lack of positive definiteness.
    Line search step size chosen: 1.250000e-01.
  Objective value decreased by 1.457841e+02.
Newton iteration 3.
  Active set size = 211502.
  sub-gradient = 6.030730e+03, l1-norm of X = 3.559029e+02.
  Coordinate descent sweep 1. norm of D = 4.182850e+03, change in D = 4.182850e+03.
  Coordinate descent sweep 2. norm of D = 4.015314e+03, change in D = 7.203418e+02.
    Line search step size 1.000000e+00.  Lack of positive definiteness.
    Line search step size chosen: 5.000000e-01.
  Objective value decreased by 1.917035e+02.
Newton iteration 4.
  Active set size = 229688.
  sub-gradient = 5.852566e+03, l1-norm of X = 8.238257e+02.
  Coordinate descent sweep 1. norm of D = 1.549323e+03, change in D = 1.549323e+03.
  Coordinate descent sweep 2. norm of D = 1.775664e+03, change in D = 4.726453e+02.
    Line search step size chosen: 1.000000e+00.
  Objective value decreased by 6.680441e+01.
Newton iteration 5.
  Active set size = 162239.
  sub-gradient = 1.087417e+03, l1-norm of X = 1.063003e+03.
  Coordinate descent sweep 1. norm of D = 3.723946e+02, change in D = 3.723946e+02.
  Coordinate descent sweep 2. norm of D = 4.729757e+02, change in D = 2.214178e+02.
    Line search step size chosen: 1.000000e+00.
  Objective value decreased by 1.399129e+01.
Newton iteration 6.
  Active set size = 154132.
  sub-gradient = 3.541118e+02, l1-norm of X = 1.093491e+03.
  Coordinate descent sweep 1. norm of D = 1.660632e+02, change in D = 1.660632e+02.
  Coordinate descent sweep 2. norm of D = 2.150136e+02, change in D = 1.165883e+02.
  Coordinate descent sweep 3. norm of D = 2.503103e+02, change in D = 8.203015e+01.
    Line search step size chosen: 1.000000e+00.
  Objective value decreased by 6.864809e+00.
Newton iteration 7.
  Active set size = 151718.
  sub-gradient = 1.105112e+02, l1-norm of X = 1.107821e+03.
  Coordinate descent sweep 1. norm of D = 7.225768e+01, change in D = 7.225768e+01.
  Coordinate descent sweep 2. norm of D = 9.683472e+01, change in D = 5.777625e+01.
  Coordinate descent sweep 3. norm of D = 1.159104e+02, change in D = 4.545320e+01.
    Line search step size chosen: 1.000000e+00.
  Objective value decreased by 2.649027e+00.
Newton iteration 8.
  Active set size = 151222.
  sub-gradient = 4.346566e+01, l1-norm of X = 1.113639e+03.
  Coordinate descent sweep 1. norm of D = 4.015516e+01, change in D = 4.015516e+01.
  Coordinate descent sweep 2. norm of D = 5.569412e+01, change in D = 3.366036e+01.
  Coordinate descent sweep 3. norm of D = 6.715874e+01, change in D = 2.866534e+01.
    Line search step size chosen: 1.000000e+00.
  Objective value decreased by 1.260941e+00.
Newton iteration 9.
  Active set size = 151041.
  sub-gradient = 2.626213e+01, l1-norm of X = 1.117013e+03.
  Coordinate descent sweep 1. norm of D = 2.532795e+01, change in D = 2.532795e+01.
  Coordinate descent sweep 2. norm of D = 3.569672e+01, change in D = 2.228464e+01.
  Coordinate descent sweep 3. norm of D = 4.326117e+01, change in D = 1.946052e+01.
  Coordinate descent sweep 4. norm of D = 5.010846e+01, change in D = 1.749388e+01.
    Line search step size chosen: 1.000000e+00.
  Objective value decreased by 8.192487e-01.
Newton iteration 10.
  Active set size = 150952.
  sub-gradient = 1.745479e+01, l1-norm of X = 1.119546e+03.
  Coordinate descent sweep 1. norm of D = 1.573127e+01, change in D = 1.573127e+01.
  Coordinate descent sweep 2. norm of D = 2.218012e+01, change in D = 1.429409e+01.
  Coordinate descent sweep 3. norm of D = 2.724752e+01, change in D = 1.308242e+01.
  Coordinate descent sweep 4. norm of D = 3.147811e+01, change in D = 1.161145e+01.
    Line search step size chosen: 1.000000e+00.
  Objective value decreased by 4.198713e-01.
Newton iteration 11.
  Active set size = 150871.
  sub-gradient = 1.216359e+01, l1-norm of X = 1.121169e+03.
  Coordinate descent sweep 1. norm of D = 1.084990e+01, change in D = 1.084990e+01.
  Coordinate descent sweep 2. norm of D = 1.504092e+01, change in D = 9.601203e+00.
  Coordinate descent sweep 3. norm of D = 1.864872e+01, change in D = 9.101095e+00.
  Coordinate descent sweep 4. norm of D = 2.158290e+01, change in D = 8.205782e+00.
    Line search step size chosen: 1.000000e+00.
  Objective value decreased by 2.394892e-01.
Newton iteration 12.
  Active set size = 150804.
  sub-gradient = 8.276606e+00, l1-norm of X = 1.122255e+03.
  Coordinate descent sweep 1. norm of D = 7.565344e+00, change in D = 7.565344e+00.
  Coordinate descent sweep 2. norm of D = 1.060592e+01, change in D = 6.983722e+00.
  Coordinate descent sweep 3. norm of D = 1.319844e+01, change in D = 6.401934e+00.
  Coordinate descent sweep 4. norm of D = 1.521685e+01, change in D = 5.764932e+00.
  Coordinate descent sweep 5. norm of D = 1.727329e+01, change in D = 5.489392e+00.
    Line search step size chosen: 1.000000e+00.
  Objective value decreased by 1.666285e-01.
Newton iteration 13.
  Active set size = 150784.
  sub-gradient = 5.738691e+00, l1-norm of X = 1.123159e+03.
  Coordinate descent sweep 1. norm of D = 5.121923e+00, change in D = 5.121923e+00.
  Coordinate descent sweep 2. norm of D = 7.240931e+00, change in D = 4.800042e+00.
  Coordinate descent sweep 3. norm of D = 8.984370e+00, change in D = 4.475465e+00.
  Coordinate descent sweep 4. norm of D = 1.056089e+01, change in D = 4.188447e+00.
  Coordinate descent sweep 5. norm of D = 1.204330e+01, change in D = 3.943124e+00.
    Line search step size chosen: 1.000000e+00.
  Objective value decreased by 9.434160e-02.
Newton iteration 14.
  Active set size = 150753.
  sub-gradient = 3.701542e+00, l1-norm of X = 1.123797e+03.
  Coordinate descent sweep 1. norm of D = 3.716721e+00, change in D = 3.716721e+00.
  Coordinate descent sweep 2. norm of D = 5.277005e+00, change in D = 3.385283e+00.
  Coordinate descent sweep 3. norm of D = 6.497512e+00, change in D = 3.184660e+00.
  Coordinate descent sweep 4. norm of D = 7.656083e+00, change in D = 3.094384e+00.
  Coordinate descent sweep 5. norm of D = 8.595531e+00, change in D = 2.843923e+00.
    Line search step size chosen: 1.000000e+00.
  Objective value decreased by 5.370185e-02.
Newton iteration 15.
  Active set size = 150739.
  sub-gradient = 3.185480e+00, l1-norm of X = 1.124243e+03.
  Coordinate descent sweep 1. norm of D = 2.767812e+00, change in D = 2.767812e+00.
  Coordinate descent sweep 2. norm of D = 3.800576e+00, change in D = 2.524332e+00.
  Coordinate descent sweep 3. norm of D = 4.691779e+00, change in D = 2.402590e+00.
  Coordinate descent sweep 4. norm of D = 5.523274e+00, change in D = 2.321251e+00.
  Coordinate descent sweep 5. norm of D = 6.321350e+00, change in D = 2.313733e+00.
  Coordinate descent sweep 6. norm of D = 6.979406e+00, change in D = 2.089898e+00.
    Line search step size chosen: 1.000000e+00.
  Objective value decreased by 4.034210e-02.
Newton iteration 16.
  Active set size = 150735.
  sub-gradient = 1.824101e+00, l1-norm of X = 1.124623e+03.
  Coordinate descent sweep 1. norm of D = 1.984805e+00, change in D = 1.984805e+00.
  Coordinate descent sweep 2. norm of D = 2.818157e+00, change in D = 1.808232e+00.
  Coordinate descent sweep 3. norm of D = 3.539760e+00, change in D = 1.791650e+00.
  Coordinate descent sweep 4. norm of D = 4.114267e+00, change in D = 1.692991e+00.
  Coordinate descent sweep 5. norm of D = 4.694813e+00, change in D = 1.583744e+00.
  Coordinate descent sweep 6. norm of D = 5.176639e+00, change in D = 1.506466e+00.
    Line search step size chosen: 1.000000e+00.
  Objective value decreased by 2.339795e-02.
Newton iteration 17.
  Active set size = 150733.
  sub-gradient = 1.551128e+00, l1-norm of X = 1.124902e+03.
  Coordinate descent sweep 1. norm of D = 1.413340e+00, change in D = 1.413340e+00.
  Coordinate descent sweep 2. norm of D = 2.020676e+00, change in D = 1.326727e+00.
  Coordinate descent sweep 3. norm of D = 2.576449e+00, change in D = 1.322054e+00.
  Coordinate descent sweep 4. norm of D = 3.036581e+00, change in D = 1.263602e+00.
  Coordinate descent sweep 5. norm of D = 3.428917e+00, change in D = 1.203336e+00.
  Coordinate descent sweep 6. norm of D = 3.768806e+00, change in D = 1.134373e+00.
    Line search step size chosen: 1.000000e+00.
  Objective value decreased by 1.368803e-02.
Newton iteration 18.
  Active set size = 150734.
  sub-gradient = 1.096401e+00, l1-norm of X = 1.125108e+03.
  Coordinate descent sweep 1. norm of D = 1.095777e+00, change in D = 1.095777e+00.
  Coordinate descent sweep 2. norm of D = 1.571653e+00, change in D = 1.043317e+00.
  Coordinate descent sweep 3. norm of D = 1.923321e+00, change in D = 9.502552e-01.
  Coordinate descent sweep 4. norm of D = 2.216507e+00, change in D = 8.974101e-01.
  Coordinate descent sweep 5. norm of D = 2.547603e+00, change in D = 8.909770e-01.
  Coordinate descent sweep 6. norm of D = 2.791621e+00, change in D = 7.824088e-01.
  Coordinate descent sweep 7. norm of D = 3.044564e+00, change in D = 8.044707e-01.
    Line search step size chosen: 1.000000e+00.
  Objective value decreased by 9.931846e-03.
Newton iteration 19.
  Active set size = 150721.
  sub-gradient = 8.905174e-01, l1-norm of X = 1.125285e+03.
  Coordinate descent sweep 1. norm of D = 7.819466e-01, change in D = 7.819466e-01.
  Coordinate descent sweep 2. norm of D = 1.105709e+00, change in D = 7.300912e-01.
  Coordinate descent sweep 3. norm of D = 1.368834e+00, change in D = 7.067298e-01.
  Coordinate descent sweep 4. norm of D = 1.592191e+00, change in D = 6.576260e-01.
  Coordinate descent sweep 5. norm of D = 1.808907e+00, change in D = 6.244829e-01.
  Coordinate descent sweep 6. norm of D = 2.023827e+00, change in D = 6.165930e-01.
  Coordinate descent sweep 7. norm of D = 2.208763e+00, change in D = 5.725158e-01.
    Line search step size chosen: 1.000000e+00.
  Objective value decreased by 6.074776e-03.
Newton iteration 20.
  Active set size = 150721.
  sub-gradient = 6.275065e-01, l1-norm of X = 1.125407e+03.
  Coordinate descent sweep 1. norm of D = 5.533307e-01, change in D = 5.533307e-01.
  Coordinate descent sweep 2. norm of D = 7.957155e-01, change in D = 5.342753e-01.
  Coordinate descent sweep 3. norm of D = 9.851862e-01, change in D = 4.799401e-01.
  Coordinate descent sweep 4. norm of D = 1.162365e+00, change in D = 4.591641e-01.
  Coordinate descent sweep 5. norm of D = 1.315564e+00, change in D = 4.549016e-01.
  Coordinate descent sweep 6. norm of D = 1.463028e+00, change in D = 4.411221e-01.
  Coordinate descent sweep 7. norm of D = 1.593939e+00, change in D = 4.008479e-01.
    Line search step size chosen: 1.000000e+00.
  Objective value decreased by 3.383096e-03.
Newton iteration 21.
  Active set size = 150724.
  sub-gradient = 4.693779e-01, l1-norm of X = 1.125495e+03.
  Coordinate descent sweep 1. norm of D = 3.943697e-01, change in D = 3.943697e-01.
  Coordinate descent sweep 2. norm of D = 5.814241e-01, change in D = 4.050845e-01.
  Coordinate descent sweep 3. norm of D = 7.178734e-01, change in D = 3.647828e-01.
  Coordinate descent sweep 4. norm of D = 8.609620e-01, change in D = 3.452485e-01.
  Coordinate descent sweep 5. norm of D = 9.960664e-01, change in D = 3.514622e-01.
  Coordinate descent sweep 6. norm of D = 1.113153e+00, change in D = 3.309023e-01.
  Coordinate descent sweep 7. norm of D = 1.211297e+00, change in D = 3.001337e-01.
  Coordinate descent sweep 8. norm of D = 1.319948e+00, change in D = 3.176087e-01.
    Line search step size chosen: 1.000000e+00.
  Objective value decreased by 2.322047e-03.
Newton iteration 22.
  Active set size = 150719.
  sub-gradient = 3.402744e-01, l1-norm of X = 1.125570e+03.
  Coordinate descent sweep 1. norm of D = 3.048061e-01, change in D = 3.048061e-01.
  Coordinate descent sweep 2. norm of D = 4.219756e-01, change in D = 2.808821e-01.
  Coordinate descent sweep 3. norm of D = 5.196510e-01, change in D = 2.593756e-01.
  Coordinate descent sweep 4. norm of D = 6.143737e-01, change in D = 2.565402e-01.
  Coordinate descent sweep 5. norm of D = 7.227834e-01, change in D = 2.570489e-01.
  Coordinate descent sweep 6. norm of D = 7.956206e-01, change in D = 2.340301e-01.
  Coordinate descent sweep 7. norm of D = 8.725696e-01, change in D = 2.274932e-01.
  Coordinate descent sweep 8. norm of D = 9.502373e-01, change in D = 2.274062e-01.
    Line search step size chosen: 1.000000e+00.
  Objective value decreased by 1.451984e-03.
Newton iteration 23.
  Active set size = 150719.
  sub-gradient = 1.908603e-01, l1-norm of X = 1.125624e+03.
  Coordinate descent sweep 1. norm of D = 2.195283e-01, change in D = 2.195283e-01.
  Coordinate descent sweep 2. norm of D = 3.147186e-01, change in D = 2.055452e-01.
  Coordinate descent sweep 3. norm of D = 4.000952e-01, change in D = 2.066914e-01.
  Coordinate descent sweep 4. norm of D = 4.700646e-01, change in D = 1.876885e-01.
  Coordinate descent sweep 5. norm of D = 5.459140e-01, change in D = 1.867192e-01.
  Coordinate descent sweep 6. norm of D = 5.905807e-01, change in D = 1.645571e-01.
  Coordinate descent sweep 7. norm of D = 6.474387e-01, change in D = 1.649128e-01.
  Coordinate descent sweep 8. norm of D = 7.141536e-01, change in D = 1.736721e-01.
    Line search step size chosen: 1.000000e+00.
  Objective value decreased by 9.257189e-04.
Newton iteration 24.
  Active set size = 150717.
  sub-gradient = 1.478400e-01, l1-norm of X = 1.125665e+03.
  Coordinate descent sweep 1. norm of D = 1.573478e-01, change in D = 1.573478e-01.
  Coordinate descent sweep 2. norm of D = 2.336801e-01, change in D = 1.576116e-01.
  Coordinate descent sweep 3. norm of D = 2.993059e-01, change in D = 1.500965e-01.
  Coordinate descent sweep 4. norm of D = 3.448530e-01, change in D = 1.390006e-01.
  Coordinate descent sweep 5. norm of D = 3.921706e-01, change in D = 1.403382e-01.
  Coordinate descent sweep 6. norm of D = 4.434451e-01, change in D = 1.340262e-01.
  Coordinate descent sweep 7. norm of D = 4.877407e-01, change in D = 1.203737e-01.
  Coordinate descent sweep 8. norm of D = 5.277662e-01, change in D = 1.157376e-01.
  Coordinate descent sweep 9. norm of D = 5.770166e-01, change in D = 1.179956e-01.
    Line search step size chosen: 1.000000e+00.
  Objective value decreased by 6.670669e-04.
Newton iteration 25.
  Active set size = 150718.
  sub-gradient = 1.210444e-01, l1-norm of X = 1.125700e+03.
  Coordinate descent sweep 1. norm of D = 1.128920e-01, change in D = 1.128920e-01.
  Coordinate descent sweep 2. norm of D = 1.693571e-01, change in D = 1.163577e-01.
  Coordinate descent sweep 3. norm of D = 2.089872e-01, change in D = 1.015812e-01.
  Coordinate descent sweep 4. norm of D = 2.497176e-01, change in D = 9.947811e-02.
  Coordinate descent sweep 5. norm of D = 2.813683e-01, change in D = 9.098787e-02.
  Coordinate descent sweep 6. norm of D = 3.214678e-01, change in D = 9.644575e-02.
  Coordinate descent sweep 7. norm of D = 3.481984e-01, change in D = 8.378557e-02.
  Coordinate descent sweep 8. norm of D = 3.781179e-01, change in D = 8.477680e-02.
  Coordinate descent sweep 9. norm of D = 4.036042e-01, change in D = 7.891127e-02.
    Line search step size chosen: 1.000000e+00.
  Objective value decreased by 3.944096e-04.
Newton iteration 26.
  Active set size = 150717.
  sub-gradient = 7.927491e-02, l1-norm of X = 1.125725e+03.
  Coordinate descent sweep 1. norm of D = 7.859260e-02, change in D = 7.859260e-02.
  Coordinate descent sweep 2. norm of D = 1.119919e-01, change in D = 7.346631e-02.
  Coordinate descent sweep 3. norm of D = 1.374243e-01, change in D = 6.986578e-02.
  Coordinate descent sweep 4. norm of D = 1.655358e-01, change in D = 7.325452e-02.
  Coordinate descent sweep 5. norm of D = 1.858031e-01, change in D = 6.578599e-02.
  Coordinate descent sweep 6. norm of D = 2.128944e-01, change in D = 6.637995e-02.
  Coordinate descent sweep 7. norm of D = 2.377015e-01, change in D = 6.348847e-02.
  Coordinate descent sweep 8. norm of D = 2.621140e-01, change in D = 6.605132e-02.
  Coordinate descent sweep 9. norm of D = 2.834391e-01, change in D = 5.969109e-02.
    Line search step size chosen: 1.000000e+00.
  Objective value decreased by 2.100680e-04.
QUIC CPU time: 17308.260 seconds
