[1] "/data/abattle4/prashanthi/recount3/data/vascular/all/weighted_covariances/cov_4.rds"
[1] "Data read complete"
Running QUIC version 1.1 in 'default' mode.
Newton iteration 1.
  X is a diagonal matrix.
    Line search step size chosen: 1.000000e+00.
  Objective value decreased by 5.756008e-01.
Newton iteration 2.
  Active set size = 10283.
  sub-gradient = 4.185418e+00, l1-norm of X = 1.100636e+01.
  Coordinate descent sweep 1. norm of D = 1.951546e+00, change in D = 1.951546e+00.
    Line search step size chosen: 1.000000e+00.
  Objective value decreased by 6.102010e-02.
Newton iteration 3.
  Active set size = 10282.
  sub-gradient = 6.887025e-01, l1-norm of X = 9.755968e+00.
  Coordinate descent sweep 1. norm of D = 6.432360e-01, change in D = 6.432360e-01.
  Coordinate descent sweep 2. norm of D = 7.256518e-01, change in D = 1.330127e-01.
    Line search step size chosen: 1.000000e+00.
  Objective value decreased by 1.034007e-02.
Newton iteration 4.
  Active set size = 10281.
  sub-gradient = 5.522418e-02, l1-norm of X = 9.832208e+00.
  Coordinate descent sweep 1. norm of D = 5.164793e-02, change in D = 5.164793e-02.
  Coordinate descent sweep 2. norm of D = 5.556364e-02, change in D = 9.832521e-03.
    Line search step size chosen: 1.000000e+00.
  Objective value decreased by 8.416428e-05.
Newton iteration 5.
  Active set size = 10281.
  sub-gradient = 2.005356e-03, l1-norm of X = 9.842692e+00.
  Coordinate descent sweep 1. norm of D = 2.198450e-03, change in D = 2.198450e-03.
  Coordinate descent sweep 2. norm of D = 2.436413e-03, change in D = 3.642641e-04.
    Line search step size chosen: 1.000000e+00.
  Objective value decreased by 2.195138e-07.
Newton iteration 6.
  Active set size = 10281.
  sub-gradient = 1.116371e-04, l1-norm of X = 9.843865e+00.
  Coordinate descent sweep 1. norm of D = 1.177150e-04, change in D = 1.177150e-04.
  Coordinate descent sweep 2. norm of D = 1.227488e-04, change in D = 2.015809e-05.
  Coordinate descent sweep 3. norm of D = 1.219476e-04, change in D = 5.623780e-06.
    Line search step size chosen: 1.000000e+00.
  Objective value decreased by 6.784830e-10.
QUIC CPU time: 4784.601 seconds
