[1] "/work-zfs/abattle4/prashanthi/recount3/data/vascular/all/weighted_covariances/cov_4.rds"
[1] "Data read complete"
Running QUIC version 1.1 in 'default' mode.
Newton iteration 1.
  X is a diagonal matrix.
    Line search step size chosen: 1.000000e+00.
  Objective value decreased by 7.952710e-02.
Newton iteration 2.
  Active set size = 10231.
  sub-gradient = 2.624245e-01, l1-norm of X = 2.545473e+00.
  Coordinate descent sweep 1. norm of D = 2.225051e-01, change in D = 2.225051e-01.
    Line search step size chosen: 1.000000e+00.
  Objective value decreased by 1.367798e-03.
Newton iteration 3.
  Active set size = 10231.
  sub-gradient = 2.452217e-02, l1-norm of X = 2.429288e+00.
  Coordinate descent sweep 1. norm of D = 2.248564e-02, change in D = 2.248564e-02.
  Coordinate descent sweep 2. norm of D = 2.531298e-02, change in D = 5.049114e-03.
    Line search step size chosen: 1.000000e+00.
  Objective value decreased by 6.421589e-05.
Newton iteration 4.
  Active set size = 10231.
  sub-gradient = 6.144433e-04, l1-norm of X = 2.458745e+00.
  Coordinate descent sweep 1. norm of D = 6.440116e-04, change in D = 6.440116e-04.
  Coordinate descent sweep 2. norm of D = 7.548632e-04, change in D = 1.379169e-04.
    Line search step size chosen: 1.000000e+00.
  Objective value decreased by 1.192802e-07.
Newton iteration 5.
  Active set size = 10231.
  sub-gradient = 1.144369e-05, l1-norm of X = 2.459226e+00.
  Coordinate descent sweep 1. norm of D = 1.098821e-05, change in D = 1.098821e-05.
  Coordinate descent sweep 2. norm of D = 1.090868e-05, change in D = 1.775964e-06.
    Line search step size chosen: 1.000000e+00.
  Objective value decreased by 1.455192e-11.
QUIC CPU time: 2155.440 seconds
