[1] "/work-zfs/abattle4/prashanthi/recount3/data/vascular/all/weighted_covariances/cov_4.rds"
[1] "Data read complete"
Running QUIC version 1.1 in 'default' mode.
Newton iteration 1.
  X is a diagonal matrix.
    Line search step size chosen: 1.000000e+00.
  Objective value decreased by 1.939513e-03.
Newton iteration 2.
  Active set size = 10192.
  sub-gradient = 5.936644e-03, l1-norm of X = 1.593025e-01.
  Coordinate descent sweep 1. norm of D = 5.692402e-03, change in D = 5.692402e-03.
    Line search step size chosen: 1.000000e+00.
  Objective value decreased by 3.531175e-06.
Newton iteration 3.
  Active set size = 10192.
  sub-gradient = 2.368112e-04, l1-norm of X = 1.557970e-01.
  Coordinate descent sweep 1. norm of D = 2.454823e-04, change in D = 2.454823e-04.
  Coordinate descent sweep 2. norm of D = 2.394950e-04, change in D = 6.770313e-06.
    Line search step size chosen: 1.000000e+00.
  Objective value decreased by 1.611988e-08.
Newton iteration 4.
  Active set size = 10192.
  sub-gradient = 1.269736e-07, l1-norm of X = 1.561737e-01.
  Coordinate descent sweep 1. norm of D = 1.310754e-07, change in D = 1.310754e-07.
  Coordinate descent sweep 2. norm of D = 1.328772e-07, change in D = 2.695553e-09.
    Line search step size chosen: 1.000000e+00.
  Objective value decreased by 0.000000e+00.
QUIC CPU time: 2152.400 seconds
