[1] "sra_normal"    "200"           "pooling_first" "0.06"         
[1] "Data read complete"
Running QUIC version 1.1 in 'default' mode.
Newton iteration 1.
  X is a diagonal matrix.
    Line search step size 1.000000e+00.  Lack of positive definiteness.
    Line search step size 5.000000e-01.  Lack of positive definiteness.
    Line search step size 2.500000e-01.  Lack of positive definiteness.
    Line search step size 1.250000e-01.  Lack of positive definiteness.
    Line search step size chosen: 6.250000e-02.
  Objective value decreased by 2.225833e+02.
Newton iteration 2.
  Active set size = 2414571.
  sub-gradient = 4.411280e+04, l1-norm of X = 3.590637e+02.
  Coordinate descent sweep 1. norm of D = 3.395581e+04, change in D = 3.395581e+04.
    Line search step size 1.000000e+00.  Lack of positive definiteness.
    Line search step size 5.000000e-01.  Lack of positive definiteness.
    Line search step size 2.500000e-01.  Lack of positive definiteness.
    Line search step size 1.250000e-01.  Lack of positive definiteness.
    Line search step size chosen: 6.250000e-02.
  Objective value decreased by 1.521223e+02.
Newton iteration 3.
  Active set size = 2416370.
  sub-gradient = 3.948842e+04, l1-norm of X = 6.104697e+02.
  Coordinate descent sweep 1. norm of D = 2.221691e+04, change in D = 2.221691e+04.
  Coordinate descent sweep 2. norm of D = 1.831980e+04, change in D = 6.385074e+03.
    Line search step size 1.000000e+00.  Lack of positive definiteness.
    Line search step size 5.000000e-01.  Lack of positive definiteness.
    Line search step size 2.500000e-01.  Lack of positive definiteness.
    Line search step size chosen: 1.250000e-01.
  Objective value decreased by 1.524089e+02.
Newton iteration 4.
  Active set size = 2421340.
  sub-gradient = 3.217483e+04, l1-norm of X = 8.526312e+02.
  Coordinate descent sweep 1. norm of D = 1.351714e+04, change in D = 1.351714e+04.
  Coordinate descent sweep 2. norm of D = 1.196681e+04, change in D = 4.485401e+03.
    Line search step size 1.000000e+00.  Lack of positive definiteness.
    Line search step size 5.000000e-01.  Lack of positive definiteness.
    Line search step size chosen: 2.500000e-01.
  Objective value decreased by 1.464243e+02.
Newton iteration 5.
  Active set size = 2436806.
  sub-gradient = 2.221004e+04, l1-norm of X = 1.105871e+03.
  Coordinate descent sweep 1. norm of D = 7.542231e+03, change in D = 7.542231e+03.
  Coordinate descent sweep 2. norm of D = 7.613445e+03, change in D = 2.252262e+03.
    Line search step size chosen: 1.000000e+00.
  Objective value decreased by 1.199718e+02.
Newton iteration 6.
  Active set size = 3588468.
  sub-gradient = 1.286300e+05, l1-norm of X = 1.521698e+03.
  Coordinate descent sweep 1. norm of D = 1.305965e+03, change in D = 1.305965e+03.
  Coordinate descent sweep 2. norm of D = 1.249109e+03, change in D = 9.188254e+02.
  Coordinate descent sweep 3. norm of D = 1.266692e+03, change in D = 5.975984e+02.
    Line search step size chosen: 1.000000e+00.
  Objective value decreased by 2.460186e+01.
Newton iteration 7.
  Active set size = 1357723.
  sub-gradient = 3.151325e+04, l1-norm of X = 1.533629e+03.
  Coordinate descent sweep 1. norm of D = 9.045927e+02, change in D = 9.045927e+02.
  Coordinate descent sweep 2. norm of D = 7.916722e+02, change in D = 6.417605e+02.
  Coordinate descent sweep 3. norm of D = 7.619128e+02, change in D = 3.773679e+02.
    Line search step size chosen: 1.000000e+00.
  Objective value decreased by 1.080102e+01.
Newton iteration 8.
  Active set size = 989701.
  sub-gradient = 1.067685e+04, l1-norm of X = 1.527865e+03.
  Coordinate descent sweep 1. norm of D = 5.572691e+02, change in D = 5.572691e+02.
  Coordinate descent sweep 2. norm of D = 4.264779e+02, change in D = 4.213153e+02.
  Coordinate descent sweep 3. norm of D = 3.872786e+02, change in D = 2.158260e+02.
    Line search step size chosen: 1.000000e+00.
  Objective value decreased by 3.979514e+00.
Newton iteration 9.
  Active set size = 912700.
  sub-gradient = 3.321691e+03, l1-norm of X = 1.517729e+03.
  Coordinate descent sweep 1. norm of D = 2.957513e+02, change in D = 2.957513e+02.
  Coordinate descent sweep 2. norm of D = 2.203624e+02, change in D = 2.343816e+02.
  Coordinate descent sweep 3. norm of D = 2.034536e+02, change in D = 1.038689e+02.
  Coordinate descent sweep 4. norm of D = 2.029268e+02, change in D = 4.585740e+01.
    Line search step size chosen: 1.000000e+00.
  Objective value decreased by 1.006581e+00.
Newton iteration 10.
  Active set size = 887689.
  sub-gradient = 7.175397e+02, l1-norm of X = 1.511699e+03.
  Coordinate descent sweep 1. norm of D = 9.901913e+01, change in D = 9.901913e+01.
  Coordinate descent sweep 2. norm of D = 7.575429e+01, change in D = 8.088486e+01.
  Coordinate descent sweep 3. norm of D = 7.231583e+01, change in D = 3.478484e+01.
  Coordinate descent sweep 4. norm of D = 7.217357e+01, change in D = 1.778080e+01.
    Line search step size chosen: 1.000000e+00.
  Objective value decreased by 1.296572e-01.
Newton iteration 11.
  Active set size = 882416.
  sub-gradient = 7.236477e+01, l1-norm of X = 1.510106e+03.
  Coordinate descent sweep 1. norm of D = 2.056014e+01, change in D = 2.056014e+01.
  Coordinate descent sweep 2. norm of D = 1.881282e+01, change in D = 1.605405e+01.
  Coordinate descent sweep 3. norm of D = 1.910719e+01, change in D = 9.988531e+00.
  Coordinate descent sweep 4. norm of D = 1.925584e+01, change in D = 8.368146e+00.
    Line search step size chosen: 1.000000e+00.
  Objective value decreased by 2.397322e-02.
Newton iteration 12.
  Active set size = 882034.
  sub-gradient = 8.020747e+00, l1-norm of X = 1.510117e+03.
  Coordinate descent sweep 1. norm of D = 7.432410e+00, change in D = 7.432410e+00.
  Coordinate descent sweep 2. norm of D = 7.959921e+00, change in D = 6.358119e+00.
  Coordinate descent sweep 3. norm of D = 8.346306e+00, change in D = 5.680442e+00.
  Coordinate descent sweep 4. norm of D = 8.287275e+00, change in D = 5.017498e+00.
  Coordinate descent sweep 5. norm of D = 8.502186e+00, change in D = 4.387505e+00.
    Line search step size chosen: 1.000000e+00.
  Objective value decreased by 1.254594e-02.
Newton iteration 13.
  Active set size = 882021.
  sub-gradient = 4.010229e+00, l1-norm of X = 1.510200e+03.
  Coordinate descent sweep 1. norm of D = 4.057348e+00, change in D = 4.057348e+00.
  Coordinate descent sweep 2. norm of D = 4.471428e+00, change in D = 3.860949e+00.
  Coordinate descent sweep 3. norm of D = 4.492144e+00, change in D = 3.484651e+00.
  Coordinate descent sweep 4. norm of D = 4.531653e+00, change in D = 3.002506e+00.
  Coordinate descent sweep 5. norm of D = 4.626367e+00, change in D = 2.702211e+00.
    Line search step size chosen: 1.000000e+00.
  Objective value decreased by 4.389954e-03.
Newton iteration 14.
  Active set size = 881995.
  sub-gradient = 2.928700e+00, l1-norm of X = 1.510247e+03.
  Coordinate descent sweep 1. norm of D = 2.428880e+00, change in D = 2.428880e+00.
  Coordinate descent sweep 2. norm of D = 2.676607e+00, change in D = 2.274663e+00.
  Coordinate descent sweep 3. norm of D = 2.731738e+00, change in D = 2.043356e+00.
  Coordinate descent sweep 4. norm of D = 2.738468e+00, change in D = 1.838990e+00.
  Coordinate descent sweep 5. norm of D = 2.809582e+00, change in D = 1.665924e+00.
    Line search step size chosen: 1.000000e+00.
  Objective value decreased by 1.766258e-03.
Newton iteration 15.
  Active set size = 881951.
  sub-gradient = 1.254266e+00, l1-norm of X = 1.510275e+03.
  Coordinate descent sweep 1. norm of D = 1.443046e+00, change in D = 1.443046e+00.
  Coordinate descent sweep 2. norm of D = 1.638840e+00, change in D = 1.374033e+00.
  Coordinate descent sweep 3. norm of D = 1.685675e+00, change in D = 1.292460e+00.
  Coordinate descent sweep 4. norm of D = 1.683149e+00, change in D = 1.145360e+00.
  Coordinate descent sweep 5. norm of D = 1.744609e+00, change in D = 1.076251e+00.
  Coordinate descent sweep 6. norm of D = 1.766110e+00, change in D = 1.025870e+00.
    Line search step size chosen: 1.000000e+00.
  Objective value decreased by 8.563169e-04.
Newton iteration 16.
  Active set size = 881935.
  sub-gradient = 8.155762e-01, l1-norm of X = 1.510289e+03.
  Coordinate descent sweep 1. norm of D = 9.019556e-01, change in D = 9.019556e-01.
  Coordinate descent sweep 2. norm of D = 9.318655e-01, change in D = 7.205328e-01.
  Coordinate descent sweep 3. norm of D = 1.013084e+00, change in D = 7.038423e-01.
  Coordinate descent sweep 4. norm of D = 1.035837e+00, change in D = 6.926776e-01.
  Coordinate descent sweep 5. norm of D = 1.066635e+00, change in D = 6.853677e-01.
  Coordinate descent sweep 6. norm of D = 1.065559e+00, change in D = 6.339654e-01.
    Line search step size chosen: 1.000000e+00.
  Objective value decreased by 2.954097e-04.
Newton iteration 17.
  Active set size = 881933.
  sub-gradient = 5.737877e-01, l1-norm of X = 1.510297e+03.
  Coordinate descent sweep 1. norm of D = 5.712896e-01, change in D = 5.712896e-01.
  Coordinate descent sweep 2. norm of D = 5.918865e-01, change in D = 5.080634e-01.
  Coordinate descent sweep 3. norm of D = 5.792099e-01, change in D = 4.505060e-01.
  Coordinate descent sweep 4. norm of D = 6.300200e-01, change in D = 4.495227e-01.
  Coordinate descent sweep 5. norm of D = 6.098226e-01, change in D = 4.147040e-01.
  Coordinate descent sweep 6. norm of D = 6.254642e-01, change in D = 3.837899e-01.
    Line search step size chosen: 1.000000e+00.
  Objective value decreased by 1.172787e-04.
Newton iteration 18.
  Active set size = 881921.
  sub-gradient = 3.480927e-01, l1-norm of X = 1.510304e+03.
  Coordinate descent sweep 1. norm of D = 3.446720e-01, change in D = 3.446720e-01.
  Coordinate descent sweep 2. norm of D = 3.872708e-01, change in D = 3.225380e-01.
  Coordinate descent sweep 3. norm of D = 3.810502e-01, change in D = 2.837734e-01.
  Coordinate descent sweep 4. norm of D = 3.834105e-01, change in D = 2.417387e-01.
  Coordinate descent sweep 5. norm of D = 3.906386e-01, change in D = 2.506874e-01.
  Coordinate descent sweep 6. norm of D = 4.005776e-01, change in D = 2.418732e-01.
  Coordinate descent sweep 7. norm of D = 4.014275e-01, change in D = 2.250127e-01.
    Line search step size chosen: 1.000000e+00.
  Objective value decreased by 5.583772e-05.
Newton iteration 19.
  Active set size = 881917.
  sub-gradient = 1.890844e-01, l1-norm of X = 1.510308e+03.
  Coordinate descent sweep 1. norm of D = 2.007731e-01, change in D = 2.007731e-01.
  Coordinate descent sweep 2. norm of D = 2.169549e-01, change in D = 1.866305e-01.
  Coordinate descent sweep 3. norm of D = 2.266731e-01, change in D = 1.794158e-01.
  Coordinate descent sweep 4. norm of D = 2.219621e-01, change in D = 1.583854e-01.
  Coordinate descent sweep 5. norm of D = 2.242923e-01, change in D = 1.424956e-01.
  Coordinate descent sweep 6. norm of D = 2.261867e-01, change in D = 1.285303e-01.
  Coordinate descent sweep 7. norm of D = 2.290589e-01, change in D = 1.246333e-01.
    Line search step size chosen: 1.000000e+00.
  Objective value decreased by 1.977578e-05.
Newton iteration 20.
  Active set size = 881917.
  sub-gradient = 1.735128e-01, l1-norm of X = 1.510310e+03.
  Coordinate descent sweep 1. norm of D = 1.245001e-01, change in D = 1.245001e-01.
  Coordinate descent sweep 2. norm of D = 1.262106e-01, change in D = 1.129752e-01.
  Coordinate descent sweep 3. norm of D = 1.260783e-01, change in D = 1.023527e-01.
  Coordinate descent sweep 4. norm of D = 1.300583e-01, change in D = 9.618304e-02.
  Coordinate descent sweep 5. norm of D = 1.259249e-01, change in D = 8.319121e-02.
  Coordinate descent sweep 6. norm of D = 1.332420e-01, change in D = 8.166012e-02.
  Coordinate descent sweep 7. norm of D = 1.319494e-01, change in D = 7.544621e-02.
    Line search step size chosen: 1.000000e+00.
  Objective value decreased by 6.732980e-06.
Newton iteration 21.
  Active set size = 881913.
  sub-gradient = 8.508805e-02, l1-norm of X = 1.510311e+03.
  Coordinate descent sweep 1. norm of D = 7.252554e-02, change in D = 7.252554e-02.
  Coordinate descent sweep 2. norm of D = 7.133764e-02, change in D = 6.471876e-02.
  Coordinate descent sweep 3. norm of D = 7.853988e-02, change in D = 6.239525e-02.
  Coordinate descent sweep 4. norm of D = 7.373780e-02, change in D = 5.515547e-02.
  Coordinate descent sweep 5. norm of D = 7.397833e-02, change in D = 4.690765e-02.
  Coordinate descent sweep 6. norm of D = 7.399987e-02, change in D = 4.270366e-02.
  Coordinate descent sweep 7. norm of D = 7.842207e-02, change in D = 4.474525e-02.
  Coordinate descent sweep 8. norm of D = 7.785169e-02, change in D = 4.237266e-02.
    Line search step size chosen: 1.000000e+00.
  Objective value decreased by 2.516770e-06.
QUIC CPU time: 15631.100 seconds
