[1] "sra_normal"    "200"           "pooling_first" "0.18"         
[1] "Data read complete"
Running QUIC version 1.1 in 'default' mode.
Newton iteration 1.
  X is a diagonal matrix.
    Line search step size 1.000000e+00.  Lack of positive definiteness.
    Line search step size 5.000000e-01.  Lack of positive definiteness.
    Line search step size chosen: 2.500000e-01.
  Objective value decreased by 1.554869e+01.
Newton iteration 2.
  Active set size = 10553.
  sub-gradient = 1.678323e+02, l1-norm of X = 2.306018e+01.
  Coordinate descent sweep 1. norm of D = 1.509392e+02, change in D = 1.509392e+02.
    Line search step size chosen: 1.000000e+00.
  Objective value decreased by 9.193038e+00.
Newton iteration 3.
  Active set size = 10297.
  sub-gradient = 2.665036e+02, l1-norm of X = 6.835492e+01.
  Coordinate descent sweep 1. norm of D = 4.510503e+01, change in D = 4.510503e+01.
  Coordinate descent sweep 2. norm of D = 4.496626e+01, change in D = 1.965010e+01.
    Line search step size chosen: 1.000000e+00.
  Objective value decreased by 3.426952e+00.
Newton iteration 4.
  Active set size = 10089.
  sub-gradient = 8.547366e+01, l1-norm of X = 6.661114e+01.
  Coordinate descent sweep 1. norm of D = 1.888314e+01, change in D = 1.888314e+01.
  Coordinate descent sweep 2. norm of D = 2.043277e+01, change in D = 9.797338e+00.
    Line search step size chosen: 1.000000e+00.
  Objective value decreased by 9.345861e-01.
Newton iteration 5.
  Active set size = 9998.
  sub-gradient = 2.423387e+01, l1-norm of X = 6.580566e+01.
  Coordinate descent sweep 1. norm of D = 7.605769e+00, change in D = 7.605769e+00.
  Coordinate descent sweep 2. norm of D = 8.969167e+00, change in D = 4.308424e+00.
    Line search step size chosen: 1.000000e+00.
  Objective value decreased by 2.462705e-01.
Newton iteration 6.
  Active set size = 9978.
  sub-gradient = 5.896140e+00, l1-norm of X = 6.570822e+01.
  Coordinate descent sweep 1. norm of D = 2.995780e+00, change in D = 2.995780e+00.
  Coordinate descent sweep 2. norm of D = 3.850170e+00, change in D = 1.804648e+00.
  Coordinate descent sweep 3. norm of D = 4.472750e+00, change in D = 1.091747e+00.
    Line search step size chosen: 1.000000e+00.
  Objective value decreased by 5.416061e-02.
Newton iteration 7.
  Active set size = 9968.
  sub-gradient = 8.727311e-01, l1-norm of X = 6.584432e+01.
  Coordinate descent sweep 1. norm of D = 7.822122e-01, change in D = 7.822122e-01.
  Coordinate descent sweep 2. norm of D = 1.056240e+00, change in D = 4.823585e-01.
  Coordinate descent sweep 3. norm of D = 1.291137e+00, change in D = 3.265956e-01.
    Line search step size chosen: 1.000000e+00.
  Objective value decreased by 5.950584e-03.
Newton iteration 8.
  Active set size = 9967.
  sub-gradient = 2.340491e-01, l1-norm of X = 6.593544e+01.
  Coordinate descent sweep 1. norm of D = 2.556774e-01, change in D = 2.556774e-01.
  Coordinate descent sweep 2. norm of D = 3.853188e-01, change in D = 1.787778e-01.
  Coordinate descent sweep 3. norm of D = 4.658235e-01, change in D = 1.207436e-01.
    Line search step size chosen: 1.000000e+00.
  Objective value decreased by 1.364326e-03.
Newton iteration 9.
  Active set size = 9965.
  sub-gradient = 8.078601e-02, l1-norm of X = 6.597950e+01.
  Coordinate descent sweep 1. norm of D = 8.780677e-02, change in D = 8.780677e-02.
  Coordinate descent sweep 2. norm of D = 1.343122e-01, change in D = 6.757096e-02.
  Coordinate descent sweep 3. norm of D = 1.768962e-01, change in D = 5.529815e-02.
  Coordinate descent sweep 4. norm of D = 2.095455e-01, change in D = 4.067697e-02.
    Line search step size chosen: 1.000000e+00.
  Objective value decreased by 3.295440e-04.
Newton iteration 10.
  Active set size = 9965.
  sub-gradient = 2.418897e-02, l1-norm of X = 6.600120e+01.
  Coordinate descent sweep 1. norm of D = 2.894606e-02, change in D = 2.894606e-02.
  Coordinate descent sweep 2. norm of D = 4.771497e-02, change in D = 2.402691e-02.
  Coordinate descent sweep 3. norm of D = 6.133328e-02, change in D = 1.758859e-02.
  Coordinate descent sweep 4. norm of D = 7.284395e-02, change in D = 1.405905e-02.
    Line search step size chosen: 1.000000e+00.
  Objective value decreased by 5.280491e-05.
Newton iteration 11.
  Active set size = 9965.
  sub-gradient = 7.997721e-03, l1-norm of X = 6.600866e+01.
  Coordinate descent sweep 1. norm of D = 9.280835e-03, change in D = 9.280835e-03.
  Coordinate descent sweep 2. norm of D = 1.508616e-02, change in D = 7.896053e-03.
  Coordinate descent sweep 3. norm of D = 2.082593e-02, change in D = 7.006467e-03.
  Coordinate descent sweep 4. norm of D = 2.545831e-02, change in D = 5.558989e-03.
    Line search step size chosen: 1.000000e+00.
  Objective value decreased by 8.607691e-06.
Newton iteration 12.
  Active set size = 9965.
  sub-gradient = 2.903436e-03, l1-norm of X = 6.601173e+01.
  Coordinate descent sweep 1. norm of D = 3.290592e-03, change in D = 3.290592e-03.
  Coordinate descent sweep 2. norm of D = 5.644040e-03, change in D = 3.030936e-03.
  Coordinate descent sweep 3. norm of D = 7.655087e-03, change in D = 2.289034e-03.
  Coordinate descent sweep 4. norm of D = 9.073882e-03, change in D = 1.694638e-03.
  Coordinate descent sweep 5. norm of D = 1.007480e-02, change in D = 1.150701e-03.
    Line search step size chosen: 1.000000e+00.
  Objective value decreased by 1.309337e-06.
QUIC CPU time: 1661.009 seconds
