[1] "sra_normal"    "200"           "pooling_first" "0.32"         
[1] "Data read complete"
Running QUIC version 1.1 in 'default' mode.
Newton iteration 1.
  X is a diagonal matrix.
    Line search step size 1.000000e+00.  Lack of positive definiteness.
    Line search step size chosen: 5.000000e-01.
  Objective value decreased by 4.797922e+00.
Newton iteration 2.
  Active set size = 6237.
  sub-gradient = 1.996879e+01, l1-norm of X = 1.245515e+01.
  Coordinate descent sweep 1. norm of D = 2.023284e+01, change in D = 2.023284e+01.
    Line search step size chosen: 1.000000e+00.
  Objective value decreased by 1.381011e+00.
Newton iteration 3.
  Active set size = 6205.
  sub-gradient = 7.290425e+00, l1-norm of X = 2.068116e+01.
  Coordinate descent sweep 1. norm of D = 6.679653e+00, change in D = 6.679653e+00.
  Coordinate descent sweep 2. norm of D = 8.153719e+00, change in D = 2.170056e+00.
    Line search step size chosen: 1.000000e+00.
  Objective value decreased by 2.162018e-01.
Newton iteration 4.
  Active set size = 6193.
  sub-gradient = 1.293681e+00, l1-norm of X = 2.162417e+01.
  Coordinate descent sweep 1. norm of D = 1.343535e+00, change in D = 1.343535e+00.
  Coordinate descent sweep 2. norm of D = 1.824040e+00, change in D = 5.738791e-01.
    Line search step size chosen: 1.000000e+00.
  Objective value decreased by 2.180317e-02.
Newton iteration 5.
  Active set size = 6192.
  sub-gradient = 3.058558e-01, l1-norm of X = 2.192837e+01.
  Coordinate descent sweep 1. norm of D = 3.307834e-01, change in D = 3.307834e-01.
  Coordinate descent sweep 2. norm of D = 4.982459e-01, change in D = 1.950065e-01.
    Line search step size chosen: 1.000000e+00.
  Objective value decreased by 3.755271e-03.
Newton iteration 6.
  Active set size = 6192.
  sub-gradient = 8.471208e-02, l1-norm of X = 2.201212e+01.
  Coordinate descent sweep 1. norm of D = 1.057554e-01, change in D = 1.057554e-01.
  Coordinate descent sweep 2. norm of D = 1.592252e-01, change in D = 6.063056e-02.
  Coordinate descent sweep 3. norm of D = 1.946498e-01, change in D = 3.788537e-02.
    Line search step size chosen: 1.000000e+00.
  Objective value decreased by 6.295925e-04.
Newton iteration 7.
  Active set size = 6192.
  sub-gradient = 1.538801e-02, l1-norm of X = 2.205392e+01.
  Coordinate descent sweep 1. norm of D = 1.939404e-02, change in D = 1.939404e-02.
  Coordinate descent sweep 2. norm of D = 2.488548e-02, change in D = 7.466183e-03.
  Coordinate descent sweep 3. norm of D = 3.191233e-02, change in D = 7.447688e-03.
    Line search step size chosen: 1.000000e+00.
  Objective value decreased by 2.453707e-05.
Newton iteration 8.
  Active set size = 6192.
  sub-gradient = 4.030779e-03, l1-norm of X = 2.206093e+01.
  Coordinate descent sweep 1. norm of D = 4.719959e-03, change in D = 4.719959e-03.
  Coordinate descent sweep 2. norm of D = 7.041141e-03, change in D = 2.560804e-03.
  Coordinate descent sweep 3. norm of D = 8.313553e-03, change in D = 1.371114e-03.
    Line search step size chosen: 1.000000e+00.
  Objective value decreased by 1.438406e-06.
Newton iteration 9.
  Active set size = 6192.
  sub-gradient = 6.818280e-04, l1-norm of X = 2.206236e+01.
  Coordinate descent sweep 1. norm of D = 9.081316e-04, change in D = 9.081316e-04.
  Coordinate descent sweep 2. norm of D = 1.289784e-03, change in D = 4.556443e-04.
  Coordinate descent sweep 3. norm of D = 1.632104e-03, change in D = 3.541481e-04.
  Coordinate descent sweep 4. norm of D = 1.784213e-03, change in D = 1.575394e-04.
    Line search step size chosen: 1.000000e+00.
  Objective value decreased by 7.597009e-08.
QUIC CPU time: 1207.843 seconds
