[1] "sra_normal"    "200"           "pooling_first" "0.38"         
[1] "Data read complete"
Running QUIC version 1.1 in 'default' mode.
Newton iteration 1.
  X is a diagonal matrix.
    Line search step size chosen: 1.000000e+00.
  Objective value decreased by 2.447565e+00.
Newton iteration 2.
  Active set size = 5982.
  sub-gradient = 2.890383e+01, l1-norm of X = 1.469696e+01.
  Coordinate descent sweep 1. norm of D = 6.604813e+00, change in D = 6.604813e+00.
    Line search step size chosen: 1.000000e+00.
  Objective value decreased by 5.704310e-01.
Newton iteration 3.
  Active set size = 5973.
  sub-gradient = 9.923465e+00, l1-norm of X = 1.400832e+01.
  Coordinate descent sweep 1. norm of D = 2.302664e+00, change in D = 2.302664e+00.
  Coordinate descent sweep 2. norm of D = 2.592439e+00, change in D = 8.586833e-01.
    Line search step size chosen: 1.000000e+00.
  Objective value decreased by 2.087928e-01.
Newton iteration 4.
  Active set size = 5971.
  sub-gradient = 3.509809e+00, l1-norm of X = 1.428360e+01.
  Coordinate descent sweep 1. norm of D = 1.177489e+00, change in D = 1.177489e+00.
  Coordinate descent sweep 2. norm of D = 1.158397e+00, change in D = 5.581598e-01.
    Line search step size chosen: 1.000000e+00.
  Objective value decreased by 9.078816e-02.
Newton iteration 5.
  Active set size = 5972.
  sub-gradient = 8.343705e-01, l1-norm of X = 1.418580e+01.
  Coordinate descent sweep 1. norm of D = 3.969321e-01, change in D = 3.969321e-01.
  Coordinate descent sweep 2. norm of D = 5.288273e-01, change in D = 2.549599e-01.
    Line search step size chosen: 1.000000e+00.
  Objective value decreased by 1.386681e-02.
Newton iteration 6.
  Active set size = 5971.
  sub-gradient = 1.678750e-01, l1-norm of X = 1.412501e+01.
  Coordinate descent sweep 1. norm of D = 1.603929e-01, change in D = 1.603929e-01.
  Coordinate descent sweep 2. norm of D = 1.973325e-01, change in D = 7.487785e-02.
  Coordinate descent sweep 3. norm of D = 2.106839e-01, change in D = 3.087949e-02.
    Line search step size chosen: 1.000000e+00.
  Objective value decreased by 1.979278e-03.
Newton iteration 7.
  Active set size = 5971.
  sub-gradient = 1.100211e-02, l1-norm of X = 1.411849e+01.
  Coordinate descent sweep 1. norm of D = 1.189224e-02, change in D = 1.189224e-02.
  Coordinate descent sweep 2. norm of D = 1.507883e-02, change in D = 6.777781e-03.
  Coordinate descent sweep 3. norm of D = 1.728938e-02, change in D = 3.148467e-03.
    Line search step size chosen: 1.000000e+00.
  Objective value decreased by 1.043141e-05.
Newton iteration 8.
  Active set size = 5971.
  sub-gradient = 1.071389e-03, l1-norm of X = 1.412139e+01.
  Coordinate descent sweep 1. norm of D = 1.171633e-03, change in D = 1.171633e-03.
  Coordinate descent sweep 2. norm of D = 1.419964e-03, change in D = 4.935589e-04.
  Coordinate descent sweep 3. norm of D = 1.676821e-03, change in D = 3.627013e-04.
    Line search step size chosen: 1.000000e+00.
  Objective value decreased by 8.068491e-08.
QUIC CPU time: 1067.907 seconds
