[1] "sra_normal"       "450"              "correcting_first" "0.08"            
[1] "Data read complete"
Running QUIC version 1.1 in 'default' mode.
Newton iteration 1.
  X is a diagonal matrix.
    Line search step size 1.000000e+00.  Lack of positive definiteness.
    Line search step size 5.000000e-01.  Lack of positive definiteness.
    Line search step size 2.500000e-01.  Lack of positive definiteness.
    Line search step size 1.250000e-01.  Lack of positive definiteness.
    Line search step size 6.250000e-02.  Lack of positive definiteness.
    Line search step size chosen: 3.125000e-02.
  Objective value decreased by 8.913681e+01.
Newton iteration 2.
  Active set size = 615054.
  sub-gradient = 1.805800e+04, l1-norm of X = 9.472146e+01.
  Coordinate descent sweep 1. norm of D = 1.153843e+04, change in D = 1.153843e+04.
    Line search step size 1.000000e+00.  Lack of positive definiteness.
    Line search step size 5.000000e-01.  Lack of positive definiteness.
    Line search step size 2.500000e-01.  Lack of positive definiteness.
    Line search step size 1.250000e-01.  Lack of positive definiteness.
    Line search step size chosen: 6.250000e-02.
  Objective value decreased by 9.400768e+01.
Newton iteration 3.
  Active set size = 621849.
  sub-gradient = 1.335896e+04, l1-norm of X = 2.081694e+02.
  Coordinate descent sweep 1. norm of D = 4.625278e+03, change in D = 4.625278e+03.
  Coordinate descent sweep 2. norm of D = 4.064378e+03, change in D = 1.281613e+03.
    Line search step size 1.000000e+00.  Lack of positive definiteness.
    Line search step size 5.000000e-01.  Lack of positive definiteness.
    Line search step size 2.500000e-01.  Lack of positive definiteness.
    Line search step size chosen: 1.250000e-01.
  Objective value decreased by 4.604587e+01.
Newton iteration 4.
  Active set size = 621500.
  sub-gradient = 1.124350e+04, l1-norm of X = 2.647752e+02.
  Coordinate descent sweep 1. norm of D = 3.208502e+03, change in D = 3.208502e+03.
  Coordinate descent sweep 2. norm of D = 2.953070e+03, change in D = 8.843393e+02.
    Line search step size 1.000000e+00.  Lack of positive definiteness.
    Line search step size 5.000000e-01.  Lack of positive definiteness.
    Line search step size chosen: 2.500000e-01.
  Objective value decreased by 4.906835e+01.
Newton iteration 5.
  Active set size = 625163.
  sub-gradient = 9.967228e+03, l1-norm of X = 3.286858e+02.
  Coordinate descent sweep 1. norm of D = 2.003885e+03, change in D = 2.003885e+03.
  Coordinate descent sweep 2. norm of D = 1.995574e+03, change in D = 5.642949e+02.
    Line search step size 1.000000e+00.  Lack of positive definiteness.
    Line search step size chosen: 5.000000e-01.
  Objective value decreased by 4.051437e+01.
Newton iteration 6.
  Active set size = 627867.
  sub-gradient = 1.241336e+04, l1-norm of X = 3.849644e+02.
  Coordinate descent sweep 1. norm of D = 9.936406e+02, change in D = 9.936406e+02.
  Coordinate descent sweep 2. norm of D = 1.074494e+03, change in D = 3.245594e+02.
  Coordinate descent sweep 3. norm of D = 1.114841e+03, change in D = 1.421778e+02.
    Line search step size chosen: 1.000000e+00.
  Objective value decreased by 2.317432e+01.
Newton iteration 7.
  Active set size = 177261.
  sub-gradient = 7.081541e+02, l1-norm of X = 4.272272e+02.
  Coordinate descent sweep 1. norm of D = 1.264455e+02, change in D = 1.264455e+02.
  Coordinate descent sweep 2. norm of D = 1.442997e+02, change in D = 7.944361e+01.
  Coordinate descent sweep 3. norm of D = 1.563977e+02, change in D = 4.769663e+01.
    Line search step size chosen: 1.000000e+00.
  Objective value decreased by 1.162318e+00.
Newton iteration 8.
  Active set size = 170441.
  sub-gradient = 9.594681e+01, l1-norm of X = 4.295496e+02.
  Coordinate descent sweep 1. norm of D = 3.402686e+01, change in D = 3.402686e+01.
  Coordinate descent sweep 2. norm of D = 4.008838e+01, change in D = 2.411351e+01.
  Coordinate descent sweep 3. norm of D = 4.352406e+01, change in D = 1.692288e+01.
    Line search step size chosen: 1.000000e+00.
  Objective value decreased by 2.083379e-01.
Newton iteration 9.
  Active set size = 169663.
  sub-gradient = 1.507399e+01, l1-norm of X = 4.302437e+02.
  Coordinate descent sweep 1. norm of D = 1.253271e+01, change in D = 1.253271e+01.
  Coordinate descent sweep 2. norm of D = 1.521990e+01, change in D = 9.941360e+00.
  Coordinate descent sweep 3. norm of D = 1.638938e+01, change in D = 7.705442e+00.
  Coordinate descent sweep 4. norm of D = 1.739357e+01, change in D = 6.034333e+00.
    Line search step size chosen: 1.000000e+00.
  Objective value decreased by 7.109403e-02.
Newton iteration 10.
  Active set size = 169501.
  sub-gradient = 5.703314e+00, l1-norm of X = 4.305107e+02.
  Coordinate descent sweep 1. norm of D = 5.084522e+00, change in D = 5.084522e+00.
  Coordinate descent sweep 2. norm of D = 5.958279e+00, change in D = 4.026696e+00.
  Coordinate descent sweep 3. norm of D = 6.359836e+00, change in D = 3.297979e+00.
  Coordinate descent sweep 4. norm of D = 6.867138e+00, change in D = 2.898935e+00.
    Line search step size chosen: 1.000000e+00.
  Objective value decreased by 2.598464e-02.
Newton iteration 11.
  Active set size = 169418.
  sub-gradient = 2.436956e+00, l1-norm of X = 4.306099e+02.
  Coordinate descent sweep 1. norm of D = 2.462138e+00, change in D = 2.462138e+00.
  Coordinate descent sweep 2. norm of D = 2.926916e+00, change in D = 2.053340e+00.
  Coordinate descent sweep 3. norm of D = 3.180351e+00, change in D = 1.762968e+00.
  Coordinate descent sweep 4. norm of D = 3.399951e+00, change in D = 1.567504e+00.
    Line search step size chosen: 1.000000e+00.
  Objective value decreased by 1.144499e-02.
Newton iteration 12.
  Active set size = 169400.
  sub-gradient = 1.166644e+00, l1-norm of X = 4.306659e+02.
  Coordinate descent sweep 1. norm of D = 1.290793e+00, change in D = 1.290793e+00.
  Coordinate descent sweep 2. norm of D = 1.512864e+00, change in D = 1.122947e+00.
  Coordinate descent sweep 3. norm of D = 1.706170e+00, change in D = 1.022070e+00.
  Coordinate descent sweep 4. norm of D = 1.803793e+00, change in D = 8.611977e-01.
  Coordinate descent sweep 5. norm of D = 1.907824e+00, change in D = 7.524858e-01.
    Line search step size chosen: 1.000000e+00.
  Objective value decreased by 5.918106e-03.
Newton iteration 13.
  Active set size = 169380.
  sub-gradient = 8.444903e-01, l1-norm of X = 4.306964e+02.
  Coordinate descent sweep 1. norm of D = 6.909671e-01, change in D = 6.909671e-01.
  Coordinate descent sweep 2. norm of D = 8.146594e-01, change in D = 6.225790e-01.
  Coordinate descent sweep 3. norm of D = 8.993375e-01, change in D = 5.445010e-01.
  Coordinate descent sweep 4. norm of D = 9.296960e-01, change in D = 4.514785e-01.
  Coordinate descent sweep 5. norm of D = 9.905958e-01, change in D = 4.274823e-01.
    Line search step size chosen: 1.000000e+00.
  Objective value decreased by 2.284567e-03.
Newton iteration 14.
  Active set size = 169371.
  sub-gradient = 3.532453e-01, l1-norm of X = 4.307181e+02.
  Coordinate descent sweep 1. norm of D = 3.906563e-01, change in D = 3.906563e-01.
  Coordinate descent sweep 2. norm of D = 4.686232e-01, change in D = 3.489822e-01.
  Coordinate descent sweep 3. norm of D = 4.966409e-01, change in D = 2.824878e-01.
  Coordinate descent sweep 4. norm of D = 5.724509e-01, change in D = 3.030176e-01.
  Coordinate descent sweep 5. norm of D = 5.790967e-01, change in D = 2.725769e-01.
    Line search step size chosen: 1.000000e+00.
  Objective value decreased by 9.304313e-04.
Newton iteration 15.
  Active set size = 169371.
  sub-gradient = 1.864433e-01, l1-norm of X = 4.307279e+02.
  Coordinate descent sweep 1. norm of D = 2.247853e-01, change in D = 2.247853e-01.
  Coordinate descent sweep 2. norm of D = 2.692651e-01, change in D = 1.968356e-01.
  Coordinate descent sweep 3. norm of D = 2.949976e-01, change in D = 1.892895e-01.
  Coordinate descent sweep 4. norm of D = 3.158266e-01, change in D = 1.737291e-01.
  Coordinate descent sweep 5. norm of D = 3.321905e-01, change in D = 1.610440e-01.
  Coordinate descent sweep 6. norm of D = 3.574770e-01, change in D = 1.466528e-01.
    Line search step size chosen: 1.000000e+00.
  Objective value decreased by 4.391799e-04.
Newton iteration 16.
  Active set size = 169370.
  sub-gradient = 1.499824e-01, l1-norm of X = 4.307350e+02.
  Coordinate descent sweep 1. norm of D = 1.398055e-01, change in D = 1.398055e-01.
  Coordinate descent sweep 2. norm of D = 1.624705e-01, change in D = 1.195926e-01.
  Coordinate descent sweep 3. norm of D = 1.816250e-01, change in D = 1.128190e-01.
  Coordinate descent sweep 4. norm of D = 1.871165e-01, change in D = 9.370815e-02.
  Coordinate descent sweep 5. norm of D = 2.026858e-01, change in D = 8.836386e-02.
  Coordinate descent sweep 6. norm of D = 2.143707e-01, change in D = 8.135587e-02.
    Line search step size chosen: 1.000000e+00.
  Objective value decreased by 2.013872e-04.
Newton iteration 17.
  Active set size = 169367.
  sub-gradient = 7.421826e-02, l1-norm of X = 4.307397e+02.
  Coordinate descent sweep 1. norm of D = 7.045004e-02, change in D = 7.045004e-02.
  Coordinate descent sweep 2. norm of D = 9.018646e-02, change in D = 7.193646e-02.
  Coordinate descent sweep 3. norm of D = 1.020550e-01, change in D = 6.887959e-02.
  Coordinate descent sweep 4. norm of D = 1.056617e-01, change in D = 5.780068e-02.
  Coordinate descent sweep 5. norm of D = 1.084587e-01, change in D = 4.419313e-02.
  Coordinate descent sweep 6. norm of D = 1.166387e-01, change in D = 4.252549e-02.
    Line search step size chosen: 1.000000e+00.
  Objective value decreased by 7.217600e-05.
Newton iteration 18.
  Active set size = 169366.
  sub-gradient = 3.661266e-02, l1-norm of X = 4.307423e+02.
  Coordinate descent sweep 1. norm of D = 4.083681e-02, change in D = 4.083681e-02.
  Coordinate descent sweep 2. norm of D = 4.525244e-02, change in D = 3.378613e-02.
  Coordinate descent sweep 3. norm of D = 5.357790e-02, change in D = 3.473840e-02.
  Coordinate descent sweep 4. norm of D = 5.784187e-02, change in D = 3.054949e-02.
  Coordinate descent sweep 5. norm of D = 6.351827e-02, change in D = 2.950271e-02.
  Coordinate descent sweep 6. norm of D = 6.470683e-02, change in D = 2.576988e-02.
  Coordinate descent sweep 7. norm of D = 6.872304e-02, change in D = 2.397629e-02.
    Line search step size chosen: 1.000000e+00.
  Objective value decreased by 3.094293e-05.
QUIC CPU time: 4238.570 seconds
