[1] "sra_normal"       "450"              "correcting_first" "0.14"            
[1] "Data read complete"
Running QUIC version 1.1 in 'default' mode.
Newton iteration 1.
  X is a diagonal matrix.
    Line search step size 1.000000e+00.  Lack of positive definiteness.
    Line search step size 5.000000e-01.  Lack of positive definiteness.
    Line search step size 2.500000e-01.  Lack of positive definiteness.
    Line search step size 1.250000e-01.  Lack of positive definiteness.
    Line search step size chosen: 6.250000e-02.
  Objective value decreased by 4.505526e+01.
Newton iteration 2.
  Active set size = 92716.
  sub-gradient = 3.364686e+03, l1-norm of X = 6.573906e+01.
  Coordinate descent sweep 1. norm of D = 2.252099e+03, change in D = 2.252099e+03.
    Line search step size 1.000000e+00.  Lack of positive definiteness.
    Line search step size 5.000000e-01.  Lack of positive definiteness.
    Line search step size 2.500000e-01.  Lack of positive definiteness.
    Line search step size chosen: 1.250000e-01.
  Objective value decreased by 4.003946e+01.
Newton iteration 3.
  Active set size = 92732.
  sub-gradient = 2.418991e+03, l1-norm of X = 1.412670e+02.
  Coordinate descent sweep 1. norm of D = 1.160190e+03, change in D = 1.160190e+03.
  Coordinate descent sweep 2. norm of D = 1.063146e+03, change in D = 3.010380e+02.
    Line search step size 1.000000e+00.  Lack of positive definiteness.
    Line search step size 5.000000e-01.  Lack of positive definiteness.
    Line search step size chosen: 2.500000e-01.
  Objective value decreased by 2.451751e+01.
Newton iteration 4.
  Active set size = 92815.
  sub-gradient = 1.682895e+03, l1-norm of X = 1.930549e+02.
  Coordinate descent sweep 1. norm of D = 7.305355e+02, change in D = 7.305355e+02.
  Coordinate descent sweep 2. norm of D = 7.222337e+02, change in D = 2.017940e+02.
    Line search step size 1.000000e+00.  Lack of positive definiteness.
    Line search step size chosen: 5.000000e-01.
  Objective value decreased by 1.954920e+01.
Newton iteration 5.
  Active set size = 93404.
  sub-gradient = 1.181821e+03, l1-norm of X = 2.452360e+02.
  Coordinate descent sweep 1. norm of D = 3.492584e+02, change in D = 3.492584e+02.
  Coordinate descent sweep 2. norm of D = 3.841261e+02, change in D = 1.100718e+02.
    Line search step size chosen: 1.000000e+00.
  Objective value decreased by 8.637508e+00.
Newton iteration 6.
  Active set size = 49260.
  sub-gradient = 1.133569e+02, l1-norm of X = 2.802937e+02.
  Coordinate descent sweep 1. norm of D = 6.175866e+01, change in D = 6.175866e+01.
  Coordinate descent sweep 2. norm of D = 7.433162e+01, change in D = 3.404874e+01.
  Coordinate descent sweep 3. norm of D = 8.108794e+01, change in D = 1.939219e+01.
    Line search step size chosen: 1.000000e+00.
  Objective value decreased by 8.264214e-01.
Newton iteration 7.
  Active set size = 47778.
  sub-gradient = 1.851629e+01, l1-norm of X = 2.835089e+02.
  Coordinate descent sweep 1. norm of D = 1.355010e+01, change in D = 1.355010e+01.
  Coordinate descent sweep 2. norm of D = 1.660057e+01, change in D = 8.987537e+00.
  Coordinate descent sweep 3. norm of D = 1.860916e+01, change in D = 5.998254e+00.
    Line search step size chosen: 1.000000e+00.
  Objective value decreased by 1.039254e-01.
Newton iteration 8.
  Active set size = 47648.
  sub-gradient = 5.294090e+00, l1-norm of X = 2.841678e+02.
  Coordinate descent sweep 1. norm of D = 4.460032e+00, change in D = 4.460032e+00.
  Coordinate descent sweep 2. norm of D = 5.481135e+00, change in D = 3.143970e+00.
  Coordinate descent sweep 3. norm of D = 6.186203e+00, change in D = 2.322857e+00.
    Line search step size chosen: 1.000000e+00.
  Objective value decreased by 2.323189e-02.
Newton iteration 9.
  Active set size = 47588.
  sub-gradient = 2.133021e+00, l1-norm of X = 2.843702e+02.
  Coordinate descent sweep 1. norm of D = 1.759520e+00, change in D = 1.759520e+00.
  Coordinate descent sweep 2. norm of D = 2.256190e+00, change in D = 1.427348e+00.
  Coordinate descent sweep 3. norm of D = 2.507735e+00, change in D = 1.031196e+00.
  Coordinate descent sweep 4. norm of D = 2.728687e+00, change in D = 7.936157e-01.
    Line search step size chosen: 1.000000e+00.
  Objective value decreased by 9.539554e-03.
Newton iteration 10.
  Active set size = 47556.
  sub-gradient = 6.699866e-01, l1-norm of X = 2.844599e+02.
  Coordinate descent sweep 1. norm of D = 6.498945e-01, change in D = 6.498945e-01.
  Coordinate descent sweep 2. norm of D = 7.765001e-01, change in D = 4.955466e-01.
  Coordinate descent sweep 3. norm of D = 9.161075e-01, change in D = 4.204081e-01.
  Coordinate descent sweep 4. norm of D = 1.010125e+00, change in D = 3.270899e-01.
    Line search step size chosen: 1.000000e+00.
  Objective value decreased by 2.836152e-03.
Newton iteration 11.
  Active set size = 47546.
  sub-gradient = 2.792441e-01, l1-norm of X = 2.845037e+02.
  Coordinate descent sweep 1. norm of D = 2.553857e-01, change in D = 2.553857e-01.
  Coordinate descent sweep 2. norm of D = 3.359798e-01, change in D = 2.242147e-01.
  Coordinate descent sweep 3. norm of D = 3.994997e-01, change in D = 1.906149e-01.
  Coordinate descent sweep 4. norm of D = 4.363976e-01, change in D = 1.487603e-01.
    Line search step size chosen: 1.000000e+00.
  Objective value decreased by 8.387044e-04.
Newton iteration 12.
  Active set size = 47545.
  sub-gradient = 1.156973e-01, l1-norm of X = 2.845229e+02.
  Coordinate descent sweep 1. norm of D = 1.233147e-01, change in D = 1.233147e-01.
  Coordinate descent sweep 2. norm of D = 1.497316e-01, change in D = 1.023867e-01.
  Coordinate descent sweep 3. norm of D = 1.800640e-01, change in D = 9.027429e-02.
  Coordinate descent sweep 4. norm of D = 2.032268e-01, change in D = 7.522136e-02.
  Coordinate descent sweep 5. norm of D = 2.168689e-01, change in D = 6.159976e-02.
    Line search step size chosen: 1.000000e+00.
  Objective value decreased by 2.879908e-04.
Newton iteration 13.
  Active set size = 47545.
  sub-gradient = 4.883577e-02, l1-norm of X = 2.845340e+02.
  Coordinate descent sweep 1. norm of D = 4.940889e-02, change in D = 4.940889e-02.
  Coordinate descent sweep 2. norm of D = 7.139365e-02, change in D = 4.588625e-02.
  Coordinate descent sweep 3. norm of D = 8.488374e-02, change in D = 3.793027e-02.
  Coordinate descent sweep 4. norm of D = 9.253584e-02, change in D = 3.003857e-02.
  Coordinate descent sweep 5. norm of D = 1.004355e-01, change in D = 2.679576e-02.
    Line search step size chosen: 1.000000e+00.
  Objective value decreased by 7.897918e-05.
Newton iteration 14.
  Active set size = 47545.
  sub-gradient = 2.140633e-02, l1-norm of X = 2.845395e+02.
  Coordinate descent sweep 1. norm of D = 2.291101e-02, change in D = 2.291101e-02.
  Coordinate descent sweep 2. norm of D = 2.957247e-02, change in D = 1.822395e-02.
  Coordinate descent sweep 3. norm of D = 3.568525e-02, change in D = 1.568560e-02.
  Coordinate descent sweep 4. norm of D = 4.002146e-02, change in D = 1.235365e-02.
  Coordinate descent sweep 5. norm of D = 4.338134e-02, change in D = 1.089883e-02.
    Line search step size chosen: 1.000000e+00.
  Objective value decreased by 1.791908e-05.
QUIC CPU time: 1806.760 seconds
