[1] "sra_normal" "450"        "0.50"      
[1] "Data read complete"
Running QUIC version 1.1 in 'default' mode.
Newton iteration 1.
  X is a diagonal matrix.
    Line search step size chosen: 1.000000e+00.
  Objective value decreased by 6.883875e-01.
Newton iteration 2.
  Active set size = 5884.
  sub-gradient = 2.425466e+00, l1-norm of X = 5.924626e+00.
  Coordinate descent sweep 1. norm of D = 1.772009e+00, change in D = 1.772009e+00.
    Line search step size chosen: 1.000000e+00.
  Objective value decreased by 4.264217e-02.
Newton iteration 3.
  Active set size = 5879.
  sub-gradient = 3.531190e-01, l1-norm of X = 5.548275e+00.
  Coordinate descent sweep 1. norm of D = 3.754865e-01, change in D = 3.754865e-01.
  Coordinate descent sweep 2. norm of D = 4.500731e-01, change in D = 9.536747e-02.
    Line search step size chosen: 1.000000e+00.
  Objective value decreased by 4.623324e-03.
Newton iteration 4.
  Active set size = 5878.
  sub-gradient = 3.453547e-02, l1-norm of X = 5.715072e+00.
  Coordinate descent sweep 1. norm of D = 4.470679e-02, change in D = 4.470679e-02.
  Coordinate descent sweep 2. norm of D = 5.647947e-02, change in D = 1.349702e-02.
    Line search step size chosen: 1.000000e+00.
  Objective value decreased by 1.209769e-04.
Newton iteration 5.
  Active set size = 5878.
  sub-gradient = 3.274601e-03, l1-norm of X = 5.733373e+00.
  Coordinate descent sweep 1. norm of D = 3.224081e-03, change in D = 3.224081e-03.
  Coordinate descent sweep 2. norm of D = 5.248153e-03, change in D = 2.405455e-03.
    Line search step size chosen: 1.000000e+00.
  Objective value decreased by 2.018896e-06.
Newton iteration 6.
  Active set size = 5878.
  sub-gradient = 6.632350e-04, l1-norm of X = 5.735781e+00.
  Coordinate descent sweep 1. norm of D = 7.532671e-04, change in D = 7.532671e-04.
  Coordinate descent sweep 2. norm of D = 1.262192e-03, change in D = 6.366712e-04.
  Coordinate descent sweep 3. norm of D = 1.459251e-03, change in D = 1.988942e-04.
    Line search step size chosen: 1.000000e+00.
  Objective value decreased by 1.962671e-07.
Newton iteration 7.
  Active set size = 5878.
  sub-gradient = 3.971539e-05, l1-norm of X = 5.736462e+00.
  Coordinate descent sweep 1. norm of D = 4.062519e-05, change in D = 4.062519e-05.
  Coordinate descent sweep 2. norm of D = 7.242975e-05, change in D = 3.262900e-05.
  Coordinate descent sweep 3. norm of D = 9.121546e-05, change in D = 1.880162e-05.
    Line search step size chosen: 1.000000e+00.
  Objective value decreased by 8.731149e-10.
QUIC CPU time: 546.970 seconds
