[1] "GTEx"          "10"            "pooling_first" "0.26"         
[1] "Data read complete"
Running QUIC version 1.1 in 'default' mode.
Newton iteration 1.
  X is a diagonal matrix.
    Line search step size 1.000000e+00.  Lack of positive definiteness.
    Line search step size 5.000000e-01.  Lack of positive definiteness.
    Line search step size 2.500000e-01.  Lack of positive definiteness.
    Line search step size 1.250000e-01.  Lack of positive definiteness.
    Line search step size chosen: 6.250000e-02.
  Objective value decreased by 2.196147e+01.
Newton iteration 2.
  Active set size = 15229.
  sub-gradient = 5.424357e+03, l1-norm of X = 3.122549e+01.
  Coordinate descent sweep 1. norm of D = 3.522230e+02, change in D = 3.522230e+02.
    Line search step size 1.000000e+00.  Lack of positive definiteness.
    Line search step size 5.000000e-01.  Lack of positive definiteness.
    Line search step size chosen: 2.500000e-01.
  Objective value decreased by 2.211863e+01.
Newton iteration 3.
  Active set size = 15163.
  sub-gradient = 4.382560e+03, l1-norm of X = 7.363088e+01.
  Coordinate descent sweep 1. norm of D = 2.067276e+02, change in D = 2.067276e+02.
  Coordinate descent sweep 2. norm of D = 2.237556e+02, change in D = 5.145031e+01.
    Line search step size chosen: 1.000000e+00.
  Objective value decreased by 1.953383e+01.
Newton iteration 4.
  Active set size = 12894.
  sub-gradient = 1.725404e+03, l1-norm of X = 1.458077e+02.
  Coordinate descent sweep 1. norm of D = 6.184399e+01, change in D = 6.184399e+01.
  Coordinate descent sweep 2. norm of D = 7.291486e+01, change in D = 3.294616e+01.
    Line search step size chosen: 1.000000e+00.
  Objective value decreased by 4.215712e+00.
Newton iteration 5.
  Active set size = 11869.
  sub-gradient = 6.155039e+02, l1-norm of X = 1.479201e+02.
  Coordinate descent sweep 1. norm of D = 3.184767e+01, change in D = 3.184767e+01.
  Coordinate descent sweep 2. norm of D = 4.196532e+01, change in D = 2.084176e+01.
    Line search step size chosen: 1.000000e+00.
  Objective value decreased by 2.343704e+00.
Newton iteration 6.
  Active set size = 11495.
  sub-gradient = 1.968669e+02, l1-norm of X = 1.510953e+02.
  Coordinate descent sweep 1. norm of D = 2.141839e+01, change in D = 2.141839e+01.
  Coordinate descent sweep 2. norm of D = 2.878869e+01, change in D = 1.536775e+01.
  Coordinate descent sweep 3. norm of D = 3.430263e+01, change in D = 1.118981e+01.
    Line search step size chosen: 1.000000e+00.
  Objective value decreased by 1.749423e+00.
Newton iteration 7.
  Active set size = 11320.
  sub-gradient = 5.842972e+01, l1-norm of X = 1.548486e+02.
  Coordinate descent sweep 1. norm of D = 1.266619e+01, change in D = 1.266619e+01.
  Coordinate descent sweep 2. norm of D = 1.727726e+01, change in D = 9.575092e+00.
  Coordinate descent sweep 3. norm of D = 2.039465e+01, change in D = 7.134483e+00.
    Line search step size chosen: 1.000000e+00.
  Objective value decreased by 6.458574e-01.
Newton iteration 8.
  Active set size = 11259.
  sub-gradient = 8.518643e+00, l1-norm of X = 1.569139e+02.
  Coordinate descent sweep 1. norm of D = 6.729166e+00, change in D = 6.729166e+00.
  Coordinate descent sweep 2. norm of D = 9.718511e+00, change in D = 5.625353e+00.
  Coordinate descent sweep 3. norm of D = 1.182805e+01, change in D = 4.459488e+00.
    Line search step size chosen: 1.000000e+00.
  Objective value decreased by 1.928938e-01.
Newton iteration 9.
  Active set size = 11216.
  sub-gradient = 4.889736e+00, l1-norm of X = 1.579760e+02.
  Coordinate descent sweep 1. norm of D = 3.578783e+00, change in D = 3.578783e+00.
  Coordinate descent sweep 2. norm of D = 5.100468e+00, change in D = 2.904002e+00.
  Coordinate descent sweep 3. norm of D = 6.334838e+00, change in D = 2.441251e+00.
  Coordinate descent sweep 4. norm of D = 7.174083e+00, change in D = 1.879594e+00.
    Line search step size chosen: 1.000000e+00.
  Objective value decreased by 6.382923e-02.
Newton iteration 10.
  Active set size = 11194.
  sub-gradient = 1.543867e+00, l1-norm of X = 1.585928e+02.
  Coordinate descent sweep 1. norm of D = 1.615435e+00, change in D = 1.615435e+00.
  Coordinate descent sweep 2. norm of D = 2.304543e+00, change in D = 1.340078e+00.
  Coordinate descent sweep 3. norm of D = 2.780473e+00, change in D = 1.126430e+00.
  Coordinate descent sweep 4. norm of D = 3.291278e+00, change in D = 9.821996e-01.
    Line search step size chosen: 1.000000e+00.
  Objective value decreased by 1.573360e-02.
Newton iteration 11.
  Active set size = 11180.
  sub-gradient = 9.795399e-01, l1-norm of X = 1.588608e+02.
  Coordinate descent sweep 1. norm of D = 8.157209e-01, change in D = 8.157209e-01.
  Coordinate descent sweep 2. norm of D = 1.129203e+00, change in D = 6.620366e-01.
  Coordinate descent sweep 3. norm of D = 1.412804e+00, change in D = 5.588088e-01.
  Coordinate descent sweep 4. norm of D = 1.596845e+00, change in D = 4.512207e-01.
    Line search step size chosen: 1.000000e+00.
  Objective value decreased by 4.303447e-03.
Newton iteration 12.
  Active set size = 11174.
  sub-gradient = 4.236782e-01, l1-norm of X = 1.590070e+02.
  Coordinate descent sweep 1. norm of D = 3.974115e-01, change in D = 3.974115e-01.
  Coordinate descent sweep 2. norm of D = 5.771246e-01, change in D = 3.428565e-01.
  Coordinate descent sweep 3. norm of D = 7.018809e-01, change in D = 2.946355e-01.
  Coordinate descent sweep 4. norm of D = 8.027369e-01, change in D = 2.428331e-01.
  Coordinate descent sweep 5. norm of D = 8.898955e-01, change in D = 2.217214e-01.
    Line search step size chosen: 1.000000e+00.
  Objective value decreased by 1.536815e-03.
Newton iteration 13.
  Active set size = 11173.
  sub-gradient = 2.594190e-01, l1-norm of X = 1.590810e+02.
  Coordinate descent sweep 1. norm of D = 1.941205e-01, change in D = 1.941205e-01.
  Coordinate descent sweep 2. norm of D = 2.714563e-01, change in D = 1.690828e-01.
  Coordinate descent sweep 3. norm of D = 3.465752e-01, change in D = 1.504836e-01.
  Coordinate descent sweep 4. norm of D = 3.959829e-01, change in D = 1.288926e-01.
  Coordinate descent sweep 5. norm of D = 4.435251e-01, change in D = 1.148713e-01.
    Line search step size chosen: 1.000000e+00.
  Objective value decreased by 5.289154e-04.
Newton iteration 14.
  Active set size = 11170.
  sub-gradient = 1.050441e-01, l1-norm of X = 1.591153e+02.
  Coordinate descent sweep 1. norm of D = 9.419776e-02, change in D = 9.419776e-02.
  Coordinate descent sweep 2. norm of D = 1.407199e-01, change in D = 8.506784e-02.
  Coordinate descent sweep 3. norm of D = 1.693321e-01, change in D = 6.747631e-02.
  Coordinate descent sweep 4. norm of D = 1.996298e-01, change in D = 6.871491e-02.
  Coordinate descent sweep 5. norm of D = 2.235550e-01, change in D = 5.598017e-02.
    Line search step size chosen: 1.000000e+00.
  Objective value decreased by 1.770286e-04.
Newton iteration 15.
  Active set size = 11169.
  sub-gradient = 6.189433e-02, l1-norm of X = 1.591348e+02.
  Coordinate descent sweep 1. norm of D = 5.561343e-02, change in D = 5.561343e-02.
  Coordinate descent sweep 2. norm of D = 7.820728e-02, change in D = 4.412505e-02.
  Coordinate descent sweep 3. norm of D = 9.092473e-02, change in D = 3.779301e-02.
  Coordinate descent sweep 4. norm of D = 1.109259e-01, change in D = 3.803606e-02.
  Coordinate descent sweep 5. norm of D = 1.224512e-01, change in D = 3.106126e-02.
  Coordinate descent sweep 6. norm of D = 1.322666e-01, change in D = 2.781469e-02.
    Line search step size chosen: 1.000000e+00.
  Objective value decreased by 7.546776e-05.
Newton iteration 16.
  Active set size = 11170.
  sub-gradient = 3.862205e-02, l1-norm of X = 1.591466e+02.
  Coordinate descent sweep 1. norm of D = 2.465326e-02, change in D = 2.465326e-02.
  Coordinate descent sweep 2. norm of D = 3.624155e-02, change in D = 2.324216e-02.
  Coordinate descent sweep 3. norm of D = 4.502690e-02, change in D = 1.945086e-02.
  Coordinate descent sweep 4. norm of D = 5.260412e-02, change in D = 1.922215e-02.
  Coordinate descent sweep 5. norm of D = 5.875153e-02, change in D = 1.523422e-02.
  Coordinate descent sweep 6. norm of D = 6.494642e-02, change in D = 1.545662e-02.
    Line search step size chosen: 1.000000e+00.
  Objective value decreased by 2.367431e-05.
Newton iteration 17.
  Active set size = 11170.
  sub-gradient = 1.043873e-02, l1-norm of X = 1.591530e+02.
  Coordinate descent sweep 1. norm of D = 1.222344e-02, change in D = 1.222344e-02.
  Coordinate descent sweep 2. norm of D = 1.929540e-02, change in D = 1.240849e-02.
  Coordinate descent sweep 3. norm of D = 2.406520e-02, change in D = 9.496293e-03.
  Coordinate descent sweep 4. norm of D = 2.733888e-02, change in D = 7.492839e-03.
  Coordinate descent sweep 5. norm of D = 3.078091e-02, change in D = 7.044485e-03.
  Coordinate descent sweep 6. norm of D = 3.310762e-02, change in D = 5.957099e-03.
    Line search step size chosen: 1.000000e+00.
  Objective value decreased by 8.094063e-06.
QUIC CPU time: 2349.585 seconds
