[1] "GTEx"          "10"            "pooling_first" "0.76"         
[1] "Data read complete"
Running QUIC version 1.1 in 'default' mode.
Newton iteration 1.
  X is a diagonal matrix.
    Line search step size chosen: 1.000000e+00.
  Objective value decreased by 3.141466e-01.
Newton iteration 2.
  Active set size = 5849.
  sub-gradient = 9.901988e-01, l1-norm of X = 4.787946e+00.
  Coordinate descent sweep 1. norm of D = 7.938472e-01, change in D = 7.938472e-01.
    Line search step size chosen: 1.000000e+00.
  Objective value decreased by 1.117937e-02.
Newton iteration 3.
  Active set size = 5849.
  sub-gradient = 1.066300e-01, l1-norm of X = 4.553335e+00.
  Coordinate descent sweep 1. norm of D = 1.069460e-01, change in D = 1.069460e-01.
  Coordinate descent sweep 2. norm of D = 1.300452e-01, change in D = 2.691689e-02.
    Line search step size chosen: 1.000000e+00.
  Objective value decreased by 5.626161e-04.
Newton iteration 4.
  Active set size = 5849.
  sub-gradient = 4.744624e-03, l1-norm of X = 4.641995e+00.
  Coordinate descent sweep 1. norm of D = 5.352113e-03, change in D = 5.352113e-03.
  Coordinate descent sweep 2. norm of D = 6.626981e-03, change in D = 1.411696e-03.
    Line search step size chosen: 1.000000e+00.
  Objective value decreased by 1.922389e-06.
Newton iteration 5.
  Active set size = 5849.
  sub-gradient = 3.557369e-04, l1-norm of X = 4.645472e+00.
  Coordinate descent sweep 1. norm of D = 3.733853e-04, change in D = 3.733853e-04.
  Coordinate descent sweep 2. norm of D = 4.754040e-04, change in D = 1.601646e-04.
    Line search step size chosen: 1.000000e+00.
  Objective value decreased by 2.049637e-08.
QUIC CPU time: 731.415 seconds
