[1] "GTEx"          "10"            "pooling_first" "0.88"         
[1] "Data read complete"
Running QUIC version 1.1 in 'default' mode.
Newton iteration 1.
  X is a diagonal matrix.
    Line search step size chosen: 1.000000e+00.
  Objective value decreased by 2.351307e-02.
Newton iteration 2.
  Active set size = 5794.
  sub-gradient = 4.945191e-02, l1-norm of X = 6.143426e-01.
  Coordinate descent sweep 1. norm of D = 4.760524e-02, change in D = 4.760524e-02.
    Line search step size chosen: 1.000000e+00.
  Objective value decreased by 1.645676e-04.
Newton iteration 3.
  Active set size = 5794.
  sub-gradient = 1.665552e-03, l1-norm of X = 6.154718e-01.
  Coordinate descent sweep 1. norm of D = 1.999681e-03, change in D = 1.999681e-03.
  Coordinate descent sweep 2. norm of D = 2.111096e-03, change in D = 1.114944e-04.
    Line search step size chosen: 1.000000e+00.
  Objective value decreased by 8.473608e-07.
Newton iteration 4.
  Active set size = 5794.
  sub-gradient = 1.002674e-05, l1-norm of X = 6.177030e-01.
  Coordinate descent sweep 1. norm of D = 1.027028e-05, change in D = 1.027028e-05.
  Coordinate descent sweep 2. norm of D = 1.134905e-05, change in D = 1.078788e-06.
    Line search step size chosen: 1.000000e+00.
  Objective value decreased by 3.274181e-11.
QUIC CPU time: 603.049 seconds
