[1] "GTEx"          "10"            "pooling_first" "0.90"         
[1] "Data read complete"
Running QUIC version 1.1 in 'default' mode.
Newton iteration 1.
  X is a diagonal matrix.
    Line search step size chosen: 1.000000e+00.
  Objective value decreased by 1.250521e-02.
Newton iteration 2.
  Active set size = 5791.
  sub-gradient = 2.603271e-02, l1-norm of X = 3.884472e-01.
  Coordinate descent sweep 1. norm of D = 2.535341e-02, change in D = 2.535341e-02.
    Line search step size chosen: 1.000000e+00.
  Objective value decreased by 5.949224e-05.
Newton iteration 3.
  Active set size = 5791.
  sub-gradient = 5.826938e-04, l1-norm of X = 3.892290e-01.
  Coordinate descent sweep 1. norm of D = 6.835179e-04, change in D = 6.835179e-04.
  Coordinate descent sweep 2. norm of D = 7.055029e-04, change in D = 2.205743e-05.
    Line search step size chosen: 1.000000e+00.
  Objective value decreased by 1.430153e-07.
Newton iteration 4.
  Active set size = 5791.
  sub-gradient = 1.899434e-06, l1-norm of X = 3.899641e-01.
  Coordinate descent sweep 1. norm of D = 1.945792e-06, change in D = 1.945792e-06.
  Coordinate descent sweep 2. norm of D = 2.116767e-06, change in D = 1.712172e-07.
    Line search step size chosen: 1.000000e+00.
  Objective value decreased by 9.094947e-13.
QUIC CPU time: 603.276 seconds
