[1] "sra_normal"    "1"             "pooling_first" "0.02"         
[1] "Data read complete"
Running QUIC version 1.1 in 'default' mode.
Newton iteration 1.
  X is a diagonal matrix.
    Line search step size 1.000000e+00.  Lack of positive definiteness.
    Line search step size 5.000000e-01.  Lack of positive definiteness.
    Line search step size 2.500000e-01.  Lack of positive definiteness.
    Line search step size 1.250000e-01.  Lack of positive definiteness.
    Line search step size 6.250000e-02.  Lack of positive definiteness.
    Line search step size 3.125000e-02.  Lack of positive definiteness.
    Line search step size 1.562500e-02.  Lack of positive definiteness.
    Line search step size 7.812500e-03.  Lack of positive definiteness.
    Line search step size 3.906250e-03.  Lack of positive definiteness.
    Line search step size 1.953125e-03.  Lack of positive definiteness.
    Line search step size 9.765625e-04.  Lack of positive definiteness.
    Line search step size chosen: 4.882812e-04.
  Objective value decreased by 2.898546e+03.
Newton iteration 2.
  Active set size = 16577801.
  sub-gradient = 3.034001e+06, l1-norm of X = 1.139879e+02.
  Coordinate descent sweep 1. norm of D = 1.268171e+06, change in D = 1.268171e+06.
    Line search step size 1.000000e+00.  Lack of positive definiteness.
    Line search step size 5.000000e-01.  Lack of positive definiteness.
    Line search step size 2.500000e-01.  Lack of positive definiteness.
    Line search step size 1.250000e-01.  Lack of positive definiteness.
    Line search step size 6.250000e-02.  Lack of positive definiteness.
    Line search step size 3.125000e-02.  Lack of positive definiteness.
    Line search step size 1.562500e-02.  Lack of positive definiteness.
    Line search step size 7.812500e-03.  Lack of positive definiteness.
    Line search step size 3.906250e-03.  Lack of positive definiteness.
    Line search step size 1.953125e-03.  Lack of positive definiteness.
    Line search step size chosen: 9.765625e-04.
  Objective value decreased by 7.279430e+02.
Newton iteration 3.
  Active set size = 16577925.
  sub-gradient = 3.001112e+06, l1-norm of X = 1.520072e+02.
  Coordinate descent sweep 1. norm of D = 7.144301e+05, change in D = 7.144301e+05.
  Coordinate descent sweep 2. norm of D = 6.783980e+05, change in D = 3.362012e+05.
    Line search step size 1.000000e+00.  Lack of positive definiteness.
    Line search step size 5.000000e-01.  Lack of positive definiteness.
    Line search step size 2.500000e-01.  Lack of positive definiteness.
    Line search step size 1.250000e-01.  Lack of positive definiteness.
    Line search step size 6.250000e-02.  Lack of positive definiteness.
    Line search step size 3.125000e-02.  Lack of positive definiteness.
    Line search step size 1.562500e-02.  Lack of positive definiteness.
    Line search step size 7.812500e-03.  Lack of positive definiteness.
    Line search step size chosen: 3.906250e-03.
  Objective value decreased by 1.225225e+03.
Newton iteration 4.
  Active set size = 16582852.
  sub-gradient = 2.857052e+06, l1-norm of X = 2.362948e+02.
  Coordinate descent sweep 1. norm of D = 1.590107e+05, change in D = 1.590107e+05.
  Coordinate descent sweep 2. norm of D = 1.315547e+05, change in D = 9.728102e+04.
    Line search step size 1.000000e+00.  Lack of positive definiteness.
    Line search step size 5.000000e-01.  Lack of positive definiteness.
    Line search step size 2.500000e-01.  Lack of positive definiteness.
    Line search step size 1.250000e-01.  Lack of positive definiteness.
    Line search step size 6.250000e-02.  Lack of positive definiteness.
    Line search step size 3.125000e-02.  Lack of positive definiteness.
    Line search step size 1.562500e-02.  Lack of positive definiteness.
    Line search step size chosen: 7.812500e-03.
  Objective value decreased by 2.969815e+02.
Newton iteration 5.
  Active set size = 16582613.
  sub-gradient = 2.828570e+06, l1-norm of X = 2.663609e+02.
  Coordinate descent sweep 1. norm of D = 5.521336e+04, change in D = 5.521336e+04.
  Coordinate descent sweep 2. norm of D = 4.748633e+04, change in D = 4.622753e+04.
    Line search step size 1.000000e+00.  Lack of positive definiteness.
    Line search step size 5.000000e-01.  Lack of positive definiteness.
    Line search step size 2.500000e-01.  Lack of positive definiteness.
    Line search step size 1.250000e-01.  Lack of positive definiteness.
    Line search step size 6.250000e-02.  Lack of positive definiteness.
    Line search step size 3.125000e-02.  Lack of positive definiteness.
    Line search step size chosen: 1.562500e-02.
  Objective value decreased by 2.178739e+02.
Newton iteration 6.
  Active set size = 16582102.
  sub-gradient = 2.763623e+06, l1-norm of X = 2.862305e+02.
  Coordinate descent sweep 1. norm of D = 2.599927e+04, change in D = 2.599927e+04.
  Coordinate descent sweep 2. norm of D = 2.391691e+04, change in D = 2.177371e+04.
  Coordinate descent sweep 3. norm of D = 2.220751e+04, change in D = 1.315860e+04.
    Line search step size 1.000000e+00.  Lack of positive definiteness.
    Line search step size 5.000000e-01.  Lack of positive definiteness.
    Line search step size 2.500000e-01.  Lack of positive definiteness.
    Line search step size 1.250000e-01.  Lack of positive definiteness.
    Line search step size 6.250000e-02.  Lack of positive definiteness.
    Line search step size chosen: 3.125000e-02.
  Objective value decreased by 2.189094e+02.
Newton iteration 7.
  Active set size = 16581359.
  sub-gradient = 2.622257e+06, l1-norm of X = 2.968545e+02.
  Coordinate descent sweep 1. norm of D = 1.940171e+04, change in D = 1.940171e+04.
  Coordinate descent sweep 2. norm of D = 1.899124e+04, change in D = 1.558422e+04.
  Coordinate descent sweep 3. norm of D = 1.820490e+04, change in D = 1.021169e+04.
    Line search step size 1.000000e+00.  Lack of positive definiteness.
    Line search step size 5.000000e-01.  Lack of positive definiteness.
    Line search step size 2.500000e-01.  Lack of positive definiteness.
    Line search step size chosen: 1.250000e-01.
  Objective value decreased by 5.907405e+02.
Newton iteration 8.
  Active set size = 16626901.
  sub-gradient = 2.916061e+06, l1-norm of X = 3.156359e+02.
  Coordinate descent sweep 1. norm of D = 1.058423e+04, change in D = 1.058423e+04.
  Coordinate descent sweep 2. norm of D = 1.261440e+04, change in D = 8.923486e+03.
  Coordinate descent sweep 3. norm of D = 1.335495e+04, change in D = 8.121824e+03.
    Line search step size chosen: 1.000000e+00.
  Objective value decreased by 1.599517e+03.
Newton iteration 9.
  Active set size = 15618272.
  sub-gradient = 2.690969e+06, l1-norm of X = 3.832987e+02.
  Coordinate descent sweep 1. norm of D = 8.948548e+03, change in D = 8.948548e+03.
  Coordinate descent sweep 2. norm of D = 1.188525e+04, change in D = 8.444159e+03.
  Coordinate descent sweep 3. norm of D = 1.343026e+04, change in D = 7.809347e+03.
  Coordinate descent sweep 4. norm of D = 1.439469e+04, change in D = 7.143075e+03.
    Line search step size chosen: 1.000000e+00.
  Objective value decreased by 1.434451e+03.
Newton iteration 10.
  Active set size = 15056569.
  sub-gradient = 1.565160e+06, l1-norm of X = 4.491198e+02.
  Coordinate descent sweep 1. norm of D = 9.298108e+03, change in D = 9.298108e+03.
  Coordinate descent sweep 2. norm of D = 1.250216e+04, change in D = 8.844620e+03.
  Coordinate descent sweep 3. norm of D = 1.431417e+04, change in D = 8.305581e+03.
  Coordinate descent sweep 4. norm of D = 1.553628e+04, change in D = 7.689239e+03.
    Line search step size chosen: 1.000000e+00.
  Objective value decreased by 1.244901e+03.
Newton iteration 11.
  Active set size = 14924432.
  sub-gradient = 1.427720e+06, l1-norm of X = 5.297790e+02.
  Coordinate descent sweep 1. norm of D = 8.614094e+03, change in D = 8.614094e+03.
  Coordinate descent sweep 2. norm of D = 1.184810e+04, change in D = 8.260744e+03.
  Coordinate descent sweep 3. norm of D = 1.384605e+04, change in D = 7.825500e+03.
  Coordinate descent sweep 4. norm of D = 1.529290e+04, change in D = 7.359143e+03.
    Line search step size chosen: 1.000000e+00.
  Objective value decreased by 9.785594e+02.
Newton iteration 12.
  Active set size = 14628487.
  sub-gradient = 1.218801e+06, l1-norm of X = 6.039476e+02.
  Coordinate descent sweep 1. norm of D = 7.858358e+03, change in D = 7.858358e+03.
  Coordinate descent sweep 2. norm of D = 1.095694e+04, change in D = 7.552310e+03.
  Coordinate descent sweep 3. norm of D = 1.299180e+04, change in D = 7.206821e+03.
  Coordinate descent sweep 4. norm of D = 1.453210e+04, change in D = 6.851704e+03.
  Coordinate descent sweep 5. norm of D = 1.579402e+04, change in D = 6.496251e+03.
    Line search step size chosen: 1.000000e+00.
  Objective value decreased by 9.408370e+02.
Newton iteration 13.
  Active set size = 14160847.
  sub-gradient = 9.575822e+05, l1-norm of X = 6.848437e+02.
  Coordinate descent sweep 1. norm of D = 6.947147e+03, change in D = 6.947147e+03.
  Coordinate descent sweep 2. norm of D = 9.815868e+03, change in D = 6.727106e+03.
  Coordinate descent sweep 3. norm of D = 1.178239e+04, change in D = 6.477478e+03.
  Coordinate descent sweep 4. norm of D = 1.333945e+04, change in D = 6.219497e+03.
  Coordinate descent sweep 5. norm of D = 1.464365e+04, change in D = 5.965523e+03.
    Line search step size chosen: 1.000000e+00.
  Objective value decreased by 7.437705e+02.
Newton iteration 14.
  Active set size = 14036070.
  sub-gradient = 9.280199e+05, l1-norm of X = 7.633921e+02.
  Coordinate descent sweep 1. norm of D = 6.109558e+03, change in D = 6.109558e+03.
  Coordinate descent sweep 2. norm of D = 8.727683e+03, change in D = 5.947017e+03.
  Coordinate descent sweep 3. norm of D = 1.057533e+04, change in D = 5.761758e+03.
  Coordinate descent sweep 4. norm of D = 1.207379e+04, change in D = 5.571627e+03.
  Coordinate descent sweep 5. norm of D = 1.336075e+04, change in D = 5.381082e+03.
    Line search step size chosen: 1.000000e+00.
  Objective value decreased by 5.950496e+02.
Newton iteration 15.
  Active set size = 13517310.
  sub-gradient = 7.252939e+05, l1-norm of X = 8.357994e+02.
  Coordinate descent sweep 1. norm of D = 5.526394e+03, change in D = 5.526394e+03.
  Coordinate descent sweep 2. norm of D = 7.939417e+03, change in D = 5.382933e+03.
  Coordinate descent sweep 3. norm of D = 9.684721e+03, change in D = 5.233954e+03.
  Coordinate descent sweep 4. norm of D = 1.111924e+04, change in D = 5.086947e+03.
  Coordinate descent sweep 5. norm of D = 1.237164e+04, change in D = 4.940212e+03.
  Coordinate descent sweep 6. norm of D = 1.350036e+04, change in D = 4.791603e+03.
    Line search step size chosen: 1.000000e+00.
  Objective value decreased by 5.843896e+02.
Newton iteration 16.
  Active set size = 12956164.
  sub-gradient = 5.749565e+05, l1-norm of X = 9.170485e+02.
  Coordinate descent sweep 1. norm of D = 4.937631e+03, change in D = 4.937631e+03.
  Coordinate descent sweep 2. norm of D = 7.142822e+03, change in D = 4.827736e+03.
  Coordinate descent sweep 3. norm of D = 8.769315e+03, change in D = 4.725361e+03.
  Coordinate descent sweep 4. norm of D = 1.012516e+04, change in D = 4.605821e+03.
  Coordinate descent sweep 5. norm of D = 1.132127e+04, change in D = 4.489870e+03.
  Coordinate descent sweep 6. norm of D = 1.241272e+04, change in D = 4.374866e+03.
    Line search step size chosen: 1.000000e+00.
  Objective value decreased by 4.856271e+02.
Newton iteration 17.
  Active set size = 12961033.
  sub-gradient = 5.878565e+05, l1-norm of X = 9.946837e+02.
  Coordinate descent sweep 1. norm of D = 4.383763e+03, change in D = 4.383763e+03.
  Coordinate descent sweep 2. norm of D = 6.378462e+03, change in D = 4.302089e+03.
  Coordinate descent sweep 3. norm of D = 7.866959e+03, change in D = 4.211138e+03.
  Coordinate descent sweep 4. norm of D = 9.130979e+03, change in D = 4.124317e+03.
  Coordinate descent sweep 5. norm of D = 1.025691e+04, change in D = 4.035874e+03.
  Coordinate descent sweep 6. norm of D = 1.129497e+04, change in D = 3.946664e+03.
    Line search step size chosen: 1.000000e+00.
  Objective value decreased by 4.040627e+02.
Newton iteration 18.
  Active set size = 12673481.
  sub-gradient = 5.291629e+05, l1-norm of X = 1.066676e+03.
  Coordinate descent sweep 1. norm of D = 3.993343e+03, change in D = 3.993343e+03.
  Coordinate descent sweep 2. norm of D = 5.829157e+03, change in D = 3.921954e+03.
  Coordinate descent sweep 3. norm of D = 7.222326e+03, change in D = 3.852051e+03.
  Coordinate descent sweep 4. norm of D = 8.412165e+03, change in D = 3.781201e+03.
  Coordinate descent sweep 5. norm of D = 9.484883e+03, change in D = 3.709463e+03.
  Coordinate descent sweep 6. norm of D = 1.047636e+04, change in D = 3.639618e+03.
  Coordinate descent sweep 7. norm of D = 1.140864e+04, change in D = 3.570505e+03.
    Line search step size chosen: 1.000000e+00.
  Objective value decreased by 4.005937e+02.
Newton iteration 19.
  Active set size = 12433437.
  sub-gradient = 4.794843e+05, l1-norm of X = 1.146002e+03.
  Coordinate descent sweep 1. norm of D = 3.583571e+03, change in D = 3.583571e+03.
  Coordinate descent sweep 2. norm of D = 5.259419e+03, change in D = 3.531353e+03.
  Coordinate descent sweep 3. norm of D = 6.545523e+03, change in D = 3.479260e+03.
  Coordinate descent sweep 4. norm of D = 7.654330e+03, change in D = 3.422503e+03.
  Coordinate descent sweep 5. norm of D = 8.657070e+03, change in D = 3.365963e+03.
  Coordinate descent sweep 6. norm of D = 9.586137e+03, change in D = 3.302275e+03.
  Coordinate descent sweep 7. norm of D = 1.046801e+04, change in D = 3.248424e+03.
    Line search step size chosen: 1.000000e+00.
  Objective value decreased by 3.407607e+02.
Newton iteration 20.
  Active set size = 12067056.
  sub-gradient = 4.267131e+05, l1-norm of X = 1.220532e+03.
  Coordinate descent sweep 1. norm of D = 3.283588e+03, change in D = 3.283588e+03.
  Coordinate descent sweep 2. norm of D = 4.829749e+03, change in D = 3.229455e+03.
  Coordinate descent sweep 3. norm of D = 6.027972e+03, change in D = 3.184635e+03.
  Coordinate descent sweep 4. norm of D = 7.069068e+03, change in D = 3.139589e+03.
  Coordinate descent sweep 5. norm of D = 8.016397e+03, change in D = 3.093893e+03.
  Coordinate descent sweep 6. norm of D = 8.901993e+03, change in D = 3.048180e+03.
  Coordinate descent sweep 7. norm of D = 9.744193e+03, change in D = 3.000911e+03.
    Line search step size chosen: 1.000000e+00.
  Objective value decreased by 2.966929e+02.
Newton iteration 21.
  Active set size = 11453006.
  sub-gradient = 3.441637e+05, l1-norm of X = 1.291503e+03.
  Coordinate descent sweep 1. norm of D = 3.032477e+03, change in D = 3.032477e+03.
  Coordinate descent sweep 2. norm of D = 4.479770e+03, change in D = 2.987554e+03.
  Coordinate descent sweep 3. norm of D = 5.606673e+03, change in D = 2.949239e+03.
  Coordinate descent sweep 4. norm of D = 6.592264e+03, change in D = 2.912629e+03.
  Coordinate descent sweep 5. norm of D = 7.493472e+03, change in D = 2.867604e+03.
  Coordinate descent sweep 6. norm of D = 8.340950e+03, change in D = 2.831690e+03.
  Coordinate descent sweep 7. norm of D = 9.145320e+03, change in D = 2.790818e+03.
  Coordinate descent sweep 8. norm of D = 9.921220e+03, change in D = 2.756958e+03.
    Line search step size chosen: 1.000000e+00.
  Objective value decreased by 2.969877e+02.
Newton iteration 22.
  Active set size = 11040965.
  sub-gradient = 3.020536e+05, l1-norm of X = 1.368719e+03.
  Coordinate descent sweep 1. norm of D = 2.767273e+03, change in D = 2.767273e+03.
  Coordinate descent sweep 2. norm of D = 4.100984e+03, change in D = 2.730500e+03.
  Coordinate descent sweep 3. norm of D = 5.153631e+03, change in D = 2.698037e+03.
  Coordinate descent sweep 4. norm of D = 6.076217e+03, change in D = 2.664708e+03.
  Coordinate descent sweep 5. norm of D = 6.923710e+03, change in D = 2.634290e+03.
  Coordinate descent sweep 6. norm of D = 7.719984e+03, change in D = 2.597659e+03.
  Coordinate descent sweep 7. norm of D = 8.482561e+03, change in D = 2.565593e+03.
  Coordinate descent sweep 8. norm of D = 9.218906e+03, change in D = 2.539526e+03.
    Line search step size chosen: 1.000000e+00.
  Objective value decreased by 2.588420e+02.
Newton iteration 23.
  Active set size = 10989231.
  sub-gradient = 2.958328e+05, l1-norm of X = 1.441594e+03.
  Coordinate descent sweep 1. norm of D = 2.538241e+03, change in D = 2.538241e+03.
  Coordinate descent sweep 2. norm of D = 3.773266e+03, change in D = 2.508897e+03.
  Coordinate descent sweep 3. norm of D = 4.754958e+03, change in D = 2.485293e+03.
  Coordinate descent sweep 4. norm of D = 5.622725e+03, change in D = 2.457386e+03.
