[1] "GTEx"     "30"       "weighted" "0.40"    
[1] "Data read complete"
Running QUIC version 1.1 in 'default' mode.
Newton iteration 1.
  X is a diagonal matrix.
    Line search step size 1.000000e+00.  Lack of positive definiteness.
    Line search step size 5.000000e-01.  Lack of positive definiteness.
    Line search step size chosen: 2.500000e-01.
  Objective value decreased by 7.240382e+00.
Newton iteration 2.
  Active set size = 7038.
  sub-gradient = 6.408512e+01, l1-norm of X = 2.131760e+01.
  Coordinate descent sweep 1. norm of D = 5.433521e+01, change in D = 5.433521e+01.
    Line search step size chosen: 1.000000e+00.
  Objective value decreased by 2.912143e+00.
Newton iteration 3.
  Active set size = 6867.
  sub-gradient = 1.322226e+02, l1-norm of X = 5.546979e+01.
  Coordinate descent sweep 1. norm of D = 1.921072e+01, change in D = 1.921072e+01.
  Coordinate descent sweep 2. norm of D = 1.936272e+01, change in D = 9.170205e+00.
    Line search step size chosen: 1.000000e+00.
  Objective value decreased by 1.964719e+00.
Newton iteration 4.
  Active set size = 6784.
  sub-gradient = 4.381941e+01, l1-norm of X = 5.310877e+01.
  Coordinate descent sweep 1. norm of D = 1.031660e+01, change in D = 1.031660e+01.
  Coordinate descent sweep 2. norm of D = 1.054458e+01, change in D = 5.898583e+00.
    Line search step size chosen: 1.000000e+00.
  Objective value decreased by 6.386008e-01.
Newton iteration 5.
  Active set size = 6750.
  sub-gradient = 1.055299e+01, l1-norm of X = 5.159881e+01.
  Coordinate descent sweep 1. norm of D = 4.497153e+00, change in D = 4.497153e+00.
  Coordinate descent sweep 2. norm of D = 5.227777e+00, change in D = 2.504483e+00.
    Line search step size chosen: 1.000000e+00.
  Objective value decreased by 1.311628e-01.
Newton iteration 6.
  Active set size = 6740.
  sub-gradient = 2.061435e+00, l1-norm of X = 5.119393e+01.
  Coordinate descent sweep 1. norm of D = 1.481752e+00, change in D = 1.481752e+00.
  Coordinate descent sweep 2. norm of D = 1.848069e+00, change in D = 8.269727e-01.
  Coordinate descent sweep 3. norm of D = 2.190977e+00, change in D = 5.556246e-01.
    Line search step size chosen: 1.000000e+00.
  Objective value decreased by 2.549761e-02.
Newton iteration 7.
  Active set size = 6737.
  sub-gradient = 3.715118e-01, l1-norm of X = 5.130721e+01.
  Coordinate descent sweep 1. norm of D = 3.815517e-01, change in D = 3.815517e-01.
  Coordinate descent sweep 2. norm of D = 5.243776e-01, change in D = 2.369905e-01.
  Coordinate descent sweep 3. norm of D = 6.138631e-01, change in D = 1.447718e-01.
    Line search step size chosen: 1.000000e+00.
  Objective value decreased by 4.070977e-03.
Newton iteration 8.
  Active set size = 6736.
  sub-gradient = 1.087562e-01, l1-norm of X = 5.142140e+01.
  Coordinate descent sweep 1. norm of D = 1.078436e-01, change in D = 1.078436e-01.
  Coordinate descent sweep 2. norm of D = 1.654003e-01, change in D = 9.204506e-02.
  Coordinate descent sweep 3. norm of D = 1.958599e-01, change in D = 5.362705e-02.
    Line search step size chosen: 1.000000e+00.
  Objective value decreased by 7.854329e-04.
Newton iteration 9.
  Active set size = 6736.
  sub-gradient = 5.668581e-02, l1-norm of X = 5.146433e+01.
  Coordinate descent sweep 1. norm of D = 4.198515e-02, change in D = 4.198515e-02.
  Coordinate descent sweep 2. norm of D = 6.401511e-02, change in D = 3.559030e-02.
  Coordinate descent sweep 3. norm of D = 7.783559e-02, change in D = 2.173323e-02.
  Coordinate descent sweep 4. norm of D = 8.940004e-02, change in D = 1.763298e-02.
    Line search step size chosen: 1.000000e+00.
  Objective value decreased by 1.590626e-04.
Newton iteration 10.
  Active set size = 6736.
  sub-gradient = 1.046619e-02, l1-norm of X = 5.148156e+01.
  Coordinate descent sweep 1. norm of D = 1.224572e-02, change in D = 1.224572e-02.
  Coordinate descent sweep 2. norm of D = 1.903531e-02, change in D = 1.005799e-02.
  Coordinate descent sweep 3. norm of D = 2.405499e-02, change in D = 7.652885e-03.
  Coordinate descent sweep 4. norm of D = 2.721362e-02, change in D = 4.696652e-03.
    Line search step size chosen: 1.000000e+00.
  Objective value decreased by 1.772158e-05.
Newton iteration 11.
  Active set size = 6736.
  sub-gradient = 4.011261e-03, l1-norm of X = 5.148732e+01.
  Coordinate descent sweep 1. norm of D = 4.717019e-03, change in D = 4.717019e-03.
  Coordinate descent sweep 2. norm of D = 6.660702e-03, change in D = 3.024409e-03.
  Coordinate descent sweep 3. norm of D = 8.486773e-03, change in D = 2.639930e-03.
  Coordinate descent sweep 4. norm of D = 9.881502e-03, change in D = 1.878928e-03.
    Line search step size chosen: 1.000000e+00.
  Objective value decreased by 2.161141e-06.
QUIC CPU time: 938.570 seconds
