[1] "GTEx"     "30"       "weighted" "0.56"    
[1] "Data read complete"
Running QUIC version 1.1 in 'default' mode.
Newton iteration 1.
  X is a diagonal matrix.
    Line search step size chosen: 1.000000e+00.
  Objective value decreased by 1.718707e+00.
Newton iteration 2.
  Active set size = 5986.
  sub-gradient = 1.581067e+01, l1-norm of X = 1.698598e+01.
  Coordinate descent sweep 1. norm of D = 5.660245e+00, change in D = 5.660245e+00.
    Line search step size chosen: 1.000000e+00.
  Objective value decreased by 3.642134e-01.
Newton iteration 3.
  Active set size = 5981.
  sub-gradient = 3.282139e+00, l1-norm of X = 1.513095e+01.
  Coordinate descent sweep 1. norm of D = 2.308669e+00, change in D = 2.308669e+00.
  Coordinate descent sweep 2. norm of D = 2.686416e+00, change in D = 8.483552e-01.
    Line search step size chosen: 1.000000e+00.
  Objective value decreased by 7.112407e-02.
Newton iteration 4.
  Active set size = 5980.
  sub-gradient = 5.579802e-01, l1-norm of X = 1.514933e+01.
  Coordinate descent sweep 1. norm of D = 4.523724e-01, change in D = 4.523724e-01.
  Coordinate descent sweep 2. norm of D = 5.233543e-01, change in D = 1.837918e-01.
    Line search step size chosen: 1.000000e+00.
  Objective value decreased by 3.948881e-03.
Newton iteration 5.
  Active set size = 5980.
  sub-gradient = 6.817560e-02, l1-norm of X = 1.517195e+01.
  Coordinate descent sweep 1. norm of D = 7.445004e-02, change in D = 7.445004e-02.
  Coordinate descent sweep 2. norm of D = 1.003887e-01, change in D = 3.410644e-02.
    Line search step size chosen: 1.000000e+00.
  Objective value decreased by 1.875422e-04.
Newton iteration 6.
  Active set size = 5981.
  sub-gradient = 1.445849e-02, l1-norm of X = 1.519307e+01.
  Coordinate descent sweep 1. norm of D = 1.519627e-02, change in D = 1.519627e-02.
  Coordinate descent sweep 2. norm of D = 2.187304e-02, change in D = 8.343868e-03.
  Coordinate descent sweep 3. norm of D = 2.642650e-02, change in D = 5.175188e-03.
    Line search step size chosen: 1.000000e+00.
  Objective value decreased by 1.595871e-05.
Newton iteration 7.
  Active set size = 5981.
  sub-gradient = 1.792856e-03, l1-norm of X = 1.520094e+01.
  Coordinate descent sweep 1. norm of D = 2.135289e-03, change in D = 2.135289e-03.
  Coordinate descent sweep 2. norm of D = 3.038521e-03, change in D = 1.253203e-03.
  Coordinate descent sweep 3. norm of D = 3.381070e-03, change in D = 4.827841e-04.
    Line search step size chosen: 1.000000e+00.
  Objective value decreased by 4.360818e-07.
Newton iteration 8.
  Active set size = 5981.
  sub-gradient = 4.317574e-04, l1-norm of X = 1.520210e+01.
  Coordinate descent sweep 1. norm of D = 4.536164e-04, change in D = 4.536164e-04.
  Coordinate descent sweep 2. norm of D = 6.779585e-04, change in D = 2.516958e-04.
  Coordinate descent sweep 3. norm of D = 7.750053e-04, change in D = 1.232697e-04.
    Line search step size chosen: 1.000000e+00.
  Objective value decreased by 2.642719e-08.
QUIC CPU time: 672.370 seconds
