[1] "GTEx"     "40"       "weighted" "0.12"    
[1] "Data read complete"
Running QUIC version 1.1 in 'default' mode.
Newton iteration 1.
  X is a diagonal matrix.
    Line search step size 1.000000e+00.  Lack of positive definiteness.
    Line search step size 5.000000e-01.  Lack of positive definiteness.
    Line search step size 2.500000e-01.  Lack of positive definiteness.
    Line search step size 1.250000e-01.  Lack of positive definiteness.
    Line search step size chosen: 6.250000e-02.
  Objective value decreased by 5.480644e+01.
Newton iteration 2.
  Active set size = 92902.
  sub-gradient = 3.307920e+03, l1-norm of X = 5.564159e+01.
  Coordinate descent sweep 1. norm of D = 2.461993e+03, change in D = 2.461993e+03.
    Line search step size 1.000000e+00.  Lack of positive definiteness.
    Line search step size 5.000000e-01.  Lack of positive definiteness.
    Line search step size 2.500000e-01.  Lack of positive definiteness.
    Line search step size chosen: 1.250000e-01.
  Objective value decreased by 5.119549e+01.
Newton iteration 3.
  Active set size = 92941.
  sub-gradient = 2.565393e+03, l1-norm of X = 1.266043e+02.
  Coordinate descent sweep 1. norm of D = 1.581069e+03, change in D = 1.581069e+03.
  Coordinate descent sweep 2. norm of D = 1.484707e+03, change in D = 3.072869e+02.
    Line search step size 1.000000e+00.  Lack of positive definiteness.
    Line search step size chosen: 5.000000e-01.
  Objective value decreased by 6.476735e+01.
Newton iteration 4.
  Active set size = 135926.
  sub-gradient = 6.653862e+03, l1-norm of X = 2.699641e+02.
  Coordinate descent sweep 1. norm of D = 5.556789e+02, change in D = 5.556789e+02.
  Coordinate descent sweep 2. norm of D = 6.337713e+02, change in D = 1.796759e+02.
    Line search step size chosen: 1.000000e+00.
  Objective value decreased by 2.113495e+01.
Newton iteration 5.
  Active set size = 75303.
  sub-gradient = 1.338722e+03, l1-norm of X = 3.327479e+02.
  Coordinate descent sweep 1. norm of D = 1.442759e+02, change in D = 1.442759e+02.
  Coordinate descent sweep 2. norm of D = 1.741711e+02, change in D = 8.298453e+01.
    Line search step size chosen: 1.000000e+00.
  Objective value decreased by 4.294034e+00.
Newton iteration 6.
  Active set size = 63241.
  sub-gradient = 4.090647e+02, l1-norm of X = 3.413118e+02.
  Coordinate descent sweep 1. norm of D = 6.716438e+01, change in D = 6.716438e+01.
  Coordinate descent sweep 2. norm of D = 7.963008e+01, change in D = 4.549640e+01.
  Coordinate descent sweep 3. norm of D = 8.953091e+01, change in D = 2.994688e+01.
    Line search step size chosen: 1.000000e+00.
  Objective value decreased by 1.925666e+00.
Newton iteration 7.
  Active set size = 60499.
  sub-gradient = 1.263825e+02, l1-norm of X = 3.452587e+02.
  Coordinate descent sweep 1. norm of D = 2.941283e+01, change in D = 2.941283e+01.
  Coordinate descent sweep 2. norm of D = 3.391279e+01, change in D = 2.227796e+01.
  Coordinate descent sweep 3. norm of D = 3.889529e+01, change in D = 1.597522e+01.
    Line search step size chosen: 1.000000e+00.
  Objective value decreased by 6.186907e-01.
Newton iteration 8.
  Active set size = 59960.
  sub-gradient = 3.083999e+01, l1-norm of X = 3.466155e+02.
  Coordinate descent sweep 1. norm of D = 1.377810e+01, change in D = 1.377810e+01.
  Coordinate descent sweep 2. norm of D = 1.716135e+01, change in D = 1.096737e+01.
  Coordinate descent sweep 3. norm of D = 1.992547e+01, change in D = 8.559840e+00.
    Line search step size chosen: 1.000000e+00.
  Objective value decreased by 2.569552e-01.
Newton iteration 9.
  Active set size = 59910.
  sub-gradient = 8.764478e+00, l1-norm of X = 3.472057e+02.
  Coordinate descent sweep 1. norm of D = 7.185867e+00, change in D = 7.185867e+00.
  Coordinate descent sweep 2. norm of D = 9.485006e+00, change in D = 5.786329e+00.
  Coordinate descent sweep 3. norm of D = 1.132846e+01, change in D = 5.168380e+00.
  Coordinate descent sweep 4. norm of D = 1.274574e+01, change in D = 4.422886e+00.
    Line search step size chosen: 1.000000e+00.
  Objective value decreased by 1.598039e-01.
Newton iteration 10.
  Active set size = 59881.
  sub-gradient = 4.823738e+00, l1-norm of X = 3.476719e+02.
  Coordinate descent sweep 1. norm of D = 3.762250e+00, change in D = 3.762250e+00.
  Coordinate descent sweep 2. norm of D = 5.486712e+00, change in D = 3.681625e+00.
  Coordinate descent sweep 3. norm of D = 6.465506e+00, change in D = 3.069967e+00.
  Coordinate descent sweep 4. norm of D = 7.407877e+00, change in D = 2.729138e+00.
    Line search step size chosen: 1.000000e+00.
  Objective value decreased by 9.201522e-02.
Newton iteration 11.
  Active set size = 59860.
  sub-gradient = 2.879137e+00, l1-norm of X = 3.479432e+02.
  Coordinate descent sweep 1. norm of D = 2.377622e+00, change in D = 2.377622e+00.
  Coordinate descent sweep 2. norm of D = 3.294567e+00, change in D = 2.218538e+00.
  Coordinate descent sweep 3. norm of D = 3.959811e+00, change in D = 2.051968e+00.
  Coordinate descent sweep 4. norm of D = 4.624491e+00, change in D = 1.904395e+00.
    Line search step size chosen: 1.000000e+00.
  Objective value decreased by 5.324178e-02.
Newton iteration 12.
  Active set size = 59845.
  sub-gradient = 1.592438e+00, l1-norm of X = 3.481311e+02.
  Coordinate descent sweep 1. norm of D = 1.502947e+00, change in D = 1.502947e+00.
  Coordinate descent sweep 2. norm of D = 2.327837e+00, change in D = 1.648044e+00.
  Coordinate descent sweep 3. norm of D = 2.799670e+00, change in D = 1.350592e+00.
  Coordinate descent sweep 4. norm of D = 3.207602e+00, change in D = 1.263954e+00.
  Coordinate descent sweep 5. norm of D = 3.564689e+00, change in D = 1.197009e+00.
    Line search step size chosen: 1.000000e+00.
  Objective value decreased by 3.866895e-02.
Newton iteration 13.
  Active set size = 59854.
  sub-gradient = 1.589675e+00, l1-norm of X = 3.482905e+02.
  Coordinate descent sweep 1. norm of D = 1.145531e+00, change in D = 1.145531e+00.
  Coordinate descent sweep 2. norm of D = 1.513360e+00, change in D = 9.997150e-01.
  Coordinate descent sweep 3. norm of D = 1.903700e+00, change in D = 1.032511e+00.
  Coordinate descent sweep 4. norm of D = 2.131827e+00, change in D = 8.597716e-01.
  Coordinate descent sweep 5. norm of D = 2.412345e+00, change in D = 8.459790e-01.
    Line search step size chosen: 1.000000e+00.
  Objective value decreased by 2.337127e-02.
Newton iteration 14.
  Active set size = 59838.
  sub-gradient = 7.510625e-01, l1-norm of X = 3.483892e+02.
  Coordinate descent sweep 1. norm of D = 8.071600e-01, change in D = 8.071600e-01.
  Coordinate descent sweep 2. norm of D = 1.120770e+00, change in D = 7.236440e-01.
  Coordinate descent sweep 3. norm of D = 1.383270e+00, change in D = 7.082268e-01.
  Coordinate descent sweep 4. norm of D = 1.572674e+00, change in D = 6.203499e-01.
  Coordinate descent sweep 5. norm of D = 1.788672e+00, change in D = 6.461924e-01.
    Line search step size chosen: 1.000000e+00.
  Objective value decreased by 1.583518e-02.
Newton iteration 15.
  Active set size = 59832.
  sub-gradient = 5.588675e-01, l1-norm of X = 3.484676e+02.
  Coordinate descent sweep 1. norm of D = 5.595459e-01, change in D = 5.595459e-01.
  Coordinate descent sweep 2. norm of D = 8.515928e-01, change in D = 5.570707e-01.
  Coordinate descent sweep 3. norm of D = 1.122592e+00, change in D = 5.890716e-01.
  Coordinate descent sweep 4. norm of D = 1.237439e+00, change in D = 4.981701e-01.
  Coordinate descent sweep 5. norm of D = 1.424244e+00, change in D = 5.197935e-01.
  Coordinate descent sweep 6. norm of D = 1.559804e+00, change in D = 4.293762e-01.
    Line search step size chosen: 1.000000e+00.
  Objective value decreased by 1.294509e-02.
Newton iteration 16.
  Active set size = 59828.
  sub-gradient = 4.912217e-01, l1-norm of X = 3.485445e+02.
  Coordinate descent sweep 1. norm of D = 4.324436e-01, change in D = 4.324436e-01.
  Coordinate descent sweep 2. norm of D = 6.334481e-01, change in D = 3.887577e-01.
  Coordinate descent sweep 3. norm of D = 8.079786e-01, change in D = 4.260318e-01.
  Coordinate descent sweep 4. norm of D = 9.077643e-01, change in D = 3.501710e-01.
  Coordinate descent sweep 5. norm of D = 1.036539e+00, change in D = 3.713884e-01.
  Coordinate descent sweep 6. norm of D = 1.130322e+00, change in D = 3.152183e-01.
    Line search step size chosen: 1.000000e+00.
  Objective value decreased by 8.149186e-03.
Newton iteration 17.
  Active set size = 59826.
  sub-gradient = 2.642478e-01, l1-norm of X = 3.486008e+02.
  Coordinate descent sweep 1. norm of D = 2.835491e-01, change in D = 2.835491e-01.
  Coordinate descent sweep 2. norm of D = 4.356410e-01, change in D = 3.287462e-01.
  Coordinate descent sweep 3. norm of D = 5.402142e-01, change in D = 2.892602e-01.
  Coordinate descent sweep 4. norm of D = 6.631200e-01, change in D = 2.888565e-01.
  Coordinate descent sweep 5. norm of D = 7.343940e-01, change in D = 2.686017e-01.
  Coordinate descent sweep 6. norm of D = 8.091288e-01, change in D = 2.811851e-01.
    Line search step size chosen: 1.000000e+00.
  Objective value decreased by 4.957802e-03.
Newton iteration 18.
  Active set size = 59823.
  sub-gradient = 2.951568e-01, l1-norm of X = 3.486418e+02.
  Coordinate descent sweep 1. norm of D = 2.621199e-01, change in D = 2.621199e-01.
  Coordinate descent sweep 2. norm of D = 3.824015e-01, change in D = 2.523977e-01.
  Coordinate descent sweep 3. norm of D = 4.755500e-01, change in D = 2.300574e-01.
  Coordinate descent sweep 4. norm of D = 5.389813e-01, change in D = 1.998275e-01.
  Coordinate descent sweep 5. norm of D = 6.170075e-01, change in D = 1.964899e-01.
  Coordinate descent sweep 6. norm of D = 6.675797e-01, change in D = 1.748278e-01.
  Coordinate descent sweep 7. norm of D = 7.548094e-01, change in D = 1.987812e-01.
    Line search step size chosen: 1.000000e+00.
  Objective value decreased by 4.008737e-03.
Newton iteration 19.
  Active set size = 59824.
  sub-gradient = 1.840799e-01, l1-norm of X = 3.486814e+02.
  Coordinate descent sweep 1. norm of D = 1.824747e-01, change in D = 1.824747e-01.
  Coordinate descent sweep 2. norm of D = 2.765799e-01, change in D = 2.083484e-01.
  Coordinate descent sweep 3. norm of D = 3.572898e-01, change in D = 1.934010e-01.
  Coordinate descent sweep 4. norm of D = 3.975071e-01, change in D = 1.605516e-01.
  Coordinate descent sweep 5. norm of D = 4.703401e-01, change in D = 1.767609e-01.
  Coordinate descent sweep 6. norm of D = 5.468407e-01, change in D = 1.886164e-01.
  Coordinate descent sweep 7. norm of D = 5.905433e-01, change in D = 1.689583e-01.
    Line search step size chosen: 1.000000e+00.
  Objective value decreased by 2.750960e-03.
Newton iteration 20.
  Active set size = 59823.
  sub-gradient = 1.676216e-01, l1-norm of X = 3.487130e+02.
  Coordinate descent sweep 1. norm of D = 1.692533e-01, change in D = 1.692533e-01.
  Coordinate descent sweep 2. norm of D = 2.271366e-01, change in D = 1.392285e-01.
  Coordinate descent sweep 3. norm of D = 2.787990e-01, change in D = 1.459007e-01.
  Coordinate descent sweep 4. norm of D = 3.287729e-01, change in D = 1.430259e-01.
  Coordinate descent sweep 5. norm of D = 3.785735e-01, change in D = 1.410098e-01.
  Coordinate descent sweep 6. norm of D = 4.180505e-01, change in D = 1.358943e-01.
  Coordinate descent sweep 7. norm of D = 4.559835e-01, change in D = 1.147002e-01.
    Line search step size chosen: 1.000000e+00.
  Objective value decreased by 1.722165e-03.
Newton iteration 21.
  Active set size = 59823.
  sub-gradient = 1.108143e-01, l1-norm of X = 3.487368e+02.
  Coordinate descent sweep 1. norm of D = 1.145353e-01, change in D = 1.145353e-01.
  Coordinate descent sweep 2. norm of D = 1.729374e-01, change in D = 1.158081e-01.
  Coordinate descent sweep 3. norm of D = 2.098927e-01, change in D = 1.036677e-01.
  Coordinate descent sweep 4. norm of D = 2.595570e-01, change in D = 1.173457e-01.
  Coordinate descent sweep 5. norm of D = 2.920600e-01, change in D = 1.054072e-01.
  Coordinate descent sweep 6. norm of D = 3.382300e-01, change in D = 1.031571e-01.
  Coordinate descent sweep 7. norm of D = 3.578431e-01, change in D = 8.593325e-02.
  Coordinate descent sweep 8. norm of D = 3.954921e-01, change in D = 1.006569e-01.
    Line search step size chosen: 1.000000e+00.
  Objective value decreased by 1.307272e-03.
Newton iteration 22.
  Active set size = 59822.
  sub-gradient = 8.855889e-02, l1-norm of X = 3.487594e+02.
  Coordinate descent sweep 1. norm of D = 8.771825e-02, change in D = 8.771825e-02.
  Coordinate descent sweep 2. norm of D = 1.240962e-01, change in D = 9.009294e-02.
  Coordinate descent sweep 3. norm of D = 1.487534e-01, change in D = 6.603785e-02.
  Coordinate descent sweep 4. norm of D = 2.035017e-01, change in D = 1.027355e-01.
  Coordinate descent sweep 5. norm of D = 2.279485e-01, change in D = 8.163516e-02.
  Coordinate descent sweep 6. norm of D = 2.584554e-01, change in D = 8.702925e-02.
  Coordinate descent sweep 7. norm of D = 2.832083e-01, change in D = 8.573942e-02.
  Coordinate descent sweep 8. norm of D = 3.082842e-01, change in D = 8.299849e-02.
    Line search step size chosen: 1.000000e+00.
  Objective value decreased by 8.389833e-04.
Newton iteration 23.
  Active set size = 59822.
  sub-gradient = 7.238410e-02, l1-norm of X = 3.487750e+02.
  Coordinate descent sweep 1. norm of D = 7.783885e-02, change in D = 7.783885e-02.
  Coordinate descent sweep 2. norm of D = 1.178105e-01, change in D = 7.670228e-02.
  Coordinate descent sweep 3. norm of D = 1.474903e-01, change in D = 6.684951e-02.
  Coordinate descent sweep 4. norm of D = 1.689247e-01, change in D = 5.976365e-02.
  Coordinate descent sweep 5. norm of D = 1.976266e-01, change in D = 7.558910e-02.
  Coordinate descent sweep 6. norm of D = 2.235800e-01, change in D = 7.099704e-02.
  Coordinate descent sweep 7. norm of D = 2.443949e-01, change in D = 5.479082e-02.
  Coordinate descent sweep 8. norm of D = 2.655158e-01, change in D = 6.742807e-02.
    Line search step size chosen: 1.000000e+00.
  Objective value decreased by 6.084661e-04.
Newton iteration 24.
  Active set size = 59822.
  sub-gradient = 5.519331e-02, l1-norm of X = 3.487899e+02.
  Coordinate descent sweep 1. norm of D = 5.773347e-02, change in D = 5.773347e-02.
  Coordinate descent sweep 2. norm of D = 8.624998e-02, change in D = 6.146452e-02.
  Coordinate descent sweep 3. norm of D = 1.052155e-01, change in D = 4.979085e-02.
  Coordinate descent sweep 4. norm of D = 1.309434e-01, change in D = 5.764636e-02.
  Coordinate descent sweep 5. norm of D = 1.473005e-01, change in D = 5.020786e-02.
  Coordinate descent sweep 6. norm of D = 1.656791e-01, change in D = 5.110540e-02.
  Coordinate descent sweep 7. norm of D = 1.865498e-01, change in D = 5.663931e-02.
  Coordinate descent sweep 8. norm of D = 2.063031e-01, change in D = 5.086768e-02.
  Coordinate descent sweep 9. norm of D = 2.195862e-01, change in D = 4.986760e-02.
    Line search step size chosen: 1.000000e+00.
  Objective value decreased by 4.101081e-04.
Newton iteration 25.
  Active set size = 59822.
  sub-gradient = 5.961656e-02, l1-norm of X = 3.488016e+02.
  Coordinate descent sweep 1. norm of D = 5.276936e-02, change in D = 5.276936e-02.
  Coordinate descent sweep 2. norm of D = 7.400949e-02, change in D = 4.723577e-02.
  Coordinate descent sweep 3. norm of D = 9.303370e-02, change in D = 4.450286e-02.
  Coordinate descent sweep 4. norm of D = 1.111618e-01, change in D = 4.896985e-02.
  Coordinate descent sweep 5. norm of D = 1.267839e-01, change in D = 4.386937e-02.
  Coordinate descent sweep 6. norm of D = 1.365021e-01, change in D = 3.988317e-02.
  Coordinate descent sweep 7. norm of D = 1.494493e-01, change in D = 4.060117e-02.
  Coordinate descent sweep 8. norm of D = 1.628287e-01, change in D = 3.879323e-02.
  Coordinate descent sweep 9. norm of D = 1.753908e-01, change in D = 3.852119e-02.
    Line search step size chosen: 1.000000e+00.
  Objective value decreased by 2.828450e-04.
Newton iteration 26.
  Active set size = 59822.
  sub-gradient = 3.079168e-02, l1-norm of X = 3.488119e+02.
  Coordinate descent sweep 1. norm of D = 3.220647e-02, change in D = 3.220647e-02.
  Coordinate descent sweep 2. norm of D = 5.080047e-02, change in D = 3.774514e-02.
  Coordinate descent sweep 3. norm of D = 6.560886e-02, change in D = 3.640254e-02.
  Coordinate descent sweep 4. norm of D = 7.935420e-02, change in D = 3.598024e-02.
  Coordinate descent sweep 5. norm of D = 8.634477e-02, change in D = 2.889742e-02.
  Coordinate descent sweep 6. norm of D = 9.851036e-02, change in D = 2.932155e-02.
  Coordinate descent sweep 7. norm of D = 1.036206e-01, change in D = 3.083912e-02.
  Coordinate descent sweep 8. norm of D = 1.120528e-01, change in D = 3.114654e-02.
  Coordinate descent sweep 9. norm of D = 1.164612e-01, change in D = 2.590425e-02.
    Line search step size chosen: 1.000000e+00.
  Objective value decreased by 1.545181e-04.
QUIC CPU time: 3197.150 seconds
