[1] "GTEx"     "40"       "weighted" "0.46"    
[1] "Data read complete"
Running QUIC version 1.1 in 'default' mode.
Newton iteration 1.
  X is a diagonal matrix.
    Line search step size 1.000000e+00.  Lack of positive definiteness.
    Line search step size chosen: 5.000000e-01.
  Objective value decreased by 4.866108e+00.
Newton iteration 2.
  Active set size = 6365.
  sub-gradient = 3.476685e+01, l1-norm of X = 2.152093e+01.
  Coordinate descent sweep 1. norm of D = 1.848912e+01, change in D = 1.848912e+01.
    Line search step size chosen: 1.000000e+00.
  Objective value decreased by 1.185728e+00.
Newton iteration 3.
  Active set size = 6303.
  sub-gradient = 1.125359e+01, l1-norm of X = 3.064346e+01.
  Coordinate descent sweep 1. norm of D = 7.621920e+00, change in D = 7.621920e+00.
  Coordinate descent sweep 2. norm of D = 8.940129e+00, change in D = 2.782837e+00.
    Line search step size chosen: 1.000000e+00.
  Objective value decreased by 2.866682e-01.
Newton iteration 4.
  Active set size = 6284.
  sub-gradient = 2.031985e+00, l1-norm of X = 3.130261e+01.
  Coordinate descent sweep 1. norm of D = 1.918175e+00, change in D = 1.918175e+00.
  Coordinate descent sweep 2. norm of D = 2.495978e+00, change in D = 8.800091e-01.
    Line search step size chosen: 1.000000e+00.
  Objective value decreased by 4.106773e-02.
Newton iteration 5.
  Active set size = 6277.
  sub-gradient = 4.475725e-01, l1-norm of X = 3.172320e+01.
  Coordinate descent sweep 1. norm of D = 5.022599e-01, change in D = 5.022599e-01.
  Coordinate descent sweep 2. norm of D = 6.836111e-01, change in D = 2.641390e-01.
    Line search step size chosen: 1.000000e+00.
  Objective value decreased by 5.986701e-03.
Newton iteration 6.
  Active set size = 6276.
  sub-gradient = 1.679480e-01, l1-norm of X = 3.188508e+01.
  Coordinate descent sweep 1. norm of D = 1.872620e-01, change in D = 1.872620e-01.
  Coordinate descent sweep 2. norm of D = 2.500304e-01, change in D = 8.913598e-02.
  Coordinate descent sweep 3. norm of D = 3.044674e-01, change in D = 6.750944e-02.
    Line search step size chosen: 1.000000e+00.
  Objective value decreased by 1.197966e-03.
Newton iteration 7.
  Active set size = 6276.
  sub-gradient = 3.201877e-02, l1-norm of X = 3.195077e+01.
  Coordinate descent sweep 1. norm of D = 3.784892e-02, change in D = 3.784892e-02.
  Coordinate descent sweep 2. norm of D = 5.701477e-02, change in D = 2.685505e-02.
  Coordinate descent sweep 3. norm of D = 6.838550e-02, change in D = 1.721468e-02.
    Line search step size chosen: 1.000000e+00.
  Objective value decreased by 1.179596e-04.
Newton iteration 8.
  Active set size = 6276.
  sub-gradient = 1.132052e-02, l1-norm of X = 3.196986e+01.
  Coordinate descent sweep 1. norm of D = 1.397015e-02, change in D = 1.397015e-02.
  Coordinate descent sweep 2. norm of D = 2.236869e-02, change in D = 9.948012e-03.
  Coordinate descent sweep 3. norm of D = 2.724907e-02, change in D = 5.845231e-03.
    Line search step size chosen: 1.000000e+00.
  Objective value decreased by 2.094547e-05.
Newton iteration 9.
  Active set size = 6276.
  sub-gradient = 2.822502e-03, l1-norm of X = 3.197678e+01.
  Coordinate descent sweep 1. norm of D = 3.254000e-03, change in D = 3.254000e-03.
  Coordinate descent sweep 2. norm of D = 4.272073e-03, change in D = 1.539599e-03.
  Coordinate descent sweep 3. norm of D = 6.015635e-03, change in D = 1.951772e-03.
  Coordinate descent sweep 4. norm of D = 6.906704e-03, change in D = 1.087035e-03.
    Line search step size chosen: 1.000000e+00.
  Objective value decreased by 1.363476e-06.
QUIC CPU time: 770.540 seconds
