[1] "GTEx"     "40"       "weighted" "0.88"    
[1] "Data read complete"
Running QUIC version 1.1 in 'default' mode.
Newton iteration 1.
  X is a diagonal matrix.
    Line search step size chosen: 1.000000e+00.
  Objective value decreased by 1.702440e-02.
Newton iteration 2.
  Active set size = 5790.
  sub-gradient = 3.564647e-02, l1-norm of X = 4.339882e-01.
  Coordinate descent sweep 1. norm of D = 3.493310e-02, change in D = 3.493310e-02.
    Line search step size chosen: 1.000000e+00.
  Objective value decreased by 1.021388e-04.
Newton iteration 3.
  Active set size = 5790.
  sub-gradient = 6.422524e-04, l1-norm of X = 4.359005e-01.
  Coordinate descent sweep 1. norm of D = 6.745842e-04, change in D = 6.745842e-04.
  Coordinate descent sweep 2. norm of D = 7.062742e-04, change in D = 4.721130e-05.
    Line search step size chosen: 1.000000e+00.
  Objective value decreased by 6.335540e-08.
Newton iteration 4.
  Active set size = 5790.
  sub-gradient = 6.225339e-06, l1-norm of X = 4.362577e-01.
  Coordinate descent sweep 1. norm of D = 6.306440e-06, change in D = 6.306440e-06.
  Coordinate descent sweep 2. norm of D = 6.971883e-06, change in D = 6.691301e-07.
    Line search step size chosen: 1.000000e+00.
  Objective value decreased by 1.637090e-11.
QUIC CPU time: 725.080 seconds
