[1] "/work-zfs/abattle4/prashanthi/recount3/data/liver/GTEx/weighted_covariances/cov_1.rds"
[1] "Data read complete"
Running QUIC version 1.1 in 'default' mode.
Newton iteration 1.
  X is a diagonal matrix.
    Line search step size 1.000000e+00.  Lack of positive definiteness.
    Line search step size 5.000000e-01.  Lack of positive definiteness.
    Line search step size 2.500000e-01.  Lack of positive definiteness.
    Line search step size 1.250000e-01.  Lack of positive definiteness.
    Line search step size 6.250000e-02.  Lack of positive definiteness.
    Line search step size chosen: 3.125000e-02.
  Objective value decreased by 1.452532e+02.
Newton iteration 2.
  Active set size = 692433.
  sub-gradient = 2.482946e+04, l1-norm of X = 3.214909e+02.
  Coordinate descent sweep 1. norm of D = 2.262447e+04, change in D = 2.262447e+04.
    Line search step size 1.000000e+00.  Lack of positive definiteness.
    Line search step size 5.000000e-01.  Lack of positive definiteness.
    Line search step size 2.500000e-01.  Lack of positive definiteness.
    Line search step size 1.250000e-01.  Lack of positive definiteness.
    Line search step size chosen: 6.250000e-02.
  Objective value decreased by 2.237656e+02.
Newton iteration 3.
  Active set size = 692441.
  sub-gradient = 2.265108e+04, l1-norm of X = 8.827940e+02.
  Coordinate descent sweep 1. norm of D = 1.711046e+04, change in D = 1.711046e+04.
  Coordinate descent sweep 2. norm of D = 1.554782e+04, change in D = 2.552240e+03.
    Line search step size 1.000000e+00.  Lack of positive definiteness.
    Line search step size 5.000000e-01.  Lack of positive definiteness.
    Line search step size 2.500000e-01.  Lack of positive definiteness.
    Line search step size chosen: 1.250000e-01.
  Objective value decreased by 2.492670e+02.
Newton iteration 4.
  Active set size = 692716.
  sub-gradient = 1.838766e+04, l1-norm of X = 1.614103e+03.
  Coordinate descent sweep 1. norm of D = 1.046055e+04, change in D = 1.046055e+04.
  Coordinate descent sweep 2. norm of D = 9.691981e+03, change in D = 2.363893e+03.
    Line search step size 1.000000e+00.  Lack of positive definiteness.
    Line search step size 5.000000e-01.  Lack of positive definiteness.
    Line search step size 2.500000e-01.  Lack of positive definiteness.
    Line search step size chosen: 1.250000e-01.
  Objective value decreased by 1.256248e+02.
Newton iteration 5.
  Active set size = 693291.
  sub-gradient = 1.541223e+04, l1-norm of X = 1.997202e+03.
  Coordinate descent sweep 1. norm of D = 7.635981e+03, change in D = 7.635981e+03.
  Coordinate descent sweep 2. norm of D = 7.403893e+03, change in D = 1.930286e+03.
    Line search step size 1.000000e+00.  Lack of positive definiteness.
    Line search step size 5.000000e-01.  Lack of positive definiteness.
    Line search step size chosen: 2.500000e-01.
  Objective value decreased by 1.466010e+02.
Newton iteration 6.
  Active set size = 696586.
  sub-gradient = 1.224443e+04, l1-norm of X = 2.485765e+03.
  Coordinate descent sweep 1. norm of D = 4.634150e+03, change in D = 4.634150e+03.
  Coordinate descent sweep 2. norm of D = 4.951709e+03, change in D = 1.296362e+03.
  Coordinate descent sweep 3. norm of D = 5.147473e+03, change in D = 4.721804e+02.
    Line search step size 1.000000e+00.  Lack of positive definiteness.
    Line search step size chosen: 5.000000e-01.
  Objective value decreased by 1.238131e+02.
Newton iteration 7.
  Active set size = 697220.
  sub-gradient = 1.544887e+04, l1-norm of X = 2.942441e+03.
  Coordinate descent sweep 1. norm of D = 2.229887e+03, change in D = 2.229887e+03.
  Coordinate descent sweep 2. norm of D = 2.624405e+03, change in D = 8.302627e+02.
  Coordinate descent sweep 3. norm of D = 2.810399e+03, change in D = 4.243664e+02.
    Line search step size chosen: 1.000000e+00.
  Objective value decreased by 6.457750e+01.
Newton iteration 8.
  Active set size = 306094.
  sub-gradient = 1.587854e+03, l1-norm of X = 3.273995e+03.
  Coordinate descent sweep 1. norm of D = 3.697608e+02, change in D = 3.697608e+02.
  Coordinate descent sweep 2. norm of D = 4.540912e+02, change in D = 2.488630e+02.
  Coordinate descent sweep 3. norm of D = 5.096636e+02, change in D = 1.577437e+02.
    Line search step size chosen: 1.000000e+00.
  Objective value decreased by 5.957200e+00.
Newton iteration 9.
  Active set size = 297817.
  sub-gradient = 2.839831e+02, l1-norm of X = 3.318291e+03.
  Coordinate descent sweep 1. norm of D = 1.213475e+02, change in D = 1.213475e+02.
  Coordinate descent sweep 2. norm of D = 1.485652e+02, change in D = 9.130891e+01.
  Coordinate descent sweep 3. norm of D = 1.677158e+02, change in D = 6.918096e+01.
  Coordinate descent sweep 4. norm of D = 1.807209e+02, change in D = 5.386106e+01.
    Line search step size chosen: 1.000000e+00.
  Objective value decreased by 1.796040e+00.
Newton iteration 10.
  Active set size = 295994.
  sub-gradient = 6.137185e+01, l1-norm of X = 3.330981e+03.
  Coordinate descent sweep 1. norm of D = 4.620585e+01, change in D = 4.620585e+01.
  Coordinate descent sweep 2. norm of D = 5.639320e+01, change in D = 3.916069e+01.
  Coordinate descent sweep 3. norm of D = 6.352378e+01, change in D = 3.275621e+01.
  Coordinate descent sweep 4. norm of D = 6.882205e+01, change in D = 2.733298e+01.
    Line search step size chosen: 1.000000e+00.
  Objective value decreased by 5.328569e-01.
Newton iteration 11.
  Active set size = 295823.
  sub-gradient = 2.572230e+01, l1-norm of X = 3.335071e+03.
  Coordinate descent sweep 1. norm of D = 2.419736e+01, change in D = 2.419736e+01.
  Coordinate descent sweep 2. norm of D = 2.923705e+01, change in D = 2.117162e+01.
  Coordinate descent sweep 3. norm of D = 3.308696e+01, change in D = 1.847305e+01.
  Coordinate descent sweep 4. norm of D = 3.568400e+01, change in D = 1.585676e+01.
    Line search step size chosen: 1.000000e+00.
  Objective value decreased by 1.967364e-01.
Newton iteration 12.
  Active set size = 295743.
  sub-gradient = 1.623391e+01, l1-norm of X = 3.336857e+03.
  Coordinate descent sweep 1. norm of D = 1.440223e+01, change in D = 1.440223e+01.
  Coordinate descent sweep 2. norm of D = 1.742076e+01, change in D = 1.307614e+01.
  Coordinate descent sweep 3. norm of D = 1.920248e+01, change in D = 1.129669e+01.
  Coordinate descent sweep 4. norm of D = 2.101536e+01, change in D = 9.899956e+00.
  Coordinate descent sweep 5. norm of D = 2.253978e+01, change in D = 9.028823e+00.
    Line search step size chosen: 1.000000e+00.
  Objective value decreased by 9.950449e-02.
Newton iteration 13.
  Active set size = 295701.
  sub-gradient = 9.370812e+00, l1-norm of X = 3.337960e+03.
  Coordinate descent sweep 1. norm of D = 8.170400e+00, change in D = 8.170400e+00.
  Coordinate descent sweep 2. norm of D = 9.780153e+00, change in D = 7.263405e+00.
  Coordinate descent sweep 3. norm of D = 1.090520e+01, change in D = 6.594651e+00.
  Coordinate descent sweep 4. norm of D = 1.202741e+01, change in D = 6.088020e+00.
  Coordinate descent sweep 5. norm of D = 1.288042e+01, change in D = 5.593638e+00.
    Line search step size chosen: 1.000000e+00.
  Objective value decreased by 3.887196e-02.
Newton iteration 14.
  Active set size = 295646.
  sub-gradient = 5.354658e+00, l1-norm of X = 3.338576e+03.
  Coordinate descent sweep 1. norm of D = 5.039330e+00, change in D = 5.039330e+00.
  Coordinate descent sweep 2. norm of D = 6.040472e+00, change in D = 4.599311e+00.
  Coordinate descent sweep 3. norm of D = 6.729120e+00, change in D = 4.137454e+00.
  Coordinate descent sweep 4. norm of D = 7.404914e+00, change in D = 3.916286e+00.
  Coordinate descent sweep 5. norm of D = 7.933151e+00, change in D = 3.646107e+00.
    Line search step size chosen: 1.000000e+00.
  Objective value decreased by 1.765752e-02.
Newton iteration 15.
  Active set size = 295635.
  sub-gradient = 2.987080e+00, l1-norm of X = 3.338918e+03.
  Coordinate descent sweep 1. norm of D = 3.205125e+00, change in D = 3.205125e+00.
  Coordinate descent sweep 2. norm of D = 3.923866e+00, change in D = 2.876224e+00.
  Coordinate descent sweep 3. norm of D = 4.449862e+00, change in D = 2.748867e+00.
  Coordinate descent sweep 4. norm of D = 4.831701e+00, change in D = 2.561153e+00.
  Coordinate descent sweep 5. norm of D = 5.153142e+00, change in D = 2.392084e+00.
  Coordinate descent sweep 6. norm of D = 5.442564e+00, change in D = 2.158546e+00.
    Line search step size chosen: 1.000000e+00.
  Objective value decreased by 9.553220e-03.
Newton iteration 16.
  Active set size = 295628.
  sub-gradient = 2.058927e+00, l1-norm of X = 3.339157e+03.
  Coordinate descent sweep 1. norm of D = 2.012876e+00, change in D = 2.012876e+00.
  Coordinate descent sweep 2. norm of D = 2.407376e+00, change in D = 1.851900e+00.
  Coordinate descent sweep 3. norm of D = 2.702796e+00, change in D = 1.738309e+00.
  Coordinate descent sweep 4. norm of D = 2.947392e+00, change in D = 1.660867e+00.
  Coordinate descent sweep 5. norm of D = 3.105073e+00, change in D = 1.556527e+00.
  Coordinate descent sweep 6. norm of D = 3.268365e+00, change in D = 1.409769e+00.
    Line search step size chosen: 1.000000e+00.
  Objective value decreased by 4.075345e-03.
Newton iteration 17.
  Active set size = 295620.
  sub-gradient = 1.441309e+00, l1-norm of X = 3.339307e+03.
  Coordinate descent sweep 1. norm of D = 1.334410e+00, change in D = 1.334410e+00.
  Coordinate descent sweep 2. norm of D = 1.593138e+00, change in D = 1.241525e+00.
  Coordinate descent sweep 3. norm of D = 1.771188e+00, change in D = 1.178274e+00.
  Coordinate descent sweep 4. norm of D = 1.895470e+00, change in D = 1.067943e+00.
  Coordinate descent sweep 5. norm of D = 2.004937e+00, change in D = 9.952548e-01.
  Coordinate descent sweep 6. norm of D = 2.134896e+00, change in D = 9.368533e-01.
    Line search step size chosen: 1.000000e+00.
  Objective value decreased by 2.022660e-03.
Newton iteration 18.
  Active set size = 295619.
  sub-gradient = 9.174856e-01, l1-norm of X = 3.339392e+03.
  Coordinate descent sweep 1. norm of D = 8.996512e-01, change in D = 8.996512e-01.
  Coordinate descent sweep 2. norm of D = 1.084360e+00, change in D = 8.686680e-01.
  Coordinate descent sweep 3. norm of D = 1.182457e+00, change in D = 7.816831e-01.
  Coordinate descent sweep 4. norm of D = 1.247662e+00, change in D = 6.837298e-01.
  Coordinate descent sweep 5. norm of D = 1.336869e+00, change in D = 6.383916e-01.
  Coordinate descent sweep 6. norm of D = 1.415127e+00, change in D = 5.902333e-01.
  Coordinate descent sweep 7. norm of D = 1.509589e+00, change in D = 6.018612e-01.
    Line search step size chosen: 1.000000e+00.
  Objective value decreased by 1.144171e-03.
Newton iteration 19.
  Active set size = 295614.
  sub-gradient = 4.902567e-01, l1-norm of X = 3.339459e+03.
  Coordinate descent sweep 1. norm of D = 5.521406e-01, change in D = 5.521406e-01.
  Coordinate descent sweep 2. norm of D = 6.652388e-01, change in D = 5.056884e-01.
  Coordinate descent sweep 3. norm of D = 7.557415e-01, change in D = 4.948680e-01.
  Coordinate descent sweep 4. norm of D = 7.871457e-01, change in D = 4.494726e-01.
  Coordinate descent sweep 5. norm of D = 8.383431e-01, change in D = 3.998865e-01.
  Coordinate descent sweep 6. norm of D = 8.935102e-01, change in D = 3.954166e-01.
  Coordinate descent sweep 7. norm of D = 9.307186e-01, change in D = 3.655641e-01.
    Line search step size chosen: 1.000000e+00.
  Objective value decreased by 5.023937e-04.
Newton iteration 20.
  Active set size = 295613.
  sub-gradient = 3.486060e-01, l1-norm of X = 3.339495e+03.
  Coordinate descent sweep 1. norm of D = 3.448636e-01, change in D = 3.448636e-01.
  Coordinate descent sweep 2. norm of D = 4.058611e-01, change in D = 3.161314e-01.
  Coordinate descent sweep 3. norm of D = 4.609810e-01, change in D = 3.101604e-01.
  Coordinate descent sweep 4. norm of D = 4.889742e-01, change in D = 2.883646e-01.
  Coordinate descent sweep 5. norm of D = 5.211263e-01, change in D = 2.747565e-01.
  Coordinate descent sweep 6. norm of D = 5.507645e-01, change in D = 2.661634e-01.
  Coordinate descent sweep 7. norm of D = 5.677219e-01, change in D = 2.448692e-01.
    Line search step size chosen: 1.000000e+00.
  Objective value decreased by 2.024042e-04.
Newton iteration 21.
  Active set size = 295608.
  sub-gradient = 1.963448e-01, l1-norm of X = 3.339519e+03.
  Coordinate descent sweep 1. norm of D = 2.302834e-01, change in D = 2.302834e-01.
  Coordinate descent sweep 2. norm of D = 2.700756e-01, change in D = 2.199418e-01.
  Coordinate descent sweep 3. norm of D = 2.927808e-01, change in D = 1.971253e-01.
  Coordinate descent sweep 4. norm of D = 3.271636e-01, change in D = 1.895222e-01.
  Coordinate descent sweep 5. norm of D = 3.428703e-01, change in D = 1.709888e-01.
  Coordinate descent sweep 6. norm of D = 3.675392e-01, change in D = 1.671840e-01.
  Coordinate descent sweep 7. norm of D = 3.808559e-01, change in D = 1.585461e-01.
  Coordinate descent sweep 8. norm of D = 3.971837e-01, change in D = 1.548039e-01.
    Line search step size chosen: 1.000000e+00.
  Objective value decreased by 1.060536e-04.
QUIC CPU time: 11244.580 seconds
