[1] "/work-zfs/abattle4/prashanthi/recount3/data/liver/GTEx/weighted_covariances/cov_1.rds"
[1] "Data read complete"
Running QUIC version 1.1 in 'default' mode.
Newton iteration 1.
  X is a diagonal matrix.
    Line search step size 1.000000e+00.  Lack of positive definiteness.
    Line search step size 5.000000e-01.  Lack of positive definiteness.
    Line search step size 2.500000e-01.  Lack of positive definiteness.
    Line search step size 1.250000e-01.  Lack of positive definiteness.
    Line search step size chosen: 6.250000e-02.
  Objective value decreased by 1.283915e+02.
Newton iteration 2.
  Active set size = 228632.
  sub-gradient = 9.151461e+03, l1-norm of X = 2.790957e+02.
  Coordinate descent sweep 1. norm of D = 7.202178e+03, change in D = 7.202178e+03.
    Line search step size 1.000000e+00.  Lack of positive definiteness.
    Line search step size 5.000000e-01.  Lack of positive definiteness.
    Line search step size 2.500000e-01.  Lack of positive definiteness.
    Line search step size chosen: 1.250000e-01.
  Objective value decreased by 1.453983e+02.
Newton iteration 3.
  Active set size = 228687.
  sub-gradient = 7.613697e+03, l1-norm of X = 7.006612e+02.
  Coordinate descent sweep 1. norm of D = 5.130681e+03, change in D = 5.130681e+03.
  Coordinate descent sweep 2. norm of D = 4.956692e+03, change in D = 7.366968e+02.
    Line search step size 1.000000e+00.  Lack of positive definiteness.
    Line search step size 5.000000e-01.  Lack of positive definiteness.
    Line search step size chosen: 2.500000e-01.
  Objective value decreased by 1.339449e+02.
Newton iteration 4.
  Active set size = 228748.
  sub-gradient = 5.521050e+03, l1-norm of X = 1.217357e+03.
  Coordinate descent sweep 1. norm of D = 3.285997e+03, change in D = 3.285997e+03.
  Coordinate descent sweep 2. norm of D = 3.339228e+03, change in D = 6.643854e+02.
    Line search step size 1.000000e+00.  Lack of positive definiteness.
    Line search step size chosen: 5.000000e-01.
  Objective value decreased by 1.072702e+02.
Newton iteration 5.
  Active set size = 230457.
  sub-gradient = 4.501354e+03, l1-norm of X = 1.803578e+03.
  Coordinate descent sweep 1. norm of D = 1.437354e+03, change in D = 1.437354e+03.
  Coordinate descent sweep 2. norm of D = 1.651303e+03, change in D = 4.405766e+02.
    Line search step size chosen: 1.000000e+00.
  Objective value decreased by 4.529836e+01.
Newton iteration 6.
  Active set size = 160531.
  sub-gradient = 9.987182e+02, l1-norm of X = 2.180295e+03.
  Coordinate descent sweep 1. norm of D = 2.987273e+02, change in D = 2.987273e+02.
  Coordinate descent sweep 2. norm of D = 3.635587e+02, change in D = 1.728663e+02.
  Coordinate descent sweep 3. norm of D = 4.067832e+02, change in D = 1.000387e+02.
    Line search step size chosen: 1.000000e+00.
  Objective value decreased by 8.286630e+00.
Newton iteration 7.
  Active set size = 155834.
  sub-gradient = 2.636914e+02, l1-norm of X = 2.222587e+03.
  Coordinate descent sweep 1. norm of D = 8.599068e+01, change in D = 8.599068e+01.
  Coordinate descent sweep 2. norm of D = 1.080078e+02, change in D = 6.322575e+01.
  Coordinate descent sweep 3. norm of D = 1.246229e+02, change in D = 4.429013e+01.
    Line search step size chosen: 1.000000e+00.
  Objective value decreased by 2.151717e+00.
Newton iteration 8.
  Active set size = 154828.
  sub-gradient = 6.182405e+01, l1-norm of X = 2.233748e+03.
  Coordinate descent sweep 1. norm of D = 3.713544e+01, change in D = 3.713544e+01.
  Coordinate descent sweep 2. norm of D = 4.840391e+01, change in D = 2.898536e+01.
  Coordinate descent sweep 3. norm of D = 5.661401e+01, change in D = 2.274242e+01.
    Line search step size chosen: 1.000000e+00.
  Objective value decreased by 7.160439e-01.
Newton iteration 9.
  Active set size = 154636.
  sub-gradient = 1.931934e+01, l1-norm of X = 2.238132e+03.
  Coordinate descent sweep 1. norm of D = 1.872141e+01, change in D = 1.872141e+01.
  Coordinate descent sweep 2. norm of D = 2.497458e+01, change in D = 1.515118e+01.
  Coordinate descent sweep 3. norm of D = 2.939097e+01, change in D = 1.238918e+01.
  Coordinate descent sweep 4. norm of D = 3.289647e+01, change in D = 1.004609e+01.
    Line search step size chosen: 1.000000e+00.
  Objective value decreased by 2.893799e-01.
Newton iteration 10.
  Active set size = 154494.
  sub-gradient = 1.203070e+01, l1-norm of X = 2.240714e+03.
  Coordinate descent sweep 1. norm of D = 8.840529e+00, change in D = 8.840529e+00.
  Coordinate descent sweep 2. norm of D = 1.175411e+01, change in D = 7.534814e+00.
  Coordinate descent sweep 3. norm of D = 1.410793e+01, change in D = 6.570341e+00.
  Coordinate descent sweep 4. norm of D = 1.569652e+01, change in D = 5.558934e+00.
    Line search step size chosen: 1.000000e+00.
  Objective value decreased by 8.602351e-02.
Newton iteration 11.
  Active set size = 154448.
  sub-gradient = 6.661388e+00, l1-norm of X = 2.241862e+03.
  Coordinate descent sweep 1. norm of D = 4.761421e+00, change in D = 4.761421e+00.
  Coordinate descent sweep 2. norm of D = 6.395832e+00, change in D = 4.189552e+00.
  Coordinate descent sweep 3. norm of D = 7.625288e+00, change in D = 3.600090e+00.
  Coordinate descent sweep 4. norm of D = 8.654330e+00, change in D = 3.170274e+00.
    Line search step size chosen: 1.000000e+00.
  Objective value decreased by 3.127765e-02.
Newton iteration 12.
  Active set size = 154419.
  sub-gradient = 2.816817e+00, l1-norm of X = 2.242467e+03.
  Coordinate descent sweep 1. norm of D = 2.786317e+00, change in D = 2.786317e+00.
  Coordinate descent sweep 2. norm of D = 3.728879e+00, change in D = 2.463019e+00.
  Coordinate descent sweep 3. norm of D = 4.450232e+00, change in D = 2.110789e+00.
  Coordinate descent sweep 4. norm of D = 5.041390e+00, change in D = 1.885110e+00.
  Coordinate descent sweep 5. norm of D = 5.517026e+00, change in D = 1.643244e+00.
    Line search step size chosen: 1.000000e+00.
  Objective value decreased by 1.441027e-02.
Newton iteration 13.
  Active set size = 154409.
  sub-gradient = 1.607066e+00, l1-norm of X = 2.242840e+03.
  Coordinate descent sweep 1. norm of D = 1.429624e+00, change in D = 1.429624e+00.
  Coordinate descent sweep 2. norm of D = 1.894298e+00, change in D = 1.273533e+00.
  Coordinate descent sweep 3. norm of D = 2.299753e+00, change in D = 1.161648e+00.
  Coordinate descent sweep 4. norm of D = 2.571088e+00, change in D = 1.012276e+00.
  Coordinate descent sweep 5. norm of D = 2.860799e+00, change in D = 9.220697e-01.
    Line search step size chosen: 1.000000e+00.
  Objective value decreased by 4.752816e-03.
Newton iteration 14.
  Active set size = 154403.
  sub-gradient = 8.800113e-01, l1-norm of X = 2.243043e+03.
  Coordinate descent sweep 1. norm of D = 8.461881e-01, change in D = 8.461881e-01.
  Coordinate descent sweep 2. norm of D = 1.109749e+00, change in D = 7.231842e-01.
  Coordinate descent sweep 3. norm of D = 1.334228e+00, change in D = 6.715961e-01.
  Coordinate descent sweep 4. norm of D = 1.501083e+00, change in D = 5.991481e-01.
  Coordinate descent sweep 5. norm of D = 1.653309e+00, change in D = 5.313237e-01.
    Line search step size chosen: 1.000000e+00.
  Objective value decreased by 1.818252e-03.
Newton iteration 15.
  Active set size = 154397.
  sub-gradient = 4.735727e-01, l1-norm of X = 2.243149e+03.
  Coordinate descent sweep 1. norm of D = 4.649270e-01, change in D = 4.649270e-01.
  Coordinate descent sweep 2. norm of D = 6.180171e-01, change in D = 4.246627e-01.
  Coordinate descent sweep 3. norm of D = 7.393736e-01, change in D = 3.938718e-01.
  Coordinate descent sweep 4. norm of D = 8.430365e-01, change in D = 3.594648e-01.
  Coordinate descent sweep 5. norm of D = 9.349182e-01, change in D = 3.305394e-01.
  Coordinate descent sweep 6. norm of D = 1.015499e+00, change in D = 2.943122e-01.
    Line search step size chosen: 1.000000e+00.
  Objective value decreased by 8.095211e-04.
Newton iteration 16.
  Active set size = 154398.
  sub-gradient = 2.869648e-01, l1-norm of X = 2.243218e+03.
  Coordinate descent sweep 1. norm of D = 2.635880e-01, change in D = 2.635880e-01.
  Coordinate descent sweep 2. norm of D = 3.524003e-01, change in D = 2.444081e-01.
  Coordinate descent sweep 3. norm of D = 4.199751e-01, change in D = 2.249256e-01.
  Coordinate descent sweep 4. norm of D = 4.717621e-01, change in D = 1.970091e-01.
  Coordinate descent sweep 5. norm of D = 5.203469e-01, change in D = 1.802689e-01.
  Coordinate descent sweep 6. norm of D = 5.656281e-01, change in D = 1.635524e-01.
    Line search step size chosen: 1.000000e+00.
  Objective value decreased by 3.032488e-04.
Newton iteration 17.
  Active set size = 154394.
  sub-gradient = 1.489432e-01, l1-norm of X = 2.243257e+03.
  Coordinate descent sweep 1. norm of D = 1.521644e-01, change in D = 1.521644e-01.
  Coordinate descent sweep 2. norm of D = 1.977339e-01, change in D = 1.325456e-01.
  Coordinate descent sweep 3. norm of D = 2.371810e-01, change in D = 1.261084e-01.
  Coordinate descent sweep 4. norm of D = 2.676915e-01, change in D = 1.165891e-01.
  Coordinate descent sweep 5. norm of D = 2.965593e-01, change in D = 1.039880e-01.
  Coordinate descent sweep 6. norm of D = 3.192645e-01, change in D = 9.184328e-02.
    Line search step size chosen: 1.000000e+00.
  Objective value decreased by 1.098070e-04.
QUIC CPU time: 6669.840 seconds
