[1] "/work-zfs/abattle4/prashanthi/recount3/data/liver/GTEx/weighted_covariances/cov_1.rds"
[1] "Data read complete"
Running QUIC version 1.1 in 'default' mode.
Newton iteration 1.
  X is a diagonal matrix.
    Line search step size 1.000000e+00.  Lack of positive definiteness.
    Line search step size 5.000000e-01.  Lack of positive definiteness.
    Line search step size 2.500000e-01.  Lack of positive definiteness.
    Line search step size 1.250000e-01.  Lack of positive definiteness.
    Line search step size chosen: 6.250000e-02.
  Objective value decreased by 9.383089e+01.
Newton iteration 2.
  Active set size = 134515.
  sub-gradient = 5.287904e+03, l1-norm of X = 1.927094e+02.
  Coordinate descent sweep 1. norm of D = 4.547137e+03, change in D = 4.547137e+03.
    Line search step size 1.000000e+00.  Lack of positive definiteness.
    Line search step size 5.000000e-01.  Lack of positive definiteness.
    Line search step size 2.500000e-01.  Lack of positive definiteness.
    Line search step size chosen: 1.250000e-01.
  Objective value decreased by 1.037647e+02.
Newton iteration 3.
  Active set size = 134523.
  sub-gradient = 4.334338e+03, l1-norm of X = 4.794657e+02.
  Coordinate descent sweep 1. norm of D = 3.296251e+03, change in D = 3.296251e+03.
  Coordinate descent sweep 2. norm of D = 3.211150e+03, change in D = 4.708690e+02.
    Line search step size 1.000000e+00.  Lack of positive definiteness.
    Line search step size 5.000000e-01.  Lack of positive definiteness.
    Line search step size chosen: 2.500000e-01.
  Objective value decreased by 9.614568e+01.
Newton iteration 4.
  Active set size = 134534.
  sub-gradient = 3.110304e+03, l1-norm of X = 8.389766e+02.
  Coordinate descent sweep 1. norm of D = 2.219296e+03, change in D = 2.219296e+03.
  Coordinate descent sweep 2. norm of D = 2.280889e+03, change in D = 4.360848e+02.
    Line search step size 1.000000e+00.  Lack of positive definiteness.
    Line search step size chosen: 5.000000e-01.
  Objective value decreased by 8.058399e+01.
Newton iteration 5.
  Active set size = 134584.
  sub-gradient = 1.695967e+03, l1-norm of X = 1.281618e+03.
  Coordinate descent sweep 1. norm of D = 1.045073e+03, change in D = 1.045073e+03.
  Coordinate descent sweep 2. norm of D = 1.195811e+03, change in D = 2.939379e+02.
    Line search step size chosen: 1.000000e+00.
  Objective value decreased by 3.445461e+01.
Newton iteration 6.
  Active set size = 104354.
  sub-gradient = 2.880499e+02, l1-norm of X = 1.627841e+03.
  Coordinate descent sweep 1. norm of D = 1.902121e+02, change in D = 1.902121e+02.
  Coordinate descent sweep 2. norm of D = 2.378991e+02, change in D = 1.067440e+02.
  Coordinate descent sweep 3. norm of D = 2.689068e+02, change in D = 6.274289e+01.
    Line search step size chosen: 1.000000e+00.
  Objective value decreased by 5.090106e+00.
Newton iteration 7.
  Active set size = 102050.
  sub-gradient = 5.693534e+01, l1-norm of X = 1.654735e+03.
  Coordinate descent sweep 1. norm of D = 4.942940e+01, change in D = 4.942940e+01.
  Coordinate descent sweep 2. norm of D = 6.615569e+01, change in D = 3.554139e+01.
  Coordinate descent sweep 3. norm of D = 7.794635e+01, change in D = 2.563697e+01.
    Line search step size chosen: 1.000000e+00.
  Objective value decreased by 1.044590e+00.
Newton iteration 8.
  Active set size = 101612.
  sub-gradient = 2.252774e+01, l1-norm of X = 1.662574e+03.
  Coordinate descent sweep 1. norm of D = 2.058376e+01, change in D = 2.058376e+01.
  Coordinate descent sweep 2. norm of D = 2.804410e+01, change in D = 1.595972e+01.
  Coordinate descent sweep 3. norm of D = 3.350754e+01, change in D = 1.272156e+01.
    Line search step size chosen: 1.000000e+00.
  Objective value decreased by 3.224209e-01.
Newton iteration 9.
  Active set size = 101488.
  sub-gradient = 1.138990e+01, l1-norm of X = 1.665537e+03.
  Coordinate descent sweep 1. norm of D = 1.024472e+01, change in D = 1.024472e+01.
  Coordinate descent sweep 2. norm of D = 1.402245e+01, change in D = 8.272879e+00.
  Coordinate descent sweep 3. norm of D = 1.695477e+01, change in D = 6.845825e+00.
  Coordinate descent sweep 4. norm of D = 1.916156e+01, change in D = 5.715167e+00.
    Line search step size chosen: 1.000000e+00.
  Objective value decreased by 1.322784e-01.
Newton iteration 10.
  Active set size = 101446.
  sub-gradient = 4.725474e+00, l1-norm of X = 1.667316e+03.
  Coordinate descent sweep 1. norm of D = 4.794522e+00, change in D = 4.794522e+00.
  Coordinate descent sweep 2. norm of D = 6.564723e+00, change in D = 4.010345e+00.
  Coordinate descent sweep 3. norm of D = 7.957771e+00, change in D = 3.370708e+00.
  Coordinate descent sweep 4. norm of D = 9.022803e+00, change in D = 2.870488e+00.
    Line search step size chosen: 1.000000e+00.
  Objective value decreased by 3.886158e-02.
Newton iteration 11.
  Active set size = 101423.
  sub-gradient = 2.654137e+00, l1-norm of X = 1.668069e+03.
  Coordinate descent sweep 1. norm of D = 2.474307e+00, change in D = 2.474307e+00.
  Coordinate descent sweep 2. norm of D = 3.356065e+00, change in D = 2.172872e+00.
  Coordinate descent sweep 3. norm of D = 4.034728e+00, change in D = 1.860836e+00.
  Coordinate descent sweep 4. norm of D = 4.626532e+00, change in D = 1.648460e+00.
    Line search step size chosen: 1.000000e+00.
  Objective value decreased by 1.410250e-02.
Newton iteration 12.
  Active set size = 101395.
  sub-gradient = 1.499948e+00, l1-norm of X = 1.668445e+03.
  Coordinate descent sweep 1. norm of D = 1.455792e+00, change in D = 1.455792e+00.
  Coordinate descent sweep 2. norm of D = 2.024620e+00, change in D = 1.299109e+00.
  Coordinate descent sweep 3. norm of D = 2.407836e+00, change in D = 1.108486e+00.
  Coordinate descent sweep 4. norm of D = 2.752749e+00, change in D = 9.601224e-01.
  Coordinate descent sweep 5. norm of D = 3.021662e+00, change in D = 8.169642e-01.
    Line search step size chosen: 1.000000e+00.
  Objective value decreased by 6.212591e-03.
Newton iteration 13.
  Active set size = 101385.
  sub-gradient = 8.497973e-01, l1-norm of X = 1.668698e+03.
  Coordinate descent sweep 1. norm of D = 7.334409e-01, change in D = 7.334409e-01.
  Coordinate descent sweep 2. norm of D = 9.986728e-01, change in D = 6.583579e-01.
  Coordinate descent sweep 3. norm of D = 1.222152e+00, change in D = 5.866158e-01.
  Coordinate descent sweep 4. norm of D = 1.408286e+00, change in D = 5.144866e-01.
  Coordinate descent sweep 5. norm of D = 1.549625e+00, change in D = 4.441891e-01.
    Line search step size chosen: 1.000000e+00.
  Objective value decreased by 2.064668e-03.
Newton iteration 14.
  Active set size = 101379.
  sub-gradient = 3.935866e-01, l1-norm of X = 1.668822e+03.
  Coordinate descent sweep 1. norm of D = 4.064972e-01, change in D = 4.064972e-01.
  Coordinate descent sweep 2. norm of D = 5.474824e-01, change in D = 3.377385e-01.
  Coordinate descent sweep 3. norm of D = 6.634745e-01, change in D = 3.089058e-01.
  Coordinate descent sweep 4. norm of D = 7.693555e-01, change in D = 2.809417e-01.
  Coordinate descent sweep 5. norm of D = 8.531429e-01, change in D = 2.458149e-01.
    Line search step size chosen: 1.000000e+00.
  Objective value decreased by 7.454709e-04.
Newton iteration 15.
  Active set size = 101376.
  sub-gradient = 2.939652e-01, l1-norm of X = 1.668890e+03.
  Coordinate descent sweep 1. norm of D = 2.254080e-01, change in D = 2.254080e-01.
  Coordinate descent sweep 2. norm of D = 3.108544e-01, change in D = 1.975096e-01.
  Coordinate descent sweep 3. norm of D = 3.706861e-01, change in D = 1.743323e-01.
  Coordinate descent sweep 4. norm of D = 4.269157e-01, change in D = 1.646231e-01.
  Coordinate descent sweep 5. norm of D = 4.733976e-01, change in D = 1.394709e-01.
  Coordinate descent sweep 6. norm of D = 5.141988e-01, change in D = 1.251206e-01.
    Line search step size chosen: 1.000000e+00.
  Objective value decreased by 2.963369e-04.
Newton iteration 16.
  Active set size = 101375.
  sub-gradient = 1.167681e-01, l1-norm of X = 1.668932e+03.
  Coordinate descent sweep 1. norm of D = 1.165938e-01, change in D = 1.165938e-01.
  Coordinate descent sweep 2. norm of D = 1.621436e-01, change in D = 9.971421e-02.
  Coordinate descent sweep 3. norm of D = 1.955990e-01, change in D = 8.857621e-02.
  Coordinate descent sweep 4. norm of D = 2.206052e-01, change in D = 7.692634e-02.
  Coordinate descent sweep 5. norm of D = 2.494423e-01, change in D = 7.511109e-02.
  Coordinate descent sweep 6. norm of D = 2.706959e-01, change in D = 6.599079e-02.
    Line search step size chosen: 1.000000e+00.
  Objective value decreased by 9.089837e-05.
QUIC CPU time: 5816.860 seconds
