[1] "/work-zfs/abattle4/prashanthi/recount3/data/liver/GTEx/weighted_covariances/cov_1.rds"
[1] "Data read complete"
Running QUIC version 1.1 in 'default' mode.
Newton iteration 1.
  X is a diagonal matrix.
    Line search step size 1.000000e+00.  Lack of positive definiteness.
    Line search step size 5.000000e-01.  Lack of positive definiteness.
    Line search step size 2.500000e-01.  Lack of positive definiteness.
    Line search step size 1.250000e-01.  Lack of positive definiteness.
    Line search step size chosen: 6.250000e-02.
  Objective value decreased by 2.288890e+01.
Newton iteration 2.
  Active set size = 18969.
  sub-gradient = 9.094064e+02, l1-norm of X = 4.707794e+01.
  Coordinate descent sweep 1. norm of D = 7.254085e+02, change in D = 7.254085e+02.
    Line search step size 1.000000e+00.  Lack of positive definiteness.
    Line search step size 5.000000e-01.  Lack of positive definiteness.
    Line search step size 2.500000e-01.  Lack of positive definiteness.
    Line search step size chosen: 1.250000e-01.
  Objective value decreased by 2.618164e+01.
Newton iteration 3.
  Active set size = 18969.
  sub-gradient = 7.223651e+02, l1-norm of X = 1.130734e+02.
  Coordinate descent sweep 1. norm of D = 5.044151e+02, change in D = 5.044151e+02.
  Coordinate descent sweep 2. norm of D = 4.948914e+02, change in D = 9.813763e+01.
    Line search step size 1.000000e+00.  Lack of positive definiteness.
    Line search step size chosen: 5.000000e-01.
  Objective value decreased by 3.800769e+01.
Newton iteration 4.
  Active set size = 18969.
  sub-gradient = 3.220860e+02, l1-norm of X = 2.629194e+02.
  Coordinate descent sweep 1. norm of D = 2.174533e+02, change in D = 2.174533e+02.
  Coordinate descent sweep 2. norm of D = 2.578056e+02, change in D = 6.747398e+01.
    Line search step size chosen: 1.000000e+00.
  Objective value decreased by 1.231048e+01.
Newton iteration 5.
  Active set size = 16568.
  sub-gradient = 5.439843e+01, l1-norm of X = 3.572196e+02.
  Coordinate descent sweep 1. norm of D = 4.974071e+01, change in D = 4.974071e+01.
  Coordinate descent sweep 2. norm of D = 6.678682e+01, change in D = 2.705839e+01.
    Line search step size chosen: 1.000000e+00.
  Objective value decreased by 1.459657e+00.
Newton iteration 6.
  Active set size = 16315.
  sub-gradient = 2.038712e+01, l1-norm of X = 3.681322e+02.
  Coordinate descent sweep 1. norm of D = 1.774926e+01, change in D = 1.774926e+01.
  Coordinate descent sweep 2. norm of D = 2.416461e+01, change in D = 1.130068e+01.
  Coordinate descent sweep 3. norm of D = 2.831144e+01, change in D = 7.360799e+00.
    Line search step size chosen: 1.000000e+00.
  Objective value decreased by 3.724598e-01.
Newton iteration 7.
  Active set size = 16227.
  sub-gradient = 6.232748e+00, l1-norm of X = 3.728395e+02.
  Coordinate descent sweep 1. norm of D = 5.662270e+00, change in D = 5.662270e+00.
  Coordinate descent sweep 2. norm of D = 7.986232e+00, change in D = 3.996951e+00.
  Coordinate descent sweep 3. norm of D = 9.576672e+00, change in D = 2.837272e+00.
    Line search step size chosen: 1.000000e+00.
  Objective value decreased by 5.992614e-02.
Newton iteration 8.
  Active set size = 16217.
  sub-gradient = 2.266733e+00, l1-norm of X = 3.742134e+02.
  Coordinate descent sweep 1. norm of D = 2.136873e+00, change in D = 2.136873e+00.
  Coordinate descent sweep 2. norm of D = 3.026621e+00, change in D = 1.618607e+00.
  Coordinate descent sweep 3. norm of D = 3.648482e+00, change in D = 1.217078e+00.
    Line search step size chosen: 1.000000e+00.
  Objective value decreased by 1.166936e-02.
Newton iteration 9.
  Active set size = 16211.
  sub-gradient = 9.256040e-01, l1-norm of X = 3.746821e+02.
  Coordinate descent sweep 1. norm of D = 8.922963e-01, change in D = 8.922963e-01.
  Coordinate descent sweep 2. norm of D = 1.239172e+00, change in D = 6.761332e-01.
  Coordinate descent sweep 3. norm of D = 1.513707e+00, change in D = 5.218796e-01.
  Coordinate descent sweep 4. norm of D = 1.715414e+00, change in D = 3.995791e-01.
    Line search step size chosen: 1.000000e+00.
  Objective value decreased by 2.734106e-03.
Newton iteration 10.
  Active set size = 16204.
  sub-gradient = 3.605770e-01, l1-norm of X = 3.748876e+02.
  Coordinate descent sweep 1. norm of D = 3.131476e-01, change in D = 3.131476e-01.
  Coordinate descent sweep 2. norm of D = 4.337282e-01, change in D = 2.430488e-01.
  Coordinate descent sweep 3. norm of D = 5.200728e-01, change in D = 1.879246e-01.
  Coordinate descent sweep 4. norm of D = 5.842167e-01, change in D = 1.488930e-01.
    Line search step size chosen: 1.000000e+00.
  Objective value decreased by 4.343862e-04.
Newton iteration 11.
  Active set size = 16203.
  sub-gradient = 1.427134e-01, l1-norm of X = 3.749654e+02.
  Coordinate descent sweep 1. norm of D = 1.206893e-01, change in D = 1.206893e-01.
  Coordinate descent sweep 2. norm of D = 1.691484e-01, change in D = 9.380657e-02.
  Coordinate descent sweep 3. norm of D = 2.073219e-01, change in D = 7.422597e-02.
  Coordinate descent sweep 4. norm of D = 2.336212e-01, change in D = 5.801367e-02.
    Line search step size chosen: 1.000000e+00.
  Objective value decreased by 7.589241e-05.
Newton iteration 12.
  Active set size = 16203.
  sub-gradient = 4.425397e-02, l1-norm of X = 3.749885e+02.
  Coordinate descent sweep 1. norm of D = 4.183086e-02, change in D = 4.183086e-02.
  Coordinate descent sweep 2. norm of D = 6.098010e-02, change in D = 3.632125e-02.
  Coordinate descent sweep 3. norm of D = 7.288198e-02, change in D = 2.827283e-02.
  Coordinate descent sweep 4. norm of D = 8.327694e-02, change in D = 2.300209e-02.
  Coordinate descent sweep 5. norm of D = 9.158019e-02, change in D = 1.752404e-02.
    Line search step size chosen: 1.000000e+00.
  Objective value decreased by 1.286958e-05.
Newton iteration 13.
  Active set size = 16202.
  sub-gradient = 1.445437e-02, l1-norm of X = 3.749978e+02.
  Coordinate descent sweep 1. norm of D = 1.434348e-02, change in D = 1.434348e-02.
  Coordinate descent sweep 2. norm of D = 2.027666e-02, change in D = 1.111692e-02.
  Coordinate descent sweep 3. norm of D = 2.466867e-02, change in D = 9.337963e-03.
  Coordinate descent sweep 4. norm of D = 2.796935e-02, change in D = 7.783110e-03.
  Coordinate descent sweep 5. norm of D = 3.074337e-02, change in D = 6.073178e-03.
    Line search step size chosen: 1.000000e+00.
  Objective value decreased by 1.683992e-06.
QUIC CPU time: 3212.380 seconds
