[1] "/work-zfs/abattle4/prashanthi/recount3/data/liver/GTEx/weighted_covariances/cov_1.rds"
[1] "Data read complete"
Running QUIC version 1.1 in 'default' mode.
Newton iteration 1.
  X is a diagonal matrix.
    Line search step size 1.000000e+00.  Lack of positive definiteness.
    Line search step size chosen: 5.000000e-01.
  Objective value decreased by 4.573745e+00.
Newton iteration 2.
  Active set size = 8827.
  sub-gradient = 3.326384e+01, l1-norm of X = 3.536729e+01.
  Coordinate descent sweep 1. norm of D = 1.847775e+01, change in D = 1.847775e+01.
    Line search step size chosen: 1.000000e+00.
  Objective value decreased by 8.809499e-01.
Newton iteration 3.
  Active set size = 8772.
  sub-gradient = 9.300781e+00, l1-norm of X = 4.692704e+01.
  Coordinate descent sweep 1. norm of D = 6.670663e+00, change in D = 6.670663e+00.
  Coordinate descent sweep 2. norm of D = 7.602274e+00, change in D = 2.268461e+00.
    Line search step size chosen: 1.000000e+00.
  Objective value decreased by 1.382636e-01.
Newton iteration 4.
  Active set size = 8754.
  sub-gradient = 1.171077e+00, l1-norm of X = 4.808446e+01.
  Coordinate descent sweep 1. norm of D = 1.085390e+00, change in D = 1.085390e+00.
  Coordinate descent sweep 2. norm of D = 1.277290e+00, change in D = 3.857213e-01.
    Line search step size chosen: 1.000000e+00.
  Objective value decreased by 5.120546e-03.
Newton iteration 5.
  Active set size = 8752.
  sub-gradient = 1.591278e-01, l1-norm of X = 4.827714e+01.
  Coordinate descent sweep 1. norm of D = 1.580546e-01, change in D = 1.580546e-01.
  Coordinate descent sweep 2. norm of D = 1.865713e-01, change in D = 5.601718e-02.
    Line search step size chosen: 1.000000e+00.
  Objective value decreased by 1.453930e-04.
Newton iteration 6.
  Active set size = 8751.
  sub-gradient = 2.445627e-02, l1-norm of X = 4.831542e+01.
  Coordinate descent sweep 1. norm of D = 2.306336e-02, change in D = 2.306336e-02.
  Coordinate descent sweep 2. norm of D = 2.729228e-02, change in D = 8.098164e-03.
  Coordinate descent sweep 3. norm of D = 2.887321e-02, change in D = 3.138473e-03.
    Line search step size chosen: 1.000000e+00.
  Objective value decreased by 5.284183e-06.
Newton iteration 7.
  Active set size = 8751.
  sub-gradient = 1.204446e-03, l1-norm of X = 4.832236e+01.
  Coordinate descent sweep 1. norm of D = 1.235394e-03, change in D = 1.235394e-03.
  Coordinate descent sweep 2. norm of D = 1.538101e-03, change in D = 5.692945e-04.
  Coordinate descent sweep 3. norm of D = 1.650539e-03, change in D = 2.084529e-04.
    Line search step size chosen: 1.000000e+00.
  Objective value decreased by 1.968147e-08.
QUIC CPU time: 1583.580 seconds
