[1] "GTEx"     "20"       "weighted" "0.78"    
[1] "Data read complete"
Running QUIC version 1.1 in 'default' mode.
Newton iteration 1.
  X is a diagonal matrix.
    Line search step size chosen: 1.000000e+00.
  Objective value decreased by 1.308757e-01.
Newton iteration 2.
  Active set size = 5798.
  sub-gradient = 2.969777e-01, l1-norm of X = 1.567320e+00.
  Coordinate descent sweep 1. norm of D = 2.698671e-01, change in D = 2.698671e-01.
    Line search step size chosen: 1.000000e+00.
  Objective value decreased by 3.251912e-03.
Newton iteration 3.
  Active set size = 5798.
  sub-gradient = 2.224240e-02, l1-norm of X = 1.572190e+00.
  Coordinate descent sweep 1. norm of D = 2.429764e-02, change in D = 2.429764e-02.
  Coordinate descent sweep 2. norm of D = 3.042103e-02, change in D = 6.239344e-03.
    Line search step size chosen: 1.000000e+00.
  Objective value decreased by 7.163971e-05.
Newton iteration 4.
  Active set size = 5798.
  sub-gradient = 9.678138e-04, l1-norm of X = 1.593001e+00.
  Coordinate descent sweep 1. norm of D = 1.242150e-03, change in D = 1.242150e-03.
  Coordinate descent sweep 2. norm of D = 1.457397e-03, change in D = 2.156653e-04.
    Line search step size chosen: 1.000000e+00.
  Objective value decreased by 1.802409e-07.
Newton iteration 5.
  Active set size = 5798.
  sub-gradient = 4.956895e-05, l1-norm of X = 1.594131e+00.
  Coordinate descent sweep 1. norm of D = 5.611984e-05, change in D = 5.611984e-05.
  Coordinate descent sweep 2. norm of D = 6.331013e-05, change in D = 7.201086e-06.
    Line search step size chosen: 1.000000e+00.
  Objective value decreased by 3.510650e-10.
QUIC CPU time: 434.950 seconds
