[1] "GTEx"     "20"       "weighted" "0.94"    
[1] "Data read complete"
Running QUIC version 1.1 in 'default' mode.
Newton iteration 1.
  X is a diagonal matrix.
    Line search step size chosen: 1.000000e+00.
  Objective value decreased by 1.300478e-03.
Newton iteration 2.
  Active set size = 5788.
  sub-gradient = 2.644653e-03, l1-norm of X = 8.837151e-02.
  Coordinate descent sweep 1. norm of D = 2.635570e-03, change in D = 2.635570e-03.
    Line search step size chosen: 1.000000e+00.
  Objective value decreased by 1.281180e-06.
Newton iteration 3.
  Active set size = 5788.
  sub-gradient = 8.803867e-06, l1-norm of X = 8.844139e-02.
  Coordinate descent sweep 1. norm of D = 8.914732e-06, change in D = 8.914732e-06.
  Coordinate descent sweep 2. norm of D = 9.069834e-06, change in D = 1.551023e-07.
    Line search step size chosen: 1.000000e+00.
  Objective value decreased by 1.637090e-11.
QUIC CPU time: 275.160 seconds
