[1] "/work-zfs/abattle4/prashanthi/recount3/data/pancreas/GTEx/weighted_covariances/cov_1.rds"
[1] "Data read complete"
Running QUIC version 1.1 in 'default' mode.
Newton iteration 1.
  X is a diagonal matrix.
    Line search step size 1.000000e+00.  Lack of positive definiteness.
    Line search step size 5.000000e-01.  Lack of positive definiteness.
    Line search step size 2.500000e-01.  Lack of positive definiteness.
    Line search step size 1.250000e-01.  Lack of positive definiteness.
    Line search step size chosen: 6.250000e-02.
  Objective value decreased by 1.530345e+02.
Newton iteration 2.
  Active set size = 282994.
  sub-gradient = 9.650345e+03, l1-norm of X = 2.652938e+02.
  Coordinate descent sweep 1. norm of D = 7.918423e+03, change in D = 7.918423e+03.
    Line search step size 1.000000e+00.  Lack of positive definiteness.
    Line search step size 5.000000e-01.  Lack of positive definiteness.
    Line search step size 2.500000e-01.  Lack of positive definiteness.
    Line search step size chosen: 1.250000e-01.
  Objective value decreased by 1.643754e+02.
Newton iteration 3.
  Active set size = 283040.
  sub-gradient = 7.636093e+03, l1-norm of X = 6.493571e+02.
  Coordinate descent sweep 1. norm of D = 5.521345e+03, change in D = 5.521345e+03.
  Coordinate descent sweep 2. norm of D = 5.357406e+03, change in D = 8.042905e+02.
    Line search step size 1.000000e+00.  Lack of positive definiteness.
    Line search step size 5.000000e-01.  Lack of positive definiteness.
    Line search step size chosen: 2.500000e-01.
  Objective value decreased by 1.423022e+02.
Newton iteration 4.
  Active set size = 283124.
  sub-gradient = 5.498653e+03, l1-norm of X = 1.106436e+03.
  Coordinate descent sweep 1. norm of D = 3.606832e+03, change in D = 3.606832e+03.
  Coordinate descent sweep 2. norm of D = 3.681290e+03, change in D = 7.398308e+02.
    Line search step size 1.000000e+00.  Lack of positive definiteness.
    Line search step size chosen: 5.000000e-01.
  Objective value decreased by 1.187400e+02.
Newton iteration 5.
  Active set size = 284861.
  sub-gradient = 4.174703e+03, l1-norm of X = 1.642528e+03.
  Coordinate descent sweep 1. norm of D = 1.625910e+03, change in D = 1.625910e+03.
  Coordinate descent sweep 2. norm of D = 1.864084e+03, change in D = 4.974028e+02.
    Line search step size chosen: 1.000000e+00.
  Objective value decreased by 5.396253e+01.
Newton iteration 6.
  Active set size = 199350.
  sub-gradient = 8.398315e+02, l1-norm of X = 2.012646e+03.
  Coordinate descent sweep 1. norm of D = 3.374378e+02, change in D = 3.374378e+02.
  Coordinate descent sweep 2. norm of D = 4.207036e+02, change in D = 2.064974e+02.
  Coordinate descent sweep 3. norm of D = 4.749676e+02, change in D = 1.316516e+02.
    Line search step size chosen: 1.000000e+00.
  Objective value decreased by 1.124062e+01.
Newton iteration 7.
  Active set size = 193948.
  sub-gradient = 1.974003e+02, l1-norm of X = 2.054626e+03.
  Coordinate descent sweep 1. norm of D = 1.134142e+02, change in D = 1.134142e+02.
  Coordinate descent sweep 2. norm of D = 1.473104e+02, change in D = 8.832279e+01.
  Coordinate descent sweep 3. norm of D = 1.720435e+02, change in D = 6.593196e+01.
    Line search step size chosen: 1.000000e+00.
  Objective value decreased by 3.279690e+00.
Newton iteration 8.
  Active set size = 192721.
  sub-gradient = 6.645978e+01, l1-norm of X = 2.067550e+03.
  Coordinate descent sweep 1. norm of D = 5.585606e+01, change in D = 5.585606e+01.
  Coordinate descent sweep 2. norm of D = 7.431462e+01, change in D = 4.614693e+01.
  Coordinate descent sweep 3. norm of D = 8.685706e+01, change in D = 3.728661e+01.
    Line search step size chosen: 1.000000e+00.
  Objective value decreased by 1.212303e+00.
Newton iteration 9.
  Active set size = 192423.
  sub-gradient = 3.479570e+01, l1-norm of X = 2.073280e+03.
  Coordinate descent sweep 1. norm of D = 3.254346e+01, change in D = 3.254346e+01.
  Coordinate descent sweep 2. norm of D = 4.325818e+01, change in D = 2.792326e+01.
  Coordinate descent sweep 3. norm of D = 5.106970e+01, change in D = 2.378802e+01.
  Coordinate descent sweep 4. norm of D = 5.744377e+01, change in D = 2.024679e+01.
    Line search step size chosen: 1.000000e+00.
  Objective value decreased by 6.226822e-01.
Newton iteration 10.
  Active set size = 192203.
  sub-gradient = 1.840190e+01, l1-norm of X = 2.076987e+03.
  Coordinate descent sweep 1. norm of D = 1.806050e+01, change in D = 1.806050e+01.
  Coordinate descent sweep 2. norm of D = 2.442035e+01, change in D = 1.634549e+01.
  Coordinate descent sweep 3. norm of D = 2.904273e+01, change in D = 1.416145e+01.
  Coordinate descent sweep 4. norm of D = 3.278506e+01, change in D = 1.223098e+01.
    Line search step size chosen: 1.000000e+00.
  Objective value decreased by 2.533418e-01.
Newton iteration 11.
  Active set size = 192080.
  sub-gradient = 1.159754e+01, l1-norm of X = 2.079140e+03.
  Coordinate descent sweep 1. norm of D = 1.098317e+01, change in D = 1.098317e+01.
  Coordinate descent sweep 2. norm of D = 1.476615e+01, change in D = 1.018406e+01.
  Coordinate descent sweep 3. norm of D = 1.771904e+01, change in D = 9.073486e+00.
  Coordinate descent sweep 4. norm of D = 1.992624e+01, change in D = 7.860038e+00.
    Line search step size chosen: 1.000000e+00.
  Objective value decreased by 1.097566e-01.
Newton iteration 12.
  Active set size = 191974.
  sub-gradient = 7.829147e+00, l1-norm of X = 2.080367e+03.
  Coordinate descent sweep 1. norm of D = 7.076469e+00, change in D = 7.076469e+00.
  Coordinate descent sweep 2. norm of D = 9.624294e+00, change in D = 6.442915e+00.
  Coordinate descent sweep 3. norm of D = 1.142711e+01, change in D = 5.816040e+00.
  Coordinate descent sweep 4. norm of D = 1.293271e+01, change in D = 5.222971e+00.
  Coordinate descent sweep 5. norm of D = 1.419273e+01, change in D = 4.753801e+00.
    Line search step size chosen: 1.000000e+00.
  Objective value decreased by 6.013158e-02.
Newton iteration 13.
  Active set size = 191927.
  sub-gradient = 4.087967e+00, l1-norm of X = 2.081229e+03.
  Coordinate descent sweep 1. norm of D = 4.208804e+00, change in D = 4.208804e+00.
  Coordinate descent sweep 2. norm of D = 5.631239e+00, change in D = 3.749700e+00.
  Coordinate descent sweep 3. norm of D = 6.754406e+00, change in D = 3.521283e+00.
  Coordinate descent sweep 4. norm of D = 7.625710e+00, change in D = 3.259984e+00.
  Coordinate descent sweep 5. norm of D = 8.391221e+00, change in D = 2.982807e+00.
    Line search step size chosen: 1.000000e+00.
  Objective value decreased by 2.452382e-02.
Newton iteration 14.
  Active set size = 191918.
  sub-gradient = 2.753546e+00, l1-norm of X = 2.081718e+03.
  Coordinate descent sweep 1. norm of D = 2.752747e+00, change in D = 2.752747e+00.
  Coordinate descent sweep 2. norm of D = 3.656138e+00, change in D = 2.555773e+00.
  Coordinate descent sweep 3. norm of D = 4.315688e+00, change in D = 2.347416e+00.
  Coordinate descent sweep 4. norm of D = 4.909668e+00, change in D = 2.115527e+00.
  Coordinate descent sweep 5. norm of D = 5.358285e+00, change in D = 1.946208e+00.
    Line search step size chosen: 1.000000e+00.
  Objective value decreased by 1.158499e-02.
Newton iteration 15.
  Active set size = 191883.
  sub-gradient = 1.761639e+00, l1-norm of X = 2.082041e+03.
  Coordinate descent sweep 1. norm of D = 1.756055e+00, change in D = 1.756055e+00.
  Coordinate descent sweep 2. norm of D = 2.328885e+00, change in D = 1.624785e+00.
  Coordinate descent sweep 3. norm of D = 2.787002e+00, change in D = 1.497352e+00.
  Coordinate descent sweep 4. norm of D = 3.180562e+00, change in D = 1.416530e+00.
  Coordinate descent sweep 5. norm of D = 3.495884e+00, change in D = 1.313552e+00.
  Coordinate descent sweep 6. norm of D = 3.764377e+00, change in D = 1.183981e+00.
    Line search step size chosen: 1.000000e+00.
  Objective value decreased by 6.465735e-03.
Newton iteration 16.
  Active set size = 191871.
  sub-gradient = 1.321733e+00, l1-norm of X = 2.082266e+03.
  Coordinate descent sweep 1. norm of D = 1.130175e+00, change in D = 1.130175e+00.
  Coordinate descent sweep 2. norm of D = 1.454314e+00, change in D = 1.002956e+00.
  Coordinate descent sweep 3. norm of D = 1.748390e+00, change in D = 9.699708e-01.
  Coordinate descent sweep 4. norm of D = 1.985904e+00, change in D = 8.992877e-01.
  Coordinate descent sweep 5. norm of D = 2.197727e+00, change in D = 8.236042e-01.
  Coordinate descent sweep 6. norm of D = 2.379517e+00, change in D = 7.463703e-01.
    Line search step size chosen: 1.000000e+00.
  Objective value decreased by 3.221774e-03.
Newton iteration 17.
  Active set size = 191865.
  sub-gradient = 7.091324e-01, l1-norm of X = 2.082412e+03.
  Coordinate descent sweep 1. norm of D = 6.657319e-01, change in D = 6.657319e-01.
  Coordinate descent sweep 2. norm of D = 9.051089e-01, change in D = 6.426101e-01.
  Coordinate descent sweep 3. norm of D = 1.069573e+00, change in D = 6.001410e-01.
  Coordinate descent sweep 4. norm of D = 1.233309e+00, change in D = 5.868303e-01.
  Coordinate descent sweep 5. norm of D = 1.345383e+00, change in D = 5.279750e-01.
  Coordinate descent sweep 6. norm of D = 1.449537e+00, change in D = 4.932559e-01.
    Line search step size chosen: 1.000000e+00.
  Objective value decreased by 1.397161e-03.
Newton iteration 18.
  Active set size = 191866.
  sub-gradient = 5.437814e-01, l1-norm of X = 2.082496e+03.
  Coordinate descent sweep 1. norm of D = 4.716298e-01, change in D = 4.716298e-01.
  Coordinate descent sweep 2. norm of D = 6.176093e-01, change in D = 4.431966e-01.
  Coordinate descent sweep 3. norm of D = 7.039606e-01, change in D = 3.914662e-01.
  Coordinate descent sweep 4. norm of D = 8.015959e-01, change in D = 3.748696e-01.
  Coordinate descent sweep 5. norm of D = 8.879397e-01, change in D = 3.470209e-01.
  Coordinate descent sweep 6. norm of D = 9.760532e-01, change in D = 3.378382e-01.
  Coordinate descent sweep 7. norm of D = 1.050339e+00, change in D = 3.103322e-01.
    Line search step size chosen: 1.000000e+00.
  Objective value decreased by 7.894535e-04.
Newton iteration 19.
  Active set size = 191863.
  sub-gradient = 2.851688e-01, l1-norm of X = 2.082565e+03.
  Coordinate descent sweep 1. norm of D = 2.865070e-01, change in D = 2.865070e-01.
  Coordinate descent sweep 2. norm of D = 3.785812e-01, change in D = 2.634213e-01.
  Coordinate descent sweep 3. norm of D = 4.405044e-01, change in D = 2.471760e-01.
  Coordinate descent sweep 4. norm of D = 5.081066e-01, change in D = 2.351521e-01.
  Coordinate descent sweep 5. norm of D = 5.510918e-01, change in D = 2.196156e-01.
  Coordinate descent sweep 6. norm of D = 5.939151e-01, change in D = 1.982162e-01.
  Coordinate descent sweep 7. norm of D = 6.363949e-01, change in D = 1.943150e-01.
    Line search step size chosen: 1.000000e+00.
  Objective value decreased by 3.346660e-04.
Newton iteration 20.
  Active set size = 191860.
  sub-gradient = 1.740282e-01, l1-norm of X = 2.082601e+03.
  Coordinate descent sweep 1. norm of D = 1.855334e-01, change in D = 1.855334e-01.
  Coordinate descent sweep 2. norm of D = 2.454119e-01, change in D = 1.744789e-01.
  Coordinate descent sweep 3. norm of D = 2.932852e-01, change in D = 1.646188e-01.
  Coordinate descent sweep 4. norm of D = 3.291956e-01, change in D = 1.530898e-01.
  Coordinate descent sweep 5. norm of D = 3.683187e-01, change in D = 1.456977e-01.
  Coordinate descent sweep 6. norm of D = 4.022663e-01, change in D = 1.379558e-01.
  Coordinate descent sweep 7. norm of D = 4.246809e-01, change in D = 1.232737e-01.
    Line search step size chosen: 1.000000e+00.
  Objective value decreased by 1.924587e-04.
QUIC CPU time: 14411.210 seconds
