[1] "/work-zfs/abattle4/prashanthi/recount3/data/pancreas/GTEx/weighted_covariances/cov_1.rds"
[1] "Data read complete"
Running QUIC version 1.1 in 'default' mode.
Newton iteration 1.
  X is a diagonal matrix.
    Line search step size 1.000000e+00.  Lack of positive definiteness.
    Line search step size 5.000000e-01.  Lack of positive definiteness.
    Line search step size 2.500000e-01.  Lack of positive definiteness.
    Line search step size 1.250000e-01.  Lack of positive definiteness.
    Line search step size chosen: 6.250000e-02.
  Objective value decreased by 6.918411e+01.
Newton iteration 2.
  Active set size = 58310.
  sub-gradient = 2.916033e+03, l1-norm of X = 1.032887e+02.
  Coordinate descent sweep 1. norm of D = 2.325532e+03, change in D = 2.325532e+03.
    Line search step size 1.000000e+00.  Lack of positive definiteness.
    Line search step size 5.000000e-01.  Lack of positive definiteness.
    Line search step size 2.500000e-01.  Lack of positive definiteness.
    Line search step size chosen: 1.250000e-01.
  Objective value decreased by 7.795819e+01.
Newton iteration 3.
  Active set size = 58311.
  sub-gradient = 2.294780e+03, l1-norm of X = 2.483821e+02.
  Coordinate descent sweep 1. norm of D = 1.540203e+03, change in D = 1.540203e+03.
  Coordinate descent sweep 2. norm of D = 1.502461e+03, change in D = 2.990595e+02.
    Line search step size 1.000000e+00.  Lack of positive definiteness.
    Line search step size chosen: 5.000000e-01.
  Objective value decreased by 1.028380e+02.
Newton iteration 4.
  Active set size = 58339.
  sub-gradient = 1.285191e+03, l1-norm of X = 5.579149e+02.
  Coordinate descent sweep 1. norm of D = 6.407599e+02, change in D = 6.407599e+02.
  Coordinate descent sweep 2. norm of D = 7.580412e+02, change in D = 2.011597e+02.
    Line search step size chosen: 1.000000e+00.
  Objective value decreased by 3.612333e+01.
Newton iteration 5.
  Active set size = 46435.
  sub-gradient = 2.186486e+02, l1-norm of X = 7.479213e+02.
  Coordinate descent sweep 1. norm of D = 1.641228e+02, change in D = 1.641228e+02.
  Coordinate descent sweep 2. norm of D = 2.206552e+02, change in D = 9.946094e+01.
    Line search step size chosen: 1.000000e+00.
  Objective value decreased by 7.051375e+00.
Newton iteration 6.
  Active set size = 45312.
  sub-gradient = 8.307346e+01, l1-norm of X = 7.746356e+02.
  Coordinate descent sweep 1. norm of D = 7.391142e+01, change in D = 7.391142e+01.
  Coordinate descent sweep 2. norm of D = 1.016871e+02, change in D = 5.290145e+01.
  Coordinate descent sweep 3. norm of D = 1.215560e+02, change in D = 3.852681e+01.
    Line search step size chosen: 1.000000e+00.
  Objective value decreased by 2.901771e+00.
Newton iteration 7.
  Active set size = 44835.
  sub-gradient = 3.161875e+01, l1-norm of X = 7.883445e+02.
  Coordinate descent sweep 1. norm of D = 3.101275e+01, change in D = 3.101275e+01.
  Coordinate descent sweep 2. norm of D = 4.417488e+01, change in D = 2.508993e+01.
  Coordinate descent sweep 3. norm of D = 5.364336e+01, change in D = 1.981891e+01.
    Line search step size chosen: 1.000000e+00.
  Objective value decreased by 8.184527e-01.
Newton iteration 8.
  Active set size = 44665.
  sub-gradient = 1.702425e+01, l1-norm of X = 7.938497e+02.
  Coordinate descent sweep 1. norm of D = 1.651604e+01, change in D = 1.651604e+01.
  Coordinate descent sweep 2. norm of D = 2.342056e+01, change in D = 1.353886e+01.
  Coordinate descent sweep 3. norm of D = 2.860511e+01, change in D = 1.087988e+01.
    Line search step size chosen: 1.000000e+00.
  Objective value decreased by 2.865894e-01.
Newton iteration 9.
  Active set size = 44565.
  sub-gradient = 9.466160e+00, l1-norm of X = 7.965122e+02.
  Coordinate descent sweep 1. norm of D = 9.332600e+00, change in D = 9.332600e+00.
  Coordinate descent sweep 2. norm of D = 1.331975e+01, change in D = 7.809520e+00.
  Coordinate descent sweep 3. norm of D = 1.631718e+01, change in D = 6.439509e+00.
  Coordinate descent sweep 4. norm of D = 1.855795e+01, change in D = 5.346410e+00.
    Line search step size chosen: 1.000000e+00.
  Objective value decreased by 1.319378e-01.
Newton iteration 10.
  Active set size = 44520.
  sub-gradient = 5.460699e+00, l1-norm of X = 7.982680e+02.
  Coordinate descent sweep 1. norm of D = 4.825231e+00, change in D = 4.825231e+00.
  Coordinate descent sweep 2. norm of D = 6.666439e+00, change in D = 3.960848e+00.
  Coordinate descent sweep 3. norm of D = 8.206159e+00, change in D = 3.459318e+00.
  Coordinate descent sweep 4. norm of D = 9.527723e+00, change in D = 3.003779e+00.
    Line search step size chosen: 1.000000e+00.
  Objective value decreased by 4.404671e-02.
Newton iteration 11.
  Active set size = 44492.
  sub-gradient = 2.527547e+00, l1-norm of X = 7.991541e+02.
  Coordinate descent sweep 1. norm of D = 2.469122e+00, change in D = 2.469122e+00.
  Coordinate descent sweep 2. norm of D = 3.596513e+00, change in D = 2.202724e+00.
  Coordinate descent sweep 3. norm of D = 4.397156e+00, change in D = 1.864219e+00.
  Coordinate descent sweep 4. norm of D = 5.113391e+00, change in D = 1.648003e+00.
    Line search step size chosen: 1.000000e+00.
  Objective value decreased by 1.583255e-02.
Newton iteration 12.
  Active set size = 44477.
  sub-gradient = 1.345629e+00, l1-norm of X = 7.996218e+02.
  Coordinate descent sweep 1. norm of D = 1.408614e+00, change in D = 1.408614e+00.
  Coordinate descent sweep 2. norm of D = 2.034675e+00, change in D = 1.237146e+00.
  Coordinate descent sweep 3. norm of D = 2.504209e+00, change in D = 1.092533e+00.
  Coordinate descent sweep 4. norm of D = 2.905798e+00, change in D = 9.866916e-01.
  Coordinate descent sweep 5. norm of D = 3.256105e+00, change in D = 8.515757e-01.
    Line search step size chosen: 1.000000e+00.
  Objective value decreased by 6.914361e-03.
Newton iteration 13.
  Active set size = 44465.
  sub-gradient = 7.828905e-01, l1-norm of X = 7.999304e+02.
  Coordinate descent sweep 1. norm of D = 7.300473e-01, change in D = 7.300473e-01.
  Coordinate descent sweep 2. norm of D = 1.066342e+00, change in D = 6.539915e-01.
  Coordinate descent sweep 3. norm of D = 1.320404e+00, change in D = 5.729867e-01.
  Coordinate descent sweep 4. norm of D = 1.521160e+00, change in D = 4.886991e-01.
  Coordinate descent sweep 5. norm of D = 1.710286e+00, change in D = 4.474776e-01.
    Line search step size chosen: 1.000000e+00.
  Objective value decreased by 2.309205e-03.
Newton iteration 14.
  Active set size = 44463.
  sub-gradient = 5.200537e-01, l1-norm of X = 8.000835e+02.
  Coordinate descent sweep 1. norm of D = 3.936336e-01, change in D = 3.936336e-01.
  Coordinate descent sweep 2. norm of D = 5.649674e-01, change in D = 3.406382e-01.
  Coordinate descent sweep 3. norm of D = 7.027792e-01, change in D = 3.083016e-01.
  Coordinate descent sweep 4. norm of D = 8.125743e-01, change in D = 2.746171e-01.
  Coordinate descent sweep 5. norm of D = 9.142108e-01, change in D = 2.455738e-01.
    Line search step size chosen: 1.000000e+00.
  Objective value decreased by 7.602395e-04.
Newton iteration 15.
  Active set size = 44462.
  sub-gradient = 2.392552e-01, l1-norm of X = 8.001642e+02.
  Coordinate descent sweep 1. norm of D = 2.134993e-01, change in D = 2.134993e-01.
  Coordinate descent sweep 2. norm of D = 3.047905e-01, change in D = 1.918924e-01.
  Coordinate descent sweep 3. norm of D = 3.741161e-01, change in D = 1.671550e-01.
  Coordinate descent sweep 4. norm of D = 4.368069e-01, change in D = 1.569932e-01.
  Coordinate descent sweep 5. norm of D = 4.872409e-01, change in D = 1.393705e-01.
  Coordinate descent sweep 6. norm of D = 5.416271e-01, change in D = 1.229928e-01.
    Line search step size chosen: 1.000000e+00.
  Objective value decreased by 2.929062e-04.
Newton iteration 16.
  Active set size = 44457.
  sub-gradient = 1.300493e-01, l1-norm of X = 8.002126e+02.
  Coordinate descent sweep 1. norm of D = 1.156399e-01, change in D = 1.156399e-01.
  Coordinate descent sweep 2. norm of D = 1.630486e-01, change in D = 9.762676e-02.
  Coordinate descent sweep 3. norm of D = 2.066921e-01, change in D = 8.969997e-02.
  Coordinate descent sweep 4. norm of D = 2.379523e-01, change in D = 7.663094e-02.
  Coordinate descent sweep 5. norm of D = 2.640492e-01, change in D = 6.961537e-02.
  Coordinate descent sweep 6. norm of D = 2.885440e-01, change in D = 6.418473e-02.
    Line search step size chosen: 1.000000e+00.
  Objective value decreased by 9.955405e-05.
Newton iteration 17.
  Active set size = 44457.
  sub-gradient = 6.009032e-02, l1-norm of X = 8.002403e+02.
  Coordinate descent sweep 1. norm of D = 5.668643e-02, change in D = 5.668643e-02.
  Coordinate descent sweep 2. norm of D = 7.930133e-02, change in D = 4.722914e-02.
  Coordinate descent sweep 3. norm of D = 9.887254e-02, change in D = 4.502791e-02.
  Coordinate descent sweep 4. norm of D = 1.151153e-01, change in D = 4.069238e-02.
  Coordinate descent sweep 5. norm of D = 1.285185e-01, change in D = 3.438603e-02.
  Coordinate descent sweep 6. norm of D = 1.415253e-01, change in D = 3.341771e-02.
    Line search step size chosen: 1.000000e+00.
  Objective value decreased by 2.899670e-05.
QUIC CPU time: 8416.850 seconds
