[1] "/work-zfs/abattle4/prashanthi/recount3/data/pancreas/GTEx/weighted_covariances/cov_1.rds"
[1] "Data read complete"
Running QUIC version 1.1 in 'default' mode.
Newton iteration 1.
  X is a diagonal matrix.
    Line search step size 1.000000e+00.  Lack of positive definiteness.
    Line search step size 5.000000e-01.  Lack of positive definiteness.
    Line search step size 2.500000e-01.  Lack of positive definiteness.
    Line search step size 1.250000e-01.  Lack of positive definiteness.
    Line search step size chosen: 6.250000e-02.
  Objective value decreased by 5.596080e+01.
Newton iteration 2.
  Active set size = 41469.
  sub-gradient = 2.205207e+03, l1-norm of X = 8.394085e+01.
  Coordinate descent sweep 1. norm of D = 1.766618e+03, change in D = 1.766618e+03.
    Line search step size 1.000000e+00.  Lack of positive definiteness.
    Line search step size 5.000000e-01.  Lack of positive definiteness.
    Line search step size 2.500000e-01.  Lack of positive definiteness.
    Line search step size chosen: 1.250000e-01.
  Objective value decreased by 6.487642e+01.
Newton iteration 3.
  Active set size = 41469.
  sub-gradient = 1.743116e+03, l1-norm of X = 2.027186e+02.
  Coordinate descent sweep 1. norm of D = 1.156549e+03, change in D = 1.156549e+03.
  Coordinate descent sweep 2. norm of D = 1.128410e+03, change in D = 2.435588e+02.
    Line search step size 1.000000e+00.  Lack of positive definiteness.
    Line search step size chosen: 5.000000e-01.
  Objective value decreased by 8.510330e+01.
Newton iteration 4.
  Active set size = 41485.
  sub-gradient = 8.618983e+02, l1-norm of X = 4.490011e+02.
  Coordinate descent sweep 1. norm of D = 4.821822e+02, change in D = 4.821822e+02.
  Coordinate descent sweep 2. norm of D = 5.782401e+02, change in D = 1.615497e+02.
    Line search step size chosen: 1.000000e+00.
  Objective value decreased by 2.979414e+01.
Newton iteration 5.
  Active set size = 33419.
  sub-gradient = 1.622983e+02, l1-norm of X = 5.972975e+02.
  Coordinate descent sweep 1. norm of D = 1.319933e+02, change in D = 1.319933e+02.
  Coordinate descent sweep 2. norm of D = 1.779020e+02, change in D = 7.849824e+01.
    Line search step size chosen: 1.000000e+00.
  Objective value decreased by 5.560902e+00.
Newton iteration 6.
  Active set size = 32654.
  sub-gradient = 6.889688e+01, l1-norm of X = 6.197939e+02.
  Coordinate descent sweep 1. norm of D = 5.929931e+01, change in D = 5.929931e+01.
  Coordinate descent sweep 2. norm of D = 8.204147e+01, change in D = 4.135505e+01.
  Coordinate descent sweep 3. norm of D = 9.739943e+01, change in D = 2.940065e+01.
    Line search step size chosen: 1.000000e+00.
  Objective value decreased by 2.198313e+00.
Newton iteration 7.
  Active set size = 32310.
  sub-gradient = 2.687715e+01, l1-norm of X = 6.316596e+02.
  Coordinate descent sweep 1. norm of D = 2.454059e+01, change in D = 2.454059e+01.
  Coordinate descent sweep 2. norm of D = 3.439273e+01, change in D = 1.899855e+01.
  Coordinate descent sweep 3. norm of D = 4.160005e+01, change in D = 1.460519e+01.
    Line search step size chosen: 1.000000e+00.
  Objective value decreased by 5.524967e-01.
Newton iteration 8.
  Active set size = 32231.
  sub-gradient = 1.616497e+01, l1-norm of X = 6.361718e+02.
  Coordinate descent sweep 1. norm of D = 1.243537e+01, change in D = 1.243537e+01.
  Coordinate descent sweep 2. norm of D = 1.768572e+01, change in D = 9.987583e+00.
  Coordinate descent sweep 3. norm of D = 2.167525e+01, change in D = 7.894687e+00.
    Line search step size chosen: 1.000000e+00.
  Objective value decreased by 1.867019e-01.
Newton iteration 9.
  Active set size = 32135.
  sub-gradient = 6.874743e+00, l1-norm of X = 6.384556e+02.
  Coordinate descent sweep 1. norm of D = 6.664371e+00, change in D = 6.664371e+00.
  Coordinate descent sweep 2. norm of D = 9.315903e+00, change in D = 5.258487e+00.
  Coordinate descent sweep 3. norm of D = 1.135993e+01, change in D = 4.301454e+00.
  Coordinate descent sweep 4. norm of D = 1.311251e+01, change in D = 3.707261e+00.
    Line search step size chosen: 1.000000e+00.
  Objective value decreased by 7.105690e-02.
Newton iteration 10.
  Active set size = 32094.
  sub-gradient = 3.552669e+00, l1-norm of X = 6.397802e+02.
  Coordinate descent sweep 1. norm of D = 3.119495e+00, change in D = 3.119495e+00.
  Coordinate descent sweep 2. norm of D = 4.502002e+00, change in D = 2.647676e+00.
  Coordinate descent sweep 3. norm of D = 5.525183e+00, change in D = 2.221438e+00.
  Coordinate descent sweep 4. norm of D = 6.405149e+00, change in D = 1.902419e+00.
    Line search step size chosen: 1.000000e+00.
  Objective value decreased by 2.131958e-02.
Newton iteration 11.
  Active set size = 32069.
  sub-gradient = 1.608483e+00, l1-norm of X = 6.403959e+02.
  Coordinate descent sweep 1. norm of D = 1.571230e+00, change in D = 1.571230e+00.
  Coordinate descent sweep 2. norm of D = 2.255887e+00, change in D = 1.369755e+00.
  Coordinate descent sweep 3. norm of D = 2.825884e+00, change in D = 1.203436e+00.
  Coordinate descent sweep 4. norm of D = 3.298730e+00, change in D = 1.018673e+00.
    Line search step size chosen: 1.000000e+00.
  Objective value decreased by 7.134684e-03.
Newton iteration 12.
  Active set size = 32059.
  sub-gradient = 1.009673e+00, l1-norm of X = 6.407256e+02.
  Coordinate descent sweep 1. norm of D = 8.582827e-01, change in D = 8.582827e-01.
  Coordinate descent sweep 2. norm of D = 1.244745e+00, change in D = 7.360724e-01.
  Coordinate descent sweep 3. norm of D = 1.523277e+00, change in D = 6.176165e-01.
  Coordinate descent sweep 4. norm of D = 1.770358e+00, change in D = 5.570101e-01.
  Coordinate descent sweep 5. norm of D = 1.982859e+00, change in D = 4.872250e-01.
    Line search step size chosen: 1.000000e+00.
  Objective value decreased by 2.714608e-03.
Newton iteration 13.
  Active set size = 32056.
  sub-gradient = 4.998738e-01, l1-norm of X = 6.409208e+02.
  Coordinate descent sweep 1. norm of D = 4.325805e-01, change in D = 4.325805e-01.
  Coordinate descent sweep 2. norm of D = 6.110353e-01, change in D = 3.780480e-01.
  Coordinate descent sweep 3. norm of D = 7.432298e-01, change in D = 3.066099e-01.
  Coordinate descent sweep 4. norm of D = 8.633284e-01, change in D = 2.826195e-01.
  Coordinate descent sweep 5. norm of D = 9.734816e-01, change in D = 2.457259e-01.
    Line search step size chosen: 1.000000e+00.
  Objective value decreased by 8.647961e-04.
Newton iteration 14.
  Active set size = 32054.
  sub-gradient = 2.386251e-01, l1-norm of X = 6.410158e+02.
  Coordinate descent sweep 1. norm of D = 2.111291e-01, change in D = 2.111291e-01.
  Coordinate descent sweep 2. norm of D = 2.996304e-01, change in D = 1.788050e-01.
  Coordinate descent sweep 3. norm of D = 3.622311e-01, change in D = 1.553555e-01.
  Coordinate descent sweep 4. norm of D = 4.160700e-01, change in D = 1.407079e-01.
  Coordinate descent sweep 5. norm of D = 4.680727e-01, change in D = 1.211238e-01.
    Line search step size chosen: 1.000000e+00.
  Objective value decreased by 2.567771e-04.
Newton iteration 15.
  Active set size = 32054.
  sub-gradient = 1.166574e-01, l1-norm of X = 6.410604e+02.
  Coordinate descent sweep 1. norm of D = 1.073649e-01, change in D = 1.073649e-01.
  Coordinate descent sweep 2. norm of D = 1.582598e-01, change in D = 1.021267e-01.
  Coordinate descent sweep 3. norm of D = 1.968171e-01, change in D = 8.499571e-02.
  Coordinate descent sweep 4. norm of D = 2.303446e-01, change in D = 7.731190e-02.
  Coordinate descent sweep 5. norm of D = 2.593991e-01, change in D = 6.800318e-02.
  Coordinate descent sweep 6. norm of D = 2.849069e-01, change in D = 5.864582e-02.
    Line search step size chosen: 1.000000e+00.
  Objective value decreased by 1.078756e-04.
Newton iteration 16.
  Active set size = 32054.
  sub-gradient = 5.295333e-02, l1-norm of X = 6.410899e+02.
  Coordinate descent sweep 1. norm of D = 5.181334e-02, change in D = 5.181334e-02.
  Coordinate descent sweep 2. norm of D = 7.495630e-02, change in D = 4.635867e-02.
  Coordinate descent sweep 3. norm of D = 9.089124e-02, change in D = 4.047078e-02.
  Coordinate descent sweep 4. norm of D = 1.061594e-01, change in D = 3.684542e-02.
  Coordinate descent sweep 5. norm of D = 1.193430e-01, change in D = 3.169687e-02.
  Coordinate descent sweep 6. norm of D = 1.315082e-01, change in D = 2.948555e-02.
    Line search step size chosen: 1.000000e+00.
  Objective value decreased by 2.955119e-05.
QUIC CPU time: 7534.490 seconds
