[1] "/work-zfs/abattle4/prashanthi/recount3/data/pancreas/GTEx/weighted_covariances/cov_1.rds"
[1] "Data read complete"
Running QUIC version 1.1 in 'default' mode.
Newton iteration 1.
  X is a diagonal matrix.
    Line search step size 1.000000e+00.  Lack of positive definiteness.
    Line search step size 5.000000e-01.  Lack of positive definiteness.
    Line search step size 2.500000e-01.  Lack of positive definiteness.
    Line search step size chosen: 1.250000e-01.
  Objective value decreased by 4.802073e+01.
Newton iteration 2.
  Active set size = 19687.
  sub-gradient = 9.659280e+02, l1-norm of X = 8.980163e+01.
  Coordinate descent sweep 1. norm of D = 5.854804e+02, change in D = 5.854804e+02.
    Line search step size 1.000000e+00.  Lack of positive definiteness.
    Line search step size 5.000000e-01.  Lack of positive definiteness.
    Line search step size chosen: 2.500000e-01.
  Objective value decreased by 3.650033e+01.
Newton iteration 3.
  Active set size = 19687.
  sub-gradient = 6.357966e+02, l1-norm of X = 1.837007e+02.
  Coordinate descent sweep 1. norm of D = 3.480979e+02, change in D = 3.480979e+02.
  Coordinate descent sweep 2. norm of D = 3.804316e+02, change in D = 9.196408e+01.
    Line search step size chosen: 1.000000e+00.
  Objective value decreased by 3.268862e+01.
Newton iteration 4.
  Active set size = 17586.
  sub-gradient = 2.700396e+02, l1-norm of X = 3.444059e+02.
  Coordinate descent sweep 1. norm of D = 9.082431e+01, change in D = 9.082431e+01.
  Coordinate descent sweep 2. norm of D = 1.087201e+02, change in D = 4.724979e+01.
    Line search step size chosen: 1.000000e+00.
  Objective value decreased by 4.239850e+00.
Newton iteration 5.
  Active set size = 17196.
  sub-gradient = 5.910656e+01, l1-norm of X = 3.503285e+02.
  Coordinate descent sweep 1. norm of D = 3.680091e+01, change in D = 3.680091e+01.
  Coordinate descent sweep 2. norm of D = 5.006955e+01, change in D = 2.298328e+01.
    Line search step size chosen: 1.000000e+00.
  Objective value decreased by 1.181927e+00.
Newton iteration 6.
  Active set size = 17091.
  sub-gradient = 1.913440e+01, l1-norm of X = 3.559331e+02.
  Coordinate descent sweep 1. norm of D = 1.680740e+01, change in D = 1.680740e+01.
  Coordinate descent sweep 2. norm of D = 2.369593e+01, change in D = 1.196155e+01.
  Coordinate descent sweep 3. norm of D = 2.813216e+01, change in D = 8.234612e+00.
    Line search step size chosen: 1.000000e+00.
  Objective value decreased by 4.262069e-01.
Newton iteration 7.
  Active set size = 17015.
  sub-gradient = 7.249576e+00, l1-norm of X = 3.603481e+02.
  Coordinate descent sweep 1. norm of D = 6.688331e+00, change in D = 6.688331e+00.
  Coordinate descent sweep 2. norm of D = 9.321228e+00, change in D = 4.730598e+00.
  Coordinate descent sweep 3. norm of D = 1.120776e+01, change in D = 3.552874e+00.
    Line search step size chosen: 1.000000e+00.
  Objective value decreased by 9.189701e-02.
Newton iteration 8.
  Active set size = 16993.
  sub-gradient = 3.252149e+00, l1-norm of X = 3.618810e+02.
  Coordinate descent sweep 1. norm of D = 2.868304e+00, change in D = 2.868304e+00.
  Coordinate descent sweep 2. norm of D = 4.007382e+00, change in D = 2.127570e+00.
  Coordinate descent sweep 3. norm of D = 4.843670e+00, change in D = 1.645110e+00.
    Line search step size chosen: 1.000000e+00.
  Objective value decreased by 2.146455e-02.
Newton iteration 9.
  Active set size = 16980.
  sub-gradient = 1.315018e+00, l1-norm of X = 3.625227e+02.
  Coordinate descent sweep 1. norm of D = 1.287452e+00, change in D = 1.287452e+00.
  Coordinate descent sweep 2. norm of D = 1.803580e+00, change in D = 9.668890e-01.
  Coordinate descent sweep 3. norm of D = 2.238069e+00, change in D = 7.929733e-01.
  Coordinate descent sweep 4. norm of D = 2.568425e+00, change in D = 6.272844e-01.
    Line search step size chosen: 1.000000e+00.
  Objective value decreased by 6.112706e-03.
Newton iteration 10.
  Active set size = 16980.
  sub-gradient = 4.756145e-01, l1-norm of X = 3.628852e+02.
  Coordinate descent sweep 1. norm of D = 4.870875e-01, change in D = 4.870875e-01.
  Coordinate descent sweep 2. norm of D = 6.905638e-01, change in D = 3.754594e-01.
  Coordinate descent sweep 3. norm of D = 8.512268e-01, change in D = 3.144972e-01.
  Coordinate descent sweep 4. norm of D = 9.926910e-01, change in D = 2.569087e-01.
    Line search step size chosen: 1.000000e+00.
  Objective value decreased by 1.144912e-03.
Newton iteration 11.
  Active set size = 16979.
  sub-gradient = 1.904979e-01, l1-norm of X = 3.630103e+02.
  Coordinate descent sweep 1. norm of D = 1.884187e-01, change in D = 1.884187e-01.
  Coordinate descent sweep 2. norm of D = 2.837152e-01, change in D = 1.651246e-01.
  Coordinate descent sweep 3. norm of D = 3.509664e-01, change in D = 1.291191e-01.
  Coordinate descent sweep 4. norm of D = 4.055576e-01, change in D = 1.032299e-01.
    Line search step size chosen: 1.000000e+00.
  Objective value decreased by 2.590392e-04.
Newton iteration 12.
  Active set size = 16979.
  sub-gradient = 8.184268e-02, l1-norm of X = 3.630631e+02.
  Coordinate descent sweep 1. norm of D = 8.147905e-02, change in D = 8.147905e-02.
  Coordinate descent sweep 2. norm of D = 1.183748e-01, change in D = 6.982218e-02.
  Coordinate descent sweep 3. norm of D = 1.476193e-01, change in D = 5.606336e-02.
  Coordinate descent sweep 4. norm of D = 1.677740e-01, change in D = 4.274105e-02.
  Coordinate descent sweep 5. norm of D = 1.831491e-01, change in D = 3.626682e-02.
    Line search step size chosen: 1.000000e+00.
  Objective value decreased by 5.803861e-05.
Newton iteration 13.
  Active set size = 16979.
  sub-gradient = 2.938061e-02, l1-norm of X = 3.630874e+02.
  Coordinate descent sweep 1. norm of D = 2.945759e-02, change in D = 2.945759e-02.
  Coordinate descent sweep 2. norm of D = 4.296063e-02, change in D = 2.495218e-02.
  Coordinate descent sweep 3. norm of D = 5.429445e-02, change in D = 2.042138e-02.
  Coordinate descent sweep 4. norm of D = 6.322121e-02, change in D = 1.631315e-02.
  Coordinate descent sweep 5. norm of D = 6.878339e-02, change in D = 1.324371e-02.
    Line search step size chosen: 1.000000e+00.
  Objective value decreased by 1.008074e-05.
QUIC CPU time: 5432.010 seconds
