[1] "/work-zfs/abattle4/prashanthi/recount3/data/pancreas/GTEx/weighted_covariances/cov_1.rds"
[1] "Data read complete"
Running QUIC version 1.1 in 'default' mode.
Newton iteration 1.
  X is a diagonal matrix.
    Line search step size 1.000000e+00.  Lack of positive definiteness.
    Line search step size chosen: 5.000000e-01.
  Objective value decreased by 3.496090e+00.
Newton iteration 2.
  Active set size = 10541.
  sub-gradient = 2.585997e+01, l1-norm of X = 2.819941e+01.
  Coordinate descent sweep 1. norm of D = 1.691426e+01, change in D = 1.691426e+01.
    Line search step size chosen: 1.000000e+00.
  Objective value decreased by 7.835105e-01.
Newton iteration 3.
  Active set size = 10513.
  sub-gradient = 8.235385e+00, l1-norm of X = 4.324392e+01.
  Coordinate descent sweep 1. norm of D = 5.289690e+00, change in D = 5.289690e+00.
  Coordinate descent sweep 2. norm of D = 5.636246e+00, change in D = 1.620538e+00.
    Line search step size chosen: 1.000000e+00.
  Objective value decreased by 1.019157e-01.
Newton iteration 4.
  Active set size = 10506.
  sub-gradient = 9.035817e-01, l1-norm of X = 4.316799e+01.
  Coordinate descent sweep 1. norm of D = 7.772023e-01, change in D = 7.772023e-01.
  Coordinate descent sweep 2. norm of D = 8.625843e-01, change in D = 2.471427e-01.
    Line search step size chosen: 1.000000e+00.
  Objective value decreased by 4.209046e-03.
Newton iteration 5.
  Active set size = 10505.
  sub-gradient = 1.132386e-01, l1-norm of X = 4.327912e+01.
  Coordinate descent sweep 1. norm of D = 1.039323e-01, change in D = 1.039323e-01.
  Coordinate descent sweep 2. norm of D = 1.257676e-01, change in D = 4.132180e-02.
    Line search step size chosen: 1.000000e+00.
  Objective value decreased by 1.109861e-04.
Newton iteration 6.
  Active set size = 10505.
  sub-gradient = 1.566548e-02, l1-norm of X = 4.329334e+01.
  Coordinate descent sweep 1. norm of D = 1.441955e-02, change in D = 1.441955e-02.
  Coordinate descent sweep 2. norm of D = 1.629676e-02, change in D = 5.258170e-03.
  Coordinate descent sweep 3. norm of D = 1.745483e-02, change in D = 2.067331e-03.
    Line search step size chosen: 1.000000e+00.
  Objective value decreased by 2.919898e-06.
Newton iteration 7.
  Active set size = 10505.
  sub-gradient = 6.642293e-04, l1-norm of X = 4.329621e+01.
  Coordinate descent sweep 1. norm of D = 6.550589e-04, change in D = 6.550589e-04.
  Coordinate descent sweep 2. norm of D = 7.946150e-04, change in D = 2.899253e-04.
  Coordinate descent sweep 3. norm of D = 8.576386e-04, change in D = 1.251766e-04.
    Line search step size chosen: 1.000000e+00.
  Objective value decreased by 7.354174e-09.
QUIC CPU time: 2944.640 seconds
