[1] "/work-zfs/abattle4/prashanthi/recount3/data/pancreas/GTEx/weighted_covariances/cov_1.rds"
[1] "Data read complete"
Running QUIC version 1.1 in 'default' mode.
Newton iteration 1.
  X is a diagonal matrix.
    Line search step size 1.000000e+00.  Lack of positive definiteness.
    Line search step size chosen: 5.000000e-01.
  Objective value decreased by 2.651987e+00.
Newton iteration 2.
  Active set size = 10462.
  sub-gradient = 1.538074e+01, l1-norm of X = 2.260787e+01.
  Coordinate descent sweep 1. norm of D = 1.349190e+01, change in D = 1.349190e+01.
    Line search step size chosen: 1.000000e+00.
  Objective value decreased by 5.739153e-01.
Newton iteration 3.
  Active set size = 10441.
  sub-gradient = 4.727229e+00, l1-norm of X = 3.565245e+01.
  Coordinate descent sweep 1. norm of D = 3.803412e+00, change in D = 3.803412e+00.
  Coordinate descent sweep 2. norm of D = 3.997692e+00, change in D = 8.516833e-01.
    Line search step size chosen: 1.000000e+00.
  Objective value decreased by 4.779897e-02.
Newton iteration 4.
  Active set size = 10434.
  sub-gradient = 4.339596e-01, l1-norm of X = 3.568442e+01.
  Coordinate descent sweep 1. norm of D = 3.883887e-01, change in D = 3.883887e-01.
  Coordinate descent sweep 2. norm of D = 4.224660e-01, change in D = 1.163466e-01.
    Line search step size chosen: 1.000000e+00.
  Objective value decreased by 8.822148e-04.
Newton iteration 5.
  Active set size = 10432.
  sub-gradient = 3.788884e-02, l1-norm of X = 3.570971e+01.
  Coordinate descent sweep 1. norm of D = 3.470029e-02, change in D = 3.470029e-02.
  Coordinate descent sweep 2. norm of D = 4.070960e-02, change in D = 1.243164e-02.
    Line search step size chosen: 1.000000e+00.
  Objective value decreased by 1.083092e-05.
Newton iteration 6.
  Active set size = 10432.
  sub-gradient = 3.714665e-03, l1-norm of X = 3.571118e+01.
  Coordinate descent sweep 1. norm of D = 3.750076e-03, change in D = 3.750076e-03.
  Coordinate descent sweep 2. norm of D = 4.378941e-03, change in D = 1.333565e-03.
  Coordinate descent sweep 3. norm of D = 4.606241e-03, change in D = 4.416244e-04.
    Line search step size chosen: 1.000000e+00.
  Objective value decreased by 2.146571e-07.
Newton iteration 7.
  Active set size = 10432.
  sub-gradient = 9.786666e-05, l1-norm of X = 3.571164e+01.
  Coordinate descent sweep 1. norm of D = 9.752510e-05, change in D = 9.752510e-05.
  Coordinate descent sweep 2. norm of D = 1.197147e-04, change in D = 3.563704e-05.
  Coordinate descent sweep 3. norm of D = 1.256445e-04, change in D = 1.120788e-05.
    Line search step size chosen: 1.000000e+00.
  Objective value decreased by 2.619345e-10.
QUIC CPU time: 3625.780 seconds
