[1] "/work-zfs/abattle4/prashanthi/recount3/data/pancreas/GTEx/weighted_covariances/cov_1.rds"
[1] "Data read complete"
Running QUIC version 1.1 in 'default' mode.
Newton iteration 1.
  X is a diagonal matrix.
    Line search step size chosen: 1.000000e+00.
  Objective value decreased by 2.858848e-01.
Newton iteration 2.
  Active set size = 10145.
  sub-gradient = 1.285711e+00, l1-norm of X = 7.207659e+00.
  Coordinate descent sweep 1. norm of D = 9.306414e-01, change in D = 9.306414e-01.
    Line search step size chosen: 1.000000e+00.
  Objective value decreased by 1.063759e-02.
Newton iteration 3.
  Active set size = 10144.
  sub-gradient = 1.480202e-01, l1-norm of X = 6.606369e+00.
  Coordinate descent sweep 1. norm of D = 1.494977e-01, change in D = 1.494977e-01.
  Coordinate descent sweep 2. norm of D = 1.597297e-01, change in D = 2.453036e-02.
    Line search step size chosen: 1.000000e+00.
  Objective value decreased by 7.705798e-04.
Newton iteration 4.
  Active set size = 10144.
  sub-gradient = 5.209802e-03, l1-norm of X = 6.732753e+00.
  Coordinate descent sweep 1. norm of D = 5.065822e-03, change in D = 5.065822e-03.
  Coordinate descent sweep 2. norm of D = 5.733408e-03, change in D = 1.484285e-03.
    Line search step size chosen: 1.000000e+00.
  Objective value decreased by 2.118384e-06.
Newton iteration 5.
  Active set size = 10144.
  sub-gradient = 4.248780e-04, l1-norm of X = 6.735908e+00.
  Coordinate descent sweep 1. norm of D = 4.008041e-04, change in D = 4.008041e-04.
  Coordinate descent sweep 2. norm of D = 4.403395e-04, change in D = 1.364727e-04.
    Line search step size chosen: 1.000000e+00.
  Objective value decreased by 3.601963e-08.
QUIC CPU time: 2077.940 seconds
