[1] "/work-zfs/abattle4/prashanthi/recount3/data/pancreas/GTEx/weighted_covariances/cov_1.rds"
[1] "Data read complete"
Running QUIC version 1.1 in 'default' mode.
Newton iteration 1.
  X is a diagonal matrix.
    Line search step size chosen: 1.000000e+00.
  Objective value decreased by 1.634494e-01.
Newton iteration 2.
  Active set size = 10121.
  sub-gradient = 5.970467e-01, l1-norm of X = 4.574368e+00.
  Coordinate descent sweep 1. norm of D = 4.793949e-01, change in D = 4.793949e-01.
    Line search step size chosen: 1.000000e+00.
  Objective value decreased by 3.965788e-03.
Newton iteration 3.
  Active set size = 10120.
  sub-gradient = 5.946570e-02, l1-norm of X = 4.314535e+00.
  Coordinate descent sweep 1. norm of D = 5.815750e-02, change in D = 5.815750e-02.
  Coordinate descent sweep 2. norm of D = 6.176028e-02, change in D = 1.217084e-02.
    Line search step size chosen: 1.000000e+00.
  Objective value decreased by 2.021453e-04.
Newton iteration 4.
  Active set size = 10120.
  sub-gradient = 2.295029e-03, l1-norm of X = 4.371584e+00.
  Coordinate descent sweep 1. norm of D = 2.277618e-03, change in D = 2.277618e-03.
  Coordinate descent sweep 2. norm of D = 2.625837e-03, change in D = 5.465535e-04.
    Line search step size chosen: 1.000000e+00.
  Objective value decreased by 4.539452e-07.
Newton iteration 5.
  Active set size = 10120.
  sub-gradient = 9.509132e-05, l1-norm of X = 4.373158e+00.
  Coordinate descent sweep 1. norm of D = 8.928469e-05, change in D = 8.928469e-05.
  Coordinate descent sweep 2. norm of D = 1.090573e-04, change in D = 5.382633e-05.
    Line search step size chosen: 1.000000e+00.
  Objective value decreased by 3.443347e-09.
QUIC CPU time: 2080.250 seconds
