[1] "sra_normal"    "300"           "pooling_first" "0.34"         
[1] "Data read complete"
Running QUIC version 1.1 in 'default' mode.
Newton iteration 1.
  X is a diagonal matrix.
    Line search step size chosen: 1.000000e+00.
  Objective value decreased by 2.326181e+00.
Newton iteration 2.
  Active set size = 5889.
  sub-gradient = 8.104557e+00, l1-norm of X = 8.644469e+00.
  Coordinate descent sweep 1. norm of D = 4.963634e+00, change in D = 4.963634e+00.
    Line search step size chosen: 1.000000e+00.
  Objective value decreased by 2.413556e-01.
Newton iteration 3.
  Active set size = 5886.
  sub-gradient = 1.348579e+00, l1-norm of X = 8.244467e+00.
  Coordinate descent sweep 1. norm of D = 1.487270e+00, change in D = 1.487270e+00.
  Coordinate descent sweep 2. norm of D = 1.867098e+00, change in D = 5.246801e-01.
    Line search step size chosen: 1.000000e+00.
  Objective value decreased by 4.003703e-02.
Newton iteration 4.
  Active set size = 5885.
  sub-gradient = 2.757107e-01, l1-norm of X = 8.700098e+00.
  Coordinate descent sweep 1. norm of D = 3.033695e-01, change in D = 3.033695e-01.
  Coordinate descent sweep 2. norm of D = 4.160120e-01, change in D = 1.248767e-01.
    Line search step size chosen: 1.000000e+00.
  Objective value decreased by 3.241616e-03.
Newton iteration 5.
  Active set size = 5885.
  sub-gradient = 6.331501e-02, l1-norm of X = 8.770070e+00.
  Coordinate descent sweep 1. norm of D = 7.468830e-02, change in D = 7.468830e-02.
  Coordinate descent sweep 2. norm of D = 1.145252e-01, change in D = 4.177091e-02.
    Line search step size chosen: 1.000000e+00.
  Objective value decreased by 3.940059e-04.
Newton iteration 6.
  Active set size = 5885.
  sub-gradient = 1.345512e-02, l1-norm of X = 8.793042e+00.
  Coordinate descent sweep 1. norm of D = 1.966438e-02, change in D = 1.966438e-02.
  Coordinate descent sweep 2. norm of D = 2.611044e-02, change in D = 8.245545e-03.
  Coordinate descent sweep 3. norm of D = 3.182141e-02, change in D = 6.045949e-03.
    Line search step size chosen: 1.000000e+00.
  Objective value decreased by 2.815339e-05.
Newton iteration 7.
  Active set size = 5885.
  sub-gradient = 2.536967e-03, l1-norm of X = 8.801193e+00.
  Coordinate descent sweep 1. norm of D = 2.596488e-03, change in D = 2.596488e-03.
  Coordinate descent sweep 2. norm of D = 4.908850e-03, change in D = 2.896404e-03.
  Coordinate descent sweep 3. norm of D = 6.267508e-03, change in D = 1.410542e-03.
    Line search step size chosen: 1.000000e+00.
  Objective value decreased by 1.846194e-06.
Newton iteration 8.
  Active set size = 5885.
  sub-gradient = 4.611911e-04, l1-norm of X = 8.802992e+00.
  Coordinate descent sweep 1. norm of D = 6.334970e-04, change in D = 6.334970e-04.
  Coordinate descent sweep 2. norm of D = 1.018545e-03, change in D = 3.987157e-04.
  Coordinate descent sweep 3. norm of D = 1.208495e-03, change in D = 1.944168e-04.
    Line search step size chosen: 1.000000e+00.
  Objective value decreased by 7.054859e-08.
QUIC CPU time: 649.510 seconds
