[1] "sra_normal"    "300"           "pooling_first" "0.36"         
[1] "Data read complete"
Running QUIC version 1.1 in 'default' mode.
Newton iteration 1.
  X is a diagonal matrix.
    Line search step size chosen: 1.000000e+00.
  Objective value decreased by 1.934415e+00.
Newton iteration 2.
  Active set size = 5867.
  sub-gradient = 6.046560e+00, l1-norm of X = 7.565128e+00.
  Coordinate descent sweep 1. norm of D = 4.030744e+00, change in D = 4.030744e+00.
    Line search step size chosen: 1.000000e+00.
  Objective value decreased by 1.751727e-01.
Newton iteration 3.
  Active set size = 5862.
  sub-gradient = 9.483111e-01, l1-norm of X = 7.364004e+00.
  Coordinate descent sweep 1. norm of D = 1.058811e+00, change in D = 1.058811e+00.
  Coordinate descent sweep 2. norm of D = 1.361843e+00, change in D = 3.917281e-01.
    Line search step size chosen: 1.000000e+00.
  Objective value decreased by 2.574833e-02.
Newton iteration 4.
  Active set size = 5863.
  sub-gradient = 1.672705e-01, l1-norm of X = 7.682598e+00.
  Coordinate descent sweep 1. norm of D = 2.023715e-01, change in D = 2.023715e-01.
  Coordinate descent sweep 2. norm of D = 2.856395e-01, change in D = 8.822777e-02.
    Line search step size chosen: 1.000000e+00.
  Objective value decreased by 1.824921e-03.
Newton iteration 5.
  Active set size = 5863.
  sub-gradient = 4.927226e-02, l1-norm of X = 7.763176e+00.
  Coordinate descent sweep 1. norm of D = 5.565970e-02, change in D = 5.565970e-02.
  Coordinate descent sweep 2. norm of D = 8.077176e-02, change in D = 2.550297e-02.
    Line search step size chosen: 1.000000e+00.
  Objective value decreased by 1.996992e-04.
Newton iteration 6.
  Active set size = 5863.
  sub-gradient = 8.362939e-03, l1-norm of X = 7.776131e+00.
  Coordinate descent sweep 1. norm of D = 8.510148e-03, change in D = 8.510148e-03.
  Coordinate descent sweep 2. norm of D = 1.577491e-02, change in D = 9.262961e-03.
  Coordinate descent sweep 3. norm of D = 1.915197e-02, change in D = 3.391848e-03.
    Line search step size chosen: 1.000000e+00.
  Objective value decreased by 2.275978e-05.
Newton iteration 7.
  Active set size = 5863.
  sub-gradient = 1.721744e-03, l1-norm of X = 7.782300e+00.
  Coordinate descent sweep 1. norm of D = 2.088281e-03, change in D = 2.088281e-03.
  Coordinate descent sweep 2. norm of D = 2.684520e-03, change in D = 6.884631e-04.
  Coordinate descent sweep 3. norm of D = 3.758775e-03, change in D = 1.074452e-03.
    Line search step size chosen: 1.000000e+00.
  Objective value decreased by 1.088456e-06.
Newton iteration 8.
  Active set size = 5863.
  sub-gradient = 2.689971e-04, l1-norm of X = 7.783144e+00.
  Coordinate descent sweep 1. norm of D = 2.770955e-04, change in D = 2.770955e-04.
  Coordinate descent sweep 2. norm of D = 6.220753e-04, change in D = 3.567672e-04.
  Coordinate descent sweep 3. norm of D = 7.064362e-04, change in D = 8.531956e-05.
    Line search step size chosen: 1.000000e+00.
  Objective value decreased by 5.650600e-08.
QUIC CPU time: 679.110 seconds
