[1] "sra_normal"    "300"           "pooling_first" "0.52"         
[1] "Data read complete"
Running QUIC version 1.1 in 'default' mode.
Newton iteration 1.
  X is a diagonal matrix.
    Line search step size chosen: 1.000000e+00.
  Objective value decreased by 3.411776e-01.
Newton iteration 2.
  Active set size = 5786.
  sub-gradient = 7.935995e-01, l1-norm of X = 2.233170e+00.
  Coordinate descent sweep 1. norm of D = 6.710447e-01, change in D = 6.710447e-01.
    Line search step size chosen: 1.000000e+00.
  Objective value decreased by 1.238633e-02.
Newton iteration 3.
  Active set size = 5786.
  sub-gradient = 9.591386e-02, l1-norm of X = 2.217664e+00.
  Coordinate descent sweep 1. norm of D = 1.105854e-01, change in D = 1.105854e-01.
  Coordinate descent sweep 2. norm of D = 1.571433e-01, change in D = 4.703218e-02.
    Line search step size chosen: 1.000000e+00.
  Objective value decreased by 1.538729e-03.
Newton iteration 4.
  Active set size = 5786.
  sub-gradient = 1.039162e-02, l1-norm of X = 2.296688e+00.
  Coordinate descent sweep 1. norm of D = 1.322879e-02, change in D = 1.322879e-02.
  Coordinate descent sweep 2. norm of D = 1.804976e-02, change in D = 4.822125e-03.
    Line search step size chosen: 1.000000e+00.
  Objective value decreased by 2.771969e-05.
Newton iteration 5.
  Active set size = 5786.
  sub-gradient = 9.246748e-04, l1-norm of X = 2.304222e+00.
  Coordinate descent sweep 1. norm of D = 1.168966e-03, change in D = 1.168966e-03.
  Coordinate descent sweep 2. norm of D = 1.494597e-03, change in D = 3.824809e-04.
    Line search step size chosen: 1.000000e+00.
  Objective value decreased by 2.782263e-07.
Newton iteration 6.
  Active set size = 5786.
  sub-gradient = 7.795907e-05, l1-norm of X = 2.304756e+00.
  Coordinate descent sweep 1. norm of D = 9.300231e-05, change in D = 9.300231e-05.
  Coordinate descent sweep 2. norm of D = 1.131576e-04, change in D = 2.021305e-05.
  Coordinate descent sweep 3. norm of D = 1.180516e-04, change in D = 4.908603e-06.
    Line search step size chosen: 1.000000e+00.
  Objective value decreased by 1.316948e-09.
QUIC CPU time: 504.910 seconds
