[1] "sra_normal" "250"        "weighted"   "0.46"      
[1] "Data read complete"
Running QUIC version 1.1 in 'default' mode.
Newton iteration 1.
  X is a diagonal matrix.
    Line search step size chosen: 1.000000e+00.
  Objective value decreased by -2.681452e+00.
Newton iteration 2.
  Active set size = 6391.
  sub-gradient = 3.387367e+03, l1-norm of X = 1.967941e+01.
  Coordinate descent sweep 1. norm of D = 3.869043e+00, change in D = 3.869043e+00.
    Line search step size chosen: 1.000000e+00.
  Objective value decreased by 8.087923e-01.
Newton iteration 3.
  Active set size = 6336.
  sub-gradient = 1.641050e+03, l1-norm of X = 1.861808e+01.
  Coordinate descent sweep 1. norm of D = 2.303932e+00, change in D = 2.303932e+00.
  Coordinate descent sweep 2. norm of D = 2.500852e+00, change in D = 7.999731e-01.
    Line search step size chosen: 1.000000e+00.
  Objective value decreased by 7.959577e-01.
Newton iteration 4.
  Active set size = 6274.
  sub-gradient = 7.738676e+02, l1-norm of X = 1.827668e+01.
  Coordinate descent sweep 1. norm of D = 1.487780e+00, change in D = 1.487780e+00.
  Coordinate descent sweep 2. norm of D = 1.460032e+00, change in D = 7.897085e-01.
    Line search step size chosen: 1.000000e+00.
  Objective value decreased by 6.623266e-01.
Newton iteration 5.
  Active set size = 6216.
  sub-gradient = 3.711917e+02, l1-norm of X = 1.810238e+01.
  Coordinate descent sweep 1. norm of D = 1.577303e+00, change in D = 1.577303e+00.
  Coordinate descent sweep 2. norm of D = 1.432798e+00, change in D = 6.926438e-01.
    Line search step size chosen: 1.000000e+00.
  Objective value decreased by 6.215540e-01.
Newton iteration 6.
  Active set size = 6190.
  sub-gradient = 1.752729e+02, l1-norm of X = 1.797347e+01.
  Coordinate descent sweep 1. norm of D = 2.234831e+00, change in D = 2.234831e+00.
  Coordinate descent sweep 2. norm of D = 1.855527e+00, change in D = 1.077357e+00.
  Coordinate descent sweep 3. norm of D = 1.711190e+00, change in D = 6.989241e-01.
    Line search step size chosen: 1.000000e+00.
  Objective value decreased by 5.722267e-01.
Newton iteration 7.
  Active set size = 6171.
  sub-gradient = 7.974752e+01, l1-norm of X = 1.767061e+01.
  Coordinate descent sweep 1. norm of D = 2.247464e+00, change in D = 2.247464e+00.
  Coordinate descent sweep 2. norm of D = 1.941802e+00, change in D = 1.140688e+00.
  Coordinate descent sweep 3. norm of D = 1.794527e+00, change in D = 8.189524e-01.
    Line search step size chosen: 1.000000e+00.
  Objective value decreased by 4.702456e-01.
Newton iteration 8.
  Active set size = 6161.
  sub-gradient = 3.599067e+01, l1-norm of X = 1.716192e+01.
  Coordinate descent sweep 1. norm of D = 2.032689e+00, change in D = 2.032689e+00.
  Coordinate descent sweep 2. norm of D = 1.692781e+00, change in D = 1.091604e+00.
  Coordinate descent sweep 3. norm of D = 1.663467e+00, change in D = 7.087730e-01.
    Line search step size chosen: 1.000000e+00.
  Objective value decreased by 3.357195e-01.
Newton iteration 9.
  Active set size = 6151.
  sub-gradient = 1.409685e+01, l1-norm of X = 1.636469e+01.
  Coordinate descent sweep 1. norm of D = 1.685269e+00, change in D = 1.685269e+00.
  Coordinate descent sweep 2. norm of D = 1.318384e+00, change in D = 1.133622e+00.
  Coordinate descent sweep 3. norm of D = 1.234620e+00, change in D = 5.661682e-01.
  Coordinate descent sweep 4. norm of D = 1.258878e+00, change in D = 2.836628e-01.
    Line search step size chosen: 1.000000e+00.
  Objective value decreased by 1.551025e-01.
Newton iteration 10.
  Active set size = 6144.
  sub-gradient = 4.374068e+00, l1-norm of X = 1.556272e+01.
  Coordinate descent sweep 1. norm of D = 8.803548e-01, change in D = 8.803548e-01.
  Coordinate descent sweep 2. norm of D = 7.038378e-01, change in D = 5.590615e-01.
  Coordinate descent sweep 3. norm of D = 7.121326e-01, change in D = 3.177530e-01.
  Coordinate descent sweep 4. norm of D = 6.999649e-01, change in D = 1.265975e-01.
    Line search step size chosen: 1.000000e+00.
  Objective value decreased by 3.172662e-02.
Newton iteration 11.
  Active set size = 6139.
  sub-gradient = 7.818933e-01, l1-norm of X = 1.506710e+01.
  Coordinate descent sweep 1. norm of D = 2.513403e-01, change in D = 2.513403e-01.
  Coordinate descent sweep 2. norm of D = 1.937706e-01, change in D = 1.551624e-01.
  Coordinate descent sweep 3. norm of D = 2.001749e-01, change in D = 5.745470e-02.
  Coordinate descent sweep 4. norm of D = 1.966114e-01, change in D = 1.977808e-02.
    Line search step size chosen: 1.000000e+00.
  Objective value decreased by 1.555044e-03.
Newton iteration 12.
  Active set size = 6136.
  sub-gradient = 3.606952e-02, l1-norm of X = 1.493735e+01.
  Coordinate descent sweep 1. norm of D = 1.460409e-02, change in D = 1.460409e-02.
  Coordinate descent sweep 2. norm of D = 1.140676e-02, change in D = 7.615391e-03.
  Coordinate descent sweep 3. norm of D = 1.118323e-02, change in D = 2.549226e-03.
  Coordinate descent sweep 4. norm of D = 1.090325e-02, change in D = 7.253534e-04.
  Coordinate descent sweep 5. norm of D = 1.094128e-02, change in D = 2.160784e-04.
    Line search step size chosen: 1.000000e+00.
  Objective value decreased by 4.240781e-06.
Newton iteration 13.
  Active set size = 6136.
  sub-gradient = 9.162634e-05, l1-norm of X = 1.493090e+01.
  Coordinate descent sweep 1. norm of D = 7.063119e-05, change in D = 7.063119e-05.
  Coordinate descent sweep 2. norm of D = 7.107499e-05, change in D = 2.964931e-05.
  Coordinate descent sweep 3. norm of D = 7.240219e-05, change in D = 7.229097e-06.
  Coordinate descent sweep 4. norm of D = 7.237670e-05, change in D = 3.204096e-06.
    Line search step size chosen: 1.000000e+00.
  Objective value decreased by 9.276846e-11.
QUIC CPU time: 1073.790 seconds
