[1] "sra_normal" "250"        "weighted"   "0.48"      
[1] "Data read complete"
Running QUIC version 1.1 in 'default' mode.
Newton iteration 1.
  X is a diagonal matrix.
    Line search step size chosen: 1.000000e+00.
  Objective value decreased by 8.458449e-01.
Newton iteration 2.
  Active set size = 6082.
  sub-gradient = 2.033090e+01, l1-norm of X = 1.353228e+01.
  Coordinate descent sweep 1. norm of D = 4.257132e+00, change in D = 4.257132e+00.
    Line search step size chosen: 1.000000e+00.
  Objective value decreased by 2.605688e-01.
Newton iteration 3.
  Active set size = 6065.
  sub-gradient = 5.755910e+00, l1-norm of X = 1.181494e+01.
  Coordinate descent sweep 1. norm of D = 2.908618e+00, change in D = 2.908618e+00.
  Coordinate descent sweep 2. norm of D = 2.994605e+00, change in D = 8.775205e-01.
    Line search step size chosen: 1.000000e+00.
  Objective value decreased by 1.016763e-01.
Newton iteration 4.
  Active set size = 6053.
  sub-gradient = 1.512824e+00, l1-norm of X = 1.128866e+01.
  Coordinate descent sweep 1. norm of D = 7.293601e-01, change in D = 7.293601e-01.
  Coordinate descent sweep 2. norm of D = 6.966875e-01, change in D = 3.114939e-01.
    Line search step size chosen: 1.000000e+00.
  Objective value decreased by 1.258059e-02.
Newton iteration 5.
  Active set size = 6048.
  sub-gradient = 1.561314e-01, l1-norm of X = 1.109483e+01.
  Coordinate descent sweep 1. norm of D = 1.131253e-01, change in D = 1.131253e-01.
  Coordinate descent sweep 2. norm of D = 1.134343e-01, change in D = 3.900809e-02.
    Line search step size chosen: 1.000000e+00.
  Objective value decreased by 2.494344e-04.
Newton iteration 6.
  Active set size = 6048.
  sub-gradient = 2.505399e-02, l1-norm of X = 1.107764e+01.
  Coordinate descent sweep 1. norm of D = 1.835556e-02, change in D = 1.835556e-02.
  Coordinate descent sweep 2. norm of D = 1.956880e-02, change in D = 6.692844e-03.
  Coordinate descent sweep 3. norm of D = 2.032490e-02, change in D = 2.238030e-03.
    Line search step size chosen: 1.000000e+00.
  Objective value decreased by 6.322856e-06.
Newton iteration 7.
  Active set size = 6048.
  sub-gradient = 8.784756e-04, l1-norm of X = 1.107114e+01.
  Coordinate descent sweep 1. norm of D = 7.865184e-04, change in D = 7.865184e-04.
  Coordinate descent sweep 2. norm of D = 8.882334e-04, change in D = 2.689714e-04.
  Coordinate descent sweep 3. norm of D = 9.358762e-04, change in D = 9.635379e-05.
    Line search step size chosen: 1.000000e+00.
  Objective value decreased by 1.786884e-08.
QUIC CPU time: 595.900 seconds
