[1] "sra_normal" "250"        "0.50"      
[1] "Data read complete"
Running QUIC version 1.1 in 'default' mode.
Newton iteration 1.
  X is a diagonal matrix.
    Line search step size chosen: 1.000000e+00.
  Objective value decreased by 7.380030e-01.
Newton iteration 2.
  Active set size = 5899.
  sub-gradient = 2.916952e+00, l1-norm of X = 6.703031e+00.
  Coordinate descent sweep 1. norm of D = 1.983463e+00, change in D = 1.983463e+00.
    Line search step size chosen: 1.000000e+00.
  Objective value decreased by 5.164665e-02.
Newton iteration 3.
  Active set size = 5892.
  sub-gradient = 4.066055e-01, l1-norm of X = 6.165810e+00.
  Coordinate descent sweep 1. norm of D = 4.374158e-01, change in D = 4.374158e-01.
  Coordinate descent sweep 2. norm of D = 5.257173e-01, change in D = 1.296193e-01.
    Line search step size chosen: 1.000000e+00.
  Objective value decreased by 4.583290e-03.
Newton iteration 4.
  Active set size = 5892.
  sub-gradient = 3.443551e-02, l1-norm of X = 6.373628e+00.
  Coordinate descent sweep 1. norm of D = 4.030990e-02, change in D = 4.030990e-02.
  Coordinate descent sweep 2. norm of D = 5.470523e-02, change in D = 1.638785e-02.
    Line search step size chosen: 1.000000e+00.
  Objective value decreased by 8.468580e-05.
Newton iteration 5.
  Active set size = 5892.
  sub-gradient = 5.410650e-03, l1-norm of X = 6.395094e+00.
  Coordinate descent sweep 1. norm of D = 6.517638e-03, change in D = 6.517638e-03.
  Coordinate descent sweep 2. norm of D = 8.169738e-03, change in D = 1.844168e-03.
    Line search step size chosen: 1.000000e+00.
  Objective value decreased by 2.758992e-06.
Newton iteration 6.
  Active set size = 5892.
  sub-gradient = 5.585010e-04, l1-norm of X = 6.397357e+00.
  Coordinate descent sweep 1. norm of D = 5.409791e-04, change in D = 5.409791e-04.
  Coordinate descent sweep 2. norm of D = 9.206677e-04, change in D = 4.546484e-04.
  Coordinate descent sweep 3. norm of D = 1.043623e-03, change in D = 1.234087e-04.
    Line search step size chosen: 1.000000e+00.
  Objective value decreased by 9.429641e-08.
QUIC CPU time: 514.130 seconds
