[1] "sra_normal" "250"        "0.78"      
[1] "Data read complete"
Running QUIC version 1.1 in 'default' mode.
Newton iteration 1.
  X is a diagonal matrix.
    Line search step size chosen: 1.000000e+00.
  Objective value decreased by 1.094906e-03.
Newton iteration 2.
  Active set size = 5768.
  sub-gradient = 2.229716e-03, l1-norm of X = 5.163357e-02.
  Coordinate descent sweep 1. norm of D = 2.218808e-03, change in D = 2.218808e-03.
    Line search step size chosen: 1.000000e+00.
  Objective value decreased by 1.195775e-06.
Newton iteration 3.
  Active set size = 5768.
  sub-gradient = 7.341794e-05, l1-norm of X = 5.157713e-02.
  Coordinate descent sweep 1. norm of D = 7.810346e-05, change in D = 7.810346e-05.
  Coordinate descent sweep 2. norm of D = 8.307083e-05, change in D = 4.967374e-06.
    Line search step size chosen: 1.000000e+00.
  Objective value decreased by 5.237780e-09.
Newton iteration 4.
  Active set size = 5768.
  sub-gradient = 1.760125e-07, l1-norm of X = 5.168995e-02.
  Coordinate descent sweep 1. norm of D = 1.764358e-07, change in D = 1.764358e-07.
  Coordinate descent sweep 2. norm of D = 1.980514e-07, change in D = 2.161561e-08.
    Line search step size chosen: 1.000000e+00.
  Objective value decreased by 0.000000e+00.
QUIC CPU time: 360.440 seconds
