[1] "GTEx"          "49"            "pooling_first" "0.04"         
[1] "Data read complete"
Running QUIC version 1.1 in 'default' mode.
Newton iteration 1.
  X is a diagonal matrix.
    Line search step size 1.000000e+00.  Lack of positive definiteness.
    Line search step size 5.000000e-01.  Lack of positive definiteness.
    Line search step size 2.500000e-01.  Lack of positive definiteness.
    Line search step size 1.250000e-01.  Lack of positive definiteness.
    Line search step size chosen: 6.250000e-02.
  Objective value decreased by 1.459829e+02.
Newton iteration 2.
  Active set size = 2321417.
  sub-gradient = 3.175796e+04, l1-norm of X = 1.712822e+02.
  Coordinate descent sweep 1. norm of D = 2.717642e+04, change in D = 2.717642e+04.
    Line search step size 1.000000e+00.  Lack of positive definiteness.
    Line search step size 5.000000e-01.  Lack of positive definiteness.
    Line search step size 2.500000e-01.  Lack of positive definiteness.
    Line search step size chosen: 1.250000e-01.
  Objective value decreased by 1.987421e+02.
Newton iteration 3.
  Active set size = 2325094.
  sub-gradient = 2.513416e+04, l1-norm of X = 4.408325e+02.
  Coordinate descent sweep 1. norm of D = 1.517419e+04, change in D = 1.517419e+04.
  Coordinate descent sweep 2. norm of D = 1.308113e+04, change in D = 3.926646e+03.
    Line search step size 1.000000e+00.  Lack of positive definiteness.
    Line search step size 5.000000e-01.  Lack of positive definiteness.
    Line search step size chosen: 2.500000e-01.
  Objective value decreased by 1.520005e+02.
Newton iteration 4.
  Active set size = 2334061.
  sub-gradient = 1.697723e+04, l1-norm of X = 6.618761e+02.
  Coordinate descent sweep 1. norm of D = 8.151473e+03, change in D = 8.151473e+03.
  Coordinate descent sweep 2. norm of D = 7.801337e+03, change in D = 2.429575e+03.
    Line search step size 1.000000e+00.  Lack of positive definiteness.
    Line search step size chosen: 5.000000e-01.
  Objective value decreased by 1.078207e+02.
Newton iteration 5.
  Active set size = 2348064.
  sub-gradient = 1.130826e+04, l1-norm of X = 8.530914e+02.
  Coordinate descent sweep 1. norm of D = 3.600331e+03, change in D = 3.600331e+03.
  Coordinate descent sweep 2. norm of D = 3.993086e+03, change in D = 1.183034e+03.
    Line search step size chosen: 1.000000e+00.
  Objective value decreased by 4.715924e+01.
Newton iteration 6.
  Active set size = 1160146.
  sub-gradient = 1.059486e+03, l1-norm of X = 9.806954e+02.
  Coordinate descent sweep 1. norm of D = 6.896223e+02, change in D = 6.896223e+02.
  Coordinate descent sweep 2. norm of D = 7.941801e+02, change in D = 3.934324e+02.
  Coordinate descent sweep 3. norm of D = 8.591886e+02, change in D = 2.132107e+02.
    Line search step size chosen: 1.000000e+00.
  Objective value decreased by 6.093851e+00.
Newton iteration 7.
  Active set size = 1120205.
  sub-gradient = 1.755602e+02, l1-norm of X = 9.993514e+02.
  Coordinate descent sweep 1. norm of D = 1.468330e+02, change in D = 1.468330e+02.
  Coordinate descent sweep 2. norm of D = 1.699523e+02, change in D = 1.063769e+02.
  Coordinate descent sweep 3. norm of D = 1.853690e+02, change in D = 7.956399e+01.
    Line search step size chosen: 1.000000e+00.
  Objective value decreased by 1.690026e+00.
Newton iteration 8.
  Active set size = 1115690.
  sub-gradient = 7.708640e+01, l1-norm of X = 1.002613e+03.
  Coordinate descent sweep 1. norm of D = 6.461195e+01, change in D = 6.461195e+01.
  Coordinate descent sweep 2. norm of D = 7.339786e+01, change in D = 5.412057e+01.
  Coordinate descent sweep 3. norm of D = 7.884594e+01, change in D = 4.544311e+01.
    Line search step size chosen: 1.000000e+00.
  Objective value decreased by 7.776921e-01.
Newton iteration 9.
  Active set size = 1114610.
  sub-gradient = 4.204739e+01, l1-norm of X = 1.003534e+03.
  Coordinate descent sweep 1. norm of D = 4.011161e+01, change in D = 4.011161e+01.
  Coordinate descent sweep 2. norm of D = 4.538184e+01, change in D = 3.542424e+01.
  Coordinate descent sweep 3. norm of D = 5.009344e+01, change in D = 3.122632e+01.
  Coordinate descent sweep 4. norm of D = 5.296001e+01, change in D = 2.822812e+01.
    Line search step size chosen: 1.000000e+00.
  Objective value decreased by 5.902155e-01.
Newton iteration 10.
  Active set size = 1113784.
  sub-gradient = 2.537153e+01, l1-norm of X = 1.004081e+03.
  Coordinate descent sweep 1. norm of D = 2.582782e+01, change in D = 2.582782e+01.
  Coordinate descent sweep 2. norm of D = 2.964814e+01, change in D = 2.371405e+01.
  Coordinate descent sweep 3. norm of D = 3.244964e+01, change in D = 2.204665e+01.
  Coordinate descent sweep 4. norm of D = 3.463174e+01, change in D = 2.070421e+01.
    Line search step size chosen: 1.000000e+00.
  Objective value decreased by 3.394759e-01.
Newton iteration 11.
  Active set size = 1113619.
  sub-gradient = 2.072176e+01, l1-norm of X = 1.004382e+03.
  Coordinate descent sweep 1. norm of D = 1.919381e+01, change in D = 1.919381e+01.
  Coordinate descent sweep 2. norm of D = 2.207864e+01, change in D = 1.801828e+01.
  Coordinate descent sweep 3. norm of D = 2.407400e+01, change in D = 1.695091e+01.
  Coordinate descent sweep 4. norm of D = 2.465357e+01, change in D = 1.467598e+01.
    Line search step size chosen: 1.000000e+00.
  Objective value decreased by 2.325276e-01.
Newton iteration 12.
  Active set size = 1113301.
  sub-gradient = 1.241838e+01, l1-norm of X = 1.004595e+03.
  Coordinate descent sweep 1. norm of D = 1.367189e+01, change in D = 1.367189e+01.
  Coordinate descent sweep 2. norm of D = 1.545703e+01, change in D = 1.275813e+01.
  Coordinate descent sweep 3. norm of D = 1.739086e+01, change in D = 1.270157e+01.
  Coordinate descent sweep 4. norm of D = 1.883131e+01, change in D = 1.259539e+01.
  Coordinate descent sweep 5. norm of D = 1.997665e+01, change in D = 1.221360e+01.
    Line search step size chosen: 1.000000e+00.
  Objective value decreased by 1.824303e-01.
Newton iteration 13.
  Active set size = 1113389.
  sub-gradient = 1.160646e+01, l1-norm of X = 1.004745e+03.
  Coordinate descent sweep 1. norm of D = 1.159595e+01, change in D = 1.159595e+01.
  Coordinate descent sweep 2. norm of D = 1.279098e+01, change in D = 1.054079e+01.
  Coordinate descent sweep 3. norm of D = 1.427043e+01, change in D = 1.036144e+01.
  Coordinate descent sweep 4. norm of D = 1.471852e+01, change in D = 9.496750e+00.
  Coordinate descent sweep 5. norm of D = 1.584473e+01, change in D = 9.378159e+00.
    Line search step size chosen: 1.000000e+00.
  Objective value decreased by 1.306109e-01.
Newton iteration 14.
  Active set size = 1113185.
  sub-gradient = 8.744154e+00, l1-norm of X = 1.004878e+03.
  Coordinate descent sweep 1. norm of D = 8.726595e+00, change in D = 8.726595e+00.
  Coordinate descent sweep 2. norm of D = 1.061230e+01, change in D = 8.796074e+00.
  Coordinate descent sweep 3. norm of D = 1.092903e+01, change in D = 7.965493e+00.
  Coordinate descent sweep 4. norm of D = 1.156583e+01, change in D = 7.069631e+00.
  Coordinate descent sweep 5. norm of D = 1.268963e+01, change in D = 7.335215e+00.
    Line search step size chosen: 1.000000e+00.
  Objective value decreased by 9.935016e-02.
Newton iteration 15.
  Active set size = 1113108.
  sub-gradient = 6.883833e+00, l1-norm of X = 1.004981e+03.
  Coordinate descent sweep 1. norm of D = 7.231813e+00, change in D = 7.231813e+00.
  Coordinate descent sweep 2. norm of D = 8.511944e+00, change in D = 6.914957e+00.
  Coordinate descent sweep 3. norm of D = 8.965239e+00, change in D = 6.425213e+00.
  Coordinate descent sweep 4. norm of D = 9.971363e+00, change in D = 6.832104e+00.
  Coordinate descent sweep 5. norm of D = 1.068183e+01, change in D = 6.902661e+00.
  Coordinate descent sweep 6. norm of D = 1.120258e+01, change in D = 6.739372e+00.
    Line search step size chosen: 1.000000e+00.
  Objective value decreased by 9.000068e-02.
Newton iteration 16.
  Active set size = 1113066.
  sub-gradient = 6.038406e+00, l1-norm of X = 1.005082e+03.
  Coordinate descent sweep 1. norm of D = 6.396766e+00, change in D = 6.396766e+00.
  Coordinate descent sweep 2. norm of D = 6.805824e+00, change in D = 5.633404e+00.
  Coordinate descent sweep 3. norm of D = 8.095591e+00, change in D = 5.992046e+00.
  Coordinate descent sweep 4. norm of D = 8.682310e+00, change in D = 6.091167e+00.
  Coordinate descent sweep 5. norm of D = 8.713100e+00, change in D = 5.529468e+00.
  Coordinate descent sweep 6. norm of D = 9.323603e+00, change in D = 5.176937e+00.
    Line search step size chosen: 1.000000e+00.
  Objective value decreased by 6.747420e-02.
Newton iteration 17.
  Active set size = 1113034.
  sub-gradient = 5.946709e+00, l1-norm of X = 1.005151e+03.
  Coordinate descent sweep 1. norm of D = 5.590980e+00, change in D = 5.590980e+00.
  Coordinate descent sweep 2. norm of D = 6.082521e+00, change in D = 5.440433e+00.
  Coordinate descent sweep 3. norm of D = 6.500184e+00, change in D = 5.149562e+00.
  Coordinate descent sweep 4. norm of D = 6.875898e+00, change in D = 5.099287e+00.
  Coordinate descent sweep 5. norm of D = 7.253080e+00, change in D = 5.020119e+00.
  Coordinate descent sweep 6. norm of D = 7.282462e+00, change in D = 4.544989e+00.
    Line search step size chosen: 1.000000e+00.
  Objective value decreased by 4.766453e-02.
Newton iteration 18.
  Active set size = 1112978.
  sub-gradient = 4.117948e+00, l1-norm of X = 1.005213e+03.
  Coordinate descent sweep 1. norm of D = 4.347060e+00, change in D = 4.347060e+00.
  Coordinate descent sweep 2. norm of D = 5.393272e+00, change in D = 4.998346e+00.
  Coordinate descent sweep 3. norm of D = 5.567755e+00, change in D = 4.840430e+00.
  Coordinate descent sweep 4. norm of D = 5.923197e+00, change in D = 4.584962e+00.
  Coordinate descent sweep 5. norm of D = 6.485557e+00, change in D = 4.663487e+00.
  Coordinate descent sweep 6. norm of D = 6.512056e+00, change in D = 4.469264e+00.
  Coordinate descent sweep 7. norm of D = 6.967816e+00, change in D = 4.465004e+00.
    Line search step size chosen: 1.000000e+00.
  Objective value decreased by 4.791338e-02.
Newton iteration 19.
  Active set size = 1112949.
  sub-gradient = 4.116787e+00, l1-norm of X = 1.005268e+03.
  Coordinate descent sweep 1. norm of D = 4.527696e+00, change in D = 4.527696e+00.
  Coordinate descent sweep 2. norm of D = 5.046220e+00, change in D = 4.414355e+00.
  Coordinate descent sweep 3. norm of D = 5.076788e+00, change in D = 3.939434e+00.
  Coordinate descent sweep 4. norm of D = 5.318518e+00, change in D = 3.490084e+00.
  Coordinate descent sweep 5. norm of D = 5.617944e+00, change in D = 3.282463e+00.
  Coordinate descent sweep 6. norm of D = 5.954930e+00, change in D = 3.289484e+00.
  Coordinate descent sweep 7. norm of D = 6.297776e+00, change in D = 3.460581e+00.
    Line search step size chosen: 1.000000e+00.
  Objective value decreased by 3.794985e-02.
Newton iteration 20.
  Active set size = 1112938.
  sub-gradient = 3.965647e+00, l1-norm of X = 1.005318e+03.
  Coordinate descent sweep 1. norm of D = 3.715971e+00, change in D = 3.715971e+00.
  Coordinate descent sweep 2. norm of D = 3.876289e+00, change in D = 3.656068e+00.
  Coordinate descent sweep 3. norm of D = 4.327243e+00, change in D = 3.585568e+00.
  Coordinate descent sweep 4. norm of D = 4.657063e+00, change in D = 3.546441e+00.
  Coordinate descent sweep 5. norm of D = 4.709884e+00, change in D = 3.415344e+00.
  Coordinate descent sweep 6. norm of D = 4.737466e+00, change in D = 2.923680e+00.
  Coordinate descent sweep 7. norm of D = 5.193752e+00, change in D = 2.967054e+00.
    Line search step size chosen: 1.000000e+00.
  Objective value decreased by 2.932161e-02.
Newton iteration 21.
  Active set size = 1112883.
  sub-gradient = 2.722425e+00, l1-norm of X = 1.005370e+03.
  Coordinate descent sweep 1. norm of D = 3.145145e+00, change in D = 3.145145e+00.
  Coordinate descent sweep 2. norm of D = 3.522053e+00, change in D = 3.158954e+00.
  Coordinate descent sweep 3. norm of D = 3.814078e+00, change in D = 2.961397e+00.
  Coordinate descent sweep 4. norm of D = 3.930887e+00, change in D = 2.735482e+00.
  Coordinate descent sweep 5. norm of D = 4.370145e+00, change in D = 3.027763e+00.
  Coordinate descent sweep 6. norm of D = 4.489080e+00, change in D = 3.127070e+00.
  Coordinate descent sweep 7. norm of D = 4.910497e+00, change in D = 3.345976e+00.
  Coordinate descent sweep 8. norm of D = 4.803970e+00, change in D = 3.008830e+00.
    Line search step size chosen: 1.000000e+00.
  Objective value decreased by 2.774852e-02.
Newton iteration 22.
  Active set size = 1112954.
  sub-gradient = 3.525132e+00, l1-norm of X = 1.005407e+03.
  Coordinate descent sweep 1. norm of D = 2.865205e+00, change in D = 2.865205e+00.
  Coordinate descent sweep 2. norm of D = 3.204274e+00, change in D = 2.982122e+00.
  Coordinate descent sweep 3. norm of D = 3.329723e+00, change in D = 2.829670e+00.
  Coordinate descent sweep 4. norm of D = 3.617821e+00, change in D = 2.727474e+00.
  Coordinate descent sweep 5. norm of D = 3.684881e+00, change in D = 2.739315e+00.
  Coordinate descent sweep 6. norm of D = 3.749316e+00, change in D = 2.495941e+00.
  Coordinate descent sweep 7. norm of D = 4.276749e+00, change in D = 2.716404e+00.
  Coordinate descent sweep 8. norm of D = 4.400250e+00, change in D = 2.846069e+00.
    Line search step size chosen: 1.000000e+00.
  Objective value decreased by 2.240128e-02.
Newton iteration 23.
  Active set size = 1112902.
  sub-gradient = 2.490706e+00, l1-norm of X = 1.005450e+03.
  Coordinate descent sweep 1. norm of D = 2.291642e+00, change in D = 2.291642e+00.
  Coordinate descent sweep 2. norm of D = 3.146285e+00, change in D = 2.662187e+00.
  Coordinate descent sweep 3. norm of D = 3.179253e+00, change in D = 2.583674e+00.
  Coordinate descent sweep 4. norm of D = 3.398030e+00, change in D = 2.328905e+00.
  Coordinate descent sweep 5. norm of D = 3.578207e+00, change in D = 2.338994e+00.
  Coordinate descent sweep 6. norm of D = 3.856976e+00, change in D = 2.587277e+00.
  Coordinate descent sweep 7. norm of D = 3.918046e+00, change in D = 2.543318e+00.
  Coordinate descent sweep 8. norm of D = 3.938872e+00, change in D = 2.133933e+00.
    Line search step size chosen: 1.000000e+00.
  Objective value decreased by 1.864128e-02.
Newton iteration 24.
  Active set size = 1112871.
  sub-gradient = 2.133659e+00, l1-norm of X = 1.005478e+03.
  Coordinate descent sweep 1. norm of D = 2.584144e+00, change in D = 2.584144e+00.
  Coordinate descent sweep 2. norm of D = 2.683977e+00, change in D = 2.596948e+00.
  Coordinate descent sweep 3. norm of D = 2.588644e+00, change in D = 2.300961e+00.
  Coordinate descent sweep 4. norm of D = 3.071009e+00, change in D = 2.466169e+00.
  Coordinate descent sweep 5. norm of D = 2.828183e+00, change in D = 2.230602e+00.
  Coordinate descent sweep 6. norm of D = 3.087219e+00, change in D = 2.060270e+00.
  Coordinate descent sweep 7. norm of D = 3.207051e+00, change in D = 2.137413e+00.
  Coordinate descent sweep 8. norm of D = 3.411496e+00, change in D = 2.111015e+00.
  Coordinate descent sweep 9. norm of D = 3.537319e+00, change in D = 2.077810e+00.
    Line search step size chosen: 1.000000e+00.
  Objective value decreased by 1.712217e-02.
Newton iteration 25.
  Active set size = 1112860.
  sub-gradient = 1.880044e+00, l1-norm of X = 1.005513e+03.
  Coordinate descent sweep 1. norm of D = 2.192671e+00, change in D = 2.192671e+00.
  Coordinate descent sweep 2. norm of D = 2.298216e+00, change in D = 2.029980e+00.
  Coordinate descent sweep 3. norm of D = 2.425292e+00, change in D = 1.718585e+00.
  Coordinate descent sweep 4. norm of D = 2.724359e+00, change in D = 1.923206e+00.
  Coordinate descent sweep 5. norm of D = 2.909764e+00, change in D = 2.253487e+00.
  Coordinate descent sweep 6. norm of D = 2.792068e+00, change in D = 2.009579e+00.
  Coordinate descent sweep 7. norm of D = 3.073390e+00, change in D = 1.947856e+00.
  Coordinate descent sweep 8. norm of D = 3.031251e+00, change in D = 1.832876e+00.
  Coordinate descent sweep 9. norm of D = 3.216171e+00, change in D = 1.744134e+00.
    Line search step size chosen: 1.000000e+00.
  Objective value decreased by 1.355469e-02.
Newton iteration 26.
  Active set size = 1112846.
  sub-gradient = 1.709594e+00, l1-norm of X = 1.005538e+03.
  Coordinate descent sweep 1. norm of D = 1.844372e+00, change in D = 1.844372e+00.
  Coordinate descent sweep 2. norm of D = 1.892482e+00, change in D = 1.633024e+00.
  Coordinate descent sweep 3. norm of D = 2.163755e+00, change in D = 1.670584e+00.
  Coordinate descent sweep 4. norm of D = 2.251960e+00, change in D = 1.713670e+00.
  Coordinate descent sweep 5. norm of D = 2.453734e+00, change in D = 1.788318e+00.
  Coordinate descent sweep 6. norm of D = 2.446775e+00, change in D = 1.680714e+00.
  Coordinate descent sweep 7. norm of D = 2.671698e+00, change in D = 1.748032e+00.
  Coordinate descent sweep 8. norm of D = 2.668252e+00, change in D = 1.715189e+00.
  Coordinate descent sweep 9. norm of D = 2.840446e+00, change in D = 1.709287e+00.
    Line search step size chosen: 1.000000e+00.
  Objective value decreased by 1.046869e-02.
Newton iteration 27.
  Active set size = 1112847.
  sub-gradient = 1.441033e+00, l1-norm of X = 1.005568e+03.
  Coordinate descent sweep 1. norm of D = 1.583715e+00, change in D = 1.583715e+00.
  Coordinate descent sweep 2. norm of D = 1.852778e+00, change in D = 1.457657e+00.
  Coordinate descent sweep 3. norm of D = 2.054759e+00, change in D = 1.516392e+00.
  Coordinate descent sweep 4. norm of D = 2.192953e+00, change in D = 1.617177e+00.
  Coordinate descent sweep 5. norm of D = 2.496126e+00, change in D = 1.917354e+00.
  Coordinate descent sweep 6. norm of D = 2.350841e+00, change in D = 1.695049e+00.
  Coordinate descent sweep 7. norm of D = 2.626752e+00, change in D = 1.745170e+00.
  Coordinate descent sweep 8. norm of D = 2.615740e+00, change in D = 1.668353e+00.
  Coordinate descent sweep 9. norm of D = 2.682783e+00, change in D = 1.576156e+00.
  Coordinate descent sweep 10. norm of D = 2.807952e+00, change in D = 1.543283e+00.
    Line search step size chosen: 1.000000e+00.
  Objective value decreased by 1.058865e-02.
Newton iteration 28.
  Active set size = 1112834.
  sub-gradient = 1.289544e+00, l1-norm of X = 1.005591e+03.
  Coordinate descent sweep 1. norm of D = 1.567308e+00, change in D = 1.567308e+00.
  Coordinate descent sweep 2. norm of D = 1.725205e+00, change in D = 1.503008e+00.
  Coordinate descent sweep 3. norm of D = 1.788541e+00, change in D = 1.491883e+00.
  Coordinate descent sweep 4. norm of D = 1.860134e+00, change in D = 1.436314e+00.
  Coordinate descent sweep 5. norm of D = 2.021680e+00, change in D = 1.449718e+00.
  Coordinate descent sweep 6. norm of D = 2.063842e+00, change in D = 1.455015e+00.
  Coordinate descent sweep 7. norm of D = 2.155000e+00, change in D = 1.398435e+00.
  Coordinate descent sweep 8. norm of D = 2.128304e+00, change in D = 1.224813e+00.
  Coordinate descent sweep 9. norm of D = 2.443625e+00, change in D = 1.525461e+00.
  Coordinate descent sweep 10. norm of D = 2.450022e+00, change in D = 1.600102e+00.
    Line search step size chosen: 1.000000e+00.
  Objective value decreased by 7.681166e-03.
Newton iteration 29.
  Active set size = 1112834.
  sub-gradient = 1.427468e+00, l1-norm of X = 1.005611e+03.
  Coordinate descent sweep 1. norm of D = 1.386897e+00, change in D = 1.386897e+00.
  Coordinate descent sweep 2. norm of D = 1.769029e+00, change in D = 1.462146e+00.
  Coordinate descent sweep 3. norm of D = 1.822778e+00, change in D = 1.526370e+00.
  Coordinate descent sweep 4. norm of D = 1.836250e+00, change in D = 1.415994e+00.
  Coordinate descent sweep 5. norm of D = 1.952178e+00, change in D = 1.410816e+00.
  Coordinate descent sweep 6. norm of D = 1.988354e+00, change in D = 1.316202e+00.
  Coordinate descent sweep 7. norm of D = 1.967907e+00, change in D = 1.149728e+00.
  Coordinate descent sweep 8. norm of D = 2.082405e+00, change in D = 1.060479e+00.
  Coordinate descent sweep 9. norm of D = 2.184465e+00, change in D = 1.129565e+00.
  Coordinate descent sweep 10. norm of D = 2.304135e+00, change in D = 1.184255e+00.
    Line search step size chosen: 1.000000e+00.
  Objective value decreased by 6.998397e-03.
Newton iteration 30.
  Active set size = 1112810.
  sub-gradient = 9.576582e-01, l1-norm of X = 1.005636e+03.
  Coordinate descent sweep 1. norm of D = 1.218555e+00, change in D = 1.218555e+00.
  Coordinate descent sweep 2. norm of D = 1.485610e+00, change in D = 1.362745e+00.
  Coordinate descent sweep 3. norm of D = 1.379515e+00, change in D = 1.243918e+00.
  Coordinate descent sweep 4. norm of D = 1.749988e+00, change in D = 1.449939e+00.
  Coordinate descent sweep 5. norm of D = 1.759453e+00, change in D = 1.454800e+00.
  Coordinate descent sweep 6. norm of D = 1.692843e+00, change in D = 1.283772e+00.
  Coordinate descent sweep 7. norm of D = 1.859618e+00, change in D = 1.344573e+00.
  Coordinate descent sweep 8. norm of D = 1.941715e+00, change in D = 1.288864e+00.
  Coordinate descent sweep 9. norm of D = 1.843747e+00, change in D = 1.160610e+00.
  Coordinate descent sweep 10. norm of D = 1.890432e+00, change in D = 1.001573e+00.
  Coordinate descent sweep 11. norm of D = 1.852216e+00, change in D = 8.065971e-01.
    Line search step size chosen: 1.000000e+00.
  Objective value decreased by 6.677782e-03.
Newton iteration 31.
  Active set size = 1112806.
  sub-gradient = 5.792623e-01, l1-norm of X = 1.005655e+03.
  Coordinate descent sweep 1. norm of D = 7.976752e-01, change in D = 7.976752e-01.
  Coordinate descent sweep 2. norm of D = 1.201590e+00, change in D = 1.147550e+00.
  Coordinate descent sweep 3. norm of D = 1.322983e+00, change in D = 1.298102e+00.
  Coordinate descent sweep 4. norm of D = 1.293405e+00, change in D = 1.167486e+00.
  Coordinate descent sweep 5. norm of D = 1.380770e+00, change in D = 1.150483e+00.
  Coordinate descent sweep 6. norm of D = 1.478944e+00, change in D = 1.193025e+00.
  Coordinate descent sweep 7. norm of D = 1.427074e+00, change in D = 1.138595e+00.
  Coordinate descent sweep 8. norm of D = 1.507707e+00, change in D = 1.073270e+00.
  Coordinate descent sweep 9. norm of D = 1.485418e+00, change in D = 1.024737e+00.
  Coordinate descent sweep 10. norm of D = 1.601760e+00, change in D = 1.018820e+00.
  Coordinate descent sweep 11. norm of D = 1.669505e+00, change in D = 1.055954e+00.
    Line search step size chosen: 1.000000e+00.
  Objective value decreased by 5.334083e-03.
Newton iteration 32.
  Active set size = 1112810.
  sub-gradient = 8.070869e-01, l1-norm of X = 1.005671e+03.
  Coordinate descent sweep 1. norm of D = 1.141435e+00, change in D = 1.141435e+00.
  Coordinate descent sweep 2. norm of D = 1.250799e+00, change in D = 1.155902e+00.
  Coordinate descent sweep 3. norm of D = 1.268576e+00, change in D = 1.034686e+00.
  Coordinate descent sweep 4. norm of D = 1.287939e+00, change in D = 1.057295e+00.
  Coordinate descent sweep 5. norm of D = 1.441039e+00, change in D = 1.128702e+00.
  Coordinate descent sweep 6. norm of D = 1.411816e+00, change in D = 1.019723e+00.
  Coordinate descent sweep 7. norm of D = 1.451293e+00, change in D = 8.682232e-01.
  Coordinate descent sweep 8. norm of D = 1.481437e+00, change in D = 7.647471e-01.
  Coordinate descent sweep 9. norm of D = 1.613837e+00, change in D = 9.076807e-01.
  Coordinate descent sweep 10. norm of D = 1.569646e+00, change in D = 8.788737e-01.
  Coordinate descent sweep 11. norm of D = 1.637614e+00, change in D = 8.365034e-01.
    Line search step size chosen: 1.000000e+00.
  Objective value decreased by 4.319162e-03.
Newton iteration 33.
  Active set size = 1112825.
  sub-gradient = 1.208535e+00, l1-norm of X = 1.005687e+03.
  Coordinate descent sweep 1. norm of D = 8.985500e-01, change in D = 8.985500e-01.
  Coordinate descent sweep 2. norm of D = 8.468185e-01, change in D = 7.800573e-01.
  Coordinate descent sweep 3. norm of D = 1.105800e+00, change in D = 9.082370e-01.
  Coordinate descent sweep 4. norm of D = 1.113519e+00, change in D = 9.509655e-01.
  Coordinate descent sweep 5. norm of D = 1.107969e+00, change in D = 9.069063e-01.
  Coordinate descent sweep 6. norm of D = 1.300398e+00, change in D = 1.004906e+00.
  Coordinate descent sweep 7. norm of D = 1.215789e+00, change in D = 9.966271e-01.
  Coordinate descent sweep 8. norm of D = 1.349515e+00, change in D = 1.003095e+00.
  Coordinate descent sweep 9. norm of D = 1.276023e+00, change in D = 8.743743e-01.
  Coordinate descent sweep 10. norm of D = 1.214165e+00, change in D = 7.448254e-01.
  Coordinate descent sweep 11. norm of D = 1.514156e+00, change in D = 9.407522e-01.
  Coordinate descent sweep 12. norm of D = 1.476702e+00, change in D = 9.780040e-01.
    Line search step size chosen: 1.000000e+00.
  Objective value decreased by 3.355196e-03.
Newton iteration 34.
  Active set size = 1112837.
  sub-gradient = 1.304044e+00, l1-norm of X = 1.005699e+03.
  Coordinate descent sweep 1. norm of D = 9.329128e-01, change in D = 9.329128e-01.
  Coordinate descent sweep 2. norm of D = 9.195517e-01, change in D = 7.981471e-01.
  Coordinate descent sweep 3. norm of D = 1.132306e+00, change in D = 8.989123e-01.
  Coordinate descent sweep 4. norm of D = 1.039238e+00, change in D = 8.401480e-01.
  Coordinate descent sweep 5. norm of D = 1.210079e+00, change in D = 8.529697e-01.
  Coordinate descent sweep 6. norm of D = 1.207780e+00, change in D = 8.630914e-01.
  Coordinate descent sweep 7. norm of D = 1.275605e+00, change in D = 8.421650e-01.
  Coordinate descent sweep 8. norm of D = 1.261239e+00, change in D = 8.125102e-01.
  Coordinate descent sweep 9. norm of D = 1.410300e+00, change in D = 9.022713e-01.
  Coordinate descent sweep 10. norm of D = 1.355898e+00, change in D = 9.041389e-01.
  Coordinate descent sweep 11. norm of D = 1.472642e+00, change in D = 9.171284e-01.
  Coordinate descent sweep 12. norm of D = 1.479901e+00, change in D = 9.070946e-01.
    Line search step size chosen: 1.000000e+00.
  Objective value decreased by 3.246162e-03.
Newton iteration 35.
  Active set size = 1112807.
  sub-gradient = 7.041622e-01, l1-norm of X = 1.005713e+03.
  Coordinate descent sweep 1. norm of D = 8.199909e-01, change in D = 8.199909e-01.
  Coordinate descent sweep 2. norm of D = 9.018976e-01, change in D = 7.368022e-01.
  Coordinate descent sweep 3. norm of D = 1.047700e+00, change in D = 8.811430e-01.
  Coordinate descent sweep 4. norm of D = 1.009127e+00, change in D = 8.307488e-01.
  Coordinate descent sweep 5. norm of D = 1.053421e+00, change in D = 8.333847e-01.
  Coordinate descent sweep 6. norm of D = 1.126319e+00, change in D = 8.559603e-01.
  Coordinate descent sweep 7. norm of D = 1.078022e+00, change in D = 7.622437e-01.
  Coordinate descent sweep 8. norm of D = 1.193412e+00, change in D = 8.157179e-01.
  Coordinate descent sweep 9. norm of D = 1.181358e+00, change in D = 7.680597e-01.
  Coordinate descent sweep 10. norm of D = 1.276025e+00, change in D = 8.274266e-01.
  Coordinate descent sweep 11. norm of D = 1.311627e+00, change in D = 8.266394e-01.
  Coordinate descent sweep 12. norm of D = 1.255112e+00, change in D = 7.340101e-01.
    Line search step size chosen: 1.000000e+00.
  Objective value decreased by 2.464456e-03.
Newton iteration 36.
  Active set size = 1112835.
  sub-gradient = 1.486578e+00, l1-norm of X = 1.005724e+03.
  Coordinate descent sweep 1. norm of D = 8.245601e-01, change in D = 8.245601e-01.
  Coordinate descent sweep 2. norm of D = 8.143081e-01, change in D = 8.307133e-01.
  Coordinate descent sweep 3. norm of D = 9.377102e-01, change in D = 8.667445e-01.
  Coordinate descent sweep 4. norm of D = 9.114609e-01, change in D = 8.632058e-01.
  Coordinate descent sweep 5. norm of D = 9.783162e-01, change in D = 8.257282e-01.
  Coordinate descent sweep 6. norm of D = 9.798188e-01, change in D = 8.362082e-01.
  Coordinate descent sweep 7. norm of D = 1.057650e+00, change in D = 8.462151e-01.
  Coordinate descent sweep 8. norm of D = 1.020772e+00, change in D = 8.083704e-01.
  Coordinate descent sweep 9. norm of D = 1.016652e+00, change in D = 6.840609e-01.
  Coordinate descent sweep 10. norm of D = 9.889540e-01, change in D = 6.294904e-01.
  Coordinate descent sweep 11. norm of D = 1.066598e+00, change in D = 6.299892e-01.
  Coordinate descent sweep 12. norm of D = 1.129073e+00, change in D = 6.657666e-01.
  Coordinate descent sweep 13. norm of D = 1.201642e+00, change in D = 7.251017e-01.
    Line search step size chosen: 1.000000e+00.
  Objective value decreased by 2.428961e-03.
Newton iteration 37.
  Active set size = 1112806.
  sub-gradient = 6.627086e-01, l1-norm of X = 1.005736e+03.
  Coordinate descent sweep 1. norm of D = 7.066201e-01, change in D = 7.066201e-01.
  Coordinate descent sweep 2. norm of D = 8.226569e-01, change in D = 7.088165e-01.
  Coordinate descent sweep 3. norm of D = 8.850403e-01, change in D = 7.380465e-01.
  Coordinate descent sweep 4. norm of D = 8.610230e-01, change in D = 6.815896e-01.
  Coordinate descent sweep 5. norm of D = 9.182684e-01, change in D = 6.877239e-01.
  Coordinate descent sweep 6. norm of D = 9.719902e-01, change in D = 7.057328e-01.
  Coordinate descent sweep 7. norm of D = 9.952830e-01, change in D = 7.300980e-01.
  Coordinate descent sweep 8. norm of D = 9.574904e-01, change in D = 6.199960e-01.
  Coordinate descent sweep 9. norm of D = 1.109572e+00, change in D = 7.595625e-01.
  Coordinate descent sweep 10. norm of D = 1.069882e+00, change in D = 7.288473e-01.
  Coordinate descent sweep 11. norm of D = 1.093388e+00, change in D = 6.604721e-01.
  Coordinate descent sweep 12. norm of D = 1.105735e+00, change in D = 6.167632e-01.
  Coordinate descent sweep 13. norm of D = 1.098700e+00, change in D = 5.565613e-01.
    Line search step size chosen: 1.000000e+00.
  Objective value decreased by 2.113849e-03.
Newton iteration 38.
  Active set size = 1112799.
  sub-gradient = 6.373955e-01, l1-norm of X = 1.005746e+03.
  Coordinate descent sweep 1. norm of D = 7.026927e-01, change in D = 7.026927e-01.
  Coordinate descent sweep 2. norm of D = 6.727015e-01, change in D = 7.001502e-01.
  Coordinate descent sweep 3. norm of D = 7.683110e-01, change in D = 7.063707e-01.
  Coordinate descent sweep 4. norm of D = 7.659456e-01, change in D = 6.858329e-01.
  Coordinate descent sweep 5. norm of D = 6.777025e-01, change in D = 5.625890e-01.
  Coordinate descent sweep 6. norm of D = 8.008379e-01, change in D = 5.946808e-01.
  Coordinate descent sweep 7. norm of D = 7.447228e-01, change in D = 5.650764e-01.
  Coordinate descent sweep 8. norm of D = 8.297169e-01, change in D = 5.496246e-01.
  Coordinate descent sweep 9. norm of D = 7.412341e-01, change in D = 4.551170e-01.
  Coordinate descent sweep 10. norm of D = 7.706698e-01, change in D = 3.995019e-01.
  Coordinate descent sweep 11. norm of D = 8.944573e-01, change in D = 5.121512e-01.
  Coordinate descent sweep 12. norm of D = 8.061146e-01, change in D = 4.243951e-01.
  Coordinate descent sweep 13. norm of D = 1.020995e+00, change in D = 5.798187e-01.
    Line search step size chosen: 1.000000e+00.
  Objective value decreased by 1.714784e-03.
Newton iteration 39.
  Active set size = 1112806.
  sub-gradient = 5.139160e-01, l1-norm of X = 1.005756e+03.
  Coordinate descent sweep 1. norm of D = 6.552807e-01, change in D = 6.552807e-01.
  Coordinate descent sweep 2. norm of D = 6.861377e-01, change in D = 5.847346e-01.
  Coordinate descent sweep 3. norm of D = 6.939007e-01, change in D = 5.163757e-01.
  Coordinate descent sweep 4. norm of D = 7.320653e-01, change in D = 5.084269e-01.
  Coordinate descent sweep 5. norm of D = 8.185139e-01, change in D = 5.945562e-01.
  Coordinate descent sweep 6. norm of D = 7.566304e-01, change in D = 4.877919e-01.
  Coordinate descent sweep 7. norm of D = 7.998533e-01, change in D = 4.521877e-01.
  Coordinate descent sweep 8. norm of D = 8.376126e-01, change in D = 5.227559e-01.
  Coordinate descent sweep 9. norm of D = 8.479470e-01, change in D = 4.906979e-01.
  Coordinate descent sweep 10. norm of D = 8.512495e-01, change in D = 4.272594e-01.
  Coordinate descent sweep 11. norm of D = 9.037419e-01, change in D = 4.623559e-01.
  Coordinate descent sweep 12. norm of D = 9.126193e-01, change in D = 4.553352e-01.
  Coordinate descent sweep 13. norm of D = 9.636034e-01, change in D = 5.357073e-01.
  Coordinate descent sweep 14. norm of D = 9.741483e-01, change in D = 5.227761e-01.
    Line search step size chosen: 1.000000e+00.
  Objective value decreased by 1.568906e-03.
Newton iteration 40.
  Active set size = 1112826.
  sub-gradient = 7.936894e-01, l1-norm of X = 1.005764e+03.
  Coordinate descent sweep 1. norm of D = 5.014409e-01, change in D = 5.014409e-01.
  Coordinate descent sweep 2. norm of D = 6.131311e-01, change in D = 5.501526e-01.
  Coordinate descent sweep 3. norm of D = 5.997303e-01, change in D = 5.733425e-01.
  Coordinate descent sweep 4. norm of D = 6.183173e-01, change in D = 5.128166e-01.
  Coordinate descent sweep 5. norm of D = 6.622971e-01, change in D = 5.215010e-01.
  Coordinate descent sweep 6. norm of D = 5.989442e-01, change in D = 4.490599e-01.
  Coordinate descent sweep 7. norm of D = 7.262571e-01, change in D = 5.091576e-01.
  Coordinate descent sweep 8. norm of D = 7.159347e-01, change in D = 5.400815e-01.
  Coordinate descent sweep 9. norm of D = 7.549551e-01, change in D = 5.213688e-01.
  Coordinate descent sweep 10. norm of D = 7.206199e-01, change in D = 4.798789e-01.
  Coordinate descent sweep 11. norm of D = 7.668408e-01, change in D = 4.376299e-01.
  Coordinate descent sweep 12. norm of D = 8.114245e-01, change in D = 4.840233e-01.
  Coordinate descent sweep 13. norm of D = 8.615683e-01, change in D = 5.068559e-01.
  Coordinate descent sweep 14. norm of D = 9.123221e-01, change in D = 5.239373e-01.
    Line search step size chosen: 1.000000e+00.
  Objective value decreased by 1.381103e-03.
Newton iteration 41.
  Active set size = 1112801.
  sub-gradient = 4.818964e-01, l1-norm of X = 1.005773e+03.
  Coordinate descent sweep 1. norm of D = 5.116297e-01, change in D = 5.116297e-01.
  Coordinate descent sweep 2. norm of D = 6.015631e-01, change in D = 5.146971e-01.
  Coordinate descent sweep 3. norm of D = 5.698875e-01, change in D = 4.338100e-01.
  Coordinate descent sweep 4. norm of D = 6.468466e-01, change in D = 4.589782e-01.
  Coordinate descent sweep 5. norm of D = 6.651108e-01, change in D = 5.017951e-01.
  Coordinate descent sweep 6. norm of D = 6.660518e-01, change in D = 4.717277e-01.
  Coordinate descent sweep 7. norm of D = 6.898111e-01, change in D = 4.707354e-01.
  Coordinate descent sweep 8. norm of D = 6.916124e-01, change in D = 4.432010e-01.
  Coordinate descent sweep 9. norm of D = 7.394083e-01, change in D = 4.481270e-01.
  Coordinate descent sweep 10. norm of D = 7.271422e-01, change in D = 4.161308e-01.
  Coordinate descent sweep 11. norm of D = 7.832524e-01, change in D = 4.274736e-01.
  Coordinate descent sweep 12. norm of D = 7.814615e-01, change in D = 4.673480e-01.
  Coordinate descent sweep 13. norm of D = 7.976076e-01, change in D = 4.414772e-01.
  Coordinate descent sweep 14. norm of D = 8.321013e-01, change in D = 4.699515e-01.
    Line search step size chosen: 1.000000e+00.
  Objective value decreased by 1.091339e-03.
Newton iteration 42.
  Active set size = 1112792.
  sub-gradient = 3.796479e-01, l1-norm of X = 1.005781e+03.
  Coordinate descent sweep 1. norm of D = 3.937937e-01, change in D = 3.937937e-01.
  Coordinate descent sweep 2. norm of D = 4.632515e-01, change in D = 3.396735e-01.
  Coordinate descent sweep 3. norm of D = 5.357149e-01, change in D = 4.183545e-01.
  Coordinate descent sweep 4. norm of D = 5.677481e-01, change in D = 4.508353e-01.
  Coordinate descent sweep 5. norm of D = 6.161927e-01, change in D = 5.002737e-01.
  Coordinate descent sweep 6. norm of D = 6.232968e-01, change in D = 4.974988e-01.
  Coordinate descent sweep 7. norm of D = 5.682938e-01, change in D = 3.827464e-01.
  Coordinate descent sweep 8. norm of D = 5.987720e-01, change in D = 3.559598e-01.
  Coordinate descent sweep 9. norm of D = 6.881798e-01, change in D = 4.621766e-01.
  Coordinate descent sweep 10. norm of D = 6.778654e-01, change in D = 4.434499e-01.
  Coordinate descent sweep 11. norm of D = 7.099585e-01, change in D = 4.280588e-01.
  Coordinate descent sweep 12. norm of D = 7.073752e-01, change in D = 4.302589e-01.
  Coordinate descent sweep 13. norm of D = 7.497361e-01, change in D = 4.546433e-01.
  Coordinate descent sweep 14. norm of D = 7.700683e-01, change in D = 4.678071e-01.
  Coordinate descent sweep 15. norm of D = 7.465151e-01, change in D = 4.047746e-01.
    Line search step size chosen: 1.000000e+00.
  Objective value decreased by 1.013832e-03.
Newton iteration 43.
  Active set size = 1112790.
  sub-gradient = 4.943404e-01, l1-norm of X = 1.005788e+03.
  Coordinate descent sweep 1. norm of D = 4.138355e-01, change in D = 4.138355e-01.
  Coordinate descent sweep 2. norm of D = 4.401622e-01, change in D = 4.353670e-01.
  Coordinate descent sweep 3. norm of D = 4.388932e-01, change in D = 4.061657e-01.
  Coordinate descent sweep 4. norm of D = 4.076751e-01, change in D = 3.482936e-01.
  Coordinate descent sweep 5. norm of D = 4.669481e-01, change in D = 3.590142e-01.
  Coordinate descent sweep 6. norm of D = 4.333563e-01, change in D = 3.321846e-01.
  Coordinate descent sweep 7. norm of D = 5.421049e-01, change in D = 4.097990e-01.
  Coordinate descent sweep 8. norm of D = 5.201359e-01, change in D = 4.120312e-01.
  Coordinate descent sweep 9. norm of D = 4.791310e-01, change in D = 3.301884e-01.
  Coordinate descent sweep 10. norm of D = 5.569271e-01, change in D = 3.763237e-01.
  Coordinate descent sweep 11. norm of D = 5.923159e-01, change in D = 3.997805e-01.
  Coordinate descent sweep 12. norm of D = 5.935425e-01, change in D = 4.321544e-01.
  Coordinate descent sweep 13. norm of D = 5.713697e-01, change in D = 3.808202e-01.
  Coordinate descent sweep 14. norm of D = 6.190367e-01, change in D = 3.723920e-01.
  Coordinate descent sweep 15. norm of D = 6.020197e-01, change in D = 3.755125e-01.
    Line search step size chosen: 1.000000e+00.
  Objective value decreased by 7.484938e-04.
Newton iteration 44.
  Active set size = 1112794.
  sub-gradient = 2.845378e-01, l1-norm of X = 1.005794e+03.
  Coordinate descent sweep 1. norm of D = 3.011601e-01, change in D = 3.011601e-01.
  Coordinate descent sweep 2. norm of D = 3.999181e-01, change in D = 3.339253e-01.
  Coordinate descent sweep 3. norm of D = 4.461419e-01, change in D = 3.988822e-01.
  Coordinate descent sweep 4. norm of D = 4.232964e-01, change in D = 3.779745e-01.
  Coordinate descent sweep 5. norm of D = 4.955059e-01, change in D = 3.957181e-01.
  Coordinate descent sweep 6. norm of D = 4.611463e-01, change in D = 3.773558e-01.
  Coordinate descent sweep 7. norm of D = 4.920236e-01, change in D = 3.711668e-01.
  Coordinate descent sweep 8. norm of D = 4.802718e-01, change in D = 3.488888e-01.
  Coordinate descent sweep 9. norm of D = 4.806401e-01, change in D = 3.027109e-01.
  Coordinate descent sweep 10. norm of D = 5.194351e-01, change in D = 3.254736e-01.
  Coordinate descent sweep 11. norm of D = 5.188171e-01, change in D = 3.453519e-01.
  Coordinate descent sweep 12. norm of D = 5.549598e-01, change in D = 3.491890e-01.
  Coordinate descent sweep 13. norm of D = 5.668765e-01, change in D = 3.686929e-01.
  Coordinate descent sweep 14. norm of D = 5.456244e-01, change in D = 3.122739e-01.
  Coordinate descent sweep 15. norm of D = 6.236607e-01, change in D = 3.506279e-01.
    Line search step size chosen: 1.000000e+00.
  Objective value decreased by 6.760482e-04.
Newton iteration 45.
  Active set size = 1112792.
  sub-gradient = 3.144755e-01, l1-norm of X = 1.005800e+03.
  Coordinate descent sweep 1. norm of D = 3.409660e-01, change in D = 3.409660e-01.
  Coordinate descent sweep 2. norm of D = 4.089720e-01, change in D = 3.565583e-01.
  Coordinate descent sweep 3. norm of D = 4.212637e-01, change in D = 3.483594e-01.
  Coordinate descent sweep 4. norm of D = 4.041616e-01, change in D = 2.924249e-01.
  Coordinate descent sweep 5. norm of D = 4.530893e-01, change in D = 3.244565e-01.
  Coordinate descent sweep 6. norm of D = 4.771211e-01, change in D = 3.459777e-01.
  Coordinate descent sweep 7. norm of D = 4.715679e-01, change in D = 3.291702e-01.
  Coordinate descent sweep 8. norm of D = 5.114069e-01, change in D = 3.676878e-01.
  Coordinate descent sweep 9. norm of D = 4.853009e-01, change in D = 3.380810e-01.
  Coordinate descent sweep 10. norm of D = 5.212774e-01, change in D = 3.483095e-01.
  Coordinate descent sweep 11. norm of D = 4.984471e-01, change in D = 3.097577e-01.
  Coordinate descent sweep 12. norm of D = 5.309476e-01, change in D = 2.915432e-01.
  Coordinate descent sweep 13. norm of D = 5.208223e-01, change in D = 2.641519e-01.
  Coordinate descent sweep 14. norm of D = 5.405297e-01, change in D = 2.540392e-01.
  Coordinate descent sweep 15. norm of D = 5.684536e-01, change in D = 2.924038e-01.
  Coordinate descent sweep 16. norm of D = 5.969697e-01, change in D = 3.242836e-01.
    Line search step size chosen: 1.000000e+00.
  Objective value decreased by 6.060556e-04.
Newton iteration 46.
  Active set size = 1112783.
  sub-gradient = 2.621704e-01, l1-norm of X = 1.005806e+03.
  Coordinate descent sweep 1. norm of D = 2.945225e-01, change in D = 2.945225e-01.
  Coordinate descent sweep 2. norm of D = 3.619594e-01, change in D = 3.124665e-01.
  Coordinate descent sweep 3. norm of D = 3.610691e-01, change in D = 3.209699e-01.
  Coordinate descent sweep 4. norm of D = 3.814219e-01, change in D = 3.049040e-01.
  Coordinate descent sweep 5. norm of D = 3.918765e-01, change in D = 3.083586e-01.
  Coordinate descent sweep 6. norm of D = 3.927799e-01, change in D = 2.750209e-01.
  Coordinate descent sweep 7. norm of D = 3.981104e-01, change in D = 2.359517e-01.
  Coordinate descent sweep 8. norm of D = 4.089150e-01, change in D = 2.386763e-01.
  Coordinate descent sweep 9. norm of D = 3.944831e-01, change in D = 1.930834e-01.
  Coordinate descent sweep 10. norm of D = 4.387853e-01, change in D = 2.218037e-01.
  Coordinate descent sweep 11. norm of D = 4.774445e-01, change in D = 2.709996e-01.
  Coordinate descent sweep 12. norm of D = 4.954218e-01, change in D = 3.165401e-01.
  Coordinate descent sweep 13. norm of D = 4.737988e-01, change in D = 2.898494e-01.
  Coordinate descent sweep 14. norm of D = 5.223257e-01, change in D = 3.011542e-01.
  Coordinate descent sweep 15. norm of D = 5.046499e-01, change in D = 2.994498e-01.
  Coordinate descent sweep 16. norm of D = 5.210703e-01, change in D = 2.943077e-01.
    Line search step size chosen: 1.000000e+00.
  Objective value decreased by 5.073173e-04.
Newton iteration 47.
  Active set size = 1112786.
  sub-gradient = 2.627784e-01, l1-norm of X = 1.005811e+03.
  Coordinate descent sweep 1. norm of D = 2.718189e-01, change in D = 2.718189e-01.
  Coordinate descent sweep 2. norm of D = 3.082898e-01, change in D = 2.560103e-01.
  Coordinate descent sweep 3. norm of D = 3.108924e-01, change in D = 2.541729e-01.
  Coordinate descent sweep 4. norm of D = 3.418705e-01, change in D = 2.707645e-01.
  Coordinate descent sweep 5. norm of D = 3.344993e-01, change in D = 2.573420e-01.
  Coordinate descent sweep 6. norm of D = 3.587332e-01, change in D = 2.503050e-01.
  Coordinate descent sweep 7. norm of D = 3.466021e-01, change in D = 2.218106e-01.
  Coordinate descent sweep 8. norm of D = 4.023530e-01, change in D = 2.867347e-01.
  Coordinate descent sweep 9. norm of D = 3.953766e-01, change in D = 2.952907e-01.
  Coordinate descent sweep 10. norm of D = 4.129961e-01, change in D = 2.928707e-01.
  Coordinate descent sweep 11. norm of D = 4.112665e-01, change in D = 2.729330e-01.
  Coordinate descent sweep 12. norm of D = 4.148079e-01, change in D = 2.565866e-01.
  Coordinate descent sweep 13. norm of D = 4.141449e-01, change in D = 2.289139e-01.
  Coordinate descent sweep 14. norm of D = 4.489953e-01, change in D = 2.711405e-01.
  Coordinate descent sweep 15. norm of D = 4.447824e-01, change in D = 2.691385e-01.
  Coordinate descent sweep 16. norm of D = 4.802613e-01, change in D = 2.845207e-01.
    Line search step size chosen: 1.000000e+00.
  Objective value decreased by 4.072687e-04.
Newton iteration 48.
  Active set size = 1112779.
  sub-gradient = 2.179660e-01, l1-norm of X = 1.005815e+03.
  Coordinate descent sweep 1. norm of D = 2.598535e-01, change in D = 2.598535e-01.
  Coordinate descent sweep 2. norm of D = 3.001152e-01, change in D = 2.515014e-01.
  Coordinate descent sweep 3. norm of D = 3.297505e-01, change in D = 2.640208e-01.
  Coordinate descent sweep 4. norm of D = 3.359767e-01, change in D = 2.571015e-01.
  Coordinate descent sweep 5. norm of D = 3.471681e-01, change in D = 2.535173e-01.
  Coordinate descent sweep 6. norm of D = 3.588228e-01, change in D = 2.579593e-01.
  Coordinate descent sweep 7. norm of D = 3.475692e-01, change in D = 2.390625e-01.
  Coordinate descent sweep 8. norm of D = 3.570099e-01, change in D = 2.057974e-01.
  Coordinate descent sweep 9. norm of D = 3.748122e-01, change in D = 2.349701e-01.
  Coordinate descent sweep 10. norm of D = 3.543561e-01, change in D = 1.972053e-01.
  Coordinate descent sweep 11. norm of D = 4.220235e-01, change in D = 2.465523e-01.
  Coordinate descent sweep 12. norm of D = 4.018999e-01, change in D = 2.467283e-01.
  Coordinate descent sweep 13. norm of D = 4.166296e-01, change in D = 2.243555e-01.
  Coordinate descent sweep 14. norm of D = 3.930599e-01, change in D = 1.828459e-01.
  Coordinate descent sweep 15. norm of D = 4.560472e-01, change in D = 2.502900e-01.
  Coordinate descent sweep 16. norm of D = 4.490100e-01, change in D = 2.817163e-01.
  Coordinate descent sweep 17. norm of D = 4.728842e-01, change in D = 2.719277e-01.
    Line search step size chosen: 1.000000e+00.
  Objective value decreased by 3.498840e-04.
Newton iteration 49.
  Active set size = 1112786.
  sub-gradient = 2.343899e-01, l1-norm of X = 1.005819e+03.
  Coordinate descent sweep 1. norm of D = 2.394931e-01, change in D = 2.394931e-01.
  Coordinate descent sweep 2. norm of D = 2.841785e-01, change in D = 2.235228e-01.
  Coordinate descent sweep 3. norm of D = 2.641393e-01, change in D = 1.808183e-01.
  Coordinate descent sweep 4. norm of D = 2.965001e-01, change in D = 2.115592e-01.
  Coordinate descent sweep 5. norm of D = 2.996492e-01, change in D = 2.099270e-01.
  Coordinate descent sweep 6. norm of D = 3.157812e-01, change in D = 2.020758e-01.
  Coordinate descent sweep 7. norm of D = 3.368519e-01, change in D = 2.243375e-01.
  Coordinate descent sweep 8. norm of D = 3.399640e-01, change in D = 2.248480e-01.
  Coordinate descent sweep 9. norm of D = 3.445064e-01, change in D = 2.019558e-01.
  Coordinate descent sweep 10. norm of D = 3.515732e-01, change in D = 1.953679e-01.
  Coordinate descent sweep 11. norm of D = 3.402302e-01, change in D = 1.575747e-01.
  Coordinate descent sweep 12. norm of D = 3.486929e-01, change in D = 1.241259e-01.
  Coordinate descent sweep 13. norm of D = 3.781753e-01, change in D = 1.762199e-01.
  Coordinate descent sweep 14. norm of D = 3.815793e-01, change in D = 1.960332e-01.
  Coordinate descent sweep 15. norm of D = 3.904163e-01, change in D = 2.125444e-01.
  Coordinate descent sweep 16. norm of D = 4.081567e-01, change in D = 2.102662e-01.
  Coordinate descent sweep 17. norm of D = 4.067403e-01, change in D = 1.905945e-01.
    Line search step size chosen: 1.000000e+00.
  Objective value decreased by 3.003572e-04.
Newton iteration 50.
  Active set size = 1112779.
  sub-gradient = 2.177858e-01, l1-norm of X = 1.005823e+03.
  Coordinate descent sweep 1. norm of D = 2.064379e-01, change in D = 2.064379e-01.
  Coordinate descent sweep 2. norm of D = 2.078063e-01, change in D = 1.987123e-01.
  Coordinate descent sweep 3. norm of D = 2.286689e-01, change in D = 1.922121e-01.
  Coordinate descent sweep 4. norm of D = 2.306798e-01, change in D = 1.834026e-01.
  Coordinate descent sweep 5. norm of D = 2.622974e-01, change in D = 2.205531e-01.
  Coordinate descent sweep 6. norm of D = 2.478637e-01, change in D = 2.106958e-01.
  Coordinate descent sweep 7. norm of D = 2.510177e-01, change in D = 1.878854e-01.
  Coordinate descent sweep 8. norm of D = 2.610096e-01, change in D = 1.824616e-01.
  Coordinate descent sweep 9. norm of D = 2.560504e-01, change in D = 1.764414e-01.
  Coordinate descent sweep 10. norm of D = 2.584231e-01, change in D = 1.572245e-01.
  Coordinate descent sweep 11. norm of D = 2.639736e-01, change in D = 1.401185e-01.
  Coordinate descent sweep 12. norm of D = 3.168548e-01, change in D = 2.033648e-01.
  Coordinate descent sweep 13. norm of D = 3.139472e-01, change in D = 2.179598e-01.
  Coordinate descent sweep 14. norm of D = 3.064614e-01, change in D = 1.919364e-01.
  Coordinate descent sweep 15. norm of D = 3.153627e-01, change in D = 1.820773e-01.
  Coordinate descent sweep 16. norm of D = 3.276446e-01, change in D = 1.896921e-01.
  Coordinate descent sweep 17. norm of D = 3.513029e-01, change in D = 2.122202e-01.
    Line search step size chosen: 1.000000e+00.
  Objective value decreased by 2.515563e-04.
Newton iteration 51.
  Active set size = 1112776.
  sub-gradient = 1.900743e-01, l1-norm of X = 1.005826e+03.
  Coordinate descent sweep 1. norm of D = 2.173622e-01, change in D = 2.173622e-01.
  Coordinate descent sweep 2. norm of D = 2.460671e-01, change in D = 2.237331e-01.
  Coordinate descent sweep 3. norm of D = 2.481953e-01, change in D = 2.194504e-01.
  Coordinate descent sweep 4. norm of D = 2.653059e-01, change in D = 2.221511e-01.
  Coordinate descent sweep 5. norm of D = 2.366901e-01, change in D = 1.828319e-01.
  Coordinate descent sweep 6. norm of D = 2.658301e-01, change in D = 1.911210e-01.
  Coordinate descent sweep 7. norm of D = 2.776039e-01, change in D = 2.031416e-01.
  Coordinate descent sweep 8. norm of D = 2.536408e-01, change in D = 1.659522e-01.
  Coordinate descent sweep 9. norm of D = 3.043617e-01, change in D = 2.064694e-01.
  Coordinate descent sweep 10. norm of D = 2.845790e-01, change in D = 1.999365e-01.
  Coordinate descent sweep 11. norm of D = 2.712956e-01, change in D = 1.424489e-01.
  Coordinate descent sweep 12. norm of D = 2.710062e-01, change in D = 1.001803e-01.
  Coordinate descent sweep 13. norm of D = 3.159364e-01, change in D = 1.723388e-01.
  Coordinate descent sweep 14. norm of D = 3.303983e-01, change in D = 1.986679e-01.
  Coordinate descent sweep 15. norm of D = 3.305985e-01, change in D = 1.943513e-01.
  Coordinate descent sweep 16. norm of D = 3.340580e-01, change in D = 1.887564e-01.
  Coordinate descent sweep 17. norm of D = 3.202632e-01, change in D = 1.576290e-01.
  Coordinate descent sweep 18. norm of D = 3.235892e-01, change in D = 1.278816e-01.
    Line search step size chosen: 1.000000e+00.
  Objective value decreased by 2.134432e-04.
Newton iteration 52.
  Active set size = 1112772.
  sub-gradient = 1.198805e-01, l1-norm of X = 1.005830e+03.
  Coordinate descent sweep 1. norm of D = 1.157143e-01, change in D = 1.157143e-01.
  Coordinate descent sweep 2. norm of D = 1.254647e-01, change in D = 1.014191e-01.
  Coordinate descent sweep 3. norm of D = 1.791699e-01, change in D = 1.604523e-01.
  Coordinate descent sweep 4. norm of D = 1.846058e-01, change in D = 1.707704e-01.
  Coordinate descent sweep 5. norm of D = 2.001329e-01, change in D = 1.817777e-01.
  Coordinate descent sweep 6. norm of D = 2.085095e-01, change in D = 1.903801e-01.
  Coordinate descent sweep 7. norm of D = 1.958518e-01, change in D = 1.771864e-01.
  Coordinate descent sweep 8. norm of D = 1.932636e-01, change in D = 1.556001e-01.
  Coordinate descent sweep 9. norm of D = 2.024977e-01, change in D = 1.534937e-01.
  Coordinate descent sweep 10. norm of D = 2.222232e-01, change in D = 1.642567e-01.
  Coordinate descent sweep 11. norm of D = 2.303619e-01, change in D = 1.758637e-01.
  Coordinate descent sweep 12. norm of D = 2.268340e-01, change in D = 1.695895e-01.
  Coordinate descent sweep 13. norm of D = 2.051994e-01, change in D = 1.404970e-01.
  Coordinate descent sweep 14. norm of D = 2.616889e-01, change in D = 1.712293e-01.
  Coordinate descent sweep 15. norm of D = 2.607965e-01, change in D = 1.865426e-01.
  Coordinate descent sweep 16. norm of D = 2.368515e-01, change in D = 1.616342e-01.
  Coordinate descent sweep 17. norm of D = 2.706629e-01, change in D = 1.706377e-01.
  Coordinate descent sweep 18. norm of D = 2.363155e-01, change in D = 1.469287e-01.
    Line search step size chosen: 1.000000e+00.
  Objective value decreased by 1.768760e-04.
Newton iteration 53.
  Active set size = 1112778.
  sub-gradient = 2.699743e-01, l1-norm of X = 1.005833e+03.
  Coordinate descent sweep 1. norm of D = 1.624256e-01, change in D = 1.624256e-01.
  Coordinate descent sweep 2. norm of D = 1.544622e-01, change in D = 1.731855e-01.
  Coordinate descent sweep 3. norm of D = 1.643601e-01, change in D = 1.544483e-01.
  Coordinate descent sweep 4. norm of D = 1.663234e-01, change in D = 1.516093e-01.
  Coordinate descent sweep 5. norm of D = 1.639907e-01, change in D = 1.414144e-01.
  Coordinate descent sweep 6. norm of D = 1.821981e-01, change in D = 1.533933e-01.
  Coordinate descent sweep 7. norm of D = 2.000345e-01, change in D = 1.633515e-01.
  Coordinate descent sweep 8. norm of D = 1.759358e-01, change in D = 1.496007e-01.
  Coordinate descent sweep 9. norm of D = 1.688331e-01, change in D = 1.156867e-01.
  Coordinate descent sweep 10. norm of D = 2.135366e-01, change in D = 1.460754e-01.
  Coordinate descent sweep 11. norm of D = 2.112465e-01, change in D = 1.581386e-01.
  Coordinate descent sweep 12. norm of D = 2.233051e-01, change in D = 1.625045e-01.
  Coordinate descent sweep 13. norm of D = 2.196794e-01, change in D = 1.577746e-01.
  Coordinate descent sweep 14. norm of D = 2.159395e-01, change in D = 1.538322e-01.
  Coordinate descent sweep 15. norm of D = 2.388148e-01, change in D = 1.605649e-01.
  Coordinate descent sweep 16. norm of D = 2.184566e-01, change in D = 1.378392e-01.
  Coordinate descent sweep 17. norm of D = 2.469006e-01, change in D = 1.506996e-01.
  Coordinate descent sweep 18. norm of D = 2.422301e-01, change in D = 1.501568e-01.
    Line search step size chosen: 1.000000e+00.
  Objective value decreased by 1.442563e-04.
Newton iteration 54.
  Active set size = 1112791.
  sub-gradient = 2.131684e-01, l1-norm of X = 1.005835e+03.
  Coordinate descent sweep 1. norm of D = 1.616439e-01, change in D = 1.616439e-01.
  Coordinate descent sweep 2. norm of D = 1.798783e-01, change in D = 1.729764e-01.
  Coordinate descent sweep 3. norm of D = 1.734707e-01, change in D = 1.678220e-01.
  Coordinate descent sweep 4. norm of D = 1.790012e-01, change in D = 1.504749e-01.
  Coordinate descent sweep 5. norm of D = 1.817198e-01, change in D = 1.459087e-01.
  Coordinate descent sweep 6. norm of D = 1.769455e-01, change in D = 1.398163e-01.
  Coordinate descent sweep 7. norm of D = 1.982890e-01, change in D = 1.491284e-01.
  Coordinate descent sweep 8. norm of D = 1.815426e-01, change in D = 1.362953e-01.
  Coordinate descent sweep 9. norm of D = 1.941277e-01, change in D = 1.338123e-01.
  Coordinate descent sweep 10. norm of D = 2.186660e-01, change in D = 1.546808e-01.
  Coordinate descent sweep 11. norm of D = 1.945351e-01, change in D = 1.370859e-01.
  Coordinate descent sweep 12. norm of D = 2.249402e-01, change in D = 1.488230e-01.
  Coordinate descent sweep 13. norm of D = 2.194478e-01, change in D = 1.471862e-01.
  Coordinate descent sweep 14. norm of D = 2.439931e-01, change in D = 1.636550e-01.
  Coordinate descent sweep 15. norm of D = 2.149221e-01, change in D = 1.432472e-01.
  Coordinate descent sweep 16. norm of D = 2.259329e-01, change in D = 1.220275e-01.
  Coordinate descent sweep 17. norm of D = 2.265817e-01, change in D = 1.233341e-01.
  Coordinate descent sweep 18. norm of D = 2.243370e-01, change in D = 1.145456e-01.
  Coordinate descent sweep 19. norm of D = 2.378869e-01, change in D = 1.203143e-01.
    Line search step size chosen: 1.000000e+00.
  Objective value decreased by 1.273264e-04.
Newton iteration 55.
  Active set size = 1112779.
  sub-gradient = 1.150202e-01, l1-norm of X = 1.005838e+03.
  Coordinate descent sweep 1. norm of D = 1.205310e-01, change in D = 1.205310e-01.
  Coordinate descent sweep 2. norm of D = 1.395237e-01, change in D = 1.440732e-01.
  Coordinate descent sweep 3. norm of D = 1.416983e-01, change in D = 1.359262e-01.
  Coordinate descent sweep 4. norm of D = 1.464174e-01, change in D = 1.210803e-01.
  Coordinate descent sweep 5. norm of D = 1.583241e-01, change in D = 1.234990e-01.
  Coordinate descent sweep 6. norm of D = 1.665575e-01, change in D = 1.425718e-01.
  Coordinate descent sweep 7. norm of D = 1.673469e-01, change in D = 1.369917e-01.
  Coordinate descent sweep 8. norm of D = 1.605011e-01, change in D = 1.094035e-01.
  Coordinate descent sweep 9. norm of D = 1.843787e-01, change in D = 1.275345e-01.
  Coordinate descent sweep 10. norm of D = 1.920167e-01, change in D = 1.390304e-01.
  Coordinate descent sweep 11. norm of D = 1.874879e-01, change in D = 1.311643e-01.
  Coordinate descent sweep 12. norm of D = 1.873614e-01, change in D = 1.174652e-01.
  Coordinate descent sweep 13. norm of D = 1.922626e-01, change in D = 1.122239e-01.
  Coordinate descent sweep 14. norm of D = 2.052488e-01, change in D = 1.330724e-01.
  Coordinate descent sweep 15. norm of D = 1.899366e-01, change in D = 1.146057e-01.
  Coordinate descent sweep 16. norm of D = 2.190589e-01, change in D = 1.235310e-01.
  Coordinate descent sweep 17. norm of D = 2.210481e-01, change in D = 1.317842e-01.
  Coordinate descent sweep 18. norm of D = 2.128359e-01, change in D = 1.152622e-01.
  Coordinate descent sweep 19. norm of D = 2.063971e-01, change in D = 8.246837e-02.
    Line search step size chosen: 1.000000e+00.
  Objective value decreased by 1.139097e-04.
Newton iteration 56.
  Active set size = 1112779.
  sub-gradient = 1.173927e-01, l1-norm of X = 1.005840e+03.
  Coordinate descent sweep 1. norm of D = 1.121523e-01, change in D = 1.121523e-01.
  Coordinate descent sweep 2. norm of D = 1.182954e-01, change in D = 1.210782e-01.
  Coordinate descent sweep 3. norm of D = 1.260662e-01, change in D = 1.207146e-01.
  Coordinate descent sweep 4. norm of D = 1.316522e-01, change in D = 1.240550e-01.
  Coordinate descent sweep 5. norm of D = 1.261689e-01, change in D = 1.142896e-01.
  Coordinate descent sweep 6. norm of D = 1.121093e-01, change in D = 9.239142e-02.
  Coordinate descent sweep 7. norm of D = 1.340605e-01, change in D = 9.764604e-02.
  Coordinate descent sweep 8. norm of D = 1.444590e-01, change in D = 1.084092e-01.
  Coordinate descent sweep 9. norm of D = 1.471937e-01, change in D = 1.149887e-01.
  Coordinate descent sweep 10. norm of D = 1.236320e-01, change in D = 9.069224e-02.
  Coordinate descent sweep 11. norm of D = 1.587162e-01, change in D = 1.044622e-01.
  Coordinate descent sweep 12. norm of D = 1.380390e-01, change in D = 1.020289e-01.
  Coordinate descent sweep 13. norm of D = 1.639205e-01, change in D = 1.120929e-01.
  Coordinate descent sweep 14. norm of D = 1.641004e-01, change in D = 1.164943e-01.
  Coordinate descent sweep 15. norm of D = 1.730638e-01, change in D = 1.182666e-01.
  Coordinate descent sweep 16. norm of D = 1.757361e-01, change in D = 1.185526e-01.
  Coordinate descent sweep 17. norm of D = 1.828590e-01, change in D = 1.188577e-01.
  Coordinate descent sweep 18. norm of D = 1.689025e-01, change in D = 1.131481e-01.
  Coordinate descent sweep 19. norm of D = 1.861216e-01, change in D = 1.147323e-01.
    Line search step size chosen: 1.000000e+00.
  Objective value decreased by 8.828444e-05.
Newton iteration 57.
  Active set size = 1112777.
  sub-gradient = 1.037832e-01, l1-norm of X = 1.005842e+03.
  Coordinate descent sweep 1. norm of D = 1.168077e-01, change in D = 1.168077e-01.
  Coordinate descent sweep 2. norm of D = 1.162012e-01, change in D = 9.861677e-02.
  Coordinate descent sweep 3. norm of D = 1.191637e-01, change in D = 8.107965e-02.
  Coordinate descent sweep 4. norm of D = 1.285355e-01, change in D = 8.366636e-02.
  Coordinate descent sweep 5. norm of D = 1.305858e-01, change in D = 1.068320e-01.
  Coordinate descent sweep 6. norm of D = 1.454600e-01, change in D = 1.115126e-01.
  Coordinate descent sweep 7. norm of D = 1.407597e-01, change in D = 1.005750e-01.
  Coordinate descent sweep 8. norm of D = 1.570497e-01, change in D = 1.189656e-01.
  Coordinate descent sweep 9. norm of D = 1.553091e-01, change in D = 1.249066e-01.
  Coordinate descent sweep 10. norm of D = 1.525628e-01, change in D = 1.061991e-01.
  Coordinate descent sweep 11. norm of D = 1.509172e-01, change in D = 1.018937e-01.
  Coordinate descent sweep 12. norm of D = 1.678598e-01, change in D = 1.098732e-01.
  Coordinate descent sweep 13. norm of D = 1.721053e-01, change in D = 1.150055e-01.
  Coordinate descent sweep 14. norm of D = 1.692493e-01, change in D = 1.088166e-01.
  Coordinate descent sweep 15. norm of D = 1.622685e-01, change in D = 9.328098e-02.
  Coordinate descent sweep 16. norm of D = 1.668650e-01, change in D = 8.109243e-02.
  Coordinate descent sweep 17. norm of D = 1.819512e-01, change in D = 1.060446e-01.
  Coordinate descent sweep 18. norm of D = 1.889738e-01, change in D = 1.136691e-01.
  Coordinate descent sweep 19. norm of D = 1.881743e-01, change in D = 1.048416e-01.
  Coordinate descent sweep 20. norm of D = 1.896472e-01, change in D = 1.021359e-01.
    Line search step size chosen: 1.000000e+00.
  Objective value decreased by 7.679317e-05.
Newton iteration 58.
  Active set size = 1112776.
  sub-gradient = 8.564400e-02, l1-norm of X = 1.005844e+03.
  Coordinate descent sweep 1. norm of D = 1.099437e-01, change in D = 1.099437e-01.
  Coordinate descent sweep 2. norm of D = 1.226239e-01, change in D = 1.165593e-01.
  Coordinate descent sweep 3. norm of D = 1.196644e-01, change in D = 1.101850e-01.
  Coordinate descent sweep 4. norm of D = 1.250117e-01, change in D = 1.055857e-01.
  Coordinate descent sweep 5. norm of D = 1.272676e-01, change in D = 1.069953e-01.
  Coordinate descent sweep 6. norm of D = 1.285857e-01, change in D = 9.840259e-02.
  Coordinate descent sweep 7. norm of D = 1.246881e-01, change in D = 8.365142e-02.
  Coordinate descent sweep 8. norm of D = 1.318939e-01, change in D = 8.815058e-02.
  Coordinate descent sweep 9. norm of D = 1.399131e-01, change in D = 9.175726e-02.
  Coordinate descent sweep 10. norm of D = 1.400134e-01, change in D = 9.533834e-02.
  Coordinate descent sweep 11. norm of D = 1.481532e-01, change in D = 9.797856e-02.
  Coordinate descent sweep 12. norm of D = 1.411212e-01, change in D = 8.711036e-02.
  Coordinate descent sweep 13. norm of D = 1.568704e-01, change in D = 9.738529e-02.
  Coordinate descent sweep 14. norm of D = 1.513299e-01, change in D = 9.693489e-02.
  Coordinate descent sweep 15. norm of D = 1.524008e-01, change in D = 8.761811e-02.
  Coordinate descent sweep 16. norm of D = 1.557524e-01, change in D = 8.626677e-02.
  Coordinate descent sweep 17. norm of D = 1.549269e-01, change in D = 7.636346e-02.
  Coordinate descent sweep 18. norm of D = 1.671127e-01, change in D = 8.199005e-02.
  Coordinate descent sweep 19. norm of D = 1.619391e-01, change in D = 7.665266e-02.
  Coordinate descent sweep 20. norm of D = 1.716029e-01, change in D = 8.553752e-02.
    Line search step size chosen: 1.000000e+00.
  Objective value decreased by 6.600195e-05.
QUIC CPU time: 88843.423 seconds
