[1] "GTEx"          "49"            "pooling_first" "0.18"         
[1] "Data read complete"
Running QUIC version 1.1 in 'default' mode.
Newton iteration 1.
  X is a diagonal matrix.
    Line search step size 1.000000e+00.  Lack of positive definiteness.
    Line search step size 5.000000e-01.  Lack of positive definiteness.
    Line search step size 2.500000e-01.  Lack of positive definiteness.
    Line search step size chosen: 1.250000e-01.
  Objective value decreased by 1.582861e+01.
Newton iteration 2.
  Active set size = 9706.
  sub-gradient = 2.740521e+02, l1-norm of X = 1.510747e+01.
  Coordinate descent sweep 1. norm of D = 2.177816e+02, change in D = 2.177816e+02.
    Line search step size 1.000000e+00.  Lack of positive definiteness.
    Line search step size chosen: 5.000000e-01.
  Objective value decreased by 1.837070e+01.
Newton iteration 3.
  Active set size = 10146.
  sub-gradient = 8.402000e+02, l1-norm of X = 4.993848e+01.
  Coordinate descent sweep 1. norm of D = 8.544421e+01, change in D = 8.544421e+01.
  Coordinate descent sweep 2. norm of D = 1.041579e+02, change in D = 2.944871e+01.
    Line search step size chosen: 1.000000e+00.
  Objective value decreased by 8.538362e+00.
Newton iteration 4.
  Active set size = 9274.
  sub-gradient = 2.830898e+02, l1-norm of X = 6.645286e+01.
  Coordinate descent sweep 1. norm of D = 2.963825e+01, change in D = 2.963825e+01.
  Coordinate descent sweep 2. norm of D = 3.910734e+01, change in D = 1.678915e+01.
    Line search step size chosen: 1.000000e+00.
  Objective value decreased by 2.657110e+00.
Newton iteration 5.
  Active set size = 8988.
  sub-gradient = 1.002932e+02, l1-norm of X = 6.897012e+01.
  Coordinate descent sweep 1. norm of D = 1.670334e+01, change in D = 1.670334e+01.
  Coordinate descent sweep 2. norm of D = 2.315812e+01, change in D = 1.101849e+01.
    Line search step size chosen: 1.000000e+00.
  Objective value decreased by 1.259049e+00.
Newton iteration 6.
  Active set size = 8904.
  sub-gradient = 3.428120e+01, l1-norm of X = 7.031316e+01.
  Coordinate descent sweep 1. norm of D = 1.004523e+01, change in D = 1.004523e+01.
  Coordinate descent sweep 2. norm of D = 1.374410e+01, change in D = 7.290997e+00.
  Coordinate descent sweep 3. norm of D = 1.660874e+01, change in D = 5.231067e+00.
    Line search step size chosen: 1.000000e+00.
  Objective value decreased by 6.503799e-01.
Newton iteration 7.
  Active set size = 8877.
  sub-gradient = 9.146890e+00, l1-norm of X = 7.131075e+01.
  Coordinate descent sweep 1. norm of D = 4.974484e+00, change in D = 4.974484e+00.
  Coordinate descent sweep 2. norm of D = 7.452090e+00, change in D = 3.921939e+00.
  Coordinate descent sweep 3. norm of D = 9.104372e+00, change in D = 2.962791e+00.
    Line search step size chosen: 1.000000e+00.
  Objective value decreased by 2.332674e-01.
Newton iteration 8.
  Active set size = 8867.
  sub-gradient = 3.083533e+00, l1-norm of X = 7.202704e+01.
  Coordinate descent sweep 1. norm of D = 2.760355e+00, change in D = 2.760355e+00.
  Coordinate descent sweep 2. norm of D = 4.038583e+00, change in D = 1.991628e+00.
  Coordinate descent sweep 3. norm of D = 5.073035e+00, change in D = 1.663310e+00.
    Line search step size chosen: 1.000000e+00.
  Objective value decreased by 9.251071e-02.
Newton iteration 9.
  Active set size = 8857.
  sub-gradient = 1.282802e+00, l1-norm of X = 7.242140e+01.
  Coordinate descent sweep 1. norm of D = 1.505175e+00, change in D = 1.505175e+00.
  Coordinate descent sweep 2. norm of D = 2.292612e+00, change in D = 1.260407e+00.
  Coordinate descent sweep 3. norm of D = 2.873332e+00, change in D = 9.324676e-01.
  Coordinate descent sweep 4. norm of D = 3.454973e+00, change in D = 9.125746e-01.
    Line search step size chosen: 1.000000e+00.
  Objective value decreased by 4.710394e-02.
Newton iteration 10.
  Active set size = 8858.
  sub-gradient = 6.977319e-01, l1-norm of X = 7.272264e+01.
  Coordinate descent sweep 1. norm of D = 7.465087e-01, change in D = 7.465087e-01.
  Coordinate descent sweep 2. norm of D = 1.163867e+00, change in D = 6.466972e-01.
  Coordinate descent sweep 3. norm of D = 1.557692e+00, change in D = 6.263922e-01.
  Coordinate descent sweep 4. norm of D = 1.925962e+00, change in D = 5.789334e-01.
    Line search step size chosen: 1.000000e+00.
  Objective value decreased by 2.089048e-02.
Newton iteration 11.
  Active set size = 8854.
  sub-gradient = 4.339893e-01, l1-norm of X = 7.290790e+01.
  Coordinate descent sweep 1. norm of D = 4.448710e-01, change in D = 4.448710e-01.
  Coordinate descent sweep 2. norm of D = 6.825996e-01, change in D = 3.852906e-01.
  Coordinate descent sweep 3. norm of D = 9.291027e-01, change in D = 3.576062e-01.
  Coordinate descent sweep 4. norm of D = 1.126796e+00, change in D = 3.269026e-01.
    Line search step size chosen: 1.000000e+00.
  Objective value decreased by 9.012831e-03.
Newton iteration 12.
  Active set size = 8855.
  sub-gradient = 2.548391e-01, l1-norm of X = 7.301046e+01.
  Coordinate descent sweep 1. norm of D = 3.145285e-01, change in D = 3.145285e-01.
  Coordinate descent sweep 2. norm of D = 4.480632e-01, change in D = 2.136021e-01.
  Coordinate descent sweep 3. norm of D = 6.350046e-01, change in D = 2.815998e-01.
  Coordinate descent sweep 4. norm of D = 7.771897e-01, change in D = 2.038154e-01.
  Coordinate descent sweep 5. norm of D = 9.292329e-01, change in D = 1.986302e-01.
    Line search step size chosen: 1.000000e+00.
  Objective value decreased by 6.009026e-03.
Newton iteration 13.
  Active set size = 8854.
  sub-gradient = 1.534044e-01, l1-norm of X = 7.310406e+01.
  Coordinate descent sweep 1. norm of D = 1.570497e-01, change in D = 1.570497e-01.
  Coordinate descent sweep 2. norm of D = 2.876663e-01, change in D = 1.810726e-01.
  Coordinate descent sweep 3. norm of D = 3.949700e-01, change in D = 1.607294e-01.
  Coordinate descent sweep 4. norm of D = 5.010901e-01, change in D = 1.374570e-01.
  Coordinate descent sweep 5. norm of D = 5.773234e-01, change in D = 1.160425e-01.
    Line search step size chosen: 1.000000e+00.
  Objective value decreased by 3.003349e-03.
Newton iteration 14.
  Active set size = 8854.
  sub-gradient = 1.138354e-01, l1-norm of X = 7.316253e+01.
  Coordinate descent sweep 1. norm of D = 1.060610e-01, change in D = 1.060610e-01.
  Coordinate descent sweep 2. norm of D = 1.735686e-01, change in D = 1.035514e-01.
  Coordinate descent sweep 3. norm of D = 2.368345e-01, change in D = 9.927698e-02.
  Coordinate descent sweep 4. norm of D = 3.058955e-01, change in D = 9.110057e-02.
  Coordinate descent sweep 5. norm of D = 3.650762e-01, change in D = 8.653283e-02.
    Line search step size chosen: 1.000000e+00.
  Objective value decreased by 1.368162e-03.
Newton iteration 15.
  Active set size = 8854.
  sub-gradient = 8.752679e-02, l1-norm of X = 7.319586e+01.
  Coordinate descent sweep 1. norm of D = 7.683202e-02, change in D = 7.683202e-02.
  Coordinate descent sweep 2. norm of D = 1.486151e-01, change in D = 9.060593e-02.
  Coordinate descent sweep 3. norm of D = 1.880751e-01, change in D = 6.438427e-02.
  Coordinate descent sweep 4. norm of D = 2.226611e-01, change in D = 5.298591e-02.
  Coordinate descent sweep 5. norm of D = 2.678414e-01, change in D = 6.145480e-02.
  Coordinate descent sweep 6. norm of D = 3.097471e-01, change in D = 5.650940e-02.
    Line search step size chosen: 1.000000e+00.
  Objective value decreased by 9.289193e-04.
Newton iteration 16.
  Active set size = 8854.
  sub-gradient = 4.259067e-02, l1-norm of X = 7.322607e+01.
  Coordinate descent sweep 1. norm of D = 4.382115e-02, change in D = 4.382115e-02.
  Coordinate descent sweep 2. norm of D = 8.124038e-02, change in D = 4.889573e-02.
  Coordinate descent sweep 3. norm of D = 1.167313e-01, change in D = 4.281251e-02.
  Coordinate descent sweep 4. norm of D = 1.456956e-01, change in D = 4.073812e-02.
  Coordinate descent sweep 5. norm of D = 1.700523e-01, change in D = 3.522547e-02.
  Coordinate descent sweep 6. norm of D = 1.952754e-01, change in D = 3.509101e-02.
    Line search step size chosen: 1.000000e+00.
  Objective value decreased by 4.159339e-04.
Newton iteration 17.
  Active set size = 8854.
  sub-gradient = 2.649617e-02, l1-norm of X = 7.324556e+01.
  Coordinate descent sweep 1. norm of D = 3.279656e-02, change in D = 3.279656e-02.
  Coordinate descent sweep 2. norm of D = 5.170008e-02, change in D = 2.557560e-02.
  Coordinate descent sweep 3. norm of D = 6.852332e-02, change in D = 2.700260e-02.
  Coordinate descent sweep 4. norm of D = 8.955325e-02, change in D = 3.021703e-02.
  Coordinate descent sweep 5. norm of D = 1.046386e-01, change in D = 2.228098e-02.
  Coordinate descent sweep 6. norm of D = 1.236346e-01, change in D = 2.379682e-02.
    Line search step size chosen: 1.000000e+00.
  Objective value decreased by 1.945439e-04.
Newton iteration 18.
  Active set size = 8854.
  sub-gradient = 1.728197e-02, l1-norm of X = 7.325898e+01.
  Coordinate descent sweep 1. norm of D = 1.829012e-02, change in D = 1.829012e-02.
  Coordinate descent sweep 2. norm of D = 3.810439e-02, change in D = 2.375972e-02.
  Coordinate descent sweep 3. norm of D = 5.212851e-02, change in D = 2.108072e-02.
  Coordinate descent sweep 4. norm of D = 6.294009e-02, change in D = 1.647203e-02.
  Coordinate descent sweep 5. norm of D = 7.432725e-02, change in D = 1.841728e-02.
  Coordinate descent sweep 6. norm of D = 8.229390e-02, change in D = 1.363675e-02.
  Coordinate descent sweep 7. norm of D = 9.240958e-02, change in D = 1.464486e-02.
    Line search step size chosen: 1.000000e+00.
  Objective value decreased by 1.065596e-04.
Newton iteration 19.
  Active set size = 8854.
  sub-gradient = 1.252054e-02, l1-norm of X = 7.326837e+01.
  Coordinate descent sweep 1. norm of D = 1.368175e-02, change in D = 1.368175e-02.
  Coordinate descent sweep 2. norm of D = 1.912139e-02, change in D = 9.556731e-03.
  Coordinate descent sweep 3. norm of D = 2.798498e-02, change in D = 1.296630e-02.
  Coordinate descent sweep 4. norm of D = 3.695439e-02, change in D = 1.220894e-02.
  Coordinate descent sweep 5. norm of D = 4.082180e-02, change in D = 7.258781e-03.
  Coordinate descent sweep 6. norm of D = 4.961893e-02, change in D = 1.114019e-02.
  Coordinate descent sweep 7. norm of D = 5.906832e-02, change in D = 1.158181e-02.
    Line search step size chosen: 1.000000e+00.
  Objective value decreased by 4.876580e-05.
Newton iteration 20.
  Active set size = 8854.
  sub-gradient = 8.179107e-03, l1-norm of X = 7.327503e+01.
  Coordinate descent sweep 1. norm of D = 9.857672e-03, change in D = 9.857672e-03.
  Coordinate descent sweep 2. norm of D = 1.283027e-02, change in D = 5.805985e-03.
  Coordinate descent sweep 3. norm of D = 1.796341e-02, change in D = 7.227466e-03.
  Coordinate descent sweep 4. norm of D = 2.315144e-02, change in D = 8.133075e-03.
  Coordinate descent sweep 5. norm of D = 2.699682e-02, change in D = 5.845766e-03.
  Coordinate descent sweep 6. norm of D = 3.240682e-02, change in D = 6.958476e-03.
  Coordinate descent sweep 7. norm of D = 3.602161e-02, change in D = 4.973886e-03.
    Line search step size chosen: 1.000000e+00.
  Objective value decreased by 2.090534e-05.
Newton iteration 21.
  Active set size = 8854.
  sub-gradient = 5.507476e-03, l1-norm of X = 7.327886e+01.
  Coordinate descent sweep 1. norm of D = 6.704156e-03, change in D = 6.704156e-03.
  Coordinate descent sweep 2. norm of D = 1.108440e-02, change in D = 6.424306e-03.
  Coordinate descent sweep 3. norm of D = 1.447684e-02, change in D = 5.018270e-03.
  Coordinate descent sweep 4. norm of D = 1.709748e-02, change in D = 4.303223e-03.
  Coordinate descent sweep 5. norm of D = 2.086734e-02, change in D = 4.686147e-03.
  Coordinate descent sweep 6. norm of D = 2.372004e-02, change in D = 4.745495e-03.
  Coordinate descent sweep 7. norm of D = 2.716645e-02, change in D = 4.273198e-03.
  Coordinate descent sweep 8. norm of D = 2.950072e-02, change in D = 3.647466e-03.
    Line search step size chosen: 1.000000e+00.
  Objective value decreased by 1.223778e-05.
QUIC CPU time: 2684.724 seconds
