[1] "GTEx"             "10"               "correcting_first" "0.02"            
[1] "Data read complete"
Running QUIC version 1.1 in 'default' mode.
Newton iteration 1.
  X is a diagonal matrix.
    Line search step size 1.000000e+00.  Lack of positive definiteness.
    Line search step size 5.000000e-01.  Lack of positive definiteness.
    Line search step size 2.500000e-01.  Lack of positive definiteness.
    Line search step size 1.250000e-01.  Lack of positive definiteness.
    Line search step size 6.250000e-02.  Lack of positive definiteness.
    Line search step size 3.125000e-02.  Lack of positive definiteness.
    Line search step size chosen: 1.562500e-02.
  Objective value decreased by 6.458201e+02.
Newton iteration 2.
  Active set size = 10979389.
  sub-gradient = 3.390932e+05, l1-norm of X = 2.194649e+02.
  Coordinate descent sweep 1. norm of D = 1.765928e+05, change in D = 1.765928e+05.
    Line search step size 1.000000e+00.  Lack of positive definiteness.
    Line search step size 5.000000e-01.  Lack of positive definiteness.
    Line search step size 2.500000e-01.  Lack of positive definiteness.
    Line search step size 1.250000e-01.  Lack of positive definiteness.
    Line search step size 6.250000e-02.  Lack of positive definiteness.
    Line search step size chosen: 3.125000e-02.
  Objective value decreased by 5.729307e+02.
Newton iteration 3.
  Active set size = 11083127.
  sub-gradient = 3.061523e+05, l1-norm of X = 4.349818e+02.
  Coordinate descent sweep 1. norm of D = 8.979244e+04, change in D = 8.979244e+04.
  Coordinate descent sweep 2. norm of D = 7.427436e+04, change in D = 3.128141e+04.
    Line search step size 1.000000e+00.  Lack of positive definiteness.
    Line search step size 5.000000e-01.  Lack of positive definiteness.
    Line search step size 2.500000e-01.  Lack of positive definiteness.
    Line search step size chosen: 1.250000e-01.
  Objective value decreased by 7.064574e+02.
Newton iteration 4.
  Active set size = 11706722.
  sub-gradient = 1.810330e+05, l1-norm of X = 7.610516e+02.
  Coordinate descent sweep 1. norm of D = 4.234572e+04, change in D = 4.234572e+04.
  Coordinate descent sweep 2. norm of D = 4.196483e+04, change in D = 1.718794e+04.
    Line search step size 1.000000e+00.  Lack of positive definiteness.
    Line search step size 5.000000e-01.  Lack of positive definiteness.
    Line search step size chosen: 2.500000e-01.
  Objective value decreased by 4.908713e+02.
Newton iteration 5.
  Active set size = 11583763.
  sub-gradient = 1.275247e+05, l1-norm of X = 1.048800e+03.
  Coordinate descent sweep 1. norm of D = 2.692733e+04, change in D = 2.692733e+04.
  Coordinate descent sweep 2. norm of D = 3.035210e+04, change in D = 1.363462e+04.
    Line search step size chosen: 1.000000e+00.
  Objective value decreased by 7.572226e+02.
Newton iteration 6.
  Active set size = 9683143.
  sub-gradient = 2.185513e+05, l1-norm of X = 1.740246e+03.
  Coordinate descent sweep 1. norm of D = 7.968996e+03, change in D = 7.968996e+03.
  Coordinate descent sweep 2. norm of D = 1.015470e+04, change in D = 6.419986e+03.
  Coordinate descent sweep 3. norm of D = 1.205888e+04, change in D = 5.289233e+03.
    Line search step size chosen: 1.000000e+00.
  Objective value decreased by 2.231657e+02.
Newton iteration 7.
  Active set size = 5544475.
  sub-gradient = 6.022609e+04, l1-norm of X = 1.944118e+03.
  Coordinate descent sweep 1. norm of D = 7.150241e+03, change in D = 7.150241e+03.
  Coordinate descent sweep 2. norm of D = 9.435388e+03, change in D = 5.776256e+03.
  Coordinate descent sweep 3. norm of D = 1.132874e+04, change in D = 4.730345e+03.
    Line search step size chosen: 1.000000e+00.
  Objective value decreased by 1.295838e+02.
Newton iteration 8.
  Active set size = 3985532.
  sub-gradient = 1.607830e+04, l1-norm of X = 2.150771e+03.
  Coordinate descent sweep 1. norm of D = 5.242426e+03, change in D = 5.242426e+03.
  Coordinate descent sweep 2. norm of D = 7.208949e+03, change in D = 4.353708e+03.
  Coordinate descent sweep 3. norm of D = 8.763453e+03, change in D = 3.568017e+03.
    Line search step size chosen: 1.000000e+00.
  Objective value decreased by 5.965219e+01.
Newton iteration 9.
  Active set size = 3585633.
  sub-gradient = 5.193439e+03, l1-norm of X = 2.317031e+03.
  Coordinate descent sweep 1. norm of D = 3.405308e+03, change in D = 3.405308e+03.
  Coordinate descent sweep 2. norm of D = 4.823544e+03, change in D = 2.895683e+03.
  Coordinate descent sweep 3. norm of D = 5.931002e+03, change in D = 2.429332e+03.
  Coordinate descent sweep 4. norm of D = 6.831121e+03, change in D = 2.039353e+03.
    Line search step size chosen: 1.000000e+00.
  Objective value decreased by 2.889916e+01.
Newton iteration 10.
  Active set size = 3416104.
  sub-gradient = 2.329632e+03, l1-norm of X = 2.454824e+03.
  Coordinate descent sweep 1. norm of D = 1.887968e+03, change in D = 1.887968e+03.
  Coordinate descent sweep 2. norm of D = 2.692938e+03, change in D = 1.641480e+03.
  Coordinate descent sweep 3. norm of D = 3.323487e+03, change in D = 1.407793e+03.
  Coordinate descent sweep 4. norm of D = 3.846063e+03, change in D = 1.210028e+03.
    Line search step size chosen: 1.000000e+00.
  Objective value decreased by 9.582755e+00.
Newton iteration 11.
  Active set size = 3329940.
  sub-gradient = 1.242710e+03, l1-norm of X = 2.529268e+03.
  Coordinate descent sweep 1. norm of D = 1.093373e+03, change in D = 1.093373e+03.
  Coordinate descent sweep 2. norm of D = 1.545047e+03, change in D = 9.581612e+02.
  Coordinate descent sweep 3. norm of D = 1.900280e+03, change in D = 8.367587e+02.
  Coordinate descent sweep 4. norm of D = 2.196863e+03, change in D = 7.343557e+02.
    Line search step size chosen: 1.000000e+00.
  Objective value decreased by 3.579988e+00.
Newton iteration 12.
  Active set size = 3284092.
  sub-gradient = 7.646973e+02, l1-norm of X = 2.569085e+03.
  Coordinate descent sweep 1. norm of D = 6.620191e+02, change in D = 6.620191e+02.
  Coordinate descent sweep 2. norm of D = 9.260421e+02, change in D = 5.908932e+02.
  Coordinate descent sweep 3. norm of D = 1.130348e+03, change in D = 5.245216e+02.
  Coordinate descent sweep 4. norm of D = 1.298833e+03, change in D = 4.650717e+02.
  Coordinate descent sweep 5. norm of D = 1.445387e+03, change in D = 4.203696e+02.
    Line search step size chosen: 1.000000e+00.
  Objective value decreased by 1.816582e+00.
Newton iteration 13.
  Active set size = 3250901.
  sub-gradient = 3.983673e+02, l1-norm of X = 2.594408e+03.
  Coordinate descent sweep 1. norm of D = 3.874572e+02, change in D = 3.874572e+02.
  Coordinate descent sweep 2. norm of D = 5.293474e+02, change in D = 3.494904e+02.
  Coordinate descent sweep 3. norm of D = 6.381794e+02, change in D = 3.213637e+02.
  Coordinate descent sweep 4. norm of D = 7.260594e+02, change in D = 2.933044e+02.
  Coordinate descent sweep 5. norm of D = 8.014799e+02, change in D = 2.694319e+02.
    Line search step size chosen: 1.000000e+00.
  Objective value decreased by 8.183879e-01.
Newton iteration 14.
  Active set size = 3235713.
  sub-gradient = 2.511930e+02, l1-norm of X = 2.606784e+03.
  Coordinate descent sweep 1. norm of D = 2.521404e+02, change in D = 2.521404e+02.
  Coordinate descent sweep 2. norm of D = 3.406676e+02, change in D = 2.372350e+02.
  Coordinate descent sweep 3. norm of D = 4.006856e+02, change in D = 2.165187e+02.
  Coordinate descent sweep 4. norm of D = 4.506964e+02, change in D = 2.054993e+02.
  Coordinate descent sweep 5. norm of D = 4.912661e+02, change in D = 1.918219e+02.
    Line search step size chosen: 1.000000e+00.
  Objective value decreased by 4.620357e-01.
Newton iteration 15.
  Active set size = 3228418.
  sub-gradient = 1.836307e+02, l1-norm of X = 2.613065e+03.
  Coordinate descent sweep 1. norm of D = 1.844927e+02, change in D = 1.844927e+02.
  Coordinate descent sweep 2. norm of D = 2.395929e+02, change in D = 1.696479e+02.
  Coordinate descent sweep 3. norm of D = 2.799127e+02, change in D = 1.637350e+02.
  Coordinate descent sweep 4. norm of D = 3.099785e+02, change in D = 1.554218e+02.
  Coordinate descent sweep 5. norm of D = 3.318092e+02, change in D = 1.423132e+02.
  Coordinate descent sweep 6. norm of D = 3.529742e+02, change in D = 1.378331e+02.
    Line search step size chosen: 1.000000e+00.
  Objective value decreased by 3.470912e-01.
Newton iteration 16.
  Active set size = 3223083.
  sub-gradient = 1.329495e+02, l1-norm of X = 2.616838e+03.
  Coordinate descent sweep 1. norm of D = 1.350101e+02, change in D = 1.350101e+02.
  Coordinate descent sweep 2. norm of D = 1.748331e+02, change in D = 1.286942e+02.
  Coordinate descent sweep 3. norm of D = 2.014744e+02, change in D = 1.256734e+02.
  Coordinate descent sweep 4. norm of D = 2.198443e+02, change in D = 1.200748e+02.
  Coordinate descent sweep 5. norm of D = 2.348529e+02, change in D = 1.180129e+02.
  Coordinate descent sweep 6. norm of D = 2.473219e+02, change in D = 1.136469e+02.
    Line search step size chosen: 1.000000e+00.
  Objective value decreased by 2.289129e-01.
Newton iteration 17.
  Active set size = 3220121.
  sub-gradient = 1.023376e+02, l1-norm of X = 2.618687e+03.
  Coordinate descent sweep 1. norm of D = 1.061905e+02, change in D = 1.061905e+02.
  Coordinate descent sweep 2. norm of D = 1.422544e+02, change in D = 1.073730e+02.
  Coordinate descent sweep 3. norm of D = 1.626698e+02, change in D = 1.048698e+02.
  Coordinate descent sweep 4. norm of D = 1.751437e+02, change in D = 9.973721e+01.
  Coordinate descent sweep 5. norm of D = 1.844521e+02, change in D = 9.471015e+01.
  Coordinate descent sweep 6. norm of D = 1.923342e+02, change in D = 9.312175e+01.
    Line search step size chosen: 1.000000e+00.
  Objective value decreased by 1.714459e-01.
Newton iteration 18.
  Active set size = 3218874.
  sub-gradient = 9.123415e+01, l1-norm of X = 2.619668e+03.
  Coordinate descent sweep 1. norm of D = 9.278341e+01, change in D = 9.278341e+01.
  Coordinate descent sweep 2. norm of D = 1.190039e+02, change in D = 8.979930e+01.
  Coordinate descent sweep 3. norm of D = 1.355923e+02, change in D = 8.923753e+01.
  Coordinate descent sweep 4. norm of D = 1.445303e+02, change in D = 8.409627e+01.
  Coordinate descent sweep 5. norm of D = 1.530393e+02, change in D = 8.489637e+01.
  Coordinate descent sweep 6. norm of D = 1.587893e+02, change in D = 8.279749e+01.
  Coordinate descent sweep 7. norm of D = 1.636575e+02, change in D = 8.034290e+01.
    Line search step size chosen: 1.000000e+00.
  Objective value decreased by 1.513284e-01.
Newton iteration 19.
  Active set size = 3217770.
  sub-gradient = 7.757479e+01, l1-norm of X = 2.620313e+03.
  Coordinate descent sweep 1. norm of D = 7.863641e+01, change in D = 7.863641e+01.
  Coordinate descent sweep 2. norm of D = 1.008559e+02, change in D = 7.613274e+01.
  Coordinate descent sweep 3. norm of D = 1.127652e+02, change in D = 7.326384e+01.
  Coordinate descent sweep 4. norm of D = 1.242078e+02, change in D = 7.647902e+01.
  Coordinate descent sweep 5. norm of D = 1.303268e+02, change in D = 7.393856e+01.
  Coordinate descent sweep 6. norm of D = 1.343962e+02, change in D = 7.108933e+01.
  Coordinate descent sweep 7. norm of D = 1.380105e+02, change in D = 6.879195e+01.
    Line search step size chosen: 1.000000e+00.
  Objective value decreased by 1.204978e-01.
Newton iteration 20.
  Active set size = 3217068.
  sub-gradient = 7.130027e+01, l1-norm of X = 2.620681e+03.
  Coordinate descent sweep 1. norm of D = 7.034679e+01, change in D = 7.034679e+01.
  Coordinate descent sweep 2. norm of D = 9.218340e+01, change in D = 7.150292e+01.
  Coordinate descent sweep 3. norm of D = 1.033342e+02, change in D = 7.018708e+01.
  Coordinate descent sweep 4. norm of D = 1.078744e+02, change in D = 6.403445e+01.
  Coordinate descent sweep 5. norm of D = 1.126393e+02, change in D = 6.402517e+01.
  Coordinate descent sweep 6. norm of D = 1.145760e+02, change in D = 5.945294e+01.
  Coordinate descent sweep 7. norm of D = 1.189045e+02, change in D = 6.167049e+01.
    Line search step size chosen: 1.000000e+00.
  Objective value decreased by 9.772081e-02.
Newton iteration 21.
  Active set size = 3216123.
  sub-gradient = 5.355103e+01, l1-norm of X = 2.620906e+03.
  Coordinate descent sweep 1. norm of D = 5.931957e+01, change in D = 5.931957e+01.
  Coordinate descent sweep 2. norm of D = 7.942053e+01, change in D = 6.236574e+01.
  Coordinate descent sweep 3. norm of D = 8.757904e+01, change in D = 5.702962e+01.
  Coordinate descent sweep 4. norm of D = 9.477301e+01, change in D = 5.833809e+01.
  Coordinate descent sweep 5. norm of D = 9.985543e+01, change in D = 5.872951e+01.
  Coordinate descent sweep 6. norm of D = 1.026673e+02, change in D = 5.722981e+01.
  Coordinate descent sweep 7. norm of D = 1.047488e+02, change in D = 5.497906e+01.
  Coordinate descent sweep 8. norm of D = 1.074952e+02, change in D = 5.561373e+01.
    Line search step size chosen: 1.000000e+00.
  Objective value decreased by 8.944085e-02.
Newton iteration 22.
  Active set size = 3216148.
  sub-gradient = 5.904880e+01, l1-norm of X = 2.621103e+03.
  Coordinate descent sweep 1. norm of D = 5.416297e+01, change in D = 5.416297e+01.
  Coordinate descent sweep 2. norm of D = 6.719050e+01, change in D = 4.865198e+01.
  Coordinate descent sweep 3. norm of D = 7.955040e+01, change in D = 5.307740e+01.
  Coordinate descent sweep 4. norm of D = 8.615261e+01, change in D = 5.343560e+01.
  Coordinate descent sweep 5. norm of D = 8.953241e+01, change in D = 5.235357e+01.
  Coordinate descent sweep 6. norm of D = 9.183917e+01, change in D = 5.060745e+01.
  Coordinate descent sweep 7. norm of D = 9.560164e+01, change in D = 5.286533e+01.
  Coordinate descent sweep 8. norm of D = 9.671531e+01, change in D = 5.011757e+01.
    Line search step size chosen: 1.000000e+00.
  Objective value decreased by 7.326372e-02.
Newton iteration 23.
  Active set size = 3215850.
  sub-gradient = 5.157176e+01, l1-norm of X = 2.621217e+03.
  Coordinate descent sweep 1. norm of D = 5.210779e+01, change in D = 5.210779e+01.
  Coordinate descent sweep 2. norm of D = 6.440954e+01, change in D = 4.879171e+01.
  Coordinate descent sweep 3. norm of D = 7.167907e+01, change in D = 4.724067e+01.
  Coordinate descent sweep 4. norm of D = 7.676040e+01, change in D = 4.610354e+01.
  Coordinate descent sweep 5. norm of D = 8.075942e+01, change in D = 4.672697e+01.
  Coordinate descent sweep 6. norm of D = 8.437214e+01, change in D = 4.800376e+01.
  Coordinate descent sweep 7. norm of D = 8.647706e+01, change in D = 4.699667e+01.
  Coordinate descent sweep 8. norm of D = 8.751945e+01, change in D = 4.553190e+01.
    Line search step size chosen: 1.000000e+00.
  Objective value decreased by 6.190149e-02.
Newton iteration 24.
  Active set size = 3214977.
  sub-gradient = 3.661809e+01, l1-norm of X = 2.621322e+03.
  Coordinate descent sweep 1. norm of D = 4.530969e+01, change in D = 4.530969e+01.
  Coordinate descent sweep 2. norm of D = 5.825238e+01, change in D = 4.497353e+01.
  Coordinate descent sweep 3. norm of D = 6.641358e+01, change in D = 4.501052e+01.
  Coordinate descent sweep 4. norm of D = 6.806002e+01, change in D = 3.979228e+01.
  Coordinate descent sweep 5. norm of D = 7.387166e+01, change in D = 4.458341e+01.
  Coordinate descent sweep 6. norm of D = 7.585183e+01, change in D = 4.292800e+01.
  Coordinate descent sweep 7. norm of D = 7.833743e+01, change in D = 4.409309e+01.
  Coordinate descent sweep 8. norm of D = 7.967032e+01, change in D = 4.371367e+01.
  Coordinate descent sweep 9. norm of D = 8.015601e+01, change in D = 4.144287e+01.
    Line search step size chosen: 1.000000e+00.
  Objective value decreased by 5.852812e-02.
Newton iteration 25.
  Active set size = 3214728.
  sub-gradient = 3.462040e+01, l1-norm of X = 2.621412e+03.
  Coordinate descent sweep 1. norm of D = 3.928674e+01, change in D = 3.928674e+01.
  Coordinate descent sweep 2. norm of D = 5.271859e+01, change in D = 4.107265e+01.
  Coordinate descent sweep 3. norm of D = 6.002216e+01, change in D = 4.116242e+01.
  Coordinate descent sweep 4. norm of D = 6.340774e+01, change in D = 3.888638e+01.
  Coordinate descent sweep 5. norm of D = 6.723068e+01, change in D = 4.125772e+01.
  Coordinate descent sweep 6. norm of D = 6.839643e+01, change in D = 3.768459e+01.
  Coordinate descent sweep 7. norm of D = 6.947258e+01, change in D = 3.738137e+01.
  Coordinate descent sweep 8. norm of D = 7.067616e+01, change in D = 3.723762e+01.
  Coordinate descent sweep 9. norm of D = 7.149064e+01, change in D = 3.675871e+01.
    Line search step size chosen: 1.000000e+00.
  Objective value decreased by 4.771998e-02.
Newton iteration 26.
  Active set size = 3218151.
  sub-gradient = 1.039984e+02, l1-norm of X = 2.621485e+03.
  Coordinate descent sweep 1. norm of D = 3.998273e+01, change in D = 3.998273e+01.
  Coordinate descent sweep 2. norm of D = 4.891827e+01, change in D = 3.751307e+01.
  Coordinate descent sweep 3. norm of D = 5.384532e+01, change in D = 3.598353e+01.
  Coordinate descent sweep 4. norm of D = 5.808670e+01, change in D = 3.648780e+01.
  Coordinate descent sweep 5. norm of D = 5.978094e+01, change in D = 3.517213e+01.
  Coordinate descent sweep 6. norm of D = 6.138429e+01, change in D = 3.446901e+01.
  Coordinate descent sweep 7. norm of D = 6.300936e+01, change in D = 3.536119e+01.
  Coordinate descent sweep 8. norm of D = 6.509047e+01, change in D = 3.637665e+01.
  Coordinate descent sweep 9. norm of D = 6.558013e+01, change in D = 3.484952e+01.
    Line search step size chosen: 1.000000e+00.
  Objective value decreased by 4.083753e-02.
Newton iteration 27.
  Active set size = 3214784.
  sub-gradient = 3.666045e+01, l1-norm of X = 2.621544e+03.
  Coordinate descent sweep 1. norm of D = 3.294761e+01, change in D = 3.294761e+01.
  Coordinate descent sweep 2. norm of D = 4.545006e+01, change in D = 3.550894e+01.
  Coordinate descent sweep 3. norm of D = 5.119435e+01, change in D = 3.472890e+01.
  Coordinate descent sweep 4. norm of D = 5.404740e+01, change in D = 3.312742e+01.
  Coordinate descent sweep 5. norm of D = 5.699382e+01, change in D = 3.500387e+01.
  Coordinate descent sweep 6. norm of D = 5.924313e+01, change in D = 3.459524e+01.
  Coordinate descent sweep 7. norm of D = 5.986284e+01, change in D = 3.279315e+01.
  Coordinate descent sweep 8. norm of D = 6.115696e+01, change in D = 3.330549e+01.
  Coordinate descent sweep 9. norm of D = 6.066176e+01, change in D = 3.073217e+01.
  Coordinate descent sweep 10. norm of D = 6.173979e+01, change in D = 3.274834e+01.
    Line search step size chosen: 1.000000e+00.
  Objective value decreased by 3.943935e-02.
Newton iteration 28.
  Active set size = 3214696.
  sub-gradient = 3.722973e+01, l1-norm of X = 2.621590e+03.
  Coordinate descent sweep 1. norm of D = 3.394159e+01, change in D = 3.394159e+01.
  Coordinate descent sweep 2. norm of D = 4.300116e+01, change in D = 3.354164e+01.
  Coordinate descent sweep 3. norm of D = 4.733117e+01, change in D = 3.229392e+01.
  Coordinate descent sweep 4. norm of D = 4.969587e+01, change in D = 3.042848e+01.
  Coordinate descent sweep 5. norm of D = 5.070344e+01, change in D = 2.977207e+01.
  Coordinate descent sweep 6. norm of D = 5.346247e+01, change in D = 3.148211e+01.
  Coordinate descent sweep 7. norm of D = 5.407969e+01, change in D = 2.987187e+01.
  Coordinate descent sweep 8. norm of D = 5.501754e+01, change in D = 3.038290e+01.
  Coordinate descent sweep 9. norm of D = 5.589712e+01, change in D = 2.992649e+01.
  Coordinate descent sweep 10. norm of D = 5.684054e+01, change in D = 3.054985e+01.
    Line search step size chosen: 1.000000e+00.
  Objective value decreased by 3.324400e-02.
Newton iteration 29.
  Active set size = 3214205.
  sub-gradient = 2.550938e+01, l1-norm of X = 2.621635e+03.
  Coordinate descent sweep 1. norm of D = 2.828245e+01, change in D = 2.828245e+01.
  Coordinate descent sweep 2. norm of D = 3.803018e+01, change in D = 2.945136e+01.
  Coordinate descent sweep 3. norm of D = 4.421168e+01, change in D = 3.069464e+01.
  Coordinate descent sweep 4. norm of D = 4.629182e+01, change in D = 2.842342e+01.
  Coordinate descent sweep 5. norm of D = 4.797556e+01, change in D = 2.818355e+01.
  Coordinate descent sweep 6. norm of D = 4.959176e+01, change in D = 2.851247e+01.
  Coordinate descent sweep 7. norm of D = 5.048744e+01, change in D = 2.773226e+01.
  Coordinate descent sweep 8. norm of D = 5.127087e+01, change in D = 2.743573e+01.
  Coordinate descent sweep 9. norm of D = 5.268252e+01, change in D = 2.887834e+01.
  Coordinate descent sweep 10. norm of D = 5.322363e+01, change in D = 2.781937e+01.
    Line search step size chosen: 1.000000e+00.
  Objective value decreased by 2.973368e-02.
Newton iteration 30.
  Active set size = 3213998.
  sub-gradient = 2.449284e+01, l1-norm of X = 2.621683e+03.
  Coordinate descent sweep 1. norm of D = 2.755800e+01, change in D = 2.755800e+01.
  Coordinate descent sweep 2. norm of D = 3.702352e+01, change in D = 2.926935e+01.
  Coordinate descent sweep 3. norm of D = 4.095844e+01, change in D = 2.778073e+01.
  Coordinate descent sweep 4. norm of D = 4.363195e+01, change in D = 2.757168e+01.
  Coordinate descent sweep 5. norm of D = 4.524624e+01, change in D = 2.695339e+01.
  Coordinate descent sweep 6. norm of D = 4.556466e+01, change in D = 2.531893e+01.
  Coordinate descent sweep 7. norm of D = 4.706107e+01, change in D = 2.652080e+01.
  Coordinate descent sweep 8. norm of D = 4.808064e+01, change in D = 2.654994e+01.
  Coordinate descent sweep 9. norm of D = 4.822924e+01, change in D = 2.623451e+01.
  Coordinate descent sweep 10. norm of D = 4.983819e+01, change in D = 2.764768e+01.
  Coordinate descent sweep 11. norm of D = 4.976661e+01, change in D = 2.605283e+01.
    Line search step size chosen: 1.000000e+00.
  Objective value decreased by 2.736633e-02.
Newton iteration 31.
  Active set size = 3214373.
  sub-gradient = 3.287445e+01, l1-norm of X = 2.621720e+03.
  Coordinate descent sweep 1. norm of D = 2.501558e+01, change in D = 2.501558e+01.
  Coordinate descent sweep 2. norm of D = 3.401439e+01, change in D = 2.689915e+01.
  Coordinate descent sweep 3. norm of D = 3.853537e+01, change in D = 2.697008e+01.
  Coordinate descent sweep 4. norm of D = 4.064604e+01, change in D = 2.563134e+01.
  Coordinate descent sweep 5. norm of D = 4.275447e+01, change in D = 2.612827e+01.
  Coordinate descent sweep 6. norm of D = 4.347949e+01, change in D = 2.484692e+01.
  Coordinate descent sweep 7. norm of D = 4.398916e+01, change in D = 2.422637e+01.
  Coordinate descent sweep 8. norm of D = 4.490050e+01, change in D = 2.466365e+01.
  Coordinate descent sweep 9. norm of D = 4.503082e+01, change in D = 2.327722e+01.
  Coordinate descent sweep 10. norm of D = 4.606040e+01, change in D = 2.505045e+01.
  Coordinate descent sweep 11. norm of D = 4.605117e+01, change in D = 2.437777e+01.
    Line search step size chosen: 1.000000e+00.
  Objective value decreased by 2.521504e-02.
Newton iteration 32.
  Active set size = 3213634.
  sub-gradient = 1.794486e+01, l1-norm of X = 2.621755e+03.
  Coordinate descent sweep 1. norm of D = 2.315718e+01, change in D = 2.315718e+01.
  Coordinate descent sweep 2. norm of D = 3.029864e+01, change in D = 2.354103e+01.
