[1] "GTEx"             "10"               "correcting_first" "0.24"            
[1] "Data read complete"
Running QUIC version 1.1 in 'default' mode.
Newton iteration 1.
  X is a diagonal matrix.
    Line search step size 1.000000e+00.  Lack of positive definiteness.
    Line search step size 5.000000e-01.  Lack of positive definiteness.
    Line search step size 2.500000e-01.  Lack of positive definiteness.
    Line search step size 1.250000e-01.  Lack of positive definiteness.
    Line search step size chosen: 6.250000e-02.
  Objective value decreased by 1.976899e+01.
Newton iteration 2.
  Active set size = 19205.
  sub-gradient = 8.894678e+02, l1-norm of X = 2.960213e+01.
  Coordinate descent sweep 1. norm of D = 6.405067e+02, change in D = 6.405067e+02.
    Line search step size 1.000000e+00.  Lack of positive definiteness.
    Line search step size 5.000000e-01.  Lack of positive definiteness.
    Line search step size chosen: 2.500000e-01.
  Objective value decreased by 2.953273e+01.
Newton iteration 3.
  Active set size = 19401.
  sub-gradient = 2.610338e+03, l1-norm of X = 1.025800e+02.
  Coordinate descent sweep 1. norm of D = 2.680207e+02, change in D = 2.680207e+02.
  Coordinate descent sweep 2. norm of D = 2.882269e+02, change in D = 6.637429e+01.
    Line search step size chosen: 1.000000e+00.
  Objective value decreased by 2.072254e+01.
Newton iteration 4.
  Active set size = 16049.
  sub-gradient = 9.808498e+02, l1-norm of X = 1.869214e+02.
  Coordinate descent sweep 1. norm of D = 7.675762e+01, change in D = 7.675762e+01.
  Coordinate descent sweep 2. norm of D = 8.642961e+01, change in D = 4.120409e+01.
    Line search step size chosen: 1.000000e+00.
  Objective value decreased by 4.282028e+00.
Newton iteration 5.
  Active set size = 15241.
  sub-gradient = 3.353868e+02, l1-norm of X = 1.883611e+02.
  Coordinate descent sweep 1. norm of D = 3.729599e+01, change in D = 3.729599e+01.
  Coordinate descent sweep 2. norm of D = 4.582003e+01, change in D = 2.324650e+01.
    Line search step size chosen: 1.000000e+00.
  Objective value decreased by 1.770019e+00.
Newton iteration 6.
  Active set size = 14959.
  sub-gradient = 1.101565e+02, l1-norm of X = 1.907678e+02.
  Coordinate descent sweep 1. norm of D = 2.067342e+01, change in D = 2.067342e+01.
  Coordinate descent sweep 2. norm of D = 2.642081e+01, change in D = 1.378780e+01.
  Coordinate descent sweep 3. norm of D = 3.023081e+01, change in D = 9.751558e+00.
    Line search step size chosen: 1.000000e+00.
  Objective value decreased by 9.083246e-01.
Newton iteration 7.
  Active set size = 14847.
  sub-gradient = 3.194032e+01, l1-norm of X = 1.930230e+02.
  Coordinate descent sweep 1. norm of D = 9.324791e+00, change in D = 9.324791e+00.
  Coordinate descent sweep 2. norm of D = 1.205215e+01, change in D = 6.740315e+00.
  Coordinate descent sweep 3. norm of D = 1.372844e+01, change in D = 4.821419e+00.
    Line search step size chosen: 1.000000e+00.
  Objective value decreased by 2.544087e-01.
Newton iteration 8.
  Active set size = 14812.
  sub-gradient = 8.166800e+00, l1-norm of X = 1.940227e+02.
  Coordinate descent sweep 1. norm of D = 4.402529e+00, change in D = 4.402529e+00.
  Coordinate descent sweep 2. norm of D = 5.801993e+00, change in D = 3.488359e+00.
  Coordinate descent sweep 3. norm of D = 6.679725e+00, change in D = 2.467940e+00.
    Line search step size chosen: 1.000000e+00.
  Objective value decreased by 6.974477e-02.
Newton iteration 9.
  Active set size = 14801.
  sub-gradient = 2.241951e+00, l1-norm of X = 1.945264e+02.
  Coordinate descent sweep 1. norm of D = 2.284587e+00, change in D = 2.284587e+00.
  Coordinate descent sweep 2. norm of D = 2.978798e+00, change in D = 1.764090e+00.
  Coordinate descent sweep 3. norm of D = 3.548982e+00, change in D = 1.550027e+00.
  Coordinate descent sweep 4. norm of D = 3.986028e+00, change in D = 1.204170e+00.
    Line search step size chosen: 1.000000e+00.
  Objective value decreased by 2.801921e-02.
Newton iteration 10.
  Active set size = 14790.
  sub-gradient = 1.111077e+00, l1-norm of X = 1.948298e+02.
  Coordinate descent sweep 1. norm of D = 1.061569e+00, change in D = 1.061569e+00.
  Coordinate descent sweep 2. norm of D = 1.395854e+00, change in D = 8.680844e-01.
  Coordinate descent sweep 3. norm of D = 1.682636e+00, change in D = 7.225766e-01.
  Coordinate descent sweep 4. norm of D = 1.929760e+00, change in D = 6.362636e-01.
    Line search step size chosen: 1.000000e+00.
  Objective value decreased by 8.381074e-03.
Newton iteration 11.
  Active set size = 14777.
  sub-gradient = 6.287927e-01, l1-norm of X = 1.949580e+02.
  Coordinate descent sweep 1. norm of D = 5.484109e-01, change in D = 5.484109e-01.
  Coordinate descent sweep 2. norm of D = 7.375820e-01, change in D = 4.409516e-01.
  Coordinate descent sweep 3. norm of D = 9.271092e-01, change in D = 4.154726e-01.
  Coordinate descent sweep 4. norm of D = 1.029613e+00, change in D = 3.598013e-01.
    Line search step size chosen: 1.000000e+00.
  Objective value decreased by 3.529947e-03.
Newton iteration 12.
  Active set size = 14774.
  sub-gradient = 2.946667e-01, l1-norm of X = 1.950306e+02.
  Coordinate descent sweep 1. norm of D = 3.139304e-01, change in D = 3.139304e-01.
  Coordinate descent sweep 2. norm of D = 4.440796e-01, change in D = 2.778973e-01.
  Coordinate descent sweep 3. norm of D = 5.300491e-01, change in D = 2.375219e-01.
  Coordinate descent sweep 4. norm of D = 5.979198e-01, change in D = 2.148810e-01.
  Coordinate descent sweep 5. norm of D = 6.605412e-01, change in D = 1.763747e-01.
    Line search step size chosen: 1.000000e+00.
  Objective value decreased by 1.828414e-03.
Newton iteration 13.
  Active set size = 14777.
  sub-gradient = 1.603494e-01, l1-norm of X = 1.950874e+02.
  Coordinate descent sweep 1. norm of D = 1.711774e-01, change in D = 1.711774e-01.
  Coordinate descent sweep 2. norm of D = 2.182243e-01, change in D = 1.325459e-01.
  Coordinate descent sweep 3. norm of D = 2.758052e-01, change in D = 1.304602e-01.
  Coordinate descent sweep 4. norm of D = 3.184394e-01, change in D = 1.121503e-01.
  Coordinate descent sweep 5. norm of D = 3.662138e-01, change in D = 1.084675e-01.
    Line search step size chosen: 1.000000e+00.
  Objective value decreased by 7.206433e-04.
Newton iteration 14.
  Active set size = 14776.
  sub-gradient = 8.525506e-02, l1-norm of X = 1.951165e+02.
  Coordinate descent sweep 1. norm of D = 7.795743e-02, change in D = 7.795743e-02.
  Coordinate descent sweep 2. norm of D = 1.197915e-01, change in D = 9.061302e-02.
  Coordinate descent sweep 3. norm of D = 1.501754e-01, change in D = 7.068035e-02.
  Coordinate descent sweep 4. norm of D = 1.770526e-01, change in D = 6.278399e-02.
  Coordinate descent sweep 5. norm of D = 2.018921e-01, change in D = 5.898117e-02.
    Line search step size chosen: 1.000000e+00.
  Objective value decreased by 3.079499e-04.
Newton iteration 15.
  Active set size = 14775.
  sub-gradient = 5.417006e-02, l1-norm of X = 1.951347e+02.
  Coordinate descent sweep 1. norm of D = 5.235356e-02, change in D = 5.235356e-02.
  Coordinate descent sweep 2. norm of D = 7.379867e-02, change in D = 5.168756e-02.
  Coordinate descent sweep 3. norm of D = 9.232756e-02, change in D = 4.381975e-02.
  Coordinate descent sweep 4. norm of D = 1.067799e-01, change in D = 3.972834e-02.
  Coordinate descent sweep 5. norm of D = 1.253263e-01, change in D = 4.066545e-02.
  Coordinate descent sweep 6. norm of D = 1.350665e-01, change in D = 3.500929e-02.
    Line search step size chosen: 1.000000e+00.
  Objective value decreased by 1.648935e-04.
Newton iteration 16.
  Active set size = 14775.
  sub-gradient = 2.783504e-02, l1-norm of X = 1.951488e+02.
  Coordinate descent sweep 1. norm of D = 2.665493e-02, change in D = 2.665493e-02.
  Coordinate descent sweep 2. norm of D = 4.488717e-02, change in D = 2.917472e-02.
  Coordinate descent sweep 3. norm of D = 5.523605e-02, change in D = 2.455565e-02.
  Coordinate descent sweep 4. norm of D = 6.498496e-02, change in D = 2.168995e-02.
  Coordinate descent sweep 5. norm of D = 7.138873e-02, change in D = 2.074223e-02.
  Coordinate descent sweep 6. norm of D = 7.708308e-02, change in D = 1.962148e-02.
    Line search step size chosen: 1.000000e+00.
  Objective value decreased by 6.447353e-05.
Newton iteration 17.
  Active set size = 14775.
  sub-gradient = 1.722550e-02, l1-norm of X = 1.951571e+02.
  Coordinate descent sweep 1. norm of D = 1.449513e-02, change in D = 1.449513e-02.
  Coordinate descent sweep 2. norm of D = 2.380500e-02, change in D = 1.568846e-02.
  Coordinate descent sweep 3. norm of D = 2.994321e-02, change in D = 1.392308e-02.
  Coordinate descent sweep 4. norm of D = 3.512197e-02, change in D = 1.318460e-02.
  Coordinate descent sweep 5. norm of D = 3.859952e-02, change in D = 9.569336e-03.
  Coordinate descent sweep 6. norm of D = 4.540474e-02, change in D = 1.165408e-02.
    Line search step size chosen: 1.000000e+00.
  Objective value decreased by 2.313409e-05.
QUIC CPU time: 1404.900 seconds
