[1] "GTEx"             "10"               "correcting_first" "0.62"            
[1] "Data read complete"
Running QUIC version 1.1 in 'default' mode.
Newton iteration 1.
  X is a diagonal matrix.
    Line search step size chosen: 1.000000e+00.
  Objective value decreased by 1.172390e+00.
Newton iteration 2.
  Active set size = 5923.
  sub-gradient = 1.193124e+01, l1-norm of X = 1.300318e+01.
  Coordinate descent sweep 1. norm of D = 3.871261e+00, change in D = 3.871261e+00.
    Line search step size chosen: 1.000000e+00.
  Objective value decreased by 2.429159e-01.
Newton iteration 3.
  Active set size = 5915.
  sub-gradient = 2.480845e+00, l1-norm of X = 1.121026e+01.
  Coordinate descent sweep 1. norm of D = 1.964198e+00, change in D = 1.964198e+00.
  Coordinate descent sweep 2. norm of D = 2.183043e+00, change in D = 5.731825e-01.
    Line search step size chosen: 1.000000e+00.
  Objective value decreased by 5.981913e-02.
Newton iteration 4.
  Active set size = 5912.
  sub-gradient = 4.570212e-01, l1-norm of X = 1.135397e+01.
  Coordinate descent sweep 1. norm of D = 3.657257e-01, change in D = 3.657257e-01.
  Coordinate descent sweep 2. norm of D = 4.233666e-01, change in D = 1.466857e-01.
    Line search step size chosen: 1.000000e+00.
  Objective value decreased by 3.773360e-03.
Newton iteration 5.
  Active set size = 5912.
  sub-gradient = 5.604232e-02, l1-norm of X = 1.142939e+01.
  Coordinate descent sweep 1. norm of D = 5.247091e-02, change in D = 5.247091e-02.
  Coordinate descent sweep 2. norm of D = 6.109117e-02, change in D = 2.078324e-02.
    Line search step size chosen: 1.000000e+00.
  Objective value decreased by 7.003876e-05.
Newton iteration 6.
  Active set size = 5912.
  sub-gradient = 6.860640e-03, l1-norm of X = 1.143389e+01.
  Coordinate descent sweep 1. norm of D = 7.477701e-03, change in D = 7.477701e-03.
  Coordinate descent sweep 2. norm of D = 9.164641e-03, change in D = 3.118570e-03.
  Coordinate descent sweep 3. norm of D = 1.004581e-02, change in D = 1.357604e-03.
    Line search step size chosen: 1.000000e+00.
  Objective value decreased by 1.544918e-06.
Newton iteration 7.
  Active set size = 5912.
  sub-gradient = 4.760764e-04, l1-norm of X = 1.143633e+01.
  Coordinate descent sweep 1. norm of D = 4.754725e-04, change in D = 4.754725e-04.
  Coordinate descent sweep 2. norm of D = 6.154030e-04, change in D = 2.452900e-04.
  Coordinate descent sweep 3. norm of D = 6.917568e-04, change in D = 1.012490e-04.
    Line search step size chosen: 1.000000e+00.
  Objective value decreased by 9.156793e-09.
QUIC CPU time: 594.150 seconds
