[1] "GTEx"             "10"               "correcting_first" "0.82"            
[1] "Data read complete"
Running QUIC version 1.1 in 'default' mode.
Newton iteration 1.
  X is a diagonal matrix.
    Line search step size chosen: 1.000000e+00.
  Objective value decreased by 7.625659e-02.
Newton iteration 2.
  Active set size = 5796.
  sub-gradient = 1.662500e-01, l1-norm of X = 1.128200e+00.
  Coordinate descent sweep 1. norm of D = 1.550296e-01, change in D = 1.550296e-01.
    Line search step size chosen: 1.000000e+00.
  Objective value decreased by 1.286991e-03.
Newton iteration 3.
  Active set size = 5796.
  sub-gradient = 8.134433e-03, l1-norm of X = 1.136466e+00.
  Coordinate descent sweep 1. norm of D = 1.027091e-02, change in D = 1.027091e-02.
  Coordinate descent sweep 2. norm of D = 1.090492e-02, change in D = 6.792499e-04.
    Line search step size chosen: 1.000000e+00.
  Objective value decreased by 1.349359e-05.
Newton iteration 4.
  Active set size = 5796.
  sub-gradient = 2.491330e-04, l1-norm of X = 1.144204e+00.
  Coordinate descent sweep 1. norm of D = 2.868886e-04, change in D = 2.868886e-04.
  Coordinate descent sweep 2. norm of D = 3.084012e-04, change in D = 2.179215e-05.
    Line search step size chosen: 1.000000e+00.
  Objective value decreased by 1.175613e-08.
Newton iteration 5.
  Active set size = 5796.
  sub-gradient = 2.716957e-06, l1-norm of X = 1.144293e+00.
  Coordinate descent sweep 1. norm of D = 3.211874e-06, change in D = 3.211874e-06.
  Coordinate descent sweep 2. norm of D = 3.769145e-06, change in D = 5.572823e-07.
    Line search step size chosen: 1.000000e+00.
  Objective value decreased by 1.818989e-12.
QUIC CPU time: 431.370 seconds
