[1] "sra_normal" "300"        "unweighted" "0.02"      
[1] "Data read complete"
Running QUIC version 1.1 in 'default' mode.
Newton iteration 1.
  X is a diagonal matrix.
    Line search step size 1.000000e+00.  Lack of positive definiteness.
    Line search step size 5.000000e-01.  Lack of positive definiteness.
    Line search step size 2.500000e-01.  Lack of positive definiteness.
    Line search step size 1.250000e-01.  Lack of positive definiteness.
    Line search step size 6.250000e-02.  Lack of positive definiteness.
    Line search step size 3.125000e-02.  Lack of positive definiteness.
    Line search step size 1.562500e-02.  Lack of positive definiteness.
    Line search step size chosen: 7.812500e-03.
  Objective value decreased by 2.430147e+02.
Newton iteration 2.
  Active set size = 9411392.
  sub-gradient = 2.620976e+05, l1-norm of X = 8.309296e+01.
  Coordinate descent sweep 1. norm of D = 1.363845e+05, change in D = 1.363845e+05.
    Line search step size 1.000000e+00.  Lack of positive definiteness.
    Line search step size 5.000000e-01.  Lack of positive definiteness.
    Line search step size 2.500000e-01.  Lack of positive definiteness.
    Line search step size 1.250000e-01.  Lack of positive definiteness.
    Line search step size 6.250000e-02.  Lack of positive definiteness.
    Line search step size 3.125000e-02.  Lack of positive definiteness.
    Line search step size chosen: 1.562500e-02.
  Objective value decreased by 2.398018e+02.
Newton iteration 3.
  Active set size = 9477115.
  sub-gradient = 2.437661e+05, l1-norm of X = 1.671752e+02.
  Coordinate descent sweep 1. norm of D = 6.637102e+04, change in D = 6.637102e+04.
  Coordinate descent sweep 2. norm of D = 5.275988e+04, change in D = 2.281780e+04.
    Line search step size 1.000000e+00.  Lack of positive definiteness.
    Line search step size 5.000000e-01.  Lack of positive definiteness.
    Line search step size 2.500000e-01.  Lack of positive definiteness.
    Line search step size 1.250000e-01.  Lack of positive definiteness.
    Line search step size chosen: 6.250000e-02.
  Objective value decreased by 2.736824e+02.
Newton iteration 4.
  Active set size = 9746081.
  sub-gradient = 1.876025e+05, l1-norm of X = 2.871351e+02.
  Coordinate descent sweep 1. norm of D = 3.097399e+04, change in D = 3.097399e+04.
  Coordinate descent sweep 2. norm of D = 2.684366e+04, change in D = 1.039014e+04.
    Line search step size 1.000000e+00.  Lack of positive definiteness.
    Line search step size 5.000000e-01.  Lack of positive definiteness.
    Line search step size 2.500000e-01.  Lack of positive definiteness.
    Line search step size chosen: 1.250000e-01.
  Objective value decreased by 1.714990e+02.
Newton iteration 5.
  Active set size = 9700113.
  sub-gradient = 1.430259e+05, l1-norm of X = 3.864767e+02.
  Coordinate descent sweep 1. norm of D = 1.996522e+04, change in D = 1.996522e+04.
  Coordinate descent sweep 2. norm of D = 1.874559e+04, change in D = 6.585359e+03.
    Line search step size 1.000000e+00.  Lack of positive definiteness.
    Line search step size 5.000000e-01.  Lack of positive definiteness.
    Line search step size chosen: 2.500000e-01.
  Objective value decreased by 1.692495e+02.
Newton iteration 6.
  Active set size = 9767207.
  sub-gradient = 9.643250e+04, l1-norm of X = 4.979033e+02.
  Coordinate descent sweep 1. norm of D = 1.319905e+04, change in D = 1.319905e+04.
  Coordinate descent sweep 2. norm of D = 1.366077e+04, change in D = 4.720929e+03.
  Coordinate descent sweep 3. norm of D = 1.406923e+04, change in D = 1.898881e+03.
    Line search step size 1.000000e+00.  Lack of positive definiteness.
    Line search step size chosen: 5.000000e-01.
  Objective value decreased by 1.658739e+02.
Newton iteration 7.
  Active set size = 9904872.
  sub-gradient = 9.188215e+04, l1-norm of X = 6.339839e+02.
  Coordinate descent sweep 1. norm of D = 7.144337e+03, change in D = 7.144337e+03.
  Coordinate descent sweep 2. norm of D = 8.199272e+03, change in D = 3.165617e+03.
  Coordinate descent sweep 3. norm of D = 8.696330e+03, change in D = 1.716025e+03.
    Line search step size chosen: 1.000000e+00.
  Objective value decreased by 1.029428e+02.
Newton iteration 8.
  Active set size = 2412678.
  sub-gradient = 2.645608e+03, l1-norm of X = 7.824488e+02.
  Coordinate descent sweep 1. norm of D = 1.538476e+03, change in D = 1.538476e+03.
  Coordinate descent sweep 2. norm of D = 1.920253e+03, change in D = 1.071282e+03.
  Coordinate descent sweep 3. norm of D = 2.137263e+03, change in D = 7.054585e+02.
    Line search step size chosen: 1.000000e+00.
  Objective value decreased by 7.879826e+00.
Newton iteration 9.
  Active set size = 2270392.
  sub-gradient = 7.577696e+02, l1-norm of X = 8.154992e+02.
  Coordinate descent sweep 1. norm of D = 5.247705e+02, change in D = 5.247705e+02.
  Coordinate descent sweep 2. norm of D = 6.486956e+02, change in D = 3.809911e+02.
  Coordinate descent sweep 3. norm of D = 7.169245e+02, change in D = 2.754088e+02.
  Coordinate descent sweep 4. norm of D = 7.601612e+02, change in D = 2.035252e+02.
    Line search step size chosen: 1.000000e+00.
  Objective value decreased by 1.366783e+00.
Newton iteration 10.
  Active set size = 2228267.
  sub-gradient = 2.173384e+02, l1-norm of X = 8.246182e+02.
  Coordinate descent sweep 1. norm of D = 1.626494e+02, change in D = 1.626494e+02.
  Coordinate descent sweep 2. norm of D = 1.962791e+02, change in D = 1.303270e+02.
  Coordinate descent sweep 3. norm of D = 2.129435e+02, change in D = 1.048266e+02.
  Coordinate descent sweep 4. norm of D = 2.233701e+02, change in D = 8.527419e+01.
    Line search step size chosen: 1.000000e+00.
  Objective value decreased by 2.430732e-01.
Newton iteration 11.
  Active set size = 2219199.
  sub-gradient = 7.923740e+01, l1-norm of X = 8.264016e+02.
  Coordinate descent sweep 1. norm of D = 7.146111e+01, change in D = 7.146111e+01.
  Coordinate descent sweep 2. norm of D = 8.449952e+01, change in D = 6.022918e+01.
  Coordinate descent sweep 3. norm of D = 9.057563e+01, change in D = 5.156016e+01.
  Coordinate descent sweep 4. norm of D = 9.362332e+01, change in D = 4.390960e+01.
    Line search step size chosen: 1.000000e+00.
  Objective value decreased by 7.575399e-02.
Newton iteration 12.
  Active set size = 2216771.
  sub-gradient = 4.104341e+01, l1-norm of X = 8.268700e+02.
  Coordinate descent sweep 1. norm of D = 3.921852e+01, change in D = 3.921852e+01.
  Coordinate descent sweep 2. norm of D = 4.454888e+01, change in D = 3.365699e+01.
  Coordinate descent sweep 3. norm of D = 4.725869e+01, change in D = 2.892047e+01.
  Coordinate descent sweep 4. norm of D = 4.942232e+01, change in D = 2.728271e+01.
  Coordinate descent sweep 5. norm of D = 5.008525e+01, change in D = 2.461675e+01.
    Line search step size chosen: 1.000000e+00.
  Objective value decreased by 3.509467e-02.
Newton iteration 13.
  Active set size = 2215409.
  sub-gradient = 2.142654e+01, l1-norm of X = 8.270481e+02.
  Coordinate descent sweep 1. norm of D = 2.218168e+01, change in D = 2.218168e+01.
  Coordinate descent sweep 2. norm of D = 2.531199e+01, change in D = 1.920560e+01.
  Coordinate descent sweep 3. norm of D = 2.660463e+01, change in D = 1.699532e+01.
  Coordinate descent sweep 4. norm of D = 2.816635e+01, change in D = 1.686151e+01.
  Coordinate descent sweep 5. norm of D = 2.797725e+01, change in D = 1.516155e+01.
    Line search step size chosen: 1.000000e+00.
  Objective value decreased by 1.498048e-02.
Newton iteration 14.
  Active set size = 2215062.
  sub-gradient = 1.668341e+01, l1-norm of X = 8.271063e+02.
  Coordinate descent sweep 1. norm of D = 1.442605e+01, change in D = 1.442605e+01.
  Coordinate descent sweep 2. norm of D = 1.632347e+01, change in D = 1.316414e+01.
  Coordinate descent sweep 3. norm of D = 1.695626e+01, change in D = 1.197452e+01.
  Coordinate descent sweep 4. norm of D = 1.734643e+01, change in D = 1.125941e+01.
  Coordinate descent sweep 5. norm of D = 1.746144e+01, change in D = 1.050710e+01.
    Line search step size chosen: 1.000000e+00.
  Objective value decreased by 6.899290e-03.
Newton iteration 15.
  Active set size = 2214659.
  sub-gradient = 9.645494e+00, l1-norm of X = 8.271358e+02.
  Coordinate descent sweep 1. norm of D = 9.447737e+00, change in D = 9.447737e+00.
  Coordinate descent sweep 2. norm of D = 1.128608e+01, change in D = 8.835309e+00.
  Coordinate descent sweep 3. norm of D = 1.180439e+01, change in D = 8.370976e+00.
  Coordinate descent sweep 4. norm of D = 1.143726e+01, change in D = 6.967661e+00.
  Coordinate descent sweep 5. norm of D = 1.206783e+01, change in D = 6.998866e+00.
  Coordinate descent sweep 6. norm of D = 1.210719e+01, change in D = 6.780322e+00.
    Line search step size chosen: 1.000000e+00.
  Objective value decreased by 4.377251e-03.
Newton iteration 16.
  Active set size = 2214388.
  sub-gradient = 5.437699e+00, l1-norm of X = 8.271516e+02.
  Coordinate descent sweep 1. norm of D = 5.931664e+00, change in D = 5.931664e+00.
  Coordinate descent sweep 2. norm of D = 7.289680e+00, change in D = 5.660686e+00.
  Coordinate descent sweep 3. norm of D = 7.854483e+00, change in D = 5.750221e+00.
  Coordinate descent sweep 4. norm of D = 7.449940e+00, change in D = 4.768291e+00.
  Coordinate descent sweep 5. norm of D = 8.127948e+00, change in D = 5.141735e+00.
  Coordinate descent sweep 6. norm of D = 7.923488e+00, change in D = 4.908102e+00.
    Line search step size chosen: 1.000000e+00.
  Objective value decreased by 2.100690e-03.
Newton iteration 17.
  Active set size = 2214383.
  sub-gradient = 5.537977e+00, l1-norm of X = 8.271595e+02.
  Coordinate descent sweep 1. norm of D = 4.531884e+00, change in D = 4.531884e+00.
  Coordinate descent sweep 2. norm of D = 5.356674e+00, change in D = 4.395350e+00.
  Coordinate descent sweep 3. norm of D = 5.499132e+00, change in D = 4.071346e+00.
  Coordinate descent sweep 4. norm of D = 5.491648e+00, change in D = 3.711285e+00.
  Coordinate descent sweep 5. norm of D = 5.536421e+00, change in D = 3.561452e+00.
  Coordinate descent sweep 6. norm of D = 5.376735e+00, change in D = 3.171545e+00.
    Line search step size chosen: 1.000000e+00.
  Objective value decreased by 1.140006e-03.
Newton iteration 18.
  Active set size = 2214233.
  sub-gradient = 3.178900e+00, l1-norm of X = 8.271651e+02.
  Coordinate descent sweep 1. norm of D = 3.013677e+00, change in D = 3.013677e+00.
  Coordinate descent sweep 2. norm of D = 3.719767e+00, change in D = 3.181470e+00.
  Coordinate descent sweep 3. norm of D = 3.691326e+00, change in D = 2.862876e+00.
  Coordinate descent sweep 4. norm of D = 3.661439e+00, change in D = 2.591110e+00.
  Coordinate descent sweep 5. norm of D = 3.704860e+00, change in D = 2.478722e+00.
  Coordinate descent sweep 6. norm of D = 3.722788e+00, change in D = 2.412846e+00.
  Coordinate descent sweep 7. norm of D = 3.789794e+00, change in D = 2.411611e+00.
    Line search step size chosen: 1.000000e+00.
  Objective value decreased by 7.274622e-04.
Newton iteration 19.
  Active set size = 2214172.
  sub-gradient = 2.059082e+00, l1-norm of X = 8.271686e+02.
  Coordinate descent sweep 1. norm of D = 2.207406e+00, change in D = 2.207406e+00.
  Coordinate descent sweep 2. norm of D = 2.643862e+00, change in D = 2.137050e+00.
  Coordinate descent sweep 3. norm of D = 2.823309e+00, change in D = 2.098165e+00.
  Coordinate descent sweep 4. norm of D = 2.855973e+00, change in D = 2.029295e+00.
  Coordinate descent sweep 5. norm of D = 2.806701e+00, change in D = 1.867669e+00.
  Coordinate descent sweep 6. norm of D = 2.825760e+00, change in D = 1.815098e+00.
  Coordinate descent sweep 7. norm of D = 2.764101e+00, change in D = 1.662716e+00.
    Line search step size chosen: 1.000000e+00.
  Objective value decreased by 3.777187e-04.
Newton iteration 20.
  Active set size = 2214181.
  sub-gradient = 1.799955e+00, l1-norm of X = 8.271711e+02.
  Coordinate descent sweep 1. norm of D = 1.645945e+00, change in D = 1.645945e+00.
  Coordinate descent sweep 2. norm of D = 1.827451e+00, change in D = 1.514806e+00.
  Coordinate descent sweep 3. norm of D = 1.917584e+00, change in D = 1.477391e+00.
  Coordinate descent sweep 4. norm of D = 1.899202e+00, change in D = 1.362986e+00.
  Coordinate descent sweep 5. norm of D = 1.886135e+00, change in D = 1.260268e+00.
  Coordinate descent sweep 6. norm of D = 1.923946e+00, change in D = 1.267835e+00.
  Coordinate descent sweep 7. norm of D = 1.907523e+00, change in D = 1.206010e+00.
    Line search step size chosen: 1.000000e+00.
  Objective value decreased by 2.040262e-04.
Newton iteration 21.
  Active set size = 2214124.
  sub-gradient = 1.195210e+00, l1-norm of X = 8.271729e+02.
  Coordinate descent sweep 1. norm of D = 1.163624e+00, change in D = 1.163624e+00.
  Coordinate descent sweep 2. norm of D = 1.329240e+00, change in D = 1.100681e+00.
  Coordinate descent sweep 3. norm of D = 1.351988e+00, change in D = 9.940667e-01.
  Coordinate descent sweep 4. norm of D = 1.368633e+00, change in D = 9.381422e-01.
  Coordinate descent sweep 5. norm of D = 1.420280e+00, change in D = 9.890795e-01.
  Coordinate descent sweep 6. norm of D = 1.351194e+00, change in D = 8.680405e-01.
  Coordinate descent sweep 7. norm of D = 1.355768e+00, change in D = 8.015320e-01.
  Coordinate descent sweep 8. norm of D = 1.367742e+00, change in D = 7.900506e-01.
    Line search step size chosen: 1.000000e+00.
  Objective value decreased by 1.220761e-04.
Newton iteration 22.
  Active set size = 2214099.
  sub-gradient = 7.855254e-01, l1-norm of X = 8.271741e+02.
  Coordinate descent sweep 1. norm of D = 7.649328e-01, change in D = 7.649328e-01.
  Coordinate descent sweep 2. norm of D = 9.607157e-01, change in D = 8.245768e-01.
  Coordinate descent sweep 3. norm of D = 9.679210e-01, change in D = 7.640771e-01.
  Coordinate descent sweep 4. norm of D = 9.291647e-01, change in D = 6.799051e-01.
  Coordinate descent sweep 5. norm of D = 9.597772e-01, change in D = 6.738293e-01.
  Coordinate descent sweep 6. norm of D = 9.593008e-01, change in D = 6.534259e-01.
  Coordinate descent sweep 7. norm of D = 9.534418e-01, change in D = 6.189836e-01.
  Coordinate descent sweep 8. norm of D = 9.272801e-01, change in D = 5.618292e-01.
    Line search step size chosen: 1.000000e+00.
  Objective value decreased by 6.330201e-05.
Newton iteration 23.
  Active set size = 2214083.
  sub-gradient = 4.783069e-01, l1-norm of X = 8.271747e+02.
  Coordinate descent sweep 1. norm of D = 5.674365e-01, change in D = 5.674365e-01.
  Coordinate descent sweep 2. norm of D = 6.444431e-01, change in D = 5.519430e-01.
  Coordinate descent sweep 3. norm of D = 6.614718e-01, change in D = 5.181687e-01.
  Coordinate descent sweep 4. norm of D = 6.254883e-01, change in D = 4.290614e-01.
  Coordinate descent sweep 5. norm of D = 7.049505e-01, change in D = 5.154575e-01.
  Coordinate descent sweep 6. norm of D = 6.387136e-01, change in D = 4.338579e-01.
  Coordinate descent sweep 7. norm of D = 6.938680e-01, change in D = 4.751518e-01.
  Coordinate descent sweep 8. norm of D = 6.881472e-01, change in D = 4.761519e-01.
    Line search step size chosen: 1.000000e+00.
  Objective value decreased by 3.312218e-05.
Newton iteration 24.
  Active set size = 2214082.
  sub-gradient = 3.651226e-01, l1-norm of X = 8.271753e+02.
  Coordinate descent sweep 1. norm of D = 4.349525e-01, change in D = 4.349525e-01.
  Coordinate descent sweep 2. norm of D = 4.955625e-01, change in D = 3.921788e-01.
  Coordinate descent sweep 3. norm of D = 5.392902e-01, change in D = 3.992423e-01.
  Coordinate descent sweep 4. norm of D = 5.144622e-01, change in D = 3.545156e-01.
  Coordinate descent sweep 5. norm of D = 4.951004e-01, change in D = 2.836900e-01.
  Coordinate descent sweep 6. norm of D = 5.369679e-01, change in D = 3.313689e-01.
  Coordinate descent sweep 7. norm of D = 5.446169e-01, change in D = 3.527227e-01.
  Coordinate descent sweep 8. norm of D = 5.160092e-01, change in D = 2.952528e-01.
  Coordinate descent sweep 9. norm of D = 5.210833e-01, change in D = 2.899835e-01.
    Line search step size chosen: 1.000000e+00.
  Objective value decreased by 1.901264e-05.
Newton iteration 25.
  Active set size = 2214068.
  sub-gradient = 2.755142e-01, l1-norm of X = 8.271757e+02.
  Coordinate descent sweep 1. norm of D = 2.775922e-01, change in D = 2.775922e-01.
  Coordinate descent sweep 2. norm of D = 3.364813e-01, change in D = 2.804532e-01.
  Coordinate descent sweep 3. norm of D = 3.505136e-01, change in D = 2.747060e-01.
  Coordinate descent sweep 4. norm of D = 3.432104e-01, change in D = 2.481789e-01.
  Coordinate descent sweep 5. norm of D = 3.450890e-01, change in D = 2.374773e-01.
  Coordinate descent sweep 6. norm of D = 3.382725e-01, change in D = 2.233543e-01.
  Coordinate descent sweep 7. norm of D = 3.381041e-01, change in D = 2.164992e-01.
  Coordinate descent sweep 8. norm of D = 3.501006e-01, change in D = 2.297561e-01.
  Coordinate descent sweep 9. norm of D = 3.440513e-01, change in D = 2.243044e-01.
    Line search step size chosen: 1.000000e+00.
  Objective value decreased by 9.362760e-06.
Newton iteration 26.
  Active set size = 2214070.
  sub-gradient = 1.528657e-01, l1-norm of X = 8.271760e+02.
  Coordinate descent sweep 1. norm of D = 1.979301e-01, change in D = 1.979301e-01.
  Coordinate descent sweep 2. norm of D = 2.392347e-01, change in D = 1.929672e-01.
  Coordinate descent sweep 3. norm of D = 2.444708e-01, change in D = 1.792913e-01.
  Coordinate descent sweep 4. norm of D = 2.501140e-01, change in D = 1.712003e-01.
  Coordinate descent sweep 5. norm of D = 2.498793e-01, change in D = 1.691782e-01.
  Coordinate descent sweep 6. norm of D = 2.508875e-01, change in D = 1.592354e-01.
  Coordinate descent sweep 7. norm of D = 2.380067e-01, change in D = 1.399573e-01.
  Coordinate descent sweep 8. norm of D = 2.525831e-01, change in D = 1.525352e-01.
  Coordinate descent sweep 9. norm of D = 2.486819e-01, change in D = 1.529599e-01.
    Line search step size chosen: 1.000000e+00.
  Objective value decreased by 4.721148e-06.
Newton iteration 27.
  Active set size = 2214066.
  sub-gradient = 1.147349e-01, l1-norm of X = 8.271762e+02.
  Coordinate descent sweep 1. norm of D = 1.421857e-01, change in D = 1.421857e-01.
  Coordinate descent sweep 2. norm of D = 1.508071e-01, change in D = 1.166131e-01.
  Coordinate descent sweep 3. norm of D = 1.693643e-01, change in D = 1.222713e-01.
  Coordinate descent sweep 4. norm of D = 1.755267e-01, change in D = 1.269950e-01.
  Coordinate descent sweep 5. norm of D = 1.582665e-01, change in D = 9.702471e-02.
  Coordinate descent sweep 6. norm of D = 1.832078e-01, change in D = 1.241862e-01.
  Coordinate descent sweep 7. norm of D = 1.775758e-01, change in D = 1.222665e-01.
  Coordinate descent sweep 8. norm of D = 1.731650e-01, change in D = 1.107623e-01.
  Coordinate descent sweep 9. norm of D = 1.712265e-01, change in D = 1.044805e-01.
  Coordinate descent sweep 10. norm of D = 1.660682e-01, change in D = 9.197954e-02.
    Line search step size chosen: 1.000000e+00.
  Objective value decreased by 2.344020e-06.
Newton iteration 28.
  Active set size = 2214064.
  sub-gradient = 1.563662e-01, l1-norm of X = 8.271763e+02.
  Coordinate descent sweep 1. norm of D = 9.242577e-02, change in D = 9.242577e-02.
  Coordinate descent sweep 2. norm of D = 1.115868e-01, change in D = 9.679451e-02.
  Coordinate descent sweep 3. norm of D = 1.136732e-01, change in D = 9.371259e-02.
  Coordinate descent sweep 4. norm of D = 1.050839e-01, change in D = 7.684476e-02.
  Coordinate descent sweep 5. norm of D = 1.118357e-01, change in D = 8.198364e-02.
  Coordinate descent sweep 6. norm of D = 1.099145e-01, change in D = 7.815228e-02.
  Coordinate descent sweep 7. norm of D = 1.094547e-01, change in D = 7.420278e-02.
  Coordinate descent sweep 8. norm of D = 1.064998e-01, change in D = 6.509536e-02.
  Coordinate descent sweep 9. norm of D = 1.088505e-01, change in D = 6.835840e-02.
  Coordinate descent sweep 10. norm of D = 1.104106e-01, change in D = 7.101924e-02.
    Line search step size chosen: 1.000000e+00.
  Objective value decreased by 1.133873e-06.
Newton iteration 29.
  Active set size = 2214061.
  sub-gradient = 5.322080e-02, l1-norm of X = 8.271764e+02.
  Coordinate descent sweep 1. norm of D = 6.270613e-02, change in D = 6.270613e-02.
  Coordinate descent sweep 2. norm of D = 7.360053e-02, change in D = 5.771906e-02.
  Coordinate descent sweep 3. norm of D = 7.843063e-02, change in D = 5.706518e-02.
  Coordinate descent sweep 4. norm of D = 8.193121e-02, change in D = 5.921614e-02.
  Coordinate descent sweep 5. norm of D = 8.312584e-02, change in D = 5.784971e-02.
  Coordinate descent sweep 6. norm of D = 8.069603e-02, change in D = 5.228720e-02.
  Coordinate descent sweep 7. norm of D = 8.147798e-02, change in D = 5.221355e-02.
  Coordinate descent sweep 8. norm of D = 8.002525e-02, change in D = 4.916921e-02.
  Coordinate descent sweep 9. norm of D = 7.730842e-02, change in D = 4.209616e-02.
  Coordinate descent sweep 10. norm of D = 7.755919e-02, change in D = 4.276894e-02.
    Line search step size chosen: 1.000000e+00.
  Objective value decreased by 4.668909e-07.
QUIC CPU time: 43649.890 seconds
