[1] "sra_normal" "300"        "unweighted" "0.10"      
[1] "Data read complete"
Running QUIC version 1.1 in 'default' mode.
Newton iteration 1.
  X is a diagonal matrix.
    Line search step size 1.000000e+00.  Lack of positive definiteness.
    Line search step size 5.000000e-01.  Lack of positive definiteness.
    Line search step size 2.500000e-01.  Lack of positive definiteness.
    Line search step size 1.250000e-01.  Lack of positive definiteness.
    Line search step size 6.250000e-02.  Lack of positive definiteness.
    Line search step size chosen: 3.125000e-02.
  Objective value decreased by 9.131295e+01.
Newton iteration 2.
  Active set size = 519601.
  sub-gradient = 1.692781e+04, l1-norm of X = 1.112356e+02.
  Coordinate descent sweep 1. norm of D = 1.078192e+04, change in D = 1.078192e+04.
    Line search step size 1.000000e+00.  Lack of positive definiteness.
    Line search step size 5.000000e-01.  Lack of positive definiteness.
    Line search step size 2.500000e-01.  Lack of positive definiteness.
    Line search step size 1.250000e-01.  Lack of positive definiteness.
    Line search step size chosen: 6.250000e-02.
  Objective value decreased by 9.148906e+01.
Newton iteration 3.
  Active set size = 522903.
  sub-gradient = 1.263651e+04, l1-norm of X = 2.434150e+02.
  Coordinate descent sweep 1. norm of D = 4.346766e+03, change in D = 4.346766e+03.
  Coordinate descent sweep 2. norm of D = 3.835614e+03, change in D = 1.185129e+03.
    Line search step size 1.000000e+00.  Lack of positive definiteness.
    Line search step size 5.000000e-01.  Lack of positive definiteness.
    Line search step size 2.500000e-01.  Lack of positive definiteness.
    Line search step size chosen: 1.250000e-01.
  Objective value decreased by 4.581524e+01.
Newton iteration 4.
  Active set size = 523066.
  sub-gradient = 1.045069e+04, l1-norm of X = 3.101164e+02.
  Coordinate descent sweep 1. norm of D = 2.984943e+03, change in D = 2.984943e+03.
  Coordinate descent sweep 2. norm of D = 2.764325e+03, change in D = 8.055137e+02.
    Line search step size 1.000000e+00.  Lack of positive definiteness.
    Line search step size 5.000000e-01.  Lack of positive definiteness.
    Line search step size chosen: 2.500000e-01.
  Objective value decreased by 4.817337e+01.
Newton iteration 5.
  Active set size = 526740.
  sub-gradient = 9.529840e+03, l1-norm of X = 3.834354e+02.
  Coordinate descent sweep 1. norm of D = 1.868697e+03, change in D = 1.868697e+03.
  Coordinate descent sweep 2. norm of D = 1.877084e+03, change in D = 5.164802e+02.
    Line search step size 1.000000e+00.  Lack of positive definiteness.
    Line search step size chosen: 5.000000e-01.
  Objective value decreased by 4.040613e+01.
Newton iteration 6.
  Active set size = 529212.
  sub-gradient = 1.256907e+04, l1-norm of X = 4.475975e+02.
  Coordinate descent sweep 1. norm of D = 9.348093e+02, change in D = 9.348093e+02.
  Coordinate descent sweep 2. norm of D = 1.015088e+03, change in D = 3.061139e+02.
  Coordinate descent sweep 3. norm of D = 1.053920e+03, change in D = 1.340524e+02.
    Line search step size chosen: 1.000000e+00.
  Objective value decreased by 2.331518e+01.
Newton iteration 7.
  Active set size = 149611.
  sub-gradient = 7.999451e+02, l1-norm of X = 4.973619e+02.
  Coordinate descent sweep 1. norm of D = 1.190974e+02, change in D = 1.190974e+02.
  Coordinate descent sweep 2. norm of D = 1.376795e+02, change in D = 7.404071e+01.
  Coordinate descent sweep 3. norm of D = 1.495435e+02, change in D = 4.377073e+01.
    Line search step size chosen: 1.000000e+00.
  Objective value decreased by 1.079911e+00.
Newton iteration 8.
  Active set size = 144042.
  sub-gradient = 1.142831e+02, l1-norm of X = 5.004789e+02.
  Coordinate descent sweep 1. norm of D = 3.150046e+01, change in D = 3.150046e+01.
  Coordinate descent sweep 2. norm of D = 3.709481e+01, change in D = 2.171187e+01.
  Coordinate descent sweep 3. norm of D = 4.054243e+01, change in D = 1.507019e+01.
    Line search step size chosen: 1.000000e+00.
  Objective value decreased by 1.712851e-01.
Newton iteration 9.
  Active set size = 143396.
  sub-gradient = 1.562758e+01, l1-norm of X = 5.013277e+02.
  Coordinate descent sweep 1. norm of D = 1.110267e+01, change in D = 1.110267e+01.
  Coordinate descent sweep 2. norm of D = 1.325781e+01, change in D = 8.153086e+00.
  Coordinate descent sweep 3. norm of D = 1.453357e+01, change in D = 6.200104e+00.
  Coordinate descent sweep 4. norm of D = 1.540957e+01, change in D = 4.736972e+00.
    Line search step size chosen: 1.000000e+00.
  Objective value decreased by 4.718740e-02.
Newton iteration 10.
  Active set size = 143272.
  sub-gradient = 3.614189e+00, l1-norm of X = 5.016120e+02.
  Coordinate descent sweep 1. norm of D = 3.737747e+00, change in D = 3.737747e+00.
  Coordinate descent sweep 2. norm of D = 4.417480e+00, change in D = 3.027979e+00.
  Coordinate descent sweep 3. norm of D = 4.842062e+00, change in D = 2.346572e+00.
  Coordinate descent sweep 4. norm of D = 5.181250e+00, change in D = 2.029017e+00.
    Line search step size chosen: 1.000000e+00.
  Objective value decreased by 1.204526e-02.
Newton iteration 11.
  Active set size = 143250.
  sub-gradient = 1.718710e+00, l1-norm of X = 5.017113e+02.
  Coordinate descent sweep 1. norm of D = 1.655417e+00, change in D = 1.655417e+00.
  Coordinate descent sweep 2. norm of D = 1.964708e+00, change in D = 1.340716e+00.
  Coordinate descent sweep 3. norm of D = 2.162672e+00, change in D = 1.141371e+00.
  Coordinate descent sweep 4. norm of D = 2.282474e+00, change in D = 9.382620e-01.
    Line search step size chosen: 1.000000e+00.
  Objective value decreased by 3.854612e-03.
Newton iteration 12.
  Active set size = 143230.
  sub-gradient = 9.983294e-01, l1-norm of X = 5.017546e+02.
  Coordinate descent sweep 1. norm of D = 8.355615e-01, change in D = 8.355615e-01.
  Coordinate descent sweep 2. norm of D = 9.726436e-01, change in D = 6.878435e-01.
  Coordinate descent sweep 3. norm of D = 1.059367e+00, change in D = 5.590699e-01.
  Coordinate descent sweep 4. norm of D = 1.134820e+00, change in D = 4.877829e-01.
  Coordinate descent sweep 5. norm of D = 1.186608e+00, change in D = 4.272098e-01.
    Line search step size chosen: 1.000000e+00.
  Objective value decreased by 1.508042e-03.
Newton iteration 13.
  Active set size = 143222.
  sub-gradient = 4.567464e-01, l1-norm of X = 5.017742e+02.
  Coordinate descent sweep 1. norm of D = 3.631857e-01, change in D = 3.631857e-01.
  Coordinate descent sweep 2. norm of D = 4.448604e-01, change in D = 3.158848e-01.
  Coordinate descent sweep 3. norm of D = 4.809798e-01, change in D = 2.678049e-01.
  Coordinate descent sweep 4. norm of D = 5.071234e-01, change in D = 2.428352e-01.
  Coordinate descent sweep 5. norm of D = 5.277685e-01, change in D = 2.104171e-01.
    Line search step size chosen: 1.000000e+00.
  Objective value decreased by 5.563862e-04.
Newton iteration 14.
  Active set size = 143218.
  sub-gradient = 1.683220e-01, l1-norm of X = 5.017852e+02.
  Coordinate descent sweep 1. norm of D = 1.874245e-01, change in D = 1.874245e-01.
  Coordinate descent sweep 2. norm of D = 2.206947e-01, change in D = 1.620934e-01.
  Coordinate descent sweep 3. norm of D = 2.437937e-01, change in D = 1.462077e-01.
  Coordinate descent sweep 4. norm of D = 2.604106e-01, change in D = 1.356674e-01.
  Coordinate descent sweep 5. norm of D = 2.686479e-01, change in D = 1.157787e-01.
    Line search step size chosen: 1.000000e+00.
  Objective value decreased by 2.228711e-04.
Newton iteration 15.
  Active set size = 143216.
  sub-gradient = 9.953460e-02, l1-norm of X = 5.017910e+02.
  Coordinate descent sweep 1. norm of D = 9.908161e-02, change in D = 9.908161e-02.
  Coordinate descent sweep 2. norm of D = 1.279281e-01, change in D = 9.331683e-02.
  Coordinate descent sweep 3. norm of D = 1.379472e-01, change in D = 8.253227e-02.
  Coordinate descent sweep 4. norm of D = 1.494580e-01, change in D = 7.397112e-02.
  Coordinate descent sweep 5. norm of D = 1.523343e-01, change in D = 6.042199e-02.
  Coordinate descent sweep 6. norm of D = 1.589385e-01, change in D = 5.718153e-02.
    Line search step size chosen: 1.000000e+00.
  Objective value decreased by 9.506658e-05.
Newton iteration 16.
  Active set size = 143214.
  sub-gradient = 4.870257e-02, l1-norm of X = 5.017945e+02.
  Coordinate descent sweep 1. norm of D = 5.373052e-02, change in D = 5.373052e-02.
  Coordinate descent sweep 2. norm of D = 6.159675e-02, change in D = 4.813847e-02.
  Coordinate descent sweep 3. norm of D = 6.653211e-02, change in D = 4.192608e-02.
  Coordinate descent sweep 4. norm of D = 6.987399e-02, change in D = 3.587672e-02.
  Coordinate descent sweep 5. norm of D = 7.295795e-02, change in D = 3.327925e-02.
  Coordinate descent sweep 6. norm of D = 7.563374e-02, change in D = 3.062569e-02.
    Line search step size chosen: 1.000000e+00.
  Objective value decreased by 2.897308e-05.
QUIC CPU time: 2961.740 seconds
