[1] "sra_normal" "300"        "unweighted" "0.26"      
[1] "Data read complete"
Running QUIC version 1.1 in 'default' mode.
Newton iteration 1.
  X is a diagonal matrix.
    Line search step size 1.000000e+00.  Lack of positive definiteness.
    Line search step size 5.000000e-01.  Lack of positive definiteness.
    Line search step size 2.500000e-01.  Lack of positive definiteness.
    Line search step size chosen: 1.250000e-01.
  Objective value decreased by 1.603340e+01.
Newton iteration 2.
  Active set size = 15671.
  sub-gradient = 8.218586e+02, l1-norm of X = 3.994565e+01.
  Coordinate descent sweep 1. norm of D = 2.681821e+02, change in D = 2.681821e+02.
    Line search step size 1.000000e+00.  Lack of positive definiteness.
    Line search step size 5.000000e-01.  Lack of positive definiteness.
    Line search step size chosen: 2.500000e-01.
  Objective value decreased by 9.068410e+00.
Newton iteration 3.
  Active set size = 15671.
  sub-gradient = 6.020815e+02, l1-norm of X = 7.005395e+01.
  Coordinate descent sweep 1. norm of D = 1.631128e+02, change in D = 1.631128e+02.
  Coordinate descent sweep 2. norm of D = 1.669198e+02, change in D = 4.148350e+01.
    Line search step size chosen: 1.000000e+00.
  Objective value decreased by 8.363680e+00.
Newton iteration 4.
  Active set size = 12835.
  sub-gradient = 2.033560e+02, l1-norm of X = 1.219296e+02.
  Coordinate descent sweep 1. norm of D = 3.760452e+01, change in D = 3.760452e+01.
  Coordinate descent sweep 2. norm of D = 3.893682e+01, change in D = 1.851581e+01.
    Line search step size chosen: 1.000000e+00.
  Objective value decreased by 9.112772e-01.
Newton iteration 5.
  Active set size = 12438.
  sub-gradient = 4.471010e+01, l1-norm of X = 1.205101e+02.
  Coordinate descent sweep 1. norm of D = 1.190639e+01, change in D = 1.190639e+01.
  Coordinate descent sweep 2. norm of D = 1.343241e+01, change in D = 6.397221e+00.
    Line search step size chosen: 1.000000e+00.
  Objective value decreased by 1.350607e-01.
Newton iteration 6.
  Active set size = 12363.
  sub-gradient = 6.597717e+00, l1-norm of X = 1.205847e+02.
  Coordinate descent sweep 1. norm of D = 3.989553e+00, change in D = 3.989553e+00.
  Coordinate descent sweep 2. norm of D = 4.768448e+00, change in D = 2.196616e+00.
  Coordinate descent sweep 3. norm of D = 5.287040e+00, change in D = 1.290601e+00.
    Line search step size chosen: 1.000000e+00.
  Objective value decreased by 2.510684e-02.
Newton iteration 7.
  Active set size = 12363.
  sub-gradient = 8.876250e-01, l1-norm of X = 1.209033e+02.
  Coordinate descent sweep 1. norm of D = 8.352367e-01, change in D = 8.352367e-01.
  Coordinate descent sweep 2. norm of D = 1.094238e+00, change in D = 5.619670e-01.
  Coordinate descent sweep 3. norm of D = 1.215967e+00, change in D = 3.642130e-01.
    Line search step size chosen: 1.000000e+00.
  Objective value decreased by 2.246478e-03.
Newton iteration 8.
  Active set size = 12362.
  sub-gradient = 2.438269e-01, l1-norm of X = 1.209811e+02.
  Coordinate descent sweep 1. norm of D = 2.411605e-01, change in D = 2.411605e-01.
  Coordinate descent sweep 2. norm of D = 3.083273e-01, change in D = 1.558711e-01.
  Coordinate descent sweep 3. norm of D = 3.411984e-01, change in D = 9.799651e-02.
    Line search step size chosen: 1.000000e+00.
  Objective value decreased by 2.576752e-04.
Newton iteration 9.
  Active set size = 12358.
  sub-gradient = 9.055573e-02, l1-norm of X = 1.209976e+02.
  Coordinate descent sweep 1. norm of D = 6.985759e-02, change in D = 6.985759e-02.
  Coordinate descent sweep 2. norm of D = 8.801037e-02, change in D = 4.678153e-02.
  Coordinate descent sweep 3. norm of D = 9.888554e-02, change in D = 3.082784e-02.
  Coordinate descent sweep 4. norm of D = 1.051624e-01, change in D = 2.027767e-02.
    Line search step size chosen: 1.000000e+00.
  Objective value decreased by 3.454272e-05.
Newton iteration 10.
  Active set size = 12357.
  sub-gradient = 1.451417e-02, l1-norm of X = 1.210054e+02.
  Coordinate descent sweep 1. norm of D = 1.521677e-02, change in D = 1.521677e-02.
  Coordinate descent sweep 2. norm of D = 1.924871e-02, change in D = 9.625120e-03.
  Coordinate descent sweep 3. norm of D = 2.197996e-02, change in D = 6.963939e-03.
  Coordinate descent sweep 4. norm of D = 2.355502e-02, change in D = 4.831966e-03.
    Line search step size chosen: 1.000000e+00.
  Objective value decreased by 3.396009e-06.
Newton iteration 11.
  Active set size = 12357.
  sub-gradient = 3.067531e-03, l1-norm of X = 1.210069e+02.
  Coordinate descent sweep 1. norm of D = 2.864470e-03, change in D = 2.864470e-03.
  Coordinate descent sweep 2. norm of D = 3.740712e-03, change in D = 2.172760e-03.
  Coordinate descent sweep 3. norm of D = 4.374284e-03, change in D = 1.646113e-03.
  Coordinate descent sweep 4. norm of D = 4.771101e-03, change in D = 1.017420e-03.
    Line search step size chosen: 1.000000e+00.
  Objective value decreased by 2.566585e-07.
QUIC CPU time: 932.700 seconds
