[1] "sra_normal" "300"        "unweighted" "0.52"      
[1] "Data read complete"
Running QUIC version 1.1 in 'default' mode.
Newton iteration 1.
  X is a diagonal matrix.
    Line search step size chosen: 1.000000e+00.
  Objective value decreased by 5.423473e-01.
Newton iteration 2.
  Active set size = 5900.
  sub-gradient = 2.844195e+00, l1-norm of X = 5.851404e+00.
  Coordinate descent sweep 1. norm of D = 1.738028e+00, change in D = 1.738028e+00.
    Line search step size chosen: 1.000000e+00.
  Objective value decreased by 4.058800e-02.
Newton iteration 3.
  Active set size = 5891.
  sub-gradient = 4.502634e-01, l1-norm of X = 5.174418e+00.
  Coordinate descent sweep 1. norm of D = 4.660688e-01, change in D = 4.660688e-01.
  Coordinate descent sweep 2. norm of D = 5.341068e-01, change in D = 1.326751e-01.
    Line search step size chosen: 1.000000e+00.
  Objective value decreased by 4.445528e-03.
Newton iteration 4.
  Active set size = 5891.
  sub-gradient = 3.689510e-02, l1-norm of X = 5.345608e+00.
  Coordinate descent sweep 1. norm of D = 3.870247e-02, change in D = 3.870247e-02.
  Coordinate descent sweep 2. norm of D = 4.453451e-02, change in D = 1.123121e-02.
    Line search step size chosen: 1.000000e+00.
  Objective value decreased by 4.674834e-05.
Newton iteration 5.
  Active set size = 5891.
  sub-gradient = 3.465933e-03, l1-norm of X = 5.365869e+00.
  Coordinate descent sweep 1. norm of D = 3.543599e-03, change in D = 3.543599e-03.
  Coordinate descent sweep 2. norm of D = 4.067393e-03, change in D = 1.061750e-03.
    Line search step size chosen: 1.000000e+00.
  Objective value decreased by 5.260417e-07.
Newton iteration 6.
  Active set size = 5891.
  sub-gradient = 3.573942e-04, l1-norm of X = 5.367650e+00.
  Coordinate descent sweep 1. norm of D = 3.976900e-04, change in D = 3.976900e-04.
  Coordinate descent sweep 2. norm of D = 4.501689e-04, change in D = 7.170493e-05.
  Coordinate descent sweep 3. norm of D = 4.814810e-04, change in D = 3.325440e-05.
    Line search step size chosen: 1.000000e+00.
  Objective value decreased by 1.180888e-08.
QUIC CPU time: 515.890 seconds
