[1] "sra_normal" "300"        "unweighted" "0.54"      
[1] "Data read complete"
Running QUIC version 1.1 in 'default' mode.
Newton iteration 1.
  X is a diagonal matrix.
    Line search step size chosen: 1.000000e+00.
  Objective value decreased by 3.974693e-01.
Newton iteration 2.
  Active set size = 5843.
  sub-gradient = 1.409819e+00, l1-norm of X = 3.862180e+00.
  Coordinate descent sweep 1. norm of D = 1.039566e+00, change in D = 1.039566e+00.
    Line search step size chosen: 1.000000e+00.
  Objective value decreased by 1.860399e-02.
Newton iteration 3.
  Active set size = 5836.
  sub-gradient = 2.025587e-01, l1-norm of X = 3.558423e+00.
  Coordinate descent sweep 1. norm of D = 2.276791e-01, change in D = 2.276791e-01.
  Coordinate descent sweep 2. norm of D = 2.705991e-01, change in D = 6.692972e-02.
    Line search step size chosen: 1.000000e+00.
  Objective value decreased by 2.422792e-03.
Newton iteration 4.
  Active set size = 5835.
  sub-gradient = 2.084932e-02, l1-norm of X = 3.691809e+00.
  Coordinate descent sweep 1. norm of D = 2.304624e-02, change in D = 2.304624e-02.
  Coordinate descent sweep 2. norm of D = 2.653010e-02, change in D = 5.588022e-03.
    Line search step size chosen: 1.000000e+00.
  Objective value decreased by 2.851267e-05.
Newton iteration 5.
  Active set size = 5835.
  sub-gradient = 2.433479e-03, l1-norm of X = 3.702796e+00.
  Coordinate descent sweep 1. norm of D = 2.432006e-03, change in D = 2.432006e-03.
  Coordinate descent sweep 2. norm of D = 3.453358e-03, change in D = 1.053597e-03.
    Line search step size chosen: 1.000000e+00.
  Objective value decreased by 1.145525e-06.
Newton iteration 6.
  Active set size = 5835.
  sub-gradient = 1.741412e-04, l1-norm of X = 3.703619e+00.
  Coordinate descent sweep 1. norm of D = 1.652316e-04, change in D = 1.652316e-04.
  Coordinate descent sweep 2. norm of D = 2.766322e-04, change in D = 1.502642e-04.
  Coordinate descent sweep 3. norm of D = 3.167301e-04, change in D = 4.047071e-05.
    Line search step size chosen: 1.000000e+00.
  Objective value decreased by 1.758326e-08.
QUIC CPU time: 510.110 seconds
