[1] "sra_normal" "300"        "unweighted" "0.60"      
[1] "Data read complete"
Running QUIC version 1.1 in 'default' mode.
Newton iteration 1.
  X is a diagonal matrix.
    Line search step size chosen: 1.000000e+00.
  Objective value decreased by 1.531255e-01.
Newton iteration 2.
  Active set size = 5786.
  sub-gradient = 3.618062e-01, l1-norm of X = 1.601465e+00.
  Coordinate descent sweep 1. norm of D = 3.188027e-01, change in D = 3.188027e-01.
    Line search step size chosen: 1.000000e+00.
  Objective value decreased by 3.792664e-03.
Newton iteration 3.
  Active set size = 5786.
  sub-gradient = 3.981525e-02, l1-norm of X = 1.574901e+00.
  Coordinate descent sweep 1. norm of D = 4.075995e-02, change in D = 4.075995e-02.
  Coordinate descent sweep 2. norm of D = 6.251391e-02, change in D = 2.191572e-02.
    Line search step size chosen: 1.000000e+00.
  Objective value decreased by 4.290222e-04.
Newton iteration 4.
  Active set size = 5786.
  sub-gradient = 3.182898e-03, l1-norm of X = 1.614922e+00.
  Coordinate descent sweep 1. norm of D = 3.604460e-03, change in D = 3.604460e-03.
  Coordinate descent sweep 2. norm of D = 4.149896e-03, change in D = 5.462407e-04.
    Line search step size chosen: 1.000000e+00.
  Objective value decreased by 1.924740e-06.
Newton iteration 5.
  Active set size = 5786.
  sub-gradient = 2.903062e-04, l1-norm of X = 1.616165e+00.
  Coordinate descent sweep 1. norm of D = 3.504804e-04, change in D = 3.504804e-04.
  Coordinate descent sweep 2. norm of D = 4.019109e-04, change in D = 5.180138e-05.
    Line search step size chosen: 1.000000e+00.
  Objective value decreased by 2.077741e-08.
Newton iteration 6.
  Active set size = 5786.
  sub-gradient = 7.020450e-06, l1-norm of X = 1.616269e+00.
  Coordinate descent sweep 1. norm of D = 7.969706e-06, change in D = 7.969706e-06.
  Coordinate descent sweep 2. norm of D = 9.197114e-06, change in D = 1.228933e-06.
  Coordinate descent sweep 3. norm of D = 9.583865e-06, change in D = 3.867876e-07.
    Line search step size chosen: 1.000000e+00.
  Objective value decreased by 1.364242e-11.
QUIC CPU time: 515.520 seconds
