[1] "sra_normal" "300"        "unweighted" "0.62"      
[1] "Data read complete"
Running QUIC version 1.1 in 'default' mode.
Newton iteration 1.
  X is a diagonal matrix.
    Line search step size chosen: 1.000000e+00.
  Objective value decreased by 1.080489e-01.
Newton iteration 2.
  Active set size = 5783.
  sub-gradient = 2.463791e-01, l1-norm of X = 1.226151e+00.
  Coordinate descent sweep 1. norm of D = 2.289519e-01, change in D = 2.289519e-01.
    Line search step size chosen: 1.000000e+00.
  Objective value decreased by 2.519802e-03.
Newton iteration 3.
  Active set size = 5783.
  sub-gradient = 1.558687e-02, l1-norm of X = 1.232679e+00.
  Coordinate descent sweep 1. norm of D = 1.732073e-02, change in D = 1.732073e-02.
  Coordinate descent sweep 2. norm of D = 1.868040e-02, change in D = 1.532100e-03.
    Line search step size chosen: 1.000000e+00.
  Objective value decreased by 2.129856e-05.
Newton iteration 4.
  Active set size = 5783.
  sub-gradient = 2.166794e-04, l1-norm of X = 1.239711e+00.
  Coordinate descent sweep 1. norm of D = 2.828542e-04, change in D = 2.828542e-04.
  Coordinate descent sweep 2. norm of D = 3.102406e-04, change in D = 3.162601e-05.
    Line search step size chosen: 1.000000e+00.
  Objective value decreased by 9.546966e-09.
Newton iteration 5.
  Active set size = 5783.
  sub-gradient = 1.544430e-05, l1-norm of X = 1.239866e+00.
  Coordinate descent sweep 1. norm of D = 1.707324e-05, change in D = 1.707324e-05.
  Coordinate descent sweep 2. norm of D = 1.885454e-05, change in D = 1.855992e-06.
    Line search step size chosen: 1.000000e+00.
  Objective value decreased by 4.365575e-11.
QUIC CPU time: 427.240 seconds
