[1] "/data/abattle4/prashanthi/recount3/data/B_cells/GTEx/weighted_covariances/cov_1.rds"
[1] "Data read complete"
Running QUIC version 1.1 in 'default' mode.
Newton iteration 1.
  X is a diagonal matrix.
    Line search step size 1.000000e+00.  Lack of positive definiteness.
    Line search step size 5.000000e-01.  Lack of positive definiteness.
    Line search step size 2.500000e-01.  Lack of positive definiteness.
    Line search step size chosen: 1.250000e-01.
  Objective value decreased by 9.347846e+01.
Newton iteration 2.
  Active set size = 50330.
  sub-gradient = 2.040401e+03, l1-norm of X = 2.149096e+02.
  Coordinate descent sweep 1. norm of D = 1.551277e+03, change in D = 1.551277e+03.
    Line search step size 1.000000e+00.  Lack of positive definiteness.
    Line search step size 5.000000e-01.  Lack of positive definiteness.
    Line search step size chosen: 2.500000e-01.
  Objective value decreased by 6.964962e+01.
Newton iteration 3.
  Active set size = 50330.
  sub-gradient = 1.291516e+03, l1-norm of X = 4.531138e+02.
  Coordinate descent sweep 1. norm of D = 9.679866e+02, change in D = 9.679866e+02.
  Coordinate descent sweep 2. norm of D = 1.034397e+03, change in D = 2.036842e+02.
    Line search step size chosen: 1.000000e+00.
  Objective value decreased by 6.705058e+01.
Newton iteration 4.
  Active set size = 42693.
  sub-gradient = 7.209737e+02, l1-norm of X = 9.245079e+02.
  Coordinate descent sweep 1. norm of D = 1.968209e+02, change in D = 1.968209e+02.
  Coordinate descent sweep 2. norm of D = 2.230965e+02, change in D = 1.059638e+02.
    Line search step size chosen: 1.000000e+00.
  Objective value decreased by 7.522496e+00.
Newton iteration 5.
  Active set size = 41423.
  sub-gradient = 1.603576e+02, l1-norm of X = 9.302716e+02.
  Coordinate descent sweep 1. norm of D = 7.903310e+01, change in D = 7.903310e+01.
  Coordinate descent sweep 2. norm of D = 1.010232e+02, change in D = 5.003998e+01.
    Line search step size chosen: 1.000000e+00.
  Objective value decreased by 2.089839e+00.
Newton iteration 6.
  Active set size = 40908.
  sub-gradient = 4.136232e+01, l1-norm of X = 9.377410e+02.
  Coordinate descent sweep 1. norm of D = 3.564608e+01, change in D = 3.564608e+01.
  Coordinate descent sweep 2. norm of D = 4.849965e+01, change in D = 2.534789e+01.
  Coordinate descent sweep 3. norm of D = 5.739963e+01, change in D = 1.839171e+01.
    Line search step size chosen: 1.000000e+00.
  Objective value decreased by 8.007305e-01.
Newton iteration 7.
  Active set size = 40735.
  sub-gradient = 1.579349e+01, l1-norm of X = 9.453339e+02.
  Coordinate descent sweep 1. norm of D = 1.462442e+01, change in D = 1.462442e+01.
  Coordinate descent sweep 2. norm of D = 2.024372e+01, change in D = 1.121380e+01.
  Coordinate descent sweep 3. norm of D = 2.415521e+01, change in D = 8.584090e+00.
    Line search step size chosen: 1.000000e+00.
  Objective value decreased by 2.031542e-01.
Newton iteration 8.
  Active set size = 40656.
  sub-gradient = 7.006460e+00, l1-norm of X = 9.484174e+02.
  Coordinate descent sweep 1. norm of D = 6.987648e+00, change in D = 6.987648e+00.
  Coordinate descent sweep 2. norm of D = 9.596231e+00, change in D = 5.530985e+00.
  Coordinate descent sweep 3. norm of D = 1.159347e+01, change in D = 4.377869e+00.
    Line search step size chosen: 1.000000e+00.
  Objective value decreased by 5.674238e-02.
Newton iteration 9.
  Active set size = 40616.
  sub-gradient = 4.358672e+00, l1-norm of X = 9.498166e+02.
  Coordinate descent sweep 1. norm of D = 3.516051e+00, change in D = 3.516051e+00.
  Coordinate descent sweep 2. norm of D = 4.849635e+00, change in D = 2.859039e+00.
  Coordinate descent sweep 3. norm of D = 5.860281e+00, change in D = 2.285896e+00.
  Coordinate descent sweep 4. norm of D = 6.722557e+00, change in D = 1.900758e+00.
    Line search step size chosen: 1.000000e+00.
  Objective value decreased by 2.082803e-02.
Newton iteration 10.
  Active set size = 40603.
  sub-gradient = 1.662919e+00, l1-norm of X = 9.506184e+02.
  Coordinate descent sweep 1. norm of D = 1.595906e+00, change in D = 1.595906e+00.
  Coordinate descent sweep 2. norm of D = 2.193646e+00, change in D = 1.326452e+00.
  Coordinate descent sweep 3. norm of D = 2.645030e+00, change in D = 1.064609e+00.
  Coordinate descent sweep 4. norm of D = 3.005081e+00, change in D = 8.517926e-01.
    Line search step size chosen: 1.000000e+00.
  Objective value decreased by 5.350104e-03.
Newton iteration 11.
  Active set size = 40589.
  sub-gradient = 7.591869e-01, l1-norm of X = 9.509735e+02.
  Coordinate descent sweep 1. norm of D = 7.271295e-01, change in D = 7.271295e-01.
  Coordinate descent sweep 2. norm of D = 9.916531e-01, change in D = 6.108820e-01.
  Coordinate descent sweep 3. norm of D = 1.183251e+00, change in D = 5.247352e-01.
  Coordinate descent sweep 4. norm of D = 1.347180e+00, change in D = 4.316827e-01.
    Line search step size chosen: 1.000000e+00.
  Objective value decreased by 1.283302e-03.
Newton iteration 12.
  Active set size = 40586.
  sub-gradient = 3.665055e-01, l1-norm of X = 9.511166e+02.
  Coordinate descent sweep 1. norm of D = 3.614337e-01, change in D = 3.614337e-01.
  Coordinate descent sweep 2. norm of D = 5.015145e-01, change in D = 3.037366e-01.
  Coordinate descent sweep 3. norm of D = 6.037858e-01, change in D = 2.577024e-01.
  Coordinate descent sweep 4. norm of D = 6.787525e-01, change in D = 2.081522e-01.
  Coordinate descent sweep 5. norm of D = 7.493175e-01, change in D = 1.852528e-01.
    Line search step size chosen: 1.000000e+00.
  Objective value decreased by 4.135538e-04.
Newton iteration 13.
  Active set size = 40586.
  sub-gradient = 1.680857e-01, l1-norm of X = 9.511995e+02.
  Coordinate descent sweep 1. norm of D = 1.632170e-01, change in D = 1.632170e-01.
  Coordinate descent sweep 2. norm of D = 2.216374e-01, change in D = 1.349780e-01.
  Coordinate descent sweep 3. norm of D = 2.615202e-01, change in D = 1.128732e-01.
  Coordinate descent sweep 4. norm of D = 2.990453e-01, change in D = 9.559652e-02.
  Coordinate descent sweep 5. norm of D = 3.272710e-01, change in D = 8.240132e-02.
    Line search step size chosen: 1.000000e+00.
  Objective value decreased by 9.211815e-05.
Newton iteration 14.
  Active set size = 40585.
  sub-gradient = 7.836008e-02, l1-norm of X = 9.512279e+02.
  Coordinate descent sweep 1. norm of D = 7.022155e-02, change in D = 7.022155e-02.
  Coordinate descent sweep 2. norm of D = 9.641031e-02, change in D = 6.157809e-02.
  Coordinate descent sweep 3. norm of D = 1.153830e-01, change in D = 5.134616e-02.
  Coordinate descent sweep 4. norm of D = 1.297762e-01, change in D = 4.164298e-02.
  Coordinate descent sweep 5. norm of D = 1.450150e-01, change in D = 3.829344e-02.
    Line search step size chosen: 1.000000e+00.
  Objective value decreased by 2.095463e-05.
QUIC CPU time: 10066.632 seconds
