[1] "/data/abattle4/prashanthi/recount3/data/B_cells/GTEx/weighted_covariances/cov_1.rds"
[1] "Data read complete"
Running QUIC version 1.1 in 'default' mode.
Newton iteration 1.
  X is a diagonal matrix.
    Line search step size 1.000000e+00.  Lack of positive definiteness.
    Line search step size 5.000000e-01.  Lack of positive definiteness.
    Line search step size 2.500000e-01.  Lack of positive definiteness.
    Line search step size chosen: 1.250000e-01.
  Objective value decreased by 3.875141e+01.
Newton iteration 2.
  Active set size = 18918.
  sub-gradient = 7.382024e+02, l1-norm of X = 9.217630e+01.
  Coordinate descent sweep 1. norm of D = 5.951553e+02, change in D = 5.951553e+02.
    Line search step size 1.000000e+00.  Lack of positive definiteness.
    Line search step size 5.000000e-01.  Lack of positive definiteness.
    Line search step size chosen: 2.500000e-01.
  Objective value decreased by 3.491083e+01.
Newton iteration 3.
  Active set size = 18918.
  sub-gradient = 4.553383e+02, l1-norm of X = 2.065611e+02.
  Coordinate descent sweep 1. norm of D = 3.497436e+02, change in D = 3.497436e+02.
  Coordinate descent sweep 2. norm of D = 3.775740e+02, change in D = 8.387378e+01.
    Line search step size chosen: 1.000000e+00.
  Objective value decreased by 3.024989e+01.
Newton iteration 4.
  Active set size = 17102.
  sub-gradient = 2.061903e+02, l1-norm of X = 4.037507e+02.
  Coordinate descent sweep 1. norm of D = 8.273258e+01, change in D = 8.273258e+01.
  Coordinate descent sweep 2. norm of D = 9.587906e+01, change in D = 4.019888e+01.
    Line search step size chosen: 1.000000e+00.
  Objective value decreased by 3.032615e+00.
Newton iteration 5.
  Active set size = 16708.
  sub-gradient = 3.696994e+01, l1-norm of X = 4.079158e+02.
  Coordinate descent sweep 1. norm of D = 2.957179e+01, change in D = 2.957179e+01.
  Coordinate descent sweep 2. norm of D = 3.923786e+01, change in D = 1.741131e+01.
    Line search step size chosen: 1.000000e+00.
  Objective value decreased by 6.300215e-01.
Newton iteration 6.
  Active set size = 16591.
  sub-gradient = 1.170561e+01, l1-norm of X = 4.129073e+02.
  Coordinate descent sweep 1. norm of D = 1.155864e+01, change in D = 1.155864e+01.
  Coordinate descent sweep 2. norm of D = 1.601607e+01, change in D = 7.519578e+00.
  Coordinate descent sweep 3. norm of D = 1.890560e+01, change in D = 5.057652e+00.
    Line search step size chosen: 1.000000e+00.
  Objective value decreased by 1.639773e-01.
Newton iteration 7.
  Active set size = 16545.
  sub-gradient = 3.620425e+00, l1-norm of X = 4.162865e+02.
  Coordinate descent sweep 1. norm of D = 3.594861e+00, change in D = 3.594861e+00.
  Coordinate descent sweep 2. norm of D = 4.994698e+00, change in D = 2.518790e+00.
  Coordinate descent sweep 3. norm of D = 6.082236e+00, change in D = 1.845468e+00.
    Line search step size chosen: 1.000000e+00.
  Objective value decreased by 2.405665e-02.
Newton iteration 8.
  Active set size = 16531.
  sub-gradient = 1.338698e+00, l1-norm of X = 4.173404e+02.
  Coordinate descent sweep 1. norm of D = 1.337560e+00, change in D = 1.337560e+00.
  Coordinate descent sweep 2. norm of D = 1.882971e+00, change in D = 9.631904e-01.
  Coordinate descent sweep 3. norm of D = 2.268286e+00, change in D = 7.100523e-01.
    Line search step size chosen: 1.000000e+00.
  Objective value decreased by 4.364036e-03.
Newton iteration 9.
  Active set size = 16529.
  sub-gradient = 6.319556e-01, l1-norm of X = 4.176869e+02.
  Coordinate descent sweep 1. norm of D = 5.541930e-01, change in D = 5.541930e-01.
  Coordinate descent sweep 2. norm of D = 7.609594e-01, change in D = 3.860437e-01.
  Coordinate descent sweep 3. norm of D = 9.132643e-01, change in D = 2.935591e-01.
  Coordinate descent sweep 4. norm of D = 1.023535e+00, change in D = 2.217492e-01.
    Line search step size chosen: 1.000000e+00.
  Objective value decreased by 9.528075e-04.
Newton iteration 10.
  Active set size = 16527.
  sub-gradient = 1.789124e-01, l1-norm of X = 4.178429e+02.
  Coordinate descent sweep 1. norm of D = 1.709154e-01, change in D = 1.709154e-01.
  Coordinate descent sweep 2. norm of D = 2.406396e-01, change in D = 1.301263e-01.
  Coordinate descent sweep 3. norm of D = 2.921185e-01, change in D = 9.814622e-02.
  Coordinate descent sweep 4. norm of D = 3.264881e-01, change in D = 7.567571e-02.
    Line search step size chosen: 1.000000e+00.
  Objective value decreased by 1.169037e-04.
Newton iteration 11.
  Active set size = 16527.
  sub-gradient = 6.555334e-02, l1-norm of X = 4.178863e+02.
  Coordinate descent sweep 1. norm of D = 6.273940e-02, change in D = 6.273940e-02.
  Coordinate descent sweep 2. norm of D = 8.497663e-02, change in D = 4.648815e-02.
  Coordinate descent sweep 3. norm of D = 1.034145e-01, change in D = 3.528761e-02.
  Coordinate descent sweep 4. norm of D = 1.169921e-01, change in D = 2.714370e-02.
    Line search step size chosen: 1.000000e+00.
  Objective value decreased by 1.772269e-05.
Newton iteration 12.
  Active set size = 16527.
  sub-gradient = 2.228645e-02, l1-norm of X = 4.179021e+02.
  Coordinate descent sweep 1. norm of D = 2.059465e-02, change in D = 2.059465e-02.
  Coordinate descent sweep 2. norm of D = 2.954436e-02, change in D = 1.648746e-02.
  Coordinate descent sweep 3. norm of D = 3.522985e-02, change in D = 1.278091e-02.
  Coordinate descent sweep 4. norm of D = 4.021053e-02, change in D = 1.033337e-02.
  Coordinate descent sweep 5. norm of D = 4.320669e-02, change in D = 7.706570e-03.
    Line search step size chosen: 1.000000e+00.
  Objective value decreased by 2.585997e-06.
QUIC CPU time: 6820.663 seconds
