[1] "/data/abattle4/prashanthi/recount3/data/B_cells/GTEx/weighted_covariances/cov_1.rds"
[1] "Data read complete"
Running QUIC version 1.1 in 'default' mode.
Newton iteration 1.
  X is a diagonal matrix.
    Line search step size 1.000000e+00.  Lack of positive definiteness.
    Line search step size 5.000000e-01.  Lack of positive definiteness.
    Line search step size chosen: 2.500000e-01.
  Objective value decreased by 2.014245e+01.
Newton iteration 2.
  Active set size = 11658.
  sub-gradient = 1.655957e+02, l1-norm of X = 6.858297e+01.
  Coordinate descent sweep 1. norm of D = 1.436984e+02, change in D = 1.436984e+02.
    Line search step size chosen: 1.000000e+00.
  Objective value decreased by 9.323317e+00.
Newton iteration 3.
  Active set size = 11503.
  sub-gradient = 2.799052e+02, l1-norm of X = 1.946652e+02.
  Coordinate descent sweep 1. norm of D = 5.282716e+01, change in D = 5.282716e+01.
  Coordinate descent sweep 2. norm of D = 5.163199e+01, change in D = 2.242144e+01.
    Line search step size chosen: 1.000000e+00.
  Objective value decreased by 4.485916e+00.
Newton iteration 4.
  Active set size = 11393.
  sub-gradient = 8.411698e+01, l1-norm of X = 1.877062e+02.
  Coordinate descent sweep 1. norm of D = 2.264255e+01, change in D = 2.264255e+01.
  Coordinate descent sweep 2. norm of D = 2.383922e+01, change in D = 1.191637e+01.
    Line search step size chosen: 1.000000e+00.
  Objective value decreased by 1.095593e+00.
Newton iteration 5.
  Active set size = 11330.
  sub-gradient = 2.026691e+01, l1-norm of X = 1.838691e+02.
  Coordinate descent sweep 1. norm of D = 9.032165e+00, change in D = 9.032165e+00.
  Coordinate descent sweep 2. norm of D = 1.027351e+01, change in D = 4.481057e+00.
    Line search step size chosen: 1.000000e+00.
  Objective value decreased by 1.908869e-01.
Newton iteration 6.
  Active set size = 11320.
  sub-gradient = 3.409365e+00, l1-norm of X = 1.832175e+02.
  Coordinate descent sweep 1. norm of D = 2.674833e+00, change in D = 2.674833e+00.
  Coordinate descent sweep 2. norm of D = 3.352410e+00, change in D = 1.353816e+00.
  Coordinate descent sweep 3. norm of D = 3.820409e+00, change in D = 7.944825e-01.
    Line search step size chosen: 1.000000e+00.
  Objective value decreased by 2.061039e-02.
Newton iteration 7.
  Active set size = 11319.
  sub-gradient = 5.352513e-01, l1-norm of X = 1.835278e+02.
  Coordinate descent sweep 1. norm of D = 4.856327e-01, change in D = 4.856327e-01.
  Coordinate descent sweep 2. norm of D = 6.336912e-01, change in D = 2.853811e-01.
  Coordinate descent sweep 3. norm of D = 7.300941e-01, change in D = 1.646485e-01.
    Line search step size chosen: 1.000000e+00.
  Objective value decreased by 9.722939e-04.
Newton iteration 8.
  Active set size = 11318.
  sub-gradient = 9.179612e-02, l1-norm of X = 1.836221e+02.
  Coordinate descent sweep 1. norm of D = 9.553295e-02, change in D = 9.553295e-02.
  Coordinate descent sweep 2. norm of D = 1.310792e-01, change in D = 5.624043e-02.
  Coordinate descent sweep 3. norm of D = 1.542432e-01, change in D = 3.638908e-02.
    Line search step size chosen: 1.000000e+00.
  Objective value decreased by 4.979883e-05.
Newton iteration 9.
  Active set size = 11318.
  sub-gradient = 2.263941e-02, l1-norm of X = 1.836470e+02.
  Coordinate descent sweep 1. norm of D = 2.141474e-02, change in D = 2.141474e-02.
  Coordinate descent sweep 2. norm of D = 2.882089e-02, change in D = 1.373694e-02.
  Coordinate descent sweep 3. norm of D = 3.322819e-02, change in D = 7.632655e-03.
  Coordinate descent sweep 4. norm of D = 3.566085e-02, change in D = 4.696522e-03.
    Line search step size chosen: 1.000000e+00.
  Objective value decreased by 3.053570e-06.
Newton iteration 10.
  Active set size = 11318.
  sub-gradient = 3.313618e-03, l1-norm of X = 1.836518e+02.
  Coordinate descent sweep 1. norm of D = 2.949519e-03, change in D = 2.949519e-03.
  Coordinate descent sweep 2. norm of D = 3.984524e-03, change in D = 1.879371e-03.
  Coordinate descent sweep 3. norm of D = 4.629495e-03, change in D = 1.191989e-03.
  Coordinate descent sweep 4. norm of D = 5.003790e-03, change in D = 6.894679e-04.
    Line search step size chosen: 1.000000e+00.
  Objective value decreased by 7.248127e-08.
QUIC CPU time: 5213.660 seconds
