[1] "/data/abattle4/prashanthi/recount3/data/B_cells/GTEx/weighted_covariances/cov_1.rds"
[1] "Data read complete"
Running QUIC version 1.1 in 'default' mode.
Newton iteration 1.
  X is a diagonal matrix.
    Line search step size 1.000000e+00.  Lack of positive definiteness.
    Line search step size chosen: 5.000000e-01.
  Objective value decreased by 6.505625e+00.
Newton iteration 2.
  Active set size = 9783.
  sub-gradient = 3.264522e+01, l1-norm of X = 4.303872e+01.
  Coordinate descent sweep 1. norm of D = 2.604770e+01, change in D = 2.604770e+01.
    Line search step size chosen: 1.000000e+00.
  Objective value decreased by 1.335833e+00.
Newton iteration 3.
  Active set size = 9755.
  sub-gradient = 1.037313e+01, l1-norm of X = 6.417227e+01.
  Coordinate descent sweep 1. norm of D = 8.701284e+00, change in D = 8.701284e+00.
  Coordinate descent sweep 2. norm of D = 9.571438e+00, change in D = 2.238951e+00.
    Line search step size chosen: 1.000000e+00.
  Objective value decreased by 1.742456e-01.
Newton iteration 4.
  Active set size = 9745.
  sub-gradient = 1.276278e+00, l1-norm of X = 6.541399e+01.
  Coordinate descent sweep 1. norm of D = 1.228310e+00, change in D = 1.228310e+00.
  Coordinate descent sweep 2. norm of D = 1.500363e+00, change in D = 4.564281e-01.
    Line search step size chosen: 1.000000e+00.
  Objective value decreased by 6.620709e-03.
Newton iteration 5.
  Active set size = 9744.
  sub-gradient = 1.512337e-01, l1-norm of X = 6.571874e+01.
  Coordinate descent sweep 1. norm of D = 1.685557e-01, change in D = 1.685557e-01.
  Coordinate descent sweep 2. norm of D = 2.098828e-01, change in D = 6.553992e-02.
    Line search step size chosen: 1.000000e+00.
  Objective value decreased by 1.721088e-04.
Newton iteration 6.
  Active set size = 9744.
  sub-gradient = 2.693085e-02, l1-norm of X = 6.577034e+01.
  Coordinate descent sweep 1. norm of D = 2.589047e-02, change in D = 2.589047e-02.
  Coordinate descent sweep 2. norm of D = 3.134270e-02, change in D = 1.025211e-02.
  Coordinate descent sweep 3. norm of D = 3.424089e-02, change in D = 5.125549e-03.
    Line search step size chosen: 1.000000e+00.
  Objective value decreased by 5.101421e-06.
Newton iteration 7.
  Active set size = 9744.
  sub-gradient = 1.948583e-03, l1-norm of X = 6.578003e+01.
  Coordinate descent sweep 1. norm of D = 2.025445e-03, change in D = 2.025445e-03.
  Coordinate descent sweep 2. norm of D = 2.560376e-03, change in D = 9.231011e-04.
  Coordinate descent sweep 3. norm of D = 2.831555e-03, change in D = 4.649347e-04.
    Line search step size chosen: 1.000000e+00.
  Objective value decreased by 5.825495e-08.
QUIC CPU time: 3431.381 seconds
