[1] "/data/abattle4/prashanthi/recount3/data/blood/all/weighted_covariances/cov_30.rds"
[1] "Data read complete"
Running QUIC version 1.1 in 'default' mode.
Newton iteration 1.
  X is a diagonal matrix.
    Line search step size 1.000000e+00.  Lack of positive definiteness.
    Line search step size 5.000000e-01.  Lack of positive definiteness.
    Line search step size 2.500000e-01.  Lack of positive definiteness.
    Line search step size 1.250000e-01.  Lack of positive definiteness.
    Line search step size 6.250000e-02.  Lack of positive definiteness.
    Line search step size chosen: 3.125000e-02.
  Objective value decreased by 3.914212e+01.
Newton iteration 2.
  Active set size = 63850.
  sub-gradient = 3.889063e+03, l1-norm of X = 6.101737e+01.
  Coordinate descent sweep 1. norm of D = 2.766568e+03, change in D = 2.766568e+03.
    Line search step size 1.000000e+00.  Lack of positive definiteness.
    Line search step size 5.000000e-01.  Lack of positive definiteness.
    Line search step size 2.500000e-01.  Lack of positive definiteness.
    Line search step size 1.250000e-01.  Lack of positive definiteness.
    Line search step size chosen: 6.250000e-02.
  Objective value decreased by 4.392665e+01.
Newton iteration 3.
  Active set size = 63850.
  sub-gradient = 3.358156e+03, l1-norm of X = 1.422577e+02.
  Coordinate descent sweep 1. norm of D = 1.616369e+03, change in D = 1.616369e+03.
  Coordinate descent sweep 2. norm of D = 1.443724e+03, change in D = 4.097594e+02.
    Line search step size 1.000000e+00.  Lack of positive definiteness.
    Line search step size 5.000000e-01.  Lack of positive definiteness.
    Line search step size chosen: 2.500000e-01.
  Objective value decreased by 5.666421e+01.
Newton iteration 4.
  Active set size = 63861.
  sub-gradient = 1.559194e+03, l1-norm of X = 2.895229e+02.
  Coordinate descent sweep 1. norm of D = 7.655221e+02, change in D = 7.655221e+02.
  Coordinate descent sweep 2. norm of D = 7.937733e+02, change in D = 2.102836e+02.
    Line search step size 1.000000e+00.  Lack of positive definiteness.
    Line search step size chosen: 5.000000e-01.
  Objective value decreased by 2.911703e+01.
Newton iteration 5.
  Active set size = 63874.
  sub-gradient = 1.145886e+03, l1-norm of X = 3.905386e+02.
  Coordinate descent sweep 1. norm of D = 3.990113e+02, change in D = 3.990113e+02.
  Coordinate descent sweep 2. norm of D = 4.550121e+02, change in D = 1.363574e+02.
    Line search step size chosen: 1.000000e+00.
  Objective value decreased by 1.482045e+01.
Newton iteration 6.
  Active set size = 37305.
  sub-gradient = 1.520907e+02, l1-norm of X = 4.728872e+02.
  Coordinate descent sweep 1. norm of D = 8.808461e+01, change in D = 8.808461e+01.
  Coordinate descent sweep 2. norm of D = 1.118801e+02, change in D = 5.157601e+01.
  Coordinate descent sweep 3. norm of D = 1.245249e+02, change in D = 3.085276e+01.
    Line search step size chosen: 1.000000e+00.
  Objective value decreased by 2.007714e+00.
Newton iteration 7.
  Active set size = 35949.
  sub-gradient = 3.215578e+01, l1-norm of X = 4.820225e+02.
  Coordinate descent sweep 1. norm of D = 2.402954e+01, change in D = 2.402954e+01.
  Coordinate descent sweep 2. norm of D = 3.155924e+01, change in D = 1.691380e+01.
  Coordinate descent sweep 3. norm of D = 3.633088e+01, change in D = 1.214847e+01.
    Line search step size chosen: 1.000000e+00.
  Objective value decreased by 3.229489e-01.
Newton iteration 8.
  Active set size = 35751.
  sub-gradient = 1.046885e+01, l1-norm of X = 4.845563e+02.
  Coordinate descent sweep 1. norm of D = 9.354617e+00, change in D = 9.354617e+00.
  Coordinate descent sweep 2. norm of D = 1.238278e+01, change in D = 6.975860e+00.
  Coordinate descent sweep 3. norm of D = 1.432647e+01, change in D = 5.191578e+00.
    Line search step size chosen: 1.000000e+00.
  Objective value decreased by 7.961162e-02.
Newton iteration 9.
  Active set size = 35657.
  sub-gradient = 4.158235e+00, l1-norm of X = 4.854292e+02.
  Coordinate descent sweep 1. norm of D = 4.016445e+00, change in D = 4.016445e+00.
  Coordinate descent sweep 2. norm of D = 5.309994e+00, change in D = 3.028484e+00.
  Coordinate descent sweep 3. norm of D = 6.173191e+00, change in D = 2.416421e+00.
  Coordinate descent sweep 4. norm of D = 6.787535e+00, change in D = 1.894781e+00.
    Line search step size chosen: 1.000000e+00.
  Objective value decreased by 2.745122e-02.
Newton iteration 10.
  Active set size = 35605.
  sub-gradient = 2.142103e+00, l1-norm of X = 4.858300e+02.
  Coordinate descent sweep 1. norm of D = 1.570787e+00, change in D = 1.570787e+00.
  Coordinate descent sweep 2. norm of D = 2.086574e+00, change in D = 1.270922e+00.
  Coordinate descent sweep 3. norm of D = 2.440841e+00, change in D = 1.014047e+00.
  Coordinate descent sweep 4. norm of D = 2.718391e+00, change in D = 8.804113e-01.
    Line search step size chosen: 1.000000e+00.
  Objective value decreased by 7.601013e-03.
Newton iteration 11.
  Active set size = 35586.
  sub-gradient = 7.984704e-01, l1-norm of X = 4.859937e+02.
  Coordinate descent sweep 1. norm of D = 7.004464e-01, change in D = 7.004464e-01.
  Coordinate descent sweep 2. norm of D = 9.625863e-01, change in D = 6.065059e-01.
  Coordinate descent sweep 3. norm of D = 1.132557e+00, change in D = 5.056647e-01.
  Coordinate descent sweep 4. norm of D = 1.248184e+00, change in D = 4.344248e-01.
    Line search step size chosen: 1.000000e+00.
  Objective value decreased by 2.325357e-03.
Newton iteration 12.
  Active set size = 35587.
  sub-gradient = 4.069529e-01, l1-norm of X = 4.860589e+02.
  Coordinate descent sweep 1. norm of D = 3.677396e-01, change in D = 3.677396e-01.
  Coordinate descent sweep 2. norm of D = 5.047952e-01, change in D = 3.233274e-01.
  Coordinate descent sweep 3. norm of D = 5.881104e-01, change in D = 2.663644e-01.
  Coordinate descent sweep 4. norm of D = 6.452455e-01, change in D = 2.269191e-01.
  Coordinate descent sweep 5. norm of D = 6.993929e-01, change in D = 2.012897e-01.
    Line search step size chosen: 1.000000e+00.
  Objective value decreased by 1.037515e-03.
Newton iteration 13.
  Active set size = 35575.
  sub-gradient = 1.733851e-01, l1-norm of X = 4.860947e+02.
  Coordinate descent sweep 1. norm of D = 1.788954e-01, change in D = 1.788954e-01.
  Coordinate descent sweep 2. norm of D = 2.400605e-01, change in D = 1.545355e-01.
  Coordinate descent sweep 3. norm of D = 2.831966e-01, change in D = 1.357080e-01.
  Coordinate descent sweep 4. norm of D = 3.136524e-01, change in D = 1.196882e-01.
  Coordinate descent sweep 5. norm of D = 3.432653e-01, change in D = 1.050768e-01.
    Line search step size chosen: 1.000000e+00.
  Objective value decreased by 3.459577e-04.
Newton iteration 14.
  Active set size = 35571.
  sub-gradient = 1.143695e-01, l1-norm of X = 4.861122e+02.
  Coordinate descent sweep 1. norm of D = 9.088382e-02, change in D = 9.088382e-02.
  Coordinate descent sweep 2. norm of D = 1.229451e-01, change in D = 7.946337e-02.
  Coordinate descent sweep 3. norm of D = 1.513558e-01, change in D = 7.206780e-02.
  Coordinate descent sweep 4. norm of D = 1.714179e-01, change in D = 6.637251e-02.
  Coordinate descent sweep 5. norm of D = 1.868860e-01, change in D = 5.400342e-02.
    Line search step size chosen: 1.000000e+00.
  Objective value decreased by 1.288548e-04.
Newton iteration 15.
  Active set size = 35571.
  sub-gradient = 5.424434e-02, l1-norm of X = 4.861210e+02.
  Coordinate descent sweep 1. norm of D = 4.803124e-02, change in D = 4.803124e-02.
  Coordinate descent sweep 2. norm of D = 6.523316e-02, change in D = 4.297776e-02.
  Coordinate descent sweep 3. norm of D = 7.765157e-02, change in D = 3.923445e-02.
  Coordinate descent sweep 4. norm of D = 8.758532e-02, change in D = 3.374141e-02.
  Coordinate descent sweep 5. norm of D = 9.484865e-02, change in D = 3.154169e-02.
  Coordinate descent sweep 6. norm of D = 1.029429e-01, change in D = 2.777379e-02.
    Line search step size chosen: 1.000000e+00.
  Objective value decreased by 4.981990e-05.
Newton iteration 16.
  Active set size = 35569.
  sub-gradient = 3.069387e-02, l1-norm of X = 4.861262e+02.
  Coordinate descent sweep 1. norm of D = 2.437869e-02, change in D = 2.437869e-02.
  Coordinate descent sweep 2. norm of D = 3.498231e-02, change in D = 2.366986e-02.
  Coordinate descent sweep 3. norm of D = 3.981803e-02, change in D = 1.879677e-02.
  Coordinate descent sweep 4. norm of D = 4.439914e-02, change in D = 1.773206e-02.
  Coordinate descent sweep 5. norm of D = 4.947576e-02, change in D = 1.541276e-02.
  Coordinate descent sweep 6. norm of D = 5.481909e-02, change in D = 1.512504e-02.
    Line search step size chosen: 1.000000e+00.
  Objective value decreased by 1.592692e-05.
QUIC CPU time: 6857.217 seconds
