[1] "/data/abattle4/prashanthi/recount3/data/blood/all/weighted_covariances/cov_30.rds"
[1] "Data read complete"
Running QUIC version 1.1 in 'default' mode.
Newton iteration 1.
  X is a diagonal matrix.
    Line search step size chosen: 1.000000e+00.
  Objective value decreased by 1.461664e-02.
Newton iteration 2.
  Active set size = 7808.
  sub-gradient = 4.988760e-02, l1-norm of X = 3.543876e-01.
  Coordinate descent sweep 1. norm of D = 4.325440e-02, change in D = 4.325440e-02.
    Line search step size chosen: 1.000000e+00.
  Objective value decreased by 2.327944e-04.
Newton iteration 3.
  Active set size = 7808.
  sub-gradient = 4.892143e-03, l1-norm of X = 3.321657e-01.
  Coordinate descent sweep 1. norm of D = 4.802747e-03, change in D = 4.802747e-03.
  Coordinate descent sweep 2. norm of D = 4.340489e-03, change in D = 5.265928e-04.
    Line search step size chosen: 1.000000e+00.
  Objective value decreased by 3.332286e-06.
Newton iteration 4.
  Active set size = 7808.
  sub-gradient = 3.930787e-05, l1-norm of X = 3.364118e-01.
  Coordinate descent sweep 1. norm of D = 3.953880e-05, change in D = 3.953880e-05.
  Coordinate descent sweep 2. norm of D = 4.332747e-05, change in D = 5.593867e-06.
    Line search step size chosen: 1.000000e+00.
  Objective value decreased by 3.174137e-10.
Newton iteration 5.
  Active set size = 7808.
  sub-gradient = 7.172288e-07, l1-norm of X = 3.364455e-01.
  Coordinate descent sweep 1. norm of D = 6.751886e-07, change in D = 6.751886e-07.
  Coordinate descent sweep 2. norm of D = 6.085702e-07, change in D = 8.984450e-08.
    Line search step size chosen: 1.000000e+00.
  Objective value decreased by 0.000000e+00.
QUIC CPU time: 1734.535 seconds
