[1] "/data/abattle4/prashanthi/recount3/data/blood/all/weighted_covariances/cov_30.rds"
[1] "Data read complete"
Running QUIC version 1.1 in 'default' mode.
Newton iteration 1.
  X is a diagonal matrix.
    Line search step size chosen: 1.000000e+00.
  Objective value decreased by 8.040714e-03.
Newton iteration 2.
  Active set size = 7807.
  sub-gradient = 2.493821e-02, l1-norm of X = 2.508938e-01.
  Coordinate descent sweep 1. norm of D = 2.295601e-02, change in D = 2.295601e-02.
    Line search step size chosen: 1.000000e+00.
  Objective value decreased by 6.691253e-05.
Newton iteration 3.
  Active set size = 7807.
  sub-gradient = 2.131932e-03, l1-norm of X = 2.389192e-01.
  Coordinate descent sweep 1. norm of D = 2.167916e-03, change in D = 2.167916e-03.
  Coordinate descent sweep 2. norm of D = 2.283346e-03, change in D = 2.107864e-04.
    Line search step size chosen: 1.000000e+00.
  Objective value decreased by 1.432306e-06.
Newton iteration 4.
  Active set size = 7807.
  sub-gradient = 2.246709e-05, l1-norm of X = 2.416109e-01.
  Coordinate descent sweep 1. norm of D = 2.518664e-05, change in D = 2.518664e-05.
  Coordinate descent sweep 2. norm of D = 2.561069e-05, change in D = 5.741045e-07.
    Line search step size chosen: 1.000000e+00.
  Objective value decreased by 1.500666e-10.
QUIC CPU time: 1287.356 seconds
