[1] "GTEx"             "40"               "correcting_first" "0.42"            
[1] "Data read complete"
Running QUIC version 1.1 in 'default' mode.
Newton iteration 1.
  X is a diagonal matrix.
    Line search step size 1.000000e+00.  Lack of positive definiteness.
    Line search step size chosen: 5.000000e-01.
  Objective value decreased by 7.001081e+00.
Newton iteration 2.
  Active set size = 6504.
  sub-gradient = 5.041708e+01, l1-norm of X = 2.691995e+01.
  Coordinate descent sweep 1. norm of D = 2.460911e+01, change in D = 2.460911e+01.
    Line search step size chosen: 1.000000e+00.
  Objective value decreased by 1.718118e+00.
Newton iteration 3.
  Active set size = 6427.
  sub-gradient = 1.649463e+01, l1-norm of X = 3.647067e+01.
  Coordinate descent sweep 1. norm of D = 1.051861e+01, change in D = 1.051861e+01.
  Coordinate descent sweep 2. norm of D = 1.285002e+01, change in D = 4.215833e+00.
    Line search step size chosen: 1.000000e+00.
  Objective value decreased by 4.710459e-01.
Newton iteration 4.
  Active set size = 6405.
  sub-gradient = 3.535004e+00, l1-norm of X = 3.805985e+01.
  Coordinate descent sweep 1. norm of D = 2.763642e+00, change in D = 2.763642e+00.
  Coordinate descent sweep 2. norm of D = 3.567695e+00, change in D = 1.442899e+00.
    Line search step size chosen: 1.000000e+00.
  Objective value decreased by 5.592269e-02.
Newton iteration 5.
  Active set size = 6393.
  sub-gradient = 9.157603e-01, l1-norm of X = 3.854100e+01.
  Coordinate descent sweep 1. norm of D = 9.505245e-01, change in D = 9.505245e-01.
  Coordinate descent sweep 2. norm of D = 1.266870e+00, change in D = 4.909712e-01.
    Line search step size chosen: 1.000000e+00.
  Objective value decreased by 1.190982e-02.
Newton iteration 6.
  Active set size = 6391.
  sub-gradient = 3.066586e-01, l1-norm of X = 3.880371e+01.
  Coordinate descent sweep 1. norm of D = 3.204407e-01, change in D = 3.204407e-01.
  Coordinate descent sweep 2. norm of D = 4.325368e-01, change in D = 2.102210e-01.
  Coordinate descent sweep 3. norm of D = 5.319844e-01, change in D = 1.450211e-01.
    Line search step size chosen: 1.000000e+00.
  Objective value decreased by 2.906281e-03.
Newton iteration 7.
  Active set size = 6390.
  sub-gradient = 7.703715e-02, l1-norm of X = 3.891562e+01.
  Coordinate descent sweep 1. norm of D = 8.847410e-02, change in D = 8.847410e-02.
  Coordinate descent sweep 2. norm of D = 1.439373e-01, change in D = 7.654972e-02.
  Coordinate descent sweep 3. norm of D = 1.721496e-01, change in D = 4.714306e-02.
    Line search step size chosen: 1.000000e+00.
  Objective value decreased by 4.597810e-04.
Newton iteration 8.
  Active set size = 6390.
  sub-gradient = 2.579801e-02, l1-norm of X = 3.895914e+01.
  Coordinate descent sweep 1. norm of D = 3.391358e-02, change in D = 3.391358e-02.
  Coordinate descent sweep 2. norm of D = 4.864823e-02, change in D = 2.027048e-02.
  Coordinate descent sweep 3. norm of D = 5.947741e-02, change in D = 1.495455e-02.
    Line search step size chosen: 1.000000e+00.
  Objective value decreased by 6.517856e-05.
Newton iteration 9.
  Active set size = 6390.
  sub-gradient = 9.575268e-03, l1-norm of X = 3.897108e+01.
  Coordinate descent sweep 1. norm of D = 1.143185e-02, change in D = 1.143185e-02.
  Coordinate descent sweep 2. norm of D = 1.479532e-02, change in D = 7.458792e-03.
  Coordinate descent sweep 3. norm of D = 1.926232e-02, change in D = 5.488733e-03.
  Coordinate descent sweep 4. norm of D = 2.343584e-02, change in D = 5.152004e-03.
    Line search step size chosen: 1.000000e+00.
  Objective value decreased by 1.036076e-05.
Newton iteration 10.
  Active set size = 6390.
  sub-gradient = 2.574191e-03, l1-norm of X = 3.897686e+01.
  Coordinate descent sweep 1. norm of D = 3.094500e-03, change in D = 3.094500e-03.
  Coordinate descent sweep 2. norm of D = 4.746110e-03, change in D = 2.417795e-03.
  Coordinate descent sweep 3. norm of D = 5.963857e-03, change in D = 1.658216e-03.
  Coordinate descent sweep 4. norm of D = 6.663253e-03, change in D = 1.005210e-03.
    Line search step size chosen: 1.000000e+00.
  Objective value decreased by 9.889809e-07.
QUIC CPU time: 853.530 seconds
