[1] "GTEx"             "40"               "correcting_first" "0.44"            
[1] "Data read complete"
Running QUIC version 1.1 in 'default' mode.
Newton iteration 1.
  X is a diagonal matrix.
    Line search step size 1.000000e+00.  Lack of positive definiteness.
    Line search step size chosen: 5.000000e-01.
  Objective value decreased by 5.865266e+00.
Newton iteration 2.
  Active set size = 6357.
  sub-gradient = 2.699015e+01, l1-norm of X = 2.258729e+01.
  Coordinate descent sweep 1. norm of D = 2.091570e+01, change in D = 2.091570e+01.
    Line search step size chosen: 1.000000e+00.
  Objective value decreased by 1.361248e+00.
Newton iteration 3.
  Active set size = 6297.
  sub-gradient = 8.654467e+00, l1-norm of X = 3.182206e+01.
  Coordinate descent sweep 1. norm of D = 8.080633e+00, change in D = 8.080633e+00.
  Coordinate descent sweep 2. norm of D = 9.733679e+00, change in D = 2.952979e+00.
    Line search step size chosen: 1.000000e+00.
  Objective value decreased by 2.939852e-01.
Newton iteration 4.
  Active set size = 6278.
  sub-gradient = 1.832257e+00, l1-norm of X = 3.345497e+01.
  Coordinate descent sweep 1. norm of D = 1.818235e+00, change in D = 1.818235e+00.
  Coordinate descent sweep 2. norm of D = 2.460434e+00, change in D = 9.745516e-01.
    Line search step size chosen: 1.000000e+00.
  Objective value decreased by 3.288388e-02.
Newton iteration 5.
  Active set size = 6274.
  sub-gradient = 5.494437e-01, l1-norm of X = 3.394276e+01.
  Coordinate descent sweep 1. norm of D = 5.675767e-01, change in D = 5.675767e-01.
  Coordinate descent sweep 2. norm of D = 7.670854e-01, change in D = 3.034302e-01.
    Line search step size chosen: 1.000000e+00.
  Objective value decreased by 5.334504e-03.
Newton iteration 6.
  Active set size = 6273.
  sub-gradient = 1.906757e-01, l1-norm of X = 3.409805e+01.
  Coordinate descent sweep 1. norm of D = 1.724747e-01, change in D = 1.724747e-01.
  Coordinate descent sweep 2. norm of D = 2.705281e-01, change in D = 1.437414e-01.
  Coordinate descent sweep 3. norm of D = 3.301006e-01, change in D = 8.935483e-02.
    Line search step size chosen: 1.000000e+00.
  Objective value decreased by 1.559231e-03.
Newton iteration 7.
  Active set size = 6272.
  sub-gradient = 4.627141e-02, l1-norm of X = 3.417092e+01.
  Coordinate descent sweep 1. norm of D = 5.207466e-02, change in D = 5.207466e-02.
  Coordinate descent sweep 2. norm of D = 7.963371e-02, change in D = 4.077028e-02.
  Coordinate descent sweep 3. norm of D = 1.012173e-01, change in D = 2.618671e-02.
    Line search step size chosen: 1.000000e+00.
  Objective value decreased by 1.937465e-04.
Newton iteration 8.
  Active set size = 6272.
  sub-gradient = 1.452881e-02, l1-norm of X = 3.419631e+01.
  Coordinate descent sweep 1. norm of D = 1.737159e-02, change in D = 1.737159e-02.
  Coordinate descent sweep 2. norm of D = 2.459079e-02, change in D = 1.192857e-02.
  Coordinate descent sweep 3. norm of D = 3.060221e-02, change in D = 9.118056e-03.
    Line search step size chosen: 1.000000e+00.
  Objective value decreased by 2.538925e-05.
Newton iteration 9.
  Active set size = 6272.
  sub-gradient = 7.226639e-03, l1-norm of X = 3.420421e+01.
  Coordinate descent sweep 1. norm of D = 5.164820e-03, change in D = 5.164820e-03.
  Coordinate descent sweep 2. norm of D = 7.705938e-03, change in D = 4.799499e-03.
  Coordinate descent sweep 3. norm of D = 1.055175e-02, change in D = 3.669830e-03.
  Coordinate descent sweep 4. norm of D = 1.240560e-02, change in D = 2.595206e-03.
    Line search step size chosen: 1.000000e+00.
  Objective value decreased by 3.723940e-06.
Newton iteration 10.
  Active set size = 6272.
  sub-gradient = 1.145693e-03, l1-norm of X = 3.420700e+01.
  Coordinate descent sweep 1. norm of D = 1.676168e-03, change in D = 1.676168e-03.
  Coordinate descent sweep 2. norm of D = 2.367673e-03, change in D = 1.003109e-03.
  Coordinate descent sweep 3. norm of D = 2.945574e-03, change in D = 8.047379e-04.
  Coordinate descent sweep 4. norm of D = 3.438408e-03, change in D = 6.787074e-04.
    Line search step size chosen: 1.000000e+00.
  Objective value decreased by 3.148707e-07.
QUIC CPU time: 847.030 seconds
