[1] "GTEx"             "40"               "correcting_first" "0.54"            
[1] "Data read complete"
Running QUIC version 1.1 in 'default' mode.
Newton iteration 1.
  X is a diagonal matrix.
    Line search step size chosen: 1.000000e+00.
  Objective value decreased by 1.997105e+00.
Newton iteration 2.
  Active set size = 5968.
  sub-gradient = 1.724071e+01, l1-norm of X = 1.754336e+01.
  Coordinate descent sweep 1. norm of D = 6.158937e+00, change in D = 6.158937e+00.
    Line search step size chosen: 1.000000e+00.
  Objective value decreased by 4.541217e-01.
Newton iteration 3.
  Active set size = 5964.
  sub-gradient = 3.360981e+00, l1-norm of X = 1.584229e+01.
  Coordinate descent sweep 1. norm of D = 2.636922e+00, change in D = 2.636922e+00.
  Coordinate descent sweep 2. norm of D = 2.886836e+00, change in D = 9.784475e-01.
    Line search step size chosen: 1.000000e+00.
  Objective value decreased by 8.083660e-02.
Newton iteration 4.
  Active set size = 5961.
  sub-gradient = 6.507058e-01, l1-norm of X = 1.581556e+01.
  Coordinate descent sweep 1. norm of D = 5.347755e-01, change in D = 5.347755e-01.
  Coordinate descent sweep 2. norm of D = 6.481617e-01, change in D = 2.404033e-01.
    Line search step size chosen: 1.000000e+00.
  Objective value decreased by 5.189185e-03.
Newton iteration 5.
  Active set size = 5961.
  sub-gradient = 9.818584e-02, l1-norm of X = 1.577492e+01.
  Coordinate descent sweep 1. norm of D = 1.073948e-01, change in D = 1.073948e-01.
  Coordinate descent sweep 2. norm of D = 1.320575e-01, change in D = 4.342052e-02.
    Line search step size chosen: 1.000000e+00.
  Objective value decreased by 4.128438e-04.
Newton iteration 6.
  Active set size = 5961.
  sub-gradient = 2.554919e-02, l1-norm of X = 1.580127e+01.
  Coordinate descent sweep 1. norm of D = 2.610074e-02, change in D = 2.610074e-02.
  Coordinate descent sweep 2. norm of D = 3.731132e-02, change in D = 1.496063e-02.
  Coordinate descent sweep 3. norm of D = 4.352525e-02, change in D = 7.012065e-03.
    Line search step size chosen: 1.000000e+00.
  Objective value decreased by 5.828902e-05.
Newton iteration 7.
  Active set size = 5961.
  sub-gradient = 3.739590e-03, l1-norm of X = 1.581576e+01.
  Coordinate descent sweep 1. norm of D = 4.323897e-03, change in D = 4.323897e-03.
  Coordinate descent sweep 2. norm of D = 6.891673e-03, change in D = 2.755461e-03.
  Coordinate descent sweep 3. norm of D = 7.814041e-03, change in D = 1.259742e-03.
    Line search step size chosen: 1.000000e+00.
  Objective value decreased by 2.794424e-06.
Newton iteration 8.
  Active set size = 5961.
  sub-gradient = 6.475167e-04, l1-norm of X = 1.581813e+01.
  Coordinate descent sweep 1. norm of D = 7.969858e-04, change in D = 7.969858e-04.
  Coordinate descent sweep 2. norm of D = 1.179758e-03, change in D = 4.589493e-04.
  Coordinate descent sweep 3. norm of D = 1.461380e-03, change in D = 2.913115e-04.
    Line search step size chosen: 1.000000e+00.
  Objective value decreased by 1.015915e-07.
QUIC CPU time: 668.740 seconds
