[1] "GTEx"             "40"               "correcting_first" "0.78"            
[1] "Data read complete"
Running QUIC version 1.1 in 'default' mode.
Newton iteration 1.
  X is a diagonal matrix.
    Line search step size chosen: 1.000000e+00.
  Objective value decreased by 1.154972e-01.
Newton iteration 2.
  Active set size = 5795.
  sub-gradient = 2.591347e-01, l1-norm of X = 1.324608e+00.
  Coordinate descent sweep 1. norm of D = 2.291264e-01, change in D = 2.291264e-01.
    Line search step size chosen: 1.000000e+00.
  Objective value decreased by 2.883784e-03.
Newton iteration 3.
  Active set size = 5795.
  sub-gradient = 2.983252e-02, l1-norm of X = 1.308884e+00.
  Coordinate descent sweep 1. norm of D = 3.917851e-02, change in D = 3.917851e-02.
  Coordinate descent sweep 2. norm of D = 4.806815e-02, change in D = 8.890450e-03.
    Line search step size chosen: 1.000000e+00.
  Objective value decreased by 1.993183e-04.
Newton iteration 4.
  Active set size = 5795.
  sub-gradient = 1.788889e-03, l1-norm of X = 1.353334e+00.
  Coordinate descent sweep 1. norm of D = 1.878473e-03, change in D = 1.878473e-03.
  Coordinate descent sweep 2. norm of D = 2.181843e-03, change in D = 3.317143e-04.
    Line search step size chosen: 1.000000e+00.
  Objective value decreased by 3.033947e-07.
Newton iteration 5.
  Active set size = 5795.
  sub-gradient = 1.129664e-04, l1-norm of X = 1.353929e+00.
  Coordinate descent sweep 1. norm of D = 1.289691e-04, change in D = 1.289691e-04.
  Coordinate descent sweep 2. norm of D = 1.428851e-04, change in D = 1.391599e-05.
    Line search step size chosen: 1.000000e+00.
  Objective value decreased by 2.903107e-09.
QUIC CPU time: 436.440 seconds
