[1] "GTEx"     "49"       "weighted" "0.68"    
[1] "Data read complete"
Running QUIC version 1.1 in 'default' mode.
Newton iteration 1.
  X is a diagonal matrix.
    Line search step size chosen: 1.000000e+00.
  Objective value decreased by 3.955506e-01.
Newton iteration 2.
  Active set size = 5815.
  sub-gradient = 1.038000e+00, l1-norm of X = 3.348094e+00.
  Coordinate descent sweep 1. norm of D = 8.136901e-01, change in D = 8.136901e-01.
    Line search step size chosen: 1.000000e+00.
  Objective value decreased by 1.985797e-02.
Newton iteration 3.
  Active set size = 5814.
  sub-gradient = 1.675748e-01, l1-norm of X = 3.233293e+00.
  Coordinate descent sweep 1. norm of D = 2.045383e-01, change in D = 2.045383e-01.
  Coordinate descent sweep 2. norm of D = 2.739656e-01, change in D = 7.363734e-02.
    Line search step size chosen: 1.000000e+00.
  Objective value decreased by 3.737893e-03.
Newton iteration 4.
  Active set size = 5814.
  sub-gradient = 2.378822e-02, l1-norm of X = 3.404255e+00.
  Coordinate descent sweep 1. norm of D = 2.918107e-02, change in D = 2.918107e-02.
  Coordinate descent sweep 2. norm of D = 3.717721e-02, change in D = 8.221414e-03.
    Line search step size chosen: 1.000000e+00.
  Objective value decreased by 7.934709e-05.
Newton iteration 5.
  Active set size = 5814.
  sub-gradient = 3.399448e-03, l1-norm of X = 3.421690e+00.
  Coordinate descent sweep 1. norm of D = 3.441915e-03, change in D = 3.441915e-03.
  Coordinate descent sweep 2. norm of D = 4.462321e-03, change in D = 1.241407e-03.
    Line search step size chosen: 1.000000e+00.
  Objective value decreased by 1.872218e-06.
Newton iteration 6.
  Active set size = 5814.
  sub-gradient = 7.526373e-04, l1-norm of X = 3.423268e+00.
  Coordinate descent sweep 1. norm of D = 7.437695e-04, change in D = 7.437695e-04.
  Coordinate descent sweep 2. norm of D = 1.129231e-03, change in D = 3.896024e-04.
  Coordinate descent sweep 3. norm of D = 1.209291e-03, change in D = 9.662331e-05.
    Line search step size chosen: 1.000000e+00.
  Objective value decreased by 1.399285e-07.
Newton iteration 7.
  Active set size = 5814.
  sub-gradient = 3.445536e-05, l1-norm of X = 3.423667e+00.
  Coordinate descent sweep 1. norm of D = 4.103199e-05, change in D = 4.103199e-05.
  Coordinate descent sweep 2. norm of D = 5.789572e-05, change in D = 1.701187e-05.
  Coordinate descent sweep 3. norm of D = 6.302288e-05, change in D = 5.131365e-06.
    Line search step size chosen: 1.000000e+00.
  Objective value decreased by 4.656613e-10.
QUIC CPU time: 591.980 seconds
