[1] "GTEx"     "49"       "weighted" "0.72"    
[1] "Data read complete"
Running QUIC version 1.1 in 'default' mode.
Newton iteration 1.
  X is a diagonal matrix.
    Line search step size chosen: 1.000000e+00.
  Objective value decreased by 2.464484e-01.
Newton iteration 2.
  Active set size = 5803.
  sub-gradient = 5.990791e-01, l1-norm of X = 2.238088e+00.
  Coordinate descent sweep 1. norm of D = 4.886732e-01, change in D = 4.886732e-01.
    Line search step size chosen: 1.000000e+00.
  Objective value decreased by 1.042406e-02.
Newton iteration 3.
  Active set size = 5803.
  sub-gradient = 6.533141e-02, l1-norm of X = 2.206823e+00.
  Coordinate descent sweep 1. norm of D = 7.985627e-02, change in D = 7.985627e-02.
  Coordinate descent sweep 2. norm of D = 1.101024e-01, change in D = 3.047362e-02.
    Line search step size chosen: 1.000000e+00.
  Objective value decreased by 7.681743e-04.
Newton iteration 4.
  Active set size = 5803.
  sub-gradient = 7.243048e-03, l1-norm of X = 2.286117e+00.
  Coordinate descent sweep 1. norm of D = 8.633373e-03, change in D = 8.633373e-03.
  Coordinate descent sweep 2. norm of D = 1.286544e-02, change in D = 4.315382e-03.
    Line search step size chosen: 1.000000e+00.
  Objective value decreased by 1.390246e-05.
Newton iteration 5.
  Active set size = 5803.
  sub-gradient = 7.732390e-04, l1-norm of X = 2.294962e+00.
  Coordinate descent sweep 1. norm of D = 1.098102e-03, change in D = 1.098102e-03.
  Coordinate descent sweep 2. norm of D = 1.333785e-03, change in D = 3.212645e-04.
    Line search step size chosen: 1.000000e+00.
  Objective value decreased by 2.671295e-07.
Newton iteration 6.
  Active set size = 5803.
  sub-gradient = 6.072028e-05, l1-norm of X = 2.296021e+00.
  Coordinate descent sweep 1. norm of D = 8.231890e-05, change in D = 8.231890e-05.
  Coordinate descent sweep 2. norm of D = 1.104187e-04, change in D = 2.830488e-05.
  Coordinate descent sweep 3. norm of D = 1.163776e-04, change in D = 7.743529e-06.
    Line search step size chosen: 1.000000e+00.
  Objective value decreased by 2.338311e-09.
QUIC CPU time: 510.950 seconds
