[1] "GTEx"     "49"       "weighted" "0.84"    
[1] "Data read complete"
Running QUIC version 1.1 in 'default' mode.
Newton iteration 1.
  X is a diagonal matrix.
    Line search step size chosen: 1.000000e+00.
  Objective value decreased by 4.232479e-02.
Newton iteration 2.
  Active set size = 5791.
  sub-gradient = 9.095211e-02, l1-norm of X = 6.955349e-01.
  Coordinate descent sweep 1. norm of D = 8.655727e-02, change in D = 8.655727e-02.
    Line search step size chosen: 1.000000e+00.
  Objective value decreased by 5.241765e-04.
Newton iteration 3.
  Active set size = 5791.
  sub-gradient = 4.677714e-03, l1-norm of X = 6.980872e-01.
  Coordinate descent sweep 1. norm of D = 5.153425e-03, change in D = 5.153425e-03.
  Coordinate descent sweep 2. norm of D = 6.035584e-03, change in D = 8.821597e-04.
    Line search step size chosen: 1.000000e+00.
  Objective value decreased by 5.132362e-06.
Newton iteration 4.
  Active set size = 5791.
  sub-gradient = 9.036765e-05, l1-norm of X = 7.033226e-01.
  Coordinate descent sweep 1. norm of D = 9.221772e-05, change in D = 9.221772e-05.
  Coordinate descent sweep 2. norm of D = 1.215149e-04, change in D = 2.959153e-05.
    Line search step size chosen: 1.000000e+00.
  Objective value decreased by 4.170033e-09.
Newton iteration 5.
  Active set size = 5791.
  sub-gradient = 1.572683e-06, l1-norm of X = 7.034451e-01.
  Coordinate descent sweep 1. norm of D = 1.611997e-06, change in D = 1.611997e-06.
  Coordinate descent sweep 2. norm of D = 2.123768e-06, change in D = 5.117712e-07.
    Line search step size chosen: 1.000000e+00.
  Objective value decreased by 0.000000e+00.
QUIC CPU time: 432.110 seconds
