[1] "/data/abattle4/prashanthi/recount3/data/central_nervous_system/all/weighted_covariances/only_sra/cov_10.rds"
[1] "Data read complete"
Running QUIC version 1.1 in 'default' mode.
Newton iteration 1.
  X is a diagonal matrix.
    Line search step size 1.000000e+00.  Lack of positive definiteness.
    Line search step size 5.000000e-01.  Lack of positive definiteness.
    Line search step size 2.500000e-01.  Lack of positive definiteness.
    Line search step size 1.250000e-01.  Lack of positive definiteness.
    Line search step size 6.250000e-02.  Lack of positive definiteness.
    Line search step size chosen: 3.125000e-02.
  Objective value decreased by 2.882950e+02.
Newton iteration 2.
  Active set size = 1309771.
  sub-gradient = 5.363599e+04, l1-norm of X = 7.698597e+02.
  Coordinate descent sweep 1. norm of D = 3.915684e+04, change in D = 3.915684e+04.
    Line search step size 1.000000e+00.  Lack of positive definiteness.
    Line search step size 5.000000e-01.  Lack of positive definiteness.
    Line search step size 2.500000e-01.  Lack of positive definiteness.
    Line search step size 1.250000e-01.  Lack of positive definiteness.
    Line search step size 6.250000e-02.  Lack of positive definiteness.
    Line search step size chosen: 3.125000e-02.
  Objective value decreased by 1.935435e+02.
Newton iteration 3.
  Active set size = 1309973.
  sub-gradient = 4.978577e+04, l1-norm of X = 1.300642e+03.
  Coordinate descent sweep 1. norm of D = 2.405942e+04, change in D = 2.405942e+04.
  Coordinate descent sweep 2. norm of D = 2.111523e+04, change in D = 5.530304e+03.
    Line search step size 1.000000e+00.  Lack of positive definiteness.
    Line search step size 5.000000e-01.  Lack of positive definiteness.
    Line search step size 2.500000e-01.  Lack of positive definiteness.
    Line search step size 1.250000e-01.  Lack of positive definiteness.
    Line search step size chosen: 6.250000e-02.
  Objective value decreased by 1.856319e+02.
Newton iteration 4.
  Active set size = 1314505.
  sub-gradient = 4.077472e+04, l1-norm of X = 1.818677e+03.
  Coordinate descent sweep 1. norm of D = 1.498358e+04, change in D = 1.498358e+04.
  Coordinate descent sweep 2. norm of D = 1.367516e+04, change in D = 3.247997e+03.
    Line search step size 1.000000e+00.  Lack of positive definiteness.
    Line search step size 5.000000e-01.  Lack of positive definiteness.
    Line search step size 2.500000e-01.  Lack of positive definiteness.
    Line search step size chosen: 1.250000e-01.
  Objective value decreased by 1.875255e+02.
Newton iteration 5.
  Active set size = 1327372.
  sub-gradient = 4.197007e+04, l1-norm of X = 2.369911e+03.
  Coordinate descent sweep 1. norm of D = 9.278300e+03, change in D = 9.278300e+03.
  Coordinate descent sweep 2. norm of D = 9.206093e+03, change in D = 2.268622e+03.
    Line search step size 1.000000e+00.  Lack of positive definiteness.
    Line search step size 5.000000e-01.  Lack of positive definiteness.
    Line search step size chosen: 2.500000e-01.
  Objective value decreased by 1.752105e+02.
Newton iteration 6.
  Active set size = 1393479.
  sub-gradient = 1.032190e+05, l1-norm of X = 2.889053e+03.
  Coordinate descent sweep 1. norm of D = 5.630366e+03, change in D = 5.630366e+03.
  Coordinate descent sweep 2. norm of D = 6.184431e+03, change in D = 1.822201e+03.
  Coordinate descent sweep 3. norm of D = 6.459878e+03, change in D = 7.970920e+02.
    Line search step size 1.000000e+00.  Lack of positive definiteness.
    Line search step size chosen: 5.000000e-01.
  Objective value decreased by 1.622655e+02.
Newton iteration 7.
  Active set size = 1544907.
  sub-gradient = 1.765088e+05, l1-norm of X = 3.368567e+03.
  Coordinate descent sweep 1. norm of D = 2.861440e+03, change in D = 2.861440e+03.
  Coordinate descent sweep 2. norm of D = 3.326209e+03, change in D = 1.187387e+03.
  Coordinate descent sweep 3. norm of D = 3.579340e+03, change in D = 6.628770e+02.
    Line search step size chosen: 1.000000e+00.
  Objective value decreased by 1.023414e+02.
Newton iteration 8.
  Active set size = 580070.
  sub-gradient = 2.842282e+04, l1-norm of X = 3.782834e+03.
  Coordinate descent sweep 1. norm of D = 6.334420e+02, change in D = 6.334420e+02.
  Coordinate descent sweep 2. norm of D = 7.371879e+02, change in D = 4.242368e+02.
  Coordinate descent sweep 3. norm of D = 8.193583e+02, change in D = 2.728501e+02.
    Line search step size chosen: 1.000000e+00.
  Objective value decreased by 9.206684e+00.
Newton iteration 9.
  Active set size = 368209.
  sub-gradient = 1.023278e+04, l1-norm of X = 3.864964e+03.
  Coordinate descent sweep 1. norm of D = 3.029680e+02, change in D = 3.029680e+02.
  Coordinate descent sweep 2. norm of D = 3.191800e+02, change in D = 2.018702e+02.
  Coordinate descent sweep 3. norm of D = 3.439873e+02, change in D = 1.249276e+02.
  Coordinate descent sweep 4. norm of D = 3.612466e+02, change in D = 8.261236e+01.
    Line search step size chosen: 1.000000e+00.
  Objective value decreased by 2.465271e+00.
Newton iteration 10.
  Active set size = 327916.
  sub-gradient = 3.809518e+03, l1-norm of X = 3.898511e+03.
  Coordinate descent sweep 1. norm of D = 1.152051e+02, change in D = 1.152051e+02.
  Coordinate descent sweep 2. norm of D = 1.053075e+02, change in D = 7.679553e+01.
  Coordinate descent sweep 3. norm of D = 1.081211e+02, change in D = 4.427269e+01.
  Coordinate descent sweep 4. norm of D = 1.110413e+02, change in D = 2.734139e+01.
    Line search step size chosen: 1.000000e+00.
  Objective value decreased by 3.996300e-01.
Newton iteration 11.
  Active set size = 315862.
  sub-gradient = 1.043843e+03, l1-norm of X = 3.907202e+03.
  Coordinate descent sweep 1. norm of D = 3.431090e+01, change in D = 3.431090e+01.
  Coordinate descent sweep 2. norm of D = 3.064100e+01, change in D = 2.305076e+01.
  Coordinate descent sweep 3. norm of D = 3.089446e+01, change in D = 1.349674e+01.
  Coordinate descent sweep 4. norm of D = 3.138176e+01, change in D = 8.226295e+00.
    Line search step size chosen: 1.000000e+00.
  Objective value decreased by 4.384852e-02.
Newton iteration 12.
  Active set size = 313294.
  sub-gradient = 1.396497e+02, l1-norm of X = 3.909008e+03.
  Coordinate descent sweep 1. norm of D = 9.303191e+00, change in D = 9.303191e+00.
  Coordinate descent sweep 2. norm of D = 9.655289e+00, change in D = 6.261732e+00.
  Coordinate descent sweep 3. norm of D = 9.817051e+00, change in D = 3.568231e+00.
  Coordinate descent sweep 4. norm of D = 1.000990e+01, change in D = 2.288612e+00.
  Coordinate descent sweep 5. norm of D = 1.017824e+01, change in D = 1.662222e+00.
    Line search step size chosen: 1.000000e+00.
  Objective value decreased by 5.147724e-03.
Newton iteration 13.
  Active set size = 313634.
  sub-gradient = 4.662554e+00, l1-norm of X = 3.909465e+03.
  Coordinate descent sweep 1. norm of D = 2.107101e+00, change in D = 2.107101e+00.
  Coordinate descent sweep 2. norm of D = 2.306849e+00, change in D = 1.536774e+00.
  Coordinate descent sweep 3. norm of D = 2.345917e+00, change in D = 9.174088e-01.
  Coordinate descent sweep 4. norm of D = 2.382289e+00, change in D = 6.248363e-01.
  Coordinate descent sweep 5. norm of D = 2.409042e+00, change in D = 4.548454e-01.
    Line search step size chosen: 1.000000e+00.
  Objective value decreased by 4.939553e-04.
Newton iteration 14.
  Active set size = 313665.
  sub-gradient = 4.188821e-01, l1-norm of X = 3.909547e+03.
  Coordinate descent sweep 1. norm of D = 3.676466e-01, change in D = 3.676466e-01.
  Coordinate descent sweep 2. norm of D = 3.995216e-01, change in D = 3.058124e-01.
  Coordinate descent sweep 3. norm of D = 4.104443e-01, change in D = 2.472599e-01.
  Coordinate descent sweep 4. norm of D = 4.140983e-01, change in D = 1.973272e-01.
  Coordinate descent sweep 5. norm of D = 4.190611e-01, change in D = 1.600340e-01.
    Line search step size chosen: 1.000000e+00.
  Objective value decreased by 4.311262e-05.
Newton iteration 15.
  Active set size = 313666.
  sub-gradient = 2.324952e-01, l1-norm of X = 3.909559e+03.
  Coordinate descent sweep 1. norm of D = 1.261396e-01, change in D = 1.261396e-01.
  Coordinate descent sweep 2. norm of D = 1.423404e-01, change in D = 1.068610e-01.
  Coordinate descent sweep 3. norm of D = 1.436741e-01, change in D = 8.630028e-02.
  Coordinate descent sweep 4. norm of D = 1.455369e-01, change in D = 7.190378e-02.
  Coordinate descent sweep 5. norm of D = 1.470374e-01, change in D = 5.827670e-02.
  Coordinate descent sweep 6. norm of D = 1.487159e-01, change in D = 4.801981e-02.
    Line search step size chosen: 1.000000e+00.
  Objective value decreased by 7.628983e-06.
QUIC CPU time: 16334.678 seconds
