[1] "/data/abattle4/prashanthi/recount3/data/central_nervous_system/all/weighted_covariances/only_sra/cov_10.rds"
[1] "Data read complete"
Running QUIC version 1.1 in 'default' mode.
Newton iteration 1.
  X is a diagonal matrix.
    Line search step size 1.000000e+00.  Lack of positive definiteness.
    Line search step size 5.000000e-01.  Lack of positive definiteness.
    Line search step size 2.500000e-01.  Lack of positive definiteness.
    Line search step size chosen: 1.250000e-01.
  Objective value decreased by 3.707219e+01.
Newton iteration 2.
  Active set size = 55581.
  sub-gradient = 1.651033e+03, l1-norm of X = 1.728074e+02.
  Coordinate descent sweep 1. norm of D = 1.490096e+03, change in D = 1.490096e+03.
    Line search step size 1.000000e+00.  Lack of positive definiteness.
    Line search step size 5.000000e-01.  Lack of positive definiteness.
    Line search step size chosen: 2.500000e-01.
  Objective value decreased by 4.271905e+01.
Newton iteration 3.
  Active set size = 55581.
  sub-gradient = 1.092398e+03, l1-norm of X = 4.322866e+02.
  Coordinate descent sweep 1. norm of D = 9.020127e+02, change in D = 9.020127e+02.
  Coordinate descent sweep 2. norm of D = 9.078989e+02, change in D = 1.429679e+02.
    Line search step size 1.000000e+00.  Lack of positive definiteness.
    Line search step size chosen: 5.000000e-01.
  Objective value decreased by 2.799365e+01.
Newton iteration 4.
  Active set size = 55581.
  sub-gradient = 5.734407e+02, l1-norm of X = 6.842543e+02.
  Coordinate descent sweep 1. norm of D = 4.324814e+02, change in D = 4.324814e+02.
  Coordinate descent sweep 2. norm of D = 4.742822e+02, change in D = 9.309394e+01.
    Line search step size chosen: 1.000000e+00.
  Objective value decreased by 1.004039e+01.
Newton iteration 5.
  Active set size = 45576.
  sub-gradient = 9.000370e+01, l1-norm of X = 8.881879e+02.
  Coordinate descent sweep 1. norm of D = 5.206864e+01, change in D = 5.206864e+01.
  Coordinate descent sweep 2. norm of D = 5.949059e+01, change in D = 2.201904e+01.
    Line search step size chosen: 1.000000e+00.
  Objective value decreased by 3.435784e-01.
Newton iteration 6.
  Active set size = 44936.
  sub-gradient = 1.191859e+01, l1-norm of X = 8.920673e+02.
  Coordinate descent sweep 1. norm of D = 1.002877e+01, change in D = 1.002877e+01.
  Coordinate descent sweep 2. norm of D = 1.186009e+01, change in D = 4.782168e+00.
  Coordinate descent sweep 3. norm of D = 1.290988e+01, change in D = 2.289852e+00.
    Line search step size chosen: 1.000000e+00.
  Objective value decreased by 2.860174e-02.
Newton iteration 7.
  Active set size = 44820.
  sub-gradient = 1.227280e+00, l1-norm of X = 8.932998e+02.
  Coordinate descent sweep 1. norm of D = 1.199878e+00, change in D = 1.199878e+00.
  Coordinate descent sweep 2. norm of D = 1.460444e+00, change in D = 6.682546e-01.
  Coordinate descent sweep 3. norm of D = 1.597770e+00, change in D = 3.717114e-01.
    Line search step size chosen: 1.000000e+00.
  Objective value decreased by 1.155715e-03.
Newton iteration 8.
  Active set size = 44809.
  sub-gradient = 2.501845e-01, l1-norm of X = 8.934798e+02.
  Coordinate descent sweep 1. norm of D = 2.183359e-01, change in D = 2.183359e-01.
  Coordinate descent sweep 2. norm of D = 2.665730e-01, change in D = 1.250825e-01.
  Coordinate descent sweep 3. norm of D = 2.967839e-01, change in D = 7.308261e-02.
    Line search step size chosen: 1.000000e+00.
  Objective value decreased by 8.638554e-05.
Newton iteration 9.
  Active set size = 44805.
  sub-gradient = 4.584361e-02, l1-norm of X = 8.935127e+02.
  Coordinate descent sweep 1. norm of D = 4.531088e-02, change in D = 4.531088e-02.
  Coordinate descent sweep 2. norm of D = 5.652850e-02, change in D = 2.640882e-02.
  Coordinate descent sweep 3. norm of D = 6.300927e-02, change in D = 1.512231e-02.
  Coordinate descent sweep 4. norm of D = 6.659367e-02, change in D = 9.642456e-03.
    Line search step size chosen: 1.000000e+00.
  Objective value decreased by 7.738650e-06.
QUIC CPU time: 6616.630 seconds
