[1] "/data/abattle4/prashanthi/recount3/data/central_nervous_system/all/weighted_covariances/only_sra/cov_10.rds"
[1] "Data read complete"
Running QUIC version 1.1 in 'default' mode.
Newton iteration 1.
  X is a diagonal matrix.
    Line search step size chosen: 1.000000e+00.
  Objective value decreased by 7.721737e-01.
Newton iteration 2.
  Active set size = 9139.
  sub-gradient = 7.496421e+00, l1-norm of X = 1.234752e+01.
  Coordinate descent sweep 1. norm of D = 2.660470e+00, change in D = 2.660470e+00.
    Line search step size chosen: 1.000000e+00.
  Objective value decreased by 1.130889e-01.
Newton iteration 3.
  Active set size = 9134.
  sub-gradient = 1.605250e+00, l1-norm of X = 1.149818e+01.
  Coordinate descent sweep 1. norm of D = 1.188042e+00, change in D = 1.188042e+00.
  Coordinate descent sweep 2. norm of D = 1.243167e+00, change in D = 3.376591e-01.
    Line search step size chosen: 1.000000e+00.
  Objective value decreased by 3.023017e-02.
Newton iteration 4.
  Active set size = 9133.
  sub-gradient = 3.216986e-01, l1-norm of X = 1.132949e+01.
  Coordinate descent sweep 1. norm of D = 1.944661e-01, change in D = 1.944661e-01.
  Coordinate descent sweep 2. norm of D = 1.921517e-01, change in D = 8.509927e-02.
    Line search step size chosen: 1.000000e+00.
  Objective value decreased by 1.368575e-03.
Newton iteration 5.
  Active set size = 9132.
  sub-gradient = 3.488055e-02, l1-norm of X = 1.127793e+01.
  Coordinate descent sweep 1. norm of D = 3.051791e-02, change in D = 3.051791e-02.
  Coordinate descent sweep 2. norm of D = 3.256484e-02, change in D = 9.065961e-03.
    Line search step size chosen: 1.000000e+00.
  Objective value decreased by 3.577736e-05.
Newton iteration 6.
  Active set size = 9133.
  sub-gradient = 2.793131e-03, l1-norm of X = 1.127037e+01.
  Coordinate descent sweep 1. norm of D = 2.764388e-03, change in D = 2.764388e-03.
  Coordinate descent sweep 2. norm of D = 2.934829e-03, change in D = 9.206150e-04.
  Coordinate descent sweep 3. norm of D = 3.081693e-03, change in D = 2.863170e-04.
    Line search step size chosen: 1.000000e+00.
  Objective value decreased by 2.608813e-07.
Newton iteration 7.
  Active set size = 9133.
  sub-gradient = 7.396374e-05, l1-norm of X = 1.127032e+01.
  Coordinate descent sweep 1. norm of D = 7.169966e-05, change in D = 7.169966e-05.
  Coordinate descent sweep 2. norm of D = 7.664999e-05, change in D = 2.172857e-05.
  Coordinate descent sweep 3. norm of D = 8.159279e-05, change in D = 7.140602e-06.
    Line search step size chosen: 1.000000e+00.
  Objective value decreased by 1.855369e-10.
QUIC CPU time: 3255.556 seconds
