[1] "/data/abattle4/prashanthi/recount3/data/central_nervous_system/all/weighted_covariances/only_sra/cov_10.rds"
[1] "Data read complete"
Running QUIC version 1.1 in 'default' mode.
Newton iteration 1.
  X is a diagonal matrix.
    Line search step size chosen: 1.000000e+00.
  Objective value decreased by 1.571854e-01.
Newton iteration 2.
  Active set size = 8950.
  sub-gradient = 4.808646e-01, l1-norm of X = 2.461932e+00.
  Coordinate descent sweep 1. norm of D = 3.849734e-01, change in D = 3.849734e-01.
    Line search step size chosen: 1.000000e+00.
  Objective value decreased by 4.575799e-03.
Newton iteration 3.
  Active set size = 8949.
  sub-gradient = 3.769982e-02, l1-norm of X = 2.389328e+00.
  Coordinate descent sweep 1. norm of D = 4.071881e-02, change in D = 4.071881e-02.
  Coordinate descent sweep 2. norm of D = 4.710038e-02, change in D = 8.742858e-03.
    Line search step size chosen: 1.000000e+00.
  Objective value decreased by 1.252130e-04.
Newton iteration 4.
  Active set size = 8949.
  sub-gradient = 1.850200e-03, l1-norm of X = 2.411515e+00.
  Coordinate descent sweep 1. norm of D = 1.845781e-03, change in D = 1.845781e-03.
  Coordinate descent sweep 2. norm of D = 2.326761e-03, change in D = 5.018814e-04.
    Line search step size chosen: 1.000000e+00.
  Objective value decreased by 5.451184e-07.
Newton iteration 5.
  Active set size = 8949.
  sub-gradient = 5.499220e-05, l1-norm of X = 2.411958e+00.
  Coordinate descent sweep 1. norm of D = 6.133369e-05, change in D = 6.133369e-05.
  Coordinate descent sweep 2. norm of D = 8.304902e-05, change in D = 2.239599e-05.
    Line search step size chosen: 1.000000e+00.
  Objective value decreased by 1.755325e-09.
QUIC CPU time: 2333.564 seconds
