[1] "/data/abattle4/prashanthi/recount3/data/central_nervous_system/all/weighted_covariances/only_sra/cov_10.rds"
[1] "Data read complete"
Running QUIC version 1.1 in 'default' mode.
Newton iteration 1.
  X is a diagonal matrix.
    Line search step size chosen: 1.000000e+00.
  Objective value decreased by 2.370157e-03.
Newton iteration 2.
  Active set size = 8911.
  sub-gradient = 4.873113e-03, l1-norm of X = 7.988967e-02.
  Coordinate descent sweep 1. norm of D = 4.821732e-03, change in D = 4.821732e-03.
    Line search step size chosen: 1.000000e+00.
  Objective value decreased by 5.586982e-06.
Newton iteration 3.
  Active set size = 8911.
  sub-gradient = 2.347968e-04, l1-norm of X = 7.970099e-02.
  Coordinate descent sweep 1. norm of D = 2.345244e-04, change in D = 2.345244e-04.
  Coordinate descent sweep 2. norm of D = 2.800116e-04, change in D = 4.548718e-05.
    Line search step size chosen: 1.000000e+00.
  Objective value decreased by 5.295988e-08.
Newton iteration 4.
  Active set size = 8911.
  sub-gradient = 1.237855e-06, l1-norm of X = 8.007790e-02.
  Coordinate descent sweep 1. norm of D = 1.242621e-06, change in D = 1.242621e-06.
  Coordinate descent sweep 2. norm of D = 1.464278e-06, change in D = 2.216571e-07.
    Line search step size chosen: 1.000000e+00.
  Objective value decreased by 1.818989e-12.
QUIC CPU time: 1798.740 seconds
