[1] "sra_normal" "550"        "weighted"   "0.52"      
[1] "Data read complete"
Running QUIC version 1.1 in 'default' mode.
Newton iteration 1.
  X is a diagonal matrix.
    Line search step size chosen: 1.000000e+00.
  Objective value decreased by 3.793772e-01.
Newton iteration 2.
  Active set size = 5819.
  sub-gradient = 1.076246e+00, l1-norm of X = 3.123469e+00.
  Coordinate descent sweep 1. norm of D = 8.578729e-01, change in D = 8.578729e-01.
    Line search step size chosen: 1.000000e+00.
  Objective value decreased by 1.770607e-02.
Newton iteration 3.
  Active set size = 5816.
  sub-gradient = 1.396936e-01, l1-norm of X = 3.024194e+00.
  Coordinate descent sweep 1. norm of D = 1.634304e-01, change in D = 1.634304e-01.
  Coordinate descent sweep 2. norm of D = 2.001133e-01, change in D = 4.319048e-02.
    Line search step size chosen: 1.000000e+00.
  Objective value decreased by 1.736202e-03.
Newton iteration 4.
  Active set size = 5816.
  sub-gradient = 1.322871e-02, l1-norm of X = 3.109021e+00.
  Coordinate descent sweep 1. norm of D = 1.546677e-02, change in D = 1.546677e-02.
  Coordinate descent sweep 2. norm of D = 1.891121e-02, change in D = 3.691834e-03.
    Line search step size chosen: 1.000000e+00.
  Objective value decreased by 2.130456e-05.
Newton iteration 5.
  Active set size = 5816.
  sub-gradient = 8.745653e-04, l1-norm of X = 3.114376e+00.
  Coordinate descent sweep 1. norm of D = 8.960894e-04, change in D = 8.960894e-04.
  Coordinate descent sweep 2. norm of D = 1.278465e-03, change in D = 4.221942e-04.
    Line search step size chosen: 1.000000e+00.
  Objective value decreased by 1.526250e-07.
Newton iteration 6.
  Active set size = 5816.
  sub-gradient = 1.960895e-04, l1-norm of X = 3.114888e+00.
  Coordinate descent sweep 1. norm of D = 1.855836e-04, change in D = 1.855836e-04.
  Coordinate descent sweep 2. norm of D = 2.926974e-04, change in D = 1.265506e-04.
  Coordinate descent sweep 3. norm of D = 3.279227e-04, change in D = 3.767432e-05.
    Line search step size chosen: 1.000000e+00.
  Objective value decreased by 1.020817e-08.
QUIC CPU time: 484.030 seconds
