[1] "sra_normal" "550"        "weighted"   "0.62"      
[1] "Data read complete"
Running QUIC version 1.1 in 'default' mode.
Newton iteration 1.
  X is a diagonal matrix.
    Line search step size chosen: 1.000000e+00.
  Objective value decreased by 8.527383e-02.
Newton iteration 2.
  Active set size = 5775.
  sub-gradient = 1.904924e-01, l1-norm of X = 8.805391e-01.
  Coordinate descent sweep 1. norm of D = 1.707201e-01, change in D = 1.707201e-01.
    Line search step size chosen: 1.000000e+00.
  Objective value decreased by 2.143321e-03.
Newton iteration 3.
  Active set size = 5775.
  sub-gradient = 1.345541e-02, l1-norm of X = 8.848393e-01.
  Coordinate descent sweep 1. norm of D = 1.601772e-02, change in D = 1.601772e-02.
  Coordinate descent sweep 2. norm of D = 1.948670e-02, change in D = 3.760860e-03.
    Line search step size chosen: 1.000000e+00.
  Objective value decreased by 5.143708e-05.
Newton iteration 4.
  Active set size = 5775.
  sub-gradient = 8.140385e-04, l1-norm of X = 8.963119e-01.
  Coordinate descent sweep 1. norm of D = 8.472166e-04, change in D = 8.472166e-04.
  Coordinate descent sweep 2. norm of D = 1.225018e-03, change in D = 3.778993e-04.
    Line search step size chosen: 1.000000e+00.
  Objective value decreased by 2.722127e-07.
Newton iteration 5.
  Active set size = 5775.
  sub-gradient = 7.413659e-05, l1-norm of X = 8.969574e-01.
  Coordinate descent sweep 1. norm of D = 1.075984e-04, change in D = 1.075984e-04.
  Coordinate descent sweep 2. norm of D = 1.146052e-04, change in D = 8.704956e-06.
    Line search step size chosen: 1.000000e+00.
  Objective value decreased by 4.586582e-09.
QUIC CPU time: 482.210 seconds
