[1] "sra_normal" "550"        "weighted"   "0.68"      
[1] "Data read complete"
Running QUIC version 1.1 in 'default' mode.
Newton iteration 1.
  X is a diagonal matrix.
    Line search step size chosen: 1.000000e+00.
  Objective value decreased by 2.865152e-02.
Newton iteration 2.
  Active set size = 5772.
  sub-gradient = 6.191865e-02, l1-norm of X = 3.891526e-01.
  Coordinate descent sweep 1. norm of D = 5.969503e-02, change in D = 5.969503e-02.
    Line search step size chosen: 1.000000e+00.
  Objective value decreased by 4.060296e-04.
Newton iteration 3.
  Active set size = 5772.
  sub-gradient = 2.012246e-03, l1-norm of X = 3.934866e-01.
  Coordinate descent sweep 1. norm of D = 1.972717e-03, change in D = 1.972717e-03.
  Coordinate descent sweep 2. norm of D = 2.204209e-03, change in D = 3.284462e-04.
    Line search step size chosen: 1.000000e+00.
  Objective value decreased by 6.015789e-07.
Newton iteration 4.
  Active set size = 5772.
  sub-gradient = 1.346054e-05, l1-norm of X = 3.937477e-01.
  Coordinate descent sweep 1. norm of D = 1.538605e-05, change in D = 1.538605e-05.
  Coordinate descent sweep 2. norm of D = 1.880129e-05, change in D = 3.415242e-06.
    Line search step size chosen: 1.000000e+00.
  Objective value decreased by 1.127773e-10.
QUIC CPU time: 315.960 seconds
