[1] "sra_normal" "150"        "unweighted" "0.22"      
[1] "Data read complete"
Running QUIC version 1.1 in 'default' mode.
Newton iteration 1.
  X is a diagonal matrix.
    Line search step size 1.000000e+00.  Lack of positive definiteness.
    Line search step size 5.000000e-01.  Lack of positive definiteness.
    Line search step size 2.500000e-01.  Lack of positive definiteness.
    Line search step size 1.250000e-01.  Lack of positive definiteness.
    Line search step size chosen: 6.250000e-02.
  Objective value decreased by 1.861082e+01.
Newton iteration 2.
  Active set size = 31935.
  sub-gradient = 1.228741e+03, l1-norm of X = 3.734652e+01.
  Coordinate descent sweep 1. norm of D = 8.756109e+02, change in D = 8.756109e+02.
    Line search step size 1.000000e+00.  Lack of positive definiteness.
    Line search step size 5.000000e-01.  Lack of positive definiteness.
    Line search step size 2.500000e-01.  Lack of positive definiteness.
    Line search step size chosen: 1.250000e-01.
  Objective value decreased by 1.788785e+01.
Newton iteration 3.
  Active set size = 31935.
  sub-gradient = 9.466122e+02, l1-norm of X = 8.358892e+01.
  Coordinate descent sweep 1. norm of D = 5.486431e+02, change in D = 5.486431e+02.
  Coordinate descent sweep 2. norm of D = 5.034148e+02, change in D = 1.204217e+02.
    Line search step size 1.000000e+00.  Lack of positive definiteness.
    Line search step size chosen: 5.000000e-01.
  Objective value decreased by 2.181855e+01.
Newton iteration 4.
  Active set size = 31935.
  sub-gradient = 5.220362e+02, l1-norm of X = 1.720542e+02.
  Coordinate descent sweep 1. norm of D = 1.964906e+02, change in D = 1.964906e+02.
  Coordinate descent sweep 2. norm of D = 2.186504e+02, change in D = 5.569284e+01.
    Line search step size chosen: 1.000000e+00.
  Objective value decreased by 6.050205e+00.
Newton iteration 5.
  Active set size = 22442.
  sub-gradient = 5.708977e+01, l1-norm of X = 2.089096e+02.
  Coordinate descent sweep 1. norm of D = 3.673774e+01, change in D = 3.673774e+01.
  Coordinate descent sweep 2. norm of D = 4.407219e+01, change in D = 1.795285e+01.
    Line search step size chosen: 1.000000e+00.
  Objective value decreased by 4.630601e-01.
Newton iteration 6.
  Active set size = 21992.
  sub-gradient = 1.239935e+01, l1-norm of X = 2.120162e+02.
  Coordinate descent sweep 1. norm of D = 1.042807e+01, change in D = 1.042807e+01.
  Coordinate descent sweep 2. norm of D = 1.283800e+01, change in D = 6.052466e+00.
  Coordinate descent sweep 3. norm of D = 1.436038e+01, change in D = 3.615739e+00.
    Line search step size chosen: 1.000000e+00.
  Objective value decreased by 8.056683e-02.
Newton iteration 7.
  Active set size = 21871.
  sub-gradient = 2.484487e+00, l1-norm of X = 2.128474e+02.
  Coordinate descent sweep 1. norm of D = 2.370828e+00, change in D = 2.370828e+00.
  Coordinate descent sweep 2. norm of D = 2.944555e+00, change in D = 1.493351e+00.
  Coordinate descent sweep 3. norm of D = 3.291758e+00, change in D = 9.836815e-01.
    Line search step size chosen: 1.000000e+00.
  Objective value decreased by 7.838280e-03.
Newton iteration 8.
  Active set size = 21861.
  sub-gradient = 7.336509e-01, l1-norm of X = 2.130344e+02.
  Coordinate descent sweep 1. norm of D = 6.598564e-01, change in D = 6.598564e-01.
  Coordinate descent sweep 2. norm of D = 8.404799e-01, change in D = 4.432779e-01.
  Coordinate descent sweep 3. norm of D = 9.361287e-01, change in D = 2.940535e-01.
    Line search step size chosen: 1.000000e+00.
  Objective value decreased by 1.154852e-03.
Newton iteration 9.
  Active set size = 21853.
  sub-gradient = 2.248587e-01, l1-norm of X = 2.130778e+02.
  Coordinate descent sweep 1. norm of D = 2.113003e-01, change in D = 2.113003e-01.
  Coordinate descent sweep 2. norm of D = 2.641762e-01, change in D = 1.433441e-01.
  Coordinate descent sweep 3. norm of D = 2.971415e-01, change in D = 1.059121e-01.
  Coordinate descent sweep 4. norm of D = 3.217336e-01, change in D = 7.395095e-02.
    Line search step size chosen: 1.000000e+00.
  Objective value decreased by 1.883350e-04.
Newton iteration 10.
  Active set size = 21851.
  sub-gradient = 6.202688e-02, l1-norm of X = 2.130940e+02.
  Coordinate descent sweep 1. norm of D = 4.992719e-02, change in D = 4.992719e-02.
  Coordinate descent sweep 2. norm of D = 6.686615e-02, change in D = 4.183357e-02.
  Coordinate descent sweep 3. norm of D = 7.811966e-02, change in D = 3.080307e-02.
  Coordinate descent sweep 4. norm of D = 8.268312e-02, change in D = 1.875540e-02.
    Line search step size chosen: 1.000000e+00.
  Objective value decreased by 2.682612e-05.
Newton iteration 11.
  Active set size = 21851.
  sub-gradient = 1.594687e-02, l1-norm of X = 2.130994e+02.
  Coordinate descent sweep 1. norm of D = 1.460217e-02, change in D = 1.460217e-02.
  Coordinate descent sweep 2. norm of D = 1.818074e-02, change in D = 1.123761e-02.
  Coordinate descent sweep 3. norm of D = 2.164122e-02, change in D = 8.599168e-03.
  Coordinate descent sweep 4. norm of D = 2.315545e-02, change in D = 5.474794e-03.
    Line search step size chosen: 1.000000e+00.
  Objective value decreased by 3.876216e-06.
QUIC CPU time: 1036.920 seconds
