[1] "sra_normal" "150"        "0.54"      
[1] "Data read complete"
Running QUIC version 1.1 in 'default' mode.
Newton iteration 1.
  X is a diagonal matrix.
    Line search step size chosen: 1.000000e+00.
  Objective value decreased by 3.455842e-01.
Newton iteration 2.
  Active set size = 5847.
  sub-gradient = 1.279208e+00, l1-norm of X = 3.621366e+00.
  Coordinate descent sweep 1. norm of D = 9.400069e-01, change in D = 9.400069e-01.
    Line search step size chosen: 1.000000e+00.
  Objective value decreased by 1.547151e-02.
Newton iteration 3.
  Active set size = 5841.
  sub-gradient = 1.617024e-01, l1-norm of X = 3.323806e+00.
  Coordinate descent sweep 1. norm of D = 1.801075e-01, change in D = 1.801075e-01.
  Coordinate descent sweep 2. norm of D = 2.080275e-01, change in D = 3.748721e-02.
    Line search step size chosen: 1.000000e+00.
  Objective value decreased by 1.604376e-03.
Newton iteration 4.
  Active set size = 5839.
  sub-gradient = 9.758842e-03, l1-norm of X = 3.440027e+00.
  Coordinate descent sweep 1. norm of D = 1.078947e-02, change in D = 1.078947e-02.
  Coordinate descent sweep 2. norm of D = 1.272483e-02, change in D = 2.757739e-03.
    Line search step size chosen: 1.000000e+00.
  Objective value decreased by 1.317619e-05.
Newton iteration 5.
  Active set size = 5839.
  sub-gradient = 1.537100e-03, l1-norm of X = 3.444033e+00.
  Coordinate descent sweep 1. norm of D = 1.846745e-03, change in D = 1.846745e-03.
  Coordinate descent sweep 2. norm of D = 2.208717e-03, change in D = 3.697794e-04.
    Line search step size chosen: 1.000000e+00.
  Objective value decreased by 5.184911e-07.
Newton iteration 6.
  Active set size = 5839.
  sub-gradient = 7.227010e-05, l1-norm of X = 3.444563e+00.
  Coordinate descent sweep 1. norm of D = 8.256371e-05, change in D = 8.256371e-05.
  Coordinate descent sweep 2. norm of D = 9.806490e-05, change in D = 1.637339e-05.
  Coordinate descent sweep 3. norm of D = 1.049691e-04, change in D = 6.969881e-06.
    Line search step size chosen: 1.000000e+00.
  Objective value decreased by 1.135049e-09.
QUIC CPU time: 947.540 seconds
