[1] "GTEx"       "30"         "unweighted" "0.32"      
[1] "Data read complete"
Running QUIC version 1.1 in 'default' mode.
Newton iteration 1.
  X is a diagonal matrix.
    Line search step size 1.000000e+00.  Lack of positive definiteness.
    Line search step size 5.000000e-01.  Lack of positive definiteness.
    Line search step size 2.500000e-01.  Lack of positive definiteness.
    Line search step size chosen: 1.250000e-01.
  Objective value decreased by 1.078576e+01.
Newton iteration 2.
  Active set size = 8900.
  sub-gradient = 2.240364e+02, l1-norm of X = 2.212018e+01.
  Coordinate descent sweep 1. norm of D = 1.630787e+02, change in D = 1.630787e+02.
    Line search step size 1.000000e+00.  Lack of positive definiteness.
    Line search step size chosen: 5.000000e-01.
  Objective value decreased by 8.933922e+00.
Newton iteration 3.
  Active set size = 9103.
  sub-gradient = 1.602631e+03, l1-norm of X = 6.910416e+01.
  Coordinate descent sweep 1. norm of D = 5.367431e+01, change in D = 5.367431e+01.
  Coordinate descent sweep 2. norm of D = 6.427749e+01, change in D = 2.024237e+01.
    Line search step size chosen: 1.000000e+00.
  Objective value decreased by 5.110615e+00.
Newton iteration 4.
  Active set size = 8384.
  sub-gradient = 6.700180e+02, l1-norm of X = 8.258599e+01.
  Coordinate descent sweep 1. norm of D = 2.275453e+01, change in D = 2.275453e+01.
  Coordinate descent sweep 2. norm of D = 2.741005e+01, change in D = 1.257790e+01.
    Line search step size chosen: 1.000000e+00.
  Objective value decreased by 1.856394e+00.
Newton iteration 5.
  Active set size = 8201.
  sub-gradient = 2.681812e+02, l1-norm of X = 8.410566e+01.
  Coordinate descent sweep 1. norm of D = 1.175039e+01, change in D = 1.175039e+01.
  Coordinate descent sweep 2. norm of D = 1.484710e+01, change in D = 7.723427e+00.
    Line search step size chosen: 1.000000e+00.
  Objective value decreased by 8.970745e-01.
Newton iteration 6.
  Active set size = 8102.
  sub-gradient = 1.106326e+02, l1-norm of X = 8.476170e+01.
  Coordinate descent sweep 1. norm of D = 7.530645e+00, change in D = 7.530645e+00.
  Coordinate descent sweep 2. norm of D = 9.215294e+00, change in D = 5.093665e+00.
  Coordinate descent sweep 3. norm of D = 1.044942e+01, change in D = 3.242250e+00.
    Line search step size chosen: 1.000000e+00.
  Objective value decreased by 5.736012e-01.
Newton iteration 7.
  Active set size = 8067.
  sub-gradient = 4.122816e+01, l1-norm of X = 8.532946e+01.
  Coordinate descent sweep 1. norm of D = 4.079317e+00, change in D = 4.079317e+00.
  Coordinate descent sweep 2. norm of D = 4.593037e+00, change in D = 2.559704e+00.
  Coordinate descent sweep 3. norm of D = 5.191924e+00, change in D = 1.700664e+00.
    Line search step size chosen: 1.000000e+00.
  Objective value decreased by 2.359423e-01.
Newton iteration 8.
  Active set size = 8038.
  sub-gradient = 1.277847e+01, l1-norm of X = 8.542618e+01.
  Coordinate descent sweep 1. norm of D = 2.102491e+00, change in D = 2.102491e+00.
  Coordinate descent sweep 2. norm of D = 2.246986e+00, change in D = 1.371740e+00.
  Coordinate descent sweep 3. norm of D = 2.396062e+00, change in D = 8.428143e-01.
    Line search step size chosen: 1.000000e+00.
  Objective value decreased by 5.750899e-02.
Newton iteration 9.
  Active set size = 8025.
  sub-gradient = 2.850414e+00, l1-norm of X = 8.535997e+01.
  Coordinate descent sweep 1. norm of D = 7.165541e-01, change in D = 7.165541e-01.
  Coordinate descent sweep 2. norm of D = 8.320074e-01, change in D = 4.479265e-01.
  Coordinate descent sweep 3. norm of D = 9.052671e-01, change in D = 2.975384e-01.
  Coordinate descent sweep 4. norm of D = 9.702222e-01, change in D = 1.797703e-01.
    Line search step size chosen: 1.000000e+00.
  Objective value decreased by 5.377180e-03.
Newton iteration 10.
  Active set size = 8021.
  sub-gradient = 2.623112e-01, l1-norm of X = 8.535968e+01.
  Coordinate descent sweep 1. norm of D = 1.442834e-01, change in D = 1.442834e-01.
  Coordinate descent sweep 2. norm of D = 1.886084e-01, change in D = 1.034811e-01.
  Coordinate descent sweep 3. norm of D = 2.146697e-01, change in D = 6.146979e-02.
  Coordinate descent sweep 4. norm of D = 2.386551e-01, change in D = 5.284074e-02.
    Line search step size chosen: 1.000000e+00.
  Objective value decreased by 3.029780e-04.
Newton iteration 11.
  Active set size = 8021.
  sub-gradient = 3.963065e-02, l1-norm of X = 8.538048e+01.
  Coordinate descent sweep 1. norm of D = 3.844557e-02, change in D = 3.844557e-02.
  Coordinate descent sweep 2. norm of D = 5.607719e-02, change in D = 3.161060e-02.
  Coordinate descent sweep 3. norm of D = 6.769866e-02, change in D = 2.235211e-02.
  Coordinate descent sweep 4. norm of D = 7.863429e-02, change in D = 1.954479e-02.
    Line search step size chosen: 1.000000e+00.
  Objective value decreased by 6.043092e-05.
Newton iteration 12.
  Active set size = 8021.
  sub-gradient = 2.046800e-02, l1-norm of X = 8.538988e+01.
  Coordinate descent sweep 1. norm of D = 1.689489e-02, change in D = 1.689489e-02.
  Coordinate descent sweep 2. norm of D = 2.477166e-02, change in D = 1.354109e-02.
  Coordinate descent sweep 3. norm of D = 3.006995e-02, change in D = 1.011363e-02.
  Coordinate descent sweep 4. norm of D = 3.308315e-02, change in D = 8.091705e-03.
  Coordinate descent sweep 5. norm of D = 3.628994e-02, change in D = 7.100356e-03.
    Line search step size chosen: 1.000000e+00.
  Objective value decreased by 1.886500e-05.
Newton iteration 13.
  Active set size = 8021.
  sub-gradient = 5.125747e-03, l1-norm of X = 8.539560e+01.
  Coordinate descent sweep 1. norm of D = 6.321642e-03, change in D = 6.321642e-03.
  Coordinate descent sweep 2. norm of D = 8.756706e-03, change in D = 5.560758e-03.
  Coordinate descent sweep 3. norm of D = 1.102476e-02, change in D = 4.742217e-03.
  Coordinate descent sweep 4. norm of D = 1.326197e-02, change in D = 3.623866e-03.
  Coordinate descent sweep 5. norm of D = 1.490919e-02, change in D = 2.920210e-03.
    Line search step size chosen: 1.000000e+00.
  Objective value decreased by 3.515244e-06.
QUIC CPU time: 2362.790 seconds
