[1] "GTEx"       "30"         "unweighted" "0.64"      
[1] "Data read complete"
Running QUIC version 1.1 in 'default' mode.
Newton iteration 1.
  X is a diagonal matrix.
    Line search step size chosen: 1.000000e+00.
  Objective value decreased by 7.406090e-01.
Newton iteration 2.
  Active set size = 5854.
  sub-gradient = 2.443828e+00, l1-norm of X = 6.392138e+00.
  Coordinate descent sweep 1. norm of D = 1.712909e+00, change in D = 1.712909e+00.
    Line search step size chosen: 1.000000e+00.
  Objective value decreased by 5.439641e-02.
Newton iteration 3.
  Active set size = 5852.
  sub-gradient = 3.326091e-01, l1-norm of X = 6.026127e+00.
  Coordinate descent sweep 1. norm of D = 3.855030e-01, change in D = 3.855030e-01.
  Coordinate descent sweep 2. norm of D = 4.828659e-01, change in D = 1.157647e-01.
    Line search step size chosen: 1.000000e+00.
  Objective value decreased by 4.405870e-03.
Newton iteration 4.
  Active set size = 5852.
  sub-gradient = 3.749899e-02, l1-norm of X = 6.278474e+00.
  Coordinate descent sweep 1. norm of D = 4.322255e-02, change in D = 4.322255e-02.
  Coordinate descent sweep 2. norm of D = 6.195224e-02, change in D = 2.054357e-02.
    Line search step size chosen: 1.000000e+00.
  Objective value decreased by 1.417047e-04.
Newton iteration 5.
  Active set size = 5852.
  sub-gradient = 5.525260e-03, l1-norm of X = 6.305824e+00.
  Coordinate descent sweep 1. norm of D = 6.117966e-03, change in D = 6.117966e-03.
  Coordinate descent sweep 2. norm of D = 9.510524e-03, change in D = 3.483675e-03.
    Line search step size chosen: 1.000000e+00.
  Objective value decreased by 6.073414e-06.
Newton iteration 6.
  Active set size = 5852.
  sub-gradient = 1.161210e-03, l1-norm of X = 6.310502e+00.
  Coordinate descent sweep 1. norm of D = 1.741962e-03, change in D = 1.741962e-03.
  Coordinate descent sweep 2. norm of D = 2.331308e-03, change in D = 6.801542e-04.
  Coordinate descent sweep 3. norm of D = 2.583699e-03, change in D = 2.621069e-04.
    Line search step size chosen: 1.000000e+00.
  Objective value decreased by 5.196653e-07.
Newton iteration 7.
  Active set size = 5852.
  sub-gradient = 7.419580e-05, l1-norm of X = 6.312007e+00.
  Coordinate descent sweep 1. norm of D = 9.774479e-05, change in D = 9.774479e-05.
  Coordinate descent sweep 2. norm of D = 1.474235e-04, change in D = 5.609454e-05.
  Coordinate descent sweep 3. norm of D = 1.859132e-04, change in D = 3.860716e-05.
    Line search step size chosen: 1.000000e+00.
  Objective value decreased by 2.790330e-09.
QUIC CPU time: 582.600 seconds
