[1] "GTEx"       "30"         "unweighted" "0.76"      
[1] "Data read complete"
Running QUIC version 1.1 in 'default' mode.
Newton iteration 1.
  X is a diagonal matrix.
    Line search step size chosen: 1.000000e+00.
  Objective value decreased by 1.679970e-01.
Newton iteration 2.
  Active set size = 5800.
  sub-gradient = 3.856648e-01, l1-norm of X = 1.803799e+00.
  Coordinate descent sweep 1. norm of D = 3.434841e-01, change in D = 3.434841e-01.
    Line search step size chosen: 1.000000e+00.
  Objective value decreased by 4.955154e-03.
Newton iteration 3.
  Active set size = 5800.
  sub-gradient = 3.964672e-02, l1-norm of X = 1.798881e+00.
  Coordinate descent sweep 1. norm of D = 4.576925e-02, change in D = 4.576925e-02.
  Coordinate descent sweep 2. norm of D = 5.836751e-02, change in D = 1.268941e-02.
    Line search step size chosen: 1.000000e+00.
  Objective value decreased by 2.682637e-04.
Newton iteration 4.
  Active set size = 5800.
  sub-gradient = 2.217912e-03, l1-norm of X = 1.840779e+00.
  Coordinate descent sweep 1. norm of D = 2.923091e-03, change in D = 2.923091e-03.
  Coordinate descent sweep 2. norm of D = 3.584216e-03, change in D = 6.688733e-04.
    Line search step size chosen: 1.000000e+00.
  Objective value decreased by 1.241543e-06.
Newton iteration 5.
  Active set size = 5800.
  sub-gradient = 1.430581e-04, l1-norm of X = 1.843492e+00.
  Coordinate descent sweep 1. norm of D = 1.522210e-04, change in D = 1.522210e-04.
  Coordinate descent sweep 2. norm of D = 1.928149e-04, change in D = 4.680242e-05.
    Line search step size chosen: 1.000000e+00.
  Objective value decreased by 4.201866e-09.
QUIC CPU time: 436.410 seconds
