[1] "GTEx"       "30"         "unweighted" "0.84"      
[1] "Data read complete"
Running QUIC version 1.1 in 'default' mode.
Newton iteration 1.
  X is a diagonal matrix.
    Line search step size chosen: 1.000000e+00.
  Objective value decreased by 4.485914e-02.
Newton iteration 2.
  Active set size = 5793.
  sub-gradient = 9.629575e-02, l1-norm of X = 7.810169e-01.
  Coordinate descent sweep 1. norm of D = 9.114907e-02, change in D = 9.114907e-02.
    Line search step size chosen: 1.000000e+00.
  Objective value decreased by 5.343684e-04.
Newton iteration 3.
  Active set size = 5793.
  sub-gradient = 6.573012e-03, l1-norm of X = 7.797077e-01.
  Coordinate descent sweep 1. norm of D = 8.831384e-03, change in D = 8.831384e-03.
  Coordinate descent sweep 2. norm of D = 9.515577e-03, change in D = 7.193713e-04.
    Line search step size chosen: 1.000000e+00.
  Objective value decreased by 2.067353e-05.
Newton iteration 4.
  Active set size = 5793.
  sub-gradient = 7.235796e-05, l1-norm of X = 7.891983e-01.
  Coordinate descent sweep 1. norm of D = 7.705744e-05, change in D = 7.705744e-05.
  Coordinate descent sweep 2. norm of D = 9.430685e-05, change in D = 1.754309e-05.
    Line search step size chosen: 1.000000e+00.
  Objective value decreased by 1.128683e-09.
QUIC CPU time: 357.140 seconds
