[1] "GTEx"       "30"         "unweighted" "0.86"      
[1] "Data read complete"
Running QUIC version 1.1 in 'default' mode.
Newton iteration 1.
  X is a diagonal matrix.
    Line search step size chosen: 1.000000e+00.
  Objective value decreased by 2.879372e-02.
Newton iteration 2.
  Active set size = 5791.
  sub-gradient = 6.103418e-02, l1-norm of X = 6.022811e-01.
  Coordinate descent sweep 1. norm of D = 5.881554e-02, change in D = 5.881554e-02.
    Line search step size chosen: 1.000000e+00.
  Objective value decreased by 2.576231e-04.
Newton iteration 3.
  Active set size = 5791.
  sub-gradient = 2.232977e-03, l1-norm of X = 6.044433e-01.
  Coordinate descent sweep 1. norm of D = 2.497266e-03, change in D = 2.497266e-03.
  Coordinate descent sweep 2. norm of D = 2.746719e-03, change in D = 2.494537e-04.
    Line search step size chosen: 1.000000e+00.
  Objective value decreased by 1.064998e-06.
Newton iteration 4.
  Active set size = 5791.
  sub-gradient = 1.936238e-05, l1-norm of X = 6.068493e-01.
  Coordinate descent sweep 1. norm of D = 2.002225e-05, change in D = 2.002225e-05.
  Coordinate descent sweep 2. norm of D = 2.393398e-05, change in D = 3.935891e-06.
    Line search step size chosen: 1.000000e+00.
  Objective value decreased by 1.136868e-10.
QUIC CPU time: 348.510 seconds
