[1] "GTEx"       "49"         "unweighted" "0.04"      
[1] "Data read complete"
Running QUIC version 1.1 in 'default' mode.
Newton iteration 1.
  X is a diagonal matrix.
    Line search step size 1.000000e+00.  Lack of positive definiteness.
    Line search step size 5.000000e-01.  Lack of positive definiteness.
    Line search step size 2.500000e-01.  Lack of positive definiteness.
    Line search step size 1.250000e-01.  Lack of positive definiteness.
    Line search step size 6.250000e-02.  Lack of positive definiteness.
    Line search step size chosen: 3.125000e-02.
  Objective value decreased by 1.876616e+02.
Newton iteration 2.
  Active set size = 2785933.
  sub-gradient = 5.529368e+04, l1-norm of X = 1.450987e+02.
  Coordinate descent sweep 1. norm of D = 3.700140e+04, change in D = 3.700140e+04.
    Line search step size 1.000000e+00.  Lack of positive definiteness.
    Line search step size 5.000000e-01.  Lack of positive definiteness.
    Line search step size 2.500000e-01.  Lack of positive definiteness.
    Line search step size 1.250000e-01.  Lack of positive definiteness.
    Line search step size chosen: 6.250000e-02.
  Objective value decreased by 2.114523e+02.
Newton iteration 3.
  Active set size = 3050745.
  sub-gradient = 5.082504e+04, l1-norm of X = 3.273072e+02.
  Coordinate descent sweep 1. norm of D = 1.817511e+04, change in D = 1.817511e+04.
  Coordinate descent sweep 2. norm of D = 1.532228e+04, change in D = 5.697820e+03.
    Line search step size 1.000000e+00.  Lack of positive definiteness.
    Line search step size 5.000000e-01.  Lack of positive definiteness.
    Line search step size 2.500000e-01.  Lack of positive definiteness.
    Line search step size chosen: 1.250000e-01.
  Objective value decreased by 1.378465e+02.
Newton iteration 4.
  Active set size = 2990909.
  sub-gradient = 4.328015e+04, l1-norm of X = 4.512227e+02.
  Coordinate descent sweep 1. norm of D = 1.130081e+04, change in D = 1.130081e+04.
  Coordinate descent sweep 2. norm of D = 1.011455e+04, change in D = 3.893445e+03.
    Line search step size 1.000000e+00.  Lack of positive definiteness.
    Line search step size 5.000000e-01.  Lack of positive definiteness.
    Line search step size chosen: 2.500000e-01.
  Objective value decreased by 1.340418e+02.
Newton iteration 5.
  Active set size = 2920539.
  sub-gradient = 3.400236e+04, l1-norm of X = 5.791679e+02.
  Coordinate descent sweep 1. norm of D = 6.558250e+03, change in D = 6.558250e+03.
  Coordinate descent sweep 2. norm of D = 6.604173e+03, change in D = 2.187117e+03.
    Line search step size chosen: 1.000000e+00.
  Objective value decreased by 1.322223e+02.
Newton iteration 6.
  Active set size = 4036513.
  sub-gradient = 1.221091e+05, l1-norm of X = 7.935472e+02.
  Coordinate descent sweep 1. norm of D = 1.301366e+03, change in D = 1.301366e+03.
  Coordinate descent sweep 2. norm of D = 1.298348e+03, change in D = 9.342106e+02.
  Coordinate descent sweep 3. norm of D = 1.352532e+03, change in D = 6.190271e+02.
    Line search step size chosen: 1.000000e+00.
  Objective value decreased by 2.638910e+01.
Newton iteration 7.
  Active set size = 1585011.
  sub-gradient = 2.776608e+04, l1-norm of X = 7.996039e+02.
  Coordinate descent sweep 1. norm of D = 8.493746e+02, change in D = 8.493746e+02.
  Coordinate descent sweep 2. norm of D = 8.020852e+02, change in D = 6.156384e+02.
  Coordinate descent sweep 3. norm of D = 8.119725e+02, change in D = 3.834516e+02.
    Line search step size chosen: 1.000000e+00.
  Objective value decreased by 1.097579e+01.
Newton iteration 8.
  Active set size = 992614.
  sub-gradient = 7.873850e+03, l1-norm of X = 7.975862e+02.
  Coordinate descent sweep 1. norm of D = 4.959663e+02, change in D = 4.959663e+02.
  Coordinate descent sweep 2. norm of D = 4.379027e+02, change in D = 3.712712e+02.
  Coordinate descent sweep 3. norm of D = 4.333067e+02, change in D = 2.152766e+02.
    Line search step size chosen: 1.000000e+00.
  Objective value decreased by 3.980290e+00.
Newton iteration 9.
  Active set size = 872392.
  sub-gradient = 2.267965e+03, l1-norm of X = 7.946532e+02.
  Coordinate descent sweep 1. norm of D = 2.605265e+02, change in D = 2.605265e+02.
  Coordinate descent sweep 2. norm of D = 2.296841e+02, change in D = 1.994320e+02.
  Coordinate descent sweep 3. norm of D = 2.304429e+02, change in D = 1.126764e+02.
  Coordinate descent sweep 4. norm of D = 2.374993e+02, change in D = 7.519881e+01.
    Line search step size chosen: 1.000000e+00.
  Objective value decreased by 1.559450e+00.
Newton iteration 10.
  Active set size = 837828.
  sub-gradient = 5.313011e+02, l1-norm of X = 7.940054e+02.
  Coordinate descent sweep 1. norm of D = 1.073216e+02, change in D = 1.073216e+02.
  Coordinate descent sweep 2. norm of D = 1.007789e+02, change in D = 8.629336e+01.
  Coordinate descent sweep 3. norm of D = 1.034194e+02, change in D = 5.482919e+01.
  Coordinate descent sweep 4. norm of D = 1.074747e+02, change in D = 4.275719e+01.
    Line search step size chosen: 1.000000e+00.
  Objective value decreased by 5.706318e-01.
Newton iteration 11.
  Active set size = 828743.
  sub-gradient = 9.013517e+01, l1-norm of X = 7.942887e+02.
  Coordinate descent sweep 1. norm of D = 4.252328e+01, change in D = 4.252328e+01.
  Coordinate descent sweep 2. norm of D = 4.852700e+01, change in D = 3.879705e+01.
  Coordinate descent sweep 3. norm of D = 5.130027e+01, change in D = 3.249048e+01.
  Coordinate descent sweep 4. norm of D = 5.309143e+01, change in D = 2.787976e+01.
    Line search step size chosen: 1.000000e+00.
  Objective value decreased by 3.133445e-01.
Newton iteration 12.
  Active set size = 827446.
  sub-gradient = 2.655376e+01, l1-norm of X = 7.946228e+02.
  Coordinate descent sweep 1. norm of D = 2.602728e+01, change in D = 2.602728e+01.
  Coordinate descent sweep 2. norm of D = 3.030433e+01, change in D = 2.449213e+01.
  Coordinate descent sweep 3. norm of D = 3.322667e+01, change in D = 2.362212e+01.
  Coordinate descent sweep 4. norm of D = 3.460339e+01, change in D = 2.181194e+01.
  Coordinate descent sweep 5. norm of D = 3.597788e+01, change in D = 2.041237e+01.
    Line search step size chosen: 1.000000e+00.
  Objective value decreased by 2.524861e-01.
Newton iteration 13.
  Active set size = 827227.
  sub-gradient = 1.634088e+01, l1-norm of X = 7.948744e+02.
  Coordinate descent sweep 1. norm of D = 1.857703e+01, change in D = 1.857703e+01.
  Coordinate descent sweep 2. norm of D = 2.246907e+01, change in D = 1.803143e+01.
  Coordinate descent sweep 3. norm of D = 2.411445e+01, change in D = 1.684029e+01.
  Coordinate descent sweep 4. norm of D = 2.470441e+01, change in D = 1.528314e+01.
  Coordinate descent sweep 5. norm of D = 2.626263e+01, change in D = 1.509387e+01.
    Line search step size chosen: 1.000000e+00.
  Objective value decreased by 1.600873e-01.
Newton iteration 14.
  Active set size = 827137.
  sub-gradient = 1.333031e+01, l1-norm of X = 7.950328e+02.
  Coordinate descent sweep 1. norm of D = 1.438606e+01, change in D = 1.438606e+01.
  Coordinate descent sweep 2. norm of D = 1.724349e+01, change in D = 1.428221e+01.
  Coordinate descent sweep 3. norm of D = 1.830832e+01, change in D = 1.345400e+01.
  Coordinate descent sweep 4. norm of D = 1.935811e+01, change in D = 1.289631e+01.
  Coordinate descent sweep 5. norm of D = 1.978505e+01, change in D = 1.205582e+01.
    Line search step size chosen: 1.000000e+00.
  Objective value decreased by 1.140527e-01.
Newton iteration 15.
  Active set size = 827040.
  sub-gradient = 1.130177e+01, l1-norm of X = 7.951498e+02.
  Coordinate descent sweep 1. norm of D = 1.086946e+01, change in D = 1.086946e+01.
  Coordinate descent sweep 2. norm of D = 1.344014e+01, change in D = 1.099589e+01.
  Coordinate descent sweep 3. norm of D = 1.429705e+01, change in D = 1.058776e+01.
  Coordinate descent sweep 4. norm of D = 1.513865e+01, change in D = 1.029748e+01.
  Coordinate descent sweep 5. norm of D = 1.569151e+01, change in D = 1.019719e+01.
  Coordinate descent sweep 6. norm of D = 1.643443e+01, change in D = 1.016228e+01.
    Line search step size chosen: 1.000000e+00.
  Objective value decreased by 9.944944e-02.
Newton iteration 16.
  Active set size = 827068.
  sub-gradient = 1.098816e+01, l1-norm of X = 7.952496e+02.
  Coordinate descent sweep 1. norm of D = 1.007630e+01, change in D = 1.007630e+01.
  Coordinate descent sweep 2. norm of D = 1.129588e+01, change in D = 9.368591e+00.
  Coordinate descent sweep 3. norm of D = 1.172223e+01, change in D = 8.543917e+00.
  Coordinate descent sweep 4. norm of D = 1.280607e+01, change in D = 8.723315e+00.
  Coordinate descent sweep 5. norm of D = 1.315106e+01, change in D = 8.573731e+00.
  Coordinate descent sweep 6. norm of D = 1.330945e+01, change in D = 7.984709e+00.
    Line search step size chosen: 1.000000e+00.
  Objective value decreased by 7.284136e-02.
Newton iteration 17.
  Active set size = 826969.
  sub-gradient = 7.777964e+00, l1-norm of X = 7.953254e+02.
  Coordinate descent sweep 1. norm of D = 8.009783e+00, change in D = 8.009783e+00.
  Coordinate descent sweep 2. norm of D = 9.029769e+00, change in D = 7.682787e+00.
  Coordinate descent sweep 3. norm of D = 9.373590e+00, change in D = 7.122895e+00.
  Coordinate descent sweep 4. norm of D = 9.741637e+00, change in D = 6.517963e+00.
  Coordinate descent sweep 5. norm of D = 1.059339e+01, change in D = 6.764468e+00.
  Coordinate descent sweep 6. norm of D = 1.026447e+01, change in D = 5.869953e+00.
    Line search step size chosen: 1.000000e+00.
  Objective value decreased by 5.612411e-02.
Newton iteration 18.
  Active set size = 827043.
  sub-gradient = 1.096715e+01, l1-norm of X = 7.954005e+02.
  Coordinate descent sweep 1. norm of D = 6.934820e+00, change in D = 6.934820e+00.
  Coordinate descent sweep 2. norm of D = 7.513444e+00, change in D = 7.095147e+00.
  Coordinate descent sweep 3. norm of D = 7.747093e+00, change in D = 6.560815e+00.
  Coordinate descent sweep 4. norm of D = 8.033063e+00, change in D = 6.256061e+00.
  Coordinate descent sweep 5. norm of D = 8.319874e+00, change in D = 6.051436e+00.
  Coordinate descent sweep 6. norm of D = 8.940044e+00, change in D = 6.403707e+00.
  Coordinate descent sweep 7. norm of D = 9.023421e+00, change in D = 6.127175e+00.
    Line search step size chosen: 1.000000e+00.
  Objective value decreased by 4.974340e-02.
Newton iteration 19.
  Active set size = 826851.
  sub-gradient = 5.211612e+00, l1-norm of X = 7.954522e+02.
  Coordinate descent sweep 1. norm of D = 5.730403e+00, change in D = 5.730403e+00.
  Coordinate descent sweep 2. norm of D = 6.905147e+00, change in D = 5.806999e+00.
  Coordinate descent sweep 3. norm of D = 7.240796e+00, change in D = 5.771547e+00.
  Coordinate descent sweep 4. norm of D = 7.734308e+00, change in D = 5.665506e+00.
  Coordinate descent sweep 5. norm of D = 7.895509e+00, change in D = 5.411122e+00.
  Coordinate descent sweep 6. norm of D = 8.334468e+00, change in D = 5.486577e+00.
  Coordinate descent sweep 7. norm of D = 8.253207e+00, change in D = 4.953515e+00.
    Line search step size chosen: 1.000000e+00.
  Objective value decreased by 4.173751e-02.
Newton iteration 20.
  Active set size = 826862.
  sub-gradient = 4.372519e+00, l1-norm of X = 7.955095e+02.
  Coordinate descent sweep 1. norm of D = 4.284345e+00, change in D = 4.284345e+00.
  Coordinate descent sweep 2. norm of D = 5.565938e+00, change in D = 4.752603e+00.
  Coordinate descent sweep 3. norm of D = 5.825014e+00, change in D = 4.639271e+00.
  Coordinate descent sweep 4. norm of D = 6.427046e+00, change in D = 4.993727e+00.
  Coordinate descent sweep 5. norm of D = 6.107526e+00, change in D = 4.347675e+00.
  Coordinate descent sweep 6. norm of D = 6.815513e+00, change in D = 4.594217e+00.
  Coordinate descent sweep 7. norm of D = 6.661167e+00, change in D = 4.314753e+00.
    Line search step size chosen: 1.000000e+00.
  Objective value decreased by 3.222642e-02.
Newton iteration 21.
  Active set size = 826822.
  sub-gradient = 4.150889e+00, l1-norm of X = 7.955477e+02.
  Coordinate descent sweep 1. norm of D = 4.250988e+00, change in D = 4.250988e+00.
  Coordinate descent sweep 2. norm of D = 5.038317e+00, change in D = 4.498688e+00.
  Coordinate descent sweep 3. norm of D = 5.171407e+00, change in D = 4.287475e+00.
  Coordinate descent sweep 4. norm of D = 5.625074e+00, change in D = 4.274834e+00.
  Coordinate descent sweep 5. norm of D = 5.772081e+00, change in D = 4.207790e+00.
  Coordinate descent sweep 6. norm of D = 6.091900e+00, change in D = 4.222694e+00.
  Coordinate descent sweep 7. norm of D = 6.250664e+00, change in D = 4.133519e+00.
  Coordinate descent sweep 8. norm of D = 6.232283e+00, change in D = 3.887850e+00.
    Line search step size chosen: 1.000000e+00.
  Objective value decreased by 3.038595e-02.
Newton iteration 22.
  Active set size = 826872.
  sub-gradient = 4.013764e+00, l1-norm of X = 7.955906e+02.
  Coordinate descent sweep 1. norm of D = 3.776356e+00, change in D = 3.776356e+00.
  Coordinate descent sweep 2. norm of D = 4.449388e+00, change in D = 3.940207e+00.
  Coordinate descent sweep 3. norm of D = 4.848455e+00, change in D = 4.047447e+00.
  Coordinate descent sweep 4. norm of D = 4.964225e+00, change in D = 3.758701e+00.
  Coordinate descent sweep 5. norm of D = 5.046371e+00, change in D = 3.530950e+00.
  Coordinate descent sweep 6. norm of D = 5.099245e+00, change in D = 3.194617e+00.
  Coordinate descent sweep 7. norm of D = 5.328245e+00, change in D = 3.074400e+00.
  Coordinate descent sweep 8. norm of D = 5.486517e+00, change in D = 3.055633e+00.
    Line search step size chosen: 1.000000e+00.
  Objective value decreased by 2.542560e-02.
Newton iteration 23.
  Active set size = 826777.
  sub-gradient = 2.593488e+00, l1-norm of X = 7.956339e+02.
  Coordinate descent sweep 1. norm of D = 2.972147e+00, change in D = 2.972147e+00.
  Coordinate descent sweep 2. norm of D = 3.983786e+00, change in D = 3.576762e+00.
  Coordinate descent sweep 3. norm of D = 4.097211e+00, change in D = 3.550650e+00.
  Coordinate descent sweep 4. norm of D = 4.587369e+00, change in D = 3.743885e+00.
  Coordinate descent sweep 5. norm of D = 4.568471e+00, change in D = 3.624166e+00.
  Coordinate descent sweep 6. norm of D = 4.470370e+00, change in D = 3.269272e+00.
  Coordinate descent sweep 7. norm of D = 4.867053e+00, change in D = 3.346220e+00.
  Coordinate descent sweep 8. norm of D = 4.816040e+00, change in D = 3.228494e+00.
    Line search step size chosen: 1.000000e+00.
  Objective value decreased by 1.954517e-02.
Newton iteration 24.
  Active set size = 826798.
  sub-gradient = 2.792266e+00, l1-norm of X = 7.956589e+02.
  Coordinate descent sweep 1. norm of D = 2.907023e+00, change in D = 2.907023e+00.
  Coordinate descent sweep 2. norm of D = 3.260699e+00, change in D = 2.642339e+00.
  Coordinate descent sweep 3. norm of D = 3.757028e+00, change in D = 2.890015e+00.
  Coordinate descent sweep 4. norm of D = 3.682631e+00, change in D = 2.644049e+00.
  Coordinate descent sweep 5. norm of D = 4.182451e+00, change in D = 2.956788e+00.
  Coordinate descent sweep 6. norm of D = 4.373797e+00, change in D = 3.058336e+00.
  Coordinate descent sweep 7. norm of D = 4.302460e+00, change in D = 2.803678e+00.
  Coordinate descent sweep 8. norm of D = 4.630587e+00, change in D = 2.939353e+00.
  Coordinate descent sweep 9. norm of D = 4.537808e+00, change in D = 2.786292e+00.
    Line search step size chosen: 1.000000e+00.
  Objective value decreased by 1.701904e-02.
Newton iteration 25.
  Active set size = 826764.
  sub-gradient = 2.584825e+00, l1-norm of X = 7.956930e+02.
  Coordinate descent sweep 1. norm of D = 2.887686e+00, change in D = 2.887686e+00.
  Coordinate descent sweep 2. norm of D = 3.184503e+00, change in D = 2.803939e+00.
  Coordinate descent sweep 3. norm of D = 3.404570e+00, change in D = 2.638876e+00.
  Coordinate descent sweep 4. norm of D = 3.447237e+00, change in D = 2.532913e+00.
  Coordinate descent sweep 5. norm of D = 3.657478e+00, change in D = 2.556423e+00.
  Coordinate descent sweep 6. norm of D = 3.860360e+00, change in D = 2.666916e+00.
  Coordinate descent sweep 7. norm of D = 3.770787e+00, change in D = 2.468718e+00.
  Coordinate descent sweep 8. norm of D = 4.098853e+00, change in D = 2.655360e+00.
  Coordinate descent sweep 9. norm of D = 4.010136e+00, change in D = 2.444510e+00.
    Line search step size chosen: 1.000000e+00.
  Objective value decreased by 1.455678e-02.
Newton iteration 26.
  Active set size = 826730.
  sub-gradient = 2.102066e+00, l1-norm of X = 7.957207e+02.
  Coordinate descent sweep 1. norm of D = 2.485968e+00, change in D = 2.485968e+00.
  Coordinate descent sweep 2. norm of D = 2.793702e+00, change in D = 2.466792e+00.
  Coordinate descent sweep 3. norm of D = 2.773622e+00, change in D = 2.138981e+00.
  Coordinate descent sweep 4. norm of D = 3.228600e+00, change in D = 2.421762e+00.
  Coordinate descent sweep 5. norm of D = 3.135173e+00, change in D = 2.247430e+00.
  Coordinate descent sweep 6. norm of D = 3.140463e+00, change in D = 1.975675e+00.
  Coordinate descent sweep 7. norm of D = 3.528695e+00, change in D = 2.237006e+00.
  Coordinate descent sweep 8. norm of D = 3.674876e+00, change in D = 2.437955e+00.
  Coordinate descent sweep 9. norm of D = 3.645192e+00, change in D = 2.321371e+00.
    Line search step size chosen: 1.000000e+00.
  Objective value decreased by 1.283104e-02.
Newton iteration 27.
  Active set size = 826732.
  sub-gradient = 1.998106e+00, l1-norm of X = 7.957510e+02.
  Coordinate descent sweep 1. norm of D = 2.291389e+00, change in D = 2.291389e+00.
  Coordinate descent sweep 2. norm of D = 2.567017e+00, change in D = 2.197138e+00.
  Coordinate descent sweep 3. norm of D = 2.660713e+00, change in D = 2.058059e+00.
  Coordinate descent sweep 4. norm of D = 3.128578e+00, change in D = 2.436031e+00.
  Coordinate descent sweep 5. norm of D = 3.027383e+00, change in D = 2.306736e+00.
  Coordinate descent sweep 6. norm of D = 3.190314e+00, change in D = 2.311649e+00.
  Coordinate descent sweep 7. norm of D = 3.241479e+00, change in D = 2.285672e+00.
  Coordinate descent sweep 8. norm of D = 3.148690e+00, change in D = 1.989437e+00.
  Coordinate descent sweep 9. norm of D = 3.515133e+00, change in D = 2.173802e+00.
  Coordinate descent sweep 10. norm of D = 3.416130e+00, change in D = 2.048160e+00.
    Line search step size chosen: 1.000000e+00.
  Objective value decreased by 1.189089e-02.
Newton iteration 28.
  Active set size = 826739.
  sub-gradient = 1.932971e+00, l1-norm of X = 7.957734e+02.
  Coordinate descent sweep 1. norm of D = 2.053585e+00, change in D = 2.053585e+00.
  Coordinate descent sweep 2. norm of D = 2.184560e+00, change in D = 1.961615e+00.
  Coordinate descent sweep 3. norm of D = 2.615642e+00, change in D = 2.186752e+00.
  Coordinate descent sweep 4. norm of D = 2.813387e+00, change in D = 2.357182e+00.
  Coordinate descent sweep 5. norm of D = 2.768789e+00, change in D = 2.201126e+00.
  Coordinate descent sweep 6. norm of D = 2.878658e+00, change in D = 2.088626e+00.
  Coordinate descent sweep 7. norm of D = 2.830360e+00, change in D = 1.893324e+00.
  Coordinate descent sweep 8. norm of D = 2.977559e+00, change in D = 1.947375e+00.
  Coordinate descent sweep 9. norm of D = 2.948993e+00, change in D = 1.850249e+00.
  Coordinate descent sweep 10. norm of D = 2.834373e+00, change in D = 1.537665e+00.
    Line search step size chosen: 1.000000e+00.
  Objective value decreased by 9.663197e-03.
Newton iteration 29.
  Active set size = 826740.
  sub-gradient = 1.990206e+00, l1-norm of X = 7.957987e+02.
  Coordinate descent sweep 1. norm of D = 1.897173e+00, change in D = 1.897173e+00.
  Coordinate descent sweep 2. norm of D = 2.026389e+00, change in D = 1.952581e+00.
  Coordinate descent sweep 3. norm of D = 2.162249e+00, change in D = 1.833378e+00.
  Coordinate descent sweep 4. norm of D = 2.044490e+00, change in D = 1.622265e+00.
  Coordinate descent sweep 5. norm of D = 2.289900e+00, change in D = 1.733448e+00.
  Coordinate descent sweep 6. norm of D = 2.350200e+00, change in D = 1.697502e+00.
  Coordinate descent sweep 7. norm of D = 2.346127e+00, change in D = 1.723760e+00.
  Coordinate descent sweep 8. norm of D = 2.493752e+00, change in D = 1.755779e+00.
  Coordinate descent sweep 9. norm of D = 2.522843e+00, change in D = 1.695772e+00.
  Coordinate descent sweep 10. norm of D = 2.649179e+00, change in D = 1.704576e+00.
    Line search step size chosen: 1.000000e+00.
  Objective value decreased by 7.218553e-03.
Newton iteration 30.
  Active set size = 826736.
  sub-gradient = 1.713421e+00, l1-norm of X = 7.958186e+02.
  Coordinate descent sweep 1. norm of D = 1.702707e+00, change in D = 1.702707e+00.
  Coordinate descent sweep 2. norm of D = 1.968032e+00, change in D = 1.696715e+00.
  Coordinate descent sweep 3. norm of D = 2.145719e+00, change in D = 1.715771e+00.
  Coordinate descent sweep 4. norm of D = 2.072467e+00, change in D = 1.487131e+00.
  Coordinate descent sweep 5. norm of D = 2.290195e+00, change in D = 1.607757e+00.
  Coordinate descent sweep 6. norm of D = 2.480194e+00, change in D = 1.789170e+00.
  Coordinate descent sweep 7. norm of D = 2.340073e+00, change in D = 1.560575e+00.
  Coordinate descent sweep 8. norm of D = 2.352528e+00, change in D = 1.316411e+00.
  Coordinate descent sweep 9. norm of D = 2.458925e+00, change in D = 1.377849e+00.
  Coordinate descent sweep 10. norm of D = 2.598924e+00, change in D = 1.499697e+00.
  Coordinate descent sweep 11. norm of D = 2.553670e+00, change in D = 1.432297e+00.
    Line search step size chosen: 1.000000e+00.
  Objective value decreased by 7.663089e-03.
Newton iteration 31.
  Active set size = 826719.
  sub-gradient = 1.522316e+00, l1-norm of X = 7.958372e+02.
  Coordinate descent sweep 1. norm of D = 1.517099e+00, change in D = 1.517099e+00.
  Coordinate descent sweep 2. norm of D = 1.553335e+00, change in D = 1.346798e+00.
  Coordinate descent sweep 3. norm of D = 1.820936e+00, change in D = 1.472364e+00.
  Coordinate descent sweep 4. norm of D = 1.906921e+00, change in D = 1.497519e+00.
  Coordinate descent sweep 5. norm of D = 1.943474e+00, change in D = 1.403821e+00.
  Coordinate descent sweep 6. norm of D = 2.128862e+00, change in D = 1.521095e+00.
  Coordinate descent sweep 7. norm of D = 2.128151e+00, change in D = 1.480973e+00.
  Coordinate descent sweep 8. norm of D = 2.174675e+00, change in D = 1.453590e+00.
  Coordinate descent sweep 9. norm of D = 2.193715e+00, change in D = 1.444233e+00.
  Coordinate descent sweep 10. norm of D = 2.349915e+00, change in D = 1.499534e+00.
  Coordinate descent sweep 11. norm of D = 2.391099e+00, change in D = 1.533065e+00.
    Line search step size chosen: 1.000000e+00.
  Objective value decreased by 6.025738e-03.
Newton iteration 32.
  Active set size = 826715.
  sub-gradient = 1.233912e+00, l1-norm of X = 7.958565e+02.
  Coordinate descent sweep 1. norm of D = 1.533869e+00, change in D = 1.533869e+00.
  Coordinate descent sweep 2. norm of D = 1.751082e+00, change in D = 1.478103e+00.
  Coordinate descent sweep 3. norm of D = 1.728766e+00, change in D = 1.333924e+00.
  Coordinate descent sweep 4. norm of D = 1.890079e+00, change in D = 1.380281e+00.
  Coordinate descent sweep 5. norm of D = 1.839872e+00, change in D = 1.213240e+00.
  Coordinate descent sweep 6. norm of D = 1.980631e+00, change in D = 1.350664e+00.
  Coordinate descent sweep 7. norm of D = 1.993002e+00, change in D = 1.306871e+00.
  Coordinate descent sweep 8. norm of D = 2.034898e+00, change in D = 1.183801e+00.
  Coordinate descent sweep 9. norm of D = 2.153971e+00, change in D = 1.344515e+00.
  Coordinate descent sweep 10. norm of D = 2.130346e+00, change in D = 1.225700e+00.
  Coordinate descent sweep 11. norm of D = 2.308866e+00, change in D = 1.355634e+00.
    Line search step size chosen: 1.000000e+00.
  Objective value decreased by 4.792885e-03.
Newton iteration 33.
  Active set size = 826728.
  sub-gradient = 1.554195e+00, l1-norm of X = 7.958712e+02.
  Coordinate descent sweep 1. norm of D = 1.458086e+00, change in D = 1.458086e+00.
  Coordinate descent sweep 2. norm of D = 1.576985e+00, change in D = 1.324226e+00.
  Coordinate descent sweep 3. norm of D = 1.757435e+00, change in D = 1.355788e+00.
  Coordinate descent sweep 4. norm of D = 1.751401e+00, change in D = 1.277665e+00.
  Coordinate descent sweep 5. norm of D = 1.996857e+00, change in D = 1.480668e+00.
  Coordinate descent sweep 6. norm of D = 1.904596e+00, change in D = 1.417897e+00.
  Coordinate descent sweep 7. norm of D = 1.846134e+00, change in D = 1.169679e+00.
  Coordinate descent sweep 8. norm of D = 1.911984e+00, change in D = 1.039167e+00.
  Coordinate descent sweep 9. norm of D = 2.112853e+00, change in D = 1.307460e+00.
  Coordinate descent sweep 10. norm of D = 2.074449e+00, change in D = 1.267356e+00.
  Coordinate descent sweep 11. norm of D = 2.056640e+00, change in D = 1.147111e+00.
  Coordinate descent sweep 12. norm of D = 2.065918e+00, change in D = 1.041093e+00.
    Line search step size chosen: 1.000000e+00.
  Objective value decreased by 4.888480e-03.
Newton iteration 34.
  Active set size = 826706.
  sub-gradient = 1.032980e+00, l1-norm of X = 7.958890e+02.
  Coordinate descent sweep 1. norm of D = 1.226462e+00, change in D = 1.226462e+00.
  Coordinate descent sweep 2. norm of D = 1.303776e+00, change in D = 1.212732e+00.
  Coordinate descent sweep 3. norm of D = 1.334995e+00, change in D = 1.128851e+00.
  Coordinate descent sweep 4. norm of D = 1.441970e+00, change in D = 1.168700e+00.
  Coordinate descent sweep 5. norm of D = 1.553789e+00, change in D = 1.245690e+00.
  Coordinate descent sweep 6. norm of D = 1.646928e+00, change in D = 1.263000e+00.
  Coordinate descent sweep 7. norm of D = 1.608165e+00, change in D = 1.208597e+00.
  Coordinate descent sweep 8. norm of D = 1.578741e+00, change in D = 1.055176e+00.
  Coordinate descent sweep 9. norm of D = 1.691937e+00, change in D = 1.105384e+00.
  Coordinate descent sweep 10. norm of D = 1.692870e+00, change in D = 1.111146e+00.
  Coordinate descent sweep 11. norm of D = 1.756118e+00, change in D = 1.062073e+00.
  Coordinate descent sweep 12. norm of D = 1.780161e+00, change in D = 1.072465e+00.
    Line search step size chosen: 1.000000e+00.
  Objective value decreased by 4.170127e-03.
Newton iteration 35.
  Active set size = 826706.
  sub-gradient = 1.142290e+00, l1-norm of X = 7.959038e+02.
  Coordinate descent sweep 1. norm of D = 1.137785e+00, change in D = 1.137785e+00.
  Coordinate descent sweep 2. norm of D = 1.266874e+00, change in D = 1.131004e+00.
  Coordinate descent sweep 3. norm of D = 1.310956e+00, change in D = 1.093537e+00.
  Coordinate descent sweep 4. norm of D = 1.241295e+00, change in D = 8.988829e-01.
  Coordinate descent sweep 5. norm of D = 1.457505e+00, change in D = 1.057675e+00.
  Coordinate descent sweep 6. norm of D = 1.477992e+00, change in D = 1.074711e+00.
  Coordinate descent sweep 7. norm of D = 1.516451e+00, change in D = 1.021260e+00.
  Coordinate descent sweep 8. norm of D = 1.560679e+00, change in D = 1.041984e+00.
  Coordinate descent sweep 9. norm of D = 1.521113e+00, change in D = 9.246213e-01.
  Coordinate descent sweep 10. norm of D = 1.700284e+00, change in D = 1.089080e+00.
  Coordinate descent sweep 11. norm of D = 1.685415e+00, change in D = 1.093084e+00.
  Coordinate descent sweep 12. norm of D = 1.700305e+00, change in D = 1.004134e+00.
    Line search step size chosen: 1.000000e+00.
  Objective value decreased by 3.345351e-03.
Newton iteration 36.
  Active set size = 826716.
  sub-gradient = 9.664932e-01, l1-norm of X = 7.959176e+02.
  Coordinate descent sweep 1. norm of D = 9.310379e-01, change in D = 9.310379e-01.
  Coordinate descent sweep 2. norm of D = 1.143131e+00, change in D = 9.638587e-01.
  Coordinate descent sweep 3. norm of D = 1.239077e+00, change in D = 1.015438e+00.
  Coordinate descent sweep 4. norm of D = 1.331405e+00, change in D = 1.061533e+00.
  Coordinate descent sweep 5. norm of D = 1.226709e+00, change in D = 9.013756e-01.
  Coordinate descent sweep 6. norm of D = 1.350363e+00, change in D = 8.993726e-01.
  Coordinate descent sweep 7. norm of D = 1.455399e+00, change in D = 1.041285e+00.
  Coordinate descent sweep 8. norm of D = 1.382737e+00, change in D = 9.470728e-01.
  Coordinate descent sweep 9. norm of D = 1.486053e+00, change in D = 9.411614e-01.
  Coordinate descent sweep 10. norm of D = 1.496537e+00, change in D = 9.252470e-01.
  Coordinate descent sweep 11. norm of D = 1.594985e+00, change in D = 1.013723e+00.
  Coordinate descent sweep 12. norm of D = 1.551160e+00, change in D = 9.610358e-01.
  Coordinate descent sweep 13. norm of D = 1.537929e+00, change in D = 8.562941e-01.
    Line search step size chosen: 1.000000e+00.
  Objective value decreased by 2.967307e-03.
Newton iteration 37.
  Active set size = 826696.
  sub-gradient = 8.550343e-01, l1-norm of X = 7.959300e+02.
  Coordinate descent sweep 1. norm of D = 8.094827e-01, change in D = 8.094827e-01.
  Coordinate descent sweep 2. norm of D = 9.360570e-01, change in D = 7.998508e-01.
  Coordinate descent sweep 3. norm of D = 1.030554e+00, change in D = 8.348659e-01.
  Coordinate descent sweep 4. norm of D = 1.071518e+00, change in D = 8.479214e-01.
  Coordinate descent sweep 5. norm of D = 1.184834e+00, change in D = 9.252060e-01.
  Coordinate descent sweep 6. norm of D = 1.290447e+00, change in D = 1.011657e+00.
  Coordinate descent sweep 7. norm of D = 1.183666e+00, change in D = 8.797587e-01.
  Coordinate descent sweep 8. norm of D = 1.242805e+00, change in D = 8.380946e-01.
  Coordinate descent sweep 9. norm of D = 1.221390e+00, change in D = 7.908598e-01.
  Coordinate descent sweep 10. norm of D = 1.286322e+00, change in D = 8.068533e-01.
  Coordinate descent sweep 11. norm of D = 1.391709e+00, change in D = 8.985740e-01.
  Coordinate descent sweep 12. norm of D = 1.452896e+00, change in D = 9.555404e-01.
  Coordinate descent sweep 13. norm of D = 1.402639e+00, change in D = 9.012358e-01.
    Line search step size chosen: 1.000000e+00.
  Objective value decreased by 2.579151e-03.
Newton iteration 38.
  Active set size = 826687.
  sub-gradient = 6.775482e-01, l1-norm of X = 7.959429e+02.
  Coordinate descent sweep 1. norm of D = 7.118471e-01, change in D = 7.118471e-01.
  Coordinate descent sweep 2. norm of D = 1.061621e+00, change in D = 9.231928e-01.
  Coordinate descent sweep 3. norm of D = 1.060662e+00, change in D = 9.293148e-01.
  Coordinate descent sweep 4. norm of D = 1.117072e+00, change in D = 9.206507e-01.
  Coordinate descent sweep 5. norm of D = 1.081358e+00, change in D = 8.135832e-01.
  Coordinate descent sweep 6. norm of D = 1.108347e+00, change in D = 7.952213e-01.
  Coordinate descent sweep 7. norm of D = 1.189437e+00, change in D = 8.746905e-01.
  Coordinate descent sweep 8. norm of D = 1.222300e+00, change in D = 8.910292e-01.
  Coordinate descent sweep 9. norm of D = 1.151122e+00, change in D = 7.518004e-01.
  Coordinate descent sweep 10. norm of D = 1.283500e+00, change in D = 8.230306e-01.
  Coordinate descent sweep 11. norm of D = 1.200116e+00, change in D = 7.249283e-01.
  Coordinate descent sweep 12. norm of D = 1.288777e+00, change in D = 7.656236e-01.
  Coordinate descent sweep 13. norm of D = 1.267948e+00, change in D = 7.570357e-01.
    Line search step size chosen: 1.000000e+00.
  Objective value decreased by 1.992747e-03.
Newton iteration 39.
  Active set size = 826679.
  sub-gradient = 5.693657e-01, l1-norm of X = 7.959526e+02.
  Coordinate descent sweep 1. norm of D = 7.080044e-01, change in D = 7.080044e-01.
  Coordinate descent sweep 2. norm of D = 8.993652e-01, change in D = 8.143125e-01.
  Coordinate descent sweep 3. norm of D = 8.386804e-01, change in D = 7.376440e-01.
  Coordinate descent sweep 4. norm of D = 1.078446e+00, change in D = 8.967914e-01.
  Coordinate descent sweep 5. norm of D = 9.942670e-01, change in D = 8.441563e-01.
  Coordinate descent sweep 6. norm of D = 9.491453e-01, change in D = 7.064667e-01.
  Coordinate descent sweep 7. norm of D = 9.936686e-01, change in D = 6.441491e-01.
  Coordinate descent sweep 8. norm of D = 1.026258e+00, change in D = 6.335291e-01.
  Coordinate descent sweep 9. norm of D = 1.087461e+00, change in D = 6.886872e-01.
  Coordinate descent sweep 10. norm of D = 1.092998e+00, change in D = 6.631465e-01.
  Coordinate descent sweep 11. norm of D = 1.156807e+00, change in D = 7.102461e-01.
  Coordinate descent sweep 12. norm of D = 1.220745e+00, change in D = 7.957296e-01.
  Coordinate descent sweep 13. norm of D = 1.243333e+00, change in D = 7.892498e-01.
  Coordinate descent sweep 14. norm of D = 1.195393e+00, change in D = 6.633657e-01.
    Line search step size chosen: 1.000000e+00.
  Objective value decreased by 1.966739e-03.
Newton iteration 40.
  Active set size = 826696.
  sub-gradient = 8.177046e-01, l1-norm of X = 7.959618e+02.
  Coordinate descent sweep 1. norm of D = 7.738004e-01, change in D = 7.738004e-01.
  Coordinate descent sweep 2. norm of D = 8.467895e-01, change in D = 8.123831e-01.
  Coordinate descent sweep 3. norm of D = 8.506410e-01, change in D = 7.661369e-01.
  Coordinate descent sweep 4. norm of D = 8.322737e-01, change in D = 6.880706e-01.
  Coordinate descent sweep 5. norm of D = 9.020406e-01, change in D = 6.986983e-01.
  Coordinate descent sweep 6. norm of D = 8.935276e-01, change in D = 6.600951e-01.
  Coordinate descent sweep 7. norm of D = 9.332579e-01, change in D = 6.803172e-01.
  Coordinate descent sweep 8. norm of D = 9.510593e-01, change in D = 6.647617e-01.
  Coordinate descent sweep 9. norm of D = 9.595971e-01, change in D = 6.206235e-01.
  Coordinate descent sweep 10. norm of D = 1.116665e+00, change in D = 7.654585e-01.
  Coordinate descent sweep 11. norm of D = 1.065587e+00, change in D = 7.448296e-01.
  Coordinate descent sweep 12. norm of D = 1.085902e+00, change in D = 6.959196e-01.
  Coordinate descent sweep 13. norm of D = 1.003286e+00, change in D = 5.476718e-01.
  Coordinate descent sweep 14. norm of D = 1.095121e+00, change in D = 6.191071e-01.
    Line search step size chosen: 1.000000e+00.
  Objective value decreased by 1.556902e-03.
Newton iteration 41.
  Active set size = 826696.
  sub-gradient = 6.588608e-01, l1-norm of X = 7.959711e+02.
  Coordinate descent sweep 1. norm of D = 6.330684e-01, change in D = 6.330684e-01.
  Coordinate descent sweep 2. norm of D = 7.730069e-01, change in D = 6.950697e-01.
  Coordinate descent sweep 3. norm of D = 8.008951e-01, change in D = 6.826140e-01.
  Coordinate descent sweep 4. norm of D = 8.228304e-01, change in D = 6.476251e-01.
  Coordinate descent sweep 5. norm of D = 8.311340e-01, change in D = 6.343065e-01.
  Coordinate descent sweep 6. norm of D = 9.298936e-01, change in D = 7.040334e-01.
  Coordinate descent sweep 7. norm of D = 9.156745e-01, change in D = 6.674346e-01.
  Coordinate descent sweep 8. norm of D = 9.426993e-01, change in D = 6.551016e-01.
  Coordinate descent sweep 9. norm of D = 9.806559e-01, change in D = 6.596826e-01.
  Coordinate descent sweep 10. norm of D = 9.503635e-01, change in D = 6.285681e-01.
  Coordinate descent sweep 11. norm of D = 1.003936e+00, change in D = 6.283340e-01.
  Coordinate descent sweep 12. norm of D = 1.091064e+00, change in D = 7.166589e-01.
  Coordinate descent sweep 13. norm of D = 1.091880e+00, change in D = 7.098031e-01.
  Coordinate descent sweep 14. norm of D = 1.117060e+00, change in D = 7.155932e-01.
    Line search step size chosen: 1.000000e+00.
  Objective value decreased by 1.434103e-03.
Newton iteration 42.
  Active set size = 826688.
  sub-gradient = 5.747248e-01, l1-norm of X = 7.959791e+02.
  Coordinate descent sweep 1. norm of D = 6.324959e-01, change in D = 6.324959e-01.
  Coordinate descent sweep 2. norm of D = 7.466708e-01, change in D = 5.787506e-01.
  Coordinate descent sweep 3. norm of D = 7.790715e-01, change in D = 5.459859e-01.
  Coordinate descent sweep 4. norm of D = 8.592078e-01, change in D = 6.218209e-01.
  Coordinate descent sweep 5. norm of D = 9.029974e-01, change in D = 6.722853e-01.
  Coordinate descent sweep 6. norm of D = 8.799165e-01, change in D = 6.071010e-01.
  Coordinate descent sweep 7. norm of D = 8.999943e-01, change in D = 5.738744e-01.
  Coordinate descent sweep 8. norm of D = 9.010782e-01, change in D = 5.457287e-01.
  Coordinate descent sweep 9. norm of D = 9.487565e-01, change in D = 5.740040e-01.
  Coordinate descent sweep 10. norm of D = 9.837676e-01, change in D = 6.042462e-01.
  Coordinate descent sweep 11. norm of D = 9.547177e-01, change in D = 5.488739e-01.
  Coordinate descent sweep 12. norm of D = 9.903336e-01, change in D = 5.046389e-01.
  Coordinate descent sweep 13. norm of D = 1.002432e+00, change in D = 4.983370e-01.
  Coordinate descent sweep 14. norm of D = 1.062341e+00, change in D = 5.862606e-01.
  Coordinate descent sweep 15. norm of D = 1.061876e+00, change in D = 5.604130e-01.
    Line search step size chosen: 1.000000e+00.
  Objective value decreased by 1.286989e-03.
Newton iteration 43.
  Active set size = 826679.
  sub-gradient = 4.577986e-01, l1-norm of X = 7.959877e+02.
  Coordinate descent sweep 1. norm of D = 5.082132e-01, change in D = 5.082132e-01.
  Coordinate descent sweep 2. norm of D = 6.236593e-01, change in D = 5.163244e-01.
  Coordinate descent sweep 3. norm of D = 7.103909e-01, change in D = 5.814016e-01.
  Coordinate descent sweep 4. norm of D = 7.119930e-01, change in D = 5.808805e-01.
  Coordinate descent sweep 5. norm of D = 7.474636e-01, change in D = 5.823240e-01.
  Coordinate descent sweep 6. norm of D = 7.543067e-01, change in D = 5.653158e-01.
  Coordinate descent sweep 7. norm of D = 7.504742e-01, change in D = 5.219194e-01.
  Coordinate descent sweep 8. norm of D = 7.765249e-01, change in D = 4.945467e-01.
  Coordinate descent sweep 9. norm of D = 8.130349e-01, change in D = 5.326698e-01.
  Coordinate descent sweep 10. norm of D = 7.403284e-01, change in D = 4.323428e-01.
  Coordinate descent sweep 11. norm of D = 8.174263e-01, change in D = 4.782120e-01.
  Coordinate descent sweep 12. norm of D = 8.593015e-01, change in D = 5.649751e-01.
  Coordinate descent sweep 13. norm of D = 8.998078e-01, change in D = 5.950196e-01.
  Coordinate descent sweep 14. norm of D = 9.239844e-01, change in D = 5.802753e-01.
  Coordinate descent sweep 15. norm of D = 9.238705e-01, change in D = 5.681407e-01.
    Line search step size chosen: 1.000000e+00.
  Objective value decreased by 1.028734e-03.
Newton iteration 44.
  Active set size = 826669.
  sub-gradient = 4.642371e-01, l1-norm of X = 7.959944e+02.
  Coordinate descent sweep 1. norm of D = 5.466165e-01, change in D = 5.466165e-01.
  Coordinate descent sweep 2. norm of D = 6.641171e-01, change in D = 5.805505e-01.
  Coordinate descent sweep 3. norm of D = 6.643325e-01, change in D = 5.632147e-01.
  Coordinate descent sweep 4. norm of D = 6.819318e-01, change in D = 5.180392e-01.
  Coordinate descent sweep 5. norm of D = 6.333194e-01, change in D = 4.146685e-01.
  Coordinate descent sweep 6. norm of D = 6.921351e-01, change in D = 4.580606e-01.
  Coordinate descent sweep 7. norm of D = 7.485073e-01, change in D = 5.309720e-01.
  Coordinate descent sweep 8. norm of D = 7.283002e-01, change in D = 4.907946e-01.
  Coordinate descent sweep 9. norm of D = 7.741679e-01, change in D = 5.155223e-01.
  Coordinate descent sweep 10. norm of D = 7.679893e-01, change in D = 4.954296e-01.
  Coordinate descent sweep 11. norm of D = 7.687925e-01, change in D = 4.589770e-01.
  Coordinate descent sweep 12. norm of D = 7.695654e-01, change in D = 4.174553e-01.
  Coordinate descent sweep 13. norm of D = 7.936093e-01, change in D = 4.034674e-01.
  Coordinate descent sweep 14. norm of D = 8.265936e-01, change in D = 4.479379e-01.
  Coordinate descent sweep 15. norm of D = 8.175817e-01, change in D = 4.310558e-01.
    Line search step size chosen: 1.000000e+00.
  Objective value decreased by 9.011869e-04.
Newton iteration 45.
  Active set size = 826672.
  sub-gradient = 3.782305e-01, l1-norm of X = 7.960013e+02.
  Coordinate descent sweep 1. norm of D = 3.633879e-01, change in D = 3.633879e-01.
  Coordinate descent sweep 2. norm of D = 5.061297e-01, change in D = 4.234332e-01.
  Coordinate descent sweep 3. norm of D = 5.488267e-01, change in D = 4.989061e-01.
  Coordinate descent sweep 4. norm of D = 4.967200e-01, change in D = 4.049697e-01.
  Coordinate descent sweep 5. norm of D = 6.217214e-01, change in D = 4.918746e-01.
  Coordinate descent sweep 6. norm of D = 5.838443e-01, change in D = 4.768989e-01.
  Coordinate descent sweep 7. norm of D = 6.018233e-01, change in D = 4.632577e-01.
  Coordinate descent sweep 8. norm of D = 5.557812e-01, change in D = 3.818187e-01.
  Coordinate descent sweep 9. norm of D = 5.627530e-01, change in D = 3.126294e-01.
  Coordinate descent sweep 10. norm of D = 6.104370e-01, change in D = 3.401486e-01.
  Coordinate descent sweep 11. norm of D = 6.401902e-01, change in D = 3.975230e-01.
  Coordinate descent sweep 12. norm of D = 7.134275e-01, change in D = 4.785151e-01.
  Coordinate descent sweep 13. norm of D = 7.022253e-01, change in D = 4.646219e-01.
  Coordinate descent sweep 14. norm of D = 6.427044e-01, change in D = 3.454268e-01.
  Coordinate descent sweep 15. norm of D = 7.028171e-01, change in D = 3.616961e-01.
  Coordinate descent sweep 16. norm of D = 7.275784e-01, change in D = 3.897377e-01.
    Line search step size chosen: 1.000000e+00.
  Objective value decreased by 8.387042e-04.
Newton iteration 46.
  Active set size = 826668.
  sub-gradient = 3.188272e-01, l1-norm of X = 7.960083e+02.
  Coordinate descent sweep 1. norm of D = 4.252124e-01, change in D = 4.252124e-01.
  Coordinate descent sweep 2. norm of D = 4.190919e-01, change in D = 3.637813e-01.
  Coordinate descent sweep 3. norm of D = 5.103729e-01, change in D = 4.131521e-01.
  Coordinate descent sweep 4. norm of D = 5.171867e-01, change in D = 4.216644e-01.
  Coordinate descent sweep 5. norm of D = 5.363665e-01, change in D = 4.203617e-01.
  Coordinate descent sweep 6. norm of D = 5.884740e-01, change in D = 4.731892e-01.
  Coordinate descent sweep 7. norm of D = 5.881795e-01, change in D = 4.584534e-01.
  Coordinate descent sweep 8. norm of D = 5.561376e-01, change in D = 3.892567e-01.
  Coordinate descent sweep 9. norm of D = 5.965724e-01, change in D = 4.131142e-01.
  Coordinate descent sweep 10. norm of D = 6.137818e-01, change in D = 4.289575e-01.
  Coordinate descent sweep 11. norm of D = 6.289731e-01, change in D = 4.282991e-01.
  Coordinate descent sweep 12. norm of D = 6.030226e-01, change in D = 3.910127e-01.
  Coordinate descent sweep 13. norm of D = 6.434698e-01, change in D = 3.983247e-01.
  Coordinate descent sweep 14. norm of D = 6.396136e-01, change in D = 3.933899e-01.
  Coordinate descent sweep 15. norm of D = 6.602438e-01, change in D = 3.788873e-01.
  Coordinate descent sweep 16. norm of D = 6.539887e-01, change in D = 3.747049e-01.
    Line search step size chosen: 1.000000e+00.
  Objective value decreased by 6.555938e-04.
Newton iteration 47.
  Active set size = 826672.
  sub-gradient = 4.460412e-01, l1-norm of X = 7.960131e+02.
  Coordinate descent sweep 1. norm of D = 4.175693e-01, change in D = 4.175693e-01.
  Coordinate descent sweep 2. norm of D = 4.739535e-01, change in D = 4.424404e-01.
  Coordinate descent sweep 3. norm of D = 4.806717e-01, change in D = 4.257844e-01.
  Coordinate descent sweep 4. norm of D = 4.442694e-01, change in D = 3.771284e-01.
  Coordinate descent sweep 5. norm of D = 5.174584e-01, change in D = 4.129389e-01.
  Coordinate descent sweep 6. norm of D = 4.614579e-01, change in D = 3.669568e-01.
  Coordinate descent sweep 7. norm of D = 4.737770e-01, change in D = 3.045172e-01.
  Coordinate descent sweep 8. norm of D = 4.890149e-01, change in D = 3.061945e-01.
  Coordinate descent sweep 9. norm of D = 5.723663e-01, change in D = 3.966676e-01.
  Coordinate descent sweep 10. norm of D = 5.734636e-01, change in D = 4.108472e-01.
  Coordinate descent sweep 11. norm of D = 5.647698e-01, change in D = 3.709671e-01.
  Coordinate descent sweep 12. norm of D = 5.882595e-01, change in D = 3.762859e-01.
  Coordinate descent sweep 13. norm of D = 5.808397e-01, change in D = 3.650935e-01.
  Coordinate descent sweep 14. norm of D = 5.732319e-01, change in D = 3.378188e-01.
  Coordinate descent sweep 15. norm of D = 6.199255e-01, change in D = 3.694823e-01.
  Coordinate descent sweep 16. norm of D = 5.803230e-01, change in D = 3.077069e-01.
    Line search step size chosen: 1.000000e+00.
  Objective value decreased by 5.516438e-04.
Newton iteration 48.
  Active set size = 826675.
  sub-gradient = 4.162754e-01, l1-norm of X = 7.960180e+02.
  Coordinate descent sweep 1. norm of D = 3.402659e-01, change in D = 3.402659e-01.
  Coordinate descent sweep 2. norm of D = 3.481833e-01, change in D = 3.163172e-01.
  Coordinate descent sweep 3. norm of D = 3.649360e-01, change in D = 3.069171e-01.
  Coordinate descent sweep 4. norm of D = 4.189555e-01, change in D = 3.540284e-01.
  Coordinate descent sweep 5. norm of D = 4.070620e-01, change in D = 3.357112e-01.
  Coordinate descent sweep 6. norm of D = 4.224845e-01, change in D = 3.339977e-01.
  Coordinate descent sweep 7. norm of D = 4.143540e-01, change in D = 3.139021e-01.
  Coordinate descent sweep 8. norm of D = 4.735188e-01, change in D = 3.611323e-01.
  Coordinate descent sweep 9. norm of D = 4.949614e-01, change in D = 3.767833e-01.
  Coordinate descent sweep 10. norm of D = 4.837351e-01, change in D = 3.695601e-01.
  Coordinate descent sweep 11. norm of D = 5.074366e-01, change in D = 3.671271e-01.
  Coordinate descent sweep 12. norm of D = 4.694216e-01, change in D = 3.127258e-01.
  Coordinate descent sweep 13. norm of D = 5.091573e-01, change in D = 3.241055e-01.
  Coordinate descent sweep 14. norm of D = 5.158129e-01, change in D = 3.316331e-01.
  Coordinate descent sweep 15. norm of D = 5.715558e-01, change in D = 3.771346e-01.
  Coordinate descent sweep 16. norm of D = 5.352858e-01, change in D = 3.460549e-01.
  Coordinate descent sweep 17. norm of D = 5.072755e-01, change in D = 2.696323e-01.
    Line search step size chosen: 1.000000e+00.
  Objective value decreased by 4.900920e-04.
Newton iteration 49.
  Active set size = 826668.
  sub-gradient = 3.442182e-01, l1-norm of X = 7.960231e+02.
  Coordinate descent sweep 1. norm of D = 3.048709e-01, change in D = 3.048709e-01.
  Coordinate descent sweep 2. norm of D = 3.995706e-01, change in D = 3.645500e-01.
  Coordinate descent sweep 3. norm of D = 3.743573e-01, change in D = 3.389301e-01.
  Coordinate descent sweep 4. norm of D = 4.033657e-01, change in D = 3.280199e-01.
  Coordinate descent sweep 5. norm of D = 3.732947e-01, change in D = 3.012392e-01.
  Coordinate descent sweep 6. norm of D = 3.902465e-01, change in D = 2.834845e-01.
  Coordinate descent sweep 7. norm of D = 3.835781e-01, change in D = 2.656211e-01.
  Coordinate descent sweep 8. norm of D = 4.078763e-01, change in D = 2.709459e-01.
  Coordinate descent sweep 9. norm of D = 4.543853e-01, change in D = 3.257928e-01.
  Coordinate descent sweep 10. norm of D = 4.894098e-01, change in D = 3.524393e-01.
  Coordinate descent sweep 11. norm of D = 4.663293e-01, change in D = 3.302384e-01.
  Coordinate descent sweep 12. norm of D = 4.952892e-01, change in D = 3.326790e-01.
  Coordinate descent sweep 13. norm of D = 4.788624e-01, change in D = 3.153418e-01.
  Coordinate descent sweep 14. norm of D = 5.141360e-01, change in D = 3.361852e-01.
  Coordinate descent sweep 15. norm of D = 4.918365e-01, change in D = 3.046324e-01.
  Coordinate descent sweep 16. norm of D = 5.423814e-01, change in D = 3.378561e-01.
  Coordinate descent sweep 17. norm of D = 4.874940e-01, change in D = 2.771125e-01.
    Line search step size chosen: 1.000000e+00.
  Objective value decreased by 4.600343e-04.
Newton iteration 50.
  Active set size = 826665.
  sub-gradient = 2.115562e-01, l1-norm of X = 7.960281e+02.
  Coordinate descent sweep 1. norm of D = 2.021724e-01, change in D = 2.021724e-01.
  Coordinate descent sweep 2. norm of D = 3.556267e-01, change in D = 3.228061e-01.
  Coordinate descent sweep 3. norm of D = 3.737288e-01, change in D = 3.576750e-01.
  Coordinate descent sweep 4. norm of D = 3.216665e-01, change in D = 2.898506e-01.
  Coordinate descent sweep 5. norm of D = 3.542851e-01, change in D = 2.777507e-01.
  Coordinate descent sweep 6. norm of D = 4.074250e-01, change in D = 3.359245e-01.
  Coordinate descent sweep 7. norm of D = 3.655099e-01, change in D = 2.965896e-01.
  Coordinate descent sweep 8. norm of D = 4.136895e-01, change in D = 3.120830e-01.
  Coordinate descent sweep 9. norm of D = 4.283096e-01, change in D = 3.410598e-01.
  Coordinate descent sweep 10. norm of D = 3.987051e-01, change in D = 2.991007e-01.
  Coordinate descent sweep 11. norm of D = 4.160917e-01, change in D = 2.828261e-01.
  Coordinate descent sweep 12. norm of D = 4.131592e-01, change in D = 2.703202e-01.
  Coordinate descent sweep 13. norm of D = 4.087498e-01, change in D = 2.446951e-01.
  Coordinate descent sweep 14. norm of D = 4.469785e-01, change in D = 2.683147e-01.
  Coordinate descent sweep 15. norm of D = 4.492259e-01, change in D = 2.854377e-01.
  Coordinate descent sweep 16. norm of D = 4.845963e-01, change in D = 3.125289e-01.
  Coordinate descent sweep 17. norm of D = 4.345925e-01, change in D = 2.528756e-01.
    Line search step size chosen: 1.000000e+00.
  Objective value decreased by 3.601941e-04.
Newton iteration 51.
  Active set size = 826681.
  sub-gradient = 3.875900e-01, l1-norm of X = 7.960319e+02.
  Coordinate descent sweep 1. norm of D = 2.799650e-01, change in D = 2.799650e-01.
  Coordinate descent sweep 2. norm of D = 2.935685e-01, change in D = 3.030762e-01.
  Coordinate descent sweep 3. norm of D = 3.476375e-01, change in D = 3.256596e-01.
  Coordinate descent sweep 4. norm of D = 3.318983e-01, change in D = 3.041512e-01.
  Coordinate descent sweep 5. norm of D = 3.703928e-01, change in D = 3.162391e-01.
  Coordinate descent sweep 6. norm of D = 3.567860e-01, change in D = 3.038501e-01.
  Coordinate descent sweep 7. norm of D = 3.599150e-01, change in D = 2.749942e-01.
  Coordinate descent sweep 8. norm of D = 3.641918e-01, change in D = 2.587245e-01.
  Coordinate descent sweep 9. norm of D = 3.447132e-01, change in D = 2.313337e-01.
  Coordinate descent sweep 10. norm of D = 3.656650e-01, change in D = 2.349983e-01.
  Coordinate descent sweep 11. norm of D = 3.818354e-01, change in D = 2.546625e-01.
  Coordinate descent sweep 12. norm of D = 3.723989e-01, change in D = 2.413272e-01.
  Coordinate descent sweep 13. norm of D = 3.726183e-01, change in D = 2.202492e-01.
  Coordinate descent sweep 14. norm of D = 4.203828e-01, change in D = 2.590257e-01.
  Coordinate descent sweep 15. norm of D = 4.420523e-01, change in D = 2.912963e-01.
  Coordinate descent sweep 16. norm of D = 4.327517e-01, change in D = 2.794344e-01.
  Coordinate descent sweep 17. norm of D = 4.240237e-01, change in D = 2.534473e-01.
  Coordinate descent sweep 18. norm of D = 4.372110e-01, change in D = 2.501246e-01.
    Line search step size chosen: 1.000000e+00.
  Objective value decreased by 3.284371e-04.
Newton iteration 52.
  Active set size = 826664.
  sub-gradient = 2.094183e-01, l1-norm of X = 7.960359e+02.
  Coordinate descent sweep 1. norm of D = 2.776449e-01, change in D = 2.776449e-01.
  Coordinate descent sweep 2. norm of D = 2.988857e-01, change in D = 2.862610e-01.
  Coordinate descent sweep 3. norm of D = 3.051995e-01, change in D = 2.578041e-01.
  Coordinate descent sweep 4. norm of D = 3.089911e-01, change in D = 2.376002e-01.
  Coordinate descent sweep 5. norm of D = 3.171098e-01, change in D = 2.365543e-01.
  Coordinate descent sweep 6. norm of D = 3.150591e-01, change in D = 2.215248e-01.
  Coordinate descent sweep 7. norm of D = 3.527388e-01, change in D = 2.611912e-01.
  Coordinate descent sweep 8. norm of D = 3.569188e-01, change in D = 2.627808e-01.
  Coordinate descent sweep 9. norm of D = 3.738983e-01, change in D = 2.716221e-01.
  Coordinate descent sweep 10. norm of D = 3.600657e-01, change in D = 2.439871e-01.
  Coordinate descent sweep 11. norm of D = 3.646456e-01, change in D = 2.262094e-01.
  Coordinate descent sweep 12. norm of D = 3.480191e-01, change in D = 1.939212e-01.
  Coordinate descent sweep 13. norm of D = 3.490115e-01, change in D = 1.788152e-01.
  Coordinate descent sweep 14. norm of D = 3.752397e-01, change in D = 1.907833e-01.
  Coordinate descent sweep 15. norm of D = 3.967427e-01, change in D = 2.200817e-01.
  Coordinate descent sweep 16. norm of D = 3.929257e-01, change in D = 2.263064e-01.
  Coordinate descent sweep 17. norm of D = 4.200661e-01, change in D = 2.508802e-01.
  Coordinate descent sweep 18. norm of D = 4.415119e-01, change in D = 2.748794e-01.
    Line search step size chosen: 1.000000e+00.
  Objective value decreased by 2.789977e-04.
Newton iteration 53.
  Active set size = 826672.
  sub-gradient = 2.166325e-01, l1-norm of X = 7.960396e+02.
  Coordinate descent sweep 1. norm of D = 2.410758e-01, change in D = 2.410758e-01.
  Coordinate descent sweep 2. norm of D = 2.583470e-01, change in D = 1.940547e-01.
  Coordinate descent sweep 3. norm of D = 2.955853e-01, change in D = 2.063366e-01.
  Coordinate descent sweep 4. norm of D = 2.987657e-01, change in D = 2.088731e-01.
  Coordinate descent sweep 5. norm of D = 3.339057e-01, change in D = 2.399017e-01.
  Coordinate descent sweep 6. norm of D = 3.417728e-01, change in D = 2.450751e-01.
  Coordinate descent sweep 7. norm of D = 3.593783e-01, change in D = 2.605481e-01.
  Coordinate descent sweep 8. norm of D = 3.267427e-01, change in D = 2.102697e-01.
  Coordinate descent sweep 9. norm of D = 3.609174e-01, change in D = 2.213505e-01.
  Coordinate descent sweep 10. norm of D = 3.656713e-01, change in D = 2.413599e-01.
  Coordinate descent sweep 11. norm of D = 3.540594e-01, change in D = 2.132564e-01.
  Coordinate descent sweep 12. norm of D = 3.500189e-01, change in D = 1.783843e-01.
  Coordinate descent sweep 13. norm of D = 3.612633e-01, change in D = 1.907868e-01.
  Coordinate descent sweep 14. norm of D = 3.707108e-01, change in D = 1.891554e-01.
  Coordinate descent sweep 15. norm of D = 3.956107e-01, change in D = 2.169019e-01.
  Coordinate descent sweep 16. norm of D = 3.892705e-01, change in D = 2.041607e-01.
  Coordinate descent sweep 17. norm of D = 3.773851e-01, change in D = 1.577877e-01.
  Coordinate descent sweep 18. norm of D = 4.064668e-01, change in D = 1.889445e-01.
    Line search step size chosen: 1.000000e+00.
  Objective value decreased by 2.210610e-04.
Newton iteration 54.
  Active set size = 826668.
  sub-gradient = 2.677118e-01, l1-norm of X = 7.960424e+02.
  Coordinate descent sweep 1. norm of D = 2.362793e-01, change in D = 2.362793e-01.
  Coordinate descent sweep 2. norm of D = 2.559234e-01, change in D = 2.444305e-01.
  Coordinate descent sweep 3. norm of D = 2.640920e-01, change in D = 2.353389e-01.
  Coordinate descent sweep 4. norm of D = 2.679237e-01, change in D = 2.319538e-01.
  Coordinate descent sweep 5. norm of D = 2.837181e-01, change in D = 2.307351e-01.
  Coordinate descent sweep 6. norm of D = 2.673512e-01, change in D = 2.148155e-01.
  Coordinate descent sweep 7. norm of D = 2.971429e-01, change in D = 2.294061e-01.
  Coordinate descent sweep 8. norm of D = 2.915974e-01, change in D = 2.233072e-01.
  Coordinate descent sweep 9. norm of D = 3.026202e-01, change in D = 2.242266e-01.
  Coordinate descent sweep 10. norm of D = 3.198806e-01, change in D = 2.261316e-01.
  Coordinate descent sweep 11. norm of D = 2.925379e-01, change in D = 1.987745e-01.
  Coordinate descent sweep 12. norm of D = 3.040620e-01, change in D = 1.792134e-01.
  Coordinate descent sweep 13. norm of D = 3.179948e-01, change in D = 2.003879e-01.
  Coordinate descent sweep 14. norm of D = 3.369053e-01, change in D = 2.215777e-01.
  Coordinate descent sweep 15. norm of D = 3.412356e-01, change in D = 2.197771e-01.
  Coordinate descent sweep 16. norm of D = 3.317151e-01, change in D = 2.073080e-01.
  Coordinate descent sweep 17. norm of D = 3.367861e-01, change in D = 1.983243e-01.
  Coordinate descent sweep 18. norm of D = 3.578121e-01, change in D = 2.058828e-01.
  Coordinate descent sweep 19. norm of D = 3.304853e-01, change in D = 1.824331e-01.
    Line search step size chosen: 1.000000e+00.
  Objective value decreased by 1.909143e-04.
Newton iteration 55.
  Active set size = 826665.
  sub-gradient = 3.368862e-01, l1-norm of X = 7.960455e+02.
  Coordinate descent sweep 1. norm of D = 2.305637e-01, change in D = 2.305637e-01.
  Coordinate descent sweep 2. norm of D = 1.929553e-01, change in D = 2.014576e-01.
  Coordinate descent sweep 3. norm of D = 2.002309e-01, change in D = 1.660528e-01.
  Coordinate descent sweep 4. norm of D = 2.284000e-01, change in D = 1.893945e-01.
  Coordinate descent sweep 5. norm of D = 2.390269e-01, change in D = 1.942093e-01.
  Coordinate descent sweep 6. norm of D = 2.488670e-01, change in D = 2.048298e-01.
  Coordinate descent sweep 7. norm of D = 2.257580e-01, change in D = 1.726866e-01.
  Coordinate descent sweep 8. norm of D = 2.417607e-01, change in D = 1.744305e-01.
  Coordinate descent sweep 9. norm of D = 2.596601e-01, change in D = 1.906179e-01.
  Coordinate descent sweep 10. norm of D = 2.534960e-01, change in D = 1.853640e-01.
  Coordinate descent sweep 11. norm of D = 2.818948e-01, change in D = 2.051286e-01.
  Coordinate descent sweep 12. norm of D = 2.966879e-01, change in D = 2.233579e-01.
  Coordinate descent sweep 13. norm of D = 3.034169e-01, change in D = 2.260500e-01.
  Coordinate descent sweep 14. norm of D = 2.665727e-01, change in D = 1.791509e-01.
  Coordinate descent sweep 15. norm of D = 3.209628e-01, change in D = 2.116110e-01.
  Coordinate descent sweep 16. norm of D = 3.127022e-01, change in D = 2.148611e-01.
  Coordinate descent sweep 17. norm of D = 3.022109e-01, change in D = 1.911891e-01.
  Coordinate descent sweep 18. norm of D = 3.061994e-01, change in D = 1.829387e-01.
  Coordinate descent sweep 19. norm of D = 3.085932e-01, change in D = 1.745054e-01.
    Line search step size chosen: 1.000000e+00.
  Objective value decreased by 1.662844e-04.
Newton iteration 56.
  Active set size = 826658.
  sub-gradient = 1.347948e-01, l1-norm of X = 7.960482e+02.
  Coordinate descent sweep 1. norm of D = 1.884532e-01, change in D = 1.884532e-01.
  Coordinate descent sweep 2. norm of D = 2.013547e-01, change in D = 1.851526e-01.
  Coordinate descent sweep 3. norm of D = 2.188655e-01, change in D = 1.894023e-01.
  Coordinate descent sweep 4. norm of D = 2.283176e-01, change in D = 1.877942e-01.
  Coordinate descent sweep 5. norm of D = 2.327954e-01, change in D = 1.929053e-01.
  Coordinate descent sweep 6. norm of D = 2.367333e-01, change in D = 1.835048e-01.
  Coordinate descent sweep 7. norm of D = 2.411449e-01, change in D = 1.721281e-01.
  Coordinate descent sweep 8. norm of D = 2.277036e-01, change in D = 1.493490e-01.
  Coordinate descent sweep 9. norm of D = 2.455692e-01, change in D = 1.676711e-01.
  Coordinate descent sweep 10. norm of D = 2.539869e-01, change in D = 1.765918e-01.
  Coordinate descent sweep 11. norm of D = 2.663709e-01, change in D = 1.806295e-01.
  Coordinate descent sweep 12. norm of D = 2.623858e-01, change in D = 1.689289e-01.
  Coordinate descent sweep 13. norm of D = 2.731750e-01, change in D = 1.742661e-01.
  Coordinate descent sweep 14. norm of D = 2.719673e-01, change in D = 1.643822e-01.
  Coordinate descent sweep 15. norm of D = 2.624379e-01, change in D = 1.347292e-01.
  Coordinate descent sweep 16. norm of D = 2.942116e-01, change in D = 1.729080e-01.
  Coordinate descent sweep 17. norm of D = 2.979075e-01, change in D = 1.840045e-01.
  Coordinate descent sweep 18. norm of D = 2.980787e-01, change in D = 1.779737e-01.
  Coordinate descent sweep 19. norm of D = 2.883630e-01, change in D = 1.554793e-01.
    Line search step size chosen: 1.000000e+00.
  Objective value decreased by 1.442779e-04.
Newton iteration 57.
  Active set size = 826654.
  sub-gradient = 1.172094e-01, l1-norm of X = 7.960508e+02.
  Coordinate descent sweep 1. norm of D = 1.445418e-01, change in D = 1.445418e-01.
  Coordinate descent sweep 2. norm of D = 1.703467e-01, change in D = 1.468021e-01.
  Coordinate descent sweep 3. norm of D = 1.984034e-01, change in D = 1.746291e-01.
  Coordinate descent sweep 4. norm of D = 1.943949e-01, change in D = 1.692468e-01.
  Coordinate descent sweep 5. norm of D = 1.940943e-01, change in D = 1.519356e-01.
  Coordinate descent sweep 6. norm of D = 2.276788e-01, change in D = 1.873682e-01.
  Coordinate descent sweep 7. norm of D = 2.010249e-01, change in D = 1.687581e-01.
  Coordinate descent sweep 8. norm of D = 2.124639e-01, change in D = 1.587234e-01.
  Coordinate descent sweep 9. norm of D = 2.137996e-01, change in D = 1.613773e-01.
  Coordinate descent sweep 10. norm of D = 2.217108e-01, change in D = 1.609408e-01.
  Coordinate descent sweep 11. norm of D = 2.290206e-01, change in D = 1.660738e-01.
  Coordinate descent sweep 12. norm of D = 2.386434e-01, change in D = 1.731692e-01.
  Coordinate descent sweep 13. norm of D = 2.194086e-01, change in D = 1.493636e-01.
  Coordinate descent sweep 14. norm of D = 2.462064e-01, change in D = 1.631800e-01.
  Coordinate descent sweep 15. norm of D = 2.477227e-01, change in D = 1.664695e-01.
  Coordinate descent sweep 16. norm of D = 2.392153e-01, change in D = 1.495444e-01.
  Coordinate descent sweep 17. norm of D = 2.363677e-01, change in D = 1.342051e-01.
  Coordinate descent sweep 18. norm of D = 2.529603e-01, change in D = 1.463807e-01.
  Coordinate descent sweep 19. norm of D = 2.447478e-01, change in D = 1.372223e-01.
  Coordinate descent sweep 20. norm of D = 2.548511e-01, change in D = 1.359017e-01.
    Line search step size chosen: 1.000000e+00.
  Objective value decreased by 1.173888e-04.
Newton iteration 58.
  Active set size = 826662.
  sub-gradient = 1.278654e-01, l1-norm of X = 7.960530e+02.
  Coordinate descent sweep 1. norm of D = 1.629090e-01, change in D = 1.629090e-01.
  Coordinate descent sweep 2. norm of D = 1.707256e-01, change in D = 1.599808e-01.
  Coordinate descent sweep 3. norm of D = 1.723884e-01, change in D = 1.441088e-01.
  Coordinate descent sweep 4. norm of D = 1.942163e-01, change in D = 1.599399e-01.
  Coordinate descent sweep 5. norm of D = 1.901777e-01, change in D = 1.598383e-01.
  Coordinate descent sweep 6. norm of D = 1.894672e-01, change in D = 1.432127e-01.
  Coordinate descent sweep 7. norm of D = 1.884550e-01, change in D = 1.332822e-01.
  Coordinate descent sweep 8. norm of D = 1.953439e-01, change in D = 1.313582e-01.
  Coordinate descent sweep 9. norm of D = 1.989353e-01, change in D = 1.361233e-01.
  Coordinate descent sweep 10. norm of D = 2.123424e-01, change in D = 1.442786e-01.
  Coordinate descent sweep 11. norm of D = 2.215585e-01, change in D = 1.515949e-01.
  Coordinate descent sweep 12. norm of D = 2.263413e-01, change in D = 1.524005e-01.
  Coordinate descent sweep 13. norm of D = 2.328364e-01, change in D = 1.569818e-01.
  Coordinate descent sweep 14. norm of D = 2.342251e-01, change in D = 1.548999e-01.
  Coordinate descent sweep 15. norm of D = 2.244391e-01, change in D = 1.365480e-01.
  Coordinate descent sweep 16. norm of D = 2.425215e-01, change in D = 1.454705e-01.
  Coordinate descent sweep 17. norm of D = 2.382930e-01, change in D = 1.417228e-01.
  Coordinate descent sweep 18. norm of D = 2.435166e-01, change in D = 1.379795e-01.
  Coordinate descent sweep 19. norm of D = 2.330794e-01, change in D = 1.221186e-01.
  Coordinate descent sweep 20. norm of D = 2.606799e-01, change in D = 1.364019e-01.
    Line search step size chosen: 1.000000e+00.
  Objective value decreased by 1.052559e-04.
Newton iteration 59.
  Active set size = 826658.
  sub-gradient = 1.157787e-01, l1-norm of X = 7.960553e+02.
  Coordinate descent sweep 1. norm of D = 1.586754e-01, change in D = 1.586754e-01.
  Coordinate descent sweep 2. norm of D = 1.578931e-01, change in D = 1.396398e-01.
  Coordinate descent sweep 3. norm of D = 1.562005e-01, change in D = 1.104222e-01.
  Coordinate descent sweep 4. norm of D = 1.764857e-01, change in D = 1.220471e-01.
  Coordinate descent sweep 5. norm of D = 1.887295e-01, change in D = 1.438494e-01.
  Coordinate descent sweep 6. norm of D = 1.962753e-01, change in D = 1.457511e-01.
  Coordinate descent sweep 7. norm of D = 1.882300e-01, change in D = 1.326844e-01.
  Coordinate descent sweep 8. norm of D = 1.866880e-01, change in D = 1.160130e-01.
  Coordinate descent sweep 9. norm of D = 2.017243e-01, change in D = 1.291436e-01.
  Coordinate descent sweep 10. norm of D = 2.060992e-01, change in D = 1.361424e-01.
  Coordinate descent sweep 11. norm of D = 2.027926e-01, change in D = 1.292758e-01.
  Coordinate descent sweep 12. norm of D = 1.896230e-01, change in D = 9.443348e-02.
  Coordinate descent sweep 13. norm of D = 2.147764e-01, change in D = 1.159529e-01.
  Coordinate descent sweep 14. norm of D = 2.034418e-01, change in D = 1.078012e-01.
  Coordinate descent sweep 15. norm of D = 2.299634e-01, change in D = 1.356139e-01.
  Coordinate descent sweep 16. norm of D = 2.231024e-01, change in D = 1.338348e-01.
  Coordinate descent sweep 17. norm of D = 2.145912e-01, change in D = 1.036046e-01.
  Coordinate descent sweep 18. norm of D = 2.319890e-01, change in D = 1.131417e-01.
  Coordinate descent sweep 19. norm of D = 2.370535e-01, change in D = 1.241459e-01.
  Coordinate descent sweep 20. norm of D = 2.412036e-01, change in D = 1.287225e-01.
    Line search step size chosen: 1.000000e+00.
  Objective value decreased by 8.682078e-05.
Newton iteration 60.
  Active set size = 826655.
  sub-gradient = 9.660122e-02, l1-norm of X = 7.960572e+02.
  Coordinate descent sweep 1. norm of D = 1.224428e-01, change in D = 1.224428e-01.
  Coordinate descent sweep 2. norm of D = 1.530255e-01, change in D = 1.364836e-01.
  Coordinate descent sweep 3. norm of D = 1.542024e-01, change in D = 1.349330e-01.
  Coordinate descent sweep 4. norm of D = 1.493233e-01, change in D = 1.145768e-01.
  Coordinate descent sweep 5. norm of D = 1.598611e-01, change in D = 1.173357e-01.
  Coordinate descent sweep 6. norm of D = 1.682924e-01, change in D = 1.263835e-01.
  Coordinate descent sweep 7. norm of D = 1.694429e-01, change in D = 1.232932e-01.
  Coordinate descent sweep 8. norm of D = 1.614716e-01, change in D = 1.094739e-01.
  Coordinate descent sweep 9. norm of D = 1.847675e-01, change in D = 1.284582e-01.
  Coordinate descent sweep 10. norm of D = 1.800447e-01, change in D = 1.237136e-01.
  Coordinate descent sweep 11. norm of D = 1.843367e-01, change in D = 1.278383e-01.
  Coordinate descent sweep 12. norm of D = 1.844268e-01, change in D = 1.203704e-01.
  Coordinate descent sweep 13. norm of D = 1.838120e-01, change in D = 1.124676e-01.
  Coordinate descent sweep 14. norm of D = 1.859918e-01, change in D = 1.127798e-01.
  Coordinate descent sweep 15. norm of D = 1.878146e-01, change in D = 1.132816e-01.
  Coordinate descent sweep 16. norm of D = 1.962578e-01, change in D = 1.172112e-01.
  Coordinate descent sweep 17. norm of D = 2.037478e-01, change in D = 1.234777e-01.
  Coordinate descent sweep 18. norm of D = 1.977995e-01, change in D = 1.103670e-01.
  Coordinate descent sweep 19. norm of D = 2.094711e-01, change in D = 1.194185e-01.
  Coordinate descent sweep 20. norm of D = 2.139234e-01, change in D = 1.247192e-01.
  Coordinate descent sweep 21. norm of D = 2.085187e-01, change in D = 1.144979e-01.
    Line search step size chosen: 1.000000e+00.
  Objective value decreased by 6.975489e-05.
Newton iteration 61.
  Active set size = 826654.
  sub-gradient = 1.085957e-01, l1-norm of X = 7.960588e+02.
  Coordinate descent sweep 1. norm of D = 1.190428e-01, change in D = 1.190428e-01.
  Coordinate descent sweep 2. norm of D = 1.293903e-01, change in D = 1.157277e-01.
  Coordinate descent sweep 3. norm of D = 1.318580e-01, change in D = 1.104896e-01.
  Coordinate descent sweep 4. norm of D = 1.213583e-01, change in D = 8.628277e-02.
  Coordinate descent sweep 5. norm of D = 1.443580e-01, change in D = 1.043572e-01.
  Coordinate descent sweep 6. norm of D = 1.535276e-01, change in D = 1.177878e-01.
  Coordinate descent sweep 7. norm of D = 1.612932e-01, change in D = 1.257433e-01.
  Coordinate descent sweep 8. norm of D = 1.605838e-01, change in D = 1.241737e-01.
  Coordinate descent sweep 9. norm of D = 1.577258e-01, change in D = 1.126026e-01.
  Coordinate descent sweep 10. norm of D = 1.515790e-01, change in D = 9.977122e-02.
  Coordinate descent sweep 11. norm of D = 1.878107e-01, change in D = 1.349592e-01.
  Coordinate descent sweep 12. norm of D = 1.716628e-01, change in D = 1.263505e-01.
  Coordinate descent sweep 13. norm of D = 1.747534e-01, change in D = 1.209887e-01.
  Coordinate descent sweep 14. norm of D = 1.727600e-01, change in D = 1.123277e-01.
  Coordinate descent sweep 15. norm of D = 1.816276e-01, change in D = 1.167066e-01.
  Coordinate descent sweep 16. norm of D = 1.821548e-01, change in D = 1.135402e-01.
  Coordinate descent sweep 17. norm of D = 1.783266e-01, change in D = 1.033963e-01.
  Coordinate descent sweep 18. norm of D = 1.777922e-01, change in D = 9.503414e-02.
  Coordinate descent sweep 19. norm of D = 1.903638e-01, change in D = 1.099252e-01.
  Coordinate descent sweep 20. norm of D = 1.941345e-01, change in D = 1.139652e-01.
  Coordinate descent sweep 21. norm of D = 1.930581e-01, change in D = 1.122048e-01.
    Line search step size chosen: 1.000000e+00.
  Objective value decreased by 6.055097e-05.
Newton iteration 62.
  Active set size = 826656.
  sub-gradient = 8.696363e-02, l1-norm of X = 7.960604e+02.
  Coordinate descent sweep 1. norm of D = 1.121017e-01, change in D = 1.121017e-01.
  Coordinate descent sweep 2. norm of D = 1.118686e-01, change in D = 9.470042e-02.
  Coordinate descent sweep 3. norm of D = 1.334944e-01, change in D = 1.106724e-01.
  Coordinate descent sweep 4. norm of D = 1.340111e-01, change in D = 1.099975e-01.
  Coordinate descent sweep 5. norm of D = 1.367530e-01, change in D = 1.053520e-01.
  Coordinate descent sweep 6. norm of D = 1.352109e-01, change in D = 9.900514e-02.
  Coordinate descent sweep 7. norm of D = 1.452321e-01, change in D = 1.005141e-01.
  Coordinate descent sweep 8. norm of D = 1.487393e-01, change in D = 1.084934e-01.
  Coordinate descent sweep 9. norm of D = 1.363411e-01, change in D = 9.052657e-02.
  Coordinate descent sweep 10. norm of D = 1.476094e-01, change in D = 8.565796e-02.
  Coordinate descent sweep 11. norm of D = 1.494083e-01, change in D = 8.840865e-02.
  Coordinate descent sweep 12. norm of D = 1.568626e-01, change in D = 9.785693e-02.
  Coordinate descent sweep 13. norm of D = 1.676896e-01, change in D = 1.135072e-01.
  Coordinate descent sweep 14. norm of D = 1.591121e-01, change in D = 1.031313e-01.
  Coordinate descent sweep 15. norm of D = 1.615519e-01, change in D = 9.664248e-02.
  Coordinate descent sweep 16. norm of D = 1.626831e-01, change in D = 9.708172e-02.
  Coordinate descent sweep 17. norm of D = 1.651453e-01, change in D = 9.543906e-02.
  Coordinate descent sweep 18. norm of D = 1.685115e-01, change in D = 9.402226e-02.
  Coordinate descent sweep 19. norm of D = 1.656144e-01, change in D = 8.816104e-02.
  Coordinate descent sweep 20. norm of D = 1.780563e-01, change in D = 9.532926e-02.
  Coordinate descent sweep 21. norm of D = 1.820700e-01, change in D = 1.031417e-01.
    Line search step size chosen: 1.000000e+00.
  Objective value decreased by 5.214355e-05.
Newton iteration 63.
  Active set size = 826655.
  sub-gradient = 7.440042e-02, l1-norm of X = 7.960620e+02.
  Coordinate descent sweep 1. norm of D = 7.830414e-02, change in D = 7.830414e-02.
  Coordinate descent sweep 2. norm of D = 1.027612e-01, change in D = 7.438142e-02.
  Coordinate descent sweep 3. norm of D = 1.171819e-01, change in D = 9.267600e-02.
  Coordinate descent sweep 4. norm of D = 1.183660e-01, change in D = 9.074300e-02.
  Coordinate descent sweep 5. norm of D = 1.229214e-01, change in D = 8.465401e-02.
  Coordinate descent sweep 6. norm of D = 1.196925e-01, change in D = 7.618548e-02.
  Coordinate descent sweep 7. norm of D = 1.323263e-01, change in D = 9.238800e-02.
  Coordinate descent sweep 8. norm of D = 1.244515e-01, change in D = 8.156422e-02.
  Coordinate descent sweep 9. norm of D = 1.413991e-01, change in D = 1.002910e-01.
  Coordinate descent sweep 10. norm of D = 1.345300e-01, change in D = 9.615904e-02.
  Coordinate descent sweep 11. norm of D = 1.406401e-01, change in D = 9.161531e-02.
  Coordinate descent sweep 12. norm of D = 1.478576e-01, change in D = 9.705007e-02.
  Coordinate descent sweep 13. norm of D = 1.427342e-01, change in D = 9.228414e-02.
  Coordinate descent sweep 14. norm of D = 1.468515e-01, change in D = 8.574318e-02.
  Coordinate descent sweep 15. norm of D = 1.459818e-01, change in D = 8.449541e-02.
  Coordinate descent sweep 16. norm of D = 1.584620e-01, change in D = 9.687356e-02.
  Coordinate descent sweep 17. norm of D = 1.468126e-01, change in D = 8.308487e-02.
  Coordinate descent sweep 18. norm of D = 1.439689e-01, change in D = 6.174907e-02.
  Coordinate descent sweep 19. norm of D = 1.586169e-01, change in D = 8.312946e-02.
  Coordinate descent sweep 20. norm of D = 1.568009e-01, change in D = 8.484744e-02.
  Coordinate descent sweep 21. norm of D = 1.653859e-01, change in D = 8.772731e-02.
  Coordinate descent sweep 22. norm of D = 1.602172e-01, change in D = 8.343513e-02.
    Line search step size chosen: 1.000000e+00.
  Objective value decreased by 4.366764e-05.
QUIC CPU time: 82443.660 seconds
