[1] "GTEx"       "49"         "unweighted" "0.18"      
[1] "Data read complete"
Running QUIC version 1.1 in 'default' mode.
Newton iteration 1.
  X is a diagonal matrix.
    Line search step size 1.000000e+00.  Lack of positive definiteness.
    Line search step size 5.000000e-01.  Lack of positive definiteness.
    Line search step size 2.500000e-01.  Lack of positive definiteness.
    Line search step size 1.250000e-01.  Lack of positive definiteness.
    Line search step size chosen: 6.250000e-02.
  Objective value decreased by 2.162703e+01.
Newton iteration 2.
  Active set size = 22684.
  sub-gradient = 1.027332e+03, l1-norm of X = 2.525747e+01.
  Coordinate descent sweep 1. norm of D = 7.763814e+02, change in D = 7.763814e+02.
    Line search step size 1.000000e+00.  Lack of positive definiteness.
    Line search step size 5.000000e-01.  Lack of positive definiteness.
    Line search step size 2.500000e-01.  Lack of positive definiteness.
    Line search step size chosen: 1.250000e-01.
  Objective value decreased by 2.356370e+01.
Newton iteration 3.
  Active set size = 22686.
  sub-gradient = 7.976304e+02, l1-norm of X = 5.886685e+01.
  Coordinate descent sweep 1. norm of D = 4.972601e+02, change in D = 4.972601e+02.
  Coordinate descent sweep 2. norm of D = 4.743013e+02, change in D = 1.066886e+02.
    Line search step size 1.000000e+00.  Lack of positive definiteness.
    Line search step size chosen: 5.000000e-01.
  Objective value decreased by 3.029913e+01.
Newton iteration 4.
  Active set size = 22706.
  sub-gradient = 3.417402e+02, l1-norm of X = 1.257887e+02.
  Coordinate descent sweep 1. norm of D = 1.997645e+02, change in D = 1.997645e+02.
  Coordinate descent sweep 2. norm of D = 2.323305e+02, change in D = 6.546085e+01.
    Line search step size chosen: 1.000000e+00.
  Objective value decreased by 1.014268e+01.
Newton iteration 5.
  Active set size = 17960.
  sub-gradient = 5.478195e+01, l1-norm of X = 1.634356e+02.
  Coordinate descent sweep 1. norm of D = 4.671236e+01, change in D = 4.671236e+01.
  Coordinate descent sweep 2. norm of D = 6.077160e+01, change in D = 2.677135e+01.
    Line search step size chosen: 1.000000e+00.
  Objective value decreased by 1.608093e+00.
Newton iteration 6.
  Active set size = 17606.
  sub-gradient = 2.000058e+01, l1-norm of X = 1.676869e+02.
  Coordinate descent sweep 1. norm of D = 1.914286e+01, change in D = 1.914286e+01.
  Coordinate descent sweep 2. norm of D = 2.615262e+01, change in D = 1.320811e+01.
  Coordinate descent sweep 3. norm of D = 3.074913e+01, change in D = 9.511826e+00.
    Line search step size chosen: 1.000000e+00.
  Objective value decreased by 6.589345e-01.
Newton iteration 7.
  Active set size = 17472.
  sub-gradient = 7.259948e+00, l1-norm of X = 1.698394e+02.
  Coordinate descent sweep 1. norm of D = 7.568324e+00, change in D = 7.568324e+00.
  Coordinate descent sweep 2. norm of D = 1.052366e+01, change in D = 5.900008e+00.
  Coordinate descent sweep 3. norm of D = 1.257465e+01, change in D = 4.456375e+00.
    Line search step size chosen: 1.000000e+00.
  Objective value decreased by 1.985380e-01.
Newton iteration 8.
  Active set size = 17447.
  sub-gradient = 4.092943e+00, l1-norm of X = 1.707054e+02.
  Coordinate descent sweep 1. norm of D = 3.836243e+00, change in D = 3.836243e+00.
  Coordinate descent sweep 2. norm of D = 5.533322e+00, change in D = 3.242990e+00.
  Coordinate descent sweep 3. norm of D = 6.764962e+00, change in D = 2.698641e+00.
    Line search step size chosen: 1.000000e+00.
  Objective value decreased by 9.373644e-02.
Newton iteration 9.
  Active set size = 17416.
  sub-gradient = 2.017910e+00, l1-norm of X = 1.711764e+02.
  Coordinate descent sweep 1. norm of D = 2.071829e+00, change in D = 2.071829e+00.
  Coordinate descent sweep 2. norm of D = 2.879476e+00, change in D = 1.748244e+00.
  Coordinate descent sweep 3. norm of D = 3.486299e+00, change in D = 1.437538e+00.
  Coordinate descent sweep 4. norm of D = 4.083910e+00, change in D = 1.353071e+00.
    Line search step size chosen: 1.000000e+00.
  Objective value decreased by 4.570804e-02.
Newton iteration 10.
  Active set size = 17407.
  sub-gradient = 1.167752e+00, l1-norm of X = 1.714332e+02.
  Coordinate descent sweep 1. norm of D = 1.102422e+00, change in D = 1.102422e+00.
  Coordinate descent sweep 2. norm of D = 1.602882e+00, change in D = 1.014586e+00.
  Coordinate descent sweep 3. norm of D = 2.048898e+00, change in D = 8.949678e-01.
  Coordinate descent sweep 4. norm of D = 2.409873e+00, change in D = 8.078628e-01.
    Line search step size chosen: 1.000000e+00.
  Objective value decreased by 2.424940e-02.
Newton iteration 11.
  Active set size = 17404.
  sub-gradient = 6.425702e-01, l1-norm of X = 1.716154e+02.
  Coordinate descent sweep 1. norm of D = 7.091399e-01, change in D = 7.091399e-01.
  Coordinate descent sweep 2. norm of D = 1.019000e+00, change in D = 6.050885e-01.
  Coordinate descent sweep 3. norm of D = 1.241124e+00, change in D = 5.363110e-01.
  Coordinate descent sweep 4. norm of D = 1.423988e+00, change in D = 4.448022e-01.
    Line search step size chosen: 1.000000e+00.
  Objective value decreased by 1.222052e-02.
Newton iteration 12.
  Active set size = 17403.
  sub-gradient = 4.879099e-01, l1-norm of X = 1.717257e+02.
  Coordinate descent sweep 1. norm of D = 4.520931e-01, change in D = 4.520931e-01.
  Coordinate descent sweep 2. norm of D = 6.713976e-01, change in D = 3.993905e-01.
  Coordinate descent sweep 3. norm of D = 8.252765e-01, change in D = 3.375653e-01.
  Coordinate descent sweep 4. norm of D = 9.365507e-01, change in D = 3.391621e-01.
  Coordinate descent sweep 5. norm of D = 1.073065e+00, change in D = 3.056458e-01.
    Line search step size chosen: 1.000000e+00.
  Objective value decreased by 7.985656e-03.
Newton iteration 13.
  Active set size = 17403.
  sub-gradient = 2.353240e-01, l1-norm of X = 1.718108e+02.
  Coordinate descent sweep 1. norm of D = 2.624196e-01, change in D = 2.624196e-01.
  Coordinate descent sweep 2. norm of D = 4.103999e-01, change in D = 2.680316e-01.
  Coordinate descent sweep 3. norm of D = 5.175820e-01, change in D = 2.372044e-01.
  Coordinate descent sweep 4. norm of D = 6.044015e-01, change in D = 2.044261e-01.
  Coordinate descent sweep 5. norm of D = 6.814361e-01, change in D = 1.791252e-01.
    Line search step size chosen: 1.000000e+00.
  Objective value decreased by 3.796660e-03.
Newton iteration 14.
  Active set size = 17402.
  sub-gradient = 1.787154e-01, l1-norm of X = 1.718684e+02.
  Coordinate descent sweep 1. norm of D = 1.944943e-01, change in D = 1.944943e-01.
  Coordinate descent sweep 2. norm of D = 2.888296e-01, change in D = 1.744291e-01.
  Coordinate descent sweep 3. norm of D = 3.632078e-01, change in D = 1.473926e-01.
  Coordinate descent sweep 4. norm of D = 4.274168e-01, change in D = 1.457661e-01.
  Coordinate descent sweep 5. norm of D = 4.882542e-01, change in D = 1.487490e-01.
    Line search step size chosen: 1.000000e+00.
  Objective value decreased by 2.147612e-03.
Newton iteration 15.
  Active set size = 17402.
  sub-gradient = 1.337981e-01, l1-norm of X = 1.719076e+02.
  Coordinate descent sweep 1. norm of D = 1.283228e-01, change in D = 1.283228e-01.
  Coordinate descent sweep 2. norm of D = 1.940237e-01, change in D = 1.251657e-01.
  Coordinate descent sweep 3. norm of D = 2.623689e-01, change in D = 1.307541e-01.
  Coordinate descent sweep 4. norm of D = 2.934543e-01, change in D = 1.075341e-01.
  Coordinate descent sweep 5. norm of D = 3.436644e-01, change in D = 9.608216e-02.
  Coordinate descent sweep 6. norm of D = 3.919848e-01, change in D = 9.090799e-02.
    Line search step size chosen: 1.000000e+00.
  Objective value decreased by 1.288660e-03.
Newton iteration 16.
  Active set size = 17402.
  sub-gradient = 1.091281e-01, l1-norm of X = 1.719369e+02.
  Coordinate descent sweep 1. norm of D = 8.999452e-02, change in D = 8.999452e-02.
  Coordinate descent sweep 2. norm of D = 1.331147e-01, change in D = 7.296859e-02.
  Coordinate descent sweep 3. norm of D = 1.619184e-01, change in D = 6.260966e-02.
  Coordinate descent sweep 4. norm of D = 2.035826e-01, change in D = 8.307305e-02.
  Coordinate descent sweep 5. norm of D = 2.282952e-01, change in D = 6.320489e-02.
  Coordinate descent sweep 6. norm of D = 2.596792e-01, change in D = 6.636470e-02.
    Line search step size chosen: 1.000000e+00.
  Objective value decreased by 7.223084e-04.
Newton iteration 17.
  Active set size = 17402.
  sub-gradient = 5.387722e-02, l1-norm of X = 1.719617e+02.
  Coordinate descent sweep 1. norm of D = 5.192186e-02, change in D = 5.192186e-02.
  Coordinate descent sweep 2. norm of D = 8.648703e-02, change in D = 5.974294e-02.
  Coordinate descent sweep 3. norm of D = 1.156854e-01, change in D = 5.126318e-02.
  Coordinate descent sweep 4. norm of D = 1.389984e-01, change in D = 5.172133e-02.
  Coordinate descent sweep 5. norm of D = 1.597618e-01, change in D = 4.456647e-02.
  Coordinate descent sweep 6. norm of D = 1.800192e-01, change in D = 4.071889e-02.
    Line search step size chosen: 1.000000e+00.
  Objective value decreased by 3.929869e-04.
Newton iteration 18.
  Active set size = 17402.
  sub-gradient = 3.577027e-02, l1-norm of X = 1.719768e+02.
  Coordinate descent sweep 1. norm of D = 3.767003e-02, change in D = 3.767003e-02.
  Coordinate descent sweep 2. norm of D = 6.664922e-02, change in D = 4.215585e-02.
  Coordinate descent sweep 3. norm of D = 8.417422e-02, change in D = 4.033316e-02.
  Coordinate descent sweep 4. norm of D = 1.024555e-01, change in D = 3.283608e-02.
  Coordinate descent sweep 5. norm of D = 1.156006e-01, change in D = 2.687755e-02.
  Coordinate descent sweep 6. norm of D = 1.308886e-01, change in D = 3.476270e-02.
  Coordinate descent sweep 7. norm of D = 1.411204e-01, change in D = 2.828575e-02.
    Line search step size chosen: 1.000000e+00.
  Objective value decreased by 2.373184e-04.
Newton iteration 19.
  Active set size = 17402.
  sub-gradient = 3.315226e-02, l1-norm of X = 1.719897e+02.
  Coordinate descent sweep 1. norm of D = 2.819950e-02, change in D = 2.819950e-02.
  Coordinate descent sweep 2. norm of D = 4.346237e-02, change in D = 2.792666e-02.
  Coordinate descent sweep 3. norm of D = 5.456844e-02, change in D = 2.383312e-02.
  Coordinate descent sweep 4. norm of D = 6.646706e-02, change in D = 2.516134e-02.
  Coordinate descent sweep 5. norm of D = 7.930133e-02, change in D = 2.307062e-02.
  Coordinate descent sweep 6. norm of D = 8.651106e-02, change in D = 2.047013e-02.
  Coordinate descent sweep 7. norm of D = 9.681123e-02, change in D = 2.266644e-02.
    Line search step size chosen: 1.000000e+00.
  Objective value decreased by 1.194157e-04.
Newton iteration 20.
  Active set size = 17402.
  sub-gradient = 2.032015e-02, l1-norm of X = 1.719979e+02.
  Coordinate descent sweep 1. norm of D = 2.145236e-02, change in D = 2.145236e-02.
  Coordinate descent sweep 2. norm of D = 2.805557e-02, change in D = 1.492462e-02.
  Coordinate descent sweep 3. norm of D = 3.459904e-02, change in D = 1.614807e-02.
  Coordinate descent sweep 4. norm of D = 4.475331e-02, change in D = 1.632824e-02.
  Coordinate descent sweep 5. norm of D = 5.135251e-02, change in D = 1.471189e-02.
  Coordinate descent sweep 6. norm of D = 5.865759e-02, change in D = 1.462873e-02.
  Coordinate descent sweep 7. norm of D = 6.458914e-02, change in D = 1.436863e-02.
    Line search step size chosen: 1.000000e+00.
  Objective value decreased by 5.161819e-05.
Newton iteration 21.
  Active set size = 17402.
  sub-gradient = 1.272144e-02, l1-norm of X = 1.720037e+02.
  Coordinate descent sweep 1. norm of D = 1.399044e-02, change in D = 1.399044e-02.
  Coordinate descent sweep 2. norm of D = 2.122466e-02, change in D = 1.274332e-02.
  Coordinate descent sweep 3. norm of D = 2.514497e-02, change in D = 9.630935e-03.
  Coordinate descent sweep 4. norm of D = 3.175128e-02, change in D = 1.356070e-02.
  Coordinate descent sweep 5. norm of D = 3.548837e-02, change in D = 9.196410e-03.
  Coordinate descent sweep 6. norm of D = 4.106025e-02, change in D = 1.197614e-02.
  Coordinate descent sweep 7. norm of D = 4.444520e-02, change in D = 1.003154e-02.
  Coordinate descent sweep 8. norm of D = 4.900848e-02, change in D = 1.012414e-02.
    Line search step size chosen: 1.000000e+00.
  Objective value decreased by 3.226606e-05.
QUIC CPU time: 1847.610 seconds
