[1] "GTEx"       "49"         "unweighted" "0.38"      
[1] "Data read complete"
Running QUIC version 1.1 in 'default' mode.
Newton iteration 1.
  X is a diagonal matrix.
    Line search step size 1.000000e+00.  Lack of positive definiteness.
    Line search step size 5.000000e-01.  Lack of positive definiteness.
    Line search step size chosen: 2.500000e-01.
  Objective value decreased by 7.175601e+00.
Newton iteration 2.
  Active set size = 7012.
  sub-gradient = 6.587999e+01, l1-norm of X = 1.970276e+01.
  Coordinate descent sweep 1. norm of D = 5.490002e+01, change in D = 5.490002e+01.
    Line search step size chosen: 1.000000e+00.
  Objective value decreased by 2.757032e+00.
Newton iteration 3.
  Active set size = 6864.
  sub-gradient = 1.542272e+02, l1-norm of X = 5.358805e+01.
  Coordinate descent sweep 1. norm of D = 2.071712e+01, change in D = 2.071712e+01.
  Coordinate descent sweep 2. norm of D = 1.983117e+01, change in D = 9.683316e+00.
    Line search step size chosen: 1.000000e+00.
  Objective value decreased by 2.273935e+00.
Newton iteration 4.
  Active set size = 6782.
  sub-gradient = 5.014980e+01, l1-norm of X = 5.118763e+01.
  Coordinate descent sweep 1. norm of D = 1.133997e+01, change in D = 1.133997e+01.
  Coordinate descent sweep 2. norm of D = 1.190929e+01, change in D = 5.927437e+00.
    Line search step size chosen: 1.000000e+00.
  Objective value decreased by 7.590396e-01.
Newton iteration 5.
  Active set size = 6741.
  sub-gradient = 1.260153e+01, l1-norm of X = 4.946318e+01.
  Coordinate descent sweep 1. norm of D = 5.155751e+00, change in D = 5.155751e+00.
  Coordinate descent sweep 2. norm of D = 5.653094e+00, change in D = 2.589069e+00.
    Line search step size chosen: 1.000000e+00.
  Objective value decreased by 1.499902e-01.
Newton iteration 6.
  Active set size = 6726.
  sub-gradient = 2.051110e+00, l1-norm of X = 4.898236e+01.
  Coordinate descent sweep 1. norm of D = 1.521503e+00, change in D = 1.521503e+00.
  Coordinate descent sweep 2. norm of D = 1.981323e+00, change in D = 8.074999e-01.
  Coordinate descent sweep 3. norm of D = 2.236318e+00, change in D = 4.731694e-01.
    Line search step size chosen: 1.000000e+00.
  Objective value decreased by 2.146407e-02.
Newton iteration 7.
  Active set size = 6721.
  sub-gradient = 3.175602e-01, l1-norm of X = 4.904105e+01.
  Coordinate descent sweep 1. norm of D = 3.471367e-01, change in D = 3.471367e-01.
  Coordinate descent sweep 2. norm of D = 4.908456e-01, change in D = 2.232150e-01.
  Coordinate descent sweep 3. norm of D = 5.799890e-01, change in D = 1.704292e-01.
    Line search step size chosen: 1.000000e+00.
  Objective value decreased by 3.957179e-03.
Newton iteration 8.
  Active set size = 6719.
  sub-gradient = 9.079361e-02, l1-norm of X = 4.916225e+01.
  Coordinate descent sweep 1. norm of D = 1.138133e-01, change in D = 1.138133e-01.
  Coordinate descent sweep 2. norm of D = 1.634951e-01, change in D = 7.646741e-02.
  Coordinate descent sweep 3. norm of D = 2.095401e-01, change in D = 6.636521e-02.
    Line search step size chosen: 1.000000e+00.
  Objective value decreased by 7.262177e-04.
Newton iteration 9.
  Active set size = 6719.
  sub-gradient = 3.761196e-02, l1-norm of X = 4.920132e+01.
  Coordinate descent sweep 1. norm of D = 4.695189e-02, change in D = 4.695189e-02.
  Coordinate descent sweep 2. norm of D = 7.157622e-02, change in D = 3.331521e-02.
  Coordinate descent sweep 3. norm of D = 9.010701e-02, change in D = 2.678110e-02.
  Coordinate descent sweep 4. norm of D = 1.042534e-01, change in D = 2.351554e-02.
    Line search step size chosen: 1.000000e+00.
  Objective value decreased by 2.055250e-04.
Newton iteration 10.
  Active set size = 6719.
  sub-gradient = 1.380109e-02, l1-norm of X = 4.922307e+01.
  Coordinate descent sweep 1. norm of D = 1.892421e-02, change in D = 1.892421e-02.
  Coordinate descent sweep 2. norm of D = 2.831819e-02, change in D = 1.387275e-02.
  Coordinate descent sweep 3. norm of D = 3.640853e-02, change in D = 1.111328e-02.
  Coordinate descent sweep 4. norm of D = 4.213957e-02, change in D = 9.176540e-03.
    Line search step size chosen: 1.000000e+00.
  Objective value decreased by 3.533690e-05.
Newton iteration 11.
  Active set size = 6719.
  sub-gradient = 6.284254e-03, l1-norm of X = 4.923283e+01.
  Coordinate descent sweep 1. norm of D = 5.828234e-03, change in D = 5.828234e-03.
  Coordinate descent sweep 2. norm of D = 9.542204e-03, change in D = 5.693349e-03.
  Coordinate descent sweep 3. norm of D = 1.168733e-02, change in D = 4.183015e-03.
  Coordinate descent sweep 4. norm of D = 1.373856e-02, change in D = 2.969657e-03.
    Line search step size chosen: 1.000000e+00.
  Objective value decreased by 4.221445e-06.
Newton iteration 12.
  Active set size = 6719.
  sub-gradient = 2.229456e-03, l1-norm of X = 4.923599e+01.
  Coordinate descent sweep 1. norm of D = 2.726015e-03, change in D = 2.726015e-03.
  Coordinate descent sweep 2. norm of D = 3.883094e-03, change in D = 1.968086e-03.
  Coordinate descent sweep 3. norm of D = 5.028143e-03, change in D = 1.454611e-03.
  Coordinate descent sweep 4. norm of D = 5.330381e-03, change in D = 8.191089e-04.
  Coordinate descent sweep 5. norm of D = 6.082889e-03, change in D = 1.106591e-03.
    Line search step size chosen: 1.000000e+00.
  Objective value decreased by 7.520684e-07.
QUIC CPU time: 1011.530 seconds
