[1] "GTEx"       "49"         "unweighted" "0.42"      
[1] "Data read complete"
Running QUIC version 1.1 in 'default' mode.
Newton iteration 1.
  X is a diagonal matrix.
    Line search step size 1.000000e+00.  Lack of positive definiteness.
    Line search step size chosen: 5.000000e-01.
  Objective value decreased by 6.278101e+00.
Newton iteration 2.
  Active set size = 6558.
  sub-gradient = 9.951401e+01, l1-norm of X = 2.699461e+01.
  Coordinate descent sweep 1. norm of D = 2.275438e+01, change in D = 2.275438e+01.
    Line search step size chosen: 1.000000e+00.
  Objective value decreased by 1.738735e+00.
Newton iteration 3.
  Active set size = 6467.
  sub-gradient = 3.818662e+01, l1-norm of X = 3.652791e+01.
  Coordinate descent sweep 1. norm of D = 1.030720e+01, change in D = 1.030720e+01.
  Coordinate descent sweep 2. norm of D = 1.215136e+01, change in D = 4.047687e+00.
    Line search step size chosen: 1.000000e+00.
  Objective value decreased by 5.641763e-01.
Newton iteration 4.
  Active set size = 6426.
  sub-gradient = 1.304001e+01, l1-norm of X = 3.772596e+01.
  Coordinate descent sweep 1. norm of D = 3.819370e+00, change in D = 3.819370e+00.
  Coordinate descent sweep 2. norm of D = 4.205370e+00, change in D = 2.199899e+00.
    Line search step size chosen: 1.000000e+00.
  Objective value decreased by 1.462398e-01.
Newton iteration 5.
  Active set size = 6419.
  sub-gradient = 3.691279e+00, l1-norm of X = 3.794743e+01.
  Coordinate descent sweep 1. norm of D = 1.859534e+00, change in D = 1.859534e+00.
  Coordinate descent sweep 2. norm of D = 2.229251e+00, change in D = 9.839112e-01.
    Line search step size chosen: 1.000000e+00.
  Objective value decreased by 3.804644e-02.
Newton iteration 6.
  Active set size = 6414.
  sub-gradient = 8.052392e-01, l1-norm of X = 3.808674e+01.
  Coordinate descent sweep 1. norm of D = 5.535030e-01, change in D = 5.535030e-01.
  Coordinate descent sweep 2. norm of D = 7.381304e-01, change in D = 3.405820e-01.
  Coordinate descent sweep 3. norm of D = 8.409800e-01, change in D = 1.920903e-01.
    Line search step size chosen: 1.000000e+00.
  Objective value decreased by 4.601978e-03.
Newton iteration 7.
  Active set size = 6413.
  sub-gradient = 1.275216e-01, l1-norm of X = 3.817829e+01.
  Coordinate descent sweep 1. norm of D = 1.260772e-01, change in D = 1.260772e-01.
  Coordinate descent sweep 2. norm of D = 1.658010e-01, change in D = 7.354239e-02.
  Coordinate descent sweep 3. norm of D = 1.980358e-01, change in D = 4.903952e-02.
    Line search step size chosen: 1.000000e+00.
  Objective value decreased by 4.653894e-04.
Newton iteration 8.
  Active set size = 6412.
  sub-gradient = 3.119509e-02, l1-norm of X = 3.820826e+01.
  Coordinate descent sweep 1. norm of D = 3.448947e-02, change in D = 3.448947e-02.
  Coordinate descent sweep 2. norm of D = 5.305178e-02, change in D = 2.536832e-02.
  Coordinate descent sweep 3. norm of D = 6.205883e-02, change in D = 1.347533e-02.
    Line search step size chosen: 1.000000e+00.
  Objective value decreased by 5.858210e-05.
Newton iteration 9.
  Active set size = 6412.
  sub-gradient = 1.583112e-02, l1-norm of X = 3.822200e+01.
  Coordinate descent sweep 1. norm of D = 1.224261e-02, change in D = 1.224261e-02.
  Coordinate descent sweep 2. norm of D = 1.742691e-02, change in D = 8.466648e-03.
  Coordinate descent sweep 3. norm of D = 2.160000e-02, change in D = 5.848069e-03.
  Coordinate descent sweep 4. norm of D = 2.476519e-02, change in D = 4.241569e-03.
    Line search step size chosen: 1.000000e+00.
  Objective value decreased by 1.029017e-05.
Newton iteration 10.
  Active set size = 6412.
  sub-gradient = 2.621088e-03, l1-norm of X = 3.822633e+01.
  Coordinate descent sweep 1. norm of D = 2.358379e-03, change in D = 2.358379e-03.
  Coordinate descent sweep 2. norm of D = 3.399492e-03, change in D = 1.867300e-03.
  Coordinate descent sweep 3. norm of D = 4.618648e-03, change in D = 1.733732e-03.
  Coordinate descent sweep 4. norm of D = 5.070328e-03, change in D = 7.684816e-04.
    Line search step size chosen: 1.000000e+00.
  Objective value decreased by 7.140015e-07.
QUIC CPU time: 844.590 seconds
