[1] "GTEx"       "49"         "unweighted" "0.60"      
[1] "Data read complete"
Running QUIC version 1.1 in 'default' mode.
Newton iteration 1.
  X is a diagonal matrix.
    Line search step size chosen: 1.000000e+00.
  Objective value decreased by 1.026065e+00.
Newton iteration 2.
  Active set size = 5877.
  sub-gradient = 3.697194e+00, l1-norm of X = 8.284349e+00.
  Coordinate descent sweep 1. norm of D = 2.354326e+00, change in D = 2.354326e+00.
    Line search step size chosen: 1.000000e+00.
  Objective value decreased by 8.969086e-02.
Newton iteration 3.
  Active set size = 5874.
  sub-gradient = 5.465836e-01, l1-norm of X = 7.733776e+00.
  Coordinate descent sweep 1. norm of D = 6.091644e-01, change in D = 6.091644e-01.
  Coordinate descent sweep 2. norm of D = 7.977093e-01, change in D = 2.385925e-01.
    Line search step size chosen: 1.000000e+00.
  Objective value decreased by 1.502190e-02.
Newton iteration 4.
  Active set size = 5874.
  sub-gradient = 8.995719e-02, l1-norm of X = 8.075801e+00.
  Coordinate descent sweep 1. norm of D = 1.069804e-01, change in D = 1.069804e-01.
  Coordinate descent sweep 2. norm of D = 1.608049e-01, change in D = 6.249082e-02.
    Line search step size chosen: 1.000000e+00.
  Objective value decreased by 1.243084e-03.
Newton iteration 5.
  Active set size = 5874.
  sub-gradient = 2.202492e-02, l1-norm of X = 8.150393e+00.
  Coordinate descent sweep 1. norm of D = 2.809731e-02, change in D = 2.809731e-02.
  Coordinate descent sweep 2. norm of D = 3.827962e-02, change in D = 1.257248e-02.
    Line search step size chosen: 1.000000e+00.
  Objective value decreased by 7.915496e-05.
Newton iteration 6.
  Active set size = 5874.
  sub-gradient = 4.801712e-03, l1-norm of X = 8.165981e+00.
  Coordinate descent sweep 1. norm of D = 5.766793e-03, change in D = 5.766793e-03.
  Coordinate descent sweep 2. norm of D = 7.363413e-03, change in D = 1.921220e-03.
  Coordinate descent sweep 3. norm of D = 8.379645e-03, change in D = 1.049393e-03.
    Line search step size chosen: 1.000000e+00.
  Objective value decreased by 3.126595e-06.
Newton iteration 7.
  Active set size = 5874.
  sub-gradient = 4.578219e-04, l1-norm of X = 8.168731e+00.
  Coordinate descent sweep 1. norm of D = 4.988539e-04, change in D = 4.988539e-04.
  Coordinate descent sweep 2. norm of D = 7.496612e-04, change in D = 3.287739e-04.
  Coordinate descent sweep 3. norm of D = 9.010914e-04, change in D = 1.715221e-04.
    Line search step size chosen: 1.000000e+00.
  Objective value decreased by 4.695721e-08.
QUIC CPU time: 584.730 seconds
