[1] "GTEx"       "49"         "unweighted" "0.76"      
[1] "Data read complete"
Running QUIC version 1.1 in 'default' mode.
Newton iteration 1.
  X is a diagonal matrix.
    Line search step size chosen: 1.000000e+00.
  Objective value decreased by 1.553371e-01.
Newton iteration 2.
  Active set size = 5799.
  sub-gradient = 3.556559e-01, l1-norm of X = 1.611122e+00.
  Coordinate descent sweep 1. norm of D = 3.087762e-01, change in D = 3.087762e-01.
    Line search step size chosen: 1.000000e+00.
  Objective value decreased by 4.427969e-03.
Newton iteration 3.
  Active set size = 5799.
  sub-gradient = 4.697183e-02, l1-norm of X = 1.581169e+00.
  Coordinate descent sweep 1. norm of D = 6.133260e-02, change in D = 6.133260e-02.
  Coordinate descent sweep 2. norm of D = 7.873299e-02, change in D = 1.777485e-02.
    Line search step size chosen: 1.000000e+00.
  Objective value decreased by 5.295583e-04.
Newton iteration 4.
  Active set size = 5799.
  sub-gradient = 3.745523e-03, l1-norm of X = 1.648928e+00.
  Coordinate descent sweep 1. norm of D = 3.985855e-03, change in D = 3.985855e-03.
  Coordinate descent sweep 2. norm of D = 4.952515e-03, change in D = 9.785699e-04.
    Line search step size chosen: 1.000000e+00.
  Objective value decreased by 1.638555e-06.
Newton iteration 5.
  Active set size = 5799.
  sub-gradient = 1.357155e-04, l1-norm of X = 1.650402e+00.
  Coordinate descent sweep 1. norm of D = 1.862771e-04, change in D = 1.862771e-04.
  Coordinate descent sweep 2. norm of D = 2.087067e-04, change in D = 3.015237e-05.
    Line search step size chosen: 1.000000e+00.
  Objective value decreased by 4.053618e-09.
QUIC CPU time: 432.870 seconds
