[1] "GTEx"       "49"         "unweighted" "0.96"      
[1] "Data read complete"
Running QUIC version 1.1 in 'default' mode.
Newton iteration 1.
  X is a diagonal matrix.
    Line search step size chosen: 1.000000e+00.
  Objective value decreased by 1.129559e-04.
Newton iteration 2.
  Active set size = 5787.
  sub-gradient = 2.271508e-04, l1-norm of X = 2.040647e-02.
  Coordinate descent sweep 1. norm of D = 2.258863e-04, change in D = 2.258863e-04.
    Line search step size chosen: 1.000000e+00.
  Objective value decreased by 1.276021e-08.
Newton iteration 3.
  Active set size = 5787.
  sub-gradient = 1.212965e-06, l1-norm of X = 2.040647e-02.
  Coordinate descent sweep 1. norm of D = 1.212965e-06, change in D = 1.212965e-06.
  Coordinate descent sweep 2. norm of D = 1.264522e-06, change in D = 5.155661e-08.
    Line search step size chosen: 1.000000e+00.
  Objective value decreased by 1.818989e-12.
QUIC CPU time: 275.670 seconds
