[1] "/data/abattle4/prashanthi/recount3/data/cardiac/GTEx/weighted_covariances/cov_2.rds"
[1] "Data read complete"
Running QUIC version 1.1 in 'default' mode.
Newton iteration 1.
  X is a diagonal matrix.
    Line search step size 1.000000e+00.  Lack of positive definiteness.
    Line search step size 5.000000e-01.  Lack of positive definiteness.
    Line search step size 2.500000e-01.  Lack of positive definiteness.
    Line search step size 1.250000e-01.  Lack of positive definiteness.
    Line search step size 6.250000e-02.  Lack of positive definiteness.
    Line search step size chosen: 3.125000e-02.
  Objective value decreased by 7.960796e+02.
Newton iteration 2.
  Active set size = 8357195.
  sub-gradient = 2.159019e+05, l1-norm of X = 8.595975e+02.
  Coordinate descent sweep 1. norm of D = 1.120094e+05, change in D = 1.120094e+05.
    Line search step size 1.000000e+00.  Lack of positive definiteness.
    Line search step size 5.000000e-01.  Lack of positive definiteness.
    Line search step size 2.500000e-01.  Lack of positive definiteness.
    Line search step size 1.250000e-01.  Lack of positive definiteness.
    Line search step size 6.250000e-02.  Lack of positive definiteness.
    Line search step size chosen: 3.125000e-02.
  Objective value decreased by 3.785904e+02.
Newton iteration 3.
  Active set size = 8370376.
  sub-gradient = 1.992716e+05, l1-norm of X = 1.266078e+03.
  Coordinate descent sweep 1. norm of D = 6.779482e+04, change in D = 6.779482e+04.
  Coordinate descent sweep 2. norm of D = 5.561512e+04, change in D = 2.417918e+04.
    Line search step size 1.000000e+00.  Lack of positive definiteness.
    Line search step size 5.000000e-01.  Lack of positive definiteness.
    Line search step size 2.500000e-01.  Lack of positive definiteness.
    Line search step size chosen: 1.250000e-01.
  Objective value decreased by 6.377284e+02.
Newton iteration 4.
  Active set size = 14831209.
  sub-gradient = 6.450942e+05, l1-norm of X = 1.971695e+03.
  Coordinate descent sweep 1. norm of D = 2.722671e+04, change in D = 2.722671e+04.
  Coordinate descent sweep 2. norm of D = 2.822267e+04, change in D = 1.139747e+04.
    Line search step size 1.000000e+00.  Lack of positive definiteness.
    Line search step size 5.000000e-01.  Lack of positive definiteness.
    Line search step size chosen: 2.500000e-01.
  Objective value decreased by 3.762680e+02.
Newton iteration 5.
  Active set size = 13036318.
  sub-gradient = 5.049893e+05, l1-norm of X = 2.409117e+03.
  Coordinate descent sweep 1. norm of D = 1.804777e+04, change in D = 1.804777e+04.
  Coordinate descent sweep 2. norm of D = 2.015331e+04, change in D = 8.089218e+03.
    Line search step size 1.000000e+00.  Lack of positive definiteness.
    Line search step size chosen: 5.000000e-01.
  Objective value decreased by 3.844250e+02.
Newton iteration 6.
  Active set size = 10696386.
  sub-gradient = 3.625366e+05, l1-norm of X = 2.844924e+03.
  Coordinate descent sweep 1. norm of D = 1.081119e+04, change in D = 1.081119e+04.
  Coordinate descent sweep 2. norm of D = 1.293858e+04, change in D = 5.799481e+03.
  Coordinate descent sweep 3. norm of D = 1.413944e+04, change in D = 3.694176e+03.
    Line search step size chosen: 1.000000e+00.
  Objective value decreased by 3.548293e+02.
Newton iteration 7.
  Active set size = 2667359.
  sub-gradient = 3.048225e+04, l1-norm of X = 3.385691e+03.
  Coordinate descent sweep 1. norm of D = 3.606628e+03, change in D = 3.606628e+03.
  Coordinate descent sweep 2. norm of D = 4.539030e+03, change in D = 2.754541e+03.
  Coordinate descent sweep 3. norm of D = 5.164179e+03, change in D = 1.977040e+03.
    Line search step size chosen: 1.000000e+00.
  Objective value decreased by 6.284351e+01.
Newton iteration 8.
  Active set size = 2026799.
  sub-gradient = 1.003149e+04, l1-norm of X = 3.606700e+03.
  Coordinate descent sweep 1. norm of D = 1.777701e+03, change in D = 1.777701e+03.
  Coordinate descent sweep 2. norm of D = 2.207003e+03, change in D = 1.372566e+03.
  Coordinate descent sweep 3. norm of D = 2.492115e+03, change in D = 1.029207e+03.
    Line search step size chosen: 1.000000e+00.
  Objective value decreased by 1.707896e+01.
Newton iteration 9.
  Active set size = 1836232.
  sub-gradient = 3.048204e+03, l1-norm of X = 3.700170e+03.
  Coordinate descent sweep 1. norm of D = 8.784372e+02, change in D = 8.784372e+02.
  Coordinate descent sweep 2. norm of D = 1.075163e+03, change in D = 6.988230e+02.
  Coordinate descent sweep 3. norm of D = 1.204348e+03, change in D = 5.552604e+02.
  Coordinate descent sweep 4. norm of D = 1.297688e+03, change in D = 4.488922e+02.
    Line search step size chosen: 1.000000e+00.
  Objective value decreased by 6.671483e+00.
Newton iteration 10.
  Active set size = 1779194.
  sub-gradient = 7.192735e+02, l1-norm of X = 3.743645e+03.
  Coordinate descent sweep 1. norm of D = 4.022783e+02, change in D = 4.022783e+02.
  Coordinate descent sweep 2. norm of D = 4.854555e+02, change in D = 3.449912e+02.
  Coordinate descent sweep 3. norm of D = 5.349929e+02, change in D = 2.968137e+02.
  Coordinate descent sweep 4. norm of D = 5.698993e+02, change in D = 2.581789e+02.
    Line search step size chosen: 1.000000e+00.
  Objective value decreased by 2.435817e+00.
Newton iteration 11.
  Active set size = 1772044.
  sub-gradient = 2.645647e+02, l1-norm of X = 3.757648e+03.
  Coordinate descent sweep 1. norm of D = 2.366976e+02, change in D = 2.366976e+02.
  Coordinate descent sweep 2. norm of D = 2.806033e+02, change in D = 2.142361e+02.
  Coordinate descent sweep 3. norm of D = 3.043914e+02, change in D = 1.922078e+02.
  Coordinate descent sweep 4. norm of D = 3.219181e+02, change in D = 1.748611e+02.
    Line search step size chosen: 1.000000e+00.
  Objective value decreased by 1.226148e+00.
Newton iteration 12.
  Active set size = 1769712.
  sub-gradient = 1.774748e+02, l1-norm of X = 3.762879e+03.
  Coordinate descent sweep 1. norm of D = 1.637565e+02, change in D = 1.637565e+02.
  Coordinate descent sweep 2. norm of D = 1.938354e+02, change in D = 1.536360e+02.
  Coordinate descent sweep 3. norm of D = 2.068094e+02, change in D = 1.406940e+02.
  Coordinate descent sweep 4. norm of D = 2.175104e+02, change in D = 1.319349e+02.
  Coordinate descent sweep 5. norm of D = 2.223571e+02, change in D = 1.207208e+02.
    Line search step size chosen: 1.000000e+00.
  Objective value decreased by 8.495375e-01.
Newton iteration 13.
  Active set size = 1767667.
  sub-gradient = 1.217870e+02, l1-norm of X = 3.765661e+03.
  Coordinate descent sweep 1. norm of D = 1.147968e+02, change in D = 1.147968e+02.
  Coordinate descent sweep 2. norm of D = 1.365468e+02, change in D = 1.115569e+02.
  Coordinate descent sweep 3. norm of D = 1.452981e+02, change in D = 1.045230e+02.
  Coordinate descent sweep 4. norm of D = 1.511285e+02, change in D = 9.897887e+01.
  Coordinate descent sweep 5. norm of D = 1.558569e+02, change in D = 9.437566e+01.
    Line search step size chosen: 1.000000e+00.
  Objective value decreased by 5.272978e-01.
Newton iteration 14.
  Active set size = 1766890.
  sub-gradient = 9.459022e+01, l1-norm of X = 3.767026e+03.
  Coordinate descent sweep 1. norm of D = 9.137492e+01, change in D = 9.137492e+01.
  Coordinate descent sweep 2. norm of D = 1.066971e+02, change in D = 8.686420e+01.
  Coordinate descent sweep 3. norm of D = 1.138605e+02, change in D = 8.251887e+01.
  Coordinate descent sweep 4. norm of D = 1.192462e+02, change in D = 8.052824e+01.
  Coordinate descent sweep 5. norm of D = 1.210588e+02, change in D = 7.535059e+01.
    Line search step size chosen: 1.000000e+00.
  Objective value decreased by 3.464725e-01.
Newton iteration 15.
  Active set size = 1766627.
  sub-gradient = 8.142235e+01, l1-norm of X = 3.767875e+03.
  Coordinate descent sweep 1. norm of D = 7.342827e+01, change in D = 7.342827e+01.
  Coordinate descent sweep 2. norm of D = 8.528802e+01, change in D = 6.984010e+01.
  Coordinate descent sweep 3. norm of D = 9.150226e+01, change in D = 6.749001e+01.
  Coordinate descent sweep 4. norm of D = 9.353485e+01, change in D = 6.305895e+01.
  Coordinate descent sweep 5. norm of D = 9.699449e+01, change in D = 6.206053e+01.
  Coordinate descent sweep 6. norm of D = 9.865057e+01, change in D = 5.998585e+01.
    Line search step size chosen: 1.000000e+00.
  Objective value decreased by 2.794986e-01.
Newton iteration 16.
  Active set size = 1766320.
  sub-gradient = 6.181355e+01, l1-norm of X = 3.768534e+03.
  Coordinate descent sweep 1. norm of D = 5.911704e+01, change in D = 5.911704e+01.
  Coordinate descent sweep 2. norm of D = 6.996948e+01, change in D = 5.878796e+01.
  Coordinate descent sweep 3. norm of D = 7.409079e+01, change in D = 5.660726e+01.
  Coordinate descent sweep 4. norm of D = 7.606776e+01, change in D = 5.423989e+01.
  Coordinate descent sweep 5. norm of D = 7.718711e+01, change in D = 5.071917e+01.
  Coordinate descent sweep 6. norm of D = 7.933604e+01, change in D = 4.973431e+01.
    Line search step size chosen: 1.000000e+00.
  Objective value decreased by 2.012051e-01.
Newton iteration 17.
  Active set size = 1765997.
  sub-gradient = 5.445769e+01, l1-norm of X = 3.769002e+03.
  Coordinate descent sweep 1. norm of D = 4.909185e+01, change in D = 4.909185e+01.
  Coordinate descent sweep 2. norm of D = 5.642658e+01, change in D = 4.668681e+01.
  Coordinate descent sweep 3. norm of D = 6.134395e+01, change in D = 4.595553e+01.
  Coordinate descent sweep 4. norm of D = 6.344382e+01, change in D = 4.502910e+01.
  Coordinate descent sweep 5. norm of D = 6.415661e+01, change in D = 4.303427e+01.
  Coordinate descent sweep 6. norm of D = 6.559077e+01, change in D = 4.190955e+01.
    Line search step size chosen: 1.000000e+00.
  Objective value decreased by 1.429413e-01.
Newton iteration 18.
  Active set size = 1765536.
  sub-gradient = 4.193527e+01, l1-norm of X = 3.769380e+03.
  Coordinate descent sweep 1. norm of D = 4.101246e+01, change in D = 4.101246e+01.
  Coordinate descent sweep 2. norm of D = 4.805389e+01, change in D = 4.013170e+01.
  Coordinate descent sweep 3. norm of D = 5.062193e+01, change in D = 3.818059e+01.
  Coordinate descent sweep 4. norm of D = 5.313756e+01, change in D = 3.806295e+01.
  Coordinate descent sweep 5. norm of D = 5.367456e+01, change in D = 3.631090e+01.
  Coordinate descent sweep 6. norm of D = 5.641305e+01, change in D = 3.759645e+01.
  Coordinate descent sweep 7. norm of D = 5.670281e+01, change in D = 3.629877e+01.
    Line search step size chosen: 1.000000e+00.
  Objective value decreased by 1.318894e-01.
Newton iteration 19.
  Active set size = 1765366.
  sub-gradient = 3.913115e+01, l1-norm of X = 3.769704e+03.
  Coordinate descent sweep 1. norm of D = 3.449441e+01, change in D = 3.449441e+01.
  Coordinate descent sweep 2. norm of D = 4.133765e+01, change in D = 3.456735e+01.
  Coordinate descent sweep 3. norm of D = 4.421550e+01, change in D = 3.380930e+01.
  Coordinate descent sweep 4. norm of D = 4.491306e+01, change in D = 3.234479e+01.
  Coordinate descent sweep 5. norm of D = 4.589207e+01, change in D = 3.125703e+01.
  Coordinate descent sweep 6. norm of D = 4.628370e+01, change in D = 3.039593e+01.
  Coordinate descent sweep 7. norm of D = 4.752616e+01, change in D = 2.966498e+01.
    Line search step size chosen: 1.000000e+00.
  Objective value decreased by 8.910887e-02.
Newton iteration 20.
  Active set size = 1764987.
  sub-gradient = 2.647616e+01, l1-norm of X = 3.769933e+03.
  Coordinate descent sweep 1. norm of D = 2.991201e+01, change in D = 2.991201e+01.
  Coordinate descent sweep 2. norm of D = 3.383742e+01, change in D = 2.812200e+01.
  Coordinate descent sweep 3. norm of D = 3.623934e+01, change in D = 2.724022e+01.
  Coordinate descent sweep 4. norm of D = 3.809465e+01, change in D = 2.740507e+01.
  Coordinate descent sweep 5. norm of D = 3.848210e+01, change in D = 2.653088e+01.
  Coordinate descent sweep 6. norm of D = 3.932547e+01, change in D = 2.610677e+01.
  Coordinate descent sweep 7. norm of D = 3.976407e+01, change in D = 2.546922e+01.
    Line search step size chosen: 1.000000e+00.
  Objective value decreased by 7.049976e-02.
Newton iteration 21.
  Active set size = 1765218.
  sub-gradient = 3.158783e+01, l1-norm of X = 3.770134e+03.
  Coordinate descent sweep 1. norm of D = 2.583643e+01, change in D = 2.583643e+01.
  Coordinate descent sweep 2. norm of D = 2.926111e+01, change in D = 2.473815e+01.
  Coordinate descent sweep 3. norm of D = 3.216902e+01, change in D = 2.522179e+01.
  Coordinate descent sweep 4. norm of D = 3.240768e+01, change in D = 2.425887e+01.
  Coordinate descent sweep 5. norm of D = 3.252787e+01, change in D = 2.303416e+01.
  Coordinate descent sweep 6. norm of D = 3.389640e+01, change in D = 2.324238e+01.
  Coordinate descent sweep 7. norm of D = 3.469069e+01, change in D = 2.346244e+01.
  Coordinate descent sweep 8. norm of D = 3.466605e+01, change in D = 2.249619e+01.
    Line search step size chosen: 1.000000e+00.
  Objective value decreased by 5.837707e-02.
Newton iteration 22.
  Active set size = 1764832.
  sub-gradient = 1.958672e+01, l1-norm of X = 3.770307e+03.
  Coordinate descent sweep 1. norm of D = 2.242049e+01, change in D = 2.242049e+01.
  Coordinate descent sweep 2. norm of D = 2.615776e+01, change in D = 2.217705e+01.
  Coordinate descent sweep 3. norm of D = 2.772405e+01, change in D = 2.165432e+01.
  Coordinate descent sweep 4. norm of D = 2.896604e+01, change in D = 2.150621e+01.
  Coordinate descent sweep 5. norm of D = 2.950070e+01, change in D = 2.130481e+01.
  Coordinate descent sweep 6. norm of D = 2.937918e+01, change in D = 2.022844e+01.
  Coordinate descent sweep 7. norm of D = 2.948969e+01, change in D = 1.924790e+01.
  Coordinate descent sweep 8. norm of D = 3.045527e+01, change in D = 1.966707e+01.
    Line search step size chosen: 1.000000e+00.
  Objective value decreased by 4.676247e-02.
Newton iteration 23.
  Active set size = 1764725.
  sub-gradient = 1.853650e+01, l1-norm of X = 3.770471e+03.
  Coordinate descent sweep 1. norm of D = 1.876071e+01, change in D = 1.876071e+01.
  Coordinate descent sweep 2. norm of D = 2.315663e+01, change in D = 1.952498e+01.
  Coordinate descent sweep 3. norm of D = 2.352607e+01, change in D = 1.791783e+01.
  Coordinate descent sweep 4. norm of D = 2.485132e+01, change in D = 1.790178e+01.
  Coordinate descent sweep 5. norm of D = 2.594360e+01, change in D = 1.845565e+01.
  Coordinate descent sweep 6. norm of D = 2.573212e+01, change in D = 1.743456e+01.
  Coordinate descent sweep 7. norm of D = 2.622582e+01, change in D = 1.742886e+01.
  Coordinate descent sweep 8. norm of D = 2.673684e+01, change in D = 1.729189e+01.
    Line search step size chosen: 1.000000e+00.
  Objective value decreased by 3.903070e-02.
Newton iteration 24.
  Active set size = 1764570.
  sub-gradient = 1.422995e+01, l1-norm of X = 3.770607e+03.
  Coordinate descent sweep 1. norm of D = 1.675549e+01, change in D = 1.675549e+01.
  Coordinate descent sweep 2. norm of D = 1.960127e+01, change in D = 1.620893e+01.
  Coordinate descent sweep 3. norm of D = 2.128773e+01, change in D = 1.647819e+01.
  Coordinate descent sweep 4. norm of D = 2.213077e+01, change in D = 1.651348e+01.
  Coordinate descent sweep 5. norm of D = 2.224282e+01, change in D = 1.563079e+01.
  Coordinate descent sweep 6. norm of D = 2.224703e+01, change in D = 1.467028e+01.
  Coordinate descent sweep 7. norm of D = 2.315426e+01, change in D = 1.518701e+01.
  Coordinate descent sweep 8. norm of D = 2.314074e+01, change in D = 1.470643e+01.
  Coordinate descent sweep 9. norm of D = 2.376309e+01, change in D = 1.490674e+01.
    Line search step size chosen: 1.000000e+00.
  Objective value decreased by 3.475616e-02.
Newton iteration 25.
  Active set size = 1764489.
  sub-gradient = 1.273193e+01, l1-norm of X = 3.770724e+03.
  Coordinate descent sweep 1. norm of D = 1.396990e+01, change in D = 1.396990e+01.
  Coordinate descent sweep 2. norm of D = 1.752201e+01, change in D = 1.468828e+01.
  Coordinate descent sweep 3. norm of D = 1.856411e+01, change in D = 1.472321e+01.
  Coordinate descent sweep 4. norm of D = 1.916200e+01, change in D = 1.444620e+01.
  Coordinate descent sweep 5. norm of D = 1.952953e+01, change in D = 1.413903e+01.
  Coordinate descent sweep 6. norm of D = 1.972850e+01, change in D = 1.385317e+01.
  Coordinate descent sweep 7. norm of D = 1.995767e+01, change in D = 1.347828e+01.
  Coordinate descent sweep 8. norm of D = 2.003846e+01, change in D = 1.324227e+01.
  Coordinate descent sweep 9. norm of D = 2.009570e+01, change in D = 1.278031e+01.
    Line search step size chosen: 1.000000e+00.
  Objective value decreased by 2.567624e-02.
Newton iteration 26.
  Active set size = 1764456.
  sub-gradient = 1.086277e+01, l1-norm of X = 3.770828e+03.
  Coordinate descent sweep 1. norm of D = 1.272773e+01, change in D = 1.272773e+01.
  Coordinate descent sweep 2. norm of D = 1.510062e+01, change in D = 1.304212e+01.
  Coordinate descent sweep 3. norm of D = 1.554269e+01, change in D = 1.229649e+01.
  Coordinate descent sweep 4. norm of D = 1.661587e+01, change in D = 1.271272e+01.
  Coordinate descent sweep 5. norm of D = 1.680795e+01, change in D = 1.246164e+01.
  Coordinate descent sweep 6. norm of D = 1.726385e+01, change in D = 1.240799e+01.
  Coordinate descent sweep 7. norm of D = 1.722289e+01, change in D = 1.197034e+01.
  Coordinate descent sweep 8. norm of D = 1.704058e+01, change in D = 1.138092e+01.
  Coordinate descent sweep 9. norm of D = 1.805123e+01, change in D = 1.214298e+01.
    Line search step size chosen: 1.000000e+00.
  Objective value decreased by 2.065067e-02.
Newton iteration 27.
  Active set size = 1764406.
  sub-gradient = 1.049159e+01, l1-norm of X = 3.770914e+03.
  Coordinate descent sweep 1. norm of D = 1.171111e+01, change in D = 1.171111e+01.
  Coordinate descent sweep 2. norm of D = 1.387099e+01, change in D = 1.138237e+01.
  Coordinate descent sweep 3. norm of D = 1.493840e+01, change in D = 1.159795e+01.
  Coordinate descent sweep 4. norm of D = 1.535506e+01, change in D = 1.133376e+01.
  Coordinate descent sweep 5. norm of D = 1.559205e+01, change in D = 1.093662e+01.
  Coordinate descent sweep 6. norm of D = 1.576336e+01, change in D = 1.078338e+01.
  Coordinate descent sweep 7. norm of D = 1.591588e+01, change in D = 1.056123e+01.
  Coordinate descent sweep 8. norm of D = 1.613592e+01, change in D = 1.041373e+01.
  Coordinate descent sweep 9. norm of D = 1.610172e+01, change in D = 9.985752e+00.
  Coordinate descent sweep 10. norm of D = 1.692325e+01, change in D = 1.075286e+01.
    Line search step size chosen: 1.000000e+00.
  Objective value decreased by 1.820852e-02.
Newton iteration 28.
  Active set size = 1764495.
  sub-gradient = 1.156865e+01, l1-norm of X = 3.771000e+03.
  Coordinate descent sweep 1. norm of D = 1.061195e+01, change in D = 1.061195e+01.
  Coordinate descent sweep 2. norm of D = 1.198029e+01, change in D = 9.838710e+00.
  Coordinate descent sweep 3. norm of D = 1.308908e+01, change in D = 9.873601e+00.
  Coordinate descent sweep 4. norm of D = 1.335213e+01, change in D = 9.622681e+00.
  Coordinate descent sweep 5. norm of D = 1.389176e+01, change in D = 9.790043e+00.
  Coordinate descent sweep 6. norm of D = 1.401590e+01, change in D = 9.668900e+00.
  Coordinate descent sweep 7. norm of D = 1.435792e+01, change in D = 9.624496e+00.
  Coordinate descent sweep 8. norm of D = 1.419787e+01, change in D = 9.132261e+00.
  Coordinate descent sweep 9. norm of D = 1.446433e+01, change in D = 8.943059e+00.
  Coordinate descent sweep 10. norm of D = 1.466534e+01, change in D = 9.224252e+00.
    Line search step size chosen: 1.000000e+00.
  Objective value decreased by 1.454221e-02.
Newton iteration 29.
  Active set size = 1764443.
  sub-gradient = 1.045617e+01, l1-norm of X = 3.771072e+03.
  Coordinate descent sweep 1. norm of D = 9.009475e+00, change in D = 9.009475e+00.
  Coordinate descent sweep 2. norm of D = 1.061694e+01, change in D = 8.911892e+00.
  Coordinate descent sweep 3. norm of D = 1.139830e+01, change in D = 9.001225e+00.
  Coordinate descent sweep 4. norm of D = 1.193544e+01, change in D = 9.092902e+00.
  Coordinate descent sweep 5. norm of D = 1.201782e+01, change in D = 8.885100e+00.
  Coordinate descent sweep 6. norm of D = 1.181291e+01, change in D = 8.256605e+00.
  Coordinate descent sweep 7. norm of D = 1.172608e+01, change in D = 7.738541e+00.
  Coordinate descent sweep 8. norm of D = 1.238680e+01, change in D = 8.138243e+00.
  Coordinate descent sweep 9. norm of D = 1.257945e+01, change in D = 8.336662e+00.
  Coordinate descent sweep 10. norm of D = 1.278093e+01, change in D = 8.237213e+00.
    Line search step size chosen: 1.000000e+00.
  Objective value decreased by 1.216694e-02.
Newton iteration 30.
  Active set size = 1764301.
  sub-gradient = 7.129544e+00, l1-norm of X = 3.771138e+03.
  Coordinate descent sweep 1. norm of D = 7.779689e+00, change in D = 7.779689e+00.
  Coordinate descent sweep 2. norm of D = 9.400262e+00, change in D = 7.673014e+00.
  Coordinate descent sweep 3. norm of D = 1.003390e+01, change in D = 7.828756e+00.
  Coordinate descent sweep 4. norm of D = 1.053242e+01, change in D = 7.906201e+00.
  Coordinate descent sweep 5. norm of D = 1.021897e+01, change in D = 7.102814e+00.
  Coordinate descent sweep 6. norm of D = 1.067416e+01, change in D = 7.441581e+00.
  Coordinate descent sweep 7. norm of D = 1.082915e+01, change in D = 7.456890e+00.
  Coordinate descent sweep 8. norm of D = 1.113457e+01, change in D = 7.646325e+00.
  Coordinate descent sweep 9. norm of D = 1.110520e+01, change in D = 7.418618e+00.
  Coordinate descent sweep 10. norm of D = 1.133095e+01, change in D = 7.327560e+00.
  Coordinate descent sweep 11. norm of D = 1.130410e+01, change in D = 7.111911e+00.
    Line search step size chosen: 1.000000e+00.
  Objective value decreased by 1.009915e-02.
Newton iteration 31.
  Active set size = 1764303.
  sub-gradient = 6.748585e+00, l1-norm of X = 3.771199e+03.
  Coordinate descent sweep 1. norm of D = 7.244754e+00, change in D = 7.244754e+00.
  Coordinate descent sweep 2. norm of D = 8.276584e+00, change in D = 7.003315e+00.
  Coordinate descent sweep 3. norm of D = 9.187082e+00, change in D = 7.478513e+00.
  Coordinate descent sweep 4. norm of D = 8.725077e+00, change in D = 6.615170e+00.
  Coordinate descent sweep 5. norm of D = 8.873031e+00, change in D = 6.135781e+00.
  Coordinate descent sweep 6. norm of D = 9.342931e+00, change in D = 6.613092e+00.
  Coordinate descent sweep 7. norm of D = 9.663239e+00, change in D = 6.877169e+00.
  Coordinate descent sweep 8. norm of D = 9.683476e+00, change in D = 6.725160e+00.
  Coordinate descent sweep 9. norm of D = 9.863154e+00, change in D = 6.746949e+00.
  Coordinate descent sweep 10. norm of D = 9.793704e+00, change in D = 6.459583e+00.
  Coordinate descent sweep 11. norm of D = 9.960306e+00, change in D = 6.445796e+00.
    Line search step size chosen: 1.000000e+00.
  Objective value decreased by 8.413408e-03.
Newton iteration 32.
  Active set size = 1764309.
  sub-gradient = 6.522620e+00, l1-norm of X = 3.771245e+03.
  Coordinate descent sweep 1. norm of D = 6.441168e+00, change in D = 6.441168e+00.
  Coordinate descent sweep 2. norm of D = 7.144858e+00, change in D = 5.964416e+00.
  Coordinate descent sweep 3. norm of D = 8.160659e+00, change in D = 6.408886e+00.
  Coordinate descent sweep 4. norm of D = 8.190255e+00, change in D = 6.268968e+00.
  Coordinate descent sweep 5. norm of D = 8.032193e+00, change in D = 5.775678e+00.
  Coordinate descent sweep 6. norm of D = 8.633917e+00, change in D = 6.214340e+00.
  Coordinate descent sweep 7. norm of D = 8.539641e+00, change in D = 6.034040e+00.
  Coordinate descent sweep 8. norm of D = 8.364350e+00, change in D = 5.496074e+00.
  Coordinate descent sweep 9. norm of D = 8.785639e+00, change in D = 5.840843e+00.
  Coordinate descent sweep 10. norm of D = 9.133097e+00, change in D = 6.258796e+00.
  Coordinate descent sweep 11. norm of D = 8.848488e+00, change in D = 5.793089e+00.
    Line search step size chosen: 1.000000e+00.
  Objective value decreased by 6.340590e-03.
Newton iteration 33.
  Active set size = 1764291.
  sub-gradient = 6.581311e+00, l1-norm of X = 3.771291e+03.
  Coordinate descent sweep 1. norm of D = 5.820243e+00, change in D = 5.820243e+00.
  Coordinate descent sweep 2. norm of D = 6.698218e+00, change in D = 5.750720e+00.
  Coordinate descent sweep 3. norm of D = 7.004387e+00, change in D = 5.558771e+00.
  Coordinate descent sweep 4. norm of D = 7.396613e+00, change in D = 5.748746e+00.
  Coordinate descent sweep 5. norm of D = 7.256131e+00, change in D = 5.395025e+00.
  Coordinate descent sweep 6. norm of D = 7.467733e+00, change in D = 5.399794e+00.
  Coordinate descent sweep 7. norm of D = 7.487558e+00, change in D = 5.238463e+00.
  Coordinate descent sweep 8. norm of D = 7.251518e+00, change in D = 4.781442e+00.
  Coordinate descent sweep 9. norm of D = 7.891194e+00, change in D = 5.362762e+00.
  Coordinate descent sweep 10. norm of D = 7.622873e+00, change in D = 5.095736e+00.
  Coordinate descent sweep 11. norm of D = 7.993200e+00, change in D = 5.317146e+00.
  Coordinate descent sweep 12. norm of D = 7.788814e+00, change in D = 5.015143e+00.
    Line search step size chosen: 1.000000e+00.
  Objective value decreased by 5.697079e-03.
Newton iteration 34.
  Active set size = 1764291.
  sub-gradient = 6.228763e+00, l1-norm of X = 3.771333e+03.
  Coordinate descent sweep 1. norm of D = 5.241208e+00, change in D = 5.241208e+00.
  Coordinate descent sweep 2. norm of D = 5.966345e+00, change in D = 5.262858e+00.
  Coordinate descent sweep 3. norm of D = 6.257229e+00, change in D = 5.072625e+00.
  Coordinate descent sweep 4. norm of D = 6.165510e+00, change in D = 4.688191e+00.
  Coordinate descent sweep 5. norm of D = 6.398302e+00, change in D = 4.709560e+00.
  Coordinate descent sweep 6. norm of D = 6.492546e+00, change in D = 4.643582e+00.
  Coordinate descent sweep 7. norm of D = 6.768164e+00, change in D = 4.927174e+00.
  Coordinate descent sweep 8. norm of D = 6.675805e+00, change in D = 4.722143e+00.
  Coordinate descent sweep 9. norm of D = 6.808007e+00, change in D = 4.723602e+00.
  Coordinate descent sweep 10. norm of D = 6.907514e+00, change in D = 4.763852e+00.
  Coordinate descent sweep 11. norm of D = 7.089457e+00, change in D = 4.811454e+00.
  Coordinate descent sweep 12. norm of D = 7.186771e+00, change in D = 4.789678e+00.
    Line search step size chosen: 1.000000e+00.
  Objective value decreased by 4.866596e-03.
Newton iteration 35.
  Active set size = 1764205.
  sub-gradient = 3.955863e+00, l1-norm of X = 3.771374e+03.
  Coordinate descent sweep 1. norm of D = 4.702662e+00, change in D = 4.702662e+00.
  Coordinate descent sweep 2. norm of D = 5.349922e+00, change in D = 4.458864e+00.
  Coordinate descent sweep 3. norm of D = 5.840928e+00, change in D = 4.605575e+00.
  Coordinate descent sweep 4. norm of D = 6.037996e+00, change in D = 4.587144e+00.
  Coordinate descent sweep 5. norm of D = 6.041510e+00, change in D = 4.394791e+00.
  Coordinate descent sweep 6. norm of D = 6.175612e+00, change in D = 4.338006e+00.
  Coordinate descent sweep 7. norm of D = 6.126123e+00, change in D = 4.102234e+00.
  Coordinate descent sweep 8. norm of D = 6.267050e+00, change in D = 4.132190e+00.
  Coordinate descent sweep 9. norm of D = 6.187899e+00, change in D = 3.898341e+00.
  Coordinate descent sweep 10. norm of D = 6.411872e+00, change in D = 4.181588e+00.
  Coordinate descent sweep 11. norm of D = 6.437843e+00, change in D = 4.200529e+00.
  Coordinate descent sweep 12. norm of D = 6.507896e+00, change in D = 4.138652e+00.
    Line search step size chosen: 1.000000e+00.
  Objective value decreased by 3.909123e-03.
Newton iteration 36.
  Active set size = 1764239.
  sub-gradient = 4.495027e+00, l1-norm of X = 3.771405e+03.
  Coordinate descent sweep 1. norm of D = 4.292573e+00, change in D = 4.292573e+00.
  Coordinate descent sweep 2. norm of D = 4.793939e+00, change in D = 4.023446e+00.
  Coordinate descent sweep 3. norm of D = 5.077713e+00, change in D = 4.024674e+00.
  Coordinate descent sweep 4. norm of D = 5.033851e+00, change in D = 3.794578e+00.
  Coordinate descent sweep 5. norm of D = 5.586678e+00, change in D = 4.238057e+00.
  Coordinate descent sweep 6. norm of D = 5.439781e+00, change in D = 4.018997e+00.
  Coordinate descent sweep 7. norm of D = 5.486151e+00, change in D = 3.921377e+00.
  Coordinate descent sweep 8. norm of D = 5.449429e+00, change in D = 3.730463e+00.
  Coordinate descent sweep 9. norm of D = 5.682869e+00, change in D = 3.920176e+00.
  Coordinate descent sweep 10. norm of D = 5.644084e+00, change in D = 3.801935e+00.
  Coordinate descent sweep 11. norm of D = 5.445069e+00, change in D = 3.439227e+00.
  Coordinate descent sweep 12. norm of D = 5.602822e+00, change in D = 3.465396e+00.
