[1] "/work-zfs/abattle4/prashanthi/recount3/data/cardiac/GTEx/weighted_covariances/cov_2.rds"
[1] "Data read complete"
Running QUIC version 1.1 in 'default' mode.
Newton iteration 1.
  X is a diagonal matrix.
    Line search step size 1.000000e+00.  Lack of positive definiteness.
    Line search step size 5.000000e-01.  Lack of positive definiteness.
    Line search step size 2.500000e-01.  Lack of positive definiteness.
    Line search step size 1.250000e-01.  Lack of positive definiteness.
    Line search step size chosen: 6.250000e-02.
  Objective value decreased by 1.545480e+02.
Newton iteration 2.
  Active set size = 402862.
  sub-gradient = 1.189498e+04, l1-norm of X = 2.271985e+02.
  Coordinate descent sweep 1. norm of D = 1.003583e+04, change in D = 1.003583e+04.
    Line search step size 1.000000e+00.  Lack of positive definiteness.
    Line search step size 5.000000e-01.  Lack of positive definiteness.
    Line search step size 2.500000e-01.  Lack of positive definiteness.
    Line search step size chosen: 1.250000e-01.
  Objective value decreased by 1.756152e+02.
Newton iteration 3.
  Active set size = 403025.
  sub-gradient = 9.433852e+03, l1-norm of X = 5.705993e+02.
  Coordinate descent sweep 1. norm of D = 6.725216e+03, change in D = 6.725216e+03.
  Coordinate descent sweep 2. norm of D = 6.349226e+03, change in D = 1.092279e+03.
    Line search step size 1.000000e+00.  Lack of positive definiteness.
    Line search step size 5.000000e-01.  Lack of positive definiteness.
    Line search step size chosen: 2.500000e-01.
  Objective value decreased by 1.473986e+02.
Newton iteration 4.
  Active set size = 403432.
  sub-gradient = 6.620436e+03, l1-norm of X = 9.518971e+02.
  Coordinate descent sweep 1. norm of D = 4.093541e+03, change in D = 4.093541e+03.
  Coordinate descent sweep 2. norm of D = 4.097796e+03, change in D = 9.393537e+02.
    Line search step size 1.000000e+00.  Lack of positive definiteness.
    Line search step size chosen: 5.000000e-01.
  Objective value decreased by 1.160759e+02.
Newton iteration 5.
  Active set size = 405661.
  sub-gradient = 4.420266e+03, l1-norm of X = 1.353763e+03.
  Coordinate descent sweep 1. norm of D = 1.793240e+03, change in D = 1.793240e+03.
  Coordinate descent sweep 2. norm of D = 2.042762e+03, change in D = 5.596825e+02.
    Line search step size chosen: 1.000000e+00.
  Objective value decreased by 5.095084e+01.
Newton iteration 6.
  Active set size = 261140.
  sub-gradient = 6.688822e+02, l1-norm of X = 1.606873e+03.
  Coordinate descent sweep 1. norm of D = 3.596210e+02, change in D = 3.596210e+02.
  Coordinate descent sweep 2. norm of D = 4.397664e+02, change in D = 2.132932e+02.
  Coordinate descent sweep 3. norm of D = 4.908460e+02, change in D = 1.261440e+02.
    Line search step size chosen: 1.000000e+00.
  Objective value decreased by 9.016684e+00.
Newton iteration 7.
  Active set size = 253582.
  sub-gradient = 1.411529e+02, l1-norm of X = 1.635785e+03.
  Coordinate descent sweep 1. norm of D = 9.919898e+01, change in D = 9.919898e+01.
  Coordinate descent sweep 2. norm of D = 1.280889e+02, change in D = 7.489870e+01.
  Coordinate descent sweep 3. norm of D = 1.477728e+02, change in D = 5.566612e+01.
    Line search step size chosen: 1.000000e+00.
  Objective value decreased by 2.453278e+00.
Newton iteration 8.
  Active set size = 252525.
  sub-gradient = 5.207024e+01, l1-norm of X = 1.643239e+03.
  Coordinate descent sweep 1. norm of D = 4.573032e+01, change in D = 4.573032e+01.
  Coordinate descent sweep 2. norm of D = 5.965251e+01, change in D = 3.802661e+01.
  Coordinate descent sweep 3. norm of D = 6.989039e+01, change in D = 3.137081e+01.
    Line search step size chosen: 1.000000e+00.
  Objective value decreased by 9.924155e-01.
Newton iteration 9.
  Active set size = 252185.
  sub-gradient = 2.948778e+01, l1-norm of X = 1.646508e+03.
  Coordinate descent sweep 1. norm of D = 2.694225e+01, change in D = 2.694225e+01.
  Coordinate descent sweep 2. norm of D = 3.530450e+01, change in D = 2.281647e+01.
  Coordinate descent sweep 3. norm of D = 4.158634e+01, change in D = 1.978090e+01.
  Coordinate descent sweep 4. norm of D = 4.630931e+01, change in D = 1.694697e+01.
    Line search step size chosen: 1.000000e+00.
  Objective value decreased by 6.328561e-01.
Newton iteration 10.
  Active set size = 252018.
  sub-gradient = 1.634436e+01, l1-norm of X = 1.648623e+03.
  Coordinate descent sweep 1. norm of D = 1.524971e+01, change in D = 1.524971e+01.
  Coordinate descent sweep 2. norm of D = 1.979094e+01, change in D = 1.363745e+01.
  Coordinate descent sweep 3. norm of D = 2.321583e+01, change in D = 1.208721e+01.
  Coordinate descent sweep 4. norm of D = 2.655842e+01, change in D = 1.116510e+01.
    Line search step size chosen: 1.000000e+00.
  Objective value decreased by 2.956930e-01.
Newton iteration 11.
  Active set size = 251917.
  sub-gradient = 9.888756e+00, l1-norm of X = 1.649749e+03.
  Coordinate descent sweep 1. norm of D = 9.899107e+00, change in D = 9.899107e+00.
  Coordinate descent sweep 2. norm of D = 1.330818e+01, change in D = 8.963015e+00.
  Coordinate descent sweep 3. norm of D = 1.561313e+01, change in D = 8.293309e+00.
  Coordinate descent sweep 4. norm of D = 1.754415e+01, change in D = 7.313433e+00.
    Line search step size chosen: 1.000000e+00.
  Objective value decreased by 1.562781e-01.
Newton iteration 12.
  Active set size = 251869.
  sub-gradient = 8.776309e+00, l1-norm of X = 1.650471e+03.
  Coordinate descent sweep 1. norm of D = 6.770913e+00, change in D = 6.770913e+00.
  Coordinate descent sweep 2. norm of D = 8.884946e+00, change in D = 5.931531e+00.
  Coordinate descent sweep 3. norm of D = 1.087325e+01, change in D = 5.938682e+00.
  Coordinate descent sweep 4. norm of D = 1.222123e+01, change in D = 5.409950e+00.
  Coordinate descent sweep 5. norm of D = 1.361221e+01, change in D = 5.027031e+00.
    Line search step size chosen: 1.000000e+00.
  Objective value decreased by 1.179214e-01.
Newton iteration 13.
  Active set size = 251832.
  sub-gradient = 4.886315e+00, l1-norm of X = 1.651061e+03.
  Coordinate descent sweep 1. norm of D = 4.645004e+00, change in D = 4.645004e+00.
  Coordinate descent sweep 2. norm of D = 6.227377e+00, change in D = 4.275641e+00.
  Coordinate descent sweep 3. norm of D = 7.275280e+00, change in D = 3.829655e+00.
  Coordinate descent sweep 4. norm of D = 8.256570e+00, change in D = 3.646405e+00.
  Coordinate descent sweep 5. norm of D = 9.155911e+00, change in D = 3.355921e+00.
    Line search step size chosen: 1.000000e+00.
  Objective value decreased by 6.727203e-02.
Newton iteration 14.
  Active set size = 251808.
  sub-gradient = 3.302574e+00, l1-norm of X = 1.651482e+03.
  Coordinate descent sweep 1. norm of D = 3.217758e+00, change in D = 3.217758e+00.
  Coordinate descent sweep 2. norm of D = 4.250238e+00, change in D = 3.001836e+00.
  Coordinate descent sweep 3. norm of D = 5.132576e+00, change in D = 2.869391e+00.
  Coordinate descent sweep 4. norm of D = 5.823774e+00, change in D = 2.623811e+00.
  Coordinate descent sweep 5. norm of D = 6.437197e+00, change in D = 2.545750e+00.
    Line search step size chosen: 1.000000e+00.
  Objective value decreased by 4.187033e-02.
Newton iteration 15.
  Active set size = 251802.
  sub-gradient = 2.379033e+00, l1-norm of X = 1.651777e+03.
  Coordinate descent sweep 1. norm of D = 2.408839e+00, change in D = 2.408839e+00.
  Coordinate descent sweep 2. norm of D = 3.157724e+00, change in D = 2.180164e+00.
  Coordinate descent sweep 3. norm of D = 3.838042e+00, change in D = 2.108841e+00.
  Coordinate descent sweep 4. norm of D = 4.411522e+00, change in D = 2.051439e+00.
  Coordinate descent sweep 5. norm of D = 4.874585e+00, change in D = 1.853662e+00.
  Coordinate descent sweep 6. norm of D = 5.291703e+00, change in D = 1.823439e+00.
    Line search step size chosen: 1.000000e+00.
  Objective value decreased by 2.980016e-02.
Newton iteration 16.
  Active set size = 251787.
  sub-gradient = 1.602763e+00, l1-norm of X = 1.652024e+03.
  Coordinate descent sweep 1. norm of D = 1.685957e+00, change in D = 1.685957e+00.
  Coordinate descent sweep 2. norm of D = 2.316261e+00, change in D = 1.644584e+00.
  Coordinate descent sweep 3. norm of D = 2.720827e+00, change in D = 1.481767e+00.
  Coordinate descent sweep 4. norm of D = 3.100335e+00, change in D = 1.471613e+00.
  Coordinate descent sweep 5. norm of D = 3.449487e+00, change in D = 1.413163e+00.
  Coordinate descent sweep 6. norm of D = 3.768649e+00, change in D = 1.322820e+00.
    Line search step size chosen: 1.000000e+00.
  Objective value decreased by 1.763081e-02.
Newton iteration 17.
  Active set size = 251780.
  sub-gradient = 1.309550e+00, l1-norm of X = 1.652195e+03.
  Coordinate descent sweep 1. norm of D = 1.231078e+00, change in D = 1.231078e+00.
  Coordinate descent sweep 2. norm of D = 1.662418e+00, change in D = 1.189461e+00.
  Coordinate descent sweep 3. norm of D = 2.027574e+00, change in D = 1.145193e+00.
  Coordinate descent sweep 4. norm of D = 2.347182e+00, change in D = 1.084844e+00.
  Coordinate descent sweep 5. norm of D = 2.596143e+00, change in D = 1.014462e+00.
  Coordinate descent sweep 6. norm of D = 2.796262e+00, change in D = 9.472829e-01.
    Line search step size chosen: 1.000000e+00.
  Objective value decreased by 1.111412e-02.
Newton iteration 18.
  Active set size = 251780.
  sub-gradient = 9.262034e-01, l1-norm of X = 1.652323e+03.
  Coordinate descent sweep 1. norm of D = 9.247841e-01, change in D = 9.247841e-01.
  Coordinate descent sweep 2. norm of D = 1.277778e+00, change in D = 8.578781e-01.
  Coordinate descent sweep 3. norm of D = 1.533250e+00, change in D = 8.104929e-01.
  Coordinate descent sweep 4. norm of D = 1.769839e+00, change in D = 7.857402e-01.
  Coordinate descent sweep 5. norm of D = 1.952318e+00, change in D = 7.644599e-01.
  Coordinate descent sweep 6. norm of D = 2.113365e+00, change in D = 7.461304e-01.
  Coordinate descent sweep 7. norm of D = 2.297516e+00, change in D = 6.805935e-01.
    Line search step size chosen: 1.000000e+00.
  Objective value decreased by 8.737255e-03.
Newton iteration 19.
  Active set size = 251777.
  sub-gradient = 7.603074e-01, l1-norm of X = 1.652438e+03.
  Coordinate descent sweep 1. norm of D = 6.846603e-01, change in D = 6.846603e-01.
  Coordinate descent sweep 2. norm of D = 8.971947e-01, change in D = 6.047543e-01.
  Coordinate descent sweep 3. norm of D = 1.096564e+00, change in D = 5.906905e-01.
  Coordinate descent sweep 4. norm of D = 1.230664e+00, change in D = 5.929957e-01.
  Coordinate descent sweep 5. norm of D = 1.373701e+00, change in D = 5.758624e-01.
  Coordinate descent sweep 6. norm of D = 1.502189e+00, change in D = 5.557112e-01.
  Coordinate descent sweep 7. norm of D = 1.646266e+00, change in D = 5.197130e-01.
    Line search step size chosen: 1.000000e+00.
  Objective value decreased by 5.088898e-03.
Newton iteration 20.
  Active set size = 251766.
  sub-gradient = 4.434718e-01, l1-norm of X = 1.652525e+03.
  Coordinate descent sweep 1. norm of D = 4.791864e-01, change in D = 4.791864e-01.
  Coordinate descent sweep 2. norm of D = 6.739306e-01, change in D = 4.702066e-01.
  Coordinate descent sweep 3. norm of D = 7.918496e-01, change in D = 4.457128e-01.
  Coordinate descent sweep 4. norm of D = 9.018658e-01, change in D = 4.283015e-01.
  Coordinate descent sweep 5. norm of D = 1.038106e+00, change in D = 4.467669e-01.
  Coordinate descent sweep 6. norm of D = 1.130953e+00, change in D = 4.054709e-01.
  Coordinate descent sweep 7. norm of D = 1.221755e+00, change in D = 3.676497e-01.
    Line search step size chosen: 1.000000e+00.
  Objective value decreased by 3.323526e-03.
Newton iteration 21.
  Active set size = 251766.
  sub-gradient = 4.064057e-01, l1-norm of X = 1.652589e+03.
  Coordinate descent sweep 1. norm of D = 3.772867e-01, change in D = 3.772867e-01.
  Coordinate descent sweep 2. norm of D = 4.916262e-01, change in D = 3.539421e-01.
  Coordinate descent sweep 3. norm of D = 5.818397e-01, change in D = 3.248667e-01.
  Coordinate descent sweep 4. norm of D = 6.867394e-01, change in D = 3.208747e-01.
  Coordinate descent sweep 5. norm of D = 7.679576e-01, change in D = 3.050061e-01.
  Coordinate descent sweep 6. norm of D = 8.457022e-01, change in D = 3.200236e-01.
  Coordinate descent sweep 7. norm of D = 9.132647e-01, change in D = 2.902454e-01.
  Coordinate descent sweep 8. norm of D = 9.896407e-01, change in D = 2.862418e-01.
    Line search step size chosen: 1.000000e+00.
  Objective value decreased by 2.197837e-03.
Newton iteration 22.
  Active set size = 251769.
  sub-gradient = 3.203771e-01, l1-norm of X = 1.652642e+03.
  Coordinate descent sweep 1. norm of D = 2.774284e-01, change in D = 2.774284e-01.
  Coordinate descent sweep 2. norm of D = 3.748829e-01, change in D = 2.682753e-01.
  Coordinate descent sweep 3. norm of D = 4.389314e-01, change in D = 2.504653e-01.
  Coordinate descent sweep 4. norm of D = 5.133746e-01, change in D = 2.462633e-01.
  Coordinate descent sweep 5. norm of D = 5.651648e-01, change in D = 2.370228e-01.
  Coordinate descent sweep 6. norm of D = 6.415703e-01, change in D = 2.395115e-01.
  Coordinate descent sweep 7. norm of D = 6.874753e-01, change in D = 2.222476e-01.
  Coordinate descent sweep 8. norm of D = 7.441916e-01, change in D = 1.980123e-01.
    Line search step size chosen: 1.000000e+00.
  Objective value decreased by 1.448445e-03.
Newton iteration 23.
  Active set size = 251765.
  sub-gradient = 1.981823e-01, l1-norm of X = 1.652683e+03.
  Coordinate descent sweep 1. norm of D = 2.134727e-01, change in D = 2.134727e-01.
  Coordinate descent sweep 2. norm of D = 2.792091e-01, change in D = 2.084663e-01.
  Coordinate descent sweep 3. norm of D = 3.346893e-01, change in D = 1.902591e-01.
  Coordinate descent sweep 4. norm of D = 3.751430e-01, change in D = 1.777370e-01.
  Coordinate descent sweep 5. norm of D = 4.238611e-01, change in D = 1.805260e-01.
  Coordinate descent sweep 6. norm of D = 4.510720e-01, change in D = 1.692905e-01.
  Coordinate descent sweep 7. norm of D = 4.974332e-01, change in D = 1.631955e-01.
  Coordinate descent sweep 8. norm of D = 5.375882e-01, change in D = 1.493641e-01.
    Line search step size chosen: 1.000000e+00.
  Objective value decreased by 8.564345e-04.
Newton iteration 24.
  Active set size = 251763.
  sub-gradient = 1.632178e-01, l1-norm of X = 1.652713e+03.
  Coordinate descent sweep 1. norm of D = 1.655778e-01, change in D = 1.655778e-01.
  Coordinate descent sweep 2. norm of D = 2.099498e-01, change in D = 1.528502e-01.
  Coordinate descent sweep 3. norm of D = 2.531710e-01, change in D = 1.426918e-01.
  Coordinate descent sweep 4. norm of D = 3.018388e-01, change in D = 1.508021e-01.
  Coordinate descent sweep 5. norm of D = 3.382719e-01, change in D = 1.368559e-01.
  Coordinate descent sweep 6. norm of D = 3.741730e-01, change in D = 1.302576e-01.
  Coordinate descent sweep 7. norm of D = 4.166504e-01, change in D = 1.283384e-01.
  Coordinate descent sweep 8. norm of D = 4.540939e-01, change in D = 1.309276e-01.
  Coordinate descent sweep 9. norm of D = 4.768886e-01, change in D = 1.169333e-01.
    Line search step size chosen: 1.000000e+00.
  Objective value decreased by 6.955068e-04.
QUIC CPU time: 15500.560 seconds
