[1] "/work-zfs/abattle4/prashanthi/recount3/data/cardiac/GTEx/weighted_covariances/cov_2.rds"
[1] "Data read complete"
Running QUIC version 1.1 in 'default' mode.
Newton iteration 1.
  X is a diagonal matrix.
    Line search step size 1.000000e+00.  Lack of positive definiteness.
    Line search step size 5.000000e-01.  Lack of positive definiteness.
    Line search step size 2.500000e-01.  Lack of positive definiteness.
    Line search step size 1.250000e-01.  Lack of positive definiteness.
    Line search step size chosen: 6.250000e-02.
  Objective value decreased by 1.073091e+02.
Newton iteration 2.
  Active set size = 197820.
  sub-gradient = 6.811496e+03, l1-norm of X = 1.485365e+02.
  Coordinate descent sweep 1. norm of D = 5.709309e+03, change in D = 5.709309e+03.
    Line search step size 1.000000e+00.  Lack of positive definiteness.
    Line search step size 5.000000e-01.  Lack of positive definiteness.
    Line search step size 2.500000e-01.  Lack of positive definiteness.
    Line search step size chosen: 1.250000e-01.
  Objective value decreased by 1.217843e+02.
Newton iteration 3.
  Active set size = 197850.
  sub-gradient = 5.451545e+03, l1-norm of X = 3.708951e+02.
  Coordinate descent sweep 1. norm of D = 3.952212e+03, change in D = 3.952212e+03.
  Coordinate descent sweep 2. norm of D = 3.792421e+03, change in D = 6.172665e+02.
    Line search step size 1.000000e+00.  Lack of positive definiteness.
    Line search step size 5.000000e-01.  Lack of positive definiteness.
    Line search step size chosen: 2.500000e-01.
  Objective value decreased by 1.038727e+02.
Newton iteration 4.
  Active set size = 197943.
  sub-gradient = 3.878001e+03, l1-norm of X = 6.296917e+02.
  Coordinate descent sweep 1. norm of D = 2.596357e+03, change in D = 2.596357e+03.
  Coordinate descent sweep 2. norm of D = 2.623331e+03, change in D = 5.565567e+02.
    Line search step size 1.000000e+00.  Lack of positive definiteness.
    Line search step size chosen: 5.000000e-01.
  Objective value decreased by 8.658330e+01.
Newton iteration 5.
  Active set size = 198300.
  sub-gradient = 2.099498e+03, l1-norm of X = 9.365957e+02.
  Coordinate descent sweep 1. norm of D = 1.201586e+03, change in D = 1.201586e+03.
  Coordinate descent sweep 2. norm of D = 1.361225e+03, change in D = 3.522117e+02.
    Line search step size chosen: 1.000000e+00.
  Objective value decreased by 3.832291e+01.
Newton iteration 6.
  Active set size = 146950.
  sub-gradient = 3.681008e+02, l1-norm of X = 1.168526e+03.
  Coordinate descent sweep 1. norm of D = 2.259174e+02, change in D = 2.259174e+02.
  Coordinate descent sweep 2. norm of D = 2.804141e+02, change in D = 1.323560e+02.
  Coordinate descent sweep 3. norm of D = 3.167585e+02, change in D = 7.870537e+01.
    Line search step size chosen: 1.000000e+00.
  Objective value decreased by 6.727515e+00.
Newton iteration 7.
  Active set size = 143605.
  sub-gradient = 7.990464e+01, l1-norm of X = 1.186840e+03.
  Coordinate descent sweep 1. norm of D = 6.379174e+01, change in D = 6.379174e+01.
  Coordinate descent sweep 2. norm of D = 8.504665e+01, change in D = 4.826387e+01.
  Coordinate descent sweep 3. norm of D = 1.008045e+02, change in D = 3.720259e+01.
    Line search step size chosen: 1.000000e+00.
  Objective value decreased by 1.826319e+00.
Newton iteration 8.
  Active set size = 142937.
  sub-gradient = 3.394613e+01, l1-norm of X = 1.192905e+03.
  Coordinate descent sweep 1. norm of D = 3.069210e+01, change in D = 3.069210e+01.
  Coordinate descent sweep 2. norm of D = 4.133690e+01, change in D = 2.498636e+01.
  Coordinate descent sweep 3. norm of D = 4.895363e+01, change in D = 2.010791e+01.
    Line search step size chosen: 1.000000e+00.
  Objective value decreased by 7.128279e-01.
Newton iteration 9.
  Active set size = 142760.
  sub-gradient = 1.997340e+01, l1-norm of X = 1.195624e+03.
  Coordinate descent sweep 1. norm of D = 1.753421e+01, change in D = 1.753421e+01.
  Coordinate descent sweep 2. norm of D = 2.379763e+01, change in D = 1.512393e+01.
  Coordinate descent sweep 3. norm of D = 2.854012e+01, change in D = 1.257645e+01.
  Coordinate descent sweep 4. norm of D = 3.237690e+01, change in D = 1.097354e+01.
    Line search step size chosen: 1.000000e+00.
  Objective value decreased by 4.388337e-01.
Newton iteration 10.
  Active set size = 142643.
  sub-gradient = 1.049819e+01, l1-norm of X = 1.197450e+03.
  Coordinate descent sweep 1. norm of D = 9.916756e+00, change in D = 9.916756e+00.
  Coordinate descent sweep 2. norm of D = 1.358015e+01, change in D = 8.812962e+00.
  Coordinate descent sweep 3. norm of D = 1.672226e+01, change in D = 7.884519e+00.
  Coordinate descent sweep 4. norm of D = 1.915886e+01, change in D = 6.946019e+00.
    Line search step size chosen: 1.000000e+00.
  Objective value decreased by 2.134630e-01.
Newton iteration 11.
  Active set size = 142602.
  sub-gradient = 7.326752e+00, l1-norm of X = 1.198479e+03.
  Coordinate descent sweep 1. norm of D = 6.387135e+00, change in D = 6.387135e+00.
  Coordinate descent sweep 2. norm of D = 8.720215e+00, change in D = 5.664286e+00.
  Coordinate descent sweep 3. norm of D = 1.068635e+01, change in D = 5.061915e+00.
  Coordinate descent sweep 4. norm of D = 1.209384e+01, change in D = 4.455679e+00.
    Line search step size chosen: 1.000000e+00.
  Objective value decreased by 1.089321e-01.
Newton iteration 12.
  Active set size = 142551.
  sub-gradient = 4.222422e+00, l1-norm of X = 1.199159e+03.
  Coordinate descent sweep 1. norm of D = 3.982389e+00, change in D = 3.982389e+00.
  Coordinate descent sweep 2. norm of D = 5.720730e+00, change in D = 3.792248e+00.
  Coordinate descent sweep 3. norm of D = 6.876891e+00, change in D = 3.519085e+00.
  Coordinate descent sweep 4. norm of D = 7.948254e+00, change in D = 3.195782e+00.
  Coordinate descent sweep 5. norm of D = 8.864427e+00, change in D = 2.900612e+00.
    Line search step size chosen: 1.000000e+00.
  Objective value decreased by 6.409890e-02.
Newton iteration 13.
  Active set size = 142545.
  sub-gradient = 2.998525e+00, l1-norm of X = 1.199637e+03.
  Coordinate descent sweep 1. norm of D = 2.765187e+00, change in D = 2.765187e+00.
  Coordinate descent sweep 2. norm of D = 3.919614e+00, change in D = 2.578565e+00.
  Coordinate descent sweep 3. norm of D = 4.714430e+00, change in D = 2.264622e+00.
  Coordinate descent sweep 4. norm of D = 5.486490e+00, change in D = 2.161448e+00.
  Coordinate descent sweep 5. norm of D = 6.054052e+00, change in D = 1.913937e+00.
    Line search step size chosen: 1.000000e+00.
  Objective value decreased by 3.930376e-02.
Newton iteration 14.
  Active set size = 142533.
  sub-gradient = 1.928619e+00, l1-norm of X = 1.199988e+03.
  Coordinate descent sweep 1. norm of D = 1.919516e+00, change in D = 1.919516e+00.
  Coordinate descent sweep 2. norm of D = 2.607942e+00, change in D = 1.696871e+00.
  Coordinate descent sweep 3. norm of D = 3.147568e+00, change in D = 1.567193e+00.
  Coordinate descent sweep 4. norm of D = 3.633431e+00, change in D = 1.468436e+00.
  Coordinate descent sweep 5. norm of D = 4.052513e+00, change in D = 1.364882e+00.
    Line search step size chosen: 1.000000e+00.
  Objective value decreased by 2.021102e-02.
Newton iteration 15.
  Active set size = 142535.
  sub-gradient = 1.361138e+00, l1-norm of X = 1.200224e+03.
  Coordinate descent sweep 1. norm of D = 1.258138e+00, change in D = 1.258138e+00.
  Coordinate descent sweep 2. norm of D = 1.814899e+00, change in D = 1.180370e+00.
  Coordinate descent sweep 3. norm of D = 2.239538e+00, change in D = 1.120632e+00.
  Coordinate descent sweep 4. norm of D = 2.579937e+00, change in D = 1.058561e+00.
  Coordinate descent sweep 5. norm of D = 2.856674e+00, change in D = 9.580892e-01.
  Coordinate descent sweep 6. norm of D = 3.185022e+00, change in D = 9.478748e-01.
    Line search step size chosen: 1.000000e+00.
  Objective value decreased by 1.374072e-02.
Newton iteration 16.
  Active set size = 142531.
  sub-gradient = 7.942801e-01, l1-norm of X = 1.200411e+03.
  Coordinate descent sweep 1. norm of D = 8.366144e-01, change in D = 8.366144e-01.
  Coordinate descent sweep 2. norm of D = 1.259783e+00, change in D = 8.283810e-01.
  Coordinate descent sweep 3. norm of D = 1.545801e+00, change in D = 7.627848e-01.
  Coordinate descent sweep 4. norm of D = 1.807092e+00, change in D = 7.435763e-01.
  Coordinate descent sweep 5. norm of D = 2.082916e+00, change in D = 7.019507e-01.
  Coordinate descent sweep 6. norm of D = 2.288275e+00, change in D = 6.720136e-01.
    Line search step size chosen: 1.000000e+00.
  Objective value decreased by 8.488229e-03.
Newton iteration 17.
  Active set size = 142527.
  sub-gradient = 5.491660e-01, l1-norm of X = 1.200546e+03.
  Coordinate descent sweep 1. norm of D = 6.090539e-01, change in D = 6.090539e-01.
  Coordinate descent sweep 2. norm of D = 8.776767e-01, change in D = 5.910522e-01.
  Coordinate descent sweep 3. norm of D = 1.107234e+00, change in D = 5.621778e-01.
  Coordinate descent sweep 4. norm of D = 1.272178e+00, change in D = 5.230213e-01.
  Coordinate descent sweep 5. norm of D = 1.396604e+00, change in D = 4.868714e-01.
  Coordinate descent sweep 6. norm of D = 1.540460e+00, change in D = 4.562567e-01.
    Line search step size chosen: 1.000000e+00.
  Objective value decreased by 4.531088e-03.
Newton iteration 18.
  Active set size = 142524.
  sub-gradient = 4.271325e-01, l1-norm of X = 1.200645e+03.
  Coordinate descent sweep 1. norm of D = 4.356339e-01, change in D = 4.356339e-01.
  Coordinate descent sweep 2. norm of D = 5.954165e-01, change in D = 4.038960e-01.
  Coordinate descent sweep 3. norm of D = 7.613295e-01, change in D = 3.985253e-01.
  Coordinate descent sweep 4. norm of D = 8.714468e-01, change in D = 3.550719e-01.
  Coordinate descent sweep 5. norm of D = 9.906437e-01, change in D = 3.562644e-01.
  Coordinate descent sweep 6. norm of D = 1.100488e+00, change in D = 3.256653e-01.
  Coordinate descent sweep 7. norm of D = 1.197739e+00, change in D = 3.108880e-01.
    Line search step size chosen: 1.000000e+00.
  Objective value decreased by 2.919181e-03.
Newton iteration 19.
  Active set size = 142523.
  sub-gradient = 2.684187e-01, l1-norm of X = 1.200717e+03.
  Coordinate descent sweep 1. norm of D = 3.040616e-01, change in D = 3.040616e-01.
  Coordinate descent sweep 2. norm of D = 4.330936e-01, change in D = 2.858495e-01.
  Coordinate descent sweep 3. norm of D = 5.127405e-01, change in D = 2.576605e-01.
  Coordinate descent sweep 4. norm of D = 6.086487e-01, change in D = 2.681452e-01.
  Coordinate descent sweep 5. norm of D = 6.791189e-01, change in D = 2.348484e-01.
  Coordinate descent sweep 6. norm of D = 7.596486e-01, change in D = 2.388363e-01.
  Coordinate descent sweep 7. norm of D = 8.232173e-01, change in D = 2.202909e-01.
    Line search step size chosen: 1.000000e+00.
  Objective value decreased by 1.635591e-03.
Newton iteration 20.
  Active set size = 142522.
  sub-gradient = 2.032025e-01, l1-norm of X = 1.200769e+03.
  Coordinate descent sweep 1. norm of D = 2.095077e-01, change in D = 2.095077e-01.
  Coordinate descent sweep 2. norm of D = 2.995851e-01, change in D = 2.061782e-01.
  Coordinate descent sweep 3. norm of D = 3.657663e-01, change in D = 2.026894e-01.
  Coordinate descent sweep 4. norm of D = 4.238808e-01, change in D = 1.737808e-01.
  Coordinate descent sweep 5. norm of D = 4.883787e-01, change in D = 1.779577e-01.
  Coordinate descent sweep 6. norm of D = 5.421219e-01, change in D = 1.678283e-01.
  Coordinate descent sweep 7. norm of D = 6.004197e-01, change in D = 1.706162e-01.
    Line search step size chosen: 1.000000e+00.
  Objective value decreased by 9.523745e-04.
Newton iteration 21.
  Active set size = 142521.
  sub-gradient = 1.365075e-01, l1-norm of X = 1.200807e+03.
  Coordinate descent sweep 1. norm of D = 1.494536e-01, change in D = 1.494536e-01.
  Coordinate descent sweep 2. norm of D = 2.145832e-01, change in D = 1.490960e-01.
  Coordinate descent sweep 3. norm of D = 2.646334e-01, change in D = 1.332074e-01.
  Coordinate descent sweep 4. norm of D = 3.085149e-01, change in D = 1.385694e-01.
  Coordinate descent sweep 5. norm of D = 3.537845e-01, change in D = 1.301859e-01.
  Coordinate descent sweep 6. norm of D = 3.896085e-01, change in D = 1.154683e-01.
  Coordinate descent sweep 7. norm of D = 4.206817e-01, change in D = 1.205263e-01.
  Coordinate descent sweep 8. norm of D = 4.494331e-01, change in D = 1.120902e-01.
    Line search step size chosen: 1.000000e+00.
  Objective value decreased by 5.879479e-04.
Newton iteration 22.
  Active set size = 142522.
  sub-gradient = 1.074588e-01, l1-norm of X = 1.200836e+03.
  Coordinate descent sweep 1. norm of D = 1.077710e-01, change in D = 1.077710e-01.
  Coordinate descent sweep 2. norm of D = 1.568999e-01, change in D = 1.082263e-01.
  Coordinate descent sweep 3. norm of D = 1.973617e-01, change in D = 1.002513e-01.
  Coordinate descent sweep 4. norm of D = 2.265613e-01, change in D = 9.368565e-02.
  Coordinate descent sweep 5. norm of D = 2.556956e-01, change in D = 9.324206e-02.
  Coordinate descent sweep 6. norm of D = 2.850344e-01, change in D = 8.658120e-02.
  Coordinate descent sweep 7. norm of D = 3.113827e-01, change in D = 8.246085e-02.
  Coordinate descent sweep 8. norm of D = 3.386644e-01, change in D = 7.960774e-02.
    Line search step size chosen: 1.000000e+00.
  Objective value decreased by 3.718903e-04.
QUIC CPU time: 21773.780 seconds
