[1] "/work-zfs/abattle4/prashanthi/recount3/data/cardiac/GTEx/weighted_covariances/cov_2.rds"
[1] "Data read complete"
Running QUIC version 1.1 in 'default' mode.
Newton iteration 1.
  X is a diagonal matrix.
    Line search step size 1.000000e+00.  Lack of positive definiteness.
    Line search step size 5.000000e-01.  Lack of positive definiteness.
    Line search step size 2.500000e-01.  Lack of positive definiteness.
    Line search step size 1.250000e-01.  Lack of positive definiteness.
    Line search step size chosen: 6.250000e-02.
  Objective value decreased by 3.038631e+01.
Newton iteration 2.
  Active set size = 25299.
  sub-gradient = 1.250056e+03, l1-norm of X = 4.405498e+01.
  Coordinate descent sweep 1. norm of D = 1.038793e+03, change in D = 1.038793e+03.
    Line search step size 1.000000e+00.  Lack of positive definiteness.
    Line search step size 5.000000e-01.  Lack of positive definiteness.
    Line search step size 2.500000e-01.  Lack of positive definiteness.
    Line search step size chosen: 1.250000e-01.
  Objective value decreased by 3.720736e+01.
Newton iteration 3.
  Active set size = 25299.
  sub-gradient = 1.010826e+03, l1-norm of X = 1.091654e+02.
  Coordinate descent sweep 1. norm of D = 7.108460e+02, change in D = 7.108460e+02.
  Coordinate descent sweep 2. norm of D = 6.844936e+02, change in D = 1.505546e+02.
    Line search step size 1.000000e+00.  Lack of positive definiteness.
    Line search step size chosen: 5.000000e-01.
  Objective value decreased by 5.325943e+01.
Newton iteration 4.
  Active set size = 25300.
  sub-gradient = 4.201748e+02, l1-norm of X = 2.515231e+02.
  Coordinate descent sweep 1. norm of D = 2.939441e+02, change in D = 2.939441e+02.
  Coordinate descent sweep 2. norm of D = 3.504789e+02, change in D = 9.601363e+01.
    Line search step size chosen: 1.000000e+00.
  Objective value decreased by 1.770827e+01.
Newton iteration 5.
  Active set size = 21322.
  sub-gradient = 8.185531e+01, l1-norm of X = 3.343273e+02.
  Coordinate descent sweep 1. norm of D = 7.468876e+01, change in D = 7.468876e+01.
  Coordinate descent sweep 2. norm of D = 9.974805e+01, change in D = 4.170693e+01.
    Line search step size chosen: 1.000000e+00.
  Objective value decreased by 2.852943e+00.
Newton iteration 6.
  Active set size = 20934.
  sub-gradient = 3.351227e+01, l1-norm of X = 3.462130e+02.
  Coordinate descent sweep 1. norm of D = 2.994756e+01, change in D = 2.994756e+01.
  Coordinate descent sweep 2. norm of D = 4.104329e+01, change in D = 2.022141e+01.
  Coordinate descent sweep 3. norm of D = 4.869905e+01, change in D = 1.455288e+01.
    Line search step size chosen: 1.000000e+00.
  Objective value decreased by 1.018070e+00.
Newton iteration 7.
  Active set size = 20771.
  sub-gradient = 1.202417e+01, l1-norm of X = 3.515428e+02.
  Coordinate descent sweep 1. norm of D = 1.156134e+01, change in D = 1.156134e+01.
  Coordinate descent sweep 2. norm of D = 1.656697e+01, change in D = 9.087441e+00.
  Coordinate descent sweep 3. norm of D = 2.015028e+01, change in D = 7.093306e+00.
    Line search step size chosen: 1.000000e+00.
  Objective value decreased by 2.747230e-01.
Newton iteration 8.
  Active set size = 20729.
  sub-gradient = 5.819419e+00, l1-norm of X = 3.536562e+02.
  Coordinate descent sweep 1. norm of D = 5.815580e+00, change in D = 5.815580e+00.
  Coordinate descent sweep 2. norm of D = 8.159425e+00, change in D = 4.529497e+00.
  Coordinate descent sweep 3. norm of D = 1.012225e+01, change in D = 3.835128e+00.
    Line search step size chosen: 1.000000e+00.
  Objective value decreased by 9.607561e-02.
Newton iteration 9.
  Active set size = 20720.
  sub-gradient = 3.190425e+00, l1-norm of X = 3.546105e+02.
  Coordinate descent sweep 1. norm of D = 3.186503e+00, change in D = 3.186503e+00.
  Coordinate descent sweep 2. norm of D = 4.432209e+00, change in D = 2.477521e+00.
  Coordinate descent sweep 3. norm of D = 5.429667e+00, change in D = 2.134791e+00.
  Coordinate descent sweep 4. norm of D = 6.327098e+00, change in D = 1.844246e+00.
    Line search step size chosen: 1.000000e+00.
  Objective value decreased by 4.474955e-02.
Newton iteration 10.
  Active set size = 20708.
  sub-gradient = 1.625996e+00, l1-norm of X = 3.552661e+02.
  Coordinate descent sweep 1. norm of D = 1.579684e+00, change in D = 1.579684e+00.
  Coordinate descent sweep 2. norm of D = 2.230728e+00, change in D = 1.356625e+00.
  Coordinate descent sweep 3. norm of D = 2.765942e+00, change in D = 1.150008e+00.
  Coordinate descent sweep 4. norm of D = 3.252326e+00, change in D = 9.856834e-01.
    Line search step size chosen: 1.000000e+00.
  Objective value decreased by 1.543515e-02.
Newton iteration 11.
  Active set size = 20701.
  sub-gradient = 8.096495e-01, l1-norm of X = 3.555932e+02.
  Coordinate descent sweep 1. norm of D = 8.269582e-01, change in D = 8.269582e-01.
  Coordinate descent sweep 2. norm of D = 1.208560e+00, change in D = 7.317677e-01.
  Coordinate descent sweep 3. norm of D = 1.518636e+00, change in D = 6.624909e-01.
  Coordinate descent sweep 4. norm of D = 1.765992e+00, change in D = 5.491885e-01.
    Line search step size chosen: 1.000000e+00.
  Objective value decreased by 5.779881e-03.
Newton iteration 12.
  Active set size = 20700.
  sub-gradient = 4.280342e-01, l1-norm of X = 3.557677e+02.
  Coordinate descent sweep 1. norm of D = 4.746915e-01, change in D = 4.746915e-01.
  Coordinate descent sweep 2. norm of D = 6.719166e-01, change in D = 4.006237e-01.
  Coordinate descent sweep 3. norm of D = 8.628442e-01, change in D = 3.751762e-01.
  Coordinate descent sweep 4. norm of D = 1.015190e+00, change in D = 3.515820e-01.
  Coordinate descent sweep 5. norm of D = 1.126852e+00, change in D = 2.717171e-01.
    Line search step size chosen: 1.000000e+00.
  Objective value decreased by 2.579533e-03.
Newton iteration 13.
  Active set size = 20697.
  sub-gradient = 2.845898e-01, l1-norm of X = 3.558830e+02.
  Coordinate descent sweep 1. norm of D = 2.475821e-01, change in D = 2.475821e-01.
  Coordinate descent sweep 2. norm of D = 3.702826e-01, change in D = 2.326975e-01.
  Coordinate descent sweep 3. norm of D = 4.552405e-01, change in D = 1.917946e-01.
  Coordinate descent sweep 4. norm of D = 5.347650e-01, change in D = 1.747560e-01.
  Coordinate descent sweep 5. norm of D = 6.012808e-01, change in D = 1.515748e-01.
    Line search step size chosen: 1.000000e+00.
  Objective value decreased by 9.359920e-04.
Newton iteration 14.
  Active set size = 20696.
  sub-gradient = 1.359851e-01, l1-norm of X = 3.559451e+02.
  Coordinate descent sweep 1. norm of D = 1.346364e-01, change in D = 1.346364e-01.
  Coordinate descent sweep 2. norm of D = 1.924682e-01, change in D = 1.174809e-01.
  Coordinate descent sweep 3. norm of D = 2.459621e-01, change in D = 1.132606e-01.
  Coordinate descent sweep 4. norm of D = 2.828128e-01, change in D = 9.132957e-02.
  Coordinate descent sweep 5. norm of D = 3.132841e-01, change in D = 8.222896e-02.
    Line search step size chosen: 1.000000e+00.
  Objective value decreased by 2.948101e-04.
Newton iteration 15.
  Active set size = 20696.
  sub-gradient = 8.581657e-02, l1-norm of X = 3.559802e+02.
  Coordinate descent sweep 1. norm of D = 8.083421e-02, change in D = 8.083421e-02.
  Coordinate descent sweep 2. norm of D = 1.158220e-01, change in D = 6.896553e-02.
  Coordinate descent sweep 3. norm of D = 1.449008e-01, change in D = 6.162267e-02.
  Coordinate descent sweep 4. norm of D = 1.668346e-01, change in D = 5.502327e-02.
  Coordinate descent sweep 5. norm of D = 1.889372e-01, change in D = 4.862396e-02.
  Coordinate descent sweep 6. norm of D = 2.087991e-01, change in D = 4.405169e-02.
    Line search step size chosen: 1.000000e+00.
  Objective value decreased by 1.351735e-04.
Newton iteration 16.
  Active set size = 20696.
  sub-gradient = 4.145039e-02, l1-norm of X = 3.560012e+02.
  Coordinate descent sweep 1. norm of D = 3.703938e-02, change in D = 3.703938e-02.
  Coordinate descent sweep 2. norm of D = 5.842270e-02, change in D = 3.670634e-02.
  Coordinate descent sweep 3. norm of D = 7.117211e-02, change in D = 2.996944e-02.
  Coordinate descent sweep 4. norm of D = 8.793485e-02, change in D = 3.094644e-02.
  Coordinate descent sweep 5. norm of D = 9.990146e-02, change in D = 2.533159e-02.
  Coordinate descent sweep 6. norm of D = 1.090933e-01, change in D = 2.379541e-02.
    Line search step size chosen: 1.000000e+00.
  Objective value decreased by 4.108248e-05.
Newton iteration 17.
  Active set size = 20696.
  sub-gradient = 1.778788e-02, l1-norm of X = 3.560139e+02.
  Coordinate descent sweep 1. norm of D = 1.879733e-02, change in D = 1.879733e-02.
  Coordinate descent sweep 2. norm of D = 3.038771e-02, change in D = 1.899234e-02.
  Coordinate descent sweep 3. norm of D = 3.736119e-02, change in D = 1.626080e-02.
  Coordinate descent sweep 4. norm of D = 4.540575e-02, change in D = 1.596908e-02.
  Coordinate descent sweep 5. norm of D = 5.054760e-02, change in D = 1.257342e-02.
  Coordinate descent sweep 6. norm of D = 5.618876e-02, change in D = 1.215652e-02.
    Line search step size chosen: 1.000000e+00.
  Objective value decreased by 1.233714e-05.
QUIC CPU time: 4998.450 seconds
