[1] "sra_normal"    "500"           "pooling_first" "0.44"         
[1] "Data read complete"
Running QUIC version 1.1 in 'default' mode.
Newton iteration 1.
  X is a diagonal matrix.
    Line search step size chosen: 1.000000e+00.
  Objective value decreased by 1.005783e+00.
Newton iteration 2.
  Active set size = 5836.
  sub-gradient = 2.574631e+00, l1-norm of X = 5.137376e+00.
  Coordinate descent sweep 1. norm of D = 1.911337e+00, change in D = 1.911337e+00.
    Line search step size chosen: 1.000000e+00.
  Objective value decreased by 6.725982e-02.
Newton iteration 3.
  Active set size = 5836.
  sub-gradient = 3.654807e-01, l1-norm of X = 5.057332e+00.
  Coordinate descent sweep 1. norm of D = 4.620154e-01, change in D = 4.620154e-01.
  Coordinate descent sweep 2. norm of D = 6.534257e-01, change in D = 1.978045e-01.
    Line search step size chosen: 1.000000e+00.
  Objective value decreased by 1.016495e-02.
Newton iteration 4.
  Active set size = 5836.
  sub-gradient = 7.205815e-02, l1-norm of X = 5.322108e+00.
  Coordinate descent sweep 1. norm of D = 7.829523e-02, change in D = 7.829523e-02.
  Coordinate descent sweep 2. norm of D = 1.215818e-01, change in D = 4.424418e-02.
    Line search step size chosen: 1.000000e+00.
  Objective value decreased by 3.642640e-04.
Newton iteration 5.
  Active set size = 5836.
  sub-gradient = 1.231622e-02, l1-norm of X = 5.357285e+00.
  Coordinate descent sweep 1. norm of D = 1.274915e-02, change in D = 1.274915e-02.
  Coordinate descent sweep 2. norm of D = 1.955625e-02, change in D = 8.780335e-03.
    Line search step size chosen: 1.000000e+00.
  Objective value decreased by 1.518655e-05.
Newton iteration 6.
  Active set size = 5836.
  sub-gradient = 2.861098e-03, l1-norm of X = 5.364732e+00.
  Coordinate descent sweep 1. norm of D = 3.656708e-03, change in D = 3.656708e-03.
  Coordinate descent sweep 2. norm of D = 4.852440e-03, change in D = 1.224059e-03.
  Coordinate descent sweep 3. norm of D = 5.225838e-03, change in D = 3.736471e-04.
    Line search step size chosen: 1.000000e+00.
  Objective value decreased by 8.553752e-07.
Newton iteration 7.
  Active set size = 5836.
  sub-gradient = 1.343514e-04, l1-norm of X = 5.366007e+00.
  Coordinate descent sweep 1. norm of D = 1.380029e-04, change in D = 1.380029e-04.
  Coordinate descent sweep 2. norm of D = 2.134109e-04, change in D = 7.797494e-05.
  Coordinate descent sweep 3. norm of D = 2.417516e-04, change in D = 3.028963e-05.
    Line search step size chosen: 1.000000e+00.
  Objective value decreased by 2.199158e-09.
QUIC CPU time: 940.260 seconds
