[1] "sra_normal"    "500"           "pooling_first" "0.52"         
[1] "Data read complete"
Running QUIC version 1.1 in 'default' mode.
Newton iteration 1.
  X is a diagonal matrix.
    Line search step size chosen: 1.000000e+00.
  Objective value decreased by 4.276792e-01.
Newton iteration 2.
  Active set size = 5788.
  sub-gradient = 1.016335e+00, l1-norm of X = 2.515629e+00.
  Coordinate descent sweep 1. norm of D = 8.519774e-01, change in D = 8.519774e-01.
    Line search step size chosen: 1.000000e+00.
  Objective value decreased by 2.005772e-02.
Newton iteration 3.
  Active set size = 5788.
  sub-gradient = 1.236234e-01, l1-norm of X = 2.526986e+00.
  Coordinate descent sweep 1. norm of D = 1.485548e-01, change in D = 1.485548e-01.
  Coordinate descent sweep 2. norm of D = 1.849853e-01, change in D = 3.727255e-02.
    Line search step size chosen: 1.000000e+00.
  Objective value decreased by 1.103973e-03.
Newton iteration 4.
  Active set size = 5788.
  sub-gradient = 1.138069e-02, l1-norm of X = 2.609850e+00.
  Coordinate descent sweep 1. norm of D = 1.210807e-02, change in D = 1.210807e-02.
  Coordinate descent sweep 2. norm of D = 1.661151e-02, change in D = 4.683217e-03.
    Line search step size chosen: 1.000000e+00.
  Objective value decreased by 8.840270e-06.
Newton iteration 5.
  Active set size = 5788.
  sub-gradient = 1.184334e-03, l1-norm of X = 2.615387e+00.
  Coordinate descent sweep 1. norm of D = 1.378293e-03, change in D = 1.378293e-03.
  Coordinate descent sweep 2. norm of D = 1.782964e-03, change in D = 4.492698e-04.
    Line search step size chosen: 1.000000e+00.
  Objective value decreased by 1.314129e-07.
Newton iteration 6.
  Active set size = 5788.
  sub-gradient = 1.542021e-04, l1-norm of X = 2.616078e+00.
  Coordinate descent sweep 1. norm of D = 1.823759e-04, change in D = 1.823759e-04.
  Coordinate descent sweep 2. norm of D = 2.221118e-04, change in D = 4.037444e-05.
  Coordinate descent sweep 3. norm of D = 2.363829e-04, change in D = 1.427624e-05.
    Line search step size chosen: 1.000000e+00.
  Objective value decreased by 2.310117e-09.
QUIC CPU time: 808.562 seconds
