[1] "sra_normal"    "500"           "pooling_first" "0.74"         
[1] "Data read complete"
Running QUIC version 1.1 in 'default' mode.
Newton iteration 1.
  X is a diagonal matrix.
    Line search step size chosen: 1.000000e+00.
  Objective value decreased by 3.755153e-03.
Newton iteration 2.
  Active set size = 5770.
  sub-gradient = 7.707748e-03, l1-norm of X = 1.413273e-01.
  Coordinate descent sweep 1. norm of D = 7.497780e-03, change in D = 7.497780e-03.
    Line search step size chosen: 1.000000e+00.
  Objective value decreased by 8.472731e-06.
Newton iteration 3.
  Active set size = 5770.
  sub-gradient = 1.834786e-04, l1-norm of X = 1.413203e-01.
  Coordinate descent sweep 1. norm of D = 2.007108e-04, change in D = 2.007108e-04.
  Coordinate descent sweep 2. norm of D = 2.189427e-04, change in D = 1.832039e-05.
    Line search step size chosen: 1.000000e+00.
  Objective value decreased by 2.285014e-08.
Newton iteration 4.
  Active set size = 5770.
  sub-gradient = 4.231392e-07, l1-norm of X = 1.415817e-01.
  Coordinate descent sweep 1. norm of D = 4.367142e-07, change in D = 4.367142e-07.
  Coordinate descent sweep 2. norm of D = 4.504008e-07, change in D = 1.368657e-08.
    Line search step size chosen: 1.000000e+00.
  Objective value decreased by 0.000000e+00.
QUIC CPU time: 556.458 seconds
