[1] "/data/abattle4/prashanthi/recount3/data/kidney/GTEx/weighted_covariances/cov_1.rds"
[1] "Data read complete"
Running QUIC version 1.1 in 'default' mode.
Newton iteration 1.
  X is a diagonal matrix.
    Line search step size 1.000000e+00.  Lack of positive definiteness.
    Line search step size 5.000000e-01.  Lack of positive definiteness.
    Line search step size 2.500000e-01.  Lack of positive definiteness.
    Line search step size 1.250000e-01.  Lack of positive definiteness.
    Line search step size chosen: 6.250000e-02.
  Objective value decreased by 2.587085e+01.
Newton iteration 2.
  Active set size = 31436.
  sub-gradient = 1.319461e+03, l1-norm of X = 8.716925e+01.
  Coordinate descent sweep 1. norm of D = 1.048236e+03, change in D = 1.048236e+03.
    Line search step size 1.000000e+00.  Lack of positive definiteness.
    Line search step size 5.000000e-01.  Lack of positive definiteness.
    Line search step size 2.500000e-01.  Lack of positive definiteness.
    Line search step size chosen: 1.250000e-01.
  Objective value decreased by 2.755844e+01.
Newton iteration 3.
  Active set size = 31436.
  sub-gradient = 1.074411e+03, l1-norm of X = 2.080641e+02.
  Coordinate descent sweep 1. norm of D = 7.892295e+02, change in D = 7.892295e+02.
  Coordinate descent sweep 2. norm of D = 7.674900e+02, change in D = 1.147742e+02.
    Line search step size 1.000000e+00.  Lack of positive definiteness.
    Line search step size chosen: 5.000000e-01.
  Objective value decreased by 4.438063e+01.
Newton iteration 4.
  Active set size = 31436.
  sub-gradient = 5.696989e+02, l1-norm of X = 5.213322e+02.
  Coordinate descent sweep 1. norm of D = 3.399841e+02, change in D = 3.399841e+02.
  Coordinate descent sweep 2. norm of D = 3.853767e+02, change in D = 7.838255e+01.
    Line search step size chosen: 1.000000e+00.
  Objective value decreased by 1.338272e+01.
Newton iteration 5.
  Active set size = 27171.
  sub-gradient = 7.905038e+01, l1-norm of X = 7.333222e+02.
  Coordinate descent sweep 1. norm of D = 5.699463e+01, change in D = 5.699463e+01.
  Coordinate descent sweep 2. norm of D = 7.254107e+01, change in D = 2.719074e+01.
    Line search step size chosen: 1.000000e+00.
  Objective value decreased by 1.061460e+00.
Newton iteration 6.
  Active set size = 26753.
  sub-gradient = 1.893763e+01, l1-norm of X = 7.479821e+02.
  Coordinate descent sweep 1. norm of D = 1.685407e+01, change in D = 1.685407e+01.
  Coordinate descent sweep 2. norm of D = 2.209538e+01, change in D = 9.816018e+00.
  Coordinate descent sweep 3. norm of D = 2.514902e+01, change in D = 5.896615e+00.
    Line search step size chosen: 1.000000e+00.
  Objective value decreased by 2.189333e-01.
Newton iteration 7.
  Active set size = 26638.
  sub-gradient = 4.065056e+00, l1-norm of X = 7.529090e+02.
  Coordinate descent sweep 1. norm of D = 4.222223e+00, change in D = 4.222223e+00.
  Coordinate descent sweep 2. norm of D = 5.610941e+00, change in D = 2.665626e+00.
  Coordinate descent sweep 3. norm of D = 6.494314e+00, change in D = 1.780248e+00.
    Line search step size chosen: 1.000000e+00.
  Objective value decreased by 2.217447e-02.
Newton iteration 8.
  Active set size = 26613.
  sub-gradient = 1.397555e+00, l1-norm of X = 7.539860e+02.
  Coordinate descent sweep 1. norm of D = 1.242718e+00, change in D = 1.242718e+00.
  Coordinate descent sweep 2. norm of D = 1.679258e+00, change in D = 8.549247e-01.
  Coordinate descent sweep 3. norm of D = 1.956252e+00, change in D = 5.798047e-01.
    Line search step size chosen: 1.000000e+00.
  Objective value decreased by 2.721926e-03.
Newton iteration 9.
  Active set size = 26601.
  sub-gradient = 4.805690e-01, l1-norm of X = 7.542567e+02.
  Coordinate descent sweep 1. norm of D = 4.202504e-01, change in D = 4.202504e-01.
  Coordinate descent sweep 2. norm of D = 5.634818e-01, change in D = 2.914129e-01.
  Coordinate descent sweep 3. norm of D = 6.457131e-01, change in D = 1.976856e-01.
  Coordinate descent sweep 4. norm of D = 7.207633e-01, change in D = 1.525318e-01.
    Line search step size chosen: 1.000000e+00.
  Objective value decreased by 4.199037e-04.
Newton iteration 10.
  Active set size = 26600.
  sub-gradient = 1.129452e-01, l1-norm of X = 7.543512e+02.
  Coordinate descent sweep 1. norm of D = 1.034773e-01, change in D = 1.034773e-01.
  Coordinate descent sweep 2. norm of D = 1.421570e-01, change in D = 7.401264e-02.
  Coordinate descent sweep 3. norm of D = 1.661831e-01, change in D = 5.268610e-02.
  Coordinate descent sweep 4. norm of D = 1.815650e-01, change in D = 3.680886e-02.
    Line search step size chosen: 1.000000e+00.
  Objective value decreased by 2.988320e-05.
Newton iteration 11.
  Active set size = 26599.
  sub-gradient = 2.833143e-02, l1-norm of X = 7.543723e+02.
  Coordinate descent sweep 1. norm of D = 2.742793e-02, change in D = 2.742793e-02.
  Coordinate descent sweep 2. norm of D = 3.648554e-02, change in D = 1.907281e-02.
  Coordinate descent sweep 3. norm of D = 4.256550e-02, change in D = 1.385630e-02.
  Coordinate descent sweep 4. norm of D = 4.698833e-02, change in D = 1.029231e-02.
    Line search step size chosen: 1.000000e+00.
  Objective value decreased by 2.278150e-06.
QUIC CPU time: 5897.992 seconds
