[1] "/data/abattle4/prashanthi/recount3/data/kidney/GTEx/weighted_covariances/cov_1.rds"
[1] "Data read complete"
Running QUIC version 1.1 in 'default' mode.
Newton iteration 1.
  X is a diagonal matrix.
    Line search step size chosen: 1.000000e+00.
  Objective value decreased by 5.333276e-01.
Newton iteration 2.
  Active set size = 8581.
  sub-gradient = 5.410788e+00, l1-norm of X = 1.587494e+01.
  Coordinate descent sweep 1. norm of D = 2.702611e+00, change in D = 2.702611e+00.
    Line search step size chosen: 1.000000e+00.
  Objective value decreased by 7.025170e-02.
Newton iteration 3.
  Active set size = 8573.
  sub-gradient = 8.569696e-01, l1-norm of X = 1.353747e+01.
  Coordinate descent sweep 1. norm of D = 8.717502e-01, change in D = 8.717502e-01.
  Coordinate descent sweep 2. norm of D = 9.386778e-01, change in D = 1.317378e-01.
    Line search step size chosen: 1.000000e+00.
  Objective value decreased by 9.697079e-03.
Newton iteration 4.
  Active set size = 8573.
  sub-gradient = 4.055718e-02, l1-norm of X = 1.356532e+01.
  Coordinate descent sweep 1. norm of D = 3.750622e-02, change in D = 3.750622e-02.
  Coordinate descent sweep 2. norm of D = 3.833516e-02, change in D = 5.823985e-03.
    Line search step size chosen: 1.000000e+00.
  Objective value decreased by 2.332455e-05.
Newton iteration 5.
  Active set size = 8573.
  sub-gradient = 9.928686e-04, l1-norm of X = 1.356929e+01.
  Coordinate descent sweep 1. norm of D = 1.007817e-03, change in D = 1.007817e-03.
  Coordinate descent sweep 2. norm of D = 1.084781e-03, change in D = 2.106982e-04.
    Line search step size chosen: 1.000000e+00.
  Objective value decreased by 2.810339e-08.
QUIC CPU time: 2180.917 seconds
