[1] "/work-zfs/abattle4/prashanthi/recount3/data/nervous_system/all/weighted_covariances/cov_18.rds"
[1] "Data read complete"
Running QUIC version 1.1 in 'default' mode.
Newton iteration 1.
  X is a diagonal matrix.
    Line search step size 1.000000e+00.  Lack of positive definiteness.
    Line search step size 5.000000e-01.  Lack of positive definiteness.
    Line search step size chosen: 2.500000e-01.
  Objective value decreased by 1.978417e+00.
Newton iteration 2.
  Active set size = 9481.
  sub-gradient = 2.250915e+01, l1-norm of X = 8.676750e+00.
  Coordinate descent sweep 1. norm of D = 1.680318e+01, change in D = 1.680318e+01.
    Line search step size chosen: 1.000000e+00.
  Objective value decreased by 8.029315e-01.
Newton iteration 3.
  Active set size = 9436.
  sub-gradient = 3.858486e+01, l1-norm of X = 2.166325e+01.
  Coordinate descent sweep 1. norm of D = 5.751546e+00, change in D = 5.751546e+00.
  Coordinate descent sweep 2. norm of D = 5.678703e+00, change in D = 2.296833e+00.
    Line search step size chosen: 1.000000e+00.
  Objective value decreased by 3.603611e-01.
Newton iteration 4.
  Active set size = 9411.
  sub-gradient = 1.091709e+01, l1-norm of X = 2.078183e+01.
  Coordinate descent sweep 1. norm of D = 2.339483e+00, change in D = 2.339483e+00.
  Coordinate descent sweep 2. norm of D = 2.193850e+00, change in D = 1.061434e+00.
    Line search step size chosen: 1.000000e+00.
  Objective value decreased by 7.456164e-02.
Newton iteration 5.
  Active set size = 9398.
  sub-gradient = 1.627609e+00, l1-norm of X = 2.011573e+01.
  Coordinate descent sweep 1. norm of D = 6.697283e-01, change in D = 6.697283e-01.
  Coordinate descent sweep 2. norm of D = 6.890199e-01, change in D = 3.499179e-01.
    Line search step size chosen: 1.000000e+00.
  Objective value decreased by 5.179555e-03.
Newton iteration 6.
  Active set size = 9396.
  sub-gradient = 1.788262e-01, l1-norm of X = 1.994138e+01.
  Coordinate descent sweep 1. norm of D = 1.799045e-01, change in D = 1.799045e-01.
  Coordinate descent sweep 2. norm of D = 2.184682e-01, change in D = 7.710548e-02.
  Coordinate descent sweep 3. norm of D = 2.331857e-01, change in D = 2.949057e-02.
    Line search step size chosen: 1.000000e+00.
  Objective value decreased by 2.996701e-04.
Newton iteration 7.
  Active set size = 9397.
  sub-gradient = 1.618017e-02, l1-norm of X = 1.994399e+01.
  Coordinate descent sweep 1. norm of D = 1.803884e-02, change in D = 1.803884e-02.
  Coordinate descent sweep 2. norm of D = 2.182730e-02, change in D = 7.195334e-03.
  Coordinate descent sweep 3. norm of D = 2.342208e-02, change in D = 3.513196e-03.
    Line search step size chosen: 1.000000e+00.
  Objective value decreased by 3.762945e-06.
Newton iteration 8.
  Active set size = 9397.
  sub-gradient = 2.116661e-03, l1-norm of X = 1.994535e+01.
  Coordinate descent sweep 1. norm of D = 1.616537e-03, change in D = 1.616537e-03.
  Coordinate descent sweep 2. norm of D = 2.104700e-03, change in D = 1.016730e-03.
  Coordinate descent sweep 3. norm of D = 2.276286e-03, change in D = 4.667909e-04.
    Line search step size chosen: 1.000000e+00.
  Objective value decreased by 5.055699e-08.
Newton iteration 9.
  Active set size = 9397.
  sub-gradient = 2.215834e-04, l1-norm of X = 1.994535e+01.
  Coordinate descent sweep 1. norm of D = 2.133375e-04, change in D = 2.133375e-04.
  Coordinate descent sweep 2. norm of D = 2.676477e-04, change in D = 1.239533e-04.
  Coordinate descent sweep 3. norm of D = 2.924608e-04, change in D = 6.200367e-05.
  Coordinate descent sweep 4. norm of D = 3.087136e-04, change in D = 3.336668e-05.
    Line search step size chosen: 1.000000e+00.
  Objective value decreased by 9.531504e-10.
QUIC CPU time: 2718.750 seconds
