[1] "/work-zfs/abattle4/prashanthi/recount3/data/nervous_system/all/weighted_covariances/cov_18.rds"
[1] "Data read complete"
Running QUIC version 1.1 in 'default' mode.
Newton iteration 1.
  X is a diagonal matrix.
    Line search step size chosen: 1.000000e+00.
  Objective value decreased by 1.002923e-02.
Newton iteration 2.
  Active set size = 8997.
  sub-gradient = 2.580578e-02, l1-norm of X = 3.884465e-01.
  Coordinate descent sweep 1. norm of D = 2.451021e-02, change in D = 2.451021e-02.
    Line search step size chosen: 1.000000e+00.
  Objective value decreased by 3.259004e-05.
Newton iteration 3.
  Active set size = 8997.
  sub-gradient = 8.049428e-04, l1-norm of X = 3.826682e-01.
  Coordinate descent sweep 1. norm of D = 7.652615e-04, change in D = 7.652615e-04.
  Coordinate descent sweep 2. norm of D = 7.972773e-04, change in D = 4.903571e-05.
    Line search step size chosen: 1.000000e+00.
  Objective value decreased by 7.337803e-08.
Newton iteration 4.
  Active set size = 8997.
  sub-gradient = 2.793927e-06, l1-norm of X = 3.830314e-01.
  Coordinate descent sweep 1. norm of D = 2.888977e-06, change in D = 2.888977e-06.
  Coordinate descent sweep 2. norm of D = 2.976311e-06, change in D = 1.643256e-07.
    Line search step size chosen: 1.000000e+00.
  Objective value decreased by 1.818989e-12.
QUIC CPU time: 1216.720 seconds
