[1] "/work-zfs/abattle4/prashanthi/recount3/data/nervous_system/all/weighted_covariances/cov_18.rds"
[1] "Data read complete"
Running QUIC version 1.1 in 'default' mode.
Newton iteration 1.
  X is a diagonal matrix.
    Line search step size chosen: 1.000000e+00.
  Objective value decreased by 2.097705e-04.
Newton iteration 2.
  Active set size = 8992.
  sub-gradient = 4.213622e-04, l1-norm of X = 3.997999e-02.
  Coordinate descent sweep 1. norm of D = 4.195106e-04, change in D = 4.195106e-04.
    Line search step size chosen: 1.000000e+00.
  Objective value decreased by 1.515582e-08.
Newton iteration 3.
  Active set size = 8992.
  sub-gradient = 1.790416e-06, l1-norm of X = 3.997999e-02.
  Coordinate descent sweep 1. norm of D = 1.812979e-06, change in D = 1.812979e-06.
  Coordinate descent sweep 2. norm of D = 1.851249e-06, change in D = 3.827212e-08.
    Line search step size chosen: 1.000000e+00.
  Objective value decreased by 0.000000e+00.
QUIC CPU time: 947.200 seconds
