[1] "/data/abattle4/prashanthi/recount3/data/blood/GTEx/weighted_covariances/cov_1.rds"
[1] "Data read complete"
Running QUIC version 1.1 in 'default' mode.
Newton iteration 1.
  X is a diagonal matrix.
    Line search step size 1.000000e+00.  Lack of positive definiteness.
    Line search step size 5.000000e-01.  Lack of positive definiteness.
    Line search step size 2.500000e-01.  Lack of positive definiteness.
    Line search step size 1.250000e-01.  Lack of positive definiteness.
    Line search step size 6.250000e-02.  Lack of positive definiteness.
    Line search step size chosen: 3.125000e-02.
  Objective value decreased by 6.983423e+02.
Newton iteration 2.
  Active set size = 6835520.
  sub-gradient = 1.821007e+05, l1-norm of X = 7.285215e+02.
  Coordinate descent sweep 1. norm of D = 9.009298e+04, change in D = 9.009298e+04.
    Line search step size 1.000000e+00.  Lack of positive definiteness.
    Line search step size 5.000000e-01.  Lack of positive definiteness.
    Line search step size 2.500000e-01.  Lack of positive definiteness.
    Line search step size 1.250000e-01.  Lack of positive definiteness.
    Line search step size 6.250000e-02.  Lack of positive definiteness.
    Line search step size chosen: 3.125000e-02.
  Objective value decreased by 3.106966e+02.
Newton iteration 3.
  Active set size = 6846607.
  sub-gradient = 1.681699e+05, l1-norm of X = 1.053152e+03.
  Coordinate descent sweep 1. norm of D = 5.671418e+04, change in D = 5.671418e+04.
  Coordinate descent sweep 2. norm of D = 4.703762e+04, change in D = 1.942667e+04.
    Line search step size 1.000000e+00.  Lack of positive definiteness.
    Line search step size 5.000000e-01.  Lack of positive definiteness.
    Line search step size 2.500000e-01.  Lack of positive definiteness.
    Line search step size chosen: 1.250000e-01.
  Objective value decreased by 5.533587e+02.
Newton iteration 4.
  Active set size = 8603086.
  sub-gradient = 2.322215e+05, l1-norm of X = 1.649008e+03.
  Coordinate descent sweep 1. norm of D = 2.510503e+04, change in D = 2.510503e+04.
  Coordinate descent sweep 2. norm of D = 2.522603e+04, change in D = 9.434593e+03.
    Line search step size 1.000000e+00.  Lack of positive definiteness.
    Line search step size 5.000000e-01.  Lack of positive definiteness.
    Line search step size chosen: 2.500000e-01.
  Objective value decreased by 3.573054e+02.
Newton iteration 5.
  Active set size = 7922547.
  sub-gradient = 2.035179e+05, l1-norm of X = 2.058073e+03.
  Coordinate descent sweep 1. norm of D = 1.622884e+04, change in D = 1.622884e+04.
  Coordinate descent sweep 2. norm of D = 1.782477e+04, change in D = 6.721640e+03.
    Line search step size 1.000000e+00.  Lack of positive definiteness.
    Line search step size chosen: 5.000000e-01.
  Objective value decreased by 3.533326e+02.
Newton iteration 6.
  Active set size = 7318957.
  sub-gradient = 1.873191e+05, l1-norm of X = 2.473341e+03.
  Coordinate descent sweep 1. norm of D = 9.331791e+03, change in D = 9.331791e+03.
  Coordinate descent sweep 2. norm of D = 1.112716e+04, change in D = 4.852133e+03.
  Coordinate descent sweep 3. norm of D = 1.211906e+04, change in D = 3.016826e+03.
    Line search step size chosen: 1.000000e+00.
  Objective value decreased by 3.039885e+02.
Newton iteration 7.
  Active set size = 1792732.
  sub-gradient = 1.164134e+04, l1-norm of X = 2.972148e+03.
  Coordinate descent sweep 1. norm of D = 2.861485e+03, change in D = 2.861485e+03.
  Coordinate descent sweep 2. norm of D = 3.617352e+03, change in D = 2.221965e+03.
  Coordinate descent sweep 3. norm of D = 4.117832e+03, change in D = 1.596660e+03.
    Line search step size chosen: 1.000000e+00.
  Objective value decreased by 4.841826e+01.
Newton iteration 8.
  Active set size = 1589190.
  sub-gradient = 3.770765e+03, l1-norm of X = 3.151766e+03.
  Coordinate descent sweep 1. norm of D = 1.380611e+03, change in D = 1.380611e+03.
  Coordinate descent sweep 2. norm of D = 1.731631e+03, change in D = 1.092668e+03.
  Coordinate descent sweep 3. norm of D = 1.960627e+03, change in D = 8.379247e+02.
    Line search step size chosen: 1.000000e+00.
  Objective value decreased by 1.329532e+01.
Newton iteration 9.
  Active set size = 1522295.
  sub-gradient = 1.187997e+03, l1-norm of X = 3.224450e+03.
  Coordinate descent sweep 1. norm of D = 7.006386e+02, change in D = 7.006386e+02.
  Coordinate descent sweep 2. norm of D = 8.671362e+02, change in D = 5.773570e+02.
  Coordinate descent sweep 3. norm of D = 9.717489e+02, change in D = 4.717204e+02.
  Coordinate descent sweep 4. norm of D = 1.046939e+03, change in D = 3.894048e+02.
    Line search step size chosen: 1.000000e+00.
  Objective value decreased by 5.488436e+00.
Newton iteration 10.
  Active set size = 1503111.
  sub-gradient = 4.350528e+02, l1-norm of X = 3.258325e+03.
  Coordinate descent sweep 1. norm of D = 3.464827e+02, change in D = 3.464827e+02.
  Coordinate descent sweep 2. norm of D = 4.160199e+02, change in D = 3.026219e+02.
  Coordinate descent sweep 3. norm of D = 4.581386e+02, change in D = 2.623163e+02.
  Coordinate descent sweep 4. norm of D = 4.909332e+02, change in D = 2.338159e+02.
    Line search step size chosen: 1.000000e+00.
  Objective value decreased by 2.102339e+00.
Newton iteration 11.
  Active set size = 1498524.
  sub-gradient = 2.571617e+02, l1-norm of X = 3.269949e+03.
  Coordinate descent sweep 1. norm of D = 2.132498e+02, change in D = 2.132498e+02.
  Coordinate descent sweep 2. norm of D = 2.540650e+02, change in D = 1.938747e+02.
  Coordinate descent sweep 3. norm of D = 2.768679e+02, change in D = 1.765377e+02.
  Coordinate descent sweep 4. norm of D = 2.919595e+02, change in D = 1.615186e+02.
    Line search step size chosen: 1.000000e+00.
  Objective value decreased by 1.080337e+00.
Newton iteration 12.
  Active set size = 1496265.
  sub-gradient = 1.566446e+02, l1-norm of X = 3.274794e+03.
  Coordinate descent sweep 1. norm of D = 1.493448e+02, change in D = 1.493448e+02.
  Coordinate descent sweep 2. norm of D = 1.785331e+02, change in D = 1.409960e+02.
  Coordinate descent sweep 3. norm of D = 1.933051e+02, change in D = 1.321726e+02.
  Coordinate descent sweep 4. norm of D = 2.015521e+02, change in D = 1.218617e+02.
  Coordinate descent sweep 5. norm of D = 2.085607e+02, change in D = 1.134917e+02.
    Line search step size chosen: 1.000000e+00.
  Objective value decreased by 7.593470e-01.
Newton iteration 13.
  Active set size = 1494864.
  sub-gradient = 1.074093e+02, l1-norm of X = 3.277484e+03.
  Coordinate descent sweep 1. norm of D = 1.074428e+02, change in D = 1.074428e+02.
  Coordinate descent sweep 2. norm of D = 1.244972e+02, change in D = 9.876628e+01.
  Coordinate descent sweep 3. norm of D = 1.374428e+02, change in D = 9.696644e+01.
  Coordinate descent sweep 4. norm of D = 1.422193e+02, change in D = 9.160085e+01.
  Coordinate descent sweep 5. norm of D = 1.459609e+02, change in D = 8.614802e+01.
    Line search step size chosen: 1.000000e+00.
  Objective value decreased by 4.457642e-01.
Newton iteration 14.
  Active set size = 1494226.
  sub-gradient = 8.420336e+01, l1-norm of X = 3.278859e+03.
  Coordinate descent sweep 1. norm of D = 8.335950e+01, change in D = 8.335950e+01.
  Coordinate descent sweep 2. norm of D = 9.534316e+01, change in D = 7.738392e+01.
  Coordinate descent sweep 3. norm of D = 1.029085e+02, change in D = 7.416182e+01.
  Coordinate descent sweep 4. norm of D = 1.065534e+02, change in D = 7.014246e+01.
  Coordinate descent sweep 5. norm of D = 1.114134e+02, change in D = 6.941489e+01.
    Line search step size chosen: 1.000000e+00.
  Objective value decreased by 2.839816e-01.
Newton iteration 15.
  Active set size = 1493985.
  sub-gradient = 7.442922e+01, l1-norm of X = 3.279714e+03.
  Coordinate descent sweep 1. norm of D = 6.536854e+01, change in D = 6.536854e+01.
  Coordinate descent sweep 2. norm of D = 7.784959e+01, change in D = 6.305787e+01.
  Coordinate descent sweep 3. norm of D = 8.223443e+01, change in D = 5.908981e+01.
  Coordinate descent sweep 4. norm of D = 8.587705e+01, change in D = 5.710400e+01.
  Coordinate descent sweep 5. norm of D = 8.921809e+01, change in D = 5.660780e+01.
  Coordinate descent sweep 6. norm of D = 9.037376e+01, change in D = 5.361799e+01.
    Line search step size chosen: 1.000000e+00.
  Objective value decreased by 2.199047e-01.
Newton iteration 16.
  Active set size = 1493512.
  sub-gradient = 5.597062e+01, l1-norm of X = 3.280412e+03.
  Coordinate descent sweep 1. norm of D = 5.107652e+01, change in D = 5.107652e+01.
  Coordinate descent sweep 2. norm of D = 6.111001e+01, change in D = 5.128579e+01.
  Coordinate descent sweep 3. norm of D = 6.476187e+01, change in D = 4.907711e+01.
  Coordinate descent sweep 4. norm of D = 6.728475e+01, change in D = 4.747647e+01.
  Coordinate descent sweep 5. norm of D = 6.838696e+01, change in D = 4.477241e+01.
  Coordinate descent sweep 6. norm of D = 7.129562e+01, change in D = 4.565258e+01.
    Line search step size chosen: 1.000000e+00.
  Objective value decreased by 1.545175e-01.
Newton iteration 17.
  Active set size = 1493218.
  sub-gradient = 5.267705e+01, l1-norm of X = 3.280864e+03.
  Coordinate descent sweep 1. norm of D = 4.414952e+01, change in D = 4.414952e+01.
  Coordinate descent sweep 2. norm of D = 5.197674e+01, change in D = 4.278068e+01.
  Coordinate descent sweep 3. norm of D = 5.458182e+01, change in D = 4.046612e+01.
  Coordinate descent sweep 4. norm of D = 5.682278e+01, change in D = 3.959237e+01.
  Coordinate descent sweep 5. norm of D = 5.849952e+01, change in D = 3.844389e+01.
  Coordinate descent sweep 6. norm of D = 5.907776e+01, change in D = 3.683815e+01.
    Line search step size chosen: 1.000000e+00.
  Objective value decreased by 1.099879e-01.
Newton iteration 18.
  Active set size = 1492860.
  sub-gradient = 3.702450e+01, l1-norm of X = 3.281216e+03.
  Coordinate descent sweep 1. norm of D = 3.715748e+01, change in D = 3.715748e+01.
  Coordinate descent sweep 2. norm of D = 4.185731e+01, change in D = 3.501891e+01.
  Coordinate descent sweep 3. norm of D = 4.478331e+01, change in D = 3.379336e+01.
  Coordinate descent sweep 4. norm of D = 4.692899e+01, change in D = 3.352427e+01.
  Coordinate descent sweep 5. norm of D = 4.741352e+01, change in D = 3.199200e+01.
  Coordinate descent sweep 6. norm of D = 4.801610e+01, change in D = 3.081810e+01.
  Coordinate descent sweep 7. norm of D = 4.905730e+01, change in D = 3.050172e+01.
    Line search step size chosen: 1.000000e+00.
  Objective value decreased by 9.184923e-02.
Newton iteration 19.
  Active set size = 1492840.
  sub-gradient = 3.331006e+01, l1-norm of X = 3.281523e+03.
  Coordinate descent sweep 1. norm of D = 3.000570e+01, change in D = 3.000570e+01.
  Coordinate descent sweep 2. norm of D = 3.508940e+01, change in D = 2.936528e+01.
  Coordinate descent sweep 3. norm of D = 3.744118e+01, change in D = 2.855675e+01.
  Coordinate descent sweep 4. norm of D = 3.826242e+01, change in D = 2.743849e+01.
  Coordinate descent sweep 5. norm of D = 3.909629e+01, change in D = 2.642125e+01.
  Coordinate descent sweep 6. norm of D = 4.050535e+01, change in D = 2.662999e+01.
  Coordinate descent sweep 7. norm of D = 4.121603e+01, change in D = 2.647136e+01.
    Line search step size chosen: 1.000000e+00.
  Objective value decreased by 6.775724e-02.
Newton iteration 20.
  Active set size = 1492275.
  sub-gradient = 2.117891e+01, l1-norm of X = 3.281753e+03.
  Coordinate descent sweep 1. norm of D = 2.498628e+01, change in D = 2.498628e+01.
  Coordinate descent sweep 2. norm of D = 3.024249e+01, change in D = 2.505892e+01.
  Coordinate descent sweep 3. norm of D = 3.194801e+01, change in D = 2.421687e+01.
  Coordinate descent sweep 4. norm of D = 3.236310e+01, change in D = 2.262370e+01.
  Coordinate descent sweep 5. norm of D = 3.325198e+01, change in D = 2.190788e+01.
  Coordinate descent sweep 6. norm of D = 3.423924e+01, change in D = 2.203836e+01.
  Coordinate descent sweep 7. norm of D = 3.495098e+01, change in D = 2.223107e+01.
    Line search step size chosen: 1.000000e+00.
  Objective value decreased by 4.855262e-02.
Newton iteration 21.
  Active set size = 1492252.
  sub-gradient = 2.064142e+01, l1-norm of X = 3.281929e+03.
  Coordinate descent sweep 1. norm of D = 2.167902e+01, change in D = 2.167902e+01.
  Coordinate descent sweep 2. norm of D = 2.501590e+01, change in D = 2.040702e+01.
  Coordinate descent sweep 3. norm of D = 2.658007e+01, change in D = 1.976539e+01.
  Coordinate descent sweep 4. norm of D = 2.831704e+01, change in D = 2.051313e+01.
  Coordinate descent sweep 5. norm of D = 2.903091e+01, change in D = 2.030343e+01.
  Coordinate descent sweep 6. norm of D = 2.897683e+01, change in D = 1.930904e+01.
  Coordinate descent sweep 7. norm of D = 2.962959e+01, change in D = 1.908630e+01.
  Coordinate descent sweep 8. norm of D = 2.965102e+01, change in D = 1.841984e+01.
    Line search step size chosen: 1.000000e+00.
  Objective value decreased by 4.247167e-02.
Newton iteration 22.
  Active set size = 1492272.
  sub-gradient = 1.954976e+01, l1-norm of X = 3.282095e+03.
  Coordinate descent sweep 1. norm of D = 1.830734e+01, change in D = 1.830734e+01.
  Coordinate descent sweep 2. norm of D = 2.146472e+01, change in D = 1.825603e+01.
  Coordinate descent sweep 3. norm of D = 2.268185e+01, change in D = 1.777995e+01.
  Coordinate descent sweep 4. norm of D = 2.337286e+01, change in D = 1.725283e+01.
  Coordinate descent sweep 5. norm of D = 2.364540e+01, change in D = 1.666973e+01.
  Coordinate descent sweep 6. norm of D = 2.450128e+01, change in D = 1.684969e+01.
  Coordinate descent sweep 7. norm of D = 2.451317e+01, change in D = 1.603244e+01.
  Coordinate descent sweep 8. norm of D = 2.471290e+01, change in D = 1.573737e+01.
    Line search step size chosen: 1.000000e+00.
  Objective value decreased by 3.133317e-02.
Newton iteration 23.
  Active set size = 1492108.
  sub-gradient = 1.590805e+01, l1-norm of X = 3.282231e+03.
  Coordinate descent sweep 1. norm of D = 1.607982e+01, change in D = 1.607982e+01.
  Coordinate descent sweep 2. norm of D = 1.832879e+01, change in D = 1.548276e+01.
  Coordinate descent sweep 3. norm of D = 1.933453e+01, change in D = 1.510551e+01.
  Coordinate descent sweep 4. norm of D = 2.004394e+01, change in D = 1.489997e+01.
  Coordinate descent sweep 5. norm of D = 2.071032e+01, change in D = 1.487556e+01.
  Coordinate descent sweep 6. norm of D = 2.070440e+01, change in D = 1.427776e+01.
  Coordinate descent sweep 7. norm of D = 2.119909e+01, change in D = 1.415550e+01.
  Coordinate descent sweep 8. norm of D = 2.177924e+01, change in D = 1.441250e+01.
    Line search step size chosen: 1.000000e+00.
  Objective value decreased by 2.378180e-02.
Newton iteration 24.
  Active set size = 1492047.
  sub-gradient = 1.418465e+01, l1-norm of X = 3.282339e+03.
  Coordinate descent sweep 1. norm of D = 1.380816e+01, change in D = 1.380816e+01.
  Coordinate descent sweep 2. norm of D = 1.676872e+01, change in D = 1.398830e+01.
  Coordinate descent sweep 3. norm of D = 1.766165e+01, change in D = 1.358090e+01.
  Coordinate descent sweep 4. norm of D = 1.771526e+01, change in D = 1.271489e+01.
  Coordinate descent sweep 5. norm of D = 1.807919e+01, change in D = 1.222480e+01.
  Coordinate descent sweep 6. norm of D = 1.884836e+01, change in D = 1.286844e+01.
  Coordinate descent sweep 7. norm of D = 1.905435e+01, change in D = 1.261558e+01.
  Coordinate descent sweep 8. norm of D = 1.929289e+01, change in D = 1.240119e+01.
  Coordinate descent sweep 9. norm of D = 1.949958e+01, change in D = 1.219417e+01.
    Line search step size chosen: 1.000000e+00.
  Objective value decreased by 2.027365e-02.
Newton iteration 25.
  Active set size = 1491964.
  sub-gradient = 1.070141e+01, l1-norm of X = 3.282443e+03.
  Coordinate descent sweep 1. norm of D = 1.151542e+01, change in D = 1.151542e+01.
  Coordinate descent sweep 2. norm of D = 1.377253e+01, change in D = 1.149611e+01.
  Coordinate descent sweep 3. norm of D = 1.482020e+01, change in D = 1.144922e+01.
  Coordinate descent sweep 4. norm of D = 1.535722e+01, change in D = 1.139763e+01.
  Coordinate descent sweep 5. norm of D = 1.563165e+01, change in D = 1.123924e+01.
  Coordinate descent sweep 6. norm of D = 1.560914e+01, change in D = 1.054808e+01.
  Coordinate descent sweep 7. norm of D = 1.608869e+01, change in D = 1.071325e+01.
  Coordinate descent sweep 8. norm of D = 1.630752e+01, change in D = 1.075819e+01.
  Coordinate descent sweep 9. norm of D = 1.617914e+01, change in D = 1.003022e+01.
    Line search step size chosen: 1.000000e+00.
  Objective value decreased by 1.520658e-02.
Newton iteration 26.
  Active set size = 1492002.
  sub-gradient = 1.196463e+01, l1-norm of X = 3.282516e+03.
  Coordinate descent sweep 1. norm of D = 1.030773e+01, change in D = 1.030773e+01.
  Coordinate descent sweep 2. norm of D = 1.180515e+01, change in D = 1.017813e+01.
  Coordinate descent sweep 3. norm of D = 1.228131e+01, change in D = 9.437482e+00.
  Coordinate descent sweep 4. norm of D = 1.257801e+01, change in D = 9.189973e+00.
  Coordinate descent sweep 5. norm of D = 1.317522e+01, change in D = 9.400078e+00.
  Coordinate descent sweep 6. norm of D = 1.334581e+01, change in D = 9.429104e+00.
  Coordinate descent sweep 7. norm of D = 1.370912e+01, change in D = 9.509260e+00.
  Coordinate descent sweep 8. norm of D = 1.372584e+01, change in D = 9.204710e+00.
  Coordinate descent sweep 9. norm of D = 1.360316e+01, change in D = 8.732140e+00.
    Line search step size chosen: 1.000000e+00.
  Objective value decreased by 1.189585e-02.
Newton iteration 27.
  Active set size = 1492061.
  sub-gradient = 1.389103e+01, l1-norm of X = 3.282588e+03.
  Coordinate descent sweep 1. norm of D = 8.730278e+00, change in D = 8.730278e+00.
  Coordinate descent sweep 2. norm of D = 1.056232e+01, change in D = 9.121128e+00.
  Coordinate descent sweep 3. norm of D = 1.111426e+01, change in D = 9.016882e+00.
  Coordinate descent sweep 4. norm of D = 1.115774e+01, change in D = 8.523802e+00.
  Coordinate descent sweep 5. norm of D = 1.147614e+01, change in D = 8.411749e+00.
  Coordinate descent sweep 6. norm of D = 1.185868e+01, change in D = 8.487138e+00.
  Coordinate descent sweep 7. norm of D = 1.156393e+01, change in D = 7.846481e+00.
  Coordinate descent sweep 8. norm of D = 1.200192e+01, change in D = 8.175219e+00.
  Coordinate descent sweep 9. norm of D = 1.218245e+01, change in D = 8.168643e+00.
  Coordinate descent sweep 10. norm of D = 1.213288e+01, change in D = 7.862987e+00.
    Line search step size chosen: 1.000000e+00.
  Objective value decreased by 1.020777e-02.
Newton iteration 28.
  Active set size = 1491828.
  sub-gradient = 6.867062e+00, l1-norm of X = 3.282658e+03.
  Coordinate descent sweep 1. norm of D = 7.533805e+00, change in D = 7.533805e+00.
  Coordinate descent sweep 2. norm of D = 8.987961e+00, change in D = 7.517963e+00.
  Coordinate descent sweep 3. norm of D = 9.253176e+00, change in D = 7.082465e+00.
  Coordinate descent sweep 4. norm of D = 9.858108e+00, change in D = 7.193489e+00.
  Coordinate descent sweep 5. norm of D = 9.801063e+00, change in D = 6.883980e+00.
  Coordinate descent sweep 6. norm of D = 1.029093e+01, change in D = 7.257325e+00.
  Coordinate descent sweep 7. norm of D = 1.021903e+01, change in D = 6.946756e+00.
  Coordinate descent sweep 8. norm of D = 1.022023e+01, change in D = 6.571100e+00.
  Coordinate descent sweep 9. norm of D = 1.085134e+01, change in D = 7.240177e+00.
  Coordinate descent sweep 10. norm of D = 1.085802e+01, change in D = 7.148546e+00.
    Line search step size chosen: 1.000000e+00.
  Objective value decreased by 7.703054e-03.
Newton iteration 29.
  Active set size = 1491805.
  sub-gradient = 6.280397e+00, l1-norm of X = 3.282701e+03.
  Coordinate descent sweep 1. norm of D = 6.906536e+00, change in D = 6.906536e+00.
  Coordinate descent sweep 2. norm of D = 8.218695e+00, change in D = 6.878574e+00.
  Coordinate descent sweep 3. norm of D = 8.555309e+00, change in D = 6.576461e+00.
  Coordinate descent sweep 4. norm of D = 8.581103e+00, change in D = 6.077079e+00.
  Coordinate descent sweep 5. norm of D = 9.128307e+00, change in D = 6.439973e+00.
  Coordinate descent sweep 6. norm of D = 9.426160e+00, change in D = 6.742174e+00.
  Coordinate descent sweep 7. norm of D = 9.420536e+00, change in D = 6.548007e+00.
  Coordinate descent sweep 8. norm of D = 9.239567e+00, change in D = 6.075310e+00.
  Coordinate descent sweep 9. norm of D = 9.346283e+00, change in D = 5.969201e+00.
  Coordinate descent sweep 10. norm of D = 9.615743e+00, change in D = 6.200009e+00.
    Line search step size chosen: 1.000000e+00.
  Objective value decreased by 5.910023e-03.
Newton iteration 30.
  Active set size = 1491818.
  sub-gradient = 6.430507e+00, l1-norm of X = 3.282750e+03.
  Coordinate descent sweep 1. norm of D = 6.061849e+00, change in D = 6.061849e+00.
  Coordinate descent sweep 2. norm of D = 7.127237e+00, change in D = 6.009787e+00.
  Coordinate descent sweep 3. norm of D = 7.687460e+00, change in D = 6.082462e+00.
  Coordinate descent sweep 4. norm of D = 7.988293e+00, change in D = 6.149902e+00.
  Coordinate descent sweep 5. norm of D = 7.951120e+00, change in D = 5.756409e+00.
  Coordinate descent sweep 6. norm of D = 8.147689e+00, change in D = 5.715814e+00.
  Coordinate descent sweep 7. norm of D = 8.020317e+00, change in D = 5.385891e+00.
  Coordinate descent sweep 8. norm of D = 8.058224e+00, change in D = 5.204455e+00.
  Coordinate descent sweep 9. norm of D = 8.302663e+00, change in D = 5.409519e+00.
  Coordinate descent sweep 10. norm of D = 8.328104e+00, change in D = 5.322127e+00.
  Coordinate descent sweep 11. norm of D = 8.481370e+00, change in D = 5.350330e+00.
    Line search step size chosen: 1.000000e+00.
  Objective value decreased by 5.246262e-03.
Newton iteration 31.
  Active set size = 1491768.
  sub-gradient = 4.790119e+00, l1-norm of X = 3.282792e+03.
  Coordinate descent sweep 1. norm of D = 5.346395e+00, change in D = 5.346395e+00.
  Coordinate descent sweep 2. norm of D = 6.361224e+00, change in D = 5.441797e+00.
  Coordinate descent sweep 3. norm of D = 6.634824e+00, change in D = 5.208879e+00.
  Coordinate descent sweep 4. norm of D = 6.683954e+00, change in D = 4.998296e+00.
  Coordinate descent sweep 5. norm of D = 6.967365e+00, change in D = 5.079491e+00.
  Coordinate descent sweep 6. norm of D = 6.964733e+00, change in D = 4.957351e+00.
  Coordinate descent sweep 7. norm of D = 7.108090e+00, change in D = 4.932497e+00.
  Coordinate descent sweep 8. norm of D = 6.962598e+00, change in D = 4.630692e+00.
  Coordinate descent sweep 9. norm of D = 7.347227e+00, change in D = 4.924422e+00.
  Coordinate descent sweep 10. norm of D = 7.412241e+00, change in D = 4.935731e+00.
  Coordinate descent sweep 11. norm of D = 7.129227e+00, change in D = 4.339364e+00.
    Line search step size chosen: 1.000000e+00.
  Objective value decreased by 4.119636e-03.
Newton iteration 32.
  Active set size = 1491805.
  sub-gradient = 6.002428e+00, l1-norm of X = 3.282828e+03.
  Coordinate descent sweep 1. norm of D = 4.590378e+00, change in D = 4.590378e+00.
  Coordinate descent sweep 2. norm of D = 5.083721e+00, change in D = 4.327363e+00.
  Coordinate descent sweep 3. norm of D = 5.559928e+00, change in D = 4.503227e+00.
  Coordinate descent sweep 4. norm of D = 5.773656e+00, change in D = 4.488638e+00.
  Coordinate descent sweep 5. norm of D = 6.016484e+00, change in D = 4.668304e+00.
  Coordinate descent sweep 6. norm of D = 5.950555e+00, change in D = 4.466127e+00.
  Coordinate descent sweep 7. norm of D = 5.849909e+00, change in D = 4.133719e+00.
  Coordinate descent sweep 8. norm of D = 6.179340e+00, change in D = 4.402444e+00.
  Coordinate descent sweep 9. norm of D = 6.008323e+00, change in D = 4.192094e+00.
  Coordinate descent sweep 10. norm of D = 6.035421e+00, change in D = 4.052286e+00.
  Coordinate descent sweep 11. norm of D = 6.002262e+00, change in D = 3.830811e+00.
    Line search step size chosen: 1.000000e+00.
  Objective value decreased by 3.206793e-03.
Newton iteration 33.
  Active set size = 1491780.
  sub-gradient = 4.629324e+00, l1-norm of X = 3.282857e+03.
  Coordinate descent sweep 1. norm of D = 3.673398e+00, change in D = 3.673398e+00.
  Coordinate descent sweep 2. norm of D = 4.705052e+00, change in D = 4.065420e+00.
  Coordinate descent sweep 3. norm of D = 4.860279e+00, change in D = 3.978757e+00.
  Coordinate descent sweep 4. norm of D = 4.941441e+00, change in D = 3.776128e+00.
  Coordinate descent sweep 5. norm of D = 5.145145e+00, change in D = 3.848758e+00.
  Coordinate descent sweep 6. norm of D = 5.260013e+00, change in D = 3.887765e+00.
  Coordinate descent sweep 7. norm of D = 5.324027e+00, change in D = 3.895182e+00.
  Coordinate descent sweep 8. norm of D = 5.339092e+00, change in D = 3.813235e+00.
  Coordinate descent sweep 9. norm of D = 5.354340e+00, change in D = 3.680043e+00.
  Coordinate descent sweep 10. norm of D = 5.508475e+00, change in D = 3.773145e+00.
  Coordinate descent sweep 11. norm of D = 5.581698e+00, change in D = 3.788470e+00.
  Coordinate descent sweep 12. norm of D = 5.487659e+00, change in D = 3.561143e+00.
    Line search step size chosen: 1.000000e+00.
  Objective value decreased by 2.686444e-03.
Newton iteration 34.
  Active set size = 1491737.
  sub-gradient = 3.439614e+00, l1-norm of X = 3.282884e+03.
  Coordinate descent sweep 1. norm of D = 3.675663e+00, change in D = 3.675663e+00.
  Coordinate descent sweep 2. norm of D = 4.229520e+00, change in D = 3.633302e+00.
  Coordinate descent sweep 3. norm of D = 4.281239e+00, change in D = 3.359991e+00.
  Coordinate descent sweep 4. norm of D = 4.452069e+00, change in D = 3.357333e+00.
  Coordinate descent sweep 5. norm of D = 4.544011e+00, change in D = 3.303809e+00.
  Coordinate descent sweep 6. norm of D = 4.620755e+00, change in D = 3.266584e+00.
  Coordinate descent sweep 7. norm of D = 4.764758e+00, change in D = 3.336920e+00.
  Coordinate descent sweep 8. norm of D = 4.807172e+00, change in D = 3.350616e+00.
  Coordinate descent sweep 9. norm of D = 4.872296e+00, change in D = 3.401001e+00.
  Coordinate descent sweep 10. norm of D = 4.973745e+00, change in D = 3.424647e+00.
  Coordinate descent sweep 11. norm of D = 4.770958e+00, change in D = 3.102321e+00.
  Coordinate descent sweep 12. norm of D = 4.944772e+00, change in D = 3.158961e+00.
    Line search step size chosen: 1.000000e+00.
  Objective value decreased by 2.105133e-03.
Newton iteration 35.
  Active set size = 1491753.
  sub-gradient = 3.473253e+00, l1-norm of X = 3.282907e+03.
  Coordinate descent sweep 1. norm of D = 3.168947e+00, change in D = 3.168947e+00.
  Coordinate descent sweep 2. norm of D = 3.756230e+00, change in D = 3.152982e+00.
  Coordinate descent sweep 3. norm of D = 3.940315e+00, change in D = 3.061430e+00.
  Coordinate descent sweep 4. norm of D = 3.936162e+00, change in D = 2.902124e+00.
  Coordinate descent sweep 5. norm of D = 4.019718e+00, change in D = 2.838042e+00.
  Coordinate descent sweep 6. norm of D = 4.171556e+00, change in D = 2.919246e+00.
  Coordinate descent sweep 7. norm of D = 4.232031e+00, change in D = 2.959096e+00.
  Coordinate descent sweep 8. norm of D = 4.256149e+00, change in D = 2.938475e+00.
  Coordinate descent sweep 9. norm of D = 4.254524e+00, change in D = 2.837693e+00.
  Coordinate descent sweep 10. norm of D = 4.300547e+00, change in D = 2.803261e+00.
  Coordinate descent sweep 11. norm of D = 4.441335e+00, change in D = 2.967645e+00.
  Coordinate descent sweep 12. norm of D = 4.358621e+00, change in D = 2.783996e+00.
    Line search step size chosen: 1.000000e+00.
  Objective value decreased by 1.681053e-03.
Newton iteration 36.
  Active set size = 1491695.
  sub-gradient = 2.482910e+00, l1-norm of X = 3.282929e+03.
  Coordinate descent sweep 1. norm of D = 2.593472e+00, change in D = 2.593472e+00.
  Coordinate descent sweep 2. norm of D = 3.243024e+00, change in D = 2.732237e+00.
  Coordinate descent sweep 3. norm of D = 3.385162e+00, change in D = 2.722678e+00.
  Coordinate descent sweep 4. norm of D = 3.492815e+00, change in D = 2.636452e+00.
  Coordinate descent sweep 5. norm of D = 3.688351e+00, change in D = 2.796891e+00.
  Coordinate descent sweep 6. norm of D = 3.651221e+00, change in D = 2.723242e+00.
  Coordinate descent sweep 7. norm of D = 3.737310e+00, change in D = 2.707201e+00.
  Coordinate descent sweep 8. norm of D = 3.761270e+00, change in D = 2.669469e+00.
  Coordinate descent sweep 9. norm of D = 3.825526e+00, change in D = 2.704859e+00.
  Coordinate descent sweep 10. norm of D = 3.732073e+00, change in D = 2.516606e+00.
  Coordinate descent sweep 11. norm of D = 3.805717e+00, change in D = 2.488693e+00.
  Coordinate descent sweep 12. norm of D = 3.726276e+00, change in D = 2.339331e+00.
  Coordinate descent sweep 13. norm of D = 3.767844e+00, change in D = 2.347988e+00.
    Line search step size chosen: 1.000000e+00.
  Objective value decreased by 1.377427e-03.
Newton iteration 37.
  Active set size = 1491684.
  sub-gradient = 1.994070e+00, l1-norm of X = 3.282945e+03.
  Coordinate descent sweep 1. norm of D = 2.237466e+00, change in D = 2.237466e+00.
  Coordinate descent sweep 2. norm of D = 2.928515e+00, change in D = 2.550949e+00.
  Coordinate descent sweep 3. norm of D = 3.085646e+00, change in D = 2.587525e+00.
  Coordinate descent sweep 4. norm of D = 2.953311e+00, change in D = 2.250157e+00.
  Coordinate descent sweep 5. norm of D = 3.250105e+00, change in D = 2.495100e+00.
  Coordinate descent sweep 6. norm of D = 3.158226e+00, change in D = 2.425850e+00.
  Coordinate descent sweep 7. norm of D = 3.205321e+00, change in D = 2.319320e+00.
  Coordinate descent sweep 8. norm of D = 3.244506e+00, change in D = 2.293943e+00.
  Coordinate descent sweep 9. norm of D = 3.348430e+00, change in D = 2.398372e+00.
  Coordinate descent sweep 10. norm of D = 3.223861e+00, change in D = 2.197148e+00.
  Coordinate descent sweep 11. norm of D = 3.213147e+00, change in D = 2.108154e+00.
  Coordinate descent sweep 12. norm of D = 3.356685e+00, change in D = 2.231975e+00.
  Coordinate descent sweep 13. norm of D = 3.383866e+00, change in D = 2.284541e+00.
    Line search step size chosen: 1.000000e+00.
  Objective value decreased by 1.059230e-03.
Newton iteration 38.
  Active set size = 1491687.
  sub-gradient = 1.872121e+00, l1-norm of X = 3.282960e+03.
  Coordinate descent sweep 1. norm of D = 2.169352e+00, change in D = 2.169352e+00.
  Coordinate descent sweep 2. norm of D = 2.650304e+00, change in D = 2.233122e+00.
  Coordinate descent sweep 3. norm of D = 2.694093e+00, change in D = 2.103730e+00.
  Coordinate descent sweep 4. norm of D = 2.812111e+00, change in D = 2.081641e+00.
  Coordinate descent sweep 5. norm of D = 2.883555e+00, change in D = 2.095282e+00.
  Coordinate descent sweep 6. norm of D = 2.847159e+00, change in D = 1.997712e+00.
  Coordinate descent sweep 7. norm of D = 2.985878e+00, change in D = 2.076539e+00.
  Coordinate descent sweep 8. norm of D = 2.983899e+00, change in D = 2.061694e+00.
  Coordinate descent sweep 9. norm of D = 3.039197e+00, change in D = 2.070736e+00.
  Coordinate descent sweep 10. norm of D = 3.079064e+00, change in D = 2.070029e+00.
  Coordinate descent sweep 11. norm of D = 3.072498e+00, change in D = 2.026886e+00.
