[1] "/work-zfs/abattle4/prashanthi/recount3/data/blood/GTEx/weighted_covariances/cov_1.rds"
[1] "Data read complete"
Running QUIC version 1.1 in 'default' mode.
Newton iteration 1.
  X is a diagonal matrix.
    Line search step size 1.000000e+00.  Lack of positive definiteness.
    Line search step size 5.000000e-01.  Lack of positive definiteness.
    Line search step size 2.500000e-01.  Lack of positive definiteness.
    Line search step size 1.250000e-01.  Lack of positive definiteness.
    Line search step size chosen: 6.250000e-02.
  Objective value decreased by 1.389397e+02.
Newton iteration 2.
  Active set size = 374342.
  sub-gradient = 1.123099e+04, l1-norm of X = 2.125499e+02.
  Coordinate descent sweep 1. norm of D = 9.585858e+03, change in D = 9.585858e+03.
    Line search step size 1.000000e+00.  Lack of positive definiteness.
    Line search step size 5.000000e-01.  Lack of positive definiteness.
    Line search step size 2.500000e-01.  Lack of positive definiteness.
    Line search step size chosen: 1.250000e-01.
  Objective value decreased by 1.706007e+02.
Newton iteration 3.
  Active set size = 374556.
  sub-gradient = 8.905363e+03, l1-norm of X = 5.412022e+02.
  Coordinate descent sweep 1. norm of D = 6.217138e+03, change in D = 6.217138e+03.
  Coordinate descent sweep 2. norm of D = 5.774998e+03, change in D = 1.153389e+03.
    Line search step size 1.000000e+00.  Lack of positive definiteness.
    Line search step size 5.000000e-01.  Lack of positive definiteness.
    Line search step size chosen: 2.500000e-01.
  Objective value decreased by 1.422535e+02.
Newton iteration 4.
  Active set size = 374952.
  sub-gradient = 6.157123e+03, l1-norm of X = 8.845264e+02.
  Coordinate descent sweep 1. norm of D = 3.582366e+03, change in D = 3.582366e+03.
  Coordinate descent sweep 2. norm of D = 3.607077e+03, change in D = 9.017249e+02.
    Line search step size 1.000000e+00.  Lack of positive definiteness.
    Line search step size chosen: 5.000000e-01.
  Objective value decreased by 1.073547e+02.
Newton iteration 5.
  Active set size = 377379.
  sub-gradient = 4.736408e+03, l1-norm of X = 1.211757e+03.
  Coordinate descent sweep 1. norm of D = 1.598933e+03, change in D = 1.598933e+03.
  Coordinate descent sweep 2. norm of D = 1.841227e+03, change in D = 5.434300e+02.
    Line search step size chosen: 1.000000e+00.
  Objective value decreased by 4.907455e+01.
Newton iteration 6.
  Active set size = 222602.
  sub-gradient = 6.937422e+02, l1-norm of X = 1.414058e+03.
  Coordinate descent sweep 1. norm of D = 3.548119e+02, change in D = 3.548119e+02.
  Coordinate descent sweep 2. norm of D = 4.359016e+02, change in D = 2.123178e+02.
  Coordinate descent sweep 3. norm of D = 4.874896e+02, change in D = 1.275364e+02.
    Line search step size chosen: 1.000000e+00.
  Objective value decreased by 9.104604e+00.
Newton iteration 7.
  Active set size = 215342.
  sub-gradient = 1.494744e+02, l1-norm of X = 1.445304e+03.
  Coordinate descent sweep 1. norm of D = 1.005245e+02, change in D = 1.005245e+02.
  Coordinate descent sweep 2. norm of D = 1.286334e+02, change in D = 7.687235e+01.
  Coordinate descent sweep 3. norm of D = 1.484239e+02, change in D = 5.700148e+01.
    Line search step size chosen: 1.000000e+00.
  Objective value decreased by 2.370862e+00.
Newton iteration 8.
  Active set size = 214319.
  sub-gradient = 5.086587e+01, l1-norm of X = 1.453240e+03.
  Coordinate descent sweep 1. norm of D = 4.579896e+01, change in D = 4.579896e+01.
  Coordinate descent sweep 2. norm of D = 5.935153e+01, change in D = 3.811969e+01.
  Coordinate descent sweep 3. norm of D = 6.899496e+01, change in D = 3.160654e+01.
    Line search step size chosen: 1.000000e+00.
  Objective value decreased by 9.385514e-01.
Newton iteration 9.
  Active set size = 214018.
  sub-gradient = 2.907811e+01, l1-norm of X = 1.456614e+03.
  Coordinate descent sweep 1. norm of D = 2.724303e+01, change in D = 2.724303e+01.
  Coordinate descent sweep 2. norm of D = 3.468073e+01, change in D = 2.329446e+01.
  Coordinate descent sweep 3. norm of D = 4.041153e+01, change in D = 1.964604e+01.
  Coordinate descent sweep 4. norm of D = 4.536081e+01, change in D = 1.719822e+01.
    Line search step size chosen: 1.000000e+00.
  Objective value decreased by 5.575620e-01.
Newton iteration 10.
  Active set size = 213804.
  sub-gradient = 1.798694e+01, l1-norm of X = 1.458720e+03.
  Coordinate descent sweep 1. norm of D = 1.516474e+01, change in D = 1.516474e+01.
  Coordinate descent sweep 2. norm of D = 1.957725e+01, change in D = 1.352200e+01.
  Coordinate descent sweep 3. norm of D = 2.266928e+01, change in D = 1.186816e+01.
  Coordinate descent sweep 4. norm of D = 2.551591e+01, change in D = 1.080652e+01.
    Line search step size chosen: 1.000000e+00.
  Objective value decreased by 2.446342e-01.
Newton iteration 11.
  Active set size = 213713.
  sub-gradient = 1.019670e+01, l1-norm of X = 1.459808e+03.
  Coordinate descent sweep 1. norm of D = 9.708172e+00, change in D = 9.708172e+00.
  Coordinate descent sweep 2. norm of D = 1.241394e+01, change in D = 8.650359e+00.
  Coordinate descent sweep 3. norm of D = 1.469150e+01, change in D = 7.824229e+00.
  Coordinate descent sweep 4. norm of D = 1.662452e+01, change in D = 7.142568e+00.
    Line search step size chosen: 1.000000e+00.
  Objective value decreased by 1.304148e-01.
Newton iteration 12.
  Active set size = 213639.
  sub-gradient = 7.129226e+00, l1-norm of X = 1.460553e+03.
  Coordinate descent sweep 1. norm of D = 6.754986e+00, change in D = 6.754986e+00.
  Coordinate descent sweep 2. norm of D = 8.612511e+00, change in D = 6.194037e+00.
  Coordinate descent sweep 3. norm of D = 1.007127e+01, change in D = 5.706708e+00.
  Coordinate descent sweep 4. norm of D = 1.122852e+01, change in D = 5.149601e+00.
  Coordinate descent sweep 5. norm of D = 1.232714e+01, change in D = 4.678328e+00.
    Line search step size chosen: 1.000000e+00.
  Objective value decreased by 8.651562e-02.
Newton iteration 13.
  Active set size = 213644.
  sub-gradient = 5.056512e+00, l1-norm of X = 1.461108e+03.
  Coordinate descent sweep 1. norm of D = 4.452462e+00, change in D = 4.452462e+00.
  Coordinate descent sweep 2. norm of D = 5.667072e+00, change in D = 4.040832e+00.
  Coordinate descent sweep 3. norm of D = 6.782401e+00, change in D = 3.883529e+00.
  Coordinate descent sweep 4. norm of D = 7.650283e+00, change in D = 3.544208e+00.
  Coordinate descent sweep 5. norm of D = 8.340292e+00, change in D = 3.079616e+00.
    Line search step size chosen: 1.000000e+00.
  Objective value decreased by 4.872470e-02.
Newton iteration 14.
  Active set size = 213600.
  sub-gradient = 3.358134e+00, l1-norm of X = 1.461491e+03.
  Coordinate descent sweep 1. norm of D = 2.988783e+00, change in D = 2.988783e+00.
  Coordinate descent sweep 2. norm of D = 3.836014e+00, change in D = 2.839016e+00.
  Coordinate descent sweep 3. norm of D = 4.490090e+00, change in D = 2.675654e+00.
  Coordinate descent sweep 4. norm of D = 5.126440e+00, change in D = 2.469359e+00.
  Coordinate descent sweep 5. norm of D = 5.660985e+00, change in D = 2.330891e+00.
    Line search step size chosen: 1.000000e+00.
  Objective value decreased by 2.788214e-02.
Newton iteration 15.
  Active set size = 213582.
  sub-gradient = 2.024387e+00, l1-norm of X = 1.461739e+03.
  Coordinate descent sweep 1. norm of D = 2.167202e+00, change in D = 2.167202e+00.
  Coordinate descent sweep 2. norm of D = 2.791438e+00, change in D = 1.981966e+00.
  Coordinate descent sweep 3. norm of D = 3.290625e+00, change in D = 1.917638e+00.
  Coordinate descent sweep 4. norm of D = 3.638962e+00, change in D = 1.778852e+00.
  Coordinate descent sweep 5. norm of D = 4.032503e+00, change in D = 1.691045e+00.
  Coordinate descent sweep 6. norm of D = 4.452179e+00, change in D = 1.610198e+00.
    Line search step size chosen: 1.000000e+00.
  Objective value decreased by 1.873872e-02.
Newton iteration 16.
  Active set size = 213574.
  sub-gradient = 1.754948e+00, l1-norm of X = 1.461942e+03.
  Coordinate descent sweep 1. norm of D = 1.438617e+00, change in D = 1.438617e+00.
  Coordinate descent sweep 2. norm of D = 2.027940e+00, change in D = 1.555812e+00.
  Coordinate descent sweep 3. norm of D = 2.342390e+00, change in D = 1.447507e+00.
  Coordinate descent sweep 4. norm of D = 2.647958e+00, change in D = 1.332203e+00.
  Coordinate descent sweep 5. norm of D = 2.906683e+00, change in D = 1.267065e+00.
  Coordinate descent sweep 6. norm of D = 3.176210e+00, change in D = 1.212407e+00.
    Line search step size chosen: 1.000000e+00.
  Objective value decreased by 1.046615e-02.
Newton iteration 17.
  Active set size = 213566.
  sub-gradient = 1.355458e+00, l1-norm of X = 1.462086e+03.
  Coordinate descent sweep 1. norm of D = 1.142316e+00, change in D = 1.142316e+00.
  Coordinate descent sweep 2. norm of D = 1.478645e+00, change in D = 1.049307e+00.
  Coordinate descent sweep 3. norm of D = 1.734983e+00, change in D = 1.016681e+00.
  Coordinate descent sweep 4. norm of D = 1.966188e+00, change in D = 9.661891e-01.
  Coordinate descent sweep 5. norm of D = 2.155092e+00, change in D = 9.197828e-01.
  Coordinate descent sweep 6. norm of D = 2.318322e+00, change in D = 8.766977e-01.
    Line search step size chosen: 1.000000e+00.
  Objective value decreased by 6.511950e-03.
Newton iteration 18.
  Active set size = 213559.
  sub-gradient = 6.650772e-01, l1-norm of X = 1.462186e+03.
  Coordinate descent sweep 1. norm of D = 8.139256e-01, change in D = 8.139256e-01.
  Coordinate descent sweep 2. norm of D = 1.053775e+00, change in D = 7.815868e-01.
  Coordinate descent sweep 3. norm of D = 1.225915e+00, change in D = 7.345074e-01.
  Coordinate descent sweep 4. norm of D = 1.387658e+00, change in D = 7.326468e-01.
  Coordinate descent sweep 5. norm of D = 1.536768e+00, change in D = 7.148540e-01.
  Coordinate descent sweep 6. norm of D = 1.670748e+00, change in D = 6.850927e-01.
  Coordinate descent sweep 7. norm of D = 1.806923e+00, change in D = 6.472322e-01.
    Line search step size chosen: 1.000000e+00.
  Objective value decreased by 4.500103e-03.
Newton iteration 19.
  Active set size = 213558.
  sub-gradient = 5.927210e-01, l1-norm of X = 1.462262e+03.
  Coordinate descent sweep 1. norm of D = 6.456910e-01, change in D = 6.456910e-01.
  Coordinate descent sweep 2. norm of D = 8.078993e-01, change in D = 6.023681e-01.
  Coordinate descent sweep 3. norm of D = 9.192259e-01, change in D = 5.537284e-01.
  Coordinate descent sweep 4. norm of D = 1.034224e+00, change in D = 5.212207e-01.
  Coordinate descent sweep 5. norm of D = 1.122300e+00, change in D = 4.894661e-01.
  Coordinate descent sweep 6. norm of D = 1.230601e+00, change in D = 4.844908e-01.
  Coordinate descent sweep 7. norm of D = 1.318128e+00, change in D = 4.448462e-01.
    Line search step size chosen: 1.000000e+00.
  Objective value decreased by 2.743891e-03.
Newton iteration 20.
  Active set size = 213561.
  sub-gradient = 5.232856e-01, l1-norm of X = 1.462322e+03.
  Coordinate descent sweep 1. norm of D = 4.567127e-01, change in D = 4.567127e-01.
  Coordinate descent sweep 2. norm of D = 5.673142e-01, change in D = 4.406291e-01.
  Coordinate descent sweep 3. norm of D = 6.748942e-01, change in D = 4.404341e-01.
  Coordinate descent sweep 4. norm of D = 7.731201e-01, change in D = 4.454773e-01.
  Coordinate descent sweep 5. norm of D = 8.176724e-01, change in D = 3.797011e-01.
  Coordinate descent sweep 6. norm of D = 9.121054e-01, change in D = 3.836203e-01.
  Coordinate descent sweep 7. norm of D = 9.723476e-01, change in D = 3.679288e-01.
    Line search step size chosen: 1.000000e+00.
  Objective value decreased by 1.649199e-03.
Newton iteration 21.
  Active set size = 213559.
  sub-gradient = 4.068819e-01, l1-norm of X = 1.462364e+03.
  Coordinate descent sweep 1. norm of D = 3.418221e-01, change in D = 3.418221e-01.
  Coordinate descent sweep 2. norm of D = 4.484814e-01, change in D = 3.355570e-01.
  Coordinate descent sweep 3. norm of D = 5.176658e-01, change in D = 3.176883e-01.
  Coordinate descent sweep 4. norm of D = 5.768103e-01, change in D = 3.001563e-01.
  Coordinate descent sweep 5. norm of D = 6.196155e-01, change in D = 2.727192e-01.
  Coordinate descent sweep 6. norm of D = 6.913746e-01, change in D = 2.929094e-01.
  Coordinate descent sweep 7. norm of D = 7.231096e-01, change in D = 2.704792e-01.
  Coordinate descent sweep 8. norm of D = 7.838738e-01, change in D = 2.445546e-01.
    Line search step size chosen: 1.000000e+00.
  Objective value decreased by 1.095684e-03.
Newton iteration 22.
  Active set size = 213552.
  sub-gradient = 2.882143e-01, l1-norm of X = 1.462401e+03.
  Coordinate descent sweep 1. norm of D = 2.450184e-01, change in D = 2.450184e-01.
  Coordinate descent sweep 2. norm of D = 3.232906e-01, change in D = 2.387698e-01.
  Coordinate descent sweep 3. norm of D = 3.660264e-01, change in D = 2.229743e-01.
  Coordinate descent sweep 4. norm of D = 4.064820e-01, change in D = 2.125512e-01.
  Coordinate descent sweep 5. norm of D = 4.627469e-01, change in D = 2.061627e-01.
  Coordinate descent sweep 6. norm of D = 5.040678e-01, change in D = 2.037424e-01.
  Coordinate descent sweep 7. norm of D = 5.420910e-01, change in D = 2.019591e-01.
  Coordinate descent sweep 8. norm of D = 5.833420e-01, change in D = 1.916721e-01.
    Line search step size chosen: 1.000000e+00.
  Objective value decreased by 6.700533e-04.
Newton iteration 23.
  Active set size = 213551.
  sub-gradient = 1.666159e-01, l1-norm of X = 1.462427e+03.
  Coordinate descent sweep 1. norm of D = 1.877166e-01, change in D = 1.877166e-01.
  Coordinate descent sweep 2. norm of D = 2.388029e-01, change in D = 1.881551e-01.
  Coordinate descent sweep 3. norm of D = 2.749000e-01, change in D = 1.779904e-01.
  Coordinate descent sweep 4. norm of D = 3.096790e-01, change in D = 1.636472e-01.
  Coordinate descent sweep 5. norm of D = 3.474754e-01, change in D = 1.640405e-01.
  Coordinate descent sweep 6. norm of D = 3.752225e-01, change in D = 1.510763e-01.
  Coordinate descent sweep 7. norm of D = 4.073506e-01, change in D = 1.493792e-01.
  Coordinate descent sweep 8. norm of D = 4.341900e-01, change in D = 1.441302e-01.
    Line search step size chosen: 1.000000e+00.
  Objective value decreased by 3.879528e-04.
Newton iteration 24.
  Active set size = 213549.
  sub-gradient = 1.604202e-01, l1-norm of X = 1.462446e+03.
  Coordinate descent sweep 1. norm of D = 1.420123e-01, change in D = 1.420123e-01.
  Coordinate descent sweep 2. norm of D = 1.756129e-01, change in D = 1.356537e-01.
  Coordinate descent sweep 3. norm of D = 2.096189e-01, change in D = 1.356314e-01.
  Coordinate descent sweep 4. norm of D = 2.319680e-01, change in D = 1.279105e-01.
  Coordinate descent sweep 5. norm of D = 2.554636e-01, change in D = 1.202688e-01.
  Coordinate descent sweep 6. norm of D = 2.734687e-01, change in D = 1.169893e-01.
  Coordinate descent sweep 7. norm of D = 2.951369e-01, change in D = 1.133837e-01.
  Coordinate descent sweep 8. norm of D = 3.149115e-01, change in D = 1.105400e-01.
  Coordinate descent sweep 9. norm of D = 3.301441e-01, change in D = 1.057317e-01.
    Line search step size chosen: 1.000000e+00.
  Objective value decreased by 2.289729e-04.
Newton iteration 25.
  Active set size = 213549.
  sub-gradient = 9.375329e-02, l1-norm of X = 1.462461e+03.
  Coordinate descent sweep 1. norm of D = 9.975525e-02, change in D = 9.975525e-02.
  Coordinate descent sweep 2. norm of D = 1.298969e-01, change in D = 1.068412e-01.
  Coordinate descent sweep 3. norm of D = 1.468016e-01, change in D = 9.687482e-02.
  Coordinate descent sweep 4. norm of D = 1.653442e-01, change in D = 9.177584e-02.
  Coordinate descent sweep 5. norm of D = 1.837272e-01, change in D = 9.007436e-02.
  Coordinate descent sweep 6. norm of D = 1.983131e-01, change in D = 8.768354e-02.
  Coordinate descent sweep 7. norm of D = 2.122561e-01, change in D = 8.184992e-02.
  Coordinate descent sweep 8. norm of D = 2.290750e-01, change in D = 8.071195e-02.
  Coordinate descent sweep 9. norm of D = 2.406062e-01, change in D = 7.689277e-02.
    Line search step size chosen: 1.000000e+00.
  Objective value decreased by 1.445555e-04.
QUIC CPU time: 11575.310 seconds
