[1] "/work-zfs/abattle4/prashanthi/recount3/data/blood/GTEx/weighted_covariances/cov_1.rds"
[1] "Data read complete"
Running QUIC version 1.1 in 'default' mode.
Newton iteration 1.
  X is a diagonal matrix.
    Line search step size 1.000000e+00.  Lack of positive definiteness.
    Line search step size 5.000000e-01.  Lack of positive definiteness.
    Line search step size chosen: 2.500000e-01.
  Objective value decreased by 2.812118e+01.
Newton iteration 2.
  Active set size = 11669.
  sub-gradient = 7.395263e+02, l1-norm of X = 6.792804e+01.
  Coordinate descent sweep 1. norm of D = 1.872889e+02, change in D = 1.872889e+02.
    Line search step size chosen: 1.000000e+00.
  Objective value decreased by 1.125745e+01.
Newton iteration 3.
  Active set size = 11487.
  sub-gradient = 1.066296e+03, l1-norm of X = 1.732078e+02.
  Coordinate descent sweep 1. norm of D = 6.514398e+01, change in D = 6.514398e+01.
  Coordinate descent sweep 2. norm of D = 6.785577e+01, change in D = 2.822437e+01.
    Line search step size chosen: 1.000000e+00.
  Objective value decreased by 7.653502e+00.
Newton iteration 4.
  Active set size = 11088.
  sub-gradient = 4.276783e+02, l1-norm of X = 1.710119e+02.
  Coordinate descent sweep 1. norm of D = 3.633013e+01, change in D = 3.633013e+01.
  Coordinate descent sweep 2. norm of D = 3.987608e+01, change in D = 1.998707e+01.
    Line search step size chosen: 1.000000e+00.
  Objective value decreased by 3.473716e+00.
Newton iteration 5.
  Active set size = 10951.
  sub-gradient = 1.566802e+02, l1-norm of X = 1.691632e+02.
  Coordinate descent sweep 1. norm of D = 2.269823e+01, change in D = 2.269823e+01.
  Coordinate descent sweep 2. norm of D = 2.588016e+01, change in D = 1.334411e+01.
    Line search step size chosen: 1.000000e+00.
  Objective value decreased by 1.558007e+00.
Newton iteration 6.
  Active set size = 10872.
  sub-gradient = 4.662595e+01, l1-norm of X = 1.683889e+02.
  Coordinate descent sweep 1. norm of D = 1.273697e+01, change in D = 1.273697e+01.
  Coordinate descent sweep 2. norm of D = 1.520572e+01, change in D = 8.005986e+00.
  Coordinate descent sweep 3. norm of D = 1.719143e+01, change in D = 4.631500e+00.
    Line search step size chosen: 1.000000e+00.
  Objective value decreased by 6.210285e-01.
Newton iteration 7.
  Active set size = 10830.
  sub-gradient = 1.039435e+01, l1-norm of X = 1.687455e+02.
  Coordinate descent sweep 1. norm of D = 4.330446e+00, change in D = 4.330446e+00.
  Coordinate descent sweep 2. norm of D = 5.514260e+00, change in D = 2.968982e+00.
  Coordinate descent sweep 3. norm of D = 6.367114e+00, change in D = 1.798613e+00.
    Line search step size chosen: 1.000000e+00.
  Objective value decreased by 1.105810e-01.
Newton iteration 8.
  Active set size = 10822.
  sub-gradient = 1.930243e+00, l1-norm of X = 1.690755e+02.
  Coordinate descent sweep 1. norm of D = 1.451003e+00, change in D = 1.451003e+00.
  Coordinate descent sweep 2. norm of D = 1.865681e+00, change in D = 9.143709e-01.
  Coordinate descent sweep 3. norm of D = 2.330425e+00, change in D = 7.272415e-01.
    Line search step size chosen: 1.000000e+00.
  Objective value decreased by 2.047648e-02.
Newton iteration 9.
  Active set size = 10819.
  sub-gradient = 5.279176e-01, l1-norm of X = 1.693914e+02.
  Coordinate descent sweep 1. norm of D = 5.057298e-01, change in D = 5.057298e-01.
  Coordinate descent sweep 2. norm of D = 7.518944e-01, change in D = 3.861152e-01.
  Coordinate descent sweep 3. norm of D = 9.397049e-01, change in D = 2.758557e-01.
  Coordinate descent sweep 4. norm of D = 1.068673e+00, change in D = 2.145822e-01.
    Line search step size chosen: 1.000000e+00.
  Objective value decreased by 4.364926e-03.
Newton iteration 10.
  Active set size = 10817.
  sub-gradient = 1.781331e-01, l1-norm of X = 1.695559e+02.
  Coordinate descent sweep 1. norm of D = 1.761276e-01, change in D = 1.761276e-01.
  Coordinate descent sweep 2. norm of D = 2.667026e-01, change in D = 1.357376e-01.
  Coordinate descent sweep 3. norm of D = 3.278991e-01, change in D = 9.974277e-02.
  Coordinate descent sweep 4. norm of D = 3.692083e-01, change in D = 7.767479e-02.
    Line search step size chosen: 1.000000e+00.
  Objective value decreased by 6.451439e-04.
Newton iteration 11.
  Active set size = 10816.
  sub-gradient = 6.131057e-02, l1-norm of X = 1.696102e+02.
  Coordinate descent sweep 1. norm of D = 6.428020e-02, change in D = 6.428020e-02.
  Coordinate descent sweep 2. norm of D = 1.006928e-01, change in D = 5.331275e-02.
  Coordinate descent sweep 3. norm of D = 1.239287e-01, change in D = 4.112084e-02.
  Coordinate descent sweep 4. norm of D = 1.466736e-01, change in D = 3.631259e-02.
    Line search step size chosen: 1.000000e+00.
  Objective value decreased by 1.440384e-04.
Newton iteration 12.
  Active set size = 10816.
  sub-gradient = 2.321991e-02, l1-norm of X = 1.696292e+02.
  Coordinate descent sweep 1. norm of D = 2.565542e-02, change in D = 2.565542e-02.
  Coordinate descent sweep 2. norm of D = 3.695868e-02, change in D = 2.218759e-02.
  Coordinate descent sweep 3. norm of D = 4.655816e-02, change in D = 1.783748e-02.
  Coordinate descent sweep 4. norm of D = 5.517954e-02, change in D = 1.454253e-02.
  Coordinate descent sweep 5. norm of D = 6.100592e-02, change in D = 1.031255e-02.
    Line search step size chosen: 1.000000e+00.
  Objective value decreased by 2.809030e-05.
Newton iteration 13.
  Active set size = 10816.
  sub-gradient = 1.733572e-02, l1-norm of X = 1.696386e+02.
  Coordinate descent sweep 1. norm of D = 9.863945e-03, change in D = 9.863945e-03.
  Coordinate descent sweep 2. norm of D = 1.355140e-02, change in D = 7.215616e-03.
  Coordinate descent sweep 3. norm of D = 1.663972e-02, change in D = 5.787543e-03.
  Coordinate descent sweep 4. norm of D = 1.881960e-02, change in D = 5.232218e-03.
  Coordinate descent sweep 5. norm of D = 2.056641e-02, change in D = 3.645499e-03.
    Line search step size chosen: 1.000000e+00.
  Objective value decreased by 3.974305e-06.
Newton iteration 14.
  Active set size = 10816.
  sub-gradient = 3.734306e-03, l1-norm of X = 1.696414e+02.
  Coordinate descent sweep 1. norm of D = 3.174657e-03, change in D = 3.174657e-03.
  Coordinate descent sweep 2. norm of D = 4.752825e-03, change in D = 2.589582e-03.
  Coordinate descent sweep 3. norm of D = 5.917443e-03, change in D = 1.894618e-03.
  Coordinate descent sweep 4. norm of D = 6.690150e-03, change in D = 1.693799e-03.
  Coordinate descent sweep 5. norm of D = 7.292782e-03, change in D = 1.339837e-03.
    Line search step size chosen: 1.000000e+00.
  Objective value decreased by 5.130987e-07.
QUIC CPU time: 2607.100 seconds
