[1] "/work-zfs/abattle4/prashanthi/recount3/data/blood/GTEx/weighted_covariances/cov_1.rds"
[1] "Data read complete"
Running QUIC version 1.1 in 'default' mode.
Newton iteration 1.
  X is a diagonal matrix.
    Line search step size 1.000000e+00.  Lack of positive definiteness.
    Line search step size 5.000000e-01.  Lack of positive definiteness.
    Line search step size chosen: 2.500000e-01.
  Objective value decreased by 1.653157e+01.
Newton iteration 2.
  Active set size = 9885.
  sub-gradient = 1.387542e+02, l1-norm of X = 4.338842e+01.
  Coordinate descent sweep 1. norm of D = 1.202721e+02, change in D = 1.202721e+02.
    Line search step size chosen: 1.000000e+00.
  Objective value decreased by 7.636538e+00.
Newton iteration 3.
  Active set size = 9714.
  sub-gradient = 3.130910e+02, l1-norm of X = 1.255271e+02.
  Coordinate descent sweep 1. norm of D = 4.385984e+01, change in D = 4.385984e+01.
  Coordinate descent sweep 2. norm of D = 4.381087e+01, change in D = 1.980564e+01.
    Line search step size chosen: 1.000000e+00.
  Objective value decreased by 4.644720e+00.
Newton iteration 4.
  Active set size = 9639.
  sub-gradient = 1.076754e+02, l1-norm of X = 1.220105e+02.
  Coordinate descent sweep 1. norm of D = 2.276114e+01, change in D = 2.276114e+01.
  Coordinate descent sweep 2. norm of D = 2.426341e+01, change in D = 1.195123e+01.
    Line search step size chosen: 1.000000e+00.
  Objective value decreased by 1.469019e+00.
Newton iteration 5.
  Active set size = 9580.
  sub-gradient = 2.889916e+01, l1-norm of X = 1.192004e+02.
  Coordinate descent sweep 1. norm of D = 9.791559e+00, change in D = 9.791559e+00.
  Coordinate descent sweep 2. norm of D = 1.149221e+01, change in D = 5.692978e+00.
    Line search step size chosen: 1.000000e+00.
  Objective value decreased by 3.126901e-01.
Newton iteration 6.
  Active set size = 9543.
  sub-gradient = 5.390351e+00, l1-norm of X = 1.185657e+02.
  Coordinate descent sweep 1. norm of D = 3.583054e+00, change in D = 3.583054e+00.
  Coordinate descent sweep 2. norm of D = 4.601884e+00, change in D = 2.060967e+00.
  Coordinate descent sweep 3. norm of D = 5.342222e+00, change in D = 1.151556e+00.
    Line search step size chosen: 1.000000e+00.
  Objective value decreased by 5.295088e-02.
Newton iteration 7.
  Active set size = 9539.
  sub-gradient = 8.120821e-01, l1-norm of X = 1.190059e+02.
  Coordinate descent sweep 1. norm of D = 7.642432e-01, change in D = 7.642432e-01.
  Coordinate descent sweep 2. norm of D = 1.114007e+00, change in D = 5.401162e-01.
  Coordinate descent sweep 3. norm of D = 1.337015e+00, change in D = 3.569040e-01.
    Line search step size chosen: 1.000000e+00.
  Objective value decreased by 4.852968e-03.
Newton iteration 8.
  Active set size = 9536.
  sub-gradient = 2.291773e-01, l1-norm of X = 1.192425e+02.
  Coordinate descent sweep 1. norm of D = 2.326804e-01, change in D = 2.326804e-01.
  Coordinate descent sweep 2. norm of D = 3.420602e-01, change in D = 1.587471e-01.
  Coordinate descent sweep 3. norm of D = 4.165283e-01, change in D = 1.056421e-01.
    Line search step size chosen: 1.000000e+00.
  Objective value decreased by 6.723257e-04.
Newton iteration 9.
  Active set size = 9536.
  sub-gradient = 7.386945e-02, l1-norm of X = 1.193197e+02.
  Coordinate descent sweep 1. norm of D = 7.388710e-02, change in D = 7.388710e-02.
  Coordinate descent sweep 2. norm of D = 1.084653e-01, change in D = 5.423537e-02.
  Coordinate descent sweep 3. norm of D = 1.327605e-01, change in D = 3.626700e-02.
  Coordinate descent sweep 4. norm of D = 1.550061e-01, change in D = 2.945429e-02.
    Line search step size chosen: 1.000000e+00.
  Objective value decreased by 1.214452e-04.
Newton iteration 10.
  Active set size = 9535.
  sub-gradient = 1.822663e-02, l1-norm of X = 1.193475e+02.
  Coordinate descent sweep 1. norm of D = 1.956971e-02, change in D = 1.956971e-02.
  Coordinate descent sweep 2. norm of D = 2.928587e-02, change in D = 1.490961e-02.
  Coordinate descent sweep 3. norm of D = 3.610026e-02, change in D = 1.055760e-02.
  Coordinate descent sweep 4. norm of D = 4.190848e-02, change in D = 7.800434e-03.
    Line search step size chosen: 1.000000e+00.
  Objective value decreased by 1.155626e-05.
Newton iteration 11.
  Active set size = 9535.
  sub-gradient = 5.936520e-03, l1-norm of X = 1.193555e+02.
  Coordinate descent sweep 1. norm of D = 5.935112e-03, change in D = 5.935112e-03.
  Coordinate descent sweep 2. norm of D = 8.361729e-03, change in D = 3.983842e-03.
  Coordinate descent sweep 3. norm of D = 1.028294e-02, change in D = 2.750387e-03.
  Coordinate descent sweep 4. norm of D = 1.128637e-02, change in D = 2.139714e-03.
    Line search step size chosen: 1.000000e+00.
  Objective value decreased by 1.025442e-06.
QUIC CPU time: 2067.030 seconds
