[1] "/work-zfs/abattle4/prashanthi/recount3/data/blood/GTEx/weighted_covariances/cov_1.rds"
[1] "Data read complete"
Running QUIC version 1.1 in 'default' mode.
Newton iteration 1.
  X is a diagonal matrix.
    Line search step size chosen: 1.000000e+00.
  Objective value decreased by 8.866715e-01.
Newton iteration 2.
  Active set size = 7908.
  sub-gradient = 6.879819e+00, l1-norm of X = 1.225375e+01.
  Coordinate descent sweep 1. norm of D = 2.608944e+00, change in D = 2.608944e+00.
    Line search step size chosen: 1.000000e+00.
  Objective value decreased by 1.411737e-01.
Newton iteration 3.
  Active set size = 7906.
  sub-gradient = 1.412260e+00, l1-norm of X = 1.110800e+01.
  Coordinate descent sweep 1. norm of D = 1.038896e+00, change in D = 1.038896e+00.
  Coordinate descent sweep 2. norm of D = 1.062410e+00, change in D = 2.852270e-01.
    Line search step size chosen: 1.000000e+00.
  Objective value decreased by 3.482557e-02.
Newton iteration 4.
  Active set size = 7905.
  sub-gradient = 1.567330e-01, l1-norm of X = 1.121705e+01.
  Coordinate descent sweep 1. norm of D = 1.309000e-01, change in D = 1.309000e-01.
  Coordinate descent sweep 2. norm of D = 1.563222e-01, change in D = 6.418174e-02.
    Line search step size chosen: 1.000000e+00.
  Objective value decreased by 8.562720e-04.
Newton iteration 5.
  Active set size = 7905.
  sub-gradient = 1.793078e-02, l1-norm of X = 1.120777e+01.
  Coordinate descent sweep 1. norm of D = 1.723561e-02, change in D = 1.723561e-02.
  Coordinate descent sweep 2. norm of D = 2.025721e-02, change in D = 5.996369e-03.
    Line search step size chosen: 1.000000e+00.
  Objective value decreased by 1.578659e-05.
Newton iteration 6.
  Active set size = 7905.
  sub-gradient = 1.795324e-03, l1-norm of X = 1.121174e+01.
  Coordinate descent sweep 1. norm of D = 1.812328e-03, change in D = 1.812328e-03.
  Coordinate descent sweep 2. norm of D = 2.123817e-03, change in D = 6.464131e-04.
  Coordinate descent sweep 3. norm of D = 2.197052e-03, change in D = 1.810800e-04.
    Line search step size chosen: 1.000000e+00.
  Objective value decreased by 2.121496e-07.
Newton iteration 7.
  Active set size = 7905.
  sub-gradient = 6.553115e-05, l1-norm of X = 1.121276e+01.
  Coordinate descent sweep 1. norm of D = 6.433724e-05, change in D = 6.433724e-05.
  Coordinate descent sweep 2. norm of D = 6.890238e-05, change in D = 1.271924e-05.
  Coordinate descent sweep 3. norm of D = 7.055518e-05, change in D = 3.138994e-06.
    Line search step size chosen: 1.000000e+00.
  Objective value decreased by 2.373781e-10.
QUIC CPU time: 1603.710 seconds
