[1] "/work-zfs/abattle4/prashanthi/recount3/data/blood/GTEx/weighted_covariances/cov_1.rds"
[1] "Data read complete"
Running QUIC version 1.1 in 'default' mode.
Newton iteration 1.
  X is a diagonal matrix.
    Line search step size chosen: 1.000000e+00.
  Objective value decreased by 2.668230e-01.
Newton iteration 2.
  Active set size = 7848.
  sub-gradient = 1.000611e+00, l1-norm of X = 4.747600e+00.
  Coordinate descent sweep 1. norm of D = 7.638893e-01, change in D = 7.638893e-01.
    Line search step size chosen: 1.000000e+00.
  Objective value decreased by 8.930881e-03.
Newton iteration 3.
  Active set size = 7848.
  sub-gradient = 1.127325e-01, l1-norm of X = 4.394222e+00.
  Coordinate descent sweep 1. norm of D = 1.144530e-01, change in D = 1.144530e-01.
  Coordinate descent sweep 2. norm of D = 1.307656e-01, change in D = 2.738023e-02.
    Line search step size chosen: 1.000000e+00.
  Objective value decreased by 5.841358e-04.
Newton iteration 4.
  Active set size = 7848.
  sub-gradient = 5.822616e-03, l1-norm of X = 4.480622e+00.
  Coordinate descent sweep 1. norm of D = 6.181449e-03, change in D = 6.181449e-03.
  Coordinate descent sweep 2. norm of D = 6.553262e-03, change in D = 1.230060e-03.
    Line search step size chosen: 1.000000e+00.
  Objective value decreased by 3.985815e-06.
Newton iteration 5.
  Active set size = 7848.
  sub-gradient = 1.279947e-04, l1-norm of X = 4.484648e+00.
  Coordinate descent sweep 1. norm of D = 1.204846e-04, change in D = 1.204846e-04.
  Coordinate descent sweep 2. norm of D = 1.219003e-04, change in D = 2.596510e-05.
    Line search step size chosen: 1.000000e+00.
  Objective value decreased by 1.587978e-09.
QUIC CPU time: 969.490 seconds
