[1] "/work-zfs/abattle4/prashanthi/recount3/data/blood/GTEx/weighted_covariances/cov_1.rds"
[1] "Data read complete"
Running QUIC version 1.1 in 'default' mode.
Newton iteration 1.
  X is a diagonal matrix.
    Line search step size chosen: 1.000000e+00.
  Objective value decreased by 9.113979e-04.
Newton iteration 2.
  Active set size = 7807.
  sub-gradient = 1.840608e-03, l1-norm of X = 9.599376e-02.
  Coordinate descent sweep 1. norm of D = 1.838293e-03, change in D = 1.838293e-03.
    Line search step size chosen: 1.000000e+00.
  Objective value decreased by 3.187142e-07.
Newton iteration 3.
  Active set size = 7807.
  sub-gradient = 1.979192e-05, l1-norm of X = 9.598986e-02.
  Coordinate descent sweep 1. norm of D = 2.040834e-05, change in D = 2.040834e-05.
  Coordinate descent sweep 2. norm of D = 2.120807e-05, change in D = 8.056584e-07.
    Line search step size chosen: 1.000000e+00.
  Objective value decreased by 2.564775e-10.
Newton iteration 4.
  Active set size = 7807.
  sub-gradient = 1.354074e-08, l1-norm of X = 9.602542e-02.
  Coordinate descent sweep 1. norm of D = 1.355720e-08, change in D = 1.355720e-08.
  Coordinate descent sweep 2. norm of D = 1.455509e-08, change in D = 9.978902e-10.
    Line search step size 1.000000e+00.
      Objective value would not decrease sufficiently: 9.094947e-13.
    Line search step size chosen: 5.000000e-01.
  Objective value decreased by 9.094947e-13.
QUIC CPU time: 1090.380 seconds
