[1] "sra_normal" "400"        "weighted"   "0.40"      
[1] "Data read complete"
Running QUIC version 1.1 in 'default' mode.
Newton iteration 1.
  X is a diagonal matrix.
    Line search step size 1.000000e+00.  Lack of positive definiteness.
    Line search step size 5.000000e-01.  Lack of positive definiteness.
    Line search step size chosen: 2.500000e-01.
  Objective value decreased by 2.978900e+00.
Newton iteration 2.
  Active set size = 6930.
  sub-gradient = 4.061513e+01, l1-norm of X = 1.363645e+01.
  Coordinate descent sweep 1. norm of D = 3.080233e+01, change in D = 3.080233e+01.
    Line search step size chosen: 1.000000e+00.
  Objective value decreased by 1.233027e+00.
Newton iteration 3.
  Active set size = 6763.
  sub-gradient = 6.563280e+01, l1-norm of X = 3.353617e+01.
  Coordinate descent sweep 1. norm of D = 1.087236e+01, change in D = 1.087236e+01.
  Coordinate descent sweep 2. norm of D = 9.865731e+00, change in D = 4.961590e+00.
    Line search step size chosen: 1.000000e+00.
  Objective value decreased by 5.716568e-01.
Newton iteration 4.
  Active set size = 6704.
  sub-gradient = 1.901812e+01, l1-norm of X = 3.156549e+01.
  Coordinate descent sweep 1. norm of D = 4.537898e+00, change in D = 4.537898e+00.
  Coordinate descent sweep 2. norm of D = 4.245622e+00, change in D = 2.500121e+00.
    Line search step size chosen: 1.000000e+00.
  Objective value decreased by 1.342375e-01.
Newton iteration 5.
  Active set size = 6684.
  sub-gradient = 3.817450e+00, l1-norm of X = 3.044732e+01.
  Coordinate descent sweep 1. norm of D = 1.571918e+00, change in D = 1.571918e+00.
  Coordinate descent sweep 2. norm of D = 1.554513e+00, change in D = 7.989182e-01.
    Line search step size chosen: 1.000000e+00.
  Objective value decreased by 1.615856e-02.
Newton iteration 6.
  Active set size = 6678.
  sub-gradient = 5.222743e-01, l1-norm of X = 3.012549e+01.
  Coordinate descent sweep 1. norm of D = 3.432357e-01, change in D = 3.432357e-01.
  Coordinate descent sweep 2. norm of D = 3.641851e-01, change in D = 1.702446e-01.
  Coordinate descent sweep 3. norm of D = 3.860017e-01, change in D = 7.122262e-02.
    Line search step size chosen: 1.000000e+00.
  Objective value decreased by 8.551072e-04.
Newton iteration 7.
  Active set size = 6677.
  sub-gradient = 2.828883e-02, l1-norm of X = 3.008183e+01.
  Coordinate descent sweep 1. norm of D = 2.817000e-02, change in D = 2.817000e-02.
  Coordinate descent sweep 2. norm of D = 3.299058e-02, change in D = 1.163092e-02.
  Coordinate descent sweep 3. norm of D = 3.521076e-02, change in D = 4.291985e-03.
    Line search step size chosen: 1.000000e+00.
  Objective value decreased by 6.149255e-06.
Newton iteration 8.
  Active set size = 6677.
  sub-gradient = 2.331808e-03, l1-norm of X = 3.008436e+01.
  Coordinate descent sweep 1. norm of D = 2.114299e-03, change in D = 2.114299e-03.
  Coordinate descent sweep 2. norm of D = 2.433498e-03, change in D = 8.600130e-04.
  Coordinate descent sweep 3. norm of D = 2.669596e-03, change in D = 4.744209e-04.
    Line search step size chosen: 1.000000e+00.
  Objective value decreased by 4.290723e-08.
QUIC CPU time: 689.600 seconds
