[1] "sra_normal" "400"        "weighted"   "0.42"      
[1] "Data read complete"
Running QUIC version 1.1 in 'default' mode.
Newton iteration 1.
  X is a diagonal matrix.
    Line search step size 1.000000e+00.  Lack of positive definiteness.
    Line search step size chosen: 5.000000e-01.
  Objective value decreased by 2.055812e+00.
Newton iteration 2.
  Active set size = 6640.
  sub-gradient = 1.874138e+02, l1-norm of X = 2.013587e+01.
  Coordinate descent sweep 1. norm of D = 1.328039e+01, change in D = 1.328039e+01.
    Line search step size chosen: 1.000000e+00.
  Objective value decreased by 9.182377e-01.
Newton iteration 3.
  Active set size = 6549.
  sub-gradient = 7.755467e+01, l1-norm of X = 2.563088e+01.
  Coordinate descent sweep 1. norm of D = 6.088935e+00, change in D = 6.088935e+00.
  Coordinate descent sweep 2. norm of D = 6.240285e+00, change in D = 2.950873e+00.
    Line search step size chosen: 1.000000e+00.
  Objective value decreased by 4.247775e-01.
Newton iteration 4.
  Active set size = 6497.
  sub-gradient = 2.871635e+01, l1-norm of X = 2.527777e+01.
  Coordinate descent sweep 1. norm of D = 3.091909e+00, change in D = 3.091909e+00.
  Coordinate descent sweep 2. norm of D = 2.999628e+00, change in D = 1.863462e+00.
    Line search step size chosen: 1.000000e+00.
  Objective value decreased by 1.673642e-01.
Newton iteration 5.
  Active set size = 6484.
  sub-gradient = 8.794771e+00, l1-norm of X = 2.474336e+01.
  Coordinate descent sweep 1. norm of D = 1.764288e+00, change in D = 1.764288e+00.
  Coordinate descent sweep 2. norm of D = 1.582054e+00, change in D = 1.098572e+00.
    Line search step size chosen: 1.000000e+00.
  Objective value decreased by 3.907630e-02.
Newton iteration 6.
  Active set size = 6474.
  sub-gradient = 1.425933e+00, l1-norm of X = 2.437370e+01.
  Coordinate descent sweep 1. norm of D = 6.353425e-01, change in D = 6.353425e-01.
  Coordinate descent sweep 2. norm of D = 6.604369e-01, change in D = 2.871166e-01.
  Coordinate descent sweep 3. norm of D = 6.932477e-01, change in D = 1.194641e-01.
    Line search step size chosen: 1.000000e+00.
  Objective value decreased by 3.973878e-03.
Newton iteration 7.
  Active set size = 6476.
  sub-gradient = 7.810076e-02, l1-norm of X = 2.429261e+01.
  Coordinate descent sweep 1. norm of D = 6.007074e-02, change in D = 6.007074e-02.
  Coordinate descent sweep 2. norm of D = 6.601886e-02, change in D = 2.135681e-02.
  Coordinate descent sweep 3. norm of D = 6.932961e-02, change in D = 8.844763e-03.
    Line search step size chosen: 1.000000e+00.
  Objective value decreased by 3.220505e-05.
Newton iteration 8.
  Active set size = 6476.
  sub-gradient = 5.091042e-03, l1-norm of X = 2.429164e+01.
  Coordinate descent sweep 1. norm of D = 3.887243e-03, change in D = 3.887243e-03.
  Coordinate descent sweep 2. norm of D = 4.501692e-03, change in D = 1.596451e-03.
  Coordinate descent sweep 3. norm of D = 4.757712e-03, change in D = 6.774958e-04.
    Line search step size chosen: 1.000000e+00.
  Objective value decreased by 1.669659e-07.
Newton iteration 9.
  Active set size = 6476.
  sub-gradient = 3.096128e-04, l1-norm of X = 2.429182e+01.
  Coordinate descent sweep 1. norm of D = 3.035179e-04, change in D = 3.035179e-04.
  Coordinate descent sweep 2. norm of D = 3.537283e-04, change in D = 1.216721e-04.
  Coordinate descent sweep 3. norm of D = 3.746362e-04, change in D = 4.176596e-05.
  Coordinate descent sweep 4. norm of D = 3.874285e-04, change in D = 2.164048e-05.
    Line search step size chosen: 1.000000e+00.
  Objective value decreased by 1.616172e-09.
QUIC CPU time: 735.290 seconds
