[1] "sra_normal" "400"        "weighted"   "0.48"      
[1] "Data read complete"
Running QUIC version 1.1 in 'default' mode.
Newton iteration 1.
  X is a diagonal matrix.
    Line search step size chosen: 1.000000e+00.
  Objective value decreased by 6.249596e-01.
Newton iteration 2.
  Active set size = 6080.
  sub-gradient = 3.962843e+01, l1-norm of X = 1.416535e+01.
  Coordinate descent sweep 1. norm of D = 4.527784e+00, change in D = 4.527784e+00.
    Line search step size chosen: 1.000000e+00.
  Objective value decreased by 3.810763e-01.
Newton iteration 3.
  Active set size = 6053.
  sub-gradient = 1.438327e+01, l1-norm of X = 1.270269e+01.
  Coordinate descent sweep 1. norm of D = 2.819915e+00, change in D = 2.819915e+00.
  Coordinate descent sweep 2. norm of D = 2.924941e+00, change in D = 1.436151e+00.
    Line search step size chosen: 1.000000e+00.
  Objective value decreased by 2.038374e-01.
Newton iteration 4.
  Active set size = 6051.
  sub-gradient = 4.786298e+00, l1-norm of X = 1.182285e+01.
  Coordinate descent sweep 1. norm of D = 1.602820e+00, change in D = 1.602820e+00.
  Coordinate descent sweep 2. norm of D = 1.484749e+00, change in D = 7.533121e-01.
    Line search step size chosen: 1.000000e+00.
  Objective value decreased by 6.518012e-02.
Newton iteration 5.
  Active set size = 6056.
  sub-gradient = 1.195815e+00, l1-norm of X = 1.140939e+01.
  Coordinate descent sweep 1. norm of D = 6.519678e-01, change in D = 6.519678e-01.
  Coordinate descent sweep 2. norm of D = 6.390376e-01, change in D = 2.726518e-01.
    Line search step size chosen: 1.000000e+00.
  Objective value decreased by 8.769078e-03.
Newton iteration 6.
  Active set size = 6056.
  sub-gradient = 9.762589e-02, l1-norm of X = 1.122381e+01.
  Coordinate descent sweep 1. norm of D = 8.917881e-02, change in D = 8.917881e-02.
  Coordinate descent sweep 2. norm of D = 9.217480e-02, change in D = 2.685858e-02.
  Coordinate descent sweep 3. norm of D = 9.589365e-02, change in D = 9.425182e-03.
    Line search step size chosen: 1.000000e+00.
  Objective value decreased by 1.316334e-04.
Newton iteration 7.
  Active set size = 6056.
  sub-gradient = 3.478121e-03, l1-norm of X = 1.123204e+01.
  Coordinate descent sweep 1. norm of D = 3.751660e-03, change in D = 3.751660e-03.
  Coordinate descent sweep 2. norm of D = 4.165487e-03, change in D = 1.315561e-03.
  Coordinate descent sweep 3. norm of D = 4.369932e-03, change in D = 5.395279e-04.
    Line search step size chosen: 1.000000e+00.
  Objective value decreased by 2.811594e-07.
Newton iteration 8.
  Active set size = 6056.
  sub-gradient = 1.827095e-04, l1-norm of X = 1.123266e+01.
  Coordinate descent sweep 1. norm of D = 1.849648e-04, change in D = 1.849648e-04.
  Coordinate descent sweep 2. norm of D = 2.124017e-04, change in D = 8.604380e-05.
  Coordinate descent sweep 3. norm of D = 2.278670e-04, change in D = 2.411473e-05.
    Line search step size chosen: 1.000000e+00.
  Objective value decreased by 8.867573e-10.
QUIC CPU time: 654.740 seconds
