[1] "sra_normal" "400"        "0.54"      
[1] "Data read complete"
Running QUIC version 1.1 in 'default' mode.
Newton iteration 1.
  X is a diagonal matrix.
    Line search step size chosen: 1.000000e+00.
  Objective value decreased by 4.216373e-01.
Newton iteration 2.
  Active set size = 5844.
  sub-gradient = 1.618565e+00, l1-norm of X = 4.145259e+00.
  Coordinate descent sweep 1. norm of D = 1.118719e+00, change in D = 1.118719e+00.
    Line search step size chosen: 1.000000e+00.
  Objective value decreased by 2.368546e-02.
Newton iteration 3.
  Active set size = 5837.
  sub-gradient = 1.840606e-01, l1-norm of X = 3.869249e+00.
  Coordinate descent sweep 1. norm of D = 1.990989e-01, change in D = 1.990989e-01.
  Coordinate descent sweep 2. norm of D = 2.284092e-01, change in D = 4.003598e-02.
    Line search step size chosen: 1.000000e+00.
  Objective value decreased by 1.100661e-03.
Newton iteration 4.
  Active set size = 5838.
  sub-gradient = 8.012675e-03, l1-norm of X = 3.959054e+00.
  Coordinate descent sweep 1. norm of D = 9.172437e-03, change in D = 9.172437e-03.
  Coordinate descent sweep 2. norm of D = 1.158271e-02, change in D = 2.745021e-03.
    Line search step size chosen: 1.000000e+00.
  Objective value decreased by 4.283240e-06.
Newton iteration 5.
  Active set size = 5838.
  sub-gradient = 6.198721e-04, l1-norm of X = 3.962682e+00.
  Coordinate descent sweep 1. norm of D = 6.515119e-04, change in D = 6.515119e-04.
  Coordinate descent sweep 2. norm of D = 7.743581e-04, change in D = 1.760264e-04.
    Line search step size chosen: 1.000000e+00.
  Objective value decreased by 2.934939e-08.
Newton iteration 6.
  Active set size = 5838.
  sub-gradient = 4.882368e-05, l1-norm of X = 3.962808e+00.
  Coordinate descent sweep 1. norm of D = 5.479786e-05, change in D = 5.479786e-05.
  Coordinate descent sweep 2. norm of D = 6.395657e-05, change in D = 1.103477e-05.
  Coordinate descent sweep 3. norm of D = 6.834526e-05, change in D = 4.587035e-06.
    Line search step size chosen: 1.000000e+00.
  Objective value decreased by 2.528395e-10.
QUIC CPU time: 2124.700 seconds
