[1] "sra_normal" "400"        "0.68"      
[1] "Data read complete"
Running QUIC version 1.1 in 'default' mode.
Newton iteration 1.
  X is a diagonal matrix.
    Line search step size chosen: 1.000000e+00.
  Objective value decreased by 3.777968e-02.
Newton iteration 2.
  Active set size = 5773.
  sub-gradient = 8.118275e-02, l1-norm of X = 5.497560e-01.
  Coordinate descent sweep 1. norm of D = 7.821534e-02, change in D = 7.821534e-02.
    Line search step size chosen: 1.000000e+00.
  Objective value decreased by 4.876332e-04.
Newton iteration 3.
  Active set size = 5773.
  sub-gradient = 3.586228e-03, l1-norm of X = 5.531590e-01.
  Coordinate descent sweep 1. norm of D = 3.789508e-03, change in D = 3.789508e-03.
  Coordinate descent sweep 2. norm of D = 4.239928e-03, change in D = 4.513573e-04.
    Line search step size chosen: 1.000000e+00.
  Objective value decreased by 2.044373e-06.
Newton iteration 4.
  Active set size = 5773.
  sub-gradient = 2.135631e-05, l1-norm of X = 5.553814e-01.
  Coordinate descent sweep 1. norm of D = 2.657026e-05, change in D = 2.657026e-05.
  Coordinate descent sweep 2. norm of D = 2.852542e-05, change in D = 1.968683e-06.
    Line search step size chosen: 1.000000e+00.
  Objective value decreased by 1.382432e-10.
QUIC CPU time: 352.630 seconds
