[1] "GTEx"          "20"            "pooling_first" "0.34"         
[1] "Data read complete"
Running QUIC version 1.1 in 'default' mode.
Newton iteration 1.
  X is a diagonal matrix.
    Line search step size 1.000000e+00.  Lack of positive definiteness.
    Line search step size 5.000000e-01.  Lack of positive definiteness.
    Line search step size 2.500000e-01.  Lack of positive definiteness.
    Line search step size chosen: 1.250000e-01.
  Objective value decreased by 1.063702e+01.
Newton iteration 2.
  Active set size = 7840.
  sub-gradient = 1.279232e+02, l1-norm of X = 2.016394e+01.
  Coordinate descent sweep 1. norm of D = 1.034010e+02, change in D = 1.034010e+02.
    Line search step size 1.000000e+00.  Lack of positive definiteness.
    Line search step size chosen: 5.000000e-01.
  Objective value decreased by 9.178323e+00.
Newton iteration 3.
  Active set size = 7840.
  sub-gradient = 1.244373e+02, l1-norm of X = 4.827109e+01.
  Coordinate descent sweep 1. norm of D = 4.888829e+01, change in D = 4.888829e+01.
  Coordinate descent sweep 2. norm of D = 5.923829e+01, change in D = 1.753425e+01.
    Line search step size chosen: 1.000000e+00.
  Objective value decreased by 4.196816e+00.
Newton iteration 4.
  Active set size = 7192.
  sub-gradient = 3.131793e+01, l1-norm of X = 6.217504e+01.
  Coordinate descent sweep 1. norm of D = 1.531436e+01, change in D = 1.531436e+01.
  Coordinate descent sweep 2. norm of D = 2.027178e+01, change in D = 8.969232e+00.
    Line search step size chosen: 1.000000e+00.
  Objective value decreased by 7.091215e-01.
Newton iteration 5.
  Active set size = 7115.
  sub-gradient = 8.888180e+00, l1-norm of X = 6.473607e+01.
  Coordinate descent sweep 1. norm of D = 6.430042e+00, change in D = 6.430042e+00.
  Coordinate descent sweep 2. norm of D = 8.916537e+00, change in D = 4.193700e+00.
    Line search step size chosen: 1.000000e+00.
  Objective value decreased by 1.798802e-01.
Newton iteration 6.
  Active set size = 7086.
  sub-gradient = 3.202958e+00, l1-norm of X = 6.588580e+01.
  Coordinate descent sweep 1. norm of D = 2.815543e+00, change in D = 2.815543e+00.
  Coordinate descent sweep 2. norm of D = 4.059976e+00, change in D = 1.883449e+00.
  Coordinate descent sweep 3. norm of D = 4.799601e+00, change in D = 1.245718e+00.
    Line search step size chosen: 1.000000e+00.
  Objective value decreased by 5.228087e-02.
Newton iteration 7.
  Active set size = 7079.
  sub-gradient = 8.237334e-01, l1-norm of X = 6.657742e+01.
  Coordinate descent sweep 1. norm of D = 9.294437e-01, change in D = 9.294437e-01.
  Coordinate descent sweep 2. norm of D = 1.274746e+00, change in D = 6.115235e-01.
  Coordinate descent sweep 3. norm of D = 1.577256e+00, change in D = 4.800693e-01.
    Line search step size chosen: 1.000000e+00.
  Objective value decreased by 8.083679e-03.
Newton iteration 8.
  Active set size = 7077.
  sub-gradient = 3.337196e-01, l1-norm of X = 6.680258e+01.
  Coordinate descent sweep 1. norm of D = 3.298668e-01, change in D = 3.298668e-01.
  Coordinate descent sweep 2. norm of D = 4.711178e-01, change in D = 2.285910e-01.
  Coordinate descent sweep 3. norm of D = 5.773901e-01, change in D = 1.782671e-01.
    Line search step size chosen: 1.000000e+00.
  Objective value decreased by 1.575478e-03.
Newton iteration 9.
  Active set size = 7077.
  sub-gradient = 1.966451e-01, l1-norm of X = 6.689300e+01.
  Coordinate descent sweep 1. norm of D = 1.439732e-01, change in D = 1.439732e-01.
  Coordinate descent sweep 2. norm of D = 2.008921e-01, change in D = 1.143932e-01.
  Coordinate descent sweep 3. norm of D = 2.594810e-01, change in D = 8.874071e-02.
  Coordinate descent sweep 4. norm of D = 2.980732e-01, change in D = 6.853657e-02.
    Line search step size chosen: 1.000000e+00.
  Objective value decreased by 5.447073e-04.
Newton iteration 10.
  Active set size = 7077.
  sub-gradient = 4.328408e-02, l1-norm of X = 6.693749e+01.
  Coordinate descent sweep 1. norm of D = 5.103187e-02, change in D = 5.103187e-02.
  Coordinate descent sweep 2. norm of D = 7.130033e-02, change in D = 3.829735e-02.
  Coordinate descent sweep 3. norm of D = 8.989137e-02, change in D = 3.428453e-02.
  Coordinate descent sweep 4. norm of D = 1.084426e-01, change in D = 2.675201e-02.
    Line search step size chosen: 1.000000e+00.
  Objective value decreased by 1.093651e-04.
Newton iteration 11.
  Active set size = 7077.
  sub-gradient = 1.734238e-02, l1-norm of X = 6.695474e+01.
  Coordinate descent sweep 1. norm of D = 1.753147e-02, change in D = 1.753147e-02.
  Coordinate descent sweep 2. norm of D = 2.666292e-02, change in D = 1.613243e-02.
  Coordinate descent sweep 3. norm of D = 3.471341e-02, change in D = 1.323641e-02.
  Coordinate descent sweep 4. norm of D = 4.147251e-02, change in D = 9.824184e-03.
    Line search step size chosen: 1.000000e+00.
  Objective value decreased by 2.506255e-05.
Newton iteration 12.
  Active set size = 7077.
  sub-gradient = 8.380799e-03, l1-norm of X = 6.696179e+01.
  Coordinate descent sweep 1. norm of D = 8.346579e-03, change in D = 8.346579e-03.
  Coordinate descent sweep 2. norm of D = 1.316831e-02, change in D = 6.810231e-03.
  Coordinate descent sweep 3. norm of D = 1.675105e-02, change in D = 5.249056e-03.
  Coordinate descent sweep 4. norm of D = 1.897954e-02, change in D = 3.347628e-03.
  Coordinate descent sweep 5. norm of D = 2.099635e-02, change in D = 3.465252e-03.
    Line search step size chosen: 1.000000e+00.
  Objective value decreased by 7.992739e-06.
Newton iteration 13.
  Active set size = 7077.
  sub-gradient = 3.433566e-03, l1-norm of X = 6.696585e+01.
  Coordinate descent sweep 1. norm of D = 3.328469e-03, change in D = 3.328469e-03.
  Coordinate descent sweep 2. norm of D = 4.637311e-03, change in D = 1.742989e-03.
  Coordinate descent sweep 3. norm of D = 6.440617e-03, change in D = 2.275280e-03.
  Coordinate descent sweep 4. norm of D = 7.220216e-03, change in D = 1.048947e-03.
  Coordinate descent sweep 5. norm of D = 8.078016e-03, change in D = 1.347857e-03.
    Line search step size chosen: 1.000000e+00.
  Objective value decreased by 1.366494e-06.
QUIC CPU time: 1789.524 seconds
