[1] "GTEx"          "20"            "pooling_first" "0.56"         
[1] "Data read complete"
Running QUIC version 1.1 in 'default' mode.
Newton iteration 1.
  X is a diagonal matrix.
    Line search step size 1.000000e+00.  Lack of positive definiteness.
    Line search step size chosen: 5.000000e-01.
  Objective value decreased by 2.508601e+00.
Newton iteration 2.
  Active set size = 6126.
  sub-gradient = 1.876676e+01, l1-norm of X = 1.514151e+01.
  Coordinate descent sweep 1. norm of D = 1.016182e+01, change in D = 1.016182e+01.
    Line search step size chosen: 1.000000e+00.
  Objective value decreased by 6.128702e-01.
Newton iteration 3.
  Active set size = 6087.
  sub-gradient = 5.241509e+00, l1-norm of X = 2.005514e+01.
  Coordinate descent sweep 1. norm of D = 3.998504e+00, change in D = 3.998504e+00.
  Coordinate descent sweep 2. norm of D = 4.764085e+00, change in D = 1.342820e+00.
    Line search step size chosen: 1.000000e+00.
  Objective value decreased by 1.052825e-01.
Newton iteration 4.
  Active set size = 6072.
  sub-gradient = 7.163039e-01, l1-norm of X = 2.066081e+01.
  Coordinate descent sweep 1. norm of D = 6.993914e-01, change in D = 6.993914e-01.
  Coordinate descent sweep 2. norm of D = 8.665024e-01, change in D = 2.505370e-01.
    Line search step size chosen: 1.000000e+00.
  Objective value decreased by 5.317705e-03.
Newton iteration 5.
  Active set size = 6071.
  sub-gradient = 1.059715e-01, l1-norm of X = 2.083280e+01.
  Coordinate descent sweep 1. norm of D = 1.064687e-01, change in D = 1.064687e-01.
  Coordinate descent sweep 2. norm of D = 1.551589e-01, change in D = 6.241724e-02.
    Line search step size chosen: 1.000000e+00.
  Objective value decreased by 3.324674e-04.
Newton iteration 6.
  Active set size = 6071.
  sub-gradient = 2.496552e-02, l1-norm of X = 2.087770e+01.
  Coordinate descent sweep 1. norm of D = 2.600874e-02, change in D = 2.600874e-02.
  Coordinate descent sweep 2. norm of D = 3.815990e-02, change in D = 1.589899e-02.
  Coordinate descent sweep 3. norm of D = 4.509680e-02, change in D = 8.053518e-03.
    Line search step size chosen: 1.000000e+00.
  Objective value decreased by 4.579967e-05.
Newton iteration 7.
  Active set size = 6071.
  sub-gradient = 3.174078e-03, l1-norm of X = 2.089276e+01.
  Coordinate descent sweep 1. norm of D = 3.709518e-03, change in D = 3.709518e-03.
  Coordinate descent sweep 2. norm of D = 5.663199e-03, change in D = 2.201824e-03.
  Coordinate descent sweep 3. norm of D = 6.194264e-03, change in D = 8.555774e-04.
    Line search step size chosen: 1.000000e+00.
  Objective value decreased by 1.734734e-06.
Newton iteration 8.
  Active set size = 6071.
  sub-gradient = 6.655102e-04, l1-norm of X = 2.089543e+01.
  Coordinate descent sweep 1. norm of D = 8.025470e-04, change in D = 8.025470e-04.
  Coordinate descent sweep 2. norm of D = 1.089519e-03, change in D = 3.093017e-04.
  Coordinate descent sweep 3. norm of D = 1.270056e-03, change in D = 1.935266e-04.
    Line search step size chosen: 1.000000e+00.
  Objective value decreased by 8.690222e-08.
QUIC CPU time: 1140.933 seconds
