[1] "GTEx"          "20"            "pooling_first" "0.74"         
[1] "Data read complete"
Running QUIC version 1.1 in 'default' mode.
Newton iteration 1.
  X is a diagonal matrix.
    Line search step size chosen: 1.000000e+00.
  Objective value decreased by 2.586980e-01.
Newton iteration 2.
  Active set size = 5813.
  sub-gradient = 6.637952e-01, l1-norm of X = 2.929095e+00.
  Coordinate descent sweep 1. norm of D = 5.587826e-01, change in D = 5.587826e-01.
    Line search step size chosen: 1.000000e+00.
  Objective value decreased by 8.851854e-03.
Newton iteration 3.
  Active set size = 5813.
  sub-gradient = 6.933335e-02, l1-norm of X = 2.867516e+00.
  Coordinate descent sweep 1. norm of D = 8.071214e-02, change in D = 8.071214e-02.
  Coordinate descent sweep 2. norm of D = 1.026688e-01, change in D = 2.298845e-02.
    Line search step size chosen: 1.000000e+00.
  Objective value decreased by 5.749107e-04.
Newton iteration 4.
  Active set size = 5813.
  sub-gradient = 5.301199e-03, l1-norm of X = 2.938000e+00.
  Coordinate descent sweep 1. norm of D = 6.323480e-03, change in D = 6.323480e-03.
  Coordinate descent sweep 2. norm of D = 7.589524e-03, change in D = 1.283181e-03.
    Line search step size chosen: 1.000000e+00.
  Objective value decreased by 3.201466e-06.
Newton iteration 5.
  Active set size = 5813.
  sub-gradient = 2.806174e-04, l1-norm of X = 2.941048e+00.
  Coordinate descent sweep 1. norm of D = 3.654054e-04, change in D = 3.654054e-04.
  Coordinate descent sweep 2. norm of D = 4.152898e-04, change in D = 5.196018e-05.
    Line search step size chosen: 1.000000e+00.
  Objective value decreased by 2.045817e-08.
QUIC CPU time: 720.940 seconds
