[1] "GTEx"          "20"            "pooling_first" "0.94"         
[1] "Data read complete"
Running QUIC version 1.1 in 'default' mode.
Newton iteration 1.
  X is a diagonal matrix.
    Line search step size chosen: 1.000000e+00.
  Objective value decreased by 9.438363e-04.
Newton iteration 2.
  Active set size = 5788.
  sub-gradient = 1.917330e-03, l1-norm of X = 6.917171e-02.
  Coordinate descent sweep 1. norm of D = 1.912875e-03, change in D = 1.912875e-03.
    Line search step size chosen: 1.000000e+00.
  Objective value decreased by 8.082161e-07.
Newton iteration 3.
  Active set size = 5788.
  sub-gradient = 4.366106e-06, l1-norm of X = 6.922213e-02.
  Coordinate descent sweep 1. norm of D = 4.395130e-06, change in D = 4.395130e-06.
  Coordinate descent sweep 2. norm of D = 4.449162e-06, change in D = 5.403252e-08.
    Line search step size chosen: 1.000000e+00.
  Objective value decreased by 3.637979e-12.
QUIC CPU time: 434.804 seconds
