[1] "/work-zfs/abattle4/prashanthi/recount3/data/adipose/GTEx/weighted_covariances/cov_2.rds"
[1] "Data read complete"
Running QUIC version 1.1 in 'default' mode.
Newton iteration 1.
  X is a diagonal matrix.
    Line search step size 1.000000e+00.  Lack of positive definiteness.
    Line search step size 5.000000e-01.  Lack of positive definiteness.
    Line search step size 2.500000e-01.  Lack of positive definiteness.
    Line search step size 1.250000e-01.  Lack of positive definiteness.
    Line search step size chosen: 6.250000e-02.
  Objective value decreased by 8.303951e+01.
Newton iteration 2.
  Active set size = 104372.
  sub-gradient = 4.299321e+03, l1-norm of X = 9.332144e+01.
  Coordinate descent sweep 1. norm of D = 3.625466e+03, change in D = 3.625466e+03.
    Line search step size 1.000000e+00.  Lack of positive definiteness.
    Line search step size 5.000000e-01.  Lack of positive definiteness.
    Line search step size 2.500000e-01.  Lack of positive definiteness.
    Line search step size chosen: 1.250000e-01.
  Objective value decreased by 1.008997e+02.
Newton iteration 3.
  Active set size = 104378.
  sub-gradient = 3.478913e+03, l1-norm of X = 2.340643e+02.
  Coordinate descent sweep 1. norm of D = 2.486815e+03, change in D = 2.486815e+03.
  Coordinate descent sweep 2. norm of D = 2.397457e+03, change in D = 4.543726e+02.
    Line search step size 1.000000e+00.  Lack of positive definiteness.
    Line search step size chosen: 5.000000e-01.
  Objective value decreased by 1.400224e+02.
Newton iteration 4.
  Active set size = 105443.
  sub-gradient = 2.118033e+03, l1-norm of X = 5.524116e+02.
  Coordinate descent sweep 1. norm of D = 9.848811e+02, change in D = 9.848811e+02.
  Coordinate descent sweep 2. norm of D = 1.140129e+03, change in D = 2.897510e+02.
    Line search step size chosen: 1.000000e+00.
  Objective value decreased by 4.788350e+01.
Newton iteration 5.
  Active set size = 83025.
  sub-gradient = 3.431762e+02, l1-norm of X = 7.358716e+02.
  Coordinate descent sweep 1. norm of D = 2.282167e+02, change in D = 2.282167e+02.
  Coordinate descent sweep 2. norm of D = 2.997057e+02, change in D = 1.338542e+02.
    Line search step size chosen: 1.000000e+00.
  Objective value decreased by 9.442675e+00.
Newton iteration 6.
  Active set size = 80868.
  sub-gradient = 1.251502e+02, l1-norm of X = 7.571554e+02.
  Coordinate descent sweep 1. norm of D = 9.771231e+01, change in D = 9.771231e+01.
  Coordinate descent sweep 2. norm of D = 1.329801e+02, change in D = 6.967454e+01.
  Coordinate descent sweep 3. norm of D = 1.574119e+02, change in D = 4.993499e+01.
    Line search step size chosen: 1.000000e+00.
  Objective value decreased by 4.365669e+00.
Newton iteration 7.
  Active set size = 80254.
  sub-gradient = 4.543327e+01, l1-norm of X = 7.678098e+02.
  Coordinate descent sweep 1. norm of D = 4.200825e+01, change in D = 4.200825e+01.
  Coordinate descent sweep 2. norm of D = 5.878540e+01, change in D = 3.439237e+01.
  Coordinate descent sweep 3. norm of D = 7.129339e+01, change in D = 2.750706e+01.
    Line search step size chosen: 1.000000e+00.
  Objective value decreased by 1.552135e+00.
Newton iteration 8.
  Active set size = 80127.
  sub-gradient = 2.741775e+01, l1-norm of X = 7.723357e+02.
  Coordinate descent sweep 1. norm of D = 2.376751e+01, change in D = 2.376751e+01.
  Coordinate descent sweep 2. norm of D = 3.372256e+01, change in D = 2.026232e+01.
  Coordinate descent sweep 3. norm of D = 4.150542e+01, change in D = 1.702839e+01.
    Line search step size chosen: 1.000000e+00.
  Objective value decreased by 7.142160e-01.
Newton iteration 9.
  Active set size = 79983.
  sub-gradient = 1.471326e+01, l1-norm of X = 7.747524e+02.
  Coordinate descent sweep 1. norm of D = 1.474132e+01, change in D = 1.474132e+01.
  Coordinate descent sweep 2. norm of D = 2.120617e+01, change in D = 1.297588e+01.
  Coordinate descent sweep 3. norm of D = 2.638214e+01, change in D = 1.164848e+01.
  Coordinate descent sweep 4. norm of D = 3.027436e+01, change in D = 1.001873e+01.
    Line search step size chosen: 1.000000e+00.
  Objective value decreased by 4.892769e-01.
Newton iteration 10.
  Active set size = 79926.
  sub-gradient = 8.783714e+00, l1-norm of X = 7.767108e+02.
  Coordinate descent sweep 1. norm of D = 8.632213e+00, change in D = 8.632213e+00.
  Coordinate descent sweep 2. norm of D = 1.264182e+01, change in D = 8.029704e+00.
  Coordinate descent sweep 3. norm of D = 1.556929e+01, change in D = 6.958010e+00.
  Coordinate descent sweep 4. norm of D = 1.813109e+01, change in D = 6.455517e+00.
    Line search step size chosen: 1.000000e+00.
  Objective value decreased by 2.291062e-01.
Newton iteration 11.
  Active set size = 79885.
  sub-gradient = 5.299458e+00, l1-norm of X = 7.778270e+02.
  Coordinate descent sweep 1. norm of D = 5.524217e+00, change in D = 5.524217e+00.
  Coordinate descent sweep 2. norm of D = 8.141922e+00, change in D = 5.136052e+00.
  Coordinate descent sweep 3. norm of D = 1.033284e+01, change in D = 4.697398e+00.
  Coordinate descent sweep 4. norm of D = 1.218273e+01, change in D = 4.210490e+00.
    Line search step size chosen: 1.000000e+00.
  Objective value decreased by 1.296446e-01.
Newton iteration 12.
  Active set size = 79869.
  sub-gradient = 4.441513e+00, l1-norm of X = 7.785942e+02.
  Coordinate descent sweep 1. norm of D = 4.038829e+00, change in D = 4.038829e+00.
  Coordinate descent sweep 2. norm of D = 5.714207e+00, change in D = 3.488690e+00.
  Coordinate descent sweep 3. norm of D = 7.077035e+00, change in D = 3.230448e+00.
  Coordinate descent sweep 4. norm of D = 8.433954e+00, change in D = 3.121475e+00.
  Coordinate descent sweep 5. norm of D = 9.636106e+00, change in D = 2.844653e+00.
    Line search step size chosen: 1.000000e+00.
  Objective value decreased by 9.153732e-02.
Newton iteration 13.
  Active set size = 79853.
  sub-gradient = 2.573632e+00, l1-norm of X = 7.791981e+02.
  Coordinate descent sweep 1. norm of D = 2.593746e+00, change in D = 2.593746e+00.
  Coordinate descent sweep 2. norm of D = 3.716491e+00, change in D = 2.269778e+00.
  Coordinate descent sweep 3. norm of D = 4.746841e+00, change in D = 2.196037e+00.
  Coordinate descent sweep 4. norm of D = 5.626355e+00, change in D = 1.998488e+00.
  Coordinate descent sweep 5. norm of D = 6.373437e+00, change in D = 1.841495e+00.
    Line search step size chosen: 1.000000e+00.
  Objective value decreased by 4.946783e-02.
Newton iteration 14.
  Active set size = 79852.
  sub-gradient = 1.858948e+00, l1-norm of X = 7.796143e+02.
  Coordinate descent sweep 1. norm of D = 1.701601e+00, change in D = 1.701601e+00.
  Coordinate descent sweep 2. norm of D = 2.498694e+00, change in D = 1.603632e+00.
  Coordinate descent sweep 3. norm of D = 3.182994e+00, change in D = 1.555207e+00.
  Coordinate descent sweep 4. norm of D = 3.735316e+00, change in D = 1.415236e+00.
  Coordinate descent sweep 5. norm of D = 4.256607e+00, change in D = 1.306432e+00.
    Line search step size chosen: 1.000000e+00.
  Objective value decreased by 2.541451e-02.
Newton iteration 15.
  Active set size = 79845.
  sub-gradient = 1.224328e+00, l1-norm of X = 7.799036e+02.
  Coordinate descent sweep 1. norm of D = 1.248160e+00, change in D = 1.248160e+00.
  Coordinate descent sweep 2. norm of D = 1.889695e+00, change in D = 1.178444e+00.
  Coordinate descent sweep 3. norm of D = 2.369831e+00, change in D = 1.084470e+00.
  Coordinate descent sweep 4. norm of D = 2.785042e+00, change in D = 9.995333e-01.
  Coordinate descent sweep 5. norm of D = 3.266117e+00, change in D = 1.044601e+00.
  Coordinate descent sweep 6. norm of D = 3.656876e+00, change in D = 9.648674e-01.
    Line search step size chosen: 1.000000e+00.
  Objective value decreased by 1.981891e-02.
Newton iteration 16.
  Active set size = 79844.
  sub-gradient = 9.138759e-01, l1-norm of X = 7.801560e+02.
  Coordinate descent sweep 1. norm of D = 8.698931e-01, change in D = 8.698931e-01.
  Coordinate descent sweep 2. norm of D = 1.298109e+00, change in D = 8.302478e-01.
  Coordinate descent sweep 3. norm of D = 1.654376e+00, change in D = 7.830623e-01.
  Coordinate descent sweep 4. norm of D = 1.966018e+00, change in D = 7.178679e-01.
  Coordinate descent sweep 5. norm of D = 2.257304e+00, change in D = 6.953424e-01.
  Coordinate descent sweep 6. norm of D = 2.537222e+00, change in D = 6.602188e-01.
    Line search step size chosen: 1.000000e+00.
  Objective value decreased by 1.139749e-02.
Newton iteration 17.
  Active set size = 79837.
  sub-gradient = 7.078362e-01, l1-norm of X = 7.803282e+02.
  Coordinate descent sweep 1. norm of D = 6.444347e-01, change in D = 6.444347e-01.
  Coordinate descent sweep 2. norm of D = 9.370917e-01, change in D = 5.931937e-01.
  Coordinate descent sweep 3. norm of D = 1.191191e+00, change in D = 5.804468e-01.
  Coordinate descent sweep 4. norm of D = 1.448759e+00, change in D = 5.454389e-01.
  Coordinate descent sweep 5. norm of D = 1.652218e+00, change in D = 5.124595e-01.
  Coordinate descent sweep 6. norm of D = 1.841557e+00, change in D = 4.725158e-01.
    Line search step size chosen: 1.000000e+00.
  Objective value decreased by 6.634360e-03.
Newton iteration 18.
  Active set size = 79834.
  sub-gradient = 5.143567e-01, l1-norm of X = 7.804626e+02.
  Coordinate descent sweep 1. norm of D = 4.868793e-01, change in D = 4.868793e-01.
  Coordinate descent sweep 2. norm of D = 7.150758e-01, change in D = 4.514961e-01.
  Coordinate descent sweep 3. norm of D = 8.737315e-01, change in D = 4.179232e-01.
  Coordinate descent sweep 4. norm of D = 1.072114e+00, change in D = 3.913020e-01.
  Coordinate descent sweep 5. norm of D = 1.238843e+00, change in D = 3.718811e-01.
  Coordinate descent sweep 6. norm of D = 1.371726e+00, change in D = 3.746995e-01.
  Coordinate descent sweep 7. norm of D = 1.510337e+00, change in D = 3.327204e-01.
    Line search step size chosen: 1.000000e+00.
  Objective value decreased by 4.523265e-03.
Newton iteration 19.
  Active set size = 79832.
  sub-gradient = 3.689874e-01, l1-norm of X = 7.805658e+02.
  Coordinate descent sweep 1. norm of D = 3.148877e-01, change in D = 3.148877e-01.
  Coordinate descent sweep 2. norm of D = 4.669422e-01, change in D = 3.025015e-01.
  Coordinate descent sweep 3. norm of D = 5.898531e-01, change in D = 2.730498e-01.
  Coordinate descent sweep 4. norm of D = 7.119070e-01, change in D = 2.851704e-01.
  Coordinate descent sweep 5. norm of D = 8.111802e-01, change in D = 2.629657e-01.
  Coordinate descent sweep 6. norm of D = 9.242552e-01, change in D = 2.537042e-01.
  Coordinate descent sweep 7. norm of D = 1.035141e+00, change in D = 2.474125e-01.
    Line search step size chosen: 1.000000e+00.
  Objective value decreased by 2.467556e-03.
Newton iteration 20.
  Active set size = 79829.
  sub-gradient = 2.206023e-01, l1-norm of X = 7.806411e+02.
  Coordinate descent sweep 1. norm of D = 2.390408e-01, change in D = 2.390408e-01.
  Coordinate descent sweep 2. norm of D = 3.466650e-01, change in D = 2.193886e-01.
  Coordinate descent sweep 3. norm of D = 4.495516e-01, change in D = 2.230548e-01.
  Coordinate descent sweep 4. norm of D = 5.224317e-01, change in D = 2.036638e-01.
  Coordinate descent sweep 5. norm of D = 6.168629e-01, change in D = 2.020408e-01.
  Coordinate descent sweep 6. norm of D = 7.073696e-01, change in D = 1.963843e-01.
  Coordinate descent sweep 7. norm of D = 7.902195e-01, change in D = 1.833989e-01.
    Line search step size chosen: 1.000000e+00.
  Objective value decreased by 1.545991e-03.
Newton iteration 21.
  Active set size = 79828.
  sub-gradient = 1.736103e-01, l1-norm of X = 7.806990e+02.
  Coordinate descent sweep 1. norm of D = 1.709318e-01, change in D = 1.709318e-01.
  Coordinate descent sweep 2. norm of D = 2.673743e-01, change in D = 1.752494e-01.
  Coordinate descent sweep 3. norm of D = 3.462537e-01, change in D = 1.563462e-01.
  Coordinate descent sweep 4. norm of D = 4.239578e-01, change in D = 1.560072e-01.
  Coordinate descent sweep 5. norm of D = 4.781328e-01, change in D = 1.396784e-01.
  Coordinate descent sweep 6. norm of D = 5.384777e-01, change in D = 1.396637e-01.
  Coordinate descent sweep 7. norm of D = 5.834639e-01, change in D = 1.250817e-01.
  Coordinate descent sweep 8. norm of D = 6.399476e-01, change in D = 1.276212e-01.
    Line search step size chosen: 1.000000e+00.
  Objective value decreased by 9.937431e-04.
Newton iteration 22.
  Active set size = 79829.
  sub-gradient = 1.466759e-01, l1-norm of X = 7.807464e+02.
  Coordinate descent sweep 1. norm of D = 1.259634e-01, change in D = 1.259634e-01.
  Coordinate descent sweep 2. norm of D = 1.765934e-01, change in D = 1.156410e-01.
  Coordinate descent sweep 3. norm of D = 2.218946e-01, change in D = 1.092707e-01.
  Coordinate descent sweep 4. norm of D = 2.769769e-01, change in D = 1.132599e-01.
  Coordinate descent sweep 5. norm of D = 3.305237e-01, change in D = 1.115237e-01.
  Coordinate descent sweep 6. norm of D = 3.678493e-01, change in D = 9.420536e-02.
  Coordinate descent sweep 7. norm of D = 4.014550e-01, change in D = 9.206181e-02.
  Coordinate descent sweep 8. norm of D = 4.432005e-01, change in D = 9.170646e-02.
    Line search step size chosen: 1.000000e+00.
  Objective value decreased by 5.949149e-04.
Newton iteration 23.
  Active set size = 79828.
  sub-gradient = 1.059324e-01, l1-norm of X = 7.807809e+02.
  Coordinate descent sweep 1. norm of D = 9.213027e-02, change in D = 9.213027e-02.
  Coordinate descent sweep 2. norm of D = 1.366249e-01, change in D = 9.067780e-02.
  Coordinate descent sweep 3. norm of D = 1.737944e-01, change in D = 8.620699e-02.
  Coordinate descent sweep 4. norm of D = 2.071418e-01, change in D = 8.087415e-02.
  Coordinate descent sweep 5. norm of D = 2.374622e-01, change in D = 7.678041e-02.
  Coordinate descent sweep 6. norm of D = 2.688647e-01, change in D = 6.495905e-02.
  Coordinate descent sweep 7. norm of D = 3.002043e-01, change in D = 7.034238e-02.
  Coordinate descent sweep 8. norm of D = 3.258315e-01, change in D = 6.799390e-02.
    Line search step size chosen: 1.000000e+00.
  Objective value decreased by 3.396420e-04.
Newton iteration 24.
  Active set size = 79828.
  sub-gradient = 6.197530e-02, l1-norm of X = 7.808063e+02.
  Coordinate descent sweep 1. norm of D = 6.255881e-02, change in D = 6.255881e-02.
  Coordinate descent sweep 2. norm of D = 9.170167e-02, change in D = 5.715028e-02.
  Coordinate descent sweep 3. norm of D = 1.203191e-01, change in D = 6.057879e-02.
  Coordinate descent sweep 4. norm of D = 1.450067e-01, change in D = 5.402495e-02.
  Coordinate descent sweep 5. norm of D = 1.686451e-01, change in D = 5.308325e-02.
  Coordinate descent sweep 6. norm of D = 1.959082e-01, change in D = 5.701704e-02.
  Coordinate descent sweep 7. norm of D = 2.128233e-01, change in D = 5.258826e-02.
  Coordinate descent sweep 8. norm of D = 2.290146e-01, change in D = 4.499807e-02.
  Coordinate descent sweep 9. norm of D = 2.465755e-01, change in D = 4.384270e-02.
    Line search step size chosen: 1.000000e+00.
  Objective value decreased by 2.007250e-04.
QUIC CPU time: 12099.550 seconds
