[1] "/work-zfs/abattle4/prashanthi/recount3/data/adipose/GTEx/weighted_covariances/cov_2.rds"
[1] "Data read complete"
Running QUIC version 1.1 in 'default' mode.
Newton iteration 1.
  X is a diagonal matrix.
    Line search step size 1.000000e+00.  Lack of positive definiteness.
    Line search step size 5.000000e-01.  Lack of positive definiteness.
    Line search step size 2.500000e-01.  Lack of positive definiteness.
    Line search step size 1.250000e-01.  Lack of positive definiteness.
    Line search step size chosen: 6.250000e-02.
  Objective value decreased by 4.115097e+01.
Newton iteration 2.
  Active set size = 32912.
  sub-gradient = 1.674229e+03, l1-norm of X = 4.978644e+01.
  Coordinate descent sweep 1. norm of D = 1.429007e+03, change in D = 1.429007e+03.
    Line search step size 1.000000e+00.  Lack of positive definiteness.
    Line search step size 5.000000e-01.  Lack of positive definiteness.
    Line search step size 2.500000e-01.  Lack of positive definiteness.
    Line search step size chosen: 1.250000e-01.
  Objective value decreased by 5.294948e+01.
Newton iteration 3.
  Active set size = 32912.
  sub-gradient = 1.368959e+03, l1-norm of X = 1.256354e+02.
  Coordinate descent sweep 1. norm of D = 9.954256e+02, change in D = 9.954256e+02.
  Coordinate descent sweep 2. norm of D = 9.586484e+02, change in D = 2.060450e+02.
    Line search step size 1.000000e+00.  Lack of positive definiteness.
    Line search step size chosen: 5.000000e-01.
  Objective value decreased by 7.772958e+01.
Newton iteration 4.
  Active set size = 32921.
  sub-gradient = 5.960131e+02, l1-norm of X = 2.947938e+02.
  Coordinate descent sweep 1. norm of D = 4.096778e+02, change in D = 4.096778e+02.
  Coordinate descent sweep 2. norm of D = 4.916446e+02, change in D = 1.358676e+02.
    Line search step size chosen: 1.000000e+00.
  Objective value decreased by 2.658167e+01.
Newton iteration 5.
  Active set size = 27416.
  sub-gradient = 1.181616e+02, l1-norm of X = 3.934003e+02.
  Coordinate descent sweep 1. norm of D = 1.094657e+02, change in D = 1.094657e+02.
  Coordinate descent sweep 2. norm of D = 1.489721e+02, change in D = 6.419922e+01.
    Line search step size chosen: 1.000000e+00.
  Objective value decreased by 5.030651e+00.
Newton iteration 6.
  Active set size = 26828.
  sub-gradient = 5.002331e+01, l1-norm of X = 4.082502e+02.
  Coordinate descent sweep 1. norm of D = 4.606987e+01, change in D = 4.606987e+01.
  Coordinate descent sweep 2. norm of D = 6.528320e+01, change in D = 3.349802e+01.
  Coordinate descent sweep 3. norm of D = 7.748431e+01, change in D = 2.341292e+01.
    Line search step size chosen: 1.000000e+00.
  Objective value decreased by 2.024194e+00.
Newton iteration 7.
  Active set size = 26647.
  sub-gradient = 2.062744e+01, l1-norm of X = 4.160655e+02.
  Coordinate descent sweep 1. norm of D = 1.979299e+01, change in D = 1.979299e+01.
  Coordinate descent sweep 2. norm of D = 2.816745e+01, change in D = 1.535617e+01.
  Coordinate descent sweep 3. norm of D = 3.454526e+01, change in D = 1.212757e+01.
    Line search step size chosen: 1.000000e+00.
  Objective value decreased by 6.266783e-01.
Newton iteration 8.
  Active set size = 26566.
  sub-gradient = 1.130407e+01, l1-norm of X = 4.193439e+02.
  Coordinate descent sweep 1. norm of D = 1.028016e+01, change in D = 1.028016e+01.
  Coordinate descent sweep 2. norm of D = 1.503911e+01, change in D = 8.455400e+00.
  Coordinate descent sweep 3. norm of D = 1.878950e+01, change in D = 6.986810e+00.
    Line search step size chosen: 1.000000e+00.
  Objective value decreased by 2.678493e-01.
Newton iteration 9.
  Active set size = 26541.
  sub-gradient = 6.154728e+00, l1-norm of X = 4.209940e+02.
  Coordinate descent sweep 1. norm of D = 5.849161e+00, change in D = 5.849161e+00.
  Coordinate descent sweep 2. norm of D = 8.821079e+00, change in D = 5.224471e+00.
  Coordinate descent sweep 3. norm of D = 1.100827e+01, change in D = 4.357105e+00.
  Coordinate descent sweep 4. norm of D = 1.264033e+01, change in D = 3.623926e+00.
    Line search step size chosen: 1.000000e+00.
  Objective value decreased by 1.461435e-01.
Newton iteration 10.
  Active set size = 26526.
  sub-gradient = 3.515899e+00, l1-norm of X = 4.221631e+02.
  Coordinate descent sweep 1. norm of D = 3.438589e+00, change in D = 3.438589e+00.
  Coordinate descent sweep 2. norm of D = 5.144891e+00, change in D = 3.038867e+00.
  Coordinate descent sweep 3. norm of D = 6.467309e+00, change in D = 2.527323e+00.
  Coordinate descent sweep 4. norm of D = 7.606776e+00, change in D = 2.278317e+00.
    Line search step size chosen: 1.000000e+00.
  Objective value decreased by 6.601709e-02.
Newton iteration 11.
  Active set size = 26513.
  sub-gradient = 2.150350e+00, l1-norm of X = 4.228585e+02.
  Coordinate descent sweep 1. norm of D = 1.972805e+00, change in D = 1.972805e+00.
  Coordinate descent sweep 2. norm of D = 2.958262e+00, change in D = 1.790365e+00.
  Coordinate descent sweep 3. norm of D = 3.734440e+00, change in D = 1.525143e+00.
  Coordinate descent sweep 4. norm of D = 4.400479e+00, change in D = 1.386627e+00.
    Line search step size chosen: 1.000000e+00.
  Objective value decreased by 2.725898e-02.
Newton iteration 12.
  Active set size = 26509.
  sub-gradient = 1.140935e+00, l1-norm of X = 4.232737e+02.
  Coordinate descent sweep 1. norm of D = 1.173791e+00, change in D = 1.173791e+00.
  Coordinate descent sweep 2. norm of D = 1.848108e+00, change in D = 1.163338e+00.
  Coordinate descent sweep 3. norm of D = 2.387583e+00, change in D = 1.005526e+00.
  Coordinate descent sweep 4. norm of D = 2.795785e+00, change in D = 8.644492e-01.
  Coordinate descent sweep 5. norm of D = 3.161230e+00, change in D = 8.117914e-01.
    Line search step size chosen: 1.000000e+00.
  Objective value decreased by 1.522091e-02.
Newton iteration 13.
  Active set size = 26506.
  sub-gradient = 9.266195e-01, l1-norm of X = 4.235770e+02.
  Coordinate descent sweep 1. norm of D = 7.783639e-01, change in D = 7.783639e-01.
  Coordinate descent sweep 2. norm of D = 1.148256e+00, change in D = 6.656458e-01.
  Coordinate descent sweep 3. norm of D = 1.450340e+00, change in D = 6.002164e-01.
  Coordinate descent sweep 4. norm of D = 1.695785e+00, change in D = 5.380555e-01.
  Coordinate descent sweep 5. norm of D = 1.951847e+00, change in D = 4.993794e-01.
    Line search step size chosen: 1.000000e+00.
  Objective value decreased by 7.012944e-03.
Newton iteration 14.
  Active set size = 26500.
  sub-gradient = 5.295037e-01, l1-norm of X = 4.237695e+02.
  Coordinate descent sweep 1. norm of D = 4.519755e-01, change in D = 4.519755e-01.
  Coordinate descent sweep 2. norm of D = 6.610571e-01, change in D = 4.065350e-01.
  Coordinate descent sweep 3. norm of D = 8.858310e-01, change in D = 3.929634e-01.
  Coordinate descent sweep 4. norm of D = 1.048224e+00, change in D = 3.349861e-01.
  Coordinate descent sweep 5. norm of D = 1.208640e+00, change in D = 3.191042e-01.
    Line search step size chosen: 1.000000e+00.
  Objective value decreased by 3.108930e-03.
Newton iteration 15.
  Active set size = 26498.
  sub-gradient = 2.906147e-01, l1-norm of X = 4.238837e+02.
  Coordinate descent sweep 1. norm of D = 2.784109e-01, change in D = 2.784109e-01.
  Coordinate descent sweep 2. norm of D = 4.279782e-01, change in D = 2.764022e-01.
  Coordinate descent sweep 3. norm of D = 5.603329e-01, change in D = 2.510647e-01.
  Coordinate descent sweep 4. norm of D = 6.617894e-01, change in D = 2.159132e-01.
  Coordinate descent sweep 5. norm of D = 7.537723e-01, change in D = 2.037441e-01.
  Coordinate descent sweep 6. norm of D = 8.341599e-01, change in D = 1.878470e-01.
    Line search step size chosen: 1.000000e+00.
  Objective value decreased by 1.641575e-03.
Newton iteration 16.
  Active set size = 26497.
  sub-gradient = 1.789824e-01, l1-norm of X = 4.239706e+02.
  Coordinate descent sweep 1. norm of D = 1.734599e-01, change in D = 1.734599e-01.
  Coordinate descent sweep 2. norm of D = 2.711728e-01, change in D = 1.645331e-01.
  Coordinate descent sweep 3. norm of D = 3.527056e-01, change in D = 1.443238e-01.
  Coordinate descent sweep 4. norm of D = 4.178298e-01, change in D = 1.335719e-01.
  Coordinate descent sweep 5. norm of D = 4.698220e-01, change in D = 1.167957e-01.
  Coordinate descent sweep 6. norm of D = 5.319745e-01, change in D = 1.171053e-01.
    Line search step size chosen: 1.000000e+00.
  Objective value decreased by 7.484679e-04.
Newton iteration 17.
  Active set size = 26498.
  sub-gradient = 1.151221e-01, l1-norm of X = 4.240232e+02.
  Coordinate descent sweep 1. norm of D = 1.088788e-01, change in D = 1.088788e-01.
  Coordinate descent sweep 2. norm of D = 1.741108e-01, change in D = 1.060288e-01.
  Coordinate descent sweep 3. norm of D = 2.116545e-01, change in D = 8.458458e-02.
  Coordinate descent sweep 4. norm of D = 2.614149e-01, change in D = 8.649582e-02.
  Coordinate descent sweep 5. norm of D = 3.047992e-01, change in D = 8.105527e-02.
  Coordinate descent sweep 6. norm of D = 3.369436e-01, change in D = 7.038791e-02.
    Line search step size chosen: 1.000000e+00.
  Objective value decreased by 3.520514e-04.
Newton iteration 18.
  Active set size = 26496.
  sub-gradient = 7.488696e-02, l1-norm of X = 4.240592e+02.
  Coordinate descent sweep 1. norm of D = 6.503980e-02, change in D = 6.503980e-02.
  Coordinate descent sweep 2. norm of D = 9.794460e-02, change in D = 6.270311e-02.
  Coordinate descent sweep 3. norm of D = 1.321436e-01, change in D = 5.974684e-02.
  Coordinate descent sweep 4. norm of D = 1.634638e-01, change in D = 5.662277e-02.
  Coordinate descent sweep 5. norm of D = 1.862376e-01, change in D = 4.967410e-02.
  Coordinate descent sweep 6. norm of D = 2.070240e-01, change in D = 4.618337e-02.
  Coordinate descent sweep 7. norm of D = 2.258228e-01, change in D = 4.349102e-02.
    Line search step size chosen: 1.000000e+00.
  Objective value decreased by 1.595317e-04.
Newton iteration 19.
  Active set size = 26496.
  sub-gradient = 3.816950e-02, l1-norm of X = 4.240825e+02.
  Coordinate descent sweep 1. norm of D = 4.030214e-02, change in D = 4.030214e-02.
  Coordinate descent sweep 2. norm of D = 6.230849e-02, change in D = 3.842489e-02.
  Coordinate descent sweep 3. norm of D = 8.003661e-02, change in D = 3.389826e-02.
  Coordinate descent sweep 4. norm of D = 9.967670e-02, change in D = 3.582225e-02.
  Coordinate descent sweep 5. norm of D = 1.135445e-01, change in D = 3.032961e-02.
  Coordinate descent sweep 6. norm of D = 1.311002e-01, change in D = 3.032423e-02.
  Coordinate descent sweep 7. norm of D = 1.427128e-01, change in D = 2.648617e-02.
    Line search step size chosen: 1.000000e+00.
  Objective value decreased by 7.050340e-05.
QUIC CPU time: 9122.250 seconds
