[1] "/work-zfs/abattle4/prashanthi/recount3/data/adipose/GTEx/weighted_covariances/cov_2.rds"
[1] "Data read complete"
Running QUIC version 1.1 in 'default' mode.
Newton iteration 1.
  X is a diagonal matrix.
    Line search step size chosen: 1.000000e+00.
  Objective value decreased by 1.943587e+00.
Newton iteration 2.
  Active set size = 9878.
  sub-gradient = 2.407823e+01, l1-norm of X = 2.631096e+01.
  Coordinate descent sweep 1. norm of D = 6.127323e+00, change in D = 6.127323e+00.
    Line search step size chosen: 1.000000e+00.
  Objective value decreased by 5.637658e-01.
Newton iteration 3.
  Active set size = 9875.
  sub-gradient = 6.457869e+00, l1-norm of X = 2.374761e+01.
  Coordinate descent sweep 1. norm of D = 3.230462e+00, change in D = 3.230462e+00.
  Coordinate descent sweep 2. norm of D = 3.511102e+00, change in D = 1.220860e+00.
    Line search step size chosen: 1.000000e+00.
  Objective value decreased by 1.770512e-01.
Newton iteration 4.
  Active set size = 9874.
  sub-gradient = 1.606708e+00, l1-norm of X = 2.391032e+01.
  Coordinate descent sweep 1. norm of D = 8.159198e-01, change in D = 8.159198e-01.
  Coordinate descent sweep 2. norm of D = 9.706195e-01, change in D = 4.774428e-01.
    Line search step size chosen: 1.000000e+00.
  Objective value decreased by 2.476029e-02.
Newton iteration 5.
  Active set size = 9875.
  sub-gradient = 2.457710e-01, l1-norm of X = 2.372081e+01.
  Coordinate descent sweep 1. norm of D = 2.088592e-01, change in D = 2.088592e-01.
  Coordinate descent sweep 2. norm of D = 2.465265e-01, change in D = 7.368615e-02.
    Line search step size chosen: 1.000000e+00.
  Objective value decreased by 1.911676e-03.
Newton iteration 6.
  Active set size = 9875.
  sub-gradient = 2.341031e-02, l1-norm of X = 2.367698e+01.
  Coordinate descent sweep 1. norm of D = 2.267001e-02, change in D = 2.267001e-02.
  Coordinate descent sweep 2. norm of D = 2.859029e-02, change in D = 1.049374e-02.
  Coordinate descent sweep 3. norm of D = 3.140806e-02, change in D = 4.334388e-03.
    Line search step size chosen: 1.000000e+00.
  Objective value decreased by 1.939548e-05.
Newton iteration 7.
  Active set size = 9875.
  sub-gradient = 1.925198e-03, l1-norm of X = 2.367793e+01.
  Coordinate descent sweep 1. norm of D = 1.901495e-03, change in D = 1.901495e-03.
  Coordinate descent sweep 2. norm of D = 2.113485e-03, change in D = 5.845750e-04.
  Coordinate descent sweep 3. norm of D = 2.246701e-03, change in D = 2.216545e-04.
    Line search step size chosen: 1.000000e+00.
  Objective value decreased by 8.365714e-08.
QUIC CPU time: 2768.600 seconds
