[1] "/work-zfs/abattle4/prashanthi/recount3/data/adipose/GTEx/weighted_covariances/cov_2.rds"
[1] "Data read complete"
Running QUIC version 1.1 in 'default' mode.
Newton iteration 1.
  X is a diagonal matrix.
    Line search step size chosen: 1.000000e+00.
  Objective value decreased by 4.603300e-02.
Newton iteration 2.
  Active set size = 9678.
  sub-gradient = 1.334751e-01, l1-norm of X = 1.457419e+00.
  Coordinate descent sweep 1. norm of D = 1.197989e-01, change in D = 1.197989e-01.
    Line search step size chosen: 1.000000e+00.
  Objective value decreased by 4.828661e-04.
Newton iteration 3.
  Active set size = 9678.
  sub-gradient = 1.011208e-02, l1-norm of X = 1.411323e+00.
  Coordinate descent sweep 1. norm of D = 9.675380e-03, change in D = 9.675380e-03.
  Coordinate descent sweep 2. norm of D = 9.781478e-03, change in D = 1.092145e-03.
    Line search step size chosen: 1.000000e+00.
  Objective value decreased by 8.378702e-06.
Newton iteration 4.
  Active set size = 9678.
  sub-gradient = 7.985035e-05, l1-norm of X = 1.420986e+00.
  Coordinate descent sweep 1. norm of D = 7.804756e-05, change in D = 7.804756e-05.
  Coordinate descent sweep 2. norm of D = 9.011573e-05, change in D = 1.563680e-05.
    Line search step size chosen: 1.000000e+00.
  Objective value decreased by 6.966729e-10.
QUIC CPU time: 1669.100 seconds
