[1] "/work-zfs/abattle4/prashanthi/recount3/data/adipose/GTEx/weighted_covariances/cov_2.rds"
[1] "Data read complete"
Running QUIC version 1.1 in 'default' mode.
Newton iteration 1.
  X is a diagonal matrix.
    Line search step size chosen: 1.000000e+00.
  Objective value decreased by 7.719466e-03.
Newton iteration 2.
  Active set size = 9669.
  sub-gradient = 2.090489e-02, l1-norm of X = 4.628872e-01.
  Coordinate descent sweep 1. norm of D = 1.983519e-02, change in D = 1.983519e-02.
    Line search step size chosen: 1.000000e+00.
  Objective value decreased by 2.410707e-05.
Newton iteration 3.
  Active set size = 9669.
  sub-gradient = 1.010079e-03, l1-norm of X = 4.548515e-01.
  Coordinate descent sweep 1. norm of D = 1.020148e-03, change in D = 1.020148e-03.
  Coordinate descent sweep 2. norm of D = 1.036246e-03, change in D = 3.184345e-05.
    Line search step size chosen: 1.000000e+00.
  Objective value decreased by 2.311062e-07.
Newton iteration 4.
  Active set size = 9669.
  sub-gradient = 5.776522e-07, l1-norm of X = 4.560724e-01.
  Coordinate descent sweep 1. norm of D = 6.175235e-07, change in D = 6.175235e-07.
  Coordinate descent sweep 2. norm of D = 6.306405e-07, change in D = 1.859083e-08.
    Line search step size 1.000000e+00.
      Objective value would not decrease sufficiently: 1.818989e-12.
    Line search step size 5.000000e-01.
      Objective value would not decrease sufficiently: 3.637979e-12.
  Objective value decreased by 0.000000e+00.
QUIC CPU time: 1855.980 seconds
