[1] "/data/abattle4/prashanthi/recount3/data/myeloid_cells/all/weighted_covariances/cov_29.rds"
[1] "Data read complete"
Running QUIC version 1.1 in 'default' mode.
Newton iteration 1.
  X is a diagonal matrix.
    Line search step size 1.000000e+00.  Lack of positive definiteness.
    Line search step size 5.000000e-01.  Lack of positive definiteness.
    Line search step size 2.500000e-01.  Lack of positive definiteness.
    Line search step size 1.250000e-01.  Lack of positive definiteness.
    Line search step size chosen: 6.250000e-02.
  Objective value decreased by 1.331116e+01.
Newton iteration 2.
  Active set size = 14343.
  sub-gradient = 5.502871e+02, l1-norm of X = 2.185790e+01.
  Coordinate descent sweep 1. norm of D = 3.281661e+02, change in D = 3.281661e+02.
    Line search step size 1.000000e+00.  Lack of positive definiteness.
    Line search step size 5.000000e-01.  Lack of positive definiteness.
    Line search step size 2.500000e-01.  Lack of positive definiteness.
    Line search step size chosen: 1.250000e-01.
  Objective value decreased by 9.482984e+00.
Newton iteration 3.
  Active set size = 14343.
  sub-gradient = 4.207394e+02, l1-norm of X = 4.309520e+01.
  Coordinate descent sweep 1. norm of D = 2.109462e+02, change in D = 2.109462e+02.
  Coordinate descent sweep 2. norm of D = 2.053223e+02, change in D = 4.686945e+01.
    Line search step size 1.000000e+00.  Lack of positive definiteness.
    Line search step size chosen: 5.000000e-01.
  Objective value decreased by 1.301523e+01.
Newton iteration 4.
  Active set size = 14343.
  sub-gradient = 2.501362e+02, l1-norm of X = 8.509070e+01.
  Coordinate descent sweep 1. norm of D = 9.294362e+01, change in D = 9.294362e+01.
  Coordinate descent sweep 2. norm of D = 1.068245e+02, change in D = 2.849890e+01.
    Line search step size chosen: 1.000000e+00.
  Objective value decreased by 4.442452e+00.
Newton iteration 5.
  Active set size = 12056.
  sub-gradient = 2.900345e+01, l1-norm of X = 1.115172e+02.
  Coordinate descent sweep 1. norm of D = 2.122018e+01, change in D = 2.122018e+01.
  Coordinate descent sweep 2. norm of D = 2.749261e+01, change in D = 1.111629e+01.
    Line search step size chosen: 1.000000e+00.
  Objective value decreased by 4.982445e-01.
Newton iteration 6.
  Active set size = 11908.
  sub-gradient = 8.426597e+00, l1-norm of X = 1.143222e+02.
  Coordinate descent sweep 1. norm of D = 7.500891e+00, change in D = 7.500891e+00.
  Coordinate descent sweep 2. norm of D = 9.966523e+00, change in D = 4.662034e+00.
  Coordinate descent sweep 3. norm of D = 1.146725e+01, change in D = 3.043577e+00.
    Line search step size chosen: 1.000000e+00.
  Objective value decreased by 1.200518e-01.
Newton iteration 7.
  Active set size = 11834.
  sub-gradient = 2.344119e+00, l1-norm of X = 1.154434e+02.
  Coordinate descent sweep 1. norm of D = 2.280929e+00, change in D = 2.280929e+00.
  Coordinate descent sweep 2. norm of D = 3.087220e+00, change in D = 1.514267e+00.
  Coordinate descent sweep 3. norm of D = 3.603654e+00, change in D = 1.049487e+00.
    Line search step size chosen: 1.000000e+00.
  Objective value decreased by 1.692687e-02.
Newton iteration 8.
  Active set size = 11834.
  sub-gradient = 1.946452e+00, l1-norm of X = 1.157479e+02.
  Coordinate descent sweep 1. norm of D = 7.921380e-01, change in D = 7.921380e-01.
  Coordinate descent sweep 2. norm of D = 1.060810e+00, change in D = 5.557125e-01.
  Coordinate descent sweep 3. norm of D = 1.226653e+00, change in D = 4.097596e-01.
    Line search step size chosen: 1.000000e+00.
  Objective value decreased by 2.927204e-03.
Newton iteration 9.
  Active set size = 11802.
  sub-gradient = 3.219010e-01, l1-norm of X = 1.158479e+02.
  Coordinate descent sweep 1. norm of D = 2.967029e-01, change in D = 2.967029e-01.
  Coordinate descent sweep 2. norm of D = 4.037263e-01, change in D = 2.311851e-01.
  Coordinate descent sweep 3. norm of D = 4.770469e-01, change in D = 1.694835e-01.
  Coordinate descent sweep 4. norm of D = 5.278090e-01, change in D = 1.380082e-01.
    Line search step size chosen: 1.000000e+00.
  Objective value decreased by 6.108313e-04.
Newton iteration 10.
  Active set size = 11801.
  sub-gradient = 1.096166e-01, l1-norm of X = 1.158836e+02.
  Coordinate descent sweep 1. norm of D = 1.028521e-01, change in D = 1.028521e-01.
  Coordinate descent sweep 2. norm of D = 1.444196e-01, change in D = 8.526393e-02.
  Coordinate descent sweep 3. norm of D = 1.711644e-01, change in D = 6.483822e-02.
  Coordinate descent sweep 4. norm of D = 1.910340e-01, change in D = 5.017946e-02.
    Line search step size chosen: 1.000000e+00.
  Objective value decreased by 1.027015e-04.
Newton iteration 11.
  Active set size = 11798.
  sub-gradient = 5.333077e-02, l1-norm of X = 1.158972e+02.
  Coordinate descent sweep 1. norm of D = 4.209771e-02, change in D = 4.209771e-02.
  Coordinate descent sweep 2. norm of D = 5.528118e-02, change in D = 3.210930e-02.
  Coordinate descent sweep 3. norm of D = 6.506330e-02, change in D = 2.593698e-02.
  Coordinate descent sweep 4. norm of D = 7.138095e-02, change in D = 2.128550e-02.
    Line search step size chosen: 1.000000e+00.
  Objective value decreased by 1.793648e-05.
Newton iteration 12.
  Active set size = 11798.
  sub-gradient = 1.681101e-02, l1-norm of X = 1.159009e+02.
  Coordinate descent sweep 1. norm of D = 1.700203e-02, change in D = 1.700203e-02.
  Coordinate descent sweep 2. norm of D = 2.310134e-02, change in D = 1.461333e-02.
  Coordinate descent sweep 3. norm of D = 2.609432e-02, change in D = 1.096921e-02.
  Coordinate descent sweep 4. norm of D = 2.960402e-02, change in D = 9.856213e-03.
  Coordinate descent sweep 5. norm of D = 3.187054e-02, change in D = 7.914416e-03.
    Line search step size chosen: 1.000000e+00.
  Objective value decreased by 3.865747e-06.
Newton iteration 13.
  Active set size = 11798.
  sub-gradient = 5.023189e-03, l1-norm of X = 1.159028e+02.
  Coordinate descent sweep 1. norm of D = 5.834727e-03, change in D = 5.834727e-03.
  Coordinate descent sweep 2. norm of D = 8.093307e-03, change in D = 5.005455e-03.
  Coordinate descent sweep 3. norm of D = 9.366161e-03, change in D = 3.926506e-03.
  Coordinate descent sweep 4. norm of D = 9.942541e-03, change in D = 3.103047e-03.
  Coordinate descent sweep 5. norm of D = 1.073944e-02, change in D = 2.864858e-03.
    Line search step size chosen: 1.000000e+00.
  Objective value decreased by 5.096672e-07.
QUIC CPU time: 3903.725 seconds
