[1] "/data/abattle4/prashanthi/recount3/data/myeloid_cells/all/weighted_covariances/cov_29.rds"
[1] "Data read complete"
Running QUIC version 1.1 in 'default' mode.
Newton iteration 1.
  X is a diagonal matrix.
    Line search step size chosen: 1.000000e+00.
  Objective value decreased by 1.531935e-01.
Newton iteration 2.
  Active set size = 7408.
  sub-gradient = 7.295102e-01, l1-norm of X = 3.058856e+00.
  Coordinate descent sweep 1. norm of D = 5.293388e-01, change in D = 5.293388e-01.
    Line search step size chosen: 1.000000e+00.
  Objective value decreased by 5.665867e-03.
Newton iteration 3.
  Active set size = 7404.
  sub-gradient = 1.045626e-01, l1-norm of X = 2.737036e+00.
  Coordinate descent sweep 1. norm of D = 1.044119e-01, change in D = 1.044119e-01.
  Coordinate descent sweep 2. norm of D = 1.146095e-01, change in D = 2.415535e-02.
    Line search step size chosen: 1.000000e+00.
  Objective value decreased by 4.733907e-04.
Newton iteration 4.
  Active set size = 7404.
  sub-gradient = 6.020559e-03, l1-norm of X = 2.821766e+00.
  Coordinate descent sweep 1. norm of D = 6.370493e-03, change in D = 6.370493e-03.
  Coordinate descent sweep 2. norm of D = 7.468522e-03, change in D = 1.912617e-03.
    Line search step size chosen: 1.000000e+00.
  Objective value decreased by 2.901640e-06.
Newton iteration 5.
  Active set size = 7404.
  sub-gradient = 2.374610e-04, l1-norm of X = 2.826337e+00.
  Coordinate descent sweep 1. norm of D = 2.519229e-04, change in D = 2.519229e-04.
  Coordinate descent sweep 2. norm of D = 2.923727e-04, change in D = 6.509968e-05.
    Line search step size chosen: 1.000000e+00.
  Objective value decreased by 4.179128e-09.
QUIC CPU time: 1547.773 seconds
