[1] "sra_normal" "100"        "weighted"   "0.08"      
[1] "Data read complete"
Running QUIC version 1.1 in 'default' mode.
Newton iteration 1.
  X is a diagonal matrix.
    Line search step size 1.000000e+00.  Lack of positive definiteness.
    Line search step size 5.000000e-01.  Lack of positive definiteness.
    Line search step size 2.500000e-01.  Lack of positive definiteness.
    Line search step size 1.250000e-01.  Lack of positive definiteness.
    Line search step size 6.250000e-02.  Lack of positive definiteness.
    Line search step size chosen: 3.125000e-02.
  Objective value decreased by 1.930869e+02.
Newton iteration 2.
  Active set size = 1645723.
  sub-gradient = 4.270677e+04, l1-norm of X = 2.403597e+02.
  Coordinate descent sweep 1. norm of D = 1.800160e+04, change in D = 1.800160e+04.
    Line search step size 1.000000e+00.  Lack of positive definiteness.
    Line search step size 5.000000e-01.  Lack of positive definiteness.
    Line search step size 2.500000e-01.  Lack of positive definiteness.
    Line search step size 1.250000e-01.  Lack of positive definiteness.
    Line search step size 6.250000e-02.  Lack of positive definiteness.
    Line search step size chosen: 3.125000e-02.
  Objective value decreased by 6.048681e+01.
Newton iteration 3.
  Active set size = 1646607.
  sub-gradient = 3.956868e+04, l1-norm of X = 3.234974e+02.
  Coordinate descent sweep 1. norm of D = 1.239563e+04, change in D = 1.239563e+04.
  Coordinate descent sweep 2. norm of D = 1.065679e+04, change in D = 3.411181e+03.
    Line search step size 1.000000e+00.  Lack of positive definiteness.
    Line search step size 5.000000e-01.  Lack of positive definiteness.
    Line search step size 2.500000e-01.  Lack of positive definiteness.
    Line search step size 1.250000e-01.  Lack of positive definiteness.
    Line search step size chosen: 6.250000e-02.
  Objective value decreased by 6.358251e+01.
Newton iteration 4.
  Active set size = 1649494.
  sub-gradient = 3.459497e+04, l1-norm of X = 4.103551e+02.
  Coordinate descent sweep 1. norm of D = 8.852724e+03, change in D = 8.852724e+03.
  Coordinate descent sweep 2. norm of D = 7.838625e+03, change in D = 2.298551e+03.
    Line search step size 1.000000e+00.  Lack of positive definiteness.
    Line search step size 5.000000e-01.  Lack of positive definiteness.
    Line search step size 2.500000e-01.  Lack of positive definiteness.
    Line search step size chosen: 1.250000e-01.
  Objective value decreased by 7.612874e+01.
Newton iteration 5.
  Active set size = 1660084.
  sub-gradient = 2.818402e+04, l1-norm of X = 5.199916e+02.
  Coordinate descent sweep 1. norm of D = 5.915501e+03, change in D = 5.915501e+03.
  Coordinate descent sweep 2. norm of D = 5.589390e+03, change in D = 1.473833e+03.
    Line search step size 1.000000e+00.  Lack of positive definiteness.
    Line search step size 5.000000e-01.  Lack of positive definiteness.
    Line search step size chosen: 2.500000e-01.
  Objective value decreased by 7.722208e+01.
Newton iteration 6.
  Active set size = 1676385.
  sub-gradient = 3.378952e+04, l1-norm of X = 6.371534e+02.
  Coordinate descent sweep 1. norm of D = 3.794943e+03, change in D = 3.794943e+03.
  Coordinate descent sweep 2. norm of D = 3.873437e+03, change in D = 9.950744e+02.
  Coordinate descent sweep 3. norm of D = 3.959061e+03, change in D = 3.406045e+02.
    Line search step size 1.000000e+00.  Lack of positive definiteness.
    Line search step size chosen: 5.000000e-01.
  Objective value decreased by 7.034237e+01.
Newton iteration 7.
  Active set size = 1692484.
  sub-gradient = 5.023422e+04, l1-norm of X = 7.540341e+02.
  Coordinate descent sweep 1. norm of D = 1.843181e+03, change in D = 1.843181e+03.
  Coordinate descent sweep 2. norm of D = 2.030727e+03, change in D = 5.788074e+02.
  Coordinate descent sweep 3. norm of D = 2.111546e+03, change in D = 2.660124e+02.
    Line search step size chosen: 1.000000e+00.
  Objective value decreased by 4.050490e+01.
Newton iteration 8.
  Active set size = 365600.
  sub-gradient = 1.339319e+03, l1-norm of X = 8.377364e+02.
  Coordinate descent sweep 1. norm of D = 2.194245e+02, change in D = 2.194245e+02.
  Coordinate descent sweep 2. norm of D = 2.529338e+02, change in D = 1.357243e+02.
  Coordinate descent sweep 3. norm of D = 2.727456e+02, change in D = 7.871049e+01.
    Line search step size chosen: 1.000000e+00.
  Objective value decreased by 1.356140e+00.
Newton iteration 9.
  Active set size = 348685.
  sub-gradient = 1.813264e+02, l1-norm of X = 8.445334e+02.
  Coordinate descent sweep 1. norm of D = 5.364109e+01, change in D = 5.364109e+01.
  Coordinate descent sweep 2. norm of D = 6.186642e+01, change in D = 3.676183e+01.
  Coordinate descent sweep 3. norm of D = 6.645403e+01, change in D = 2.555122e+01.
  Coordinate descent sweep 4. norm of D = 6.909911e+01, change in D = 1.778657e+01.
    Line search step size chosen: 1.000000e+00.
  Objective value decreased by 1.925952e-01.
Newton iteration 10.
  Active set size = 346419.
  sub-gradient = 2.188256e+01, l1-norm of X = 8.459520e+02.
  Coordinate descent sweep 1. norm of D = 1.359147e+01, change in D = 1.359147e+01.
  Coordinate descent sweep 2. norm of D = 1.547324e+01, change in D = 1.066398e+01.
  Coordinate descent sweep 3. norm of D = 1.647760e+01, change in D = 8.296440e+00.
  Coordinate descent sweep 4. norm of D = 1.702817e+01, change in D = 6.355633e+00.
    Line search step size chosen: 1.000000e+00.
  Objective value decreased by 2.759977e-02.
Newton iteration 11.
  Active set size = 346367.
  sub-gradient = 6.790969e+00, l1-norm of X = 8.462012e+02.
  Coordinate descent sweep 1. norm of D = 5.335082e+00, change in D = 5.335082e+00.
  Coordinate descent sweep 2. norm of D = 5.961368e+00, change in D = 4.473148e+00.
  Coordinate descent sweep 3. norm of D = 6.258865e+00, change in D = 3.690136e+00.
  Coordinate descent sweep 4. norm of D = 6.391912e+00, change in D = 2.977849e+00.
    Line search step size chosen: 1.000000e+00.
  Objective value decreased by 7.007815e-03.
Newton iteration 12.
  Active set size = 346266.
  sub-gradient = 2.678484e+00, l1-norm of X = 8.462758e+02.
  Coordinate descent sweep 1. norm of D = 2.435240e+00, change in D = 2.435240e+00.
  Coordinate descent sweep 2. norm of D = 2.795975e+00, change in D = 2.047861e+00.
  Coordinate descent sweep 3. norm of D = 2.922352e+00, change in D = 1.720774e+00.
  Coordinate descent sweep 4. norm of D = 3.004388e+00, change in D = 1.493486e+00.
  Coordinate descent sweep 5. norm of D = 3.042574e+00, change in D = 1.241043e+00.
    Line search step size chosen: 1.000000e+00.
  Objective value decreased by 2.285116e-03.
Newton iteration 13.
  Active set size = 346261.
  sub-gradient = 1.006794e+00, l1-norm of X = 8.463099e+02.
  Coordinate descent sweep 1. norm of D = 1.020194e+00, change in D = 1.020194e+00.
  Coordinate descent sweep 2. norm of D = 1.175704e+00, change in D = 8.777603e-01.
  Coordinate descent sweep 3. norm of D = 1.238070e+00, change in D = 7.775091e-01.
  Coordinate descent sweep 4. norm of D = 1.276387e+00, change in D = 6.781147e-01.
  Coordinate descent sweep 5. norm of D = 1.285978e+00, change in D = 5.637926e-01.
    Line search step size chosen: 1.000000e+00.
  Objective value decreased by 5.030745e-04.
Newton iteration 14.
  Active set size = 346240.
  sub-gradient = 4.377769e-01, l1-norm of X = 8.463225e+02.
  Coordinate descent sweep 1. norm of D = 4.730382e-01, change in D = 4.730382e-01.
  Coordinate descent sweep 2. norm of D = 5.295818e-01, change in D = 4.051676e-01.
  Coordinate descent sweep 3. norm of D = 5.509013e-01, change in D = 3.424569e-01.
  Coordinate descent sweep 4. norm of D = 5.687646e-01, change in D = 3.000883e-01.
  Coordinate descent sweep 5. norm of D = 5.795185e-01, change in D = 2.665896e-01.
    Line search step size chosen: 1.000000e+00.
  Objective value decreased by 1.481144e-04.
Newton iteration 15.
  Active set size = 346236.
  sub-gradient = 2.116156e-01, l1-norm of X = 8.463284e+02.
  Coordinate descent sweep 1. norm of D = 2.428254e-01, change in D = 2.428254e-01.
  Coordinate descent sweep 2. norm of D = 2.624452e-01, change in D = 2.025462e-01.
  Coordinate descent sweep 3. norm of D = 2.701629e-01, change in D = 1.700921e-01.
  Coordinate descent sweep 4. norm of D = 2.829170e-01, change in D = 1.535039e-01.
  Coordinate descent sweep 5. norm of D = 2.899437e-01, change in D = 1.421026e-01.
  Coordinate descent sweep 6. norm of D = 2.842575e-01, change in D = 1.154555e-01.
    Line search step size chosen: 1.000000e+00.
  Objective value decreased by 4.457183e-05.
Newton iteration 16.
  Active set size = 346236.
  sub-gradient = 1.374733e-01, l1-norm of X = 8.463315e+02.
  Coordinate descent sweep 1. norm of D = 1.004263e-01, change in D = 1.004263e-01.
  Coordinate descent sweep 2. norm of D = 1.033493e-01, change in D = 8.148758e-02.
  Coordinate descent sweep 3. norm of D = 1.115758e-01, change in D = 7.118349e-02.
  Coordinate descent sweep 4. norm of D = 1.136566e-01, change in D = 6.657245e-02.
  Coordinate descent sweep 5. norm of D = 1.140872e-01, change in D = 5.671995e-02.
  Coordinate descent sweep 6. norm of D = 1.166241e-01, change in D = 4.997765e-02.
    Line search step size chosen: 1.000000e+00.
  Objective value decreased by 1.103314e-05.
Newton iteration 17.
  Active set size = 346234.
  sub-gradient = 4.252457e-02, l1-norm of X = 8.463327e+02.
  Coordinate descent sweep 1. norm of D = 4.334318e-02, change in D = 4.334318e-02.
  Coordinate descent sweep 2. norm of D = 4.837131e-02, change in D = 3.848290e-02.
  Coordinate descent sweep 3. norm of D = 5.014752e-02, change in D = 3.376916e-02.
  Coordinate descent sweep 4. norm of D = 5.107327e-02, change in D = 2.955288e-02.
  Coordinate descent sweep 5. norm of D = 5.226949e-02, change in D = 2.655482e-02.
  Coordinate descent sweep 6. norm of D = 5.279522e-02, change in D = 2.345344e-02.
    Line search step size chosen: 1.000000e+00.
  Objective value decreased by 2.737818e-06.
QUIC CPU time: 5224.490 seconds
