[1] "sra_normal" "100"        "weighted"   "0.40"      
[1] "Data read complete"
Running QUIC version 1.1 in 'default' mode.
Newton iteration 1.
  X is a diagonal matrix.
    Line search step size 1.000000e+00.  Lack of positive definiteness.
    Line search step size chosen: 5.000000e-01.
  Objective value decreased by 3.101229e+00.
Newton iteration 2.
  Active set size = 6696.
  sub-gradient = 2.989777e+01, l1-norm of X = 2.034213e+01.
  Coordinate descent sweep 1. norm of D = 1.579080e+01, change in D = 1.579080e+01.
    Line search step size chosen: 1.000000e+00.
  Objective value decreased by 6.334096e-01.
Newton iteration 3.
  Active set size = 6566.
  sub-gradient = 6.509247e+00, l1-norm of X = 2.505681e+01.
  Coordinate descent sweep 1. norm of D = 5.109627e+00, change in D = 5.109627e+00.
  Coordinate descent sweep 2. norm of D = 5.603435e+00, change in D = 1.335483e+00.
    Line search step size chosen: 1.000000e+00.
  Objective value decreased by 8.505660e-02.
Newton iteration 4.
  Active set size = 6532.
  sub-gradient = 8.203480e-01, l1-norm of X = 2.540955e+01.
  Coordinate descent sweep 1. norm of D = 7.519866e-01, change in D = 7.519866e-01.
  Coordinate descent sweep 2. norm of D = 8.782483e-01, change in D = 2.803748e-01.
    Line search step size chosen: 1.000000e+00.
  Objective value decreased by 3.395870e-03.
Newton iteration 5.
  Active set size = 6530.
  sub-gradient = 1.259559e-01, l1-norm of X = 2.548883e+01.
  Coordinate descent sweep 1. norm of D = 1.260596e-01, change in D = 1.260596e-01.
  Coordinate descent sweep 2. norm of D = 1.527382e-01, change in D = 5.465179e-02.
    Line search step size chosen: 1.000000e+00.
  Objective value decreased by 1.815378e-04.
Newton iteration 6.
  Active set size = 6530.
  sub-gradient = 2.257493e-02, l1-norm of X = 2.550973e+01.
  Coordinate descent sweep 1. norm of D = 2.454924e-02, change in D = 2.454924e-02.
  Coordinate descent sweep 2. norm of D = 2.881338e-02, change in D = 9.669471e-03.
  Coordinate descent sweep 3. norm of D = 3.181852e-02, change in D = 5.057905e-03.
    Line search step size chosen: 1.000000e+00.
  Objective value decreased by 1.472196e-05.
Newton iteration 7.
  Active set size = 6530.
  sub-gradient = 2.056526e-03, l1-norm of X = 2.551501e+01.
  Coordinate descent sweep 1. norm of D = 2.064911e-03, change in D = 2.064911e-03.
  Coordinate descent sweep 2. norm of D = 2.424384e-03, change in D = 6.680244e-04.
  Coordinate descent sweep 3. norm of D = 2.723911e-03, change in D = 4.058188e-04.
    Line search step size chosen: 1.000000e+00.
  Objective value decreased by 1.408198e-07.
QUIC CPU time: 582.170 seconds
