[1] "sra_normal" "300"        "weighted"   "0.08"      
[1] "Data read complete"
Running QUIC version 1.1 in 'default' mode.
Newton iteration 1.
  X is a diagonal matrix.
    Line search step size 1.000000e+00.  Lack of positive definiteness.
    Line search step size 5.000000e-01.  Lack of positive definiteness.
    Line search step size 2.500000e-01.  Lack of positive definiteness.
    Line search step size 1.250000e-01.  Lack of positive definiteness.
    Line search step size 6.250000e-02.  Lack of positive definiteness.
    Line search step size chosen: 3.125000e-02.
  Objective value decreased by 1.418131e+02.
Newton iteration 2.
  Active set size = 979906.
  sub-gradient = 2.854338e+04, l1-norm of X = 1.520710e+02.
  Coordinate descent sweep 1. norm of D = 1.449970e+04, change in D = 1.449970e+04.
    Line search step size 1.000000e+00.  Lack of positive definiteness.
    Line search step size 5.000000e-01.  Lack of positive definiteness.
    Line search step size 2.500000e-01.  Lack of positive definiteness.
    Line search step size 1.250000e-01.  Lack of positive definiteness.
    Line search step size 6.250000e-02.  Lack of positive definiteness.
    Line search step size chosen: 3.125000e-02.
  Objective value decreased by 5.769494e+01.
Newton iteration 3.
  Active set size = 980152.
  sub-gradient = 2.654887e+04, l1-norm of X = 2.219116e+02.
  Coordinate descent sweep 1. norm of D = 9.076972e+03, change in D = 9.076972e+03.
  Coordinate descent sweep 2. norm of D = 7.554798e+03, change in D = 3.070619e+03.
    Line search step size 1.000000e+00.  Lack of positive definiteness.
    Line search step size 5.000000e-01.  Lack of positive definiteness.
    Line search step size 2.500000e-01.  Lack of positive definiteness.
    Line search step size 1.250000e-01.  Lack of positive definiteness.
    Line search step size chosen: 6.250000e-02.
  Objective value decreased by 5.416845e+01.
Newton iteration 4.
  Active set size = 980844.
  sub-gradient = 2.336137e+04, l1-norm of X = 2.860218e+02.
  Coordinate descent sweep 1. norm of D = 5.964549e+03, change in D = 5.964549e+03.
  Coordinate descent sweep 2. norm of D = 5.176191e+03, change in D = 1.884133e+03.
    Line search step size 1.000000e+00.  Lack of positive definiteness.
    Line search step size 5.000000e-01.  Lack of positive definiteness.
    Line search step size 2.500000e-01.  Lack of positive definiteness.
    Line search step size chosen: 1.250000e-01.
  Objective value decreased by 5.917810e+01.
Newton iteration 5.
  Active set size = 985116.
  sub-gradient = 1.743834e+04, l1-norm of X = 3.583540e+02.
  Coordinate descent sweep 1. norm of D = 3.804786e+03, change in D = 3.804786e+03.
  Coordinate descent sweep 2. norm of D = 3.555014e+03, change in D = 1.024193e+03.
    Line search step size 1.000000e+00.  Lack of positive definiteness.
    Line search step size 5.000000e-01.  Lack of positive definiteness.
    Line search step size chosen: 2.500000e-01.
  Objective value decreased by 5.522775e+01.
Newton iteration 6.
  Active set size = 990249.
  sub-gradient = 1.652791e+04, l1-norm of X = 4.255207e+02.
  Coordinate descent sweep 1. norm of D = 2.453953e+03, change in D = 2.453953e+03.
  Coordinate descent sweep 2. norm of D = 2.480932e+03, change in D = 6.794299e+02.
  Coordinate descent sweep 3. norm of D = 2.535277e+03, change in D = 2.263832e+02.
    Line search step size 1.000000e+00.  Lack of positive definiteness.
    Line search step size chosen: 5.000000e-01.
  Objective value decreased by 4.984752e+01.
Newton iteration 7.
  Active set size = 994222.
  sub-gradient = 2.268904e+04, l1-norm of X = 4.898801e+02.
  Coordinate descent sweep 1. norm of D = 1.198581e+03, change in D = 1.198581e+03.
  Coordinate descent sweep 2. norm of D = 1.314592e+03, change in D = 3.848329e+02.
  Coordinate descent sweep 3. norm of D = 1.365324e+03, change in D = 1.776101e+02.
    Line search step size chosen: 1.000000e+00.
  Objective value decreased by 2.769349e+01.
Newton iteration 8.
  Active set size = 221094.
  sub-gradient = 5.821969e+02, l1-norm of X = 5.330869e+02.
  Coordinate descent sweep 1. norm of D = 1.457027e+02, change in D = 1.457027e+02.
  Coordinate descent sweep 2. norm of D = 1.715420e+02, change in D = 9.062780e+01.
  Coordinate descent sweep 3. norm of D = 1.863081e+02, change in D = 5.543106e+01.
    Line search step size chosen: 1.000000e+00.
  Objective value decreased by 1.171023e+00.
Newton iteration 9.
  Active set size = 214443.
  sub-gradient = 7.097342e+01, l1-norm of X = 5.364850e+02.
  Coordinate descent sweep 1. norm of D = 3.890056e+01, change in D = 3.890056e+01.
  Coordinate descent sweep 2. norm of D = 4.646189e+01, change in D = 2.762914e+01.
  Coordinate descent sweep 3. norm of D = 5.055398e+01, change in D = 1.991500e+01.
  Coordinate descent sweep 4. norm of D = 5.320336e+01, change in D = 1.468676e+01.
    Line search step size chosen: 1.000000e+00.
  Objective value decreased by 2.230538e-01.
Newton iteration 10.
  Active set size = 213645.
  sub-gradient = 1.244839e+01, l1-norm of X = 5.374365e+02.
  Coordinate descent sweep 1. norm of D = 1.155521e+01, change in D = 1.155521e+01.
  Coordinate descent sweep 2. norm of D = 1.352750e+01, change in D = 8.904920e+00.
  Coordinate descent sweep 3. norm of D = 1.487735e+01, change in D = 7.208934e+00.
  Coordinate descent sweep 4. norm of D = 1.558449e+01, change in D = 5.772341e+00.
    Line search step size chosen: 1.000000e+00.
  Objective value decreased by 4.661366e-02.
Newton iteration 11.
  Active set size = 213501.
  sub-gradient = 4.473844e+00, l1-norm of X = 5.376791e+02.
  Coordinate descent sweep 1. norm of D = 4.725353e+00, change in D = 4.725353e+00.
  Coordinate descent sweep 2. norm of D = 5.458261e+00, change in D = 3.875709e+00.
  Coordinate descent sweep 3. norm of D = 5.948597e+00, change in D = 3.332658e+00.
  Coordinate descent sweep 4. norm of D = 6.196104e+00, change in D = 2.752413e+00.
    Line search step size chosen: 1.000000e+00.
  Objective value decreased by 1.339129e-02.
Newton iteration 12.
  Active set size = 213441.
  sub-gradient = 2.221780e+00, l1-norm of X = 5.377670e+02.
  Coordinate descent sweep 1. norm of D = 2.335784e+00, change in D = 2.335784e+00.
  Coordinate descent sweep 2. norm of D = 2.741531e+00, change in D = 2.016641e+00.
  Coordinate descent sweep 3. norm of D = 2.989464e+00, change in D = 1.781455e+00.
  Coordinate descent sweep 4. norm of D = 3.127813e+00, change in D = 1.585640e+00.
  Coordinate descent sweep 5. norm of D = 3.284357e+00, change in D = 1.413910e+00.
    Line search step size chosen: 1.000000e+00.
  Objective value decreased by 6.020884e-03.
Newton iteration 13.
  Active set size = 213424.
  sub-gradient = 1.166044e+00, l1-norm of X = 5.378126e+02.
  Coordinate descent sweep 1. norm of D = 1.230202e+00, change in D = 1.230202e+00.
  Coordinate descent sweep 2. norm of D = 1.427417e+00, change in D = 1.041607e+00.
  Coordinate descent sweep 3. norm of D = 1.553739e+00, change in D = 9.454706e-01.
  Coordinate descent sweep 4. norm of D = 1.617336e+00, change in D = 8.428285e-01.
  Coordinate descent sweep 5. norm of D = 1.670220e+00, change in D = 7.302336e-01.
    Line search step size chosen: 1.000000e+00.
  Objective value decreased by 2.445848e-03.
Newton iteration 14.
  Active set size = 213415.
  sub-gradient = 5.652356e-01, l1-norm of X = 5.378334e+02.
  Coordinate descent sweep 1. norm of D = 6.418905e-01, change in D = 6.418905e-01.
  Coordinate descent sweep 2. norm of D = 7.489380e-01, change in D = 5.874084e-01.
  Coordinate descent sweep 3. norm of D = 8.226696e-01, change in D = 5.376194e-01.
  Coordinate descent sweep 4. norm of D = 8.446666e-01, change in D = 4.828943e-01.
  Coordinate descent sweep 5. norm of D = 8.662391e-01, change in D = 4.183451e-01.
    Line search step size chosen: 1.000000e+00.
  Objective value decreased by 9.073563e-04.
Newton iteration 15.
  Active set size = 213413.
  sub-gradient = 3.828210e-01, l1-norm of X = 5.378437e+02.
  Coordinate descent sweep 1. norm of D = 3.523444e-01, change in D = 3.523444e-01.
  Coordinate descent sweep 2. norm of D = 4.476317e-01, change in D = 3.366299e-01.
  Coordinate descent sweep 3. norm of D = 4.680261e-01, change in D = 3.116259e-01.
  Coordinate descent sweep 4. norm of D = 4.877563e-01, change in D = 2.765489e-01.
  Coordinate descent sweep 5. norm of D = 4.852159e-01, change in D = 2.349980e-01.
  Coordinate descent sweep 6. norm of D = 5.188435e-01, change in D = 2.270664e-01.
    Line search step size chosen: 1.000000e+00.
  Objective value decreased by 4.132873e-04.
Newton iteration 16.
  Active set size = 213407.
  sub-gradient = 2.050697e-01, l1-norm of X = 5.378517e+02.
  Coordinate descent sweep 1. norm of D = 1.947041e-01, change in D = 1.947041e-01.
  Coordinate descent sweep 2. norm of D = 2.392154e-01, change in D = 1.863588e-01.
  Coordinate descent sweep 3. norm of D = 2.522199e-01, change in D = 1.646233e-01.
  Coordinate descent sweep 4. norm of D = 2.605566e-01, change in D = 1.417135e-01.
  Coordinate descent sweep 5. norm of D = 2.683874e-01, change in D = 1.308987e-01.
  Coordinate descent sweep 6. norm of D = 2.816768e-01, change in D = 1.246442e-01.
    Line search step size chosen: 1.000000e+00.
  Objective value decreased by 1.597646e-04.
Newton iteration 17.
  Active set size = 213404.
  sub-gradient = 1.039012e-01, l1-norm of X = 5.378562e+02.
  Coordinate descent sweep 1. norm of D = 1.075030e-01, change in D = 1.075030e-01.
  Coordinate descent sweep 2. norm of D = 1.233452e-01, change in D = 9.424867e-02.
  Coordinate descent sweep 3. norm of D = 1.297777e-01, change in D = 7.665614e-02.
  Coordinate descent sweep 4. norm of D = 1.411995e-01, change in D = 7.710543e-02.
  Coordinate descent sweep 5. norm of D = 1.452857e-01, change in D = 7.213310e-02.
  Coordinate descent sweep 6. norm of D = 1.455366e-01, change in D = 6.321730e-02.
    Line search step size chosen: 1.000000e+00.
  Objective value decreased by 6.366535e-05.
Newton iteration 18.
  Active set size = 213403.
  sub-gradient = 4.663067e-02, l1-norm of X = 5.378580e+02.
  Coordinate descent sweep 1. norm of D = 5.291968e-02, change in D = 5.291968e-02.
  Coordinate descent sweep 2. norm of D = 6.624110e-02, change in D = 5.173244e-02.
  Coordinate descent sweep 3. norm of D = 6.949251e-02, change in D = 5.105867e-02.
  Coordinate descent sweep 4. norm of D = 7.694722e-02, change in D = 4.911401e-02.
  Coordinate descent sweep 5. norm of D = 7.885192e-02, change in D = 4.727527e-02.
  Coordinate descent sweep 6. norm of D = 7.694285e-02, change in D = 4.040142e-02.
  Coordinate descent sweep 7. norm of D = 7.660795e-02, change in D = 3.177342e-02.
    Line search step size chosen: 1.000000e+00.
  Objective value decreased by 2.555118e-05.
QUIC CPU time: 4769.350 seconds
