[1] "sra_normal" "300"        "weighted"   "0.34"      
[1] "Data read complete"
Running QUIC version 1.1 in 'default' mode.
Newton iteration 1.
  X is a diagonal matrix.
    Line search step size 1.000000e+00.  Lack of positive definiteness.
    Line search step size 5.000000e-01.  Lack of positive definiteness.
    Line search step size 2.500000e-01.  Lack of positive definiteness.
    Line search step size chosen: 1.250000e-01.
  Objective value decreased by 4.853481e+00.
Newton iteration 2.
  Active set size = 8478.
  sub-gradient = 1.462426e+02, l1-norm of X = 1.530301e+01.
  Coordinate descent sweep 1. norm of D = 1.006129e+02, change in D = 1.006129e+02.
    Line search step size 1.000000e+00.  Lack of positive definiteness.
    Line search step size chosen: 5.000000e-01.
  Objective value decreased by 2.907463e-01.
Newton iteration 3.
  Active set size = 9644.
  sub-gradient = 3.105855e+04, l1-norm of X = 4.659897e+01.
  Coordinate descent sweep 1. norm of D = 2.646615e+01, change in D = 2.646615e+01.
  Coordinate descent sweep 2. norm of D = 2.932547e+01, change in D = 7.450342e+00.
    Line search step size chosen: 1.000000e+00.
  Objective value decreased by 2.143559e+00.
Newton iteration 4.
  Active set size = 9153.
  sub-gradient = 1.518942e+04, l1-norm of X = 5.567976e+01.
  Coordinate descent sweep 1. norm of D = 7.547516e+00, change in D = 7.547516e+00.
  Coordinate descent sweep 2. norm of D = 8.218544e+00, change in D = 3.284662e+00.
    Line search step size chosen: 1.000000e+00.
  Objective value decreased by 8.937328e-01.
Newton iteration 5.
  Active set size = 8824.
  sub-gradient = 7.306829e+03, l1-norm of X = 5.594099e+01.
  Coordinate descent sweep 1. norm of D = 3.503586e+00, change in D = 3.503586e+00.
  Coordinate descent sweep 2. norm of D = 3.800220e+00, change in D = 2.068547e+00.
    Line search step size chosen: 1.000000e+00.
  Objective value decreased by 7.473091e-01.
Newton iteration 6.
  Active set size = 8483.
  sub-gradient = 3.447500e+03, l1-norm of X = 5.581769e+01.
  Coordinate descent sweep 1. norm of D = 2.403480e+00, change in D = 2.403480e+00.
  Coordinate descent sweep 2. norm of D = 2.835320e+00, change in D = 1.234954e+00.
  Coordinate descent sweep 3. norm of D = 3.230869e+00, change in D = 9.206448e-01.
    Line search step size chosen: 1.000000e+00.
  Objective value decreased by 7.532141e-01.
Newton iteration 7.
  Active set size = 8181.
  sub-gradient = 1.569153e+03, l1-norm of X = 5.576109e+01.
  Coordinate descent sweep 1. norm of D = 2.278793e+00, change in D = 2.278793e+00.
  Coordinate descent sweep 2. norm of D = 3.050429e+00, change in D = 1.752925e+00.
  Coordinate descent sweep 3. norm of D = 3.597379e+00, change in D = 1.342311e+00.
    Line search step size chosen: 1.000000e+00.
  Objective value decreased by 6.797604e-01.
Newton iteration 8.
  Active set size = 7967.
  sub-gradient = 7.015301e+02, l1-norm of X = 5.582452e+01.
  Coordinate descent sweep 1. norm of D = 3.141571e+00, change in D = 3.141571e+00.
  Coordinate descent sweep 2. norm of D = 3.845838e+00, change in D = 1.939762e+00.
  Coordinate descent sweep 3. norm of D = 4.477401e+00, change in D = 1.583147e+00.
    Line search step size chosen: 1.000000e+00.
  Objective value decreased by 6.197400e-01.
Newton iteration 9.
  Active set size = 7861.
  sub-gradient = 3.072553e+02, l1-norm of X = 5.589761e+01.
  Coordinate descent sweep 1. norm of D = 3.730179e+00, change in D = 3.730179e+00.
  Coordinate descent sweep 2. norm of D = 4.238546e+00, change in D = 2.332817e+00.
  Coordinate descent sweep 3. norm of D = 4.652911e+00, change in D = 1.760075e+00.
  Coordinate descent sweep 4. norm of D = 4.958529e+00, change in D = 1.394270e+00.
    Line search step size chosen: 1.000000e+00.
  Objective value decreased by 4.918555e-01.
Newton iteration 10.
  Active set size = 7805.
  sub-gradient = 1.263046e+02, l1-norm of X = 5.584365e+01.
  Coordinate descent sweep 1. norm of D = 3.471180e+00, change in D = 3.471180e+00.
  Coordinate descent sweep 2. norm of D = 3.148399e+00, change in D = 2.217553e+00.
  Coordinate descent sweep 3. norm of D = 3.109829e+00, change in D = 1.520772e+00.
  Coordinate descent sweep 4. norm of D = 3.114155e+00, change in D = 9.613776e-01.
    Line search step size chosen: 1.000000e+00.
  Objective value decreased by 2.699733e-01.
Newton iteration 11.
  Active set size = 7778.
  sub-gradient = 4.574188e+01, l1-norm of X = 5.551129e+01.
  Coordinate descent sweep 1. norm of D = 2.230872e+00, change in D = 2.230872e+00.
  Coordinate descent sweep 2. norm of D = 1.875264e+00, change in D = 1.711196e+00.
  Coordinate descent sweep 3. norm of D = 1.682454e+00, change in D = 9.687909e-01.
  Coordinate descent sweep 4. norm of D = 1.601220e+00, change in D = 5.638219e-01.
    Line search step size chosen: 1.000000e+00.
  Objective value decreased by 8.778676e-02.
Newton iteration 12.
  Active set size = 7762.
  sub-gradient = 1.166213e+01, l1-norm of X = 5.510212e+01.
  Coordinate descent sweep 1. norm of D = 9.524397e-01, change in D = 9.524397e-01.
  Coordinate descent sweep 2. norm of D = 7.854198e-01, change in D = 7.161191e-01.
  Coordinate descent sweep 3. norm of D = 6.989979e-01, change in D = 3.864938e-01.
  Coordinate descent sweep 4. norm of D = 6.709151e-01, change in D = 1.882423e-01.
  Coordinate descent sweep 5. norm of D = 6.718275e-01, change in D = 9.004730e-02.
    Line search step size chosen: 1.000000e+00.
  Objective value decreased by 1.032378e-02.
Newton iteration 13.
  Active set size = 7754.
  sub-gradient = 1.340693e+00, l1-norm of X = 5.489993e+01.
  Coordinate descent sweep 1. norm of D = 1.361165e-01, change in D = 1.361165e-01.
  Coordinate descent sweep 2. norm of D = 1.074210e-01, change in D = 1.022149e-01.
  Coordinate descent sweep 3. norm of D = 9.848804e-02, change in D = 5.504972e-02.
  Coordinate descent sweep 4. norm of D = 9.565389e-02, change in D = 2.519669e-02.
  Coordinate descent sweep 5. norm of D = 9.592784e-02, change in D = 1.119894e-02.
    Line search step size chosen: 1.000000e+00.
  Objective value decreased by 1.830249e-04.
Newton iteration 14.
  Active set size = 7755.
  sub-gradient = 2.831576e-02, l1-norm of X = 5.487125e+01.
  Coordinate descent sweep 1. norm of D = 6.785356e-03, change in D = 6.785356e-03.
  Coordinate descent sweep 2. norm of D = 7.319869e-03, change in D = 4.070162e-03.
  Coordinate descent sweep 3. norm of D = 7.825335e-03, change in D = 1.993674e-03.
  Coordinate descent sweep 4. norm of D = 7.935652e-03, change in D = 9.402916e-04.
  Coordinate descent sweep 5. norm of D = 7.999247e-03, change in D = 4.347189e-04.
    Line search step size chosen: 1.000000e+00.
  Objective value decreased by 2.623738e-07.
Newton iteration 15.
  Active set size = 7755.
  sub-gradient = 3.256259e-04, l1-norm of X = 5.487090e+01.
  Coordinate descent sweep 1. norm of D = 2.434483e-04, change in D = 2.434483e-04.
  Coordinate descent sweep 2. norm of D = 2.737125e-04, change in D = 1.385402e-04.
  Coordinate descent sweep 3. norm of D = 2.958787e-04, change in D = 7.551691e-05.
  Coordinate descent sweep 4. norm of D = 3.054231e-04, change in D = 3.710338e-05.
  Coordinate descent sweep 5. norm of D = 3.100751e-04, change in D = 2.213744e-05.
  Coordinate descent sweep 6. norm of D = 3.130568e-04, change in D = 1.354315e-05.
    Line search step size chosen: 1.000000e+00.
  Objective value decreased by 3.783498e-10.
QUIC CPU time: 2823.320 seconds
