[1] "sra_normal" "300"        "weighted"   "0.48"      
[1] "Data read complete"
Running QUIC version 1.1 in 'default' mode.
Newton iteration 1.
  X is a diagonal matrix.
    Line search step size chosen: 1.000000e+00.
  Objective value decreased by 7.780557e-01.
Newton iteration 2.
  Active set size = 6093.
  sub-gradient = 2.719185e+01, l1-norm of X = 1.396330e+01.
  Coordinate descent sweep 1. norm of D = 4.296654e+00, change in D = 4.296654e+00.
    Line search step size chosen: 1.000000e+00.
  Objective value decreased by 3.243626e-01.
Newton iteration 3.
  Active set size = 6077.
  sub-gradient = 8.562793e+00, l1-norm of X = 1.223049e+01.
  Coordinate descent sweep 1. norm of D = 2.842023e+00, change in D = 2.842023e+00.
  Coordinate descent sweep 2. norm of D = 2.776904e+00, change in D = 1.255138e+00.
    Line search step size chosen: 1.000000e+00.
  Objective value decreased by 1.327860e-01.
Newton iteration 4.
  Active set size = 6070.
  sub-gradient = 2.227056e+00, l1-norm of X = 1.160057e+01.
  Coordinate descent sweep 1. norm of D = 1.146793e+00, change in D = 1.146793e+00.
  Coordinate descent sweep 2. norm of D = 1.101219e+00, change in D = 3.923139e-01.
    Line search step size chosen: 1.000000e+00.
  Objective value decreased by 2.332061e-02.
Newton iteration 5.
  Active set size = 6069.
  sub-gradient = 4.370849e-01, l1-norm of X = 1.129942e+01.
  Coordinate descent sweep 1. norm of D = 2.753492e-01, change in D = 2.753492e-01.
  Coordinate descent sweep 2. norm of D = 2.642998e-01, change in D = 1.104743e-01.
    Line search step size chosen: 1.000000e+00.
  Objective value decreased by 1.596175e-03.
Newton iteration 6.
  Active set size = 6069.
  sub-gradient = 5.206813e-02, l1-norm of X = 1.124413e+01.
  Coordinate descent sweep 1. norm of D = 3.878826e-02, change in D = 3.878826e-02.
  Coordinate descent sweep 2. norm of D = 3.896489e-02, change in D = 9.926721e-03.
  Coordinate descent sweep 3. norm of D = 4.052963e-02, change in D = 3.462940e-03.
    Line search step size chosen: 1.000000e+00.
  Objective value decreased by 2.129535e-05.
Newton iteration 7.
  Active set size = 6067.
  sub-gradient = 9.074703e-04, l1-norm of X = 1.123250e+01.
  Coordinate descent sweep 1. norm of D = 9.453897e-04, change in D = 9.453897e-04.
  Coordinate descent sweep 2. norm of D = 1.049520e-03, change in D = 2.374861e-04.
  Coordinate descent sweep 3. norm of D = 1.127114e-03, change in D = 1.011240e-04.
    Line search step size chosen: 1.000000e+00.
  Objective value decreased by 1.941953e-08.
QUIC CPU time: 603.810 seconds
