[1] "sra_normal" "300"        "0.62"      
[1] "Data read complete"
Running QUIC version 1.1 in 'default' mode.
Newton iteration 1.
  X is a diagonal matrix.
    Line search step size chosen: 1.000000e+00.
  Objective value decreased by 1.142885e-01.
Newton iteration 2.
  Active set size = 5783.
  sub-gradient = 2.611629e-01, l1-norm of X = 1.290918e+00.
  Coordinate descent sweep 1. norm of D = 2.421896e-01, change in D = 2.421896e-01.
    Line search step size chosen: 1.000000e+00.
  Objective value decreased by 2.750657e-03.
Newton iteration 3.
  Active set size = 5783.
  sub-gradient = 1.701489e-02, l1-norm of X = 1.297901e+00.
  Coordinate descent sweep 1. norm of D = 1.890417e-02, change in D = 1.890417e-02.
  Coordinate descent sweep 2. norm of D = 2.041488e-02, change in D = 1.703151e-03.
    Line search step size chosen: 1.000000e+00.
  Objective value decreased by 2.478666e-05.
Newton iteration 4.
  Active set size = 5783.
  sub-gradient = 2.477757e-04, l1-norm of X = 1.305601e+00.
  Coordinate descent sweep 1. norm of D = 3.247414e-04, change in D = 3.247414e-04.
  Coordinate descent sweep 2. norm of D = 3.571514e-04, change in D = 3.755929e-05.
    Line search step size chosen: 1.000000e+00.
  Objective value decreased by 1.259286e-08.
Newton iteration 5.
  Active set size = 5783.
  sub-gradient = 1.869931e-05, l1-norm of X = 1.305780e+00.
  Coordinate descent sweep 1. norm of D = 2.069947e-05, change in D = 2.069947e-05.
  Coordinate descent sweep 2. norm of D = 2.292958e-05, change in D = 2.335693e-06.
    Line search step size chosen: 1.000000e+00.
  Objective value decreased by 7.003109e-11.
QUIC CPU time: 1758.200 seconds
