[1] 1
[1] 10886  1293
[1] 2
[1] 10884   881
[1] 3
[1] 10890  1398
[1] 4
[1] 10887   942
[1] 5
[1] 10864   195
[1] 6
[1] 10859   159
[1] 7
[1] 10861   173
[1] 8
[1] 10883   482
[1] 9
[1] 10896  1940
[1] 10
[1] 10843   178
[1] 11
[1] 10900  2931
[1] 12
[1] 10865   274
[1] 13
[1] 10884   706
[1] 14
[1] 10886   655
[1] 15
[1] 10877   255
[1] 16
[1] 10877   360
[1] 17
[1] 10898  1577
[1] 18
[1] 10881   384
[1] 19
[1] 10892   822
[1] 20
[1] 10846   193
[1] 21
[1] 10874   263
[1] 22
[1] 10904   410
[1] 23
[1] 10886   659
[1] 24
[1] 10861   301
[1] 25
[1] 10894  1048
[1] 26
[1] 10852   251
[1] 27
[1] 10754    98
[1] 28
[1] 1991  133
[1] 29
[1] 10836   204
[[1]]
NULL

[[2]]
NULL

[[3]]
NULL

[[4]]
NULL

[[5]]
NULL

[[6]]
NULL

[[7]]
NULL

[[8]]
NULL

[[9]]
NULL

[[10]]
NULL

[[11]]
NULL

[[12]]
NULL

[[13]]
NULL

[[14]]
NULL

[[15]]
NULL

[[16]]
NULL

[[17]]
NULL

[[18]]
NULL

[[19]]
NULL

[[20]]
NULL

[[21]]
NULL

[[22]]
NULL

[[23]]
NULL

[[24]]
NULL

[[25]]
NULL

[[26]]
NULL

[[27]]
NULL

[[28]]
NULL

[[29]]
NULL

[1] 1
[1] 10628    79
[1] 2
[1] 10877   433
[1] 3
[1] 10890  1256
[1] 4
[1] 10807   309
[1] 5
[1] 10507    45
[1] 6
[1] 10882   546
[1] 7
[1] 10861    48
[1] 8
[1] 10877   198
[1] 9
[1] 10754   175
[1] 10
[1] 10888   548
[1] 11
[1] 10624    91
[1] 12
[1] 10885   618
[1] 13
[1] 10879   323
[1] 14
[1] 10758   178
[1] 15
[1] 10869   532
[1] 16
[1] 10817   424
[1] 17
[1] 10867   601
[1] 18
[1] 10883   555
[1] 19
[1] 10706    87
[1] 20
[1] 10857   430
[1] 21
[1] 10778   183
[1] 22
[1] 10766   187
[1] 23
[1] 10873   558
[1] 24
[1] 10748   177
[1] 25
[1] 10864   265
[1] 26
[1] 10872   473
[1] 27
[1] 10887   453
[1] 28
[1] 10801   156
[1] 29
[1] 10841   572
[1] 30
[1] 10731   122
[1] 31
[1] 10897   589
[1] 32
[1] 10729    57
[1] 33
[1] 10418    80
[[1]]
NULL

[[2]]
NULL

[[3]]
NULL

[[4]]
NULL

[[5]]
NULL

[[6]]
NULL

[[7]]
NULL

[[8]]
NULL

[[9]]
NULL

[[10]]
NULL

[[11]]
NULL

[[12]]
NULL

[[13]]
NULL

[[14]]
NULL

[[15]]
NULL

[[16]]
NULL

[[17]]
NULL

[[18]]
NULL

[[19]]
NULL

[[20]]
NULL

[[21]]
NULL

[[22]]
NULL

[[23]]
NULL

[[24]]
NULL

[[25]]
NULL

[[26]]
NULL

[[27]]
NULL

[[28]]
NULL

[[29]]
NULL

[[30]]
NULL

[[31]]
NULL

[[32]]
NULL

[[33]]
NULL

[1] 1
[1] 10470   216
[1] 2
[1] 10213    41
[1] 3
[1] 9400   72
[1] 4
[1] 9632   51
[1] 5
[1] 10296    63
[1] 6
[1] 10906  2194
[1] 7
[1] 9971   30
[1] 8
[1] 9666   32
[1] 9
[1] 10442    79
[1] 10
[1] 10327    36
[1] 11
[1] 10695    30
[1] 12
[1] 10785   355
[1] 13
[1] 10879   368
[1] 14
[1] 10587    37
[1] 15
[1] 10101    36
[1] 16
[1] 10522    41
[1] 17
[1] 10086    38
[1] 18
[1] 9900   36
[1] 19
[1] 10478    26
[1] 20
[1] 9425   36
[1] 21
[1] 9396 1908
[1] 22
[1] 9221   20
[1] 23
[1] 9908   30
[1] 24
[1] 10883    52
[1] 25
[1] 10867   864
[1] 26
[1] 9451   34
[1] 27
[1] 9335  770
[1] 28
[1] 9797   32
[1] 29
[1] 9844   36
[1] 30
[1] 10320    56
[1] 31
[1] 10565    60
[1] 32
[1] 10518    36
[1] 33
[1] 10887   282
[1] 34
[1] 10577    43
[1] 35
[1] 10479    34
[1] 36
[1] 9697   42
[1] 37
[1] 9837   75
[1] 38
[1] 9739   48
[1] 39
[1] 7644   96
[1] 40
[1] 10633    38
[1] 41
[1] 9551   56
[1] 42
[1] 10807    42
[1] 43
[1] 10184    80
[1] 44
[1] 8946  753
[1] 45
[1] 8253  145
[1] 46
[1] 10846    91
[1] 47
[1] 10654    30
[1] 48
[1] 10413    25
[1] 49
[1] 10785    36
[1] 50
[1] 9849   42
[1] 51
[1] 10298    54
[1] 52
[1] 10884    35
[1] 53
[1] 10175    36
[1] 54
[1] 10080   168
[1] 55
[1] 10151    30
[1] 56
[1] 10254    30
[1] 57
[1] 10137    50
[1] 58
[1] 10816  3854
[1] 59
[1] 10789    96
[1] 60
[1] 10662   109
[1] 61
[1] 10079    40
[1] 62
[1] 10699    56
[1] 63
[1] 10783    57
[1] 64
[1] 9886  335
[1] 65
[1] 10367   151
[1] 66
[1] 10612    73
[1] 67
[1] 9957  520
[1] 68
[1] 9418   35
[1] 69
[1] 10122    41
[1] 70
[1] 10799   454
[1] 71
[1] 9921  109
[1] 72
[1] 9672   55
[1] 73
[1] 10890   168
[1] 74
[1] 10890   130
[1] 75
[1] 10382    30
[1] 76
[1] 10331   101
[1] 77
[1] 10743   104
[1] 78
[1] 10533    83
[1] 79
[1] 9825 1920
[1] 80
[1] 9000   30
[1] 81
[1] 10375   507
[1] 82
[1] 9546   43
[1] 83
[1] 10317    80
[1] 84
[1] 9787  323
[1] 85
[1] 10516    47
[1] 86
[1] 8748   43
[1] 87
[1] 10716    32
[1] 88
[1] 10630    93
[1] 89
[1] 1253   43
[1] 90
[1] 10744    47
[1] 91
[1] 10839    36
[1] 92
[1] 9475   34
[1] 93
[1] 10524   117
[1] 94
[1] 10781   245
[1] 95
[1] 10043   202
[1] 96
[1] 10256    36
[1] 97
[1] 7980   36
[1] 98
[1] 10736    42
[1] 99
[1] 10896    30
[1] 100
[1] 9762   30
[1] 101
[1] 10870    51
[1] 102
[1] 8359  376
[1] 103
[1] 10430    56
[1] 104
[1] 10693   288
[1] 105
[1] 10110    74
[1] 106
[1] 9857   40
[1] 107
[1] 9892   37
[1] 108
[1] 10251    93
[1] 109
[1] 10856    88
[1] 110
[1] 10178    48
[1] 111
[1] 10498    50
[1] 112
[1] 10458    79
[1] 113
[1] 10399    30
[1] 114
[1] 10440    35
[1] 115
[1] 10520   303
[1] 116
[1] 8603   46
[1] 117
[1] 10853    51
[1] 118
[1] 10475    72
[1] 119
[1] 9949  681
[1] 120
[1] 10426    63
[1] 121
[1] 10681    60
[1] 122
[1] 9401  131
[1] 123
[1] 9831   55
[1] 124
[1] 10608    53
[1] 125
[1] 9883   48
[1] 126
[1] 9685   99
[1] 127
[1] 10450    35
[1] 128
[1] 10266    48
[1] 129
[1] 10609    63
[1] 130
[1] 10117    48
[1] 131
[1] 10881    94
[1] 132
[1] 10376   102
[1] 133
[1] 10523    61
[1] 134
[1] 10497    39
[1] 135
[1] 9943   39
[1] 136
[1] 10639    50
[1] 137
[1] 10526   198
[1] 138
[1] 10523    40
[1] 139
[1] 8939   60
[1] 140
[1] 10112    48
[1] 141
[1] 10381   222
[1] 142
[1] 9933  140
[1] 143
[1] 9906   38
[1] 144
[1] 10032    46
[1] 145
[1] 9984   18
[1] 146
[1] 10715    96
[1] 147
[1] 10691    39
[1] 148
[1] 10881    72
[1] 149
[1] 10473    62
[1] 150
[1] 10731   103
[1] 151
[1] 10484   154
[1] 152
[1] 10116    48
[1] 153
[1] 10147    45
[1] 154
[1] 9659   57
[1] 155
[1] 10620   190
[1] 156
[1] 10696    99
[1] 157
[1] 10147   108
[1] 158
[1] 10454    41
[1] 159
[1] 10881    70
[1] 160
[1] 9502  868
[1] 161
[1] 10241    75
[1] 162
[1] 9898   63
[1] 163
[1] 236 111
[1] 164
[1] 9669  108
[1] 165
[1] 10393    38
[1] 166
[1] 10871   310
[1] 167
[1] 9846   52
[1] 168
[1] 10367    88
[1] 169
[1] 10384    66
[1] 170
[1] 9679   32
[1] 171
[1] 9319   30
[1] 172
[1] 10606    49
[1] 173
[1] 10350   255
[1] 174
[1] 10738   152
[1] 175
[1] 10211    52
[1] 176
[1] 10860   898
[1] 177
[1] 9882   52
[1] 178
[1] 10428    46
[1] 179
[1] 10575    77
[1] 180
[1] 10451    42
[1] 181
[1] 10746    47
[1] 182
[1] 10890    54
[1] 183
[1] 10734    42
[1] 184
[1] 10667    35
[1] 185
[1] 10138   156
[1] 186
[1] 10200    74
[1] 187
[1] 10125    30
[1] 188
[1] 10085    30
[1] 189
[1] 10513    37
[1] 190
[1] 9729   68
[1] 191
[1] 10539    33
[1] 192
[1] 9794   54
[1] 193
[1] 9674   48
[1] 194
[1] 8899  153
[1] 195
[1] 10019    48
[1] 196
[1] 9593   48
[1] 197
[1] 9508   76
[1] 198
[1] 9932   34
[1] 199
[1] 10206   578
[1] 200
[1] 10585    54
[1] 201
[1] 8386   32
[1] 202
[1] 10245    83
[1] 203
[1] 10008    36
[1] 204
[1] 9536  141
[1] 205
[1] 10699  1532
[1] 206
[1] 10619    69
[1] 207
[1] 9448   42
[1] 208
[1] 9106   30
[1] 209
[1] 10314    36
[1] 210
[1] 5888  839
[1] 211
[1] 9086   26
[1] 212
[1] 9934   48
[1] 213
[1] 10637    69
[1] 214
[1] 10410    48
[1] 215
[1] 10696   172
[1] 216
[1] 10118    30
[1] 217
[1] 10284    40
[1] 218
[1] 10872    77
[1] 219
[1] 10900   768
[1] 220
[1] 9678   34
[1] 221
[1] 10816   212
[1] 222
[1] 10209   218
[1] 223
[1] 10783   668
[1] 224
[1] 9502   36
[1] 225
[1] 10732    35
[1] 226
[1] 9500   60
[1] 227
[1] 10181    16
[1] 228
[1] 10876    94
[1] 229
[1] 10553    33
[1] 230
[1] 9639   36
[1] 231
[1] 10027    72
[1] 232
[1] 9852   47
[1] 233
[1] 9167   72
[1] 234
[1] 9754  270
[1] 235
[1] 10455    32
[1] 236
[1] 9768   34
[1] 237
[1] 10861    44
[1] 238
[1] 8486  384
[1] 239
[1] 10361    30
[1] 240
[1] 10888   650
[1] 241
[1] 9744   39
[1] 242
[1] 10894    34
[1] 243
[1] 7566  121
[1] 244
[1] 10654   103
[1] 245
[1] 5838  186
[1] 246
[1] 10049    96
[1] 247
[1] 9894   36
[1] 248
[1] 9474   45
[1] 249
[1] 10616    46
[1] 250
[1] 5729   30
[1] 251
[1] 10694    66
[1] 252
[1] 8492   21
[1] 253
[1] 8342   32
[1] 254
[1] 9645   60
[1] 255
[1] 9900   55
[1] 256
[1] 10020   221
[1] 257
[1] 9212  229
[1] 258
[1] 10774    34
[1] 259
[1] 10861    45
[1] 260
[1] 10421    38
[1] 261
[1] 9500   39
[1] 262
[1] 10466    58
[1] 263
[1] 10656   276
[1] 264
[1] 10744    78
[1] 265
[1] 10423    56
[1] 266
[1] 10408   384
[1] 267
[1] 9706  213
[1] 268
[1] 10146    36
[1] 269
[1] 10894    59
[1] 270
[1] 9909   48
[1] 271
[1] 10657   525
[1] 272
[1] 10404    69
[1] 273
[1] 7204   77
[1] 274
[1] 9358   98
[1] 275
[1] 10524    47
[1] 276
[1] 9793   32
[1] 277
[1] 10388    46
[1] 278
[1] 9841  384
[1] 279
[1] 10486   192
[1] 280
[1] 9899   72
[1] 281
[1] 9340   52
[1] 282
[1] 10496   191
[1] 283
[1] 9913  192
[1] 284
[1] 10874    62
[1] 285
[1] 10377    63
[1] 286
[1] 10859   166
[1] 287
[1] 10258    32
[1] 288
[1] 9782   33
[1] 289
[1] 10908   553
[1] 290
[1] 9709   48
[1] 291
[1] 9922   35
[1] 292
[1] 9784  313
[1] 293
[1] 8734   48
[1] 294
[1] 10621    64
[1] 295
[1] 10721    50
[1] 296
[1] 10396    36
[1] 297
[1] 10462   164
[1] 298
[1] 10471    45
[1] 299
[1] 10644    52
[1] 300
[1] 10446    35
[1] 301
[1] 10607    89
[1] 302
[1] 10021    57
[1] 303
[1] 9901   19
[1] 304
[1] 10251    48
[1] 305
[1] 8758   42
[1] 306
[1] 10495    72
[1] 307
[1] 10355    68
[1] 308
[1] 10623    32
[1] 309
[1] 9193   32
[1] 310
[1] 10660   120
[1] 311
[1] 10720   372
[1] 312
[1] 9910   72
[1] 313
[1] 10649    32
[1] 314
[1] 10150    46
[1] 315
[1] 9925   48
[1] 316
[1] 10799    36
[1] 317
[1] 10618    39
[1] 318
[1] 8551   31
[1] 319
[1] 10190   384
[1] 320
[1] 9713   54
[1] 321
[1] 10468   324
[1] 322
[1] 10152    49
[1] 323
[1] 10802    51
[1] 324
[1] 9561   30
[1] 325
[1] 8313  384
[1] 326
[1] 10877    48
[1] 327
[1] 10209    48
[1] 328
[1] 10196  1733
[1] 329
[1] 10685    84
[1] 330
[1] 9038   76
[1] 331
[1] 10089    30
[1] 332
[1] 9727  121
[1] 333
[1] 9250   36
[1] 334
[1] 10623   112
[1] 335
[1] 9528   81
[1] 336
[1] 9927   54
[1] 337
[1] 10085    52
[1] 338
[1] 9984   96
[1] 339
[1] 10771    78
[1] 340
[1] 10138    54
[1] 341
[1] 9669   42
[1] 342
[1] 10887    32
[1] 343
[1] 10885   202
[1] 344
[1] 10704    41
[1] 345
[1] 10123    36
[1] 346
[1] 10295   198
[1] 347
[1] 10032   813
[1] 348
[1] 9608   39
[1] 349
[1] 9824   39
[1] 350
[1] 10686   250
[1] 351
[1] 9868   60
[1] 352
[1] 9997  256
[1] 353
[1] 10259    68
[1] 354
[1] 9878   48
[1] 355
[1] 9261  109
[1] 356
[1] 8146   32
[1] 357
[1] 9344   44
[1] 358
[1] 8973  256
[1] 359
[1] 9358   45
[1] 360
[1] 8680   40
[1] 361
[1] 10826    80
[1] 362
[1] 10563    31
[1] 363
[1] 10029    53
[1] 364
[1] 10118    36
[1] 365
[1] 10710    72
[1] 366
[1] 10535    31
[1] 367
[1] 9119   48
[1] 368
[1] 10135    35
[1] 369
[1] 9907  342
[1] 370
[1] 10894   150
[1] 371
[1] 10282    43
[1] 372
[1] 10504    56
[1] 373
[1] 10529    69
[1] 374
[1] 10277    64
[1] 375
[1] 7822   32
[1] 376
[1] 10398    89
[1] 377
[1] 9618   52
[1] 378
[1] 9788   30
[1] 379
[1] 9993   74
[1] 380
[1] 9884   84
[1] 381
[1] 6386   57
[1] 382
[1] 9955  478
[1] 383
[1] 10795    55
[1] 384
[1] 8053   86
[1] 385
[1] 10746   289
[1] 386
[1] 10459    48
[1] 387
[1] 10538    48
[1] 388
[1] 10000   384
[1] 389
[1] 10478    46
[1] 390
[1] 10482    60
[1] 391
[1] 10880    41
[1] 392
[1] 9608   40
[1] 393
[1] 10875    59
[1] 394
[1] 10176    51
[1] 395
[1] 10553    30
[1] 396
[1] 10724    94
[1] 397
[1] 9152   32
[1] 398
[1] 10817    36
[1] 399
[1] 9172   32
[1] 400
[1] 9838   38
[1] 401
[1] 10851    54
[1] 402
[1] 10130    32
[1] 403
[1] 8750   36
[1] 404
[1] 8917  921
[1] 405
[1] 10900   192
[1] 406
[1] 9575   58
[1] 407
[1] 4610   56
[1] 408
[1] 9291   33
[1] 409
[1] 10097    60
[1] 410
[1] 9229  570
[1] 411
[1] 9399   64
[1] 412
[1] 6425   44
[1] 413
[1] 10429    60
[1] 414
[1] 9792   48
[1] 415
[1] 10831    47
[1] 416
[1] 10236   119
[1] 417
[1] 10430    36
[1] 418
[1] 10407   259
[1] 419
[1] 9908   37
[1] 420
[1] 10240    48
[1] 421
[1] 10776    66
[1] 422
[1] 10853    91
[1] 423
[1] 9556   40
[1] 424
[1] 10848    42
[1] 425
[1] 10480    34
[1] 426
[1] 10296   111
[1] 427
[1] 10084    36
[1] 428
[1] 10371    84
[1] 429
[1] 10823  1720
[1] 430
[1] 8558  181
[1] 431
[1] 10819   190
[1] 432
[1] 10326    43
[1] 433
[1] 10669   110
[1] 434
[1] 10298   148
[1] 435
[1] 10835    96
[1] 436
[1] 9913   32
[1] 437
[1] 10895   156
[1] 438
[1] 10590   776
[1] 439
[1] 8704   36
[1] 440
[1] 10879   330
[1] 441
[1] 9876   44
[1] 442
[1] 9783   42
[1] 443
[1] 10634   765
[1] 444
[1] 10088    30
[1] 445
[1] 10328    43
[1] 446
[1] 10743   761
[1] 447
[1] 10795   172
[1] 448
[1] 10521    53
[1] 449
[1] 9662 1542
[1] 450
[1] 9633   40
[1] 451
[1] 10483    42
[1] 452
[1] 9170   31
[1] 453
[1] 10424    48
[1] 454
[1] 10864    92
[1] 455
[1] 9350   36
[1] 456
[1] 9705   30
[1] 457
[1] 10173   117
[1] 458
[1] 10544    39
[1] 459
[1] 10588    30
[1] 460
[1] 9535   48
[1] 461
[1] 10356    54
[1] 462
[1] 9679   41
[1] 463
[1] 9894   32
[1] 464
[1] 10588   144
[1] 465
[1] 9620   52
[1] 466
[1] 9941  136
[1] 467
[1] 10299  1024
[1] 468
[1] 10477    96
[1] 469
[1] 10585    70
[1] 470
[1] 10028    56
[1] 471
[1] 10864   122
[1] 472
[1] 10064    31
[1] 473
[1] 10826    32
[1] 474
[1] 10885    49
[1] 475
[1] 10259    56
[1] 476
[1] 10101    72
[1] 477
[1] 10892    41
[1] 478
[1] 10369    84
[1] 479
[1] 10120   101
[1] 480
[1] 10653   178
[1] 481
[1] 10630    45
[1] 482
[1] 10135    52
[1] 483
[1] 10830   414
[1] 484
[1] 10138    59
[1] 485
[1] 1685   32
[1] 486
[1] 10278   178
[1] 487
[1] 10881    33
[1] 488
[1] 10468    60
[1] 489
[1] 9883   42
[1] 490
[1] 10207    92
[1] 491
[1] 10895    85
[1] 492
[1] 10228    66
[1] 493
[1] 10408   144
[1] 494
[1] 10650    80
[1] 495
[1] 10569   240
[1] 496
[1] 10268    92
[1] 497
[1] 10035   156
[1] 498
[1] 10207    78
[1] 499
[1] 9885   47
[1] 500
[1] 10784   229
[1] 501
[1] 10117    41
[1] 502
[1] 9877   64
[1] 503
[1] 10210    48
[1] 504
[1] 10583    94
[1] 505
[1] 10878   101
[1] 506
[1] 10726   140
[1] 507
[1] 10207    96
[1] 508
[1] 8789   36
[1] 509
[1] 10501    63
[1] 510
[1] 10418    36
[1] 511
[1] 10741   402
[1] 512
[1] 9973   42
[1] 513
[1] 10232    31
[1] 514
[1] 10005    81
[1] 515
[1] 10567    76
[1] 516
[1] 6037   42
[1] 517
[1] 10891    44
[1] 518
[1] 10524   286
[1] 519
[1] 10202    39
[1] 520
[1] 10880   597
[1] 521
[1] 10565   914
[1] 522
[1] 10369    88
[1] 523
[1] 7732   33
[1] 524
[1] 10823    57
[1] 525
[1] 9518   78
[1] 526
[1] 10483    56
[1] 527
[1] 10847   120
[1] 528
[1] 10071    32
[1] 529
[1] 10706    40
[1] 530
[1] 9866   30
[1] 531
[1] 10181    46
[1] 532
[1] 10547    67
[1] 533
[1] 10877   313
[1] 534
[1] 9873   32
[1] 535
[1] 10472   146
[1] 536
[1] 10465    38
[1] 537
[1] 8869   36
[1] 538
[1] 9337   48
[1] 539
[1] 10672    65
[1] 540
[1] 7796   46
[1] 541
[1] 9764   64
[1] 542
[1] 10723    34
[1] 543
[1] 9382   36
[1] 544
[1] 10770    53
[1] 545
[1] 4424  192
[1] 546
[1] 10107   160
[1] 547
[1] 10303    48
[1] 548
[1] 9502   60
[1] 549
[1] 10832    33
[1] 550
[1] 8279  194
[1] 551
[1] 9150   96
[1] 552
[1] 9764   34
[1] 553
[1] 10083    36
[1] 554
[1] 10883   232
[1] 555
[1] 10114   143
[1] 556
[1] 10190    63
[1] 557
[1] 10372    78
[1] 558
[1] 9987   36
[1] 559
[1] 10707    32
[1] 560
[1] 9831   62
[1] 561
[1] 10676    40
[1] 562
[1] 10498    45
[1] 563
[1] 10519    50
[1] 564
[1] 10865   297
[1] 565
[1] 9230  118
[1] 566
[1] 10666    68
[1] 567
[1] 10886    38
[1] 568
[1] 9797  192
[1] 569
[1] 9989   49
[1] 570
[1] 10657   175
[1] 571
[1] 9110  192
[1] 572
[1] 10535    86
[1] 573
[1] 9728   55
[1] 574
[1] 10649    70
[1] 575
[1] 10857    43
[1] 576
[1] 3794 8464
[1] 577
[1] 10439    31
[1] 578
[1] 10296    40
[1] 579
[1] 10845    42
[1] 580
[1] 9482   80
[1] 581
[1] 10450    66
[1] 582
[1] 10690   144
[1] 583
[1] 10826    63
[1] 584
[1] 9711   39
[1] 585
[1] 8982   36
[1] 586
[1] 10639    87
[1] 587
[1] 10757    54
[1] 588
[1] 10664    94
[1] 589
[1] 9573   30
[1] 590
[1] 10035    37
[1] 591
[1] 467  34
[1] 592
[1] 10882   137
[1] 593
[1] 10373    80
[1] 594
[1] 10337    36
[1] 595
[1] 905  33
[1] 596
[1] 9784   74
[1] 597
[1] 9356   68
[1] 598
[1] 10714   187
[1] 599
[1] 9288   37
[1] 600
[1] 10690    95
[1] 601
[1] 456 110
[1] 602
[1] 9705   48
[1] 603
[1] 10283    36
[1] 604
[1] 9242   35
[1] 605
[1] 9990   56
[1] 606
[1] 10542    66
[1] 607
[1] 10343    30
[1] 608
[1] 10375    30
[1] 609
[1] 8846  192
[1] 610
[1] 9031   91
[1] 611
[1] 10833    59
[1] 612
[1] 10063    38
[1] 613
[1] 10632    35
[1] 614
[1] 10553   138
[1] 615
[1] 10853    77
[1] 616
[1] 10366   104
[1] 617
[1] 10892    49
[1] 618
[1] 10445    36
[1] 619
[1] 10894    30
[1] 620
[1] 10042    30
[1] 621
[1] 10887    64
[1] 622
[1] 9545   32
[1] 623
[1] 10309    30
[1] 624
[1] 10757    32
[1] 625
[1] 10859    97
[1] 626
[1] 10694    84
[1] 627
[1] 10437    62
[1] 628
[1] 10595    41
[1] 629
[1] 10757   384
[1] 630
[1] 10240    12
[1] 631
[1] 10777    38
[1] 632
[1] 9839  135
[1] 633
[1] 10388    58
[1] 634
[1] 10483    38
[1] 635
[1] 10347   133
[1] 636
[1] 10402   730
[1] 637
[1] 9232   30
[1] 638
[1] 9584   48
[1] 639
[1] 10455    68
[1] 640
[1] 10273    48
[1] 641
[1] 10806   161
[1] 642
[1] 9498   38
[1] 643
[1] 10215   450
[1] 644
[1] 10815    36
[1] 645
[1] 10868    58
[1] 646
[1] 10882    40
[1] 647
[1] 10353    48
[1] 648
[1] 10534    48
[1] 649
[1] 10863   169
[1] 650
[1] 10424    30
[1] 651
[1] 9243   36
[1] 652
[1] 10667    62
[1] 653
[1] 10372    78
[1] 654
[1] 10610   166
[1] 655
[1] 10888    48
[1] 656
[1] 10568    64
[1] 657
[1] 10497    39
[1] 658
[1] 10477    56
[1] 659
[1] 9975   32
[1] 660
[1] 10201   169
[1] 661
[1] 10876    52
[1] 662
[1] 10518    71
[1] 663
[1] 10827   139
[1] 664
[1] 10473    83
[1] 665
[1] 9507   48
[1] 666
[1] 10516    68
[1] 667
[1] 10125    48
[1] 668
[1] 10889   286
[1] 669
[1] 10754   337
[1] 670
[1] 10467    57
[1] 671
[1] 10730    94
[1] 672
[1] 9222   48
[1] 673
[1] 9903   33
[1] 674
[1] 10888  1650
[1] 675
[1] 10208    34
[1] 676
[1] 10245   260
[1] 677
[1] 10461   123
[1] 678
[1] 9876   32
[1] 679
[1] 10058    36
[1] 680
[1] 6348  362
[1] 681
[1] 9842   34
[1] 682
[1] 10166    49
[1] 683
[1] 10888    83
[1] 684
[1] 10653   468
[1] 685
[1] 9525   96
[1] 686
[1] 10095    60
[1] 687
[1] 10671    84
[1] 688
[1] 10025    30
[1] 689
[1] 10307    34
[1] 690
[1] 9912  144
[1] 691
[1] 9964   45
[1] 692
[1] 9581  327
[1] 693
[1] 10224    57
[1] 694
[1] 10596    97
[1] 695
[1] 10183    56
[1] 696
[1] 9778   31
[1] 697
[1] 10657   264
[1] 698
[1] 10706    67
[1] 699
[1] 10287   190
[1] 700
[1] 9822  360
[1] 701
[1] 10579    38
[1] 702
[1] 10694    36
[1] 703
[1] 10305   819
[1] 704
[1] 10886    30
[1] 705
[1] 9356   48
[1] 706
[1] 10900    48
[1] 707
[1] 10724    60
[1] 708
[1] 10832    46
[1] 709
[1] 10297   611
[1] 710
[1] 9772   30
[1] 711
[1] 10510   135
[1] 712
[1] 9788   66
[1] 713
[1] 9670   44
[1] 714
[1] 9796  156
[1] 715
[1] 10124    48
[1] 716
[1] 10306  1290
[1] 717
[1] 10464    30
[1] 718
[1] 10815    92
[1] 719
[1] 9299   35
[1] 720
[1] 9858   88
[1] 721
[1] 9476   32
[1] 722
[1] 9976  179
[1] 723
[1] 10065    50
[1] 724
[1] 10695    55
[1] 725
[1] 10854    72
[1] 726
[1] 10669    40
[1] 727
[1] 10185    32
[1] 728
[1] 10613    39
[1] 729
[1] 10099    54
[1] 730
[1] 10888    73
[1] 731
[1] 10112    40
[1] 732
[1] 10361    62
[1] 733
[1] 9564   34
[1] 734
[1] 9997   72
[1] 735
[1] 10342    36
[1] 736
[1] 9727   35
[1] 737
[1] 10615    35
[1] 738
[1] 10096   352
[1] 739
[1] 7888   40
[1] 740
[1] 9675   33
[1] 741
[1] 9481  129
[1] 742
[1] 10357    73
[1] 743
[1] 9841  400
[1] 744
[1] 10090    43
[1] 745
[1] 10281    62
[1] 746
[1] 10770   433
[1] 747
[1] 10712  2275
[1] 748
[1] 8793   40
[1] 749
[1] 10478    32
[1] 750
[1] 10423   671
[1] 751
[1] 9623   33
[1] 752
[1] 9695  329
[1] 753
[1] 10108    31
[1] 754
[1] 8854   48
[1] 755
[1] 10424    32
[1] 756
[1] 10866   167
[1] 757
[1] 9575   58
[1] 758
[1] 9354   30
[1] 759
[1] 10524    40
[1] 760
[1] 8938   32
[1] 761
[1] 10672    81
[1] 762
[1] 10358    31
[1] 763
[1] 1131  127
[1] 764
[1] 10878   205
[1] 765
[1] 9436   37
[1] 766
[1] 7492  221
[1] 767
[1] 1885   40
[1] 768
[1] 10600    84
[1] 769
[1] 10418    55
[1] 770
[1] 9732   95
[1] 771
[1] 10753    47
[1] 772
[1] 10671   115
[1] 773
[1] 9139   90
[1] 774
[1] 10347    30
[1] 775
[1] 10400    69
[1] 776
[1] 10533    39
[1] 777
[1] 10279    43
[1] 778
[1] 10080    35
[1] 779
[1] 10818    90
[1] 780
[1] 5036   42
[1] 781
[1] 10393  2687
[1] 782
[1] 10436    42
[1] 783
[1] 10897    98
[1] 784
[1] 10378    53
[1] 785
[1] 10650    43
[1] 786
[1] 9365   36
[1] 787
[1] 10230    32
[1] 788
[1] 9756   36
[1] 789
[1] 10180    98
[1] 790
[1] 10457    46
[1] 791
[1] 9819   48
[1] 792
[1] 6730  590
[1] 793
[1] 10467    78
[1] 794
[1] 9299  224
[1] 795
[1] 9729   47
[1] 796
[1] 10863    80
[1] 797
[1] 10200    56
[1] 798
[1] 10660    33
[1] 799
[1] 10682    39
[1] 800
[1] 9589   30
[1] 801
[1] 10523   100
[1] 802
[1] 10651    32
[1] 803
[1] 8939   87
[1] 804
[1] 10696    58
[1] 805
[1] 10387    36
[1] 806
[1] 10342    72
[1] 807
[1] 9687   33
[1] 808
[1] 10447    37
[1] 809
[1] 10433    73
[1] 810
[1] 10209    53
[1] 811
[1] 9699   30
[1] 812
[1] 10896    57
[1] 813
[1] 9295   32
[1] 814
[1] 10576    30
[1] 815
[1] 10623  1846
[1] 816
[1] 8864   64
[1] 817
[1] 10781   190
[1] 818
[1] 10880   169
[1] 819
[1] 10472    39
[1] 820
[1] 10832    32
[1] 821
[1] 10361    55
[1] 822
[1] 1942   44
[1] 823
[1] 10361    41
[1] 824
[1] 8092  384
[1] 825
[1] 10887   113
[1] 826
[1] 9271   40
[1] 827
[1] 10868   203
[1] 828
[1] 9658   60
[1] 829
[1] 10112    48
[1] 830
[1] 9930   41
[1] 831
[1] 8778   40
[1] 832
[1] 10890   875
[1] 833
[1] 10259    48
[1] 834
[1] 10420    32
[1] 835
[1] 10438    91
[1] 836
[1] 10861    91
[1] 837
[1] 10053    82
[1] 838
[1] 10364    38
[1] 839
[1] 9681   36
[1] 840
[1] 10491    30
[1] 841
[1] 10440    38
[1] 842
[1] 10659    41
[1] 843
[1] 10343    57
[1] 844
[1] 10800    65
[1] 845
[1] 10096    30
[1] 846
[1] 9978   32
[1] 847
[1] 9407  648
[1] 848
[1] 10422    72
[1] 849
[1] 10640    41
[1] 850
[1] 10388    49
[1] 851
[1] 10762   164
[1] 852
[1] 10527   124
[1] 853
[1] 10749   178
[1] 854
[1] 9126   48
[1] 855
[1] 10896    52
[1] 856
[1] 9423   36
[1] 857
[1] 10837   209
[1] 858
[1] 9343 2260
[1] 859
[1] 10873    40
[1] 860
[1] 10176    58
[1] 861
[1] 9809   84
[1] 862
[1] 9619   38
[1] 863
[1] 10470    38
[1] 864
[1] 9788   40
[1] 865
[1] 10753    91
[1] 866
[1] 9999   34
[1] 867
[1] 10255    57
[1] 868
[1] 10586  3514
[1] 869
[1] 10280    62
[1] 870
[1] 10651    72
[1] 871
[1] 9676   56
[1] 872
[1] 10862    39
[1] 873
[1] 10899   422
[1] 874
[1] 10513    71
[1] 875
[1] 10377   103
[1] 876
[1] 9794   33
[1] 877
[1] 10599    54
[1] 878
[1] 10725   100
[1] 879
[1] 10786    36
[1] 880
[1] 10840  1186
[1] 881
[1] 9864   50
[1] 882
[1] 10621   178
[1] 883
[1] 10726    58
[1] 884
[1] 10091    72
[1] 885
[1] 8953   40
[1] 886
[1] 8898   46
[1] 887
[1] 10297    63
[1] 888
[1] 10629    79
[1] 889
[1] 9521   83
[1] 890
[1] 9366   88
[1] 891
[1] 9809   42
[1] 892
[1] 10777   114
[1] 893
[1] 10895  1009
[1] 894
[1] 10646    94
[1] 895
[1] 9445   38
[1] 896
[1] 9532   59
[1] 897
[1] 9325   47
[1] 898
[1] 10618    36
[1] 899
[1] 10246    32
[1] 900
[1] 8241   30
[1] 901
[1] 10367    36
[1] 902
[1] 2558 1206
[1] 903
[1] 10711    93
[1] 904
[1] 10392    42
[1] 905
[1] 10170    40
[1] 906
[1] 10686    36
[1] 907
[1] 10774    37
[1] 908
[1] 9917   34
[1] 909
[1] 9352   72
[1] 910
[1] 10632   407
[1] 911
[1] 10089    54
[1] 912
[1] 10000    64
[1] 913
[1] 10488    48
[1] 914
[1] 9735  320
[1] 915
[1] 10722    33
[1] 916
[1] 10642    45
[1] 917
[1] 10892   137
[1] 918
[1] 9065   44
[1] 919
[1] 10444    42
[1] 920
[1] 10199   100
[1] 921
[1] 10859    95
[1] 922
[1] 9855  892
[1] 923
[1] 8503   30
[1] 924
[1] 10722    81
[1] 925
[1] 10290    31
[1] 926
[1] 10786    65
[1] 927
[1] 10735   523
[1] 928
[1] 10391    96
[1] 929
[1] 10777  1866
[1] 930
[1] 8269   36
[1] 931
[1] 10597   712
[1] 932
[1] 10727    41
[1] 933
[1] 10888  1021
[1] 934
[1] 10659    30
[1] 935
[1] 10352   309
[1] 936
[1] 10816    64
[1] 937
[1] 10898    64
[1] 938
[1] 10166    49
[1] 939
[1] 9482   30
[1] 940
[1] 9624   76
[1] 941
[1] 8598   46
[1] 942
[1] 10483   230
[1] 943
[1] 8122   81
[1] 944
[1] 10482   207
[1] 945
[1] 8215  288
[1] 946
[1] 10470    32
[1] 947
[1] 10882    86
[1] 948
[1] 9901   59
[1] 949
[1] 8172   36
[1] 950
[1] 10883    95
[1] 951
[1] 10509    56
[1] 952
[1] 9741  136
[1] 953
[1] 10406    41
[1] 954
[1] 10350    32
[1] 955
[1] 9825   33
[1] 956
[1] 9677  201
[1] 957
[1] 10876    35
[1] 958
[1]  18 188
[1] 959
[1] 10081    39
[1] 960
[1] 10139    48
[1] 961
[1] 10314    79
[1] 962
[1] 10893    84
[1] 963
[1] 10891    78
[1] 964
[1] 10306    50
[1] 965
[1] 9136   36
[1] 966
[1] 10215   103
[1] 967
[1] 10897   667
[1] 968
[1] 10547    84
[1] 969
[1] 10419    45
[1] 970
[1] 10303    73
[1] 971
[1] 10340    36
[1] 972
[1] 10819    80
[1] 973
[1] 10557    51
[1] 974
[1] 10471    45
[1] 975
[1] 10821    67
[1] 976
[1] 9682   42
[1] 977
[1] 10445    32
[1] 978
[1] 10889  7598
[1] 979
[1] 10201    30
[1] 980
[1] 10889   132
[1] 981
[1] 10604   117
[1] 982
[1] 10287    43
[1] 983
[1] 8399   45
[1] 984
[1] 10827    31
[1] 985
[1] 9881   78
[1] 986
[1] 10858    78
[1] 987
[1] 9250  760
[1] 988
[1] 10317   188
[1] 989
[1] 9006   60
[1] 990
[1] 10886    88
[1] 991
[1] 8776   68
[1] 992
[1] 9306   32
[1] 993
[1] 10157   476
[1] 994
[1] 10868   304
[1] 995
[1] 10404   404
[1] 996
[1] 10794   132
[1] 997
[1] 10170    40
[1] 998
[1] 9461   40
[1] 999
[1] 5517   38
[1] 1000
[1] 10538    40
[1] 1001
[1] 9648   32
[1] 1002
[1] 10312    42
[1] 1003
[1] 10720    48
[1] 1004
[1] 10263    36
[1] 1005
[1] 10090    32
[1] 1006
[1] 9841  809
[1] 1007
[1] 9793   56
[1] 1008
[1] 10303    77
[1] 1009
[1] 9657   36
[1] 1010
[1] 10141    57
[1] 1011
[1] 10447    39
[1] 1012
[1] 10319    40
[1] 1013
[1] 10133    60
[1] 1014
[1] 9787   30
[1] 1015
[1] 10583    46
[1] 1016
[1] 10867    32
[1] 1017
[1] 10441    45
[1] 1018
[1] 10007   168
[1] 1019
[1] 10427    76
[1] 1020
[1] 10296    30
[1] 1021
[1] 9561    6
[1] 1022
[1] 8991  294
[1] 1023
[1] 10155    48
[1] 1024
[1] 10082   356
[1] 1025
[1] 10523    30
[1] 1026
[1] 10889    36
[1] 1027
[1] 10005   168
[1] 1028
[1] 10088    36
[1] 1029
[1] 10883    99
[1] 1030
[1] 10553    48
[1] 1031
[1] 10213    58
[1] 1032
[1] 10247    54
[1] 1033
[1] 10590    44
[1] 1034
[1] 9994   44
[1] 1035
[1] 8817   30
[1] 1036
[1] 10704    48
[1] 1037
[1] 9586   54
[1] 1038
[1] 10291    57
[1] 1039
[1] 9959   92
[1] 1040
[1] 10541    34
[1] 1041
[1] 9975   87
[1] 1042
[1] 10730   382
[1] 1043
[1] 9163  480
[1] 1044
[1] 9414   30
[1] 1045
[1] 9771   48
[1] 1046
[1] 10595    65
[1] 1047
[1] 10368    40
[1] 1048
[1] 6687  252
[1] 1049
[1] 10521    84
[1] 1050
[1] 10291    53
[1] 1051
[1] 9559  418
[1] 1052
[1] 10882   159
[1] 1053
[1] 9693  119
[1] 1054
[1] 10773    93
[1] 1055
[1] 9344   73
[1] 1056
[1] 9116  233
[1] 1057
[1] 10308    64
[1] 1058
[1] 10327    31
[1] 1059
[1] 9583   48
[1] 1060
[1] 10835   324
[1] 1061
[1] 9879   41
[1] 1062
[1] 8336   92
[1] 1063
[1] 10104    30
[1] 1064
[1] 9984  133
[1] 1065
[1] 9357   35
[1] 1066
[1] 9299   61
[1] 1067
[1] 10226    22
[1] 1068
[1] 10591    46
[1] 1069
[1] 10765    45
[1] 1070
[1] 10185    60
[1] 1071
[1] 10633   766
[1] 1072
[1] 9980   32
[1] 1073
[1] 9383   32
[1] 1074
[1] 9635   30
[1] 1075
[1] 10341   129
[1] 1076
[1] 9724  223
[1] 1077
[1] 10680    36
[1] 1078
[1] 9244    3
[1] 1079
[1] 10872    49
[1] 1080
[1] 10109  1465
[1] 1081
[1] 10092    30
[1] 1082
[1] 10833    87
[1] 1083
[1] 10375   134
[1] 1084
[1] 9303   40
[1] 1085
[1] 10132    30
[1] 1086
[1] 10874    38
[1] 1087
[1] 10286    56
[1] 1088
[1] 10898   290
[1] 1089
[1] 88 56
[1] 1090
[1] 10640    42
[1] 1091
[1] 10085   100
[1] 1092
[1] 10761    77
[1] 1093
[1] 10880    81
[1] 1094
[1] 10327    40
[1] 1095
[1] 8124   48
[1] 1096
[1] 10317    72
[1] 1097
[1] 7779  971
[1] 1098
[1] 9859   54
[1] 1099
[1] 10875    50
[1] 1100
[1] 9163  124
[1] 1101
[1] 10712  1009
[1] 1102
[1] 10648    40
[1] 1103
[1] 8617   45
[1] 1104
[1] 10789   573
[1] 1105
[1] 9731   60
[1] 1106
[1] 10369    59
[1] 1107
[1] 10365    53
[1] 1108
[1] 9905   51
[1] 1109
[1] 9519   60
[1] 1110
[1] 10331    30
[1] 1111
[1] 10266   230
[1] 1112
[1] 10384  1261
[1] 1113
[1] 9608   36
[1] 1114
[1] 9731   41
[1] 1115
[1] 10335   195
[1] 1116
[1] 10494    91
[1] 1117
[1] 9932   50
[1] 1118
[1] 9968   45
[1] 1119
[1] 9877   96
[1] 1120
[1] 10887   149
[1] 1121
[1] 10848    66
[1] 1122
[1] 10428    73
[1] 1123
[1] 10139    40
[1] 1124
[1] 10622   180
[1] 1125
[1] 9917   37
[1] 1126
[1] 9226  144
[1] 1127
[1] 10788   406
[1] 1128
[1] 9942   45
[1] 1129
[1] 9591  480
[1] 1130
[1] 9455   30
[1] 1131
[1] 9656   54
[1] 1132
[1] 10364    48
[1] 1133
[1] 10033    32
[1] 1134
[1] 10885    31
[1] 1135
[1] 10109    44
[1] 1136
[1] 10891    42
[1] 1137
[1] 9686    6
[1] 1138
[1] 10421    30
[1] 1139
[1] 9846   30
[1] 1140
[1] 6885  117
[1] 1141
[1] 9736   48
[1] 1142
[1] 9895   47
[1] 1143
[1] 10778   124
[1] 1144
[1] 10703    33
[1] 1145
[1] 9082  384
[1] 1146
[1] 10862    41
[1] 1147
[1] 10357    60
[1] 1148
[1] 8666  336
[1] 1149
[1] 10012    39
[1] 1150
[1] 10433    36
[1] 1151
[1] 9495   36
[1] 1152
[1] 9567   54
[1] 1153
[1] 10815   149
[1] 1154
[1] 9817   30
[1] 1155
[1] 9357   30
[1] 1156
[1] 10587   493
[1] 1157
[1] 10251   194
[1] 1158
[1] 10531    30
[1] 1159
[1] 10865    48
[1] 1160
[1] 8626  124
[1] 1161
[1] 10895    81
[1] 1162
[1] 9067   62
[1] 1163
[1] 10564    40
[1] 1164
[1] 10881   170
[1] 1165
[1] 10861   189
[1] 1166
[1] 10661    33
[1] 1167
[1] 9603   48
[1] 1168
[1] 10891    35
[1] 1169
[1] 10771   214
[1] 1170
[1] 10833   109
[1] 1171
[1] 10554    66
[1] 1172
[1] 9775  451
[1] 1173
[1] 9047   40
[1] 1174
[1] 10484    36
[1] 1175
[1] 10580    32
[1] 1176
[1] 8695   60
[1] 1177
[1] 10075    31
[1] 1178
[1] 10233    82
[1] 1179
[1] 10111    54
[1] 1180
[1] 10540   400
[1] 1181
[1] 10872    40
[1] 1182
[1] 9391   48
[1] 1183
[1] 10844    37
[1] 1184
[1] 10220    78
[1] 1185
[1] 9052  590
[1] 1186
[1] 9684   84
[1] 1187
[1] 9893   33
[1] 1188
[1] 9867   54
[1] 1189
[1] 10300    72
[1] 1190
[1] 9209   30
[1] 1191
[1] 10129    36
[1] 1192
[1] 9658   31
[1] 1193
[1] 10422    54
[1] 1194
[1] 10854   138
[1] 1195
[1] 10537    41
[1] 1196
[1] 9689   44
[1] 1197
[1] 10832   171
[1] 1198
[1] 10461   194
[1] 1199
[1] 9429   50
[1] 1200
[1] 10889   351
[1] 1201
[1] 2963  106
[1] 1202
[1] 10455    96
[1] 1203
[1] 10739   111
[1] 1204
[1] 7289   65
[1] 1205
[1] 10003   314
[1] 1206
[1] 10385    32
[1] 1207
[1] 10440    33
[1] 1208
[1] 9665   34
[1] 1209
[1] 10486    41
[1] 1210
[1] 10619    70
[1] 1211
[1] 10149    30
[1] 1212
[1] 9113   30
[1] 1213
[1] 10564    34
[1] 1214
[1] 10437    32
[1] 1215
[1] 9991   30
[1] 1216
[1] 9380  295
[1] 1217
[1] 8682  177
[1] 1218
[1] 9767   70
[1] 1219
[1] 9280   70
[1] 1220
[1] 9865   45
[1] 1221
[1] 10829   413
[1] 1222
[1] 10373    60
[1] 1223
[1] 10723   154
[1] 1224
[1] 10433    96
[1] 1225
[1] 10067    96
[1] 1226
[1] 10493    52
[1] 1227
[1] 234 180
[1] 1228
[1] 10873   263
[1] 1229
[1] 9830  138
[1] 1230
[1] 10244    88
[1] 1231
[1] 10630   500
[1] 1232
[1] 10601    43
[1] 1233
[1] 10197    88
[1] 1234
[1] 10794    36
[1] 1235
[1] 10604    51
[1] 1236
[1] 10869    32
[1] 1237
[1] 10663    40
[1] 1238
[1] 10531    79
[1] 1239
[1] 10880    78
[1] 1240
[1] 9930  100
[1] 1241
[1] 10887   217
[1] 1242
[1] 10362    60
[1] 1243
[1] 10180    36
[1] 1244
[1] 10255    32
[1] 1245
[1] 10096    38
[1] 1246
[1] 9997  272
[1] 1247
[1] 10094   318
[1] 1248
[1] 10037   124
[1] 1249
[1] 10528   110
[1] 1250
[1] 9450   36
[1] 1251
[1] 9903  115
[1] 1252
[1] 10862    96
[1] 1253
[1] 10862    45
[1] 1254
[1] 10826   108
[1] 1255
[1] 9786   36
[1] 1256
[1] 9338   36
[1] 1257
[1] 10598    73
[1] 1258
[1] 10596    40
[1] 1259
[1] 10851    64
[1] 1260
[1] 10521   108
[1] 1261
[1] 10681    30
[1] 1262
[1] 10425    30
[1] 1263
[1] 10402    31
[1] 1264
[1] 10154    73
[1] 1265
[1] 10176    58
[1] 1266
[1] 9610   84
[1] 1267
[1] 10077    42
[1] 1268
[1] 10572    56
[1] 1269
[1] 9650   36
[1] 1270
[1] 6727   45
[1] 1271
[1]   2 124
[1] 1272
[1] 10695   133
[1] 1273
[1] 10513   510
[1] 1274
[1] 10301   336
[1] 1275
[1] 10718    64
[1] 1276
[1] 9706   34
[1] 1277
[1] 10870   166
[1] 1278
[1] 10862  1529
[1] 1279
[1] 10828   163
[1] 1280
[1] 10821   212
[1] 1281
[1] 9272   36
[1] 1282
[1] 10890   147
[1] 1283
[1] 10098    44
[1] 1284
[1] 10871    62
[1] 1285
[1] 9989  308
[1] 1286
[1] 10169    74
[1] 1287
[1] 10292    30
[1] 1288
[1] 7088   72
[1] 1289
[1] 10842    62
[1] 1290
[1] 10747    73
[1] 1291
[1] 8972  181
[1] 1292
[1] 9795  127
[1] 1293
[1] 9697   55
[1] 1294
[1] 10309    30
[1] 1295
[1] 10711    30
[1] 1296
[1] 10894    86
[1] 1297
[1] 10274    36
[1] 1298
[1] 10890  1844
[1] 1299
[1] 10806    55
[1] 1300
[1] 10813    36
[1] 1301
[1] 10133   436
[1] 1302
[1] 9418   42
[1] 1303
[1] 9704   84
[1] 1304
[1] 10741  3589
[1] 1305
[1]  9 60
[1] 1306
[1] 734  92
[1] 1307
[1] 10120    36
[1] 1308
[1] 10000   136
[1] 1309
[1] 10478    82
[1] 1310
[1] 9195  161
[1] 1311
[1] 9922   36
[1] 1312
[1] 10027    62
[1] 1313
[1] 10562   428
[1] 1314
[1] 10259   192
[1] 1315
[1] 10882    48
[1] 1316
[1] 10445   249
[1] 1317
[1] 9381  137
[1] 1318
[1] 10084    45
[1] 1319
[1] 10401    40
[1] 1320
[1] 10600    34
[1] 1321
[1] 10487    36
[1] 1322
[1] 10870    79
[1] 1323
[1] 9449   33
[1] 1324
[1] 9674   41
[1] 1325
[1] 8834   45
[1] 1326
[1] 10806   317
[1] 1327
[1] 9815  208
[1] 1328
[1] 10592    68
[1] 1329
[1] 10645   102
[1] 1330
[1] 8893   57
[1] 1331
[1] 10582    77
[1] 1332
[1] 10613    54
[1] 1333
[1] 10072    52
[1] 1334
[1] 10243   144
[1] 1335
[1] 10592    64
[1] 1336
[1] 10111    32
[1] 1337
[1] 10268    34
[1] 1338
[1] 10516   910
[1] 1339
[1] 10835   160
[1] 1340
[1] 10305    32
[1] 1341
[1] 9929   71
[1] 1342
[1] 9627   42
[1] 1343
[1] 10877    35
[1] 1344
[1] 10571    86
[1] 1345
[1] 10806    36
[1] 1346
[1] 9705   35
[1] 1347
[1] 9131  768
[1] 1348
[1] 10051   192
[1] 1349
[1] 10251    68
[1] 1350
[1] 10825   156
[1] 1351
[1] 10814    34
[1] 1352
[1] 10902    98
[1] 1353
[1] 9730   30
[1] 1354
[1] 10566    40
[1] 1355
[1] 10190    40
[1] 1356
[1] 9683  119
[1] 1357
[1] 10835    96
[1] 1358
[1] 9157   78
[1] 1359
[1] 7477   57
[1] 1360
[1] 10278   192
[1] 1361
[1] 9929   53
[1] 1362
[1] 9798   48
[1] 1363
[1] 10032  1016
[1] 1364
[1] 10019    36
[1] 1365
[1] 9355   36
[1] 1366
[1] 10840    48
[1] 1367
[1] 10163    36
[1] 1368
[1] 10840   124
[1] 1369
[1] 9750   37
[1] 1370
[1] 10101   483
[1] 1371
[1] 10504   120
[1] 1372
[1] 10559    87
[1] 1373
[1] 9357   56
[1] 1374
[1] 1493  154
[1] 1375
[1] 10326  1475
[1] 1376
[1] 9879   72
[1] 1377
[1] 9588   32
[1] 1378
[1] 10517    36
[1] 1379
[1] 7649  220
[1] 1380
[1] 10843   345
[1] 1381
[1] 10191   132
[1] 1382
[1] 10863    48
[1] 1383
[1] 10368    46
[1] 1384
[1] 10120    47
[1] 1385
[1] 10368   446
[1] 1386
[1] 10554    60
[1] 1387
[1] 10378    34
[1] 1388
[1] 10536    72
[1] 1389
[1] 9295   92
[1] 1390
[1] 9746   96
[1] 1391
[1] 10167    60
[1] 1392
[1] 10861   831
[1] 1393
[1] 10337    60
[1] 1394
[1] 10585    32
[1] 1395
[1] 10167    75
[1] 1396
[1] 10876   120
[1] 1397
[1] 10658    42
[1] 1398
[1] 10377    56
[1] 1399
[1] 10853   124
[1] 1400
[1] 10087    32
[1] 1401
[1] 10239    45
[1] 1402
[1] 10829   184
[1] 1403
[1] 10725    31
[1] 1404
[1] 10721   262
[1] 1405
[1] 10410    44
[1] 1406
[1] 10886    56
[1] 1407
[1] 10406    33
[1] 1408
[1] 10642   147
[1] 1409
[1] 10901   128
[1] 1410
[1] 9975  128
[1] 1411
[1] 10474    82
[1] 1412
[1] 9643   33
[1] 1413
[1] 9312   32
[1] 1414
[1] 10632    62
[1] 1415
[1] 9945   47
[1] 1416
[1] 10660    36
[1] 1417
[1] 10634    48
[1] 1418
[1] 10083    58
[1] 1419
[1] 10872    81
[1] 1420
[1] 1675   41
[1] 1421
[1] 10752   100
[1] 1422
[1] 10852    60
[1] 1423
[1] 10493    62
[1] 1424
[1] 10600    53
[1] 1425
[1] 9693   45
[1] 1426
[1] 10637    34
[1] 1427
[1] 10691    92
[1] 1428
[1] 10667    42
[1] 1429
[1] 10891    54
[1] 1430
[1] 9714  280
[1] 1431
[1] 10890    32
[1] 1432
[1] 10253    30
[1] 1433
[1] 9750  160
[1] 1434
[1] 9535   30
[1] 1435
[1] 10635    33
[1] 1436
[1] 10915   129
[1] 1437
[1] 9717   48
[1] 1438
[1] 10092    72
[1] 1439
[1] 10270   278
[1] 1440
[1] 10566   513
[1] 1441
[1] 10530   150
[1] 1442
[1] 10870    60
[1] 1443
[1]  1 50
[1] 1444
[1] 10181    36
[1] 1445
[1] 10415    85
[1] 1446
[1] 10031    32
[1] 1447
[1] 10496    90
[1] 1448
[1] 10590   688
[1] 1449
[1] 10815   226
[1] 1450
[1] 10316   864
[1] 1451
[1] 10474    68
[1] 1452
[1] 10501    61
[1] 1453
[1] 10508    92
[1] 1454
[1] 10080    48
[1] 1455
[1] 10886   204
[1] 1456
[1] 9704   34
[1] 1457
[1] 8579   32
[1] 1458
[1] 9422   35
[1] 1459
[1] 10795   113
[1] 1460
[1] 10881    96
[1] 1461
[1] 10117    50
[1] 1462
[1] 10878   180
[1] 1463
[1] 10453    40
[1] 1464
[1] 10371   102
[1] 1465
[1] 10887    52
[1] 1466
[1] 10078    52
[1] 1467
[1] 9998   36
[1] 1468
[1] 9934   36
[1] 1469
[1] 10870    67
[1] 1470
[1] 9552   32
[1] 1471
[1] 9744   52
[1] 1472
[1] 10331    40
[1] 1473
[1] 9302   34
[1] 1474
[1] 10338    41
[1] 1475
[1] 7985   68
[1] 1476
[1] 10442    44
[1] 1477
[1] 10521    34
[1] 1478
[1] 10550    36
[1] 1479
[1] 10695   401
[1] 1480
[1] 10675    38
[1] 1481
[1] 9561   57
[1] 1482
[1] 10588    50
[1] 1483
[1] 10436    47
[1] 1484
[1] 1896  144
[1] 1485
[1] 10873    68
[1] 1486
[1] 10869    38
[1] 1487
[1] 9962   58
[1] 1488
[1] 10074   230
[1] 1489
[1] 435  35
[1] 1490
[1] 10479    32
[1] 1491
[1] 10670   278
[1] 1492
[1] 9114   95
[1] 1493
[1] 9363   34
[1] 1494
[1] 10292    43
[1] 1495
[1] 10291    48
[1] 1496
[1] 10377    54
[1] 1497
[1] 10517    64
[1] 1498
[1] 10503    44
[1] 1499
[1] 10132    64
[1] 1500
[1] 10603    37
[1] 1501
[1] 9530   32
[1] 1502
[1] 9836   36
[1] 1503
[1] 10242    79
[1] 1504
[1] 9834   98
[1] 1505
[1] 9468   35
[1] 1506
[1] 9925   35
[1] 1507
[1] 10489    93
[1] 1508
[1] 10819    63
[1] 1509
[1] 10795   458
[1] 1510
[1] 9768   52
[1] 1511
[1] 10565   911
[1] 1512
[1] 10432    42
[1] 1513
[1] 9751   47
[1] 1514
[1] 10900   448
[1] 1515
[1] 9925   36
[1] 1516
[1] 10562    53
[1] 1517
[1] 10714   121
[1] 1518
[1] 10893    36
[1] 1519
[1] 10558   503
[1] 1520
[1] 10893   119
[1] 1521
[1] 10627   786
[1] 1522
[1] 10321    32
[1] 1523
[1] 7693  295
[1] 1524
[1] 9975   47
[1] 1525
[1] 9920   30
[1] 1526
[1] 10314    82
[1] 1527
[1] 10791    32
[1] 1528
[1] 9505   64
[1] 1529
[1] 10295    44
[1] 1530
[1] 10828    51
[1] 1531
[1] 10520    36
[1] 1532
[1] 10591    36
[1] 1533
[1] 10028    36
[1] 1534
[1] 10836    34
[1] 1535
[1] 10470    42
[1] 1536
[1] 77 45
[1] 1537
[1] 8934   38
[1] 1538
[1] 10466    75
[1] 1539
[1] 10472    80
[1] 1540
[1] 10889   106
[1] 1541
[1] 7887   36
[1] 1542
[1] 10238    56
[1] 1543
[1] 9281   72
[1] 1544
[1] 7946  147
[1] 1545
[1] 9902   40
[1] 1546
[1] 10295    48
[1] 1547
[1] 9350   32
[1] 1548
[1] 10330    34
[1] 1549
[1] 10124   125
[1] 1550
[1] 9521   92
[1] 1551
[1] 9408   48
[1] 1552
[1] 10896    30
[1] 1553
[1] 175 549
[1] 1554
[1] 10211    33
[1] 1555
[1] 9792   75
[1] 1556
[1] 9713  264
[1] 1557
[1] 7893   63
[1] 1558
[1] 10508    60
[1] 1559
[1] 10742    48
[1] 1560
[1] 10358    34
[1] 1561
[1] 10457    42
[1] 1562
[1] 9462  108
[1] 1563
[1] 10796   138
[1] 1564
[1] 10558    31
[1] 1565
[1] 10771    46
[1] 1566
[1] 10636    30
[1] 1567
[1] 10837    72
[1] 1568
[1] 10389    30
[1] 1569
[1] 10199    96
[1] 1570
[1] 10213  1440
[1] 1571
[1] 10192   107
[1] 1572
[1] 10851    30
[1] 1573
[1] 10310    64
[1] 1574
[1] 10013    56
[1] 1575
[1] 10259    52
[1] 1576
[1] 10689    58
[1] 1577
[1] 9802   36
[1] 1578
[1] 10873    58
[1] 1579
[1] 10673    73
[1] 1580
[1] 10426   235
[1] 1581
[1] 10219    96
[1] 1582
[1] 10734    30
[1] 1583
[1] 9668   88
[1] 1584
[1] 9696   36
[1] 1585
[1] 10407    32
[1] 1586
[1] 10835    41
[1] 1587
[1] 9426   30
[1] 1588
[1] 10064   127
[1] 1589
[1] 10501    41
[1] 1590
[1] 5274   41
[1] 1591
[1] 113  69
[1] 1592
[1] 6526  476
[1] 1593
[1] 9888   30
[1] 1594
[1] 10004   128
[1] 1595
[1] 10319    46
[1] 1596
[1] 10026    36
[1] 1597
[1] 10623    32
[1] 1598
[1] 10360    70
[1] 1599
[1] 8668   52
[1] 1600
[1] 10711   598
[1] 1601
[1] 9649   48
[1] 1602
[1] 10582   360
[1] 1603
[1] 10588    30
[1] 1604
[1] 10633    71
[1] 1605
[1] 10586   192
[1] 1606
[1] 10596    36
[1] 1607
[1] 10333   180
[1] 1608
[1] 10463    64
[1] 1609
[1] 9225   45
[1] 1610
[1] 10526    44
[1] 1611
[1] 8677  120
[1] 1612
[1] 10849    41
[1] 1613
[1] 9902   44
[1] 1614
[1] 10377   133
[1] 1615
[1] 10690    33
[1] 1616
[1] 10813   108
[1] 1617
[1] 9662   36
[1] 1618
[1] 10757   120
[1] 1619
[1] 10069   138
[1] 1620
[1] 10673   267
[1] 1621
[1] 9781   75
[1] 1622
[1] 10479   163
[1] 1623
[1] 9779   36
[1] 1624
[1] 9292   36
[1] 1625
[1] 9525   40
[1] 1626
[1] 7581   44
[1] 1627
[1] 9842   40
[1] 1628
[1] 9847   48
[1] 1629
[1] 10401   160
[1] 1630
[1] 10887   274
[1] 1631
[1] 8745   30
[1] 1632
[1] 10643    63
[1] 1633
[1] 10527    37
[1] 1634
[1] 10166    30
[1] 1635
[1] 10702    35
[1] 1636
[1] 9841   48
[1] 1637
[1] 4170   31
[1] 1638
[1] 10514    46
[1] 1639
[1] 10043    96
[1] 1640
[1] 10073    32
[1] 1641
[1] 10697    83
[1] 1642
[1] 9717   35
[1] 1643
[1] 9795   58
[1] 1644
[1] 9768   52
[1] 1645
[1] 10884    96
[1] 1646
[1] 9593   48
[1] 1647
[1] 10600   567
[1] 1648
[1] 10632    36
[1] 1649
[1] 10679    84
[1] 1650
[1] 10595    30
[1] 1651
[1] 10542    40
[1] 1652
[1] 10883    53
[1] 1653
[1] 10559   168
[1] 1654
[1] 8681  681
[1] 1655
[1] 8994   48
[1] 1656
[1] 10429    38
[1] 1657
[1] 10485    56
[1] 1658
[1] 10178   143
[1] 1659
[1] 10767    72
[1] 1660
[1] 9620   40
[1] 1661
[1] 10034    58
[1] 1662
[1] 10692    77
[1] 1663
[1] 9828   48
[1] 1664
[1] 9048   73
[1] 1665
[1] 10178    70
[1] 1666
[1] 8849   80
[1] 1667
[1] 10720    69
[1] 1668
[1] 10041    68
[1] 1669
[1] 10780    94
[1] 1670
[1] 10714   501
[1] 1671
[1] 10183    75
[1] 1672
[1] 9867   39
[1] 1673
[1] 9248   32
[1] 1674
[1] 10512    38
[1] 1675
[1] 10639    35
[1] 1676
[1] 10133    96
[1] 1677
[1] 10179    40
[1] 1678
[1] 10638    38
[1] 1679
[1] 10546    34
[1] 1680
[1] 10862    88
[1] 1681
[1] 10085    36
[1] 1682
[1] 10398    30
[1] 1683
[1] 10004    39
[1] 1684
[1] 10877    51
[1] 1685
[1] 10870   322
[[1]]
NULL

[[2]]
NULL

[[3]]
NULL

[[4]]
NULL

[[5]]
NULL

[[6]]
NULL

[[7]]
NULL

[[8]]
NULL

[[9]]
NULL

[[10]]
NULL

[[11]]
NULL

[[12]]
NULL

[[13]]
NULL

[[14]]
NULL

[[15]]
NULL

[[16]]
NULL

[[17]]
NULL

[[18]]
NULL

[[19]]
NULL

[[20]]
NULL

[[21]]
NULL

[[22]]
NULL

[[23]]
NULL

[[24]]
NULL

[[25]]
NULL

[[26]]
NULL

[[27]]
NULL

[[28]]
NULL

[[29]]
NULL

[[30]]
NULL

[[31]]
NULL

[[32]]
NULL

[[33]]
NULL

[[34]]
NULL

[[35]]
NULL

[[36]]
NULL

[[37]]
NULL

[[38]]
NULL

[[39]]
NULL

[[40]]
NULL

[[41]]
NULL

[[42]]
NULL

[[43]]
NULL

[[44]]
NULL

[[45]]
NULL

[[46]]
NULL

[[47]]
NULL

[[48]]
NULL

[[49]]
NULL

[[50]]
NULL

[[51]]
NULL

[[52]]
NULL

[[53]]
NULL

[[54]]
NULL

[[55]]
NULL

[[56]]
NULL

[[57]]
NULL

[[58]]
NULL

[[59]]
NULL

[[60]]
NULL

[[61]]
NULL

[[62]]
NULL

[[63]]
NULL

[[64]]
NULL

[[65]]
NULL

[[66]]
NULL

[[67]]
NULL

[[68]]
NULL

[[69]]
NULL

[[70]]
NULL

[[71]]
NULL

[[72]]
NULL

[[73]]
NULL

[[74]]
NULL

[[75]]
NULL

[[76]]
NULL

[[77]]
NULL

[[78]]
NULL

[[79]]
NULL

[[80]]
NULL

[[81]]
NULL

[[82]]
NULL

[[83]]
NULL

[[84]]
NULL

[[85]]
NULL

[[86]]
NULL

[[87]]
NULL

[[88]]
NULL

[[89]]
NULL

[[90]]
NULL

[[91]]
NULL

[[92]]
NULL

[[93]]
NULL

[[94]]
NULL

[[95]]
NULL

[[96]]
NULL

[[97]]
NULL

[[98]]
NULL

[[99]]
NULL

[[100]]
NULL

[[101]]
NULL

[[102]]
NULL

[[103]]
NULL

[[104]]
NULL

[[105]]
NULL

[[106]]
NULL

[[107]]
NULL

[[108]]
NULL

[[109]]
NULL

[[110]]
NULL

[[111]]
NULL

[[112]]
NULL

[[113]]
NULL

[[114]]
NULL

[[115]]
NULL

[[116]]
NULL

[[117]]
NULL

[[118]]
NULL

[[119]]
NULL

[[120]]
NULL

[[121]]
NULL

[[122]]
NULL

[[123]]
NULL

[[124]]
NULL

[[125]]
NULL

[[126]]
NULL

[[127]]
NULL

[[128]]
NULL

[[129]]
NULL

[[130]]
NULL

[[131]]
NULL

[[132]]
NULL

[[133]]
NULL

[[134]]
NULL

[[135]]
NULL

[[136]]
NULL

[[137]]
NULL

[[138]]
NULL

[[139]]
NULL

[[140]]
NULL

[[141]]
NULL

[[142]]
NULL

[[143]]
NULL

[[144]]
NULL

[[145]]
NULL

[[146]]
NULL

[[147]]
NULL

[[148]]
NULL

[[149]]
NULL

[[150]]
NULL

[[151]]
NULL

[[152]]
NULL

[[153]]
NULL

[[154]]
NULL

[[155]]
NULL

[[156]]
NULL

[[157]]
NULL

[[158]]
NULL

[[159]]
NULL

[[160]]
NULL

[[161]]
NULL

[[162]]
NULL

[[163]]
NULL

[[164]]
NULL

[[165]]
NULL

[[166]]
NULL

[[167]]
NULL

[[168]]
NULL

[[169]]
NULL

[[170]]
NULL

[[171]]
NULL

[[172]]
NULL

[[173]]
NULL

[[174]]
NULL

[[175]]
NULL

[[176]]
NULL

[[177]]
NULL

[[178]]
NULL

[[179]]
NULL

[[180]]
NULL

[[181]]
NULL

[[182]]
NULL

[[183]]
NULL

[[184]]
NULL

[[185]]
NULL

[[186]]
NULL

[[187]]
NULL

[[188]]
NULL

[[189]]
NULL

[[190]]
NULL

[[191]]
NULL

[[192]]
NULL

[[193]]
NULL

[[194]]
NULL

[[195]]
NULL

[[196]]
NULL

[[197]]
NULL

[[198]]
NULL

[[199]]
NULL

[[200]]
NULL

[[201]]
NULL

[[202]]
NULL

[[203]]
NULL

[[204]]
NULL

[[205]]
NULL

[[206]]
NULL

[[207]]
NULL

[[208]]
NULL

[[209]]
NULL

[[210]]
NULL

[[211]]
NULL

[[212]]
NULL

[[213]]
NULL

[[214]]
NULL

[[215]]
NULL

[[216]]
NULL

[[217]]
NULL

[[218]]
NULL

[[219]]
NULL

[[220]]
NULL

[[221]]
NULL

[[222]]
NULL

[[223]]
NULL

[[224]]
NULL

[[225]]
NULL

[[226]]
NULL

[[227]]
NULL

[[228]]
NULL

[[229]]
NULL

[[230]]
NULL

[[231]]
NULL

[[232]]
NULL

[[233]]
NULL

[[234]]
NULL

[[235]]
NULL

[[236]]
NULL

[[237]]
NULL

[[238]]
NULL

[[239]]
NULL

[[240]]
NULL

[[241]]
NULL

[[242]]
NULL

[[243]]
NULL

[[244]]
NULL

[[245]]
NULL

[[246]]
NULL

[[247]]
NULL

[[248]]
NULL

[[249]]
NULL

[[250]]
NULL

[[251]]
NULL

[[252]]
NULL

[[253]]
NULL

[[254]]
NULL

[[255]]
NULL

[[256]]
NULL

[[257]]
NULL

[[258]]
NULL

[[259]]
NULL

[[260]]
NULL

[[261]]
NULL

[[262]]
NULL

[[263]]
NULL

[[264]]
NULL

[[265]]
NULL

[[266]]
NULL

[[267]]
NULL

[[268]]
NULL

[[269]]
NULL

[[270]]
NULL

[[271]]
NULL

[[272]]
NULL

[[273]]
NULL

[[274]]
NULL

[[275]]
NULL

[[276]]
NULL

[[277]]
NULL

[[278]]
NULL

[[279]]
NULL

[[280]]
NULL

[[281]]
NULL

[[282]]
NULL

[[283]]
NULL

[[284]]
NULL

[[285]]
NULL

[[286]]
NULL

[[287]]
NULL

[[288]]
NULL

[[289]]
NULL

[[290]]
NULL

[[291]]
NULL

[[292]]
NULL

[[293]]
NULL

[[294]]
NULL

[[295]]
NULL

[[296]]
NULL

[[297]]
NULL

[[298]]
NULL

[[299]]
NULL

[[300]]
NULL

[[301]]
NULL

[[302]]
NULL

[[303]]
NULL

[[304]]
NULL

[[305]]
NULL

[[306]]
NULL

[[307]]
NULL

[[308]]
NULL

[[309]]
NULL

[[310]]
NULL

[[311]]
NULL

[[312]]
NULL

[[313]]
NULL

[[314]]
NULL

[[315]]
NULL

[[316]]
NULL

[[317]]
NULL

[[318]]
NULL

[[319]]
NULL

[[320]]
NULL

[[321]]
NULL

[[322]]
NULL

[[323]]
NULL

[[324]]
NULL

[[325]]
NULL

[[326]]
NULL

[[327]]
NULL

[[328]]
NULL

[[329]]
NULL

[[330]]
NULL

[[331]]
NULL

[[332]]
NULL

[[333]]
NULL

[[334]]
NULL

[[335]]
NULL

[[336]]
NULL

[[337]]
NULL

[[338]]
NULL

[[339]]
NULL

[[340]]
NULL

[[341]]
NULL

[[342]]
NULL

[[343]]
NULL

[[344]]
NULL

[[345]]
NULL

[[346]]
NULL

[[347]]
NULL

[[348]]
NULL

[[349]]
NULL

[[350]]
NULL

[[351]]
NULL

[[352]]
NULL

[[353]]
NULL

[[354]]
NULL

[[355]]
NULL

[[356]]
NULL

[[357]]
NULL

[[358]]
NULL

[[359]]
NULL

[[360]]
NULL

[[361]]
NULL

[[362]]
NULL

[[363]]
NULL

[[364]]
NULL

[[365]]
NULL

[[366]]
NULL

[[367]]
NULL

[[368]]
NULL

[[369]]
NULL

[[370]]
NULL

[[371]]
NULL

[[372]]
NULL

[[373]]
NULL

[[374]]
NULL

[[375]]
NULL

[[376]]
NULL

[[377]]
NULL

[[378]]
NULL

[[379]]
NULL

[[380]]
NULL

[[381]]
NULL

[[382]]
NULL

[[383]]
NULL

[[384]]
NULL

[[385]]
NULL

[[386]]
NULL

[[387]]
NULL

[[388]]
NULL

[[389]]
NULL

[[390]]
NULL

[[391]]
NULL

[[392]]
NULL

[[393]]
NULL

[[394]]
NULL

[[395]]
NULL

[[396]]
NULL

[[397]]
NULL

[[398]]
NULL

[[399]]
NULL

[[400]]
NULL

[[401]]
NULL

[[402]]
NULL

[[403]]
NULL

[[404]]
NULL

[[405]]
NULL

[[406]]
NULL

[[407]]
NULL

[[408]]
NULL

[[409]]
NULL

[[410]]
NULL

[[411]]
NULL

[[412]]
NULL

[[413]]
NULL

[[414]]
NULL

[[415]]
NULL

[[416]]
NULL

[[417]]
NULL

[[418]]
NULL

[[419]]
NULL

[[420]]
NULL

[[421]]
NULL

[[422]]
NULL

[[423]]
NULL

[[424]]
NULL

[[425]]
NULL

[[426]]
NULL

[[427]]
NULL

[[428]]
NULL

[[429]]
NULL

[[430]]
NULL

[[431]]
NULL

[[432]]
NULL

[[433]]
NULL

[[434]]
NULL

[[435]]
NULL

[[436]]
NULL

[[437]]
NULL

[[438]]
NULL

[[439]]
NULL

[[440]]
NULL

[[441]]
NULL

[[442]]
NULL

[[443]]
NULL

[[444]]
NULL

[[445]]
NULL

[[446]]
NULL

[[447]]
NULL

[[448]]
NULL

[[449]]
NULL

[[450]]
NULL

[[451]]
NULL

[[452]]
NULL

[[453]]
NULL

[[454]]
NULL

[[455]]
NULL

[[456]]
NULL

[[457]]
NULL

[[458]]
NULL

[[459]]
NULL

[[460]]
NULL

[[461]]
NULL

[[462]]
NULL

[[463]]
NULL

[[464]]
NULL

[[465]]
NULL

[[466]]
NULL

[[467]]
NULL

[[468]]
NULL

[[469]]
NULL

[[470]]
NULL

[[471]]
NULL

[[472]]
NULL

[[473]]
NULL

[[474]]
NULL

[[475]]
NULL

[[476]]
NULL

[[477]]
NULL

[[478]]
NULL

[[479]]
NULL

[[480]]
NULL

[[481]]
NULL

[[482]]
NULL

[[483]]
NULL

[[484]]
NULL

[[485]]
NULL

[[486]]
NULL

[[487]]
NULL

[[488]]
NULL

[[489]]
NULL

[[490]]
NULL

[[491]]
NULL

[[492]]
NULL

[[493]]
NULL

[[494]]
NULL

[[495]]
NULL

[[496]]
NULL

[[497]]
NULL

[[498]]
NULL

[[499]]
NULL

[[500]]
NULL

[[501]]
NULL

[[502]]
NULL

[[503]]
NULL

[[504]]
NULL

[[505]]
NULL

[[506]]
NULL

[[507]]
NULL

[[508]]
NULL

[[509]]
NULL

[[510]]
NULL

[[511]]
NULL

[[512]]
NULL

[[513]]
NULL

[[514]]
NULL

[[515]]
NULL

[[516]]
NULL

[[517]]
NULL

[[518]]
NULL

[[519]]
NULL

[[520]]
NULL

[[521]]
NULL

[[522]]
NULL

[[523]]
NULL

[[524]]
NULL

[[525]]
NULL

[[526]]
NULL

[[527]]
NULL

[[528]]
NULL

[[529]]
NULL

[[530]]
NULL

[[531]]
NULL

[[532]]
NULL

[[533]]
NULL

[[534]]
NULL

[[535]]
NULL

[[536]]
NULL

[[537]]
NULL

[[538]]
NULL

[[539]]
NULL

[[540]]
NULL

[[541]]
NULL

[[542]]
NULL

[[543]]
NULL

[[544]]
NULL

[[545]]
NULL

[[546]]
NULL

[[547]]
NULL

[[548]]
NULL

[[549]]
NULL

[[550]]
NULL

[[551]]
NULL

[[552]]
NULL

[[553]]
NULL

[[554]]
NULL

[[555]]
NULL

[[556]]
NULL

[[557]]
NULL

[[558]]
NULL

[[559]]
NULL

[[560]]
NULL

[[561]]
NULL

[[562]]
NULL

[[563]]
NULL

[[564]]
NULL

[[565]]
NULL

[[566]]
NULL

[[567]]
NULL

[[568]]
NULL

[[569]]
NULL

[[570]]
NULL

[[571]]
NULL

[[572]]
NULL

[[573]]
NULL

[[574]]
NULL

[[575]]
NULL

[[576]]
NULL

[[577]]
NULL

[[578]]
NULL

[[579]]
NULL

[[580]]
NULL

[[581]]
NULL

[[582]]
NULL

[[583]]
NULL

[[584]]
NULL

[[585]]
NULL

[[586]]
NULL

[[587]]
NULL

[[588]]
NULL

[[589]]
NULL

[[590]]
NULL

[[591]]
NULL

[[592]]
NULL

[[593]]
NULL

[[594]]
NULL

[[595]]
NULL

[[596]]
NULL

[[597]]
NULL

[[598]]
NULL

[[599]]
NULL

[[600]]
NULL

[[601]]
NULL

[[602]]
NULL

[[603]]
NULL

[[604]]
NULL

[[605]]
NULL

[[606]]
NULL

[[607]]
NULL

[[608]]
NULL

[[609]]
NULL

[[610]]
NULL

[[611]]
NULL

[[612]]
NULL

[[613]]
NULL

[[614]]
NULL

[[615]]
NULL

[[616]]
NULL

[[617]]
NULL

[[618]]
NULL

[[619]]
NULL

[[620]]
NULL

[[621]]
NULL

[[622]]
NULL

[[623]]
NULL

[[624]]
NULL

[[625]]
NULL

[[626]]
NULL

[[627]]
NULL

[[628]]
NULL

[[629]]
NULL

[[630]]
NULL

[[631]]
NULL

[[632]]
NULL

[[633]]
NULL

[[634]]
NULL

[[635]]
NULL

[[636]]
NULL

[[637]]
NULL

[[638]]
NULL

[[639]]
NULL

[[640]]
NULL

[[641]]
NULL

[[642]]
NULL

[[643]]
NULL

[[644]]
NULL

[[645]]
NULL

[[646]]
NULL

[[647]]
NULL

[[648]]
NULL

[[649]]
NULL

[[650]]
NULL

[[651]]
NULL

[[652]]
NULL

[[653]]
NULL

[[654]]
NULL

[[655]]
NULL

[[656]]
NULL

[[657]]
NULL

[[658]]
NULL

[[659]]
NULL

[[660]]
NULL

[[661]]
NULL

[[662]]
NULL

[[663]]
NULL

[[664]]
NULL

[[665]]
NULL

[[666]]
NULL

[[667]]
NULL

[[668]]
NULL

[[669]]
NULL

[[670]]
NULL

[[671]]
NULL

[[672]]
NULL

[[673]]
NULL

[[674]]
NULL

[[675]]
NULL

[[676]]
NULL

[[677]]
NULL

[[678]]
NULL

[[679]]
NULL

[[680]]
NULL

[[681]]
NULL

[[682]]
NULL

[[683]]
NULL

[[684]]
NULL

[[685]]
NULL

[[686]]
NULL

[[687]]
NULL

[[688]]
NULL

[[689]]
NULL

[[690]]
NULL

[[691]]
NULL

[[692]]
NULL

[[693]]
NULL

[[694]]
NULL

[[695]]
NULL

[[696]]
NULL

[[697]]
NULL

[[698]]
NULL

[[699]]
NULL

[[700]]
NULL

[[701]]
NULL

[[702]]
NULL

[[703]]
NULL

[[704]]
NULL

[[705]]
NULL

[[706]]
NULL

[[707]]
NULL

[[708]]
NULL

[[709]]
NULL

[[710]]
NULL

[[711]]
NULL

[[712]]
NULL

[[713]]
NULL

[[714]]
NULL

[[715]]
NULL

[[716]]
NULL

[[717]]
NULL

[[718]]
NULL

[[719]]
NULL

[[720]]
NULL

[[721]]
NULL

[[722]]
NULL

[[723]]
NULL

[[724]]
NULL

[[725]]
NULL

[[726]]
NULL

[[727]]
NULL

[[728]]
NULL

[[729]]
NULL

[[730]]
NULL

[[731]]
NULL

[[732]]
NULL

[[733]]
NULL

[[734]]
NULL

[[735]]
NULL

[[736]]
NULL

[[737]]
NULL

[[738]]
NULL

[[739]]
NULL

[[740]]
NULL

[[741]]
NULL

[[742]]
NULL

[[743]]
NULL

[[744]]
NULL

[[745]]
NULL

[[746]]
NULL

[[747]]
NULL

[[748]]
NULL

[[749]]
NULL

[[750]]
NULL

[[751]]
NULL

[[752]]
NULL

[[753]]
NULL

[[754]]
NULL

[[755]]
NULL

[[756]]
NULL

[[757]]
NULL

[[758]]
NULL

[[759]]
NULL

[[760]]
NULL

[[761]]
NULL

[[762]]
NULL

[[763]]
NULL

[[764]]
NULL

[[765]]
NULL

[[766]]
NULL

[[767]]
NULL

[[768]]
NULL

[[769]]
NULL

[[770]]
NULL

[[771]]
NULL

[[772]]
NULL

[[773]]
NULL

[[774]]
NULL

[[775]]
NULL

[[776]]
NULL

[[777]]
NULL

[[778]]
NULL

[[779]]
NULL

[[780]]
NULL

[[781]]
NULL

[[782]]
NULL

[[783]]
NULL

[[784]]
NULL

[[785]]
NULL

[[786]]
NULL

[[787]]
NULL

[[788]]
NULL

[[789]]
NULL

[[790]]
NULL

[[791]]
NULL

[[792]]
NULL

[[793]]
NULL

[[794]]
NULL

[[795]]
NULL

[[796]]
NULL

[[797]]
NULL

[[798]]
NULL

[[799]]
NULL

[[800]]
NULL

[[801]]
NULL

[[802]]
NULL

[[803]]
NULL

[[804]]
NULL

[[805]]
NULL

[[806]]
NULL

[[807]]
NULL

[[808]]
NULL

[[809]]
NULL

[[810]]
NULL

[[811]]
NULL

[[812]]
NULL

[[813]]
NULL

[[814]]
NULL

[[815]]
NULL

[[816]]
NULL

[[817]]
NULL

[[818]]
NULL

[[819]]
NULL

[[820]]
NULL

[[821]]
NULL

[[822]]
NULL

[[823]]
NULL

[[824]]
NULL

[[825]]
NULL

[[826]]
NULL

[[827]]
NULL

[[828]]
NULL

[[829]]
NULL

[[830]]
NULL

[[831]]
NULL

[[832]]
NULL

[[833]]
NULL

[[834]]
NULL

[[835]]
NULL

[[836]]
NULL

[[837]]
NULL

[[838]]
NULL

[[839]]
NULL

[[840]]
NULL

[[841]]
NULL

[[842]]
NULL

[[843]]
NULL

[[844]]
NULL

[[845]]
NULL

[[846]]
NULL

[[847]]
NULL

[[848]]
NULL

[[849]]
NULL

[[850]]
NULL

[[851]]
NULL

[[852]]
NULL

[[853]]
NULL

[[854]]
NULL

[[855]]
NULL

[[856]]
NULL

[[857]]
NULL

[[858]]
NULL

[[859]]
NULL

[[860]]
NULL

[[861]]
NULL

[[862]]
NULL

[[863]]
NULL

[[864]]
NULL

[[865]]
NULL

[[866]]
NULL

[[867]]
NULL

[[868]]
NULL

[[869]]
NULL

[[870]]
NULL

[[871]]
NULL

[[872]]
NULL

[[873]]
NULL

[[874]]
NULL

[[875]]
NULL

[[876]]
NULL

[[877]]
NULL

[[878]]
NULL

[[879]]
NULL

[[880]]
NULL

[[881]]
NULL

[[882]]
NULL

[[883]]
NULL

[[884]]
NULL

[[885]]
NULL

[[886]]
NULL

[[887]]
NULL

[[888]]
NULL

[[889]]
NULL

[[890]]
NULL

[[891]]
NULL

[[892]]
NULL

[[893]]
NULL

[[894]]
NULL

[[895]]
NULL

[[896]]
NULL

[[897]]
NULL

[[898]]
NULL

[[899]]
NULL

[[900]]
NULL

[[901]]
NULL

[[902]]
NULL

[[903]]
NULL

[[904]]
NULL

[[905]]
NULL

[[906]]
NULL

[[907]]
NULL

[[908]]
NULL

[[909]]
NULL

[[910]]
NULL

[[911]]
NULL

[[912]]
NULL

[[913]]
NULL

[[914]]
NULL

[[915]]
NULL

[[916]]
NULL

[[917]]
NULL

[[918]]
NULL

[[919]]
NULL

[[920]]
NULL

[[921]]
NULL

[[922]]
NULL

[[923]]
NULL

[[924]]
NULL

[[925]]
NULL

[[926]]
NULL

[[927]]
NULL

[[928]]
NULL

[[929]]
NULL

[[930]]
NULL

[[931]]
NULL

[[932]]
NULL

[[933]]
NULL

[[934]]
NULL

[[935]]
NULL

[[936]]
NULL

[[937]]
NULL

[[938]]
NULL

[[939]]
NULL

[[940]]
NULL

[[941]]
NULL

[[942]]
NULL

[[943]]
NULL

[[944]]
NULL

[[945]]
NULL

[[946]]
NULL

[[947]]
NULL

[[948]]
NULL

[[949]]
NULL

[[950]]
NULL

[[951]]
NULL

[[952]]
NULL

[[953]]
NULL

[[954]]
NULL

[[955]]
NULL

[[956]]
NULL

[[957]]
NULL

[[958]]
NULL

[[959]]
NULL

[[960]]
NULL

[[961]]
NULL

[[962]]
NULL

[[963]]
NULL

[[964]]
NULL

[[965]]
NULL

[[966]]
NULL

[[967]]
NULL

[[968]]
NULL

[[969]]
NULL

[[970]]
NULL

[[971]]
NULL

[[972]]
NULL

[[973]]
NULL

[[974]]
NULL

[[975]]
NULL

[[976]]
NULL

[[977]]
NULL

[[978]]
NULL

[[979]]
NULL

[[980]]
NULL

[[981]]
NULL

[[982]]
NULL

[[983]]
NULL

[[984]]
NULL

[[985]]
NULL

[[986]]
NULL

[[987]]
NULL

[[988]]
NULL

[[989]]
NULL

[[990]]
NULL

[[991]]
NULL

[[992]]
NULL

[[993]]
NULL

[[994]]
NULL

[[995]]
NULL

[[996]]
NULL

[[997]]
NULL

[[998]]
NULL

[[999]]
NULL

[[1000]]
NULL

[[1001]]
NULL

[[1002]]
NULL

[[1003]]
NULL

[[1004]]
NULL

[[1005]]
NULL

[[1006]]
NULL

[[1007]]
NULL

[[1008]]
NULL

[[1009]]
NULL

[[1010]]
NULL

[[1011]]
NULL

[[1012]]
NULL

[[1013]]
NULL

[[1014]]
NULL

[[1015]]
NULL

[[1016]]
NULL

[[1017]]
NULL

[[1018]]
NULL

[[1019]]
NULL

[[1020]]
NULL

[[1021]]
NULL

[[1022]]
NULL

[[1023]]
NULL

[[1024]]
NULL

[[1025]]
NULL

[[1026]]
NULL

[[1027]]
NULL

[[1028]]
NULL

[[1029]]
NULL

[[1030]]
NULL

[[1031]]
NULL

[[1032]]
NULL

[[1033]]
NULL

[[1034]]
NULL

[[1035]]
NULL

[[1036]]
NULL

[[1037]]
NULL

[[1038]]
NULL

[[1039]]
NULL

[[1040]]
NULL

[[1041]]
NULL

[[1042]]
NULL

[[1043]]
NULL

[[1044]]
NULL

[[1045]]
NULL

[[1046]]
NULL

[[1047]]
NULL

[[1048]]
NULL

[[1049]]
NULL

[[1050]]
NULL

[[1051]]
NULL

[[1052]]
NULL

[[1053]]
NULL

[[1054]]
NULL

[[1055]]
NULL

[[1056]]
NULL

[[1057]]
NULL

[[1058]]
NULL

[[1059]]
NULL

[[1060]]
NULL

[[1061]]
NULL

[[1062]]
NULL

[[1063]]
NULL

[[1064]]
NULL

[[1065]]
NULL

[[1066]]
NULL

[[1067]]
NULL

[[1068]]
NULL

[[1069]]
NULL

[[1070]]
NULL

[[1071]]
NULL

[[1072]]
NULL

[[1073]]
NULL

[[1074]]
NULL

[[1075]]
NULL

[[1076]]
NULL

[[1077]]
NULL

[[1078]]
NULL

[[1079]]
NULL

[[1080]]
NULL

[[1081]]
NULL

[[1082]]
NULL

[[1083]]
NULL

[[1084]]
NULL

[[1085]]
NULL

[[1086]]
NULL

[[1087]]
NULL

[[1088]]
NULL

[[1089]]
NULL

[[1090]]
NULL

[[1091]]
NULL

[[1092]]
NULL

[[1093]]
NULL

[[1094]]
NULL

[[1095]]
NULL

[[1096]]
NULL

[[1097]]
NULL

[[1098]]
NULL

[[1099]]
NULL

[[1100]]
NULL

[[1101]]
NULL

[[1102]]
NULL

[[1103]]
NULL

[[1104]]
NULL

[[1105]]
NULL

[[1106]]
NULL

[[1107]]
NULL

[[1108]]
NULL

[[1109]]
NULL

[[1110]]
NULL

[[1111]]
NULL

[[1112]]
NULL

[[1113]]
NULL

[[1114]]
NULL

[[1115]]
NULL

[[1116]]
NULL

[[1117]]
NULL

[[1118]]
NULL

[[1119]]
NULL

[[1120]]
NULL

[[1121]]
NULL

[[1122]]
NULL

[[1123]]
NULL

[[1124]]
NULL

[[1125]]
NULL

[[1126]]
NULL

[[1127]]
NULL

[[1128]]
NULL

[[1129]]
NULL

[[1130]]
NULL

[[1131]]
NULL

[[1132]]
NULL

[[1133]]
NULL

[[1134]]
NULL

[[1135]]
NULL

[[1136]]
NULL

[[1137]]
NULL

[[1138]]
NULL

[[1139]]
NULL

[[1140]]
NULL

[[1141]]
NULL

[[1142]]
NULL

[[1143]]
NULL

[[1144]]
NULL

[[1145]]
NULL

[[1146]]
NULL

[[1147]]
NULL

[[1148]]
NULL

[[1149]]
NULL

[[1150]]
NULL

[[1151]]
NULL

[[1152]]
NULL

[[1153]]
NULL

[[1154]]
NULL

[[1155]]
NULL

[[1156]]
NULL

[[1157]]
NULL

[[1158]]
NULL

[[1159]]
NULL

[[1160]]
NULL

[[1161]]
NULL

[[1162]]
NULL

[[1163]]
NULL

[[1164]]
NULL

[[1165]]
NULL

[[1166]]
NULL

[[1167]]
NULL

[[1168]]
NULL

[[1169]]
NULL

[[1170]]
NULL

[[1171]]
NULL

[[1172]]
NULL

[[1173]]
NULL

[[1174]]
NULL

[[1175]]
NULL

[[1176]]
NULL

[[1177]]
NULL

[[1178]]
NULL

[[1179]]
NULL

[[1180]]
NULL

[[1181]]
NULL

[[1182]]
NULL

[[1183]]
NULL

[[1184]]
NULL

[[1185]]
NULL

[[1186]]
NULL

[[1187]]
NULL

[[1188]]
NULL

[[1189]]
NULL

[[1190]]
NULL

[[1191]]
NULL

[[1192]]
NULL

[[1193]]
NULL

[[1194]]
NULL

[[1195]]
NULL

[[1196]]
NULL

[[1197]]
NULL

[[1198]]
NULL

[[1199]]
NULL

[[1200]]
NULL

[[1201]]
NULL

[[1202]]
NULL

[[1203]]
NULL

[[1204]]
NULL

[[1205]]
NULL

[[1206]]
NULL

[[1207]]
NULL

[[1208]]
NULL

[[1209]]
NULL

[[1210]]
NULL

[[1211]]
NULL

[[1212]]
NULL

[[1213]]
NULL

[[1214]]
NULL

[[1215]]
NULL

[[1216]]
NULL

[[1217]]
NULL

[[1218]]
NULL

[[1219]]
NULL

[[1220]]
NULL

[[1221]]
NULL

[[1222]]
NULL

[[1223]]
NULL

[[1224]]
NULL

[[1225]]
NULL

[[1226]]
NULL

[[1227]]
NULL

[[1228]]
NULL

[[1229]]
NULL

[[1230]]
NULL

[[1231]]
NULL

[[1232]]
NULL

[[1233]]
NULL

[[1234]]
NULL

[[1235]]
NULL

[[1236]]
NULL

[[1237]]
NULL

[[1238]]
NULL

[[1239]]
NULL

[[1240]]
NULL

[[1241]]
NULL

[[1242]]
NULL

[[1243]]
NULL

[[1244]]
NULL

[[1245]]
NULL

[[1246]]
NULL

[[1247]]
NULL

[[1248]]
NULL

[[1249]]
NULL

[[1250]]
NULL

[[1251]]
NULL

[[1252]]
NULL

[[1253]]
NULL

[[1254]]
NULL

[[1255]]
NULL

[[1256]]
NULL

[[1257]]
NULL

[[1258]]
NULL

[[1259]]
NULL

[[1260]]
NULL

[[1261]]
NULL

[[1262]]
NULL

[[1263]]
NULL

[[1264]]
NULL

[[1265]]
NULL

[[1266]]
NULL

[[1267]]
NULL

[[1268]]
NULL

[[1269]]
NULL

[[1270]]
NULL

[[1271]]
NULL

[[1272]]
NULL

[[1273]]
NULL

[[1274]]
NULL

[[1275]]
NULL

[[1276]]
NULL

[[1277]]
NULL

[[1278]]
NULL

[[1279]]
NULL

[[1280]]
NULL

[[1281]]
NULL

[[1282]]
NULL

[[1283]]
NULL

[[1284]]
NULL

[[1285]]
NULL

[[1286]]
NULL

[[1287]]
NULL

[[1288]]
NULL

[[1289]]
NULL

[[1290]]
NULL

[[1291]]
NULL

[[1292]]
NULL

[[1293]]
NULL

[[1294]]
NULL

[[1295]]
NULL

[[1296]]
NULL

[[1297]]
NULL

[[1298]]
NULL

[[1299]]
NULL

[[1300]]
NULL

[[1301]]
NULL

[[1302]]
NULL

[[1303]]
NULL

[[1304]]
NULL

[[1305]]
NULL

[[1306]]
NULL

[[1307]]
NULL

[[1308]]
NULL

[[1309]]
NULL

[[1310]]
NULL

[[1311]]
NULL

[[1312]]
NULL

[[1313]]
NULL

[[1314]]
NULL

[[1315]]
NULL

[[1316]]
NULL

[[1317]]
NULL

[[1318]]
NULL

[[1319]]
NULL

[[1320]]
NULL

[[1321]]
NULL

[[1322]]
NULL

[[1323]]
NULL

[[1324]]
NULL

[[1325]]
NULL

[[1326]]
NULL

[[1327]]
NULL

[[1328]]
NULL

[[1329]]
NULL

[[1330]]
NULL

[[1331]]
NULL

[[1332]]
NULL

[[1333]]
NULL

[[1334]]
NULL

[[1335]]
NULL

[[1336]]
NULL

[[1337]]
NULL

[[1338]]
NULL

[[1339]]
NULL

[[1340]]
NULL

[[1341]]
NULL

[[1342]]
NULL

[[1343]]
NULL

[[1344]]
NULL

[[1345]]
NULL

[[1346]]
NULL

[[1347]]
NULL

[[1348]]
NULL

[[1349]]
NULL

[[1350]]
NULL

[[1351]]
NULL

[[1352]]
NULL

[[1353]]
NULL

[[1354]]
NULL

[[1355]]
NULL

[[1356]]
NULL

[[1357]]
NULL

[[1358]]
NULL

[[1359]]
NULL

[[1360]]
NULL

[[1361]]
NULL

[[1362]]
NULL

[[1363]]
NULL

[[1364]]
NULL

[[1365]]
NULL

[[1366]]
NULL

[[1367]]
NULL

[[1368]]
NULL

[[1369]]
NULL

[[1370]]
NULL

[[1371]]
NULL

[[1372]]
NULL

[[1373]]
NULL

[[1374]]
NULL

[[1375]]
NULL

[[1376]]
NULL

[[1377]]
NULL

[[1378]]
NULL

[[1379]]
NULL

[[1380]]
NULL

[[1381]]
NULL

[[1382]]
NULL

[[1383]]
NULL

[[1384]]
NULL

[[1385]]
NULL

[[1386]]
NULL

[[1387]]
NULL

[[1388]]
NULL

[[1389]]
NULL

[[1390]]
NULL

[[1391]]
NULL

[[1392]]
NULL

[[1393]]
NULL

[[1394]]
NULL

[[1395]]
NULL

[[1396]]
NULL

[[1397]]
NULL

[[1398]]
NULL

[[1399]]
NULL

[[1400]]
NULL

[[1401]]
NULL

[[1402]]
NULL

[[1403]]
NULL

[[1404]]
NULL

[[1405]]
NULL

[[1406]]
NULL

[[1407]]
NULL

[[1408]]
NULL

[[1409]]
NULL

[[1410]]
NULL

[[1411]]
NULL

[[1412]]
NULL

[[1413]]
NULL

[[1414]]
NULL

[[1415]]
NULL

[[1416]]
NULL

[[1417]]
NULL

[[1418]]
NULL

[[1419]]
NULL

[[1420]]
NULL

[[1421]]
NULL

[[1422]]
NULL

[[1423]]
NULL

[[1424]]
NULL

[[1425]]
NULL

[[1426]]
NULL

[[1427]]
NULL

[[1428]]
NULL

[[1429]]
NULL

[[1430]]
NULL

[[1431]]
NULL

[[1432]]
NULL

[[1433]]
NULL

[[1434]]
NULL

[[1435]]
NULL

[[1436]]
NULL

[[1437]]
NULL

[[1438]]
NULL

[[1439]]
NULL

[[1440]]
NULL

[[1441]]
NULL

[[1442]]
NULL

[[1443]]
NULL

[[1444]]
NULL

[[1445]]
NULL

[[1446]]
NULL

[[1447]]
NULL

[[1448]]
NULL

[[1449]]
NULL

[[1450]]
NULL

[[1451]]
NULL

[[1452]]
NULL

[[1453]]
NULL

[[1454]]
NULL

[[1455]]
NULL

[[1456]]
NULL

[[1457]]
NULL

[[1458]]
NULL

[[1459]]
NULL

[[1460]]
NULL

[[1461]]
NULL

[[1462]]
NULL

[[1463]]
NULL

[[1464]]
NULL

[[1465]]
NULL

[[1466]]
NULL

[[1467]]
NULL

[[1468]]
NULL

[[1469]]
NULL

[[1470]]
NULL

[[1471]]
NULL

[[1472]]
NULL

[[1473]]
NULL

[[1474]]
NULL

[[1475]]
NULL

[[1476]]
NULL

[[1477]]
NULL

[[1478]]
NULL

[[1479]]
NULL

[[1480]]
NULL

[[1481]]
NULL

[[1482]]
NULL

[[1483]]
NULL

[[1484]]
NULL

[[1485]]
NULL

[[1486]]
NULL

[[1487]]
NULL

[[1488]]
NULL

[[1489]]
NULL

[[1490]]
NULL

[[1491]]
NULL

[[1492]]
NULL

[[1493]]
NULL

[[1494]]
NULL

[[1495]]
NULL

[[1496]]
NULL

[[1497]]
NULL

[[1498]]
NULL

[[1499]]
NULL

[[1500]]
NULL

[[1501]]
NULL

[[1502]]
NULL

[[1503]]
NULL

[[1504]]
NULL

[[1505]]
NULL

[[1506]]
NULL

[[1507]]
NULL

[[1508]]
NULL

[[1509]]
NULL

[[1510]]
NULL

[[1511]]
NULL

[[1512]]
NULL

[[1513]]
NULL

[[1514]]
NULL

[[1515]]
NULL

[[1516]]
NULL

[[1517]]
NULL

[[1518]]
NULL

[[1519]]
NULL

[[1520]]
NULL

[[1521]]
NULL

[[1522]]
NULL

[[1523]]
NULL

[[1524]]
NULL

[[1525]]
NULL

[[1526]]
NULL

[[1527]]
NULL

[[1528]]
NULL

[[1529]]
NULL

[[1530]]
NULL

[[1531]]
NULL

[[1532]]
NULL

[[1533]]
NULL

[[1534]]
NULL

[[1535]]
NULL

[[1536]]
NULL

[[1537]]
NULL

[[1538]]
NULL

[[1539]]
NULL

[[1540]]
NULL

[[1541]]
NULL

[[1542]]
NULL

[[1543]]
NULL

[[1544]]
NULL

[[1545]]
NULL

[[1546]]
NULL

[[1547]]
NULL

[[1548]]
NULL

[[1549]]
NULL

[[1550]]
NULL

[[1551]]
NULL

[[1552]]
NULL

[[1553]]
NULL

[[1554]]
NULL

[[1555]]
NULL

[[1556]]
NULL

[[1557]]
NULL

[[1558]]
NULL

[[1559]]
NULL

[[1560]]
NULL

[[1561]]
NULL

[[1562]]
NULL

[[1563]]
NULL

[[1564]]
NULL

[[1565]]
NULL

[[1566]]
NULL

[[1567]]
NULL

[[1568]]
NULL

[[1569]]
NULL

[[1570]]
NULL

[[1571]]
NULL

[[1572]]
NULL

[[1573]]
NULL

[[1574]]
NULL

[[1575]]
NULL

[[1576]]
NULL

[[1577]]
NULL

[[1578]]
NULL

[[1579]]
NULL

[[1580]]
NULL

[[1581]]
NULL

[[1582]]
NULL

[[1583]]
NULL

[[1584]]
NULL

[[1585]]
NULL

[[1586]]
NULL

[[1587]]
NULL

[[1588]]
NULL

[[1589]]
NULL

[[1590]]
NULL

[[1591]]
NULL

[[1592]]
NULL

[[1593]]
NULL

[[1594]]
NULL

[[1595]]
NULL

[[1596]]
NULL

[[1597]]
NULL

[[1598]]
NULL

[[1599]]
NULL

[[1600]]
NULL

[[1601]]
NULL

[[1602]]
NULL

[[1603]]
NULL

[[1604]]
NULL

[[1605]]
NULL

[[1606]]
NULL

[[1607]]
NULL

[[1608]]
NULL

[[1609]]
NULL

[[1610]]
NULL

[[1611]]
NULL

[[1612]]
NULL

[[1613]]
NULL

[[1614]]
NULL

[[1615]]
NULL

[[1616]]
NULL

[[1617]]
NULL

[[1618]]
NULL

[[1619]]
NULL

[[1620]]
NULL

[[1621]]
NULL

[[1622]]
NULL

[[1623]]
NULL

[[1624]]
NULL

[[1625]]
NULL

[[1626]]
NULL

[[1627]]
NULL

[[1628]]
NULL

[[1629]]
NULL

[[1630]]
NULL

[[1631]]
NULL

[[1632]]
NULL

[[1633]]
NULL

[[1634]]
NULL

[[1635]]
NULL

[[1636]]
NULL

[[1637]]
NULL

[[1638]]
NULL

[[1639]]
NULL

[[1640]]
NULL

[[1641]]
NULL

[[1642]]
NULL

[[1643]]
NULL

[[1644]]
NULL

[[1645]]
NULL

[[1646]]
NULL

[[1647]]
NULL

[[1648]]
NULL

[[1649]]
NULL

[[1650]]
NULL

[[1651]]
NULL

[[1652]]
NULL

[[1653]]
NULL

[[1654]]
NULL

[[1655]]
NULL

[[1656]]
NULL

[[1657]]
NULL

[[1658]]
NULL

[[1659]]
NULL

[[1660]]
NULL

[[1661]]
NULL

[[1662]]
NULL

[[1663]]
NULL

[[1664]]
NULL

[[1665]]
NULL

[[1666]]
NULL

[[1667]]
NULL

[[1668]]
NULL

[[1669]]
NULL

[[1670]]
NULL

[[1671]]
NULL

[[1672]]
NULL

[[1673]]
NULL

[[1674]]
NULL

[[1675]]
NULL

[[1676]]
NULL

[[1677]]
NULL

[[1678]]
NULL

[[1679]]
NULL

[[1680]]
NULL

[[1681]]
NULL

[[1682]]
NULL

[[1683]]
NULL

[[1684]]
NULL

[[1685]]
NULL

