[1] "GTEx"             "1"                "correcting_first" "0.34"            
[1] "Data read complete"
Running QUIC version 1.1 in 'default' mode.
Newton iteration 1.
  X is a diagonal matrix.
    Line search step size 1.000000e+00.  Lack of positive definiteness.
    Line search step size 5.000000e-01.  Lack of positive definiteness.
    Line search step size 2.500000e-01.  Lack of positive definiteness.
    Line search step size 1.250000e-01.  Lack of positive definiteness.
    Line search step size 6.250000e-02.  Lack of positive definiteness.
    Line search step size chosen: 3.125000e-02.
  Objective value decreased by 7.220873e+01.
Newton iteration 2.
  Active set size = 248315.
  sub-gradient = 1.120617e+04, l1-norm of X = 2.472287e+02.
  Coordinate descent sweep 1. norm of D = 1.003658e+04, change in D = 1.003658e+04.
    Line search step size 1.000000e+00.  Lack of positive definiteness.
    Line search step size 5.000000e-01.  Lack of positive definiteness.
    Line search step size 2.500000e-01.  Lack of positive definiteness.
    Line search step size 1.250000e-01.  Lack of positive definiteness.
    Line search step size chosen: 6.250000e-02.
  Objective value decreased by 1.065613e+02.
Newton iteration 3.
  Active set size = 248316.
  sub-gradient = 1.021998e+04, l1-norm of X = 6.695134e+02.
  Coordinate descent sweep 1. norm of D = 8.056677e+03, change in D = 8.056677e+03.
  Coordinate descent sweep 2. norm of D = 7.440283e+03, change in D = 1.018249e+03.
    Line search step size 1.000000e+00.  Lack of positive definiteness.
    Line search step size 5.000000e-01.  Lack of positive definiteness.
    Line search step size 2.500000e-01.  Lack of positive definiteness.
    Line search step size chosen: 1.250000e-01.
  Objective value decreased by 1.350068e+02.
Newton iteration 4.
  Active set size = 248334.
  sub-gradient = 8.277976e+03, l1-norm of X = 1.265241e+03.
  Coordinate descent sweep 1. norm of D = 5.156365e+03, change in D = 5.156365e+03.
  Coordinate descent sweep 2. norm of D = 4.845186e+03, change in D = 1.048721e+03.
    Line search step size 1.000000e+00.  Lack of positive definiteness.
    Line search step size 5.000000e-01.  Lack of positive definiteness.
    Line search step size 2.500000e-01.  Lack of positive definiteness.
    Line search step size chosen: 1.250000e-01.
  Objective value decreased by 7.116684e+01.
Newton iteration 5.
  Active set size = 248433.
  sub-gradient = 6.974298e+03, l1-norm of X = 1.597483e+03.
  Coordinate descent sweep 1. norm of D = 3.792591e+03, change in D = 3.792591e+03.
  Coordinate descent sweep 2. norm of D = 3.704391e+03, change in D = 8.349975e+02.
    Line search step size 1.000000e+00.  Lack of positive definiteness.
    Line search step size 5.000000e-01.  Lack of positive definiteness.
    Line search step size chosen: 2.500000e-01.
  Objective value decreased by 8.145059e+01.
Newton iteration 6.
  Active set size = 250494.
  sub-gradient = 9.108276e+03, l1-norm of X = 2.024697e+03.
  Coordinate descent sweep 1. norm of D = 2.282252e+03, change in D = 2.282252e+03.
  Coordinate descent sweep 2. norm of D = 2.445229e+03, change in D = 6.208412e+02.
  Coordinate descent sweep 3. norm of D = 2.537090e+03, change in D = 2.152198e+02.
    Line search step size 1.000000e+00.  Lack of positive definiteness.
    Line search step size chosen: 5.000000e-01.
  Objective value decreased by 6.522503e+01.
Newton iteration 7.
  Active set size = 250870.
  sub-gradient = 1.473450e+04, l1-norm of X = 2.423973e+03.
  Coordinate descent sweep 1. norm of D = 1.086095e+03, change in D = 1.086095e+03.
  Coordinate descent sweep 2. norm of D = 1.271683e+03, change in D = 3.926885e+02.
  Coordinate descent sweep 3. norm of D = 1.357332e+03, change in D = 1.861298e+02.
    Line search step size chosen: 1.000000e+00.
  Objective value decreased by 3.118670e+01.
Newton iteration 8.
  Active set size = 118288.
  sub-gradient = 2.636673e+03, l1-norm of X = 2.706668e+03.
  Coordinate descent sweep 1. norm of D = 1.862718e+02, change in D = 1.862718e+02.
  Coordinate descent sweep 2. norm of D = 2.116735e+02, change in D = 1.119470e+02.
  Coordinate descent sweep 3. norm of D = 2.322534e+02, change in D = 6.375559e+01.
    Line search step size chosen: 1.000000e+00.
  Objective value decreased by 2.304487e+00.
Newton iteration 9.
  Active set size = 114681.
  sub-gradient = 8.935175e+02, l1-norm of X = 2.740493e+03.
  Coordinate descent sweep 1. norm of D = 5.982599e+01, change in D = 5.982599e+01.
  Coordinate descent sweep 2. norm of D = 6.321435e+01, change in D = 4.040292e+01.
  Coordinate descent sweep 3. norm of D = 6.853181e+01, change in D = 2.491817e+01.
  Coordinate descent sweep 4. norm of D = 7.232395e+01, change in D = 1.725987e+01.
    Line search step size chosen: 1.000000e+00.
  Objective value decreased by 5.831908e-01.
Newton iteration 10.
  Active set size = 113357.
  sub-gradient = 2.063231e+02, l1-norm of X = 2.749429e+03.
  Coordinate descent sweep 1. norm of D = 1.725241e+01, change in D = 1.725241e+01.
  Coordinate descent sweep 2. norm of D = 1.826771e+01, change in D = 1.330442e+01.
  Coordinate descent sweep 3. norm of D = 1.962849e+01, change in D = 9.234566e+00.
  Coordinate descent sweep 4. norm of D = 2.084841e+01, change in D = 7.029601e+00.
    Line search step size chosen: 1.000000e+00.
  Objective value decreased by 1.117489e-01.
Newton iteration 11.
  Active set size = 113284.
  sub-gradient = 2.122246e+01, l1-norm of X = 2.751324e+03.
  Coordinate descent sweep 1. norm of D = 6.029024e+00, change in D = 6.029024e+00.
  Coordinate descent sweep 2. norm of D = 7.190925e+00, change in D = 4.921307e+00.
  Coordinate descent sweep 3. norm of D = 7.821943e+00, change in D = 3.971749e+00.
  Coordinate descent sweep 4. norm of D = 8.276720e+00, change in D = 3.123596e+00.
    Line search step size chosen: 1.000000e+00.
  Objective value decreased by 2.380879e-02.
Newton iteration 12.
  Active set size = 113382.
  sub-gradient = 2.474873e+00, l1-norm of X = 2.751911e+03.
  Coordinate descent sweep 1. norm of D = 2.618463e+00, change in D = 2.618463e+00.
  Coordinate descent sweep 2. norm of D = 3.018168e+00, change in D = 2.155625e+00.
  Coordinate descent sweep 3. norm of D = 3.355268e+00, change in D = 1.805823e+00.
  Coordinate descent sweep 4. norm of D = 3.545373e+00, change in D = 1.486487e+00.
  Coordinate descent sweep 5. norm of D = 3.708415e+00, change in D = 1.210741e+00.
    Line search step size chosen: 1.000000e+00.
  Objective value decreased by 5.713602e-03.
Newton iteration 13.
  Active set size = 113368.
  sub-gradient = 1.162352e+00, l1-norm of X = 2.752133e+03.
  Coordinate descent sweep 1. norm of D = 9.979612e-01, change in D = 9.979612e-01.
  Coordinate descent sweep 2. norm of D = 1.180601e+00, change in D = 8.595131e-01.
  Coordinate descent sweep 3. norm of D = 1.309699e+00, change in D = 7.534634e-01.
  Coordinate descent sweep 4. norm of D = 1.385341e+00, change in D = 6.412669e-01.
  Coordinate descent sweep 5. norm of D = 1.437218e+00, change in D = 5.277284e-01.
    Line search step size chosen: 1.000000e+00.
  Objective value decreased by 9.971966e-04.
Newton iteration 14.
  Active set size = 113354.
  sub-gradient = 4.430325e-01, l1-norm of X = 2.752221e+03.
  Coordinate descent sweep 1. norm of D = 4.540571e-01, change in D = 4.540571e-01.
  Coordinate descent sweep 2. norm of D = 5.326322e-01, change in D = 3.865411e-01.
  Coordinate descent sweep 3. norm of D = 5.827708e-01, change in D = 3.371562e-01.
  Coordinate descent sweep 4. norm of D = 6.140458e-01, change in D = 2.840537e-01.
  Coordinate descent sweep 5. norm of D = 6.417612e-01, change in D = 2.352511e-01.
    Line search step size chosen: 1.000000e+00.
  Objective value decreased by 2.195760e-04.
Newton iteration 15.
  Active set size = 113351.
  sub-gradient = 1.967720e-01, l1-norm of X = 2.752257e+03.
  Coordinate descent sweep 1. norm of D = 2.051650e-01, change in D = 2.051650e-01.
  Coordinate descent sweep 2. norm of D = 2.380547e-01, change in D = 1.801450e-01.
  Coordinate descent sweep 3. norm of D = 2.624774e-01, change in D = 1.574811e-01.
  Coordinate descent sweep 4. norm of D = 2.713322e-01, change in D = 1.320123e-01.
  Coordinate descent sweep 5. norm of D = 2.805617e-01, change in D = 1.075387e-01.
  Coordinate descent sweep 6. norm of D = 2.932361e-01, change in D = 9.019054e-02.
    Line search step size chosen: 1.000000e+00.
  Objective value decreased by 5.124838e-05.
QUIC CPU time: 3040.280 seconds
