[1] "/data/abattle4/prashanthi/recount3/data/prostrate/GTEx/weighted_covariances/cov_1.rds"
[1] "Data read complete"
Running QUIC version 1.1 in 'default' mode.
Newton iteration 1.
  X is a diagonal matrix.
    Line search step size 1.000000e+00.  Lack of positive definiteness.
    Line search step size 5.000000e-01.  Lack of positive definiteness.
    Line search step size 2.500000e-01.  Lack of positive definiteness.
    Line search step size 1.250000e-01.  Lack of positive definiteness.
    Line search step size 6.250000e-02.  Lack of positive definiteness.
    Line search step size 3.125000e-02.  Lack of positive definiteness.
    Line search step size chosen: 1.562500e-02.
  Objective value decreased by 1.074999e+03.
Newton iteration 2.
  Active set size = 10303228.
  sub-gradient = 4.211203e+05, l1-norm of X = 1.354261e+03.
  Coordinate descent sweep 1. norm of D = 2.171273e+05, change in D = 2.171273e+05.
    Line search step size 1.000000e+00.  Lack of positive definiteness.
    Line search step size 5.000000e-01.  Lack of positive definiteness.
    Line search step size 2.500000e-01.  Lack of positive definiteness.
    Line search step size 1.250000e-01.  Lack of positive definiteness.
    Line search step size 6.250000e-02.  Lack of positive definiteness.
    Line search step size 3.125000e-02.  Lack of positive definiteness.
    Line search step size chosen: 1.562500e-02.
  Objective value decreased by 5.593119e+02.
Newton iteration 3.
  Active set size = 10313381.
  sub-gradient = 4.022491e+05, l1-norm of X = 2.021039e+03.
  Coordinate descent sweep 1. norm of D = 1.218563e+05, change in D = 1.218563e+05.
  Coordinate descent sweep 2. norm of D = 9.552717e+04, change in D = 4.726039e+04.
    Line search step size 1.000000e+00.  Lack of positive definiteness.
    Line search step size 5.000000e-01.  Lack of positive definiteness.
    Line search step size 2.500000e-01.  Lack of positive definiteness.
    Line search step size 1.250000e-01.  Lack of positive definiteness.
    Line search step size 6.250000e-02.  Lack of positive definiteness.
    Line search step size chosen: 3.125000e-02.
  Objective value decreased by 4.837258e+02.
Newton iteration 4.
  Active set size = 10323440.
  sub-gradient = 3.737591e+05, l1-norm of X = 2.555680e+03.
  Coordinate descent sweep 1. norm of D = 7.531122e+04, change in D = 7.531122e+04.
  Coordinate descent sweep 2. norm of D = 6.207657e+04, change in D = 3.014703e+04.
    Line search step size 1.000000e+00.  Lack of positive definiteness.
    Line search step size 5.000000e-01.  Lack of positive definiteness.
    Line search step size 2.500000e-01.  Lack of positive definiteness.
    Line search step size 1.250000e-01.  Lack of positive definiteness.
    Line search step size chosen: 6.250000e-02.
  Objective value decreased by 5.463373e+02.
Newton iteration 5.
  Active set size = 10349839.
  sub-gradient = 3.037536e+05, l1-norm of X = 3.161010e+03.
  Coordinate descent sweep 1. norm of D = 4.404187e+04, change in D = 4.404187e+04.
  Coordinate descent sweep 2. norm of D = 4.046464e+04, change in D = 1.499070e+04.
    Line search step size 1.000000e+00.  Lack of positive definiteness.
    Line search step size 5.000000e-01.  Lack of positive definiteness.
    Line search step size 2.500000e-01.  Lack of positive definiteness.
    Line search step size chosen: 1.250000e-01.
  Objective value decreased by 5.312184e+02.
Newton iteration 6.
  Active set size = 10363741.
  sub-gradient = 2.323573e+05, l1-norm of X = 3.737041e+03.
  Coordinate descent sweep 1. norm of D = 2.913325e+04, change in D = 2.913325e+04.
  Coordinate descent sweep 2. norm of D = 3.013076e+04, change in D = 1.010244e+04.
  Coordinate descent sweep 3. norm of D = 3.106963e+04, change in D = 3.658425e+03.
    Line search step size 1.000000e+00.  Lack of positive definiteness.
    Line search step size 5.000000e-01.  Lack of positive definiteness.
    Line search step size chosen: 2.500000e-01.
  Objective value decreased by 6.077387e+02.
Newton iteration 7.
  Active set size = 10373417.
  sub-gradient = 2.384893e+05, l1-norm of X = 4.358252e+03.
  Coordinate descent sweep 1. norm of D = 1.953248e+04, change in D = 1.953248e+04.
  Coordinate descent sweep 2. norm of D = 2.229319e+04, change in D = 8.711700e+03.
  Coordinate descent sweep 3. norm of D = 2.374467e+04, change in D = 4.635155e+03.
    Line search step size 1.000000e+00.  Lack of positive definiteness.
    Line search step size chosen: 5.000000e-01.
  Objective value decreased by 6.722483e+02.
Newton iteration 8.
  Active set size = 10381923.
  sub-gradient = 3.410596e+05, l1-norm of X = 5.081052e+03.
  Coordinate descent sweep 1. norm of D = 1.117486e+04, change in D = 1.117486e+04.
  Coordinate descent sweep 2. norm of D = 1.368323e+04, change in D = 6.454383e+03.
  Coordinate descent sweep 3. norm of D = 1.519351e+04, change in D = 4.380815e+03.
    Line search step size chosen: 1.000000e+00.
  Objective value decreased by 5.295087e+02.
Newton iteration 9.
  Active set size = 1411735.
  sub-gradient = 1.372542e+04, l1-norm of X = 5.967149e+03.
  Coordinate descent sweep 1. norm of D = 3.809846e+03, change in D = 3.809846e+03.
  Coordinate descent sweep 2. norm of D = 5.040869e+03, change in D = 3.070391e+03.
  Coordinate descent sweep 3. norm of D = 5.899758e+03, change in D = 2.355730e+03.
  Coordinate descent sweep 4. norm of D = 6.541207e+03, change in D = 1.785180e+03.
    Line search step size chosen: 1.000000e+00.
  Objective value decreased by 9.763943e+01.
Newton iteration 10.
  Active set size = 1262336.
  sub-gradient = 6.638507e+03, l1-norm of X = 6.456143e+03.
  Coordinate descent sweep 1. norm of D = 1.691137e+03, change in D = 1.691137e+03.
  Coordinate descent sweep 2. norm of D = 2.257689e+03, change in D = 1.410219e+03.
  Coordinate descent sweep 3. norm of D = 2.650878e+03, change in D = 1.136995e+03.
  Coordinate descent sweep 4. norm of D = 2.948663e+03, change in D = 9.131812e+02.
    Line search step size chosen: 1.000000e+00.
  Objective value decreased by 2.259875e+01.
Newton iteration 11.
  Active set size = 1207139.
  sub-gradient = 1.929433e+03, l1-norm of X = 6.652275e+03.
  Coordinate descent sweep 1. norm of D = 8.229293e+02, change in D = 8.229293e+02.
  Coordinate descent sweep 2. norm of D = 1.075945e+03, change in D = 7.038504e+02.
  Coordinate descent sweep 3. norm of D = 1.245269e+03, change in D = 5.936478e+02.
  Coordinate descent sweep 4. norm of D = 1.376093e+03, change in D = 5.062305e+02.
    Line search step size chosen: 1.000000e+00.
  Objective value decreased by 7.260813e+00.
Newton iteration 12.
  Active set size = 1190832.
  sub-gradient = 6.852632e+02, l1-norm of X = 6.729284e+03.
  Coordinate descent sweep 1. norm of D = 4.539432e+02, change in D = 4.539432e+02.
  Coordinate descent sweep 2. norm of D = 5.806362e+02, change in D = 4.017876e+02.
  Coordinate descent sweep 3. norm of D = 6.621807e+02, change in D = 3.562175e+02.
  Coordinate descent sweep 4. norm of D = 7.216800e+02, change in D = 3.174656e+02.
  Coordinate descent sweep 5. norm of D = 7.696785e+02, change in D = 2.837603e+02.
    Line search step size chosen: 1.000000e+00.
  Objective value decreased by 3.615456e+00.
Newton iteration 13.
  Active set size = 1186345.
  sub-gradient = 3.419602e+02, l1-norm of X = 6.764577e+03.
  Coordinate descent sweep 1. norm of D = 2.646748e+02, change in D = 2.646748e+02.
  Coordinate descent sweep 2. norm of D = 3.311403e+02, change in D = 2.452418e+02.
  Coordinate descent sweep 3. norm of D = 3.706285e+02, change in D = 2.253471e+02.
  Coordinate descent sweep 4. norm of D = 3.983411e+02, change in D = 2.066820e+02.
  Coordinate descent sweep 5. norm of D = 4.225680e+02, change in D = 1.948658e+02.
    Line search step size chosen: 1.000000e+00.
  Objective value decreased by 1.712798e+00.
Newton iteration 14.
  Active set size = 1183889.
  sub-gradient = 1.916974e+02, l1-norm of X = 6.777955e+03.
  Coordinate descent sweep 1. norm of D = 1.823976e+02, change in D = 1.823976e+02.
  Coordinate descent sweep 2. norm of D = 2.246925e+02, change in D = 1.695504e+02.
  Coordinate descent sweep 3. norm of D = 2.505821e+02, change in D = 1.599699e+02.
  Coordinate descent sweep 4. norm of D = 2.669874e+02, change in D = 1.500081e+02.
  Coordinate descent sweep 5. norm of D = 2.818089e+02, change in D = 1.432641e+02.
    Line search step size chosen: 1.000000e+00.
  Objective value decreased by 9.467310e-01.
Newton iteration 15.
  Active set size = 1183576.
  sub-gradient = 1.476687e+02, l1-norm of X = 6.784083e+03.
  Coordinate descent sweep 1. norm of D = 1.354137e+02, change in D = 1.354137e+02.
  Coordinate descent sweep 2. norm of D = 1.665796e+02, change in D = 1.280999e+02.
  Coordinate descent sweep 3. norm of D = 1.841480e+02, change in D = 1.208189e+02.
  Coordinate descent sweep 4. norm of D = 1.952999e+02, change in D = 1.135369e+02.
  Coordinate descent sweep 5. norm of D = 2.036233e+02, change in D = 1.072183e+02.
  Coordinate descent sweep 6. norm of D = 2.121761e+02, change in D = 1.035958e+02.
    Line search step size chosen: 1.000000e+00.
  Objective value decreased by 6.554956e-01.
Newton iteration 16.
  Active set size = 1182637.
  sub-gradient = 1.118686e+02, l1-norm of X = 6.788087e+03.
  Coordinate descent sweep 1. norm of D = 9.945013e+01, change in D = 9.945013e+01.
  Coordinate descent sweep 2. norm of D = 1.215659e+02, change in D = 9.468526e+01.
  Coordinate descent sweep 3. norm of D = 1.339977e+02, change in D = 8.997730e+01.
  Coordinate descent sweep 4. norm of D = 1.421827e+02, change in D = 8.625155e+01.
  Coordinate descent sweep 5. norm of D = 1.480818e+02, change in D = 8.229057e+01.
  Coordinate descent sweep 6. norm of D = 1.529323e+02, change in D = 7.812621e+01.
    Line search step size chosen: 1.000000e+00.
  Objective value decreased by 3.894669e-01.
Newton iteration 17.
  Active set size = 1181966.
  sub-gradient = 7.540371e+01, l1-norm of X = 6.790433e+03.
  Coordinate descent sweep 1. norm of D = 7.547404e+01, change in D = 7.547404e+01.
  Coordinate descent sweep 2. norm of D = 9.291148e+01, change in D = 7.292843e+01.
  Coordinate descent sweep 3. norm of D = 1.018334e+02, change in D = 6.969274e+01.
  Coordinate descent sweep 4. norm of D = 1.078201e+02, change in D = 6.679648e+01.
  Coordinate descent sweep 5. norm of D = 1.123226e+02, change in D = 6.436649e+01.
  Coordinate descent sweep 6. norm of D = 1.157188e+02, change in D = 6.189866e+01.
    Line search step size chosen: 1.000000e+00.
  Objective value decreased by 2.485879e-01.
Newton iteration 18.
  Active set size = 1181523.
  sub-gradient = 5.911697e+01, l1-norm of X = 6.792018e+03.
  Coordinate descent sweep 1. norm of D = 6.014360e+01, change in D = 6.014360e+01.
  Coordinate descent sweep 2. norm of D = 7.277631e+01, change in D = 5.710248e+01.
  Coordinate descent sweep 3. norm of D = 8.066446e+01, change in D = 5.595297e+01.
  Coordinate descent sweep 4. norm of D = 8.448418e+01, change in D = 5.284853e+01.
  Coordinate descent sweep 5. norm of D = 8.881736e+01, change in D = 5.224073e+01.
  Coordinate descent sweep 6. norm of D = 9.112548e+01, change in D = 5.022914e+01.
  Coordinate descent sweep 7. norm of D = 9.356100e+01, change in D = 4.859426e+01.
    Line search step size chosen: 1.000000e+00.
  Objective value decreased by 1.888732e-01.
Newton iteration 19.
  Active set size = 1181552.
  sub-gradient = 5.492310e+01, l1-norm of X = 6.793297e+03.
  Coordinate descent sweep 1. norm of D = 4.730375e+01, change in D = 4.730375e+01.
  Coordinate descent sweep 2. norm of D = 5.661870e+01, change in D = 4.448250e+01.
  Coordinate descent sweep 3. norm of D = 6.322179e+01, change in D = 4.425158e+01.
  Coordinate descent sweep 4. norm of D = 6.669161e+01, change in D = 4.280053e+01.
  Coordinate descent sweep 5. norm of D = 6.898608e+01, change in D = 4.103526e+01.
  Coordinate descent sweep 6. norm of D = 7.090677e+01, change in D = 3.941005e+01.
  Coordinate descent sweep 7. norm of D = 7.314567e+01, change in D = 3.884269e+01.
    Line search step size chosen: 1.000000e+00.
  Objective value decreased by 1.198335e-01.
Newton iteration 20.
  Active set size = 1181044.
  sub-gradient = 3.483999e+01, l1-norm of X = 6.794179e+03.
  Coordinate descent sweep 1. norm of D = 3.745810e+01, change in D = 3.745810e+01.
  Coordinate descent sweep 2. norm of D = 4.591313e+01, change in D = 3.638589e+01.
  Coordinate descent sweep 3. norm of D = 5.115173e+01, change in D = 3.610443e+01.
  Coordinate descent sweep 4. norm of D = 5.354960e+01, change in D = 3.462030e+01.
  Coordinate descent sweep 5. norm of D = 5.595739e+01, change in D = 3.420931e+01.
  Coordinate descent sweep 6. norm of D = 5.723560e+01, change in D = 3.274228e+01.
  Coordinate descent sweep 7. norm of D = 5.877122e+01, change in D = 3.221475e+01.
    Line search step size chosen: 1.000000e+00.
  Objective value decreased by 8.357615e-02.
Newton iteration 21.
  Active set size = 1180939.
  sub-gradient = 3.095657e+01, l1-norm of X = 6.794820e+03.
  Coordinate descent sweep 1. norm of D = 3.097823e+01, change in D = 3.097823e+01.
  Coordinate descent sweep 2. norm of D = 3.739062e+01, change in D = 2.929534e+01.
  Coordinate descent sweep 3. norm of D = 4.108171e+01, change in D = 2.845904e+01.
  Coordinate descent sweep 4. norm of D = 4.370575e+01, change in D = 2.812064e+01.
  Coordinate descent sweep 5. norm of D = 4.524523e+01, change in D = 2.751338e+01.
  Coordinate descent sweep 6. norm of D = 4.633142e+01, change in D = 2.650996e+01.
  Coordinate descent sweep 7. norm of D = 4.765341e+01, change in D = 2.622045e+01.
  Coordinate descent sweep 8. norm of D = 4.841737e+01, change in D = 2.537275e+01.
    Line search step size chosen: 1.000000e+00.
  Objective value decreased by 6.292139e-02.
Newton iteration 22.
  Active set size = 1180801.
  sub-gradient = 2.510673e+01, l1-norm of X = 6.795371e+03.
  Coordinate descent sweep 1. norm of D = 2.468115e+01, change in D = 2.468115e+01.
  Coordinate descent sweep 2. norm of D = 3.019482e+01, change in D = 2.410083e+01.
  Coordinate descent sweep 3. norm of D = 3.299059e+01, change in D = 2.343986e+01.
  Coordinate descent sweep 4. norm of D = 3.461425e+01, change in D = 2.277187e+01.
  Coordinate descent sweep 5. norm of D = 3.605887e+01, change in D = 2.247685e+01.
  Coordinate descent sweep 6. norm of D = 3.702532e+01, change in D = 2.187007e+01.
  Coordinate descent sweep 7. norm of D = 3.821361e+01, change in D = 2.168482e+01.
  Coordinate descent sweep 8. norm of D = 3.840271e+01, change in D = 2.062234e+01.
    Line search step size chosen: 1.000000e+00.
  Objective value decreased by 4.383161e-02.
Newton iteration 23.
  Active set size = 1180602.
  sub-gradient = 1.826259e+01, l1-norm of X = 6.795802e+03.
  Coordinate descent sweep 1. norm of D = 1.985230e+01, change in D = 1.985230e+01.
  Coordinate descent sweep 2. norm of D = 2.469115e+01, change in D = 1.994706e+01.
  Coordinate descent sweep 3. norm of D = 2.677241e+01, change in D = 1.920245e+01.
  Coordinate descent sweep 4. norm of D = 2.870651e+01, change in D = 1.944018e+01.
  Coordinate descent sweep 5. norm of D = 2.946976e+01, change in D = 1.861555e+01.
  Coordinate descent sweep 6. norm of D = 3.025558e+01, change in D = 1.830085e+01.
  Coordinate descent sweep 7. norm of D = 3.057470e+01, change in D = 1.744208e+01.
  Coordinate descent sweep 8. norm of D = 3.125098e+01, change in D = 1.717821e+01.
    Line search step size chosen: 1.000000e+00.
  Objective value decreased by 3.062826e-02.
Newton iteration 24.
  Active set size = 1180614.
  sub-gradient = 1.900574e+01, l1-norm of X = 6.796138e+03.
  Coordinate descent sweep 1. norm of D = 1.671405e+01, change in D = 1.671405e+01.
  Coordinate descent sweep 2. norm of D = 2.022894e+01, change in D = 1.603385e+01.
  Coordinate descent sweep 3. norm of D = 2.242349e+01, change in D = 1.612825e+01.
  Coordinate descent sweep 4. norm of D = 2.331339e+01, change in D = 1.536839e+01.
  Coordinate descent sweep 5. norm of D = 2.422416e+01, change in D = 1.517223e+01.
  Coordinate descent sweep 6. norm of D = 2.464146e+01, change in D = 1.455691e+01.
  Coordinate descent sweep 7. norm of D = 2.537098e+01, change in D = 1.466903e+01.
  Coordinate descent sweep 8. norm of D = 2.570401e+01, change in D = 1.408805e+01.
  Coordinate descent sweep 9. norm of D = 2.628750e+01, change in D = 1.416938e+01.
    Line search step size chosen: 1.000000e+00.
  Objective value decreased by 2.326499e-02.
Newton iteration 25.
  Active set size = 1180392.
  sub-gradient = 1.199901e+01, l1-norm of X = 6.796417e+03.
  Coordinate descent sweep 1. norm of D = 1.375057e+01, change in D = 1.375057e+01.
  Coordinate descent sweep 2. norm of D = 1.658493e+01, change in D = 1.324443e+01.
  Coordinate descent sweep 3. norm of D = 1.838577e+01, change in D = 1.326004e+01.
  Coordinate descent sweep 4. norm of D = 1.924114e+01, change in D = 1.284004e+01.
  Coordinate descent sweep 5. norm of D = 1.987182e+01, change in D = 1.247627e+01.
  Coordinate descent sweep 6. norm of D = 2.065411e+01, change in D = 1.264149e+01.
  Coordinate descent sweep 7. norm of D = 2.090564e+01, change in D = 1.215941e+01.
  Coordinate descent sweep 8. norm of D = 2.120821e+01, change in D = 1.181394e+01.
  Coordinate descent sweep 9. norm of D = 2.130492e+01, change in D = 1.106163e+01.
    Line search step size chosen: 1.000000e+00.
  Objective value decreased by 1.690414e-02.
Newton iteration 26.
  Active set size = 1180535.
  sub-gradient = 1.420334e+01, l1-norm of X = 6.796638e+03.
  Coordinate descent sweep 1. norm of D = 1.123966e+01, change in D = 1.123966e+01.
  Coordinate descent sweep 2. norm of D = 1.352635e+01, change in D = 1.101007e+01.
  Coordinate descent sweep 3. norm of D = 1.465782e+01, change in D = 1.076147e+01.
  Coordinate descent sweep 4. norm of D = 1.557663e+01, change in D = 1.076971e+01.
  Coordinate descent sweep 5. norm of D = 1.609666e+01, change in D = 1.058897e+01.
  Coordinate descent sweep 6. norm of D = 1.627632e+01, change in D = 9.948861e+00.
  Coordinate descent sweep 7. norm of D = 1.665399e+01, change in D = 9.838256e+00.
  Coordinate descent sweep 8. norm of D = 1.689276e+01, change in D = 9.517563e+00.
  Coordinate descent sweep 9. norm of D = 1.719208e+01, change in D = 9.453370e+00.
    Line search step size chosen: 1.000000e+00.
  Objective value decreased by 1.182461e-02.
Newton iteration 27.
  Active set size = 1180395.
  sub-gradient = 9.834706e+00, l1-norm of X = 6.796817e+03.
  Coordinate descent sweep 1. norm of D = 9.400721e+00, change in D = 9.400721e+00.
  Coordinate descent sweep 2. norm of D = 1.129022e+01, change in D = 9.152936e+00.
  Coordinate descent sweep 3. norm of D = 1.251046e+01, change in D = 9.158990e+00.
  Coordinate descent sweep 4. norm of D = 1.302208e+01, change in D = 8.936494e+00.
  Coordinate descent sweep 5. norm of D = 1.342136e+01, change in D = 8.693486e+00.
  Coordinate descent sweep 6. norm of D = 1.389139e+01, change in D = 8.735745e+00.
  Coordinate descent sweep 7. norm of D = 1.407289e+01, change in D = 8.416397e+00.
  Coordinate descent sweep 8. norm of D = 1.445252e+01, change in D = 8.430144e+00.
  Coordinate descent sweep 9. norm of D = 1.472880e+01, change in D = 8.408187e+00.
  Coordinate descent sweep 10. norm of D = 1.485455e+01, change in D = 8.085628e+00.
    Line search step size chosen: 1.000000e+00.
  Objective value decreased by 9.659215e-03.
Newton iteration 28.
  Active set size = 1180356.
  sub-gradient = 7.871400e+00, l1-norm of X = 6.796972e+03.
  Coordinate descent sweep 1. norm of D = 7.993209e+00, change in D = 7.993209e+00.
  Coordinate descent sweep 2. norm of D = 9.619745e+00, change in D = 7.701611e+00.
  Coordinate descent sweep 3. norm of D = 1.047842e+01, change in D = 7.602543e+00.
  Coordinate descent sweep 4. norm of D = 1.111398e+01, change in D = 7.535121e+00.
  Coordinate descent sweep 5. norm of D = 1.137878e+01, change in D = 7.303163e+00.
  Coordinate descent sweep 6. norm of D = 1.150439e+01, change in D = 6.931599e+00.
  Coordinate descent sweep 7. norm of D = 1.169687e+01, change in D = 6.740980e+00.
  Coordinate descent sweep 8. norm of D = 1.197758e+01, change in D = 6.805548e+00.
  Coordinate descent sweep 9. norm of D = 1.206401e+01, change in D = 6.554072e+00.
  Coordinate descent sweep 10. norm of D = 1.224276e+01, change in D = 6.477820e+00.
    Line search step size chosen: 1.000000e+00.
  Objective value decreased by 6.707605e-03.
Newton iteration 29.
  Active set size = 1180264.
  sub-gradient = 5.872476e+00, l1-norm of X = 6.797099e+03.
  Coordinate descent sweep 1. norm of D = 6.513332e+00, change in D = 6.513332e+00.
  Coordinate descent sweep 2. norm of D = 7.825044e+00, change in D = 6.367510e+00.
  Coordinate descent sweep 3. norm of D = 8.575403e+00, change in D = 6.337883e+00.
  Coordinate descent sweep 4. norm of D = 9.121508e+00, change in D = 6.421409e+00.
  Coordinate descent sweep 5. norm of D = 9.334101e+00, change in D = 6.228929e+00.
  Coordinate descent sweep 6. norm of D = 9.492065e+00, change in D = 6.014435e+00.
  Coordinate descent sweep 7. norm of D = 9.681931e+00, change in D = 5.953740e+00.
  Coordinate descent sweep 8. norm of D = 9.873054e+00, change in D = 5.920879e+00.
  Coordinate descent sweep 9. norm of D = 9.996801e+00, change in D = 5.788502e+00.
  Coordinate descent sweep 10. norm of D = 1.002362e+01, change in D = 5.565353e+00.
    Line search step size chosen: 1.000000e+00.
  Objective value decreased by 4.776970e-03.
Newton iteration 30.
  Active set size = 1180262.
  sub-gradient = 5.223424e+00, l1-norm of X = 6.797196e+03.
  Coordinate descent sweep 1. norm of D = 5.350601e+00, change in D = 5.350601e+00.
  Coordinate descent sweep 2. norm of D = 6.759163e+00, change in D = 5.518613e+00.
  Coordinate descent sweep 3. norm of D = 7.327747e+00, change in D = 5.388791e+00.
  Coordinate descent sweep 4. norm of D = 7.599993e+00, change in D = 5.237297e+00.
  Coordinate descent sweep 5. norm of D = 7.865387e+00, change in D = 5.224905e+00.
  Coordinate descent sweep 6. norm of D = 8.004091e+00, change in D = 5.079606e+00.
  Coordinate descent sweep 7. norm of D = 8.150612e+00, change in D = 4.999044e+00.
  Coordinate descent sweep 8. norm of D = 8.277912e+00, change in D = 4.933185e+00.
  Coordinate descent sweep 9. norm of D = 8.344278e+00, change in D = 4.767963e+00.
  Coordinate descent sweep 10. norm of D = 8.496227e+00, change in D = 4.717358e+00.
  Coordinate descent sweep 11. norm of D = 8.636781e+00, change in D = 4.701748e+00.
    Line search step size chosen: 1.000000e+00.
  Objective value decreased by 3.766842e-03.
Newton iteration 31.
  Active set size = 1180235.
  sub-gradient = 4.130963e+00, l1-norm of X = 6.797280e+03.
  Coordinate descent sweep 1. norm of D = 4.555274e+00, change in D = 4.555274e+00.
  Coordinate descent sweep 2. norm of D = 5.569867e+00, change in D = 4.477520e+00.
  Coordinate descent sweep 3. norm of D = 5.948844e+00, change in D = 4.226801e+00.
  Coordinate descent sweep 4. norm of D = 6.398626e+00, change in D = 4.337697e+00.
  Coordinate descent sweep 5. norm of D = 6.604531e+00, change in D = 4.269098e+00.
  Coordinate descent sweep 6. norm of D = 6.733507e+00, change in D = 4.209490e+00.
  Coordinate descent sweep 7. norm of D = 6.912661e+00, change in D = 4.293908e+00.
  Coordinate descent sweep 8. norm of D = 6.933174e+00, change in D = 4.059463e+00.
  Coordinate descent sweep 9. norm of D = 7.092186e+00, change in D = 4.108532e+00.
  Coordinate descent sweep 10. norm of D = 7.200881e+00, change in D = 4.084950e+00.
  Coordinate descent sweep 11. norm of D = 7.231809e+00, change in D = 3.928288e+00.
    Line search step size chosen: 1.000000e+00.
  Objective value decreased by 2.764611e-03.
Newton iteration 32.
  Active set size = 1180210.
  sub-gradient = 3.897059e+00, l1-norm of X = 6.797347e+03.
  Coordinate descent sweep 1. norm of D = 3.998378e+00, change in D = 3.998378e+00.
  Coordinate descent sweep 2. norm of D = 4.742525e+00, change in D = 3.858947e+00.
  Coordinate descent sweep 3. norm of D = 5.217039e+00, change in D = 3.882909e+00.
  Coordinate descent sweep 4. norm of D = 5.422895e+00, change in D = 3.820952e+00.
  Coordinate descent sweep 5. norm of D = 5.552302e+00, change in D = 3.702934e+00.
  Coordinate descent sweep 6. norm of D = 5.625611e+00, change in D = 3.569172e+00.
  Coordinate descent sweep 7. norm of D = 5.777792e+00, change in D = 3.599418e+00.
  Coordinate descent sweep 8. norm of D = 5.954515e+00, change in D = 3.683487e+00.
  Coordinate descent sweep 9. norm of D = 5.960770e+00, change in D = 3.541095e+00.
  Coordinate descent sweep 10. norm of D = 6.029163e+00, change in D = 3.439743e+00.
  Coordinate descent sweep 11. norm of D = 6.006910e+00, change in D = 3.284849e+00.
    Line search step size chosen: 1.000000e+00.
  Objective value decreased by 1.992058e-03.
Newton iteration 33.
  Active set size = 1180189.
  sub-gradient = 2.767503e+00, l1-norm of X = 6.797403e+03.
  Coordinate descent sweep 1. norm of D = 3.182319e+00, change in D = 3.182319e+00.
  Coordinate descent sweep 2. norm of D = 3.881912e+00, change in D = 3.115589e+00.
  Coordinate descent sweep 3. norm of D = 4.214970e+00, change in D = 3.085590e+00.
  Coordinate descent sweep 4. norm of D = 4.533602e+00, change in D = 3.182990e+00.
  Coordinate descent sweep 5. norm of D = 4.626476e+00, change in D = 3.043151e+00.
  Coordinate descent sweep 6. norm of D = 4.773734e+00, change in D = 3.068166e+00.
  Coordinate descent sweep 7. norm of D = 4.814918e+00, change in D = 3.016044e+00.
  Coordinate descent sweep 8. norm of D = 4.866201e+00, change in D = 2.910134e+00.
  Coordinate descent sweep 9. norm of D = 4.952701e+00, change in D = 2.910320e+00.
  Coordinate descent sweep 10. norm of D = 5.020732e+00, change in D = 2.861573e+00.
  Coordinate descent sweep 11. norm of D = 5.088925e+00, change in D = 2.844380e+00.
  Coordinate descent sweep 12. norm of D = 5.113950e+00, change in D = 2.758947e+00.
    Line search step size chosen: 1.000000e+00.
  Objective value decreased by 1.645691e-03.
Newton iteration 34.
  Active set size = 1180158.
  sub-gradient = 2.110656e+00, l1-norm of X = 6.797456e+03.
  Coordinate descent sweep 1. norm of D = 2.682799e+00, change in D = 2.682799e+00.
  Coordinate descent sweep 2. norm of D = 3.287034e+00, change in D = 2.679007e+00.
  Coordinate descent sweep 3. norm of D = 3.627305e+00, change in D = 2.711662e+00.
  Coordinate descent sweep 4. norm of D = 3.770512e+00, change in D = 2.624760e+00.
  Coordinate descent sweep 5. norm of D = 3.829401e+00, change in D = 2.504787e+00.
  Coordinate descent sweep 6. norm of D = 3.975333e+00, change in D = 2.570885e+00.
  Coordinate descent sweep 7. norm of D = 4.039657e+00, change in D = 2.524193e+00.
  Coordinate descent sweep 8. norm of D = 4.142004e+00, change in D = 2.551296e+00.
  Coordinate descent sweep 9. norm of D = 4.150772e+00, change in D = 2.457106e+00.
  Coordinate descent sweep 10. norm of D = 4.133935e+00, change in D = 2.342417e+00.
  Coordinate descent sweep 11. norm of D = 4.205051e+00, change in D = 2.357000e+00.
  Coordinate descent sweep 12. norm of D = 4.270639e+00, change in D = 2.373508e+00.
    Line search step size chosen: 1.000000e+00.
  Objective value decreased by 1.145646e-03.
Newton iteration 35.
  Active set size = 1180144.
  sub-gradient = 1.963548e+00, l1-norm of X = 6.797496e+03.
  Coordinate descent sweep 1. norm of D = 2.357081e+00, change in D = 2.357081e+00.
  Coordinate descent sweep 2. norm of D = 2.840091e+00, change in D = 2.299001e+00.
  Coordinate descent sweep 3. norm of D = 3.081211e+00, change in D = 2.271938e+00.
  Coordinate descent sweep 4. norm of D = 3.147896e+00, change in D = 2.157365e+00.
  Coordinate descent sweep 5. norm of D = 3.270211e+00, change in D = 2.170613e+00.
  Coordinate descent sweep 6. norm of D = 3.313683e+00, change in D = 2.110014e+00.
  Coordinate descent sweep 7. norm of D = 3.394008e+00, change in D = 2.132473e+00.
  Coordinate descent sweep 8. norm of D = 3.403523e+00, change in D = 2.048885e+00.
  Coordinate descent sweep 9. norm of D = 3.448741e+00, change in D = 2.003440e+00.
  Coordinate descent sweep 10. norm of D = 3.480481e+00, change in D = 1.979213e+00.
  Coordinate descent sweep 11. norm of D = 3.550112e+00, change in D = 2.006560e+00.
  Coordinate descent sweep 12. norm of D = 3.580965e+00, change in D = 1.949938e+00.
    Line search step size chosen: 1.000000e+00.
  Objective value decreased by 8.148983e-04.
Newton iteration 36.
  Active set size = 1180183.
  sub-gradient = 2.354938e+00, l1-norm of X = 6.797528e+03.
  Coordinate descent sweep 1. norm of D = 1.938530e+00, change in D = 1.938530e+00.
  Coordinate descent sweep 2. norm of D = 2.332055e+00, change in D = 1.885738e+00.
  Coordinate descent sweep 3. norm of D = 2.556973e+00, change in D = 1.891981e+00.
  Coordinate descent sweep 4. norm of D = 2.693390e+00, change in D = 1.886779e+00.
  Coordinate descent sweep 5. norm of D = 2.757632e+00, change in D = 1.860691e+00.
  Coordinate descent sweep 6. norm of D = 2.822002e+00, change in D = 1.831048e+00.
  Coordinate descent sweep 7. norm of D = 2.873321e+00, change in D = 1.830626e+00.
  Coordinate descent sweep 8. norm of D = 2.863740e+00, change in D = 1.754389e+00.
  Coordinate descent sweep 9. norm of D = 2.957738e+00, change in D = 1.813313e+00.
  Coordinate descent sweep 10. norm of D = 3.003900e+00, change in D = 1.825489e+00.
  Coordinate descent sweep 11. norm of D = 3.005257e+00, change in D = 1.757523e+00.
  Coordinate descent sweep 12. norm of D = 3.022030e+00, change in D = 1.705386e+00.
  Coordinate descent sweep 13. norm of D = 3.046025e+00, change in D = 1.657415e+00.
    Line search step size chosen: 1.000000e+00.
  Objective value decreased by 6.300544e-04.
Newton iteration 37.
  Active set size = 1180150.
  sub-gradient = 1.612079e+00, l1-norm of X = 6.797557e+03.
  Coordinate descent sweep 1. norm of D = 1.630023e+00, change in D = 1.630023e+00.
  Coordinate descent sweep 2. norm of D = 1.952668e+00, change in D = 1.563558e+00.
  Coordinate descent sweep 3. norm of D = 2.186702e+00, change in D = 1.614435e+00.
  Coordinate descent sweep 4. norm of D = 2.272924e+00, change in D = 1.590353e+00.
  Coordinate descent sweep 5. norm of D = 2.332452e+00, change in D = 1.558168e+00.
  Coordinate descent sweep 6. norm of D = 2.378943e+00, change in D = 1.535174e+00.
  Coordinate descent sweep 7. norm of D = 2.434197e+00, change in D = 1.544939e+00.
  Coordinate descent sweep 8. norm of D = 2.444896e+00, change in D = 1.518757e+00.
  Coordinate descent sweep 9. norm of D = 2.460490e+00, change in D = 1.461024e+00.
  Coordinate descent sweep 10. norm of D = 2.511122e+00, change in D = 1.477271e+00.
  Coordinate descent sweep 11. norm of D = 2.513032e+00, change in D = 1.439678e+00.
  Coordinate descent sweep 12. norm of D = 2.556799e+00, change in D = 1.441431e+00.
  Coordinate descent sweep 13. norm of D = 2.623717e+00, change in D = 1.481964e+00.
    Line search step size chosen: 1.000000e+00.
  Objective value decreased by 4.537413e-04.
Newton iteration 38.
  Active set size = 1180133.
  sub-gradient = 1.353710e+00, l1-norm of X = 6.797579e+03.
  Coordinate descent sweep 1. norm of D = 1.394058e+00, change in D = 1.394058e+00.
  Coordinate descent sweep 2. norm of D = 1.736265e+00, change in D = 1.387110e+00.
  Coordinate descent sweep 3. norm of D = 1.879811e+00, change in D = 1.364136e+00.
  Coordinate descent sweep 4. norm of D = 1.977910e+00, change in D = 1.362362e+00.
  Coordinate descent sweep 5. norm of D = 2.043603e+00, change in D = 1.354246e+00.
  Coordinate descent sweep 6. norm of D = 2.041802e+00, change in D = 1.277219e+00.
  Coordinate descent sweep 7. norm of D = 2.089743e+00, change in D = 1.291906e+00.
  Coordinate descent sweep 8. norm of D = 2.096513e+00, change in D = 1.251204e+00.
  Coordinate descent sweep 9. norm of D = 2.122457e+00, change in D = 1.248463e+00.
  Coordinate descent sweep 10. norm of D = 2.126564e+00, change in D = 1.201688e+00.
  Coordinate descent sweep 11. norm of D = 2.157516e+00, change in D = 1.203730e+00.
  Coordinate descent sweep 12. norm of D = 2.179750e+00, change in D = 1.188771e+00.
  Coordinate descent sweep 13. norm of D = 2.183737e+00, change in D = 1.145971e+00.
    Line search step size chosen: 1.000000e+00.
  Objective value decreased by 3.222473e-04.
Newton iteration 39.
  Active set size = 1180117.
  sub-gradient = 1.030521e+00, l1-norm of X = 6.797599e+03.
  Coordinate descent sweep 1. norm of D = 1.176438e+00, change in D = 1.176438e+00.
  Coordinate descent sweep 2. norm of D = 1.415682e+00, change in D = 1.174675e+00.
  Coordinate descent sweep 3. norm of D = 1.539936e+00, change in D = 1.166411e+00.
  Coordinate descent sweep 4. norm of D = 1.584697e+00, change in D = 1.120808e+00.
  Coordinate descent sweep 5. norm of D = 1.634003e+00, change in D = 1.113485e+00.
  Coordinate descent sweep 6. norm of D = 1.684919e+00, change in D = 1.135347e+00.
  Coordinate descent sweep 7. norm of D = 1.694720e+00, change in D = 1.094869e+00.
  Coordinate descent sweep 8. norm of D = 1.717797e+00, change in D = 1.090413e+00.
  Coordinate descent sweep 9. norm of D = 1.749977e+00, change in D = 1.096783e+00.
  Coordinate descent sweep 10. norm of D = 1.746477e+00, change in D = 1.042779e+00.
  Coordinate descent sweep 11. norm of D = 1.772922e+00, change in D = 1.057138e+00.
  Coordinate descent sweep 12. norm of D = 1.785328e+00, change in D = 1.035100e+00.
  Coordinate descent sweep 13. norm of D = 1.796789e+00, change in D = 1.018297e+00.
  Coordinate descent sweep 14. norm of D = 1.819956e+00, change in D = 1.004727e+00.
    Line search step size chosen: 1.000000e+00.
  Objective value decreased by 2.637125e-04.
Newton iteration 40.
  Active set size = 1180119.
  sub-gradient = 8.156693e-01, l1-norm of X = 6.797617e+03.
  Coordinate descent sweep 1. norm of D = 9.796232e-01, change in D = 9.796232e-01.
  Coordinate descent sweep 2. norm of D = 1.183865e+00, change in D = 9.474138e-01.
  Coordinate descent sweep 3. norm of D = 1.297799e+00, change in D = 9.625942e-01.
  Coordinate descent sweep 4. norm of D = 1.339163e+00, change in D = 9.216981e-01.
  Coordinate descent sweep 5. norm of D = 1.369385e+00, change in D = 8.984888e-01.
  Coordinate descent sweep 6. norm of D = 1.379743e+00, change in D = 8.711742e-01.
  Coordinate descent sweep 7. norm of D = 1.437172e+00, change in D = 9.125183e-01.
  Coordinate descent sweep 8. norm of D = 1.449072e+00, change in D = 8.941860e-01.
  Coordinate descent sweep 9. norm of D = 1.473596e+00, change in D = 8.932034e-01.
  Coordinate descent sweep 10. norm of D = 1.489639e+00, change in D = 9.005753e-01.
  Coordinate descent sweep 11. norm of D = 1.488132e+00, change in D = 8.668688e-01.
  Coordinate descent sweep 12. norm of D = 1.540240e+00, change in D = 9.064229e-01.
  Coordinate descent sweep 13. norm of D = 1.503334e+00, change in D = 8.236289e-01.
  Coordinate descent sweep 14. norm of D = 1.497613e+00, change in D = 7.865158e-01.
    Line search step size chosen: 1.000000e+00.
  Objective value decreased by 1.785609e-04.
Newton iteration 41.
  Active set size = 1180134.
  sub-gradient = 1.320905e+00, l1-norm of X = 6.797629e+03.
  Coordinate descent sweep 1. norm of D = 8.288934e-01, change in D = 8.288934e-01.
  Coordinate descent sweep 2. norm of D = 9.848015e-01, change in D = 8.186453e-01.
  Coordinate descent sweep 3. norm of D = 1.054537e+00, change in D = 7.986082e-01.
  Coordinate descent sweep 4. norm of D = 1.067635e+00, change in D = 7.460347e-01.
  Coordinate descent sweep 5. norm of D = 1.134379e+00, change in D = 7.870590e-01.
  Coordinate descent sweep 6. norm of D = 1.159354e+00, change in D = 7.878092e-01.
  Coordinate descent sweep 7. norm of D = 1.168363e+00, change in D = 7.646339e-01.
  Coordinate descent sweep 8. norm of D = 1.169932e+00, change in D = 7.437881e-01.
  Coordinate descent sweep 9. norm of D = 1.172948e+00, change in D = 7.226335e-01.
  Coordinate descent sweep 10. norm of D = 1.188851e+00, change in D = 7.206246e-01.
  Coordinate descent sweep 11. norm of D = 1.212701e+00, change in D = 7.340626e-01.
  Coordinate descent sweep 12. norm of D = 1.233544e+00, change in D = 7.375515e-01.
  Coordinate descent sweep 13. norm of D = 1.221481e+00, change in D = 6.934917e-01.
  Coordinate descent sweep 14. norm of D = 1.233291e+00, change in D = 6.882274e-01.
    Line search step size chosen: 1.000000e+00.
  Objective value decreased by 1.276864e-04.
Newton iteration 42.
  Active set size = 1180123.
  sub-gradient = 5.950692e-01, l1-norm of X = 6.797640e+03.
  Coordinate descent sweep 1. norm of D = 6.923750e-01, change in D = 6.923750e-01.
  Coordinate descent sweep 2. norm of D = 8.344585e-01, change in D = 6.833499e-01.
  Coordinate descent sweep 3. norm of D = 9.112433e-01, change in D = 6.862765e-01.
  Coordinate descent sweep 4. norm of D = 9.329403e-01, change in D = 6.529020e-01.
  Coordinate descent sweep 5. norm of D = 9.801777e-01, change in D = 6.781859e-01.
  Coordinate descent sweep 6. norm of D = 9.851980e-01, change in D = 6.560718e-01.
  Coordinate descent sweep 7. norm of D = 9.824330e-01, change in D = 6.183484e-01.
  Coordinate descent sweep 8. norm of D = 9.878921e-01, change in D = 6.004503e-01.
  Coordinate descent sweep 9. norm of D = 9.994124e-01, change in D = 5.952063e-01.
  Coordinate descent sweep 10. norm of D = 1.022948e+00, change in D = 6.055303e-01.
  Coordinate descent sweep 11. norm of D = 1.039274e+00, change in D = 6.184158e-01.
  Coordinate descent sweep 12. norm of D = 1.018225e+00, change in D = 5.595741e-01.
  Coordinate descent sweep 13. norm of D = 1.049819e+00, change in D = 5.874807e-01.
  Coordinate descent sweep 14. norm of D = 1.065157e+00, change in D = 5.993647e-01.
  Coordinate descent sweep 15. norm of D = 1.087294e+00, change in D = 6.079172e-01.
    Line search step size chosen: 1.000000e+00.
  Objective value decreased by 1.000151e-04.
QUIC CPU time: 139441.238 seconds
