[1] "/work-zfs/abattle4/prashanthi/recount3/data/prostrate/GTEx/weighted_covariances/cov_1.rds"
[1] "Data read complete"
Running QUIC version 1.1 in 'default' mode.
Newton iteration 1.
  X is a diagonal matrix.
    Line search step size 1.000000e+00.  Lack of positive definiteness.
    Line search step size 5.000000e-01.  Lack of positive definiteness.
    Line search step size 2.500000e-01.  Lack of positive definiteness.
    Line search step size 1.250000e-01.  Lack of positive definiteness.
    Line search step size 6.250000e-02.  Lack of positive definiteness.
    Line search step size chosen: 3.125000e-02.
  Objective value decreased by 7.314021e+01.
Newton iteration 2.
  Active set size = 162974.
  sub-gradient = 7.588240e+03, l1-norm of X = 1.281227e+02.
  Coordinate descent sweep 1. norm of D = 6.484812e+03, change in D = 6.484812e+03.
    Line search step size 1.000000e+00.  Lack of positive definiteness.
    Line search step size 5.000000e-01.  Lack of positive definiteness.
    Line search step size 2.500000e-01.  Lack of positive definiteness.
    Line search step size 1.250000e-01.  Lack of positive definiteness.
    Line search step size chosen: 6.250000e-02.
  Objective value decreased by 9.890191e+01.
Newton iteration 3.
  Active set size = 162975.
  sub-gradient = 6.820683e+03, l1-norm of X = 3.358739e+02.
  Coordinate descent sweep 1. norm of D = 5.067214e+03, change in D = 5.067214e+03.
  Coordinate descent sweep 2. norm of D = 4.802195e+03, change in D = 6.391767e+02.
    Line search step size 1.000000e+00.  Lack of positive definiteness.
    Line search step size 5.000000e-01.  Lack of positive definiteness.
    Line search step size chosen: 2.500000e-01.
  Objective value decreased by 1.913751e+02.
Newton iteration 4.
  Active set size = 163026.
  sub-gradient = 4.200282e+03, l1-norm of X = 9.110862e+02.
  Coordinate descent sweep 1. norm of D = 2.915820e+03, change in D = 2.915820e+03.
  Coordinate descent sweep 2. norm of D = 2.989291e+03, change in D = 5.485657e+02.
    Line search step size 1.000000e+00.  Lack of positive definiteness.
    Line search step size chosen: 5.000000e-01.
  Objective value decreased by 1.193779e+02.
Newton iteration 5.
  Active set size = 163079.
  sub-gradient = 2.494740e+03, l1-norm of X = 1.490220e+03.
  Coordinate descent sweep 1. norm of D = 1.384888e+03, change in D = 1.384888e+03.
  Coordinate descent sweep 2. norm of D = 1.593125e+03, change in D = 3.985720e+02.
    Line search step size chosen: 1.000000e+00.
  Objective value decreased by 5.414736e+01.
Newton iteration 6.
  Active set size = 124078.
  sub-gradient = 4.466467e+02, l1-norm of X = 1.939524e+03.
  Coordinate descent sweep 1. norm of D = 2.737275e+02, change in D = 2.737275e+02.
  Coordinate descent sweep 2. norm of D = 3.480132e+02, change in D = 1.610281e+02.
  Coordinate descent sweep 3. norm of D = 3.973077e+02, change in D = 9.791391e+01.
    Line search step size chosen: 1.000000e+00.
  Objective value decreased by 9.482186e+00.
Newton iteration 7.
  Active set size = 120625.
  sub-gradient = 1.011304e+02, l1-norm of X = 1.979623e+03.
  Coordinate descent sweep 1. norm of D = 7.960649e+01, change in D = 7.960649e+01.
  Coordinate descent sweep 2. norm of D = 1.094022e+02, change in D = 5.966721e+01.
  Coordinate descent sweep 3. norm of D = 1.293942e+02, change in D = 4.343628e+01.
    Line search step size chosen: 1.000000e+00.
  Objective value decreased by 2.219039e+00.
Newton iteration 8.
  Active set size = 120105.
  sub-gradient = 3.879571e+01, l1-norm of X = 1.993092e+03.
  Coordinate descent sweep 1. norm of D = 3.630303e+01, change in D = 3.630303e+01.
  Coordinate descent sweep 2. norm of D = 5.039059e+01, change in D = 2.912451e+01.
  Coordinate descent sweep 3. norm of D = 6.108079e+01, change in D = 2.313500e+01.
    Line search step size chosen: 1.000000e+00.
  Objective value decreased by 7.345271e-01.
Newton iteration 9.
  Active set size = 119843.
  sub-gradient = 2.219334e+01, l1-norm of X = 1.998880e+03.
  Coordinate descent sweep 1. norm of D = 1.902506e+01, change in D = 1.902506e+01.
  Coordinate descent sweep 2. norm of D = 2.675633e+01, change in D = 1.580068e+01.
  Coordinate descent sweep 3. norm of D = 3.228605e+01, change in D = 1.293669e+01.
  Coordinate descent sweep 4. norm of D = 3.699041e+01, change in D = 1.093120e+01.
    Line search step size chosen: 1.000000e+00.
  Objective value decreased by 3.180503e-01.
Newton iteration 10.
  Active set size = 119693.
  sub-gradient = 9.839064e+00, l1-norm of X = 2.002337e+03.
  Coordinate descent sweep 1. norm of D = 9.439109e+00, change in D = 9.439109e+00.
  Coordinate descent sweep 2. norm of D = 1.326829e+01, change in D = 8.057889e+00.
  Coordinate descent sweep 3. norm of D = 1.615665e+01, change in D = 6.710980e+00.
  Coordinate descent sweep 4. norm of D = 1.867973e+01, change in D = 5.834528e+00.
    Line search step size chosen: 1.000000e+00.
  Objective value decreased by 1.049800e-01.
Newton iteration 11.
  Active set size = 119642.
  sub-gradient = 5.704601e+00, l1-norm of X = 2.003958e+03.
  Coordinate descent sweep 1. norm of D = 5.037731e+00, change in D = 5.037731e+00.
  Coordinate descent sweep 2. norm of D = 7.231059e+00, change in D = 4.434474e+00.
  Coordinate descent sweep 3. norm of D = 8.890551e+00, change in D = 3.828993e+00.
  Coordinate descent sweep 4. norm of D = 1.028853e+01, change in D = 3.312851e+00.
    Line search step size chosen: 1.000000e+00.
  Objective value decreased by 4.094426e-02.
Newton iteration 12.
  Active set size = 119614.
  sub-gradient = 3.391309e+00, l1-norm of X = 2.004838e+03.
  Coordinate descent sweep 1. norm of D = 2.936541e+00, change in D = 2.936541e+00.
  Coordinate descent sweep 2. norm of D = 4.059012e+00, change in D = 2.488852e+00.
  Coordinate descent sweep 3. norm of D = 4.978267e+00, change in D = 2.266062e+00.
  Coordinate descent sweep 4. norm of D = 5.763587e+00, change in D = 1.917267e+00.
  Coordinate descent sweep 5. norm of D = 6.413160e+00, change in D = 1.672932e+00.
    Line search step size chosen: 1.000000e+00.
  Objective value decreased by 1.678964e-02.
Newton iteration 13.
  Active set size = 119609.
  sub-gradient = 1.814122e+00, l1-norm of X = 2.005387e+03.
  Coordinate descent sweep 1. norm of D = 1.510129e+00, change in D = 1.510129e+00.
  Coordinate descent sweep 2. norm of D = 2.137170e+00, change in D = 1.344500e+00.
  Coordinate descent sweep 3. norm of D = 2.662831e+00, change in D = 1.202656e+00.
  Coordinate descent sweep 4. norm of D = 3.096750e+00, change in D = 1.070723e+00.
  Coordinate descent sweep 5. norm of D = 3.460950e+00, change in D = 9.338185e-01.
    Line search step size chosen: 1.000000e+00.
  Objective value decreased by 6.365921e-03.
Newton iteration 14.
  Active set size = 119600.
  sub-gradient = 8.990905e-01, l1-norm of X = 2.005680e+03.
  Coordinate descent sweep 1. norm of D = 8.306660e-01, change in D = 8.306660e-01.
  Coordinate descent sweep 2. norm of D = 1.194938e+00, change in D = 7.411784e-01.
  Coordinate descent sweep 3. norm of D = 1.465601e+00, change in D = 6.506059e-01.
  Coordinate descent sweep 4. norm of D = 1.710465e+00, change in D = 5.866462e-01.
  Coordinate descent sweep 5. norm of D = 1.939710e+00, change in D = 5.479527e-01.
    Line search step size chosen: 1.000000e+00.
  Objective value decreased by 2.337767e-03.
Newton iteration 15.
  Active set size = 119593.
  sub-gradient = 4.759777e-01, l1-norm of X = 2.005841e+03.
  Coordinate descent sweep 1. norm of D = 4.765201e-01, change in D = 4.765201e-01.
  Coordinate descent sweep 2. norm of D = 6.700563e-01, change in D = 4.059738e-01.
  Coordinate descent sweep 3. norm of D = 8.435180e-01, change in D = 3.879390e-01.
  Coordinate descent sweep 4. norm of D = 9.855533e-01, change in D = 3.373108e-01.
  Coordinate descent sweep 5. norm of D = 1.099296e+00, change in D = 2.960962e-01.
  Coordinate descent sweep 6. norm of D = 1.213663e+00, change in D = 2.741201e-01.
    Line search step size chosen: 1.000000e+00.
  Objective value decreased by 1.004691e-03.
Newton iteration 16.
  Active set size = 119594.
  sub-gradient = 2.995342e-01, l1-norm of X = 2.005942e+03.
  Coordinate descent sweep 1. norm of D = 2.440049e-01, change in D = 2.440049e-01.
  Coordinate descent sweep 2. norm of D = 3.451175e-01, change in D = 2.202446e-01.
  Coordinate descent sweep 3. norm of D = 4.341478e-01, change in D = 2.047813e-01.
  Coordinate descent sweep 4. norm of D = 5.098110e-01, change in D = 1.776340e-01.
  Coordinate descent sweep 5. norm of D = 5.760607e-01, change in D = 1.546273e-01.
  Coordinate descent sweep 6. norm of D = 6.376759e-01, change in D = 1.468631e-01.
    Line search step size chosen: 1.000000e+00.
  Objective value decreased by 3.632360e-04.
Newton iteration 17.
  Active set size = 119591.
  sub-gradient = 1.505592e-01, l1-norm of X = 2.005994e+03.
  Coordinate descent sweep 1. norm of D = 1.299080e-01, change in D = 1.299080e-01.
  Coordinate descent sweep 2. norm of D = 1.866369e-01, change in D = 1.170967e-01.
  Coordinate descent sweep 3. norm of D = 2.363584e-01, change in D = 1.098542e-01.
  Coordinate descent sweep 4. norm of D = 2.739301e-01, change in D = 9.593620e-02.
  Coordinate descent sweep 5. norm of D = 3.119240e-01, change in D = 8.772690e-02.
  Coordinate descent sweep 6. norm of D = 3.400841e-01, change in D = 7.783986e-02.
    Line search step size chosen: 1.000000e+00.
  Objective value decreased by 1.209125e-04.
QUIC CPU time: 10157.050 seconds
