[1] "/work-zfs/abattle4/prashanthi/recount3/data/prostrate/GTEx/weighted_covariances/cov_1.rds"
[1] "Data read complete"
Running QUIC version 1.1 in 'default' mode.
Newton iteration 1.
  X is a diagonal matrix.
    Line search step size 1.000000e+00.  Lack of positive definiteness.
    Line search step size 5.000000e-01.  Lack of positive definiteness.
    Line search step size 2.500000e-01.  Lack of positive definiteness.
    Line search step size 1.250000e-01.  Lack of positive definiteness.
    Line search step size chosen: 6.250000e-02.
  Objective value decreased by 8.730296e+01.
Newton iteration 2.
  Active set size = 67418.
  sub-gradient = 3.388378e+03, l1-norm of X = 1.514996e+02.
  Coordinate descent sweep 1. norm of D = 2.568906e+03, change in D = 2.568906e+03.
    Line search step size 1.000000e+00.  Lack of positive definiteness.
    Line search step size 5.000000e-01.  Lack of positive definiteness.
    Line search step size 2.500000e-01.  Lack of positive definiteness.
    Line search step size chosen: 1.250000e-01.
  Objective value decreased by 7.777621e+01.
Newton iteration 3.
  Active set size = 67418.
  sub-gradient = 2.757951e+03, l1-norm of X = 3.327746e+02.
  Coordinate descent sweep 1. norm of D = 1.836809e+03, change in D = 1.836809e+03.
  Coordinate descent sweep 2. norm of D = 1.804394e+03, change in D = 3.392373e+02.
    Line search step size 1.000000e+00.  Lack of positive definiteness.
    Line search step size chosen: 5.000000e-01.
  Objective value decreased by 1.159681e+02.
Newton iteration 4.
  Active set size = 67439.
  sub-gradient = 1.790176e+03, l1-norm of X = 7.654258e+02.
  Coordinate descent sweep 1. norm of D = 7.826897e+02, change in D = 7.826897e+02.
  Coordinate descent sweep 2. norm of D = 9.172874e+02, change in D = 2.324778e+02.
    Line search step size chosen: 1.000000e+00.
  Objective value decreased by 4.151012e+01.
Newton iteration 5.
  Active set size = 53544.
  sub-gradient = 2.938892e+02, l1-norm of X = 1.044931e+03.
  Coordinate descent sweep 1. norm of D = 1.814876e+02, change in D = 1.814876e+02.
  Coordinate descent sweep 2. norm of D = 2.417572e+02, change in D = 1.061992e+02.
    Line search step size chosen: 1.000000e+00.
  Objective value decreased by 7.005515e+00.
Newton iteration 6.
  Active set size = 52268.
  sub-gradient = 9.646266e+01, l1-norm of X = 1.077711e+03.
  Coordinate descent sweep 1. norm of D = 7.904361e+01, change in D = 7.904361e+01.
  Coordinate descent sweep 2. norm of D = 1.086286e+02, change in D = 5.458007e+01.
  Coordinate descent sweep 3. norm of D = 1.280676e+02, change in D = 3.713860e+01.
    Line search step size chosen: 1.000000e+00.
  Objective value decreased by 2.828720e+00.
Newton iteration 7.
  Active set size = 51785.
  sub-gradient = 3.523904e+01, l1-norm of X = 1.094263e+03.
  Coordinate descent sweep 1. norm of D = 3.109043e+01, change in D = 3.109043e+01.
  Coordinate descent sweep 2. norm of D = 4.381819e+01, change in D = 2.367779e+01.
  Coordinate descent sweep 3. norm of D = 5.282720e+01, change in D = 1.812867e+01.
    Line search step size chosen: 1.000000e+00.
  Objective value decreased by 7.205063e-01.
Newton iteration 8.
  Active set size = 51596.
  sub-gradient = 1.542735e+01, l1-norm of X = 1.100415e+03.
  Coordinate descent sweep 1. norm of D = 1.491088e+01, change in D = 1.491088e+01.
  Coordinate descent sweep 2. norm of D = 2.106228e+01, change in D = 1.162332e+01.
  Coordinate descent sweep 3. norm of D = 2.557692e+01, change in D = 9.254029e+00.
    Line search step size chosen: 1.000000e+00.
  Objective value decreased by 2.155300e-01.
Newton iteration 9.
  Active set size = 51494.
  sub-gradient = 8.277061e+00, l1-norm of X = 1.103115e+03.
  Coordinate descent sweep 1. norm of D = 7.576981e+00, change in D = 7.576981e+00.
  Coordinate descent sweep 2. norm of D = 1.085351e+01, change in D = 6.268904e+00.
  Coordinate descent sweep 3. norm of D = 1.330651e+01, change in D = 5.086341e+00.
  Coordinate descent sweep 4. norm of D = 1.532275e+01, change in D = 4.172417e+00.
    Line search step size chosen: 1.000000e+00.
  Objective value decreased by 8.277112e-02.
Newton iteration 10.
  Active set size = 51484.
  sub-gradient = 3.972208e+00, l1-norm of X = 1.104758e+03.
  Coordinate descent sweep 1. norm of D = 3.526988e+00, change in D = 3.526988e+00.
  Coordinate descent sweep 2. norm of D = 5.154248e+00, change in D = 3.049845e+00.
  Coordinate descent sweep 3. norm of D = 6.339314e+00, change in D = 2.485201e+00.
  Coordinate descent sweep 4. norm of D = 7.293575e+00, change in D = 2.081028e+00.
    Line search step size chosen: 1.000000e+00.
  Objective value decreased by 2.419958e-02.
Newton iteration 11.
  Active set size = 51454.
  sub-gradient = 1.842216e+00, l1-norm of X = 1.105516e+03.
  Coordinate descent sweep 1. norm of D = 1.790845e+00, change in D = 1.790845e+00.
  Coordinate descent sweep 2. norm of D = 2.573988e+00, change in D = 1.518718e+00.
  Coordinate descent sweep 3. norm of D = 3.126242e+00, change in D = 1.273763e+00.
  Coordinate descent sweep 4. norm of D = 3.600480e+00, change in D = 1.092961e+00.
    Line search step size chosen: 1.000000e+00.
  Objective value decreased by 7.546524e-03.
Newton iteration 12.
  Active set size = 51447.
  sub-gradient = 1.017810e+00, l1-norm of X = 1.105866e+03.
  Coordinate descent sweep 1. norm of D = 9.636817e-01, change in D = 9.636817e-01.
  Coordinate descent sweep 2. norm of D = 1.359962e+00, change in D = 8.052398e-01.
  Coordinate descent sweep 3. norm of D = 1.673325e+00, change in D = 6.803673e-01.
  Coordinate descent sweep 4. norm of D = 1.947935e+00, change in D = 6.019869e-01.
  Coordinate descent sweep 5. norm of D = 2.177657e+00, change in D = 5.048715e-01.
    Line search step size chosen: 1.000000e+00.
  Objective value decreased by 2.878795e-03.
Newton iteration 13.
  Active set size = 51441.
  sub-gradient = 5.059160e-01, l1-norm of X = 1.106085e+03.
  Coordinate descent sweep 1. norm of D = 4.439540e-01, change in D = 4.439540e-01.
  Coordinate descent sweep 2. norm of D = 6.395333e-01, change in D = 3.826022e-01.
  Coordinate descent sweep 3. norm of D = 7.908687e-01, change in D = 3.329808e-01.
  Coordinate descent sweep 4. norm of D = 9.171110e-01, change in D = 2.881012e-01.
  Coordinate descent sweep 5. norm of D = 1.017701e+00, change in D = 2.408367e-01.
    Line search step size chosen: 1.000000e+00.
  Objective value decreased by 7.971461e-04.
Newton iteration 14.
  Active set size = 51438.
  sub-gradient = 2.217781e-01, l1-norm of X = 1.106185e+03.
  Coordinate descent sweep 1. norm of D = 2.189748e-01, change in D = 2.189748e-01.
  Coordinate descent sweep 2. norm of D = 3.220040e-01, change in D = 1.937590e-01.
  Coordinate descent sweep 3. norm of D = 3.988284e-01, change in D = 1.679167e-01.
  Coordinate descent sweep 4. norm of D = 4.657357e-01, change in D = 1.435732e-01.
  Coordinate descent sweep 5. norm of D = 5.216866e-01, change in D = 1.254925e-01.
    Line search step size chosen: 1.000000e+00.
  Objective value decreased by 2.460931e-04.
Newton iteration 15.
  Active set size = 51438.
  sub-gradient = 1.156336e-01, l1-norm of X = 1.106236e+03.
  Coordinate descent sweep 1. norm of D = 1.094604e-01, change in D = 1.094604e-01.
  Coordinate descent sweep 2. norm of D = 1.603883e-01, change in D = 9.741206e-02.
  Coordinate descent sweep 3. norm of D = 2.002253e-01, change in D = 8.526054e-02.
  Coordinate descent sweep 4. norm of D = 2.353754e-01, change in D = 7.342809e-02.
  Coordinate descent sweep 5. norm of D = 2.606387e-01, change in D = 6.343689e-02.
  Coordinate descent sweep 6. norm of D = 2.864937e-01, change in D = 5.640731e-02.
    Line search step size chosen: 1.000000e+00.
  Objective value decreased by 8.277023e-05.
Newton iteration 16.
  Active set size = 51438.
  sub-gradient = 4.902506e-02, l1-norm of X = 1.106263e+03.
  Coordinate descent sweep 1. norm of D = 5.153061e-02, change in D = 5.153061e-02.
  Coordinate descent sweep 2. norm of D = 7.565843e-02, change in D = 4.496229e-02.
  Coordinate descent sweep 3. norm of D = 9.312014e-02, change in D = 3.775858e-02.
  Coordinate descent sweep 4. norm of D = 1.083680e-01, change in D = 3.509675e-02.
  Coordinate descent sweep 5. norm of D = 1.198964e-01, change in D = 2.980075e-02.
  Coordinate descent sweep 6. norm of D = 1.323894e-01, change in D = 2.711533e-02.
    Line search step size chosen: 1.000000e+00.
  Objective value decreased by 2.189370e-05.
QUIC CPU time: 7714.580 seconds
