[1] "/work-zfs/abattle4/prashanthi/recount3/data/prostrate/GTEx/weighted_covariances/cov_1.rds"
[1] "Data read complete"
Running QUIC version 1.1 in 'default' mode.
Newton iteration 1.
  X is a diagonal matrix.
    Line search step size 1.000000e+00.  Lack of positive definiteness.
    Line search step size 5.000000e-01.  Lack of positive definiteness.
    Line search step size 2.500000e-01.  Lack of positive definiteness.
    Line search step size chosen: 1.250000e-01.
  Objective value decreased by 1.433809e+01.
Newton iteration 2.
  Active set size = 13277.
  sub-gradient = 2.932809e+02, l1-norm of X = 4.837367e+01.
  Coordinate descent sweep 1. norm of D = 2.234543e+02, change in D = 2.234543e+02.
    Line search step size 1.000000e+00.  Lack of positive definiteness.
    Line search step size 5.000000e-01.  Lack of positive definiteness.
    Line search step size chosen: 2.500000e-01.
  Objective value decreased by 1.226896e+01.
Newton iteration 3.
  Active set size = 13277.
  sub-gradient = 1.819693e+02, l1-norm of X = 1.027183e+02.
  Coordinate descent sweep 1. norm of D = 1.341002e+02, change in D = 1.341002e+02.
  Coordinate descent sweep 2. norm of D = 1.422239e+02, change in D = 3.214805e+01.
    Line search step size chosen: 1.000000e+00.
  Objective value decreased by 1.032334e+01.
Newton iteration 4.
  Active set size = 12504.
  sub-gradient = 8.820418e+01, l1-norm of X = 1.983203e+02.
  Coordinate descent sweep 1. norm of D = 3.030350e+01, change in D = 3.030350e+01.
  Coordinate descent sweep 2. norm of D = 3.317839e+01, change in D = 1.330822e+01.
    Line search step size chosen: 1.000000e+00.
  Objective value decreased by 8.002334e-01.
Newton iteration 5.
  Active set size = 12384.
  sub-gradient = 1.455554e+01, l1-norm of X = 1.980006e+02.
  Coordinate descent sweep 1. norm of D = 8.590348e+00, change in D = 8.590348e+00.
  Coordinate descent sweep 2. norm of D = 1.051931e+01, change in D = 4.325423e+00.
    Line search step size chosen: 1.000000e+00.
  Objective value decreased by 9.246497e-02.
Newton iteration 6.
  Active set size = 12354.
  sub-gradient = 2.514664e+00, l1-norm of X = 1.987574e+02.
  Coordinate descent sweep 1. norm of D = 2.498064e+00, change in D = 2.498064e+00.
  Coordinate descent sweep 2. norm of D = 3.245731e+00, change in D = 1.282415e+00.
  Coordinate descent sweep 3. norm of D = 3.639880e+00, change in D = 7.391907e-01.
    Line search step size chosen: 1.000000e+00.
  Objective value decreased by 1.207773e-02.
Newton iteration 7.
  Active set size = 12345.
  sub-gradient = 4.841003e-01, l1-norm of X = 1.993904e+02.
  Coordinate descent sweep 1. norm of D = 4.670974e-01, change in D = 4.670974e-01.
  Coordinate descent sweep 2. norm of D = 6.072330e-01, change in D = 2.713557e-01.
  Coordinate descent sweep 3. norm of D = 7.033324e-01, change in D = 1.642699e-01.
    Line search step size chosen: 1.000000e+00.
  Objective value decreased by 7.025453e-04.
Newton iteration 8.
  Active set size = 12345.
  sub-gradient = 1.099935e-01, l1-norm of X = 1.994885e+02.
  Coordinate descent sweep 1. norm of D = 1.031049e-01, change in D = 1.031049e-01.
  Coordinate descent sweep 2. norm of D = 1.351711e-01, change in D = 5.952623e-02.
  Coordinate descent sweep 3. norm of D = 1.575658e-01, change in D = 3.564153e-02.
    Line search step size chosen: 1.000000e+00.
  Objective value decreased by 5.327037e-05.
Newton iteration 9.
  Active set size = 12345.
  sub-gradient = 2.513247e-02, l1-norm of X = 1.995133e+02.
  Coordinate descent sweep 1. norm of D = 2.392608e-02, change in D = 2.392608e-02.
  Coordinate descent sweep 2. norm of D = 3.135104e-02, change in D = 1.520314e-02.
  Coordinate descent sweep 3. norm of D = 3.612427e-02, change in D = 9.292512e-03.
  Coordinate descent sweep 4. norm of D = 3.996236e-02, change in D = 6.505164e-03.
    Line search step size chosen: 1.000000e+00.
  Objective value decreased by 4.496200e-06.
Newton iteration 10.
  Active set size = 12345.
  sub-gradient = 5.216823e-03, l1-norm of X = 1.995185e+02.
  Coordinate descent sweep 1. norm of D = 4.730743e-03, change in D = 4.730743e-03.
  Coordinate descent sweep 2. norm of D = 6.547497e-03, change in D = 3.150571e-03.
  Coordinate descent sweep 3. norm of D = 7.755472e-03, change in D = 1.919641e-03.
  Coordinate descent sweep 4. norm of D = 8.663955e-03, change in D = 1.335260e-03.
    Line search step size chosen: 1.000000e+00.
  Objective value decreased by 4.015201e-07.
QUIC CPU time: 4071.050 seconds
