[1] "/work-zfs/abattle4/prashanthi/recount3/data/prostrate/GTEx/weighted_covariances/cov_1.rds"
[1] "Data read complete"
Running QUIC version 1.1 in 'default' mode.
Newton iteration 1.
  X is a diagonal matrix.
    Line search step size 1.000000e+00.  Lack of positive definiteness.
    Line search step size 5.000000e-01.  Lack of positive definiteness.
    Line search step size chosen: 2.500000e-01.
  Objective value decreased by 1.219486e+01.
Newton iteration 2.
  Active set size = 11784.
  sub-gradient = 1.268545e+02, l1-norm of X = 5.761213e+01.
  Coordinate descent sweep 1. norm of D = 9.293346e+01, change in D = 9.293346e+01.
    Line search step size chosen: 1.000000e+00.
  Objective value decreased by 4.957941e+00.
Newton iteration 3.
  Active set size = 11536.
  sub-gradient = 2.024021e+02, l1-norm of X = 1.440409e+02.
  Coordinate descent sweep 1. norm of D = 3.333682e+01, change in D = 3.333682e+01.
  Coordinate descent sweep 2. norm of D = 3.324269e+01, change in D = 1.442226e+01.
    Line search step size chosen: 1.000000e+00.
  Objective value decreased by 2.469514e+00.
Newton iteration 4.
  Active set size = 11437.
  sub-gradient = 6.476006e+01, l1-norm of X = 1.389964e+02.
  Coordinate descent sweep 1. norm of D = 1.479660e+01, change in D = 1.479660e+01.
  Coordinate descent sweep 2. norm of D = 1.470448e+01, change in D = 7.319067e+00.
    Line search step size chosen: 1.000000e+00.
  Objective value decreased by 6.380269e-01.
Newton iteration 5.
  Active set size = 11381.
  sub-gradient = 1.547485e+01, l1-norm of X = 1.355494e+02.
  Coordinate descent sweep 1. norm of D = 5.315224e+00, change in D = 5.315224e+00.
  Coordinate descent sweep 2. norm of D = 5.514513e+00, change in D = 2.653435e+00.
    Line search step size chosen: 1.000000e+00.
  Objective value decreased by 8.671354e-02.
Newton iteration 6.
  Active set size = 11365.
  sub-gradient = 2.329090e+00, l1-norm of X = 1.341833e+02.
  Coordinate descent sweep 1. norm of D = 1.464399e+00, change in D = 1.464399e+00.
  Coordinate descent sweep 2. norm of D = 1.675010e+00, change in D = 6.440106e-01.
  Coordinate descent sweep 3. norm of D = 1.768395e+00, change in D = 2.905399e-01.
    Line search step size chosen: 1.000000e+00.
  Objective value decreased by 6.518443e-03.
Newton iteration 7.
  Active set size = 11361.
  sub-gradient = 1.879512e-01, l1-norm of X = 1.341038e+02.
  Coordinate descent sweep 1. norm of D = 1.473815e-01, change in D = 1.473815e-01.
  Coordinate descent sweep 2. norm of D = 1.775680e-01, change in D = 7.008837e-02.
  Coordinate descent sweep 3. norm of D = 1.926226e-01, change in D = 3.414698e-02.
    Line search step size chosen: 1.000000e+00.
  Objective value decreased by 7.929066e-05.
Newton iteration 8.
  Active set size = 11360.
  sub-gradient = 1.835722e-02, l1-norm of X = 1.341102e+02.
  Coordinate descent sweep 1. norm of D = 1.667839e-02, change in D = 1.667839e-02.
  Coordinate descent sweep 2. norm of D = 2.158369e-02, change in D = 9.219527e-03.
  Coordinate descent sweep 3. norm of D = 2.392653e-02, change in D = 4.270069e-03.
    Line search step size chosen: 1.000000e+00.
  Objective value decreased by 2.160921e-06.
Newton iteration 9.
  Active set size = 11360.
  sub-gradient = 2.666551e-03, l1-norm of X = 1.341122e+02.
  Coordinate descent sweep 1. norm of D = 2.264976e-03, change in D = 2.264976e-03.
  Coordinate descent sweep 2. norm of D = 2.845839e-03, change in D = 1.266942e-03.
  Coordinate descent sweep 3. norm of D = 3.125093e-03, change in D = 7.130566e-04.
  Coordinate descent sweep 4. norm of D = 3.374223e-03, change in D = 4.829128e-04.
    Line search step size chosen: 1.000000e+00.
  Objective value decreased by 6.161645e-08.
QUIC CPU time: 4070.900 seconds
