[1] "/work-zfs/abattle4/prashanthi/recount3/data/prostrate/GTEx/weighted_covariances/cov_1.rds"
[1] "Data read complete"
Running QUIC version 1.1 in 'default' mode.
Newton iteration 1.
  X is a diagonal matrix.
    Line search step size 1.000000e+00.  Lack of positive definiteness.
    Line search step size chosen: 5.000000e-01.
  Objective value decreased by 4.429271e+00.
Newton iteration 2.
  Active set size = 10501.
  sub-gradient = 4.721033e+01, l1-norm of X = 4.053862e+01.
  Coordinate descent sweep 1. norm of D = 2.189898e+01, change in D = 2.189898e+01.
    Line search step size chosen: 1.000000e+00.
  Objective value decreased by 1.090123e+00.
Newton iteration 3.
  Active set size = 10431.
  sub-gradient = 1.612464e+01, l1-norm of X = 5.859375e+01.
  Coordinate descent sweep 1. norm of D = 7.403859e+00, change in D = 7.403859e+00.
  Coordinate descent sweep 2. norm of D = 7.900310e+00, change in D = 2.161913e+00.
    Line search step size chosen: 1.000000e+00.
  Objective value decreased by 2.426180e-01.
Newton iteration 4.
  Active set size = 10408.
  sub-gradient = 3.293960e+00, l1-norm of X = 5.876258e+01.
  Coordinate descent sweep 1. norm of D = 1.454991e+00, change in D = 1.454991e+00.
  Coordinate descent sweep 2. norm of D = 1.597362e+00, change in D = 5.538623e-01.
    Line search step size chosen: 1.000000e+00.
  Objective value decreased by 3.045029e-02.
Newton iteration 5.
  Active set size = 10410.
  sub-gradient = 6.402389e-01, l1-norm of X = 5.879251e+01.
  Coordinate descent sweep 1. norm of D = 4.381246e-01, change in D = 4.381246e-01.
  Coordinate descent sweep 2. norm of D = 5.006099e-01, change in D = 1.396420e-01.
    Line search step size chosen: 1.000000e+00.
  Objective value decreased by 4.357702e-03.
Newton iteration 6.
  Active set size = 10410.
  sub-gradient = 7.599188e-02, l1-norm of X = 5.881414e+01.
  Coordinate descent sweep 1. norm of D = 6.716337e-02, change in D = 6.716337e-02.
  Coordinate descent sweep 2. norm of D = 8.221870e-02, change in D = 3.081954e-02.
  Coordinate descent sweep 3. norm of D = 8.983810e-02, change in D = 1.265276e-02.
    Line search step size chosen: 1.000000e+00.
  Objective value decreased by 1.274570e-04.
Newton iteration 7.
  Active set size = 10410.
  sub-gradient = 5.611253e-03, l1-norm of X = 5.881495e+01.
  Coordinate descent sweep 1. norm of D = 5.536177e-03, change in D = 5.536177e-03.
  Coordinate descent sweep 2. norm of D = 6.978722e-03, change in D = 3.393858e-03.
  Coordinate descent sweep 3. norm of D = 7.707579e-03, change in D = 1.503036e-03.
    Line search step size chosen: 1.000000e+00.
  Objective value decreased by 1.195227e-06.
QUIC CPU time: 2599.420 seconds
