[1] "/work-zfs/abattle4/prashanthi/recount3/data/kidney/all/weighted_covariances/cov_26.rds"
[1] "Data read complete"
Running QUIC version 1.1 in 'default' mode.
Newton iteration 1.
  X is a diagonal matrix.
    Line search step size 1.000000e+00.  Lack of positive definiteness.
    Line search step size 5.000000e-01.  Lack of positive definiteness.
    Line search step size 2.500000e-01.  Lack of positive definiteness.
    Line search step size 1.250000e-01.  Lack of positive definiteness.
    Line search step size chosen: 6.250000e-02.
  Objective value decreased by 1.255852e+02.
Newton iteration 2.
  Active set size = 539723.
  sub-gradient = 1.377709e+04, l1-norm of X = 2.275221e+02.
  Coordinate descent sweep 1. norm of D = 1.009175e+04, change in D = 1.009175e+04.
    Line search step size 1.000000e+00.  Lack of positive definiteness.
    Line search step size 5.000000e-01.  Lack of positive definiteness.
    Line search step size 2.500000e-01.  Lack of positive definiteness.
    Line search step size 1.250000e-01.  Lack of positive definiteness.
    Line search step size chosen: 6.250000e-02.
  Objective value decreased by 6.674620e+01.
Newton iteration 3.
  Active set size = 539873.
  sub-gradient = 1.238709e+04, l1-norm of X = 3.742963e+02.
  Coordinate descent sweep 1. norm of D = 7.606929e+03, change in D = 7.606929e+03.
  Coordinate descent sweep 2. norm of D = 6.863090e+03, change in D = 1.422370e+03.
    Line search step size 1.000000e+00.  Lack of positive definiteness.
    Line search step size 5.000000e-01.  Lack of positive definiteness.
    Line search step size 2.500000e-01.  Lack of positive definiteness.
    Line search step size chosen: 1.250000e-01.
  Objective value decreased by 7.513556e+01.
Newton iteration 4.
  Active set size = 540528.
  sub-gradient = 1.015016e+04, l1-norm of X = 5.577429e+02.
  Coordinate descent sweep 1. norm of D = 5.300785e+03, change in D = 5.300785e+03.
  Coordinate descent sweep 2. norm of D = 4.915175e+03, change in D = 1.092953e+03.
    Line search step size 1.000000e+00.  Lack of positive definiteness.
    Line search step size 5.000000e-01.  Lack of positive definiteness.
    Line search step size chosen: 2.500000e-01.
  Objective value decreased by 7.897746e+01.
Newton iteration 5.
  Active set size = 545646.
  sub-gradient = 7.726473e+03, l1-norm of X = 7.866494e+02.
  Coordinate descent sweep 1. norm of D = 3.121384e+03, change in D = 3.121384e+03.
  Coordinate descent sweep 2. norm of D = 3.130174e+03, change in D = 6.942249e+02.
    Line search step size 1.000000e+00.  Lack of positive definiteness.
    Line search step size chosen: 5.000000e-01.
  Objective value decreased by 5.771495e+01.
Newton iteration 6.
  Active set size = 547622.
  sub-gradient = 8.251125e+03, l1-norm of X = 9.974856e+02.
  Coordinate descent sweep 1. norm of D = 1.478469e+03, change in D = 1.478469e+03.
  Coordinate descent sweep 2. norm of D = 1.609291e+03, change in D = 3.953173e+02.
  Coordinate descent sweep 3. norm of D = 1.672390e+03, change in D = 1.570106e+02.
    Line search step size chosen: 1.000000e+00.
  Objective value decreased by 2.696557e+01.
Newton iteration 7.
  Active set size = 271187.
  sub-gradient = 8.397697e+02, l1-norm of X = 1.158154e+03.
  Coordinate descent sweep 1. norm of D = 1.549992e+02, change in D = 1.549992e+02.
  Coordinate descent sweep 2. norm of D = 1.682425e+02, change in D = 8.930038e+01.
  Coordinate descent sweep 3. norm of D = 1.819635e+02, change in D = 4.503034e+01.
    Line search step size chosen: 1.000000e+00.
  Objective value decreased by 9.796078e-01.
Newton iteration 8.
  Active set size = 264979.
  sub-gradient = 1.012450e+02, l1-norm of X = 1.161273e+03.
  Coordinate descent sweep 1. norm of D = 2.986712e+01, change in D = 2.986712e+01.
  Coordinate descent sweep 2. norm of D = 3.370971e+01, change in D = 2.004663e+01.
  Coordinate descent sweep 3. norm of D = 3.656136e+01, change in D = 1.321267e+01.
    Line search step size chosen: 1.000000e+00.
  Objective value decreased by 1.238447e-01.
Newton iteration 9.
  Active set size = 264283.
  sub-gradient = 1.244783e+01, l1-norm of X = 1.162215e+03.
  Coordinate descent sweep 1. norm of D = 9.639432e+00, change in D = 9.639432e+00.
  Coordinate descent sweep 2. norm of D = 1.116817e+01, change in D = 7.177134e+00.
  Coordinate descent sweep 3. norm of D = 1.198527e+01, change in D = 5.305365e+00.
  Coordinate descent sweep 4. norm of D = 1.256375e+01, change in D = 4.130582e+00.
    Line search step size chosen: 1.000000e+00.
  Objective value decreased by 3.075208e-02.
Newton iteration 10.
  Active set size = 264184.
  sub-gradient = 3.393353e+00, l1-norm of X = 1.162518e+03.
  Coordinate descent sweep 1. norm of D = 3.326394e+00, change in D = 3.326394e+00.
  Coordinate descent sweep 2. norm of D = 3.866804e+00, change in D = 2.723715e+00.
  Coordinate descent sweep 3. norm of D = 4.046985e+00, change in D = 2.133324e+00.
  Coordinate descent sweep 4. norm of D = 4.251455e+00, change in D = 1.693840e+00.
    Line search step size chosen: 1.000000e+00.
  Objective value decreased by 5.730460e-03.
Newton iteration 11.
  Active set size = 264152.
  sub-gradient = 1.359539e+00, l1-norm of X = 1.162606e+03.
  Coordinate descent sweep 1. norm of D = 1.373320e+00, change in D = 1.373320e+00.
  Coordinate descent sweep 2. norm of D = 1.589555e+00, change in D = 1.161589e+00.
  Coordinate descent sweep 3. norm of D = 1.679494e+00, change in D = 9.730632e-01.
  Coordinate descent sweep 4. norm of D = 1.759199e+00, change in D = 8.129749e-01.
    Line search step size chosen: 1.000000e+00.
  Objective value decreased by 1.326714e-03.
Newton iteration 12.
  Active set size = 264134.
  sub-gradient = 5.935539e-01, l1-norm of X = 1.162644e+03.
  Coordinate descent sweep 1. norm of D = 6.752008e-01, change in D = 6.752008e-01.
  Coordinate descent sweep 2. norm of D = 7.636914e-01, change in D = 5.719360e-01.
  Coordinate descent sweep 3. norm of D = 8.009988e-01, change in D = 4.945911e-01.
  Coordinate descent sweep 4. norm of D = 8.349401e-01, change in D = 4.178359e-01.
  Coordinate descent sweep 5. norm of D = 8.555533e-01, change in D = 3.551370e-01.
    Line search step size chosen: 1.000000e+00.
  Objective value decreased by 3.971899e-04.
Newton iteration 13.
  Active set size = 264124.
  sub-gradient = 2.777767e-01, l1-norm of X = 1.162661e+03.
  Coordinate descent sweep 1. norm of D = 3.023098e-01, change in D = 3.023098e-01.
  Coordinate descent sweep 2. norm of D = 3.458375e-01, change in D = 2.590907e-01.
  Coordinate descent sweep 3. norm of D = 3.509384e-01, change in D = 2.086551e-01.
  Coordinate descent sweep 4. norm of D = 3.609286e-01, change in D = 1.669068e-01.
  Coordinate descent sweep 5. norm of D = 3.661955e-01, change in D = 1.407688e-01.
    Line search step size chosen: 1.000000e+00.
  Objective value decreased by 9.113868e-05.
Newton iteration 14.
  Active set size = 264124.
  sub-gradient = 1.275848e-01, l1-norm of X = 1.162668e+03.
  Coordinate descent sweep 1. norm of D = 1.245623e-01, change in D = 1.245623e-01.
  Coordinate descent sweep 2. norm of D = 1.366164e-01, change in D = 1.105552e-01.
  Coordinate descent sweep 3. norm of D = 1.430164e-01, change in D = 9.803618e-02.
  Coordinate descent sweep 4. norm of D = 1.507201e-01, change in D = 8.825719e-02.
  Coordinate descent sweep 5. norm of D = 1.507506e-01, change in D = 7.624103e-02.
    Line search step size chosen: 1.000000e+00.
  Objective value decreased by 1.986247e-05.
Newton iteration 15.
  Active set size = 264124.
  sub-gradient = 6.648065e-02, l1-norm of X = 1.162670e+03.
  Coordinate descent sweep 1. norm of D = 6.697059e-02, change in D = 6.697059e-02.
  Coordinate descent sweep 2. norm of D = 7.293374e-02, change in D = 5.710838e-02.
  Coordinate descent sweep 3. norm of D = 7.334886e-02, change in D = 4.556966e-02.
  Coordinate descent sweep 4. norm of D = 7.882398e-02, change in D = 4.230648e-02.
  Coordinate descent sweep 5. norm of D = 7.911300e-02, change in D = 3.862746e-02.
  Coordinate descent sweep 6. norm of D = 7.918003e-02, change in D = 3.097052e-02.
    Line search step size chosen: 1.000000e+00.
  Objective value decreased by 5.747827e-06.
QUIC CPU time: 7683.600 seconds
