[1] "/work-zfs/abattle4/prashanthi/recount3/data/kidney/all/weighted_covariances/cov_26.rds"
[1] "Data read complete"
Running QUIC version 1.1 in 'default' mode.
Newton iteration 1.
  X is a diagonal matrix.
    Line search step size 1.000000e+00.  Lack of positive definiteness.
    Line search step size 5.000000e-01.  Lack of positive definiteness.
    Line search step size 2.500000e-01.  Lack of positive definiteness.
    Line search step size chosen: 1.250000e-01.
  Objective value decreased by 3.574774e+01.
Newton iteration 2.
  Active set size = 44834.
  sub-gradient = 1.249441e+03, l1-norm of X = 7.853238e+01.
  Coordinate descent sweep 1. norm of D = 9.475074e+02, change in D = 9.475074e+02.
    Line search step size 1.000000e+00.  Lack of positive definiteness.
    Line search step size 5.000000e-01.  Lack of positive definiteness.
    Line search step size chosen: 2.500000e-01.
  Objective value decreased by 2.655212e+01.
Newton iteration 3.
  Active set size = 44834.
  sub-gradient = 7.720111e+02, l1-norm of X = 1.658307e+02.
  Coordinate descent sweep 1. norm of D = 5.574437e+02, change in D = 5.574437e+02.
  Coordinate descent sweep 2. norm of D = 5.618045e+02, change in D = 1.048036e+02.
    Line search step size chosen: 1.000000e+00.
  Objective value decreased by 2.235030e+01.
Newton iteration 4.
  Active set size = 36017.
  sub-gradient = 5.313766e+02, l1-norm of X = 3.190924e+02.
  Coordinate descent sweep 1. norm of D = 9.754537e+01, change in D = 9.754537e+01.
  Coordinate descent sweep 2. norm of D = 9.479412e+01, change in D = 5.009964e+01.
    Line search step size chosen: 1.000000e+00.
  Objective value decreased by 1.923093e+00.
Newton iteration 5.
  Active set size = 34679.
  sub-gradient = 1.378637e+02, l1-norm of X = 3.133257e+02.
  Coordinate descent sweep 1. norm of D = 3.537774e+01, change in D = 3.537774e+01.
  Coordinate descent sweep 2. norm of D = 3.569676e+01, change in D = 2.037437e+01.
    Line search step size chosen: 1.000000e+00.
  Objective value decreased by 3.657813e-01.
Newton iteration 6.
  Active set size = 34195.
  sub-gradient = 2.589314e+01, l1-norm of X = 3.102930e+02.
  Coordinate descent sweep 1. norm of D = 1.158341e+01, change in D = 1.158341e+01.
  Coordinate descent sweep 2. norm of D = 1.282027e+01, change in D = 6.838749e+00.
  Coordinate descent sweep 3. norm of D = 1.395717e+01, change in D = 3.665317e+00.
    Line search step size chosen: 1.000000e+00.
  Objective value decreased by 6.398008e-02.
Newton iteration 7.
  Active set size = 34103.
  sub-gradient = 3.229991e+00, l1-norm of X = 3.099116e+02.
  Coordinate descent sweep 1. norm of D = 2.376401e+00, change in D = 2.376401e+00.
  Coordinate descent sweep 2. norm of D = 2.906015e+00, change in D = 1.575608e+00.
  Coordinate descent sweep 3. norm of D = 3.268195e+00, change in D = 1.036747e+00.
    Line search step size chosen: 1.000000e+00.
  Objective value decreased by 7.112523e-03.
Newton iteration 8.
  Active set size = 34086.
  sub-gradient = 7.180642e-01, l1-norm of X = 3.100001e+02.
  Coordinate descent sweep 1. norm of D = 7.069831e-01, change in D = 7.069831e-01.
  Coordinate descent sweep 2. norm of D = 8.863207e-01, change in D = 4.973479e-01.
  Coordinate descent sweep 3. norm of D = 1.018194e+00, change in D = 3.871744e-01.
    Line search step size chosen: 1.000000e+00.
  Objective value decreased by 1.034297e-03.
Newton iteration 9.
  Active set size = 34082.
  sub-gradient = 3.236275e-01, l1-norm of X = 3.100459e+02.
  Coordinate descent sweep 1. norm of D = 2.760671e-01, change in D = 2.760671e-01.
  Coordinate descent sweep 2. norm of D = 3.410490e-01, change in D = 2.032606e-01.
  Coordinate descent sweep 3. norm of D = 3.871801e-01, change in D = 1.571648e-01.
  Coordinate descent sweep 4. norm of D = 4.099202e-01, change in D = 1.156135e-01.
    Line search step size chosen: 1.000000e+00.
  Objective value decreased by 2.041987e-04.
Newton iteration 10.
  Active set size = 34075.
  sub-gradient = 8.791206e-02, l1-norm of X = 3.100629e+02.
  Coordinate descent sweep 1. norm of D = 8.810290e-02, change in D = 8.810290e-02.
  Coordinate descent sweep 2. norm of D = 1.073123e-01, change in D = 6.515629e-02.
  Coordinate descent sweep 3. norm of D = 1.197495e-01, change in D = 5.249450e-02.
  Coordinate descent sweep 4. norm of D = 1.266241e-01, change in D = 3.724929e-02.
    Line search step size chosen: 1.000000e+00.
  Objective value decreased by 2.774463e-05.
Newton iteration 11.
  Active set size = 34074.
  sub-gradient = 3.324563e-02, l1-norm of X = 3.100682e+02.
  Coordinate descent sweep 1. norm of D = 2.895590e-02, change in D = 2.895590e-02.
  Coordinate descent sweep 2. norm of D = 3.391664e-02, change in D = 2.122750e-02.
  Coordinate descent sweep 3. norm of D = 3.667994e-02, change in D = 1.442131e-02.
  Coordinate descent sweep 4. norm of D = 3.978983e-02, change in D = 1.241156e-02.
    Line search step size chosen: 1.000000e+00.
  Objective value decreased by 4.149026e-06.
Newton iteration 12.
  Active set size = 34073.
  sub-gradient = 1.498550e-02, l1-norm of X = 3.100703e+02.
  Coordinate descent sweep 1. norm of D = 1.016185e-02, change in D = 1.016185e-02.
  Coordinate descent sweep 2. norm of D = 1.230298e-02, change in D = 8.196052e-03.
  Coordinate descent sweep 3. norm of D = 1.276536e-02, change in D = 6.168984e-03.
  Coordinate descent sweep 4. norm of D = 1.394463e-02, change in D = 5.031627e-03.
  Coordinate descent sweep 5. norm of D = 1.451927e-02, change in D = 3.929730e-03.
    Line search step size chosen: 1.000000e+00.
  Objective value decreased by 6.429291e-07.
QUIC CPU time: 4014.770 seconds
