[1] "/work-zfs/abattle4/prashanthi/recount3/data/kidney/all/weighted_covariances/cov_26.rds"
[1] "Data read complete"
Running QUIC version 1.1 in 'default' mode.
Newton iteration 1.
  X is a diagonal matrix.
    Line search step size chosen: 1.000000e+00.
  Objective value decreased by 1.502484e+00.
Newton iteration 2.
  Active set size = 8748.
  sub-gradient = 2.914149e+01, l1-norm of X = 1.840644e+01.
  Coordinate descent sweep 1. norm of D = 6.574102e+00, change in D = 6.574102e+00.
    Line search step size chosen: 1.000000e+00.
  Objective value decreased by 5.001815e-01.
Newton iteration 3.
  Active set size = 8725.
  sub-gradient = 7.522777e+00, l1-norm of X = 1.598987e+01.
  Coordinate descent sweep 1. norm of D = 4.061851e+00, change in D = 4.061851e+00.
  Coordinate descent sweep 2. norm of D = 4.156178e+00, change in D = 1.394973e+00.
    Line search step size chosen: 1.000000e+00.
  Objective value decreased by 1.756341e-01.
Newton iteration 4.
  Active set size = 8715.
  sub-gradient = 1.511076e+00, l1-norm of X = 1.565928e+01.
  Coordinate descent sweep 1. norm of D = 9.718083e-01, change in D = 9.718083e-01.
  Coordinate descent sweep 2. norm of D = 1.017843e+00, change in D = 3.123098e-01.
    Line search step size chosen: 1.000000e+00.
  Objective value decreased by 1.461767e-02.
Newton iteration 5.
  Active set size = 8715.
  sub-gradient = 1.708931e-01, l1-norm of X = 1.556689e+01.
  Coordinate descent sweep 1. norm of D = 1.333161e-01, change in D = 1.333161e-01.
  Coordinate descent sweep 2. norm of D = 1.427622e-01, change in D = 4.653535e-02.
    Line search step size chosen: 1.000000e+00.
  Objective value decreased by 2.560698e-04.
Newton iteration 6.
  Active set size = 8715.
  sub-gradient = 1.892946e-02, l1-norm of X = 1.555353e+01.
  Coordinate descent sweep 1. norm of D = 1.950489e-02, change in D = 1.950489e-02.
  Coordinate descent sweep 2. norm of D = 2.224192e-02, change in D = 5.128287e-03.
  Coordinate descent sweep 3. norm of D = 2.342878e-02, change in D = 2.032355e-03.
    Line search step size chosen: 1.000000e+00.
  Objective value decreased by 6.098417e-06.
Newton iteration 7.
  Active set size = 8715.
  sub-gradient = 7.345181e-04, l1-norm of X = 1.555432e+01.
  Coordinate descent sweep 1. norm of D = 7.161884e-04, change in D = 7.161884e-04.
  Coordinate descent sweep 2. norm of D = 9.109959e-04, change in D = 3.662244e-04.
  Coordinate descent sweep 3. norm of D = 9.781283e-04, change in D = 9.948137e-05.
    Line search step size chosen: 1.000000e+00.
  Objective value decreased by 2.516936e-08.
QUIC CPU time: 1674.120 seconds
