[1] "/work-zfs/abattle4/prashanthi/recount3/data/kidney/all/weighted_covariances/cov_26.rds"
[1] "Data read complete"
Running QUIC version 1.1 in 'default' mode.
Newton iteration 1.
  X is a diagonal matrix.
    Line search step size chosen: 1.000000e+00.
  Objective value decreased by 1.020714e+00.
Newton iteration 2.
  Active set size = 8565.
  sub-gradient = 6.522847e+00, l1-norm of X = 1.009969e+01.
  Coordinate descent sweep 1. norm of D = 3.363721e+00, change in D = 3.363721e+00.
    Line search step size chosen: 1.000000e+00.
  Objective value decreased by 1.046096e-01.
Newton iteration 3.
  Active set size = 8560.
  sub-gradient = 1.094788e+00, l1-norm of X = 8.759097e+00.
  Coordinate descent sweep 1. norm of D = 1.142057e+00, change in D = 1.142057e+00.
  Coordinate descent sweep 2. norm of D = 1.284063e+00, change in D = 2.193047e-01.
    Line search step size chosen: 1.000000e+00.
  Objective value decreased by 1.575890e-02.
Newton iteration 4.
  Active set size = 8557.
  sub-gradient = 6.895659e-02, l1-norm of X = 9.089387e+00.
  Coordinate descent sweep 1. norm of D = 8.043091e-02, change in D = 8.043091e-02.
  Coordinate descent sweep 2. norm of D = 9.539141e-02, change in D = 1.935527e-02.
    Line search step size chosen: 1.000000e+00.
  Objective value decreased by 1.150358e-04.
Newton iteration 5.
  Active set size = 8557.
  sub-gradient = 4.920628e-03, l1-norm of X = 9.115087e+00.
  Coordinate descent sweep 1. norm of D = 5.084511e-03, change in D = 5.084511e-03.
  Coordinate descent sweep 2. norm of D = 6.171252e-03, change in D = 1.624797e-03.
    Line search step size chosen: 1.000000e+00.
  Objective value decreased by 8.992120e-07.
Newton iteration 6.
  Active set size = 8557.
  sub-gradient = 4.783666e-04, l1-norm of X = 9.116503e+00.
  Coordinate descent sweep 1. norm of D = 5.422160e-04, change in D = 5.422160e-04.
  Coordinate descent sweep 2. norm of D = 7.188968e-04, change in D = 2.124467e-04.
  Coordinate descent sweep 3. norm of D = 7.937430e-04, change in D = 9.226278e-05.
    Line search step size chosen: 1.000000e+00.
  Objective value decreased by 4.401409e-08.
QUIC CPU time: 1378.200 seconds
