[1] "/work-zfs/abattle4/prashanthi/recount3/data/kidney/all/weighted_covariances/cov_26.rds"
[1] "Data read complete"
Running QUIC version 1.1 in 'default' mode.
Newton iteration 1.
  X is a diagonal matrix.
    Line search step size chosen: 1.000000e+00.
  Objective value decreased by 8.936561e-02.
Newton iteration 2.
  Active set size = 8395.
  sub-gradient = 1.933461e-01, l1-norm of X = 1.119995e+00.
  Coordinate descent sweep 1. norm of D = 1.834247e-01, change in D = 1.834247e-01.
    Line search step size chosen: 1.000000e+00.
  Objective value decreased by 1.300974e-03.
Newton iteration 3.
  Active set size = 8395.
  sub-gradient = 1.123604e-02, l1-norm of X = 1.124236e+00.
  Coordinate descent sweep 1. norm of D = 1.262068e-02, change in D = 1.262068e-02.
  Coordinate descent sweep 2. norm of D = 1.446287e-02, change in D = 1.842703e-03.
    Line search step size chosen: 1.000000e+00.
  Objective value decreased by 1.694253e-05.
Newton iteration 4.
  Active set size = 8395.
  sub-gradient = 1.779625e-04, l1-norm of X = 1.132920e+00.
  Coordinate descent sweep 1. norm of D = 2.132564e-04, change in D = 2.132564e-04.
  Coordinate descent sweep 2. norm of D = 2.589887e-04, change in D = 4.657430e-05.
    Line search step size chosen: 1.000000e+00.
  Objective value decreased by 1.195440e-08.
Newton iteration 5.
  Active set size = 8395.
  sub-gradient = 3.505899e-06, l1-norm of X = 1.133120e+00.
  Coordinate descent sweep 1. norm of D = 3.898652e-06, change in D = 3.898652e-06.
  Coordinate descent sweep 2. norm of D = 4.204554e-06, change in D = 3.073937e-07.
    Line search step size chosen: 1.000000e+00.
  Objective value decreased by 0.000000e+00.
QUIC CPU time: 1204.900 seconds
