[1] "/work-zfs/abattle4/prashanthi/recount3/data/kidney/all/weighted_covariances/cov_26.rds"
[1] "Data read complete"
Running QUIC version 1.1 in 'default' mode.
Newton iteration 1.
  X is a diagonal matrix.
    Line search step size chosen: 1.000000e+00.
  Objective value decreased by 5.862905e-02.
Newton iteration 2.
  Active set size = 8391.
  sub-gradient = 1.253237e-01, l1-norm of X = 8.473053e-01.
  Coordinate descent sweep 1. norm of D = 1.215056e-01, change in D = 1.215056e-01.
    Line search step size chosen: 1.000000e+00.
  Objective value decreased by 6.631771e-04.
Newton iteration 3.
  Active set size = 8391.
  sub-gradient = 3.454689e-03, l1-norm of X = 8.544076e-01.
  Coordinate descent sweep 1. norm of D = 3.667817e-03, change in D = 3.667817e-03.
  Coordinate descent sweep 2. norm of D = 3.803910e-03, change in D = 1.424124e-04.
    Line search step size chosen: 1.000000e+00.
  Objective value decreased by 8.368825e-07.
Newton iteration 4.
  Active set size = 8391.
  sub-gradient = 1.003877e-05, l1-norm of X = 8.550620e-01.
  Coordinate descent sweep 1. norm of D = 1.108535e-05, change in D = 1.108535e-05.
  Coordinate descent sweep 2. norm of D = 1.390335e-05, change in D = 2.829092e-06.
    Line search step size chosen: 1.000000e+00.
  Objective value decreased by 2.182787e-11.
QUIC CPU time: 984.050 seconds
