[1] "/work-zfs/abattle4/prashanthi/recount3/data/kidney/all/weighted_covariances/cov_26.rds"
[1] "Data read complete"
Running QUIC version 1.1 in 'default' mode.
Newton iteration 1.
  X is a diagonal matrix.
    Line search step size chosen: 1.000000e+00.
  Objective value decreased by 1.199988e-03.
Newton iteration 2.
  Active set size = 8385.
  sub-gradient = 2.431412e-03, l1-norm of X = 7.532579e-02.
  Coordinate descent sweep 1. norm of D = 2.426336e-03, change in D = 2.426336e-03.
    Line search step size chosen: 1.000000e+00.
  Objective value decreased by 7.151648e-07.
Newton iteration 3.
  Active set size = 8385.
  sub-gradient = 3.144839e-05, l1-norm of X = 7.532563e-02.
  Coordinate descent sweep 1. norm of D = 3.429125e-05, change in D = 3.429125e-05.
  Coordinate descent sweep 2. norm of D = 3.440224e-05, change in D = 1.296795e-07.
    Line search step size chosen: 1.000000e+00.
  Objective value decreased by 8.603820e-10.
Newton iteration 4.
  Active set size = 8385.
  sub-gradient = 6.159033e-09, l1-norm of X = 7.536913e-02.
  Coordinate descent sweep 1. norm of D = 6.243228e-09, change in D = 6.243228e-09.
  Coordinate descent sweep 2. norm of D = 6.334978e-09, change in D = 9.175010e-11.
    Line search step size chosen: 1.000000e+00.
  Objective value decreased by 0.000000e+00.
QUIC CPU time: 983.510 seconds
