[1] "/work-zfs/abattle4/prashanthi/recount3/data/kidney/all/weighted_covariances/cov_26.rds"
[1] "Data read complete"
Running QUIC version 1.1 in 'default' mode.
Newton iteration 1.
  X is a diagonal matrix.
    Line search step size chosen: 1.000000e+00.
  Objective value decreased by 3.975577e-05.
Newton iteration 2.
  Active set size = 8384.
  sub-gradient = 7.969116e-05, l1-norm of X = 1.355358e-02.
  Coordinate descent sweep 1. norm of D = 7.950995e-05, change in D = 7.950995e-05.
    Line search step size chosen: 1.000000e+00.
  Objective value decreased by 7.894414e-10.
Newton iteration 3.
  Active set size = 8384.
  sub-gradient = 1.780411e-07, l1-norm of X = 1.355358e-02.
  Coordinate descent sweep 1. norm of D = 1.780411e-07, change in D = 1.780411e-07.
  Coordinate descent sweep 2. norm of D = 1.812059e-07, change in D = 3.164868e-09.
    Line search step size chosen: 1.000000e+00.
  Objective value decreased by 0.000000e+00.
QUIC CPU time: 767.330 seconds
