[1] "sra_normal" "250"        "unweighted" "0.06"      
[1] "Data read complete"
Running QUIC version 1.1 in 'default' mode.
Newton iteration 1.
  X is a diagonal matrix.
    Line search step size 1.000000e+00.  Lack of positive definiteness.
    Line search step size 5.000000e-01.  Lack of positive definiteness.
    Line search step size 2.500000e-01.  Lack of positive definiteness.
    Line search step size 1.250000e-01.  Lack of positive definiteness.
    Line search step size 6.250000e-02.  Lack of positive definiteness.
    Line search step size 3.125000e-02.  Lack of positive definiteness.
    Line search step size chosen: 1.562500e-02.
  Objective value decreased by 1.497103e+02.
Newton iteration 2.
  Active set size = 2450939.
  sub-gradient = 6.991397e+04, l1-norm of X = 1.345846e+02.
  Coordinate descent sweep 1. norm of D = 3.900012e+04, change in D = 3.900012e+04.
    Line search step size 1.000000e+00.  Lack of positive definiteness.
    Line search step size 5.000000e-01.  Lack of positive definiteness.
    Line search step size 2.500000e-01.  Lack of positive definiteness.
    Line search step size 1.250000e-01.  Lack of positive definiteness.
    Line search step size 6.250000e-02.  Lack of positive definiteness.
    Line search step size chosen: 3.125000e-02.
  Objective value decreased by 1.541776e+02.
Newton iteration 3.
  Active set size = 5927675.
  sub-gradient = 8.887403e+05, l1-norm of X = 2.790856e+02.
  Coordinate descent sweep 1. norm of D = 1.209381e+04, change in D = 1.209381e+04.
  Coordinate descent sweep 2. norm of D = 1.129852e+04, change in D = 4.457812e+03.
    Line search step size 1.000000e+00.  Lack of positive definiteness.
    Line search step size 5.000000e-01.  Lack of positive definiteness.
    Line search step size 2.500000e-01.  Lack of positive definiteness.
    Line search step size chosen: 1.250000e-01.
  Objective value decreased by 1.156309e+02.
Newton iteration 4.
  Active set size = 5771328.
  sub-gradient = 8.115624e+05, l1-norm of X = 4.100011e+02.
  Coordinate descent sweep 1. norm of D = 6.043245e+03, change in D = 6.043245e+03.
  Coordinate descent sweep 2. norm of D = 6.071580e+03, change in D = 2.188263e+03.
    Line search step size 1.000000e+00.  Lack of positive definiteness.
    Line search step size 5.000000e-01.  Lack of positive definiteness.
    Line search step size chosen: 2.500000e-01.
  Objective value decreased by 8.111046e+01.
Newton iteration 5.
  Active set size = 5431495.
  sub-gradient = 6.785761e+05, l1-norm of X = 4.883261e+02.
  Coordinate descent sweep 1. norm of D = 4.046736e+03, change in D = 4.046736e+03.
  Coordinate descent sweep 2. norm of D = 4.282187e+03, change in D = 1.481704e+03.
    Line search step size 1.000000e+00.  Lack of positive definiteness.
    Line search step size chosen: 5.000000e-01.
  Objective value decreased by 8.010621e+01.
Newton iteration 6.
  Active set size = 5036013.
  sub-gradient = 5.382820e+05, l1-norm of X = 5.536149e+02.
  Coordinate descent sweep 1. norm of D = 2.277155e+03, change in D = 2.277155e+03.
  Coordinate descent sweep 2. norm of D = 2.539360e+03, change in D = 9.456477e+02.
  Coordinate descent sweep 3. norm of D = 2.682950e+03, change in D = 5.388787e+02.
    Line search step size chosen: 1.000000e+00.
  Objective value decreased by 6.489317e+01.
Newton iteration 7.
  Active set size = 3575562.
  sub-gradient = 2.839571e+05, l1-norm of X = 6.044862e+02.
  Coordinate descent sweep 1. norm of D = 5.449748e+02, change in D = 5.449748e+02.
  Coordinate descent sweep 2. norm of D = 6.207773e+02, change in D = 3.901320e+02.
  Coordinate descent sweep 3. norm of D = 6.747870e+02, change in D = 2.649980e+02.
    Line search step size chosen: 1.000000e+00.
  Objective value decreased by 8.526778e+00.
Newton iteration 8.
  Active set size = 2502325.
  sub-gradient = 1.293199e+05, l1-norm of X = 6.146348e+02.
  Coordinate descent sweep 1. norm of D = 3.055529e+02, change in D = 3.055529e+02.
  Coordinate descent sweep 2. norm of D = 3.184706e+02, change in D = 2.321072e+02.
  Coordinate descent sweep 3. norm of D = 3.357957e+02, change in D = 1.542960e+02.
    Line search step size chosen: 1.000000e+00.
  Objective value decreased by 3.233843e+00.
Newton iteration 9.
  Active set size = 1566750.
  sub-gradient = 4.903778e+04, l1-norm of X = 6.197467e+02.
  Coordinate descent sweep 1. norm of D = 1.994011e+02, change in D = 1.994011e+02.
  Coordinate descent sweep 2. norm of D = 1.905279e+02, change in D = 1.518057e+02.
  Coordinate descent sweep 3. norm of D = 1.941257e+02, change in D = 9.390911e+01.
  Coordinate descent sweep 4. norm of D = 1.989046e+02, change in D = 6.496042e+01.
    Line search step size chosen: 1.000000e+00.
  Objective value decreased by 1.515296e+00.
Newton iteration 10.
  Active set size = 808357.
  sub-gradient = 1.257803e+04, l1-norm of X = 6.227293e+02.
  Coordinate descent sweep 1. norm of D = 1.203743e+02, change in D = 1.203743e+02.
  Coordinate descent sweep 2. norm of D = 1.045794e+02, change in D = 9.025520e+01.
  Coordinate descent sweep 3. norm of D = 1.032214e+02, change in D = 5.108056e+01.
  Coordinate descent sweep 4. norm of D = 1.036107e+02, change in D = 3.262732e+01.
    Line search step size chosen: 1.000000e+00.
  Objective value decreased by 5.353757e-01.
Newton iteration 11.
  Active set size = 467748.
  sub-gradient = 2.785768e+03, l1-norm of X = 6.243276e+02.
  Coordinate descent sweep 1. norm of D = 6.517517e+01, change in D = 6.517517e+01.
  Coordinate descent sweep 2. norm of D = 5.565809e+01, change in D = 4.711930e+01.
  Coordinate descent sweep 3. norm of D = 5.398569e+01, change in D = 2.530794e+01.
  Coordinate descent sweep 4. norm of D = 5.389408e+01, change in D = 1.541484e+01.
    Line search step size chosen: 1.000000e+00.
  Objective value decreased by 1.512886e-01.
Newton iteration 12.
  Active set size = 393392.
  sub-gradient = 6.386563e+02, l1-norm of X = 6.251873e+02.
  Coordinate descent sweep 1. norm of D = 3.132712e+01, change in D = 3.132712e+01.
  Coordinate descent sweep 2. norm of D = 2.982939e+01, change in D = 2.061415e+01.
  Coordinate descent sweep 3. norm of D = 2.937691e+01, change in D = 1.061309e+01.
  Coordinate descent sweep 4. norm of D = 2.958209e+01, change in D = 6.458578e+00.
  Coordinate descent sweep 5. norm of D = 2.982355e+01, change in D = 4.613339e+00.
    Line search step size chosen: 1.000000e+00.
  Objective value decreased by 4.237984e-02.
Newton iteration 13.
  Active set size = 384910.
  sub-gradient = 7.609494e+01, l1-norm of X = 6.256490e+02.
  Coordinate descent sweep 1. norm of D = 1.422919e+01, change in D = 1.422919e+01.
  Coordinate descent sweep 2. norm of D = 1.526688e+01, change in D = 8.662532e+00.
  Coordinate descent sweep 3. norm of D = 1.542898e+01, change in D = 4.250354e+00.
  Coordinate descent sweep 4. norm of D = 1.559201e+01, change in D = 2.629109e+00.
  Coordinate descent sweep 5. norm of D = 1.574262e+01, change in D = 2.024205e+00.
    Line search step size chosen: 1.000000e+00.
  Objective value decreased by 1.000311e-02.
Newton iteration 14.
  Active set size = 385268.
  sub-gradient = 3.449060e+00, l1-norm of X = 6.258445e+02.
  Coordinate descent sweep 1. norm of D = 2.405639e+00, change in D = 2.405639e+00.
  Coordinate descent sweep 2. norm of D = 2.608086e+00, change in D = 1.853319e+00.
  Coordinate descent sweep 3. norm of D = 2.741927e+00, change in D = 1.438713e+00.
  Coordinate descent sweep 4. norm of D = 2.797097e+00, change in D = 1.204274e+00.
  Coordinate descent sweep 5. norm of D = 2.828500e+00, change in D = 1.054650e+00.
    Line search step size chosen: 1.000000e+00.
  Objective value decreased by 1.405109e-03.
Newton iteration 15.
  Active set size = 385284.
  sub-gradient = 8.583287e-01, l1-norm of X = 6.258676e+02.
  Coordinate descent sweep 1. norm of D = 9.339389e-01, change in D = 9.339389e-01.
  Coordinate descent sweep 2. norm of D = 1.041523e+00, change in D = 8.140581e-01.
  Coordinate descent sweep 3. norm of D = 1.134354e+00, change in D = 7.665706e-01.
  Coordinate descent sweep 4. norm of D = 1.141153e+00, change in D = 7.018943e-01.
  Coordinate descent sweep 5. norm of D = 1.199846e+00, change in D = 6.789543e-01.
  Coordinate descent sweep 6. norm of D = 1.176243e+00, change in D = 5.809777e-01.
    Line search step size chosen: 1.000000e+00.
  Objective value decreased by 6.130441e-04.
Newton iteration 16.
  Active set size = 385270.
  sub-gradient = 5.740036e-01, l1-norm of X = 6.258763e+02.
  Coordinate descent sweep 1. norm of D = 4.754880e-01, change in D = 4.754880e-01.
  Coordinate descent sweep 2. norm of D = 5.676584e-01, change in D = 4.476839e-01.
  Coordinate descent sweep 3. norm of D = 6.264412e-01, change in D = 4.508971e-01.
  Coordinate descent sweep 4. norm of D = 5.989314e-01, change in D = 3.958931e-01.
  Coordinate descent sweep 5. norm of D = 6.082504e-01, change in D = 3.275868e-01.
  Coordinate descent sweep 6. norm of D = 6.210568e-01, change in D = 3.212257e-01.
    Line search step size chosen: 1.000000e+00.
  Objective value decreased by 2.348122e-04.
Newton iteration 17.
  Active set size = 385270.
  sub-gradient = 2.958426e-01, l1-norm of X = 6.258797e+02.
  Coordinate descent sweep 1. norm of D = 3.224454e-01, change in D = 3.224454e-01.
  Coordinate descent sweep 2. norm of D = 3.650729e-01, change in D = 3.130122e-01.
  Coordinate descent sweep 3. norm of D = 3.684526e-01, change in D = 2.784219e-01.
  Coordinate descent sweep 4. norm of D = 3.775600e-01, change in D = 2.472904e-01.
  Coordinate descent sweep 5. norm of D = 3.836036e-01, change in D = 2.306349e-01.
  Coordinate descent sweep 6. norm of D = 3.778008e-01, change in D = 2.079753e-01.
    Line search step size chosen: 1.000000e+00.
  Objective value decreased by 1.101426e-04.
Newton iteration 18.
  Active set size = 385267.
  sub-gradient = 1.984474e-01, l1-norm of X = 6.258822e+02.
  Coordinate descent sweep 1. norm of D = 1.946583e-01, change in D = 1.946583e-01.
  Coordinate descent sweep 2. norm of D = 2.104739e-01, change in D = 1.690224e-01.
  Coordinate descent sweep 3. norm of D = 2.267954e-01, change in D = 1.658645e-01.
  Coordinate descent sweep 4. norm of D = 2.271898e-01, change in D = 1.528313e-01.
  Coordinate descent sweep 5. norm of D = 2.287559e-01, change in D = 1.397136e-01.
  Coordinate descent sweep 6. norm of D = 2.365117e-01, change in D = 1.340229e-01.
  Coordinate descent sweep 7. norm of D = 2.372825e-01, change in D = 1.282428e-01.
    Line search step size chosen: 1.000000e+00.
  Objective value decreased by 5.324451e-05.
Newton iteration 19.
  Active set size = 385270.
  sub-gradient = 1.110452e-01, l1-norm of X = 6.258846e+02.
  Coordinate descent sweep 1. norm of D = 1.048677e-01, change in D = 1.048677e-01.
  Coordinate descent sweep 2. norm of D = 1.279509e-01, change in D = 1.008178e-01.
  Coordinate descent sweep 3. norm of D = 1.441196e-01, change in D = 1.095299e-01.
  Coordinate descent sweep 4. norm of D = 1.363881e-01, change in D = 9.533343e-02.
  Coordinate descent sweep 5. norm of D = 1.372417e-01, change in D = 8.095850e-02.
  Coordinate descent sweep 6. norm of D = 1.375319e-01, change in D = 7.338293e-02.
  Coordinate descent sweep 7. norm of D = 1.377198e-01, change in D = 6.746572e-02.
    Line search step size chosen: 1.000000e+00.
  Objective value decreased by 1.994941e-05.
Newton iteration 20.
  Active set size = 385266.
  sub-gradient = 6.110754e-02, l1-norm of X = 6.258854e+02.
  Coordinate descent sweep 1. norm of D = 6.730616e-02, change in D = 6.730616e-02.
  Coordinate descent sweep 2. norm of D = 7.261383e-02, change in D = 6.393242e-02.
  Coordinate descent sweep 3. norm of D = 7.601585e-02, change in D = 6.184291e-02.
  Coordinate descent sweep 4. norm of D = 7.415018e-02, change in D = 5.590616e-02.
  Coordinate descent sweep 5. norm of D = 7.581777e-02, change in D = 4.981592e-02.
  Coordinate descent sweep 6. norm of D = 7.194178e-02, change in D = 4.032847e-02.
  Coordinate descent sweep 7. norm of D = 7.567496e-02, change in D = 3.970026e-02.
    Line search step size chosen: 1.000000e+00.
  Objective value decreased by 8.445062e-06.
QUIC CPU time: 9325.450 seconds
