[1] "sra_normal" "250"        "unweighted" "0.08"      
[1] "Data read complete"
Running QUIC version 1.1 in 'default' mode.
Newton iteration 1.
  X is a diagonal matrix.
    Line search step size 1.000000e+00.  Lack of positive definiteness.
    Line search step size 5.000000e-01.  Lack of positive definiteness.
    Line search step size 2.500000e-01.  Lack of positive definiteness.
    Line search step size 1.250000e-01.  Lack of positive definiteness.
    Line search step size 6.250000e-02.  Lack of positive definiteness.
    Line search step size chosen: 3.125000e-02.
  Objective value decreased by 1.674338e+02.
Newton iteration 2.
  Active set size = 1189545.
  sub-gradient = 3.417837e+04, l1-norm of X = 1.850214e+02.
  Coordinate descent sweep 1. norm of D = 1.445257e+04, change in D = 1.445257e+04.
    Line search step size 1.000000e+00.  Lack of positive definiteness.
    Line search step size 5.000000e-01.  Lack of positive definiteness.
    Line search step size 2.500000e-01.  Lack of positive definiteness.
    Line search step size 1.250000e-01.  Lack of positive definiteness.
    Line search step size 6.250000e-02.  Lack of positive definiteness.
    Line search step size chosen: 3.125000e-02.
  Objective value decreased by 5.564949e+01.
Newton iteration 3.
  Active set size = 1190035.
  sub-gradient = 3.153777e+04, l1-norm of X = 2.527918e+02.
  Coordinate descent sweep 1. norm of D = 9.240471e+03, change in D = 9.240471e+03.
  Coordinate descent sweep 2. norm of D = 7.789962e+03, change in D = 3.034288e+03.
    Line search step size 1.000000e+00.  Lack of positive definiteness.
    Line search step size 5.000000e-01.  Lack of positive definiteness.
    Line search step size 2.500000e-01.  Lack of positive definiteness.
    Line search step size 1.250000e-01.  Lack of positive definiteness.
    Line search step size chosen: 6.250000e-02.
  Objective value decreased by 5.388652e+01.
Newton iteration 4.
  Active set size = 1191180.
  sub-gradient = 2.746236e+04, l1-norm of X = 3.155894e+02.
  Coordinate descent sweep 1. norm of D = 6.293863e+03, change in D = 6.293863e+03.
  Coordinate descent sweep 2. norm of D = 5.507208e+03, change in D = 1.860081e+03.
    Line search step size 1.000000e+00.  Lack of positive definiteness.
    Line search step size 5.000000e-01.  Lack of positive definiteness.
    Line search step size 2.500000e-01.  Lack of positive definiteness.
    Line search step size chosen: 1.250000e-01.
  Objective value decreased by 6.081421e+01.
Newton iteration 5.
  Active set size = 1196476.
  sub-gradient = 2.123430e+04, l1-norm of X = 3.880506e+02.
  Coordinate descent sweep 1. norm of D = 4.150544e+03, change in D = 4.150544e+03.
  Coordinate descent sweep 2. norm of D = 3.895018e+03, change in D = 1.101816e+03.
    Line search step size 1.000000e+00.  Lack of positive definiteness.
    Line search step size 5.000000e-01.  Lack of positive definiteness.
    Line search step size chosen: 2.500000e-01.
  Objective value decreased by 6.017191e+01.
Newton iteration 6.
  Active set size = 1203212.
  sub-gradient = 2.215336e+04, l1-norm of X = 4.589910e+02.
  Coordinate descent sweep 1. norm of D = 2.685950e+03, change in D = 2.685950e+03.
  Coordinate descent sweep 2. norm of D = 2.725262e+03, change in D = 7.406932e+02.
  Coordinate descent sweep 3. norm of D = 2.782896e+03, change in D = 2.503487e+02.
    Line search step size 1.000000e+00.  Lack of positive definiteness.
    Line search step size chosen: 5.000000e-01.
  Objective value decreased by 5.522941e+01.
Newton iteration 7.
  Active set size = 1209029.
  sub-gradient = 3.212133e+04, l1-norm of X = 5.263692e+02.
  Coordinate descent sweep 1. norm of D = 1.318623e+03, change in D = 1.318623e+03.
  Coordinate descent sweep 2. norm of D = 1.448094e+03, change in D = 4.274234e+02.
  Coordinate descent sweep 3. norm of D = 1.503033e+03, change in D = 2.004088e+02.
    Line search step size chosen: 1.000000e+00.
  Objective value decreased by 3.174471e+01.
Newton iteration 8.
  Active set size = 240175.
  sub-gradient = 7.699786e+02, l1-norm of X = 5.718921e+02.
  Coordinate descent sweep 1. norm of D = 1.638175e+02, change in D = 1.638175e+02.
  Coordinate descent sweep 2. norm of D = 1.912358e+02, change in D = 1.022556e+02.
  Coordinate descent sweep 3. norm of D = 2.076452e+02, change in D = 6.225614e+01.
    Line search step size chosen: 1.000000e+00.
  Objective value decreased by 1.259672e+00.
Newton iteration 9.
  Active set size = 231495.
  sub-gradient = 9.709532e+01, l1-norm of X = 5.759102e+02.
  Coordinate descent sweep 1. norm of D = 4.352089e+01, change in D = 4.352089e+01.
  Coordinate descent sweep 2. norm of D = 5.161714e+01, change in D = 3.064834e+01.
  Coordinate descent sweep 3. norm of D = 5.577182e+01, change in D = 2.155217e+01.
  Coordinate descent sweep 4. norm of D = 5.867875e+01, change in D = 1.557315e+01.
    Line search step size chosen: 1.000000e+00.
  Objective value decreased by 2.207273e-01.
Newton iteration 10.
  Active set size = 230510.
  sub-gradient = 1.449616e+01, l1-norm of X = 5.769496e+02.
  Coordinate descent sweep 1. norm of D = 1.229160e+01, change in D = 1.229160e+01.
  Coordinate descent sweep 2. norm of D = 1.466696e+01, change in D = 9.779471e+00.
  Coordinate descent sweep 3. norm of D = 1.578375e+01, change in D = 7.816963e+00.
  Coordinate descent sweep 4. norm of D = 1.650540e+01, change in D = 6.089100e+00.
    Line search step size chosen: 1.000000e+00.
  Objective value decreased by 4.316096e-02.
Newton iteration 11.
  Active set size = 230447.
  sub-gradient = 6.232046e+00, l1-norm of X = 5.772012e+02.
  Coordinate descent sweep 1. norm of D = 5.094196e+00, change in D = 5.094196e+00.
  Coordinate descent sweep 2. norm of D = 5.960621e+00, change in D = 4.357012e+00.
  Coordinate descent sweep 3. norm of D = 6.304879e+00, change in D = 3.551732e+00.
  Coordinate descent sweep 4. norm of D = 6.604352e+00, change in D = 3.052055e+00.
    Line search step size chosen: 1.000000e+00.
  Objective value decreased by 1.289513e-02.
Newton iteration 12.
  Active set size = 230394.
  sub-gradient = 2.702342e+00, l1-norm of X = 5.772878e+02.
  Coordinate descent sweep 1. norm of D = 2.507899e+00, change in D = 2.507899e+00.
  Coordinate descent sweep 2. norm of D = 3.049536e+00, change in D = 2.183151e+00.
  Coordinate descent sweep 3. norm of D = 3.227510e+00, change in D = 1.880227e+00.
  Coordinate descent sweep 4. norm of D = 3.361550e+00, change in D = 1.660113e+00.
  Coordinate descent sweep 5. norm of D = 3.494337e+00, change in D = 1.444851e+00.
    Line search step size chosen: 1.000000e+00.
  Objective value decreased by 5.696350e-03.
Newton iteration 13.
  Active set size = 230371.
  sub-gradient = 1.151461e+00, l1-norm of X = 5.773295e+02.
  Coordinate descent sweep 1. norm of D = 1.249264e+00, change in D = 1.249264e+00.
  Coordinate descent sweep 2. norm of D = 1.435282e+00, change in D = 1.052744e+00.
  Coordinate descent sweep 3. norm of D = 1.497460e+00, change in D = 8.762454e-01.
  Coordinate descent sweep 4. norm of D = 1.590766e+00, change in D = 8.272958e-01.
  Coordinate descent sweep 5. norm of D = 1.632136e+00, change in D = 7.529320e-01.
    Line search step size chosen: 1.000000e+00.
  Objective value decreased by 1.732915e-03.
Newton iteration 14.
  Active set size = 230359.
  sub-gradient = 7.469781e-01, l1-norm of X = 5.773496e+02.
  Coordinate descent sweep 1. norm of D = 6.556258e-01, change in D = 6.556258e-01.
  Coordinate descent sweep 2. norm of D = 7.562513e-01, change in D = 5.794218e-01.
  Coordinate descent sweep 3. norm of D = 8.046808e-01, change in D = 5.307312e-01.
  Coordinate descent sweep 4. norm of D = 8.015460e-01, change in D = 4.128616e-01.
  Coordinate descent sweep 5. norm of D = 8.503520e-01, change in D = 3.934237e-01.
    Line search step size chosen: 1.000000e+00.
  Objective value decreased by 6.258243e-04.
Newton iteration 15.
  Active set size = 230357.
  sub-gradient = 3.933208e-01, l1-norm of X = 5.773600e+02.
  Coordinate descent sweep 1. norm of D = 3.627372e-01, change in D = 3.627372e-01.
  Coordinate descent sweep 2. norm of D = 4.258526e-01, change in D = 3.284703e-01.
  Coordinate descent sweep 3. norm of D = 4.432654e-01, change in D = 2.792839e-01.
  Coordinate descent sweep 4. norm of D = 4.499758e-01, change in D = 2.261065e-01.
  Coordinate descent sweep 5. norm of D = 4.697819e-01, change in D = 2.156218e-01.
  Coordinate descent sweep 6. norm of D = 4.863472e-01, change in D = 1.999168e-01.
    Line search step size chosen: 1.000000e+00.
  Objective value decreased by 3.062957e-04.
Newton iteration 16.
  Active set size = 230350.
  sub-gradient = 1.690645e-01, l1-norm of X = 5.773653e+02.
  Coordinate descent sweep 1. norm of D = 1.922031e-01, change in D = 1.922031e-01.
  Coordinate descent sweep 2. norm of D = 2.149113e-01, change in D = 1.651140e-01.
  Coordinate descent sweep 3. norm of D = 2.234507e-01, change in D = 1.516073e-01.
  Coordinate descent sweep 4. norm of D = 2.312855e-01, change in D = 1.373952e-01.
  Coordinate descent sweep 5. norm of D = 2.429127e-01, change in D = 1.293164e-01.
  Coordinate descent sweep 6. norm of D = 2.448016e-01, change in D = 1.089092e-01.
    Line search step size chosen: 1.000000e+00.
  Objective value decreased by 9.852760e-05.
Newton iteration 17.
  Active set size = 230350.
  sub-gradient = 1.097463e-01, l1-norm of X = 5.773691e+02.
  Coordinate descent sweep 1. norm of D = 1.017165e-01, change in D = 1.017165e-01.
  Coordinate descent sweep 2. norm of D = 1.114472e-01, change in D = 9.796098e-02.
  Coordinate descent sweep 3. norm of D = 1.159628e-01, change in D = 8.561341e-02.
  Coordinate descent sweep 4. norm of D = 1.249558e-01, change in D = 7.804491e-02.
  Coordinate descent sweep 5. norm of D = 1.287089e-01, change in D = 7.132714e-02.
  Coordinate descent sweep 6. norm of D = 1.315590e-01, change in D = 6.660856e-02.
    Line search step size chosen: 1.000000e+00.
  Objective value decreased by 3.624788e-05.
Newton iteration 18.
  Active set size = 230348.
  sub-gradient = 7.652354e-02, l1-norm of X = 5.773707e+02.
  Coordinate descent sweep 1. norm of D = 6.643724e-02, change in D = 6.643724e-02.
  Coordinate descent sweep 2. norm of D = 6.943290e-02, change in D = 5.643917e-02.
  Coordinate descent sweep 3. norm of D = 7.457690e-02, change in D = 4.922005e-02.
  Coordinate descent sweep 4. norm of D = 7.432111e-02, change in D = 4.112833e-02.
  Coordinate descent sweep 5. norm of D = 7.672351e-02, change in D = 3.948595e-02.
  Coordinate descent sweep 6. norm of D = 7.763582e-02, change in D = 3.538204e-02.
  Coordinate descent sweep 7. norm of D = 7.684506e-02, change in D = 2.617350e-02.
    Line search step size chosen: 1.000000e+00.
  Objective value decreased by 1.448221e-05.
Newton iteration 19.
  Active set size = 230347.
  sub-gradient = 4.014036e-02, l1-norm of X = 5.773718e+02.
  Coordinate descent sweep 1. norm of D = 2.767492e-02, change in D = 2.767492e-02.
  Coordinate descent sweep 2. norm of D = 3.346461e-02, change in D = 2.928427e-02.
  Coordinate descent sweep 3. norm of D = 3.523398e-02, change in D = 2.774352e-02.
  Coordinate descent sweep 4. norm of D = 3.533841e-02, change in D = 2.509845e-02.
  Coordinate descent sweep 5. norm of D = 3.528135e-02, change in D = 2.180745e-02.
  Coordinate descent sweep 6. norm of D = 3.549931e-02, change in D = 1.870471e-02.
  Coordinate descent sweep 7. norm of D = 3.605659e-02, change in D = 1.650490e-02.
    Line search step size chosen: 1.000000e+00.
  Objective value decreased by 5.182517e-06.
QUIC CPU time: 4852.780 seconds
