[1] "sra_normal" "250"        "unweighted" "0.36"      
[1] "Data read complete"
Running QUIC version 1.1 in 'default' mode.
Newton iteration 1.
  X is a diagonal matrix.
    Line search step size 1.000000e+00.  Lack of positive definiteness.
    Line search step size 5.000000e-01.  Lack of positive definiteness.
    Line search step size chosen: 2.500000e-01.
  Objective value decreased by 5.706452e+00.
Newton iteration 2.
  Active set size = 7881.
  sub-gradient = 7.032499e+01, l1-norm of X = 2.353731e+01.
  Coordinate descent sweep 1. norm of D = 5.173508e+01, change in D = 5.173508e+01.
    Line search step size chosen: 1.000000e+00.
  Objective value decreased by 2.124052e+00.
Newton iteration 3.
  Active set size = 7535.
  sub-gradient = 1.045770e+02, l1-norm of X = 5.085693e+01.
  Coordinate descent sweep 1. norm of D = 1.764392e+01, change in D = 1.764392e+01.
  Coordinate descent sweep 2. norm of D = 1.676645e+01, change in D = 7.322164e+00.
    Line search step size chosen: 1.000000e+00.
  Objective value decreased by 8.780698e-01.
Newton iteration 4.
  Active set size = 7434.
  sub-gradient = 3.370283e+01, l1-norm of X = 4.896901e+01.
  Coordinate descent sweep 1. norm of D = 6.591600e+00, change in D = 6.591600e+00.
  Coordinate descent sweep 2. norm of D = 6.430331e+00, change in D = 3.294991e+00.
    Line search step size chosen: 1.000000e+00.
  Objective value decreased by 2.123399e-01.
Newton iteration 5.
  Active set size = 7409.
  sub-gradient = 9.417436e+00, l1-norm of X = 4.780897e+01.
  Coordinate descent sweep 1. norm of D = 2.616786e+00, change in D = 2.616786e+00.
  Coordinate descent sweep 2. norm of D = 2.578835e+00, change in D = 1.508503e+00.
    Line search step size chosen: 1.000000e+00.
  Objective value decreased by 4.097788e-02.
Newton iteration 6.
  Active set size = 7395.
  sub-gradient = 1.590539e+00, l1-norm of X = 4.734235e+01.
  Coordinate descent sweep 1. norm of D = 7.997889e-01, change in D = 7.997889e-01.
  Coordinate descent sweep 2. norm of D = 8.515516e-01, change in D = 4.131993e-01.
  Coordinate descent sweep 3. norm of D = 9.139245e-01, change in D = 1.729487e-01.
    Line search step size chosen: 1.000000e+00.
  Objective value decreased by 3.710757e-03.
Newton iteration 7.
  Active set size = 7394.
  sub-gradient = 1.122488e-01, l1-norm of X = 4.726197e+01.
  Coordinate descent sweep 1. norm of D = 9.172476e-02, change in D = 9.172476e-02.
  Coordinate descent sweep 2. norm of D = 1.073976e-01, change in D = 4.232281e-02.
  Coordinate descent sweep 3. norm of D = 1.139316e-01, change in D = 1.970702e-02.
    Line search step size chosen: 1.000000e+00.
  Objective value decreased by 5.634191e-05.
Newton iteration 8.
  Active set size = 7394.
  sub-gradient = 9.734043e-03, l1-norm of X = 4.726493e+01.
  Coordinate descent sweep 1. norm of D = 9.417045e-03, change in D = 9.417045e-03.
  Coordinate descent sweep 2. norm of D = 1.084884e-02, change in D = 4.442132e-03.
  Coordinate descent sweep 3. norm of D = 1.188136e-02, change in D = 2.176496e-03.
    Line search step size chosen: 1.000000e+00.
  Objective value decreased by 6.993268e-07.
Newton iteration 9.
  Active set size = 7394.
  sub-gradient = 1.031378e-03, l1-norm of X = 4.726559e+01.
  Coordinate descent sweep 1. norm of D = 9.832390e-04, change in D = 9.832390e-04.
  Coordinate descent sweep 2. norm of D = 1.223794e-03, change in D = 5.775957e-04.
  Coordinate descent sweep 3. norm of D = 1.377799e-03, change in D = 2.760146e-04.
  Coordinate descent sweep 4. norm of D = 1.476468e-03, change in D = 1.514556e-04.
    Line search step size chosen: 1.000000e+00.
  Objective value decreased by 2.813340e-08.
QUIC CPU time: 715.300 seconds
