[1] "sra_normal" "250"        "unweighted" "0.56"      
[1] "Data read complete"
Running QUIC version 1.1 in 'default' mode.
Newton iteration 1.
  X is a diagonal matrix.
    Line search step size chosen: 1.000000e+00.
  Objective value decreased by 2.766212e-01.
Newton iteration 2.
  Active set size = 5810.
  sub-gradient = 7.500717e-01, l1-norm of X = 2.631732e+00.
  Coordinate descent sweep 1. norm of D = 6.123151e-01, change in D = 6.123151e-01.
    Line search step size chosen: 1.000000e+00.
  Objective value decreased by 9.335001e-03.
Newton iteration 3.
  Active set size = 5809.
  sub-gradient = 9.988541e-02, l1-norm of X = 2.531528e+00.
  Coordinate descent sweep 1. norm of D = 1.197040e-01, change in D = 1.197040e-01.
  Coordinate descent sweep 2. norm of D = 1.527759e-01, change in D = 3.450527e-02.
    Line search step size chosen: 1.000000e+00.
  Objective value decreased by 1.151190e-03.
Newton iteration 4.
  Active set size = 5809.
  sub-gradient = 6.935640e-03, l1-norm of X = 2.617589e+00.
  Coordinate descent sweep 1. norm of D = 7.435632e-03, change in D = 7.435632e-03.
  Coordinate descent sweep 2. norm of D = 1.076598e-02, change in D = 3.371094e-03.
    Line search step size chosen: 1.000000e+00.
  Objective value decreased by 1.324704e-05.
Newton iteration 5.
  Active set size = 5809.
  sub-gradient = 9.151130e-04, l1-norm of X = 2.622450e+00.
  Coordinate descent sweep 1. norm of D = 1.206259e-03, change in D = 1.206259e-03.
  Coordinate descent sweep 2. norm of D = 1.514275e-03, change in D = 4.686924e-04.
    Line search step size chosen: 1.000000e+00.
  Objective value decreased by 6.062919e-07.
Newton iteration 6.
  Active set size = 5809.
  sub-gradient = 1.033629e-04, l1-norm of X = 2.623334e+00.
  Coordinate descent sweep 1. norm of D = 1.414946e-04, change in D = 1.414946e-04.
  Coordinate descent sweep 2. norm of D = 2.014058e-04, change in D = 5.999640e-05.
  Coordinate descent sweep 3. norm of D = 2.241899e-04, change in D = 2.278537e-05.
    Line search step size chosen: 1.000000e+00.
  Objective value decreased by 1.045282e-08.
QUIC CPU time: 515.650 seconds
