[1] "/data/abattle4/prashanthi/recount3/data/eye/all/weighted_covariances/cov_2.rds"
[1] "Data read complete"
Running QUIC version 1.1 in 'default' mode.
Newton iteration 1.
  X is a diagonal matrix.
    Line search step size 1.000000e+00.  Lack of positive definiteness.
    Line search step size 5.000000e-01.  Lack of positive definiteness.
    Line search step size 2.500000e-01.  Lack of positive definiteness.
    Line search step size chosen: 1.250000e-01.
  Objective value decreased by 5.049055e+01.
Newton iteration 2.
  Active set size = 35544.
  sub-gradient = 1.186748e+03, l1-norm of X = 8.748416e+01.
  Coordinate descent sweep 1. norm of D = 9.652737e+02, change in D = 9.652737e+02.
    Line search step size 1.000000e+00.  Lack of positive definiteness.
    Line search step size 5.000000e-01.  Lack of positive definiteness.
    Line search step size chosen: 2.500000e-01.
  Objective value decreased by 4.402256e+01.
Newton iteration 3.
  Active set size = 35544.
  sub-gradient = 7.672209e+02, l1-norm of X = 1.943568e+02.
  Coordinate descent sweep 1. norm of D = 5.995874e+02, change in D = 5.995874e+02.
  Coordinate descent sweep 2. norm of D = 6.347609e+02, change in D = 1.272901e+02.
    Line search step size chosen: 1.000000e+00.
  Objective value decreased by 4.274296e+01.
Newton iteration 4.
  Active set size = 31082.
  sub-gradient = 3.825299e+02, l1-norm of X = 4.028194e+02.
  Coordinate descent sweep 1. norm of D = 1.268166e+02, change in D = 1.268166e+02.
  Coordinate descent sweep 2. norm of D = 1.401891e+02, change in D = 6.443069e+01.
    Line search step size chosen: 1.000000e+00.
  Objective value decreased by 4.927013e+00.
Newton iteration 5.
  Active set size = 30188.
  sub-gradient = 7.805118e+01, l1-norm of X = 4.026928e+02.
  Coordinate descent sweep 1. norm of D = 4.711414e+01, change in D = 4.711414e+01.
  Coordinate descent sweep 2. norm of D = 6.003378e+01, change in D = 2.920730e+01.
    Line search step size chosen: 1.000000e+00.
  Objective value decreased by 1.485763e+00.
Newton iteration 6.
  Active set size = 29912.
  sub-gradient = 2.203966e+01, l1-norm of X = 4.054624e+02.
  Coordinate descent sweep 1. norm of D = 2.053419e+01, change in D = 2.053419e+01.
  Coordinate descent sweep 2. norm of D = 2.873589e+01, change in D = 1.489182e+01.
  Coordinate descent sweep 3. norm of D = 3.468163e+01, change in D = 1.061988e+01.
    Line search step size chosen: 1.000000e+00.
  Objective value decreased by 7.362068e-01.
Newton iteration 7.
  Active set size = 29830.
  sub-gradient = 9.798732e+00, l1-norm of X = 4.088178e+02.
  Coordinate descent sweep 1. norm of D = 8.754058e+00, change in D = 8.754058e+00.
  Coordinate descent sweep 2. norm of D = 1.254539e+01, change in D = 6.682608e+00.
  Coordinate descent sweep 3. norm of D = 1.535667e+01, change in D = 5.066183e+00.
    Line search step size chosen: 1.000000e+00.
  Objective value decreased by 2.533427e-01.
Newton iteration 8.
  Active set size = 29794.
  sub-gradient = 4.482886e+00, l1-norm of X = 4.104404e+02.
  Coordinate descent sweep 1. norm of D = 4.360933e+00, change in D = 4.360933e+00.
  Coordinate descent sweep 2. norm of D = 6.367885e+00, change in D = 3.534746e+00.
  Coordinate descent sweep 3. norm of D = 8.033510e+00, change in D = 3.022629e+00.
    Line search step size chosen: 1.000000e+00.
  Objective value decreased by 1.061573e-01.
Newton iteration 9.
  Active set size = 29778.
  sub-gradient = 2.493786e+00, l1-norm of X = 4.112685e+02.
  Coordinate descent sweep 1. norm of D = 2.452024e+00, change in D = 2.452024e+00.
  Coordinate descent sweep 2. norm of D = 3.678711e+00, change in D = 2.056121e+00.
  Coordinate descent sweep 3. norm of D = 4.634256e+00, change in D = 1.708903e+00.
  Coordinate descent sweep 4. norm of D = 5.484277e+00, change in D = 1.473976e+00.
    Line search step size chosen: 1.000000e+00.
  Objective value decreased by 6.155104e-02.
Newton iteration 10.
  Active set size = 29770.
  sub-gradient = 1.500775e+00, l1-norm of X = 4.119145e+02.
  Coordinate descent sweep 1. norm of D = 1.383429e+00, change in D = 1.383429e+00.
  Coordinate descent sweep 2. norm of D = 2.068913e+00, change in D = 1.114299e+00.
  Coordinate descent sweep 3. norm of D = 2.644488e+00, change in D = 9.438559e-01.
  Coordinate descent sweep 4. norm of D = 3.119675e+00, change in D = 8.596993e-01.
    Line search step size chosen: 1.000000e+00.
  Objective value decreased by 2.812924e-02.
Newton iteration 11.
  Active set size = 29767.
  sub-gradient = 7.990123e-01, l1-norm of X = 4.122818e+02.
  Coordinate descent sweep 1. norm of D = 8.205803e-01, change in D = 8.205803e-01.
  Coordinate descent sweep 2. norm of D = 1.167436e+00, change in D = 6.379595e-01.
  Coordinate descent sweep 3. norm of D = 1.569537e+00, change in D = 6.453972e-01.
  Coordinate descent sweep 4. norm of D = 1.878309e+00, change in D = 5.305952e-01.
    Line search step size chosen: 1.000000e+00.
  Objective value decreased by 1.271594e-02.
Newton iteration 12.
  Active set size = 29765.
  sub-gradient = 5.336855e-01, l1-norm of X = 4.124891e+02.
  Coordinate descent sweep 1. norm of D = 5.237121e-01, change in D = 5.237121e-01.
  Coordinate descent sweep 2. norm of D = 8.074378e-01, change in D = 4.698717e-01.
  Coordinate descent sweep 3. norm of D = 1.018370e+00, change in D = 3.919176e-01.
  Coordinate descent sweep 4. norm of D = 1.221424e+00, change in D = 3.340162e-01.
  Coordinate descent sweep 5. norm of D = 1.444840e+00, change in D = 3.639448e-01.
    Line search step size chosen: 1.000000e+00.
  Objective value decreased by 7.785271e-03.
Newton iteration 13.
  Active set size = 29765.
  sub-gradient = 3.648758e-01, l1-norm of X = 4.126852e+02.
  Coordinate descent sweep 1. norm of D = 3.203527e-01, change in D = 3.203527e-01.
  Coordinate descent sweep 2. norm of D = 4.843165e-01, change in D = 2.610937e-01.
  Coordinate descent sweep 3. norm of D = 6.493582e-01, change in D = 2.631965e-01.
  Coordinate descent sweep 4. norm of D = 7.775184e-01, change in D = 2.211012e-01.
  Coordinate descent sweep 5. norm of D = 8.926790e-01, change in D = 1.970030e-01.
    Line search step size chosen: 1.000000e+00.
  Objective value decreased by 3.410698e-03.
Newton iteration 14.
  Active set size = 29764.
  sub-gradient = 1.709753e-01, l1-norm of X = 4.127917e+02.
  Coordinate descent sweep 1. norm of D = 1.774874e-01, change in D = 1.774874e-01.
  Coordinate descent sweep 2. norm of D = 3.066079e-01, change in D = 1.854245e-01.
  Coordinate descent sweep 3. norm of D = 4.080980e-01, change in D = 1.647834e-01.
  Coordinate descent sweep 4. norm of D = 5.107037e-01, change in D = 1.697879e-01.
  Coordinate descent sweep 5. norm of D = 5.882051e-01, change in D = 1.298816e-01.
    Line search step size chosen: 1.000000e+00.
  Objective value decreased by 1.631897e-03.
Newton iteration 15.
  Active set size = 29763.
  sub-gradient = 1.225785e-01, l1-norm of X = 4.128723e+02.
  Coordinate descent sweep 1. norm of D = 1.108627e-01, change in D = 1.108627e-01.
  Coordinate descent sweep 2. norm of D = 1.903540e-01, change in D = 1.229923e-01.
  Coordinate descent sweep 3. norm of D = 2.528512e-01, change in D = 1.060510e-01.
  Coordinate descent sweep 4. norm of D = 3.148930e-01, change in D = 1.012055e-01.
  Coordinate descent sweep 5. norm of D = 3.687390e-01, change in D = 9.404912e-02.
  Coordinate descent sweep 6. norm of D = 4.229698e-01, change in D = 8.828268e-02.
    Line search step size chosen: 1.000000e+00.
  Objective value decreased by 8.371036e-04.
Newton iteration 16.
  Active set size = 29763.
  sub-gradient = 6.385817e-02, l1-norm of X = 4.129243e+02.
  Coordinate descent sweep 1. norm of D = 7.335914e-02, change in D = 7.335914e-02.
  Coordinate descent sweep 2. norm of D = 1.229624e-01, change in D = 7.604532e-02.
  Coordinate descent sweep 3. norm of D = 1.723656e-01, change in D = 6.862040e-02.
  Coordinate descent sweep 4. norm of D = 2.013574e-01, change in D = 5.508900e-02.
  Coordinate descent sweep 5. norm of D = 2.369558e-01, change in D = 6.045591e-02.
  Coordinate descent sweep 6. norm of D = 2.610960e-01, change in D = 4.943640e-02.
    Line search step size chosen: 1.000000e+00.
  Objective value decreased by 3.674198e-04.
Newton iteration 17.
  Active set size = 29763.
  sub-gradient = 5.402138e-02, l1-norm of X = 4.129596e+02.
  Coordinate descent sweep 1. norm of D = 4.526855e-02, change in D = 4.526855e-02.
  Coordinate descent sweep 2. norm of D = 7.597899e-02, change in D = 4.888777e-02.
  Coordinate descent sweep 3. norm of D = 1.015408e-01, change in D = 4.315637e-02.
  Coordinate descent sweep 4. norm of D = 1.263389e-01, change in D = 3.877791e-02.
  Coordinate descent sweep 5. norm of D = 1.445054e-01, change in D = 3.253122e-02.
  Coordinate descent sweep 6. norm of D = 1.624167e-01, change in D = 3.183299e-02.
    Line search step size chosen: 1.000000e+00.
  Objective value decreased by 1.537208e-04.
Newton iteration 18.
  Active set size = 29762.
  sub-gradient = 2.599690e-02, l1-norm of X = 4.129798e+02.
  Coordinate descent sweep 1. norm of D = 2.989836e-02, change in D = 2.989836e-02.
  Coordinate descent sweep 2. norm of D = 4.524487e-02, change in D = 2.649904e-02.
  Coordinate descent sweep 3. norm of D = 6.229895e-02, change in D = 2.465165e-02.
  Coordinate descent sweep 4. norm of D = 7.702505e-02, change in D = 2.531351e-02.
  Coordinate descent sweep 5. norm of D = 8.713144e-02, change in D = 2.097925e-02.
  Coordinate descent sweep 6. norm of D = 9.960365e-02, change in D = 2.377708e-02.
  Coordinate descent sweep 7. norm of D = 1.105572e-01, change in D = 2.010091e-02.
    Line search step size chosen: 1.000000e+00.
  Objective value decreased by 7.630094e-05.
QUIC CPU time: 17252.851 seconds
