[1] "/work-zfs/abattle4/prashanthi/recount3/data/eye/all/weighted_covariances/cov_2.rds"
[1] "Data read complete"
Running QUIC version 1.1 in 'default' mode.
Newton iteration 1.
  X is a diagonal matrix.
    Line search step size chosen: 1.000000e+00.
  Objective value decreased by 3.364164e+00.
Newton iteration 2.
  Active set size = 10678.
  sub-gradient = 5.548345e+01, l1-norm of X = 3.490596e+01.
  Coordinate descent sweep 1. norm of D = 1.161326e+01, change in D = 1.161326e+01.
    Line search step size chosen: 1.000000e+00.
  Objective value decreased by 1.533689e+00.
Newton iteration 3.
  Active set size = 10664.
  sub-gradient = 1.623724e+01, l1-norm of X = 3.214874e+01.
  Coordinate descent sweep 1. norm of D = 6.233538e+00, change in D = 6.233538e+00.
  Coordinate descent sweep 2. norm of D = 6.964236e+00, change in D = 2.523092e+00.
    Line search step size chosen: 1.000000e+00.
  Objective value decreased by 5.459836e-01.
Newton iteration 4.
  Active set size = 10660.
  sub-gradient = 4.013757e+00, l1-norm of X = 3.182456e+01.
  Coordinate descent sweep 1. norm of D = 1.995808e+00, change in D = 1.995808e+00.
  Coordinate descent sweep 2. norm of D = 2.150420e+00, change in D = 7.966540e-01.
    Line search step size chosen: 1.000000e+00.
  Objective value decreased by 7.369980e-02.
Newton iteration 5.
  Active set size = 10660.
  sub-gradient = 8.154383e-01, l1-norm of X = 3.151049e+01.
  Coordinate descent sweep 1. norm of D = 5.147392e-01, change in D = 5.147392e-01.
  Coordinate descent sweep 2. norm of D = 6.127198e-01, change in D = 2.380322e-01.
    Line search step size chosen: 1.000000e+00.
  Objective value decreased by 5.428038e-03.
Newton iteration 6.
  Active set size = 10660.
  sub-gradient = 1.295227e-01, l1-norm of X = 3.145682e+01.
  Coordinate descent sweep 1. norm of D = 1.198636e-01, change in D = 1.198636e-01.
  Coordinate descent sweep 2. norm of D = 1.609455e-01, change in D = 5.948235e-02.
  Coordinate descent sweep 3. norm of D = 1.813172e-01, change in D = 2.735664e-02.
    Line search step size chosen: 1.000000e+00.
  Objective value decreased by 3.455532e-04.
Newton iteration 7.
  Active set size = 10660.
  sub-gradient = 1.266659e-02, l1-norm of X = 3.146131e+01.
  Coordinate descent sweep 1. norm of D = 1.345468e-02, change in D = 1.345468e-02.
  Coordinate descent sweep 2. norm of D = 1.691270e-02, change in D = 6.563348e-03.
  Coordinate descent sweep 3. norm of D = 1.986906e-02, change in D = 4.341221e-03.
    Line search step size chosen: 1.000000e+00.
  Objective value decreased by 6.529013e-06.
Newton iteration 8.
  Active set size = 10660.
  sub-gradient = 2.090376e-03, l1-norm of X = 3.146541e+01.
  Coordinate descent sweep 1. norm of D = 2.277743e-03, change in D = 2.277743e-03.
  Coordinate descent sweep 2. norm of D = 3.711824e-03, change in D = 1.924770e-03.
  Coordinate descent sweep 3. norm of D = 4.352105e-03, change in D = 8.202922e-04.
    Line search step size chosen: 1.000000e+00.
  Objective value decreased by 3.998921e-07.
QUIC CPU time: 4278.520 seconds
