[1] "/work-zfs/abattle4/prashanthi/recount3/data/eye/all/weighted_covariances/cov_2.rds"
[1] "Data read complete"
Running QUIC version 1.1 in 'default' mode.
Newton iteration 1.
  X is a diagonal matrix.
    Line search step size chosen: 1.000000e+00.
  Objective value decreased by 5.437682e-01.
Newton iteration 2.
  Active set size = 10419.
  sub-gradient = 1.778260e+00, l1-norm of X = 6.286587e+00.
  Coordinate descent sweep 1. norm of D = 1.274141e+00, change in D = 1.274141e+00.
    Line search step size chosen: 1.000000e+00.
  Objective value decreased by 3.023735e-02.
Newton iteration 3.
  Active set size = 10419.
  sub-gradient = 1.892469e-01, l1-norm of X = 6.030981e+00.
  Coordinate descent sweep 1. norm of D = 2.071607e-01, change in D = 2.071607e-01.
  Coordinate descent sweep 2. norm of D = 2.632958e-01, change in D = 5.798185e-02.
    Line search step size chosen: 1.000000e+00.
  Objective value decreased by 1.810184e-03.
Newton iteration 4.
  Active set size = 10419.
  sub-gradient = 1.359184e-02, l1-norm of X = 6.155216e+00.
  Coordinate descent sweep 1. norm of D = 1.515069e-02, change in D = 1.515069e-02.
  Coordinate descent sweep 2. norm of D = 1.780338e-02, change in D = 3.558670e-03.
    Line search step size chosen: 1.000000e+00.
  Objective value decreased by 1.027857e-05.
Newton iteration 5.
  Active set size = 10419.
  sub-gradient = 7.025129e-04, l1-norm of X = 6.161474e+00.
  Coordinate descent sweep 1. norm of D = 9.199801e-04, change in D = 9.199801e-04.
  Coordinate descent sweep 2. norm of D = 1.063701e-03, change in D = 1.826806e-04.
    Line search step size chosen: 1.000000e+00.
  Objective value decreased by 1.202388e-07.
Newton iteration 6.
  Active set size = 10419.
  sub-gradient = 6.895114e-05, l1-norm of X = 6.161954e+00.
  Coordinate descent sweep 1. norm of D = 7.295645e-05, change in D = 7.295645e-05.
  Coordinate descent sweep 2. norm of D = 8.763656e-05, change in D = 2.165645e-05.
  Coordinate descent sweep 3. norm of D = 9.238906e-05, change in D = 5.446916e-06.
    Line search step size chosen: 1.000000e+00.
  Objective value decreased by 6.075425e-10.
QUIC CPU time: 2691.460 seconds
