[1] "/work-zfs/abattle4/prashanthi/recount3/data/eye/all/weighted_covariances/cov_2.rds"
[1] "Data read complete"
Running QUIC version 1.1 in 'default' mode.
Newton iteration 1.
  X is a diagonal matrix.
    Line search step size chosen: 1.000000e+00.
  Objective value decreased by 1.042040e-03.
Newton iteration 2.
  Active set size = 10381.
  sub-gradient = 2.104993e-03, l1-norm of X = 1.089064e-01.
  Coordinate descent sweep 1. norm of D = 2.090677e-03, change in D = 2.090677e-03.
    Line search step size chosen: 1.000000e+00.
  Objective value decreased by 3.783989e-07.
Newton iteration 3.
  Active set size = 10381.
  sub-gradient = 2.811107e-05, l1-norm of X = 1.088908e-01.
  Coordinate descent sweep 1. norm of D = 2.834153e-05, change in D = 2.834153e-05.
  Coordinate descent sweep 2. norm of D = 3.027446e-05, change in D = 1.932927e-06.
    Line search step size chosen: 1.000000e+00.
  Objective value decreased by 3.365130e-10.
Newton iteration 4.
  Active set size = 10381.
  sub-gradient = 2.645945e-08, l1-norm of X = 1.089451e-01.
  Coordinate descent sweep 1. norm of D = 2.697066e-08, change in D = 2.697066e-08.
  Coordinate descent sweep 2. norm of D = 2.840088e-08, change in D = 1.557857e-09.
    Line search step size chosen: 1.000000e+00.
  Objective value decreased by 0.000000e+00.
QUIC CPU time: 1872.390 seconds
