[1] "/data/abattle4/prashanthi/recount3/data/B_cells/all/weighted_covariances/cov_17.rds"
[1] "Data read complete"
Running QUIC version 1.1 in 'default' mode.
Newton iteration 1.
  X is a diagonal matrix.
    Line search step size 1.000000e+00.  Lack of positive definiteness.
    Line search step size 5.000000e-01.  Lack of positive definiteness.
    Line search step size 2.500000e-01.  Lack of positive definiteness.
    Line search step size chosen: 1.250000e-01.
  Objective value decreased by 4.304298e+01.
Newton iteration 2.
  Active set size = 30914.
  sub-gradient = 9.742536e+02, l1-norm of X = 6.584502e+01.
  Coordinate descent sweep 1. norm of D = 7.318915e+02, change in D = 7.318915e+02.
    Line search step size 1.000000e+00.  Lack of positive definiteness.
    Line search step size 5.000000e-01.  Lack of positive definiteness.
    Line search step size chosen: 2.500000e-01.
  Objective value decreased by 3.067005e+01.
Newton iteration 3.
  Active set size = 30915.
  sub-gradient = 6.284641e+02, l1-norm of X = 1.307740e+02.
  Coordinate descent sweep 1. norm of D = 4.647289e+02, change in D = 4.647289e+02.
  Coordinate descent sweep 2. norm of D = 4.868753e+02, change in D = 9.915719e+01.
    Line search step size chosen: 1.000000e+00.
  Objective value decreased by 3.121365e+01.
Newton iteration 4.
  Active set size = 25902.
  sub-gradient = 2.879441e+02, l1-norm of X = 2.570642e+02.
  Coordinate descent sweep 1. norm of D = 9.731670e+01, change in D = 9.731670e+01.
  Coordinate descent sweep 2. norm of D = 1.075313e+02, change in D = 4.743873e+01.
    Line search step size chosen: 1.000000e+00.
  Objective value decreased by 3.079629e+00.
Newton iteration 5.
  Active set size = 25070.
  sub-gradient = 5.442844e+01, l1-norm of X = 2.565637e+02.
  Coordinate descent sweep 1. norm of D = 3.178561e+01, change in D = 3.178561e+01.
  Coordinate descent sweep 2. norm of D = 4.000957e+01, change in D = 1.844206e+01.
    Line search step size chosen: 1.000000e+00.
  Objective value decreased by 6.861760e-01.
Newton iteration 6.
  Active set size = 24886.
  sub-gradient = 1.422831e+01, l1-norm of X = 2.577499e+02.
  Coordinate descent sweep 1. norm of D = 1.266222e+01, change in D = 1.266222e+01.
  Coordinate descent sweep 2. norm of D = 1.685805e+01, change in D = 8.004692e+00.
  Coordinate descent sweep 3. norm of D = 1.999657e+01, change in D = 5.664302e+00.
    Line search step size chosen: 1.000000e+00.
  Objective value decreased by 2.786601e-01.
Newton iteration 7.
  Active set size = 24830.
  sub-gradient = 3.927969e+00, l1-norm of X = 2.592273e+02.
  Coordinate descent sweep 1. norm of D = 4.088271e+00, change in D = 4.088271e+00.
  Coordinate descent sweep 2. norm of D = 5.937674e+00, change in D = 3.225431e+00.
  Coordinate descent sweep 3. norm of D = 7.235150e+00, change in D = 2.336970e+00.
    Line search step size chosen: 1.000000e+00.
  Objective value decreased by 6.818160e-02.
Newton iteration 8.
  Active set size = 24806.
  sub-gradient = 2.139084e+00, l1-norm of X = 2.598637e+02.
  Coordinate descent sweep 1. norm of D = 1.825634e+00, change in D = 1.825634e+00.
  Coordinate descent sweep 2. norm of D = 2.605859e+00, change in D = 1.398507e+00.
  Coordinate descent sweep 3. norm of D = 3.254747e+00, change in D = 1.200255e+00.
    Line search step size chosen: 1.000000e+00.
  Objective value decreased by 2.196000e-02.
Newton iteration 9.
  Active set size = 24801.
  sub-gradient = 9.249073e-01, l1-norm of X = 2.601195e+02.
  Coordinate descent sweep 1. norm of D = 9.497941e-01, change in D = 9.497941e-01.
  Coordinate descent sweep 2. norm of D = 1.368478e+00, change in D = 7.495311e-01.
  Coordinate descent sweep 3. norm of D = 1.700463e+00, change in D = 6.127560e-01.
  Coordinate descent sweep 4. norm of D = 1.998933e+00, change in D = 5.113790e-01.
    Line search step size chosen: 1.000000e+00.
  Objective value decreased by 1.087152e-02.
Newton iteration 10.
  Active set size = 24800.
  sub-gradient = 4.884205e-01, l1-norm of X = 2.603071e+02.
  Coordinate descent sweep 1. norm of D = 4.569170e-01, change in D = 4.569170e-01.
  Coordinate descent sweep 2. norm of D = 6.819875e-01, change in D = 3.673256e-01.
  Coordinate descent sweep 3. norm of D = 8.621697e-01, change in D = 3.108417e-01.
  Coordinate descent sweep 4. norm of D = 1.033997e+00, change in D = 2.776113e-01.
    Line search step size chosen: 1.000000e+00.
  Objective value decreased by 5.089254e-03.
Newton iteration 11.
  Active set size = 24801.
  sub-gradient = 2.410542e-01, l1-norm of X = 2.603997e+02.
  Coordinate descent sweep 1. norm of D = 2.089956e-01, change in D = 2.089956e-01.
  Coordinate descent sweep 2. norm of D = 3.396709e-01, change in D = 1.970351e-01.
  Coordinate descent sweep 3. norm of D = 4.338440e-01, change in D = 1.619924e-01.
  Coordinate descent sweep 4. norm of D = 5.264352e-01, change in D = 1.355628e-01.
    Line search step size chosen: 1.000000e+00.
  Objective value decreased by 1.764402e-03.
Newton iteration 12.
  Active set size = 24800.
  sub-gradient = 1.194986e-01, l1-norm of X = 2.604515e+02.
  Coordinate descent sweep 1. norm of D = 1.228230e-01, change in D = 1.228230e-01.
  Coordinate descent sweep 2. norm of D = 1.769870e-01, change in D = 9.542362e-02.
  Coordinate descent sweep 3. norm of D = 2.436104e-01, change in D = 9.518821e-02.
  Coordinate descent sweep 4. norm of D = 2.850104e-01, change in D = 7.535843e-02.
  Coordinate descent sweep 5. norm of D = 3.191038e-01, change in D = 6.503965e-02.
    Line search step size chosen: 1.000000e+00.
  Objective value decreased by 8.676883e-04.
Newton iteration 13.
  Active set size = 24800.
  sub-gradient = 5.005464e-02, l1-norm of X = 2.604850e+02.
  Coordinate descent sweep 1. norm of D = 4.949232e-02, change in D = 4.949232e-02.
  Coordinate descent sweep 2. norm of D = 8.414456e-02, change in D = 5.466118e-02.
  Coordinate descent sweep 3. norm of D = 1.152485e-01, change in D = 4.602859e-02.
  Coordinate descent sweep 4. norm of D = 1.371708e-01, change in D = 4.109251e-02.
  Coordinate descent sweep 5. norm of D = 1.527327e-01, change in D = 3.477511e-02.
    Line search step size chosen: 1.000000e+00.
  Objective value decreased by 2.702672e-04.
Newton iteration 14.
  Active set size = 24800.
  sub-gradient = 2.876728e-02, l1-norm of X = 2.605002e+02.
  Coordinate descent sweep 1. norm of D = 3.460752e-02, change in D = 3.460752e-02.
  Coordinate descent sweep 2. norm of D = 5.521420e-02, change in D = 2.717550e-02.
  Coordinate descent sweep 3. norm of D = 7.067427e-02, change in D = 2.386731e-02.
  Coordinate descent sweep 4. norm of D = 8.510948e-02, change in D = 2.253397e-02.
  Coordinate descent sweep 5. norm of D = 1.012327e-01, change in D = 2.141987e-02.
    Line search step size chosen: 1.000000e+00.
  Objective value decreased by 1.258394e-04.
Newton iteration 15.
  Active set size = 24800.
  sub-gradient = 1.539725e-02, l1-norm of X = 2.605103e+02.
  Coordinate descent sweep 1. norm of D = 1.526547e-02, change in D = 1.526547e-02.
  Coordinate descent sweep 2. norm of D = 2.609428e-02, change in D = 1.620061e-02.
  Coordinate descent sweep 3. norm of D = 3.153404e-02, change in D = 1.142631e-02.
  Coordinate descent sweep 4. norm of D = 4.106973e-02, change in D = 1.254113e-02.
  Coordinate descent sweep 5. norm of D = 4.664918e-02, change in D = 1.263496e-02.
  Coordinate descent sweep 6. norm of D = 5.368881e-02, change in D = 1.110883e-02.
    Line search step size chosen: 1.000000e+00.
  Objective value decreased by 4.616560e-05.
QUIC CPU time: 8759.240 seconds
