[1] "/data/abattle4/prashanthi/recount3/data/B_cells/all/weighted_covariances/cov_17.rds"
[1] "Data read complete"
Running QUIC version 1.1 in 'default' mode.
Newton iteration 1.
  X is a diagonal matrix.
    Line search step size 1.000000e+00.  Lack of positive definiteness.
    Line search step size 5.000000e-01.  Lack of positive definiteness.
    Line search step size chosen: 2.500000e-01.
  Objective value decreased by 1.382402e+01.
Newton iteration 2.
  Active set size = 11547.
  sub-gradient = 1.197368e+02, l1-norm of X = 3.293378e+01.
  Coordinate descent sweep 1. norm of D = 1.021649e+02, change in D = 1.021649e+02.
    Line search step size chosen: 1.000000e+00.
  Objective value decreased by 7.425803e+00.
Newton iteration 3.
  Active set size = 11279.
  sub-gradient = 2.081515e+02, l1-norm of X = 8.851474e+01.
  Coordinate descent sweep 1. norm of D = 3.787154e+01, change in D = 3.787154e+01.
  Coordinate descent sweep 2. norm of D = 3.858965e+01, change in D = 1.591552e+01.
    Line search step size chosen: 1.000000e+00.
  Objective value decreased by 2.950079e+00.
Newton iteration 4.
  Active set size = 11155.
  sub-gradient = 6.315468e+01, l1-norm of X = 8.655217e+01.
  Coordinate descent sweep 1. norm of D = 1.549794e+01, change in D = 1.549794e+01.
  Coordinate descent sweep 2. norm of D = 1.669708e+01, change in D = 8.209191e+00.
    Line search step size chosen: 1.000000e+00.
  Objective value decreased by 6.803835e-01.
Newton iteration 5.
  Active set size = 11091.
  sub-gradient = 1.473423e+01, l1-norm of X = 8.509334e+01.
  Coordinate descent sweep 1. norm of D = 6.226604e+00, change in D = 6.226604e+00.
  Coordinate descent sweep 2. norm of D = 7.008745e+00, change in D = 3.129992e+00.
    Line search step size chosen: 1.000000e+00.
  Objective value decreased by 1.087247e-01.
Newton iteration 6.
  Active set size = 11060.
  sub-gradient = 2.395100e+00, l1-norm of X = 8.479030e+01.
  Coordinate descent sweep 1. norm of D = 1.926127e+00, change in D = 1.926127e+00.
  Coordinate descent sweep 2. norm of D = 2.504037e+00, change in D = 1.067567e+00.
  Coordinate descent sweep 3. norm of D = 2.907044e+00, change in D = 6.295007e-01.
    Line search step size chosen: 1.000000e+00.
  Objective value decreased by 2.192641e-02.
Newton iteration 7.
  Active set size = 11058.
  sub-gradient = 3.594372e-01, l1-norm of X = 8.504258e+01.
  Coordinate descent sweep 1. norm of D = 3.816648e-01, change in D = 3.816648e-01.
  Coordinate descent sweep 2. norm of D = 5.303626e-01, change in D = 2.234908e-01.
  Coordinate descent sweep 3. norm of D = 6.508849e-01, change in D = 1.722309e-01.
    Line search step size chosen: 1.000000e+00.
  Objective value decreased by 2.429557e-03.
Newton iteration 8.
  Active set size = 11058.
  sub-gradient = 1.267612e-01, l1-norm of X = 8.514211e+01.
  Coordinate descent sweep 1. norm of D = 1.225697e-01, change in D = 1.225697e-01.
  Coordinate descent sweep 2. norm of D = 1.743010e-01, change in D = 8.027469e-02.
  Coordinate descent sweep 3. norm of D = 2.155640e-01, change in D = 5.530511e-02.
    Line search step size chosen: 1.000000e+00.
  Objective value decreased by 5.193354e-04.
Newton iteration 9.
  Active set size = 11057.
  sub-gradient = 3.480875e-02, l1-norm of X = 8.517487e+01.
  Coordinate descent sweep 1. norm of D = 3.610602e-02, change in D = 3.610602e-02.
  Coordinate descent sweep 2. norm of D = 5.138777e-02, change in D = 2.427019e-02.
  Coordinate descent sweep 3. norm of D = 7.064533e-02, change in D = 2.429454e-02.
  Coordinate descent sweep 4. norm of D = 8.224807e-02, change in D = 1.582600e-02.
    Line search step size chosen: 1.000000e+00.
  Objective value decreased by 1.038077e-04.
Newton iteration 10.
  Active set size = 11057.
  sub-gradient = 9.695546e-03, l1-norm of X = 8.518945e+01.
  Coordinate descent sweep 1. norm of D = 1.044259e-02, change in D = 1.044259e-02.
  Coordinate descent sweep 2. norm of D = 1.733554e-02, change in D = 9.634064e-03.
  Coordinate descent sweep 3. norm of D = 2.394215e-02, change in D = 7.798442e-03.
  Coordinate descent sweep 4. norm of D = 2.696110e-02, change in D = 5.181388e-03.
    Line search step size chosen: 1.000000e+00.
  Objective value decreased by 1.981860e-05.
Newton iteration 11.
  Active set size = 11057.
  sub-gradient = 3.546315e-03, l1-norm of X = 8.519527e+01.
  Coordinate descent sweep 1. norm of D = 4.038193e-03, change in D = 4.038193e-03.
  Coordinate descent sweep 2. norm of D = 5.988797e-03, change in D = 3.253999e-03.
  Coordinate descent sweep 3. norm of D = 7.090350e-03, change in D = 1.875533e-03.
  Coordinate descent sweep 4. norm of D = 8.937412e-03, change in D = 2.492523e-03.
    Line search step size chosen: 1.000000e+00.
  Objective value decreased by 3.026602e-06.
QUIC CPU time: 7753.066 seconds
