[1] "/data/abattle4/prashanthi/recount3/data/B_cells/all/weighted_covariances/cov_17.rds"
[1] "Data read complete"
Running QUIC version 1.1 in 'default' mode.
Newton iteration 1.
  X is a diagonal matrix.
    Line search step size 1.000000e+00.  Lack of positive definiteness.
    Line search step size 5.000000e-01.  Lack of positive definiteness.
    Line search step size chosen: 2.500000e-01.
  Objective value decreased by 1.109919e+01.
Newton iteration 2.
  Active set size = 10959.
  sub-gradient = 9.828271e+01, l1-norm of X = 2.727712e+01.
  Coordinate descent sweep 1. norm of D = 8.513900e+01, change in D = 8.513900e+01.
    Line search step size chosen: 1.000000e+00.
  Objective value decreased by 5.864888e+00.
Newton iteration 3.
  Active set size = 10798.
  sub-gradient = 1.981998e+02, l1-norm of X = 7.725768e+01.
  Coordinate descent sweep 1. norm of D = 3.067597e+01, change in D = 3.067597e+01.
  Coordinate descent sweep 2. norm of D = 3.097847e+01, change in D = 1.272295e+01.
    Line search step size chosen: 1.000000e+00.
  Objective value decreased by 2.599840e+00.
Newton iteration 4.
  Active set size = 10698.
  sub-gradient = 6.630506e+01, l1-norm of X = 7.586429e+01.
  Coordinate descent sweep 1. norm of D = 1.395215e+01, change in D = 1.395215e+01.
  Coordinate descent sweep 2. norm of D = 1.463453e+01, change in D = 7.429847e+00.
    Line search step size chosen: 1.000000e+00.
  Objective value decreased by 7.531694e-01.
Newton iteration 5.
  Active set size = 10648.
  sub-gradient = 1.760081e+01, l1-norm of X = 7.442166e+01.
  Coordinate descent sweep 1. norm of D = 6.113259e+00, change in D = 6.113259e+00.
  Coordinate descent sweep 2. norm of D = 6.525234e+00, change in D = 3.206238e+00.
    Line search step size chosen: 1.000000e+00.
  Objective value decreased by 1.358114e-01.
Newton iteration 6.
  Active set size = 10625.
  sub-gradient = 3.243364e+00, l1-norm of X = 7.385130e+01.
  Coordinate descent sweep 1. norm of D = 1.848204e+00, change in D = 1.848204e+00.
  Coordinate descent sweep 2. norm of D = 2.245929e+00, change in D = 1.039597e+00.
  Coordinate descent sweep 3. norm of D = 2.479203e+00, change in D = 4.883370e-01.
    Line search step size chosen: 1.000000e+00.
  Objective value decreased by 1.733551e-02.
Newton iteration 7.
  Active set size = 10623.
  sub-gradient = 3.880581e-01, l1-norm of X = 7.382429e+01.
  Coordinate descent sweep 1. norm of D = 3.199229e-01, change in D = 3.199229e-01.
  Coordinate descent sweep 2. norm of D = 4.221768e-01, change in D = 1.812333e-01.
  Coordinate descent sweep 3. norm of D = 5.073963e-01, change in D = 1.231799e-01.
    Line search step size chosen: 1.000000e+00.
  Objective value decreased by 1.395484e-03.
Newton iteration 8.
  Active set size = 10622.
  sub-gradient = 7.980034e-02, l1-norm of X = 7.387819e+01.
  Coordinate descent sweep 1. norm of D = 8.301073e-02, change in D = 8.301073e-02.
  Coordinate descent sweep 2. norm of D = 1.216243e-01, change in D = 5.406322e-02.
  Coordinate descent sweep 3. norm of D = 1.492534e-01, change in D = 3.557853e-02.
    Line search step size chosen: 1.000000e+00.
  Objective value decreased by 2.057166e-04.
Newton iteration 9.
  Active set size = 10621.
  sub-gradient = 2.180577e-02, l1-norm of X = 7.389974e+01.
  Coordinate descent sweep 1. norm of D = 2.247561e-02, change in D = 2.247561e-02.
  Coordinate descent sweep 2. norm of D = 3.307691e-02, change in D = 1.769450e-02.
  Coordinate descent sweep 3. norm of D = 4.379322e-02, change in D = 1.251038e-02.
  Coordinate descent sweep 4. norm of D = 5.107505e-02, change in D = 8.725306e-03.
    Line search step size chosen: 1.000000e+00.
  Objective value decreased by 2.913431e-05.
Newton iteration 10.
  Active set size = 10621.
  sub-gradient = 4.468317e-03, l1-norm of X = 7.390925e+01.
  Coordinate descent sweep 1. norm of D = 5.306594e-03, change in D = 5.306594e-03.
  Coordinate descent sweep 2. norm of D = 8.785230e-03, change in D = 3.963381e-03.
  Coordinate descent sweep 3. norm of D = 1.063845e-02, change in D = 2.245932e-03.
  Coordinate descent sweep 4. norm of D = 1.220997e-02, change in D = 1.980963e-03.
    Line search step size chosen: 1.000000e+00.
  Objective value decreased by 2.173847e-06.
QUIC CPU time: 6851.026 seconds
