[1] "/data/abattle4/prashanthi/recount3/data/B_cells/all/weighted_covariances/cov_17.rds"
[1] "Data read complete"
Running QUIC version 1.1 in 'default' mode.
Newton iteration 1.
  X is a diagonal matrix.
    Line search step size chosen: 1.000000e+00.
  Objective value decreased by 9.114026e-02.
Newton iteration 2.
  Active set size = 9141.
  sub-gradient = 2.041798e-01, l1-norm of X = 1.432258e+00.
  Coordinate descent sweep 1. norm of D = 1.928071e-01, change in D = 1.928071e-01.
    Line search step size chosen: 1.000000e+00.
  Objective value decreased by 1.645411e-03.
Newton iteration 3.
  Active set size = 9141.
  sub-gradient = 1.261317e-02, l1-norm of X = 1.434376e+00.
  Coordinate descent sweep 1. norm of D = 1.268585e-02, change in D = 1.268585e-02.
  Coordinate descent sweep 2. norm of D = 1.558599e-02, change in D = 3.061865e-03.
    Line search step size chosen: 1.000000e+00.
  Objective value decreased by 2.353780e-05.
Newton iteration 4.
  Active set size = 9141.
  sub-gradient = 4.223890e-04, l1-norm of X = 1.443938e+00.
  Coordinate descent sweep 1. norm of D = 5.459471e-04, change in D = 5.459471e-04.
  Coordinate descent sweep 2. norm of D = 6.120643e-04, change in D = 6.862691e-05.
    Line search step size chosen: 1.000000e+00.
  Objective value decreased by 7.409835e-08.
Newton iteration 5.
  Active set size = 9141.
  sub-gradient = 9.361838e-06, l1-norm of X = 1.444441e+00.
  Coordinate descent sweep 1. norm of D = 9.269361e-06, change in D = 9.269361e-06.
  Coordinate descent sweep 2. norm of D = 1.249094e-05, change in D = 4.020833e-06.
    Line search step size chosen: 1.000000e+00.
  Objective value decreased by 2.546585e-11.
QUIC CPU time: 2825.665 seconds
