[1] "/data/abattle4/prashanthi/recount3/data/B_cells/all/weighted_covariances/cov_17.rds"
[1] "Data read complete"
Running QUIC version 1.1 in 'default' mode.
Newton iteration 1.
  X is a diagonal matrix.
    Line search step size chosen: 1.000000e+00.
  Objective value decreased by 2.484513e-02.
Newton iteration 2.
  Active set size = 9129.
  sub-gradient = 5.252266e-02, l1-norm of X = 5.041210e-01.
  Coordinate descent sweep 1. norm of D = 4.965534e-02, change in D = 4.965534e-02.
    Line search step size chosen: 1.000000e+00.
  Objective value decreased by 2.040546e-04.
Newton iteration 3.
  Active set size = 9129.
  sub-gradient = 2.840516e-03, l1-norm of X = 5.032984e-01.
  Coordinate descent sweep 1. norm of D = 3.594847e-03, change in D = 3.594847e-03.
  Coordinate descent sweep 2. norm of D = 3.854119e-03, change in D = 2.594928e-04.
    Line search step size chosen: 1.000000e+00.
  Objective value decreased by 2.478324e-06.
Newton iteration 4.
  Active set size = 9129.
  sub-gradient = 1.352326e-05, l1-norm of X = 5.077399e-01.
  Coordinate descent sweep 1. norm of D = 1.400356e-05, change in D = 1.400356e-05.
  Coordinate descent sweep 2. norm of D = 1.617245e-05, change in D = 2.168897e-06.
    Line search step size chosen: 1.000000e+00.
  Objective value decreased by 2.364686e-11.
QUIC CPU time: 2121.101 seconds
