[1] "/data/abattle4/prashanthi/recount3/data/pancreas/all/weighted_covariances/cov_3.rds"
[1] "Data read complete"
Running QUIC version 1.1 in 'default' mode.
Newton iteration 1.
  X is a diagonal matrix.
    Line search step size 1.000000e+00.  Lack of positive definiteness.
    Line search step size 5.000000e-01.  Lack of positive definiteness.
    Line search step size 2.500000e-01.  Lack of positive definiteness.
    Line search step size 1.250000e-01.  Lack of positive definiteness.
    Line search step size 6.250000e-02.  Lack of positive definiteness.
    Line search step size chosen: 3.125000e-02.
  Objective value decreased by 5.550233e+02.
Newton iteration 2.
  Active set size = 5138021.
  sub-gradient = 1.426656e+05, l1-norm of X = 9.294437e+02.
  Coordinate descent sweep 1. norm of D = 1.070912e+05, change in D = 1.070912e+05.
    Line search step size 1.000000e+00.  Lack of positive definiteness.
    Line search step size 5.000000e-01.  Lack of positive definiteness.
    Line search step size 2.500000e-01.  Lack of positive definiteness.
    Line search step size 1.250000e-01.  Lack of positive definiteness.
    Line search step size 6.250000e-02.  Lack of positive definiteness.
    Line search step size chosen: 3.125000e-02.
  Objective value decreased by 3.865604e+02.
Newton iteration 3.
  Active set size = 5142021.
  sub-gradient = 1.340260e+05, l1-norm of X = 1.592144e+03.
  Coordinate descent sweep 1. norm of D = 7.065321e+04, change in D = 7.065321e+04.
  Coordinate descent sweep 2. norm of D = 5.865633e+04, change in D = 1.867129e+04.
    Line search step size 1.000000e+00.  Lack of positive definiteness.
    Line search step size 5.000000e-01.  Lack of positive definiteness.
    Line search step size 2.500000e-01.  Lack of positive definiteness.
    Line search step size 1.250000e-01.  Lack of positive definiteness.
    Line search step size chosen: 6.250000e-02.
  Objective value decreased by 4.012944e+02.
Newton iteration 4.
  Active set size = 5156059.
  sub-gradient = 1.178991e+05, l1-norm of X = 2.266756e+03.
  Coordinate descent sweep 1. norm of D = 4.386018e+04, change in D = 4.386018e+04.
  Coordinate descent sweep 2. norm of D = 3.795677e+04, change in D = 1.324718e+04.
    Line search step size 1.000000e+00.  Lack of positive definiteness.
    Line search step size 5.000000e-01.  Lack of positive definiteness.
    Line search step size 2.500000e-01.  Lack of positive definiteness.
    Line search step size chosen: 1.250000e-01.
  Objective value decreased by 4.290737e+02.
Newton iteration 5.
  Active set size = 5198927.
  sub-gradient = 8.780514e+04, l1-norm of X = 3.016796e+03.
  Coordinate descent sweep 1. norm of D = 2.541955e+04, change in D = 2.541955e+04.
  Coordinate descent sweep 2. norm of D = 2.468313e+04, change in D = 7.166393e+03.
    Line search step size 1.000000e+00.  Lack of positive definiteness.
    Line search step size 5.000000e-01.  Lack of positive definiteness.
    Line search step size chosen: 2.500000e-01.
  Objective value decreased by 3.798862e+02.
Newton iteration 6.
  Active set size = 5205649.
  sub-gradient = 8.364649e+04, l1-norm of X = 3.698502e+03.
  Coordinate descent sweep 1. norm of D = 1.575903e+04, change in D = 1.575903e+04.
  Coordinate descent sweep 2. norm of D = 1.709944e+04, change in D = 5.233392e+03.
  Coordinate descent sweep 3. norm of D = 1.787054e+04, change in D = 2.230403e+03.
    Line search step size 1.000000e+00.  Lack of positive definiteness.
    Line search step size chosen: 5.000000e-01.
  Objective value decreased by 3.608183e+02.
Newton iteration 7.
  Active set size = 5212229.
  sub-gradient = 1.085252e+05, l1-norm of X = 4.411003e+03.
  Coordinate descent sweep 1. norm of D = 8.013768e+03, change in D = 8.013768e+03.
  Coordinate descent sweep 2. norm of D = 9.570685e+03, change in D = 3.653368e+03.
  Coordinate descent sweep 3. norm of D = 1.037233e+04, change in D = 2.108358e+03.
    Line search step size chosen: 1.000000e+00.
  Objective value decreased by 2.267766e+02.
Newton iteration 8.
  Active set size = 1375815.
  sub-gradient = 4.646050e+03, l1-norm of X = 5.080401e+03.
  Coordinate descent sweep 1. norm of D = 1.808952e+03, change in D = 1.808952e+03.
  Coordinate descent sweep 2. norm of D = 2.260264e+03, change in D = 1.327780e+03.
  Coordinate descent sweep 3. norm of D = 2.551759e+03, change in D = 8.905636e+02.
    Line search step size chosen: 1.000000e+00.
  Objective value decreased by 2.170252e+01.
Newton iteration 9.
  Active set size = 1308055.
  sub-gradient = 1.306018e+03, l1-norm of X = 5.251638e+03.
  Coordinate descent sweep 1. norm of D = 6.859398e+02, change in D = 6.859398e+02.
  Coordinate descent sweep 2. norm of D = 8.351494e+02, change in D = 5.251153e+02.
  Coordinate descent sweep 3. norm of D = 9.254066e+02, change in D = 3.980017e+02.
  Coordinate descent sweep 4. norm of D = 9.867986e+02, change in D = 3.087058e+02.
    Line search step size chosen: 1.000000e+00.
  Objective value decreased by 5.713886e+00.
Newton iteration 10.
  Active set size = 1288810.
  sub-gradient = 3.641556e+02, l1-norm of X = 5.306990e+03.
  Coordinate descent sweep 1. norm of D = 2.644985e+02, change in D = 2.644985e+02.
  Coordinate descent sweep 2. norm of D = 3.073914e+02, change in D = 2.267982e+02.
  Coordinate descent sweep 3. norm of D = 3.340305e+02, change in D = 1.949139e+02.
  Coordinate descent sweep 4. norm of D = 3.517410e+02, change in D = 1.682829e+02.
    Line search step size chosen: 1.000000e+00.
  Objective value decreased by 1.697075e+00.
Newton iteration 11.
  Active set size = 1286572.
  sub-gradient = 1.721780e+02, l1-norm of X = 5.319650e+03.
  Coordinate descent sweep 1. norm of D = 1.501265e+02, change in D = 1.501265e+02.
  Coordinate descent sweep 2. norm of D = 1.740806e+02, change in D = 1.361723e+02.
  Coordinate descent sweep 3. norm of D = 1.851263e+02, change in D = 1.217367e+02.
  Coordinate descent sweep 4. norm of D = 1.922921e+02, change in D = 1.080257e+02.
    Line search step size chosen: 1.000000e+00.
  Objective value decreased by 7.418087e-01.
Newton iteration 12.
  Active set size = 1286317.
  sub-gradient = 1.145022e+02, l1-norm of X = 5.323881e+03.
  Coordinate descent sweep 1. norm of D = 9.934921e+01, change in D = 9.934921e+01.
  Coordinate descent sweep 2. norm of D = 1.122847e+02, change in D = 9.136569e+01.
  Coordinate descent sweep 3. norm of D = 1.191725e+02, change in D = 8.319943e+01.
  Coordinate descent sweep 4. norm of D = 1.238276e+02, change in D = 7.621509e+01.
  Coordinate descent sweep 5. norm of D = 1.263104e+02, change in D = 6.900141e+01.
    Line search step size chosen: 1.000000e+00.
  Objective value decreased by 4.490509e-01.
Newton iteration 13.
  Active set size = 1284936.
  sub-gradient = 7.051811e+01, l1-norm of X = 5.326123e+03.
  Coordinate descent sweep 1. norm of D = 6.533146e+01, change in D = 6.533146e+01.
  Coordinate descent sweep 2. norm of D = 7.352995e+01, change in D = 6.148340e+01.
  Coordinate descent sweep 3. norm of D = 7.855644e+01, change in D = 5.828274e+01.
  Coordinate descent sweep 4. norm of D = 8.027204e+01, change in D = 5.308269e+01.
  Coordinate descent sweep 5. norm of D = 8.258317e+01, change in D = 4.936879e+01.
    Line search step size chosen: 1.000000e+00.
  Objective value decreased by 2.277358e-01.
Newton iteration 14.
  Active set size = 1284352.
  sub-gradient = 4.918978e+01, l1-norm of X = 5.327305e+03.
  Coordinate descent sweep 1. norm of D = 4.586047e+01, change in D = 4.586047e+01.
  Coordinate descent sweep 2. norm of D = 5.307178e+01, change in D = 4.403608e+01.
  Coordinate descent sweep 3. norm of D = 5.478386e+01, change in D = 4.040723e+01.
  Coordinate descent sweep 4. norm of D = 5.758744e+01, change in D = 3.867783e+01.
  Coordinate descent sweep 5. norm of D = 5.856038e+01, change in D = 3.687161e+01.
    Line search step size chosen: 1.000000e+00.
  Objective value decreased by 1.223507e-01.
Newton iteration 15.
  Active set size = 1284064.
  sub-gradient = 3.289241e+01, l1-norm of X = 5.327972e+03.
  Coordinate descent sweep 1. norm of D = 3.441228e+01, change in D = 3.441228e+01.
  Coordinate descent sweep 2. norm of D = 3.913523e+01, change in D = 3.262667e+01.
  Coordinate descent sweep 3. norm of D = 4.134480e+01, change in D = 3.096430e+01.
  Coordinate descent sweep 4. norm of D = 4.254597e+01, change in D = 2.946343e+01.
  Coordinate descent sweep 5. norm of D = 4.372679e+01, change in D = 2.812023e+01.
  Coordinate descent sweep 6. norm of D = 4.426485e+01, change in D = 2.632943e+01.
    Line search step size chosen: 1.000000e+00.
  Objective value decreased by 8.811899e-02.
Newton iteration 16.
  Active set size = 1283811.
  sub-gradient = 2.168103e+01, l1-norm of X = 5.328525e+03.
  Coordinate descent sweep 1. norm of D = 2.499732e+01, change in D = 2.499732e+01.
  Coordinate descent sweep 2. norm of D = 2.835104e+01, change in D = 2.401754e+01.
  Coordinate descent sweep 3. norm of D = 3.032443e+01, change in D = 2.346744e+01.
  Coordinate descent sweep 4. norm of D = 3.078717e+01, change in D = 2.191378e+01.
  Coordinate descent sweep 5. norm of D = 3.136626e+01, change in D = 2.053929e+01.
  Coordinate descent sweep 6. norm of D = 3.229484e+01, change in D = 2.015312e+01.
    Line search step size chosen: 1.000000e+00.
  Objective value decreased by 5.306102e-02.
Newton iteration 17.
  Active set size = 1283733.
  sub-gradient = 1.613633e+01, l1-norm of X = 5.328917e+03.
  Coordinate descent sweep 1. norm of D = 1.935344e+01, change in D = 1.935344e+01.
  Coordinate descent sweep 2. norm of D = 2.153058e+01, change in D = 1.804446e+01.
  Coordinate descent sweep 3. norm of D = 2.311593e+01, change in D = 1.774304e+01.
  Coordinate descent sweep 4. norm of D = 2.360134e+01, change in D = 1.708848e+01.
  Coordinate descent sweep 5. norm of D = 2.371721e+01, change in D = 1.578047e+01.
  Coordinate descent sweep 6. norm of D = 2.462045e+01, change in D = 1.579853e+01.
    Line search step size chosen: 1.000000e+00.
  Objective value decreased by 3.179334e-02.
Newton iteration 18.
  Active set size = 1283650.
  sub-gradient = 1.516600e+01, l1-norm of X = 5.329145e+03.
  Coordinate descent sweep 1. norm of D = 1.541495e+01, change in D = 1.541495e+01.
  Coordinate descent sweep 2. norm of D = 1.700634e+01, change in D = 1.436555e+01.
  Coordinate descent sweep 3. norm of D = 1.832638e+01, change in D = 1.423756e+01.
  Coordinate descent sweep 4. norm of D = 1.866207e+01, change in D = 1.376869e+01.
  Coordinate descent sweep 5. norm of D = 1.884116e+01, change in D = 1.300714e+01.
  Coordinate descent sweep 6. norm of D = 1.899349e+01, change in D = 1.206129e+01.
  Coordinate descent sweep 7. norm of D = 1.931378e+01, change in D = 1.165293e+01.
    Line search step size chosen: 1.000000e+00.
  Objective value decreased by 2.413045e-02.
Newton iteration 19.
  Active set size = 1283560.
  sub-gradient = 1.074198e+01, l1-norm of X = 5.329369e+03.
  Coordinate descent sweep 1. norm of D = 1.071069e+01, change in D = 1.071069e+01.
  Coordinate descent sweep 2. norm of D = 1.285377e+01, change in D = 1.084300e+01.
  Coordinate descent sweep 3. norm of D = 1.308513e+01, change in D = 1.032673e+01.
  Coordinate descent sweep 4. norm of D = 1.354408e+01, change in D = 9.954219e+00.
  Coordinate descent sweep 5. norm of D = 1.375285e+01, change in D = 9.538801e+00.
  Coordinate descent sweep 6. norm of D = 1.432788e+01, change in D = 9.703341e+00.
  Coordinate descent sweep 7. norm of D = 1.418666e+01, change in D = 9.189136e+00.
    Line search step size chosen: 1.000000e+00.
  Objective value decreased by 1.442463e-02.
Newton iteration 20.
  Active set size = 1283539.
  sub-gradient = 8.202949e+00, l1-norm of X = 5.329520e+03.
  Coordinate descent sweep 1. norm of D = 8.667577e+00, change in D = 8.667577e+00.
  Coordinate descent sweep 2. norm of D = 9.469405e+00, change in D = 7.917607e+00.
  Coordinate descent sweep 3. norm of D = 1.016743e+01, change in D = 7.705604e+00.
  Coordinate descent sweep 4. norm of D = 1.057297e+01, change in D = 7.788230e+00.
  Coordinate descent sweep 5. norm of D = 1.088956e+01, change in D = 7.718697e+00.
  Coordinate descent sweep 6. norm of D = 1.100962e+01, change in D = 7.562040e+00.
  Coordinate descent sweep 7. norm of D = 1.084387e+01, change in D = 6.908038e+00.
    Line search step size chosen: 1.000000e+00.
  Objective value decreased by 9.743710e-03.
Newton iteration 21.
  Active set size = 1283470.
  sub-gradient = 6.021371e+00, l1-norm of X = 5.329635e+03.
  Coordinate descent sweep 1. norm of D = 6.568054e+00, change in D = 6.568054e+00.
  Coordinate descent sweep 2. norm of D = 7.663878e+00, change in D = 6.791264e+00.
  Coordinate descent sweep 3. norm of D = 7.877971e+00, change in D = 6.505618e+00.
  Coordinate descent sweep 4. norm of D = 8.023672e+00, change in D = 6.202490e+00.
  Coordinate descent sweep 5. norm of D = 7.721337e+00, change in D = 5.508904e+00.
  Coordinate descent sweep 6. norm of D = 8.721573e+00, change in D = 6.051658e+00.
  Coordinate descent sweep 7. norm of D = 8.192674e+00, change in D = 5.562863e+00.
  Coordinate descent sweep 8. norm of D = 8.826908e+00, change in D = 5.712905e+00.
    Line search step size chosen: 1.000000e+00.
  Objective value decreased by 6.552156e-03.
Newton iteration 22.
  Active set size = 1283435.
  sub-gradient = 5.036771e+00, l1-norm of X = 5.329728e+03.
  Coordinate descent sweep 1. norm of D = 5.521693e+00, change in D = 5.521693e+00.
  Coordinate descent sweep 2. norm of D = 6.367096e+00, change in D = 5.360793e+00.
  Coordinate descent sweep 3. norm of D = 6.624269e+00, change in D = 5.251294e+00.
  Coordinate descent sweep 4. norm of D = 6.828431e+00, change in D = 5.118645e+00.
  Coordinate descent sweep 5. norm of D = 6.855394e+00, change in D = 4.817465e+00.
  Coordinate descent sweep 6. norm of D = 6.948718e+00, change in D = 4.597588e+00.
  Coordinate descent sweep 7. norm of D = 6.939514e+00, change in D = 4.509701e+00.
  Coordinate descent sweep 8. norm of D = 7.306219e+00, change in D = 4.647773e+00.
    Line search step size chosen: 1.000000e+00.
  Objective value decreased by 4.316912e-03.
Newton iteration 23.
  Active set size = 1283417.
  sub-gradient = 3.573629e+00, l1-norm of X = 5.329801e+03.
  Coordinate descent sweep 1. norm of D = 4.174026e+00, change in D = 4.174026e+00.
  Coordinate descent sweep 2. norm of D = 4.826817e+00, change in D = 3.874570e+00.
  Coordinate descent sweep 3. norm of D = 5.159195e+00, change in D = 3.908884e+00.
  Coordinate descent sweep 4. norm of D = 5.164933e+00, change in D = 3.670179e+00.
  Coordinate descent sweep 5. norm of D = 5.563668e+00, change in D = 3.903260e+00.
  Coordinate descent sweep 6. norm of D = 5.479451e+00, change in D = 3.741483e+00.
  Coordinate descent sweep 7. norm of D = 5.546465e+00, change in D = 3.616455e+00.
  Coordinate descent sweep 8. norm of D = 5.722080e+00, change in D = 3.637547e+00.
    Line search step size chosen: 1.000000e+00.
  Objective value decreased by 2.765121e-03.
Newton iteration 24.
  Active set size = 1283411.
  sub-gradient = 3.144020e+00, l1-norm of X = 5.329853e+03.
  Coordinate descent sweep 1. norm of D = 3.327841e+00, change in D = 3.327841e+00.
  Coordinate descent sweep 2. norm of D = 3.853448e+00, change in D = 3.104856e+00.
  Coordinate descent sweep 3. norm of D = 4.032078e+00, change in D = 3.114742e+00.
  Coordinate descent sweep 4. norm of D = 4.121484e+00, change in D = 2.986980e+00.
  Coordinate descent sweep 5. norm of D = 4.290081e+00, change in D = 3.053684e+00.
  Coordinate descent sweep 6. norm of D = 4.272776e+00, change in D = 2.943856e+00.
  Coordinate descent sweep 7. norm of D = 4.304265e+00, change in D = 2.756698e+00.
  Coordinate descent sweep 8. norm of D = 4.465489e+00, change in D = 2.871104e+00.
  Coordinate descent sweep 9. norm of D = 4.543243e+00, change in D = 2.941876e+00.
    Line search step size chosen: 1.000000e+00.
  Objective value decreased by 2.063925e-03.
Newton iteration 25.
  Active set size = 1283408.
  sub-gradient = 2.515346e+00, l1-norm of X = 5.329899e+03.
  Coordinate descent sweep 1. norm of D = 2.817423e+00, change in D = 2.817423e+00.
  Coordinate descent sweep 2. norm of D = 3.157059e+00, change in D = 2.686315e+00.
  Coordinate descent sweep 3. norm of D = 3.126841e+00, change in D = 2.406030e+00.
  Coordinate descent sweep 4. norm of D = 3.332270e+00, change in D = 2.484070e+00.
  Coordinate descent sweep 5. norm of D = 3.391424e+00, change in D = 2.502611e+00.
  Coordinate descent sweep 6. norm of D = 3.384035e+00, change in D = 2.355361e+00.
  Coordinate descent sweep 7. norm of D = 3.481689e+00, change in D = 2.331632e+00.
  Coordinate descent sweep 8. norm of D = 3.477433e+00, change in D = 2.290628e+00.
  Coordinate descent sweep 9. norm of D = 3.432900e+00, change in D = 2.118146e+00.
    Line search step size chosen: 1.000000e+00.
  Objective value decreased by 1.335485e-03.
Newton iteration 26.
  Active set size = 1283382.
  sub-gradient = 2.136680e+00, l1-norm of X = 5.329930e+03.
  Coordinate descent sweep 1. norm of D = 2.133782e+00, change in D = 2.133782e+00.
  Coordinate descent sweep 2. norm of D = 2.403674e+00, change in D = 2.194884e+00.
  Coordinate descent sweep 3. norm of D = 2.338412e+00, change in D = 1.978340e+00.
  Coordinate descent sweep 4. norm of D = 2.511561e+00, change in D = 2.017119e+00.
  Coordinate descent sweep 5. norm of D = 2.489920e+00, change in D = 1.938585e+00.
  Coordinate descent sweep 6. norm of D = 2.437701e+00, change in D = 1.784766e+00.
  Coordinate descent sweep 7. norm of D = 2.569631e+00, change in D = 1.816926e+00.
  Coordinate descent sweep 8. norm of D = 2.572157e+00, change in D = 1.798484e+00.
  Coordinate descent sweep 9. norm of D = 2.536663e+00, change in D = 1.633452e+00.
    Line search step size chosen: 1.000000e+00.
  Objective value decreased by 9.119416e-04.
Newton iteration 27.
  Active set size = 1283381.
  sub-gradient = 1.654869e+00, l1-norm of X = 5.329958e+03.
  Coordinate descent sweep 1. norm of D = 1.684674e+00, change in D = 1.684674e+00.
  Coordinate descent sweep 2. norm of D = 1.861775e+00, change in D = 1.658449e+00.
  Coordinate descent sweep 3. norm of D = 1.940662e+00, change in D = 1.601665e+00.
  Coordinate descent sweep 4. norm of D = 2.007873e+00, change in D = 1.641296e+00.
  Coordinate descent sweep 5. norm of D = 1.991953e+00, change in D = 1.606871e+00.
  Coordinate descent sweep 6. norm of D = 2.035814e+00, change in D = 1.566178e+00.
  Coordinate descent sweep 7. norm of D = 1.966497e+00, change in D = 1.447071e+00.
  Coordinate descent sweep 8. norm of D = 2.010225e+00, change in D = 1.401409e+00.
  Coordinate descent sweep 9. norm of D = 2.097020e+00, change in D = 1.439942e+00.
  Coordinate descent sweep 10. norm of D = 2.021617e+00, change in D = 1.302979e+00.
    Line search step size chosen: 1.000000e+00.
  Objective value decreased by 6.731043e-04.
Newton iteration 28.
  Active set size = 1283369.
  sub-gradient = 2.024264e+00, l1-norm of X = 5.329978e+03.
  Coordinate descent sweep 1. norm of D = 1.278454e+00, change in D = 1.278454e+00.
  Coordinate descent sweep 2. norm of D = 1.496267e+00, change in D = 1.365634e+00.
  Coordinate descent sweep 3. norm of D = 1.496035e+00, change in D = 1.300665e+00.
  Coordinate descent sweep 4. norm of D = 1.539964e+00, change in D = 1.223494e+00.
  Coordinate descent sweep 5. norm of D = 1.562492e+00, change in D = 1.272825e+00.
  Coordinate descent sweep 6. norm of D = 1.463584e+00, change in D = 1.112579e+00.
  Coordinate descent sweep 7. norm of D = 1.528316e+00, change in D = 1.091707e+00.
  Coordinate descent sweep 8. norm of D = 1.639879e+00, change in D = 1.194183e+00.
  Coordinate descent sweep 9. norm of D = 1.577257e+00, change in D = 1.140056e+00.
  Coordinate descent sweep 10. norm of D = 1.749873e+00, change in D = 1.254940e+00.
    Line search step size chosen: 1.000000e+00.
  Objective value decreased by 4.342181e-04.
Newton iteration 29.
  Active set size = 1283360.
  sub-gradient = 1.087277e+00, l1-norm of X = 5.329995e+03.
  Coordinate descent sweep 1. norm of D = 1.203300e+00, change in D = 1.203300e+00.
  Coordinate descent sweep 2. norm of D = 1.396705e+00, change in D = 1.118105e+00.
  Coordinate descent sweep 3. norm of D = 1.429596e+00, change in D = 1.093121e+00.
  Coordinate descent sweep 4. norm of D = 1.489122e+00, change in D = 1.097022e+00.
  Coordinate descent sweep 5. norm of D = 1.491469e+00, change in D = 1.070812e+00.
  Coordinate descent sweep 6. norm of D = 1.481635e+00, change in D = 1.018506e+00.
  Coordinate descent sweep 7. norm of D = 1.472497e+00, change in D = 9.572774e-01.
  Coordinate descent sweep 8. norm of D = 1.457296e+00, change in D = 9.091620e-01.
  Coordinate descent sweep 9. norm of D = 1.486625e+00, change in D = 8.984621e-01.
  Coordinate descent sweep 10. norm of D = 1.492308e+00, change in D = 8.615553e-01.
    Line search step size chosen: 1.000000e+00.
  Objective value decreased by 3.021003e-04.
Newton iteration 30.
  Active set size = 1283357.
  sub-gradient = 7.371215e-01, l1-norm of X = 5.330007e+03.
  Coordinate descent sweep 1. norm of D = 8.113778e-01, change in D = 8.113778e-01.
  Coordinate descent sweep 2. norm of D = 1.002776e+00, change in D = 8.791199e-01.
  Coordinate descent sweep 3. norm of D = 9.955785e-01, change in D = 8.624726e-01.
  Coordinate descent sweep 4. norm of D = 1.047203e+00, change in D = 8.711035e-01.
  Coordinate descent sweep 5. norm of D = 1.029191e+00, change in D = 8.289375e-01.
  Coordinate descent sweep 6. norm of D = 1.077870e+00, change in D = 8.451596e-01.
  Coordinate descent sweep 7. norm of D = 1.036827e+00, change in D = 8.140230e-01.
  Coordinate descent sweep 8. norm of D = 1.039865e+00, change in D = 7.642404e-01.
  Coordinate descent sweep 9. norm of D = 1.032546e+00, change in D = 7.231328e-01.
  Coordinate descent sweep 10. norm of D = 1.024407e+00, change in D = 6.846760e-01.
  Coordinate descent sweep 11. norm of D = 1.102316e+00, change in D = 7.531251e-01.
    Line search step size chosen: 1.000000e+00.
  Objective value decreased by 2.306750e-04.
Newton iteration 31.
  Active set size = 1283345.
  sub-gradient = 6.771132e-01, l1-norm of X = 5.330016e+03.
  Coordinate descent sweep 1. norm of D = 7.770317e-01, change in D = 7.770317e-01.
  Coordinate descent sweep 2. norm of D = 8.471005e-01, change in D = 7.353862e-01.
  Coordinate descent sweep 3. norm of D = 8.701001e-01, change in D = 6.957023e-01.
  Coordinate descent sweep 4. norm of D = 8.500918e-01, change in D = 6.092004e-01.
  Coordinate descent sweep 5. norm of D = 8.807590e-01, change in D = 6.402746e-01.
  Coordinate descent sweep 6. norm of D = 9.334357e-01, change in D = 6.849882e-01.
  Coordinate descent sweep 7. norm of D = 8.935625e-01, change in D = 6.378961e-01.
  Coordinate descent sweep 8. norm of D = 8.578252e-01, change in D = 5.626326e-01.
  Coordinate descent sweep 9. norm of D = 8.627806e-01, change in D = 4.875769e-01.
  Coordinate descent sweep 10. norm of D = 9.086607e-01, change in D = 5.251191e-01.
  Coordinate descent sweep 11. norm of D = 9.397033e-01, change in D = 5.963591e-01.
    Line search step size chosen: 1.000000e+00.
  Objective value decreased by 1.513028e-04.
Newton iteration 32.
  Active set size = 1283334.
  sub-gradient = 5.065119e-01, l1-norm of X = 5.330024e+03.
  Coordinate descent sweep 1. norm of D = 5.938123e-01, change in D = 5.938123e-01.
  Coordinate descent sweep 2. norm of D = 6.414707e-01, change in D = 5.504892e-01.
  Coordinate descent sweep 3. norm of D = 6.814132e-01, change in D = 5.414688e-01.
  Coordinate descent sweep 4. norm of D = 6.628620e-01, change in D = 4.910635e-01.
  Coordinate descent sweep 5. norm of D = 6.799726e-01, change in D = 4.807679e-01.
  Coordinate descent sweep 6. norm of D = 7.137821e-01, change in D = 5.142493e-01.
  Coordinate descent sweep 7. norm of D = 7.232850e-01, change in D = 5.215825e-01.
  Coordinate descent sweep 8. norm of D = 7.334238e-01, change in D = 5.187111e-01.
  Coordinate descent sweep 9. norm of D = 7.305998e-01, change in D = 5.177404e-01.
  Coordinate descent sweep 10. norm of D = 6.852320e-01, change in D = 4.426548e-01.
  Coordinate descent sweep 11. norm of D = 7.275177e-01, change in D = 4.504916e-01.
    Line search step size chosen: 1.000000e+00.
  Objective value decreased by 9.933255e-05.
QUIC CPU time: 108161.159 seconds
