[1] "/work-zfs/abattle4/prashanthi/recount3/data/pancreas/all/weighted_covariances/cov_3.rds"
[1] "Data read complete"
Running QUIC version 1.1 in 'default' mode.
Newton iteration 1.
  X is a diagonal matrix.
    Line search step size chosen: 1.000000e+00.
  Objective value decreased by 1.799449e+00.
Newton iteration 2.
  Active set size = 10315.
  sub-gradient = 1.156810e+01, l1-norm of X = 2.445284e+01.
  Coordinate descent sweep 1. norm of D = 5.962101e+00, change in D = 5.962101e+00.
    Line search step size chosen: 1.000000e+00.
  Objective value decreased by 2.112619e-01.
Newton iteration 3.
  Active set size = 10308.
  sub-gradient = 1.649328e+00, l1-norm of X = 2.168739e+01.
  Coordinate descent sweep 1. norm of D = 1.736476e+00, change in D = 1.736476e+00.
  Coordinate descent sweep 2. norm of D = 1.999505e+00, change in D = 4.576996e-01.
    Line search step size chosen: 1.000000e+00.
  Objective value decreased by 2.366011e-02.
Newton iteration 4.
  Active set size = 10307.
  sub-gradient = 1.508910e-01, l1-norm of X = 2.193967e+01.
  Coordinate descent sweep 1. norm of D = 1.441709e-01, change in D = 1.441709e-01.
  Coordinate descent sweep 2. norm of D = 1.622962e-01, change in D = 4.491667e-02.
    Line search step size chosen: 1.000000e+00.
  Objective value decreased by 2.291024e-04.
Newton iteration 5.
  Active set size = 10307.
  sub-gradient = 1.077940e-02, l1-norm of X = 2.195504e+01.
  Coordinate descent sweep 1. norm of D = 1.124647e-02, change in D = 1.124647e-02.
  Coordinate descent sweep 2. norm of D = 1.335627e-02, change in D = 3.033009e-03.
    Line search step size chosen: 1.000000e+00.
  Objective value decreased by 2.387578e-06.
Newton iteration 6.
  Active set size = 10307.
  sub-gradient = 8.111068e-04, l1-norm of X = 2.195730e+01.
  Coordinate descent sweep 1. norm of D = 9.225876e-04, change in D = 9.225876e-04.
  Coordinate descent sweep 2. norm of D = 1.098151e-03, change in D = 2.614300e-04.
  Coordinate descent sweep 3. norm of D = 1.158760e-03, change in D = 8.564381e-05.
    Line search step size chosen: 1.000000e+00.
  Objective value decreased by 2.448724e-08.
QUIC CPU time: 2974.480 seconds
