[1] "/work-zfs/abattle4/prashanthi/recount3/data/pancreas/all/weighted_covariances/cov_3.rds"
[1] "Data read complete"
Running QUIC version 1.1 in 'default' mode.
Newton iteration 1.
  X is a diagonal matrix.
    Line search step size chosen: 1.000000e+00.
  Objective value decreased by 1.352062e+00.
Newton iteration 2.
  Active set size = 10260.
  sub-gradient = 6.740023e+00, l1-norm of X = 1.850251e+01.
  Coordinate descent sweep 1. norm of D = 4.077919e+00, change in D = 4.077919e+00.
    Line search step size chosen: 1.000000e+00.
  Objective value decreased by 1.081311e-01.
Newton iteration 3.
  Active set size = 10258.
  sub-gradient = 9.554805e-01, l1-norm of X = 1.655345e+01.
  Coordinate descent sweep 1. norm of D = 9.863460e-01, change in D = 9.863460e-01.
  Coordinate descent sweep 2. norm of D = 1.123947e+00, change in D = 2.147639e-01.
    Line search step size chosen: 1.000000e+00.
  Objective value decreased by 1.035339e-02.
Newton iteration 4.
  Active set size = 10256.
  sub-gradient = 5.960717e-02, l1-norm of X = 1.702116e+01.
  Coordinate descent sweep 1. norm of D = 6.338848e-02, change in D = 6.338848e-02.
  Coordinate descent sweep 2. norm of D = 7.889585e-02, change in D = 1.910323e-02.
    Line search step size chosen: 1.000000e+00.
  Objective value decreased by 8.802751e-05.
Newton iteration 5.
  Active set size = 10256.
  sub-gradient = 4.697099e-03, l1-norm of X = 1.704741e+01.
  Coordinate descent sweep 1. norm of D = 4.386473e-03, change in D = 4.386473e-03.
  Coordinate descent sweep 2. norm of D = 5.715663e-03, change in D = 2.073815e-03.
    Line search step size chosen: 1.000000e+00.
  Objective value decreased by 1.383891e-06.
Newton iteration 6.
  Active set size = 10256.
  sub-gradient = 5.530343e-04, l1-norm of X = 1.705001e+01.
  Coordinate descent sweep 1. norm of D = 6.551640e-04, change in D = 6.551640e-04.
  Coordinate descent sweep 2. norm of D = 7.211360e-04, change in D = 1.175083e-04.
  Coordinate descent sweep 3. norm of D = 7.730692e-04, change in D = 6.652122e-05.
    Line search step size chosen: 1.000000e+00.
  Objective value decreased by 3.342575e-08.
QUIC CPU time: 2450.950 seconds
