[1] "/work-zfs/abattle4/prashanthi/recount3/data/pancreas/all/weighted_covariances/cov_3.rds"
[1] "Data read complete"
Running QUIC version 1.1 in 'default' mode.
Newton iteration 1.
  X is a diagonal matrix.
    Line search step size chosen: 1.000000e+00.
  Objective value decreased by 1.411585e-01.
Newton iteration 2.
  Active set size = 10086.
  sub-gradient = 3.600857e-01, l1-norm of X = 2.955651e+00.
  Coordinate descent sweep 1. norm of D = 3.202142e-01, change in D = 3.202142e-01.
    Line search step size chosen: 1.000000e+00.
  Objective value decreased by 2.135178e-03.
Newton iteration 3.
  Active set size = 10085.
  sub-gradient = 2.800211e-02, l1-norm of X = 2.902391e+00.
  Coordinate descent sweep 1. norm of D = 2.741716e-02, change in D = 2.741716e-02.
  Coordinate descent sweep 2. norm of D = 3.151080e-02, change in D = 6.889065e-03.
    Line search step size chosen: 1.000000e+00.
  Objective value decreased by 6.502787e-05.
Newton iteration 4.
  Active set size = 10085.
  sub-gradient = 1.069987e-03, l1-norm of X = 2.929000e+00.
  Coordinate descent sweep 1. norm of D = 1.084344e-03, change in D = 1.084344e-03.
  Coordinate descent sweep 2. norm of D = 1.185791e-03, change in D = 1.693951e-04.
    Line search step size chosen: 1.000000e+00.
  Objective value decreased by 1.035660e-07.
Newton iteration 5.
  Active set size = 10085.
  sub-gradient = 1.967180e-05, l1-norm of X = 2.929487e+00.
  Coordinate descent sweep 1. norm of D = 1.999583e-05, change in D = 1.999583e-05.
  Coordinate descent sweep 2. norm of D = 2.042181e-05, change in D = 2.996299e-06.
    Line search step size chosen: 1.000000e+00.
  Objective value decreased by 5.638867e-11.
QUIC CPU time: 2085.110 seconds
