[1] "/data/abattle4/prashanthi/recount3/data/colon/GTEx/weighted_covariances/cov_2.rds"
[1] "Data read complete"
Running QUIC version 1.1 in 'default' mode.
Newton iteration 1.
  X is a diagonal matrix.
    Line search step size 1.000000e+00.  Lack of positive definiteness.
    Line search step size 5.000000e-01.  Lack of positive definiteness.
    Line search step size 2.500000e-01.  Lack of positive definiteness.
    Line search step size 1.250000e-01.  Lack of positive definiteness.
    Line search step size 6.250000e-02.  Lack of positive definiteness.
    Line search step size chosen: 3.125000e-02.
  Objective value decreased by 4.208701e+02.
Newton iteration 2.
  Active set size = 3007042.
  sub-gradient = 8.666967e+04, l1-norm of X = 5.713413e+02.
  Coordinate descent sweep 1. norm of D = 6.466984e+04, change in D = 6.466984e+04.
    Line search step size 1.000000e+00.  Lack of positive definiteness.
    Line search step size 5.000000e-01.  Lack of positive definiteness.
    Line search step size 2.500000e-01.  Lack of positive definiteness.
    Line search step size 1.250000e-01.  Lack of positive definiteness.
    Line search step size 6.250000e-02.  Lack of positive definiteness.
    Line search step size chosen: 3.125000e-02.
  Objective value decreased by 2.637901e+02.
Newton iteration 3.
  Active set size = 3007493.
  sub-gradient = 8.219448e+04, l1-norm of X = 9.698881e+02.
  Coordinate descent sweep 1. norm of D = 4.537603e+04, change in D = 4.537603e+04.
  Coordinate descent sweep 2. norm of D = 3.706593e+04, change in D = 1.229674e+04.
    Line search step size 1.000000e+00.  Lack of positive definiteness.
    Line search step size 5.000000e-01.  Lack of positive definiteness.
    Line search step size 2.500000e-01.  Lack of positive definiteness.
    Line search step size 1.250000e-01.  Lack of positive definiteness.
    Line search step size chosen: 6.250000e-02.
  Objective value decreased by 2.938199e+02.
Newton iteration 4.
  Active set size = 3009622.
  sub-gradient = 7.359240e+04, l1-norm of X = 1.399270e+03.
  Coordinate descent sweep 1. norm of D = 2.754933e+04, change in D = 2.754933e+04.
  Coordinate descent sweep 2. norm of D = 2.347095e+04, change in D = 9.280722e+03.
    Line search step size 1.000000e+00.  Lack of positive definiteness.
    Line search step size 5.000000e-01.  Lack of positive definiteness.
    Line search step size 2.500000e-01.  Lack of positive definiteness.
    Line search step size chosen: 1.250000e-01.
  Objective value decreased by 3.159489e+02.
Newton iteration 5.
  Active set size = 3037114.
  sub-gradient = 5.392282e+04, l1-norm of X = 1.865518e+03.
  Coordinate descent sweep 1. norm of D = 1.531531e+04, change in D = 1.531531e+04.
  Coordinate descent sweep 2. norm of D = 1.477573e+04, change in D = 4.494247e+03.
    Line search step size 1.000000e+00.  Lack of positive definiteness.
    Line search step size 5.000000e-01.  Lack of positive definiteness.
    Line search step size chosen: 2.500000e-01.
  Objective value decreased by 2.641895e+02.
Newton iteration 6.
  Active set size = 3040238.
  sub-gradient = 5.117950e+04, l1-norm of X = 2.243588e+03.
  Coordinate descent sweep 1. norm of D = 9.599746e+03, change in D = 9.599746e+03.
  Coordinate descent sweep 2. norm of D = 1.030370e+04, change in D = 3.149586e+03.
  Coordinate descent sweep 3. norm of D = 1.071609e+04, change in D = 1.293966e+03.
    Line search step size 1.000000e+00.  Lack of positive definiteness.
    Line search step size chosen: 5.000000e-01.
  Objective value decreased by 2.483116e+02.
Newton iteration 7.
  Active set size = 3041276.
  sub-gradient = 6.645972e+04, l1-norm of X = 2.615747e+03.
  Coordinate descent sweep 1. norm of D = 4.914361e+03, change in D = 4.914361e+03.
  Coordinate descent sweep 2. norm of D = 5.785911e+03, change in D = 2.130482e+03.
  Coordinate descent sweep 3. norm of D = 6.218482e+03, change in D = 1.203905e+03.
    Line search step size chosen: 1.000000e+00.
  Objective value decreased by 1.567325e+02.
Newton iteration 8.
  Active set size = 790120.
  sub-gradient = 3.164013e+03, l1-norm of X = 2.949424e+03.
  Coordinate descent sweep 1. norm of D = 1.041748e+03, change in D = 1.041748e+03.
  Coordinate descent sweep 2. norm of D = 1.294945e+03, change in D = 7.647268e+02.
  Coordinate descent sweep 3. norm of D = 1.458298e+03, change in D = 5.258762e+02.
    Line search step size chosen: 1.000000e+00.
  Objective value decreased by 1.811959e+01.
Newton iteration 9.
  Active set size = 752638.
  sub-gradient = 8.047244e+02, l1-norm of X = 3.025831e+03.
  Coordinate descent sweep 1. norm of D = 4.180791e+02, change in D = 4.180791e+02.
  Coordinate descent sweep 2. norm of D = 5.129489e+02, change in D = 3.282773e+02.
  Coordinate descent sweep 3. norm of D = 5.765946e+02, change in D = 2.570170e+02.
  Coordinate descent sweep 4. norm of D = 6.210220e+02, change in D = 2.048739e+02.
    Line search step size chosen: 1.000000e+00.
  Objective value decreased by 6.588224e+00.
Newton iteration 10.
  Active set size = 743809.
  sub-gradient = 2.410117e+02, l1-norm of X = 3.052349e+03.
  Coordinate descent sweep 1. norm of D = 1.775052e+02, change in D = 1.775052e+02.
  Coordinate descent sweep 2. norm of D = 2.160097e+02, change in D = 1.546820e+02.
  Coordinate descent sweep 3. norm of D = 2.408039e+02, change in D = 1.335030e+02.
  Coordinate descent sweep 4. norm of D = 2.600924e+02, change in D = 1.150150e+02.
    Line search step size chosen: 1.000000e+00.
  Objective value decreased by 2.366027e+00.
Newton iteration 11.
  Active set size = 742254.
  sub-gradient = 1.116667e+02, l1-norm of X = 3.060675e+03.
  Coordinate descent sweep 1. norm of D = 1.037752e+02, change in D = 1.037752e+02.
  Coordinate descent sweep 2. norm of D = 1.246757e+02, change in D = 9.274440e+01.
  Coordinate descent sweep 3. norm of D = 1.391688e+02, change in D = 8.395711e+01.
  Coordinate descent sweep 4. norm of D = 1.489801e+02, change in D = 7.466964e+01.
    Line search step size chosen: 1.000000e+00.
  Objective value decreased by 1.081908e+00.
Newton iteration 12.
  Active set size = 741841.
  sub-gradient = 8.877597e+01, l1-norm of X = 3.064371e+03.
  Coordinate descent sweep 1. norm of D = 6.816586e+01, change in D = 6.816586e+01.
  Coordinate descent sweep 2. norm of D = 8.195065e+01, change in D = 6.282595e+01.
  Coordinate descent sweep 3. norm of D = 9.058154e+01, change in D = 5.781446e+01.
  Coordinate descent sweep 4. norm of D = 9.716796e+01, change in D = 5.297671e+01.
  Coordinate descent sweep 5. norm of D = 1.028990e+02, change in D = 4.831974e+01.
    Line search step size chosen: 1.000000e+00.
  Objective value decreased by 6.832210e-01.
Newton iteration 13.
  Active set size = 742052.
  sub-gradient = 5.914864e+01, l1-norm of X = 3.066820e+03.
  Coordinate descent sweep 1. norm of D = 4.506993e+01, change in D = 4.506993e+01.
  Coordinate descent sweep 2. norm of D = 5.375571e+01, change in D = 4.176086e+01.
  Coordinate descent sweep 3. norm of D = 5.918140e+01, change in D = 3.870937e+01.
  Coordinate descent sweep 4. norm of D = 6.351684e+01, change in D = 3.617942e+01.
  Coordinate descent sweep 5. norm of D = 6.759528e+01, change in D = 3.422666e+01.
    Line search step size chosen: 1.000000e+00.
  Objective value decreased by 3.643977e-01.
Newton iteration 14.
  Active set size = 741186.
  sub-gradient = 3.151367e+01, l1-norm of X = 3.068229e+03.
  Coordinate descent sweep 1. norm of D = 3.252096e+01, change in D = 3.252096e+01.
  Coordinate descent sweep 2. norm of D = 3.803279e+01, change in D = 2.969544e+01.
  Coordinate descent sweep 3. norm of D = 4.230510e+01, change in D = 2.839442e+01.
  Coordinate descent sweep 4. norm of D = 4.485347e+01, change in D = 2.676276e+01.
  Coordinate descent sweep 5. norm of D = 4.742507e+01, change in D = 2.519840e+01.
    Line search step size chosen: 1.000000e+00.
  Objective value decreased by 2.161770e-01.
Newton iteration 15.
  Active set size = 740983.
  sub-gradient = 2.357467e+01, l1-norm of X = 3.069127e+03.
  Coordinate descent sweep 1. norm of D = 2.401894e+01, change in D = 2.401894e+01.
  Coordinate descent sweep 2. norm of D = 2.834517e+01, change in D = 2.233192e+01.
  Coordinate descent sweep 3. norm of D = 3.122139e+01, change in D = 2.125423e+01.
  Coordinate descent sweep 4. norm of D = 3.385743e+01, change in D = 2.106535e+01.
  Coordinate descent sweep 5. norm of D = 3.535683e+01, change in D = 1.974920e+01.
  Coordinate descent sweep 6. norm of D = 3.703463e+01, change in D = 1.864109e+01.
    Line search step size chosen: 1.000000e+00.
  Objective value decreased by 1.643884e-01.
Newton iteration 16.
  Active set size = 740879.
  sub-gradient = 1.742584e+01, l1-norm of X = 3.069876e+03.
  Coordinate descent sweep 1. norm of D = 1.770814e+01, change in D = 1.770814e+01.
  Coordinate descent sweep 2. norm of D = 2.071239e+01, change in D = 1.632816e+01.
  Coordinate descent sweep 3. norm of D = 2.328795e+01, change in D = 1.627940e+01.
  Coordinate descent sweep 4. norm of D = 2.496599e+01, change in D = 1.591252e+01.
  Coordinate descent sweep 5. norm of D = 2.602901e+01, change in D = 1.508215e+01.
  Coordinate descent sweep 6. norm of D = 2.742153e+01, change in D = 1.451093e+01.
    Line search step size chosen: 1.000000e+00.
  Objective value decreased by 1.004629e-01.
Newton iteration 17.
  Active set size = 740764.
  sub-gradient = 1.303328e+01, l1-norm of X = 3.070395e+03.
  Coordinate descent sweep 1. norm of D = 1.362912e+01, change in D = 1.362912e+01.
  Coordinate descent sweep 2. norm of D = 1.649804e+01, change in D = 1.332033e+01.
  Coordinate descent sweep 3. norm of D = 1.784435e+01, change in D = 1.265659e+01.
  Coordinate descent sweep 4. norm of D = 1.914945e+01, change in D = 1.229021e+01.
  Coordinate descent sweep 5. norm of D = 1.967158e+01, change in D = 1.140518e+01.
  Coordinate descent sweep 6. norm of D = 2.088147e+01, change in D = 1.127478e+01.
    Line search step size chosen: 1.000000e+00.
  Objective value decreased by 6.687513e-02.
Newton iteration 18.
  Active set size = 740765.
  sub-gradient = 1.199532e+01, l1-norm of X = 3.070767e+03.
  Coordinate descent sweep 1. norm of D = 1.096913e+01, change in D = 1.096913e+01.
  Coordinate descent sweep 2. norm of D = 1.288797e+01, change in D = 1.037469e+01.
  Coordinate descent sweep 3. norm of D = 1.414928e+01, change in D = 1.019106e+01.
  Coordinate descent sweep 4. norm of D = 1.476496e+01, change in D = 9.553177e+00.
  Coordinate descent sweep 5. norm of D = 1.538890e+01, change in D = 9.041227e+00.
  Coordinate descent sweep 6. norm of D = 1.627571e+01, change in D = 8.866004e+00.
  Coordinate descent sweep 7. norm of D = 1.679623e+01, change in D = 8.373166e+00.
    Line search step size chosen: 1.000000e+00.
  Objective value decreased by 5.285087e-02.
Newton iteration 19.
  Active set size = 740727.
  sub-gradient = 8.645331e+00, l1-norm of X = 3.071096e+03.
  Coordinate descent sweep 1. norm of D = 7.939842e+00, change in D = 7.939842e+00.
  Coordinate descent sweep 2. norm of D = 9.680626e+00, change in D = 8.103050e+00.
  Coordinate descent sweep 3. norm of D = 1.053421e+01, change in D = 7.857659e+00.
  Coordinate descent sweep 4. norm of D = 1.114457e+01, change in D = 7.514555e+00.
  Coordinate descent sweep 5. norm of D = 1.199246e+01, change in D = 7.516626e+00.
  Coordinate descent sweep 6. norm of D = 1.247593e+01, change in D = 7.252251e+00.
  Coordinate descent sweep 7. norm of D = 1.278456e+01, change in D = 6.856849e+00.
    Line search step size chosen: 1.000000e+00.
  Objective value decreased by 3.677766e-02.
Newton iteration 20.
  Active set size = 740633.
  sub-gradient = 6.527857e+00, l1-norm of X = 3.071343e+03.
  Coordinate descent sweep 1. norm of D = 6.753163e+00, change in D = 6.753163e+00.
  Coordinate descent sweep 2. norm of D = 7.640175e+00, change in D = 6.437689e+00.
  Coordinate descent sweep 3. norm of D = 8.524833e+00, change in D = 6.250791e+00.
  Coordinate descent sweep 4. norm of D = 9.082101e+00, change in D = 6.301842e+00.
  Coordinate descent sweep 5. norm of D = 9.481147e+00, change in D = 6.151867e+00.
  Coordinate descent sweep 6. norm of D = 9.868350e+00, change in D = 5.938858e+00.
  Coordinate descent sweep 7. norm of D = 1.009416e+01, change in D = 5.686729e+00.
    Line search step size chosen: 1.000000e+00.
  Objective value decreased by 2.538200e-02.
Newton iteration 21.
  Active set size = 740642.
  sub-gradient = 6.351087e+00, l1-norm of X = 3.071511e+03.
  Coordinate descent sweep 1. norm of D = 5.430749e+00, change in D = 5.430749e+00.
  Coordinate descent sweep 2. norm of D = 6.662590e+00, change in D = 5.598680e+00.
  Coordinate descent sweep 3. norm of D = 6.938692e+00, change in D = 5.268212e+00.
  Coordinate descent sweep 4. norm of D = 7.351181e+00, change in D = 5.090342e+00.
  Coordinate descent sweep 5. norm of D = 7.821977e+00, change in D = 5.119823e+00.
  Coordinate descent sweep 6. norm of D = 8.204539e+00, change in D = 5.027382e+00.
  Coordinate descent sweep 7. norm of D = 8.388974e+00, change in D = 4.873215e+00.
  Coordinate descent sweep 8. norm of D = 8.641506e+00, change in D = 4.700580e+00.
    Line search step size chosen: 1.000000e+00.
  Objective value decreased by 2.013251e-02.
Newton iteration 22.
  Active set size = 740605.
  sub-gradient = 5.278764e+00, l1-norm of X = 3.071685e+03.
  Coordinate descent sweep 1. norm of D = 4.495645e+00, change in D = 4.495645e+00.
  Coordinate descent sweep 2. norm of D = 5.171453e+00, change in D = 4.241370e+00.
  Coordinate descent sweep 3. norm of D = 5.743345e+00, change in D = 4.308272e+00.
  Coordinate descent sweep 4. norm of D = 6.023694e+00, change in D = 4.122139e+00.
  Coordinate descent sweep 5. norm of D = 6.246323e+00, change in D = 3.956039e+00.
  Coordinate descent sweep 6. norm of D = 6.610017e+00, change in D = 3.955428e+00.
  Coordinate descent sweep 7. norm of D = 6.712106e+00, change in D = 3.683388e+00.
  Coordinate descent sweep 8. norm of D = 7.134040e+00, change in D = 3.845348e+00.
    Line search step size chosen: 1.000000e+00.
  Objective value decreased by 1.465703e-02.
Newton iteration 23.
  Active set size = 740587.
  sub-gradient = 4.087516e+00, l1-norm of X = 3.071810e+03.
  Coordinate descent sweep 1. norm of D = 3.917063e+00, change in D = 3.917063e+00.
  Coordinate descent sweep 2. norm of D = 4.516091e+00, change in D = 3.812319e+00.
  Coordinate descent sweep 3. norm of D = 4.664953e+00, change in D = 3.489698e+00.
  Coordinate descent sweep 4. norm of D = 5.027428e+00, change in D = 3.460151e+00.
  Coordinate descent sweep 5. norm of D = 5.214125e+00, change in D = 3.379048e+00.
  Coordinate descent sweep 6. norm of D = 5.534382e+00, change in D = 3.325997e+00.
  Coordinate descent sweep 7. norm of D = 5.614826e+00, change in D = 3.166929e+00.
  Coordinate descent sweep 8. norm of D = 5.966724e+00, change in D = 3.300737e+00.
    Line search step size chosen: 1.000000e+00.
  Objective value decreased by 1.048364e-02.
Newton iteration 24.
  Active set size = 740627.
  sub-gradient = 4.404405e+00, l1-norm of X = 3.071923e+03.
  Coordinate descent sweep 1. norm of D = 3.164105e+00, change in D = 3.164105e+00.
  Coordinate descent sweep 2. norm of D = 3.731685e+00, change in D = 3.101343e+00.
  Coordinate descent sweep 3. norm of D = 3.974325e+00, change in D = 2.963075e+00.
  Coordinate descent sweep 4. norm of D = 4.152524e+00, change in D = 2.820176e+00.
  Coordinate descent sweep 5. norm of D = 4.389689e+00, change in D = 2.835431e+00.
  Coordinate descent sweep 6. norm of D = 4.563957e+00, change in D = 2.747895e+00.
  Coordinate descent sweep 7. norm of D = 4.720260e+00, change in D = 2.708485e+00.
  Coordinate descent sweep 8. norm of D = 4.899861e+00, change in D = 2.679020e+00.
  Coordinate descent sweep 9. norm of D = 5.101411e+00, change in D = 2.690220e+00.
    Line search step size chosen: 1.000000e+00.
  Objective value decreased by 8.442242e-03.
Newton iteration 25.
  Active set size = 740549.
  sub-gradient = 2.246585e+00, l1-norm of X = 3.072014e+03.
  Coordinate descent sweep 1. norm of D = 2.343027e+00, change in D = 2.343027e+00.
  Coordinate descent sweep 2. norm of D = 2.905458e+00, change in D = 2.278537e+00.
  Coordinate descent sweep 3. norm of D = 3.274402e+00, change in D = 2.431252e+00.
  Coordinate descent sweep 4. norm of D = 3.531824e+00, change in D = 2.557321e+00.
  Coordinate descent sweep 5. norm of D = 3.570035e+00, change in D = 2.407151e+00.
  Coordinate descent sweep 6. norm of D = 3.615107e+00, change in D = 2.156226e+00.
  Coordinate descent sweep 7. norm of D = 3.906704e+00, change in D = 2.298236e+00.
  Coordinate descent sweep 8. norm of D = 3.957988e+00, change in D = 2.241555e+00.
  Coordinate descent sweep 9. norm of D = 4.079052e+00, change in D = 2.158044e+00.
    Line search step size chosen: 1.000000e+00.
  Objective value decreased by 5.920323e-03.
Newton iteration 26.
  Active set size = 740539.
  sub-gradient = 1.750504e+00, l1-norm of X = 3.072089e+03.
  Coordinate descent sweep 1. norm of D = 2.148587e+00, change in D = 2.148587e+00.
  Coordinate descent sweep 2. norm of D = 2.468761e+00, change in D = 2.126882e+00.
  Coordinate descent sweep 3. norm of D = 2.729819e+00, change in D = 2.164043e+00.
  Coordinate descent sweep 4. norm of D = 2.850428e+00, change in D = 2.120652e+00.
  Coordinate descent sweep 5. norm of D = 2.958876e+00, change in D = 2.066758e+00.
  Coordinate descent sweep 6. norm of D = 3.028570e+00, change in D = 2.011774e+00.
  Coordinate descent sweep 7. norm of D = 3.044611e+00, change in D = 1.830713e+00.
  Coordinate descent sweep 8. norm of D = 3.246630e+00, change in D = 1.865122e+00.
  Coordinate descent sweep 9. norm of D = 3.266463e+00, change in D = 1.775514e+00.
    Line search step size chosen: 1.000000e+00.
  Objective value decreased by 4.528920e-03.
Newton iteration 27.
  Active set size = 740532.
  sub-gradient = 1.871351e+00, l1-norm of X = 3.072147e+03.
  Coordinate descent sweep 1. norm of D = 1.878651e+00, change in D = 1.878651e+00.
  Coordinate descent sweep 2. norm of D = 2.042207e+00, change in D = 1.834478e+00.
  Coordinate descent sweep 3. norm of D = 2.150815e+00, change in D = 1.694335e+00.
  Coordinate descent sweep 4. norm of D = 2.254385e+00, change in D = 1.603192e+00.
  Coordinate descent sweep 5. norm of D = 2.389719e+00, change in D = 1.654945e+00.
  Coordinate descent sweep 6. norm of D = 2.496777e+00, change in D = 1.643327e+00.
  Coordinate descent sweep 7. norm of D = 2.532963e+00, change in D = 1.552268e+00.
  Coordinate descent sweep 8. norm of D = 2.630115e+00, change in D = 1.552143e+00.
  Coordinate descent sweep 9. norm of D = 2.633436e+00, change in D = 1.446002e+00.
  Coordinate descent sweep 10. norm of D = 2.758006e+00, change in D = 1.394976e+00.
    Line search step size chosen: 1.000000e+00.
  Objective value decreased by 3.605429e-03.
Newton iteration 28.
  Active set size = 740514.
  sub-gradient = 1.314259e+00, l1-norm of X = 3.072203e+03.
  Coordinate descent sweep 1. norm of D = 1.342504e+00, change in D = 1.342504e+00.
  Coordinate descent sweep 2. norm of D = 1.694929e+00, change in D = 1.434791e+00.
  Coordinate descent sweep 3. norm of D = 1.756752e+00, change in D = 1.396566e+00.
  Coordinate descent sweep 4. norm of D = 1.890095e+00, change in D = 1.373881e+00.
  Coordinate descent sweep 5. norm of D = 1.977109e+00, change in D = 1.385708e+00.
  Coordinate descent sweep 6. norm of D = 2.016680e+00, change in D = 1.306948e+00.
  Coordinate descent sweep 7. norm of D = 2.052286e+00, change in D = 1.204639e+00.
  Coordinate descent sweep 8. norm of D = 2.196958e+00, change in D = 1.289546e+00.
  Coordinate descent sweep 9. norm of D = 2.253610e+00, change in D = 1.277770e+00.
  Coordinate descent sweep 10. norm of D = 2.322622e+00, change in D = 1.252892e+00.
    Line search step size chosen: 1.000000e+00.
  Objective value decreased by 2.633307e-03.
Newton iteration 29.
  Active set size = 740522.
  sub-gradient = 1.497601e+00, l1-norm of X = 3.072248e+03.
  Coordinate descent sweep 1. norm of D = 1.196941e+00, change in D = 1.196941e+00.
  Coordinate descent sweep 2. norm of D = 1.409136e+00, change in D = 1.185219e+00.
  Coordinate descent sweep 3. norm of D = 1.499619e+00, change in D = 1.168776e+00.
  Coordinate descent sweep 4. norm of D = 1.636202e+00, change in D = 1.193874e+00.
  Coordinate descent sweep 5. norm of D = 1.735753e+00, change in D = 1.250599e+00.
  Coordinate descent sweep 6. norm of D = 1.762191e+00, change in D = 1.201092e+00.
  Coordinate descent sweep 7. norm of D = 1.784565e+00, change in D = 1.116029e+00.
  Coordinate descent sweep 8. norm of D = 1.862222e+00, change in D = 1.118777e+00.
  Coordinate descent sweep 9. norm of D = 1.921529e+00, change in D = 1.101111e+00.
  Coordinate descent sweep 10. norm of D = 1.959245e+00, change in D = 1.081457e+00.
    Line search step size chosen: 1.000000e+00.
  Objective value decreased by 1.872339e-03.
Newton iteration 30.
  Active set size = 740507.
  sub-gradient = 9.208793e-01, l1-norm of X = 3.072284e+03.
  Coordinate descent sweep 1. norm of D = 1.013875e+00, change in D = 1.013875e+00.
  Coordinate descent sweep 2. norm of D = 1.200322e+00, change in D = 1.012376e+00.
  Coordinate descent sweep 3. norm of D = 1.305533e+00, change in D = 1.007877e+00.
  Coordinate descent sweep 4. norm of D = 1.382607e+00, change in D = 9.998185e-01.
  Coordinate descent sweep 5. norm of D = 1.390923e+00, change in D = 9.344953e-01.
  Coordinate descent sweep 6. norm of D = 1.454867e+00, change in D = 9.133023e-01.
  Coordinate descent sweep 7. norm of D = 1.538234e+00, change in D = 9.552016e-01.
  Coordinate descent sweep 8. norm of D = 1.601518e+00, change in D = 9.602644e-01.
  Coordinate descent sweep 9. norm of D = 1.596446e+00, change in D = 8.708183e-01.
  Coordinate descent sweep 10. norm of D = 1.668253e+00, change in D = 8.699127e-01.
  Coordinate descent sweep 11. norm of D = 1.710687e+00, change in D = 8.755665e-01.
    Line search step size chosen: 1.000000e+00.
  Objective value decreased by 1.429557e-03.
Newton iteration 31.
  Active set size = 740496.
  sub-gradient = 7.495541e-01, l1-norm of X = 3.072316e+03.
  Coordinate descent sweep 1. norm of D = 8.748169e-01, change in D = 8.748169e-01.
  Coordinate descent sweep 2. norm of D = 1.001756e+00, change in D = 8.498657e-01.
  Coordinate descent sweep 3. norm of D = 1.064106e+00, change in D = 8.237962e-01.
  Coordinate descent sweep 4. norm of D = 1.071100e+00, change in D = 7.597477e-01.
  Coordinate descent sweep 5. norm of D = 1.145949e+00, change in D = 7.498088e-01.
  Coordinate descent sweep 6. norm of D = 1.186016e+00, change in D = 7.706314e-01.
  Coordinate descent sweep 7. norm of D = 1.204973e+00, change in D = 7.479650e-01.
  Coordinate descent sweep 8. norm of D = 1.262643e+00, change in D = 7.638749e-01.
  Coordinate descent sweep 9. norm of D = 1.245169e+00, change in D = 6.842377e-01.
  Coordinate descent sweep 10. norm of D = 1.309754e+00, change in D = 6.807847e-01.
  Coordinate descent sweep 11. norm of D = 1.353125e+00, change in D = 7.170997e-01.
    Line search step size chosen: 1.000000e+00.
  Objective value decreased by 1.003827e-03.
Newton iteration 32.
  Active set size = 740489.
  sub-gradient = 5.992605e-01, l1-norm of X = 3.072342e+03.
  Coordinate descent sweep 1. norm of D = 6.831790e-01, change in D = 6.831790e-01.
  Coordinate descent sweep 2. norm of D = 8.220144e-01, change in D = 7.130170e-01.
  Coordinate descent sweep 3. norm of D = 8.727860e-01, change in D = 6.944420e-01.
  Coordinate descent sweep 4. norm of D = 9.315020e-01, change in D = 7.033759e-01.
  Coordinate descent sweep 5. norm of D = 9.584701e-01, change in D = 6.860998e-01.
  Coordinate descent sweep 6. norm of D = 9.838581e-01, change in D = 6.664775e-01.
  Coordinate descent sweep 7. norm of D = 1.032395e+00, change in D = 6.642009e-01.
  Coordinate descent sweep 8. norm of D = 1.061730e+00, change in D = 6.564051e-01.
  Coordinate descent sweep 9. norm of D = 1.066063e+00, change in D = 6.158618e-01.
  Coordinate descent sweep 10. norm of D = 1.099502e+00, change in D = 5.888386e-01.
  Coordinate descent sweep 11. norm of D = 1.145004e+00, change in D = 5.884025e-01.
    Line search step size chosen: 1.000000e+00.
  Objective value decreased by 7.539813e-04.
Newton iteration 33.
  Active set size = 740494.
  sub-gradient = 5.186058e-01, l1-norm of X = 3.072364e+03.
  Coordinate descent sweep 1. norm of D = 5.925276e-01, change in D = 5.925276e-01.
  Coordinate descent sweep 2. norm of D = 7.008468e-01, change in D = 5.960158e-01.
  Coordinate descent sweep 3. norm of D = 7.276449e-01, change in D = 5.757733e-01.
  Coordinate descent sweep 4. norm of D = 7.289608e-01, change in D = 5.086838e-01.
  Coordinate descent sweep 5. norm of D = 7.809895e-01, change in D = 5.134015e-01.
  Coordinate descent sweep 6. norm of D = 8.452416e-01, change in D = 5.644156e-01.
  Coordinate descent sweep 7. norm of D = 8.646703e-01, change in D = 5.512360e-01.
  Coordinate descent sweep 8. norm of D = 8.952621e-01, change in D = 5.446666e-01.
  Coordinate descent sweep 9. norm of D = 9.024490e-01, change in D = 5.200046e-01.
  Coordinate descent sweep 10. norm of D = 9.191406e-01, change in D = 4.974140e-01.
  Coordinate descent sweep 11. norm of D = 9.537919e-01, change in D = 4.931146e-01.
  Coordinate descent sweep 12. norm of D = 9.890778e-01, change in D = 5.040036e-01.
    Line search step size chosen: 1.000000e+00.
  Objective value decreased by 6.014311e-04.
Newton iteration 34.
  Active set size = 740491.
  sub-gradient = 4.193904e-01, l1-norm of X = 3.072384e+03.
  Coordinate descent sweep 1. norm of D = 4.503539e-01, change in D = 4.503539e-01.
  Coordinate descent sweep 2. norm of D = 5.802687e-01, change in D = 4.713608e-01.
  Coordinate descent sweep 3. norm of D = 6.276235e-01, change in D = 4.918225e-01.
  Coordinate descent sweep 4. norm of D = 6.431079e-01, change in D = 4.682340e-01.
  Coordinate descent sweep 5. norm of D = 6.754050e-01, change in D = 4.614564e-01.
  Coordinate descent sweep 6. norm of D = 6.987885e-01, change in D = 4.674981e-01.
  Coordinate descent sweep 7. norm of D = 7.196259e-01, change in D = 4.589978e-01.
  Coordinate descent sweep 8. norm of D = 7.251581e-01, change in D = 4.312087e-01.
  Coordinate descent sweep 9. norm of D = 7.506944e-01, change in D = 4.112785e-01.
  Coordinate descent sweep 10. norm of D = 7.794828e-01, change in D = 4.132280e-01.
  Coordinate descent sweep 11. norm of D = 8.031964e-01, change in D = 4.283071e-01.
  Coordinate descent sweep 12. norm of D = 8.224976e-01, change in D = 4.211663e-01.
    Line search step size chosen: 1.000000e+00.
  Objective value decreased by 4.539189e-04.
Newton iteration 35.
  Active set size = 740489.
  sub-gradient = 3.682749e-01, l1-norm of X = 3.072400e+03.
  Coordinate descent sweep 1. norm of D = 4.096355e-01, change in D = 4.096355e-01.
  Coordinate descent sweep 2. norm of D = 4.669567e-01, change in D = 3.957121e-01.
  Coordinate descent sweep 3. norm of D = 5.055019e-01, change in D = 3.979221e-01.
  Coordinate descent sweep 4. norm of D = 5.180497e-01, change in D = 3.741382e-01.
  Coordinate descent sweep 5. norm of D = 5.597654e-01, change in D = 3.856729e-01.
  Coordinate descent sweep 6. norm of D = 5.673522e-01, change in D = 3.551694e-01.
  Coordinate descent sweep 7. norm of D = 5.978216e-01, change in D = 3.810162e-01.
  Coordinate descent sweep 8. norm of D = 6.415099e-01, change in D = 4.122085e-01.
  Coordinate descent sweep 9. norm of D = 6.389882e-01, change in D = 3.867941e-01.
  Coordinate descent sweep 10. norm of D = 6.524780e-01, change in D = 3.664653e-01.
  Coordinate descent sweep 11. norm of D = 6.578734e-01, change in D = 3.502579e-01.
  Coordinate descent sweep 12. norm of D = 6.741569e-01, change in D = 3.366079e-01.
    Line search step size chosen: 1.000000e+00.
  Objective value decreased by 3.198652e-04.
Newton iteration 36.
  Active set size = 740486.
  sub-gradient = 2.963208e-01, l1-norm of X = 3.072413e+03.
  Coordinate descent sweep 1. norm of D = 3.404358e-01, change in D = 3.404358e-01.
  Coordinate descent sweep 2. norm of D = 3.853303e-01, change in D = 3.395309e-01.
  Coordinate descent sweep 3. norm of D = 4.042919e-01, change in D = 3.180050e-01.
  Coordinate descent sweep 4. norm of D = 4.139610e-01, change in D = 2.873853e-01.
  Coordinate descent sweep 5. norm of D = 4.333608e-01, change in D = 2.822191e-01.
  Coordinate descent sweep 6. norm of D = 4.622379e-01, change in D = 3.014551e-01.
  Coordinate descent sweep 7. norm of D = 4.810447e-01, change in D = 3.120274e-01.
  Coordinate descent sweep 8. norm of D = 5.007848e-01, change in D = 3.150578e-01.
  Coordinate descent sweep 9. norm of D = 5.020041e-01, change in D = 2.989273e-01.
  Coordinate descent sweep 10. norm of D = 5.102815e-01, change in D = 2.838833e-01.
  Coordinate descent sweep 11. norm of D = 5.304897e-01, change in D = 2.898300e-01.
  Coordinate descent sweep 12. norm of D = 5.268962e-01, change in D = 2.583103e-01.
  Coordinate descent sweep 13. norm of D = 5.408330e-01, change in D = 2.441658e-01.
    Line search step size chosen: 1.000000e+00.
  Objective value decreased by 2.300706e-04.
QUIC CPU time: 68561.868 seconds
