[1] "/work-zfs/abattle4/prashanthi/recount3/data/colon/GTEx/weighted_covariances/cov_2.rds"
[1] "Data read complete"
Running QUIC version 1.1 in 'default' mode.
Newton iteration 1.
  X is a diagonal matrix.
    Line search step size 1.000000e+00.  Lack of positive definiteness.
    Line search step size 5.000000e-01.  Lack of positive definiteness.
    Line search step size 2.500000e-01.  Lack of positive definiteness.
    Line search step size 1.250000e-01.  Lack of positive definiteness.
    Line search step size chosen: 6.250000e-02.
  Objective value decreased by 4.543776e+01.
Newton iteration 2.
  Active set size = 28837.
  sub-gradient = 1.687822e+03, l1-norm of X = 7.153020e+01.
  Coordinate descent sweep 1. norm of D = 1.189767e+03, change in D = 1.189767e+03.
    Line search step size 1.000000e+00.  Lack of positive definiteness.
    Line search step size 5.000000e-01.  Lack of positive definiteness.
    Line search step size 2.500000e-01.  Lack of positive definiteness.
    Line search step size chosen: 1.250000e-01.
  Objective value decreased by 4.359678e+01.
Newton iteration 3.
  Active set size = 28838.
  sub-gradient = 1.297588e+03, l1-norm of X = 1.548426e+02.
  Coordinate descent sweep 1. norm of D = 7.825626e+02, change in D = 7.825626e+02.
  Coordinate descent sweep 2. norm of D = 7.604685e+02, change in D = 1.796611e+02.
    Line search step size 1.000000e+00.  Lack of positive definiteness.
    Line search step size chosen: 5.000000e-01.
  Objective value decreased by 5.990607e+01.
Newton iteration 4.
  Active set size = 28848.
  sub-gradient = 8.420676e+02, l1-norm of X = 3.227971e+02.
  Coordinate descent sweep 1. norm of D = 3.293864e+02, change in D = 3.293864e+02.
  Coordinate descent sweep 2. norm of D = 3.970910e+02, change in D = 1.140710e+02.
    Line search step size chosen: 1.000000e+00.
  Objective value decreased by 2.119275e+01.
Newton iteration 5.
  Active set size = 22111.
  sub-gradient = 1.198133e+02, l1-norm of X = 4.200102e+02.
  Coordinate descent sweep 1. norm of D = 8.998000e+01, change in D = 8.998000e+01.
  Coordinate descent sweep 2. norm of D = 1.218969e+02, change in D = 5.175383e+01.
    Line search step size chosen: 1.000000e+00.
  Objective value decreased by 3.325946e+00.
Newton iteration 6.
  Active set size = 21604.
  sub-gradient = 4.303151e+01, l1-norm of X = 4.363347e+02.
  Coordinate descent sweep 1. norm of D = 3.731205e+01, change in D = 3.731205e+01.
  Coordinate descent sweep 2. norm of D = 5.221225e+01, change in D = 2.476418e+01.
  Coordinate descent sweep 3. norm of D = 6.164611e+01, change in D = 1.671609e+01.
    Line search step size chosen: 1.000000e+00.
  Objective value decreased by 1.088700e+00.
Newton iteration 7.
  Active set size = 21380.
  sub-gradient = 1.429973e+01, l1-norm of X = 4.441181e+02.
  Coordinate descent sweep 1. norm of D = 1.287704e+01, change in D = 1.287704e+01.
  Coordinate descent sweep 2. norm of D = 1.836507e+01, change in D = 9.735697e+00.
  Coordinate descent sweep 3. norm of D = 2.236799e+01, change in D = 7.268818e+00.
    Line search step size chosen: 1.000000e+00.
  Objective value decreased by 2.351386e-01.
Newton iteration 8.
  Active set size = 21330.
  sub-gradient = 6.795597e+00, l1-norm of X = 4.467869e+02.
  Coordinate descent sweep 1. norm of D = 5.660202e+00, change in D = 5.660202e+00.
  Coordinate descent sweep 2. norm of D = 8.066635e+00, change in D = 4.451472e+00.
  Coordinate descent sweep 3. norm of D = 9.829319e+00, change in D = 3.401554e+00.
    Line search step size chosen: 1.000000e+00.
  Objective value decreased by 6.729625e-02.
Newton iteration 9.
  Active set size = 21321.
  sub-gradient = 3.124380e+00, l1-norm of X = 4.478424e+02.
  Coordinate descent sweep 1. norm of D = 2.802898e+00, change in D = 2.802898e+00.
  Coordinate descent sweep 2. norm of D = 4.052701e+00, change in D = 2.199861e+00.
  Coordinate descent sweep 3. norm of D = 5.030498e+00, change in D = 1.773925e+00.
  Coordinate descent sweep 4. norm of D = 5.820522e+00, change in D = 1.442330e+00.
    Line search step size chosen: 1.000000e+00.
  Objective value decreased by 2.754433e-02.
Newton iteration 10.
  Active set size = 21300.
  sub-gradient = 1.257488e+00, l1-norm of X = 4.485310e+02.
  Coordinate descent sweep 1. norm of D = 1.174464e+00, change in D = 1.174464e+00.
  Coordinate descent sweep 2. norm of D = 1.737629e+00, change in D = 9.870244e-01.
  Coordinate descent sweep 3. norm of D = 2.137767e+00, change in D = 8.057988e-01.
  Coordinate descent sweep 4. norm of D = 2.458738e+00, change in D = 6.539976e-01.
    Line search step size chosen: 1.000000e+00.
  Objective value decreased by 7.614147e-03.
Newton iteration 11.
  Active set size = 21295.
  sub-gradient = 5.250004e-01, l1-norm of X = 4.488058e+02.
  Coordinate descent sweep 1. norm of D = 5.439713e-01, change in D = 5.439713e-01.
  Coordinate descent sweep 2. norm of D = 7.884468e-01, change in D = 4.321773e-01.
  Coordinate descent sweep 3. norm of D = 1.011826e+00, change in D = 3.860559e-01.
  Coordinate descent sweep 4. norm of D = 1.185613e+00, change in D = 3.213277e-01.
    Line search step size chosen: 1.000000e+00.
  Objective value decreased by 2.435506e-03.
Newton iteration 12.
  Active set size = 21294.
  sub-gradient = 2.769670e-01, l1-norm of X = 4.489367e+02.
  Coordinate descent sweep 1. norm of D = 2.699197e-01, change in D = 2.699197e-01.
  Coordinate descent sweep 2. norm of D = 4.160566e-01, change in D = 2.362636e-01.
  Coordinate descent sweep 3. norm of D = 5.098541e-01, change in D = 1.904741e-01.
  Coordinate descent sweep 4. norm of D = 6.071835e-01, change in D = 1.710005e-01.
  Coordinate descent sweep 5. norm of D = 6.706748e-01, change in D = 1.364251e-01.
    Line search step size chosen: 1.000000e+00.
  Objective value decreased by 8.922792e-04.
Newton iteration 13.
  Active set size = 21291.
  sub-gradient = 1.244948e-01, l1-norm of X = 4.490137e+02.
  Coordinate descent sweep 1. norm of D = 1.289442e-01, change in D = 1.289442e-01.
  Coordinate descent sweep 2. norm of D = 1.900875e-01, change in D = 1.034787e-01.
  Coordinate descent sweep 3. norm of D = 2.407480e-01, change in D = 9.191466e-02.
  Coordinate descent sweep 4. norm of D = 2.766648e-01, change in D = 7.363956e-02.
  Coordinate descent sweep 5. norm of D = 3.151501e-01, change in D = 6.649047e-02.
    Line search step size chosen: 1.000000e+00.
  Objective value decreased by 2.696927e-04.
Newton iteration 14.
  Active set size = 21290.
  sub-gradient = 8.825258e-02, l1-norm of X = 4.490492e+02.
  Coordinate descent sweep 1. norm of D = 5.669426e-02, change in D = 5.669426e-02.
  Coordinate descent sweep 2. norm of D = 8.776048e-02, change in D = 5.148952e-02.
  Coordinate descent sweep 3. norm of D = 1.141347e-01, change in D = 4.607070e-02.
  Coordinate descent sweep 4. norm of D = 1.341233e-01, change in D = 3.917273e-02.
  Coordinate descent sweep 5. norm of D = 1.516472e-01, change in D = 3.227311e-02.
    Line search step size chosen: 1.000000e+00.
  Objective value decreased by 7.796935e-05.
Newton iteration 15.
  Active set size = 21289.
  sub-gradient = 3.285592e-02, l1-norm of X = 4.490672e+02.
  Coordinate descent sweep 1. norm of D = 2.577654e-02, change in D = 2.577654e-02.
  Coordinate descent sweep 2. norm of D = 4.165173e-02, change in D = 2.814764e-02.
  Coordinate descent sweep 3. norm of D = 5.329272e-02, change in D = 2.259321e-02.
  Coordinate descent sweep 4. norm of D = 6.414595e-02, change in D = 2.074068e-02.
  Coordinate descent sweep 5. norm of D = 7.262886e-02, change in D = 1.765425e-02.
  Coordinate descent sweep 6. norm of D = 8.154278e-02, change in D = 1.476529e-02.
    Line search step size chosen: 1.000000e+00.
  Objective value decreased by 2.619409e-05.
QUIC CPU time: 4871.440 seconds
