[1] "/work-zfs/abattle4/prashanthi/recount3/data/colon/GTEx/weighted_covariances/cov_2.rds"
[1] "Data read complete"
Running QUIC version 1.1 in 'default' mode.
Newton iteration 1.
  X is a diagonal matrix.
    Line search step size 1.000000e+00.  Lack of positive definiteness.
    Line search step size 5.000000e-01.  Lack of positive definiteness.
    Line search step size chosen: 2.500000e-01.
  Objective value decreased by 7.422749e+00.
Newton iteration 2.
  Active set size = 10366.
  sub-gradient = 7.138463e+01, l1-norm of X = 3.341247e+01.
  Coordinate descent sweep 1. norm of D = 6.096531e+01, change in D = 6.096531e+01.
    Line search step size chosen: 1.000000e+00.
  Objective value decreased by 3.860532e+00.
Newton iteration 3.
  Active set size = 10260.
  sub-gradient = 9.256811e+01, l1-norm of X = 9.122555e+01.
  Coordinate descent sweep 1. norm of D = 2.172889e+01, change in D = 2.172889e+01.
  Coordinate descent sweep 2. norm of D = 2.079816e+01, change in D = 8.686731e+00.
    Line search step size chosen: 1.000000e+00.
  Objective value decreased by 1.223997e+00.
Newton iteration 4.
  Active set size = 10189.
  sub-gradient = 2.478267e+01, l1-norm of X = 8.741256e+01.
  Coordinate descent sweep 1. norm of D = 7.505381e+00, change in D = 7.505381e+00.
  Coordinate descent sweep 2. norm of D = 7.314204e+00, change in D = 3.902067e+00.
    Line search step size chosen: 1.000000e+00.
  Objective value decreased by 2.218771e-01.
Newton iteration 5.
  Active set size = 10164.
  sub-gradient = 4.660476e+00, l1-norm of X = 8.543176e+01.
  Coordinate descent sweep 1. norm of D = 2.405504e+00, change in D = 2.405504e+00.
  Coordinate descent sweep 2. norm of D = 2.588876e+00, change in D = 1.151949e+00.
    Line search step size chosen: 1.000000e+00.
  Objective value decreased by 2.535590e-02.
Newton iteration 6.
  Active set size = 10156.
  sub-gradient = 5.857783e-01, l1-norm of X = 8.500559e+01.
  Coordinate descent sweep 1. norm of D = 5.190217e-01, change in D = 5.190217e-01.
  Coordinate descent sweep 2. norm of D = 6.152215e-01, change in D = 2.333002e-01.
  Coordinate descent sweep 3. norm of D = 6.689040e-01, change in D = 1.180905e-01.
    Line search step size chosen: 1.000000e+00.
  Objective value decreased by 1.614268e-03.
Newton iteration 7.
  Active set size = 10157.
  sub-gradient = 5.560024e-02, l1-norm of X = 8.504436e+01.
  Coordinate descent sweep 1. norm of D = 5.847957e-02, change in D = 5.847957e-02.
  Coordinate descent sweep 2. norm of D = 7.444380e-02, change in D = 2.632787e-02.
  Coordinate descent sweep 3. norm of D = 8.122374e-02, change in D = 1.242100e-02.
    Line search step size chosen: 1.000000e+00.
  Objective value decreased by 3.638090e-05.
Newton iteration 8.
  Active set size = 10157.
  sub-gradient = 6.377797e-03, l1-norm of X = 8.505869e+01.
  Coordinate descent sweep 1. norm of D = 6.002578e-03, change in D = 6.002578e-03.
  Coordinate descent sweep 2. norm of D = 7.412153e-03, change in D = 3.089173e-03.
  Coordinate descent sweep 3. norm of D = 8.186037e-03, change in D = 1.546632e-03.
    Line search step size chosen: 1.000000e+00.
  Objective value decreased by 4.782323e-07.
QUIC CPU time: 4842.440 seconds
