[1] "/work-zfs/abattle4/prashanthi/recount3/data/colon/GTEx/weighted_covariances/cov_2.rds"
[1] "Data read complete"
Running QUIC version 1.1 in 'default' mode.
Newton iteration 1.
  X is a diagonal matrix.
    Line search step size 1.000000e+00.  Lack of positive definiteness.
    Line search step size 5.000000e-01.  Lack of positive definiteness.
    Line search step size chosen: 2.500000e-01.
  Objective value decreased by 4.440239e+00.
Newton iteration 2.
  Active set size = 9958.
  sub-gradient = 4.868191e+01, l1-norm of X = 2.234330e+01.
  Coordinate descent sweep 1. norm of D = 4.218242e+01, change in D = 4.218242e+01.
    Line search step size chosen: 1.000000e+00.
  Objective value decreased by 2.432582e+00.
Newton iteration 3.
  Active set size = 9905.
  sub-gradient = 8.350927e+01, l1-norm of X = 6.712768e+01.
  Coordinate descent sweep 1. norm of D = 1.417752e+01, change in D = 1.417752e+01.
  Coordinate descent sweep 2. norm of D = 1.334860e+01, change in D = 5.689412e+00.
    Line search step size chosen: 1.000000e+00.
  Objective value decreased by 7.914076e-01.
Newton iteration 4.
  Active set size = 9872.
  sub-gradient = 2.610380e+01, l1-norm of X = 6.405923e+01.
  Coordinate descent sweep 1. norm of D = 5.460868e+00, change in D = 5.460868e+00.
  Coordinate descent sweep 2. norm of D = 5.033251e+00, change in D = 2.745833e+00.
    Line search step size chosen: 1.000000e+00.
  Objective value decreased by 1.896495e-01.
Newton iteration 5.
  Active set size = 9862.
  sub-gradient = 6.866170e+00, l1-norm of X = 6.225256e+01.
  Coordinate descent sweep 1. norm of D = 2.034394e+00, change in D = 2.034394e+00.
  Coordinate descent sweep 2. norm of D = 1.988384e+00, change in D = 1.043784e+00.
    Line search step size chosen: 1.000000e+00.
  Objective value decreased by 3.196478e-02.
Newton iteration 6.
  Active set size = 9855.
  sub-gradient = 9.525534e-01, l1-norm of X = 6.151524e+01.
  Coordinate descent sweep 1. norm of D = 4.861478e-01, change in D = 4.861478e-01.
  Coordinate descent sweep 2. norm of D = 5.228926e-01, change in D = 1.864216e-01.
  Coordinate descent sweep 3. norm of D = 5.391873e-01, change in D = 7.439008e-02.
    Line search step size chosen: 1.000000e+00.
  Objective value decreased by 1.465931e-03.
Newton iteration 7.
  Active set size = 9854.
  sub-gradient = 4.813840e-02, l1-norm of X = 6.135711e+01.
  Coordinate descent sweep 1. norm of D = 3.139138e-02, change in D = 3.139138e-02.
  Coordinate descent sweep 2. norm of D = 3.672175e-02, change in D = 1.599911e-02.
  Coordinate descent sweep 3. norm of D = 3.918027e-02, change in D = 5.606201e-03.
    Line search step size chosen: 1.000000e+00.
  Objective value decreased by 6.864160e-06.
Newton iteration 8.
  Active set size = 9854.
  sub-gradient = 2.391030e-03, l1-norm of X = 6.135605e+01.
  Coordinate descent sweep 1. norm of D = 2.145258e-03, change in D = 2.145258e-03.
  Coordinate descent sweep 2. norm of D = 2.632986e-03, change in D = 1.008403e-03.
  Coordinate descent sweep 3. norm of D = 2.858208e-03, change in D = 4.501045e-04.
    Line search step size chosen: 1.000000e+00.
  Objective value decreased by 4.920912e-08.
QUIC CPU time: 2490.250 seconds
