[1] "/work-zfs/abattle4/prashanthi/recount3/data/colon/GTEx/weighted_covariances/cov_2.rds"
[1] "Data read complete"
Running QUIC version 1.1 in 'default' mode.
Newton iteration 1.
  X is a diagonal matrix.
    Line search step size 1.000000e+00.  Lack of positive definiteness.
    Line search step size chosen: 5.000000e-01.
  Objective value decreased by 2.400908e+00.
Newton iteration 2.
  Active set size = 9515.
  sub-gradient = 4.864892e+01, l1-norm of X = 2.273952e+01.
  Coordinate descent sweep 1. norm of D = 1.317360e+01, change in D = 1.317360e+01.
    Line search step size chosen: 1.000000e+00.
  Objective value decreased by 8.463005e-01.
Newton iteration 3.
  Active set size = 9502.
  sub-gradient = 1.851058e+01, l1-norm of X = 3.446788e+01.
  Coordinate descent sweep 1. norm of D = 4.720183e+00, change in D = 4.720183e+00.
  Coordinate descent sweep 2. norm of D = 4.898944e+00, change in D = 1.470708e+00.
    Line search step size chosen: 1.000000e+00.
  Objective value decreased by 2.394030e-01.
Newton iteration 4.
  Active set size = 9492.
  sub-gradient = 5.137057e+00, l1-norm of X = 3.445646e+01.
  Coordinate descent sweep 1. norm of D = 1.231435e+00, change in D = 1.231435e+00.
  Coordinate descent sweep 2. norm of D = 1.293239e+00, change in D = 6.096788e-01.
    Line search step size chosen: 1.000000e+00.
  Objective value decreased by 4.413596e-02.
Newton iteration 5.
  Active set size = 9496.
  sub-gradient = 1.076805e+00, l1-norm of X = 3.416560e+01.
  Coordinate descent sweep 1. norm of D = 5.975669e-01, change in D = 5.975669e-01.
  Coordinate descent sweep 2. norm of D = 7.030493e-01, change in D = 2.556050e-01.
    Line search step size chosen: 1.000000e+00.
  Objective value decreased by 1.214413e-02.
Newton iteration 6.
  Active set size = 9495.
  sub-gradient = 1.889824e-01, l1-norm of X = 3.413596e+01.
  Coordinate descent sweep 1. norm of D = 1.222470e-01, change in D = 1.222470e-01.
  Coordinate descent sweep 2. norm of D = 1.412671e-01, change in D = 5.538710e-02.
  Coordinate descent sweep 3. norm of D = 1.537895e-01, change in D = 1.995663e-02.
    Line search step size chosen: 1.000000e+00.
  Objective value decreased by 3.733313e-04.
Newton iteration 7.
  Active set size = 9495.
  sub-gradient = 8.340959e-03, l1-norm of X = 3.413450e+01.
  Coordinate descent sweep 1. norm of D = 8.294803e-03, change in D = 8.294803e-03.
  Coordinate descent sweep 2. norm of D = 1.088720e-02, change in D = 3.781859e-03.
  Coordinate descent sweep 3. norm of D = 1.145833e-02, change in D = 1.517679e-03.
    Line search step size chosen: 1.000000e+00.
  Objective value decreased by 1.949469e-06.
Newton iteration 8.
  Active set size = 9495.
  sub-gradient = 1.052111e-03, l1-norm of X = 3.413577e+01.
  Coordinate descent sweep 1. norm of D = 9.443342e-04, change in D = 9.443342e-04.
  Coordinate descent sweep 2. norm of D = 1.071860e-03, change in D = 3.540069e-04.
  Coordinate descent sweep 3. norm of D = 1.202715e-03, change in D = 2.014987e-04.
    Line search step size chosen: 1.000000e+00.
  Objective value decreased by 3.087916e-08.
QUIC CPU time: 2921.850 seconds
