[1] "/work-zfs/abattle4/prashanthi/recount3/data/colon/GTEx/weighted_covariances/cov_2.rds"
[1] "Data read complete"
Running QUIC version 1.1 in 'default' mode.
Newton iteration 1.
  X is a diagonal matrix.
    Line search step size 1.000000e+00.  Lack of positive definiteness.
    Line search step size chosen: 5.000000e-01.
  Objective value decreased by 1.551432e+00.
Newton iteration 2.
  Active set size = 9347.
  sub-gradient = 1.201996e+01, l1-norm of X = 1.394062e+01.
  Coordinate descent sweep 1. norm of D = 8.234722e+00, change in D = 8.234722e+00.
    Line search step size chosen: 1.000000e+00.
  Objective value decreased by 3.729284e-01.
Newton iteration 3.
  Active set size = 9337.
  sub-gradient = 3.090179e+00, l1-norm of X = 2.151206e+01.
  Coordinate descent sweep 1. norm of D = 2.492538e+00, change in D = 2.492538e+00.
  Coordinate descent sweep 2. norm of D = 2.650917e+00, change in D = 5.184317e-01.
    Line search step size chosen: 1.000000e+00.
  Objective value decreased by 3.911233e-02.
Newton iteration 4.
  Active set size = 9334.
  sub-gradient = 2.969194e-01, l1-norm of X = 2.163910e+01.
  Coordinate descent sweep 1. norm of D = 2.862630e-01, change in D = 2.862630e-01.
  Coordinate descent sweep 2. norm of D = 3.286707e-01, change in D = 8.416497e-02.
    Line search step size chosen: 1.000000e+00.
  Objective value decreased by 8.565200e-04.
Newton iteration 5.
  Active set size = 9334.
  sub-gradient = 2.895956e-02, l1-norm of X = 2.167333e+01.
  Coordinate descent sweep 1. norm of D = 3.006860e-02, change in D = 3.006860e-02.
  Coordinate descent sweep 2. norm of D = 3.640687e-02, change in D = 1.007596e-02.
    Line search step size chosen: 1.000000e+00.
  Objective value decreased by 1.425815e-05.
Newton iteration 6.
  Active set size = 9334.
  sub-gradient = 3.123716e-03, l1-norm of X = 2.167876e+01.
  Coordinate descent sweep 1. norm of D = 2.978590e-03, change in D = 2.978590e-03.
  Coordinate descent sweep 2. norm of D = 3.716388e-03, change in D = 1.824116e-03.
  Coordinate descent sweep 3. norm of D = 4.038285e-03, change in D = 6.871383e-04.
    Line search step size chosen: 1.000000e+00.
  Objective value decreased by 2.660490e-07.
Newton iteration 7.
  Active set size = 9334.
  sub-gradient = 2.437266e-04, l1-norm of X = 2.167968e+01.
  Coordinate descent sweep 1. norm of D = 2.592107e-04, change in D = 2.592107e-04.
  Coordinate descent sweep 2. norm of D = 3.020133e-04, change in D = 9.957792e-05.
  Coordinate descent sweep 3. norm of D = 3.184378e-04, change in D = 3.570173e-05.
    Line search step size chosen: 1.000000e+00.
  Objective value decreased by 1.875378e-09.
QUIC CPU time: 2117.140 seconds
