[1] "/work-zfs/abattle4/prashanthi/recount3/data/colon/GTEx/weighted_covariances/cov_2.rds"
[1] "Data read complete"
Running QUIC version 1.1 in 'default' mode.
Newton iteration 1.
  X is a diagonal matrix.
    Line search step size 1.000000e+00.  Lack of positive definiteness.
    Line search step size chosen: 5.000000e-01.
  Objective value decreased by 8.496387e-01.
Newton iteration 2.
  Active set size = 9234.
  sub-gradient = 4.243591e+00, l1-norm of X = 8.337380e+00.
  Coordinate descent sweep 1. norm of D = 4.319680e+00, change in D = 4.319680e+00.
    Line search step size chosen: 1.000000e+00.
  Objective value decreased by 1.763957e-01.
Newton iteration 3.
  Active set size = 9228.
  sub-gradient = 1.198172e+00, l1-norm of X = 1.304190e+01.
  Coordinate descent sweep 1. norm of D = 1.136598e+00, change in D = 1.136598e+00.
  Coordinate descent sweep 2. norm of D = 1.249182e+00, change in D = 2.130593e-01.
    Line search step size chosen: 1.000000e+00.
  Objective value decreased by 1.121208e-02.
Newton iteration 4.
  Active set size = 9227.
  sub-gradient = 1.004038e-01, l1-norm of X = 1.317950e+01.
  Coordinate descent sweep 1. norm of D = 9.199343e-02, change in D = 9.199343e-02.
  Coordinate descent sweep 2. norm of D = 1.027485e-01, change in D = 2.282029e-02.
    Line search step size chosen: 1.000000e+00.
  Objective value decreased by 1.313847e-04.
Newton iteration 5.
  Active set size = 9227.
  sub-gradient = 6.521509e-03, l1-norm of X = 1.319009e+01.
  Coordinate descent sweep 1. norm of D = 5.569868e-03, change in D = 5.569868e-03.
  Coordinate descent sweep 2. norm of D = 7.634801e-03, change in D = 3.311295e-03.
    Line search step size chosen: 1.000000e+00.
  Objective value decreased by 1.218292e-06.
Newton iteration 6.
  Active set size = 9227.
  sub-gradient = 1.605903e-03, l1-norm of X = 1.319233e+01.
  Coordinate descent sweep 1. norm of D = 1.478609e-03, change in D = 1.478609e-03.
  Coordinate descent sweep 2. norm of D = 1.638096e-03, change in D = 3.686226e-04.
  Coordinate descent sweep 3. norm of D = 1.716132e-03, change in D = 1.524561e-04.
    Line search step size chosen: 1.000000e+00.
  Objective value decreased by 6.866503e-08.
Newton iteration 7.
  Active set size = 9227.
  sub-gradient = 5.665842e-05, l1-norm of X = 1.319286e+01.
  Coordinate descent sweep 1. norm of D = 6.053787e-05, change in D = 6.053787e-05.
  Coordinate descent sweep 2. norm of D = 6.605936e-05, change in D = 1.578701e-05.
  Coordinate descent sweep 3. norm of D = 6.915794e-05, change in D = 8.856791e-06.
    Line search step size chosen: 1.000000e+00.
  Objective value decreased by 1.200533e-10.
QUIC CPU time: 2222.200 seconds
