[1] "/work-zfs/abattle4/prashanthi/recount3/data/colon/GTEx/weighted_covariances/cov_2.rds"
[1] "Data read complete"
Running QUIC version 1.1 in 'default' mode.
Newton iteration 1.
  X is a diagonal matrix.
    Line search step size chosen: 1.000000e+00.
  Objective value decreased by 5.459003e-03.
Newton iteration 2.
  Active set size = 9081.
  sub-gradient = 1.118247e-02, l1-norm of X = 3.139720e-01.
  Coordinate descent sweep 1. norm of D = 1.107759e-02, change in D = 1.107759e-02.
    Line search step size chosen: 1.000000e+00.
  Objective value decreased by 9.384208e-06.
Newton iteration 3.
  Active set size = 9081.
  sub-gradient = 3.776966e-04, l1-norm of X = 3.136804e-01.
  Coordinate descent sweep 1. norm of D = 4.106382e-04, change in D = 4.106382e-04.
  Coordinate descent sweep 2. norm of D = 4.460195e-04, change in D = 3.545977e-05.
    Line search step size chosen: 1.000000e+00.
  Objective value decreased by 8.075585e-08.
Newton iteration 4.
  Active set size = 9081.
  sub-gradient = 1.657501e-06, l1-norm of X = 3.143690e-01.
  Coordinate descent sweep 1. norm of D = 1.958408e-06, change in D = 1.958408e-06.
  Coordinate descent sweep 2. norm of D = 1.990294e-06, change in D = 3.188643e-08.
    Line search step size chosen: 1.000000e+00.
  Objective value decreased by 0.000000e+00.
QUIC CPU time: 1236.990 seconds
