[1] "sra_normal" "450"        "unweighted" "0.04"      
[1] "Data read complete"
Running QUIC version 1.1 in 'default' mode.
Newton iteration 1.
  X is a diagonal matrix.
    Line search step size 1.000000e+00.  Lack of positive definiteness.
    Line search step size 5.000000e-01.  Lack of positive definiteness.
    Line search step size 2.500000e-01.  Lack of positive definiteness.
    Line search step size 1.250000e-01.  Lack of positive definiteness.
    Line search step size 6.250000e-02.  Lack of positive definiteness.
    Line search step size 3.125000e-02.  Lack of positive definiteness.
    Line search step size chosen: 1.562500e-02.
  Objective value decreased by 1.894090e+02.
Newton iteration 2.
  Active set size = 3878270.
  sub-gradient = 9.781633e+04, l1-norm of X = 1.259608e+02.
  Coordinate descent sweep 1. norm of D = 4.827947e+04, change in D = 4.827947e+04.
    Line search step size 1.000000e+00.  Lack of positive definiteness.
    Line search step size 5.000000e-01.  Lack of positive definiteness.
    Line search step size 2.500000e-01.  Lack of positive definiteness.
    Line search step size 1.250000e-01.  Lack of positive definiteness.
    Line search step size 6.250000e-02.  Lack of positive definiteness.
    Line search step size chosen: 3.125000e-02.
  Objective value decreased by 1.731262e+02.
Newton iteration 3.
  Active set size = 4204454.
  sub-gradient = 7.604074e+04, l1-norm of X = 2.445554e+02.
  Coordinate descent sweep 1. norm of D = 1.884898e+04, change in D = 1.884898e+04.
  Coordinate descent sweep 2. norm of D = 1.584757e+04, change in D = 6.378658e+03.
    Line search step size 1.000000e+00.  Lack of positive definiteness.
    Line search step size 5.000000e-01.  Lack of positive definiteness.
    Line search step size 2.500000e-01.  Lack of positive definiteness.
    Line search step size chosen: 1.250000e-01.
  Objective value decreased by 1.530658e+02.
Newton iteration 4.
  Active set size = 4449035.
  sub-gradient = 8.970268e+04, l1-norm of X = 3.681832e+02.
  Coordinate descent sweep 1. norm of D = 8.705412e+03, change in D = 8.705412e+03.
  Coordinate descent sweep 2. norm of D = 8.249658e+03, change in D = 2.833648e+03.
    Line search step size 1.000000e+00.  Lack of positive definiteness.
    Line search step size 5.000000e-01.  Lack of positive definiteness.
    Line search step size chosen: 2.500000e-01.
  Objective value decreased by 9.779356e+01.
Newton iteration 5.
  Active set size = 4299429.
  sub-gradient = 8.870406e+04, l1-norm of X = 4.388284e+02.
  Coordinate descent sweep 1. norm of D = 5.607944e+03, change in D = 5.607944e+03.
  Coordinate descent sweep 2. norm of D = 5.698827e+03, change in D = 1.820827e+03.
    Line search step size 1.000000e+00.  Lack of positive definiteness.
    Line search step size chosen: 5.000000e-01.
  Objective value decreased by 9.144974e+01.
Newton iteration 6.
  Active set size = 4178042.
  sub-gradient = 9.679388e+04, l1-norm of X = 4.981075e+02.
  Coordinate descent sweep 1. norm of D = 2.946527e+03, change in D = 2.946527e+03.
  Coordinate descent sweep 2. norm of D = 3.210854e+03, change in D = 1.099641e+03.
  Coordinate descent sweep 3. norm of D = 3.336852e+03, change in D = 5.483391e+02.
    Line search step size chosen: 1.000000e+00.
  Objective value decreased by 6.189078e+01.
Newton iteration 7.
  Active set size = 737630.
  sub-gradient = 3.587826e+03, l1-norm of X = 5.449394e+02.
  Coordinate descent sweep 1. norm of D = 4.805721e+02, change in D = 4.805721e+02.
  Coordinate descent sweep 2. norm of D = 5.477407e+02, change in D = 3.177051e+02.
  Coordinate descent sweep 3. norm of D = 5.910348e+02, change in D = 1.990841e+02.
    Line search step size chosen: 1.000000e+00.
  Objective value decreased by 3.695215e+00.
Newton iteration 8.
  Active set size = 643608.
  sub-gradient = 6.227084e+02, l1-norm of X = 5.520657e+02.
  Coordinate descent sweep 1. norm of D = 1.483686e+02, change in D = 1.483686e+02.
  Coordinate descent sweep 2. norm of D = 1.722556e+02, change in D = 1.065828e+02.
  Coordinate descent sweep 3. norm of D = 1.841270e+02, change in D = 7.559711e+01.
    Line search step size chosen: 1.000000e+00.
  Objective value decreased by 6.149767e-01.
Newton iteration 9.
  Active set size = 628340.
  sub-gradient = 8.657717e+01, l1-norm of X = 5.539170e+02.
  Coordinate descent sweep 1. norm of D = 5.813767e+01, change in D = 5.813767e+01.
  Coordinate descent sweep 2. norm of D = 6.687867e+01, change in D = 4.455599e+01.
  Coordinate descent sweep 3. norm of D = 7.132184e+01, change in D = 3.480776e+01.
  Coordinate descent sweep 4. norm of D = 7.403929e+01, change in D = 2.766980e+01.
    Line search step size chosen: 1.000000e+00.
  Objective value decreased by 1.883841e-01.
Newton iteration 10.
  Active set size = 627054.
  sub-gradient = 2.522259e+01, l1-norm of X = 5.545225e+02.
  Coordinate descent sweep 1. norm of D = 2.275155e+01, change in D = 2.275155e+01.
  Coordinate descent sweep 2. norm of D = 2.616869e+01, change in D = 1.872721e+01.
  Coordinate descent sweep 3. norm of D = 2.771037e+01, change in D = 1.572183e+01.
  Coordinate descent sweep 4. norm of D = 2.865731e+01, change in D = 1.350133e+01.
    Line search step size chosen: 1.000000e+00.
  Objective value decreased by 5.281552e-02.
Newton iteration 11.
  Active set size = 626778.
  sub-gradient = 1.162762e+01, l1-norm of X = 5.546801e+02.
  Coordinate descent sweep 1. norm of D = 1.163742e+01, change in D = 1.163742e+01.
  Coordinate descent sweep 2. norm of D = 1.348777e+01, change in D = 1.029354e+01.
  Coordinate descent sweep 3. norm of D = 1.410859e+01, change in D = 8.998329e+00.
  Coordinate descent sweep 4. norm of D = 1.443245e+01, change in D = 7.851054e+00.
    Line search step size chosen: 1.000000e+00.
  Objective value decreased by 2.057539e-02.
Newton iteration 12.
  Active set size = 626579.
  sub-gradient = 8.469141e+00, l1-norm of X = 5.547502e+02.
  Coordinate descent sweep 1. norm of D = 6.767565e+00, change in D = 6.767565e+00.
  Coordinate descent sweep 2. norm of D = 7.882237e+00, change in D = 6.223228e+00.
  Coordinate descent sweep 3. norm of D = 8.213953e+00, change in D = 5.626903e+00.
  Coordinate descent sweep 4. norm of D = 8.517626e+00, change in D = 5.259799e+00.
  Coordinate descent sweep 5. norm of D = 8.588331e+00, change in D = 4.720723e+00.
    Line search step size chosen: 1.000000e+00.
  Objective value decreased by 1.132596e-02.
Newton iteration 13.
  Active set size = 626432.
  sub-gradient = 3.714409e+00, l1-norm of X = 5.547861e+02.
  Coordinate descent sweep 1. norm of D = 4.224303e+00, change in D = 4.224303e+00.
  Coordinate descent sweep 2. norm of D = 4.577475e+00, change in D = 3.587068e+00.
  Coordinate descent sweep 3. norm of D = 4.951426e+00, change in D = 3.390100e+00.
  Coordinate descent sweep 4. norm of D = 4.973594e+00, change in D = 3.031935e+00.
  Coordinate descent sweep 5. norm of D = 5.029474e+00, change in D = 2.720848e+00.
    Line search step size chosen: 1.000000e+00.
  Objective value decreased by 5.138283e-03.
Newton iteration 14.
  Active set size = 626553.
  sub-gradient = 4.282722e+00, l1-norm of X = 5.548031e+02.
  Coordinate descent sweep 1. norm of D = 2.537955e+00, change in D = 2.537955e+00.
  Coordinate descent sweep 2. norm of D = 2.880378e+00, change in D = 2.358167e+00.
  Coordinate descent sweep 3. norm of D = 2.926812e+00, change in D = 2.075912e+00.
  Coordinate descent sweep 4. norm of D = 3.011834e+00, change in D = 1.940256e+00.
  Coordinate descent sweep 5. norm of D = 3.173539e+00, change in D = 1.932104e+00.
    Line search step size chosen: 1.000000e+00.
  Objective value decreased by 2.421283e-03.
Newton iteration 15.
  Active set size = 626388.
  sub-gradient = 2.094936e+00, l1-norm of X = 5.548159e+02.
  Coordinate descent sweep 1. norm of D = 1.839217e+00, change in D = 1.839217e+00.
  Coordinate descent sweep 2. norm of D = 2.048215e+00, change in D = 1.618191e+00.
  Coordinate descent sweep 3. norm of D = 2.129095e+00, change in D = 1.450525e+00.
  Coordinate descent sweep 4. norm of D = 2.152563e+00, change in D = 1.364123e+00.
  Coordinate descent sweep 5. norm of D = 2.216174e+00, change in D = 1.305882e+00.
  Coordinate descent sweep 6. norm of D = 2.197616e+00, change in D = 1.196699e+00.
    Line search step size chosen: 1.000000e+00.
  Objective value decreased by 1.338806e-03.
Newton iteration 16.
  Active set size = 626316.
  sub-gradient = 9.747802e-01, l1-norm of X = 5.548246e+02.
  Coordinate descent sweep 1. norm of D = 1.082277e+00, change in D = 1.082277e+00.
  Coordinate descent sweep 2. norm of D = 1.200036e+00, change in D = 9.937698e-01.
  Coordinate descent sweep 3. norm of D = 1.263440e+00, change in D = 9.257441e-01.
  Coordinate descent sweep 4. norm of D = 1.239633e+00, change in D = 8.267263e-01.
  Coordinate descent sweep 5. norm of D = 1.258640e+00, change in D = 7.351885e-01.
  Coordinate descent sweep 6. norm of D = 1.262689e+00, change in D = 6.952017e-01.
    Line search step size chosen: 1.000000e+00.
  Objective value decreased by 5.944742e-04.
Newton iteration 17.
  Active set size = 626307.
  sub-gradient = 6.806239e-01, l1-norm of X = 5.548289e+02.
  Coordinate descent sweep 1. norm of D = 6.697424e-01, change in D = 6.697424e-01.
  Coordinate descent sweep 2. norm of D = 7.592312e-01, change in D = 6.376898e-01.
  Coordinate descent sweep 3. norm of D = 8.027508e-01, change in D = 6.320924e-01.
  Coordinate descent sweep 4. norm of D = 7.879619e-01, change in D = 5.689535e-01.
  Coordinate descent sweep 5. norm of D = 7.683965e-01, change in D = 4.932273e-01.
  Coordinate descent sweep 6. norm of D = 8.027285e-01, change in D = 4.654438e-01.
    Line search step size chosen: 1.000000e+00.
  Objective value decreased by 2.716420e-04.
Newton iteration 18.
  Active set size = 626295.
  sub-gradient = 5.147896e-01, l1-norm of X = 5.548317e+02.
  Coordinate descent sweep 1. norm of D = 4.115493e-01, change in D = 4.115493e-01.
  Coordinate descent sweep 2. norm of D = 5.244738e-01, change in D = 4.345821e-01.
  Coordinate descent sweep 3. norm of D = 5.492342e-01, change in D = 4.393418e-01.
  Coordinate descent sweep 4. norm of D = 5.629282e-01, change in D = 4.238174e-01.
  Coordinate descent sweep 5. norm of D = 5.075075e-01, change in D = 3.362291e-01.
  Coordinate descent sweep 6. norm of D = 5.780900e-01, change in D = 3.689089e-01.
  Coordinate descent sweep 7. norm of D = 5.453015e-01, change in D = 3.431286e-01.
    Line search step size chosen: 1.000000e+00.
  Objective value decreased by 1.434985e-04.
Newton iteration 19.
  Active set size = 626296.
  sub-gradient = 4.337664e-01, l1-norm of X = 5.548336e+02.
  Coordinate descent sweep 1. norm of D = 2.798431e-01, change in D = 2.798431e-01.
  Coordinate descent sweep 2. norm of D = 3.664733e-01, change in D = 3.100161e-01.
  Coordinate descent sweep 3. norm of D = 3.725597e-01, change in D = 3.161018e-01.
  Coordinate descent sweep 4. norm of D = 3.379048e-01, change in D = 2.496118e-01.
  Coordinate descent sweep 5. norm of D = 3.608410e-01, change in D = 2.436954e-01.
  Coordinate descent sweep 6. norm of D = 3.363378e-01, change in D = 2.094636e-01.
  Coordinate descent sweep 7. norm of D = 3.588628e-01, change in D = 2.009576e-01.
    Line search step size chosen: 1.000000e+00.
  Objective value decreased by 6.801229e-05.
Newton iteration 20.
  Active set size = 626280.
  sub-gradient = 2.043559e-01, l1-norm of X = 5.548348e+02.
  Coordinate descent sweep 1. norm of D = 2.089460e-01, change in D = 2.089460e-01.
  Coordinate descent sweep 2. norm of D = 2.351380e-01, change in D = 2.014235e-01.
  Coordinate descent sweep 3. norm of D = 2.359534e-01, change in D = 1.859858e-01.
  Coordinate descent sweep 4. norm of D = 2.217192e-01, change in D = 1.544860e-01.
  Coordinate descent sweep 5. norm of D = 2.405525e-01, change in D = 1.548079e-01.
  Coordinate descent sweep 6. norm of D = 2.285319e-01, change in D = 1.437875e-01.
  Coordinate descent sweep 7. norm of D = 2.516734e-01, change in D = 1.608543e-01.
    Line search step size chosen: 1.000000e+00.
  Objective value decreased by 3.381747e-05.
Newton iteration 21.
  Active set size = 626274.
  sub-gradient = 1.385184e-01, l1-norm of X = 5.548357e+02.
  Coordinate descent sweep 1. norm of D = 1.368986e-01, change in D = 1.368986e-01.
  Coordinate descent sweep 2. norm of D = 1.744794e-01, change in D = 1.341013e-01.
  Coordinate descent sweep 3. norm of D = 1.635578e-01, change in D = 1.123436e-01.
  Coordinate descent sweep 4. norm of D = 1.843434e-01, change in D = 1.244943e-01.
  Coordinate descent sweep 5. norm of D = 1.746957e-01, change in D = 1.152461e-01.
  Coordinate descent sweep 6. norm of D = 1.731110e-01, change in D = 9.602607e-02.
  Coordinate descent sweep 7. norm of D = 1.778887e-01, change in D = 9.824741e-02.
  Coordinate descent sweep 8. norm of D = 1.776240e-01, change in D = 9.814486e-02.
    Line search step size chosen: 1.000000e+00.
  Objective value decreased by 1.616372e-05.
Newton iteration 22.
  Active set size = 626270.
  sub-gradient = 9.215820e-02, l1-norm of X = 5.548363e+02.
  Coordinate descent sweep 1. norm of D = 8.511624e-02, change in D = 8.511624e-02.
  Coordinate descent sweep 2. norm of D = 9.774846e-02, change in D = 7.862344e-02.
  Coordinate descent sweep 3. norm of D = 1.035750e-01, change in D = 7.790735e-02.
  Coordinate descent sweep 4. norm of D = 1.032492e-01, change in D = 7.387456e-02.
  Coordinate descent sweep 5. norm of D = 1.010576e-01, change in D = 6.406311e-02.
  Coordinate descent sweep 6. norm of D = 1.089696e-01, change in D = 7.393462e-02.
  Coordinate descent sweep 7. norm of D = 1.037536e-01, change in D = 6.933961e-02.
  Coordinate descent sweep 8. norm of D = 1.025389e-01, change in D = 5.800591e-02.
    Line search step size chosen: 1.000000e+00.
  Objective value decreased by 7.271347e-06.
Newton iteration 23.
  Active set size = 626269.
  sub-gradient = 7.837145e-02, l1-norm of X = 5.548367e+02.
  Coordinate descent sweep 1. norm of D = 6.494729e-02, change in D = 6.494729e-02.
  Coordinate descent sweep 2. norm of D = 6.155551e-02, change in D = 5.882792e-02.
  Coordinate descent sweep 3. norm of D = 6.552079e-02, change in D = 5.214641e-02.
  Coordinate descent sweep 4. norm of D = 6.304032e-02, change in D = 4.762543e-02.
  Coordinate descent sweep 5. norm of D = 6.232026e-02, change in D = 4.393246e-02.
  Coordinate descent sweep 6. norm of D = 6.572780e-02, change in D = 4.435014e-02.
  Coordinate descent sweep 7. norm of D = 6.416476e-02, change in D = 4.091977e-02.
  Coordinate descent sweep 8. norm of D = 6.029452e-02, change in D = 3.271813e-02.
    Line search step size chosen: 1.000000e+00.
  Objective value decreased by 3.693209e-06.
Newton iteration 24.
  Active set size = 626269.
  sub-gradient = 4.943420e-02, l1-norm of X = 5.548369e+02.
  Coordinate descent sweep 1. norm of D = 3.409087e-02, change in D = 3.409087e-02.
  Coordinate descent sweep 2. norm of D = 3.475316e-02, change in D = 3.287507e-02.
  Coordinate descent sweep 3. norm of D = 3.619738e-02, change in D = 3.075770e-02.
  Coordinate descent sweep 4. norm of D = 3.819736e-02, change in D = 3.186283e-02.
  Coordinate descent sweep 5. norm of D = 4.055044e-02, change in D = 3.353804e-02.
  Coordinate descent sweep 6. norm of D = 3.851396e-02, change in D = 3.054932e-02.
  Coordinate descent sweep 7. norm of D = 3.675259e-02, change in D = 2.599665e-02.
  Coordinate descent sweep 8. norm of D = 3.491444e-02, change in D = 2.073550e-02.
  Coordinate descent sweep 9. norm of D = 3.779624e-02, change in D = 2.328362e-02.
    Line search step size chosen: 1.000000e+00.
  Objective value decreased by 1.645675e-06.
QUIC CPU time: 11660.770 seconds
