[1] "sra_normal" "450"        "unweighted" "0.42"      
[1] "Data read complete"
Running QUIC version 1.1 in 'default' mode.
Newton iteration 1.
  X is a diagonal matrix.
    Line search step size 1.000000e+00.  Lack of positive definiteness.
    Line search step size chosen: 5.000000e-01.
  Objective value decreased by 2.420472e+00.
Newton iteration 2.
  Active set size = 6579.
  sub-gradient = 6.539116e+01, l1-norm of X = 1.839367e+01.
  Coordinate descent sweep 1. norm of D = 1.355023e+01, change in D = 1.355023e+01.
    Line search step size chosen: 1.000000e+00.
  Objective value decreased by 7.044266e-01.
Newton iteration 3.
  Active set size = 6469.
  sub-gradient = 2.227796e+01, l1-norm of X = 2.353119e+01.
  Coordinate descent sweep 1. norm of D = 5.495693e+00, change in D = 5.495693e+00.
  Coordinate descent sweep 2. norm of D = 5.739707e+00, change in D = 2.245687e+00.
    Line search step size chosen: 1.000000e+00.
  Objective value decreased by 1.999904e-01.
Newton iteration 4.
  Active set size = 6434.
  sub-gradient = 5.509614e+00, l1-norm of X = 2.327261e+01.
  Coordinate descent sweep 1. norm of D = 1.845707e+00, change in D = 1.845707e+00.
  Coordinate descent sweep 2. norm of D = 1.883744e+00, change in D = 8.722761e-01.
    Line search step size chosen: 1.000000e+00.
  Objective value decreased by 3.163919e-02.
Newton iteration 5.
  Active set size = 6432.
  sub-gradient = 7.638094e-01, l1-norm of X = 2.300921e+01.
  Coordinate descent sweep 1. norm of D = 5.503583e-01, change in D = 5.503583e-01.
  Coordinate descent sweep 2. norm of D = 5.977729e-01, change in D = 2.169644e-01.
    Line search step size chosen: 1.000000e+00.
  Objective value decreased by 3.278281e-03.
Newton iteration 6.
  Active set size = 6434.
  sub-gradient = 9.655773e-02, l1-norm of X = 2.299081e+01.
  Coordinate descent sweep 1. norm of D = 8.858197e-02, change in D = 8.858197e-02.
  Coordinate descent sweep 2. norm of D = 1.034962e-01, change in D = 3.629542e-02.
  Coordinate descent sweep 3. norm of D = 1.097802e-01, change in D = 1.663861e-02.
    Line search step size chosen: 1.000000e+00.
  Objective value decreased by 6.711342e-05.
Newton iteration 7.
  Active set size = 6434.
  sub-gradient = 8.154567e-03, l1-norm of X = 2.299469e+01.
  Coordinate descent sweep 1. norm of D = 8.104929e-03, change in D = 8.104929e-03.
  Coordinate descent sweep 2. norm of D = 9.784787e-03, change in D = 3.651210e-03.
  Coordinate descent sweep 3. norm of D = 1.024237e-02, change in D = 1.526193e-03.
    Line search step size chosen: 1.000000e+00.
  Objective value decreased by 8.311436e-07.
Newton iteration 8.
  Active set size = 6434.
  sub-gradient = 6.974171e-04, l1-norm of X = 2.299565e+01.
  Coordinate descent sweep 1. norm of D = 7.041413e-04, change in D = 7.041413e-04.
  Coordinate descent sweep 2. norm of D = 8.550895e-04, change in D = 3.433856e-04.
  Coordinate descent sweep 3. norm of D = 9.124999e-04, change in D = 1.351975e-04.
    Line search step size chosen: 1.000000e+00.
  Objective value decreased by 5.804395e-09.
QUIC CPU time: 751.590 seconds
