[1] "sra_normal" "450"        "unweighted" "0.66"      
[1] "Data read complete"
Running QUIC version 1.1 in 'default' mode.
Newton iteration 1.
  X is a diagonal matrix.
    Line search step size chosen: 1.000000e+00.
  Objective value decreased by 5.234530e-02.
Newton iteration 2.
  Active set size = 5776.
  sub-gradient = 1.134541e-01, l1-norm of X = 6.920907e-01.
  Coordinate descent sweep 1. norm of D = 1.049676e-01, change in D = 1.049676e-01.
    Line search step size chosen: 1.000000e+00.
  Objective value decreased by 7.575085e-04.
Newton iteration 3.
  Active set size = 5776.
  sub-gradient = 1.016805e-02, l1-norm of X = 6.874814e-01.
  Coordinate descent sweep 1. norm of D = 1.443899e-02, change in D = 1.443899e-02.
  Coordinate descent sweep 2. norm of D = 1.557288e-02, change in D = 1.136656e-03.
    Line search step size chosen: 1.000000e+00.
  Objective value decreased by 5.064560e-05.
Newton iteration 4.
  Active set size = 5776.
  sub-gradient = 3.382056e-04, l1-norm of X = 7.003316e-01.
  Coordinate descent sweep 1. norm of D = 3.565690e-04, change in D = 3.565690e-04.
  Coordinate descent sweep 2. norm of D = 4.237632e-04, change in D = 6.719747e-05.
    Line search step size chosen: 1.000000e+00.
  Objective value decreased by 3.278547e-08.
Newton iteration 5.
  Active set size = 5776.
  sub-gradient = 4.252429e-06, l1-norm of X = 7.004359e-01.
  Coordinate descent sweep 1. norm of D = 5.558937e-06, change in D = 5.558937e-06.
  Coordinate descent sweep 2. norm of D = 5.811365e-06, change in D = 3.005704e-07.
    Line search step size chosen: 1.000000e+00.
  Objective value decreased by 1.182343e-11.
QUIC CPU time: 439.330 seconds
