[1] "sra_normal" "450"        "unweighted" "0.72"      
[1] "Data read complete"
Running QUIC version 1.1 in 'default' mode.
Newton iteration 1.
  X is a diagonal matrix.
    Line search step size chosen: 1.000000e+00.
  Objective value decreased by 1.204596e-02.
Newton iteration 2.
  Active set size = 5772.
  sub-gradient = 2.530530e-02, l1-norm of X = 2.660523e-01.
  Coordinate descent sweep 1. norm of D = 2.486177e-02, change in D = 2.486177e-02.
    Line search step size chosen: 1.000000e+00.
  Objective value decreased by 8.301288e-05.
Newton iteration 3.
  Active set size = 5772.
  sub-gradient = 4.139723e-04, l1-norm of X = 2.673971e-01.
  Coordinate descent sweep 1. norm of D = 4.098614e-04, change in D = 4.098614e-04.
  Coordinate descent sweep 2. norm of D = 4.420470e-04, change in D = 4.684492e-05.
    Line search step size chosen: 1.000000e+00.
  Objective value decreased by 3.782952e-08.
Newton iteration 4.
  Active set size = 5772.
  sub-gradient = 1.124133e-06, l1-norm of X = 2.674386e-01.
  Coordinate descent sweep 1. norm of D = 1.244824e-06, change in D = 1.244824e-06.
  Coordinate descent sweep 2. norm of D = 1.454012e-06, change in D = 2.091874e-07.
    Line search step size chosen: 1.000000e+00.
  Objective value decreased by 2.728484e-12.
QUIC CPU time: 321.170 seconds
