[1] "GTEx"          "30"            "pooling_first" "0.56"         
[1] "Data read complete"
Running QUIC version 1.1 in 'default' mode.
Newton iteration 1.
  X is a diagonal matrix.
    Line search step size chosen: 1.000000e+00.
  Objective value decreased by 1.705701e+00.
Newton iteration 2.
  Active set size = 5899.
  sub-gradient = 1.398232e+01, l1-norm of X = 1.363743e+01.
  Coordinate descent sweep 1. norm of D = 4.784889e+00, change in D = 4.784889e+00.
    Line search step size chosen: 1.000000e+00.
  Objective value decreased by 4.156473e-01.
Newton iteration 3.
  Active set size = 5897.
  sub-gradient = 2.961633e+00, l1-norm of X = 1.236994e+01.
  Coordinate descent sweep 1. norm of D = 2.189467e+00, change in D = 2.189467e+00.
  Coordinate descent sweep 2. norm of D = 2.572935e+00, change in D = 7.564155e-01.
    Line search step size chosen: 1.000000e+00.
  Objective value decreased by 8.170308e-02.
Newton iteration 4.
  Active set size = 5896.
  sub-gradient = 4.677860e-01, l1-norm of X = 1.248352e+01.
  Coordinate descent sweep 1. norm of D = 4.067864e-01, change in D = 4.067864e-01.
  Coordinate descent sweep 2. norm of D = 4.952169e-01, change in D = 1.607333e-01.
    Line search step size chosen: 1.000000e+00.
  Objective value decreased by 4.163120e-03.
Newton iteration 5.
  Active set size = 5896.
  sub-gradient = 7.230789e-02, l1-norm of X = 1.257663e+01.
  Coordinate descent sweep 1. norm of D = 8.130754e-02, change in D = 8.130754e-02.
  Coordinate descent sweep 2. norm of D = 1.104143e-01, change in D = 3.589249e-02.
    Line search step size chosen: 1.000000e+00.
  Objective value decreased by 2.474480e-04.
Newton iteration 6.
  Active set size = 5896.
  sub-gradient = 1.360766e-02, l1-norm of X = 1.260142e+01.
  Coordinate descent sweep 1. norm of D = 1.642136e-02, change in D = 1.642136e-02.
  Coordinate descent sweep 2. norm of D = 2.043208e-02, change in D = 7.521427e-03.
  Coordinate descent sweep 3. norm of D = 2.452975e-02, change in D = 4.538351e-03.
    Line search step size chosen: 1.000000e+00.
  Objective value decreased by 2.303903e-05.
Newton iteration 7.
  Active set size = 5896.
  sub-gradient = 1.419352e-03, l1-norm of X = 1.260983e+01.
  Coordinate descent sweep 1. norm of D = 1.439792e-03, change in D = 1.439792e-03.
  Coordinate descent sweep 2. norm of D = 2.681555e-03, change in D = 1.420225e-03.
  Coordinate descent sweep 3. norm of D = 3.286974e-03, change in D = 6.219681e-04.
    Line search step size chosen: 1.000000e+00.
  Objective value decreased by 4.656231e-07.
Newton iteration 8.
  Active set size = 5896.
  sub-gradient = 2.236242e-04, l1-norm of X = 1.261102e+01.
  Coordinate descent sweep 1. norm of D = 2.444100e-04, change in D = 2.444100e-04.
  Coordinate descent sweep 2. norm of D = 3.139871e-04, change in D = 9.787332e-05.
  Coordinate descent sweep 3. norm of D = 4.096104e-04, change in D = 9.885166e-05.
    Line search step size chosen: 1.000000e+00.
  Objective value decreased by 8.233656e-09.
QUIC CPU time: 1017.128 seconds
