[1] "GTEx"          "30"            "pooling_first" "0.62"         
[1] "Data read complete"
Running QUIC version 1.1 in 'default' mode.
Newton iteration 1.
  X is a diagonal matrix.
    Line search step size chosen: 1.000000e+00.
  Objective value decreased by 1.033069e+00.
Newton iteration 2.
  Active set size = 5856.
  sub-gradient = 4.620070e+00, l1-norm of X = 8.553384e+00.
  Coordinate descent sweep 1. norm of D = 2.691142e+00, change in D = 2.691142e+00.
    Line search step size chosen: 1.000000e+00.
  Objective value decreased by 1.121259e-01.
Newton iteration 3.
  Active set size = 5856.
  sub-gradient = 7.189383e-01, l1-norm of X = 7.805636e+00.
  Coordinate descent sweep 1. norm of D = 7.917399e-01, change in D = 7.917399e-01.
  Coordinate descent sweep 2. norm of D = 9.440959e-01, change in D = 2.115969e-01.
    Line search step size chosen: 1.000000e+00.
  Objective value decreased by 1.248890e-02.
Newton iteration 4.
  Active set size = 5856.
  sub-gradient = 6.640216e-02, l1-norm of X = 8.117954e+00.
  Coordinate descent sweep 1. norm of D = 7.494784e-02, change in D = 7.494784e-02.
  Coordinate descent sweep 2. norm of D = 9.596219e-02, change in D = 2.618016e-02.
    Line search step size chosen: 1.000000e+00.
  Objective value decreased by 1.877201e-04.
Newton iteration 5.
  Active set size = 5856.
  sub-gradient = 7.282133e-03, l1-norm of X = 8.148123e+00.
  Coordinate descent sweep 1. norm of D = 8.585136e-03, change in D = 8.585136e-03.
  Coordinate descent sweep 2. norm of D = 1.174859e-02, change in D = 4.090515e-03.
    Line search step size chosen: 1.000000e+00.
  Objective value decreased by 5.342079e-06.
Newton iteration 6.
  Active set size = 5856.
  sub-gradient = 1.374443e-03, l1-norm of X = 8.153201e+00.
  Coordinate descent sweep 1. norm of D = 1.671840e-03, change in D = 1.671840e-03.
  Coordinate descent sweep 2. norm of D = 2.180082e-03, change in D = 5.286015e-04.
  Coordinate descent sweep 3. norm of D = 2.349724e-03, change in D = 1.901416e-04.
    Line search step size chosen: 1.000000e+00.
  Objective value decreased by 1.898143e-07.
Newton iteration 7.
  Active set size = 5856.
  sub-gradient = 5.891064e-05, l1-norm of X = 8.153885e+00.
  Coordinate descent sweep 1. norm of D = 7.402701e-05, change in D = 7.402701e-05.
  Coordinate descent sweep 2. norm of D = 9.460624e-05, change in D = 2.307800e-05.
  Coordinate descent sweep 3. norm of D = 1.071443e-04, change in D = 1.338862e-05.
    Line search step size chosen: 1.000000e+00.
  Objective value decreased by 5.866241e-10.
QUIC CPU time: 964.838 seconds
