[1] "GTEx"          "30"            "pooling_first" "0.64"         
[1] "Data read complete"
Running QUIC version 1.1 in 'default' mode.
Newton iteration 1.
  X is a diagonal matrix.
    Line search step size chosen: 1.000000e+00.
  Objective value decreased by 8.399726e-01.
Newton iteration 2.
  Active set size = 5845.
  sub-gradient = 3.295956e+00, l1-norm of X = 7.189474e+00.
  Coordinate descent sweep 1. norm of D = 2.111882e+00, change in D = 2.111882e+00.
    Line search step size chosen: 1.000000e+00.
  Objective value decreased by 7.045535e-02.
Newton iteration 3.
  Active set size = 5844.
  sub-gradient = 5.396983e-01, l1-norm of X = 6.583055e+00.
  Coordinate descent sweep 1. norm of D = 6.080332e-01, change in D = 6.080332e-01.
  Coordinate descent sweep 2. norm of D = 6.902958e-01, change in D = 1.188877e-01.
    Line search step size chosen: 1.000000e+00.
  Objective value decreased by 8.403568e-03.
Newton iteration 4.
  Active set size = 5844.
  sub-gradient = 5.818119e-02, l1-norm of X = 6.884829e+00.
  Coordinate descent sweep 1. norm of D = 6.457179e-02, change in D = 6.457179e-02.
  Coordinate descent sweep 2. norm of D = 7.770734e-02, change in D = 1.728637e-02.
    Line search step size chosen: 1.000000e+00.
  Objective value decreased by 1.877045e-04.
Newton iteration 5.
  Active set size = 5844.
  sub-gradient = 1.085635e-02, l1-norm of X = 6.910779e+00.
  Coordinate descent sweep 1. norm of D = 1.241533e-02, change in D = 1.241533e-02.
  Coordinate descent sweep 2. norm of D = 1.620455e-02, change in D = 4.092827e-03.
    Line search step size chosen: 1.000000e+00.
  Objective value decreased by 1.200093e-05.
Newton iteration 6.
  Active set size = 5844.
  sub-gradient = 9.249984e-04, l1-norm of X = 6.915415e+00.
  Coordinate descent sweep 1. norm of D = 1.224212e-03, change in D = 1.224212e-03.
  Coordinate descent sweep 2. norm of D = 1.736243e-03, change in D = 6.024473e-04.
  Coordinate descent sweep 3. norm of D = 1.912420e-03, change in D = 1.832419e-04.
    Line search step size chosen: 1.000000e+00.
  Objective value decreased by 2.288652e-07.
Newton iteration 7.
  Active set size = 5844.
  sub-gradient = 4.346382e-05, l1-norm of X = 6.916604e+00.
  Coordinate descent sweep 1. norm of D = 5.977850e-05, change in D = 5.977850e-05.
  Coordinate descent sweep 2. norm of D = 7.748396e-05, change in D = 2.267286e-05.
  Coordinate descent sweep 3. norm of D = 8.480093e-05, change in D = 7.428675e-06.
    Line search step size chosen: 1.000000e+00.
  Objective value decreased by 6.475602e-10.
QUIC CPU time: 963.625 seconds
