[1] "GTEx"          "30"            "pooling_first" "0.80"         
[1] "Data read complete"
Running QUIC version 1.1 in 'default' mode.
Newton iteration 1.
  X is a diagonal matrix.
    Line search step size chosen: 1.000000e+00.
  Objective value decreased by 9.322581e-02.
Newton iteration 2.
  Active set size = 5796.
  sub-gradient = 2.035282e-01, l1-norm of X = 1.353393e+00.
  Coordinate descent sweep 1. norm of D = 1.884282e-01, change in D = 1.884282e-01.
    Line search step size chosen: 1.000000e+00.
  Objective value decreased by 1.566049e-03.
Newton iteration 3.
  Active set size = 5796.
  sub-gradient = 1.576214e-02, l1-norm of X = 1.351407e+00.
  Coordinate descent sweep 1. norm of D = 1.750399e-02, change in D = 1.750399e-02.
  Coordinate descent sweep 2. norm of D = 2.348489e-02, change in D = 6.006650e-03.
    Line search step size chosen: 1.000000e+00.
  Objective value decreased by 7.897096e-05.
Newton iteration 4.
  Active set size = 5796.
  sub-gradient = 6.853706e-04, l1-norm of X = 1.372577e+00.
  Coordinate descent sweep 1. norm of D = 7.461107e-04, change in D = 7.461107e-04.
  Coordinate descent sweep 2. norm of D = 8.304968e-04, change in D = 8.458946e-05.
    Line search step size chosen: 1.000000e+00.
  Objective value decreased by 8.458937e-08.
Newton iteration 5.
  Active set size = 5796.
  sub-gradient = 2.099815e-05, l1-norm of X = 1.372768e+00.
  Coordinate descent sweep 1. norm of D = 2.360851e-05, change in D = 2.360851e-05.
  Coordinate descent sweep 2. norm of D = 2.717384e-05, change in D = 4.483742e-06.
    Line search step size chosen: 1.000000e+00.
  Objective value decreased by 1.709850e-10.
QUIC CPU time: 719.074 seconds
