[1] "sra_normal"    "400"           "pooling_first" "0.26"         
[1] "Data read complete"
Running QUIC version 1.1 in 'default' mode.
Newton iteration 1.
  X is a diagonal matrix.
    Line search step size chosen: 1.000000e+00.
  Objective value decreased by 4.760699e+00.
Newton iteration 2.
  Active set size = 6481.
  sub-gradient = 2.664704e+02, l1-norm of X = 2.612341e+01.
  Coordinate descent sweep 1. norm of D = 1.664499e+01, change in D = 1.664499e+01.
    Line search step size chosen: 1.000000e+00.
  Objective value decreased by 2.139627e+00.
Newton iteration 3.
  Active set size = 6405.
  sub-gradient = 1.082259e+02, l1-norm of X = 2.468911e+01.
  Coordinate descent sweep 1. norm of D = 8.629368e+00, change in D = 8.629368e+00.
  Coordinate descent sweep 2. norm of D = 9.990018e+00, change in D = 3.936486e+00.
    Line search step size chosen: 1.000000e+00.
  Objective value decreased by 1.065547e+00.
Newton iteration 4.
  Active set size = 6369.
  sub-gradient = 4.289891e+01, l1-norm of X = 2.482099e+01.
  Coordinate descent sweep 1. norm of D = 4.587412e+00, change in D = 4.587412e+00.
  Coordinate descent sweep 2. norm of D = 4.705271e+00, change in D = 2.396807e+00.
    Line search step size chosen: 1.000000e+00.
  Objective value decreased by 5.110622e-01.
Newton iteration 5.
  Active set size = 6357.
  sub-gradient = 1.569261e+01, l1-norm of X = 2.448338e+01.
  Coordinate descent sweep 1. norm of D = 2.925442e+00, change in D = 2.925442e+00.
  Coordinate descent sweep 2. norm of D = 2.906661e+00, change in D = 1.629157e+00.
    Line search step size chosen: 1.000000e+00.
  Objective value decreased by 2.251609e-01.
Newton iteration 6.
  Active set size = 6347.
  sub-gradient = 4.605455e+00, l1-norm of X = 2.410703e+01.
  Coordinate descent sweep 1. norm of D = 1.491659e+00, change in D = 1.491659e+00.
  Coordinate descent sweep 2. norm of D = 1.514217e+00, change in D = 8.778624e-01.
  Coordinate descent sweep 3. norm of D = 1.655856e+00, change in D = 3.576837e-01.
    Line search step size chosen: 1.000000e+00.
  Objective value decreased by 5.350046e-02.
Newton iteration 7.
  Active set size = 6342.
  sub-gradient = 7.882136e-01, l1-norm of X = 2.388510e+01.
  Coordinate descent sweep 1. norm of D = 3.376336e-01, change in D = 3.376336e-01.
  Coordinate descent sweep 2. norm of D = 3.185572e-01, change in D = 2.314067e-01.
  Coordinate descent sweep 3. norm of D = 3.742610e-01, change in D = 1.129707e-01.
    Line search step size chosen: 1.000000e+00.
  Objective value decreased by 2.697480e-03.
Newton iteration 8.
  Active set size = 6340.
  sub-gradient = 6.122031e-02, l1-norm of X = 2.383800e+01.
  Coordinate descent sweep 1. norm of D = 6.270478e-02, change in D = 6.270478e-02.
  Coordinate descent sweep 2. norm of D = 7.822692e-02, change in D = 3.005416e-02.
  Coordinate descent sweep 3. norm of D = 8.889501e-02, change in D = 1.423124e-02.
    Line search step size chosen: 1.000000e+00.
  Objective value decreased by 8.369200e-05.
Newton iteration 9.
  Active set size = 6340.
  sub-gradient = 9.079285e-03, l1-norm of X = 2.384734e+01.
  Coordinate descent sweep 1. norm of D = 1.038986e-02, change in D = 1.038986e-02.
  Coordinate descent sweep 2. norm of D = 1.506176e-02, change in D = 5.590425e-03.
  Coordinate descent sweep 3. norm of D = 1.829436e-02, change in D = 3.740116e-03.
  Coordinate descent sweep 4. norm of D = 2.058015e-02, change in D = 2.507341e-03.
    Line search step size chosen: 1.000000e+00.
  Objective value decreased by 7.111775e-06.
Newton iteration 10.
  Active set size = 6340.
  sub-gradient = 1.391098e-03, l1-norm of X = 2.385055e+01.
  Coordinate descent sweep 1. norm of D = 1.756976e-03, change in D = 1.756976e-03.
  Coordinate descent sweep 2. norm of D = 2.905032e-03, change in D = 1.216729e-03.
  Coordinate descent sweep 3. norm of D = 3.851119e-03, change in D = 9.572356e-04.
  Coordinate descent sweep 4. norm of D = 4.220381e-03, change in D = 4.455392e-04.
    Line search step size chosen: 1.000000e+00.
  Objective value decreased by 5.962311e-07.
QUIC CPU time: 1351.098 seconds
