[1] "sra_normal"    "400"           "pooling_first" "0.42"         
[1] "Data read complete"
Running QUIC version 1.1 in 'default' mode.
Newton iteration 1.
  X is a diagonal matrix.
    Line search step size chosen: 1.000000e+00.
  Objective value decreased by 1.515032e+00.
Newton iteration 2.
  Active set size = 5855.
  sub-gradient = 4.048873e+00, l1-norm of X = 7.244382e+00.
  Coordinate descent sweep 1. norm of D = 2.954041e+00, change in D = 2.954041e+00.
    Line search step size chosen: 1.000000e+00.
  Objective value decreased by 1.032848e-01.
Newton iteration 3.
  Active set size = 5855.
  sub-gradient = 6.783848e-01, l1-norm of X = 7.091530e+00.
  Coordinate descent sweep 1. norm of D = 8.168443e-01, change in D = 8.168443e-01.
  Coordinate descent sweep 2. norm of D = 1.086612e+00, change in D = 2.959651e-01.
    Line search step size chosen: 1.000000e+00.
  Objective value decreased by 2.530864e-02.
Newton iteration 4.
  Active set size = 5855.
  sub-gradient = 1.533316e-01, l1-norm of X = 7.469265e+00.
  Coordinate descent sweep 1. norm of D = 1.726840e-01, change in D = 1.726840e-01.
  Coordinate descent sweep 2. norm of D = 2.339848e-01, change in D = 6.796106e-02.
    Line search step size chosen: 1.000000e+00.
  Objective value decreased by 1.584828e-03.
Newton iteration 5.
  Active set size = 5855.
  sub-gradient = 4.199923e-02, l1-norm of X = 7.532528e+00.
  Coordinate descent sweep 1. norm of D = 5.158385e-02, change in D = 5.158385e-02.
  Coordinate descent sweep 2. norm of D = 7.049587e-02, change in D = 1.900268e-02.
    Line search step size chosen: 1.000000e+00.
  Objective value decreased by 1.909632e-04.
Newton iteration 6.
  Active set size = 5855.
  sub-gradient = 7.226962e-03, l1-norm of X = 7.547869e+00.
  Coordinate descent sweep 1. norm of D = 7.266366e-03, change in D = 7.266366e-03.
  Coordinate descent sweep 2. norm of D = 1.181079e-02, change in D = 4.672101e-03.
  Coordinate descent sweep 3. norm of D = 1.336084e-02, change in D = 1.800221e-03.
    Line search step size chosen: 1.000000e+00.
  Objective value decreased by 7.159283e-06.
Newton iteration 7.
  Active set size = 5855.
  sub-gradient = 1.170437e-03, l1-norm of X = 7.551455e+00.
  Coordinate descent sweep 1. norm of D = 1.514961e-03, change in D = 1.514961e-03.
  Coordinate descent sweep 2. norm of D = 2.128065e-03, change in D = 6.153607e-04.
  Coordinate descent sweep 3. norm of D = 2.401031e-03, change in D = 2.729912e-04.
    Line search step size chosen: 1.000000e+00.
  Objective value decreased by 2.363313e-07.
Newton iteration 8.
  Active set size = 5855.
  sub-gradient = 6.897944e-05, l1-norm of X = 7.552050e+00.
  Coordinate descent sweep 1. norm of D = 7.380421e-05, change in D = 7.380421e-05.
  Coordinate descent sweep 2. norm of D = 1.317103e-04, change in D = 7.492533e-05.
  Coordinate descent sweep 3. norm of D = 1.495419e-04, change in D = 1.888095e-05.
    Line search step size chosen: 1.000000e+00.
  Objective value decreased by 1.930857e-09.
QUIC CPU time: 1122.322 seconds
