[1] "sra_normal"    "400"           "pooling_first" "0.58"         
[1] "Data read complete"
Running QUIC version 1.1 in 'default' mode.
Newton iteration 1.
  X is a diagonal matrix.
    Line search step size chosen: 1.000000e+00.
  Objective value decreased by 2.535842e-01.
Newton iteration 2.
  Active set size = 5781.
  sub-gradient = 5.780938e-01, l1-norm of X = 1.931758e+00.
  Coordinate descent sweep 1. norm of D = 5.076071e-01, change in D = 5.076071e-01.
    Line search step size chosen: 1.000000e+00.
  Objective value decreased by 7.421882e-03.
Newton iteration 3.
  Active set size = 5781.
  sub-gradient = 6.859619e-02, l1-norm of X = 1.914713e+00.
  Coordinate descent sweep 1. norm of D = 6.996765e-02, change in D = 6.996765e-02.
  Coordinate descent sweep 2. norm of D = 1.103879e-01, change in D = 4.055221e-02.
    Line search step size chosen: 1.000000e+00.
  Objective value decreased by 8.549996e-04.
Newton iteration 4.
  Active set size = 5781.
  sub-gradient = 6.356715e-03, l1-norm of X = 1.979525e+00.
  Coordinate descent sweep 1. norm of D = 6.776440e-03, change in D = 6.776440e-03.
  Coordinate descent sweep 2. norm of D = 1.003914e-02, change in D = 3.337031e-03.
    Line search step size chosen: 1.000000e+00.
  Objective value decreased by 7.944737e-06.
Newton iteration 5.
  Active set size = 5781.
  sub-gradient = 4.958760e-04, l1-norm of X = 1.984397e+00.
  Coordinate descent sweep 1. norm of D = 5.587232e-04, change in D = 5.587232e-04.
  Coordinate descent sweep 2. norm of D = 8.139532e-04, change in D = 2.836996e-04.
    Line search step size chosen: 1.000000e+00.
  Objective value decreased by 8.788811e-08.
Newton iteration 6.
  Active set size = 5781.
  sub-gradient = 5.983737e-05, l1-norm of X = 1.984889e+00.
  Coordinate descent sweep 1. norm of D = 8.555368e-05, change in D = 8.555368e-05.
  Coordinate descent sweep 2. norm of D = 9.738697e-05, change in D = 1.370276e-05.
  Coordinate descent sweep 3. norm of D = 1.021667e-04, change in D = 4.813464e-06.
    Line search step size chosen: 1.000000e+00.
  Objective value decreased by 2.112756e-09.
QUIC CPU time: 871.113 seconds
