[1] "all_consensus" "966"           "weighted"      "0.10"         
[1] "Data read complete"
Running QUIC version 1.1 in 'default' mode.
Newton iteration 1.
  X is a diagonal matrix.
    Line search step size 1.000000e+00.  Lack of positive definiteness.
    Line search step size 5.000000e-01.  Lack of positive definiteness.
    Line search step size 2.500000e-01.  Lack of positive definiteness.
    Line search step size 1.250000e-01.  Lack of positive definiteness.
    Line search step size chosen: 6.250000e-02.
  Objective value decreased by 3.882615e+01.
Newton iteration 2.
  Active set size = 86826.
  sub-gradient = 2.734096e+03, l1-norm of X = 3.972758e+01.
  Coordinate descent sweep 1. norm of D = 2.040584e+03, change in D = 2.040584e+03.
    Line search step size 1.000000e+00.  Lack of positive definiteness.
    Line search step size 5.000000e-01.  Lack of positive definiteness.
    Line search step size 2.500000e-01.  Lack of positive definiteness.
    Line search step size chosen: 1.250000e-01.
  Objective value decreased by 3.505373e+01.
Newton iteration 3.
  Active set size = 86832.
  sub-gradient = 2.181448e+03, l1-norm of X = 8.857335e+01.
  Coordinate descent sweep 1. norm of D = 1.309747e+03, change in D = 1.309747e+03.
  Coordinate descent sweep 2. norm of D = 1.199420e+03, change in D = 2.835552e+02.
    Line search step size 1.000000e+00.  Lack of positive definiteness.
    Line search step size 5.000000e-01.  Lack of positive definiteness.
    Line search step size chosen: 2.500000e-01.
  Objective value decreased by 2.865005e+01.
Newton iteration 4.
  Active set size = 86857.
  sub-gradient = 1.528975e+03, l1-norm of X = 1.375784e+02.
  Coordinate descent sweep 1. norm of D = 8.160534e+02, change in D = 8.160534e+02.
  Coordinate descent sweep 2. norm of D = 7.940484e+02, change in D = 2.109863e+02.
    Line search step size 1.000000e+00.  Lack of positive definiteness.
    Line search step size chosen: 5.000000e-01.
  Objective value decreased by 2.247431e+01.
Newton iteration 5.
  Active set size = 87200.
  sub-gradient = 8.545089e+02, l1-norm of X = 1.897494e+02.
  Coordinate descent sweep 1. norm of D = 3.736070e+02, change in D = 3.736070e+02.
  Coordinate descent sweep 2. norm of D = 4.093057e+02, change in D = 1.060402e+02.
    Line search step size chosen: 1.000000e+00.
  Objective value decreased by 9.038696e+00.
Newton iteration 6.
  Active set size = 54672.
  sub-gradient = 9.024686e+01, l1-norm of X = 2.244181e+02.
  Coordinate descent sweep 1. norm of D = 5.818549e+01, change in D = 5.818549e+01.
  Coordinate descent sweep 2. norm of D = 6.937719e+01, change in D = 2.935605e+01.
  Coordinate descent sweep 3. norm of D = 7.650827e+01, change in D = 1.675157e+01.
    Line search step size chosen: 1.000000e+00.
  Objective value decreased by 9.304657e-01.
Newton iteration 7.
  Active set size = 53479.
  sub-gradient = 1.407442e+01, l1-norm of X = 2.263375e+02.
  Coordinate descent sweep 1. norm of D = 1.183694e+01, change in D = 1.183694e+01.
  Coordinate descent sweep 2. norm of D = 1.531610e+01, change in D = 7.887430e+00.
  Coordinate descent sweep 3. norm of D = 1.737176e+01, change in D = 5.381710e+00.
    Line search step size chosen: 1.000000e+00.
  Objective value decreased by 1.604989e-01.
Newton iteration 8.
  Active set size = 53373.
  sub-gradient = 4.384386e+00, l1-norm of X = 2.268550e+02.
  Coordinate descent sweep 1. norm of D = 4.092906e+00, change in D = 4.092906e+00.
  Coordinate descent sweep 2. norm of D = 5.370100e+00, change in D = 3.104881e+00.
  Coordinate descent sweep 3. norm of D = 6.318582e+00, change in D = 2.524875e+00.
    Line search step size chosen: 1.000000e+00.
  Objective value decreased by 5.014701e-02.
Newton iteration 9.
  Active set size = 53346.
  sub-gradient = 1.925225e+00, l1-norm of X = 2.270558e+02.
  Coordinate descent sweep 1. norm of D = 1.992728e+00, change in D = 1.992728e+00.
  Coordinate descent sweep 2. norm of D = 2.608595e+00, change in D = 1.542068e+00.
  Coordinate descent sweep 3. norm of D = 3.014093e+00, change in D = 1.209945e+00.
  Coordinate descent sweep 4. norm of D = 3.393350e+00, change in D = 1.003477e+00.
    Line search step size chosen: 1.000000e+00.
  Objective value decreased by 2.506128e-02.
Newton iteration 10.
  Active set size = 53327.
  sub-gradient = 7.758519e-01, l1-norm of X = 2.271760e+02.
  Coordinate descent sweep 1. norm of D = 8.074859e-01, change in D = 8.074859e-01.
  Coordinate descent sweep 2. norm of D = 1.061196e+00, change in D = 6.631937e-01.
  Coordinate descent sweep 3. norm of D = 1.296117e+00, change in D = 6.050928e-01.
  Coordinate descent sweep 4. norm of D = 1.440603e+00, change in D = 4.660469e-01.
    Line search step size chosen: 1.000000e+00.
  Objective value decreased by 8.312370e-03.
Newton iteration 11.
  Active set size = 53328.
  sub-gradient = 4.447548e-01, l1-norm of X = 2.272251e+02.
  Coordinate descent sweep 1. norm of D = 4.373082e-01, change in D = 4.373082e-01.
  Coordinate descent sweep 2. norm of D = 5.592197e-01, change in D = 3.249034e-01.
  Coordinate descent sweep 3. norm of D = 6.779871e-01, change in D = 3.043628e-01.
  Coordinate descent sweep 4. norm of D = 7.628651e-01, change in D = 2.669858e-01.
    Line search step size chosen: 1.000000e+00.
  Objective value decreased by 3.657337e-03.
Newton iteration 12.
  Active set size = 53325.
  sub-gradient = 2.268915e-01, l1-norm of X = 2.272560e+02.
  Coordinate descent sweep 1. norm of D = 2.334340e-01, change in D = 2.334340e-01.
  Coordinate descent sweep 2. norm of D = 3.169539e-01, change in D = 1.978669e-01.
  Coordinate descent sweep 3. norm of D = 3.760477e-01, change in D = 1.716584e-01.
  Coordinate descent sweep 4. norm of D = 4.412480e-01, change in D = 1.488331e-01.
  Coordinate descent sweep 5. norm of D = 4.875243e-01, change in D = 1.183456e-01.
    Line search step size chosen: 1.000000e+00.
  Objective value decreased by 2.106032e-03.
Newton iteration 13.
  Active set size = 53324.
  sub-gradient = 1.188601e-01, l1-norm of X = 2.272764e+02.
  Coordinate descent sweep 1. norm of D = 1.185346e-01, change in D = 1.185346e-01.
  Coordinate descent sweep 2. norm of D = 1.649698e-01, change in D = 1.014442e-01.
  Coordinate descent sweep 3. norm of D = 2.168973e-01, change in D = 9.651254e-02.
  Coordinate descent sweep 4. norm of D = 2.589258e-01, change in D = 8.200827e-02.
  Coordinate descent sweep 5. norm of D = 2.809909e-01, change in D = 6.715631e-02.
    Line search step size chosen: 1.000000e+00.
  Objective value decreased by 9.195529e-04.
Newton iteration 14.
  Active set size = 53324.
  sub-gradient = 6.520816e-02, l1-norm of X = 2.272893e+02.
  Coordinate descent sweep 1. norm of D = 7.328544e-02, change in D = 7.328544e-02.
  Coordinate descent sweep 2. norm of D = 1.044278e-01, change in D = 6.487214e-02.
  Coordinate descent sweep 3. norm of D = 1.205357e-01, change in D = 5.277256e-02.
  Coordinate descent sweep 4. norm of D = 1.371108e-01, change in D = 4.018418e-02.
  Coordinate descent sweep 5. norm of D = 1.518410e-01, change in D = 4.074278e-02.
    Line search step size chosen: 1.000000e+00.
  Objective value decreased by 3.131589e-04.
Newton iteration 15.
  Active set size = 53323.
  sub-gradient = 3.496155e-02, l1-norm of X = 2.272958e+02.
  Coordinate descent sweep 1. norm of D = 3.909140e-02, change in D = 3.909140e-02.
  Coordinate descent sweep 2. norm of D = 5.146970e-02, change in D = 3.118468e-02.
  Coordinate descent sweep 3. norm of D = 6.895806e-02, change in D = 3.194277e-02.
  Coordinate descent sweep 4. norm of D = 7.925954e-02, change in D = 2.475709e-02.
  Coordinate descent sweep 5. norm of D = 9.332083e-02, change in D = 2.604530e-02.
  Coordinate descent sweep 6. norm of D = 1.020901e-01, change in D = 1.947595e-02.
    Line search step size chosen: 1.000000e+00.
  Objective value decreased by 1.582297e-04.
Newton iteration 16.
  Active set size = 53323.
  sub-gradient = 2.801335e-02, l1-norm of X = 2.273009e+02.
  Coordinate descent sweep 1. norm of D = 2.634702e-02, change in D = 2.634702e-02.
  Coordinate descent sweep 2. norm of D = 3.376888e-02, change in D = 1.856197e-02.
  Coordinate descent sweep 3. norm of D = 4.059757e-02, change in D = 1.509559e-02.
  Coordinate descent sweep 4. norm of D = 5.187707e-02, change in D = 1.926125e-02.
  Coordinate descent sweep 5. norm of D = 5.750128e-02, change in D = 1.358713e-02.
  Coordinate descent sweep 6. norm of D = 6.374190e-02, change in D = 1.158133e-02.
    Line search step size chosen: 1.000000e+00.
  Objective value decreased by 7.116018e-05.
Newton iteration 17.
  Active set size = 53323.
  sub-gradient = 8.456151e-03, l1-norm of X = 2.273042e+02.
  Coordinate descent sweep 1. norm of D = 1.140519e-02, change in D = 1.140519e-02.
  Coordinate descent sweep 2. norm of D = 1.508729e-02, change in D = 1.051469e-02.
  Coordinate descent sweep 3. norm of D = 2.063121e-02, change in D = 9.350301e-03.
  Coordinate descent sweep 4. norm of D = 2.411833e-02, change in D = 9.624571e-03.
  Coordinate descent sweep 5. norm of D = 2.700380e-02, change in D = 7.530276e-03.
  Coordinate descent sweep 6. norm of D = 3.105333e-02, change in D = 7.847771e-03.
    Line search step size chosen: 1.000000e+00.
  Objective value decreased by 2.011640e-05.
QUIC CPU time: 2910.462 seconds
[1] "/data/abattle4/prashanthi/recount3/results/weighted_cov_networks/all_consensus/net_966/lambda_0.10.rds"
