[1] "all_consensus" "966"           "weighted"      "0.54"         
[1] "Data read complete"
Running QUIC version 1.1 in 'default' mode.
Newton iteration 1.
  X is a diagonal matrix.
    Line search step size chosen: 1.000000e+00.
  Objective value decreased by 4.455890e-01.
Newton iteration 2.
  Active set size = 5503.
  sub-gradient = 1.126219e+00, l1-norm of X = 3.329247e+00.
  Coordinate descent sweep 1. norm of D = 9.523297e-01, change in D = 9.523297e-01.
    Line search step size chosen: 1.000000e+00.
  Objective value decreased by 2.111564e-02.
Newton iteration 3.
  Active set size = 5503.
  sub-gradient = 1.425508e-01, l1-norm of X = 3.301741e+00.
  Coordinate descent sweep 1. norm of D = 1.595813e-01, change in D = 1.595813e-01.
  Coordinate descent sweep 2. norm of D = 1.912646e-01, change in D = 3.945532e-02.
    Line search step size chosen: 1.000000e+00.
  Objective value decreased by 1.147040e-03.
Newton iteration 4.
  Active set size = 5502.
  sub-gradient = 1.093372e-02, l1-norm of X = 3.385302e+00.
  Coordinate descent sweep 1. norm of D = 1.235732e-02, change in D = 1.235732e-02.
  Coordinate descent sweep 2. norm of D = 1.542017e-02, change in D = 3.140300e-03.
    Line search step size chosen: 1.000000e+00.
  Objective value decreased by 1.159753e-05.
Newton iteration 5.
  Active set size = 5502.
  sub-gradient = 8.881870e-04, l1-norm of X = 3.389005e+00.
  Coordinate descent sweep 1. norm of D = 9.445248e-04, change in D = 9.445248e-04.
  Coordinate descent sweep 2. norm of D = 1.420897e-03, change in D = 5.532526e-04.
    Line search step size chosen: 1.000000e+00.
  Objective value decreased by 2.290635e-07.
Newton iteration 6.
  Active set size = 5502.
  sub-gradient = 1.773310e-04, l1-norm of X = 3.389658e+00.
  Coordinate descent sweep 1. norm of D = 1.711896e-04, change in D = 1.711896e-04.
  Coordinate descent sweep 2. norm of D = 2.868340e-04, change in D = 1.458211e-04.
  Coordinate descent sweep 3. norm of D = 3.176513e-04, change in D = 3.085849e-05.
    Line search step size chosen: 1.000000e+00.
  Objective value decreased by 1.540138e-08.
QUIC CPU time: 773.079 seconds
[1] "/data/abattle4/prashanthi/recount3/results/weighted_cov_networks/all_consensus/net_966/lambda_0.54.rds"
