[1] "/data/abattle4/prashanthi/recount3/data/stomach/GTEx/weighted_covariances/cov_1.rds"
[1] "Data read complete"
Running QUIC version 1.1 in 'default' mode.
Newton iteration 1.
  X is a diagonal matrix.
    Line search step size 1.000000e+00.  Lack of positive definiteness.
    Line search step size 5.000000e-01.  Lack of positive definiteness.
    Line search step size 2.500000e-01.  Lack of positive definiteness.
    Line search step size 1.250000e-01.  Lack of positive definiteness.
    Line search step size 6.250000e-02.  Lack of positive definiteness.
    Line search step size 3.125000e-02.  Lack of positive definiteness.
    Line search step size chosen: 1.562500e-02.
  Objective value decreased by 5.898257e+02.
Newton iteration 2.
  Active set size = 7375916.
  sub-gradient = 2.558005e+05, l1-norm of X = 8.160081e+02.
  Coordinate descent sweep 1. norm of D = 1.882078e+05, change in D = 1.882078e+05.
    Line search step size 1.000000e+00.  Lack of positive definiteness.
    Line search step size 5.000000e-01.  Lack of positive definiteness.
    Line search step size 2.500000e-01.  Lack of positive definiteness.
    Line search step size 1.250000e-01.  Lack of positive definiteness.
    Line search step size 6.250000e-02.  Lack of positive definiteness.
    Line search step size 3.125000e-02.  Lack of positive definiteness.
    Line search step size chosen: 1.562500e-02.
  Objective value decreased by 4.349824e+02.
Newton iteration 3.
  Active set size = 7376909.
  sub-gradient = 2.484239e+05, l1-norm of X = 1.401053e+03.
  Coordinate descent sweep 1. norm of D = 1.215517e+05, change in D = 1.215517e+05.
  Coordinate descent sweep 2. norm of D = 9.529687e+04, change in D = 3.860307e+04.
    Line search step size 1.000000e+00.  Lack of positive definiteness.
    Line search step size 5.000000e-01.  Lack of positive definiteness.
    Line search step size 2.500000e-01.  Lack of positive definiteness.
    Line search step size 1.250000e-01.  Lack of positive definiteness.
    Line search step size 6.250000e-02.  Lack of positive definiteness.
    Line search step size chosen: 3.125000e-02.
  Objective value decreased by 4.508031e+02.
Newton iteration 4.
  Active set size = 7381970.
  sub-gradient = 2.336840e+05, l1-norm of X = 1.967986e+03.
  Coordinate descent sweep 1. norm of D = 7.233203e+04, change in D = 7.233203e+04.
  Coordinate descent sweep 2. norm of D = 5.888829e+04, change in D = 2.697427e+04.
    Line search step size 1.000000e+00.  Lack of positive definiteness.
    Line search step size 5.000000e-01.  Lack of positive definiteness.
    Line search step size 2.500000e-01.  Lack of positive definiteness.
    Line search step size 1.250000e-01.  Lack of positive definiteness.
    Line search step size chosen: 6.250000e-02.
  Objective value decreased by 4.971555e+02.
Newton iteration 5.
  Active set size = 7422595.
  sub-gradient = 1.874962e+05, l1-norm of X = 2.600691e+03.
  Coordinate descent sweep 1. norm of D = 3.994041e+04, change in D = 3.994041e+04.
  Coordinate descent sweep 2. norm of D = 3.593202e+04, change in D = 1.271209e+04.
    Line search step size 1.000000e+00.  Lack of positive definiteness.
    Line search step size 5.000000e-01.  Lack of positive definiteness.
    Line search step size 2.500000e-01.  Lack of positive definiteness.
    Line search step size chosen: 1.250000e-01.
  Objective value decreased by 4.442033e+02.
Newton iteration 6.
  Active set size = 7435674.
  sub-gradient = 1.453967e+05, l1-norm of X = 3.181252e+03.
  Coordinate descent sweep 1. norm of D = 2.558594e+04, change in D = 2.558594e+04.
  Coordinate descent sweep 2. norm of D = 2.575433e+04, change in D = 7.762095e+03.
  Coordinate descent sweep 3. norm of D = 2.646854e+04, change in D = 2.561328e+03.
    Line search step size 1.000000e+00.  Lack of positive definiteness.
    Line search step size 5.000000e-01.  Lack of positive definiteness.
    Line search step size chosen: 2.500000e-01.
  Objective value decreased by 4.702264e+02.
Newton iteration 7.
  Active set size = 7451893.
  sub-gradient = 1.576710e+05, l1-norm of X = 3.786483e+03.
  Coordinate descent sweep 1. norm of D = 1.661600e+04, change in D = 1.661600e+04.
  Coordinate descent sweep 2. norm of D = 1.856871e+04, change in D = 6.411913e+03.
  Coordinate descent sweep 3. norm of D = 1.956335e+04, change in D = 3.128066e+03.
    Line search step size 1.000000e+00.  Lack of positive definiteness.
    Line search step size chosen: 5.000000e-01.
  Objective value decreased by 4.810656e+02.
Newton iteration 8.
  Active set size = 7460382.
  sub-gradient = 2.178715e+05, l1-norm of X = 4.436969e+03.
  Coordinate descent sweep 1. norm of D = 9.080968e+03, change in D = 9.080968e+03.
  Coordinate descent sweep 2. norm of D = 1.095087e+04, change in D = 4.659891e+03.
  Coordinate descent sweep 3. norm of D = 1.198023e+04, change in D = 2.942992e+03.
    Line search step size chosen: 1.000000e+00.
  Objective value decreased by 3.469418e+02.
Newton iteration 9.
  Active set size = 1300830.
  sub-gradient = 7.601428e+03, l1-norm of X = 5.145595e+03.
  Coordinate descent sweep 1. norm of D = 2.558774e+03, change in D = 2.558774e+03.
  Coordinate descent sweep 2. norm of D = 3.280512e+03, change in D = 1.993727e+03.
  Coordinate descent sweep 3. norm of D = 3.757513e+03, change in D = 1.457282e+03.
  Coordinate descent sweep 4. norm of D = 4.085728e+03, change in D = 1.065870e+03.
    Line search step size chosen: 1.000000e+00.
  Objective value decreased by 5.221315e+01.
Newton iteration 10.
  Active set size = 1201169.
  sub-gradient = 2.802320e+03, l1-norm of X = 5.425078e+03.
  Coordinate descent sweep 1. norm of D = 9.736232e+02, change in D = 9.736232e+02.
  Coordinate descent sweep 2. norm of D = 1.227549e+03, change in D = 8.132148e+02.
  Coordinate descent sweep 3. norm of D = 1.391428e+03, change in D = 6.573793e+02.
  Coordinate descent sweep 4. norm of D = 1.515051e+03, change in D = 5.396582e+02.
    Line search step size chosen: 1.000000e+00.
  Objective value decreased by 1.218558e+01.
Newton iteration 11.
  Active set size = 1173504.
  sub-gradient = 8.333070e+02, l1-norm of X = 5.507946e+03.
  Coordinate descent sweep 1. norm of D = 4.812232e+02, change in D = 4.812232e+02.
  Coordinate descent sweep 2. norm of D = 5.901887e+02, change in D = 4.233467e+02.
  Coordinate descent sweep 3. norm of D = 6.553656e+02, change in D = 3.685092e+02.
  Coordinate descent sweep 4. norm of D = 7.027020e+02, change in D = 3.218100e+02.
    Line search step size chosen: 1.000000e+00.
  Objective value decreased by 4.545471e+00.
Newton iteration 12.
  Active set size = 1167136.
  sub-gradient = 3.718465e+02, l1-norm of X = 5.534753e+03.
  Coordinate descent sweep 1. norm of D = 2.940915e+02, change in D = 2.940915e+02.
  Coordinate descent sweep 2. norm of D = 3.544551e+02, change in D = 2.677415e+02.
  Coordinate descent sweep 3. norm of D = 3.881785e+02, change in D = 2.406829e+02.
  Coordinate descent sweep 4. norm of D = 4.131058e+02, change in D = 2.179069e+02.
  Coordinate descent sweep 5. norm of D = 4.315431e+02, change in D = 1.964939e+02.
    Line search step size chosen: 1.000000e+00.
  Objective value decreased by 2.556459e+00.
Newton iteration 13.
  Active set size = 1165405.
  sub-gradient = 2.138747e+02, l1-norm of X = 5.547524e+03.
  Coordinate descent sweep 1. norm of D = 1.848194e+02, change in D = 1.848194e+02.
  Coordinate descent sweep 2. norm of D = 2.211553e+02, change in D = 1.740136e+02.
  Coordinate descent sweep 3. norm of D = 2.415756e+02, change in D = 1.628235e+02.
  Coordinate descent sweep 4. norm of D = 2.554770e+02, change in D = 1.522795e+02.
  Coordinate descent sweep 5. norm of D = 2.648090e+02, change in D = 1.399875e+02.
    Line search step size chosen: 1.000000e+00.
  Objective value decreased by 1.262965e+00.
Newton iteration 14.
  Active set size = 1164909.
  sub-gradient = 1.472714e+02, l1-norm of X = 5.553011e+03.
  Coordinate descent sweep 1. norm of D = 1.328627e+02, change in D = 1.328627e+02.
  Coordinate descent sweep 2. norm of D = 1.587902e+02, change in D = 1.267736e+02.
  Coordinate descent sweep 3. norm of D = 1.722244e+02, change in D = 1.192572e+02.
  Coordinate descent sweep 4. norm of D = 1.806158e+02, change in D = 1.111373e+02.
  Coordinate descent sweep 5. norm of D = 1.882429e+02, change in D = 1.046585e+02.
    Line search step size chosen: 1.000000e+00.
  Objective value decreased by 7.270725e-01.
Newton iteration 15.
  Active set size = 1164373.
  sub-gradient = 1.035359e+02, l1-norm of X = 5.556247e+03.
  Coordinate descent sweep 1. norm of D = 1.011371e+02, change in D = 1.011371e+02.
  Coordinate descent sweep 2. norm of D = 1.195279e+02, change in D = 9.632541e+01.
  Coordinate descent sweep 3. norm of D = 1.292009e+02, change in D = 9.070203e+01.
  Coordinate descent sweep 4. norm of D = 1.367527e+02, change in D = 8.693234e+01.
  Coordinate descent sweep 5. norm of D = 1.411061e+02, change in D = 8.207990e+01.
  Coordinate descent sweep 6. norm of D = 1.459824e+02, change in D = 7.838336e+01.
    Line search step size chosen: 1.000000e+00.
  Objective value decreased by 5.300807e-01.
Newton iteration 16.
  Active set size = 1164346.
  sub-gradient = 8.430263e+01, l1-norm of X = 5.558637e+03.
  Coordinate descent sweep 1. norm of D = 7.483567e+01, change in D = 7.483567e+01.
  Coordinate descent sweep 2. norm of D = 8.869865e+01, change in D = 7.093938e+01.
  Coordinate descent sweep 3. norm of D = 9.677580e+01, change in D = 6.857487e+01.
  Coordinate descent sweep 4. norm of D = 1.013331e+02, change in D = 6.599682e+01.
  Coordinate descent sweep 5. norm of D = 1.044533e+02, change in D = 6.282618e+01.
  Coordinate descent sweep 6. norm of D = 1.084850e+02, change in D = 6.092783e+01.
    Line search step size chosen: 1.000000e+00.
  Objective value decreased by 3.149547e-01.
Newton iteration 17.
  Active set size = 1163921.
  sub-gradient = 6.282600e+01, l1-norm of X = 5.560203e+03.
  Coordinate descent sweep 1. norm of D = 5.838611e+01, change in D = 5.838611e+01.
  Coordinate descent sweep 2. norm of D = 6.937058e+01, change in D = 5.594365e+01.
  Coordinate descent sweep 3. norm of D = 7.496155e+01, change in D = 5.371642e+01.
  Coordinate descent sweep 4. norm of D = 7.849779e+01, change in D = 5.172180e+01.
  Coordinate descent sweep 5. norm of D = 8.051381e+01, change in D = 4.916918e+01.
  Coordinate descent sweep 6. norm of D = 8.324012e+01, change in D = 4.794788e+01.
    Line search step size chosen: 1.000000e+00.
  Objective value decreased by 1.988749e-01.
Newton iteration 18.
  Active set size = 1163822.
  sub-gradient = 5.035245e+01, l1-norm of X = 5.561229e+03.
  Coordinate descent sweep 1. norm of D = 4.543737e+01, change in D = 4.543737e+01.
  Coordinate descent sweep 2. norm of D = 5.546563e+01, change in D = 4.505423e+01.
  Coordinate descent sweep 3. norm of D = 5.915430e+01, change in D = 4.302063e+01.
  Coordinate descent sweep 4. norm of D = 6.211738e+01, change in D = 4.168149e+01.
  Coordinate descent sweep 5. norm of D = 6.446042e+01, change in D = 4.071787e+01.
  Coordinate descent sweep 6. norm of D = 6.627878e+01, change in D = 3.947992e+01.
  Coordinate descent sweep 7. norm of D = 6.669783e+01, change in D = 3.678321e+01.
    Line search step size chosen: 1.000000e+00.
  Objective value decreased by 1.547283e-01.
Newton iteration 19.
  Active set size = 1163471.
  sub-gradient = 4.212884e+01, l1-norm of X = 5.562133e+03.
  Coordinate descent sweep 1. norm of D = 3.693269e+01, change in D = 3.693269e+01.
  Coordinate descent sweep 2. norm of D = 4.267144e+01, change in D = 3.562652e+01.
  Coordinate descent sweep 3. norm of D = 4.578748e+01, change in D = 3.405642e+01.
  Coordinate descent sweep 4. norm of D = 4.713963e+01, change in D = 3.217453e+01.
  Coordinate descent sweep 5. norm of D = 4.906529e+01, change in D = 3.161604e+01.
  Coordinate descent sweep 6. norm of D = 5.072582e+01, change in D = 3.138323e+01.
  Coordinate descent sweep 7. norm of D = 5.197995e+01, change in D = 3.061450e+01.
    Line search step size chosen: 1.000000e+00.
  Objective value decreased by 1.029487e-01.
Newton iteration 20.
  Active set size = 1163224.
  sub-gradient = 3.496899e+01, l1-norm of X = 5.562776e+03.
  Coordinate descent sweep 1. norm of D = 2.951501e+01, change in D = 2.951501e+01.
  Coordinate descent sweep 2. norm of D = 3.515217e+01, change in D = 2.881534e+01.
  Coordinate descent sweep 3. norm of D = 3.757138e+01, change in D = 2.768874e+01.
  Coordinate descent sweep 4. norm of D = 3.936194e+01, change in D = 2.691231e+01.
  Coordinate descent sweep 5. norm of D = 4.069101e+01, change in D = 2.653427e+01.
  Coordinate descent sweep 6. norm of D = 4.171155e+01, change in D = 2.577469e+01.
  Coordinate descent sweep 7. norm of D = 4.222795e+01, change in D = 2.442325e+01.
    Line search step size chosen: 1.000000e+00.
  Objective value decreased by 7.065172e-02.
Newton iteration 21.
  Active set size = 1163326.
  sub-gradient = 4.252701e+01, l1-norm of X = 5.563258e+03.
  Coordinate descent sweep 1. norm of D = 2.422089e+01, change in D = 2.422089e+01.
  Coordinate descent sweep 2. norm of D = 2.786311e+01, change in D = 2.303817e+01.
  Coordinate descent sweep 3. norm of D = 3.000372e+01, change in D = 2.211715e+01.
  Coordinate descent sweep 4. norm of D = 3.161661e+01, change in D = 2.195344e+01.
  Coordinate descent sweep 5. norm of D = 3.288819e+01, change in D = 2.188263e+01.
  Coordinate descent sweep 6. norm of D = 3.348798e+01, change in D = 2.106585e+01.
  Coordinate descent sweep 7. norm of D = 3.380761e+01, change in D = 1.990915e+01.
  Coordinate descent sweep 8. norm of D = 3.503802e+01, change in D = 2.012141e+01.
    Line search step size chosen: 1.000000e+00.
  Objective value decreased by 5.545301e-02.
Newton iteration 22.
  Active set size = 1162885.
  sub-gradient = 1.933395e+01, l1-norm of X = 5.563703e+03.
  Coordinate descent sweep 1. norm of D = 1.924616e+01, change in D = 1.924616e+01.
  Coordinate descent sweep 2. norm of D = 2.303792e+01, change in D = 1.866382e+01.
  Coordinate descent sweep 3. norm of D = 2.482155e+01, change in D = 1.830587e+01.
  Coordinate descent sweep 4. norm of D = 2.622977e+01, change in D = 1.816745e+01.
  Coordinate descent sweep 5. norm of D = 2.667517e+01, change in D = 1.753000e+01.
  Coordinate descent sweep 6. norm of D = 2.740907e+01, change in D = 1.697226e+01.
  Coordinate descent sweep 7. norm of D = 2.801869e+01, change in D = 1.672314e+01.
  Coordinate descent sweep 8. norm of D = 2.895735e+01, change in D = 1.672918e+01.
    Line search step size chosen: 1.000000e+00.
  Objective value decreased by 3.895943e-02.
Newton iteration 23.
  Active set size = 1162772.
  sub-gradient = 1.367243e+01, l1-norm of X = 5.564035e+03.
  Coordinate descent sweep 1. norm of D = 1.602099e+01, change in D = 1.602099e+01.
  Coordinate descent sweep 2. norm of D = 1.908449e+01, change in D = 1.550085e+01.
  Coordinate descent sweep 3. norm of D = 2.065942e+01, change in D = 1.531016e+01.
  Coordinate descent sweep 4. norm of D = 2.125314e+01, change in D = 1.466092e+01.
  Coordinate descent sweep 5. norm of D = 2.194673e+01, change in D = 1.420778e+01.
  Coordinate descent sweep 6. norm of D = 2.274541e+01, change in D = 1.440919e+01.
  Coordinate descent sweep 7. norm of D = 2.314392e+01, change in D = 1.403176e+01.
  Coordinate descent sweep 8. norm of D = 2.363301e+01, change in D = 1.376856e+01.
    Line search step size chosen: 1.000000e+00.
  Objective value decreased by 2.763520e-02.
Newton iteration 24.
  Active set size = 1162836.
  sub-gradient = 1.369813e+01, l1-norm of X = 5.564298e+03.
  Coordinate descent sweep 1. norm of D = 1.333041e+01, change in D = 1.333041e+01.
  Coordinate descent sweep 2. norm of D = 1.589069e+01, change in D = 1.309347e+01.
  Coordinate descent sweep 3. norm of D = 1.695727e+01, change in D = 1.272991e+01.
  Coordinate descent sweep 4. norm of D = 1.789480e+01, change in D = 1.271616e+01.
  Coordinate descent sweep 5. norm of D = 1.807398e+01, change in D = 1.216044e+01.
  Coordinate descent sweep 6. norm of D = 1.880765e+01, change in D = 1.218545e+01.
  Coordinate descent sweep 7. norm of D = 1.927714e+01, change in D = 1.214369e+01.
  Coordinate descent sweep 8. norm of D = 1.953982e+01, change in D = 1.190988e+01.
  Coordinate descent sweep 9. norm of D = 1.980769e+01, change in D = 1.146545e+01.
    Line search step size chosen: 1.000000e+00.
  Objective value decreased by 2.202772e-02.
Newton iteration 25.
  Active set size = 1162677.
  sub-gradient = 9.621845e+00, l1-norm of X = 5.564530e+03.
  Coordinate descent sweep 1. norm of D = 1.125813e+01, change in D = 1.125813e+01.
  Coordinate descent sweep 2. norm of D = 1.335174e+01, change in D = 1.108890e+01.
  Coordinate descent sweep 3. norm of D = 1.425112e+01, change in D = 1.084060e+01.
  Coordinate descent sweep 4. norm of D = 1.473073e+01, change in D = 1.044376e+01.
  Coordinate descent sweep 5. norm of D = 1.506526e+01, change in D = 1.007664e+01.
  Coordinate descent sweep 6. norm of D = 1.533945e+01, change in D = 9.813008e+00.
  Coordinate descent sweep 7. norm of D = 1.564901e+01, change in D = 9.680215e+00.
  Coordinate descent sweep 8. norm of D = 1.590190e+01, change in D = 9.393609e+00.
  Coordinate descent sweep 9. norm of D = 1.646303e+01, change in D = 9.604680e+00.
    Line search step size chosen: 1.000000e+00.
  Objective value decreased by 1.583256e-02.
Newton iteration 26.
  Active set size = 1162625.
  sub-gradient = 8.114930e+00, l1-norm of X = 5.564716e+03.
  Coordinate descent sweep 1. norm of D = 9.285785e+00, change in D = 9.285785e+00.
  Coordinate descent sweep 2. norm of D = 1.106196e+01, change in D = 9.084670e+00.
  Coordinate descent sweep 3. norm of D = 1.195977e+01, change in D = 9.020068e+00.
  Coordinate descent sweep 4. norm of D = 1.243928e+01, change in D = 8.824937e+00.
  Coordinate descent sweep 5. norm of D = 1.271792e+01, change in D = 8.595804e+00.
  Coordinate descent sweep 6. norm of D = 1.300580e+01, change in D = 8.428890e+00.
  Coordinate descent sweep 7. norm of D = 1.309604e+01, change in D = 8.006970e+00.
  Coordinate descent sweep 8. norm of D = 1.356671e+01, change in D = 8.178758e+00.
  Coordinate descent sweep 9. norm of D = 1.357702e+01, change in D = 7.853897e+00.
    Line search step size chosen: 1.000000e+00.
  Objective value decreased by 1.149945e-02.
Newton iteration 27.
  Active set size = 1162616.
  sub-gradient = 7.462685e+00, l1-norm of X = 5.564866e+03.
  Coordinate descent sweep 1. norm of D = 7.789606e+00, change in D = 7.789606e+00.
  Coordinate descent sweep 2. norm of D = 9.155298e+00, change in D = 7.713314e+00.
  Coordinate descent sweep 3. norm of D = 9.550158e+00, change in D = 7.315261e+00.
  Coordinate descent sweep 4. norm of D = 1.005803e+01, change in D = 7.237847e+00.
  Coordinate descent sweep 5. norm of D = 1.037950e+01, change in D = 7.234731e+00.
  Coordinate descent sweep 6. norm of D = 1.059645e+01, change in D = 7.109810e+00.
  Coordinate descent sweep 7. norm of D = 1.063687e+01, change in D = 6.715469e+00.
  Coordinate descent sweep 8. norm of D = 1.102004e+01, change in D = 6.796057e+00.
  Coordinate descent sweep 9. norm of D = 1.113276e+01, change in D = 6.714709e+00.
  Coordinate descent sweep 10. norm of D = 1.117954e+01, change in D = 6.386668e+00.
    Line search step size chosen: 1.000000e+00.
  Objective value decreased by 8.541692e-03.
Newton iteration 28.
  Active set size = 1162593.
  sub-gradient = 5.909125e+00, l1-norm of X = 5.564996e+03.
  Coordinate descent sweep 1. norm of D = 6.325658e+00, change in D = 6.325658e+00.
  Coordinate descent sweep 2. norm of D = 7.280407e+00, change in D = 6.055944e+00.
  Coordinate descent sweep 3. norm of D = 8.032283e+00, change in D = 6.171122e+00.
  Coordinate descent sweep 4. norm of D = 8.348169e+00, change in D = 6.073331e+00.
  Coordinate descent sweep 5. norm of D = 8.488360e+00, change in D = 5.890582e+00.
  Coordinate descent sweep 6. norm of D = 8.713131e+00, change in D = 5.848178e+00.
  Coordinate descent sweep 7. norm of D = 8.916709e+00, change in D = 5.793097e+00.
  Coordinate descent sweep 8. norm of D = 9.068918e+00, change in D = 5.713676e+00.
  Coordinate descent sweep 9. norm of D = 9.215534e+00, change in D = 5.602972e+00.
  Coordinate descent sweep 10. norm of D = 9.291014e+00, change in D = 5.437051e+00.
    Line search step size chosen: 1.000000e+00.
  Objective value decreased by 6.490921e-03.
Newton iteration 29.
  Active set size = 1162619.
  sub-gradient = 6.230133e+00, l1-norm of X = 5.565101e+03.
  Coordinate descent sweep 1. norm of D = 5.337878e+00, change in D = 5.337878e+00.
  Coordinate descent sweep 2. norm of D = 6.328910e+00, change in D = 5.267568e+00.
  Coordinate descent sweep 3. norm of D = 6.678943e+00, change in D = 5.113056e+00.
  Coordinate descent sweep 4. norm of D = 6.878971e+00, change in D = 4.850795e+00.
  Coordinate descent sweep 5. norm of D = 7.089613e+00, change in D = 4.761047e+00.
  Coordinate descent sweep 6. norm of D = 7.275184e+00, change in D = 4.760484e+00.
  Coordinate descent sweep 7. norm of D = 7.507077e+00, change in D = 4.811706e+00.
  Coordinate descent sweep 8. norm of D = 7.460454e+00, change in D = 4.562454e+00.
  Coordinate descent sweep 9. norm of D = 7.719603e+00, change in D = 4.659211e+00.
  Coordinate descent sweep 10. norm of D = 7.795404e+00, change in D = 4.585125e+00.
    Line search step size chosen: 1.000000e+00.
  Objective value decreased by 4.586010e-03.
Newton iteration 30.
  Active set size = 1162574.
  sub-gradient = 4.800247e+00, l1-norm of X = 5.565182e+03.
  Coordinate descent sweep 1. norm of D = 4.476830e+00, change in D = 4.476830e+00.
  Coordinate descent sweep 2. norm of D = 5.259737e+00, change in D = 4.373405e+00.
  Coordinate descent sweep 3. norm of D = 5.607799e+00, change in D = 4.270791e+00.
  Coordinate descent sweep 4. norm of D = 5.861454e+00, change in D = 4.229634e+00.
  Coordinate descent sweep 5. norm of D = 6.040092e+00, change in D = 4.227766e+00.
  Coordinate descent sweep 6. norm of D = 6.122763e+00, change in D = 4.105307e+00.
  Coordinate descent sweep 7. norm of D = 6.197760e+00, change in D = 3.965847e+00.
  Coordinate descent sweep 8. norm of D = 6.447619e+00, change in D = 4.041182e+00.
  Coordinate descent sweep 9. norm of D = 6.515083e+00, change in D = 4.005027e+00.
  Coordinate descent sweep 10. norm of D = 6.479930e+00, change in D = 3.755315e+00.
  Coordinate descent sweep 11. norm of D = 6.810587e+00, change in D = 4.014826e+00.
    Line search step size chosen: 1.000000e+00.
  Objective value decreased by 3.736172e-03.
Newton iteration 31.
  Active set size = 1162550.
  sub-gradient = 3.549702e+00, l1-norm of X = 5.565260e+03.
  Coordinate descent sweep 1. norm of D = 3.904077e+00, change in D = 3.904077e+00.
  Coordinate descent sweep 2. norm of D = 4.506244e+00, change in D = 3.621564e+00.
  Coordinate descent sweep 3. norm of D = 4.915745e+00, change in D = 3.647393e+00.
  Coordinate descent sweep 4. norm of D = 5.079068e+00, change in D = 3.581345e+00.
  Coordinate descent sweep 5. norm of D = 5.267843e+00, change in D = 3.623745e+00.
  Coordinate descent sweep 6. norm of D = 5.301398e+00, change in D = 3.488898e+00.
  Coordinate descent sweep 7. norm of D = 5.334818e+00, change in D = 3.344049e+00.
  Coordinate descent sweep 8. norm of D = 5.501956e+00, change in D = 3.375325e+00.
  Coordinate descent sweep 9. norm of D = 5.615764e+00, change in D = 3.388903e+00.
  Coordinate descent sweep 10. norm of D = 5.604774e+00, change in D = 3.235563e+00.
  Coordinate descent sweep 11. norm of D = 5.787528e+00, change in D = 3.304398e+00.
    Line search step size chosen: 1.000000e+00.
  Objective value decreased by 2.584145e-03.
Newton iteration 32.
  Active set size = 1162535.
  sub-gradient = 3.093917e+00, l1-norm of X = 5.565321e+03.
  Coordinate descent sweep 1. norm of D = 3.182825e+00, change in D = 3.182825e+00.
  Coordinate descent sweep 2. norm of D = 3.788547e+00, change in D = 3.100474e+00.
  Coordinate descent sweep 3. norm of D = 4.098792e+00, change in D = 3.108250e+00.
  Coordinate descent sweep 4. norm of D = 4.253779e+00, change in D = 3.090336e+00.
  Coordinate descent sweep 5. norm of D = 4.311111e+00, change in D = 2.949740e+00.
  Coordinate descent sweep 6. norm of D = 4.444060e+00, change in D = 2.940467e+00.
  Coordinate descent sweep 7. norm of D = 4.544517e+00, change in D = 2.960234e+00.
  Coordinate descent sweep 8. norm of D = 4.585521e+00, change in D = 2.880727e+00.
  Coordinate descent sweep 9. norm of D = 4.658134e+00, change in D = 2.860451e+00.
  Coordinate descent sweep 10. norm of D = 4.643427e+00, change in D = 2.747597e+00.
  Coordinate descent sweep 11. norm of D = 4.733894e+00, change in D = 2.711937e+00.
    Line search step size chosen: 1.000000e+00.
  Objective value decreased by 2.007769e-03.
Newton iteration 33.
  Active set size = 1162509.
  sub-gradient = 2.233852e+00, l1-norm of X = 5.565373e+03.
  Coordinate descent sweep 1. norm of D = 2.655088e+00, change in D = 2.655088e+00.
  Coordinate descent sweep 2. norm of D = 3.215185e+00, change in D = 2.723988e+00.
  Coordinate descent sweep 3. norm of D = 3.343327e+00, change in D = 2.578937e+00.
  Coordinate descent sweep 4. norm of D = 3.585410e+00, change in D = 2.661958e+00.
  Coordinate descent sweep 5. norm of D = 3.583537e+00, change in D = 2.550366e+00.
  Coordinate descent sweep 6. norm of D = 3.667820e+00, change in D = 2.526684e+00.
  Coordinate descent sweep 7. norm of D = 3.745402e+00, change in D = 2.510628e+00.
  Coordinate descent sweep 8. norm of D = 3.721657e+00, change in D = 2.391844e+00.
  Coordinate descent sweep 9. norm of D = 3.861819e+00, change in D = 2.441525e+00.
  Coordinate descent sweep 10. norm of D = 3.829390e+00, change in D = 2.318012e+00.
  Coordinate descent sweep 11. norm of D = 3.895263e+00, change in D = 2.282701e+00.
  Coordinate descent sweep 12. norm of D = 3.935382e+00, change in D = 2.224447e+00.
    Line search step size chosen: 1.000000e+00.
  Objective value decreased by 1.533734e-03.
Newton iteration 34.
  Active set size = 1162508.
  sub-gradient = 2.157943e+00, l1-norm of X = 5.565419e+03.
  Coordinate descent sweep 1. norm of D = 2.191171e+00, change in D = 2.191171e+00.
  Coordinate descent sweep 2. norm of D = 2.545341e+00, change in D = 2.142605e+00.
  Coordinate descent sweep 3. norm of D = 2.767711e+00, change in D = 2.155429e+00.
  Coordinate descent sweep 4. norm of D = 2.850030e+00, change in D = 2.108702e+00.
  Coordinate descent sweep 5. norm of D = 2.976433e+00, change in D = 2.152966e+00.
  Coordinate descent sweep 6. norm of D = 2.989493e+00, change in D = 2.079813e+00.
  Coordinate descent sweep 7. norm of D = 3.072082e+00, change in D = 2.086306e+00.
  Coordinate descent sweep 8. norm of D = 3.096412e+00, change in D = 2.017072e+00.
  Coordinate descent sweep 9. norm of D = 3.092936e+00, change in D = 1.932450e+00.
  Coordinate descent sweep 10. norm of D = 3.170365e+00, change in D = 1.946147e+00.
  Coordinate descent sweep 11. norm of D = 3.205845e+00, change in D = 1.926294e+00.
  Coordinate descent sweep 12. norm of D = 3.237778e+00, change in D = 1.919672e+00.
    Line search step size chosen: 1.000000e+00.
  Objective value decreased by 1.031979e-03.
Newton iteration 35.
  Active set size = 1162552.
  sub-gradient = 3.204085e+00, l1-norm of X = 5.565455e+03.
  Coordinate descent sweep 1. norm of D = 1.846326e+00, change in D = 1.846326e+00.
  Coordinate descent sweep 2. norm of D = 2.179928e+00, change in D = 1.808868e+00.
  Coordinate descent sweep 3. norm of D = 2.312594e+00, change in D = 1.765669e+00.
  Coordinate descent sweep 4. norm of D = 2.423198e+00, change in D = 1.756592e+00.
  Coordinate descent sweep 5. norm of D = 2.427820e+00, change in D = 1.688186e+00.
  Coordinate descent sweep 6. norm of D = 2.528492e+00, change in D = 1.700863e+00.
  Coordinate descent sweep 7. norm of D = 2.548099e+00, change in D = 1.669510e+00.
  Coordinate descent sweep 8. norm of D = 2.586627e+00, change in D = 1.658255e+00.
  Coordinate descent sweep 9. norm of D = 2.611197e+00, change in D = 1.601906e+00.
  Coordinate descent sweep 10. norm of D = 2.698555e+00, change in D = 1.646500e+00.
  Coordinate descent sweep 11. norm of D = 2.702693e+00, change in D = 1.593065e+00.
  Coordinate descent sweep 12. norm of D = 2.725841e+00, change in D = 1.552597e+00.
    Line search step size chosen: 1.000000e+00.
  Objective value decreased by 7.644064e-04.
Newton iteration 36.
  Active set size = 1162485.
  sub-gradient = 1.523902e+00, l1-norm of X = 5.565487e+03.
  Coordinate descent sweep 1. norm of D = 1.524830e+00, change in D = 1.524830e+00.
  Coordinate descent sweep 2. norm of D = 1.783788e+00, change in D = 1.477691e+00.
  Coordinate descent sweep 3. norm of D = 1.901651e+00, change in D = 1.472550e+00.
  Coordinate descent sweep 4. norm of D = 2.018883e+00, change in D = 1.497731e+00.
  Coordinate descent sweep 5. norm of D = 2.063029e+00, change in D = 1.491634e+00.
  Coordinate descent sweep 6. norm of D = 2.114703e+00, change in D = 1.492117e+00.
  Coordinate descent sweep 7. norm of D = 2.148600e+00, change in D = 1.468942e+00.
  Coordinate descent sweep 8. norm of D = 2.192612e+00, change in D = 1.461909e+00.
  Coordinate descent sweep 9. norm of D = 2.197188e+00, change in D = 1.407332e+00.
  Coordinate descent sweep 10. norm of D = 2.237422e+00, change in D = 1.402374e+00.
  Coordinate descent sweep 11. norm of D = 2.250651e+00, change in D = 1.383413e+00.
  Coordinate descent sweep 12. norm of D = 2.296102e+00, change in D = 1.392693e+00.
  Coordinate descent sweep 13. norm of D = 2.287206e+00, change in D = 1.327171e+00.
    Line search step size chosen: 1.000000e+00.
  Objective value decreased by 5.852177e-04.
Newton iteration 37.
  Active set size = 1162478.
  sub-gradient = 1.180514e+00, l1-norm of X = 5.565513e+03.
  Coordinate descent sweep 1. norm of D = 1.273822e+00, change in D = 1.273822e+00.
  Coordinate descent sweep 2. norm of D = 1.511005e+00, change in D = 1.250623e+00.
  Coordinate descent sweep 3. norm of D = 1.663080e+00, change in D = 1.300104e+00.
  Coordinate descent sweep 4. norm of D = 1.665268e+00, change in D = 1.232712e+00.
  Coordinate descent sweep 5. norm of D = 1.740598e+00, change in D = 1.230082e+00.
  Coordinate descent sweep 6. norm of D = 1.750246e+00, change in D = 1.182164e+00.
  Coordinate descent sweep 7. norm of D = 1.745075e+00, change in D = 1.135747e+00.
  Coordinate descent sweep 8. norm of D = 1.787450e+00, change in D = 1.137757e+00.
  Coordinate descent sweep 9. norm of D = 1.827496e+00, change in D = 1.154946e+00.
  Coordinate descent sweep 10. norm of D = 1.874542e+00, change in D = 1.157096e+00.
  Coordinate descent sweep 11. norm of D = 1.848431e+00, change in D = 1.094269e+00.
  Coordinate descent sweep 12. norm of D = 1.907624e+00, change in D = 1.120979e+00.
  Coordinate descent sweep 13. norm of D = 1.904526e+00, change in D = 1.095059e+00.
    Line search step size chosen: 1.000000e+00.
  Objective value decreased by 4.260362e-04.
Newton iteration 38.
  Active set size = 1162465.
  sub-gradient = 1.045947e+00, l1-norm of X = 5.565535e+03.
  Coordinate descent sweep 1. norm of D = 1.036896e+00, change in D = 1.036896e+00.
  Coordinate descent sweep 2. norm of D = 1.251484e+00, change in D = 1.046986e+00.
  Coordinate descent sweep 3. norm of D = 1.390844e+00, change in D = 1.095129e+00.
  Coordinate descent sweep 4. norm of D = 1.357018e+00, change in D = 1.012324e+00.
  Coordinate descent sweep 5. norm of D = 1.402621e+00, change in D = 9.654468e-01.
  Coordinate descent sweep 6. norm of D = 1.454758e+00, change in D = 9.919915e-01.
  Coordinate descent sweep 7. norm of D = 1.502621e+00, change in D = 1.028591e+00.
  Coordinate descent sweep 8. norm of D = 1.494656e+00, change in D = 9.793309e-01.
  Coordinate descent sweep 9. norm of D = 1.515981e+00, change in D = 9.406422e-01.
  Coordinate descent sweep 10. norm of D = 1.563788e+00, change in D = 9.836828e-01.
  Coordinate descent sweep 11. norm of D = 1.549283e+00, change in D = 9.512433e-01.
  Coordinate descent sweep 12. norm of D = 1.557768e+00, change in D = 9.016982e-01.
  Coordinate descent sweep 13. norm of D = 1.598476e+00, change in D = 9.163869e-01.
    Line search step size chosen: 1.000000e+00.
  Objective value decreased by 3.069393e-04.
Newton iteration 39.
  Active set size = 1162479.
  sub-gradient = 1.222355e+00, l1-norm of X = 5.565553e+03.
  Coordinate descent sweep 1. norm of D = 9.314553e-01, change in D = 9.314553e-01.
  Coordinate descent sweep 2. norm of D = 1.067273e+00, change in D = 9.007042e-01.
  Coordinate descent sweep 3. norm of D = 1.164974e+00, change in D = 9.126558e-01.
  Coordinate descent sweep 4. norm of D = 1.233056e+00, change in D = 9.357879e-01.
  Coordinate descent sweep 5. norm of D = 1.241785e+00, change in D = 8.986245e-01.
  Coordinate descent sweep 6. norm of D = 1.260128e+00, change in D = 8.901644e-01.
  Coordinate descent sweep 7. norm of D = 1.249705e+00, change in D = 8.352850e-01.
  Coordinate descent sweep 8. norm of D = 1.276494e+00, change in D = 8.243045e-01.
  Coordinate descent sweep 9. norm of D = 1.308031e+00, change in D = 8.388916e-01.
  Coordinate descent sweep 10. norm of D = 1.302088e+00, change in D = 8.001315e-01.
  Coordinate descent sweep 11. norm of D = 1.331175e+00, change in D = 8.009589e-01.
  Coordinate descent sweep 12. norm of D = 1.321676e+00, change in D = 7.680553e-01.
  Coordinate descent sweep 13. norm of D = 1.325221e+00, change in D = 7.362541e-01.
  Coordinate descent sweep 14. norm of D = 1.348868e+00, change in D = 7.228377e-01.
    Line search step size chosen: 1.000000e+00.
  Objective value decreased by 2.345864e-04.
Newton iteration 40.
  Active set size = 1162475.
  sub-gradient = 9.451509e-01, l1-norm of X = 5.565569e+03.
  Coordinate descent sweep 1. norm of D = 7.575426e-01, change in D = 7.575426e-01.
  Coordinate descent sweep 2. norm of D = 8.614781e-01, change in D = 7.244482e-01.
  Coordinate descent sweep 3. norm of D = 8.954221e-01, change in D = 6.962792e-01.
  Coordinate descent sweep 4. norm of D = 9.622293e-01, change in D = 7.134045e-01.
  Coordinate descent sweep 5. norm of D = 9.953318e-01, change in D = 7.221016e-01.
  Coordinate descent sweep 6. norm of D = 9.996483e-01, change in D = 7.052005e-01.
  Coordinate descent sweep 7. norm of D = 9.989284e-01, change in D = 6.763524e-01.
  Coordinate descent sweep 8. norm of D = 1.034792e+00, change in D = 6.927958e-01.
  Coordinate descent sweep 9. norm of D = 1.026006e+00, change in D = 6.679036e-01.
  Coordinate descent sweep 10. norm of D = 1.019391e+00, change in D = 6.202769e-01.
  Coordinate descent sweep 11. norm of D = 1.063142e+00, change in D = 6.527231e-01.
  Coordinate descent sweep 12. norm of D = 1.062977e+00, change in D = 6.373201e-01.
  Coordinate descent sweep 13. norm of D = 1.053743e+00, change in D = 6.042936e-01.
  Coordinate descent sweep 14. norm of D = 1.090161e+00, change in D = 6.191623e-01.
    Line search step size chosen: 1.000000e+00.
  Objective value decreased by 1.533237e-04.
Newton iteration 41.
  Active set size = 1162463.
  sub-gradient = 5.304337e-01, l1-norm of X = 5.565582e+03.
  Coordinate descent sweep 1. norm of D = 5.978605e-01, change in D = 5.978605e-01.
  Coordinate descent sweep 2. norm of D = 7.430247e-01, change in D = 6.237779e-01.
  Coordinate descent sweep 3. norm of D = 7.927291e-01, change in D = 6.275637e-01.
  Coordinate descent sweep 4. norm of D = 7.937098e-01, change in D = 5.843293e-01.
  Coordinate descent sweep 5. norm of D = 8.296107e-01, change in D = 5.931659e-01.
  Coordinate descent sweep 6. norm of D = 8.340992e-01, change in D = 5.715045e-01.
  Coordinate descent sweep 7. norm of D = 8.609151e-01, change in D = 5.799636e-01.
  Coordinate descent sweep 8. norm of D = 8.630453e-01, change in D = 5.685995e-01.
  Coordinate descent sweep 9. norm of D = 8.752788e-01, change in D = 5.562671e-01.
  Coordinate descent sweep 10. norm of D = 8.646367e-01, change in D = 5.265357e-01.
  Coordinate descent sweep 11. norm of D = 8.879222e-01, change in D = 5.195023e-01.
  Coordinate descent sweep 12. norm of D = 9.149483e-01, change in D = 5.495445e-01.
  Coordinate descent sweep 13. norm of D = 9.077222e-01, change in D = 5.259844e-01.
  Coordinate descent sweep 14. norm of D = 9.222130e-01, change in D = 5.182567e-01.
    Line search step size chosen: 1.000000e+00.
  Objective value decreased by 1.170076e-04.
QUIC CPU time: 138693.436 seconds
