[1] "/work-zfs/abattle4/prashanthi/recount3/data/stomach/GTEx/weighted_covariances/cov_1.rds"
[1] "Data read complete"
Running QUIC version 1.1 in 'default' mode.
Newton iteration 1.
  X is a diagonal matrix.
    Line search step size 1.000000e+00.  Lack of positive definiteness.
    Line search step size 5.000000e-01.  Lack of positive definiteness.
    Line search step size chosen: 2.500000e-01.
  Objective value decreased by 7.929209e+00.
Newton iteration 2.
  Active set size = 11368.
  sub-gradient = 8.271792e+01, l1-norm of X = 3.741361e+01.
  Coordinate descent sweep 1. norm of D = 7.193047e+01, change in D = 7.193047e+01.
    Line search step size chosen: 1.000000e+00.
  Objective value decreased by 4.417590e+00.
Newton iteration 3.
  Active set size = 11272.
  sub-gradient = 1.326673e+02, l1-norm of X = 1.126474e+02.
  Coordinate descent sweep 1. norm of D = 2.498546e+01, change in D = 2.498546e+01.
  Coordinate descent sweep 2. norm of D = 2.320288e+01, change in D = 1.013307e+01.
    Line search step size chosen: 1.000000e+00.
  Objective value decreased by 1.654857e+00.
Newton iteration 4.
  Active set size = 11230.
  sub-gradient = 3.951379e+01, l1-norm of X = 1.066805e+02.
  Coordinate descent sweep 1. norm of D = 9.569552e+00, change in D = 9.569552e+00.
  Coordinate descent sweep 2. norm of D = 9.221617e+00, change in D = 4.642349e+00.
    Line search step size chosen: 1.000000e+00.
  Objective value decreased by 3.364610e-01.
Newton iteration 5.
  Active set size = 11207.
  sub-gradient = 8.800453e+00, l1-norm of X = 1.037422e+02.
  Coordinate descent sweep 1. norm of D = 3.082920e+00, change in D = 3.082920e+00.
  Coordinate descent sweep 2. norm of D = 3.217002e+00, change in D = 1.476035e+00.
    Line search step size chosen: 1.000000e+00.
  Objective value decreased by 4.350603e-02.
Newton iteration 6.
  Active set size = 11196.
  sub-gradient = 1.231399e+00, l1-norm of X = 1.029147e+02.
  Coordinate descent sweep 1. norm of D = 7.567472e-01, change in D = 7.567472e-01.
  Coordinate descent sweep 2. norm of D = 8.724302e-01, change in D = 3.434280e-01.
  Coordinate descent sweep 3. norm of D = 9.314903e-01, change in D = 1.424448e-01.
    Line search step size chosen: 1.000000e+00.
  Objective value decreased by 2.601648e-03.
Newton iteration 7.
  Active set size = 11194.
  sub-gradient = 8.375330e-02, l1-norm of X = 1.028481e+02.
  Coordinate descent sweep 1. norm of D = 6.770981e-02, change in D = 6.770981e-02.
  Coordinate descent sweep 2. norm of D = 8.256693e-02, change in D = 3.019720e-02.
  Coordinate descent sweep 3. norm of D = 9.071192e-02, change in D = 1.489001e-02.
    Line search step size chosen: 1.000000e+00.
  Objective value decreased by 3.218745e-05.
Newton iteration 8.
  Active set size = 11194.
  sub-gradient = 7.409002e-03, l1-norm of X = 1.028527e+02.
  Coordinate descent sweep 1. norm of D = 7.075097e-03, change in D = 7.075097e-03.
  Coordinate descent sweep 2. norm of D = 9.152909e-03, change in D = 3.786841e-03.
  Coordinate descent sweep 3. norm of D = 9.848369e-03, change in D = 1.679050e-03.
    Line search step size chosen: 1.000000e+00.
  Objective value decreased by 5.824277e-07.
QUIC CPU time: 3445.280 seconds
