[1] "/work-zfs/abattle4/prashanthi/recount3/data/stomach/GTEx/weighted_covariances/cov_1.rds"
[1] "Data read complete"
Running QUIC version 1.1 in 'default' mode.
Newton iteration 1.
  X is a diagonal matrix.
    Line search step size chosen: 1.000000e+00.
  Objective value decreased by 1.215233e+00.
Newton iteration 2.
  Active set size = 10287.
  sub-gradient = 9.349379e+00, l1-norm of X = 2.267589e+01.
  Coordinate descent sweep 1. norm of D = 4.249367e+00, change in D = 4.249367e+00.
    Line search step size chosen: 1.000000e+00.
  Objective value decreased by 1.473154e-01.
Newton iteration 3.
  Active set size = 10279.
  sub-gradient = 1.451943e+00, l1-norm of X = 1.996294e+01.
  Coordinate descent sweep 1. norm of D = 1.386187e+00, change in D = 1.386187e+00.
  Coordinate descent sweep 2. norm of D = 1.480417e+00, change in D = 2.816322e-01.
    Line search step size chosen: 1.000000e+00.
  Objective value decreased by 2.264521e-02.
Newton iteration 4.
  Active set size = 10278.
  sub-gradient = 9.412319e-02, l1-norm of X = 2.024255e+01.
  Coordinate descent sweep 1. norm of D = 9.647519e-02, change in D = 9.647519e-02.
  Coordinate descent sweep 2. norm of D = 1.110977e-01, change in D = 2.306799e-02.
    Line search step size chosen: 1.000000e+00.
  Objective value decreased by 1.498964e-04.
Newton iteration 5.
  Active set size = 10277.
  sub-gradient = 9.547513e-03, l1-norm of X = 2.026968e+01.
  Coordinate descent sweep 1. norm of D = 8.531654e-03, change in D = 8.531654e-03.
  Coordinate descent sweep 2. norm of D = 9.793551e-03, change in D = 2.684692e-03.
    Line search step size chosen: 1.000000e+00.
  Objective value decreased by 2.285587e-06.
Newton iteration 6.
  Active set size = 10277.
  sub-gradient = 9.254945e-04, l1-norm of X = 2.026987e+01.
  Coordinate descent sweep 1. norm of D = 8.486820e-04, change in D = 8.486820e-04.
  Coordinate descent sweep 2. norm of D = 9.560075e-04, change in D = 2.331947e-04.
  Coordinate descent sweep 3. norm of D = 9.724380e-04, change in D = 7.905957e-05.
    Line search step size chosen: 1.000000e+00.
  Objective value decreased by 2.402339e-08.
QUIC CPU time: 2446.990 seconds
