[1] "/work-zfs/abattle4/prashanthi/recount3/data/stomach/GTEx/weighted_covariances/cov_1.rds"
[1] "Data read complete"
Running QUIC version 1.1 in 'default' mode.
Newton iteration 1.
  X is a diagonal matrix.
    Line search step size chosen: 1.000000e+00.
  Objective value decreased by 2.349643e-04.
Newton iteration 2.
  Active set size = 10052.
  sub-gradient = 6.783484e-04, l1-norm of X = 4.921846e-02.
  Coordinate descent sweep 1. norm of D = 6.701784e-04, change in D = 6.701784e-04.
    Line search step size chosen: 1.000000e+00.
  Objective value decreased by 5.565380e-08.
Newton iteration 3.
  Active set size = 10052.
  sub-gradient = 1.032848e-05, l1-norm of X = 4.882343e-02.
  Coordinate descent sweep 1. norm of D = 1.023984e-05, change in D = 1.023984e-05.
  Coordinate descent sweep 2. norm of D = 1.056959e-05, change in D = 4.623309e-07.
    Line search step size chosen: 1.000000e+00.
  Objective value decreased by 4.547474e-11.
Newton iteration 4.
  Active set size = 10052.
  sub-gradient = 4.117955e-09, l1-norm of X = 4.884322e-02.
  Coordinate descent sweep 1. norm of D = 4.094571e-09, change in D = 4.094571e-09.
  Coordinate descent sweep 2. norm of D = 4.119051e-09, change in D = 1.646718e-10.
    Line search step size 1.000000e+00.
      Objective value would not decrease sufficiently: 1.818989e-12.
    Line search step size 5.000000e-01.
      Objective value would not decrease sufficiently: 1.818989e-12.
    Line search step size 2.500000e-01.
      Objective value would not decrease sufficiently: 1.818989e-12.
    Line search step size 1.250000e-01.
      Objective value would not decrease sufficiently: 1.818989e-12.
    Line search step size 6.250000e-02.
      Objective value would not decrease sufficiently: 1.818989e-12.
    Line search step size chosen: 3.125000e-02.
  Objective value decreased by 0.000000e+00.
QUIC CPU time: 2743.240 seconds
