[1] "/data/abattle4/prashanthi/recount3/data/liver/all/weighted_covariances/cov_28.rds"
[1] "Data read complete"
Running QUIC version 1.1 in 'default' mode.
Newton iteration 1.
  X is a diagonal matrix.
    Line search step size 1.000000e+00.  Lack of positive definiteness.
    Line search step size 5.000000e-01.  Lack of positive definiteness.
    Line search step size 2.500000e-01.  Lack of positive definiteness.
    Line search step size 1.250000e-01.  Lack of positive definiteness.
    Line search step size chosen: 6.250000e-02.
  Objective value decreased by 2.621078e+02.
Newton iteration 2.
  Active set size = 1309034.
  sub-gradient = 2.957267e+04, l1-norm of X = 3.275721e+02.
  Coordinate descent sweep 1. norm of D = 1.917902e+04, change in D = 1.917902e+04.
    Line search step size 1.000000e+00.  Lack of positive definiteness.
    Line search step size 5.000000e-01.  Lack of positive definiteness.
    Line search step size 2.500000e-01.  Lack of positive definiteness.
    Line search step size 1.250000e-01.  Lack of positive definiteness.
    Line search step size chosen: 6.250000e-02.
  Objective value decreased by 1.156684e+02.
Newton iteration 3.
  Active set size = 1310248.
  sub-gradient = 2.665426e+04, l1-norm of X = 5.115374e+02.
  Coordinate descent sweep 1. norm of D = 1.356546e+04, change in D = 1.356546e+04.
  Coordinate descent sweep 2. norm of D = 1.186229e+04, change in D = 3.361737e+03.
    Line search step size 1.000000e+00.  Lack of positive definiteness.
    Line search step size 5.000000e-01.  Lack of positive definiteness.
    Line search step size 2.500000e-01.  Lack of positive definiteness.
    Line search step size chosen: 1.250000e-01.
  Objective value decreased by 1.202038e+02.
Newton iteration 4.
  Active set size = 1312720.
  sub-gradient = 2.221105e+04, l1-norm of X = 7.141824e+02.
  Coordinate descent sweep 1. norm of D = 9.062009e+03, change in D = 9.062009e+03.
  Coordinate descent sweep 2. norm of D = 8.291853e+03, change in D = 2.456216e+03.
    Line search step size 1.000000e+00.  Lack of positive definiteness.
    Line search step size 5.000000e-01.  Lack of positive definiteness.
    Line search step size chosen: 2.500000e-01.
  Objective value decreased by 1.239991e+02.
Newton iteration 5.
  Active set size = 1324050.
  sub-gradient = 1.640757e+04, l1-norm of X = 9.509624e+02.
  Coordinate descent sweep 1. norm of D = 5.285013e+03, change in D = 5.285013e+03.
  Coordinate descent sweep 2. norm of D = 5.334464e+03, change in D = 1.443520e+03.
    Line search step size 1.000000e+00.  Lack of positive definiteness.
    Line search step size chosen: 5.000000e-01.
  Objective value decreased by 9.381063e+01.
Newton iteration 6.
  Active set size = 1327417.
  sub-gradient = 1.620952e+04, l1-norm of X = 1.157751e+03.
  Coordinate descent sweep 1. norm of D = 2.562124e+03, change in D = 2.562124e+03.
  Coordinate descent sweep 2. norm of D = 2.853867e+03, change in D = 8.556963e+02.
  Coordinate descent sweep 3. norm of D = 2.999851e+03, change in D = 4.035736e+02.
    Line search step size chosen: 1.000000e+00.
  Objective value decreased by 5.285245e+01.
Newton iteration 7.
  Active set size = 555384.
  sub-gradient = 1.451554e+03, l1-norm of X = 1.321656e+03.
  Coordinate descent sweep 1. norm of D = 3.720697e+02, change in D = 3.720697e+02.
  Coordinate descent sweep 2. norm of D = 4.321648e+02, change in D = 2.486136e+02.
  Coordinate descent sweep 3. norm of D = 4.741134e+02, change in D = 1.525445e+02.
    Line search step size chosen: 1.000000e+00.
  Objective value decreased by 4.331702e+00.
Newton iteration 8.
  Active set size = 538533.
  sub-gradient = 2.525386e+02, l1-norm of X = 1.334018e+03.
  Coordinate descent sweep 1. norm of D = 1.181390e+02, change in D = 1.181390e+02.
  Coordinate descent sweep 2. norm of D = 1.377223e+02, change in D = 8.930711e+01.
  Coordinate descent sweep 3. norm of D = 1.503074e+02, change in D = 6.734362e+01.
    Line search step size chosen: 1.000000e+00.
  Objective value decreased by 1.203987e+00.
Newton iteration 9.
  Active set size = 535912.
  sub-gradient = 7.096365e+01, l1-norm of X = 1.337707e+03.
  Coordinate descent sweep 1. norm of D = 5.459645e+01, change in D = 5.459645e+01.
  Coordinate descent sweep 2. norm of D = 6.345336e+01, change in D = 4.403072e+01.
  Coordinate descent sweep 3. norm of D = 6.962372e+01, change in D = 3.729411e+01.
  Coordinate descent sweep 4. norm of D = 7.278850e+01, change in D = 3.035185e+01.
    Line search step size chosen: 1.000000e+00.
  Objective value decreased by 5.174107e-01.
Newton iteration 10.
  Active set size = 535250.
  sub-gradient = 2.863473e+01, l1-norm of X = 1.339250e+03.
  Coordinate descent sweep 1. norm of D = 2.704359e+01, change in D = 2.704359e+01.
  Coordinate descent sweep 2. norm of D = 3.083920e+01, change in D = 2.327766e+01.
  Coordinate descent sweep 3. norm of D = 3.372225e+01, change in D = 2.027643e+01.
  Coordinate descent sweep 4. norm of D = 3.499066e+01, change in D = 1.724041e+01.
    Line search step size chosen: 1.000000e+00.
  Objective value decreased by 1.779918e-01.
Newton iteration 11.
  Active set size = 534948.
  sub-gradient = 2.133689e+01, l1-norm of X = 1.339768e+03.
  Coordinate descent sweep 1. norm of D = 1.539322e+01, change in D = 1.539322e+01.
  Coordinate descent sweep 2. norm of D = 1.770093e+01, change in D = 1.403806e+01.
  Coordinate descent sweep 3. norm of D = 1.874963e+01, change in D = 1.218358e+01.
  Coordinate descent sweep 4. norm of D = 1.972537e+01, change in D = 1.065937e+01.
    Line search step size chosen: 1.000000e+00.
  Objective value decreased by 6.830631e-02.
Newton iteration 12.
  Active set size = 534767.
  sub-gradient = 9.340854e+00, l1-norm of X = 1.340006e+03.
  Coordinate descent sweep 1. norm of D = 9.572709e+00, change in D = 9.572709e+00.
  Coordinate descent sweep 2. norm of D = 1.144993e+01, change in D = 9.142402e+00.
  Coordinate descent sweep 3. norm of D = 1.195068e+01, change in D = 8.247707e+00.
  Coordinate descent sweep 4. norm of D = 1.258594e+01, change in D = 7.324023e+00.
  Coordinate descent sweep 5. norm of D = 1.312174e+01, change in D = 6.887383e+00.
    Line search step size chosen: 1.000000e+00.
  Objective value decreased by 3.491706e-02.
Newton iteration 13.
  Active set size = 534744.
  sub-gradient = 6.499653e+00, l1-norm of X = 1.340175e+03.
  Coordinate descent sweep 1. norm of D = 6.297297e+00, change in D = 6.297297e+00.
  Coordinate descent sweep 2. norm of D = 7.113091e+00, change in D = 5.539018e+00.
  Coordinate descent sweep 3. norm of D = 7.764185e+00, change in D = 5.092268e+00.
  Coordinate descent sweep 4. norm of D = 8.076932e+00, change in D = 4.738481e+00.
  Coordinate descent sweep 5. norm of D = 8.386239e+00, change in D = 4.406794e+00.
    Line search step size chosen: 1.000000e+00.
  Objective value decreased by 1.484574e-02.
Newton iteration 14.
  Active set size = 534669.
  sub-gradient = 3.667466e+00, l1-norm of X = 1.340262e+03.
  Coordinate descent sweep 1. norm of D = 3.927959e+00, change in D = 3.927959e+00.
  Coordinate descent sweep 2. norm of D = 4.759541e+00, change in D = 3.877594e+00.
  Coordinate descent sweep 3. norm of D = 4.970037e+00, change in D = 3.610586e+00.
  Coordinate descent sweep 4. norm of D = 5.213688e+00, change in D = 3.287791e+00.
  Coordinate descent sweep 5. norm of D = 5.237338e+00, change in D = 2.840654e+00.
    Line search step size chosen: 1.000000e+00.
  Objective value decreased by 6.638646e-03.
Newton iteration 15.
  Active set size = 534656.
  sub-gradient = 2.929854e+00, l1-norm of X = 1.340310e+03.
  Coordinate descent sweep 1. norm of D = 2.691972e+00, change in D = 2.691972e+00.
  Coordinate descent sweep 2. norm of D = 3.006102e+00, change in D = 2.521937e+00.
  Coordinate descent sweep 3. norm of D = 3.174851e+00, change in D = 2.275561e+00.
  Coordinate descent sweep 4. norm of D = 3.298816e+00, change in D = 2.117405e+00.
  Coordinate descent sweep 5. norm of D = 3.392710e+00, change in D = 1.937405e+00.
  Coordinate descent sweep 6. norm of D = 3.524334e+00, change in D = 1.826876e+00.
    Line search step size chosen: 1.000000e+00.
  Objective value decreased by 3.728737e-03.
Newton iteration 16.
  Active set size = 534642.
  sub-gradient = 1.629892e+00, l1-norm of X = 1.340348e+03.
  Coordinate descent sweep 1. norm of D = 1.678098e+00, change in D = 1.678098e+00.
  Coordinate descent sweep 2. norm of D = 1.945665e+00, change in D = 1.590680e+00.
  Coordinate descent sweep 3. norm of D = 2.081494e+00, change in D = 1.527042e+00.
  Coordinate descent sweep 4. norm of D = 2.191702e+00, change in D = 1.458900e+00.
  Coordinate descent sweep 5. norm of D = 2.246927e+00, change in D = 1.384304e+00.
  Coordinate descent sweep 6. norm of D = 2.259130e+00, change in D = 1.234205e+00.
    Line search step size chosen: 1.000000e+00.
  Objective value decreased by 1.545727e-03.
Newton iteration 17.
  Active set size = 534622.
  sub-gradient = 9.852908e-01, l1-norm of X = 1.340370e+03.
  Coordinate descent sweep 1. norm of D = 1.088739e+00, change in D = 1.088739e+00.
  Coordinate descent sweep 2. norm of D = 1.268631e+00, change in D = 1.020239e+00.
  Coordinate descent sweep 3. norm of D = 1.395260e+00, change in D = 1.004166e+00.
  Coordinate descent sweep 4. norm of D = 1.424997e+00, change in D = 9.535623e-01.
  Coordinate descent sweep 5. norm of D = 1.455729e+00, change in D = 8.667075e-01.
  Coordinate descent sweep 6. norm of D = 1.496406e+00, change in D = 8.049165e-01.
    Line search step size chosen: 1.000000e+00.
  Objective value decreased by 6.964518e-04.
Newton iteration 18.
  Active set size = 534622.
  sub-gradient = 7.155399e-01, l1-norm of X = 1.340384e+03.
  Coordinate descent sweep 1. norm of D = 7.400513e-01, change in D = 7.400513e-01.
  Coordinate descent sweep 2. norm of D = 8.815656e-01, change in D = 7.235322e-01.
  Coordinate descent sweep 3. norm of D = 9.168906e-01, change in D = 6.846464e-01.
  Coordinate descent sweep 4. norm of D = 9.497326e-01, change in D = 6.316723e-01.
  Coordinate descent sweep 5. norm of D = 1.000185e+00, change in D = 6.225643e-01.
  Coordinate descent sweep 6. norm of D = 1.001173e+00, change in D = 5.695411e-01.
  Coordinate descent sweep 7. norm of D = 1.012838e+00, change in D = 5.070229e-01.
    Line search step size chosen: 1.000000e+00.
  Objective value decreased by 3.554334e-04.
Newton iteration 19.
  Active set size = 534616.
  sub-gradient = 5.014955e-01, l1-norm of X = 1.340395e+03.
  Coordinate descent sweep 1. norm of D = 4.708213e-01, change in D = 4.708213e-01.
  Coordinate descent sweep 2. norm of D = 5.408933e-01, change in D = 4.523613e-01.
  Coordinate descent sweep 3. norm of D = 5.776074e-01, change in D = 4.315439e-01.
  Coordinate descent sweep 4. norm of D = 6.015982e-01, change in D = 4.017330e-01.
  Coordinate descent sweep 5. norm of D = 6.151652e-01, change in D = 3.769142e-01.
  Coordinate descent sweep 6. norm of D = 6.369809e-01, change in D = 3.686525e-01.
  Coordinate descent sweep 7. norm of D = 6.463389e-01, change in D = 3.377853e-01.
    Line search step size chosen: 1.000000e+00.
  Objective value decreased by 1.550153e-04.
Newton iteration 20.
  Active set size = 534609.
  sub-gradient = 2.874300e-01, l1-norm of X = 1.340401e+03.
  Coordinate descent sweep 1. norm of D = 3.050263e-01, change in D = 3.050263e-01.
  Coordinate descent sweep 2. norm of D = 3.470394e-01, change in D = 2.771445e-01.
  Coordinate descent sweep 3. norm of D = 3.677755e-01, change in D = 2.560408e-01.
  Coordinate descent sweep 4. norm of D = 3.913711e-01, change in D = 2.440638e-01.
  Coordinate descent sweep 5. norm of D = 3.991519e-01, change in D = 2.292221e-01.
  Coordinate descent sweep 6. norm of D = 4.090387e-01, change in D = 2.140814e-01.
  Coordinate descent sweep 7. norm of D = 4.183229e-01, change in D = 2.020464e-01.
    Line search step size chosen: 1.000000e+00.
  Objective value decreased by 6.676370e-05.
Newton iteration 21.
  Active set size = 534611.
  sub-gradient = 1.869686e-01, l1-norm of X = 1.340405e+03.
  Coordinate descent sweep 1. norm of D = 1.870095e-01, change in D = 1.870095e-01.
  Coordinate descent sweep 2. norm of D = 2.225093e-01, change in D = 1.826882e-01.
  Coordinate descent sweep 3. norm of D = 2.427894e-01, change in D = 1.857448e-01.
  Coordinate descent sweep 4. norm of D = 2.468231e-01, change in D = 1.753600e-01.
  Coordinate descent sweep 5. norm of D = 2.457029e-01, change in D = 1.531893e-01.
  Coordinate descent sweep 6. norm of D = 2.555427e-01, change in D = 1.457279e-01.
  Coordinate descent sweep 7. norm of D = 2.586362e-01, change in D = 1.369678e-01.
  Coordinate descent sweep 8. norm of D = 2.699804e-01, change in D = 1.339845e-01.
    Line search step size chosen: 1.000000e+00.
  Objective value decreased by 3.008167e-05.
Newton iteration 22.
  Active set size = 534607.
  sub-gradient = 1.072325e-01, l1-norm of X = 1.340407e+03.
  Coordinate descent sweep 1. norm of D = 1.307882e-01, change in D = 1.307882e-01.
  Coordinate descent sweep 2. norm of D = 1.472674e-01, change in D = 1.236607e-01.
  Coordinate descent sweep 3. norm of D = 1.539255e-01, change in D = 1.125858e-01.
  Coordinate descent sweep 4. norm of D = 1.597098e-01, change in D = 1.085151e-01.
  Coordinate descent sweep 5. norm of D = 1.580268e-01, change in D = 9.766602e-02.
  Coordinate descent sweep 6. norm of D = 1.623607e-01, change in D = 8.908933e-02.
  Coordinate descent sweep 7. norm of D = 1.626927e-01, change in D = 7.794152e-02.
  Coordinate descent sweep 8. norm of D = 1.683450e-01, change in D = 7.434296e-02.
    Line search step size chosen: 1.000000e+00.
  Objective value decreased by 1.203373e-05.
QUIC CPU time: 27855.304 seconds
