[1] "/work-zfs/abattle4/prashanthi/recount3/data/liver/all/weighted_covariances/cov_28.rds"
[1] "Data read complete"
Running QUIC version 1.1 in 'default' mode.
Newton iteration 1.
  X is a diagonal matrix.
    Line search step size 1.000000e+00.  Lack of positive definiteness.
    Line search step size 5.000000e-01.  Lack of positive definiteness.
    Line search step size 2.500000e-01.  Lack of positive definiteness.
    Line search step size chosen: 1.250000e-01.
  Objective value decreased by 2.227179e+01.
Newton iteration 2.
  Active set size = 16956.
  sub-gradient = 4.803299e+02, l1-norm of X = 4.175788e+01.
  Coordinate descent sweep 1. norm of D = 3.404648e+02, change in D = 3.404648e+02.
    Line search step size 1.000000e+00.  Lack of positive definiteness.
    Line search step size 5.000000e-01.  Lack of positive definiteness.
    Line search step size chosen: 2.500000e-01.
  Objective value decreased by 1.430203e+01.
Newton iteration 3.
  Active set size = 16956.
  sub-gradient = 3.000905e+02, l1-norm of X = 8.102322e+01.
  Coordinate descent sweep 1. norm of D = 2.108276e+02, change in D = 2.108276e+02.
  Coordinate descent sweep 2. norm of D = 2.193070e+02, change in D = 5.010153e+01.
    Line search step size chosen: 1.000000e+00.
  Objective value decreased by 1.332999e+01.
Newton iteration 4.
  Active set size = 14984.
  sub-gradient = 1.287654e+02, l1-norm of X = 1.528440e+02.
  Coordinate descent sweep 1. norm of D = 4.559745e+01, change in D = 4.559745e+01.
  Coordinate descent sweep 2. norm of D = 4.919182e+01, change in D = 2.214883e+01.
    Line search step size chosen: 1.000000e+00.
  Objective value decreased by 1.217675e+00.
Newton iteration 5.
  Active set size = 14629.
  sub-gradient = 2.199141e+01, l1-norm of X = 1.519001e+02.
  Coordinate descent sweep 1. norm of D = 1.499335e+01, change in D = 1.499335e+01.
  Coordinate descent sweep 2. norm of D = 1.813579e+01, change in D = 8.618492e+00.
    Line search step size chosen: 1.000000e+00.
  Objective value decreased by 2.361482e-01.
Newton iteration 6.
  Active set size = 14535.
  sub-gradient = 6.058412e+00, l1-norm of X = 1.524331e+02.
  Coordinate descent sweep 1. norm of D = 5.573788e+00, change in D = 5.573788e+00.
  Coordinate descent sweep 2. norm of D = 7.289217e+00, change in D = 3.532885e+00.
  Coordinate descent sweep 3. norm of D = 8.201224e+00, change in D = 2.360198e+00.
    Line search step size chosen: 1.000000e+00.
  Objective value decreased by 6.680749e-02.
Newton iteration 7.
  Active set size = 14500.
  sub-gradient = 2.027943e+00, l1-norm of X = 1.530573e+02.
  Coordinate descent sweep 1. norm of D = 1.771532e+00, change in D = 1.771532e+00.
  Coordinate descent sweep 2. norm of D = 2.398547e+00, change in D = 1.332087e+00.
  Coordinate descent sweep 3. norm of D = 2.747344e+00, change in D = 9.695843e-01.
    Line search step size chosen: 1.000000e+00.
  Objective value decreased by 1.210243e-02.
Newton iteration 8.
  Active set size = 14494.
  sub-gradient = 7.180757e-01, l1-norm of X = 1.532496e+02.
  Coordinate descent sweep 1. norm of D = 7.574951e-01, change in D = 7.574951e-01.
  Coordinate descent sweep 2. norm of D = 1.013578e+00, change in D = 5.757979e-01.
  Coordinate descent sweep 3. norm of D = 1.185044e+00, change in D = 4.560784e-01.
    Line search step size chosen: 1.000000e+00.
  Objective value decreased by 2.915053e-03.
Newton iteration 9.
  Active set size = 14492.
  sub-gradient = 3.319143e-01, l1-norm of X = 1.533394e+02.
  Coordinate descent sweep 1. norm of D = 3.359103e-01, change in D = 3.359103e-01.
  Coordinate descent sweep 2. norm of D = 4.546795e-01, change in D = 2.662438e-01.
  Coordinate descent sweep 3. norm of D = 5.465587e-01, change in D = 2.215071e-01.
  Coordinate descent sweep 4. norm of D = 5.985575e-01, change in D = 1.602212e-01.
    Line search step size chosen: 1.000000e+00.
  Objective value decreased by 9.261802e-04.
Newton iteration 10.
  Active set size = 14489.
  sub-gradient = 1.580168e-01, l1-norm of X = 1.533849e+02.
  Coordinate descent sweep 1. norm of D = 1.328181e-01, change in D = 1.328181e-01.
  Coordinate descent sweep 2. norm of D = 1.782044e-01, change in D = 1.026255e-01.
  Coordinate descent sweep 3. norm of D = 2.108583e-01, change in D = 8.425402e-02.
  Coordinate descent sweep 4. norm of D = 2.345115e-01, change in D = 6.496275e-02.
    Line search step size chosen: 1.000000e+00.
  Objective value decreased by 1.641500e-04.
Newton iteration 11.
  Active set size = 14490.
  sub-gradient = 6.273542e-02, l1-norm of X = 1.534012e+02.
  Coordinate descent sweep 1. norm of D = 5.397921e-02, change in D = 5.397921e-02.
  Coordinate descent sweep 2. norm of D = 7.472716e-02, change in D = 4.484519e-02.
  Coordinate descent sweep 3. norm of D = 8.733509e-02, change in D = 3.531072e-02.
  Coordinate descent sweep 4. norm of D = 9.777111e-02, change in D = 2.870973e-02.
    Line search step size chosen: 1.000000e+00.
  Objective value decreased by 3.229381e-05.
Newton iteration 12.
  Active set size = 14490.
  sub-gradient = 2.278328e-02, l1-norm of X = 1.534081e+02.
  Coordinate descent sweep 1. norm of D = 2.233991e-02, change in D = 2.233991e-02.
  Coordinate descent sweep 2. norm of D = 3.033738e-02, change in D = 1.749372e-02.
  Coordinate descent sweep 3. norm of D = 3.635479e-02, change in D = 1.503733e-02.
  Coordinate descent sweep 4. norm of D = 4.067105e-02, change in D = 1.153280e-02.
  Coordinate descent sweep 5. norm of D = 4.324118e-02, change in D = 8.764638e-03.
    Line search step size chosen: 1.000000e+00.
  Objective value decreased by 6.554097e-06.
Newton iteration 13.
  Active set size = 14490.
  sub-gradient = 8.261694e-03, l1-norm of X = 1.534109e+02.
  Coordinate descent sweep 1. norm of D = 7.085123e-03, change in D = 7.085123e-03.
  Coordinate descent sweep 2. norm of D = 9.812969e-03, change in D = 5.886972e-03.
  Coordinate descent sweep 3. norm of D = 1.167049e-02, change in D = 4.993377e-03.
  Coordinate descent sweep 4. norm of D = 1.322758e-02, change in D = 4.395880e-03.
  Coordinate descent sweep 5. norm of D = 1.428924e-02, change in D = 3.321097e-03.
    Line search step size chosen: 1.000000e+00.
  Objective value decreased by 7.996487e-07.
QUIC CPU time: 3041.970 seconds
