[1] "/work-zfs/abattle4/prashanthi/recount3/data/liver/all/weighted_covariances/cov_28.rds"
[1] "Data read complete"
Running QUIC version 1.1 in 'default' mode.
Newton iteration 1.
  X is a diagonal matrix.
    Line search step size 1.000000e+00.  Lack of positive definiteness.
    Line search step size 5.000000e-01.  Lack of positive definiteness.
    Line search step size chosen: 2.500000e-01.
  Objective value decreased by 8.191072e+00.
Newton iteration 2.
  Active set size = 9939.
  sub-gradient = 9.032712e+01, l1-norm of X = 2.617716e+01.
  Coordinate descent sweep 1. norm of D = 6.070453e+01, change in D = 6.070453e+01.
    Line search step size chosen: 1.000000e+00.
  Objective value decreased by 3.415222e+00.
Newton iteration 3.
  Active set size = 9737.
  sub-gradient = 1.263507e+02, l1-norm of X = 6.147663e+01.
  Coordinate descent sweep 1. norm of D = 2.235292e+01, change in D = 2.235292e+01.
  Coordinate descent sweep 2. norm of D = 2.247629e+01, change in D = 1.031381e+01.
    Line search step size chosen: 1.000000e+00.
  Objective value decreased by 1.356650e+00.
Newton iteration 4.
  Active set size = 9642.
  sub-gradient = 3.943552e+01, l1-norm of X = 5.963359e+01.
  Coordinate descent sweep 1. norm of D = 9.188600e+00, change in D = 9.188600e+00.
  Coordinate descent sweep 2. norm of D = 9.429161e+00, change in D = 4.786728e+00.
    Line search step size chosen: 1.000000e+00.
  Objective value decreased by 3.306275e-01.
Newton iteration 5.
  Active set size = 9593.
  sub-gradient = 9.861109e+00, l1-norm of X = 5.842757e+01.
  Coordinate descent sweep 1. norm of D = 3.484758e+00, change in D = 3.484758e+00.
  Coordinate descent sweep 2. norm of D = 3.685752e+00, change in D = 1.995230e+00.
    Line search step size chosen: 1.000000e+00.
  Objective value decreased by 4.620960e-02.
Newton iteration 6.
  Active set size = 9571.
  sub-gradient = 1.613109e+00, l1-norm of X = 5.795082e+01.
  Coordinate descent sweep 1. norm of D = 1.101938e+00, change in D = 1.101938e+00.
  Coordinate descent sweep 2. norm of D = 1.306591e+00, change in D = 5.553516e-01.
  Coordinate descent sweep 3. norm of D = 1.428658e+00, change in D = 2.883605e-01.
    Line search step size chosen: 1.000000e+00.
  Objective value decreased by 4.644520e-03.
Newton iteration 7.
  Active set size = 9567.
  sub-gradient = 1.654500e-01, l1-norm of X = 5.794160e+01.
  Coordinate descent sweep 1. norm of D = 1.524499e-01, change in D = 1.524499e-01.
  Coordinate descent sweep 2. norm of D = 1.949207e-01, change in D = 7.952083e-02.
  Coordinate descent sweep 3. norm of D = 2.206966e-01, change in D = 5.312257e-02.
    Line search step size chosen: 1.000000e+00.
  Objective value decreased by 1.639895e-04.
Newton iteration 8.
  Active set size = 9567.
  sub-gradient = 4.124264e-02, l1-norm of X = 5.795805e+01.
  Coordinate descent sweep 1. norm of D = 3.424006e-02, change in D = 3.424006e-02.
  Coordinate descent sweep 2. norm of D = 4.649941e-02, change in D = 2.406595e-02.
  Coordinate descent sweep 3. norm of D = 5.300513e-02, change in D = 1.312262e-02.
    Line search step size chosen: 1.000000e+00.
  Objective value decreased by 1.586264e-05.
Newton iteration 9.
  Active set size = 9567.
  sub-gradient = 9.362005e-03, l1-norm of X = 5.796442e+01.
  Coordinate descent sweep 1. norm of D = 9.446201e-03, change in D = 9.446201e-03.
  Coordinate descent sweep 2. norm of D = 1.200276e-02, change in D = 5.882709e-03.
  Coordinate descent sweep 3. norm of D = 1.373524e-02, change in D = 4.035878e-03.
  Coordinate descent sweep 4. norm of D = 1.467779e-02, change in D = 2.616714e-03.
    Line search step size chosen: 1.000000e+00.
  Objective value decreased by 1.499748e-06.
Newton iteration 10.
  Active set size = 9567.
  sub-gradient = 1.926486e-03, l1-norm of X = 5.796577e+01.
  Coordinate descent sweep 1. norm of D = 1.800996e-03, change in D = 1.800996e-03.
  Coordinate descent sweep 2. norm of D = 2.449584e-03, change in D = 1.322763e-03.
  Coordinate descent sweep 3. norm of D = 2.776759e-03, change in D = 8.304012e-04.
  Coordinate descent sweep 4. norm of D = 3.073478e-03, change in D = 5.405757e-04.
    Line search step size chosen: 1.000000e+00.
  Objective value decreased by 7.418839e-08.
QUIC CPU time: 2151.450 seconds
