[1] "/work-zfs/abattle4/prashanthi/recount3/data/liver/all/weighted_covariances/cov_28.rds"
[1] "Data read complete"
Running QUIC version 1.1 in 'default' mode.
Newton iteration 1.
  X is a diagonal matrix.
    Line search step size 1.000000e+00.  Lack of positive definiteness.
    Line search step size 5.000000e-01.  Lack of positive definiteness.
    Line search step size chosen: 2.500000e-01.
  Objective value decreased by 6.499608e+00.
Newton iteration 2.
  Active set size = 9533.
  sub-gradient = 5.805526e+01, l1-norm of X = 2.135912e+01.
  Coordinate descent sweep 1. norm of D = 4.931919e+01, change in D = 4.931919e+01.
    Line search step size chosen: 1.000000e+00.
  Objective value decreased by 2.719733e+00.
Newton iteration 3.
  Active set size = 9388.
  sub-gradient = 9.422647e+01, l1-norm of X = 5.225305e+01.
  Coordinate descent sweep 1. norm of D = 1.793129e+01, change in D = 1.793129e+01.
  Coordinate descent sweep 2. norm of D = 1.770741e+01, change in D = 7.447551e+00.
    Line search step size chosen: 1.000000e+00.
  Objective value decreased by 1.055268e+00.
Newton iteration 4.
  Active set size = 9304.
  sub-gradient = 2.962492e+01, l1-norm of X = 5.066060e+01.
  Coordinate descent sweep 1. norm of D = 6.995739e+00, change in D = 6.995739e+00.
  Coordinate descent sweep 2. norm of D = 7.031102e+00, change in D = 3.901808e+00.
    Line search step size chosen: 1.000000e+00.
  Objective value decreased by 2.682440e-01.
Newton iteration 5.
  Active set size = 9268.
  sub-gradient = 8.019175e+00, l1-norm of X = 4.964979e+01.
  Coordinate descent sweep 1. norm of D = 2.796885e+00, change in D = 2.796885e+00.
  Coordinate descent sweep 2. norm of D = 2.817442e+00, change in D = 1.695662e+00.
    Line search step size chosen: 1.000000e+00.
  Objective value decreased by 5.259008e-02.
Newton iteration 6.
  Active set size = 9256.
  sub-gradient = 1.518328e+00, l1-norm of X = 4.924064e+01.
  Coordinate descent sweep 1. norm of D = 8.600161e-01, change in D = 8.600161e-01.
  Coordinate descent sweep 2. norm of D = 9.545056e-01, change in D = 3.779286e-01.
  Coordinate descent sweep 3. norm of D = 1.019599e+00, change in D = 1.964510e-01.
    Line search step size chosen: 1.000000e+00.
  Objective value decreased by 4.769170e-03.
Newton iteration 7.
  Active set size = 9251.
  sub-gradient = 1.287013e-01, l1-norm of X = 4.922041e+01.
  Coordinate descent sweep 1. norm of D = 1.075603e-01, change in D = 1.075603e-01.
  Coordinate descent sweep 2. norm of D = 1.309324e-01, change in D = 5.415490e-02.
  Coordinate descent sweep 3. norm of D = 1.455114e-01, change in D = 3.054412e-02.
    Line search step size chosen: 1.000000e+00.
  Objective value decreased by 8.702583e-05.
Newton iteration 8.
  Active set size = 9251.
  sub-gradient = 2.014853e-02, l1-norm of X = 4.923359e+01.
  Coordinate descent sweep 1. norm of D = 1.786174e-02, change in D = 1.786174e-02.
  Coordinate descent sweep 2. norm of D = 2.250144e-02, change in D = 1.087375e-02.
  Coordinate descent sweep 3. norm of D = 2.581308e-02, change in D = 7.666720e-03.
    Line search step size chosen: 1.000000e+00.
  Objective value decreased by 3.498065e-06.
Newton iteration 9.
  Active set size = 9251.
  sub-gradient = 5.484809e-03, l1-norm of X = 4.923632e+01.
  Coordinate descent sweep 1. norm of D = 4.739842e-03, change in D = 4.739842e-03.
  Coordinate descent sweep 2. norm of D = 6.071426e-03, change in D = 2.659992e-03.
  Coordinate descent sweep 3. norm of D = 6.930489e-03, change in D = 1.674489e-03.
  Coordinate descent sweep 4. norm of D = 7.300726e-03, change in D = 9.972894e-04.
    Line search step size chosen: 1.000000e+00.
  Objective value decreased by 2.429006e-07.
Newton iteration 10.
  Active set size = 9251.
  sub-gradient = 6.452763e-04, l1-norm of X = 4.923704e+01.
  Coordinate descent sweep 1. norm of D = 6.000433e-04, change in D = 6.000433e-04.
  Coordinate descent sweep 2. norm of D = 7.965656e-04, change in D = 4.145592e-04.
  Coordinate descent sweep 3. norm of D = 9.080743e-04, change in D = 2.464246e-04.
  Coordinate descent sweep 4. norm of D = 9.849768e-04, change in D = 1.822208e-04.
    Line search step size chosen: 1.000000e+00.
  Objective value decreased by 6.043592e-09.
QUIC CPU time: 2195.930 seconds
