[1] "/work-zfs/abattle4/prashanthi/recount3/data/liver/all/weighted_covariances/cov_28.rds"
[1] "Data read complete"
Running QUIC version 1.1 in 'default' mode.
Newton iteration 1.
  X is a diagonal matrix.
    Line search step size chosen: 1.000000e+00.
  Objective value decreased by 1.821043e-01.
Newton iteration 2.
  Active set size = 8214.
  sub-gradient = 9.061823e-01, l1-norm of X = 3.048940e+00.
  Coordinate descent sweep 1. norm of D = 5.837336e-01, change in D = 5.837336e-01.
    Line search step size chosen: 1.000000e+00.
  Objective value decreased by 9.623568e-03.
Newton iteration 3.
  Active set size = 8213.
  sub-gradient = 1.232585e-01, l1-norm of X = 2.718310e+00.
  Coordinate descent sweep 1. norm of D = 1.337527e-01, change in D = 1.337527e-01.
  Coordinate descent sweep 2. norm of D = 1.490331e-01, change in D = 2.211075e-02.
    Line search step size chosen: 1.000000e+00.
  Objective value decreased by 1.103039e-03.
Newton iteration 4.
  Active set size = 8213.
  sub-gradient = 5.636108e-03, l1-norm of X = 2.796702e+00.
  Coordinate descent sweep 1. norm of D = 5.374214e-03, change in D = 5.374214e-03.
  Coordinate descent sweep 2. norm of D = 5.870036e-03, change in D = 1.564139e-03.
    Line search step size chosen: 1.000000e+00.
  Objective value decreased by 2.137048e-06.
Newton iteration 5.
  Active set size = 8213.
  sub-gradient = 4.118812e-04, l1-norm of X = 2.797723e+00.
  Coordinate descent sweep 1. norm of D = 3.766144e-04, change in D = 3.766144e-04.
  Coordinate descent sweep 2. norm of D = 3.818154e-04, change in D = 9.164270e-05.
    Line search step size chosen: 1.000000e+00.
  Objective value decreased by 1.462649e-08.
Newton iteration 6.
  Active set size = 8213.
  sub-gradient = 4.011709e-05, l1-norm of X = 2.797659e+00.
  Coordinate descent sweep 1. norm of D = 3.617578e-05, change in D = 3.617578e-05.
  Coordinate descent sweep 2. norm of D = 3.962296e-05, change in D = 9.596918e-06.
  Coordinate descent sweep 3. norm of D = 4.142166e-05, change in D = 2.539983e-06.
    Line search step size chosen: 1.000000e+00.
  Objective value decreased by 1.200533e-10.
QUIC CPU time: 1317.560 seconds
