[1] "/data/abattle4/prashanthi/recount3/data/central_nervous_system/all/weighted_covariances/only_sra/cov_1.rds"
[1] "Data read complete"
Running QUIC version 1.1 in 'default' mode.
Newton iteration 1.
  X is a diagonal matrix.
    Line search step size 1.000000e+00.  Lack of positive definiteness.
    Line search step size 5.000000e-01.  Lack of positive definiteness.
    Line search step size 2.500000e-01.  Lack of positive definiteness.
    Line search step size 1.250000e-01.  Lack of positive definiteness.
    Line search step size 6.250000e-02.  Lack of positive definiteness.
    Line search step size 3.125000e-02.  Lack of positive definiteness.
    Line search step size chosen: 1.562500e-02.
  Objective value decreased by 1.083404e+03.
Newton iteration 2.
  Active set size = 2697751.
  sub-gradient = 2.286890e+05, l1-norm of X = 4.171213e+03.
  Coordinate descent sweep 1. norm of D = 7.984863e+04, change in D = 7.984863e+04.
    Line search step size 1.000000e+00.  Lack of positive definiteness.
    Line search step size 5.000000e-01.  Lack of positive definiteness.
    Line search step size 2.500000e-01.  Lack of positive definiteness.
    Line search step size 1.250000e-01.  Lack of positive definiteness.
    Line search step size 6.250000e-02.  Lack of positive definiteness.
    Line search step size 3.125000e-02.  Lack of positive definiteness.
    Line search step size chosen: 1.562500e-02.
  Objective value decreased by 3.854427e+02.
Newton iteration 3.
  Active set size = 2698292.
  sub-gradient = 2.042215e+05, l1-norm of X = 5.496958e+03.
  Coordinate descent sweep 1. norm of D = 2.990218e+04, change in D = 2.990218e+04.
  Coordinate descent sweep 2. norm of D = 2.423657e+04, change in D = 1.327329e+04.
    Line search step size 1.000000e+00.  Lack of positive definiteness.
    Line search step size 5.000000e-01.  Lack of positive definiteness.
    Line search step size 2.500000e-01.  Lack of positive definiteness.
    Line search step size 1.250000e-01.  Lack of positive definiteness.
    Line search step size 6.250000e-02.  Lack of positive definiteness.
    Line search step size chosen: 3.125000e-02.
  Objective value decreased by 2.139908e+02.
Newton iteration 4.
  Active set size = 2698183.
  sub-gradient = 1.809935e+05, l1-norm of X = 6.069291e+03.
  Coordinate descent sweep 1. norm of D = 1.760042e+04, change in D = 1.760042e+04.
  Coordinate descent sweep 2. norm of D = 1.567199e+04, change in D = 6.915601e+03.
    Line search step size 1.000000e+00.  Lack of positive definiteness.
    Line search step size 5.000000e-01.  Lack of positive definiteness.
    Line search step size 2.500000e-01.  Lack of positive definiteness.
    Line search step size 1.250000e-01.  Lack of positive definiteness.
    Line search step size chosen: 6.250000e-02.
  Objective value decreased by 2.138136e+02.
Newton iteration 5.
  Active set size = 2698246.
  sub-gradient = 1.455732e+05, l1-norm of X = 6.532628e+03.
  Coordinate descent sweep 1. norm of D = 1.152496e+04, change in D = 1.152496e+04.
  Coordinate descent sweep 2. norm of D = 1.167730e+04, change in D = 3.253330e+03.
    Line search step size 1.000000e+00.  Lack of positive definiteness.
    Line search step size 5.000000e-01.  Lack of positive definiteness.
    Line search step size 2.500000e-01.  Lack of positive definiteness.
    Line search step size chosen: 1.250000e-01.
  Objective value decreased by 2.203249e+02.
Newton iteration 6.
  Active set size = 2697983.
  sub-gradient = 1.595273e+05, l1-norm of X = 6.820613e+03.
  Coordinate descent sweep 1. norm of D = 9.208840e+03, change in D = 9.208840e+03.
  Coordinate descent sweep 2. norm of D = 9.980943e+03, change in D = 2.692072e+03.
  Coordinate descent sweep 3. norm of D = 1.022455e+04, change in D = 1.003540e+03.
    Line search step size 1.000000e+00.  Lack of positive definiteness.
    Line search step size 5.000000e-01.  Lack of positive definiteness.
    Line search step size chosen: 2.500000e-01.
  Objective value decreased by 3.076642e+02.
Newton iteration 7.
  Active set size = 2697923.
  sub-gradient = 2.471267e+05, l1-norm of X = 7.130013e+03.
  Coordinate descent sweep 1. norm of D = 6.883788e+03, change in D = 6.883788e+03.
  Coordinate descent sweep 2. norm of D = 7.827729e+03, change in D = 2.521174e+03.
  Coordinate descent sweep 3. norm of D = 8.229941e+03, change in D = 1.239108e+03.
    Line search step size 1.000000e+00.  Lack of positive definiteness.
    Line search step size chosen: 5.000000e-01.
  Objective value decreased by 3.820740e+02.
Newton iteration 8.
  Active set size = 2697922.
  sub-gradient = 4.087554e+05, l1-norm of X = 7.596965e+03.
  Coordinate descent sweep 1. norm of D = 3.822985e+03, change in D = 3.822985e+03.
  Coordinate descent sweep 2. norm of D = 4.585110e+03, change in D = 1.747976e+03.
  Coordinate descent sweep 3. norm of D = 5.000931e+03, change in D = 1.072117e+03.
    Line search step size chosen: 1.000000e+00.
  Objective value decreased by 2.974917e+02.
Newton iteration 9.
  Active set size = 204691.
  sub-gradient = 1.805752e+04, l1-norm of X = 8.267783e+03.
  Coordinate descent sweep 1. norm of D = 8.879485e+02, change in D = 8.879485e+02.
  Coordinate descent sweep 2. norm of D = 1.226426e+03, change in D = 6.253675e+02.
  Coordinate descent sweep 3. norm of D = 1.440839e+03, change in D = 4.323326e+02.
  Coordinate descent sweep 4. norm of D = 1.583592e+03, change in D = 2.958997e+02.
    Line search step size chosen: 1.000000e+00.
  Objective value decreased by 1.937096e+01.
Newton iteration 10.
  Active set size = 184320.
  sub-gradient = 6.604468e+03, l1-norm of X = 8.605821e+03.
  Coordinate descent sweep 1. norm of D = 2.814749e+02, change in D = 2.814749e+02.
  Coordinate descent sweep 2. norm of D = 3.878663e+02, change in D = 1.938181e+02.
  Coordinate descent sweep 3. norm of D = 4.554539e+02, change in D = 1.309060e+02.
  Coordinate descent sweep 4. norm of D = 4.996738e+02, change in D = 8.843502e+01.
    Line search step size chosen: 1.000000e+00.
  Objective value decreased by 1.766257e+00.
Newton iteration 11.
  Active set size = 178761.
  sub-gradient = 1.513031e+03, l1-norm of X = 8.692245e+03.
  Coordinate descent sweep 1. norm of D = 7.153709e+01, change in D = 7.153709e+01.
  Coordinate descent sweep 2. norm of D = 9.658557e+01, change in D = 4.777451e+01.
  Coordinate descent sweep 3. norm of D = 1.123442e+02, change in D = 3.191600e+01.
  Coordinate descent sweep 4. norm of D = 1.224796e+02, change in D = 2.110897e+01.
    Line search step size chosen: 1.000000e+00.
  Objective value decreased by 1.166670e-01.
Newton iteration 12.
  Active set size = 178270.
  sub-gradient = 1.684974e+02, l1-norm of X = 8.709908e+03.
  Coordinate descent sweep 1. norm of D = 1.775506e+01, change in D = 1.775506e+01.
  Coordinate descent sweep 2. norm of D = 2.329198e+01, change in D = 1.227553e+01.
  Coordinate descent sweep 3. norm of D = 2.671403e+01, change in D = 8.225963e+00.
  Coordinate descent sweep 4. norm of D = 2.889673e+01, change in D = 5.448160e+00.
  Coordinate descent sweep 5. norm of D = 3.030870e+01, change in D = 3.619544e+00.
    Line search step size chosen: 1.000000e+00.
  Objective value decreased by 1.060256e-02.
Newton iteration 13.
  Active set size = 178501.
  sub-gradient = 6.366891e+00, l1-norm of X = 8.713285e+03.
  Coordinate descent sweep 1. norm of D = 3.922198e+00, change in D = 3.922198e+00.
  Coordinate descent sweep 2. norm of D = 4.812904e+00, change in D = 3.069279e+00.
  Coordinate descent sweep 3. norm of D = 5.207006e+00, change in D = 2.100784e+00.
  Coordinate descent sweep 4. norm of D = 5.471009e+00, change in D = 1.417109e+00.
  Coordinate descent sweep 5. norm of D = 5.661002e+00, change in D = 9.663002e-01.
    Line search step size chosen: 1.000000e+00.
  Objective value decreased by 1.286850e-03.
Newton iteration 14.
  Active set size = 178494.
  sub-gradient = 8.376939e-01, l1-norm of X = 8.713657e+03.
  Coordinate descent sweep 1. norm of D = 6.548222e-01, change in D = 6.548222e-01.
  Coordinate descent sweep 2. norm of D = 8.439018e-01, change in D = 4.419443e-01.
  Coordinate descent sweep 3. norm of D = 9.521540e-01, change in D = 3.013209e-01.
  Coordinate descent sweep 4. norm of D = 1.018165e+00, change in D = 2.051342e-01.
  Coordinate descent sweep 5. norm of D = 1.060351e+00, change in D = 1.405429e-01.
    Line search step size chosen: 1.000000e+00.
  Objective value decreased by 2.014010e-05.
QUIC CPU time: 20152.985 seconds
