[1] "/data/abattle4/prashanthi/recount3/data/central_nervous_system/all/weighted_covariances/only_sra/cov_1.rds"
[1] "Data read complete"
Running QUIC version 1.1 in 'default' mode.
Newton iteration 1.
  X is a diagonal matrix.
    Line search step size 1.000000e+00.  Lack of positive definiteness.
    Line search step size 5.000000e-01.  Lack of positive definiteness.
    Line search step size 2.500000e-01.  Lack of positive definiteness.
    Line search step size 1.250000e-01.  Lack of positive definiteness.
    Line search step size 6.250000e-02.  Lack of positive definiteness.
    Line search step size chosen: 3.125000e-02.
  Objective value decreased by 4.617560e+02.
Newton iteration 2.
  Active set size = 978340.
  sub-gradient = 6.271836e+04, l1-norm of X = 2.705760e+03.
  Coordinate descent sweep 1. norm of D = 4.358188e+04, change in D = 4.358188e+04.
    Line search step size 1.000000e+00.  Lack of positive definiteness.
    Line search step size 5.000000e-01.  Lack of positive definiteness.
    Line search step size 2.500000e-01.  Lack of positive definiteness.
    Line search step size 1.250000e-01.  Lack of positive definiteness.
    Line search step size 6.250000e-02.  Lack of positive definiteness.
    Line search step size chosen: 3.125000e-02.
  Objective value decreased by 2.960611e+02.
Newton iteration 3.
  Active set size = 978340.
  sub-gradient = 5.897246e+04, l1-norm of X = 4.471319e+03.
  Coordinate descent sweep 1. norm of D = 2.671372e+04, change in D = 2.671372e+04.
  Coordinate descent sweep 2. norm of D = 2.127018e+04, change in D = 9.187319e+03.
    Line search step size 1.000000e+00.  Lack of positive definiteness.
    Line search step size 5.000000e-01.  Lack of positive definiteness.
    Line search step size 2.500000e-01.  Lack of positive definiteness.
    Line search step size 1.250000e-01.  Lack of positive definiteness.
    Line search step size chosen: 6.250000e-02.
  Objective value decreased by 2.798578e+02.
Newton iteration 4.
  Active set size = 980142.
  sub-gradient = 5.051925e+04, l1-norm of X = 6.010466e+03.
  Coordinate descent sweep 1. norm of D = 1.147547e+04, change in D = 1.147547e+04.
  Coordinate descent sweep 2. norm of D = 1.034420e+04, change in D = 3.914240e+03.
    Line search step size 1.000000e+00.  Lack of positive definiteness.
    Line search step size 5.000000e-01.  Lack of positive definiteness.
    Line search step size 2.500000e-01.  Lack of positive definiteness.
    Line search step size 1.250000e-01.  Lack of positive definiteness.
    Line search step size chosen: 6.250000e-02.
  Objective value decreased by 9.965626e+01.
Newton iteration 5.
  Active set size = 979570.
  sub-gradient = 5.037402e+04, l1-norm of X = 6.436744e+03.
  Coordinate descent sweep 1. norm of D = 9.050422e+03, change in D = 9.050422e+03.
  Coordinate descent sweep 2. norm of D = 8.615237e+03, change in D = 2.938826e+03.
    Line search step size 1.000000e+00.  Lack of positive definiteness.
    Line search step size 5.000000e-01.  Lack of positive definiteness.
    Line search step size 2.500000e-01.  Lack of positive definiteness.
    Line search step size chosen: 1.250000e-01.
  Objective value decreased by 1.352055e+02.
Newton iteration 6.
  Active set size = 978968.
  sub-gradient = 6.430597e+04, l1-norm of X = 6.961505e+03.
  Coordinate descent sweep 1. norm of D = 6.522402e+03, change in D = 6.522402e+03.
  Coordinate descent sweep 2. norm of D = 6.812168e+03, change in D = 1.951499e+03.
  Coordinate descent sweep 3. norm of D = 6.975680e+03, change in D = 6.312712e+02.
    Line search step size 1.000000e+00.  Lack of positive definiteness.
    Line search step size 5.000000e-01.  Lack of positive definiteness.
    Line search step size chosen: 2.500000e-01.
  Objective value decreased by 1.552943e+02.
Newton iteration 7.
  Active set size = 979217.
  sub-gradient = 1.348036e+05, l1-norm of X = 7.444368e+03.
  Coordinate descent sweep 1. norm of D = 4.394711e+03, change in D = 4.394711e+03.
  Coordinate descent sweep 2. norm of D = 4.997492e+03, change in D = 1.511513e+03.
  Coordinate descent sweep 3. norm of D = 5.249116e+03, change in D = 6.939780e+02.
    Line search step size 1.000000e+00.  Lack of positive definiteness.
    Line search step size chosen: 5.000000e-01.
  Objective value decreased by 1.584193e+02.
Newton iteration 8.
  Active set size = 980546.
  sub-gradient = 1.808914e+05, l1-norm of X = 7.869622e+03.
  Coordinate descent sweep 1. norm of D = 2.400559e+03, change in D = 2.400559e+03.
  Coordinate descent sweep 2. norm of D = 2.854935e+03, change in D = 9.817423e+02.
  Coordinate descent sweep 3. norm of D = 3.080167e+03, change in D = 5.399472e+02.
    Line search step size chosen: 1.000000e+00.
  Objective value decreased by 1.094289e+02.
Newton iteration 9.
  Active set size = 199099.
  sub-gradient = 2.764534e+04, l1-norm of X = 8.359669e+03.
  Coordinate descent sweep 1. norm of D = 4.330948e+02, change in D = 4.330948e+02.
  Coordinate descent sweep 2. norm of D = 5.639861e+02, change in D = 2.779788e+02.
  Coordinate descent sweep 3. norm of D = 6.458746e+02, change in D = 1.790846e+02.
  Coordinate descent sweep 4. norm of D = 6.977601e+02, change in D = 1.196865e+02.
    Line search step size chosen: 1.000000e+00.
  Objective value decreased by 6.000427e+00.
Newton iteration 10.
  Active set size = 181953.
  sub-gradient = 1.383051e+04, l1-norm of X = 8.514766e+03.
  Coordinate descent sweep 1. norm of D = 1.545468e+02, change in D = 1.545468e+02.
  Coordinate descent sweep 2. norm of D = 1.723672e+02, change in D = 1.010939e+02.
  Coordinate descent sweep 3. norm of D = 1.877172e+02, change in D = 6.551173e+01.
  Coordinate descent sweep 4. norm of D = 1.989355e+02, change in D = 4.426157e+01.
    Line search step size chosen: 1.000000e+00.
  Objective value decreased by 1.358338e+00.
Newton iteration 11.
  Active set size = 175935.
  sub-gradient = 6.853097e+03, l1-norm of X = 8.549543e+03.
  Coordinate descent sweep 1. norm of D = 8.001585e+01, change in D = 8.001585e+01.
  Coordinate descent sweep 2. norm of D = 7.524014e+01, change in D = 5.299342e+01.
  Coordinate descent sweep 3. norm of D = 7.408550e+01, change in D = 3.198864e+01.
  Coordinate descent sweep 4. norm of D = 7.471772e+01, change in D = 1.899052e+01.
    Line search step size chosen: 1.000000e+00.
  Objective value decreased by 4.901417e-01.
Newton iteration 12.
  Active set size = 172493.
  sub-gradient = 2.988776e+03, l1-norm of X = 8.558696e+03.
  Coordinate descent sweep 1. norm of D = 4.099298e+01, change in D = 4.099298e+01.
  Coordinate descent sweep 2. norm of D = 3.502109e+01, change in D = 2.864066e+01.
  Coordinate descent sweep 3. norm of D = 3.142708e+01, change in D = 1.663997e+01.
  Coordinate descent sweep 4. norm of D = 3.019801e+01, change in D = 9.076015e+00.
  Coordinate descent sweep 5. norm of D = 2.996712e+01, change in D = 4.924184e+00.
    Line search step size chosen: 1.000000e+00.
  Objective value decreased by 1.505382e-01.
Newton iteration 13.
  Active set size = 170948.
  sub-gradient = 9.555345e+02, l1-norm of X = 8.560731e+03.
  Coordinate descent sweep 1. norm of D = 1.368187e+01, change in D = 1.368187e+01.
  Coordinate descent sweep 2. norm of D = 1.107271e+01, change in D = 1.033275e+01.
  Coordinate descent sweep 3. norm of D = 9.109814e+00, change in D = 6.043828e+00.
  Coordinate descent sweep 4. norm of D = 8.322595e+00, change in D = 3.093605e+00.
  Coordinate descent sweep 5. norm of D = 8.111345e+00, change in D = 1.574380e+00.
    Line search step size chosen: 1.000000e+00.
  Objective value decreased by 2.159646e-02.
Newton iteration 14.
  Active set size = 170739.
  sub-gradient = 1.523925e+02, l1-norm of X = 8.560732e+03.
  Coordinate descent sweep 1. norm of D = 4.528181e+00, change in D = 4.528181e+00.
  Coordinate descent sweep 2. norm of D = 4.151285e+00, change in D = 3.537866e+00.
  Coordinate descent sweep 3. norm of D = 3.711312e+00, change in D = 1.920269e+00.
  Coordinate descent sweep 4. norm of D = 3.570539e+00, change in D = 9.638923e-01.
  Coordinate descent sweep 5. norm of D = 3.536248e+00, change in D = 4.837164e-01.
    Line search step size chosen: 1.000000e+00.
  Objective value decreased by 2.859854e-03.
Newton iteration 15.
  Active set size = 171456.
  sub-gradient = 5.703780e+00, l1-norm of X = 8.560690e+03.
  Coordinate descent sweep 1. norm of D = 2.030079e+00, change in D = 2.030079e+00.
  Coordinate descent sweep 2. norm of D = 2.088729e+00, change in D = 1.631505e+00.
  Coordinate descent sweep 3. norm of D = 1.969733e+00, change in D = 8.648465e-01.
  Coordinate descent sweep 4. norm of D = 1.924315e+00, change in D = 4.470306e-01.
  Coordinate descent sweep 5. norm of D = 1.912624e+00, change in D = 2.296479e-01.
  Coordinate descent sweep 6. norm of D = 1.912674e+00, change in D = 1.195069e-01.
    Line search step size chosen: 1.000000e+00.
  Objective value decreased by 7.101390e-04.
Newton iteration 16.
  Active set size = 171496.
  sub-gradient = 1.178276e-01, l1-norm of X = 8.560697e+03.
  Coordinate descent sweep 1. norm of D = 6.650311e-02, change in D = 6.650311e-02.
  Coordinate descent sweep 2. norm of D = 7.904486e-02, change in D = 3.710920e-02.
  Coordinate descent sweep 3. norm of D = 8.473896e-02, change in D = 2.009439e-02.
  Coordinate descent sweep 4. norm of D = 8.758900e-02, change in D = 1.108917e-02.
  Coordinate descent sweep 5. norm of D = 8.899609e-02, change in D = 6.177124e-03.
  Coordinate descent sweep 6. norm of D = 8.972480e-02, change in D = 3.478987e-03.
    Line search step size chosen: 1.000000e+00.
  Objective value decreased by 2.319357e-07.
QUIC CPU time: 16297.524 seconds
