[1] "/data/abattle4/prashanthi/recount3/data/central_nervous_system/all/weighted_covariances/only_sra/cov_1.rds"
[1] "Data read complete"
Running QUIC version 1.1 in 'default' mode.
Newton iteration 1.
  X is a diagonal matrix.
    Line search step size 1.000000e+00.  Lack of positive definiteness.
    Line search step size 5.000000e-01.  Lack of positive definiteness.
    Line search step size 2.500000e-01.  Lack of positive definiteness.
    Line search step size 1.250000e-01.  Lack of positive definiteness.
    Line search step size chosen: 6.250000e-02.
  Objective value decreased by 2.909208e+02.
Newton iteration 2.
  Active set size = 449559.
  sub-gradient = 2.256510e+04, l1-norm of X = 2.231790e+03.
  Coordinate descent sweep 1. norm of D = 1.680879e+04, change in D = 1.680879e+04.
    Line search step size 1.000000e+00.  Lack of positive definiteness.
    Line search step size 5.000000e-01.  Lack of positive definiteness.
    Line search step size 2.500000e-01.  Lack of positive definiteness.
    Line search step size 1.250000e-01.  Lack of positive definiteness.
    Line search step size chosen: 6.250000e-02.
  Objective value decreased by 1.702860e+02.
Newton iteration 3.
  Active set size = 449559.
  sub-gradient = 2.047915e+04, l1-norm of X = 3.697499e+03.
  Coordinate descent sweep 1. norm of D = 1.252805e+04, change in D = 1.252805e+04.
  Coordinate descent sweep 2. norm of D = 1.070883e+04, change in D = 3.105118e+03.
    Line search step size 1.000000e+00.  Lack of positive definiteness.
    Line search step size 5.000000e-01.  Lack of positive definiteness.
    Line search step size 2.500000e-01.  Lack of positive definiteness.
    Line search step size chosen: 1.250000e-01.
  Objective value decreased by 1.934918e+02.
Newton iteration 4.
  Active set size = 449559.
  sub-gradient = 1.651919e+04, l1-norm of X = 5.391970e+03.
  Coordinate descent sweep 1. norm of D = 7.471893e+03, change in D = 7.471893e+03.
  Coordinate descent sweep 2. norm of D = 6.684497e+03, change in D = 2.347340e+03.
    Line search step size 1.000000e+00.  Lack of positive definiteness.
    Line search step size 5.000000e-01.  Lack of positive definiteness.
    Line search step size 2.500000e-01.  Lack of positive definiteness.
    Line search step size chosen: 1.250000e-01.
  Objective value decreased by 9.413122e+01.
Newton iteration 5.
  Active set size = 449559.
  sub-gradient = 1.362878e+04, l1-norm of X = 6.191969e+03.
  Coordinate descent sweep 1. norm of D = 5.319660e+03, change in D = 5.319660e+03.
  Coordinate descent sweep 2. norm of D = 5.080415e+03, change in D = 1.605092e+03.
    Line search step size 1.000000e+00.  Lack of positive definiteness.
    Line search step size 5.000000e-01.  Lack of positive definiteness.
    Line search step size chosen: 2.500000e-01.
  Objective value decreased by 1.004841e+02.
Newton iteration 6.
  Active set size = 449635.
  sub-gradient = 2.431067e+04, l1-norm of X = 7.061806e+03.
  Coordinate descent sweep 1. norm of D = 3.181520e+03, change in D = 3.181520e+03.
  Coordinate descent sweep 2. norm of D = 3.455248e+03, change in D = 9.741033e+02.
  Coordinate descent sweep 3. norm of D = 3.571265e+03, change in D = 3.388556e+02.
    Line search step size 1.000000e+00.  Lack of positive definiteness.
    Line search step size chosen: 5.000000e-01.
  Objective value decreased by 7.896234e+01.
Newton iteration 7.
  Active set size = 449601.
  sub-gradient = 3.330391e+04, l1-norm of X = 7.660233e+03.
  Coordinate descent sweep 1. norm of D = 1.629098e+03, change in D = 1.629098e+03.
  Coordinate descent sweep 2. norm of D = 1.888016e+03, change in D = 5.828028e+02.
  Coordinate descent sweep 3. norm of D = 1.992320e+03, change in D = 2.511154e+02.
    Line search step size chosen: 1.000000e+00.
  Objective value decreased by 4.077183e+01.
Newton iteration 8.
  Active set size = 167656.
  sub-gradient = 5.552485e+03, l1-norm of X = 8.137715e+03.
  Coordinate descent sweep 1. norm of D = 2.202381e+02, change in D = 2.202381e+02.
  Coordinate descent sweep 2. norm of D = 2.525865e+02, change in D = 1.144166e+02.
  Coordinate descent sweep 3. norm of D = 2.711626e+02, change in D = 5.453565e+01.
    Line search step size chosen: 1.000000e+00.
  Objective value decreased by 1.167887e+00.
Newton iteration 9.
  Active set size = 164029.
  sub-gradient = 1.954293e+03, l1-norm of X = 8.197382e+03.
  Coordinate descent sweep 1. norm of D = 4.931438e+01, change in D = 4.931438e+01.
  Coordinate descent sweep 2. norm of D = 4.623412e+01, change in D = 2.987471e+01.
  Coordinate descent sweep 3. norm of D = 4.648472e+01, change in D = 1.429333e+01.
  Coordinate descent sweep 4. norm of D = 4.686163e+01, change in D = 6.464409e+00.
    Line search step size chosen: 1.000000e+00.
  Objective value decreased by 1.499861e-01.
Newton iteration 10.
  Active set size = 163326.
  sub-gradient = 4.926027e+02, l1-norm of X = 8.204740e+03.
  Coordinate descent sweep 1. norm of D = 1.042530e+01, change in D = 1.042530e+01.
  Coordinate descent sweep 2. norm of D = 7.924838e+00, change in D = 7.771706e+00.
  Coordinate descent sweep 3. norm of D = 6.831353e+00, change in D = 3.966224e+00.
  Coordinate descent sweep 4. norm of D = 6.538643e+00, change in D = 1.731022e+00.
    Line search step size chosen: 1.000000e+00.
  Objective value decreased by 1.420882e-02.
Newton iteration 11.
  Active set size = 163429.
  sub-gradient = 5.826997e+01, l1-norm of X = 8.204727e+03.
  Coordinate descent sweep 1. norm of D = 1.807135e+00, change in D = 1.807135e+00.
  Coordinate descent sweep 2. norm of D = 1.571388e+00, change in D = 1.249634e+00.
  Coordinate descent sweep 3. norm of D = 1.455344e+00, change in D = 6.227695e-01.
  Coordinate descent sweep 4. norm of D = 1.431452e+00, change in D = 2.697427e-01.
    Line search step size chosen: 1.000000e+00.
  Objective value decreased by 4.600315e-04.
Newton iteration 12.
  Active set size = 163738.
  sub-gradient = 1.235264e+00, l1-norm of X = 8.204635e+03.
  Coordinate descent sweep 1. norm of D = 4.139920e-01, change in D = 4.139920e-01.
  Coordinate descent sweep 2. norm of D = 4.135719e-01, change in D = 3.135677e-01.
  Coordinate descent sweep 3. norm of D = 3.953343e-01, change in D = 1.607454e-01.
  Coordinate descent sweep 4. norm of D = 3.893566e-01, change in D = 7.966087e-02.
  Coordinate descent sweep 5. norm of D = 3.883168e-01, change in D = 3.844509e-02.
    Line search step size chosen: 1.000000e+00.
  Objective value decreased by 8.506582e-05.
Newton iteration 13.
  Active set size = 163738.
  sub-gradient = 2.196170e-02, l1-norm of X = 8.204632e+03.
  Coordinate descent sweep 1. norm of D = 1.859989e-02, change in D = 1.859989e-02.
  Coordinate descent sweep 2. norm of D = 2.115167e-02, change in D = 8.929455e-03.
  Coordinate descent sweep 3. norm of D = 2.222659e-02, change in D = 4.388793e-03.
  Coordinate descent sweep 4. norm of D = 2.266206e-02, change in D = 2.116705e-03.
  Coordinate descent sweep 5. norm of D = 2.284513e-02, change in D = 1.044915e-03.
    Line search step size chosen: 1.000000e+00.
  Objective value decreased by 3.301466e-08.
QUIC CPU time: 12974.781 seconds
