[1] "/data/abattle4/prashanthi/recount3/data/blood/all/weighted_covariances/cov_1.rds"
[1] "Data read complete"
Running QUIC version 1.1 in 'default' mode.
Newton iteration 1.
  X is a diagonal matrix.
    Line search step size 1.000000e+00.  Lack of positive definiteness.
    Line search step size 5.000000e-01.  Lack of positive definiteness.
    Line search step size 2.500000e-01.  Lack of positive definiteness.
    Line search step size 1.250000e-01.  Lack of positive definiteness.
    Line search step size 6.250000e-02.  Lack of positive definiteness.
    Line search step size 3.125000e-02.  Lack of positive definiteness.
    Line search step size 1.562500e-02.  Lack of positive definiteness.
    Line search step size 7.812500e-03.  Lack of positive definiteness.
    Line search step size 3.906250e-03.  Lack of positive definiteness.
    Line search step size chosen: 1.953125e-03.
  Objective value decreased by 2.372100e+03.
Newton iteration 2.
  Active set size = 13940339.
  sub-gradient = 2.294134e+06, l1-norm of X = 2.173192e+03.
  Coordinate descent sweep 1. norm of D = 4.629878e+05, change in D = 4.629878e+05.
    Line search step size 1.000000e+00.  Lack of positive definiteness.
    Line search step size 5.000000e-01.  Lack of positive definiteness.
    Line search step size 2.500000e-01.  Lack of positive definiteness.
    Line search step size 1.250000e-01.  Lack of positive definiteness.
    Line search step size 6.250000e-02.  Lack of positive definiteness.
    Line search step size 3.125000e-02.  Lack of positive definiteness.
    Line search step size 1.562500e-02.  Lack of positive definiteness.
    Line search step size 7.812500e-03.  Lack of positive definiteness.
    Line search step size chosen: 3.906250e-03.
  Objective value decreased by 9.816349e+02.
Newton iteration 3.
  Active set size = 13939908.
  sub-gradient = 2.249376e+06, l1-norm of X = 3.024927e+03.
  Coordinate descent sweep 1. norm of D = 9.422561e+04, change in D = 9.422561e+04.
  Coordinate descent sweep 2. norm of D = 7.127270e+04, change in D = 7.351715e+04.
    Line search step size 1.000000e+00.  Lack of positive definiteness.
    Line search step size 5.000000e-01.  Lack of positive definiteness.
    Line search step size 2.500000e-01.  Lack of positive definiteness.
    Line search step size 1.250000e-01.  Lack of positive definiteness.
    Line search step size 6.250000e-02.  Lack of positive definiteness.
    Line search step size 3.125000e-02.  Lack of positive definiteness.
    Line search step size chosen: 1.562500e-02.
  Objective value decreased by 6.078797e+02.
Newton iteration 4.
  Active set size = 13944008.
  sub-gradient = 1.981789e+06, l1-norm of X = 3.457326e+03.
  Coordinate descent sweep 1. norm of D = 2.324143e+04, change in D = 2.324143e+04.
  Coordinate descent sweep 2. norm of D = 2.216539e+04, change in D = 9.915845e+03.
    Line search step size 1.000000e+00.  Lack of positive definiteness.
    Line search step size 5.000000e-01.  Lack of positive definiteness.
    Line search step size 2.500000e-01.  Lack of positive definiteness.
    Line search step size 1.250000e-01.  Lack of positive definiteness.
    Line search step size 6.250000e-02.  Lack of positive definiteness.
    Line search step size chosen: 3.125000e-02.
  Objective value decreased by 2.108473e+02.
Newton iteration 5.
  Active set size = 13940180.
  sub-gradient = 1.826779e+06, l1-norm of X = 3.538069e+03.
  Coordinate descent sweep 1. norm of D = 1.936814e+04, change in D = 1.936814e+04.
  Coordinate descent sweep 2. norm of D = 1.958024e+04, change in D = 7.199477e+03.
    Line search step size 1.000000e+00.  Lack of positive definiteness.
    Line search step size 5.000000e-01.  Lack of positive definiteness.
    Line search step size 2.500000e-01.  Lack of positive definiteness.
    Line search step size 1.250000e-01.  Lack of positive definiteness.
    Line search step size chosen: 6.250000e-02.
  Objective value decreased by 3.193131e+02.
Newton iteration 6.
  Active set size = 13939207.
  sub-gradient = 1.525374e+06, l1-norm of X = 3.619724e+03.
  Coordinate descent sweep 1. norm of D = 1.707968e+04, change in D = 1.707968e+04.
  Coordinate descent sweep 2. norm of D = 1.812781e+04, change in D = 7.154602e+03.
  Coordinate descent sweep 3. norm of D = 1.849540e+04, change in D = 2.627610e+03.
    Line search step size 1.000000e+00.  Lack of positive definiteness.
    Line search step size 5.000000e-01.  Lack of positive definiteness.
    Line search step size 2.500000e-01.  Lack of positive definiteness.
    Line search step size chosen: 1.250000e-01.
  Objective value decreased by 5.361218e+02.
Newton iteration 7.
  Active set size = 13939205.
  sub-gradient = 1.087859e+06, l1-norm of X = 3.729050e+03.
  Coordinate descent sweep 1. norm of D = 1.471299e+04, change in D = 1.471299e+04.
  Coordinate descent sweep 2. norm of D = 1.634827e+04, change in D = 7.579824e+03.
  Coordinate descent sweep 3. norm of D = 1.713329e+04, change in D = 3.898792e+03.
    Line search step size 1.000000e+00.  Lack of positive definiteness.
    Line search step size 5.000000e-01.  Lack of positive definiteness.
    Line search step size chosen: 2.500000e-01.
  Objective value decreased by 8.596578e+02.
Newton iteration 8.
  Active set size = 13939205.
  sub-gradient = 8.891887e+05, l1-norm of X = 3.920954e+03.
  Coordinate descent sweep 1. norm of D = 1.123811e+04, change in D = 1.123811e+04.
  Coordinate descent sweep 2. norm of D = 1.313955e+04, change in D = 6.812238e+03.
  Coordinate descent sweep 3. norm of D = 1.427724e+04, change in D = 4.717108e+03.
    Line search step size 1.000000e+00.  Lack of positive definiteness.
    Line search step size chosen: 5.000000e-01.
  Objective value decreased by 1.117770e+03.
Newton iteration 9.
  Active set size = 13939205.
  sub-gradient = 2.147347e+06, l1-norm of X = 4.274666e+03.
  Coordinate descent sweep 1. norm of D = 6.671990e+03, change in D = 6.671990e+03.
  Coordinate descent sweep 2. norm of D = 8.383577e+03, change in D = 4.591138e+03.
  Coordinate descent sweep 3. norm of D = 9.568446e+03, change in D = 3.812150e+03.
  Coordinate descent sweep 4. norm of D = 1.051501e+04, change in D = 3.115369e+03.
    Line search step size chosen: 1.000000e+00.
  Objective value decreased by 1.138133e+03.
Newton iteration 10.
  Active set size = 1421917.
  sub-gradient = 1.995155e+05, l1-norm of X = 5.005899e+03.
  Coordinate descent sweep 1. norm of D = 2.051692e+03, change in D = 2.051692e+03.
  Coordinate descent sweep 2. norm of D = 3.072164e+03, change in D = 1.860222e+03.
  Coordinate descent sweep 3. norm of D = 3.890380e+03, change in D = 1.696683e+03.
  Coordinate descent sweep 4. norm of D = 4.595723e+03, change in D = 1.559198e+03.
    Line search step size chosen: 1.000000e+00.
  Objective value decreased by 2.708747e+02.
Newton iteration 11.
  Active set size = 1203620.
  sub-gradient = 1.626704e+05, l1-norm of X = 5.462964e+03.
  Coordinate descent sweep 1. norm of D = 1.538919e+03, change in D = 1.538919e+03.
  Coordinate descent sweep 2. norm of D = 2.356458e+03, change in D = 1.429931e+03.
  Coordinate descent sweep 3. norm of D = 3.034841e+03, change in D = 1.329930e+03.
  Coordinate descent sweep 4. norm of D = 3.638117e+03, change in D = 1.237858e+03.
    Line search step size chosen: 1.000000e+00.
  Objective value decreased by 1.692234e+02.
Newton iteration 12.
  Active set size = 335892.
  sub-gradient = 9.050020e+04, l1-norm of X = 5.837387e+03.
  Coordinate descent sweep 1. norm of D = 1.396682e+03, change in D = 1.396682e+03.
  Coordinate descent sweep 2. norm of D = 2.161952e+03, change in D = 1.302247e+03.
  Coordinate descent sweep 3. norm of D = 2.798050e+03, change in D = 1.204692e+03.
  Coordinate descent sweep 4. norm of D = 3.370575e+03, change in D = 1.121136e+03.
  Coordinate descent sweep 5. norm of D = 3.885203e+03, change in D = 1.042199e+03.
    Line search step size chosen: 1.000000e+00.
  Objective value decreased by 1.457519e+02.
Newton iteration 13.
  Active set size = 257938.
  sub-gradient = 5.410316e+04, l1-norm of X = 6.259711e+03.
  Coordinate descent sweep 1. norm of D = 1.213013e+03, change in D = 1.213013e+03.
  Coordinate descent sweep 2. norm of D = 1.891329e+03, change in D = 1.128928e+03.
  Coordinate descent sweep 3. norm of D = 2.462765e+03, change in D = 1.047542e+03.
  Coordinate descent sweep 4. norm of D = 2.973916e+03, change in D = 9.731489e+02.
  Coordinate descent sweep 5. norm of D = 3.440555e+03, change in D = 8.992720e+02.
    Line search step size chosen: 1.000000e+00.
  Objective value decreased by 9.393986e+01.
Newton iteration 14.
  Active set size = 234586.
  sub-gradient = 3.278412e+04, l1-norm of X = 6.627944e+03.
  Coordinate descent sweep 1. norm of D = 1.003654e+03, change in D = 1.003654e+03.
  Coordinate descent sweep 2. norm of D = 1.576391e+03, change in D = 9.343603e+02.
  Coordinate descent sweep 3. norm of D = 2.067483e+03, change in D = 8.649387e+02.
  Coordinate descent sweep 4. norm of D = 2.503158e+03, change in D = 7.997440e+02.
  Coordinate descent sweep 5. norm of D = 2.902018e+03, change in D = 7.388122e+02.
    Line search step size chosen: 1.000000e+00.
  Objective value decreased by 5.640977e+01.
Newton iteration 15.
  Active set size = 217051.
  sub-gradient = 1.857465e+04, l1-norm of X = 6.929073e+03.
  Coordinate descent sweep 1. norm of D = 7.983842e+02, change in D = 7.983842e+02.
  Coordinate descent sweep 2. norm of D = 1.262349e+03, change in D = 7.417926e+02.
  Coordinate descent sweep 3. norm of D = 1.659370e+03, change in D = 6.863096e+02.
  Coordinate descent sweep 4. norm of D = 2.018585e+03, change in D = 6.340561e+02.
  Coordinate descent sweep 5. norm of D = 2.345347e+03, change in D = 5.840032e+02.
  Coordinate descent sweep 6. norm of D = 2.647288e+03, change in D = 5.415303e+02.
    Line search step size chosen: 1.000000e+00.
  Objective value decreased by 3.588474e+01.
Newton iteration 16.
  Active set size = 202270.
  sub-gradient = 1.056600e+04, l1-norm of X = 7.199308e+03.
  Coordinate descent sweep 1. norm of D = 5.616978e+02, change in D = 5.616978e+02.
  Coordinate descent sweep 2. norm of D = 8.952528e+02, change in D = 5.226382e+02.
  Coordinate descent sweep 3. norm of D = 1.185223e+03, change in D = 4.835465e+02.
  Coordinate descent sweep 4. norm of D = 1.447991e+03, change in D = 4.473544e+02.
  Coordinate descent sweep 5. norm of D = 1.686690e+03, change in D = 4.130146e+02.
  Coordinate descent sweep 6. norm of D = 1.906508e+03, change in D = 3.827105e+02.
    Line search step size chosen: 1.000000e+00.
  Objective value decreased by 1.670001e+01.
Newton iteration 17.
  Active set size = 191386.
  sub-gradient = 4.940103e+03, l1-norm of X = 7.383085e+03.
  Coordinate descent sweep 1. norm of D = 3.887350e+02, change in D = 3.887350e+02.
  Coordinate descent sweep 2. norm of D = 6.225975e+02, change in D = 3.606582e+02.
  Coordinate descent sweep 3. norm of D = 8.272330e+02, change in D = 3.336100e+02.
  Coordinate descent sweep 4. norm of D = 1.014058e+03, change in D = 3.097418e+02.
  Coordinate descent sweep 5. norm of D = 1.185834e+03, change in D = 2.868446e+02.
  Coordinate descent sweep 6. norm of D = 1.344080e+03, change in D = 2.661208e+02.
    Line search step size chosen: 1.000000e+00.
  Objective value decreased by 7.582242e+00.
Newton iteration 18.
  Active set size = 183961.
  sub-gradient = 2.178317e+03, l1-norm of X = 7.505164e+03.
  Coordinate descent sweep 1. norm of D = 2.612355e+02, change in D = 2.612355e+02.
  Coordinate descent sweep 2. norm of D = 4.199802e+02, change in D = 2.414565e+02.
  Coordinate descent sweep 3. norm of D = 5.596427e+02, change in D = 2.241830e+02.
  Coordinate descent sweep 4. norm of D = 6.873113e+02, change in D = 2.084119e+02.
  Coordinate descent sweep 5. norm of D = 8.050570e+02, change in D = 1.933925e+02.
  Coordinate descent sweep 6. norm of D = 9.140104e+02, change in D = 1.794429e+02.
  Coordinate descent sweep 7. norm of D = 1.015713e+03, change in D = 1.665456e+02.
    Line search step size chosen: 1.000000e+00.
  Objective value decreased by 3.672328e+00.
Newton iteration 19.
  Active set size = 178830.
  sub-gradient = 9.793938e+02, l1-norm of X = 7.593119e+03.
  Coordinate descent sweep 1. norm of D = 1.622365e+02, change in D = 1.622365e+02.
  Coordinate descent sweep 2. norm of D = 2.622269e+02, change in D = 1.508596e+02.
  Coordinate descent sweep 3. norm of D = 3.508992e+02, change in D = 1.402986e+02.
  Coordinate descent sweep 4. norm of D = 4.321549e+02, change in D = 1.301716e+02.
  Coordinate descent sweep 5. norm of D = 5.074683e+02, change in D = 1.211165e+02.
  Coordinate descent sweep 6. norm of D = 5.771005e+02, change in D = 1.126306e+02.
  Coordinate descent sweep 7. norm of D = 6.418365e+02, change in D = 1.046695e+02.
    Line search step size chosen: 1.000000e+00.
  Objective value decreased by 1.431511e+00.
Newton iteration 20.
  Active set size = 175956.
  sub-gradient = 4.190428e+02, l1-norm of X = 7.644423e+03.
  Coordinate descent sweep 1. norm of D = 1.021059e+02, change in D = 1.021059e+02.
  Coordinate descent sweep 2. norm of D = 1.651434e+02, change in D = 9.489773e+01.
  Coordinate descent sweep 3. norm of D = 2.214586e+02, change in D = 8.822154e+01.
  Coordinate descent sweep 4. norm of D = 2.732227e+02, change in D = 8.203830e+01.
  Coordinate descent sweep 5. norm of D = 3.212096e+02, change in D = 7.646745e+01.
  Coordinate descent sweep 6. norm of D = 3.655016e+02, change in D = 7.114197e+01.
  Coordinate descent sweep 7. norm of D = 4.072280e+02, change in D = 6.648056e+01.
    Line search step size chosen: 1.000000e+00.
  Objective value decreased by 5.701396e-01.
Newton iteration 21.
  Active set size = 174463.
  sub-gradient = 1.606563e+02, l1-norm of X = 7.674595e+03.
  Coordinate descent sweep 1. norm of D = 6.391545e+01, change in D = 6.391545e+01.
  Coordinate descent sweep 2. norm of D = 1.037185e+02, change in D = 5.933775e+01.
  Coordinate descent sweep 3. norm of D = 1.394249e+02, change in D = 5.537205e+01.
  Coordinate descent sweep 4. norm of D = 1.720805e+02, change in D = 5.158014e+01.
  Coordinate descent sweep 5. norm of D = 2.025748e+02, change in D = 4.812532e+01.
  Coordinate descent sweep 6. norm of D = 2.308760e+02, change in D = 4.493658e+01.
  Coordinate descent sweep 7. norm of D = 2.573140e+02, change in D = 4.186970e+01.
  Coordinate descent sweep 8. norm of D = 2.818816e+02, change in D = 3.914206e+01.
    Line search step size chosen: 1.000000e+00.
  Objective value decreased by 2.435973e-01.
Newton iteration 22.
  Active set size = 173385.
  sub-gradient = 7.895798e+01, l1-norm of X = 7.694249e+03.
  Coordinate descent sweep 1. norm of D = 3.706644e+01, change in D = 3.706644e+01.
  Coordinate descent sweep 2. norm of D = 6.028423e+01, change in D = 3.461617e+01.
  Coordinate descent sweep 3. norm of D = 8.120143e+01, change in D = 3.235465e+01.
  Coordinate descent sweep 4. norm of D = 1.004604e+02, change in D = 3.025087e+01.
  Coordinate descent sweep 5. norm of D = 1.181739e+02, change in D = 2.827009e+01.
  Coordinate descent sweep 6. norm of D = 1.348389e+02, change in D = 2.646425e+01.
  Coordinate descent sweep 7. norm of D = 1.503731e+02, change in D = 2.477468e+01.
  Coordinate descent sweep 8. norm of D = 1.649201e+02, change in D = 2.321471e+01.
    Line search step size chosen: 1.000000e+00.
  Objective value decreased by 8.482018e-02.
Newton iteration 23.
  Active set size = 172848.
  sub-gradient = 3.116406e+01, l1-norm of X = 7.705059e+03.
  Coordinate descent sweep 1. norm of D = 2.187560e+01, change in D = 2.187560e+01.
  Coordinate descent sweep 2. norm of D = 3.560284e+01, change in D = 2.049209e+01.
  Coordinate descent sweep 3. norm of D = 4.789008e+01, change in D = 1.918556e+01.
  Coordinate descent sweep 4. norm of D = 5.926019e+01, change in D = 1.797477e+01.
  Coordinate descent sweep 5. norm of D = 6.983233e+01, change in D = 1.684540e+01.
  Coordinate descent sweep 6. norm of D = 7.966465e+01, change in D = 1.578097e+01.
  Coordinate descent sweep 7. norm of D = 8.879076e+01, change in D = 1.477253e+01.
  Coordinate descent sweep 8. norm of D = 9.731720e+01, change in D = 1.384768e+01.
    Line search step size chosen: 1.000000e+00.
  Objective value decreased by 3.046103e-02.
Newton iteration 24.
  Active set size = 172459.
  sub-gradient = 1.714198e+01, l1-norm of X = 7.711146e+03.
  Coordinate descent sweep 1. norm of D = 1.305167e+01, change in D = 1.305167e+01.
  Coordinate descent sweep 2. norm of D = 2.119333e+01, change in D = 1.223733e+01.
  Coordinate descent sweep 3. norm of D = 2.845471e+01, change in D = 1.146160e+01.
  Coordinate descent sweep 4. norm of D = 3.516290e+01, change in D = 1.077809e+01.
  Coordinate descent sweep 5. norm of D = 4.138413e+01, change in D = 1.009316e+01.
  Coordinate descent sweep 6. norm of D = 4.719250e+01, change in D = 9.481230e+00.
  Coordinate descent sweep 7. norm of D = 5.262974e+01, change in D = 8.913083e+00.
  Coordinate descent sweep 8. norm of D = 5.770514e+01, change in D = 8.347041e+00.
  Coordinate descent sweep 9. norm of D = 6.250659e+01, change in D = 7.859119e+00.
    Line search step size chosen: 1.000000e+00.
  Objective value decreased by 1.196576e-02.
Newton iteration 25.
  Active set size = 172165.
  sub-gradient = 9.238215e+00, l1-norm of X = 7.714927e+03.
  Coordinate descent sweep 1. norm of D = 7.412397e+00, change in D = 7.412397e+00.
  Coordinate descent sweep 2. norm of D = 1.196644e+01, change in D = 6.937790e+00.
  Coordinate descent sweep 3. norm of D = 1.605057e+01, change in D = 6.504360e+00.
  Coordinate descent sweep 4. norm of D = 1.982095e+01, change in D = 6.132709e+00.
  Coordinate descent sweep 5. norm of D = 2.329200e+01, change in D = 5.749732e+00.
  Coordinate descent sweep 6. norm of D = 2.655635e+01, change in D = 5.427428e+00.
  Coordinate descent sweep 7. norm of D = 2.960509e+01, change in D = 5.088509e+00.
  Coordinate descent sweep 8. norm of D = 3.248289e+01, change in D = 4.795974e+00.
  Coordinate descent sweep 9. norm of D = 3.517491e+01, change in D = 4.503342e+00.
    Line search step size chosen: 1.000000e+00.
  Objective value decreased by 3.987335e-03.
Newton iteration 26.
  Active set size = 172006.
  sub-gradient = 5.646441e+00, l1-norm of X = 7.716963e+03.
  Coordinate descent sweep 1. norm of D = 4.233423e+00, change in D = 4.233423e+00.
  Coordinate descent sweep 2. norm of D = 6.828026e+00, change in D = 3.981296e+00.
  Coordinate descent sweep 3. norm of D = 9.141774e+00, change in D = 3.750692e+00.
  Coordinate descent sweep 4. norm of D = 1.126784e+01, change in D = 3.529444e+00.
  Coordinate descent sweep 5. norm of D = 1.323630e+01, change in D = 3.322667e+00.
  Coordinate descent sweep 6. norm of D = 1.508934e+01, change in D = 3.127027e+00.
  Coordinate descent sweep 7. norm of D = 1.682324e+01, change in D = 2.937282e+00.
  Coordinate descent sweep 8. norm of D = 1.844358e+01, change in D = 2.771205e+00.
  Coordinate descent sweep 9. norm of D = 1.996449e+01, change in D = 2.604426e+00.
    Line search step size chosen: 1.000000e+00.
  Objective value decreased by 1.358156e-03.
Newton iteration 27.
  Active set size = 171908.
  sub-gradient = 3.257744e+00, l1-norm of X = 7.718073e+03.
  Coordinate descent sweep 1. norm of D = 2.458688e+00, change in D = 2.458688e+00.
  Coordinate descent sweep 2. norm of D = 3.945433e+00, change in D = 2.310236e+00.
  Coordinate descent sweep 3. norm of D = 5.265201e+00, change in D = 2.177405e+00.
  Coordinate descent sweep 4. norm of D = 6.476050e+00, change in D = 2.047964e+00.
  Coordinate descent sweep 5. norm of D = 7.602100e+00, change in D = 1.929515e+00.
  Coordinate descent sweep 6. norm of D = 8.653263e+00, change in D = 1.821217e+00.
  Coordinate descent sweep 7. norm of D = 9.635491e+00, change in D = 1.710190e+00.
  Coordinate descent sweep 8. norm of D = 1.055863e+01, change in D = 1.617173e+00.
  Coordinate descent sweep 9. norm of D = 1.142266e+01, change in D = 1.520307e+00.
  Coordinate descent sweep 10. norm of D = 1.223663e+01, change in D = 1.433571e+00.
    Line search step size chosen: 1.000000e+00.
  Objective value decreased by 5.000502e-04.
Newton iteration 28.
  Active set size = 171816.
  sub-gradient = 1.572011e+00, l1-norm of X = 7.718735e+03.
  Coordinate descent sweep 1. norm of D = 1.350886e+00, change in D = 1.350886e+00.
  Coordinate descent sweep 2. norm of D = 2.156331e+00, change in D = 1.274756e+00.
  Coordinate descent sweep 3. norm of D = 2.868833e+00, change in D = 1.200370e+00.
  Coordinate descent sweep 4. norm of D = 3.523232e+00, change in D = 1.134785e+00.
  Coordinate descent sweep 5. norm of D = 4.127307e+00, change in D = 1.064934e+00.
  Coordinate descent sweep 6. norm of D = 4.692664e+00, change in D = 1.009570e+00.
  Coordinate descent sweep 7. norm of D = 5.222905e+00, change in D = 9.500450e-01.
  Coordinate descent sweep 8. norm of D = 5.721580e+00, change in D = 8.947499e-01.
  Coordinate descent sweep 9. norm of D = 6.188304e+00, change in D = 8.469526e-01.
  Coordinate descent sweep 10. norm of D = 6.628534e+00, change in D = 7.958795e-01.
    Line search step size chosen: 1.000000e+00.
  Objective value decreased by 1.577165e-04.
Newton iteration 29.
  Active set size = 171794.
  sub-gradient = 9.086862e-01, l1-norm of X = 7.719080e+03.
  Coordinate descent sweep 1. norm of D = 7.527923e-01, change in D = 7.527923e-01.
  Coordinate descent sweep 2. norm of D = 1.194364e+00, change in D = 7.095284e-01.
  Coordinate descent sweep 3. norm of D = 1.582182e+00, change in D = 6.691840e-01.
  Coordinate descent sweep 4. norm of D = 1.937832e+00, change in D = 6.332028e-01.
  Coordinate descent sweep 5. norm of D = 2.268283e+00, change in D = 5.956015e-01.
  Coordinate descent sweep 6. norm of D = 2.575976e+00, change in D = 5.644429e-01.
  Coordinate descent sweep 7. norm of D = 2.865456e+00, change in D = 5.319532e-01.
  Coordinate descent sweep 8. norm of D = 3.138981e+00, change in D = 5.036321e-01.
  Coordinate descent sweep 9. norm of D = 3.395031e+00, change in D = 4.754253e-01.
  Coordinate descent sweep 10. norm of D = 3.634286e+00, change in D = 4.476380e-01.
    Line search step size chosen: 1.000000e+00.
  Objective value decreased by 5.093604e-05.
Newton iteration 30.
  Active set size = 171774.
  sub-gradient = 4.900148e-01, l1-norm of X = 7.719264e+03.
  Coordinate descent sweep 1. norm of D = 4.230011e-01, change in D = 4.230011e-01.
  Coordinate descent sweep 2. norm of D = 6.676751e-01, change in D = 3.987619e-01.
  Coordinate descent sweep 3. norm of D = 8.823566e-01, change in D = 3.773281e-01.
  Coordinate descent sweep 4. norm of D = 1.076864e+00, change in D = 3.561581e-01.
  Coordinate descent sweep 5. norm of D = 1.258278e+00, change in D = 3.375237e-01.
  Coordinate descent sweep 6. norm of D = 1.427403e+00, change in D = 3.180020e-01.
  Coordinate descent sweep 7. norm of D = 1.585851e+00, change in D = 2.997277e-01.
  Coordinate descent sweep 8. norm of D = 1.735011e+00, change in D = 2.837528e-01.
  Coordinate descent sweep 9. norm of D = 1.874007e+00, change in D = 2.684462e-01.
  Coordinate descent sweep 10. norm of D = 2.005602e+00, change in D = 2.536750e-01.
  Coordinate descent sweep 11. norm of D = 2.129621e+00, change in D = 2.396346e-01.
    Line search step size chosen: 1.000000e+00.
  Objective value decreased by 1.757105e-05.
QUIC CPU time: 50515.728 seconds
