[1] "/data/abattle4/prashanthi/recount3/data/blood/all/weighted_covariances/cov_1.rds"
[1] "Data read complete"
Running QUIC version 1.1 in 'default' mode.
Newton iteration 1.
  X is a diagonal matrix.
    Line search step size 1.000000e+00.  Lack of positive definiteness.
    Line search step size 5.000000e-01.  Lack of positive definiteness.
    Line search step size 2.500000e-01.  Lack of positive definiteness.
    Line search step size 1.250000e-01.  Lack of positive definiteness.
    Line search step size 6.250000e-02.  Lack of positive definiteness.
    Line search step size 3.125000e-02.  Lack of positive definiteness.
    Line search step size 1.562500e-02.  Lack of positive definiteness.
    Line search step size 7.812500e-03.  Lack of positive definiteness.
    Line search step size 3.906250e-03.  Lack of positive definiteness.
    Line search step size chosen: 1.953125e-03.
  Objective value decreased by 1.732090e+03.
Newton iteration 2.
  Active set size = 11680067.
  sub-gradient = 1.798206e+06, l1-norm of X = 1.976110e+03.
  Coordinate descent sweep 1. norm of D = 5.911710e+05, change in D = 5.911710e+05.
    Line search step size 1.000000e+00.  Lack of positive definiteness.
    Line search step size 5.000000e-01.  Lack of positive definiteness.
    Line search step size 2.500000e-01.  Lack of positive definiteness.
    Line search step size 1.250000e-01.  Lack of positive definiteness.
    Line search step size 6.250000e-02.  Lack of positive definiteness.
    Line search step size 3.125000e-02.  Lack of positive definiteness.
    Line search step size 1.562500e-02.  Lack of positive definiteness.
    Line search step size 7.812500e-03.  Lack of positive definiteness.
    Line search step size chosen: 3.906250e-03.
  Objective value decreased by 1.245797e+03.
Newton iteration 3.
  Active set size = 11698531.
  sub-gradient = 1.705367e+06, l1-norm of X = 3.259424e+03.
  Coordinate descent sweep 1. norm of D = 9.420411e+04, change in D = 9.420411e+04.
  Coordinate descent sweep 2. norm of D = 7.016742e+04, change in D = 6.275121e+04.
    Line search step size 1.000000e+00.  Lack of positive definiteness.
    Line search step size 5.000000e-01.  Lack of positive definiteness.
    Line search step size 2.500000e-01.  Lack of positive definiteness.
    Line search step size 1.250000e-01.  Lack of positive definiteness.
    Line search step size 6.250000e-02.  Lack of positive definiteness.
    Line search step size 3.125000e-02.  Lack of positive definiteness.
    Line search step size chosen: 1.562500e-02.
  Objective value decreased by 5.411295e+02.
Newton iteration 4.
  Active set size = 11689419.
  sub-gradient = 1.549407e+06, l1-norm of X = 3.763524e+03.
  Coordinate descent sweep 1. norm of D = 2.412612e+04, change in D = 2.412612e+04.
  Coordinate descent sweep 2. norm of D = 2.238491e+04, change in D = 1.097881e+04.
    Line search step size 1.000000e+00.  Lack of positive definiteness.
    Line search step size 5.000000e-01.  Lack of positive definiteness.
    Line search step size 2.500000e-01.  Lack of positive definiteness.
    Line search step size 1.250000e-01.  Lack of positive definiteness.
    Line search step size 6.250000e-02.  Lack of positive definiteness.
    Line search step size chosen: 3.125000e-02.
  Objective value decreased by 2.186398e+02.
Newton iteration 5.
  Active set size = 11685594.
  sub-gradient = 1.413008e+06, l1-norm of X = 3.885934e+03.
  Coordinate descent sweep 1. norm of D = 1.854561e+04, change in D = 1.854561e+04.
  Coordinate descent sweep 2. norm of D = 1.861495e+04, change in D = 6.474768e+03.
    Line search step size 1.000000e+00.  Lack of positive definiteness.
    Line search step size 5.000000e-01.  Lack of positive definiteness.
    Line search step size 2.500000e-01.  Lack of positive definiteness.
    Line search step size 1.250000e-01.  Lack of positive definiteness.
    Line search step size chosen: 6.250000e-02.
  Objective value decreased by 2.960684e+02.
Newton iteration 6.
  Active set size = 11684953.
  sub-gradient = 1.168136e+06, l1-norm of X = 3.990581e+03.
  Coordinate descent sweep 1. norm of D = 1.604145e+04, change in D = 1.604145e+04.
  Coordinate descent sweep 2. norm of D = 1.701395e+04, change in D = 6.093877e+03.
  Coordinate descent sweep 3. norm of D = 1.732247e+04, change in D = 2.130279e+03.
    Line search step size 1.000000e+00.  Lack of positive definiteness.
    Line search step size 5.000000e-01.  Lack of positive definiteness.
    Line search step size 2.500000e-01.  Lack of positive definiteness.
    Line search step size chosen: 1.250000e-01.
  Objective value decreased by 4.800913e+02.
Newton iteration 7.
  Active set size = 11684940.
  sub-gradient = 8.576881e+05, l1-norm of X = 4.120189e+03.
  Coordinate descent sweep 1. norm of D = 1.376756e+04, change in D = 1.376756e+04.
  Coordinate descent sweep 2. norm of D = 1.529805e+04, change in D = 6.564046e+03.
  Coordinate descent sweep 3. norm of D = 1.598710e+04, change in D = 3.194712e+03.
    Line search step size 1.000000e+00.  Lack of positive definiteness.
    Line search step size 5.000000e-01.  Lack of positive definiteness.
    Line search step size chosen: 2.500000e-01.
  Objective value decreased by 7.663586e+02.
Newton iteration 8.
  Active set size = 11684940.
  sub-gradient = 8.006016e+05, l1-norm of X = 4.341307e+03.
  Coordinate descent sweep 1. norm of D = 1.045399e+04, change in D = 1.045399e+04.
  Coordinate descent sweep 2. norm of D = 1.223389e+04, change in D = 5.988369e+03.
  Coordinate descent sweep 3. norm of D = 1.327155e+04, change in D = 3.981963e+03.
    Line search step size 1.000000e+00.  Lack of positive definiteness.
    Line search step size chosen: 5.000000e-01.
  Objective value decreased by 9.967664e+02.
Newton iteration 9.
  Active set size = 11684940.
  sub-gradient = 1.889057e+06, l1-norm of X = 4.737640e+03.
  Coordinate descent sweep 1. norm of D = 6.084587e+03, change in D = 6.084587e+03.
  Coordinate descent sweep 2. norm of D = 7.637148e+03, change in D = 4.013455e+03.
  Coordinate descent sweep 3. norm of D = 8.706117e+03, change in D = 3.245128e+03.
  Coordinate descent sweep 4. norm of D = 9.549470e+03, change in D = 2.594368e+03.
    Line search step size chosen: 1.000000e+00.
  Objective value decreased by 9.781193e+02.
Newton iteration 10.
  Active set size = 337865.
  sub-gradient = 1.099823e+05, l1-norm of X = 5.524061e+03.
  Coordinate descent sweep 1. norm of D = 1.887182e+03, change in D = 1.887182e+03.
  Coordinate descent sweep 2. norm of D = 2.822859e+03, change in D = 1.679440e+03.
  Coordinate descent sweep 3. norm of D = 3.563441e+03, change in D = 1.504274e+03.
  Coordinate descent sweep 4. norm of D = 4.200855e+03, change in D = 1.357716e+03.
    Line search step size chosen: 1.000000e+00.
  Objective value decreased by 2.142627e+02.
Newton iteration 11.
  Active set size = 273747.
  sub-gradient = 8.413128e+04, l1-norm of X = 6.033875e+03.
  Coordinate descent sweep 1. norm of D = 1.365033e+03, change in D = 1.365033e+03.
  Coordinate descent sweep 2. norm of D = 2.095577e+03, change in D = 1.248545e+03.
  Coordinate descent sweep 3. norm of D = 2.697156e+03, change in D = 1.135141e+03.
  Coordinate descent sweep 4. norm of D = 3.225578e+03, change in D = 1.038788e+03.
    Line search step size chosen: 1.000000e+00.
  Objective value decreased by 1.186027e+02.
Newton iteration 12.
  Active set size = 241565.
  sub-gradient = 5.296471e+04, l1-norm of X = 6.425065e+03.
  Coordinate descent sweep 1. norm of D = 1.170540e+03, change in D = 1.170540e+03.
  Coordinate descent sweep 2. norm of D = 1.810925e+03, change in D = 1.071950e+03.
  Coordinate descent sweep 3. norm of D = 2.345690e+03, change in D = 9.741907e+02.
  Coordinate descent sweep 4. norm of D = 2.813665e+03, change in D = 8.861971e+02.
  Coordinate descent sweep 5. norm of D = 3.235258e+03, change in D = 8.054183e+02.
    Line search step size chosen: 1.000000e+00.
  Objective value decreased by 8.698884e+01.
Newton iteration 13.
  Active set size = 218472.
  sub-gradient = 3.038433e+04, l1-norm of X = 6.827765e+03.
  Coordinate descent sweep 1. norm of D = 9.136459e+02, change in D = 9.136459e+02.
  Coordinate descent sweep 2. norm of D = 1.426145e+03, change in D = 8.358126e+02.
  Coordinate descent sweep 3. norm of D = 1.857417e+03, change in D = 7.565447e+02.
  Coordinate descent sweep 4. norm of D = 2.235741e+03, change in D = 6.849928e+02.
  Coordinate descent sweep 5. norm of D = 2.573614e+03, change in D = 6.215776e+02.
    Line search step size chosen: 1.000000e+00.
  Objective value decreased by 4.501189e+01.
Newton iteration 14.
  Active set size = 201315.
  sub-gradient = 1.503183e+04, l1-norm of X = 7.133522e+03.
  Coordinate descent sweep 1. norm of D = 6.805902e+02, change in D = 6.805902e+02.
  Coordinate descent sweep 2. norm of D = 1.067660e+03, change in D = 6.173799e+02.
  Coordinate descent sweep 3. norm of D = 1.396462e+03, change in D = 5.586375e+02.
  Coordinate descent sweep 4. norm of D = 1.686131e+03, change in D = 5.040190e+02.
  Coordinate descent sweep 5. norm of D = 1.944612e+03, change in D = 4.539617e+02.
    Line search step size chosen: 1.000000e+00.
  Objective value decreased by 2.143292e+01.
Newton iteration 15.
  Active set size = 188686.
  sub-gradient = 6.864131e+03, l1-norm of X = 7.350670e+03.
  Coordinate descent sweep 1. norm of D = 4.664831e+02, change in D = 4.664831e+02.
  Coordinate descent sweep 2. norm of D = 7.355473e+02, change in D = 4.211486e+02.
  Coordinate descent sweep 3. norm of D = 9.640009e+02, change in D = 3.798577e+02.
  Coordinate descent sweep 4. norm of D = 1.166398e+03, change in D = 3.429971e+02.
  Coordinate descent sweep 5. norm of D = 1.348403e+03, change in D = 3.090099e+02.
  Coordinate descent sweep 6. norm of D = 1.512140e+03, change in D = 2.794038e+02.
    Line search step size chosen: 1.000000e+00.
  Objective value decreased by 1.017000e+01.
Newton iteration 16.
  Active set size = 179321.
  sub-gradient = 2.824703e+03, l1-norm of X = 7.512768e+03.
  Coordinate descent sweep 1. norm of D = 2.748660e+02, change in D = 2.748660e+02.
  Coordinate descent sweep 2. norm of D = 4.368929e+02, change in D = 2.485272e+02.
  Coordinate descent sweep 3. norm of D = 5.760273e+02, change in D = 2.249445e+02.
  Coordinate descent sweep 4. norm of D = 6.991518e+02, change in D = 2.030974e+02.
  Coordinate descent sweep 5. norm of D = 8.097133e+02, change in D = 1.834708e+02.
  Coordinate descent sweep 6. norm of D = 9.095789e+02, change in D = 1.660361e+02.
    Line search step size chosen: 1.000000e+00.
  Objective value decreased by 3.415414e+00.
Newton iteration 17.
  Active set size = 173985.
  sub-gradient = 1.013633e+03, l1-norm of X = 7.602883e+03.
  Coordinate descent sweep 1. norm of D = 1.593228e+02, change in D = 1.593228e+02.
  Coordinate descent sweep 2. norm of D = 2.540070e+02, change in D = 1.443941e+02.
  Coordinate descent sweep 3. norm of D = 3.356615e+02, change in D = 1.304420e+02.
  Coordinate descent sweep 4. norm of D = 4.083024e+02, change in D = 1.182028e+02.
  Coordinate descent sweep 5. norm of D = 4.738119e+02, change in D = 1.073320e+02.
  Coordinate descent sweep 6. norm of D = 5.330495e+02, change in D = 9.702884e+01.
    Line search step size chosen: 1.000000e+00.
  Objective value decreased by 1.142463e+00.
Newton iteration 18.
  Active set size = 171477.
  sub-gradient = 3.658010e+02, l1-norm of X = 7.651505e+03.
  Coordinate descent sweep 1. norm of D = 9.332357e+01, change in D = 9.332357e+01.
  Coordinate descent sweep 2. norm of D = 1.488936e+02, change in D = 8.434947e+01.
  Coordinate descent sweep 3. norm of D = 1.969525e+02, change in D = 7.621106e+01.
  Coordinate descent sweep 4. norm of D = 2.400243e+02, change in D = 6.923831e+01.
  Coordinate descent sweep 5. norm of D = 2.786970e+02, change in D = 6.270642e+01.
  Coordinate descent sweep 6. norm of D = 3.139355e+02, change in D = 5.684031e+01.
  Coordinate descent sweep 7. norm of D = 3.455853e+02, change in D = 5.157550e+01.
    Line search step size chosen: 1.000000e+00.
  Objective value decreased by 4.238946e-01.
Newton iteration 19.
  Active set size = 170126.
  sub-gradient = 1.397574e+02, l1-norm of X = 7.680569e+03.
  Coordinate descent sweep 1. norm of D = 4.859631e+01, change in D = 4.859631e+01.
  Coordinate descent sweep 2. norm of D = 7.783404e+01, change in D = 4.418046e+01.
  Coordinate descent sweep 3. norm of D = 1.032655e+02, change in D = 4.009971e+01.
  Coordinate descent sweep 4. norm of D = 1.259685e+02, change in D = 3.629580e+01.
  Coordinate descent sweep 5. norm of D = 1.465428e+02, change in D = 3.310537e+01.
  Coordinate descent sweep 6. norm of D = 1.651340e+02, change in D = 3.010427e+01.
  Coordinate descent sweep 7. norm of D = 1.820430e+02, change in D = 2.737522e+01.
    Line search step size chosen: 1.000000e+00.
  Objective value decreased by 1.178636e-01.
Newton iteration 20.
  Active set size = 169631.
  sub-gradient = 3.812383e+01, l1-norm of X = 7.694711e+03.
  Coordinate descent sweep 1. norm of D = 2.538830e+01, change in D = 2.538830e+01.
  Coordinate descent sweep 2. norm of D = 4.070522e+01, change in D = 2.312847e+01.
  Coordinate descent sweep 3. norm of D = 5.409354e+01, change in D = 2.106820e+01.
  Coordinate descent sweep 4. norm of D = 6.601649e+01, change in D = 1.919084e+01.
  Coordinate descent sweep 5. norm of D = 7.683859e+01, change in D = 1.749318e+01.
  Coordinate descent sweep 6. norm of D = 8.662209e+01, change in D = 1.595121e+01.
  Coordinate descent sweep 7. norm of D = 9.557093e+01, change in D = 1.454593e+01.
    Line search step size chosen: 1.000000e+00.
  Objective value decreased by 3.317678e-02.
Newton iteration 21.
  Active set size = 169296.
  sub-gradient = 1.599881e+01, l1-norm of X = 7.701701e+03.
  Coordinate descent sweep 1. norm of D = 1.335159e+01, change in D = 1.335159e+01.
  Coordinate descent sweep 2. norm of D = 2.134676e+01, change in D = 1.221555e+01.
  Coordinate descent sweep 3. norm of D = 2.832454e+01, change in D = 1.116002e+01.
  Coordinate descent sweep 4. norm of D = 3.460927e+01, change in D = 1.019926e+01.
  Coordinate descent sweep 5. norm of D = 4.032055e+01, change in D = 9.330263e+00.
  Coordinate descent sweep 6. norm of D = 4.546309e+01, change in D = 8.513307e+00.
  Coordinate descent sweep 7. norm of D = 5.014571e+01, change in D = 7.819708e+00.
  Coordinate descent sweep 8. norm of D = 5.443468e+01, change in D = 7.155735e+00.
    Line search step size chosen: 1.000000e+00.
  Objective value decreased by 1.020946e-02.
Newton iteration 22.
  Active set size = 168889.
  sub-gradient = 8.140671e+00, l1-norm of X = 7.705546e+03.
  Coordinate descent sweep 1. norm of D = 6.553229e+00, change in D = 6.553229e+00.
  Coordinate descent sweep 2. norm of D = 1.044054e+01, change in D = 5.995141e+00.
  Coordinate descent sweep 3. norm of D = 1.380350e+01, change in D = 5.496057e+00.
  Coordinate descent sweep 4. norm of D = 1.683418e+01, change in D = 5.056372e+00.
  Coordinate descent sweep 5. norm of D = 1.958291e+01, change in D = 4.626476e+00.
  Coordinate descent sweep 6. norm of D = 2.208037e+01, change in D = 4.246227e+00.
  Coordinate descent sweep 7. norm of D = 2.435630e+01, change in D = 3.897839e+00.
  Coordinate descent sweep 8. norm of D = 2.643979e+01, change in D = 3.572364e+00.
    Line search step size chosen: 1.000000e+00.
  Objective value decreased by 2.580915e-03.
Newton iteration 23.
  Active set size = 168753.
  sub-gradient = 3.756787e+00, l1-norm of X = 7.707330e+03.
  Coordinate descent sweep 1. norm of D = 3.283109e+00, change in D = 3.283109e+00.
  Coordinate descent sweep 2. norm of D = 5.207176e+00, change in D = 3.012490e+00.
  Coordinate descent sweep 3. norm of D = 6.863058e+00, change in D = 2.766964e+00.
  Coordinate descent sweep 4. norm of D = 8.345448e+00, change in D = 2.542511e+00.
  Coordinate descent sweep 5. norm of D = 9.694629e+00, change in D = 2.330623e+00.
  Coordinate descent sweep 6. norm of D = 1.091407e+01, change in D = 2.143768e+00.
  Coordinate descent sweep 7. norm of D = 1.203982e+01, change in D = 1.975029e+00.
  Coordinate descent sweep 8. norm of D = 1.306965e+01, change in D = 1.814187e+00.
    Line search step size chosen: 1.000000e+00.
  Objective value decreased by 6.767596e-04.
Newton iteration 24.
  Active set size = 168665.
  sub-gradient = 2.031427e+00, l1-norm of X = 7.708176e+03.
  Coordinate descent sweep 1. norm of D = 1.663941e+00, change in D = 1.663941e+00.
  Coordinate descent sweep 2. norm of D = 2.624914e+00, change in D = 1.534402e+00.
  Coordinate descent sweep 3. norm of D = 3.449816e+00, change in D = 1.408603e+00.
  Coordinate descent sweep 4. norm of D = 4.187270e+00, change in D = 1.297036e+00.
  Coordinate descent sweep 5. norm of D = 4.860690e+00, change in D = 1.196949e+00.
  Coordinate descent sweep 6. norm of D = 5.470474e+00, change in D = 1.100501e+00.
  Coordinate descent sweep 7. norm of D = 6.028396e+00, change in D = 1.011808e+00.
  Coordinate descent sweep 8. norm of D = 6.537254e+00, change in D = 9.290891e-01.
  Coordinate descent sweep 9. norm of D = 7.005681e+00, change in D = 8.581949e-01.
    Line search step size chosen: 1.000000e+00.
  Objective value decreased by 1.932169e-04.
Newton iteration 25.
  Active set size = 168626.
  sub-gradient = 9.150257e-01, l1-norm of X = 7.708616e+03.
  Coordinate descent sweep 1. norm of D = 7.905254e-01, change in D = 7.905254e-01.
  Coordinate descent sweep 2. norm of D = 1.237702e+00, change in D = 7.263031e-01.
  Coordinate descent sweep 3. norm of D = 1.617906e+00, change in D = 6.701022e-01.
  Coordinate descent sweep 4. norm of D = 1.959612e+00, change in D = 6.176363e-01.
  Coordinate descent sweep 5. norm of D = 2.267782e+00, change in D = 5.691707e-01.
  Coordinate descent sweep 6. norm of D = 2.546951e+00, change in D = 5.237455e-01.
  Coordinate descent sweep 7. norm of D = 2.802393e+00, change in D = 4.828589e-01.
  Coordinate descent sweep 8. norm of D = 3.036146e+00, change in D = 4.452412e-01.
  Coordinate descent sweep 9. norm of D = 3.251706e+00, change in D = 4.118831e-01.
    Line search step size chosen: 1.000000e+00.
  Objective value decreased by 4.562404e-05.
Newton iteration 26.
  Active set size = 168599.
  sub-gradient = 4.527516e-01, l1-norm of X = 7.708812e+03.
  Coordinate descent sweep 1. norm of D = 3.789268e-01, change in D = 3.789268e-01.
  Coordinate descent sweep 2. norm of D = 5.914925e-01, change in D = 3.510759e-01.
  Coordinate descent sweep 3. norm of D = 7.708193e-01, change in D = 3.223971e-01.
  Coordinate descent sweep 4. norm of D = 9.304688e-01, change in D = 2.985426e-01.
  Coordinate descent sweep 5. norm of D = 1.074448e+00, change in D = 2.753081e-01.
  Coordinate descent sweep 6. norm of D = 1.206853e+00, change in D = 2.540693e-01.
  Coordinate descent sweep 7. norm of D = 1.326536e+00, change in D = 2.343780e-01.
  Coordinate descent sweep 8. norm of D = 1.436314e+00, change in D = 2.162832e-01.
  Coordinate descent sweep 9. norm of D = 1.537007e+00, change in D = 1.999473e-01.
    Line search step size chosen: 1.000000e+00.
  Objective value decreased by 1.108378e-05.
QUIC CPU time: 40000.586 seconds
