[1] "/data/abattle4/prashanthi/recount3/data/blood/all/weighted_covariances/cov_1.rds"
[1] "Data read complete"
Running QUIC version 1.1 in 'default' mode.
Newton iteration 1.
  X is a diagonal matrix.
    Line search step size 1.000000e+00.  Lack of positive definiteness.
    Line search step size 5.000000e-01.  Lack of positive definiteness.
    Line search step size 2.500000e-01.  Lack of positive definiteness.
    Line search step size 1.250000e-01.  Lack of positive definiteness.
    Line search step size 6.250000e-02.  Lack of positive definiteness.
    Line search step size 3.125000e-02.  Lack of positive definiteness.
    Line search step size 1.562500e-02.  Lack of positive definiteness.
    Line search step size 7.812500e-03.  Lack of positive definiteness.
    Line search step size 3.906250e-03.  Lack of positive definiteness.
    Line search step size chosen: 1.953125e-03.
  Objective value decreased by 1.468042e+03.
Newton iteration 2.
  Active set size = 10627444.
  sub-gradient = 1.577666e+06, l1-norm of X = 1.856141e+03.
  Coordinate descent sweep 1. norm of D = 6.390484e+05, change in D = 6.390484e+05.
    Line search step size 1.000000e+00.  Lack of positive definiteness.
    Line search step size 5.000000e-01.  Lack of positive definiteness.
    Line search step size 2.500000e-01.  Lack of positive definiteness.
    Line search step size 1.250000e-01.  Lack of positive definiteness.
    Line search step size 6.250000e-02.  Lack of positive definiteness.
    Line search step size 3.125000e-02.  Lack of positive definiteness.
    Line search step size 1.562500e-02.  Lack of positive definiteness.
    Line search step size 7.812500e-03.  Lack of positive definiteness.
    Line search step size 3.906250e-03.  Lack of positive definiteness.
    Line search step size chosen: 1.953125e-03.
  Objective value decreased by 6.556135e+02.
Newton iteration 3.
  Active set size = 10627522.
  sub-gradient = 1.569527e+06, l1-norm of X = 2.601212e+03.
  Coordinate descent sweep 1. norm of D = 3.035591e+05, change in D = 3.035591e+05.
  Coordinate descent sweep 2. norm of D = 2.110479e+05, change in D = 1.914645e+05.
    Line search step size 1.000000e+00.  Lack of positive definiteness.
    Line search step size 5.000000e-01.  Lack of positive definiteness.
    Line search step size 2.500000e-01.  Lack of positive definiteness.
    Line search step size 1.250000e-01.  Lack of positive definiteness.
    Line search step size 6.250000e-02.  Lack of positive definiteness.
    Line search step size 3.125000e-02.  Lack of positive definiteness.
    Line search step size 1.562500e-02.  Lack of positive definiteness.
    Line search step size chosen: 7.812500e-03.
  Objective value decreased by 9.778368e+02.
Newton iteration 4.
  Active set size = 10640765.
  sub-gradient = 1.460241e+06, l1-norm of X = 3.558847e+03.
  Coordinate descent sweep 1. norm of D = 5.209933e+04, change in D = 5.209933e+04.
  Coordinate descent sweep 2. norm of D = 4.110788e+04, change in D = 3.536575e+04.
    Line search step size 1.000000e+00.  Lack of positive definiteness.
    Line search step size 5.000000e-01.  Lack of positive definiteness.
    Line search step size 2.500000e-01.  Lack of positive definiteness.
    Line search step size 1.250000e-01.  Lack of positive definiteness.
    Line search step size 6.250000e-02.  Lack of positive definiteness.
    Line search step size 3.125000e-02.  Lack of positive definiteness.
    Line search step size chosen: 1.562500e-02.
  Objective value decreased by 2.882418e+02.
Newton iteration 5.
  Active set size = 10632276.
  sub-gradient = 1.389831e+06, l1-norm of X = 3.824867e+03.
  Coordinate descent sweep 1. norm of D = 2.531274e+04, change in D = 2.531274e+04.
  Coordinate descent sweep 2. norm of D = 2.282900e+04, change in D = 1.297293e+04.
    Line search step size 1.000000e+00.  Lack of positive definiteness.
    Line search step size 5.000000e-01.  Lack of positive definiteness.
    Line search step size 2.500000e-01.  Lack of positive definiteness.
    Line search step size 1.250000e-01.  Lack of positive definiteness.
    Line search step size 6.250000e-02.  Lack of positive definiteness.
    Line search step size chosen: 3.125000e-02.
  Objective value decreased by 2.411182e+02.
Newton iteration 6.
  Active set size = 10630016.
  sub-gradient = 1.248430e+06, l1-norm of X = 3.989543e+03.
  Coordinate descent sweep 1. norm of D = 1.772836e+04, change in D = 1.772836e+04.
  Coordinate descent sweep 2. norm of D = 1.773126e+04, change in D = 6.003178e+03.
  Coordinate descent sweep 3. norm of D = 1.784021e+04, change in D = 1.570424e+03.
    Line search step size 1.000000e+00.  Lack of positive definiteness.
    Line search step size 5.000000e-01.  Lack of positive definiteness.
    Line search step size 2.500000e-01.  Lack of positive definiteness.
    Line search step size 1.250000e-01.  Lack of positive definiteness.
    Line search step size chosen: 6.250000e-02.
  Objective value decreased by 2.806267e+02.
Newton iteration 7.
  Active set size = 10629981.
  sub-gradient = 1.027967e+06, l1-norm of X = 4.108967e+03.
  Coordinate descent sweep 1. norm of D = 1.522784e+04, change in D = 1.522784e+04.
  Coordinate descent sweep 2. norm of D = 1.614731e+04, change in D = 5.568939e+03.
  Coordinate descent sweep 3. norm of D = 1.642422e+04, change in D = 1.909897e+03.
    Line search step size 1.000000e+00.  Lack of positive definiteness.
    Line search step size 5.000000e-01.  Lack of positive definiteness.
    Line search step size 2.500000e-01.  Lack of positive definiteness.
    Line search step size chosen: 1.250000e-01.
  Objective value decreased by 4.407827e+02.
Newton iteration 8.
  Active set size = 10629974.
  sub-gradient = 7.628955e+05, l1-norm of X = 4.253855e+03.
  Coordinate descent sweep 1. norm of D = 1.306092e+04, change in D = 1.306092e+04.
  Coordinate descent sweep 2. norm of D = 1.452642e+04, change in D = 6.065953e+03.
  Coordinate descent sweep 3. norm of D = 1.516530e+04, change in D = 2.878779e+03.
    Line search step size 1.000000e+00.  Lack of positive definiteness.
    Line search step size 5.000000e-01.  Lack of positive definiteness.
    Line search step size chosen: 2.500000e-01.
  Objective value decreased by 7.013090e+02.
Newton iteration 9.
  Active set size = 10629973.
  sub-gradient = 7.379528e+05, l1-norm of X = 4.501908e+03.
  Coordinate descent sweep 1. norm of D = 9.936102e+03, change in D = 9.936102e+03.
  Coordinate descent sweep 2. norm of D = 1.164557e+04, change in D = 5.626155e+03.
  Coordinate descent sweep 3. norm of D = 1.263025e+04, change in D = 3.636188e+03.
  Coordinate descent sweep 4. norm of D = 1.327892e+04, change in D = 2.269425e+03.
    Line search step size 1.000000e+00.  Lack of positive definiteness.
    Line search step size chosen: 5.000000e-01.
  Objective value decreased by 9.752549e+02.
Newton iteration 10.
  Active set size = 10629973.
  sub-gradient = 1.487398e+06, l1-norm of X = 5.012033e+03.
  Coordinate descent sweep 1. norm of D = 5.768432e+03, change in D = 5.768432e+03.
  Coordinate descent sweep 2. norm of D = 7.246763e+03, change in D = 3.787309e+03.
  Coordinate descent sweep 3. norm of D = 8.243595e+03, change in D = 2.994974e+03.
  Coordinate descent sweep 4. norm of D = 9.011526e+03, change in D = 2.331940e+03.
    Line search step size chosen: 1.000000e+00.
  Objective value decreased by 8.567363e+02.
Newton iteration 11.
  Active set size = 293630.
  sub-gradient = 6.594455e+04, l1-norm of X = 5.880353e+03.
  Coordinate descent sweep 1. norm of D = 1.848717e+03, change in D = 1.848717e+03.
  Coordinate descent sweep 2. norm of D = 2.753848e+03, change in D = 1.626738e+03.
  Coordinate descent sweep 3. norm of D = 3.457124e+03, change in D = 1.429218e+03.
  Coordinate descent sweep 4. norm of D = 4.056693e+03, change in D = 1.260626e+03.
    Line search step size chosen: 1.000000e+00.
  Objective value decreased by 1.727304e+02.
Newton iteration 12.
  Active set size = 241656.
  sub-gradient = 5.575835e+04, l1-norm of X = 6.426071e+03.
  Coordinate descent sweep 1. norm of D = 1.211940e+03, change in D = 1.211940e+03.
  Coordinate descent sweep 2. norm of D = 1.858105e+03, change in D = 1.090841e+03.
  Coordinate descent sweep 3. norm of D = 2.387369e+03, change in D = 9.801877e+02.
  Coordinate descent sweep 4. norm of D = 2.847594e+03, change in D = 8.802311e+02.
  Coordinate descent sweep 5. norm of D = 3.256377e+03, change in D = 7.935989e+02.
    Line search step size chosen: 1.000000e+00.
  Objective value decreased by 9.234109e+01.
Newton iteration 13.
  Active set size = 214977.
  sub-gradient = 3.141435e+04, l1-norm of X = 6.863530e+03.
  Coordinate descent sweep 1. norm of D = 9.103659e+02, change in D = 9.103659e+02.
  Coordinate descent sweep 2. norm of D = 1.412023e+03, change in D = 8.211738e+02.
  Coordinate descent sweep 3. norm of D = 1.825643e+03, change in D = 7.343630e+02.
  Coordinate descent sweep 4. norm of D = 2.188633e+03, change in D = 6.592479e+02.
  Coordinate descent sweep 5. norm of D = 2.510644e+03, change in D = 5.893040e+02.
    Line search step size chosen: 1.000000e+00.
  Objective value decreased by 4.404642e+01.
Newton iteration 14.
  Active set size = 196806.
  sub-gradient = 1.535668e+04, l1-norm of X = 7.182803e+03.
  Coordinate descent sweep 1. norm of D = 6.488025e+02, change in D = 6.488025e+02.
  Coordinate descent sweep 2. norm of D = 1.012926e+03, change in D = 5.823676e+02.
  Coordinate descent sweep 3. norm of D = 1.316877e+03, change in D = 5.182635e+02.
  Coordinate descent sweep 4. norm of D = 1.581316e+03, change in D = 4.630686e+02.
  Coordinate descent sweep 5. norm of D = 1.816288e+03, change in D = 4.125245e+02.
    Line search step size chosen: 1.000000e+00.
  Objective value decreased by 1.905254e+01.
Newton iteration 15.
  Active set size = 184248.
  sub-gradient = 6.223619e+03, l1-norm of X = 7.399073e+03.
  Coordinate descent sweep 1. norm of D = 4.259059e+02, change in D = 4.259059e+02.
  Coordinate descent sweep 2. norm of D = 6.677271e+02, change in D = 3.799847e+02.
  Coordinate descent sweep 3. norm of D = 8.713813e+02, change in D = 3.386756e+02.
  Coordinate descent sweep 4. norm of D = 1.049359e+03, change in D = 3.012080e+02.
  Coordinate descent sweep 5. norm of D = 1.206164e+03, change in D = 2.671620e+02.
  Coordinate descent sweep 6. norm of D = 1.346017e+03, change in D = 2.379624e+02.
    Line search step size chosen: 1.000000e+00.
  Objective value decreased by 8.054833e+00.
Newton iteration 16.
  Active set size = 175282.
  sub-gradient = 2.355533e+03, l1-norm of X = 7.550836e+03.
  Coordinate descent sweep 1. norm of D = 2.312237e+02, change in D = 2.312237e+02.
  Coordinate descent sweep 2. norm of D = 3.653121e+02, change in D = 2.068606e+02.
  Coordinate descent sweep 3. norm of D = 4.797324e+02, change in D = 1.843138e+02.
  Coordinate descent sweep 4. norm of D = 5.790725e+02, change in D = 1.645016e+02.
  Coordinate descent sweep 5. norm of D = 6.678408e+02, change in D = 1.466423e+02.
  Coordinate descent sweep 6. norm of D = 7.464413e+02, change in D = 1.306488e+02.
    Line search step size chosen: 1.000000e+00.
  Objective value decreased by 2.300541e+00.
Newton iteration 17.
  Active set size = 170733.
  sub-gradient = 6.792371e+02, l1-norm of X = 7.627881e+03.
  Coordinate descent sweep 1. norm of D = 1.243782e+02, change in D = 1.243782e+02.
  Coordinate descent sweep 2. norm of D = 1.968211e+02, change in D = 1.111040e+02.
  Coordinate descent sweep 3. norm of D = 2.584138e+02, change in D = 9.894125e+01.
  Coordinate descent sweep 4. norm of D = 3.125238e+02, change in D = 8.820234e+01.
  Coordinate descent sweep 5. norm of D = 3.608137e+02, change in D = 7.900079e+01.
  Coordinate descent sweep 6. norm of D = 4.039962e+02, change in D = 7.063714e+01.
    Line search step size chosen: 1.000000e+00.
  Objective value decreased by 6.608820e-01.
Newton iteration 18.
  Active set size = 168918.
  sub-gradient = 2.133199e+02, l1-norm of X = 7.665866e+03.
  Coordinate descent sweep 1. norm of D = 6.640128e+01, change in D = 6.640128e+01.
  Coordinate descent sweep 2. norm of D = 1.053508e+02, change in D = 5.932342e+01.
  Coordinate descent sweep 3. norm of D = 1.385167e+02, change in D = 5.290958e+01.
  Coordinate descent sweep 4. norm of D = 1.677397e+02, change in D = 4.725349e+01.
  Coordinate descent sweep 5. norm of D = 1.935700e+02, change in D = 4.215820e+01.
  Coordinate descent sweep 6. norm of D = 2.167420e+02, change in D = 3.775566e+01.
  Coordinate descent sweep 7. norm of D = 2.373190e+02, change in D = 3.383723e+01.
    Line search step size chosen: 1.000000e+00.
  Objective value decreased by 2.036865e-01.
Newton iteration 19.
  Active set size = 167890.
  sub-gradient = 7.119221e+01, l1-norm of X = 7.686403e+03.
  Coordinate descent sweep 1. norm of D = 3.113276e+01, change in D = 3.113276e+01.
  Coordinate descent sweep 2. norm of D = 4.950430e+01, change in D = 2.791882e+01.
  Coordinate descent sweep 3. norm of D = 6.519203e+01, change in D = 2.495592e+01.
  Coordinate descent sweep 4. norm of D = 7.905991e+01, change in D = 2.241781e+01.
  Coordinate descent sweep 5. norm of D = 9.144365e+01, change in D = 2.011660e+01.
  Coordinate descent sweep 6. norm of D = 1.024482e+02, change in D = 1.809877e+01.
  Coordinate descent sweep 7. norm of D = 1.123777e+02, change in D = 1.626102e+01.
    Line search step size chosen: 1.000000e+00.
  Objective value decreased by 4.631282e-02.
Newton iteration 20.
  Active set size = 167512.
  sub-gradient = 1.951232e+01, l1-norm of X = 7.695454e+03.
  Coordinate descent sweep 1. norm of D = 1.473838e+01, change in D = 1.473838e+01.
  Coordinate descent sweep 2. norm of D = 2.339025e+01, change in D = 1.328479e+01.
  Coordinate descent sweep 3. norm of D = 3.080042e+01, change in D = 1.191675e+01.
  Coordinate descent sweep 4. norm of D = 3.735546e+01, change in D = 1.074392e+01.
  Coordinate descent sweep 5. norm of D = 4.322041e+01, change in D = 9.713950e+00.
  Coordinate descent sweep 6. norm of D = 4.845317e+01, change in D = 8.723727e+00.
  Coordinate descent sweep 7. norm of D = 5.314594e+01, change in D = 7.866383e+00.
    Line search step size chosen: 1.000000e+00.
  Objective value decreased by 1.087135e-02.
Newton iteration 21.
  Active set size = 167304.
  sub-gradient = 9.366062e+00, l1-norm of X = 7.699498e+03.
  Coordinate descent sweep 1. norm of D = 7.124042e+00, change in D = 7.124042e+00.
  Coordinate descent sweep 2. norm of D = 1.126424e+01, change in D = 6.428809e+00.
  Coordinate descent sweep 3. norm of D = 1.480801e+01, change in D = 5.791575e+00.
  Coordinate descent sweep 4. norm of D = 1.792457e+01, change in D = 5.233860e+00.
  Coordinate descent sweep 5. norm of D = 2.071216e+01, change in D = 4.722966e+00.
  Coordinate descent sweep 6. norm of D = 2.319959e+01, change in D = 4.273817e+00.
  Coordinate descent sweep 7. norm of D = 2.545119e+01, change in D = 3.862927e+00.
  Coordinate descent sweep 8. norm of D = 2.745614e+01, change in D = 3.490262e+00.
    Line search step size chosen: 1.000000e+00.
  Objective value decreased by 2.808013e-03.
Newton iteration 22.
  Active set size = 167141.
  sub-gradient = 4.075902e+00, l1-norm of X = 7.701508e+03.
  Coordinate descent sweep 1. norm of D = 3.166990e+00, change in D = 3.166990e+00.
  Coordinate descent sweep 2. norm of D = 4.972010e+00, change in D = 2.863354e+00.
  Coordinate descent sweep 3. norm of D = 6.519872e+00, change in D = 2.600349e+00.
  Coordinate descent sweep 4. norm of D = 7.883191e+00, change in D = 2.354414e+00.
  Coordinate descent sweep 5. norm of D = 9.095453e+00, change in D = 2.130561e+00.
  Coordinate descent sweep 6. norm of D = 1.018854e+01, change in D = 1.928885e+00.
  Coordinate descent sweep 7. norm of D = 1.117425e+01, change in D = 1.748684e+00.
  Coordinate descent sweep 8. norm of D = 1.205501e+01, change in D = 1.584145e+00.
    Line search step size chosen: 1.000000e+00.
  Objective value decreased by 5.888451e-04.
Newton iteration 23.
  Active set size = 167074.
  sub-gradient = 1.747920e+00, l1-norm of X = 7.702353e+03.
  Coordinate descent sweep 1. norm of D = 1.438474e+00, change in D = 1.438474e+00.
  Coordinate descent sweep 2. norm of D = 2.242098e+00, change in D = 1.300670e+00.
  Coordinate descent sweep 3. norm of D = 2.927034e+00, change in D = 1.184714e+00.
  Coordinate descent sweep 4. norm of D = 3.531329e+00, change in D = 1.074111e+00.
  Coordinate descent sweep 5. norm of D = 4.069915e+00, change in D = 9.748535e-01.
  Coordinate descent sweep 6. norm of D = 4.553801e+00, change in D = 8.831385e-01.
  Coordinate descent sweep 7. norm of D = 4.986358e+00, change in D = 8.041192e-01.
  Coordinate descent sweep 8. norm of D = 5.375264e+00, change in D = 7.295547e-01.
    Line search step size chosen: 1.000000e+00.
  Objective value decreased by 1.280130e-04.
Newton iteration 24.
  Active set size = 167027.
  sub-gradient = 7.663550e-01, l1-norm of X = 7.702712e+03.
  Coordinate descent sweep 1. norm of D = 6.635565e-01, change in D = 6.635565e-01.
  Coordinate descent sweep 2. norm of D = 1.030469e+00, change in D = 6.017337e-01.
  Coordinate descent sweep 3. norm of D = 1.339046e+00, change in D = 5.478232e-01.
  Coordinate descent sweep 4. norm of D = 1.610409e+00, change in D = 4.977905e-01.
  Coordinate descent sweep 5. norm of D = 1.851492e+00, change in D = 4.521140e-01.
  Coordinate descent sweep 6. norm of D = 2.068346e+00, change in D = 4.112041e-01.
  Coordinate descent sweep 7. norm of D = 2.261204e+00, change in D = 3.734807e-01.
  Coordinate descent sweep 8. norm of D = 2.437293e+00, change in D = 3.410879e-01.
  Coordinate descent sweep 9. norm of D = 2.596754e+00, change in D = 3.094155e-01.
    Line search step size chosen: 1.000000e+00.
  Objective value decreased by 3.008923e-05.
QUIC CPU time: 44503.252 seconds
