[1] "/data/abattle4/prashanthi/recount3/data/blood/all/weighted_covariances/cov_1.rds"
[1] "Data read complete"
Running QUIC version 1.1 in 'default' mode.
Newton iteration 1.
  X is a diagonal matrix.
    Line search step size 1.000000e+00.  Lack of positive definiteness.
    Line search step size 5.000000e-01.  Lack of positive definiteness.
    Line search step size 2.500000e-01.  Lack of positive definiteness.
    Line search step size 1.250000e-01.  Lack of positive definiteness.
    Line search step size 6.250000e-02.  Lack of positive definiteness.
    Line search step size 3.125000e-02.  Lack of positive definiteness.
    Line search step size 1.562500e-02.  Lack of positive definiteness.
    Line search step size 7.812500e-03.  Lack of positive definiteness.
    Line search step size 3.906250e-03.  Lack of positive definiteness.
    Line search step size chosen: 1.953125e-03.
  Objective value decreased by 1.036035e+03.
Newton iteration 2.
  Active set size = 8682114.
  sub-gradient = 1.195030e+06, l1-norm of X = 1.592073e+03.
  Coordinate descent sweep 1. norm of D = 6.685711e+05, change in D = 6.685711e+05.
    Line search step size 1.000000e+00.  Lack of positive definiteness.
    Line search step size 5.000000e-01.  Lack of positive definiteness.
    Line search step size 2.500000e-01.  Lack of positive definiteness.
    Line search step size 1.250000e-01.  Lack of positive definiteness.
    Line search step size 6.250000e-02.  Lack of positive definiteness.
    Line search step size 3.125000e-02.  Lack of positive definiteness.
    Line search step size 1.562500e-02.  Lack of positive definiteness.
    Line search step size 7.812500e-03.  Lack of positive definiteness.
    Line search step size 3.906250e-03.  Lack of positive definiteness.
    Line search step size chosen: 1.953125e-03.
  Objective value decreased by 6.282067e+02.
Newton iteration 3.
  Active set size = 8682124.
  sub-gradient = 1.189754e+06, l1-norm of X = 2.477737e+03.
  Coordinate descent sweep 1. norm of D = 3.470191e+05, change in D = 3.470191e+05.
  Coordinate descent sweep 2. norm of D = 2.408581e+05, change in D = 1.826959e+05.
    Line search step size 1.000000e+00.  Lack of positive definiteness.
    Line search step size 5.000000e-01.  Lack of positive definiteness.
    Line search step size 2.500000e-01.  Lack of positive definiteness.
    Line search step size 1.250000e-01.  Lack of positive definiteness.
    Line search step size 6.250000e-02.  Lack of positive definiteness.
    Line search step size 3.125000e-02.  Lack of positive definiteness.
    Line search step size 1.562500e-02.  Lack of positive definiteness.
    Line search step size chosen: 7.812500e-03.
  Objective value decreased by 1.026409e+03.
Newton iteration 4.
  Active set size = 8816441.
  sub-gradient = 9.946043e+05, l1-norm of X = 3.731584e+03.
  Coordinate descent sweep 1. norm of D = 5.721215e+04, change in D = 5.721215e+04.
  Coordinate descent sweep 2. norm of D = 4.443362e+04, change in D = 3.744019e+04.
    Line search step size 1.000000e+00.  Lack of positive definiteness.
    Line search step size 5.000000e-01.  Lack of positive definiteness.
    Line search step size 2.500000e-01.  Lack of positive definiteness.
    Line search step size 1.250000e-01.  Lack of positive definiteness.
    Line search step size 6.250000e-02.  Lack of positive definiteness.
    Line search step size 3.125000e-02.  Lack of positive definiteness.
    Line search step size chosen: 1.562500e-02.
  Objective value decreased by 3.062079e+02.
Newton iteration 5.
  Active set size = 8772460.
  sub-gradient = 9.454167e+05, l1-norm of X = 4.084112e+03.
  Coordinate descent sweep 1. norm of D = 2.548889e+04, change in D = 2.548889e+04.
  Coordinate descent sweep 2. norm of D = 2.268938e+04, change in D = 1.391351e+04.
    Line search step size 1.000000e+00.  Lack of positive definiteness.
    Line search step size 5.000000e-01.  Lack of positive definiteness.
    Line search step size 2.500000e-01.  Lack of positive definiteness.
    Line search step size 1.250000e-01.  Lack of positive definiteness.
    Line search step size 6.250000e-02.  Lack of positive definiteness.
    Line search step size chosen: 3.125000e-02.
  Objective value decreased by 2.359106e+02.
Newton iteration 6.
  Active set size = 8719738.
  sub-gradient = 8.486935e+05, l1-norm of X = 4.294129e+03.
  Coordinate descent sweep 1. norm of D = 1.674345e+04, change in D = 1.674345e+04.
  Coordinate descent sweep 2. norm of D = 1.674493e+04, change in D = 6.029670e+03.
  Coordinate descent sweep 3. norm of D = 1.690952e+04, change in D = 1.634004e+03.
    Line search step size 1.000000e+00.  Lack of positive definiteness.
    Line search step size 5.000000e-01.  Lack of positive definiteness.
    Line search step size 2.500000e-01.  Lack of positive definiteness.
    Line search step size 1.250000e-01.  Lack of positive definiteness.
    Line search step size chosen: 6.250000e-02.
  Objective value decreased by 2.551660e+02.
Newton iteration 7.
  Active set size = 8694577.
  sub-gradient = 7.151707e+05, l1-norm of X = 4.437006e+03.
  Coordinate descent sweep 1. norm of D = 1.411469e+04, change in D = 1.411469e+04.
  Coordinate descent sweep 2. norm of D = 1.501948e+04, change in D = 4.988607e+03.
  Coordinate descent sweep 3. norm of D = 1.530573e+04, change in D = 1.760426e+03.
    Line search step size 1.000000e+00.  Lack of positive definiteness.
    Line search step size 5.000000e-01.  Lack of positive definiteness.
    Line search step size 2.500000e-01.  Lack of positive definiteness.
    Line search step size chosen: 1.250000e-01.
  Objective value decreased by 3.874848e+02.
Newton iteration 8.
  Active set size = 8691846.
  sub-gradient = 5.815846e+05, l1-norm of X = 4.596211e+03.
  Coordinate descent sweep 1. norm of D = 1.211577e+04, change in D = 1.211577e+04.
  Coordinate descent sweep 2. norm of D = 1.348477e+04, change in D = 5.233393e+03.
  Coordinate descent sweep 3. norm of D = 1.405605e+04, change in D = 2.429060e+03.
    Line search step size 1.000000e+00.  Lack of positive definiteness.
    Line search step size 5.000000e-01.  Lack of positive definiteness.
    Line search step size chosen: 2.500000e-01.
  Objective value decreased by 6.121317e+02.
Newton iteration 9.
  Active set size = 8691844.
  sub-gradient = 6.510099e+05, l1-norm of X = 4.860100e+03.
  Coordinate descent sweep 1. norm of D = 9.243177e+03, change in D = 9.243177e+03.
  Coordinate descent sweep 2. norm of D = 1.082417e+04, change in D = 4.902645e+03.
  Coordinate descent sweep 3. norm of D = 1.169924e+04, change in D = 3.031092e+03.
  Coordinate descent sweep 4. norm of D = 1.224365e+04, change in D = 1.812989e+03.
    Line search step size 1.000000e+00.  Lack of positive definiteness.
    Line search step size chosen: 5.000000e-01.
  Objective value decreased by 8.450672e+02.
Newton iteration 10.
  Active set size = 8691844.
  sub-gradient = 1.269412e+06, l1-norm of X = 5.389240e+03.
  Coordinate descent sweep 1. norm of D = 5.302574e+03, change in D = 5.302574e+03.
  Coordinate descent sweep 2. norm of D = 6.629699e+03, change in D = 3.300680e+03.
  Coordinate descent sweep 3. norm of D = 7.506714e+03, change in D = 2.531352e+03.
  Coordinate descent sweep 4. norm of D = 8.174956e+03, change in D = 1.910901e+03.
    Line search step size chosen: 1.000000e+00.
  Objective value decreased by 7.242994e+02.
Newton iteration 11.
  Active set size = 256293.
  sub-gradient = 4.138751e+04, l1-norm of X = 6.268396e+03.
  Coordinate descent sweep 1. norm of D = 1.692744e+03, change in D = 1.692744e+03.
  Coordinate descent sweep 2. norm of D = 2.495183e+03, change in D = 1.452594e+03.
  Coordinate descent sweep 3. norm of D = 3.109434e+03, change in D = 1.240436e+03.
  Coordinate descent sweep 4. norm of D = 3.618201e+03, change in D = 1.056650e+03.
    Line search step size chosen: 1.000000e+00.
  Objective value decreased by 1.258614e+02.
Newton iteration 12.
  Active set size = 213512.
  sub-gradient = 3.269968e+04, l1-norm of X = 6.824374e+03.
  Coordinate descent sweep 1. norm of D = 1.031890e+03, change in D = 1.031890e+03.
  Coordinate descent sweep 2. norm of D = 1.570385e+03, change in D = 9.004715e+02.
  Coordinate descent sweep 3. norm of D = 2.002120e+03, change in D = 7.809083e+02.
  Coordinate descent sweep 4. norm of D = 2.364651e+03, change in D = 6.783108e+02.
  Coordinate descent sweep 5. norm of D = 2.678859e+03, change in D = 5.900236e+02.
    Line search step size chosen: 1.000000e+00.
  Objective value decreased by 5.336737e+01.
Newton iteration 13.
  Active set size = 191164.
  sub-gradient = 1.665631e+04, l1-norm of X = 7.216170e+03.
  Coordinate descent sweep 1. norm of D = 6.496846e+02, change in D = 6.496846e+02.
  Coordinate descent sweep 2. norm of D = 9.999958e+02, change in D = 5.650712e+02.
  Coordinate descent sweep 3. norm of D = 1.284140e+03, change in D = 4.901451e+02.
  Coordinate descent sweep 4. norm of D = 1.525864e+03, change in D = 4.249296e+02.
  Coordinate descent sweep 5. norm of D = 1.732094e+03, change in D = 3.675523e+02.
    Line search step size chosen: 1.000000e+00.
  Objective value decreased by 1.816425e+01.
Newton iteration 14.
  Active set size = 177712.
  sub-gradient = 6.261796e+03, l1-norm of X = 7.448655e+03.
  Coordinate descent sweep 1. norm of D = 3.814301e+02, change in D = 3.814301e+02.
  Coordinate descent sweep 2. norm of D = 5.904039e+02, change in D = 3.303851e+02.
  Coordinate descent sweep 3. norm of D = 7.603429e+02, change in D = 2.849410e+02.
  Coordinate descent sweep 4. norm of D = 9.045744e+02, change in D = 2.456313e+02.
  Coordinate descent sweep 5. norm of D = 1.028849e+03, change in D = 2.122089e+02.
    Line search step size chosen: 1.000000e+00.
  Objective value decreased by 5.460958e+00.
Newton iteration 15.
  Active set size = 170027.
  sub-gradient = 1.788692e+03, l1-norm of X = 7.574714e+03.
  Coordinate descent sweep 1. norm of D = 2.013004e+02, change in D = 2.013004e+02.
  Coordinate descent sweep 2. norm of D = 3.134749e+02, change in D = 1.739287e+02.
  Coordinate descent sweep 3. norm of D = 4.049373e+02, change in D = 1.499116e+02.
  Coordinate descent sweep 4. norm of D = 4.821862e+02, change in D = 1.289491e+02.
  Coordinate descent sweep 5. norm of D = 5.483432e+02, change in D = 1.108126e+02.
  Coordinate descent sweep 6. norm of D = 6.055142e+02, change in D = 9.583942e+01.
    Line search step size chosen: 1.000000e+00.
  Objective value decreased by 1.543997e+00.
Newton iteration 16.
  Active set size = 165916.
  sub-gradient = 4.779434e+02, l1-norm of X = 7.643679e+03.
  Coordinate descent sweep 1. norm of D = 8.850998e+01, change in D = 8.850998e+01.
  Coordinate descent sweep 2. norm of D = 1.377160e+02, change in D = 7.648229e+01.
  Coordinate descent sweep 3. norm of D = 1.782828e+02, change in D = 6.589812e+01.
  Coordinate descent sweep 4. norm of D = 2.126680e+02, change in D = 5.679704e+01.
  Coordinate descent sweep 5. norm of D = 2.422086e+02, change in D = 4.918169e+01.
  Coordinate descent sweep 6. norm of D = 2.675083e+02, change in D = 4.240305e+01.
    Line search step size chosen: 1.000000e+00.
  Objective value decreased by 3.014015e-01.
Newton iteration 17.
  Active set size = 164795.
  sub-gradient = 1.072003e+02, l1-norm of X = 7.671045e+03.
  Coordinate descent sweep 1. norm of D = 3.906352e+01, change in D = 3.906352e+01.
  Coordinate descent sweep 2. norm of D = 6.059823e+01, change in D = 3.370070e+01.
  Coordinate descent sweep 3. norm of D = 7.846270e+01, change in D = 2.917246e+01.
  Coordinate descent sweep 4. norm of D = 9.361169e+01, change in D = 2.518092e+01.
  Coordinate descent sweep 5. norm of D = 1.066329e+02, change in D = 2.181207e+01.
  Coordinate descent sweep 6. norm of D = 1.179083e+02, change in D = 1.890514e+01.
    Line search step size chosen: 1.000000e+00.
  Objective value decreased by 6.022122e-02.
Newton iteration 18.
  Active set size = 164392.
  sub-gradient = 2.714315e+01, l1-norm of X = 7.681916e+03.
  Coordinate descent sweep 1. norm of D = 1.672237e+01, change in D = 1.672237e+01.
  Coordinate descent sweep 2. norm of D = 2.605594e+01, change in D = 1.448194e+01.
  Coordinate descent sweep 3. norm of D = 3.374507e+01, change in D = 1.256460e+01.
  Coordinate descent sweep 4. norm of D = 4.021836e+01, change in D = 1.088820e+01.
  Coordinate descent sweep 5. norm of D = 4.584490e+01, change in D = 9.509709e+00.
  Coordinate descent sweep 6. norm of D = 5.069430e+01, change in D = 8.261403e+00.
  Coordinate descent sweep 7. norm of D = 5.484684e+01, change in D = 7.186410e+00.
    Line search step size chosen: 1.000000e+00.
  Objective value decreased by 1.202035e-02.
Newton iteration 19.
  Active set size = 164230.
  sub-gradient = 7.495292e+00, l1-norm of X = 7.686686e+03.
  Coordinate descent sweep 1. norm of D = 6.310068e+00, change in D = 6.310068e+00.
  Coordinate descent sweep 2. norm of D = 9.792436e+00, change in D = 5.510086e+00.
  Coordinate descent sweep 3. norm of D = 1.267028e+01, change in D = 4.821680e+00.
  Coordinate descent sweep 4. norm of D = 1.511436e+01, change in D = 4.205207e+00.
  Coordinate descent sweep 5. norm of D = 1.724500e+01, change in D = 3.687745e+00.
  Coordinate descent sweep 6. norm of D = 1.905760e+01, change in D = 3.215532e+00.
  Coordinate descent sweep 7. norm of D = 2.063162e+01, change in D = 2.815623e+00.
    Line search step size chosen: 1.000000e+00.
  Objective value decreased by 1.837472e-03.
Newton iteration 20.
  Active set size = 164099.
  sub-gradient = 3.190625e+00, l1-norm of X = 7.688384e+03.
  Coordinate descent sweep 1. norm of D = 2.473309e+00, change in D = 2.473309e+00.
  Coordinate descent sweep 2. norm of D = 3.814105e+00, change in D = 2.166917e+00.
  Coordinate descent sweep 3. norm of D = 4.912697e+00, change in D = 1.900927e+00.
  Coordinate descent sweep 4. norm of D = 5.852610e+00, change in D = 1.667671e+00.
  Coordinate descent sweep 5. norm of D = 6.652740e+00, change in D = 1.459946e+00.
  Coordinate descent sweep 6. norm of D = 7.352238e+00, change in D = 1.283665e+00.
  Coordinate descent sweep 7. norm of D = 7.957958e+00, change in D = 1.124660e+00.
    Line search step size chosen: 1.000000e+00.
  Objective value decreased by 3.010759e-04.
Newton iteration 21.
  Active set size = 164044.
  sub-gradient = 1.119914e+00, l1-norm of X = 7.689006e+03.
  Coordinate descent sweep 1. norm of D = 9.899261e-01, change in D = 9.899261e-01.
  Coordinate descent sweep 2. norm of D = 1.514260e+00, change in D = 8.705246e-01.
  Coordinate descent sweep 3. norm of D = 1.944237e+00, change in D = 7.654827e-01.
  Coordinate descent sweep 4. norm of D = 2.311312e+00, change in D = 6.753064e-01.
  Coordinate descent sweep 5. norm of D = 2.625790e+00, change in D = 5.930062e-01.
  Coordinate descent sweep 6. norm of D = 2.896792e+00, change in D = 5.216592e-01.
  Coordinate descent sweep 7. norm of D = 3.137142e+00, change in D = 4.607473e-01.
  Coordinate descent sweep 8. norm of D = 3.345153e+00, change in D = 4.049221e-01.
    Line search step size chosen: 1.000000e+00.
  Objective value decreased by 5.379333e-05.
Newton iteration 22.
  Active set size = 164017.
  sub-gradient = 5.014364e-01, l1-norm of X = 7.689259e+03.
  Coordinate descent sweep 1. norm of D = 3.569201e-01, change in D = 3.569201e-01.
  Coordinate descent sweep 2. norm of D = 5.422608e-01, change in D = 3.151342e-01.
  Coordinate descent sweep 3. norm of D = 6.917054e-01, change in D = 2.776222e-01.
  Coordinate descent sweep 4. norm of D = 8.188046e-01, change in D = 2.444055e-01.
  Coordinate descent sweep 5. norm of D = 9.285496e-01, change in D = 2.162354e-01.
  Coordinate descent sweep 6. norm of D = 1.022349e+00, change in D = 1.906513e-01.
  Coordinate descent sweep 7. norm of D = 1.104966e+00, change in D = 1.685032e-01.
  Coordinate descent sweep 8. norm of D = 1.176871e+00, change in D = 1.487056e-01.
    Line search step size chosen: 1.000000e+00.
  Objective value decreased by 7.484253e-06.
QUIC CPU time: 42416.688 seconds
