[1] "/data/abattle4/prashanthi/recount3/data/blood/all/weighted_covariances/cov_1.rds"
[1] "Data read complete"
Running QUIC version 1.1 in 'default' mode.
Newton iteration 1.
  X is a diagonal matrix.
    Line search step size 1.000000e+00.  Lack of positive definiteness.
    Line search step size chosen: 5.000000e-01.
  Objective value decreased by 2.290739e+01.
Newton iteration 2.
  Active set size = 29875.
  sub-gradient = 3.097339e+02, l1-norm of X = 5.352729e+02.
  Coordinate descent sweep 1. norm of D = 2.934628e+02, change in D = 2.934628e+02.
    Line search step size chosen: 1.000000e+00.
  Objective value decreased by 5.900210e+00.
Newton iteration 3.
  Active set size = 29079.
  sub-gradient = 5.926511e+01, l1-norm of X = 9.589653e+02.
  Coordinate descent sweep 1. norm of D = 4.485596e+01, change in D = 4.485596e+01.
  Coordinate descent sweep 2. norm of D = 4.181511e+01, change in D = 9.029447e+00.
    Line search step size chosen: 1.000000e+00.
  Objective value decreased by 2.137224e-01.
Newton iteration 4.
  Active set size = 28648.
  sub-gradient = 3.710619e+00, l1-norm of X = 9.435876e+02.
  Coordinate descent sweep 1. norm of D = 2.849316e+00, change in D = 2.849316e+00.
  Coordinate descent sweep 2. norm of D = 2.636944e+00, change in D = 7.090486e-01.
    Line search step size chosen: 1.000000e+00.
  Objective value decreased by 2.061387e-03.
Newton iteration 5.
  Active set size = 28622.
  sub-gradient = 2.172823e-01, l1-norm of X = 9.420270e+02.
  Coordinate descent sweep 1. norm of D = 1.824172e-01, change in D = 1.824172e-01.
  Coordinate descent sweep 2. norm of D = 1.789844e-01, change in D = 4.581036e-02.
    Line search step size chosen: 1.000000e+00.
  Objective value decreased by 1.438644e-05.
Newton iteration 6.
  Active set size = 28621.
  sub-gradient = 1.347381e-02, l1-norm of X = 9.419325e+02.
  Coordinate descent sweep 1. norm of D = 1.149608e-02, change in D = 1.149608e-02.
  Coordinate descent sweep 2. norm of D = 1.133913e-02, change in D = 3.036798e-03.
  Coordinate descent sweep 3. norm of D = 1.153131e-02, change in D = 7.929580e-04.
    Line search step size chosen: 1.000000e+00.
  Objective value decreased by 7.397830e-08.
QUIC CPU time: 2625.593 seconds
