[1] "/work-zfs/abattle4/prashanthi/recount3/data/central_nervous_system/GTEx/weighted_covariances/cov_13.rds"
[1] "Data read complete"
Running QUIC version 1.1 in 'default' mode.
Newton iteration 1.
  X is a diagonal matrix.
    Line search step size 1.000000e+00.  Lack of positive definiteness.
    Line search step size 5.000000e-01.  Lack of positive definiteness.
    Line search step size 2.500000e-01.  Lack of positive definiteness.
    Line search step size 1.250000e-01.  Lack of positive definiteness.
    Line search step size chosen: 6.250000e-02.
  Objective value decreased by 1.495371e+02.
Newton iteration 2.
  Active set size = 221707.
  sub-gradient = 9.102753e+03, l1-norm of X = 2.021395e+02.
  Coordinate descent sweep 1. norm of D = 6.360548e+03, change in D = 6.360548e+03.
    Line search step size 1.000000e+00.  Lack of positive definiteness.
    Line search step size 5.000000e-01.  Lack of positive definiteness.
    Line search step size 2.500000e-01.  Lack of positive definiteness.
    Line search step size chosen: 1.250000e-01.
  Objective value decreased by 1.364438e+02.
Newton iteration 3.
  Active set size = 222023.
  sub-gradient = 6.543978e+03, l1-norm of X = 4.451393e+02.
  Coordinate descent sweep 1. norm of D = 3.617458e+03, change in D = 3.617458e+03.
  Coordinate descent sweep 2. norm of D = 3.438202e+03, change in D = 7.908387e+02.
    Line search step size 1.000000e+00.  Lack of positive definiteness.
    Line search step size 5.000000e-01.  Lack of positive definiteness.
    Line search step size chosen: 2.500000e-01.
  Objective value decreased by 9.371835e+01.
Newton iteration 4.
  Active set size = 222441.
  sub-gradient = 4.705017e+03, l1-norm of X = 6.455867e+02.
  Coordinate descent sweep 1. norm of D = 2.331261e+03, change in D = 2.331261e+03.
  Coordinate descent sweep 2. norm of D = 2.378211e+03, change in D = 6.160898e+02.
    Line search step size 1.000000e+00.  Lack of positive definiteness.
    Line search step size chosen: 5.000000e-01.
  Objective value decreased by 7.933766e+01.
Newton iteration 5.
  Active set size = 224068.
  sub-gradient = 3.817847e+03, l1-norm of X = 8.629792e+02.
  Coordinate descent sweep 1. norm of D = 1.119864e+03, change in D = 1.119864e+03.
  Coordinate descent sweep 2. norm of D = 1.286604e+03, change in D = 3.941176e+02.
    Line search step size chosen: 1.000000e+00.
  Objective value decreased by 3.999376e+01.
Newton iteration 6.
  Active set size = 124163.
  sub-gradient = 4.888685e+02, l1-norm of X = 1.021813e+03.
  Coordinate descent sweep 1. norm of D = 2.534522e+02, change in D = 2.534522e+02.
  Coordinate descent sweep 2. norm of D = 3.188887e+02, change in D = 1.565145e+02.
  Coordinate descent sweep 3. norm of D = 3.586681e+02, change in D = 9.764625e+01.
    Line search step size chosen: 1.000000e+00.
  Objective value decreased by 7.105016e+00.
Newton iteration 7.
  Active set size = 119849.
  sub-gradient = 1.167184e+02, l1-norm of X = 1.043608e+03.
  Coordinate descent sweep 1. norm of D = 7.842449e+01, change in D = 7.842449e+01.
  Coordinate descent sweep 2. norm of D = 1.024641e+02, change in D = 5.939004e+01.
  Coordinate descent sweep 3. norm of D = 1.180425e+02, change in D = 4.351726e+01.
    Line search step size chosen: 1.000000e+00.
  Objective value decreased by 1.671247e+00.
Newton iteration 8.
  Active set size = 119011.
  sub-gradient = 4.143928e+01, l1-norm of X = 1.050117e+03.
  Coordinate descent sweep 1. norm of D = 3.586301e+01, change in D = 3.586301e+01.
  Coordinate descent sweep 2. norm of D = 4.672599e+01, change in D = 2.836192e+01.
  Coordinate descent sweep 3. norm of D = 5.515856e+01, change in D = 2.310980e+01.
    Line search step size chosen: 1.000000e+00.
  Objective value decreased by 6.083311e-01.
Newton iteration 9.
  Active set size = 118695.
  sub-gradient = 1.995592e+01, l1-norm of X = 1.052697e+03.
  Coordinate descent sweep 1. norm of D = 1.875746e+01, change in D = 1.875746e+01.
  Coordinate descent sweep 2. norm of D = 2.522419e+01, change in D = 1.599459e+01.
  Coordinate descent sweep 3. norm of D = 2.979847e+01, change in D = 1.331166e+01.
  Coordinate descent sweep 4. norm of D = 3.335481e+01, change in D = 1.125589e+01.
    Line search step size chosen: 1.000000e+00.
  Objective value decreased by 3.263775e-01.
Newton iteration 10.
  Active set size = 118572.
  sub-gradient = 9.841572e+00, l1-norm of X = 1.054365e+03.
  Coordinate descent sweep 1. norm of D = 9.689853e+00, change in D = 9.689853e+00.
  Coordinate descent sweep 2. norm of D = 1.307610e+01, change in D = 8.590202e+00.
  Coordinate descent sweep 3. norm of D = 1.543522e+01, change in D = 7.372569e+00.
  Coordinate descent sweep 4. norm of D = 1.741214e+01, change in D = 6.482711e+00.
    Line search step size chosen: 1.000000e+00.
  Objective value decreased by 1.356879e-01.
Newton iteration 11.
  Active set size = 118536.
  sub-gradient = 5.887274e+00, l1-norm of X = 1.055200e+03.
  Coordinate descent sweep 1. norm of D = 5.717219e+00, change in D = 5.717219e+00.
  Coordinate descent sweep 2. norm of D = 7.591072e+00, change in D = 4.906767e+00.
  Coordinate descent sweep 3. norm of D = 9.108919e+00, change in D = 4.502673e+00.
  Coordinate descent sweep 4. norm of D = 1.027277e+01, change in D = 3.945132e+00.
    Line search step size chosen: 1.000000e+00.
  Objective value decreased by 7.207187e-02.
Newton iteration 12.
  Active set size = 118484.
  sub-gradient = 3.976255e+00, l1-norm of X = 1.055683e+03.
  Coordinate descent sweep 1. norm of D = 3.516836e+00, change in D = 3.516836e+00.
  Coordinate descent sweep 2. norm of D = 4.805315e+00, change in D = 3.233893e+00.
  Coordinate descent sweep 3. norm of D = 5.822425e+00, change in D = 3.049678e+00.
  Coordinate descent sweep 4. norm of D = 6.569695e+00, change in D = 2.773054e+00.
  Coordinate descent sweep 5. norm of D = 7.240328e+00, change in D = 2.439101e+00.
    Line search step size chosen: 1.000000e+00.
  Objective value decreased by 4.760482e-02.
Newton iteration 13.
  Active set size = 118465.
  sub-gradient = 2.499602e+00, l1-norm of X = 1.056056e+03.
  Coordinate descent sweep 1. norm of D = 2.202542e+00, change in D = 2.202542e+00.
  Coordinate descent sweep 2. norm of D = 3.019794e+00, change in D = 2.032568e+00.
  Coordinate descent sweep 3. norm of D = 3.698925e+00, change in D = 2.044920e+00.
  Coordinate descent sweep 4. norm of D = 4.154675e+00, change in D = 1.765889e+00.
  Coordinate descent sweep 5. norm of D = 4.659737e+00, change in D = 1.688531e+00.
    Line search step size chosen: 1.000000e+00.
  Objective value decreased by 2.468590e-02.
Newton iteration 14.
  Active set size = 118449.
  sub-gradient = 1.389805e+00, l1-norm of X = 1.056287e+03.
  Coordinate descent sweep 1. norm of D = 1.478282e+00, change in D = 1.478282e+00.
  Coordinate descent sweep 2. norm of D = 2.052058e+00, change in D = 1.372688e+00.
  Coordinate descent sweep 3. norm of D = 2.468344e+00, change in D = 1.259315e+00.
  Coordinate descent sweep 4. norm of D = 2.819572e+00, change in D = 1.203672e+00.
  Coordinate descent sweep 5. norm of D = 3.073138e+00, change in D = 1.068521e+00.
    Line search step size chosen: 1.000000e+00.
  Objective value decreased by 1.393594e-02.
Newton iteration 15.
  Active set size = 118450.
  sub-gradient = 1.158874e+00, l1-norm of X = 1.056451e+03.
  Coordinate descent sweep 1. norm of D = 9.497752e-01, change in D = 9.497752e-01.
  Coordinate descent sweep 2. norm of D = 1.403389e+00, change in D = 9.855987e-01.
  Coordinate descent sweep 3. norm of D = 1.648545e+00, change in D = 8.662867e-01.
  Coordinate descent sweep 4. norm of D = 1.884931e+00, change in D = 8.177406e-01.
  Coordinate descent sweep 5. norm of D = 2.057731e+00, change in D = 7.330694e-01.
  Coordinate descent sweep 6. norm of D = 2.250885e+00, change in D = 7.157347e-01.
    Line search step size chosen: 1.000000e+00.
  Objective value decreased by 8.831827e-03.
Newton iteration 16.
  Active set size = 118448.
  sub-gradient = 5.939169e-01, l1-norm of X = 1.056580e+03.
  Coordinate descent sweep 1. norm of D = 6.887980e-01, change in D = 6.887980e-01.
  Coordinate descent sweep 2. norm of D = 9.178066e-01, change in D = 6.107869e-01.
  Coordinate descent sweep 3. norm of D = 1.096239e+00, change in D = 6.056080e-01.
  Coordinate descent sweep 4. norm of D = 1.254391e+00, change in D = 5.750759e-01.
  Coordinate descent sweep 5. norm of D = 1.423343e+00, change in D = 5.592770e-01.
  Coordinate descent sweep 6. norm of D = 1.557308e+00, change in D = 5.232545e-01.
    Line search step size chosen: 1.000000e+00.
  Objective value decreased by 5.247820e-03.
Newton iteration 17.
  Active set size = 118446.
  sub-gradient = 4.135735e-01, l1-norm of X = 1.056664e+03.
  Coordinate descent sweep 1. norm of D = 4.616935e-01, change in D = 4.616935e-01.
  Coordinate descent sweep 2. norm of D = 6.452811e-01, change in D = 4.534187e-01.
  Coordinate descent sweep 3. norm of D = 8.061097e-01, change in D = 4.455726e-01.
  Coordinate descent sweep 4. norm of D = 9.049009e-01, change in D = 3.907657e-01.
  Coordinate descent sweep 5. norm of D = 9.974307e-01, change in D = 3.784444e-01.
  Coordinate descent sweep 6. norm of D = 1.090515e+00, change in D = 3.632609e-01.
    Line search step size chosen: 1.000000e+00.
  Objective value decreased by 3.029770e-03.
Newton iteration 18.
  Active set size = 118444.
  sub-gradient = 3.358344e-01, l1-norm of X = 1.056727e+03.
  Coordinate descent sweep 1. norm of D = 3.404876e-01, change in D = 3.404876e-01.
  Coordinate descent sweep 2. norm of D = 4.302623e-01, change in D = 2.894017e-01.
  Coordinate descent sweep 3. norm of D = 5.669181e-01, change in D = 3.360302e-01.
  Coordinate descent sweep 4. norm of D = 6.391324e-01, change in D = 2.842910e-01.
  Coordinate descent sweep 5. norm of D = 7.274441e-01, change in D = 2.890437e-01.
  Coordinate descent sweep 6. norm of D = 7.811996e-01, change in D = 2.629691e-01.
  Coordinate descent sweep 7. norm of D = 8.414468e-01, change in D = 2.503203e-01.
    Line search step size chosen: 1.000000e+00.
  Objective value decreased by 1.890645e-03.
Newton iteration 19.
  Active set size = 118444.
  sub-gradient = 2.841333e-01, l1-norm of X = 1.056775e+03.
  Coordinate descent sweep 1. norm of D = 2.464219e-01, change in D = 2.464219e-01.
  Coordinate descent sweep 2. norm of D = 3.239867e-01, change in D = 2.224393e-01.
  Coordinate descent sweep 3. norm of D = 4.115961e-01, change in D = 2.345432e-01.
  Coordinate descent sweep 4. norm of D = 4.625562e-01, change in D = 2.170989e-01.
  Coordinate descent sweep 5. norm of D = 4.952021e-01, change in D = 1.802940e-01.
  Coordinate descent sweep 6. norm of D = 5.499783e-01, change in D = 1.794766e-01.
  Coordinate descent sweep 7. norm of D = 5.942899e-01, change in D = 1.729457e-01.
    Line search step size chosen: 1.000000e+00.
  Objective value decreased by 1.130172e-03.
Newton iteration 20.
  Active set size = 118445.
  sub-gradient = 1.608036e-01, l1-norm of X = 1.056810e+03.
  Coordinate descent sweep 1. norm of D = 1.686998e-01, change in D = 1.686998e-01.
  Coordinate descent sweep 2. norm of D = 2.265627e-01, change in D = 1.450424e-01.
  Coordinate descent sweep 3. norm of D = 2.838698e-01, change in D = 1.534669e-01.
  Coordinate descent sweep 4. norm of D = 3.216927e-01, change in D = 1.340415e-01.
  Coordinate descent sweep 5. norm of D = 3.465520e-01, change in D = 1.213989e-01.
  Coordinate descent sweep 6. norm of D = 3.964359e-01, change in D = 1.336921e-01.
  Coordinate descent sweep 7. norm of D = 4.271216e-01, change in D = 1.158712e-01.
    Line search step size chosen: 1.000000e+00.
  Objective value decreased by 6.300677e-04.
Newton iteration 21.
  Active set size = 118444.
  sub-gradient = 1.205202e-01, l1-norm of X = 1.056835e+03.
  Coordinate descent sweep 1. norm of D = 1.049849e-01, change in D = 1.049849e-01.
  Coordinate descent sweep 2. norm of D = 1.524567e-01, change in D = 1.101912e-01.
  Coordinate descent sweep 3. norm of D = 1.847614e-01, change in D = 9.496047e-02.
  Coordinate descent sweep 4. norm of D = 2.271795e-01, change in D = 1.152904e-01.
  Coordinate descent sweep 5. norm of D = 2.444222e-01, change in D = 8.967522e-02.
  Coordinate descent sweep 6. norm of D = 2.748567e-01, change in D = 9.811349e-02.
  Coordinate descent sweep 7. norm of D = 2.963508e-01, change in D = 9.199127e-02.
  Coordinate descent sweep 8. norm of D = 3.135433e-01, change in D = 8.390029e-02.
    Line search step size chosen: 1.000000e+00.
  Objective value decreased by 4.172601e-04.
Newton iteration 22.
  Active set size = 118443.
  sub-gradient = 7.434006e-02, l1-norm of X = 1.056855e+03.
  Coordinate descent sweep 1. norm of D = 8.226262e-02, change in D = 8.226262e-02.
  Coordinate descent sweep 2. norm of D = 1.047102e-01, change in D = 6.847697e-02.
  Coordinate descent sweep 3. norm of D = 1.425153e-01, change in D = 8.173553e-02.
  Coordinate descent sweep 4. norm of D = 1.618547e-01, change in D = 7.509405e-02.
  Coordinate descent sweep 5. norm of D = 1.842012e-01, change in D = 7.452866e-02.
  Coordinate descent sweep 6. norm of D = 2.031644e-01, change in D = 7.138202e-02.
  Coordinate descent sweep 7. norm of D = 2.174723e-01, change in D = 6.377861e-02.
  Coordinate descent sweep 8. norm of D = 2.357841e-01, change in D = 6.915304e-02.
    Line search step size chosen: 1.000000e+00.
  Objective value decreased by 2.373353e-04.
QUIC CPU time: 9956.000 seconds
