[1] "/work-zfs/abattle4/prashanthi/recount3/data/central_nervous_system/GTEx/weighted_covariances/cov_13.rds"
[1] "Data read complete"
Running QUIC version 1.1 in 'default' mode.
Newton iteration 1.
  X is a diagonal matrix.
    Line search step size 1.000000e+00.  Lack of positive definiteness.
    Line search step size chosen: 5.000000e-01.
  Objective value decreased by 4.088612e+00.
Newton iteration 2.
  Active set size = 9433.
  sub-gradient = 1.882811e+01, l1-norm of X = 2.328060e+01.
  Coordinate descent sweep 1. norm of D = 1.810096e+01, change in D = 1.810096e+01.
    Line search step size chosen: 1.000000e+00.
  Objective value decreased by 9.635223e-01.
Newton iteration 3.
  Active set size = 9400.
  sub-gradient = 6.494036e+00, l1-norm of X = 3.708309e+01.
  Coordinate descent sweep 1. norm of D = 5.726400e+00, change in D = 5.726400e+00.
  Coordinate descent sweep 2. norm of D = 6.476396e+00, change in D = 1.621277e+00.
    Line search step size chosen: 1.000000e+00.
  Objective value decreased by 1.310542e-01.
Newton iteration 4.
  Active set size = 9386.
  sub-gradient = 8.677454e-01, l1-norm of X = 3.795554e+01.
  Coordinate descent sweep 1. norm of D = 8.551208e-01, change in D = 8.551208e-01.
  Coordinate descent sweep 2. norm of D = 1.069420e+00, change in D = 3.680310e-01.
    Line search step size chosen: 1.000000e+00.
  Objective value decreased by 6.281308e-03.
Newton iteration 5.
  Active set size = 9382.
  sub-gradient = 2.100276e-01, l1-norm of X = 3.817437e+01.
  Coordinate descent sweep 1. norm of D = 1.919219e-01, change in D = 1.919219e-01.
  Coordinate descent sweep 2. norm of D = 2.574227e-01, change in D = 9.777612e-02.
    Line search step size chosen: 1.000000e+00.
  Objective value decreased by 6.464429e-04.
Newton iteration 6.
  Active set size = 9382.
  sub-gradient = 4.125893e-02, l1-norm of X = 3.822589e+01.
  Coordinate descent sweep 1. norm of D = 4.611031e-02, change in D = 4.611031e-02.
  Coordinate descent sweep 2. norm of D = 6.134550e-02, change in D = 2.222630e-02.
  Coordinate descent sweep 3. norm of D = 6.966963e-02, change in D = 1.089863e-02.
    Line search step size chosen: 1.000000e+00.
  Objective value decreased by 6.706628e-05.
Newton iteration 7.
  Active set size = 9382.
  sub-gradient = 4.258574e-03, l1-norm of X = 3.824557e+01.
  Coordinate descent sweep 1. norm of D = 4.383180e-03, change in D = 4.383180e-03.
  Coordinate descent sweep 2. norm of D = 6.813794e-03, change in D = 2.923976e-03.
  Coordinate descent sweep 3. norm of D = 7.850420e-03, change in D = 1.380463e-03.
    Line search step size chosen: 1.000000e+00.
  Objective value decreased by 9.845917e-07.
Newton iteration 8.
  Active set size = 9382.
  sub-gradient = 5.802111e-04, l1-norm of X = 3.824825e+01.
  Coordinate descent sweep 1. norm of D = 5.834037e-04, change in D = 5.834037e-04.
  Coordinate descent sweep 2. norm of D = 8.927089e-04, change in D = 3.580410e-04.
  Coordinate descent sweep 3. norm of D = 1.032086e-03, change in D = 1.540647e-04.
    Line search step size chosen: 1.000000e+00.
  Objective value decreased by 1.836634e-08.
QUIC CPU time: 2348.490 seconds
