[1] "/work-zfs/abattle4/prashanthi/recount3/data/central_nervous_system/GTEx/weighted_covariances/cov_13.rds"
[1] "Data read complete"
Running QUIC version 1.1 in 'default' mode.
Newton iteration 1.
  X is a diagonal matrix.
    Line search step size 1.000000e+00.  Lack of positive definiteness.
    Line search step size chosen: 5.000000e-01.
  Objective value decreased by 3.142586e+00.
Newton iteration 2.
  Active set size = 9316.
  sub-gradient = 1.451518e+01, l1-norm of X = 1.852768e+01.
  Coordinate descent sweep 1. norm of D = 1.460389e+01, change in D = 1.460389e+01.
    Line search step size chosen: 1.000000e+00.
  Objective value decreased by 7.710535e-01.
Newton iteration 3.
  Active set size = 9302.
  sub-gradient = 5.059988e+00, l1-norm of X = 3.053216e+01.
  Coordinate descent sweep 1. norm of D = 4.376721e+00, change in D = 4.376721e+00.
  Coordinate descent sweep 2. norm of D = 4.883556e+00, change in D = 1.226894e+00.
    Line search step size chosen: 1.000000e+00.
  Objective value decreased by 9.128564e-02.
Newton iteration 4.
  Active set size = 9291.
  sub-gradient = 7.206009e-01, l1-norm of X = 3.121326e+01.
  Coordinate descent sweep 1. norm of D = 6.526249e-01, change in D = 6.526249e-01.
  Coordinate descent sweep 2. norm of D = 8.085484e-01, change in D = 2.409211e-01.
    Line search step size chosen: 1.000000e+00.
  Objective value decreased by 5.621247e-03.
Newton iteration 5.
  Active set size = 9290.
  sub-gradient = 1.295416e-01, l1-norm of X = 3.137156e+01.
  Coordinate descent sweep 1. norm of D = 1.347737e-01, change in D = 1.347737e-01.
  Coordinate descent sweep 2. norm of D = 1.822399e-01, change in D = 5.914928e-02.
    Line search step size chosen: 1.000000e+00.
  Objective value decreased by 5.672228e-04.
Newton iteration 6.
  Active set size = 9290.
  sub-gradient = 2.278060e-02, l1-norm of X = 3.142060e+01.
  Coordinate descent sweep 1. norm of D = 2.660278e-02, change in D = 2.660278e-02.
  Coordinate descent sweep 2. norm of D = 3.685439e-02, change in D = 1.175090e-02.
  Coordinate descent sweep 3. norm of D = 3.908773e-02, change in D = 4.170456e-03.
    Line search step size chosen: 1.000000e+00.
  Objective value decreased by 3.361187e-05.
Newton iteration 7.
  Active set size = 9290.
  sub-gradient = 2.662677e-03, l1-norm of X = 3.143344e+01.
  Coordinate descent sweep 1. norm of D = 2.999088e-03, change in D = 2.999088e-03.
  Coordinate descent sweep 2. norm of D = 4.090605e-03, change in D = 1.265422e-03.
  Coordinate descent sweep 3. norm of D = 4.512448e-03, change in D = 5.126784e-04.
    Line search step size chosen: 1.000000e+00.
  Objective value decreased by 4.798312e-07.
QUIC CPU time: 2082.150 seconds
