[1] "/work-zfs/abattle4/prashanthi/recount3/data/central_nervous_system/GTEx/weighted_covariances/cov_13.rds"
[1] "Data read complete"
Running QUIC version 1.1 in 'default' mode.
Newton iteration 1.
  X is a diagonal matrix.
    Line search step size chosen: 1.000000e+00.
  Objective value decreased by 3.308262e-02.
Newton iteration 2.
  Active set size = 8921.
  sub-gradient = 7.228438e-02, l1-norm of X = 8.921262e-01.
  Coordinate descent sweep 1. norm of D = 6.899427e-02, change in D = 6.899427e-02.
    Line search step size chosen: 1.000000e+00.
  Objective value decreased by 2.314308e-04.
Newton iteration 3.
  Active set size = 8921.
  sub-gradient = 3.531207e-03, l1-norm of X = 8.873528e-01.
  Coordinate descent sweep 1. norm of D = 4.022444e-03, change in D = 4.022444e-03.
  Coordinate descent sweep 2. norm of D = 4.608038e-03, change in D = 6.228144e-04.
    Line search step size chosen: 1.000000e+00.
  Objective value decreased by 3.502722e-06.
Newton iteration 4.
  Active set size = 8921.
  sub-gradient = 4.380999e-05, l1-norm of X = 8.927637e-01.
  Coordinate descent sweep 1. norm of D = 4.924914e-05, change in D = 4.924914e-05.
  Coordinate descent sweep 2. norm of D = 5.555264e-05, change in D = 6.423544e-06.
    Line search step size chosen: 1.000000e+00.
  Objective value decreased by 6.857590e-10.
QUIC CPU time: 1156.720 seconds
