[1] "/data/abattle4/prashanthi/recount3/data/central_nervous_system/all/weighted_covariances/only_sra/cov_25.rds"
[1] "Data read complete"
Running QUIC version 1.1 in 'default' mode.
Newton iteration 1.
  X is a diagonal matrix.
    Line search step size 1.000000e+00.  Lack of positive definiteness.
    Line search step size 5.000000e-01.  Lack of positive definiteness.
    Line search step size 2.500000e-01.  Lack of positive definiteness.
    Line search step size 1.250000e-01.  Lack of positive definiteness.
    Line search step size 6.250000e-02.  Lack of positive definiteness.
    Line search step size chosen: 3.125000e-02.
  Objective value decreased by 9.329944e+01.
Newton iteration 2.
  Active set size = 312586.
  sub-gradient = 1.346558e+04, l1-norm of X = 1.803237e+02.
  Coordinate descent sweep 1. norm of D = 9.708792e+03, change in D = 9.708792e+03.
    Line search step size 1.000000e+00.  Lack of positive definiteness.
    Line search step size 5.000000e-01.  Lack of positive definiteness.
    Line search step size 2.500000e-01.  Lack of positive definiteness.
    Line search step size 1.250000e-01.  Lack of positive definiteness.
    Line search step size chosen: 6.250000e-02.
  Objective value decreased by 9.896505e+01.
Newton iteration 3.
  Active set size = 312594.
  sub-gradient = 1.183503e+04, l1-norm of X = 4.170822e+02.
  Coordinate descent sweep 1. norm of D = 6.676771e+03, change in D = 6.676771e+03.
  Coordinate descent sweep 2. norm of D = 5.931203e+03, change in D = 1.286979e+03.
    Line search step size 1.000000e+00.  Lack of positive definiteness.
    Line search step size 5.000000e-01.  Lack of positive definiteness.
    Line search step size 2.500000e-01.  Lack of positive definiteness.
    Line search step size chosen: 1.250000e-01.
  Objective value decreased by 9.583512e+01.
Newton iteration 4.
  Active set size = 312751.
  sub-gradient = 9.413497e+03, l1-norm of X = 6.813874e+02.
  Coordinate descent sweep 1. norm of D = 4.312092e+03, change in D = 4.312092e+03.
  Coordinate descent sweep 2. norm of D = 3.972698e+03, change in D = 1.050111e+03.
    Line search step size 1.000000e+00.  Lack of positive definiteness.
    Line search step size 5.000000e-01.  Lack of positive definiteness.
    Line search step size chosen: 2.500000e-01.
  Objective value decreased by 8.959549e+01.
Newton iteration 5.
  Active set size = 1046021.
  sub-gradient = 1.408962e+05, l1-norm of X = 9.785931e+02.
  Coordinate descent sweep 1. norm of D = 2.152608e+03, change in D = 2.152608e+03.
  Coordinate descent sweep 2. norm of D = 2.297923e+03, change in D = 6.744407e+02.
    Line search step size 1.000000e+00.  Lack of positive definiteness.
    Line search step size chosen: 5.000000e-01.
  Objective value decreased by 5.612739e+01.
Newton iteration 6.
  Active set size = 893488.
  sub-gradient = 1.053774e+05, l1-norm of X = 1.196211e+03.
  Coordinate descent sweep 1. norm of D = 1.117166e+03, change in D = 1.117166e+03.
  Coordinate descent sweep 2. norm of D = 1.283019e+03, change in D = 4.181433e+02.
  Coordinate descent sweep 3. norm of D = 1.369494e+03, change in D = 2.109131e+02.
    Line search step size chosen: 1.000000e+00.
  Objective value decreased by 3.481568e+01.
Newton iteration 7.
  Active set size = 530774.
  sub-gradient = 4.054567e+04, l1-norm of X = 1.370322e+03.
  Coordinate descent sweep 1. norm of D = 2.342570e+02, change in D = 2.342570e+02.
  Coordinate descent sweep 2. norm of D = 2.688643e+02, change in D = 1.496725e+02.
  Coordinate descent sweep 3. norm of D = 2.996939e+02, change in D = 9.518261e+01.
    Line search step size chosen: 1.000000e+00.
  Objective value decreased by 4.450654e+00.
Newton iteration 8.
  Active set size = 254566.
  sub-gradient = 9.004133e+03, l1-norm of X = 1.389880e+03.
  Coordinate descent sweep 1. norm of D = 1.216125e+02, change in D = 1.216125e+02.
  Coordinate descent sweep 2. norm of D = 1.269185e+02, change in D = 8.107819e+01.
  Coordinate descent sweep 3. norm of D = 1.380197e+02, change in D = 5.132437e+01.
    Line search step size chosen: 1.000000e+00.
  Objective value decreased by 1.832866e+00.
Newton iteration 9.
  Active set size = 155514.
  sub-gradient = 2.140700e+03, l1-norm of X = 1.400751e+03.
  Coordinate descent sweep 1. norm of D = 6.965969e+01, change in D = 6.965969e+01.
  Coordinate descent sweep 2. norm of D = 6.791611e+01, change in D = 4.660287e+01.
  Coordinate descent sweep 3. norm of D = 7.236136e+01, change in D = 2.871966e+01.
  Coordinate descent sweep 4. norm of D = 7.562162e+01, change in D = 1.950655e+01.
    Line search step size chosen: 1.000000e+00.
  Objective value decreased by 8.142919e-01.
Newton iteration 10.
  Active set size = 139011.
  sub-gradient = 7.038330e+02, l1-norm of X = 1.406550e+03.
  Coordinate descent sweep 1. norm of D = 2.975043e+01, change in D = 2.975043e+01.
  Coordinate descent sweep 2. norm of D = 2.751854e+01, change in D = 2.090623e+01.
  Coordinate descent sweep 3. norm of D = 2.854897e+01, change in D = 1.230482e+01.
  Coordinate descent sweep 4. norm of D = 2.955102e+01, change in D = 8.021663e+00.
    Line search step size chosen: 1.000000e+00.
  Objective value decreased by 1.949833e-01.
Newton iteration 11.
  Active set size = 136121.
  sub-gradient = 1.719430e+02, l1-norm of X = 1.408645e+03.
  Coordinate descent sweep 1. norm of D = 1.084680e+01, change in D = 1.084680e+01.
  Coordinate descent sweep 2. norm of D = 1.046320e+01, change in D = 7.517374e+00.
  Coordinate descent sweep 3. norm of D = 1.080002e+01, change in D = 4.356741e+00.
  Coordinate descent sweep 4. norm of D = 1.117770e+01, change in D = 2.839420e+00.
    Line search step size chosen: 1.000000e+00.
  Objective value decreased by 2.983266e-02.
Newton iteration 12.
  Active set size = 136165.
  sub-gradient = 1.673609e+01, l1-norm of X = 1.409292e+03.
  Coordinate descent sweep 1. norm of D = 3.368156e+00, change in D = 3.368156e+00.
  Coordinate descent sweep 2. norm of D = 3.756684e+00, change in D = 2.227496e+00.
  Coordinate descent sweep 3. norm of D = 3.996212e+00, change in D = 1.412506e+00.
  Coordinate descent sweep 4. norm of D = 4.153798e+00, change in D = 1.000742e+00.
  Coordinate descent sweep 5. norm of D = 4.296456e+00, change in D = 7.644679e-01.
    Line search step size chosen: 1.000000e+00.
  Objective value decreased by 4.749624e-03.
Newton iteration 13.
  Active set size = 136250.
  sub-gradient = 6.261870e-01, l1-norm of X = 1.409475e+03.
  Coordinate descent sweep 1. norm of D = 6.561227e-01, change in D = 6.561227e-01.
  Coordinate descent sweep 2. norm of D = 7.805031e-01, change in D = 5.103301e-01.
  Coordinate descent sweep 3. norm of D = 8.630358e-01, change in D = 4.133504e-01.
  Coordinate descent sweep 4. norm of D = 9.005763e-01, change in D = 3.209863e-01.
  Coordinate descent sweep 5. norm of D = 9.400477e-01, change in D = 2.569017e-01.
    Line search step size chosen: 1.000000e+00.
  Objective value decreased by 5.598242e-04.
Newton iteration 14.
  Active set size = 136243.
  sub-gradient = 3.870891e-01, l1-norm of X = 1.409511e+03.
  Coordinate descent sweep 1. norm of D = 2.320992e-01, change in D = 2.320992e-01.
  Coordinate descent sweep 2. norm of D = 2.689156e-01, change in D = 1.876030e-01.
  Coordinate descent sweep 3. norm of D = 2.893094e-01, change in D = 1.504999e-01.
  Coordinate descent sweep 4. norm of D = 3.069365e-01, change in D = 1.242961e-01.
  Coordinate descent sweep 5. norm of D = 3.261890e-01, change in D = 1.088695e-01.
    Line search step size chosen: 1.000000e+00.
  Objective value decreased by 1.269327e-04.
Newton iteration 15.
  Active set size = 136241.
  sub-gradient = 9.822344e-02, l1-norm of X = 1.409523e+03.
  Coordinate descent sweep 1. norm of D = 9.244658e-02, change in D = 9.244658e-02.
  Coordinate descent sweep 2. norm of D = 1.118766e-01, change in D = 7.813163e-02.
  Coordinate descent sweep 3. norm of D = 1.231772e-01, change in D = 6.247367e-02.
  Coordinate descent sweep 4. norm of D = 1.292988e-01, change in D = 5.398013e-02.
  Coordinate descent sweep 5. norm of D = 1.361507e-01, change in D = 4.396277e-02.
  Coordinate descent sweep 6. norm of D = 1.402393e-01, change in D = 3.225617e-02.
    Line search step size chosen: 1.000000e+00.
  Objective value decreased by 3.870877e-05.
QUIC CPU time: 12736.035 seconds
