[1] "/data/abattle4/prashanthi/recount3/data/central_nervous_system/all/weighted_covariances/only_sra/cov_25.rds"
[1] "Data read complete"
Running QUIC version 1.1 in 'default' mode.
Newton iteration 1.
  X is a diagonal matrix.
    Line search step size 1.000000e+00.  Lack of positive definiteness.
    Line search step size 5.000000e-01.  Lack of positive definiteness.
    Line search step size 2.500000e-01.  Lack of positive definiteness.
    Line search step size 1.250000e-01.  Lack of positive definiteness.
    Line search step size 6.250000e-02.  Lack of positive definiteness.
    Line search step size chosen: 3.125000e-02.
  Objective value decreased by 4.521207e+01.
Newton iteration 2.
  Active set size = 130824.
  sub-gradient = 6.241757e+03, l1-norm of X = 9.824187e+01.
  Coordinate descent sweep 1. norm of D = 4.565889e+03, change in D = 4.565889e+03.
    Line search step size 1.000000e+00.  Lack of positive definiteness.
    Line search step size 5.000000e-01.  Lack of positive definiteness.
    Line search step size 2.500000e-01.  Lack of positive definiteness.
    Line search step size 1.250000e-01.  Lack of positive definiteness.
    Line search step size chosen: 6.250000e-02.
  Objective value decreased by 5.250168e+01.
Newton iteration 3.
  Active set size = 130824.
  sub-gradient = 5.386453e+03, l1-norm of X = 2.324885e+02.
  Coordinate descent sweep 1. norm of D = 3.194289e+03, change in D = 3.194289e+03.
  Coordinate descent sweep 2. norm of D = 2.911055e+03, change in D = 5.427820e+02.
    Line search step size 1.000000e+00.  Lack of positive definiteness.
    Line search step size 5.000000e-01.  Lack of positive definiteness.
    Line search step size chosen: 2.500000e-01.
  Objective value decreased by 9.221294e+01.
Newton iteration 4.
  Active set size = 131357.
  sub-gradient = 5.403560e+03, l1-norm of X = 5.448863e+02.
  Coordinate descent sweep 1. norm of D = 1.519839e+03, change in D = 1.519839e+03.
  Coordinate descent sweep 2. norm of D = 1.531719e+03, change in D = 3.577318e+02.
    Line search step size 1.000000e+00.  Lack of positive definiteness.
    Line search step size chosen: 5.000000e-01.
  Objective value decreased by 4.841557e+01.
Newton iteration 5.
  Active set size = 132663.
  sub-gradient = 5.805574e+03, l1-norm of X = 7.664673e+02.
  Coordinate descent sweep 1. norm of D = 7.241379e+02, change in D = 7.241379e+02.
  Coordinate descent sweep 2. norm of D = 8.088927e+02, change in D = 2.171786e+02.
    Line search step size chosen: 1.000000e+00.
  Objective value decreased by 2.140026e+01.
Newton iteration 6.
  Active set size = 73926.
  sub-gradient = 7.836701e+02, l1-norm of X = 9.205986e+02.
  Coordinate descent sweep 1. norm of D = 1.376434e+02, change in D = 1.376434e+02.
  Coordinate descent sweep 2. norm of D = 1.652507e+02, change in D = 7.280993e+01.
  Coordinate descent sweep 3. norm of D = 1.809853e+02, change in D = 3.982500e+01.
    Line search step size chosen: 1.000000e+00.
  Objective value decreased by 2.219012e+00.
Newton iteration 7.
  Active set size = 71094.
  sub-gradient = 2.015232e+02, l1-norm of X = 9.365572e+02.
  Coordinate descent sweep 1. norm of D = 3.193486e+01, change in D = 3.193486e+01.
  Coordinate descent sweep 2. norm of D = 3.808381e+01, change in D = 2.055464e+01.
  Coordinate descent sweep 3. norm of D = 4.235314e+01, change in D = 1.270218e+01.
    Line search step size chosen: 1.000000e+00.
  Objective value decreased by 2.744985e-01.
Newton iteration 8.
  Active set size = 70594.
  sub-gradient = 3.290561e+01, l1-norm of X = 9.398208e+02.
  Coordinate descent sweep 1. norm of D = 9.385442e+00, change in D = 9.385442e+00.
  Coordinate descent sweep 2. norm of D = 1.142554e+01, change in D = 6.279600e+00.
  Coordinate descent sweep 3. norm of D = 1.272781e+01, change in D = 4.084518e+00.
    Line search step size chosen: 1.000000e+00.
  Objective value decreased by 4.146054e-02.
Newton iteration 9.
  Active set size = 70584.
  sub-gradient = 3.551614e+00, l1-norm of X = 9.405072e+02.
  Coordinate descent sweep 1. norm of D = 3.091586e+00, change in D = 3.091586e+00.
  Coordinate descent sweep 2. norm of D = 3.807779e+00, change in D = 2.141295e+00.
  Coordinate descent sweep 3. norm of D = 4.278051e+00, change in D = 1.535634e+00.
  Coordinate descent sweep 4. norm of D = 4.604742e+00, change in D = 1.092971e+00.
    Line search step size chosen: 1.000000e+00.
  Objective value decreased by 9.414620e-03.
Newton iteration 10.
  Active set size = 70555.
  sub-gradient = 1.001253e+00, l1-norm of X = 9.407413e+02.
  Coordinate descent sweep 1. norm of D = 7.979367e-01, change in D = 7.979367e-01.
  Coordinate descent sweep 2. norm of D = 1.000201e+00, change in D = 6.003631e-01.
  Coordinate descent sweep 3. norm of D = 1.143045e+00, change in D = 4.641553e-01.
  Coordinate descent sweep 4. norm of D = 1.226786e+00, change in D = 3.425093e-01.
    Line search step size chosen: 1.000000e+00.
  Objective value decreased by 1.419425e-03.
Newton iteration 11.
  Active set size = 70550.
  sub-gradient = 2.786535e-01, l1-norm of X = 9.408043e+02.
  Coordinate descent sweep 1. norm of D = 2.729205e-01, change in D = 2.729205e-01.
  Coordinate descent sweep 2. norm of D = 3.394594e-01, change in D = 1.956795e-01.
  Coordinate descent sweep 3. norm of D = 3.796612e-01, change in D = 1.497277e-01.
  Coordinate descent sweep 4. norm of D = 4.114742e-01, change in D = 1.111116e-01.
    Line search step size chosen: 1.000000e+00.
  Objective value decreased by 3.806199e-04.
Newton iteration 12.
  Active set size = 70549.
  sub-gradient = 1.227610e-01, l1-norm of X = 9.408299e+02.
  Coordinate descent sweep 1. norm of D = 1.015163e-01, change in D = 1.015163e-01.
  Coordinate descent sweep 2. norm of D = 1.252067e-01, change in D = 7.468873e-02.
  Coordinate descent sweep 3. norm of D = 1.386345e-01, change in D = 5.865834e-02.
  Coordinate descent sweep 4. norm of D = 1.522620e-01, change in D = 4.659510e-02.
  Coordinate descent sweep 5. norm of D = 1.622047e-01, change in D = 3.981771e-02.
    Line search step size chosen: 1.000000e+00.
  Objective value decreased by 1.084552e-04.
Newton iteration 13.
  Active set size = 70548.
  sub-gradient = 3.184510e-02, l1-norm of X = 9.408412e+02.
  Coordinate descent sweep 1. norm of D = 3.098250e-02, change in D = 3.098250e-02.
  Coordinate descent sweep 2. norm of D = 3.916384e-02, change in D = 2.623622e-02.
  Coordinate descent sweep 3. norm of D = 4.655075e-02, change in D = 1.963108e-02.
  Coordinate descent sweep 4. norm of D = 4.973459e-02, change in D = 1.615285e-02.
  Coordinate descent sweep 5. norm of D = 5.566444e-02, change in D = 1.625330e-02.
    Line search step size chosen: 1.000000e+00.
  Objective value decreased by 2.228251e-05.
QUIC CPU time: 9562.930 seconds
