[1] "/data/abattle4/prashanthi/recount3/data/central_nervous_system/all/weighted_covariances/only_sra/cov_25.rds"
[1] "Data read complete"
Running QUIC version 1.1 in 'default' mode.
Newton iteration 1.
  X is a diagonal matrix.
    Line search step size 1.000000e+00.  Lack of positive definiteness.
    Line search step size 5.000000e-01.  Lack of positive definiteness.
    Line search step size 2.500000e-01.  Lack of positive definiteness.
    Line search step size 1.250000e-01.  Lack of positive definiteness.
    Line search step size chosen: 6.250000e-02.
  Objective value decreased by 3.061935e+01.
Newton iteration 2.
  Active set size = 47756.
  sub-gradient = 1.954510e+03, l1-norm of X = 8.507768e+01.
  Coordinate descent sweep 1. norm of D = 1.281600e+03, change in D = 1.281600e+03.
    Line search step size 1.000000e+00.  Lack of positive definiteness.
    Line search step size 5.000000e-01.  Lack of positive definiteness.
    Line search step size 2.500000e-01.  Lack of positive definiteness.
    Line search step size chosen: 1.250000e-01.
  Objective value decreased by 2.606457e+01.
Newton iteration 3.
  Active set size = 47756.
  sub-gradient = 1.494633e+03, l1-norm of X = 1.747596e+02.
  Coordinate descent sweep 1. norm of D = 8.634811e+02, change in D = 8.634811e+02.
  Coordinate descent sweep 2. norm of D = 8.196998e+02, change in D = 1.601972e+02.
    Line search step size 1.000000e+00.  Lack of positive definiteness.
    Line search step size chosen: 5.000000e-01.
  Objective value decreased by 3.749073e+01.
Newton iteration 4.
  Active set size = 47756.
  sub-gradient = 2.031438e+03, l1-norm of X = 3.659376e+02.
  Coordinate descent sweep 1. norm of D = 3.404306e+02, change in D = 3.404306e+02.
  Coordinate descent sweep 2. norm of D = 3.799540e+02, change in D = 9.158499e+01.
    Line search step size chosen: 1.000000e+00.
  Objective value decreased by 1.153100e+01.
Newton iteration 5.
  Active set size = 32017.
  sub-gradient = 2.058724e+02, l1-norm of X = 4.669027e+02.
  Coordinate descent sweep 1. norm of D = 6.333362e+01, change in D = 6.333362e+01.
  Coordinate descent sweep 2. norm of D = 7.659484e+01, change in D = 3.050150e+01.
    Line search step size chosen: 1.000000e+00.
  Objective value decreased by 9.011324e-01.
Newton iteration 6.
  Active set size = 31190.
  sub-gradient = 4.281545e+01, l1-norm of X = 4.749171e+02.
  Coordinate descent sweep 1. norm of D = 1.815118e+01, change in D = 1.815118e+01.
  Coordinate descent sweep 2. norm of D = 2.233984e+01, change in D = 1.031900e+01.
  Coordinate descent sweep 3. norm of D = 2.448213e+01, change in D = 5.729833e+00.
    Line search step size chosen: 1.000000e+00.
  Objective value decreased by 1.541246e-01.
Newton iteration 7.
  Active set size = 30987.
  sub-gradient = 5.489322e+00, l1-norm of X = 4.771815e+02.
  Coordinate descent sweep 1. norm of D = 3.765984e+00, change in D = 3.765984e+00.
  Coordinate descent sweep 2. norm of D = 4.778846e+00, change in D = 2.431819e+00.
  Coordinate descent sweep 3. norm of D = 5.304416e+00, change in D = 1.459835e+00.
    Line search step size chosen: 1.000000e+00.
  Objective value decreased by 1.363242e-02.
Newton iteration 8.
  Active set size = 30971.
  sub-gradient = 1.223926e+00, l1-norm of X = 4.776029e+02.
  Coordinate descent sweep 1. norm of D = 1.035355e+00, change in D = 1.035355e+00.
  Coordinate descent sweep 2. norm of D = 1.273974e+00, change in D = 6.741808e-01.
  Coordinate descent sweep 3. norm of D = 1.431784e+00, change in D = 4.349923e-01.
    Line search step size chosen: 1.000000e+00.
  Objective value decreased by 1.972647e-03.
Newton iteration 9.
  Active set size = 30960.
  sub-gradient = 3.261387e-01, l1-norm of X = 4.777094e+02.
  Coordinate descent sweep 1. norm of D = 2.905512e-01, change in D = 2.905512e-01.
  Coordinate descent sweep 2. norm of D = 3.740271e-01, change in D = 1.966750e-01.
  Coordinate descent sweep 3. norm of D = 4.237301e-01, change in D = 1.299687e-01.
  Coordinate descent sweep 4. norm of D = 4.548973e-01, change in D = 8.965011e-02.
    Line search step size chosen: 1.000000e+00.
  Objective value decreased by 3.380057e-04.
Newton iteration 10.
  Active set size = 30956.
  sub-gradient = 1.010376e-01, l1-norm of X = 4.777458e+02.
  Coordinate descent sweep 1. norm of D = 6.770690e-02, change in D = 6.770690e-02.
  Coordinate descent sweep 2. norm of D = 8.505908e-02, change in D = 4.437691e-02.
  Coordinate descent sweep 3. norm of D = 9.975840e-02, change in D = 3.508226e-02.
  Coordinate descent sweep 4. norm of D = 1.099214e-01, change in D = 2.379651e-02.
    Line search step size chosen: 1.000000e+00.
  Objective value decreased by 4.405398e-05.
Newton iteration 11.
  Active set size = 30956.
  sub-gradient = 1.791359e-02, l1-norm of X = 4.777540e+02.
  Coordinate descent sweep 1. norm of D = 1.796504e-02, change in D = 1.796504e-02.
  Coordinate descent sweep 2. norm of D = 2.236045e-02, change in D = 1.241689e-02.
  Coordinate descent sweep 3. norm of D = 2.651882e-02, change in D = 1.012575e-02.
  Coordinate descent sweep 4. norm of D = 2.922106e-02, change in D = 6.818962e-03.
    Line search step size chosen: 1.000000e+00.
  Objective value decreased by 7.372468e-06.
QUIC CPU time: 5926.942 seconds
