[1] "/data/abattle4/prashanthi/recount3/data/central_nervous_system/all/weighted_covariances/only_sra/cov_25.rds"
[1] "Data read complete"
Running QUIC version 1.1 in 'default' mode.
Newton iteration 1.
  X is a diagonal matrix.
    Line search step size 1.000000e+00.  Lack of positive definiteness.
    Line search step size 5.000000e-01.  Lack of positive definiteness.
    Line search step size chosen: 2.500000e-01.
  Objective value decreased by 7.255204e+00.
Newton iteration 2.
  Active set size = 12578.
  sub-gradient = 1.134743e+02, l1-norm of X = 4.138462e+01.
  Coordinate descent sweep 1. norm of D = 8.551261e+01, change in D = 8.551261e+01.
    Line search step size chosen: 1.000000e+00.
  Objective value decreased by 3.208946e+00.
Newton iteration 3.
  Active set size = 11905.
  sub-gradient = 1.808203e+02, l1-norm of X = 9.930401e+01.
  Coordinate descent sweep 1. norm of D = 2.609896e+01, change in D = 2.609896e+01.
  Coordinate descent sweep 2. norm of D = 2.474213e+01, change in D = 1.125200e+01.
    Line search step size chosen: 1.000000e+00.
  Objective value decreased by 1.247119e+00.
Newton iteration 4.
  Active set size = 11706.
  sub-gradient = 6.146653e+01, l1-norm of X = 9.538113e+01.
  Coordinate descent sweep 1. norm of D = 1.013864e+01, change in D = 1.013864e+01.
  Coordinate descent sweep 2. norm of D = 9.385658e+00, change in D = 5.603449e+00.
    Line search step size chosen: 1.000000e+00.
  Objective value decreased by 3.675589e-01.
Newton iteration 5.
  Active set size = 11642.
  sub-gradient = 1.762777e+01, l1-norm of X = 9.284512e+01.
  Coordinate descent sweep 1. norm of D = 4.021074e+00, change in D = 4.021074e+00.
  Coordinate descent sweep 2. norm of D = 3.686396e+00, change in D = 2.465783e+00.
    Line search step size chosen: 1.000000e+00.
  Objective value decreased by 8.298018e-02.
Newton iteration 6.
  Active set size = 11613.
  sub-gradient = 3.877352e+00, l1-norm of X = 9.176026e+01.
  Coordinate descent sweep 1. norm of D = 1.425701e+00, change in D = 1.425701e+00.
  Coordinate descent sweep 2. norm of D = 1.424484e+00, change in D = 7.348603e-01.
  Coordinate descent sweep 3. norm of D = 1.475831e+00, change in D = 3.080362e-01.
    Line search step size chosen: 1.000000e+00.
  Objective value decreased by 1.164994e-02.
Newton iteration 7.
  Active set size = 11608.
  sub-gradient = 3.333897e-01, l1-norm of X = 9.143654e+01.
  Coordinate descent sweep 1. norm of D = 1.693407e-01, change in D = 1.693407e-01.
  Coordinate descent sweep 2. norm of D = 1.815028e-01, change in D = 9.119349e-02.
  Coordinate descent sweep 3. norm of D = 1.918336e-01, change in D = 3.864039e-02.
    Line search step size chosen: 1.000000e+00.
  Objective value decreased by 1.974382e-04.
Newton iteration 8.
  Active set size = 11608.
  sub-gradient = 1.578102e-02, l1-norm of X = 9.142036e+01.
  Coordinate descent sweep 1. norm of D = 1.588170e-02, change in D = 1.588170e-02.
  Coordinate descent sweep 2. norm of D = 1.896998e-02, change in D = 7.579137e-03.
  Coordinate descent sweep 3. norm of D = 2.068652e-02, change in D = 3.946227e-03.
    Line search step size chosen: 1.000000e+00.
  Objective value decreased by 2.901694e-06.
Newton iteration 9.
  Active set size = 11608.
  sub-gradient = 1.937615e-03, l1-norm of X = 9.142252e+01.
  Coordinate descent sweep 1. norm of D = 1.983701e-03, change in D = 1.983701e-03.
  Coordinate descent sweep 2. norm of D = 2.381113e-03, change in D = 1.011690e-03.
  Coordinate descent sweep 3. norm of D = 2.625940e-03, change in D = 4.790418e-04.
  Coordinate descent sweep 4. norm of D = 2.759928e-03, change in D = 2.549603e-04.
    Line search step size chosen: 1.000000e+00.
  Objective value decreased by 7.649032e-08.
QUIC CPU time: 4378.015 seconds
