[1] "/data/abattle4/prashanthi/recount3/data/central_nervous_system/all/weighted_covariances/only_sra/cov_25.rds"
[1] "Data read complete"
Running QUIC version 1.1 in 'default' mode.
Newton iteration 1.
  X is a diagonal matrix.
    Line search step size 1.000000e+00.  Lack of positive definiteness.
    Line search step size 5.000000e-01.  Lack of positive definiteness.
    Line search step size chosen: 2.500000e-01.
  Objective value decreased by 4.961363e+00.
Newton iteration 2.
  Active set size = 11451.
  sub-gradient = 7.818421e+01, l1-norm of X = 2.916755e+01.
  Coordinate descent sweep 1. norm of D = 6.435286e+01, change in D = 6.435286e+01.
    Line search step size chosen: 1.000000e+00.
  Objective value decreased by 2.622621e+00.
Newton iteration 3.
  Active set size = 11081.
  sub-gradient = 1.061918e+02, l1-norm of X = 7.794620e+01.
  Coordinate descent sweep 1. norm of D = 2.011103e+01, change in D = 2.011103e+01.
  Coordinate descent sweep 2. norm of D = 1.770498e+01, change in D = 8.800183e+00.
    Line search step size chosen: 1.000000e+00.
  Objective value decreased by 8.243940e-01.
Newton iteration 4.
  Active set size = 10936.
  sub-gradient = 2.969838e+01, l1-norm of X = 7.340230e+01.
  Coordinate descent sweep 1. norm of D = 7.389675e+00, change in D = 7.389675e+00.
  Coordinate descent sweep 2. norm of D = 6.502116e+00, change in D = 4.055898e+00.
    Line search step size chosen: 1.000000e+00.
  Objective value decreased by 1.662630e-01.
Newton iteration 5.
  Active set size = 10884.
  sub-gradient = 6.125776e+00, l1-norm of X = 7.088413e+01.
  Coordinate descent sweep 1. norm of D = 2.393081e+00, change in D = 2.393081e+00.
  Coordinate descent sweep 2. norm of D = 2.345699e+00, change in D = 1.213147e+00.
    Line search step size chosen: 1.000000e+00.
  Objective value decreased by 2.173325e-02.
Newton iteration 6.
  Active set size = 10882.
  sub-gradient = 8.602282e-01, l1-norm of X = 7.019727e+01.
  Coordinate descent sweep 1. norm of D = 5.277777e-01, change in D = 5.277777e-01.
  Coordinate descent sweep 2. norm of D = 5.406526e-01, change in D = 2.361679e-01.
  Coordinate descent sweep 3. norm of D = 5.692382e-01, change in D = 8.018206e-02.
    Line search step size chosen: 1.000000e+00.
  Objective value decreased by 1.256653e-03.
Newton iteration 7.
  Active set size = 10883.
  sub-gradient = 5.031451e-02, l1-norm of X = 7.011415e+01.
  Coordinate descent sweep 1. norm of D = 3.940392e-02, change in D = 3.940392e-02.
  Coordinate descent sweep 2. norm of D = 4.391061e-02, change in D = 1.671592e-02.
  Coordinate descent sweep 3. norm of D = 4.797773e-02, change in D = 7.956974e-03.
    Line search step size chosen: 1.000000e+00.
  Objective value decreased by 2.141920e-05.
Newton iteration 8.
  Active set size = 10883.
  sub-gradient = 3.199047e-03, l1-norm of X = 7.011371e+01.
  Coordinate descent sweep 1. norm of D = 3.268680e-03, change in D = 3.268680e-03.
  Coordinate descent sweep 2. norm of D = 4.241596e-03, change in D = 1.619061e-03.
  Coordinate descent sweep 3. norm of D = 4.702179e-03, change in D = 6.575443e-04.
    Line search step size chosen: 1.000000e+00.
  Objective value decreased by 3.059104e-07.
QUIC CPU time: 3806.430 seconds
