[1] "/data/abattle4/prashanthi/recount3/data/central_nervous_system/all/weighted_covariances/only_sra/cov_25.rds"
[1] "Data read complete"
Running QUIC version 1.1 in 'default' mode.
Newton iteration 1.
  X is a diagonal matrix.
    Line search step size chosen: 1.000000e+00.
  Objective value decreased by 1.092935e-03.
Newton iteration 2.
  Active set size = 8911.
  sub-gradient = 2.225662e-03, l1-norm of X = 5.687802e-02.
  Coordinate descent sweep 1. norm of D = 2.219524e-03, change in D = 2.219524e-03.
    Line search step size chosen: 1.000000e+00.
  Objective value decreased by 1.196679e-06.
Newton iteration 3.
  Active set size = 8911.
  sub-gradient = 6.005583e-06, l1-norm of X = 5.694001e-02.
  Coordinate descent sweep 1. norm of D = 5.997671e-06, change in D = 5.997671e-06.
  Coordinate descent sweep 2. norm of D = 6.124591e-06, change in D = 2.059208e-07.
    Line search step size chosen: 1.000000e+00.
  Objective value decreased by 7.275958e-12.
Newton iteration 4.
  Active set size = 8911.
  sub-gradient = 1.332722e-08, l1-norm of X = 5.694028e-02.
  Coordinate descent sweep 1. norm of D = 1.375951e-08, change in D = 1.375951e-08.
  Coordinate descent sweep 2. norm of D = 1.383904e-08, change in D = 9.660781e-11.
    Line search step size chosen: 1.000000e+00.
  Objective value decreased by 0.000000e+00.
QUIC CPU time: 1894.658 seconds
