[1] "/data/abattle4/prashanthi/recount3/data/blood/all/weighted_covariances/cov_10.rds"
[1] "Data read complete"
Running QUIC version 1.1 in 'default' mode.
Newton iteration 1.
  X is a diagonal matrix.
    Line search step size 1.000000e+00.  Lack of positive definiteness.
    Line search step size 5.000000e-01.  Lack of positive definiteness.
    Line search step size 2.500000e-01.  Lack of positive definiteness.
    Line search step size 1.250000e-01.  Lack of positive definiteness.
    Line search step size 6.250000e-02.  Lack of positive definiteness.
    Line search step size 3.125000e-02.  Lack of positive definiteness.
    Line search step size 1.562500e-02.  Lack of positive definiteness.
    Line search step size chosen: 7.812500e-03.
  Objective value decreased by 7.478710e+02.
Newton iteration 2.
  Active set size = 9688058.
  sub-gradient = 5.090716e+05, l1-norm of X = 8.051212e+02.
  Coordinate descent sweep 1. norm of D = 3.106693e+05, change in D = 3.106693e+05.
    Line search step size 1.000000e+00.  Lack of positive definiteness.
    Line search step size 5.000000e-01.  Lack of positive definiteness.
    Line search step size 2.500000e-01.  Lack of positive definiteness.
    Line search step size 1.250000e-01.  Lack of positive definiteness.
    Line search step size 6.250000e-02.  Lack of positive definiteness.
    Line search step size 3.125000e-02.  Lack of positive definiteness.
    Line search step size 1.562500e-02.  Lack of positive definiteness.
    Line search step size chosen: 7.812500e-03.
  Objective value decreased by 4.733787e+02.
Newton iteration 3.
  Active set size = 9694041.
  sub-gradient = 4.996580e+05, l1-norm of X = 1.287861e+03.
  Coordinate descent sweep 1. norm of D = 1.929127e+05, change in D = 1.929127e+05.
  Coordinate descent sweep 2. norm of D = 1.469799e+05, change in D = 7.067413e+04.
    Line search step size 1.000000e+00.  Lack of positive definiteness.
    Line search step size 5.000000e-01.  Lack of positive definiteness.
    Line search step size 2.500000e-01.  Lack of positive definiteness.
    Line search step size 1.250000e-01.  Lack of positive definiteness.
    Line search step size 6.250000e-02.  Lack of positive definiteness.
    Line search step size chosen: 3.125000e-02.
  Objective value decreased by 8.939713e+02.
Newton iteration 4.
  Active set size = 10489230.
  sub-gradient = 3.939257e+05, l1-norm of X = 2.171797e+03.
  Coordinate descent sweep 1. norm of D = 7.226482e+04, change in D = 7.226482e+04.
  Coordinate descent sweep 2. norm of D = 6.094601e+04, change in D = 3.027336e+04.
    Line search step size 1.000000e+00.  Lack of positive definiteness.
    Line search step size 5.000000e-01.  Lack of positive definiteness.
    Line search step size 2.500000e-01.  Lack of positive definiteness.
    Line search step size 1.250000e-01.  Lack of positive definiteness.
    Line search step size chosen: 6.250000e-02.
  Objective value decreased by 5.463308e+02.
Newton iteration 5.
  Active set size = 10253694.
  sub-gradient = 3.455786e+05, l1-norm of X = 2.774970e+03.
  Coordinate descent sweep 1. norm of D = 3.948553e+04, change in D = 3.948553e+04.
  Coordinate descent sweep 2. norm of D = 3.691697e+04, change in D = 1.574599e+04.
    Line search step size 1.000000e+00.  Lack of positive definiteness.
    Line search step size 5.000000e-01.  Lack of positive definiteness.
    Line search step size 2.500000e-01.  Lack of positive definiteness.
    Line search step size chosen: 1.250000e-01.
  Objective value decreased by 5.104438e+02.
Newton iteration 6.
  Active set size = 10025889.
  sub-gradient = 2.953666e+05, l1-norm of X = 3.296224e+03.
  Coordinate descent sweep 1. norm of D = 2.550578e+04, change in D = 2.550578e+04.
  Coordinate descent sweep 2. norm of D = 2.685171e+04, change in D = 1.067516e+04.
  Coordinate descent sweep 3. norm of D = 2.793916e+04, change in D = 4.448979e+03.
    Line search step size 1.000000e+00.  Lack of positive definiteness.
    Line search step size 5.000000e-01.  Lack of positive definiteness.
    Line search step size chosen: 2.500000e-01.
  Objective value decreased by 6.045548e+02.
Newton iteration 7.
  Active set size = 9909904.
  sub-gradient = 2.927884e+05, l1-norm of X = 3.830093e+03.
  Coordinate descent sweep 1. norm of D = 1.728693e+04, change in D = 1.728693e+04.
  Coordinate descent sweep 2. norm of D = 2.001345e+04, change in D = 8.825999e+03.
  Coordinate descent sweep 3. norm of D = 2.158498e+04, change in D = 5.088300e+03.
    Line search step size 1.000000e+00.  Lack of positive definiteness.
    Line search step size chosen: 5.000000e-01.
  Objective value decreased by 6.951963e+02.
Newton iteration 8.
  Active set size = 9895936.
  sub-gradient = 3.897585e+05, l1-norm of X = 4.452727e+03.
  Coordinate descent sweep 1. norm of D = 1.037103e+04, change in D = 1.037103e+04.
  Coordinate descent sweep 2. norm of D = 1.286426e+04, change in D = 6.553817e+03.
  Coordinate descent sweep 3. norm of D = 1.445041e+04, change in D = 4.685932e+03.
    Line search step size chosen: 1.000000e+00.
  Objective value decreased by 5.884985e+02.
Newton iteration 9.
  Active set size = 1211942.
  sub-gradient = 1.944707e+04, l1-norm of X = 5.280430e+03.
  Coordinate descent sweep 1. norm of D = 4.099282e+03, change in D = 4.099282e+03.
  Coordinate descent sweep 2. norm of D = 5.578242e+03, change in D = 3.400340e+03.
  Coordinate descent sweep 3. norm of D = 6.647043e+03, change in D = 2.712733e+03.
  Coordinate descent sweep 4. norm of D = 7.482270e+03, change in D = 2.140887e+03.
    Line search step size chosen: 1.000000e+00.
  Objective value decreased by 1.392082e+02.
Newton iteration 10.
  Active set size = 1034920.
  sub-gradient = 1.111625e+04, l1-norm of X = 5.858853e+03.
  Coordinate descent sweep 1. norm of D = 2.117817e+03, change in D = 2.117817e+03.
  Coordinate descent sweep 2. norm of D = 2.951518e+03, change in D = 1.782761e+03.
  Coordinate descent sweep 3. norm of D = 3.575001e+03, change in D = 1.454458e+03.
  Coordinate descent sweep 4. norm of D = 4.069110e+03, change in D = 1.179455e+03.
    Line search step size chosen: 1.000000e+00.
  Objective value decreased by 3.501161e+01.
Newton iteration 11.
  Active set size = 952989.
  sub-gradient = 3.662425e+03, l1-norm of X = 6.159104e+03.
  Coordinate descent sweep 1. norm of D = 1.095916e+03, change in D = 1.095916e+03.
  Coordinate descent sweep 2. norm of D = 1.536433e+03, change in D = 9.162770e+02.
  Coordinate descent sweep 3. norm of D = 1.867811e+03, change in D = 7.511105e+02.
  Coordinate descent sweep 4. norm of D = 2.132969e+03, change in D = 6.139275e+02.
    Line search step size chosen: 1.000000e+00.
  Objective value decreased by 8.699413e+00.
Newton iteration 12.
  Active set size = 919413.
  sub-gradient = 1.068753e+03, l1-norm of X = 6.309870e+03.
  Coordinate descent sweep 1. norm of D = 5.370852e+02, change in D = 5.370852e+02.
  Coordinate descent sweep 2. norm of D = 7.520516e+02, change in D = 4.462669e+02.
  Coordinate descent sweep 3. norm of D = 9.147553e+02, change in D = 3.679822e+02.
  Coordinate descent sweep 4. norm of D = 1.044483e+03, change in D = 3.030142e+02.
  Coordinate descent sweep 5. norm of D = 1.149601e+03, change in D = 2.490917e+02.
    Line search step size chosen: 1.000000e+00.
  Objective value decreased by 2.243309e+00.
Newton iteration 13.
  Active set size = 906109.
  sub-gradient = 2.888101e+02, l1-norm of X = 6.390637e+03.
  Coordinate descent sweep 1. norm of D = 2.158889e+02, change in D = 2.158889e+02.
  Coordinate descent sweep 2. norm of D = 3.009081e+02, change in D = 1.803412e+02.
  Coordinate descent sweep 3. norm of D = 3.647424e+02, change in D = 1.496464e+02.
  Coordinate descent sweep 4. norm of D = 4.160806e+02, change in D = 1.251546e+02.
  Coordinate descent sweep 5. norm of D = 4.576464e+02, change in D = 1.038348e+02.
    Line search step size chosen: 1.000000e+00.
  Objective value decreased by 3.909054e-01.
Newton iteration 14.
  Active set size = 901922.
  sub-gradient = 1.063129e+02, l1-norm of X = 6.421095e+03.
  Coordinate descent sweep 1. norm of D = 8.911247e+01, change in D = 8.911247e+01.
  Coordinate descent sweep 2. norm of D = 1.225385e+02, change in D = 7.520475e+01.
  Coordinate descent sweep 3. norm of D = 1.476018e+02, change in D = 6.358709e+01.
  Coordinate descent sweep 4. norm of D = 1.673621e+02, change in D = 5.364690e+01.
  Coordinate descent sweep 5. norm of D = 1.836253e+02, change in D = 4.558652e+01.
    Line search step size chosen: 1.000000e+00.
  Objective value decreased by 7.758875e-02.
Newton iteration 15.
  Active set size = 899620.
  sub-gradient = 4.119394e+01, l1-norm of X = 6.432524e+03.
  Coordinate descent sweep 1. norm of D = 3.932787e+01, change in D = 3.932787e+01.
  Coordinate descent sweep 2. norm of D = 5.328962e+01, change in D = 3.377047e+01.
  Coordinate descent sweep 3. norm of D = 6.337627e+01, change in D = 2.908608e+01.
  Coordinate descent sweep 4. norm of D = 7.122412e+01, change in D = 2.516951e+01.
  Coordinate descent sweep 5. norm of D = 7.769767e+01, change in D = 2.192929e+01.
  Coordinate descent sweep 6. norm of D = 8.305973e+01, change in D = 1.907544e+01.
    Line search step size chosen: 1.000000e+00.
  Objective value decreased by 2.104476e-02.
Newton iteration 16.
  Active set size = 898687.
  sub-gradient = 1.771499e+01, l1-norm of X = 6.437395e+03.
  Coordinate descent sweep 1. norm of D = 1.676433e+01, change in D = 1.676433e+01.
  Coordinate descent sweep 2. norm of D = 2.221953e+01, change in D = 1.474860e+01.
  Coordinate descent sweep 3. norm of D = 2.591352e+01, change in D = 1.306866e+01.
  Coordinate descent sweep 4. norm of D = 2.872612e+01, change in D = 1.159495e+01.
  Coordinate descent sweep 5. norm of D = 3.099692e+01, change in D = 1.035328e+01.
  Coordinate descent sweep 6. norm of D = 3.286383e+01, change in D = 9.338647e+00.
    Line search step size chosen: 1.000000e+00.
  Objective value decreased by 5.330401e-03.
Newton iteration 17.
  Active set size = 898333.
  sub-gradient = 8.743289e+00, l1-norm of X = 6.438995e+03.
  Coordinate descent sweep 1. norm of D = 8.271449e+00, change in D = 8.271449e+00.
  Coordinate descent sweep 2. norm of D = 1.080758e+01, change in D = 7.557695e+00.
  Coordinate descent sweep 3. norm of D = 1.227143e+01, change in D = 6.623753e+00.
  Coordinate descent sweep 4. norm of D = 1.340840e+01, change in D = 6.065835e+00.
  Coordinate descent sweep 5. norm of D = 1.427200e+01, change in D = 5.521967e+00.
  Coordinate descent sweep 6. norm of D = 1.500062e+01, change in D = 5.047701e+00.
    Line search step size chosen: 1.000000e+00.
  Objective value decreased by 1.701318e-03.
Newton iteration 18.
  Active set size = 898169.
  sub-gradient = 4.144244e+00, l1-norm of X = 6.439548e+03.
  Coordinate descent sweep 1. norm of D = 4.659113e+00, change in D = 4.659113e+00.
  Coordinate descent sweep 2. norm of D = 5.949035e+00, change in D = 4.250096e+00.
  Coordinate descent sweep 3. norm of D = 6.679915e+00, change in D = 3.881696e+00.
  Coordinate descent sweep 4. norm of D = 7.200706e+00, change in D = 3.575527e+00.
  Coordinate descent sweep 5. norm of D = 7.497731e+00, change in D = 3.191822e+00.
  Coordinate descent sweep 6. norm of D = 7.863579e+00, change in D = 3.102441e+00.
  Coordinate descent sweep 7. norm of D = 8.101156e+00, change in D = 2.856137e+00.
    Line search step size chosen: 1.000000e+00.
  Objective value decreased by 7.007924e-04.
Newton iteration 19.
  Active set size = 898110.
  sub-gradient = 2.510345e+00, l1-norm of X = 6.439771e+03.
  Coordinate descent sweep 1. norm of D = 2.643587e+00, change in D = 2.643587e+00.
  Coordinate descent sweep 2. norm of D = 3.318397e+00, change in D = 2.404989e+00.
  Coordinate descent sweep 3. norm of D = 3.713403e+00, change in D = 2.256961e+00.
  Coordinate descent sweep 4. norm of D = 3.923191e+00, change in D = 2.019589e+00.
  Coordinate descent sweep 5. norm of D = 4.085515e+00, change in D = 1.887052e+00.
  Coordinate descent sweep 6. norm of D = 4.214130e+00, change in D = 1.746613e+00.
  Coordinate descent sweep 7. norm of D = 4.313791e+00, change in D = 1.631680e+00.
    Line search step size chosen: 1.000000e+00.
  Objective value decreased by 2.432697e-04.
Newton iteration 20.
  Active set size = 898074.
  sub-gradient = 1.645225e+00, l1-norm of X = 6.439847e+03.
  Coordinate descent sweep 1. norm of D = 1.528200e+00, change in D = 1.528200e+00.
  Coordinate descent sweep 2. norm of D = 1.896046e+00, change in D = 1.385598e+00.
  Coordinate descent sweep 3. norm of D = 2.118237e+00, change in D = 1.307388e+00.
  Coordinate descent sweep 4. norm of D = 2.245116e+00, change in D = 1.208748e+00.
  Coordinate descent sweep 5. norm of D = 2.329330e+00, change in D = 1.149994e+00.
  Coordinate descent sweep 6. norm of D = 2.387309e+00, change in D = 1.056557e+00.
  Coordinate descent sweep 7. norm of D = 2.441105e+00, change in D = 9.960897e-01.
    Line search step size chosen: 1.000000e+00.
  Objective value decreased by 9.357144e-05.
Newton iteration 21.
  Active set size = 898050.
  sub-gradient = 8.147996e-01, l1-norm of X = 6.439877e+03.
  Coordinate descent sweep 1. norm of D = 9.380451e-01, change in D = 9.380451e-01.
  Coordinate descent sweep 2. norm of D = 1.167199e+00, change in D = 8.552394e-01.
  Coordinate descent sweep 3. norm of D = 1.308841e+00, change in D = 8.242941e-01.
  Coordinate descent sweep 4. norm of D = 1.370501e+00, change in D = 7.463659e-01.
  Coordinate descent sweep 5. norm of D = 1.416617e+00, change in D = 6.942509e-01.
  Coordinate descent sweep 6. norm of D = 1.447534e+00, change in D = 6.567253e-01.
  Coordinate descent sweep 7. norm of D = 1.479641e+00, change in D = 6.347255e-01.
  Coordinate descent sweep 8. norm of D = 1.505668e+00, change in D = 5.922343e-01.
    Line search step size chosen: 1.000000e+00.
  Objective value decreased by 4.074368e-05.
Newton iteration 22.
  Active set size = 898040.
  sub-gradient = 4.404704e-01, l1-norm of X = 6.439891e+03.
  Coordinate descent sweep 1. norm of D = 5.199390e-01, change in D = 5.199390e-01.
  Coordinate descent sweep 2. norm of D = 6.878655e-01, change in D = 5.177820e-01.
  Coordinate descent sweep 3. norm of D = 7.687021e-01, change in D = 4.891454e-01.
  Coordinate descent sweep 4. norm of D = 8.081395e-01, change in D = 4.506482e-01.
  Coordinate descent sweep 5. norm of D = 8.360756e-01, change in D = 4.264762e-01.
  Coordinate descent sweep 6. norm of D = 8.442271e-01, change in D = 3.828717e-01.
  Coordinate descent sweep 7. norm of D = 8.587118e-01, change in D = 3.678587e-01.
  Coordinate descent sweep 8. norm of D = 8.715557e-01, change in D = 3.521975e-01.
    Line search step size chosen: 1.000000e+00.
  Objective value decreased by 1.479575e-05.
QUIC CPU time: 41454.536 seconds
