[1] "/data/abattle4/prashanthi/recount3/data/blood/all/weighted_covariances/cov_10.rds"
[1] "Data read complete"
Running QUIC version 1.1 in 'default' mode.
Newton iteration 1.
  X is a diagonal matrix.
    Line search step size 1.000000e+00.  Lack of positive definiteness.
    Line search step size 5.000000e-01.  Lack of positive definiteness.
    Line search step size 2.500000e-01.  Lack of positive definiteness.
    Line search step size 1.250000e-01.  Lack of positive definiteness.
    Line search step size 6.250000e-02.  Lack of positive definiteness.
    Line search step size 3.125000e-02.  Lack of positive definiteness.
    Line search step size chosen: 1.562500e-02.
  Objective value decreased by 9.562073e+02.
Newton iteration 2.
  Active set size = 7088328.
  sub-gradient = 3.260968e+05, l1-norm of X = 1.309331e+03.
  Coordinate descent sweep 1. norm of D = 1.413289e+05, change in D = 1.413289e+05.
    Line search step size 1.000000e+00.  Lack of positive definiteness.
    Line search step size 5.000000e-01.  Lack of positive definiteness.
    Line search step size 2.500000e-01.  Lack of positive definiteness.
    Line search step size 1.250000e-01.  Lack of positive definiteness.
    Line search step size 6.250000e-02.  Lack of positive definiteness.
    Line search step size 3.125000e-02.  Lack of positive definiteness.
    Line search step size chosen: 1.562500e-02.
  Objective value decreased by 3.754729e+02.
Newton iteration 3.
  Active set size = 7083768.
  sub-gradient = 3.128576e+05, l1-norm of X = 1.821258e+03.
  Coordinate descent sweep 1. norm of D = 8.918123e+04, change in D = 8.918123e+04.
  Coordinate descent sweep 2. norm of D = 7.103877e+04, change in D = 3.141081e+04.
    Line search step size 1.000000e+00.  Lack of positive definiteness.
    Line search step size 5.000000e-01.  Lack of positive definiteness.
    Line search step size 2.500000e-01.  Lack of positive definiteness.
    Line search step size 1.250000e-01.  Lack of positive definiteness.
    Line search step size 6.250000e-02.  Lack of positive definiteness.
    Line search step size chosen: 3.125000e-02.
  Objective value decreased by 3.716395e+02.
Newton iteration 4.
  Active set size = 7087075.
  sub-gradient = 2.909742e+05, l1-norm of X = 2.292219e+03.
  Coordinate descent sweep 1. norm of D = 5.667344e+04, change in D = 5.667344e+04.
  Coordinate descent sweep 2. norm of D = 4.713341e+04, change in D = 2.151090e+04.
    Line search step size 1.000000e+00.  Lack of positive definiteness.
    Line search step size 5.000000e-01.  Lack of positive definiteness.
    Line search step size 2.500000e-01.  Lack of positive definiteness.
    Line search step size 1.250000e-01.  Lack of positive definiteness.
    Line search step size chosen: 6.250000e-02.
  Objective value decreased by 4.327110e+02.
Newton iteration 5.
  Active set size = 7102171.
  sub-gradient = 2.392216e+05, l1-norm of X = 2.839475e+03.
  Coordinate descent sweep 1. norm of D = 3.359407e+04, change in D = 3.359407e+04.
  Coordinate descent sweep 2. norm of D = 3.106938e+04, change in D = 1.113300e+04.
    Line search step size 1.000000e+00.  Lack of positive definiteness.
    Line search step size 5.000000e-01.  Lack of positive definiteness.
    Line search step size 2.500000e-01.  Lack of positive definiteness.
    Line search step size chosen: 1.250000e-01.
  Objective value decreased by 4.298324e+02.
Newton iteration 6.
  Active set size = 7113804.
  sub-gradient = 1.879855e+05, l1-norm of X = 3.371856e+03.
  Coordinate descent sweep 1. norm of D = 2.214358e+04, change in D = 2.214358e+04.
  Coordinate descent sweep 2. norm of D = 2.296441e+04, change in D = 7.727931e+03.
  Coordinate descent sweep 3. norm of D = 2.371404e+04, change in D = 2.790715e+03.
    Line search step size 1.000000e+00.  Lack of positive definiteness.
    Line search step size 5.000000e-01.  Lack of positive definiteness.
    Line search step size chosen: 2.500000e-01.
  Objective value decreased by 4.936661e+02.
Newton iteration 7.
  Active set size = 7117910.
  sub-gradient = 2.001755e+05, l1-norm of X = 3.942264e+03.
  Coordinate descent sweep 1. norm of D = 1.460472e+04, change in D = 1.460472e+04.
  Coordinate descent sweep 2. norm of D = 1.678156e+04, change in D = 6.511904e+03.
  Coordinate descent sweep 3. norm of D = 1.791660e+04, change in D = 3.446739e+03.
    Line search step size 1.000000e+00.  Lack of positive definiteness.
    Line search step size chosen: 5.000000e-01.
  Objective value decreased by 5.415434e+02.
Newton iteration 8.
  Active set size = 7122307.
  sub-gradient = 2.889727e+05, l1-norm of X = 4.572320e+03.
  Coordinate descent sweep 1. norm of D = 8.352182e+03, change in D = 8.352182e+03.
  Coordinate descent sweep 2. norm of D = 1.029237e+04, change in D = 4.791799e+03.
  Coordinate descent sweep 3. norm of D = 1.146076e+04, change in D = 3.207596e+03.
    Line search step size chosen: 1.000000e+00.
  Objective value decreased by 4.258160e+02.
Newton iteration 9.
  Active set size = 922548.
  sub-gradient = 1.069585e+04, l1-norm of X = 5.345217e+03.
  Coordinate descent sweep 1. norm of D = 2.788192e+03, change in D = 2.788192e+03.
  Coordinate descent sweep 2. norm of D = 3.736439e+03, change in D = 2.207763e+03.
  Coordinate descent sweep 3. norm of D = 4.404353e+03, change in D = 1.654110e+03.
  Coordinate descent sweep 4. norm of D = 4.892261e+03, change in D = 1.218478e+03.
    Line search step size chosen: 1.000000e+00.
  Objective value decreased by 6.605950e+01.
Newton iteration 10.
  Active set size = 822802.
  sub-gradient = 5.178456e+03, l1-norm of X = 5.784671e+03.
  Coordinate descent sweep 1. norm of D = 1.137622e+03, change in D = 1.137622e+03.
  Coordinate descent sweep 2. norm of D = 1.550120e+03, change in D = 9.044211e+02.
  Coordinate descent sweep 3. norm of D = 1.842087e+03, change in D = 6.923763e+02.
  Coordinate descent sweep 4. norm of D = 2.062073e+03, change in D = 5.281823e+02.
    Line search step size chosen: 1.000000e+00.
  Objective value decreased by 1.033864e+01.
Newton iteration 11.
  Active set size = 781557.
  sub-gradient = 1.205727e+03, l1-norm of X = 5.957509e+03.
  Coordinate descent sweep 1. norm of D = 4.462738e+02, change in D = 4.462738e+02.
  Coordinate descent sweep 2. norm of D = 6.056807e+02, change in D = 3.503033e+02.
  Coordinate descent sweep 3. norm of D = 7.184218e+02, change in D = 2.705955e+02.
  Coordinate descent sweep 4. norm of D = 8.023867e+02, change in D = 2.093471e+02.
    Line search step size chosen: 1.000000e+00.
  Objective value decreased by 1.579257e+00.
Newton iteration 12.
  Active set size = 770568.
  sub-gradient = 2.420210e+02, l1-norm of X = 6.020143e+03.
  Coordinate descent sweep 1. norm of D = 1.697045e+02, change in D = 1.697045e+02.
  Coordinate descent sweep 2. norm of D = 2.277270e+02, change in D = 1.341306e+02.
  Coordinate descent sweep 3. norm of D = 2.679730e+02, change in D = 1.050086e+02.
  Coordinate descent sweep 4. norm of D = 2.981635e+02, change in D = 8.338861e+01.
  Coordinate descent sweep 5. norm of D = 3.209636e+02, change in D = 6.610583e+01.
    Line search step size chosen: 1.000000e+00.
  Objective value decreased by 2.825328e-01.
Newton iteration 13.
  Active set size = 767143.
  sub-gradient = 6.362749e+01, l1-norm of X = 6.044152e+03.
  Coordinate descent sweep 1. norm of D = 5.430753e+01, change in D = 5.430753e+01.
  Coordinate descent sweep 2. norm of D = 7.119382e+01, change in D = 4.455362e+01.
  Coordinate descent sweep 3. norm of D = 8.238340e+01, change in D = 3.629576e+01.
  Coordinate descent sweep 4. norm of D = 9.071702e+01, change in D = 2.993631e+01.
  Coordinate descent sweep 5. norm of D = 9.702969e+01, change in D = 2.497003e+01.
    Line search step size chosen: 1.000000e+00.
  Objective value decreased by 4.227434e-02.
Newton iteration 14.
  Active set size = 766029.
  sub-gradient = 2.078874e+01, l1-norm of X = 6.050450e+03.
  Coordinate descent sweep 1. norm of D = 2.113099e+01, change in D = 2.113099e+01.
  Coordinate descent sweep 2. norm of D = 2.672228e+01, change in D = 1.768573e+01.
  Coordinate descent sweep 3. norm of D = 3.032457e+01, change in D = 1.516979e+01.
  Coordinate descent sweep 4. norm of D = 3.285697e+01, change in D = 1.293715e+01.
  Coordinate descent sweep 5. norm of D = 3.476331e+01, change in D = 1.130464e+01.
    Line search step size chosen: 1.000000e+00.
  Objective value decreased by 9.590459e-03.
Newton iteration 15.
  Active set size = 765727.
  sub-gradient = 1.005885e+01, l1-norm of X = 6.052204e+03.
  Coordinate descent sweep 1. norm of D = 9.860402e+00, change in D = 9.860402e+00.
  Coordinate descent sweep 2. norm of D = 1.236989e+01, change in D = 8.816398e+00.
  Coordinate descent sweep 3. norm of D = 1.362904e+01, change in D = 7.750853e+00.
  Coordinate descent sweep 4. norm of D = 1.441798e+01, change in D = 6.776721e+00.
  Coordinate descent sweep 5. norm of D = 1.502732e+01, change in D = 6.039650e+00.
  Coordinate descent sweep 6. norm of D = 1.547230e+01, change in D = 5.336323e+00.
    Line search step size chosen: 1.000000e+00.
  Objective value decreased by 3.136051e-03.
Newton iteration 16.
  Active set size = 765588.
  sub-gradient = 4.574528e+00, l1-norm of X = 6.052782e+03.
  Coordinate descent sweep 1. norm of D = 4.929206e+00, change in D = 4.929206e+00.
  Coordinate descent sweep 2. norm of D = 5.941816e+00, change in D = 4.408006e+00.
  Coordinate descent sweep 3. norm of D = 6.428757e+00, change in D = 3.920670e+00.
  Coordinate descent sweep 4. norm of D = 6.708857e+00, change in D = 3.521937e+00.
  Coordinate descent sweep 5. norm of D = 6.881288e+00, change in D = 3.183850e+00.
  Coordinate descent sweep 6. norm of D = 7.038113e+00, change in D = 2.883364e+00.
    Line search step size chosen: 1.000000e+00.
  Objective value decreased by 9.357133e-04.
Newton iteration 17.
  Active set size = 765516.
  sub-gradient = 2.351240e+00, l1-norm of X = 6.052945e+03.
  Coordinate descent sweep 1. norm of D = 2.623686e+00, change in D = 2.623686e+00.
  Coordinate descent sweep 2. norm of D = 3.116755e+00, change in D = 2.283371e+00.
  Coordinate descent sweep 3. norm of D = 3.453338e+00, change in D = 2.195094e+00.
  Coordinate descent sweep 4. norm of D = 3.551413e+00, change in D = 1.942394e+00.
  Coordinate descent sweep 5. norm of D = 3.643608e+00, change in D = 1.796207e+00.
  Coordinate descent sweep 6. norm of D = 3.728134e+00, change in D = 1.692653e+00.
    Line search step size chosen: 1.000000e+00.
  Objective value decreased by 2.998187e-04.
Newton iteration 18.
  Active set size = 765498.
  sub-gradient = 1.350063e+00, l1-norm of X = 6.053000e+03.
  Coordinate descent sweep 1. norm of D = 1.513973e+00, change in D = 1.513973e+00.
  Coordinate descent sweep 2. norm of D = 1.802824e+00, change in D = 1.340054e+00.
  Coordinate descent sweep 3. norm of D = 1.935166e+00, change in D = 1.210054e+00.
  Coordinate descent sweep 4. norm of D = 2.009720e+00, change in D = 1.098937e+00.
  Coordinate descent sweep 5. norm of D = 2.066311e+00, change in D = 1.008544e+00.
  Coordinate descent sweep 6. norm of D = 2.099174e+00, change in D = 9.519918e-01.
  Coordinate descent sweep 7. norm of D = 2.109181e+00, change in D = 8.661871e-01.
    Line search step size chosen: 1.000000e+00.
  Objective value decreased by 1.158858e-04.
Newton iteration 19.
  Active set size = 765484.
  sub-gradient = 8.270302e-01, l1-norm of X = 6.053023e+03.
  Coordinate descent sweep 1. norm of D = 8.125994e-01, change in D = 8.125994e-01.
  Coordinate descent sweep 2. norm of D = 9.776593e-01, change in D = 7.500813e-01.
  Coordinate descent sweep 3. norm of D = 1.055469e+00, change in D = 6.937262e-01.
  Coordinate descent sweep 4. norm of D = 1.076413e+00, change in D = 6.193087e-01.
  Coordinate descent sweep 5. norm of D = 1.080307e+00, change in D = 5.457984e-01.
  Coordinate descent sweep 6. norm of D = 1.102388e+00, change in D = 5.267294e-01.
  Coordinate descent sweep 7. norm of D = 1.102091e+00, change in D = 4.689227e-01.
    Line search step size chosen: 1.000000e+00.
  Objective value decreased by 3.820880e-05.
Newton iteration 20.
  Active set size = 765477.
  sub-gradient = 3.676066e-01, l1-norm of X = 6.053032e+03.
  Coordinate descent sweep 1. norm of D = 4.326500e-01, change in D = 4.326500e-01.
  Coordinate descent sweep 2. norm of D = 5.305287e-01, change in D = 4.057119e-01.
  Coordinate descent sweep 3. norm of D = 5.674907e-01, change in D = 3.788563e-01.
  Coordinate descent sweep 4. norm of D = 5.927672e-01, change in D = 3.594895e-01.
  Coordinate descent sweep 5. norm of D = 5.984141e-01, change in D = 3.224719e-01.
  Coordinate descent sweep 6. norm of D = 5.972455e-01, change in D = 2.939370e-01.
  Coordinate descent sweep 7. norm of D = 5.974434e-01, change in D = 2.716866e-01.
    Line search step size chosen: 1.000000e+00.
  Objective value decreased by 1.193764e-05.
QUIC CPU time: 33014.644 seconds
