[1] "/data/abattle4/prashanthi/recount3/data/blood/all/weighted_covariances/cov_10.rds"
[1] "Data read complete"
Running QUIC version 1.1 in 'default' mode.
Newton iteration 1.
  X is a diagonal matrix.
    Line search step size chosen: 1.000000e+00.
  Objective value decreased by 4.247152e-01.
Newton iteration 2.
  Active set size = 7936.
  sub-gradient = 2.934094e+00, l1-norm of X = 7.318609e+00.
  Coordinate descent sweep 1. norm of D = 1.540578e+00, change in D = 1.540578e+00.
    Line search step size chosen: 1.000000e+00.
  Objective value decreased by 3.574544e-02.
Newton iteration 3.
  Active set size = 7929.
  sub-gradient = 4.348740e-01, l1-norm of X = 6.406483e+00.
  Coordinate descent sweep 1. norm of D = 4.787909e-01, change in D = 4.787909e-01.
  Coordinate descent sweep 2. norm of D = 5.287734e-01, change in D = 9.552105e-02.
    Line search step size chosen: 1.000000e+00.
  Objective value decreased by 5.455280e-03.
Newton iteration 4.
  Active set size = 7927.
  sub-gradient = 3.320214e-02, l1-norm of X = 6.599972e+00.
  Coordinate descent sweep 1. norm of D = 3.453818e-02, change in D = 3.453818e-02.
  Coordinate descent sweep 2. norm of D = 3.968499e-02, change in D = 7.898167e-03.
    Line search step size chosen: 1.000000e+00.
  Objective value decreased by 4.863534e-05.
Newton iteration 5.
  Active set size = 7926.
  sub-gradient = 3.424379e-03, l1-norm of X = 6.605387e+00.
  Coordinate descent sweep 1. norm of D = 3.472788e-03, change in D = 3.472788e-03.
  Coordinate descent sweep 2. norm of D = 3.923642e-03, change in D = 6.887958e-04.
    Line search step size chosen: 1.000000e+00.
  Objective value decreased by 7.222088e-07.
Newton iteration 6.
  Active set size = 7926.
  sub-gradient = 1.774135e-04, l1-norm of X = 6.606199e+00.
  Coordinate descent sweep 1. norm of D = 1.681367e-04, change in D = 1.681367e-04.
  Coordinate descent sweep 2. norm of D = 2.028717e-04, change in D = 6.635730e-05.
  Coordinate descent sweep 3. norm of D = 2.098683e-04, change in D = 1.739065e-05.
    Line search step size chosen: 1.000000e+00.
  Objective value decreased by 2.553861e-09.
QUIC CPU time: 2075.592 seconds
