[1] "/data/abattle4/prashanthi/recount3/data/blood/all/weighted_covariances/cov_10.rds"
[1] "Data read complete"
Running QUIC version 1.1 in 'default' mode.
Newton iteration 1.
  X is a diagonal matrix.
    Line search step size chosen: 1.000000e+00.
  Objective value decreased by 2.916380e-02.
Newton iteration 2.
  Active set size = 7820.
  sub-gradient = 8.166925e-02, l1-norm of X = 7.464394e-01.
  Coordinate descent sweep 1. norm of D = 7.321789e-02, change in D = 7.321789e-02.
    Line search step size chosen: 1.000000e+00.
  Objective value decreased by 3.878121e-04.
Newton iteration 3.
  Active set size = 7820.
  sub-gradient = 6.589884e-03, l1-norm of X = 7.272174e-01.
  Coordinate descent sweep 1. norm of D = 6.363873e-03, change in D = 6.363873e-03.
  Coordinate descent sweep 2. norm of D = 6.225244e-03, change in D = 2.521849e-04.
    Line search step size chosen: 1.000000e+00.
  Objective value decreased by 6.055939e-06.
Newton iteration 4.
  Active set size = 7820.
  sub-gradient = 1.629158e-05, l1-norm of X = 7.322776e-01.
  Coordinate descent sweep 1. norm of D = 1.617280e-05, change in D = 1.617280e-05.
  Coordinate descent sweep 2. norm of D = 1.702935e-05, change in D = 2.571823e-06.
    Line search step size chosen: 1.000000e+00.
  Objective value decreased by 3.728928e-11.
QUIC CPU time: 1351.283 seconds
