[1] "/data/abattle4/prashanthi/recount3/data/blood/all/weighted_covariances/cov_10.rds"
[1] "Data read complete"
Running QUIC version 1.1 in 'default' mode.
Newton iteration 1.
  X is a diagonal matrix.
    Line search step size chosen: 1.000000e+00.
  Objective value decreased by 3.034964e-03.
Newton iteration 2.
  Active set size = 7807.
  sub-gradient = 6.291447e-03, l1-norm of X = 1.025906e-01.
  Coordinate descent sweep 1. norm of D = 6.212547e-03, change in D = 6.212547e-03.
    Line search step size chosen: 1.000000e+00.
  Objective value decreased by 8.970872e-06.
Newton iteration 3.
  Active set size = 7807.
  sub-gradient = 4.447645e-05, l1-norm of X = 1.028393e-01.
  Coordinate descent sweep 1. norm of D = 4.577594e-05, change in D = 4.577594e-05.
  Coordinate descent sweep 2. norm of D = 4.587390e-05, change in D = 5.887601e-07.
    Line search step size chosen: 1.000000e+00.
  Objective value decreased by 4.956746e-10.
Newton iteration 4.
  Active set size = 7807.
  sub-gradient = 1.359945e-08, l1-norm of X = 1.028422e-01.
  Coordinate descent sweep 1. norm of D = 1.371873e-08, change in D = 1.371873e-08.
  Coordinate descent sweep 2. norm of D = 1.418683e-08, change in D = 4.680917e-10.
    Line search step size chosen: 1.000000e+00.
  Objective value decreased by 0.000000e+00.
QUIC CPU time: 1358.361 seconds
