[1] "sra_normal" "400"        "unweighted" "0.12"      
[1] "Data read complete"
Running QUIC version 1.1 in 'default' mode.
Newton iteration 1.
  X is a diagonal matrix.
    Line search step size 1.000000e+00.  Lack of positive definiteness.
    Line search step size 5.000000e-01.  Lack of positive definiteness.
    Line search step size 2.500000e-01.  Lack of positive definiteness.
    Line search step size 1.250000e-01.  Lack of positive definiteness.
    Line search step size 6.250000e-02.  Lack of positive definiteness.
    Line search step size chosen: 3.125000e-02.
  Objective value decreased by 5.143675e+01.
Newton iteration 2.
  Active set size = 226433.
  sub-gradient = 8.413682e+03, l1-norm of X = 6.597190e+01.
  Coordinate descent sweep 1. norm of D = 6.156860e+03, change in D = 6.156860e+03.
    Line search step size 1.000000e+00.  Lack of positive definiteness.
    Line search step size 5.000000e-01.  Lack of positive definiteness.
    Line search step size 2.500000e-01.  Lack of positive definiteness.
    Line search step size 1.250000e-01.  Lack of positive definiteness.
    Line search step size chosen: 6.250000e-02.
  Objective value decreased by 5.979319e+01.
Newton iteration 3.
  Active set size = 226470.
  sub-gradient = 7.266038e+03, l1-norm of X = 1.570057e+02.
  Coordinate descent sweep 1. norm of D = 3.301725e+03, change in D = 3.301725e+03.
  Coordinate descent sweep 2. norm of D = 2.830203e+03, change in D = 9.385686e+02.
    Line search step size 1.000000e+00.  Lack of positive definiteness.
    Line search step size 5.000000e-01.  Lack of positive definiteness.
    Line search step size 2.500000e-01.  Lack of positive definiteness.
    Line search step size chosen: 1.250000e-01.
  Objective value decreased by 4.165826e+01.
Newton iteration 4.
  Active set size = 226785.
  sub-gradient = 5.779497e+03, l1-norm of X = 2.289507e+02.
  Coordinate descent sweep 1. norm of D = 2.061548e+03, change in D = 2.061548e+03.
  Coordinate descent sweep 2. norm of D = 1.867667e+03, change in D = 5.846587e+02.
    Line search step size 1.000000e+00.  Lack of positive definiteness.
    Line search step size 5.000000e-01.  Lack of positive definiteness.
    Line search step size chosen: 2.500000e-01.
  Objective value decreased by 3.807518e+01.
Newton iteration 5.
  Active set size = 231621.
  sub-gradient = 3.909599e+03, l1-norm of X = 3.031629e+02.
  Coordinate descent sweep 1. norm of D = 1.208047e+03, change in D = 1.208047e+03.
  Coordinate descent sweep 2. norm of D = 1.211222e+03, change in D = 3.363579e+02.
    Line search step size 1.000000e+00.  Lack of positive definiteness.
    Line search step size chosen: 5.000000e-01.
  Objective value decreased by 2.778982e+01.
Newton iteration 6.
  Active set size = 231782.
  sub-gradient = 4.012950e+03, l1-norm of X = 3.633843e+02.
  Coordinate descent sweep 1. norm of D = 5.978116e+02, change in D = 5.978116e+02.
  Coordinate descent sweep 2. norm of D = 6.530877e+02, change in D = 1.921077e+02.
  Coordinate descent sweep 3. norm of D = 6.789929e+02, change in D = 8.110536e+01.
    Line search step size chosen: 1.000000e+00.
  Objective value decreased by 1.451988e+01.
Newton iteration 7.
  Active set size = 91145.
  sub-gradient = 3.055586e+02, l1-norm of X = 4.096775e+02.
  Coordinate descent sweep 1. norm of D = 7.396094e+01, change in D = 7.396094e+01.
  Coordinate descent sweep 2. norm of D = 8.701779e+01, change in D = 4.447937e+01.
  Coordinate descent sweep 3. norm of D = 9.535842e+01, change in D = 2.586082e+01.
    Line search step size chosen: 1.000000e+00.
  Objective value decreased by 6.983869e-01.
Newton iteration 8.
  Active set size = 88363.
  sub-gradient = 3.423545e+01, l1-norm of X = 4.115721e+02.
  Coordinate descent sweep 1. norm of D = 1.797453e+01, change in D = 1.797453e+01.
  Coordinate descent sweep 2. norm of D = 2.190460e+01, change in D = 1.261130e+01.
  Coordinate descent sweep 3. norm of D = 2.422975e+01, change in D = 8.695465e+00.
    Line search step size chosen: 1.000000e+00.
  Objective value decreased by 1.056563e-01.
Newton iteration 9.
  Active set size = 87985.
  sub-gradient = 6.755374e+00, l1-norm of X = 4.121932e+02.
  Coordinate descent sweep 1. norm of D = 6.296001e+00, change in D = 6.296001e+00.
  Coordinate descent sweep 2. norm of D = 7.650940e+00, change in D = 4.632827e+00.
  Coordinate descent sweep 3. norm of D = 8.587478e+00, change in D = 3.581241e+00.
  Coordinate descent sweep 4. norm of D = 9.170340e+00, change in D = 2.674314e+00.
    Line search step size chosen: 1.000000e+00.
  Objective value decreased by 2.972371e-02.
Newton iteration 10.
  Active set size = 87956.
  sub-gradient = 2.279491e+00, l1-norm of X = 4.124254e+02.
  Coordinate descent sweep 1. norm of D = 2.143918e+00, change in D = 2.143918e+00.
  Coordinate descent sweep 2. norm of D = 2.625218e+00, change in D = 1.629177e+00.
  Coordinate descent sweep 3. norm of D = 2.903967e+00, change in D = 1.380960e+00.
  Coordinate descent sweep 4. norm of D = 3.115815e+00, change in D = 1.080517e+00.
    Line search step size chosen: 1.000000e+00.
  Objective value decreased by 6.936269e-03.
Newton iteration 11.
  Active set size = 87919.
  sub-gradient = 9.323550e-01, l1-norm of X = 4.125072e+02.
  Coordinate descent sweep 1. norm of D = 8.934763e-01, change in D = 8.934763e-01.
  Coordinate descent sweep 2. norm of D = 1.081689e+00, change in D = 7.243224e-01.
  Coordinate descent sweep 3. norm of D = 1.223874e+00, change in D = 6.133120e-01.
  Coordinate descent sweep 4. norm of D = 1.291175e+00, change in D = 5.179940e-01.
    Line search step size chosen: 1.000000e+00.
  Objective value decreased by 2.199015e-03.
Newton iteration 12.
  Active set size = 87917.
  sub-gradient = 4.065107e-01, l1-norm of X = 4.125399e+02.
  Coordinate descent sweep 1. norm of D = 4.046596e-01, change in D = 4.046596e-01.
  Coordinate descent sweep 2. norm of D = 5.264686e-01, change in D = 3.735976e-01.
  Coordinate descent sweep 3. norm of D = 5.645464e-01, change in D = 3.015517e-01.
  Coordinate descent sweep 4. norm of D = 6.175159e-01, change in D = 2.653665e-01.
  Coordinate descent sweep 5. norm of D = 6.496991e-01, change in D = 2.174136e-01.
    Line search step size chosen: 1.000000e+00.
  Objective value decreased by 7.357209e-04.
Newton iteration 13.
  Active set size = 87905.
  sub-gradient = 1.786873e-01, l1-norm of X = 4.125577e+02.
  Coordinate descent sweep 1. norm of D = 1.830147e-01, change in D = 1.830147e-01.
  Coordinate descent sweep 2. norm of D = 2.307862e-01, change in D = 1.567729e-01.
  Coordinate descent sweep 3. norm of D = 2.534845e-01, change in D = 1.319857e-01.
  Coordinate descent sweep 4. norm of D = 2.668728e-01, change in D = 1.069625e-01.
  Coordinate descent sweep 5. norm of D = 2.844119e-01, change in D = 9.741355e-02.
    Line search step size chosen: 1.000000e+00.
  Objective value decreased by 2.310492e-04.
Newton iteration 14.
  Active set size = 87904.
  sub-gradient = 8.397908e-02, l1-norm of X = 4.125662e+02.
  Coordinate descent sweep 1. norm of D = 8.186393e-02, change in D = 8.186393e-02.
  Coordinate descent sweep 2. norm of D = 1.021022e-01, change in D = 7.035011e-02.
  Coordinate descent sweep 3. norm of D = 1.139026e-01, change in D = 6.245552e-02.
  Coordinate descent sweep 4. norm of D = 1.180479e-01, change in D = 4.887229e-02.
  Coordinate descent sweep 5. norm of D = 1.257959e-01, change in D = 3.972335e-02.
    Line search step size chosen: 1.000000e+00.
  Objective value decreased by 6.886342e-05.
Newton iteration 15.
  Active set size = 87901.
  sub-gradient = 4.727427e-02, l1-norm of X = 4.125704e+02.
  Coordinate descent sweep 1. norm of D = 4.000635e-02, change in D = 4.000635e-02.
  Coordinate descent sweep 2. norm of D = 4.425136e-02, change in D = 3.286854e-02.
  Coordinate descent sweep 3. norm of D = 5.077495e-02, change in D = 2.949326e-02.
  Coordinate descent sweep 4. norm of D = 5.672608e-02, change in D = 2.606304e-02.
  Coordinate descent sweep 5. norm of D = 5.915135e-02, change in D = 2.065266e-02.
  Coordinate descent sweep 6. norm of D = 6.174330e-02, change in D = 1.846278e-02.
    Line search step size chosen: 1.000000e+00.
  Objective value decreased by 2.991347e-05.
Newton iteration 16.
  Active set size = 87902.
  sub-gradient = 1.644857e-02, l1-norm of X = 4.125723e+02.
  Coordinate descent sweep 1. norm of D = 1.657444e-02, change in D = 1.657444e-02.
  Coordinate descent sweep 2. norm of D = 1.946958e-02, change in D = 1.334011e-02.
  Coordinate descent sweep 3. norm of D = 2.324199e-02, change in D = 1.512721e-02.
  Coordinate descent sweep 4. norm of D = 2.525479e-02, change in D = 1.197742e-02.
  Coordinate descent sweep 5. norm of D = 2.653206e-02, change in D = 9.510103e-03.
  Coordinate descent sweep 6. norm of D = 2.833703e-02, change in D = 8.905424e-03.
    Line search step size chosen: 1.000000e+00.
  Objective value decreased by 7.176015e-06.
QUIC CPU time: 2223.070 seconds
