[1] "sra_normal" "400"        "unweighted" "0.20"      
[1] "Data read complete"
Running QUIC version 1.1 in 'default' mode.
Newton iteration 1.
  X is a diagonal matrix.
    Line search step size 1.000000e+00.  Lack of positive definiteness.
    Line search step size 5.000000e-01.  Lack of positive definiteness.
    Line search step size 2.500000e-01.  Lack of positive definiteness.
    Line search step size 1.250000e-01.  Lack of positive definiteness.
    Line search step size chosen: 6.250000e-02.
  Objective value decreased by 2.297309e+01.
Newton iteration 2.
  Active set size = 35201.
  sub-gradient = 1.402361e+03, l1-norm of X = 3.974850e+01.
  Coordinate descent sweep 1. norm of D = 9.434076e+02, change in D = 9.434076e+02.
    Line search step size 1.000000e+00.  Lack of positive definiteness.
    Line search step size 5.000000e-01.  Lack of positive definiteness.
    Line search step size 2.500000e-01.  Lack of positive definiteness.
    Line search step size chosen: 1.250000e-01.
  Objective value decreased by 1.940120e+01.
Newton iteration 3.
  Active set size = 35201.
  sub-gradient = 1.098521e+03, l1-norm of X = 8.438475e+01.
  Coordinate descent sweep 1. norm of D = 5.914896e+02, change in D = 5.914896e+02.
  Coordinate descent sweep 2. norm of D = 5.420430e+02, change in D = 1.405059e+02.
    Line search step size 1.000000e+00.  Lack of positive definiteness.
    Line search step size chosen: 5.000000e-01.
  Objective value decreased by 2.404115e+01.
Newton iteration 4.
  Active set size = 35201.
  sub-gradient = 7.089667e+02, l1-norm of X = 1.692628e+02.
  Coordinate descent sweep 1. norm of D = 2.114425e+02, change in D = 2.114425e+02.
  Coordinate descent sweep 2. norm of D = 2.363126e+02, change in D = 6.484228e+01.
    Line search step size chosen: 1.000000e+00.
  Objective value decreased by 6.911020e+00.
Newton iteration 5.
  Active set size = 23870.
  sub-gradient = 7.918733e+01, l1-norm of X = 2.029903e+02.
  Coordinate descent sweep 1. norm of D = 4.298047e+01, change in D = 4.298047e+01.
  Coordinate descent sweep 2. norm of D = 5.206467e+01, change in D = 2.205365e+01.
    Line search step size chosen: 1.000000e+00.
  Objective value decreased by 6.255708e-01.
Newton iteration 6.
  Active set size = 23358.
  sub-gradient = 1.628708e+01, l1-norm of X = 2.064678e+02.
  Coordinate descent sweep 1. norm of D = 1.332959e+01, change in D = 1.332959e+01.
  Coordinate descent sweep 2. norm of D = 1.645843e+01, change in D = 7.807796e+00.
  Coordinate descent sweep 3. norm of D = 1.821373e+01, change in D = 4.687332e+00.
    Line search step size chosen: 1.000000e+00.
  Objective value decreased by 1.199797e-01.
Newton iteration 7.
  Active set size = 23176.
  sub-gradient = 3.543128e+00, l1-norm of X = 2.075509e+02.
  Coordinate descent sweep 1. norm of D = 3.194082e+00, change in D = 3.194082e+00.
  Coordinate descent sweep 2. norm of D = 4.038497e+00, change in D = 2.159369e+00.
  Coordinate descent sweep 3. norm of D = 4.556609e+00, change in D = 1.400855e+00.
    Line search step size chosen: 1.000000e+00.
  Objective value decreased by 1.707579e-02.
Newton iteration 8.
  Active set size = 23145.
  sub-gradient = 1.005272e+00, l1-norm of X = 2.077635e+02.
  Coordinate descent sweep 1. norm of D = 9.869660e-01, change in D = 9.869660e-01.
  Coordinate descent sweep 2. norm of D = 1.220624e+00, change in D = 6.557294e-01.
  Coordinate descent sweep 3. norm of D = 1.405133e+00, change in D = 4.947347e-01.
    Line search step size chosen: 1.000000e+00.
  Objective value decreased by 3.041682e-03.
Newton iteration 9.
  Active set size = 23137.
  sub-gradient = 3.582758e-01, l1-norm of X = 2.078269e+02.
  Coordinate descent sweep 1. norm of D = 3.522836e-01, change in D = 3.522836e-01.
  Coordinate descent sweep 2. norm of D = 4.630305e-01, change in D = 2.571571e-01.
  Coordinate descent sweep 3. norm of D = 5.304538e-01, change in D = 1.829977e-01.
  Coordinate descent sweep 4. norm of D = 5.690815e-01, change in D = 1.266614e-01.
    Line search step size chosen: 1.000000e+00.
  Objective value decreased by 8.320660e-04.
Newton iteration 10.
  Active set size = 23133.
  sub-gradient = 9.682661e-02, l1-norm of X = 2.078600e+02.
  Coordinate descent sweep 1. norm of D = 9.705870e-02, change in D = 9.705870e-02.
  Coordinate descent sweep 2. norm of D = 1.309481e-01, change in D = 7.794779e-02.
  Coordinate descent sweep 3. norm of D = 1.452286e-01, change in D = 5.150397e-02.
  Coordinate descent sweep 4. norm of D = 1.619789e-01, change in D = 4.579624e-02.
    Line search step size chosen: 1.000000e+00.
  Objective value decreased by 1.195668e-04.
Newton iteration 11.
  Active set size = 23133.
  sub-gradient = 3.376804e-02, l1-norm of X = 2.078697e+02.
  Coordinate descent sweep 1. norm of D = 3.307463e-02, change in D = 3.307463e-02.
  Coordinate descent sweep 2. norm of D = 4.371691e-02, change in D = 2.622488e-02.
  Coordinate descent sweep 3. norm of D = 5.069776e-02, change in D = 2.227561e-02.
  Coordinate descent sweep 4. norm of D = 5.739559e-02, change in D = 1.706267e-02.
    Line search step size chosen: 1.000000e+00.
  Objective value decreased by 2.677879e-05.
Newton iteration 12.
  Active set size = 23133.
  sub-gradient = 1.172158e-02, l1-norm of X = 2.078731e+02.
  Coordinate descent sweep 1. norm of D = 1.213824e-02, change in D = 1.213824e-02.
  Coordinate descent sweep 2. norm of D = 1.618939e-02, change in D = 9.207259e-03.
  Coordinate descent sweep 3. norm of D = 1.944505e-02, change in D = 7.263016e-03.
  Coordinate descent sweep 4. norm of D = 2.187216e-02, change in D = 6.637580e-03.
  Coordinate descent sweep 5. norm of D = 2.330538e-02, change in D = 4.498133e-03.
    Line search step size chosen: 1.000000e+00.
  Objective value decreased by 5.778385e-06.
QUIC CPU time: 1364.280 seconds
