[1] "sra_normal" "400"        "unweighted" "0.62"      
[1] "Data read complete"
Running QUIC version 1.1 in 'default' mode.
Newton iteration 1.
  X is a diagonal matrix.
    Line search step size chosen: 1.000000e+00.
  Objective value decreased by 1.107858e-01.
Newton iteration 2.
  Active set size = 5783.
  sub-gradient = 2.525296e-01, l1-norm of X = 1.239107e+00.
  Coordinate descent sweep 1. norm of D = 2.346679e-01, change in D = 2.346679e-01.
    Line search step size chosen: 1.000000e+00.
  Objective value decreased by 2.576244e-03.
Newton iteration 3.
  Active set size = 5783.
  sub-gradient = 1.622844e-02, l1-norm of X = 1.245556e+00.
  Coordinate descent sweep 1. norm of D = 1.813136e-02, change in D = 1.813136e-02.
  Coordinate descent sweep 2. norm of D = 1.951932e-02, change in D = 1.593153e-03.
    Line search step size chosen: 1.000000e+00.
  Objective value decreased by 2.262497e-05.
Newton iteration 4.
  Active set size = 5783.
  sub-gradient = 2.304461e-04, l1-norm of X = 1.253203e+00.
  Coordinate descent sweep 1. norm of D = 2.958807e-04, change in D = 2.958807e-04.
  Coordinate descent sweep 2. norm of D = 3.248105e-04, change in D = 3.323843e-05.
    Line search step size chosen: 1.000000e+00.
  Objective value decreased by 9.421456e-09.
Newton iteration 5.
  Active set size = 5783.
  sub-gradient = 1.563937e-05, l1-norm of X = 1.253360e+00.
  Coordinate descent sweep 1. norm of D = 1.722412e-05, change in D = 1.722412e-05.
  Coordinate descent sweep 2. norm of D = 1.905625e-05, change in D = 1.940700e-06.
    Line search step size chosen: 1.000000e+00.
  Objective value decreased by 4.365575e-11.
QUIC CPU time: 434.310 seconds
