[1] "sra_normal" "400"        "unweighted" "0.64"      
[1] "Data read complete"
Running QUIC version 1.1 in 'default' mode.
Newton iteration 1.
  X is a diagonal matrix.
    Line search step size chosen: 1.000000e+00.
  Objective value decreased by 7.748354e-02.
Newton iteration 2.
  Active set size = 5779.
  sub-gradient = 1.714735e-01, l1-norm of X = 9.163782e-01.
  Coordinate descent sweep 1. norm of D = 1.574177e-01, change in D = 1.574177e-01.
    Line search step size chosen: 1.000000e+00.
  Objective value decreased by 1.399842e-03.
Newton iteration 3.
  Active set size = 5779.
  sub-gradient = 1.682073e-02, l1-norm of X = 9.082947e-01.
  Coordinate descent sweep 1. norm of D = 1.779090e-02, change in D = 1.779090e-02.
  Coordinate descent sweep 2. norm of D = 2.500160e-02, change in D = 7.222879e-03.
    Line search step size chosen: 1.000000e+00.
  Objective value decreased by 1.133324e-04.
Newton iteration 4.
  Active set size = 5779.
  sub-gradient = 1.216039e-03, l1-norm of X = 9.267287e-01.
  Coordinate descent sweep 1. norm of D = 1.902695e-03, change in D = 1.902695e-03.
  Coordinate descent sweep 2. norm of D = 2.026987e-03, change in D = 1.509855e-04.
    Line search step size chosen: 1.000000e+00.
  Objective value decreased by 1.306313e-06.
Newton iteration 5.
  Active set size = 5779.
  sub-gradient = 9.681241e-05, l1-norm of X = 9.282539e-01.
  Coordinate descent sweep 1. norm of D = 1.066036e-04, change in D = 1.066036e-04.
  Coordinate descent sweep 2. norm of D = 1.223537e-04, change in D = 1.575375e-05.
    Line search step size chosen: 1.000000e+00.
  Objective value decreased by 2.547495e-09.
Newton iteration 6.
  Active set size = 5779.
  sub-gradient = 1.376203e-06, l1-norm of X = 9.282759e-01.
  Coordinate descent sweep 1. norm of D = 2.030775e-06, change in D = 2.030775e-06.
  Coordinate descent sweep 2. norm of D = 2.152719e-06, change in D = 1.432362e-07.
  Coordinate descent sweep 3. norm of D = 2.260622e-06, change in D = 1.079039e-07.
    Line search step size chosen: 1.000000e+00.
  Objective value decreased by 3.637979e-12.
QUIC CPU time: 516.640 seconds
