[1] "sra_normal" "400"        "unweighted" "0.66"      
[1] "Data read complete"
Running QUIC version 1.1 in 'default' mode.
Newton iteration 1.
  X is a diagonal matrix.
    Line search step size chosen: 1.000000e+00.
  Objective value decreased by 5.307646e-02.
Newton iteration 2.
  Active set size = 5776.
  sub-gradient = 1.151826e-01, l1-norm of X = 6.969213e-01.
  Coordinate descent sweep 1. norm of D = 1.064437e-01, change in D = 1.064437e-01.
    Line search step size chosen: 1.000000e+00.
  Objective value decreased by 7.858432e-04.
Newton iteration 3.
  Active set size = 5776.
  sub-gradient = 1.051193e-02, l1-norm of X = 6.920848e-01.
  Coordinate descent sweep 1. norm of D = 1.504689e-02, change in D = 1.504689e-02.
  Coordinate descent sweep 2. norm of D = 1.618625e-02, change in D = 1.143044e-03.
    Line search step size chosen: 1.000000e+00.
  Objective value decreased by 5.589216e-05.
Newton iteration 4.
  Active set size = 5776.
  sub-gradient = 3.710960e-04, l1-norm of X = 7.053620e-01.
  Coordinate descent sweep 1. norm of D = 3.922047e-04, change in D = 3.922047e-04.
  Coordinate descent sweep 2. norm of D = 4.678747e-04, change in D = 7.567163e-05.
    Line search step size chosen: 1.000000e+00.
  Objective value decreased by 4.039794e-08.
Newton iteration 5.
  Active set size = 5776.
  sub-gradient = 4.624958e-06, l1-norm of X = 7.054782e-01.
  Coordinate descent sweep 1. norm of D = 6.140858e-06, change in D = 6.140858e-06.
  Coordinate descent sweep 2. norm of D = 6.428562e-06, change in D = 3.473171e-07.
    Line search step size chosen: 1.000000e+00.
  Objective value decreased by 1.637090e-11.
QUIC CPU time: 424.180 seconds
