[1] "/work-zfs/abattle4/prashanthi/recount3/data/lung/GTEx/weighted_covariances/cov_1.rds"
[1] "Data read complete"
Running QUIC version 1.1 in 'default' mode.
Newton iteration 1.
  X is a diagonal matrix.
    Line search step size 1.000000e+00.  Lack of positive definiteness.
    Line search step size 5.000000e-01.  Lack of positive definiteness.
    Line search step size 2.500000e-01.  Lack of positive definiteness.
    Line search step size 1.250000e-01.  Lack of positive definiteness.
    Line search step size chosen: 6.250000e-02.
  Objective value decreased by 9.091467e+01.
Newton iteration 2.
  Active set size = 168730.
  sub-gradient = 5.656350e+03, l1-norm of X = 1.376332e+02.
  Coordinate descent sweep 1. norm of D = 4.941767e+03, change in D = 4.941767e+03.
    Line search step size 1.000000e+00.  Lack of positive definiteness.
    Line search step size 5.000000e-01.  Lack of positive definiteness.
    Line search step size 2.500000e-01.  Lack of positive definiteness.
    Line search step size chosen: 1.250000e-01.
  Objective value decreased by 1.098540e+02.
Newton iteration 3.
  Active set size = 168740.
  sub-gradient = 4.652581e+03, l1-norm of X = 3.545227e+02.
  Coordinate descent sweep 1. norm of D = 3.641847e+03, change in D = 3.641847e+03.
  Coordinate descent sweep 2. norm of D = 3.533979e+03, change in D = 4.919221e+02.
    Line search step size 1.000000e+00.  Lack of positive definiteness.
    Line search step size chosen: 5.000000e-01.
  Objective value decreased by 1.649675e+02.
Newton iteration 4.
  Active set size = 169242.
  sub-gradient = 2.690202e+03, l1-norm of X = 9.123505e+02.
  Coordinate descent sweep 1. norm of D = 1.414465e+03, change in D = 1.414465e+03.
  Coordinate descent sweep 2. norm of D = 1.594945e+03, change in D = 3.515358e+02.
    Line search step size chosen: 1.000000e+00.
  Objective value decreased by 5.377353e+01.
Newton iteration 5.
  Active set size = 137982.
  sub-gradient = 4.298344e+02, l1-norm of X = 1.240915e+03.
  Coordinate descent sweep 1. norm of D = 2.732893e+02, change in D = 2.732893e+02.
  Coordinate descent sweep 2. norm of D = 3.468045e+02, change in D = 1.535269e+02.
    Line search step size chosen: 1.000000e+00.
  Objective value decreased by 8.896459e+00.
Newton iteration 6.
  Active set size = 134613.
  sub-gradient = 1.321966e+02, l1-norm of X = 1.268580e+03.
  Coordinate descent sweep 1. norm of D = 1.046368e+02, change in D = 1.046368e+02.
  Coordinate descent sweep 2. norm of D = 1.375903e+02, change in D = 7.048964e+01.
  Coordinate descent sweep 3. norm of D = 1.610603e+02, change in D = 4.914447e+01.
    Line search step size chosen: 1.000000e+00.
  Objective value decreased by 3.852150e+00.
Newton iteration 7.
  Active set size = 133735.
  sub-gradient = 4.308535e+01, l1-norm of X = 1.280835e+03.
  Coordinate descent sweep 1. norm of D = 4.003362e+01, change in D = 4.003362e+01.
  Coordinate descent sweep 2. norm of D = 5.529609e+01, change in D = 3.217429e+01.
  Coordinate descent sweep 3. norm of D = 6.693322e+01, change in D = 2.541406e+01.
    Line search step size chosen: 1.000000e+00.
  Objective value decreased by 1.272819e+00.
Newton iteration 8.
  Active set size = 133477.
  sub-gradient = 2.318691e+01, l1-norm of X = 1.285747e+03.
  Coordinate descent sweep 1. norm of D = 2.172991e+01, change in D = 2.172991e+01.
  Coordinate descent sweep 2. norm of D = 3.010993e+01, change in D = 1.781153e+01.
  Coordinate descent sweep 3. norm of D = 3.616981e+01, change in D = 1.460453e+01.
    Line search step size chosen: 1.000000e+00.
  Objective value decreased by 5.446626e-01.
Newton iteration 9.
  Active set size = 133381.
  sub-gradient = 1.720824e+01, l1-norm of X = 1.288236e+03.
  Coordinate descent sweep 1. norm of D = 1.290811e+01, change in D = 1.290811e+01.
  Coordinate descent sweep 2. norm of D = 1.786468e+01, change in D = 1.085148e+01.
  Coordinate descent sweep 3. norm of D = 2.163603e+01, change in D = 9.305612e+00.
  Coordinate descent sweep 4. norm of D = 2.494780e+01, change in D = 8.194443e+00.
    Line search step size chosen: 1.000000e+00.
  Objective value decreased by 3.324058e-01.
Newton iteration 10.
  Active set size = 133300.
  sub-gradient = 7.437502e+00, l1-norm of X = 1.289947e+03.
  Coordinate descent sweep 1. norm of D = 7.359051e+00, change in D = 7.359051e+00.
  Coordinate descent sweep 2. norm of D = 1.060940e+01, change in D = 6.455942e+00.
  Coordinate descent sweep 3. norm of D = 1.316636e+01, change in D = 5.776793e+00.
  Coordinate descent sweep 4. norm of D = 1.527147e+01, change in D = 5.325711e+00.
    Line search step size chosen: 1.000000e+00.
  Objective value decreased by 1.596223e-01.
Newton iteration 11.
  Active set size = 133261.
  sub-gradient = 5.365048e+00, l1-norm of X = 1.291033e+03.
  Coordinate descent sweep 1. norm of D = 4.502789e+00, change in D = 4.502789e+00.
  Coordinate descent sweep 2. norm of D = 6.403605e+00, change in D = 4.017090e+00.
  Coordinate descent sweep 3. norm of D = 8.112266e+00, change in D = 3.681787e+00.
  Coordinate descent sweep 4. norm of D = 9.482739e+00, change in D = 3.247795e+00.
    Line search step size chosen: 1.000000e+00.
  Objective value decreased by 7.733488e-02.
Newton iteration 12.
  Active set size = 133250.
  sub-gradient = 3.434225e+00, l1-norm of X = 1.291666e+03.
  Coordinate descent sweep 1. norm of D = 2.946144e+00, change in D = 2.946144e+00.
  Coordinate descent sweep 2. norm of D = 4.308702e+00, change in D = 2.740410e+00.
  Coordinate descent sweep 3. norm of D = 5.265188e+00, change in D = 2.489185e+00.
  Coordinate descent sweep 4. norm of D = 6.201648e+00, change in D = 2.231091e+00.
  Coordinate descent sweep 5. norm of D = 7.009825e+00, change in D = 2.096097e+00.
    Line search step size chosen: 1.000000e+00.
  Objective value decreased by 4.730334e-02.
Newton iteration 13.
  Active set size = 133237.
  sub-gradient = 1.843902e+00, l1-norm of X = 1.292139e+03.
  Coordinate descent sweep 1. norm of D = 1.871758e+00, change in D = 1.871758e+00.
  Coordinate descent sweep 2. norm of D = 2.774168e+00, change in D = 1.775750e+00.
  Coordinate descent sweep 3. norm of D = 3.429718e+00, change in D = 1.526120e+00.
  Coordinate descent sweep 4. norm of D = 3.994261e+00, change in D = 1.519219e+00.
  Coordinate descent sweep 5. norm of D = 4.578787e+00, change in D = 1.452477e+00.
    Line search step size chosen: 1.000000e+00.
  Objective value decreased by 2.446644e-02.
Newton iteration 14.
  Active set size = 133225.
  sub-gradient = 1.426847e+00, l1-norm of X = 1.292457e+03.
  Coordinate descent sweep 1. norm of D = 1.301334e+00, change in D = 1.301334e+00.
  Coordinate descent sweep 2. norm of D = 1.856930e+00, change in D = 1.196667e+00.
  Coordinate descent sweep 3. norm of D = 2.330544e+00, change in D = 1.104617e+00.
  Coordinate descent sweep 4. norm of D = 2.727327e+00, change in D = 1.018160e+00.
  Coordinate descent sweep 5. norm of D = 3.076395e+00, change in D = 9.498603e-01.
    Line search step size chosen: 1.000000e+00.
  Objective value decreased by 1.312385e-02.
Newton iteration 15.
  Active set size = 133220.
  sub-gradient = 9.436667e-01, l1-norm of X = 1.292673e+03.
  Coordinate descent sweep 1. norm of D = 8.579167e-01, change in D = 8.579167e-01.
  Coordinate descent sweep 2. norm of D = 1.296344e+00, change in D = 8.511648e-01.
  Coordinate descent sweep 3. norm of D = 1.634272e+00, change in D = 7.818785e-01.
  Coordinate descent sweep 4. norm of D = 1.915391e+00, change in D = 7.223262e-01.
  Coordinate descent sweep 5. norm of D = 2.152729e+00, change in D = 6.912058e-01.
  Coordinate descent sweep 6. norm of D = 2.323457e+00, change in D = 6.059050e-01.
    Line search step size chosen: 1.000000e+00.
  Objective value decreased by 7.746359e-03.
Newton iteration 16.
  Active set size = 133216.
  sub-gradient = 5.981977e-01, l1-norm of X = 1.292837e+03.
  Coordinate descent sweep 1. norm of D = 5.836436e-01, change in D = 5.836436e-01.
  Coordinate descent sweep 2. norm of D = 8.363871e-01, change in D = 5.476244e-01.
  Coordinate descent sweep 3. norm of D = 1.065697e+00, change in D = 5.262804e-01.
  Coordinate descent sweep 4. norm of D = 1.247616e+00, change in D = 4.627603e-01.
  Coordinate descent sweep 5. norm of D = 1.444641e+00, change in D = 4.679626e-01.
  Coordinate descent sweep 6. norm of D = 1.610513e+00, change in D = 4.510688e-01.
    Line search step size chosen: 1.000000e+00.
  Objective value decreased by 4.339880e-03.
Newton iteration 17.
  Active set size = 133215.
  sub-gradient = 3.683672e-01, l1-norm of X = 1.292950e+03.
  Coordinate descent sweep 1. norm of D = 4.012200e-01, change in D = 4.012200e-01.
  Coordinate descent sweep 2. norm of D = 5.879179e-01, change in D = 3.677827e-01.
  Coordinate descent sweep 3. norm of D = 6.945098e-01, change in D = 3.445081e-01.
  Coordinate descent sweep 4. norm of D = 8.204450e-01, change in D = 3.257727e-01.
  Coordinate descent sweep 5. norm of D = 9.390033e-01, change in D = 3.210249e-01.
  Coordinate descent sweep 6. norm of D = 1.055222e+00, change in D = 3.086876e-01.
    Line search step size chosen: 1.000000e+00.
  Objective value decreased by 2.332489e-03.
Newton iteration 18.
  Active set size = 133216.
  sub-gradient = 2.878578e-01, l1-norm of X = 1.293026e+03.
  Coordinate descent sweep 1. norm of D = 2.773091e-01, change in D = 2.773091e-01.
  Coordinate descent sweep 2. norm of D = 4.117430e-01, change in D = 2.613641e-01.
  Coordinate descent sweep 3. norm of D = 5.119606e-01, change in D = 2.532418e-01.
  Coordinate descent sweep 4. norm of D = 5.955098e-01, change in D = 2.416167e-01.
  Coordinate descent sweep 5. norm of D = 6.633411e-01, change in D = 2.223026e-01.
  Coordinate descent sweep 6. norm of D = 7.537575e-01, change in D = 2.148623e-01.
  Coordinate descent sweep 7. norm of D = 8.384265e-01, change in D = 2.130993e-01.
    Line search step size chosen: 1.000000e+00.
  Objective value decreased by 1.528515e-03.
Newton iteration 19.
  Active set size = 133215.
  sub-gradient = 1.949595e-01, l1-norm of X = 1.293086e+03.
  Coordinate descent sweep 1. norm of D = 1.953205e-01, change in D = 1.953205e-01.
  Coordinate descent sweep 2. norm of D = 2.905890e-01, change in D = 1.834958e-01.
  Coordinate descent sweep 3. norm of D = 3.558484e-01, change in D = 1.619604e-01.
  Coordinate descent sweep 4. norm of D = 4.283612e-01, change in D = 1.716955e-01.
  Coordinate descent sweep 5. norm of D = 4.868079e-01, change in D = 1.525440e-01.
  Coordinate descent sweep 6. norm of D = 5.326508e-01, change in D = 1.411181e-01.
  Coordinate descent sweep 7. norm of D = 5.757378e-01, change in D = 1.341254e-01.
    Line search step size chosen: 1.000000e+00.
  Objective value decreased by 7.880136e-04.
Newton iteration 20.
  Active set size = 133213.
  sub-gradient = 1.388592e-01, l1-norm of X = 1.293130e+03.
  Coordinate descent sweep 1. norm of D = 1.365467e-01, change in D = 1.365467e-01.
  Coordinate descent sweep 2. norm of D = 1.934509e-01, change in D = 1.268338e-01.
  Coordinate descent sweep 3. norm of D = 2.476426e-01, change in D = 1.200916e-01.
  Coordinate descent sweep 4. norm of D = 2.867125e-01, change in D = 1.145771e-01.
  Coordinate descent sweep 5. norm of D = 3.230484e-01, change in D = 1.004447e-01.
  Coordinate descent sweep 6. norm of D = 3.616294e-01, change in D = 1.048297e-01.
  Coordinate descent sweep 7. norm of D = 3.979693e-01, change in D = 9.750521e-02.
    Line search step size chosen: 1.000000e+00.
  Objective value decreased by 3.999327e-04.
Newton iteration 21.
  Active set size = 133213.
  sub-gradient = 8.745114e-02, l1-norm of X = 1.293159e+03.
  Coordinate descent sweep 1. norm of D = 8.406274e-02, change in D = 8.406274e-02.
  Coordinate descent sweep 2. norm of D = 1.274594e-01, change in D = 8.841309e-02.
  Coordinate descent sweep 3. norm of D = 1.596263e-01, change in D = 8.565897e-02.
  Coordinate descent sweep 4. norm of D = 1.909968e-01, change in D = 8.415705e-02.
  Coordinate descent sweep 5. norm of D = 2.217848e-01, change in D = 7.952341e-02.
  Coordinate descent sweep 6. norm of D = 2.453140e-01, change in D = 7.384578e-02.
  Coordinate descent sweep 7. norm of D = 2.711260e-01, change in D = 6.667077e-02.
  Coordinate descent sweep 8. norm of D = 2.932590e-01, change in D = 6.356466e-02.
    Line search step size chosen: 1.000000e+00.
  Objective value decreased by 2.268596e-04.
QUIC CPU time: 9299.260 seconds
