[1] "/work-zfs/abattle4/prashanthi/recount3/data/lung/GTEx/weighted_covariances/cov_1.rds"
[1] "Data read complete"
Running QUIC version 1.1 in 'default' mode.
Newton iteration 1.
  X is a diagonal matrix.
    Line search step size 1.000000e+00.  Lack of positive definiteness.
    Line search step size 5.000000e-01.  Lack of positive definiteness.
    Line search step size 2.500000e-01.  Lack of positive definiteness.
    Line search step size 1.250000e-01.  Lack of positive definiteness.
    Line search step size chosen: 6.250000e-02.
  Objective value decreased by 3.396271e+01.
Newton iteration 2.
  Active set size = 27033.
  sub-gradient = 1.340064e+03, l1-norm of X = 4.708468e+01.
  Coordinate descent sweep 1. norm of D = 1.130047e+03, change in D = 1.130047e+03.
    Line search step size 1.000000e+00.  Lack of positive definiteness.
    Line search step size 5.000000e-01.  Lack of positive definiteness.
    Line search step size 2.500000e-01.  Lack of positive definiteness.
    Line search step size chosen: 1.250000e-01.
  Objective value decreased by 4.261628e+01.
Newton iteration 3.
  Active set size = 27033.
  sub-gradient = 1.075952e+03, l1-norm of X = 1.179135e+02.
  Coordinate descent sweep 1. norm of D = 7.790825e+02, change in D = 7.790825e+02.
  Coordinate descent sweep 2. norm of D = 7.661738e+02, change in D = 1.557759e+02.
    Line search step size 1.000000e+00.  Lack of positive definiteness.
    Line search step size chosen: 5.000000e-01.
  Objective value decreased by 6.055229e+01.
Newton iteration 4.
  Active set size = 27034.
  sub-gradient = 4.559928e+02, l1-norm of X = 2.774439e+02.
  Coordinate descent sweep 1. norm of D = 3.403359e+02, change in D = 3.403359e+02.
  Coordinate descent sweep 2. norm of D = 4.068437e+02, change in D = 1.061782e+02.
    Line search step size chosen: 1.000000e+00.
  Objective value decreased by 2.122914e+01.
Newton iteration 5.
  Active set size = 23397.
  sub-gradient = 9.143524e+01, l1-norm of X = 3.815577e+02.
  Coordinate descent sweep 1. norm of D = 8.157524e+01, change in D = 8.157524e+01.
  Coordinate descent sweep 2. norm of D = 1.115047e+02, change in D = 4.724935e+01.
    Line search step size chosen: 1.000000e+00.
  Objective value decreased by 3.465460e+00.
Newton iteration 6.
  Active set size = 23012.
  sub-gradient = 3.700070e+01, l1-norm of X = 3.944093e+02.
  Coordinate descent sweep 1. norm of D = 3.431637e+01, change in D = 3.431637e+01.
  Coordinate descent sweep 2. norm of D = 4.779105e+01, change in D = 2.330172e+01.
  Coordinate descent sweep 3. norm of D = 5.722206e+01, change in D = 1.679337e+01.
    Line search step size chosen: 1.000000e+00.
  Objective value decreased by 1.329877e+00.
Newton iteration 7.
  Active set size = 22862.
  sub-gradient = 1.372915e+01, l1-norm of X = 4.012455e+02.
  Coordinate descent sweep 1. norm of D = 1.334617e+01, change in D = 1.334617e+01.
  Coordinate descent sweep 2. norm of D = 1.948698e+01, change in D = 1.047179e+01.
  Coordinate descent sweep 3. norm of D = 2.417441e+01, change in D = 8.170828e+00.
    Line search step size chosen: 1.000000e+00.
  Objective value decreased by 3.805500e-01.
Newton iteration 8.
  Active set size = 22822.
  sub-gradient = 6.995330e+00, l1-norm of X = 4.038827e+02.
  Coordinate descent sweep 1. norm of D = 6.790350e+00, change in D = 6.790350e+00.
  Coordinate descent sweep 2. norm of D = 9.914661e+00, change in D = 5.439626e+00.
  Coordinate descent sweep 3. norm of D = 1.232431e+01, change in D = 4.415272e+00.
    Line search step size chosen: 1.000000e+00.
  Objective value decreased by 1.408239e-01.
Newton iteration 9.
  Active set size = 22806.
  sub-gradient = 3.775087e+00, l1-norm of X = 4.052096e+02.
  Coordinate descent sweep 1. norm of D = 3.520469e+00, change in D = 3.520469e+00.
  Coordinate descent sweep 2. norm of D = 5.202439e+00, change in D = 3.062067e+00.
  Coordinate descent sweep 3. norm of D = 6.616238e+00, change in D = 2.523227e+00.
  Coordinate descent sweep 4. norm of D = 7.707357e+00, change in D = 2.060446e+00.
    Line search step size chosen: 1.000000e+00.
  Objective value decreased by 6.443547e-02.
Newton iteration 10.
  Active set size = 22789.
  sub-gradient = 2.234986e+00, l1-norm of X = 4.061041e+02.
  Coordinate descent sweep 1. norm of D = 1.768442e+00, change in D = 1.768442e+00.
  Coordinate descent sweep 2. norm of D = 2.613314e+00, change in D = 1.584182e+00.
  Coordinate descent sweep 3. norm of D = 3.342261e+00, change in D = 1.351939e+00.
  Coordinate descent sweep 4. norm of D = 3.941661e+00, change in D = 1.181084e+00.
    Line search step size chosen: 1.000000e+00.
  Objective value decreased by 2.318097e-02.
Newton iteration 11.
  Active set size = 22788.
  sub-gradient = 1.107047e+00, l1-norm of X = 4.065446e+02.
  Coordinate descent sweep 1. norm of D = 1.038112e+00, change in D = 1.038112e+00.
  Coordinate descent sweep 2. norm of D = 1.559143e+00, change in D = 8.996791e-01.
  Coordinate descent sweep 3. norm of D = 2.001138e+00, change in D = 8.009659e-01.
  Coordinate descent sweep 4. norm of D = 2.362617e+00, change in D = 6.816130e-01.
    Line search step size chosen: 1.000000e+00.
  Objective value decreased by 9.531297e-03.
Newton iteration 12.
  Active set size = 22785.
  sub-gradient = 5.491025e-01, l1-norm of X = 4.067836e+02.
  Coordinate descent sweep 1. norm of D = 5.709620e-01, change in D = 5.709620e-01.
  Coordinate descent sweep 2. norm of D = 8.658708e-01, change in D = 5.268005e-01.
  Coordinate descent sweep 3. norm of D = 1.111563e+00, change in D = 4.500189e-01.
  Coordinate descent sweep 4. norm of D = 1.304335e+00, change in D = 3.812012e-01.
  Coordinate descent sweep 5. norm of D = 1.469518e+00, change in D = 3.708218e-01.
    Line search step size chosen: 1.000000e+00.
  Objective value decreased by 4.125204e-03.
Newton iteration 13.
  Active set size = 22784.
  sub-gradient = 3.311685e-01, l1-norm of X = 4.069395e+02.
  Coordinate descent sweep 1. norm of D = 3.186089e-01, change in D = 3.186089e-01.
  Coordinate descent sweep 2. norm of D = 4.826187e-01, change in D = 2.848450e-01.
  Coordinate descent sweep 3. norm of D = 6.130751e-01, change in D = 2.442168e-01.
  Coordinate descent sweep 4. norm of D = 7.207967e-01, change in D = 2.295759e-01.
  Coordinate descent sweep 5. norm of D = 8.225509e-01, change in D = 2.019406e-01.
    Line search step size chosen: 1.000000e+00.
  Objective value decreased by 1.544847e-03.
Newton iteration 14.
  Active set size = 22784.
  sub-gradient = 1.571651e-01, l1-norm of X = 4.070356e+02.
  Coordinate descent sweep 1. norm of D = 1.632870e-01, change in D = 1.632870e-01.
  Coordinate descent sweep 2. norm of D = 2.569434e-01, change in D = 1.607961e-01.
  Coordinate descent sweep 3. norm of D = 3.244440e-01, change in D = 1.350137e-01.
  Coordinate descent sweep 4. norm of D = 3.871113e-01, change in D = 1.334925e-01.
  Coordinate descent sweep 5. norm of D = 4.430840e-01, change in D = 1.172333e-01.
    Line search step size chosen: 1.000000e+00.
  Objective value decreased by 5.602972e-04.
Newton iteration 15.
  Active set size = 22784.
  sub-gradient = 1.015551e-01, l1-norm of X = 4.070841e+02.
  Coordinate descent sweep 1. norm of D = 1.011289e-01, change in D = 1.011289e-01.
  Coordinate descent sweep 2. norm of D = 1.484601e-01, change in D = 9.301846e-02.
  Coordinate descent sweep 3. norm of D = 1.956463e-01, change in D = 8.479442e-02.
  Coordinate descent sweep 4. norm of D = 2.265268e-01, change in D = 7.161386e-02.
  Coordinate descent sweep 5. norm of D = 2.612137e-01, change in D = 7.152942e-02.
  Coordinate descent sweep 6. norm of D = 2.835751e-01, change in D = 5.823479e-02.
    Line search step size chosen: 1.000000e+00.
  Objective value decreased by 2.450547e-04.
Newton iteration 16.
  Active set size = 22783.
  sub-gradient = 5.564973e-02, l1-norm of X = 4.071111e+02.
  Coordinate descent sweep 1. norm of D = 5.889184e-02, change in D = 5.889184e-02.
  Coordinate descent sweep 2. norm of D = 8.955843e-02, change in D = 5.156444e-02.
  Coordinate descent sweep 3. norm of D = 1.101962e-01, change in D = 4.250185e-02.
  Coordinate descent sweep 4. norm of D = 1.322171e-01, change in D = 4.366598e-02.
  Coordinate descent sweep 5. norm of D = 1.424821e-01, change in D = 3.412458e-02.
  Coordinate descent sweep 6. norm of D = 1.602737e-01, change in D = 3.482081e-02.
    Line search step size chosen: 1.000000e+00.
  Objective value decreased by 8.898459e-05.
Newton iteration 17.
  Active set size = 22783.
  sub-gradient = 2.650461e-02, l1-norm of X = 4.071306e+02.
  Coordinate descent sweep 1. norm of D = 3.050432e-02, change in D = 3.050432e-02.
  Coordinate descent sweep 2. norm of D = 4.482565e-02, change in D = 2.685544e-02.
  Coordinate descent sweep 3. norm of D = 5.814690e-02, change in D = 2.673984e-02.
  Coordinate descent sweep 4. norm of D = 6.909221e-02, change in D = 2.243545e-02.
  Coordinate descent sweep 5. norm of D = 7.859600e-02, change in D = 2.128787e-02.
  Coordinate descent sweep 6. norm of D = 8.671798e-02, change in D = 1.897414e-02.
    Line search step size chosen: 1.000000e+00.
  Objective value decreased by 2.937013e-05.
QUIC CPU time: 5199.060 seconds
