[1] "/work-zfs/abattle4/prashanthi/recount3/data/lung/GTEx/weighted_covariances/cov_1.rds"
[1] "Data read complete"
Running QUIC version 1.1 in 'default' mode.
Newton iteration 1.
  X is a diagonal matrix.
    Line search step size 1.000000e+00.  Lack of positive definiteness.
    Line search step size 5.000000e-01.  Lack of positive definiteness.
    Line search step size chosen: 2.500000e-01.
  Objective value decreased by 6.024037e+00.
Newton iteration 2.
  Active set size = 9545.
  sub-gradient = 5.521751e+01, l1-norm of X = 2.181098e+01.
  Coordinate descent sweep 1. norm of D = 4.975091e+01, change in D = 4.975091e+01.
    Line search step size chosen: 1.000000e+00.
  Objective value decreased by 3.330199e+00.
Newton iteration 3.
  Active set size = 9493.
  sub-gradient = 9.947013e+01, l1-norm of X = 6.856335e+01.
  Coordinate descent sweep 1. norm of D = 1.710292e+01, change in D = 1.710292e+01.
  Coordinate descent sweep 2. norm of D = 1.677910e+01, change in D = 6.822140e+00.
    Line search step size chosen: 1.000000e+00.
  Objective value decreased by 1.508029e+00.
Newton iteration 4.
  Active set size = 9463.
  sub-gradient = 3.029242e+01, l1-norm of X = 6.570212e+01.
  Coordinate descent sweep 1. norm of D = 7.615276e+00, change in D = 7.615276e+00.
  Coordinate descent sweep 2. norm of D = 7.598605e+00, change in D = 3.725248e+00.
    Line search step size chosen: 1.000000e+00.
  Objective value decreased by 3.551600e-01.
Newton iteration 5.
  Active set size = 9455.
  sub-gradient = 7.352678e+00, l1-norm of X = 6.415370e+01.
  Coordinate descent sweep 1. norm of D = 3.036711e+00, change in D = 3.036711e+00.
  Coordinate descent sweep 2. norm of D = 3.168515e+00, change in D = 1.516992e+00.
    Line search step size chosen: 1.000000e+00.
  Objective value decreased by 5.725059e-02.
Newton iteration 6.
  Active set size = 9448.
  sub-gradient = 1.161638e+00, l1-norm of X = 6.374212e+01.
  Coordinate descent sweep 1. norm of D = 7.329712e-01, change in D = 7.329712e-01.
  Coordinate descent sweep 2. norm of D = 8.618272e-01, change in D = 3.652563e-01.
  Coordinate descent sweep 3. norm of D = 9.437185e-01, change in D = 1.757447e-01.
    Line search step size chosen: 1.000000e+00.
  Objective value decreased by 3.787804e-03.
Newton iteration 7.
  Active set size = 9445.
  sub-gradient = 1.075600e-01, l1-norm of X = 6.372535e+01.
  Coordinate descent sweep 1. norm of D = 9.794796e-02, change in D = 9.794796e-02.
  Coordinate descent sweep 2. norm of D = 1.231929e-01, change in D = 4.804429e-02.
  Coordinate descent sweep 3. norm of D = 1.358693e-01, change in D = 2.416129e-02.
    Line search step size chosen: 1.000000e+00.
  Objective value decreased by 8.782985e-05.
Newton iteration 8.
  Active set size = 9446.
  sub-gradient = 1.411628e-02, l1-norm of X = 6.374322e+01.
  Coordinate descent sweep 1. norm of D = 1.254783e-02, change in D = 1.254783e-02.
  Coordinate descent sweep 2. norm of D = 1.625880e-02, change in D = 6.772447e-03.
  Coordinate descent sweep 3. norm of D = 1.822256e-02, change in D = 3.151811e-03.
    Line search step size chosen: 1.000000e+00.
  Objective value decreased by 1.787655e-06.
Newton iteration 9.
  Active set size = 9446.
  sub-gradient = 1.753562e-03, l1-norm of X = 6.374661e+01.
  Coordinate descent sweep 1. norm of D = 1.793025e-03, change in D = 1.793025e-03.
  Coordinate descent sweep 2. norm of D = 2.278716e-03, change in D = 8.798518e-04.
  Coordinate descent sweep 3. norm of D = 2.569215e-03, change in D = 5.432401e-04.
  Coordinate descent sweep 4. norm of D = 2.726169e-03, change in D = 3.255941e-04.
    Line search step size chosen: 1.000000e+00.
  Objective value decreased by 5.547918e-08.
QUIC CPU time: 2569.100 seconds
