[1] "/work-zfs/abattle4/prashanthi/recount3/data/lung/GTEx/weighted_covariances/cov_1.rds"
[1] "Data read complete"
Running QUIC version 1.1 in 'default' mode.
Newton iteration 1.
  X is a diagonal matrix.
    Line search step size chosen: 1.000000e+00.
  Objective value decreased by 8.616889e-02.
Newton iteration 2.
  Active set size = 8976.
  sub-gradient = 1.561021e+02, l1-norm of X = 2.451565e+01.
  Coordinate descent sweep 1. norm of D = 5.093676e+00, change in D = 5.093676e+00.
    Line search step size chosen: 1.000000e+00.
  Objective value decreased by 8.251693e-01.
Newton iteration 3.
  Active set size = 8967.
  sub-gradient = 7.189563e+01, l1-norm of X = 2.260961e+01.
  Coordinate descent sweep 1. norm of D = 1.800871e+00, change in D = 1.800871e+00.
  Coordinate descent sweep 2. norm of D = 2.037080e+00, change in D = 4.929703e-01.
    Line search step size chosen: 1.000000e+00.
  Objective value decreased by 5.467221e-01.
Newton iteration 4.
  Active set size = 8967.
  sub-gradient = 3.365543e+01, l1-norm of X = 2.258674e+01.
  Coordinate descent sweep 1. norm of D = 8.593538e-01, change in D = 8.593538e-01.
  Coordinate descent sweep 2. norm of D = 8.864441e-01, change in D = 3.921996e-01.
    Line search step size chosen: 1.000000e+00.
  Objective value decreased by 3.835443e-01.
Newton iteration 5.
  Active set size = 8967.
  sub-gradient = 1.510018e+01, l1-norm of X = 2.223128e+01.
  Coordinate descent sweep 1. norm of D = 1.488261e+00, change in D = 1.488261e+00.
  Coordinate descent sweep 2. norm of D = 1.156549e+00, change in D = 7.224205e-01.
    Line search step size chosen: 1.000000e+00.
  Objective value decreased by 2.839469e-01.
Newton iteration 6.
  Active set size = 8967.
  sub-gradient = 5.763087e+00, l1-norm of X = 2.175387e+01.
  Coordinate descent sweep 1. norm of D = 9.687332e-01, change in D = 9.687332e-01.
  Coordinate descent sweep 2. norm of D = 1.077536e+00, change in D = 5.298299e-01.
  Coordinate descent sweep 3. norm of D = 1.118193e+00, change in D = 2.435014e-01.
    Line search step size chosen: 1.000000e+00.
  Objective value decreased by 1.215726e-01.
Newton iteration 7.
  Active set size = 8966.
  sub-gradient = 1.566022e+00, l1-norm of X = 2.119336e+01.
  Coordinate descent sweep 1. norm of D = 4.384045e-01, change in D = 4.384045e-01.
  Coordinate descent sweep 2. norm of D = 3.636796e-01, change in D = 2.623690e-01.
  Coordinate descent sweep 3. norm of D = 3.659525e-01, change in D = 1.218469e-01.
    Line search step size chosen: 1.000000e+00.
  Objective value decreased by 1.479337e-02.
Newton iteration 8.
  Active set size = 8966.
  sub-gradient = 1.973092e-01, l1-norm of X = 2.087928e+01.
  Coordinate descent sweep 1. norm of D = 8.714319e-02, change in D = 8.714319e-02.
  Coordinate descent sweep 2. norm of D = 7.568468e-02, change in D = 4.294047e-02.
  Coordinate descent sweep 3. norm of D = 8.089772e-02, change in D = 1.383909e-02.
    Line search step size chosen: 1.000000e+00.
  Objective value decreased by 3.661347e-04.
Newton iteration 9.
  Active set size = 8966.
  sub-gradient = 5.141130e-03, l1-norm of X = 2.083190e+01.
  Coordinate descent sweep 1. norm of D = 4.460496e-03, change in D = 4.460496e-03.
  Coordinate descent sweep 2. norm of D = 5.775456e-03, change in D = 2.161496e-03.
  Coordinate descent sweep 3. norm of D = 6.001702e-03, change in D = 5.143299e-04.
  Coordinate descent sweep 4. norm of D = 6.058073e-03, change in D = 2.605452e-04.
    Line search step size chosen: 1.000000e+00.
  Objective value decreased by 1.051636e-06.
Newton iteration 10.
  Active set size = 8966.
  sub-gradient = 9.814084e-05, l1-norm of X = 2.083189e+01.
  Coordinate descent sweep 1. norm of D = 7.550155e-05, change in D = 7.550155e-05.
  Coordinate descent sweep 2. norm of D = 9.377950e-05, change in D = 3.601520e-05.
  Coordinate descent sweep 3. norm of D = 1.020148e-04, change in D = 1.514322e-05.
  Coordinate descent sweep 4. norm of D = 1.023176e-04, change in D = 5.459057e-06.
    Line search step size chosen: 1.000000e+00.
  Objective value decreased by 5.056791e-10.
QUIC CPU time: 3182.110 seconds
