[1] "/work-zfs/abattle4/prashanthi/recount3/data/lung/GTEx/weighted_covariances/cov_1.rds"
[1] "Data read complete"
Running QUIC version 1.1 in 'default' mode.
Newton iteration 1.
  X is a diagonal matrix.
    Line search step size chosen: 1.000000e+00.
  Objective value decreased by 3.233917e-04.
Newton iteration 2.
  Active set size = 8772.
  sub-gradient = 6.503937e-04, l1-norm of X = 7.308302e-02.
  Coordinate descent sweep 1. norm of D = 6.497435e-04, change in D = 6.497435e-04.
    Line search step size chosen: 1.000000e+00.
  Objective value decreased by 3.197420e-08.
Newton iteration 3.
  Active set size = 8772.
  sub-gradient = 4.742846e-06, l1-norm of X = 7.307984e-02.
  Coordinate descent sweep 1. norm of D = 4.911486e-06, change in D = 4.911486e-06.
  Coordinate descent sweep 2. norm of D = 4.926192e-06, change in D = 1.786274e-08.
    Line search step size chosen: 1.000000e+00.
  Objective value decreased by 1.091394e-11.
QUIC CPU time: 877.660 seconds
