[1] "/data/abattle4/prashanthi/recount3/data/central_nervous_system/all/weighted_covariances/only_sra/cov_40.rds"
[1] "Data read complete"
Running QUIC version 1.1 in 'default' mode.
Newton iteration 1.
  X is a diagonal matrix.
    Line search step size 1.000000e+00.  Lack of positive definiteness.
    Line search step size chosen: 5.000000e-01.
  Objective value decreased by 4.479912e+00.
Newton iteration 2.
  Active set size = 10830.
  sub-gradient = 3.837497e+02, l1-norm of X = 3.650843e+01.
  Coordinate descent sweep 1. norm of D = 3.000377e+01, change in D = 3.000377e+01.
    Line search step size chosen: 1.000000e+00.
  Objective value decreased by 1.540260e+00.
Newton iteration 3.
  Active set size = 10638.
  sub-gradient = 1.698276e+02, l1-norm of X = 5.064956e+01.
  Coordinate descent sweep 1. norm of D = 1.125083e+01, change in D = 1.125083e+01.
  Coordinate descent sweep 2. norm of D = 1.202329e+01, change in D = 4.275429e+00.
    Line search step size chosen: 1.000000e+00.
  Objective value decreased by 6.543683e-01.
Newton iteration 4.
  Active set size = 10558.
  sub-gradient = 6.821475e+01, l1-norm of X = 5.076297e+01.
  Coordinate descent sweep 1. norm of D = 4.444300e+00, change in D = 4.444300e+00.
  Coordinate descent sweep 2. norm of D = 4.528758e+00, change in D = 2.773887e+00.
    Line search step size chosen: 1.000000e+00.
  Objective value decreased by 3.488578e-01.
Newton iteration 5.
  Active set size = 10531.
  sub-gradient = 2.529674e+01, l1-norm of X = 5.057541e+01.
  Coordinate descent sweep 1. norm of D = 3.387785e+00, change in D = 3.387785e+00.
  Coordinate descent sweep 2. norm of D = 2.992858e+00, change in D = 2.252499e+00.
    Line search step size chosen: 1.000000e+00.
  Objective value decreased by 1.580293e-01.
Newton iteration 6.
  Active set size = 10514.
  sub-gradient = 7.547918e+00, l1-norm of X = 5.019644e+01.
  Coordinate descent sweep 1. norm of D = 1.671581e+00, change in D = 1.671581e+00.
  Coordinate descent sweep 2. norm of D = 1.499006e+00, change in D = 8.427011e-01.
  Coordinate descent sweep 3. norm of D = 1.551752e+00, change in D = 3.835820e-01.
    Line search step size chosen: 1.000000e+00.
  Objective value decreased by 3.295841e-02.
Newton iteration 7.
  Active set size = 10506.
  sub-gradient = 1.247901e+00, l1-norm of X = 4.989209e+01.
  Coordinate descent sweep 1. norm of D = 3.344577e-01, change in D = 3.344577e-01.
  Coordinate descent sweep 2. norm of D = 2.791623e-01, change in D = 2.201735e-01.
  Coordinate descent sweep 3. norm of D = 2.807307e-01, change in D = 8.625082e-02.
    Line search step size chosen: 1.000000e+00.
  Objective value decreased by 1.287538e-03.
Newton iteration 8.
  Active set size = 10508.
  sub-gradient = 7.144879e-02, l1-norm of X = 4.982324e+01.
  Coordinate descent sweep 1. norm of D = 4.330092e-02, change in D = 4.330092e-02.
  Coordinate descent sweep 2. norm of D = 4.694720e-02, change in D = 1.580121e-02.
  Coordinate descent sweep 3. norm of D = 4.896108e-02, change in D = 6.241821e-03.
    Line search step size chosen: 1.000000e+00.
  Objective value decreased by 1.681234e-05.
Newton iteration 9.
  Active set size = 10508.
  sub-gradient = 2.563107e-03, l1-norm of X = 4.981969e+01.
  Coordinate descent sweep 1. norm of D = 2.537279e-03, change in D = 2.537279e-03.
  Coordinate descent sweep 2. norm of D = 2.883358e-03, change in D = 1.079340e-03.
  Coordinate descent sweep 3. norm of D = 3.021009e-03, change in D = 4.116901e-04.
  Coordinate descent sweep 4. norm of D = 3.075781e-03, change in D = 1.943408e-04.
    Line search step size chosen: 1.000000e+00.
  Objective value decreased by 4.987851e-08.
QUIC CPU time: 4516.532 seconds
