[1] "/data/abattle4/prashanthi/recount3/data/central_nervous_system/all/weighted_covariances/only_sra/cov_40.rds"
[1] "Data read complete"
Running QUIC version 1.1 in 'default' mode.
Newton iteration 1.
  X is a diagonal matrix.
    Line search step size chosen: 1.000000e+00.
  Objective value decreased by 1.260479e+00.
Newton iteration 2.
  Active set size = 9278.
  sub-gradient = 1.702558e+01, l1-norm of X = 1.639310e+01.
  Coordinate descent sweep 1. norm of D = 4.999390e+00, change in D = 4.999390e+00.
    Line search step size chosen: 1.000000e+00.
  Objective value decreased by 2.212837e-01.
Newton iteration 3.
  Active set size = 9258.
  sub-gradient = 4.172766e+00, l1-norm of X = 1.455499e+01.
  Coordinate descent sweep 1. norm of D = 2.591351e+00, change in D = 2.591351e+00.
  Coordinate descent sweep 2. norm of D = 2.712106e+00, change in D = 8.846886e-01.
    Line search step size chosen: 1.000000e+00.
  Objective value decreased by 8.034811e-02.
Newton iteration 4.
  Active set size = 9252.
  sub-gradient = 8.689947e-01, l1-norm of X = 1.432138e+01.
  Coordinate descent sweep 1. norm of D = 5.195376e-01, change in D = 5.195376e-01.
  Coordinate descent sweep 2. norm of D = 4.851212e-01, change in D = 2.009282e-01.
    Line search step size chosen: 1.000000e+00.
  Objective value decreased by 4.679593e-03.
Newton iteration 5.
  Active set size = 9250.
  sub-gradient = 1.395730e-01, l1-norm of X = 1.424454e+01.
  Coordinate descent sweep 1. norm of D = 9.341620e-02, change in D = 9.341620e-02.
  Coordinate descent sweep 2. norm of D = 9.022973e-02, change in D = 3.426916e-02.
    Line search step size chosen: 1.000000e+00.
  Objective value decreased by 2.101122e-04.
Newton iteration 6.
  Active set size = 9250.
  sub-gradient = 9.804472e-03, l1-norm of X = 1.422517e+01.
  Coordinate descent sweep 1. norm of D = 9.806624e-03, change in D = 9.806624e-03.
  Coordinate descent sweep 2. norm of D = 1.124030e-02, change in D = 3.118513e-03.
  Coordinate descent sweep 3. norm of D = 1.165796e-02, change in D = 1.062085e-03.
    Line search step size chosen: 1.000000e+00.
  Objective value decreased by 2.358242e-06.
Newton iteration 7.
  Active set size = 9250.
  sub-gradient = 3.929790e-04, l1-norm of X = 1.422406e+01.
  Coordinate descent sweep 1. norm of D = 3.478836e-04, change in D = 3.478836e-04.
  Coordinate descent sweep 2. norm of D = 3.715492e-04, change in D = 1.242330e-04.
  Coordinate descent sweep 3. norm of D = 3.803038e-04, change in D = 3.770358e-05.
    Line search step size chosen: 1.000000e+00.
  Objective value decreased by 2.784873e-09.
QUIC CPU time: 3224.544 seconds
