[1] "/data/abattle4/prashanthi/recount3/data/central_nervous_system/all/weighted_covariances/only_sra/cov_40.rds"
[1] "Data read complete"
Running QUIC version 1.1 in 'default' mode.
Newton iteration 1.
  X is a diagonal matrix.
    Line search step size chosen: 1.000000e+00.
  Objective value decreased by 9.534999e-01.
Newton iteration 2.
  Active set size = 9157.
  sub-gradient = 6.357417e+00, l1-norm of X = 1.121870e+01.
  Coordinate descent sweep 1. norm of D = 3.214464e+00, change in D = 3.214464e+00.
    Line search step size chosen: 1.000000e+00.
  Objective value decreased by 8.628131e-02.
Newton iteration 3.
  Active set size = 9144.
  sub-gradient = 9.297025e-01, l1-norm of X = 1.008434e+01.
  Coordinate descent sweep 1. norm of D = 9.187458e-01, change in D = 9.187458e-01.
  Coordinate descent sweep 2. norm of D = 1.039292e+00, change in D = 2.323872e-01.
    Line search step size chosen: 1.000000e+00.
  Objective value decreased by 1.116902e-02.
Newton iteration 4.
  Active set size = 9139.
  sub-gradient = 6.748171e-02, l1-norm of X = 1.017969e+01.
  Coordinate descent sweep 1. norm of D = 6.604523e-02, change in D = 6.604523e-02.
  Coordinate descent sweep 2. norm of D = 7.417896e-02, change in D = 1.944777e-02.
    Line search step size chosen: 1.000000e+00.
  Objective value decreased by 1.138324e-04.
Newton iteration 5.
  Active set size = 9139.
  sub-gradient = 6.654931e-03, l1-norm of X = 1.018864e+01.
  Coordinate descent sweep 1. norm of D = 6.452257e-03, change in D = 6.452257e-03.
  Coordinate descent sweep 2. norm of D = 7.464679e-03, change in D = 1.671787e-03.
    Line search step size chosen: 1.000000e+00.
  Objective value decreased by 1.618850e-06.
Newton iteration 6.
  Active set size = 9139.
  sub-gradient = 7.626457e-04, l1-norm of X = 1.018889e+01.
  Coordinate descent sweep 1. norm of D = 8.510122e-04, change in D = 8.510122e-04.
  Coordinate descent sweep 2. norm of D = 1.062254e-03, change in D = 2.486768e-04.
  Coordinate descent sweep 3. norm of D = 1.132441e-03, change in D = 7.577508e-05.
    Line search step size chosen: 1.000000e+00.
  Objective value decreased by 7.130620e-08.
QUIC CPU time: 2763.496 seconds
