[1] "/data/abattle4/prashanthi/recount3/data/central_nervous_system/all/weighted_covariances/only_sra/cov_40.rds"
[1] "Data read complete"
Running QUIC version 1.1 in 'default' mode.
Newton iteration 1.
  X is a diagonal matrix.
    Line search step size chosen: 1.000000e+00.
  Objective value decreased by 9.018679e-02.
Newton iteration 2.
  Active set size = 8927.
  sub-gradient = 1.981972e-01, l1-norm of X = 1.031170e+00.
  Coordinate descent sweep 1. norm of D = 1.821501e-01, change in D = 1.821501e-01.
    Line search step size chosen: 1.000000e+00.
  Objective value decreased by 1.747424e-03.
Newton iteration 3.
  Active set size = 8927.
  sub-gradient = 1.450783e-02, l1-norm of X = 1.032831e+00.
  Coordinate descent sweep 1. norm of D = 1.658996e-02, change in D = 1.658996e-02.
  Coordinate descent sweep 2. norm of D = 2.041268e-02, change in D = 4.192169e-03.
    Line search step size chosen: 1.000000e+00.
  Objective value decreased by 4.379349e-05.
Newton iteration 4.
  Active set size = 8927.
  sub-gradient = 7.084430e-04, l1-norm of X = 1.045901e+00.
  Coordinate descent sweep 1. norm of D = 8.020859e-04, change in D = 8.020859e-04.
  Coordinate descent sweep 2. norm of D = 8.758013e-04, change in D = 7.380306e-05.
    Line search step size chosen: 1.000000e+00.
  Objective value decreased by 4.953472e-08.
Newton iteration 5.
  Active set size = 8927.
  sub-gradient = 7.466915e-06, l1-norm of X = 1.046068e+00.
  Coordinate descent sweep 1. norm of D = 7.701663e-06, change in D = 7.701663e-06.
  Coordinate descent sweep 2. norm of D = 1.154393e-05, change in D = 4.057581e-06.
    Line search step size chosen: 1.000000e+00.
  Objective value decreased by 1.818989e-11.
QUIC CPU time: 2340.687 seconds
