[1] "sra_normal" "450"        "0.60"      
[1] "Data read complete"
Running QUIC version 1.1 in 'default' mode.
Newton iteration 1.
  X is a diagonal matrix.
    Line search step size chosen: 1.000000e+00.
  Objective value decreased by 1.573529e-01.
Newton iteration 2.
  Active set size = 5785.
  sub-gradient = 3.678449e-01, l1-norm of X = 1.568469e+00.
  Coordinate descent sweep 1. norm of D = 3.220579e-01, change in D = 3.220579e-01.
    Line search step size chosen: 1.000000e+00.
  Objective value decreased by 4.259733e-03.
Newton iteration 3.
  Active set size = 5785.
  sub-gradient = 2.827484e-02, l1-norm of X = 1.561493e+00.
  Coordinate descent sweep 1. norm of D = 3.668124e-02, change in D = 3.668124e-02.
  Coordinate descent sweep 2. norm of D = 4.350566e-02, change in D = 6.914132e-03.
    Line search step size chosen: 1.000000e+00.
  Objective value decreased by 1.297063e-04.
Newton iteration 4.
  Active set size = 5785.
  sub-gradient = 8.429639e-04, l1-norm of X = 1.587545e+00.
  Coordinate descent sweep 1. norm of D = 8.852840e-04, change in D = 8.852840e-04.
  Coordinate descent sweep 2. norm of D = 1.183603e-03, change in D = 2.997584e-04.
    Line search step size chosen: 1.000000e+00.
  Objective value decreased by 1.211465e-07.
Newton iteration 5.
  Active set size = 5785.
  sub-gradient = 6.884543e-05, l1-norm of X = 1.588002e+00.
  Coordinate descent sweep 1. norm of D = 6.679610e-05, change in D = 6.679610e-05.
  Coordinate descent sweep 2. norm of D = 1.057969e-04, change in D = 4.979109e-05.
    Line search step size chosen: 1.000000e+00.
  Objective value decreased by 2.875822e-09.
QUIC CPU time: 432.380 seconds
