[1] "sra_normal" "450"        "0.68"      
[1] "Data read complete"
Running QUIC version 1.1 in 'default' mode.
Newton iteration 1.
  X is a diagonal matrix.
    Line search step size chosen: 1.000000e+00.
  Objective value decreased by 3.603986e-02.
Newton iteration 2.
  Active set size = 5773.
  sub-gradient = 7.727067e-02, l1-norm of X = 5.361935e-01.
  Coordinate descent sweep 1. norm of D = 7.466769e-02, change in D = 7.466769e-02.
    Line search step size chosen: 1.000000e+00.
  Objective value decreased by 4.393253e-04.
Newton iteration 3.
  Active set size = 5773.
  sub-gradient = 3.029304e-03, l1-norm of X = 5.398045e-01.
  Coordinate descent sweep 1. norm of D = 3.155896e-03, change in D = 3.155896e-03.
  Coordinate descent sweep 2. norm of D = 3.494479e-03, change in D = 3.403122e-04.
    Line search step size chosen: 1.000000e+00.
  Objective value decreased by 1.230927e-06.
Newton iteration 4.
  Active set size = 5773.
  sub-gradient = 1.732052e-05, l1-norm of X = 5.414367e-01.
  Coordinate descent sweep 1. norm of D = 2.126865e-05, change in D = 2.126865e-05.
  Coordinate descent sweep 2. norm of D = 2.269051e-05, change in D = 1.427110e-06.
    Line search step size chosen: 1.000000e+00.
  Objective value decreased by 8.003553e-11.
QUIC CPU time: 362.540 seconds
