[1] "/data/abattle4/prashanthi/recount3/data/pbmcs_t_cells/all/weighted_covariances/cov_58.rds"
[1] "Data read complete"
Running QUIC version 1.1 in 'default' mode.
Newton iteration 1.
  X is a diagonal matrix.
    Line search step size 1.000000e+00.  Lack of positive definiteness.
    Line search step size 5.000000e-01.  Lack of positive definiteness.
    Line search step size 2.500000e-01.  Lack of positive definiteness.
    Line search step size 1.250000e-01.  Lack of positive definiteness.
    Line search step size chosen: 6.250000e-02.
  Objective value decreased by 1.242396e+01.
Newton iteration 2.
  Active set size = 15310.
  sub-gradient = 5.563209e+02, l1-norm of X = 2.030805e+01.
  Coordinate descent sweep 1. norm of D = 3.742923e+02, change in D = 3.742923e+02.
    Line search step size 1.000000e+00.  Lack of positive definiteness.
    Line search step size 5.000000e-01.  Lack of positive definiteness.
    Line search step size chosen: 2.500000e-01.
  Objective value decreased by 1.721751e+01.
Newton iteration 3.
  Active set size = 15320.
  sub-gradient = 6.999992e+02, l1-norm of X = 6.590045e+01.
  Coordinate descent sweep 1. norm of D = 1.852444e+02, change in D = 1.852444e+02.
  Coordinate descent sweep 2. norm of D = 1.920865e+02, change in D = 4.410837e+01.
    Line search step size chosen: 1.000000e+00.
  Objective value decreased by 1.254040e+01.
Newton iteration 4.
  Active set size = 13358.
  sub-gradient = 2.345705e+02, l1-norm of X = 1.303927e+02.
  Coordinate descent sweep 1. norm of D = 4.795620e+01, change in D = 4.795620e+01.
  Coordinate descent sweep 2. norm of D = 5.132918e+01, change in D = 2.392379e+01.
    Line search step size chosen: 1.000000e+00.
  Objective value decreased by 1.791191e+00.
Newton iteration 5.
  Active set size = 12957.
  sub-gradient = 5.096852e+01, l1-norm of X = 1.289220e+02.
  Coordinate descent sweep 1. norm of D = 1.764508e+01, change in D = 1.764508e+01.
  Coordinate descent sweep 2. norm of D = 2.115050e+01, change in D = 1.011018e+01.
    Line search step size chosen: 1.000000e+00.
  Objective value decreased by 4.489214e-01.
Newton iteration 6.
  Active set size = 12846.
  sub-gradient = 9.769446e+00, l1-norm of X = 1.293576e+02.
  Coordinate descent sweep 1. norm of D = 7.143423e+00, change in D = 7.143423e+00.
  Coordinate descent sweep 2. norm of D = 9.489123e+00, change in D = 4.754800e+00.
  Coordinate descent sweep 3. norm of D = 1.083396e+01, change in D = 3.242428e+00.
    Line search step size chosen: 1.000000e+00.
  Objective value decreased by 1.632144e-01.
Newton iteration 7.
  Active set size = 12831.
  sub-gradient = 2.638074e+00, l1-norm of X = 1.301099e+02.
  Coordinate descent sweep 1. norm of D = 2.622813e+00, change in D = 2.622813e+00.
  Coordinate descent sweep 2. norm of D = 3.559271e+00, change in D = 1.908962e+00.
  Coordinate descent sweep 3. norm of D = 4.128575e+00, change in D = 1.417798e+00.
    Line search step size chosen: 1.000000e+00.
  Objective value decreased by 3.725958e-02.
Newton iteration 8.
  Active set size = 12806.
  sub-gradient = 1.331847e+00, l1-norm of X = 1.304432e+02.
  Coordinate descent sweep 1. norm of D = 1.191345e+00, change in D = 1.191345e+00.
  Coordinate descent sweep 2. norm of D = 1.574603e+00, change in D = 9.278434e-01.
  Coordinate descent sweep 3. norm of D = 1.867281e+00, change in D = 7.005070e-01.
    Line search step size chosen: 1.000000e+00.
  Objective value decreased by 1.023137e-02.
Newton iteration 9.
  Active set size = 12795.
  sub-gradient = 6.135077e-01, l1-norm of X = 1.305930e+02.
  Coordinate descent sweep 1. norm of D = 5.935471e-01, change in D = 5.935471e-01.
  Coordinate descent sweep 2. norm of D = 7.827067e-01, change in D = 4.668145e-01.
  Coordinate descent sweep 3. norm of D = 9.471746e-01, change in D = 4.042434e-01.
  Coordinate descent sweep 4. norm of D = 1.058347e+00, change in D = 3.177890e-01.
    Line search step size chosen: 1.000000e+00.
  Objective value decreased by 3.681786e-03.
Newton iteration 10.
  Active set size = 12791.
  sub-gradient = 2.576745e-01, l1-norm of X = 1.306739e+02.
  Coordinate descent sweep 1. norm of D = 2.569604e-01, change in D = 2.569604e-01.
  Coordinate descent sweep 2. norm of D = 3.571739e-01, change in D = 2.301001e-01.
  Coordinate descent sweep 3. norm of D = 4.157185e-01, change in D = 1.911539e-01.
  Coordinate descent sweep 4. norm of D = 4.567030e-01, change in D = 1.758456e-01.
    Line search step size chosen: 1.000000e+00.
  Objective value decreased by 9.034256e-04.
Newton iteration 11.
  Active set size = 12788.
  sub-gradient = 1.464620e-01, l1-norm of X = 1.307010e+02.
  Coordinate descent sweep 1. norm of D = 1.408493e-01, change in D = 1.408493e-01.
  Coordinate descent sweep 2. norm of D = 1.959702e-01, change in D = 1.244508e-01.
  Coordinate descent sweep 3. norm of D = 2.280108e-01, change in D = 1.089518e-01.
  Coordinate descent sweep 4. norm of D = 2.534621e-01, change in D = 8.663756e-02.
    Line search step size chosen: 1.000000e+00.
  Objective value decreased by 2.859221e-04.
Newton iteration 12.
  Active set size = 12788.
  sub-gradient = 7.783713e-02, l1-norm of X = 1.307165e+02.
  Coordinate descent sweep 1. norm of D = 7.665564e-02, change in D = 7.665564e-02.
  Coordinate descent sweep 2. norm of D = 1.006095e-01, change in D = 5.981996e-02.
  Coordinate descent sweep 3. norm of D = 1.182191e-01, change in D = 5.605447e-02.
  Coordinate descent sweep 4. norm of D = 1.301352e-01, change in D = 4.640577e-02.
  Coordinate descent sweep 5. norm of D = 1.402759e-01, change in D = 4.158842e-02.
    Line search step size chosen: 1.000000e+00.
  Objective value decreased by 9.951961e-05.
Newton iteration 13.
  Active set size = 12787.
  sub-gradient = 4.503994e-02, l1-norm of X = 1.307241e+02.
  Coordinate descent sweep 1. norm of D = 3.821670e-02, change in D = 3.821670e-02.
  Coordinate descent sweep 2. norm of D = 4.770226e-02, change in D = 3.151719e-02.
  Coordinate descent sweep 3. norm of D = 5.565757e-02, change in D = 2.730894e-02.
  Coordinate descent sweep 4. norm of D = 6.153039e-02, change in D = 2.526266e-02.
  Coordinate descent sweep 5. norm of D = 6.429410e-02, change in D = 1.876896e-02.
    Line search step size chosen: 1.000000e+00.
  Objective value decreased by 2.481952e-05.
Newton iteration 14.
  Active set size = 12788.
  sub-gradient = 2.053459e-02, l1-norm of X = 1.307280e+02.
  Coordinate descent sweep 1. norm of D = 1.635858e-02, change in D = 1.635858e-02.
  Coordinate descent sweep 2. norm of D = 2.386986e-02, change in D = 1.701740e-02.
  Coordinate descent sweep 3. norm of D = 2.510735e-02, change in D = 1.232892e-02.
  Coordinate descent sweep 4. norm of D = 2.846922e-02, change in D = 1.201780e-02.
  Coordinate descent sweep 5. norm of D = 3.042837e-02, change in D = 1.068253e-02.
    Line search step size chosen: 1.000000e+00.
  Objective value decreased by 5.760318e-06.
Newton iteration 15.
  Active set size = 12787.
  sub-gradient = 2.447943e-02, l1-norm of X = 1.307294e+02.
  Coordinate descent sweep 1. norm of D = 9.377337e-03, change in D = 9.377337e-03.
  Coordinate descent sweep 2. norm of D = 1.193643e-02, change in D = 8.123924e-03.
  Coordinate descent sweep 3. norm of D = 1.304066e-02, change in D = 5.988957e-03.
  Coordinate descent sweep 4. norm of D = 1.470324e-02, change in D = 6.207792e-03.
  Coordinate descent sweep 5. norm of D = 1.528434e-02, change in D = 5.119548e-03.
  Coordinate descent sweep 6. norm of D = 1.553003e-02, change in D = 4.045339e-03.
    Line search step size chosen: 1.000000e+00.
  Objective value decreased by 1.686543e-06.
Newton iteration 16.
  Active set size = 12787.
  sub-gradient = 5.604533e-03, l1-norm of X = 1.307302e+02.
  Coordinate descent sweep 1. norm of D = 3.927270e-03, change in D = 3.927270e-03.
  Coordinate descent sweep 2. norm of D = 4.682309e-03, change in D = 3.552601e-03.
  Coordinate descent sweep 3. norm of D = 5.380625e-03, change in D = 2.975764e-03.
  Coordinate descent sweep 4. norm of D = 6.090166e-03, change in D = 2.677850e-03.
  Coordinate descent sweep 5. norm of D = 6.278447e-03, change in D = 2.072470e-03.
  Coordinate descent sweep 6. norm of D = 6.653574e-03, change in D = 2.137361e-03.
    Line search step size chosen: 1.000000e+00.
  Objective value decreased by 3.116929e-07.
QUIC CPU time: 4489.205 seconds
