[1] "/data/abattle4/prashanthi/recount3/data/pbmcs_t_cells/all/weighted_covariances/cov_58.rds"
[1] "Data read complete"
Running QUIC version 1.1 in 'default' mode.
Newton iteration 1.
  X is a diagonal matrix.
    Line search step size 1.000000e+00.  Lack of positive definiteness.
    Line search step size 5.000000e-01.  Lack of positive definiteness.
    Line search step size chosen: 2.500000e-01.
  Objective value decreased by 3.318023e+00.
Newton iteration 2.
  Active set size = 7850.
  sub-gradient = 7.132572e+01, l1-norm of X = 1.413850e+01.
  Coordinate descent sweep 1. norm of D = 2.011679e+01, change in D = 2.011679e+01.
    Line search step size chosen: 1.000000e+00.
  Objective value decreased by 1.725954e+00.
Newton iteration 3.
  Active set size = 7729.
  sub-gradient = 2.356541e+01, l1-norm of X = 2.580182e+01.
  Coordinate descent sweep 1. norm of D = 8.493637e+00, change in D = 8.493637e+00.
  Coordinate descent sweep 2. norm of D = 9.288687e+00, change in D = 3.255839e+00.
    Line search step size chosen: 1.000000e+00.
  Objective value decreased by 3.308832e-01.
Newton iteration 4.
  Active set size = 7680.
  sub-gradient = 4.388987e+00, l1-norm of X = 2.606415e+01.
  Coordinate descent sweep 1. norm of D = 2.387573e+00, change in D = 2.387573e+00.
  Coordinate descent sweep 2. norm of D = 2.935703e+00, change in D = 1.271931e+00.
    Line search step size chosen: 1.000000e+00.
  Objective value decreased by 4.525533e-02.
Newton iteration 5.
  Active set size = 7670.
  sub-gradient = 1.047645e+00, l1-norm of X = 2.636813e+01.
  Coordinate descent sweep 1. norm of D = 7.962790e-01, change in D = 7.962790e-01.
  Coordinate descent sweep 2. norm of D = 1.005603e+00, change in D = 4.079092e-01.
    Line search step size chosen: 1.000000e+00.
  Objective value decreased by 6.099924e-03.
Newton iteration 6.
  Active set size = 7666.
  sub-gradient = 2.289584e-01, l1-norm of X = 2.648382e+01.
  Coordinate descent sweep 1. norm of D = 2.479228e-01, change in D = 2.479228e-01.
  Coordinate descent sweep 2. norm of D = 3.186904e-01, change in D = 1.583221e-01.
  Coordinate descent sweep 3. norm of D = 3.526646e-01, change in D = 9.173150e-02.
    Line search step size chosen: 1.000000e+00.
  Objective value decreased by 8.052651e-04.
Newton iteration 7.
  Active set size = 7666.
  sub-gradient = 5.942030e-02, l1-norm of X = 2.652887e+01.
  Coordinate descent sweep 1. norm of D = 5.390185e-02, change in D = 5.390185e-02.
  Coordinate descent sweep 2. norm of D = 7.122280e-02, change in D = 3.472660e-02.
  Coordinate descent sweep 3. norm of D = 7.709727e-02, change in D = 1.886979e-02.
    Line search step size chosen: 1.000000e+00.
  Objective value decreased by 4.382156e-05.
Newton iteration 8.
  Active set size = 7665.
  sub-gradient = 1.382057e-02, l1-norm of X = 2.653795e+01.
  Coordinate descent sweep 1. norm of D = 1.290641e-02, change in D = 1.290641e-02.
  Coordinate descent sweep 2. norm of D = 1.618679e-02, change in D = 8.827837e-03.
  Coordinate descent sweep 3. norm of D = 1.804927e-02, change in D = 5.122843e-03.
    Line search step size chosen: 1.000000e+00.
  Objective value decreased by 2.613367e-06.
Newton iteration 9.
  Active set size = 7664.
  sub-gradient = 4.403782e-03, l1-norm of X = 2.653923e+01.
  Coordinate descent sweep 1. norm of D = 3.430020e-03, change in D = 3.430020e-03.
  Coordinate descent sweep 2. norm of D = 4.212062e-03, change in D = 2.160213e-03.
  Coordinate descent sweep 3. norm of D = 4.643215e-03, change in D = 1.466674e-03.
  Coordinate descent sweep 4. norm of D = 4.898345e-03, change in D = 8.140812e-04.
    Line search step size chosen: 1.000000e+00.
  Objective value decreased by 1.933422e-07.
Newton iteration 10.
  Active set size = 7664.
  sub-gradient = 5.686388e-04, l1-norm of X = 2.653962e+01.
  Coordinate descent sweep 1. norm of D = 5.270763e-04, change in D = 5.270763e-04.
  Coordinate descent sweep 2. norm of D = 6.347140e-04, change in D = 3.300739e-04.
  Coordinate descent sweep 3. norm of D = 6.975253e-04, change in D = 1.866289e-04.
  Coordinate descent sweep 4. norm of D = 7.427555e-04, change in D = 1.245786e-04.
    Line search step size chosen: 1.000000e+00.
  Objective value decreased by 5.375114e-09.
QUIC CPU time: 2645.531 seconds
