[1] "/data/abattle4/prashanthi/recount3/data/pbmcs_t_cells/all/weighted_covariances/cov_58.rds"
[1] "Data read complete"
Running QUIC version 1.1 in 'default' mode.
Newton iteration 1.
  X is a diagonal matrix.
    Line search step size 1.000000e+00.  Lack of positive definiteness.
    Line search step size 5.000000e-01.  Lack of positive definiteness.
    Line search step size chosen: 2.500000e-01.
  Objective value decreased by 1.806763e+00.
Newton iteration 2.
  Active set size = 7505.
  sub-gradient = 1.650768e+01, l1-norm of X = 7.803220e+00.
  Coordinate descent sweep 1. norm of D = 1.207606e+01, change in D = 1.207606e+01.
    Line search step size chosen: 1.000000e+00.
  Objective value decreased by 8.822817e-01.
Newton iteration 3.
  Active set size = 7448.
  sub-gradient = 9.424095e+00, l1-norm of X = 1.686127e+01.
  Coordinate descent sweep 1. norm of D = 4.036859e+00, change in D = 4.036859e+00.
  Coordinate descent sweep 2. norm of D = 4.217904e+00, change in D = 1.386948e+00.
    Line search step size chosen: 1.000000e+00.
  Objective value decreased by 1.046644e-01.
Newton iteration 4.
  Active set size = 7428.
  sub-gradient = 1.775434e+00, l1-norm of X = 1.674187e+01.
  Coordinate descent sweep 1. norm of D = 9.092919e-01, change in D = 9.092919e-01.
  Coordinate descent sweep 2. norm of D = 1.045158e+00, change in D = 4.011798e-01.
    Line search step size chosen: 1.000000e+00.
  Objective value decreased by 7.870803e-03.
Newton iteration 5.
  Active set size = 7427.
  sub-gradient = 2.053620e-01, l1-norm of X = 1.672135e+01.
  Coordinate descent sweep 1. norm of D = 2.056995e-01, change in D = 2.056995e-01.
  Coordinate descent sweep 2. norm of D = 2.510196e-01, change in D = 9.367006e-02.
    Line search step size chosen: 1.000000e+00.
  Objective value decreased by 4.988009e-04.
Newton iteration 6.
  Active set size = 7425.
  sub-gradient = 4.363842e-02, l1-norm of X = 1.674926e+01.
  Coordinate descent sweep 1. norm of D = 4.450727e-02, change in D = 4.450727e-02.
  Coordinate descent sweep 2. norm of D = 5.171056e-02, change in D = 2.087291e-02.
  Coordinate descent sweep 3. norm of D = 5.552940e-02, change in D = 1.139504e-02.
    Line search step size chosen: 1.000000e+00.
  Objective value decreased by 2.989668e-05.
Newton iteration 7.
  Active set size = 7425.
  sub-gradient = 6.499689e-03, l1-norm of X = 1.675402e+01.
  Coordinate descent sweep 1. norm of D = 6.343153e-03, change in D = 6.343153e-03.
  Coordinate descent sweep 2. norm of D = 7.579818e-03, change in D = 3.366463e-03.
  Coordinate descent sweep 3. norm of D = 8.304708e-03, change in D = 2.015187e-03.
    Line search step size chosen: 1.000000e+00.
  Objective value decreased by 7.422059e-07.
Newton iteration 8.
  Active set size = 7425.
  sub-gradient = 1.065939e-03, l1-norm of X = 1.675507e+01.
  Coordinate descent sweep 1. norm of D = 1.041680e-03, change in D = 1.041680e-03.
  Coordinate descent sweep 2. norm of D = 1.242855e-03, change in D = 4.805243e-04.
  Coordinate descent sweep 3. norm of D = 1.390293e-03, change in D = 2.622791e-04.
    Line search step size chosen: 1.000000e+00.
  Objective value decreased by 1.932676e-08.
QUIC CPU time: 2263.344 seconds
