[1] "/data/abattle4/prashanthi/recount3/data/pbmcs_t_cells/all/weighted_covariances/cov_58.rds"
[1] "Data read complete"
Running QUIC version 1.1 in 'default' mode.
Newton iteration 1.
  X is a diagonal matrix.
    Line search step size 1.000000e+00.  Lack of positive definiteness.
    Line search step size chosen: 5.000000e-01.
  Objective value decreased by 8.340818e-01.
Newton iteration 2.
  Active set size = 7291.
  sub-gradient = 5.598300e+00, l1-norm of X = 6.728251e+00.
  Coordinate descent sweep 1. norm of D = 3.468676e+00, change in D = 3.468676e+00.
    Line search step size chosen: 1.000000e+00.
  Objective value decreased by 1.537502e-01.
Newton iteration 3.
  Active set size = 7283.
  sub-gradient = 1.312000e+00, l1-norm of X = 8.445697e+00.
  Coordinate descent sweep 1. norm of D = 1.251992e+00, change in D = 1.251992e+00.
  Coordinate descent sweep 2. norm of D = 1.413169e+00, change in D = 3.370420e-01.
    Line search step size chosen: 1.000000e+00.
  Objective value decreased by 2.004189e-02.
Newton iteration 4.
  Active set size = 7277.
  sub-gradient = 1.641066e-01, l1-norm of X = 8.669111e+00.
  Coordinate descent sweep 1. norm of D = 1.713503e-01, change in D = 1.713503e-01.
  Coordinate descent sweep 2. norm of D = 1.995146e-01, change in D = 5.950074e-02.
    Line search step size chosen: 1.000000e+00.
  Objective value decreased by 5.247025e-04.
Newton iteration 5.
  Active set size = 7276.
  sub-gradient = 2.414944e-02, l1-norm of X = 8.718092e+00.
  Coordinate descent sweep 1. norm of D = 2.437038e-02, change in D = 2.437038e-02.
  Coordinate descent sweep 2. norm of D = 2.937490e-02, change in D = 9.603526e-03.
    Line search step size chosen: 1.000000e+00.
  Objective value decreased by 1.438572e-05.
Newton iteration 6.
  Active set size = 7276.
  sub-gradient = 3.993496e-03, l1-norm of X = 8.721311e+00.
  Coordinate descent sweep 1. norm of D = 3.838634e-03, change in D = 3.838634e-03.
  Coordinate descent sweep 2. norm of D = 4.552886e-03, change in D = 1.517884e-03.
  Coordinate descent sweep 3. norm of D = 4.803579e-03, change in D = 4.724448e-04.
    Line search step size chosen: 1.000000e+00.
  Objective value decreased by 4.592112e-07.
Newton iteration 7.
  Active set size = 7276.
  sub-gradient = 2.133049e-04, l1-norm of X = 8.722129e+00.
  Coordinate descent sweep 1. norm of D = 2.442767e-04, change in D = 2.442767e-04.
  Coordinate descent sweep 2. norm of D = 2.954146e-04, change in D = 1.127829e-04.
  Coordinate descent sweep 3. norm of D = 3.135989e-04, change in D = 4.936411e-05.
    Line search step size chosen: 1.000000e+00.
  Objective value decreased by 2.536581e-09.
QUIC CPU time: 2013.394 seconds
