[1] "/data/abattle4/prashanthi/recount3/data/pbmcs_t_cells/all/weighted_covariances/cov_58.rds"
[1] "Data read complete"
Running QUIC version 1.1 in 'default' mode.
Newton iteration 1.
  X is a diagonal matrix.
    Line search step size chosen: 1.000000e+00.
  Objective value decreased by -1.807145e-01.
Newton iteration 2.
  Active set size = 7240.
  sub-gradient = 3.734156e+01, l1-norm of X = 8.101650e+00.
  Coordinate descent sweep 1. norm of D = 1.671523e+00, change in D = 1.671523e+00.
    Line search step size chosen: 1.000000e+00.
  Objective value decreased by 3.601180e-01.
Newton iteration 3.
  Active set size = 7236.
  sub-gradient = 1.571259e+01, l1-norm of X = 7.475952e+00.
  Coordinate descent sweep 1. norm of D = 1.583935e+00, change in D = 1.583935e+00.
  Coordinate descent sweep 2. norm of D = 1.260508e+00, change in D = 9.033066e-01.
    Line search step size chosen: 1.000000e+00.
  Objective value decreased by 2.420832e-01.
Newton iteration 4.
  Active set size = 7237.
  sub-gradient = 6.194401e+00, l1-norm of X = 6.870568e+00.
  Coordinate descent sweep 1. norm of D = 1.350565e+00, change in D = 1.350565e+00.
  Coordinate descent sweep 2. norm of D = 1.276414e+00, change in D = 6.339296e-01.
    Line search step size chosen: 1.000000e+00.
  Objective value decreased by 1.032588e-01.
Newton iteration 5.
  Active set size = 7236.
  sub-gradient = 1.468577e+00, l1-norm of X = 6.059513e+00.
  Coordinate descent sweep 1. norm of D = 7.246884e-01, change in D = 7.246884e-01.
  Coordinate descent sweep 2. norm of D = 7.488773e-01, change in D = 3.534331e-01.
    Line search step size chosen: 1.000000e+00.
  Objective value decreased by 1.955037e-02.
Newton iteration 6.
  Active set size = 7231.
  sub-gradient = 1.897260e-01, l1-norm of X = 5.815078e+00.
  Coordinate descent sweep 1. norm of D = 1.274969e-01, change in D = 1.274969e-01.
  Coordinate descent sweep 2. norm of D = 1.350401e-01, change in D = 4.318708e-02.
  Coordinate descent sweep 3. norm of D = 1.382435e-01, change in D = 1.969500e-02.
    Line search step size chosen: 1.000000e+00.
  Objective value decreased by 5.263383e-04.
Newton iteration 7.
  Active set size = 7231.
  sub-gradient = 6.611288e-03, l1-norm of X = 5.775442e+00.
  Coordinate descent sweep 1. norm of D = 6.312362e-03, change in D = 6.312362e-03.
  Coordinate descent sweep 2. norm of D = 6.701921e-03, change in D = 1.508464e-03.
  Coordinate descent sweep 3. norm of D = 7.018124e-03, change in D = 5.711046e-04.
    Line search step size chosen: 1.000000e+00.
  Objective value decreased by 1.147819e-06.
Newton iteration 8.
  Active set size = 7231.
  sub-gradient = 1.770354e-04, l1-norm of X = 5.776063e+00.
  Coordinate descent sweep 1. norm of D = 1.894191e-04, change in D = 1.894191e-04.
  Coordinate descent sweep 2. norm of D = 2.045174e-04, change in D = 6.559980e-05.
  Coordinate descent sweep 3. norm of D = 2.107210e-04, change in D = 2.571310e-05.
    Line search step size chosen: 1.000000e+00.
  Objective value decreased by 1.767148e-09.
QUIC CPU time: 2089.601 seconds
