[1] "/data/abattle4/prashanthi/recount3/data/blood/all/weighted_covariances/cov_60.rds"
[1] "Data read complete"
Running QUIC version 1.1 in 'default' mode.
Newton iteration 1.
  X is a diagonal matrix.
    Line search step size 1.000000e+00.  Lack of positive definiteness.
    Line search step size 5.000000e-01.  Lack of positive definiteness.
    Line search step size 2.500000e-01.  Lack of positive definiteness.
    Line search step size chosen: 1.250000e-01.
  Objective value decreased by 6.169920e+00.
Newton iteration 2.
  Active set size = 9583.
  sub-gradient = 1.336072e+02, l1-norm of X = 1.785670e+01.
  Coordinate descent sweep 1. norm of D = 9.897531e+01, change in D = 9.897531e+01.
    Line search step size 1.000000e+00.  Lack of positive definiteness.
    Line search step size 5.000000e-01.  Lack of positive definiteness.
    Line search step size chosen: 2.500000e-01.
  Objective value decreased by 4.979031e+00.
Newton iteration 3.
  Active set size = 9583.
  sub-gradient = 8.018369e+01, l1-norm of X = 3.762519e+01.
  Coordinate descent sweep 1. norm of D = 5.781894e+01, change in D = 5.781894e+01.
  Coordinate descent sweep 2. norm of D = 5.998158e+01, change in D = 1.499407e+01.
    Line search step size chosen: 1.000000e+00.
  Objective value decreased by 3.952740e+00.
Newton iteration 4.
  Active set size = 9240.
  sub-gradient = 3.642687e+01, l1-norm of X = 7.014750e+01.
  Coordinate descent sweep 1. norm of D = 1.302923e+01, change in D = 1.302923e+01.
  Coordinate descent sweep 2. norm of D = 1.360451e+01, change in D = 6.216942e+00.
    Line search step size chosen: 1.000000e+00.
  Objective value decreased by 3.141396e-01.
Newton iteration 5.
  Active set size = 9179.
  sub-gradient = 6.055689e+00, l1-norm of X = 6.960802e+01.
  Coordinate descent sweep 1. norm of D = 3.837872e+00, change in D = 3.837872e+00.
  Coordinate descent sweep 2. norm of D = 4.669114e+00, change in D = 2.069772e+00.
    Line search step size chosen: 1.000000e+00.
  Objective value decreased by 4.289446e-02.
Newton iteration 6.
  Active set size = 9164.
  sub-gradient = 1.318244e+00, l1-norm of X = 6.976907e+01.
  Coordinate descent sweep 1. norm of D = 1.105654e+00, change in D = 1.105654e+00.
  Coordinate descent sweep 2. norm of D = 1.392788e+00, change in D = 6.586140e-01.
  Coordinate descent sweep 3. norm of D = 1.612354e+00, change in D = 3.984032e-01.
    Line search step size chosen: 1.000000e+00.
  Objective value decreased by 6.515115e-03.
Newton iteration 7.
  Active set size = 9161.
  sub-gradient = 3.234902e-01, l1-norm of X = 6.995145e+01.
  Coordinate descent sweep 1. norm of D = 2.709418e-01, change in D = 2.709418e-01.
  Coordinate descent sweep 2. norm of D = 3.503340e-01, change in D = 1.598215e-01.
  Coordinate descent sweep 3. norm of D = 4.030874e-01, change in D = 1.054026e-01.
    Line search step size chosen: 1.000000e+00.
  Objective value decreased by 6.881358e-04.
Newton iteration 8.
  Active set size = 9157.
  sub-gradient = 6.077795e-02, l1-norm of X = 7.000790e+01.
  Coordinate descent sweep 1. norm of D = 6.442300e-02, change in D = 6.442300e-02.
  Coordinate descent sweep 2. norm of D = 8.156672e-02, change in D = 3.848260e-02.
  Coordinate descent sweep 3. norm of D = 9.754006e-02, change in D = 3.105113e-02.
    Line search step size chosen: 1.000000e+00.
  Objective value decreased by 6.345954e-05.
Newton iteration 9.
  Active set size = 9156.
  sub-gradient = 2.574747e-02, l1-norm of X = 7.002086e+01.
  Coordinate descent sweep 1. norm of D = 1.928576e-02, change in D = 1.928576e-02.
  Coordinate descent sweep 2. norm of D = 2.520045e-02, change in D = 1.295383e-02.
  Coordinate descent sweep 3. norm of D = 2.886529e-02, change in D = 9.306943e-03.
  Coordinate descent sweep 4. norm of D = 3.192845e-02, change in D = 6.877454e-03.
    Line search step size chosen: 1.000000e+00.
  Objective value decreased by 9.332540e-06.
Newton iteration 10.
  Active set size = 9155.
  sub-gradient = 4.995464e-03, l1-norm of X = 7.002497e+01.
  Coordinate descent sweep 1. norm of D = 4.512692e-03, change in D = 4.512692e-03.
  Coordinate descent sweep 2. norm of D = 5.719693e-03, change in D = 3.102560e-03.
  Coordinate descent sweep 3. norm of D = 6.953827e-03, change in D = 2.475426e-03.
  Coordinate descent sweep 4. norm of D = 7.629731e-03, change in D = 1.876551e-03.
    Line search step size chosen: 1.000000e+00.
  Objective value decreased by 6.871569e-07.
QUIC CPU time: 3634.539 seconds
