[1] "/data/abattle4/prashanthi/recount3/data/blood/all/weighted_covariances/cov_60.rds"
[1] "Data read complete"
Running QUIC version 1.1 in 'default' mode.
Newton iteration 1.
  X is a diagonal matrix.
    Line search step size 1.000000e+00.  Lack of positive definiteness.
    Line search step size chosen: 5.000000e-01.
  Objective value decreased by 1.118599e+00.
Newton iteration 2.
  Active set size = 8004.
  sub-gradient = 5.009553e+00, l1-norm of X = 8.748778e+00.
  Coordinate descent sweep 1. norm of D = 4.809696e+00, change in D = 4.809696e+00.
    Line search step size chosen: 1.000000e+00.
  Objective value decreased by 1.803493e-01.
Newton iteration 3.
  Active set size = 7992.
  sub-gradient = 1.859195e+00, l1-norm of X = 1.223510e+01.
  Coordinate descent sweep 1. norm of D = 1.449080e+00, change in D = 1.449080e+00.
  Coordinate descent sweep 2. norm of D = 1.590028e+00, change in D = 4.515882e-01.
    Line search step size chosen: 1.000000e+00.
  Objective value decreased by 2.259109e-02.
Newton iteration 4.
  Active set size = 7986.
  sub-gradient = 1.881376e-01, l1-norm of X = 1.249939e+01.
  Coordinate descent sweep 1. norm of D = 1.911007e-01, change in D = 1.911007e-01.
  Coordinate descent sweep 2. norm of D = 2.259304e-01, change in D = 6.225376e-02.
    Line search step size chosen: 1.000000e+00.
  Objective value decreased by 6.511054e-04.
Newton iteration 5.
  Active set size = 7985.
  sub-gradient = 3.295549e-02, l1-norm of X = 1.256187e+01.
  Coordinate descent sweep 1. norm of D = 2.821124e-02, change in D = 2.821124e-02.
  Coordinate descent sweep 2. norm of D = 3.654948e-02, change in D = 1.608824e-02.
    Line search step size chosen: 1.000000e+00.
  Objective value decreased by 3.253737e-05.
Newton iteration 6.
  Active set size = 7985.
  sub-gradient = 5.541373e-03, l1-norm of X = 1.256594e+01.
  Coordinate descent sweep 1. norm of D = 5.731112e-03, change in D = 5.731112e-03.
  Coordinate descent sweep 2. norm of D = 7.479904e-03, change in D = 2.631273e-03.
  Coordinate descent sweep 3. norm of D = 7.990133e-03, change in D = 7.973282e-04.
    Line search step size chosen: 1.000000e+00.
  Objective value decreased by 1.697757e-06.
Newton iteration 7.
  Active set size = 7985.
  sub-gradient = 3.384851e-04, l1-norm of X = 1.256791e+01.
  Coordinate descent sweep 1. norm of D = 3.469261e-04, change in D = 3.469261e-04.
  Coordinate descent sweep 2. norm of D = 4.487853e-04, change in D = 1.765125e-04.
  Coordinate descent sweep 3. norm of D = 4.656645e-04, change in D = 4.929058e-05.
    Line search step size chosen: 1.000000e+00.
  Objective value decreased by 9.676114e-09.
QUIC CPU time: 2648.402 seconds
