[1] "/data/abattle4/prashanthi/recount3/data/blood/all/weighted_covariances/cov_60.rds"
[1] "Data read complete"
Running QUIC version 1.1 in 'default' mode.
Newton iteration 1.
  X is a diagonal matrix.
    Line search step size chosen: 1.000000e+00.
  Objective value decreased by 9.249656e-02.
Newton iteration 2.
  Active set size = 7832.
  sub-gradient = 4.833081e-01, l1-norm of X = 2.017457e+00.
  Coordinate descent sweep 1. norm of D = 3.173752e-01, change in D = 3.173752e-01.
    Line search step size chosen: 1.000000e+00.
  Objective value decreased by 5.619569e-03.
Newton iteration 3.
  Active set size = 7832.
  sub-gradient = 7.389282e-02, l1-norm of X = 1.782956e+00.
  Coordinate descent sweep 1. norm of D = 7.364782e-02, change in D = 7.364782e-02.
  Coordinate descent sweep 2. norm of D = 8.576006e-02, change in D = 2.025033e-02.
    Line search step size chosen: 1.000000e+00.
  Objective value decreased by 6.416744e-04.
Newton iteration 4.
  Active set size = 7832.
  sub-gradient = 5.074402e-03, l1-norm of X = 1.845966e+00.
  Coordinate descent sweep 1. norm of D = 5.378342e-03, change in D = 5.378342e-03.
  Coordinate descent sweep 2. norm of D = 5.527156e-03, change in D = 1.237658e-03.
    Line search step size chosen: 1.000000e+00.
  Objective value decreased by 3.973480e-06.
Newton iteration 5.
  Active set size = 7832.
  sub-gradient = 4.623989e-04, l1-norm of X = 1.848821e+00.
  Coordinate descent sweep 1. norm of D = 4.214714e-04, change in D = 4.214714e-04.
  Coordinate descent sweep 2. norm of D = 4.351840e-04, change in D = 1.027811e-04.
    Line search step size chosen: 1.000000e+00.
  Objective value decreased by 2.855904e-08.
Newton iteration 6.
  Active set size = 7832.
  sub-gradient = 1.731711e-05, l1-norm of X = 1.849010e+00.
  Coordinate descent sweep 1. norm of D = 1.612224e-05, change in D = 1.612224e-05.
  Coordinate descent sweep 2. norm of D = 2.095296e-05, change in D = 1.011809e-05.
  Coordinate descent sweep 3. norm of D = 2.127999e-05, change in D = 1.559496e-06.
    Line search step size chosen: 1.000000e+00.
  Objective value decreased by 8.913048e-11.
QUIC CPU time: 2188.333 seconds
