[1] "/data/abattle4/prashanthi/recount3/data/blood/all/weighted_covariances/cov_40.rds"
[1] "Data read complete"
Running QUIC version 1.1 in 'default' mode.
Newton iteration 1.
  X is a diagonal matrix.
    Line search step size 1.000000e+00.  Lack of positive definiteness.
    Line search step size 5.000000e-01.  Lack of positive definiteness.
    Line search step size 2.500000e-01.  Lack of positive definiteness.
    Line search step size 1.250000e-01.  Lack of positive definiteness.
    Line search step size chosen: 6.250000e-02.
  Objective value decreased by 5.173675e+01.
Newton iteration 2.
  Active set size = 40815.
  sub-gradient = 2.943251e+03, l1-norm of X = 8.707375e+01.
  Coordinate descent sweep 1. norm of D = 1.199034e+03, change in D = 1.199034e+03.
    Line search step size 1.000000e+00.  Lack of positive definiteness.
    Line search step size 5.000000e-01.  Lack of positive definiteness.
    Line search step size 2.500000e-01.  Lack of positive definiteness.
    Line search step size chosen: 1.250000e-01.
  Objective value decreased by 3.115067e+01.
Newton iteration 3.
  Active set size = 40815.
  sub-gradient = 2.345064e+03, l1-norm of X = 1.582629e+02.
  Coordinate descent sweep 1. norm of D = 7.065832e+02, change in D = 7.065832e+02.
  Coordinate descent sweep 2. norm of D = 6.832062e+02, change in D = 1.840104e+02.
    Line search step size 1.000000e+00.  Lack of positive definiteness.
    Line search step size chosen: 5.000000e-01.
  Objective value decreased by 3.602722e+01.
Newton iteration 4.
  Active set size = 40823.
  sub-gradient = 1.610267e+03, l1-norm of X = 2.765117e+02.
  Coordinate descent sweep 1. norm of D = 2.998303e+02, change in D = 2.998303e+02.
  Coordinate descent sweep 2. norm of D = 3.463504e+02, change in D = 1.061840e+02.
    Line search step size chosen: 1.000000e+00.
  Objective value decreased by 1.424899e+01.
Newton iteration 5.
  Active set size = 26477.
  sub-gradient = 3.002815e+02, l1-norm of X = 3.400213e+02.
  Coordinate descent sweep 1. norm of D = 8.102095e+01, change in D = 8.102095e+01.
  Coordinate descent sweep 2. norm of D = 1.029397e+02, change in D = 4.638026e+01.
    Line search step size chosen: 1.000000e+00.
  Objective value decreased by 2.562034e+00.
Newton iteration 6.
  Active set size = 25602.
  sub-gradient = 9.590420e+01, l1-norm of X = 3.500428e+02.
  Coordinate descent sweep 1. norm of D = 3.529114e+01, change in D = 3.529114e+01.
  Coordinate descent sweep 2. norm of D = 4.544273e+01, change in D = 2.362187e+01.
  Coordinate descent sweep 3. norm of D = 5.171701e+01, change in D = 1.569865e+01.
    Line search step size chosen: 1.000000e+00.
  Objective value decreased by 9.720465e-01.
Newton iteration 7.
  Active set size = 25214.
  sub-gradient = 2.365659e+01, l1-norm of X = 3.545446e+02.
  Coordinate descent sweep 1. norm of D = 1.301769e+01, change in D = 1.301769e+01.
  Coordinate descent sweep 2. norm of D = 1.755821e+01, change in D = 9.651218e+00.
  Coordinate descent sweep 3. norm of D = 2.050058e+01, change in D = 7.403137e+00.
    Line search step size chosen: 1.000000e+00.
  Objective value decreased by 2.254082e-01.
Newton iteration 8.
  Active set size = 25121.
  sub-gradient = 6.283184e+00, l1-norm of X = 3.561007e+02.
  Coordinate descent sweep 1. norm of D = 5.831640e+00, change in D = 5.831640e+00.
  Coordinate descent sweep 2. norm of D = 7.788412e+00, change in D = 4.508816e+00.
  Coordinate descent sweep 3. norm of D = 9.214329e+00, change in D = 3.477250e+00.
    Line search step size chosen: 1.000000e+00.
  Objective value decreased by 6.022463e-02.
Newton iteration 9.
  Active set size = 25162.
  sub-gradient = 5.296747e+00, l1-norm of X = 3.567034e+02.
  Coordinate descent sweep 1. norm of D = 2.821533e+00, change in D = 2.821533e+00.
  Coordinate descent sweep 2. norm of D = 3.777237e+00, change in D = 2.228654e+00.
  Coordinate descent sweep 3. norm of D = 4.457700e+00, change in D = 1.710074e+00.
  Coordinate descent sweep 4. norm of D = 4.975551e+00, change in D = 1.344597e+00.
    Line search step size chosen: 1.000000e+00.
  Objective value decreased by 2.000506e-02.
Newton iteration 10.
  Active set size = 25080.
  sub-gradient = 1.174639e+00, l1-norm of X = 3.570306e+02.
  Coordinate descent sweep 1. norm of D = 1.145179e+00, change in D = 1.145179e+00.
  Coordinate descent sweep 2. norm of D = 1.488709e+00, change in D = 8.981039e-01.
  Coordinate descent sweep 3. norm of D = 1.765604e+00, change in D = 7.701169e-01.
  Coordinate descent sweep 4. norm of D = 1.950161e+00, change in D = 6.180353e-01.
    Line search step size chosen: 1.000000e+00.
  Objective value decreased by 4.911865e-03.
Newton iteration 11.
  Active set size = 25069.
  sub-gradient = 5.471741e-01, l1-norm of X = 3.571564e+02.
  Coordinate descent sweep 1. norm of D = 5.283222e-01, change in D = 5.283222e-01.
  Coordinate descent sweep 2. norm of D = 7.212708e-01, change in D = 4.370158e-01.
  Coordinate descent sweep 3. norm of D = 8.554755e-01, change in D = 3.654783e-01.
  Coordinate descent sweep 4. norm of D = 9.565998e-01, change in D = 3.194057e-01.
    Line search step size chosen: 1.000000e+00.
  Objective value decreased by 1.535630e-03.
Newton iteration 12.
  Active set size = 25061.
  sub-gradient = 3.039978e-01, l1-norm of X = 3.572157e+02.
  Coordinate descent sweep 1. norm of D = 2.530538e-01, change in D = 2.530538e-01.
  Coordinate descent sweep 2. norm of D = 3.526977e-01, change in D = 2.190503e-01.
  Coordinate descent sweep 3. norm of D = 4.073702e-01, change in D = 1.888947e-01.
  Coordinate descent sweep 4. norm of D = 4.653022e-01, change in D = 1.702565e-01.
  Coordinate descent sweep 5. norm of D = 5.001584e-01, change in D = 1.276643e-01.
    Line search step size chosen: 1.000000e+00.
  Objective value decreased by 5.400932e-04.
Newton iteration 13.
  Active set size = 25060.
  sub-gradient = 2.613377e-01, l1-norm of X = 3.572464e+02.
  Coordinate descent sweep 1. norm of D = 1.210295e-01, change in D = 1.210295e-01.
  Coordinate descent sweep 2. norm of D = 1.627623e-01, change in D = 1.116996e-01.
  Coordinate descent sweep 3. norm of D = 1.925700e-01, change in D = 8.561000e-02.
  Coordinate descent sweep 4. norm of D = 2.174576e-01, change in D = 7.619984e-02.
  Coordinate descent sweep 5. norm of D = 2.394234e-01, change in D = 6.429467e-02.
    Line search step size chosen: 1.000000e+00.
  Objective value decreased by 1.643700e-04.
Newton iteration 14.
  Active set size = 25058.
  sub-gradient = 6.332273e-02, l1-norm of X = 3.572584e+02.
  Coordinate descent sweep 1. norm of D = 5.250773e-02, change in D = 5.250773e-02.
  Coordinate descent sweep 2. norm of D = 7.821486e-02, change in D = 5.135284e-02.
  Coordinate descent sweep 3. norm of D = 9.031239e-02, change in D = 4.135811e-02.
  Coordinate descent sweep 4. norm of D = 1.021912e-01, change in D = 3.787419e-02.
  Coordinate descent sweep 5. norm of D = 1.119724e-01, change in D = 3.355590e-02.
    Line search step size chosen: 1.000000e+00.
  Objective value decreased by 4.741858e-05.
Newton iteration 15.
  Active set size = 25058.
  sub-gradient = 3.104516e-02, l1-norm of X = 3.572653e+02.
  Coordinate descent sweep 1. norm of D = 3.029358e-02, change in D = 3.029358e-02.
  Coordinate descent sweep 2. norm of D = 4.148328e-02, change in D = 2.558336e-02.
  Coordinate descent sweep 3. norm of D = 4.727123e-02, change in D = 2.075122e-02.
  Coordinate descent sweep 4. norm of D = 5.358572e-02, change in D = 1.921278e-02.
  Coordinate descent sweep 5. norm of D = 5.730085e-02, change in D = 1.598457e-02.
  Coordinate descent sweep 6. norm of D = 6.079774e-02, change in D = 1.525784e-02.
    Line search step size chosen: 1.000000e+00.
  Objective value decreased by 1.656377e-05.
QUIC CPU time: 5888.153 seconds
