[1] "/data/abattle4/prashanthi/recount3/data/blood/all/weighted_covariances/cov_40.rds"
[1] "Data read complete"
Running QUIC version 1.1 in 'default' mode.
Newton iteration 1.
  X is a diagonal matrix.
    Line search step size 1.000000e+00.  Lack of positive definiteness.
    Line search step size 5.000000e-01.  Lack of positive definiteness.
    Line search step size 2.500000e-01.  Lack of positive definiteness.
    Line search step size 1.250000e-01.  Lack of positive definiteness.
    Line search step size chosen: 6.250000e-02.
  Objective value decreased by 1.283802e+01.
Newton iteration 2.
  Active set size = 15384.
  sub-gradient = 6.038266e+02, l1-norm of X = 3.161782e+01.
  Coordinate descent sweep 1. norm of D = 4.137335e+02, change in D = 4.137335e+02.
    Line search step size 1.000000e+00.  Lack of positive definiteness.
    Line search step size 5.000000e-01.  Lack of positive definiteness.
    Line search step size 2.500000e-01.  Lack of positive definiteness.
    Line search step size chosen: 1.250000e-01.
  Objective value decreased by 1.230572e+01.
Newton iteration 3.
  Active set size = 15384.
  sub-gradient = 4.520495e+02, l1-norm of X = 6.905315e+01.
  Coordinate descent sweep 1. norm of D = 2.317679e+02, change in D = 2.317679e+02.
  Coordinate descent sweep 2. norm of D = 2.148740e+02, change in D = 6.600712e+01.
    Line search step size 1.000000e+00.  Lack of positive definiteness.
    Line search step size chosen: 5.000000e-01.
  Objective value decreased by 1.296842e+01.
Newton iteration 4.
  Active set size = 15384.
  sub-gradient = 1.779059e+02, l1-norm of X = 1.278652e+02.
  Coordinate descent sweep 1. norm of D = 8.832043e+01, change in D = 8.832043e+01.
  Coordinate descent sweep 2. norm of D = 1.033896e+02, change in D = 3.035570e+01.
    Line search step size chosen: 1.000000e+00.
  Objective value decreased by 3.866999e+00.
Newton iteration 5.
  Active set size = 12662.
  sub-gradient = 2.484808e+01, l1-norm of X = 1.545902e+02.
  Coordinate descent sweep 1. norm of D = 2.155899e+01, change in D = 2.155899e+01.
  Coordinate descent sweep 2. norm of D = 2.730265e+01, change in D = 1.128678e+01.
    Line search step size chosen: 1.000000e+00.
  Objective value decreased by 3.903188e-01.
Newton iteration 6.
  Active set size = 12461.
  sub-gradient = 7.840517e+00, l1-norm of X = 1.584497e+02.
  Coordinate descent sweep 1. norm of D = 6.911856e+00, change in D = 6.911856e+00.
  Coordinate descent sweep 2. norm of D = 8.963916e+00, change in D = 4.185453e+00.
  Coordinate descent sweep 3. norm of D = 1.013633e+01, change in D = 2.537037e+00.
    Line search step size chosen: 1.000000e+00.
  Objective value decreased by 7.117099e-02.
Newton iteration 7.
  Active set size = 12401.
  sub-gradient = 1.793615e+00, l1-norm of X = 1.596995e+02.
  Coordinate descent sweep 1. norm of D = 1.764381e+00, change in D = 1.764381e+00.
  Coordinate descent sweep 2. norm of D = 2.324889e+00, change in D = 1.151934e+00.
  Coordinate descent sweep 3. norm of D = 2.665668e+00, change in D = 7.359032e-01.
    Line search step size chosen: 1.000000e+00.
  Objective value decreased by 8.870410e-03.
Newton iteration 8.
  Active set size = 12383.
  sub-gradient = 5.217211e-01, l1-norm of X = 1.599898e+02.
  Coordinate descent sweep 1. norm of D = 5.130713e-01, change in D = 5.130713e-01.
  Coordinate descent sweep 2. norm of D = 6.790396e-01, change in D = 3.585914e-01.
  Coordinate descent sweep 3. norm of D = 7.688303e-01, change in D = 2.514026e-01.
    Line search step size chosen: 1.000000e+00.
  Objective value decreased by 1.140388e-03.
Newton iteration 9.
  Active set size = 12379.
  sub-gradient = 1.956012e-01, l1-norm of X = 1.600644e+02.
  Coordinate descent sweep 1. norm of D = 1.759644e-01, change in D = 1.759644e-01.
  Coordinate descent sweep 2. norm of D = 2.322153e-01, change in D = 1.250670e-01.
  Coordinate descent sweep 3. norm of D = 2.732365e-01, change in D = 9.605683e-02.
  Coordinate descent sweep 4. norm of D = 2.952347e-01, change in D = 6.586793e-02.
    Line search step size chosen: 1.000000e+00.
  Objective value decreased by 2.227165e-04.
Newton iteration 10.
  Active set size = 12378.
  sub-gradient = 5.197350e-02, l1-norm of X = 1.600950e+02.
  Coordinate descent sweep 1. norm of D = 4.988569e-02, change in D = 4.988569e-02.
  Coordinate descent sweep 2. norm of D = 6.990505e-02, change in D = 3.960033e-02.
  Coordinate descent sweep 3. norm of D = 7.961617e-02, change in D = 2.797714e-02.
  Coordinate descent sweep 4. norm of D = 8.751920e-02, change in D = 2.249146e-02.
    Line search step size chosen: 1.000000e+00.
  Objective value decreased by 3.310579e-05.
Newton iteration 11.
  Active set size = 12378.
  sub-gradient = 1.728577e-02, l1-norm of X = 1.601032e+02.
  Coordinate descent sweep 1. norm of D = 1.622012e-02, change in D = 1.622012e-02.
  Coordinate descent sweep 2. norm of D = 2.326352e-02, change in D = 1.351427e-02.
  Coordinate descent sweep 3. norm of D = 2.686218e-02, change in D = 9.387438e-03.
  Coordinate descent sweep 4. norm of D = 2.944735e-02, change in D = 7.045054e-03.
    Line search step size chosen: 1.000000e+00.
  Objective value decreased by 4.903606e-06.
Newton iteration 12.
  Active set size = 12378.
  sub-gradient = 5.234650e-03, l1-norm of X = 1.601060e+02.
  Coordinate descent sweep 1. norm of D = 5.587664e-03, change in D = 5.587664e-03.
  Coordinate descent sweep 2. norm of D = 7.636157e-03, change in D = 4.660756e-03.
  Coordinate descent sweep 3. norm of D = 9.098138e-03, change in D = 3.701097e-03.
  Coordinate descent sweep 4. norm of D = 9.934937e-03, change in D = 2.545284e-03.
  Coordinate descent sweep 5. norm of D = 1.058288e-02, change in D = 2.021368e-03.
    Line search step size chosen: 1.000000e+00.
  Objective value decreased by 8.072002e-07.
QUIC CPU time: 4426.970 seconds
