[1] "/data/abattle4/prashanthi/recount3/data/blood/all/weighted_covariances/cov_40.rds"
[1] "Data read complete"
Running QUIC version 1.1 in 'default' mode.
Newton iteration 1.
  X is a diagonal matrix.
    Line search step size chosen: 1.000000e+00.
  Objective value decreased by 7.681991e-02.
Newton iteration 2.
  Active set size = 7835.
  sub-gradient = 4.220318e-01, l1-norm of X = 1.797710e+00.
  Coordinate descent sweep 1. norm of D = 2.886023e-01, change in D = 2.886023e-01.
    Line search step size chosen: 1.000000e+00.
  Objective value decreased by 5.084901e-03.
Newton iteration 3.
  Active set size = 7834.
  sub-gradient = 5.084716e-02, l1-norm of X = 1.622611e+00.
  Coordinate descent sweep 1. norm of D = 5.364966e-02, change in D = 5.364966e-02.
  Coordinate descent sweep 2. norm of D = 5.757655e-02, change in D = 6.270337e-03.
    Line search step size chosen: 1.000000e+00.
  Objective value decreased by 2.462910e-04.
Newton iteration 4.
  Active set size = 7834.
  sub-gradient = 1.036678e-03, l1-norm of X = 1.637217e+00.
  Coordinate descent sweep 1. norm of D = 8.976842e-04, change in D = 8.976842e-04.
  Coordinate descent sweep 2. norm of D = 8.705395e-04, change in D = 8.962270e-05.
    Line search step size chosen: 1.000000e+00.
  Objective value decreased by 8.118514e-08.
Newton iteration 5.
  Active set size = 7834.
  sub-gradient = 1.193691e-05, l1-norm of X = 1.636887e+00.
  Coordinate descent sweep 1. norm of D = 1.270643e-05, change in D = 1.270643e-05.
  Coordinate descent sweep 2. norm of D = 1.276863e-05, change in D = 2.044771e-06.
    Line search step size chosen: 1.000000e+00.
  Objective value decreased by 2.091838e-11.
QUIC CPU time: 1543.547 seconds
