[1] "/data/abattle4/prashanthi/recount3/data/blood/all/weighted_covariances/cov_40.rds"
[1] "Data read complete"
Running QUIC version 1.1 in 'default' mode.
Newton iteration 1.
  X is a diagonal matrix.
    Line search step size chosen: 1.000000e+00.
  Objective value decreased by 5.741353e-03.
Newton iteration 2.
  Active set size = 7807.
  sub-gradient = 1.683801e-02, l1-norm of X = 2.091010e-01.
  Coordinate descent sweep 1. norm of D = 1.588394e-02, change in D = 1.588394e-02.
    Line search step size chosen: 1.000000e+00.
  Objective value decreased by 3.361239e-05.
Newton iteration 3.
  Active set size = 7807.
  sub-gradient = 1.247245e-03, l1-norm of X = 2.012412e-01.
  Coordinate descent sweep 1. norm of D = 1.279403e-03, change in D = 1.279403e-03.
  Coordinate descent sweep 2. norm of D = 1.353013e-03, change in D = 1.124816e-04.
    Line search step size chosen: 1.000000e+00.
  Objective value decreased by 5.680940e-07.
Newton iteration 4.
  Active set size = 7807.
  sub-gradient = 9.761702e-06, l1-norm of X = 2.029709e-01.
  Coordinate descent sweep 1. norm of D = 1.099186e-05, change in D = 1.099186e-05.
  Coordinate descent sweep 2. norm of D = 1.115393e-05, change in D = 2.037031e-07.
    Line search step size chosen: 1.000000e+00.
  Objective value decreased by 3.547029e-11.
QUIC CPU time: 1308.172 seconds
