[1] "/data/abattle4/prashanthi/recount3/data/blood/all/weighted_covariances/cov_5.rds"
[1] "Data read complete"
Running QUIC version 1.1 in 'default' mode.
Newton iteration 1.
  X is a diagonal matrix.
    Line search step size 1.000000e+00.  Lack of positive definiteness.
    Line search step size 5.000000e-01.  Lack of positive definiteness.
    Line search step size 2.500000e-01.  Lack of positive definiteness.
    Line search step size 1.250000e-01.  Lack of positive definiteness.
    Line search step size 6.250000e-02.  Lack of positive definiteness.
    Line search step size 3.125000e-02.  Lack of positive definiteness.
    Line search step size 1.562500e-02.  Lack of positive definiteness.
    Line search step size chosen: 7.812500e-03.
  Objective value decreased by 8.458897e+02.
Newton iteration 2.
  Active set size = 7249167.
  sub-gradient = 4.706120e+05, l1-norm of X = 1.190651e+03.
  Coordinate descent sweep 1. norm of D = 2.850175e+05, change in D = 2.850175e+05.
    Line search step size 1.000000e+00.  Lack of positive definiteness.
    Line search step size 5.000000e-01.  Lack of positive definiteness.
    Line search step size 2.500000e-01.  Lack of positive definiteness.
    Line search step size 1.250000e-01.  Lack of positive definiteness.
    Line search step size 6.250000e-02.  Lack of positive definiteness.
    Line search step size 3.125000e-02.  Lack of positive definiteness.
    Line search step size 1.562500e-02.  Lack of positive definiteness.
    Line search step size chosen: 7.812500e-03.
  Objective value decreased by 5.433597e+02.
Newton iteration 3.
  Active set size = 7250871.
  sub-gradient = 4.615334e+05, l1-norm of X = 1.898929e+03.
  Coordinate descent sweep 1. norm of D = 1.583703e+05, change in D = 1.583703e+05.
  Coordinate descent sweep 2. norm of D = 1.176619e+05, change in D = 6.550916e+04.
    Line search step size 1.000000e+00.  Lack of positive definiteness.
    Line search step size 5.000000e-01.  Lack of positive definiteness.
    Line search step size 2.500000e-01.  Lack of positive definiteness.
    Line search step size 1.250000e-01.  Lack of positive definiteness.
    Line search step size 6.250000e-02.  Lack of positive definiteness.
    Line search step size 3.125000e-02.  Lack of positive definiteness.
    Line search step size chosen: 1.562500e-02.
  Objective value decreased by 4.732181e+02.
Newton iteration 4.
  Active set size = 7253720.
  sub-gradient = 4.457632e+05, l1-norm of X = 2.457304e+03.
  Coordinate descent sweep 1. norm of D = 8.969027e+04, change in D = 8.969027e+04.
  Coordinate descent sweep 2. norm of D = 6.878903e+04, change in D = 4.279723e+04.
    Line search step size 1.000000e+00.  Lack of positive definiteness.
    Line search step size 5.000000e-01.  Lack of positive definiteness.
    Line search step size 2.500000e-01.  Lack of positive definiteness.
    Line search step size 1.250000e-01.  Lack of positive definiteness.
    Line search step size 6.250000e-02.  Lack of positive definiteness.
    Line search step size chosen: 3.125000e-02.
  Objective value decreased by 5.131622e+02.
Newton iteration 5.
  Active set size = 7263493.
  sub-gradient = 3.965832e+05, l1-norm of X = 3.054639e+03.
  Coordinate descent sweep 1. norm of D = 4.506518e+04, change in D = 4.506518e+04.
  Coordinate descent sweep 2. norm of D = 3.800147e+04, change in D = 1.890977e+04.
    Line search step size 1.000000e+00.  Lack of positive definiteness.
    Line search step size 5.000000e-01.  Lack of positive definiteness.
    Line search step size 2.500000e-01.  Lack of positive definiteness.
    Line search step size 1.250000e-01.  Lack of positive definiteness.
    Line search step size chosen: 6.250000e-02.
  Objective value decreased by 4.404361e+02.
Newton iteration 6.
  Active set size = 7266909.
  sub-gradient = 3.174277e+05, l1-norm of X = 3.558456e+03.
  Coordinate descent sweep 1. norm of D = 2.653253e+04, change in D = 2.653253e+04.
  Coordinate descent sweep 2. norm of D = 2.553346e+04, change in D = 9.414070e+03.
  Coordinate descent sweep 3. norm of D = 2.609330e+04, change in D = 2.578586e+03.
    Line search step size 1.000000e+00.  Lack of positive definiteness.
    Line search step size 5.000000e-01.  Lack of positive definiteness.
    Line search step size 2.500000e-01.  Lack of positive definiteness.
    Line search step size chosen: 1.250000e-01.
  Objective value decreased by 4.503663e+02.
Newton iteration 7.
  Active set size = 7265929.
  sub-gradient = 2.443488e+05, l1-norm of X = 4.006223e+03.
  Coordinate descent sweep 1. norm of D = 1.831526e+04, change in D = 1.831526e+04.
  Coordinate descent sweep 2. norm of D = 1.979410e+04, change in D = 7.142720e+03.
  Coordinate descent sweep 3. norm of D = 2.055172e+04, change in D = 2.898585e+03.
    Line search step size 1.000000e+00.  Lack of positive definiteness.
    Line search step size 5.000000e-01.  Lack of positive definiteness.
    Line search step size chosen: 2.500000e-01.
  Objective value decreased by 5.498574e+02.
Newton iteration 8.
  Active set size = 7265488.
  sub-gradient = 2.576828e+05, l1-norm of X = 4.442752e+03.
  Coordinate descent sweep 1. norm of D = 1.316018e+04, change in D = 1.316018e+04.
  Coordinate descent sweep 2. norm of D = 1.533201e+04, change in D = 6.510836e+03.
  Coordinate descent sweep 3. norm of D = 1.649451e+04, change in D = 3.683233e+03.
    Line search step size 1.000000e+00.  Lack of positive definiteness.
    Line search step size chosen: 5.000000e-01.
  Objective value decreased by 6.675985e+02.
Newton iteration 9.
  Active set size = 7266046.
  sub-gradient = 4.172104e+05, l1-norm of X = 5.012550e+03.
  Coordinate descent sweep 1. norm of D = 7.782266e+03, change in D = 7.782266e+03.
  Coordinate descent sweep 2. norm of D = 9.643995e+03, change in D = 4.755538e+03.
  Coordinate descent sweep 3. norm of D = 1.082602e+04, change in D = 3.399343e+03.
  Coordinate descent sweep 4. norm of D = 1.167568e+04, change in D = 2.354402e+03.
    Line search step size chosen: 1.000000e+00.
  Objective value decreased by 5.973252e+02.
Newton iteration 10.
  Active set size = 603674.
  sub-gradient = 1.545156e+04, l1-norm of X = 5.937978e+03.
  Coordinate descent sweep 1. norm of D = 2.456240e+03, change in D = 2.456240e+03.
  Coordinate descent sweep 2. norm of D = 3.411441e+03, change in D = 2.086547e+03.
  Coordinate descent sweep 3. norm of D = 4.110066e+03, change in D = 1.681195e+03.
  Coordinate descent sweep 4. norm of D = 4.660996e+03, change in D = 1.334109e+03.
    Line search step size chosen: 1.000000e+00.
  Objective value decreased by 8.873012e+01.
Newton iteration 11.
  Active set size = 533736.
  sub-gradient = 7.337602e+03, l1-norm of X = 6.444209e+03.
  Coordinate descent sweep 1. norm of D = 1.303787e+03, change in D = 1.303787e+03.
  Coordinate descent sweep 2. norm of D = 1.832202e+03, change in D = 1.083162e+03.
  Coordinate descent sweep 3. norm of D = 2.229572e+03, change in D = 8.770798e+02.
  Coordinate descent sweep 4. norm of D = 2.544346e+03, change in D = 7.053926e+02.
    Line search step size chosen: 1.000000e+00.
  Objective value decreased by 2.161581e+01.
Newton iteration 12.
  Active set size = 502010.
  sub-gradient = 2.699175e+03, l1-norm of X = 6.699040e+03.
  Coordinate descent sweep 1. norm of D = 6.357924e+02, change in D = 6.357924e+02.
  Coordinate descent sweep 2. norm of D = 8.995758e+02, change in D = 5.242777e+02.
  Coordinate descent sweep 3. norm of D = 1.098200e+03, change in D = 4.250581e+02.
  Coordinate descent sweep 4. norm of D = 1.255384e+03, change in D = 3.436047e+02.
  Coordinate descent sweep 5. norm of D = 1.381039e+03, change in D = 2.769071e+02.
    Line search step size chosen: 1.000000e+00.
  Objective value decreased by 5.196527e+00.
Newton iteration 13.
  Active set size = 487700.
  sub-gradient = 6.682087e+02, l1-norm of X = 6.834976e+03.
  Coordinate descent sweep 1. norm of D = 2.431441e+02, change in D = 2.431441e+02.
  Coordinate descent sweep 2. norm of D = 3.432668e+02, change in D = 1.997177e+02.
  Coordinate descent sweep 3. norm of D = 4.189372e+02, change in D = 1.625569e+02.
  Coordinate descent sweep 4. norm of D = 4.790414e+02, change in D = 1.324876e+02.
  Coordinate descent sweep 5. norm of D = 5.276374e+02, change in D = 1.080670e+02.
    Line search step size chosen: 1.000000e+00.
  Objective value decreased by 7.574729e-01.
Newton iteration 14.
  Active set size = 484085.
  sub-gradient = 1.325561e+02, l1-norm of X = 6.884501e+03.
  Coordinate descent sweep 1. norm of D = 9.158312e+01, change in D = 9.158312e+01.
  Coordinate descent sweep 2. norm of D = 1.288510e+02, change in D = 7.533661e+01.
  Coordinate descent sweep 3. norm of D = 1.567557e+02, change in D = 6.146069e+01.
  Coordinate descent sweep 4. norm of D = 1.788327e+02, change in D = 5.038701e+01.
  Coordinate descent sweep 5. norm of D = 1.965647e+02, change in D = 4.148520e+01.
    Line search step size chosen: 1.000000e+00.
  Objective value decreased by 1.129293e-01.
Newton iteration 15.
  Active set size = 482891.
  sub-gradient = 3.774868e+01, l1-norm of X = 6.901949e+03.
  Coordinate descent sweep 1. norm of D = 3.457497e+01, change in D = 3.457497e+01.
  Coordinate descent sweep 2. norm of D = 4.823291e+01, change in D = 2.862716e+01.
  Coordinate descent sweep 3. norm of D = 5.831450e+01, change in D = 2.373664e+01.
  Coordinate descent sweep 4. norm of D = 6.628577e+01, change in D = 1.963797e+01.
  Coordinate descent sweep 5. norm of D = 7.275675e+01, change in D = 1.635027e+01.
  Coordinate descent sweep 6. norm of D = 7.805650e+01, change in D = 1.374433e+01.
    Line search step size chosen: 1.000000e+00.
  Objective value decreased by 1.958833e-02.
Newton iteration 16.
  Active set size = 482206.
  sub-gradient = 1.352425e+01, l1-norm of X = 6.908713e+03.
  Coordinate descent sweep 1. norm of D = 1.147299e+01, change in D = 1.147299e+01.
  Coordinate descent sweep 2. norm of D = 1.582997e+01, change in D = 9.755058e+00.
  Coordinate descent sweep 3. norm of D = 1.891802e+01, change in D = 8.229828e+00.
  Coordinate descent sweep 4. norm of D = 2.131410e+01, change in D = 6.952645e+00.
  Coordinate descent sweep 5. norm of D = 2.324412e+01, change in D = 5.868459e+00.
  Coordinate descent sweep 6. norm of D = 2.484058e+01, change in D = 5.033404e+00.
    Line search step size chosen: 1.000000e+00.
  Objective value decreased by 2.828237e-03.
Newton iteration 17.
  Active set size = 481990.
  sub-gradient = 4.616136e+00, l1-norm of X = 6.910687e+03.
  Coordinate descent sweep 1. norm of D = 4.320099e+00, change in D = 4.320099e+00.
  Coordinate descent sweep 2. norm of D = 5.771167e+00, change in D = 3.672416e+00.
  Coordinate descent sweep 3. norm of D = 6.796355e+00, change in D = 3.185666e+00.
  Coordinate descent sweep 4. norm of D = 7.570653e+00, change in D = 2.777253e+00.
  Coordinate descent sweep 5. norm of D = 8.180048e+00, change in D = 2.404091e+00.
  Coordinate descent sweep 6. norm of D = 8.685542e+00, change in D = 2.115151e+00.
    Line search step size chosen: 1.000000e+00.
  Objective value decreased by 5.489351e-04.
Newton iteration 18.
  Active set size = 481881.
  sub-gradient = 1.902162e+00, l1-norm of X = 6.911286e+03.
  Coordinate descent sweep 1. norm of D = 1.838166e+00, change in D = 1.838166e+00.
  Coordinate descent sweep 2. norm of D = 2.440989e+00, change in D = 1.644196e+00.
  Coordinate descent sweep 3. norm of D = 2.810410e+00, change in D = 1.428623e+00.
  Coordinate descent sweep 4. norm of D = 3.069050e+00, change in D = 1.251167e+00.
  Coordinate descent sweep 5. norm of D = 3.265972e+00, change in D = 1.090201e+00.
  Coordinate descent sweep 6. norm of D = 3.429199e+00, change in D = 9.889778e-01.
  Coordinate descent sweep 7. norm of D = 3.564700e+00, change in D = 8.730697e-01.
    Line search step size chosen: 1.000000e+00.
  Objective value decreased by 1.456606e-04.
Newton iteration 19.
  Active set size = 481844.
  sub-gradient = 8.906503e-01, l1-norm of X = 6.911489e+03.
  Coordinate descent sweep 1. norm of D = 7.768290e-01, change in D = 7.768290e-01.
  Coordinate descent sweep 2. norm of D = 1.013904e+00, change in D = 7.081785e-01.
  Coordinate descent sweep 3. norm of D = 1.141836e+00, change in D = 6.301608e-01.
  Coordinate descent sweep 4. norm of D = 1.223248e+00, change in D = 5.520064e-01.
  Coordinate descent sweep 5. norm of D = 1.289407e+00, change in D = 5.030388e-01.
  Coordinate descent sweep 6. norm of D = 1.337178e+00, change in D = 4.463847e-01.
  Coordinate descent sweep 7. norm of D = 1.373646e+00, change in D = 3.907281e-01.
    Line search step size chosen: 1.000000e+00.
  Objective value decreased by 3.255259e-05.
Newton iteration 20.
  Active set size = 481834.
  sub-gradient = 3.911173e-01, l1-norm of X = 6.911545e+03.
  Coordinate descent sweep 1. norm of D = 3.762775e-01, change in D = 3.762775e-01.
  Coordinate descent sweep 2. norm of D = 4.679510e-01, change in D = 3.354234e-01.
  Coordinate descent sweep 3. norm of D = 5.176883e-01, change in D = 2.967356e-01.
  Coordinate descent sweep 4. norm of D = 5.503570e-01, change in D = 2.708266e-01.
  Coordinate descent sweep 5. norm of D = 5.724905e-01, change in D = 2.407785e-01.
  Coordinate descent sweep 6. norm of D = 5.924197e-01, change in D = 2.270616e-01.
  Coordinate descent sweep 7. norm of D = 6.045647e-01, change in D = 2.027683e-01.
    Line search step size chosen: 1.000000e+00.
  Objective value decreased by 8.484599e-06.
QUIC CPU time: 33894.388 seconds
