[1] "/data/abattle4/prashanthi/recount3/data/blood/all/weighted_covariances/cov_5.rds"
[1] "Data read complete"
Running QUIC version 1.1 in 'default' mode.
Newton iteration 1.
  X is a diagonal matrix.
    Line search step size 1.000000e+00.  Lack of positive definiteness.
    Line search step size 5.000000e-01.  Lack of positive definiteness.
    Line search step size 2.500000e-01.  Lack of positive definiteness.
    Line search step size 1.250000e-01.  Lack of positive definiteness.
    Line search step size 6.250000e-02.  Lack of positive definiteness.
    Line search step size 3.125000e-02.  Lack of positive definiteness.
    Line search step size chosen: 1.562500e-02.
  Objective value decreased by 1.171392e+03.
Newton iteration 2.
  Active set size = 5920650.
  sub-gradient = 3.164244e+05, l1-norm of X = 1.959514e+03.
  Coordinate descent sweep 1. norm of D = 1.222650e+05, change in D = 1.222650e+05.
    Line search step size 1.000000e+00.  Lack of positive definiteness.
    Line search step size 5.000000e-01.  Lack of positive definiteness.
    Line search step size 2.500000e-01.  Lack of positive definiteness.
    Line search step size 1.250000e-01.  Lack of positive definiteness.
    Line search step size 6.250000e-02.  Lack of positive definiteness.
    Line search step size 3.125000e-02.  Lack of positive definiteness.
    Line search step size chosen: 1.562500e-02.
  Objective value decreased by 4.034641e+02.
Newton iteration 3.
  Active set size = 5886020.
  sub-gradient = 3.042395e+05, l1-norm of X = 2.617072e+03.
  Coordinate descent sweep 1. norm of D = 6.747623e+04, change in D = 6.747623e+04.
  Coordinate descent sweep 2. norm of D = 5.471389e+04, change in D = 2.710590e+04.
    Line search step size 1.000000e+00.  Lack of positive definiteness.
    Line search step size 5.000000e-01.  Lack of positive definiteness.
    Line search step size 2.500000e-01.  Lack of positive definiteness.
    Line search step size 1.250000e-01.  Lack of positive definiteness.
    Line search step size 6.250000e-02.  Lack of positive definiteness.
    Line search step size chosen: 3.125000e-02.
  Objective value decreased by 3.558099e+02.
Newton iteration 4.
  Active set size = 5843948.
  sub-gradient = 2.850571e+05, l1-norm of X = 3.126079e+03.
  Coordinate descent sweep 1. norm of D = 4.169385e+04, change in D = 4.169385e+04.
  Coordinate descent sweep 2. norm of D = 3.568121e+04, change in D = 1.657831e+04.
    Line search step size 1.000000e+00.  Lack of positive definiteness.
    Line search step size 5.000000e-01.  Lack of positive definiteness.
    Line search step size 2.500000e-01.  Lack of positive definiteness.
    Line search step size 1.250000e-01.  Lack of positive definiteness.
    Line search step size chosen: 6.250000e-02.
  Objective value decreased by 3.981949e+02.
Newton iteration 5.
  Active set size = 5790151.
  sub-gradient = 2.440444e+05, l1-norm of X = 3.668036e+03.
  Coordinate descent sweep 1. norm of D = 2.485959e+04, change in D = 2.485959e+04.
  Coordinate descent sweep 2. norm of D = 2.387637e+04, change in D = 8.657957e+03.
    Line search step size 1.000000e+00.  Lack of positive definiteness.
    Line search step size 5.000000e-01.  Lack of positive definiteness.
    Line search step size 2.500000e-01.  Lack of positive definiteness.
    Line search step size chosen: 1.250000e-01.
  Objective value decreased by 4.024661e+02.
Newton iteration 6.
  Active set size = 5772097.
  sub-gradient = 2.230655e+05, l1-norm of X = 4.136768e+03.
  Coordinate descent sweep 1. norm of D = 1.711595e+04, change in D = 1.711595e+04.
  Coordinate descent sweep 2. norm of D = 1.833939e+04, change in D = 6.214327e+03.
  Coordinate descent sweep 3. norm of D = 1.901025e+04, change in D = 2.482786e+03.
    Line search step size 1.000000e+00.  Lack of positive definiteness.
    Line search step size 5.000000e-01.  Lack of positive definiteness.
    Line search step size chosen: 2.500000e-01.
  Objective value decreased by 4.961827e+02.
Newton iteration 7.
  Active set size = 5796154.
  sub-gradient = 2.918907e+05, l1-norm of X = 4.606284e+03.
  Coordinate descent sweep 1. norm of D = 1.192712e+04, change in D = 1.192712e+04.
  Coordinate descent sweep 2. norm of D = 1.381828e+04, change in D = 5.432930e+03.
  Coordinate descent sweep 3. norm of D = 1.482515e+04, change in D = 3.032473e+03.
    Line search step size 1.000000e+00.  Lack of positive definiteness.
    Line search step size chosen: 5.000000e-01.
  Objective value decreased by 5.813200e+02.
Newton iteration 8.
  Active set size = 6088736.
  sub-gradient = 5.138372e+05, l1-norm of X = 5.150761e+03.
  Coordinate descent sweep 1. norm of D = 6.834978e+03, change in D = 6.834978e+03.
  Coordinate descent sweep 2. norm of D = 8.412805e+03, change in D = 3.884623e+03.
  Coordinate descent sweep 3. norm of D = 9.413722e+03, change in D = 2.711962e+03.
    Line search step size chosen: 1.000000e+00.
  Objective value decreased by 4.742970e+02.
Newton iteration 9.
  Active set size = 2449020.
  sub-gradient = 1.718932e+05, l1-norm of X = 5.847996e+03.
  Coordinate descent sweep 1. norm of D = 2.230980e+03, change in D = 2.230980e+03.
  Coordinate descent sweep 2. norm of D = 3.065649e+03, change in D = 1.805036e+03.
  Coordinate descent sweep 3. norm of D = 3.668050e+03, change in D = 1.416264e+03.
  Coordinate descent sweep 4. norm of D = 4.133266e+03, change in D = 1.111701e+03.
    Line search step size chosen: 1.000000e+00.
  Objective value decreased by 8.267584e+01.
Newton iteration 10.
  Active set size = 1135275.
  sub-gradient = 4.692515e+04, l1-norm of X = 6.317859e+03.
  Coordinate descent sweep 1. norm of D = 1.154782e+03, change in D = 1.154782e+03.
  Coordinate descent sweep 2. norm of D = 1.593692e+03, change in D = 9.419118e+02.
  Coordinate descent sweep 3. norm of D = 1.918065e+03, change in D = 7.502910e+02.
  Coordinate descent sweep 4. norm of D = 2.169958e+03, change in D = 5.977729e+02.
    Line search step size chosen: 1.000000e+00.
  Objective value decreased by 2.104240e+01.
Newton iteration 11.
  Active set size = 633816.
  sub-gradient = 1.340220e+04, l1-norm of X = 6.549114e+03.
  Coordinate descent sweep 1. norm of D = 5.907165e+02, change in D = 5.907165e+02.
  Coordinate descent sweep 2. norm of D = 7.953677e+02, change in D = 4.727876e+02.
  Coordinate descent sweep 3. norm of D = 9.469935e+02, change in D = 3.765541e+02.
  Coordinate descent sweep 4. norm of D = 1.065114e+03, change in D = 2.993874e+02.
    Line search step size chosen: 1.000000e+00.
  Objective value decreased by 5.383551e+00.
Newton iteration 12.
  Active set size = 497131.
  sub-gradient = 4.751904e+03, l1-norm of X = 6.655448e+03.
  Coordinate descent sweep 1. norm of D = 2.842343e+02, change in D = 2.842343e+02.
  Coordinate descent sweep 2. norm of D = 3.724206e+02, change in D = 2.244999e+02.
  Coordinate descent sweep 3. norm of D = 4.372311e+02, change in D = 1.771536e+02.
  Coordinate descent sweep 4. norm of D = 4.876468e+02, change in D = 1.402081e+02.
  Coordinate descent sweep 5. norm of D = 5.273141e+02, change in D = 1.121798e+02.
    Line search step size chosen: 1.000000e+00.
  Objective value decreased by 1.403749e+00.
Newton iteration 13.
  Active set size = 455318.
  sub-gradient = 1.405376e+03, l1-norm of X = 6.705727e+03.
  Coordinate descent sweep 1. norm of D = 1.057348e+02, change in D = 1.057348e+02.
  Coordinate descent sweep 2. norm of D = 1.362998e+02, change in D = 8.456133e+01.
  Coordinate descent sweep 3. norm of D = 1.578259e+02, change in D = 6.674337e+01.
  Coordinate descent sweep 4. norm of D = 1.744679e+02, change in D = 5.333388e+01.
  Coordinate descent sweep 5. norm of D = 1.874251e+02, change in D = 4.254256e+01.
    Line search step size chosen: 1.000000e+00.
  Objective value decreased by 2.225828e-01.
Newton iteration 14.
  Active set size = 444014.
  sub-gradient = 2.115004e+02, l1-norm of X = 6.721512e+03.
  Coordinate descent sweep 1. norm of D = 4.177601e+01, change in D = 4.177601e+01.
  Coordinate descent sweep 2. norm of D = 5.385415e+01, change in D = 3.446916e+01.
  Coordinate descent sweep 3. norm of D = 6.191272e+01, change in D = 2.630844e+01.
  Coordinate descent sweep 4. norm of D = 6.806461e+01, change in D = 2.075588e+01.
  Coordinate descent sweep 5. norm of D = 7.271505e+01, change in D = 1.661668e+01.
    Line search step size chosen: 1.000000e+00.
  Objective value decreased by 3.972737e-02.
Newton iteration 15.
  Active set size = 442942.
  sub-gradient = 1.838690e+01, l1-norm of X = 6.726477e+03.
  Coordinate descent sweep 1. norm of D = 1.482552e+01, change in D = 1.482552e+01.
  Coordinate descent sweep 2. norm of D = 1.902332e+01, change in D = 1.220699e+01.
  Coordinate descent sweep 3. norm of D = 2.160450e+01, change in D = 9.622994e+00.
  Coordinate descent sweep 4. norm of D = 2.367739e+01, change in D = 8.043206e+00.
  Coordinate descent sweep 5. norm of D = 2.516234e+01, change in D = 6.690715e+00.
  Coordinate descent sweep 6. norm of D = 2.626269e+01, change in D = 5.457381e+00.
    Line search step size chosen: 1.000000e+00.
  Objective value decreased by 6.358009e-03.
Newton iteration 16.
  Active set size = 442811.
  sub-gradient = 6.230045e+00, l1-norm of X = 6.728068e+03.
  Coordinate descent sweep 1. norm of D = 4.565090e+00, change in D = 4.565090e+00.
  Coordinate descent sweep 2. norm of D = 5.862782e+00, change in D = 3.925249e+00.
  Coordinate descent sweep 3. norm of D = 6.573820e+00, change in D = 3.286792e+00.
  Coordinate descent sweep 4. norm of D = 7.037148e+00, change in D = 2.768602e+00.
  Coordinate descent sweep 5. norm of D = 7.397098e+00, change in D = 2.378775e+00.
  Coordinate descent sweep 6. norm of D = 7.663337e+00, change in D = 2.042408e+00.
    Line search step size chosen: 1.000000e+00.
  Objective value decreased by 8.411023e-04.
Newton iteration 17.
  Active set size = 442778.
  sub-gradient = 1.988240e+00, l1-norm of X = 6.728454e+03.
  Coordinate descent sweep 1. norm of D = 1.737561e+00, change in D = 1.737561e+00.
  Coordinate descent sweep 2. norm of D = 2.203608e+00, change in D = 1.539174e+00.
  Coordinate descent sweep 3. norm of D = 2.432253e+00, change in D = 1.314930e+00.
  Coordinate descent sweep 4. norm of D = 2.576006e+00, change in D = 1.143794e+00.
  Coordinate descent sweep 5. norm of D = 2.679570e+00, change in D = 9.786565e-01.
  Coordinate descent sweep 6. norm of D = 2.764492e+00, change in D = 8.581601e-01.
    Line search step size chosen: 1.000000e+00.
  Objective value decreased by 1.521606e-04.
Newton iteration 18.
  Active set size = 442769.
  sub-gradient = 7.313791e-01, l1-norm of X = 6.728558e+03.
  Coordinate descent sweep 1. norm of D = 7.516786e-01, change in D = 7.516786e-01.
  Coordinate descent sweep 2. norm of D = 9.328665e-01, change in D = 6.668573e-01.
  Coordinate descent sweep 3. norm of D = 1.021985e+00, change in D = 5.878753e-01.
  Coordinate descent sweep 4. norm of D = 1.076503e+00, change in D = 5.166400e-01.
  Coordinate descent sweep 5. norm of D = 1.109599e+00, change in D = 4.536266e-01.
  Coordinate descent sweep 6. norm of D = 1.134228e+00, change in D = 3.934917e-01.
  Coordinate descent sweep 7. norm of D = 1.155142e+00, change in D = 3.420586e-01.
    Line search step size chosen: 1.000000e+00.
  Objective value decreased by 3.440447e-05.
Newton iteration 19.
  Active set size = 442760.
  sub-gradient = 2.704261e-01, l1-norm of X = 6.728591e+03.
  Coordinate descent sweep 1. norm of D = 3.014152e-01, change in D = 3.014152e-01.
  Coordinate descent sweep 2. norm of D = 3.712436e-01, change in D = 2.654128e-01.
  Coordinate descent sweep 3. norm of D = 4.100608e-01, change in D = 2.439271e-01.
  Coordinate descent sweep 4. norm of D = 4.234058e-01, change in D = 2.038324e-01.
  Coordinate descent sweep 5. norm of D = 4.402912e-01, change in D = 1.893949e-01.
  Coordinate descent sweep 6. norm of D = 4.467692e-01, change in D = 1.655269e-01.
  Coordinate descent sweep 7. norm of D = 4.538526e-01, change in D = 1.468340e-01.
    Line search step size chosen: 1.000000e+00.
  Objective value decreased by 5.951862e-06.
QUIC CPU time: 26961.800 seconds
