[1] "/data/abattle4/prashanthi/recount3/data/blood/all/weighted_covariances/cov_5.rds"
[1] "Data read complete"
Running QUIC version 1.1 in 'default' mode.
Newton iteration 1.
  X is a diagonal matrix.
    Line search step size 1.000000e+00.  Lack of positive definiteness.
    Line search step size 5.000000e-01.  Lack of positive definiteness.
    Line search step size 2.500000e-01.  Lack of positive definiteness.
    Line search step size 1.250000e-01.  Lack of positive definiteness.
    Line search step size 6.250000e-02.  Lack of positive definiteness.
    Line search step size chosen: 3.125000e-02.
  Objective value decreased by 7.184941e+02.
Newton iteration 2.
  Active set size = 2311015.
  sub-gradient = 1.146216e+05, l1-norm of X = 1.837068e+03.
  Coordinate descent sweep 1. norm of D = 6.101552e+04, change in D = 6.101552e+04.
    Line search step size 1.000000e+00.  Lack of positive definiteness.
    Line search step size 5.000000e-01.  Lack of positive definiteness.
    Line search step size 2.500000e-01.  Lack of positive definiteness.
    Line search step size 1.250000e-01.  Lack of positive definiteness.
    Line search step size 6.250000e-02.  Lack of positive definiteness.
    Line search step size chosen: 3.125000e-02.
  Objective value decreased by 3.496865e+02.
Newton iteration 3.
  Active set size = 2352583.
  sub-gradient = 9.675702e+04, l1-norm of X = 2.711766e+03.
  Coordinate descent sweep 1. norm of D = 3.246479e+04, change in D = 3.246479e+04.
  Coordinate descent sweep 2. norm of D = 2.777683e+04, change in D = 9.725153e+03.
    Line search step size 1.000000e+00.  Lack of positive definiteness.
    Line search step size 5.000000e-01.  Lack of positive definiteness.
    Line search step size 2.500000e-01.  Lack of positive definiteness.
    Line search step size 1.250000e-01.  Lack of positive definiteness.
    Line search step size chosen: 6.250000e-02.
  Objective value decreased by 2.864286e+02.
Newton iteration 4.
  Active set size = 2337927.
  sub-gradient = 8.536246e+04, l1-norm of X = 3.358215e+03.
  Coordinate descent sweep 1. norm of D = 1.974892e+04, change in D = 1.974892e+04.
  Coordinate descent sweep 2. norm of D = 1.831240e+04, change in D = 5.549419e+03.
    Line search step size 1.000000e+00.  Lack of positive definiteness.
    Line search step size 5.000000e-01.  Lack of positive definiteness.
    Line search step size 2.500000e-01.  Lack of positive definiteness.
    Line search step size chosen: 1.250000e-01.
  Objective value decreased by 2.949010e+02.
Newton iteration 5.
  Active set size = 2335685.
  sub-gradient = 8.441919e+04, l1-norm of X = 3.980126e+03.
  Coordinate descent sweep 1. norm of D = 1.260371e+04, change in D = 1.260371e+04.
  Coordinate descent sweep 2. norm of D = 1.310938e+04, change in D = 3.708427e+03.
    Line search step size 1.000000e+00.  Lack of positive definiteness.
    Line search step size 5.000000e-01.  Lack of positive definiteness.
    Line search step size chosen: 2.500000e-01.
  Objective value decreased by 3.026945e+02.
Newton iteration 6.
  Active set size = 2339624.
  sub-gradient = 1.314194e+05, l1-norm of X = 4.526812e+03.
  Coordinate descent sweep 1. norm of D = 8.336252e+03, change in D = 8.336252e+03.
  Coordinate descent sweep 2. norm of D = 9.498899e+03, change in D = 3.110298e+03.
  Coordinate descent sweep 3. norm of D = 1.004140e+04, change in D = 1.490993e+03.
    Line search step size 1.000000e+00.  Lack of positive definiteness.
    Line search step size chosen: 5.000000e-01.
  Objective value decreased by 3.310641e+02.
Newton iteration 7.
  Active set size = 2358206.
  sub-gradient = 2.106903e+05, l1-norm of X = 5.095878e+03.
  Coordinate descent sweep 1. norm of D = 4.500898e+03, change in D = 4.500898e+03.
  Coordinate descent sweep 2. norm of D = 5.462917e+03, change in D = 2.169788e+03.
  Coordinate descent sweep 3. norm of D = 6.003877e+03, change in D = 1.333328e+03.
    Line search step size chosen: 1.000000e+00.
  Objective value decreased by 2.394770e+02.
Newton iteration 8.
  Active set size = 446633.
  sub-gradient = 1.709008e+04, l1-norm of X = 5.688390e+03.
  Coordinate descent sweep 1. norm of D = 1.158680e+03, change in D = 1.158680e+03.
  Coordinate descent sweep 2. norm of D = 1.514187e+03, change in D = 8.334890e+02.
  Coordinate descent sweep 3. norm of D = 1.749104e+03, change in D = 5.656997e+02.
    Line search step size chosen: 1.000000e+00.
  Objective value decreased by 2.110963e+01.
Newton iteration 9.
  Active set size = 374047.
  sub-gradient = 6.860523e+03, l1-norm of X = 5.910479e+03.
  Coordinate descent sweep 1. norm of D = 4.919222e+02, change in D = 4.919222e+02.
  Coordinate descent sweep 2. norm of D = 6.241208e+02, change in D = 3.404219e+02.
  Coordinate descent sweep 3. norm of D = 7.119377e+02, change in D = 2.299618e+02.
  Coordinate descent sweep 4. norm of D = 7.704379e+02, change in D = 1.561970e+02.
    Line search step size chosen: 1.000000e+00.
  Objective value decreased by 3.940921e+00.
Newton iteration 10.
  Active set size = 347163.
  sub-gradient = 2.258620e+03, l1-norm of X = 6.002858e+03.
  Coordinate descent sweep 1. norm of D = 1.396294e+02, change in D = 1.396294e+02.
  Coordinate descent sweep 2. norm of D = 1.652452e+02, change in D = 9.717438e+01.
  Coordinate descent sweep 3. norm of D = 1.837598e+02, change in D = 6.632678e+01.
  Coordinate descent sweep 4. norm of D = 1.964863e+02, change in D = 4.579152e+01.
    Line search step size chosen: 1.000000e+00.
  Objective value decreased by 3.975301e-01.
Newton iteration 11.
  Active set size = 337076.
  sub-gradient = 4.953962e+02, l1-norm of X = 6.023266e+03.
  Coordinate descent sweep 1. norm of D = 3.857996e+01, change in D = 3.857996e+01.
  Coordinate descent sweep 2. norm of D = 4.437244e+01, change in D = 2.758332e+01.
  Coordinate descent sweep 3. norm of D = 4.822648e+01, change in D = 1.942430e+01.
  Coordinate descent sweep 4. norm of D = 5.088450e+01, change in D = 1.388168e+01.
    Line search step size chosen: 1.000000e+00.
  Objective value decreased by 4.155217e-02.
Newton iteration 12.
  Active set size = 334655.
  sub-gradient = 4.554849e+01, l1-norm of X = 6.027499e+03.
  Coordinate descent sweep 1. norm of D = 1.197463e+01, change in D = 1.197463e+01.
  Coordinate descent sweep 2. norm of D = 1.395702e+01, change in D = 9.021695e+00.
  Coordinate descent sweep 3. norm of D = 1.505425e+01, change in D = 6.412161e+00.
  Coordinate descent sweep 4. norm of D = 1.568426e+01, change in D = 4.701902e+00.
  Coordinate descent sweep 5. norm of D = 1.611253e+01, change in D = 3.593702e+00.
    Line search step size chosen: 1.000000e+00.
  Objective value decreased by 6.011200e-03.
Newton iteration 13.
  Active set size = 334624.
  sub-gradient = 3.137884e+00, l1-norm of X = 6.028524e+03.
  Coordinate descent sweep 1. norm of D = 2.908344e+00, change in D = 2.908344e+00.
  Coordinate descent sweep 2. norm of D = 3.375700e+00, change in D = 2.315514e+00.
  Coordinate descent sweep 3. norm of D = 3.554388e+00, change in D = 1.783764e+00.
  Coordinate descent sweep 4. norm of D = 3.671981e+00, change in D = 1.422998e+00.
  Coordinate descent sweep 5. norm of D = 3.730551e+00, change in D = 1.135869e+00.
    Line search step size chosen: 1.000000e+00.
  Objective value decreased by 5.502622e-04.
Newton iteration 14.
  Active set size = 334583.
  sub-gradient = 1.071992e+00, l1-norm of X = 6.028687e+03.
  Coordinate descent sweep 1. norm of D = 9.164537e-01, change in D = 9.164537e-01.
  Coordinate descent sweep 2. norm of D = 1.052225e+00, change in D = 7.570751e-01.
  Coordinate descent sweep 3. norm of D = 1.102409e+00, change in D = 6.303186e-01.
  Coordinate descent sweep 4. norm of D = 1.126230e+00, change in D = 5.243721e-01.
  Coordinate descent sweep 5. norm of D = 1.134685e+00, change in D = 4.307747e-01.
    Line search step size chosen: 1.000000e+00.
  Objective value decreased by 7.358077e-05.
Newton iteration 15.
  Active set size = 334580.
  sub-gradient = 3.550073e-01, l1-norm of X = 6.028720e+03.
  Coordinate descent sweep 1. norm of D = 3.441870e-01, change in D = 3.441870e-01.
  Coordinate descent sweep 2. norm of D = 3.917728e-01, change in D = 2.794145e-01.
  Coordinate descent sweep 3. norm of D = 4.090101e-01, change in D = 2.369432e-01.
  Coordinate descent sweep 4. norm of D = 4.196436e-01, change in D = 2.075245e-01.
  Coordinate descent sweep 5. norm of D = 4.195829e-01, change in D = 1.767141e-01.
  Coordinate descent sweep 6. norm of D = 4.250573e-01, change in D = 1.545391e-01.
    Line search step size chosen: 1.000000e+00.
  Objective value decreased by 1.229740e-05.
QUIC CPU time: 15412.511 seconds
