[1] "/data/abattle4/prashanthi/recount3/data/blood/all/weighted_covariances/cov_5.rds"
[1] "Data read complete"
Running QUIC version 1.1 in 'default' mode.
Newton iteration 1.
  X is a diagonal matrix.
    Line search step size 1.000000e+00.  Lack of positive definiteness.
    Line search step size chosen: 5.000000e-01.
  Objective value decreased by 1.058879e+01.
Newton iteration 2.
  Active set size = 13784.
  sub-gradient = 1.583676e+02, l1-norm of X = 1.085105e+02.
  Coordinate descent sweep 1. norm of D = 1.011289e+02, change in D = 1.011289e+02.
    Line search step size chosen: 1.000000e+00.
  Objective value decreased by 3.094518e+00.
Newton iteration 3.
  Active set size = 13585.
  sub-gradient = 4.025473e+01, l1-norm of X = 1.890208e+02.
  Coordinate descent sweep 1. norm of D = 1.905000e+01, change in D = 1.905000e+01.
  Coordinate descent sweep 2. norm of D = 2.045338e+01, change in D = 5.130444e+00.
    Line search step size chosen: 1.000000e+00.
  Objective value decreased by 4.386122e-01.
Newton iteration 4.
  Active set size = 13501.
  sub-gradient = 8.315344e+00, l1-norm of X = 1.906496e+02.
  Coordinate descent sweep 1. norm of D = 3.558696e+00, change in D = 3.558696e+00.
  Coordinate descent sweep 2. norm of D = 3.631854e+00, change in D = 1.572155e+00.
    Line search step size chosen: 1.000000e+00.
  Objective value decreased by 7.132186e-02.
Newton iteration 5.
  Active set size = 13489.
  sub-gradient = 1.499005e+00, l1-norm of X = 1.908614e+02.
  Coordinate descent sweep 1. norm of D = 8.156425e-01, change in D = 8.156425e-01.
  Coordinate descent sweep 2. norm of D = 8.798584e-01, change in D = 4.050473e-01.
    Line search step size chosen: 1.000000e+00.
  Objective value decreased by 5.812778e-03.
Newton iteration 6.
  Active set size = 13485.
  sub-gradient = 2.815340e-01, l1-norm of X = 1.908652e+02.
  Coordinate descent sweep 1. norm of D = 2.175759e-01, change in D = 2.175759e-01.
  Coordinate descent sweep 2. norm of D = 2.565253e-01, change in D = 9.843033e-02.
  Coordinate descent sweep 3. norm of D = 2.721428e-01, change in D = 4.031628e-02.
    Line search step size chosen: 1.000000e+00.
  Objective value decreased by 4.596564e-04.
Newton iteration 7.
  Active set size = 13483.
  sub-gradient = 2.894677e-02, l1-norm of X = 1.908750e+02.
  Coordinate descent sweep 1. norm of D = 2.414361e-02, change in D = 2.414361e-02.
  Coordinate descent sweep 2. norm of D = 2.791607e-02, change in D = 1.003114e-02.
  Coordinate descent sweep 3. norm of D = 2.990612e-02, change in D = 5.116331e-03.
    Line search step size chosen: 1.000000e+00.
  Objective value decreased by 7.004889e-06.
Newton iteration 8.
  Active set size = 13483.
  sub-gradient = 2.867201e-03, l1-norm of X = 1.908813e+02.
  Coordinate descent sweep 1. norm of D = 2.495410e-03, change in D = 2.495410e-03.
  Coordinate descent sweep 2. norm of D = 3.005180e-03, change in D = 1.276180e-03.
  Coordinate descent sweep 3. norm of D = 3.488023e-03, change in D = 7.271516e-04.
    Line search step size chosen: 1.000000e+00.
  Objective value decreased by 7.673952e-08.
QUIC CPU time: 3108.111 seconds
