[1] "/data/abattle4/prashanthi/recount3/data/blood/all/weighted_covariances/cov_5.rds"
[1] "Data read complete"
Running QUIC version 1.1 in 'default' mode.
Newton iteration 1.
  X is a diagonal matrix.
    Line search step size 1.000000e+00.  Lack of positive definiteness.
    Line search step size chosen: 5.000000e-01.
  Objective value decreased by 6.481641e+00.
Newton iteration 2.
  Active set size = 11233.
  sub-gradient = 6.449554e+01, l1-norm of X = 6.529664e+01.
  Coordinate descent sweep 1. norm of D = 5.863045e+01, change in D = 5.863045e+01.
    Line search step size chosen: 1.000000e+00.
  Objective value decreased by 1.716259e+00.
Newton iteration 3.
  Active set size = 11115.
  sub-gradient = 1.107976e+01, l1-norm of X = 1.133737e+02.
  Coordinate descent sweep 1. norm of D = 1.003790e+01, change in D = 1.003790e+01.
  Coordinate descent sweep 2. norm of D = 1.098260e+01, change in D = 2.288577e+00.
    Line search step size chosen: 1.000000e+00.
  Objective value decreased by 1.157384e-01.
Newton iteration 4.
  Active set size = 11078.
  sub-gradient = 9.490847e-01, l1-norm of X = 1.146199e+02.
  Coordinate descent sweep 1. norm of D = 9.759442e-01, change in D = 9.759442e-01.
  Coordinate descent sweep 2. norm of D = 1.166219e+00, change in D = 3.816696e-01.
    Line search step size chosen: 1.000000e+00.
  Objective value decreased by 3.945104e-03.
Newton iteration 5.
  Active set size = 11075.
  sub-gradient = 1.516213e-01, l1-norm of X = 1.148541e+02.
  Coordinate descent sweep 1. norm of D = 1.520219e-01, change in D = 1.520219e-01.
  Coordinate descent sweep 2. norm of D = 1.809934e-01, change in D = 6.300329e-02.
    Line search step size chosen: 1.000000e+00.
  Objective value decreased by 1.629739e-04.
Newton iteration 6.
  Active set size = 11074.
  sub-gradient = 2.814969e-02, l1-norm of X = 1.148934e+02.
  Coordinate descent sweep 1. norm of D = 2.606656e-02, change in D = 2.606656e-02.
  Coordinate descent sweep 2. norm of D = 3.000535e-02, change in D = 1.039403e-02.
  Coordinate descent sweep 3. norm of D = 3.216052e-02, change in D = 4.149535e-03.
    Line search step size chosen: 1.000000e+00.
  Objective value decreased by 6.289475e-06.
Newton iteration 7.
  Active set size = 11074.
  sub-gradient = 2.422359e-03, l1-norm of X = 1.149003e+02.
  Coordinate descent sweep 1. norm of D = 2.252671e-03, change in D = 2.252671e-03.
  Coordinate descent sweep 2. norm of D = 2.594913e-03, change in D = 8.726815e-04.
  Coordinate descent sweep 3. norm of D = 2.801444e-03, change in D = 3.902743e-04.
    Line search step size chosen: 1.000000e+00.
  Objective value decreased by 5.413858e-08.
QUIC CPU time: 2664.128 seconds
