[1] "/data/abattle4/prashanthi/recount3/data/blood/all/weighted_covariances/cov_5.rds"
[1] "Data read complete"
Running QUIC version 1.1 in 'default' mode.
Newton iteration 1.
  X is a diagonal matrix.
    Line search step size chosen: 1.000000e+00.
  Objective value decreased by -9.538133e-01.
Newton iteration 2.
  Active set size = 9248.
  sub-gradient = 1.905297e+03, l1-norm of X = 4.778497e+01.
  Coordinate descent sweep 1. norm of D = 5.740612e+00, change in D = 5.740612e+00.
    Line search step size chosen: 1.000000e+00.
  Objective value decreased by 6.699044e-01.
Newton iteration 3.
  Active set size = 9100.
  sub-gradient = 8.914305e+02, l1-norm of X = 4.659437e+01.
  Coordinate descent sweep 1. norm of D = 2.756558e+00, change in D = 2.756558e+00.
  Coordinate descent sweep 2. norm of D = 2.737650e+00, change in D = 1.090793e+00.
    Line search step size chosen: 1.000000e+00.
  Objective value decreased by 8.456262e-01.
Newton iteration 4.
  Active set size = 9006.
  sub-gradient = 3.959152e+02, l1-norm of X = 4.634999e+01.
  Coordinate descent sweep 1. norm of D = 1.724812e+00, change in D = 1.724812e+00.
  Coordinate descent sweep 2. norm of D = 1.765566e+00, change in D = 8.100705e-01.
    Line search step size chosen: 1.000000e+00.
  Objective value decreased by 6.788529e-01.
Newton iteration 5.
  Active set size = 8949.
  sub-gradient = 1.756194e+02, l1-norm of X = 4.595911e+01.
  Coordinate descent sweep 1. norm of D = 2.301226e+00, change in D = 2.301226e+00.
  Coordinate descent sweep 2. norm of D = 1.987277e+00, change in D = 1.215023e+00.
    Line search step size chosen: 1.000000e+00.
  Objective value decreased by 5.979740e-01.
Newton iteration 6.
  Active set size = 8924.
  sub-gradient = 7.778204e+01, l1-norm of X = 4.559792e+01.
  Coordinate descent sweep 1. norm of D = 2.628092e+00, change in D = 2.628092e+00.
  Coordinate descent sweep 2. norm of D = 2.155678e+00, change in D = 1.414722e+00.
  Coordinate descent sweep 3. norm of D = 1.968899e+00, change in D = 7.680775e-01.
    Line search step size chosen: 1.000000e+00.
  Objective value decreased by 5.078683e-01.
Newton iteration 7.
  Active set size = 8919.
  sub-gradient = 3.492817e+01, l1-norm of X = 4.484613e+01.
  Coordinate descent sweep 1. norm of D = 2.053492e+00, change in D = 2.053492e+00.
  Coordinate descent sweep 2. norm of D = 1.738962e+00, change in D = 1.050286e+00.
  Coordinate descent sweep 3. norm of D = 1.710419e+00, change in D = 5.664405e-01.
    Line search step size chosen: 1.000000e+00.
  Objective value decreased by 3.407732e-01.
Newton iteration 8.
  Active set size = 8910.
  sub-gradient = 1.437452e+01, l1-norm of X = 4.409625e+01.
  Coordinate descent sweep 1. norm of D = 1.863350e+00, change in D = 1.863350e+00.
  Coordinate descent sweep 2. norm of D = 1.566551e+00, change in D = 1.044861e+00.
  Coordinate descent sweep 3. norm of D = 1.447047e+00, change in D = 4.903615e-01.
    Line search step size chosen: 1.000000e+00.
  Objective value decreased by 1.847920e-01.
Newton iteration 9.
  Active set size = 8904.
  sub-gradient = 4.605423e+00, l1-norm of X = 4.319341e+01.
  Coordinate descent sweep 1. norm of D = 1.038069e+00, change in D = 1.038069e+00.
  Coordinate descent sweep 2. norm of D = 7.561229e-01, change in D = 6.728253e-01.
  Coordinate descent sweep 3. norm of D = 7.248072e-01, change in D = 3.158119e-01.
  Coordinate descent sweep 4. norm of D = 7.176342e-01, change in D = 1.344779e-01.
    Line search step size chosen: 1.000000e+00.
  Objective value decreased by 4.340022e-02.
Newton iteration 10.
  Active set size = 8897.
  sub-gradient = 7.913199e-01, l1-norm of X = 4.257020e+01.
  Coordinate descent sweep 1. norm of D = 2.768364e-01, change in D = 2.768364e-01.
  Coordinate descent sweep 2. norm of D = 1.992438e-01, change in D = 1.751857e-01.
  Coordinate descent sweep 3. norm of D = 1.986256e-01, change in D = 6.034292e-02.
  Coordinate descent sweep 4. norm of D = 1.900016e-01, change in D = 2.393807e-02.
    Line search step size chosen: 1.000000e+00.
  Objective value decreased by 2.211793e-03.
Newton iteration 11.
  Active set size = 8896.
  sub-gradient = 5.245407e-02, l1-norm of X = 4.238982e+01.
  Coordinate descent sweep 1. norm of D = 2.226205e-02, change in D = 2.226205e-02.
  Coordinate descent sweep 2. norm of D = 1.890739e-02, change in D = 9.527523e-03.
  Coordinate descent sweep 3. norm of D = 1.869158e-02, change in D = 3.175879e-03.
  Coordinate descent sweep 4. norm of D = 1.823737e-02, change in D = 1.247293e-03.
    Line search step size chosen: 1.000000e+00.
  Objective value decreased by 1.476866e-05.
Newton iteration 12.
  Active set size = 8895.
  sub-gradient = 4.881319e-04, l1-norm of X = 4.237816e+01.
  Coordinate descent sweep 1. norm of D = 4.051166e-04, change in D = 4.051166e-04.
  Coordinate descent sweep 2. norm of D = 4.445482e-04, change in D = 1.592022e-04.
  Coordinate descent sweep 3. norm of D = 4.534242e-04, change in D = 5.362535e-05.
  Coordinate descent sweep 4. norm of D = 4.566182e-04, change in D = 1.718905e-05.
    Line search step size chosen: 1.000000e+00.
  Objective value decreased by 3.581590e-09.
QUIC CPU time: 4217.718 seconds
