[1] "/data/abattle4/prashanthi/recount3/data/blood/all/weighted_covariances/cov_5.rds"
[1] "Data read complete"
Running QUIC version 1.1 in 'default' mode.
Newton iteration 1.
  X is a diagonal matrix.
    Line search step size chosen: 1.000000e+00.
  Objective value decreased by 1.307466e+00.
Newton iteration 2.
  Active set size = 8465.
  sub-gradient = 2.350257e+01, l1-norm of X = 2.931989e+01.
  Coordinate descent sweep 1. norm of D = 5.294080e+00, change in D = 5.294080e+00.
    Line search step size chosen: 1.000000e+00.
  Objective value decreased by 2.900437e-01.
Newton iteration 3.
  Active set size = 8445.
  sub-gradient = 6.695722e+00, l1-norm of X = 2.721474e+01.
  Coordinate descent sweep 1. norm of D = 2.886758e+00, change in D = 2.886758e+00.
  Coordinate descent sweep 2. norm of D = 2.923583e+00, change in D = 9.623823e-01.
    Line search step size chosen: 1.000000e+00.
  Objective value decreased by 1.227502e-01.
Newton iteration 4.
  Active set size = 8437.
  sub-gradient = 1.532525e+00, l1-norm of X = 2.667550e+01.
  Coordinate descent sweep 1. norm of D = 7.835818e-01, change in D = 7.835818e-01.
  Coordinate descent sweep 2. norm of D = 7.518444e-01, change in D = 3.279488e-01.
    Line search step size chosen: 1.000000e+00.
  Objective value decreased by 1.410733e-02.
Newton iteration 5.
  Active set size = 8434.
  sub-gradient = 2.128026e-01, l1-norm of X = 2.642838e+01.
  Coordinate descent sweep 1. norm of D = 1.247009e-01, change in D = 1.247009e-01.
  Coordinate descent sweep 2. norm of D = 1.155754e-01, change in D = 6.349927e-02.
    Line search step size chosen: 1.000000e+00.
  Objective value decreased by 4.444399e-04.
Newton iteration 6.
  Active set size = 8434.
  sub-gradient = 1.480497e-02, l1-norm of X = 2.635927e+01.
  Coordinate descent sweep 1. norm of D = 1.537003e-02, change in D = 1.537003e-02.
  Coordinate descent sweep 2. norm of D = 1.785605e-02, change in D = 4.835653e-03.
  Coordinate descent sweep 3. norm of D = 1.872559e-02, change in D = 1.830226e-03.
    Line search step size chosen: 1.000000e+00.
  Objective value decreased by 5.730101e-06.
Newton iteration 7.
  Active set size = 8434.
  sub-gradient = 5.638227e-04, l1-norm of X = 2.635537e+01.
  Coordinate descent sweep 1. norm of D = 5.667605e-04, change in D = 5.667605e-04.
  Coordinate descent sweep 2. norm of D = 5.870502e-04, change in D = 1.885480e-04.
  Coordinate descent sweep 3. norm of D = 6.176270e-04, change in D = 5.491636e-05.
    Line search step size chosen: 1.000000e+00.
  Objective value decreased by 6.747541e-09.
QUIC CPU time: 2541.843 seconds
