[1] "/data/abattle4/prashanthi/recount3/data/blood/all/weighted_covariances/cov_5.rds"
[1] "Data read complete"
Running QUIC version 1.1 in 'default' mode.
Newton iteration 1.
  X is a diagonal matrix.
    Line search step size chosen: 1.000000e+00.
  Objective value decreased by 3.522634e-02.
Newton iteration 2.
  Active set size = 7836.
  sub-gradient = 9.100842e-02, l1-norm of X = 1.103174e+00.
  Coordinate descent sweep 1. norm of D = 8.523753e-02, change in D = 8.523753e-02.
    Line search step size chosen: 1.000000e+00.
  Objective value decreased by 2.938865e-04.
Newton iteration 3.
  Active set size = 7836.
  sub-gradient = 6.449036e-03, l1-norm of X = 1.083465e+00.
  Coordinate descent sweep 1. norm of D = 6.513547e-03, change in D = 6.513547e-03.
  Coordinate descent sweep 2. norm of D = 7.084649e-03, change in D = 8.780330e-04.
    Line search step size chosen: 1.000000e+00.
  Objective value decreased by 5.857885e-06.
Newton iteration 4.
  Active set size = 7836.
  sub-gradient = 6.974295e-05, l1-norm of X = 1.090961e+00.
  Coordinate descent sweep 1. norm of D = 6.967644e-05, change in D = 6.967644e-05.
  Coordinate descent sweep 2. norm of D = 7.476289e-05, change in D = 7.373488e-06.
    Line search step size chosen: 1.000000e+00.
  Objective value decreased by 4.483809e-10.
QUIC CPU time: 1368.090 seconds
