[1] "/data/abattle4/prashanthi/recount3/data/blood/all/weighted_covariances/cov_5.rds"
[1] "Data read complete"
Running QUIC version 1.1 in 'default' mode.
Newton iteration 1.
  X is a diagonal matrix.
    Line search step size chosen: 1.000000e+00.
  Objective value decreased by 1.483574e-02.
Newton iteration 2.
  Active set size = 7816.
  sub-gradient = 3.135666e-02, l1-norm of X = 4.490903e-01.
  Coordinate descent sweep 1. norm of D = 2.994012e-02, change in D = 2.994012e-02.
    Line search step size chosen: 1.000000e+00.
  Objective value decreased by 7.157255e-05.
Newton iteration 3.
  Active set size = 7816.
  sub-gradient = 1.423066e-03, l1-norm of X = 4.485054e-01.
  Coordinate descent sweep 1. norm of D = 1.493118e-03, change in D = 1.493118e-03.
  Coordinate descent sweep 2. norm of D = 1.634517e-03, change in D = 2.024672e-04.
    Line search step size chosen: 1.000000e+00.
  Objective value decreased by 4.967233e-07.
Newton iteration 4.
  Active set size = 7816.
  sub-gradient = 1.141286e-05, l1-norm of X = 4.503721e-01.
  Coordinate descent sweep 1. norm of D = 1.198931e-05, change in D = 1.198931e-05.
  Coordinate descent sweep 2. norm of D = 1.339551e-05, change in D = 1.409107e-06.
    Line search step size chosen: 1.000000e+00.
  Objective value decreased by 2.910383e-11.
QUIC CPU time: 1365.169 seconds
