[1] "GTEx"             "30"               "correcting_first" "0.20"            
[1] "Data read complete"
Running QUIC version 1.1 in 'default' mode.
Newton iteration 1.
  X is a diagonal matrix.
    Line search step size 1.000000e+00.  Lack of positive definiteness.
    Line search step size 5.000000e-01.  Lack of positive definiteness.
    Line search step size 2.500000e-01.  Lack of positive definiteness.
    Line search step size chosen: 1.250000e-01.
  Objective value decreased by 3.561375e+01.
Newton iteration 2.
  Active set size = 20452.
  sub-gradient = 7.092651e+02, l1-norm of X = 4.927889e+01.
  Coordinate descent sweep 1. norm of D = 5.081153e+02, change in D = 5.081153e+02.
    Line search step size 1.000000e+00.  Lack of positive definiteness.
    Line search step size 5.000000e-01.  Lack of positive definiteness.
    Line search step size chosen: 2.500000e-01.
  Objective value decreased by 2.208900e+01.
Newton iteration 3.
  Active set size = 20455.
  sub-gradient = 4.420284e+02, l1-norm of X = 9.349245e+01.
  Coordinate descent sweep 1. norm of D = 3.076561e+02, change in D = 3.076561e+02.
  Coordinate descent sweep 2. norm of D = 3.252044e+02, change in D = 7.567030e+01.
    Line search step size chosen: 1.000000e+00.
  Objective value decreased by 2.099186e+01.
Newton iteration 4.
  Active set size = 16788.
  sub-gradient = 2.103221e+02, l1-norm of X = 1.715709e+02.
  Coordinate descent sweep 1. norm of D = 6.924145e+01, change in D = 6.924145e+01.
  Coordinate descent sweep 2. norm of D = 7.719608e+01, change in D = 3.729070e+01.
    Line search step size chosen: 1.000000e+00.
  Objective value decreased by 2.494147e+00.
Newton iteration 5.
  Active set size = 16212.
  sub-gradient = 4.405724e+01, l1-norm of X = 1.714203e+02.
  Coordinate descent sweep 1. norm of D = 2.726349e+01, change in D = 2.726349e+01.
  Coordinate descent sweep 2. norm of D = 3.475025e+01, change in D = 1.736214e+01.
    Line search step size chosen: 1.000000e+00.
  Objective value decreased by 7.431205e-01.
Newton iteration 6.
  Active set size = 16028.
  sub-gradient = 1.420657e+01, l1-norm of X = 1.726881e+02.
  Coordinate descent sweep 1. norm of D = 1.279936e+01, change in D = 1.279936e+01.
  Coordinate descent sweep 2. norm of D = 1.724588e+01, change in D = 8.860695e+00.
  Coordinate descent sweep 3. norm of D = 2.025053e+01, change in D = 6.456472e+00.
    Line search step size chosen: 1.000000e+00.
  Objective value decreased by 3.756783e-01.
Newton iteration 7.
  Active set size = 15967.
  sub-gradient = 5.499562e+00, l1-norm of X = 1.741418e+02.
  Coordinate descent sweep 1. norm of D = 5.235373e+00, change in D = 5.235373e+00.
  Coordinate descent sweep 2. norm of D = 7.367950e+00, change in D = 4.194909e+00.
  Coordinate descent sweep 3. norm of D = 9.028530e+00, change in D = 3.521301e+00.
    Line search step size chosen: 1.000000e+00.
  Objective value decreased by 1.216392e-01.
Newton iteration 8.
  Active set size = 15939.
  sub-gradient = 3.298041e+00, l1-norm of X = 1.747600e+02.
  Coordinate descent sweep 1. norm of D = 2.764628e+00, change in D = 2.764628e+00.
  Coordinate descent sweep 2. norm of D = 3.896033e+00, change in D = 2.369912e+00.
  Coordinate descent sweep 3. norm of D = 4.745155e+00, change in D = 2.015460e+00.
    Line search step size chosen: 1.000000e+00.
  Objective value decreased by 4.984259e-02.
Newton iteration 9.
  Active set size = 15928.
  sub-gradient = 1.786127e+00, l1-norm of X = 1.750795e+02.
  Coordinate descent sweep 1. norm of D = 1.712894e+00, change in D = 1.712894e+00.
  Coordinate descent sweep 2. norm of D = 2.438312e+00, change in D = 1.484668e+00.
  Coordinate descent sweep 3. norm of D = 2.954692e+00, change in D = 1.225440e+00.
  Coordinate descent sweep 4. norm of D = 3.384295e+00, change in D = 1.093179e+00.
    Line search step size chosen: 1.000000e+00.
  Objective value decreased by 3.230776e-02.
Newton iteration 10.
  Active set size = 15928.
  sub-gradient = 9.202436e-01, l1-norm of X = 1.753115e+02.
  Coordinate descent sweep 1. norm of D = 9.172369e-01, change in D = 9.172369e-01.
  Coordinate descent sweep 2. norm of D = 1.296476e+00, change in D = 7.385013e-01.
  Coordinate descent sweep 3. norm of D = 1.645555e+00, change in D = 7.640900e-01.
  Coordinate descent sweep 4. norm of D = 1.911630e+00, change in D = 6.739605e-01.
    Line search step size chosen: 1.000000e+00.
  Objective value decreased by 1.531102e-02.
Newton iteration 11.
  Active set size = 15921.
  sub-gradient = 6.697190e-01, l1-norm of X = 1.754573e+02.
  Coordinate descent sweep 1. norm of D = 5.304502e-01, change in D = 5.304502e-01.
  Coordinate descent sweep 2. norm of D = 7.968283e-01, change in D = 4.936967e-01.
  Coordinate descent sweep 3. norm of D = 9.714349e-01, change in D = 4.241370e-01.
  Coordinate descent sweep 4. norm of D = 1.128566e+00, change in D = 3.761927e-01.
    Line search step size chosen: 1.000000e+00.
  Objective value decreased by 7.258558e-03.
Newton iteration 12.
  Active set size = 15920.
  sub-gradient = 4.863582e-01, l1-norm of X = 1.755524e+02.
  Coordinate descent sweep 1. norm of D = 3.598030e-01, change in D = 3.598030e-01.
  Coordinate descent sweep 2. norm of D = 5.097947e-01, change in D = 3.464124e-01.
  Coordinate descent sweep 3. norm of D = 6.556567e-01, change in D = 3.194832e-01.
  Coordinate descent sweep 4. norm of D = 7.522564e-01, change in D = 2.656137e-01.
  Coordinate descent sweep 5. norm of D = 8.596479e-01, change in D = 2.634415e-01.
    Line search step size chosen: 1.000000e+00.
  Objective value decreased by 4.601684e-03.
Newton iteration 13.
  Active set size = 15918.
  sub-gradient = 2.103017e-01, l1-norm of X = 1.756167e+02.
  Coordinate descent sweep 1. norm of D = 2.005107e-01, change in D = 2.005107e-01.
  Coordinate descent sweep 2. norm of D = 3.222902e-01, change in D = 2.129215e-01.
  Coordinate descent sweep 3. norm of D = 4.013908e-01, change in D = 1.854600e-01.
  Coordinate descent sweep 4. norm of D = 4.775049e-01, change in D = 1.816437e-01.
  Coordinate descent sweep 5. norm of D = 5.380159e-01, change in D = 1.412036e-01.
    Line search step size chosen: 1.000000e+00.
  Objective value decreased by 2.082900e-03.
Newton iteration 14.
  Active set size = 15918.
  sub-gradient = 1.788261e-01, l1-norm of X = 1.756635e+02.
  Coordinate descent sweep 1. norm of D = 1.476672e-01, change in D = 1.476672e-01.
  Coordinate descent sweep 2. norm of D = 2.032987e-01, change in D = 1.385255e-01.
  Coordinate descent sweep 3. norm of D = 2.692269e-01, change in D = 1.317034e-01.
  Coordinate descent sweep 4. norm of D = 3.018170e-01, change in D = 9.702389e-02.
  Coordinate descent sweep 5. norm of D = 3.503604e-01, change in D = 1.150724e-01.
    Line search step size chosen: 1.000000e+00.
  Objective value decreased by 1.178952e-03.
Newton iteration 15.
  Active set size = 15918.
  sub-gradient = 1.163741e-01, l1-norm of X = 1.756926e+02.
  Coordinate descent sweep 1. norm of D = 9.904473e-02, change in D = 9.904473e-02.
  Coordinate descent sweep 2. norm of D = 1.564306e-01, change in D = 9.900198e-02.
  Coordinate descent sweep 3. norm of D = 1.916186e-01, change in D = 8.103154e-02.
  Coordinate descent sweep 4. norm of D = 2.226085e-01, change in D = 8.245774e-02.
  Coordinate descent sweep 5. norm of D = 2.566915e-01, change in D = 7.069095e-02.
  Coordinate descent sweep 6. norm of D = 2.808967e-01, change in D = 6.231785e-02.
    Line search step size chosen: 1.000000e+00.
  Objective value decreased by 7.115316e-04.
Newton iteration 16.
  Active set size = 15918.
  sub-gradient = 6.716290e-02, l1-norm of X = 1.757170e+02.
  Coordinate descent sweep 1. norm of D = 5.529350e-02, change in D = 5.529350e-02.
  Coordinate descent sweep 2. norm of D = 9.336982e-02, change in D = 6.013606e-02.
  Coordinate descent sweep 3. norm of D = 1.106577e-01, change in D = 5.443392e-02.
  Coordinate descent sweep 4. norm of D = 1.311310e-01, change in D = 5.377564e-02.
  Coordinate descent sweep 5. norm of D = 1.517124e-01, change in D = 4.749899e-02.
  Coordinate descent sweep 6. norm of D = 1.669292e-01, change in D = 4.474691e-02.
    Line search step size chosen: 1.000000e+00.
  Objective value decreased by 3.018113e-04.
Newton iteration 17.
  Active set size = 15918.
  sub-gradient = 5.538780e-02, l1-norm of X = 1.757313e+02.
  Coordinate descent sweep 1. norm of D = 4.193189e-02, change in D = 4.193189e-02.
  Coordinate descent sweep 2. norm of D = 5.901594e-02, change in D = 3.830654e-02.
  Coordinate descent sweep 3. norm of D = 7.754823e-02, change in D = 3.997595e-02.
  Coordinate descent sweep 4. norm of D = 9.247943e-02, change in D = 3.275263e-02.
  Coordinate descent sweep 5. norm of D = 9.752741e-02, change in D = 2.667193e-02.
  Coordinate descent sweep 6. norm of D = 1.142123e-01, change in D = 3.530457e-02.
    Line search step size chosen: 1.000000e+00.
  Objective value decreased by 1.534939e-04.
Newton iteration 18.
  Active set size = 15918.
  sub-gradient = 2.866811e-02, l1-norm of X = 1.757412e+02.
  Coordinate descent sweep 1. norm of D = 2.818413e-02, change in D = 2.818413e-02.
  Coordinate descent sweep 2. norm of D = 4.005912e-02, change in D = 2.487849e-02.
  Coordinate descent sweep 3. norm of D = 5.279260e-02, change in D = 2.519584e-02.
  Coordinate descent sweep 4. norm of D = 6.385921e-02, change in D = 2.028354e-02.
  Coordinate descent sweep 5. norm of D = 7.221881e-02, change in D = 1.739810e-02.
  Coordinate descent sweep 6. norm of D = 8.037852e-02, change in D = 1.756804e-02.
  Coordinate descent sweep 7. norm of D = 8.912801e-02, change in D = 2.117618e-02.
    Line search step size chosen: 1.000000e+00.
  Objective value decreased by 9.694584e-05.
Newton iteration 19.
  Active set size = 15918.
  sub-gradient = 1.384601e-02, l1-norm of X = 1.757506e+02.
  Coordinate descent sweep 1. norm of D = 1.620750e-02, change in D = 1.620750e-02.
  Coordinate descent sweep 2. norm of D = 2.662079e-02, change in D = 1.592958e-02.
  Coordinate descent sweep 3. norm of D = 3.551085e-02, change in D = 1.624352e-02.
  Coordinate descent sweep 4. norm of D = 4.151114e-02, change in D = 1.423860e-02.
  Coordinate descent sweep 5. norm of D = 4.840528e-02, change in D = 1.397026e-02.
  Coordinate descent sweep 6. norm of D = 5.235293e-02, change in D = 1.135150e-02.
  Coordinate descent sweep 7. norm of D = 5.707509e-02, change in D = 1.254965e-02.
    Line search step size chosen: 1.000000e+00.
  Objective value decreased by 4.145896e-05.
QUIC CPU time: 1589.520 seconds
