[1] "GTEx"             "30"               "correcting_first" "0.30"            
[1] "Data read complete"
Running QUIC version 1.1 in 'default' mode.
Newton iteration 1.
  X is a diagonal matrix.
    Line search step size 1.000000e+00.  Lack of positive definiteness.
    Line search step size 5.000000e-01.  Lack of positive definiteness.
    Line search step size chosen: 2.500000e-01.
  Objective value decreased by 1.746265e+01.
Newton iteration 2.
  Active set size = 9012.
  sub-gradient = 1.260833e+03, l1-norm of X = 4.222838e+01.
  Coordinate descent sweep 1. norm of D = 1.058723e+02, change in D = 1.058723e+02.
    Line search step size chosen: 1.000000e+00.
  Objective value decreased by 7.324256e+00.
Newton iteration 3.
  Active set size = 8534.
  sub-gradient = 7.606444e+02, l1-norm of X = 8.778483e+01.
  Coordinate descent sweep 1. norm of D = 3.958074e+01, change in D = 3.958074e+01.
  Coordinate descent sweep 2. norm of D = 4.192836e+01, change in D = 2.006183e+01.
    Line search step size chosen: 1.000000e+00.
  Objective value decreased by 4.044901e+00.
Newton iteration 4.
  Active set size = 8306.
  sub-gradient = 3.030922e+02, l1-norm of X = 8.583671e+01.
  Coordinate descent sweep 1. norm of D = 2.201972e+01, change in D = 2.201972e+01.
  Coordinate descent sweep 2. norm of D = 2.525944e+01, change in D = 1.216497e+01.
    Line search step size chosen: 1.000000e+00.
  Objective value decreased by 1.624248e+00.
Newton iteration 5.
  Active set size = 8186.
  sub-gradient = 1.141448e+02, l1-norm of X = 8.501092e+01.
  Coordinate descent sweep 1. norm of D = 1.176948e+01, change in D = 1.176948e+01.
  Coordinate descent sweep 2. norm of D = 1.415836e+01, change in D = 6.682049e+00.
    Line search step size chosen: 1.000000e+00.
  Objective value decreased by 6.920879e-01.
Newton iteration 6.
  Active set size = 8145.
  sub-gradient = 4.030549e+01, l1-norm of X = 8.541954e+01.
  Coordinate descent sweep 1. norm of D = 6.596971e+00, change in D = 6.596971e+00.
  Coordinate descent sweep 2. norm of D = 8.506757e+00, change in D = 4.167817e+00.
  Coordinate descent sweep 3. norm of D = 9.589935e+00, change in D = 2.874011e+00.
    Line search step size chosen: 1.000000e+00.
  Objective value decreased by 3.456840e-01.
Newton iteration 7.
  Active set size = 8106.
  sub-gradient = 1.128524e+01, l1-norm of X = 8.604978e+01.
  Coordinate descent sweep 1. norm of D = 2.988929e+00, change in D = 2.988929e+00.
  Coordinate descent sweep 2. norm of D = 3.788707e+00, change in D = 2.179315e+00.
  Coordinate descent sweep 3. norm of D = 4.460380e+00, change in D = 1.581214e+00.
    Line search step size chosen: 1.000000e+00.
  Objective value decreased by 1.023202e-01.
Newton iteration 8.
  Active set size = 8097.
  sub-gradient = 1.970564e+00, l1-norm of X = 8.641729e+01.
  Coordinate descent sweep 1. norm of D = 1.383157e+00, change in D = 1.383157e+00.
  Coordinate descent sweep 2. norm of D = 1.913940e+00, change in D = 1.107247e+00.
  Coordinate descent sweep 3. norm of D = 2.266089e+00, change in D = 7.754446e-01.
    Line search step size chosen: 1.000000e+00.
  Objective value decreased by 2.270581e-02.
Newton iteration 9.
  Active set size = 8088.
  sub-gradient = 6.097242e-01, l1-norm of X = 8.660977e+01.
  Coordinate descent sweep 1. norm of D = 6.288905e-01, change in D = 6.288905e-01.
  Coordinate descent sweep 2. norm of D = 8.298146e-01, change in D = 5.032212e-01.
  Coordinate descent sweep 3. norm of D = 9.904368e-01, change in D = 3.780906e-01.
  Coordinate descent sweep 4. norm of D = 1.145460e+00, change in D = 3.057762e-01.
    Line search step size chosen: 1.000000e+00.
  Objective value decreased by 6.350350e-03.
Newton iteration 10.
  Active set size = 8087.
  sub-gradient = 2.135328e-01, l1-norm of X = 8.673965e+01.
  Coordinate descent sweep 1. norm of D = 2.247164e-01, change in D = 2.247164e-01.
  Coordinate descent sweep 2. norm of D = 3.265267e-01, change in D = 2.047578e-01.
  Coordinate descent sweep 3. norm of D = 3.980756e-01, change in D = 1.584717e-01.
  Coordinate descent sweep 4. norm of D = 4.490573e-01, change in D = 1.186897e-01.
    Line search step size chosen: 1.000000e+00.
  Objective value decreased by 1.268674e-03.
Newton iteration 11.
  Active set size = 8087.
  sub-gradient = 1.181366e-01, l1-norm of X = 8.678625e+01.
  Coordinate descent sweep 1. norm of D = 1.008309e-01, change in D = 1.008309e-01.
  Coordinate descent sweep 2. norm of D = 1.454329e-01, change in D = 8.857254e-02.
  Coordinate descent sweep 3. norm of D = 1.720171e-01, change in D = 7.222666e-02.
  Coordinate descent sweep 4. norm of D = 2.126513e-01, change in D = 7.207131e-02.
    Line search step size chosen: 1.000000e+00.
  Objective value decreased by 3.498048e-04.
Newton iteration 12.
  Active set size = 8087.
  sub-gradient = 4.710948e-02, l1-norm of X = 8.681052e+01.
  Coordinate descent sweep 1. norm of D = 5.045261e-02, change in D = 5.045261e-02.
  Coordinate descent sweep 2. norm of D = 7.451877e-02, change in D = 4.335304e-02.
  Coordinate descent sweep 3. norm of D = 9.375539e-02, change in D = 3.341030e-02.
  Coordinate descent sweep 4. norm of D = 1.104694e-01, change in D = 2.924363e-02.
  Coordinate descent sweep 5. norm of D = 1.203985e-01, change in D = 2.415628e-02.
    Line search step size chosen: 1.000000e+00.
  Objective value decreased by 1.307162e-04.
Newton iteration 13.
  Active set size = 8087.
  sub-gradient = 2.132689e-02, l1-norm of X = 8.682716e+01.
  Coordinate descent sweep 1. norm of D = 1.965848e-02, change in D = 1.965848e-02.
  Coordinate descent sweep 2. norm of D = 2.719275e-02, change in D = 1.536637e-02.
  Coordinate descent sweep 3. norm of D = 3.787739e-02, change in D = 1.674203e-02.
  Coordinate descent sweep 4. norm of D = 4.376307e-02, change in D = 1.205906e-02.
  Coordinate descent sweep 5. norm of D = 5.081184e-02, change in D = 1.337820e-02.
    Line search step size chosen: 1.000000e+00.
  Objective value decreased by 3.234014e-05.
Newton iteration 14.
  Active set size = 8087.
  sub-gradient = 8.229619e-03, l1-norm of X = 8.683347e+01.
  Coordinate descent sweep 1. norm of D = 9.782517e-03, change in D = 9.782517e-03.
  Coordinate descent sweep 2. norm of D = 1.415988e-02, change in D = 7.269178e-03.
  Coordinate descent sweep 3. norm of D = 1.779290e-02, change in D = 6.836405e-03.
  Coordinate descent sweep 4. norm of D = 2.022443e-02, change in D = 5.392641e-03.
  Coordinate descent sweep 5. norm of D = 2.264575e-02, change in D = 4.873772e-03.
    Line search step size chosen: 1.000000e+00.
  Objective value decreased by 7.485356e-06.
QUIC CPU time: 1172.850 seconds
