[1] "GTEx"             "30"               "correcting_first" "0.32"            
[1] "Data read complete"
Running QUIC version 1.1 in 'default' mode.
Newton iteration 1.
  X is a diagonal matrix.
    Line search step size 1.000000e+00.  Lack of positive definiteness.
    Line search step size 5.000000e-01.  Lack of positive definiteness.
    Line search step size chosen: 2.500000e-01.
  Objective value decreased by 1.572978e+01.
Newton iteration 2.
  Active set size = 8309.
  sub-gradient = 1.544159e+02, l1-norm of X = 3.594551e+01.
  Coordinate descent sweep 1. norm of D = 9.490510e+01, change in D = 9.490510e+01.
    Line search step size chosen: 1.000000e+00.
  Objective value decreased by 5.477199e+00.
Newton iteration 3.
  Active set size = 7929.
  sub-gradient = 2.734032e+02, l1-norm of X = 7.918080e+01.
  Coordinate descent sweep 1. norm of D = 3.589941e+01, change in D = 3.589941e+01.
  Coordinate descent sweep 2. norm of D = 3.760738e+01, change in D = 1.674436e+01.
    Line search step size chosen: 1.000000e+00.
  Objective value decreased by 3.471506e+00.
Newton iteration 4.
  Active set size = 7745.
  sub-gradient = 9.268271e+01, l1-norm of X = 7.760845e+01.
  Coordinate descent sweep 1. norm of D = 1.850593e+01, change in D = 1.850593e+01.
  Coordinate descent sweep 2. norm of D = 2.056687e+01, change in D = 9.999478e+00.
    Line search step size chosen: 1.000000e+00.
  Objective value decreased by 1.190450e+00.
Newton iteration 5.
  Active set size = 7680.
  sub-gradient = 2.569015e+01, l1-norm of X = 7.666873e+01.
  Coordinate descent sweep 1. norm of D = 8.950976e+00, change in D = 8.950976e+00.
  Coordinate descent sweep 2. norm of D = 1.076674e+01, change in D = 5.297863e+00.
    Line search step size chosen: 1.000000e+00.
  Objective value decreased by 3.361320e-01.
Newton iteration 6.
  Active set size = 7655.
  sub-gradient = 6.367950e+00, l1-norm of X = 7.661751e+01.
  Coordinate descent sweep 1. norm of D = 3.973692e+00, change in D = 3.973692e+00.
  Coordinate descent sweep 2. norm of D = 5.170504e+00, change in D = 2.447135e+00.
  Coordinate descent sweep 3. norm of D = 6.011579e+00, change in D = 1.611236e+00.
    Line search step size chosen: 1.000000e+00.
  Objective value decreased by 1.000580e-01.
Newton iteration 7.
  Active set size = 7643.
  sub-gradient = 1.379463e+00, l1-norm of X = 7.686299e+01.
  Coordinate descent sweep 1. norm of D = 1.210530e+00, change in D = 1.210530e+00.
  Coordinate descent sweep 2. norm of D = 1.766080e+00, change in D = 9.533076e-01.
  Coordinate descent sweep 3. norm of D = 2.116733e+00, change in D = 6.384896e-01.
    Line search step size chosen: 1.000000e+00.
  Objective value decreased by 1.958795e-02.
Newton iteration 8.
  Active set size = 7640.
  sub-gradient = 4.127402e-01, l1-norm of X = 7.711902e+01.
  Coordinate descent sweep 1. norm of D = 4.798158e-01, change in D = 4.798158e-01.
  Coordinate descent sweep 2. norm of D = 6.727715e-01, change in D = 3.506679e-01.
  Coordinate descent sweep 3. norm of D = 8.137385e-01, change in D = 2.698849e-01.
    Line search step size chosen: 1.000000e+00.
  Objective value decreased by 4.887289e-03.
Newton iteration 9.
  Active set size = 7637.
  sub-gradient = 1.974877e-01, l1-norm of X = 7.723169e+01.
  Coordinate descent sweep 1. norm of D = 2.176479e-01, change in D = 2.176479e-01.
  Coordinate descent sweep 2. norm of D = 3.271124e-01, change in D = 1.764388e-01.
  Coordinate descent sweep 3. norm of D = 4.025512e-01, change in D = 1.335682e-01.
  Coordinate descent sweep 4. norm of D = 4.426083e-01, change in D = 8.911711e-02.
    Line search step size chosen: 1.000000e+00.
  Objective value decreased by 1.739014e-03.
Newton iteration 10.
  Active set size = 7635.
  sub-gradient = 9.196522e-02, l1-norm of X = 7.729937e+01.
  Coordinate descent sweep 1. norm of D = 8.948082e-02, change in D = 8.948082e-02.
  Coordinate descent sweep 2. norm of D = 1.300504e-01, change in D = 6.991608e-02.
  Coordinate descent sweep 3. norm of D = 1.552582e-01, change in D = 5.502805e-02.
  Coordinate descent sweep 4. norm of D = 1.868339e-01, change in D = 4.781816e-02.
    Line search step size chosen: 1.000000e+00.
  Objective value decreased by 4.264141e-04.
Newton iteration 11.
  Active set size = 7635.
  sub-gradient = 3.726399e-02, l1-norm of X = 7.732459e+01.
  Coordinate descent sweep 1. norm of D = 4.222072e-02, change in D = 4.222072e-02.
  Coordinate descent sweep 2. norm of D = 6.315136e-02, change in D = 3.262080e-02.
  Coordinate descent sweep 3. norm of D = 7.322007e-02, change in D = 2.628667e-02.
  Coordinate descent sweep 4. norm of D = 8.706093e-02, change in D = 2.281281e-02.
    Line search step size chosen: 1.000000e+00.
  Objective value decreased by 1.228997e-04.
Newton iteration 12.
  Active set size = 7635.
  sub-gradient = 1.892082e-02, l1-norm of X = 7.733944e+01.
  Coordinate descent sweep 1. norm of D = 1.783541e-02, change in D = 1.783541e-02.
  Coordinate descent sweep 2. norm of D = 2.671144e-02, change in D = 1.519994e-02.
  Coordinate descent sweep 3. norm of D = 3.587543e-02, change in D = 1.472753e-02.
  Coordinate descent sweep 4. norm of D = 4.190438e-02, change in D = 9.894955e-03.
  Coordinate descent sweep 5. norm of D = 4.713557e-02, change in D = 9.297139e-03.
    Line search step size chosen: 1.000000e+00.
  Objective value decreased by 3.278404e-05.
Newton iteration 13.
  Active set size = 7635.
  sub-gradient = 6.108002e-03, l1-norm of X = 7.734749e+01.
  Coordinate descent sweep 1. norm of D = 5.683839e-03, change in D = 5.683839e-03.
  Coordinate descent sweep 2. norm of D = 9.493256e-03, change in D = 6.841598e-03.
  Coordinate descent sweep 3. norm of D = 1.186895e-02, change in D = 5.495556e-03.
  Coordinate descent sweep 4. norm of D = 1.436942e-02, change in D = 4.734094e-03.
  Coordinate descent sweep 5. norm of D = 1.644142e-02, change in D = 4.128588e-03.
    Line search step size chosen: 1.000000e+00.
  Objective value decreased by 5.774346e-06.
QUIC CPU time: 1102.610 seconds
