[1] "GTEx"             "30"               "correcting_first" "0.46"            
[1] "Data read complete"
Running QUIC version 1.1 in 'default' mode.
Newton iteration 1.
  X is a diagonal matrix.
    Line search step size 1.000000e+00.  Lack of positive definiteness.
    Line search step size chosen: 5.000000e-01.
  Objective value decreased by 5.253843e+00.
Newton iteration 2.
  Active set size = 6314.
  sub-gradient = 2.248790e+01, l1-norm of X = 2.127292e+01.
  Coordinate descent sweep 1. norm of D = 1.926701e+01, change in D = 1.926701e+01.
    Line search step size chosen: 1.000000e+00.
  Objective value decreased by 1.191111e+00.
Newton iteration 3.
  Active set size = 6260.
  sub-gradient = 8.136232e+00, l1-norm of X = 3.061733e+01.
  Coordinate descent sweep 1. norm of D = 7.152585e+00, change in D = 7.152585e+00.
  Coordinate descent sweep 2. norm of D = 8.697561e+00, change in D = 2.748615e+00.
    Line search step size chosen: 1.000000e+00.
  Objective value decreased by 2.521061e-01.
Newton iteration 4.
  Active set size = 6243.
  sub-gradient = 1.435285e+00, l1-norm of X = 3.203045e+01.
  Coordinate descent sweep 1. norm of D = 1.497349e+00, change in D = 1.497349e+00.
  Coordinate descent sweep 2. norm of D = 2.044577e+00, change in D = 7.790395e-01.
    Line search step size chosen: 1.000000e+00.
  Objective value decreased by 2.403230e-02.
Newton iteration 5.
  Active set size = 6239.
  sub-gradient = 5.186510e-01, l1-norm of X = 3.240191e+01.
  Coordinate descent sweep 1. norm of D = 4.566723e-01, change in D = 4.566723e-01.
  Coordinate descent sweep 2. norm of D = 6.584748e-01, change in D = 3.165823e-01.
    Line search step size chosen: 1.000000e+00.
  Objective value decreased by 4.585521e-03.
Newton iteration 6.
  Active set size = 6238.
  sub-gradient = 1.351953e-01, l1-norm of X = 3.256887e+01.
  Coordinate descent sweep 1. norm of D = 1.451753e-01, change in D = 1.451753e-01.
  Coordinate descent sweep 2. norm of D = 2.237158e-01, change in D = 1.079164e-01.
  Coordinate descent sweep 3. norm of D = 2.702794e-01, change in D = 5.974834e-02.
    Line search step size chosen: 1.000000e+00.
  Objective value decreased by 9.021238e-04.
Newton iteration 7.
  Active set size = 6238.
  sub-gradient = 2.792346e-02, l1-norm of X = 3.263674e+01.
  Coordinate descent sweep 1. norm of D = 3.091943e-02, change in D = 3.091943e-02.
  Coordinate descent sweep 2. norm of D = 5.043352e-02, change in D = 2.398820e-02.
  Coordinate descent sweep 3. norm of D = 5.734213e-02, change in D = 1.467517e-02.
    Line search step size chosen: 1.000000e+00.
  Objective value decreased by 7.141828e-05.
Newton iteration 8.
  Active set size = 6238.
  sub-gradient = 1.076027e-02, l1-norm of X = 3.265059e+01.
  Coordinate descent sweep 1. norm of D = 1.240832e-02, change in D = 1.240832e-02.
  Coordinate descent sweep 2. norm of D = 1.715964e-02, change in D = 6.547902e-03.
  Coordinate descent sweep 3. norm of D = 1.958153e-02, change in D = 3.498745e-03.
    Line search step size chosen: 1.000000e+00.
  Objective value decreased by 9.253943e-06.
Newton iteration 9.
  Active set size = 6238.
  sub-gradient = 2.923557e-03, l1-norm of X = 3.265435e+01.
  Coordinate descent sweep 1. norm of D = 3.463074e-03, change in D = 3.463074e-03.
  Coordinate descent sweep 2. norm of D = 4.653751e-03, change in D = 1.908822e-03.
  Coordinate descent sweep 3. norm of D = 5.757772e-03, change in D = 1.565219e-03.
  Coordinate descent sweep 4. norm of D = 6.587505e-03, change in D = 1.094488e-03.
    Line search step size chosen: 1.000000e+00.
  Objective value decreased by 1.124907e-06.
QUIC CPU time: 760.520 seconds
