[1] "GTEx"             "30"               "correcting_first" "0.50"            
[1] "Data read complete"
Running QUIC version 1.1 in 'default' mode.
Newton iteration 1.
  X is a diagonal matrix.
    Line search step size chosen: 1.000000e+00.
  Objective value decreased by -1.052669e+00.
Newton iteration 2.
  Active set size = 6159.
  sub-gradient = 7.140394e+02, l1-norm of X = 2.940084e+01.
  Coordinate descent sweep 1. norm of D = 8.688960e+00, change in D = 8.688960e+00.
    Line search step size chosen: 1.000000e+00.
  Objective value decreased by 1.917091e+00.
Newton iteration 3.
  Active set size = 6116.
  sub-gradient = 3.354118e+02, l1-norm of X = 2.701870e+01.
  Coordinate descent sweep 1. norm of D = 5.455508e+00, change in D = 5.455508e+00.
  Coordinate descent sweep 2. norm of D = 5.845494e+00, change in D = 1.989241e+00.
    Line search step size chosen: 1.000000e+00.
  Objective value decreased by 1.279810e+00.
Newton iteration 4.
  Active set size = 6103.
  sub-gradient = 1.583542e+02, l1-norm of X = 2.706754e+01.
  Coordinate descent sweep 1. norm of D = 3.069108e+00, change in D = 3.069108e+00.
  Coordinate descent sweep 2. norm of D = 3.246032e+00, change in D = 1.269157e+00.
    Line search step size chosen: 1.000000e+00.
  Objective value decreased by 8.976695e-01.
Newton iteration 5.
  Active set size = 6098.
  sub-gradient = 7.392844e+01, l1-norm of X = 2.647400e+01.
  Coordinate descent sweep 1. norm of D = 2.772522e+00, change in D = 2.772522e+00.
  Coordinate descent sweep 2. norm of D = 2.359302e+00, change in D = 1.332624e+00.
    Line search step size chosen: 1.000000e+00.
  Objective value decreased by 6.026059e-01.
Newton iteration 6.
  Active set size = 6093.
  sub-gradient = 3.214273e+01, l1-norm of X = 2.586347e+01.
  Coordinate descent sweep 1. norm of D = 2.004463e+00, change in D = 2.004463e+00.
  Coordinate descent sweep 2. norm of D = 1.977444e+00, change in D = 9.237721e-01.
  Coordinate descent sweep 3. norm of D = 2.071782e+00, change in D = 5.693802e-01.
    Line search step size chosen: 1.000000e+00.
  Objective value decreased by 4.098463e-01.
Newton iteration 7.
  Active set size = 6090.
  sub-gradient = 1.314892e+01, l1-norm of X = 2.529603e+01.
  Coordinate descent sweep 1. norm of D = 1.418929e+00, change in D = 1.418929e+00.
  Coordinate descent sweep 2. norm of D = 1.355231e+00, change in D = 7.167493e-01.
  Coordinate descent sweep 3. norm of D = 1.411797e+00, change in D = 3.221235e-01.
    Line search step size chosen: 1.000000e+00.
  Objective value decreased by 2.308750e-01.
Newton iteration 8.
  Active set size = 6087.
  sub-gradient = 4.570075e+00, l1-norm of X = 2.495709e+01.
  Coordinate descent sweep 1. norm of D = 9.594636e-01, change in D = 9.594636e-01.
  Coordinate descent sweep 2. norm of D = 7.036585e-01, change in D = 5.097922e-01.
  Coordinate descent sweep 3. norm of D = 7.119205e-01, change in D = 2.372482e-01.
    Line search step size chosen: 1.000000e+00.
  Objective value decreased by 6.748357e-02.
Newton iteration 9.
  Active set size = 6084.
  sub-gradient = 1.000300e+00, l1-norm of X = 2.453019e+01.
  Coordinate descent sweep 1. norm of D = 3.107243e-01, change in D = 3.107243e-01.
  Coordinate descent sweep 2. norm of D = 2.797434e-01, change in D = 1.326465e-01.
  Coordinate descent sweep 3. norm of D = 2.704531e-01, change in D = 4.643922e-02.
  Coordinate descent sweep 4. norm of D = 2.715464e-01, change in D = 2.521516e-02.
    Line search step size chosen: 1.000000e+00.
  Objective value decreased by 5.945180e-03.
Newton iteration 10.
  Active set size = 6084.
  sub-gradient = 7.745340e-02, l1-norm of X = 2.434474e+01.
  Coordinate descent sweep 1. norm of D = 3.021403e-02, change in D = 3.021403e-02.
  Coordinate descent sweep 2. norm of D = 2.653535e-02, change in D = 1.439726e-02.
  Coordinate descent sweep 3. norm of D = 2.674770e-02, change in D = 3.418379e-03.
  Coordinate descent sweep 4. norm of D = 2.668164e-02, change in D = 1.063807e-03.
    Line search step size chosen: 1.000000e+00.
  Objective value decreased by 4.197755e-05.
Newton iteration 11.
  Active set size = 6084.
  sub-gradient = 8.180031e-04, l1-norm of X = 2.433182e+01.
  Coordinate descent sweep 1. norm of D = 4.524246e-04, change in D = 4.524246e-04.
  Coordinate descent sweep 2. norm of D = 4.151161e-04, change in D = 2.293736e-04.
  Coordinate descent sweep 3. norm of D = 4.557834e-04, change in D = 1.012089e-04.
  Coordinate descent sweep 4. norm of D = 4.569278e-04, change in D = 3.482567e-05.
    Line search step size chosen: 1.000000e+00.
  Objective value decreased by 7.031304e-09.
QUIC CPU time: 898.320 seconds
