[1] "GTEx"             "30"               "correcting_first" "0.78"            
[1] "Data read complete"
Running QUIC version 1.1 in 'default' mode.
Newton iteration 1.
  X is a diagonal matrix.
    Line search step size chosen: 1.000000e+00.
  Objective value decreased by 1.230562e-01.
Newton iteration 2.
  Active set size = 5796.
  sub-gradient = 2.754857e-01, l1-norm of X = 1.424148e+00.
  Coordinate descent sweep 1. norm of D = 2.506982e-01, change in D = 2.506982e-01.
    Line search step size chosen: 1.000000e+00.
  Objective value decreased by 3.147657e-03.
Newton iteration 3.
  Active set size = 5796.
  sub-gradient = 1.774317e-02, l1-norm of X = 1.440824e+00.
  Coordinate descent sweep 1. norm of D = 2.205482e-02, change in D = 2.205482e-02.
  Coordinate descent sweep 2. norm of D = 2.385409e-02, change in D = 1.905307e-03.
    Line search step size chosen: 1.000000e+00.
  Objective value decreased by 4.296181e-05.
Newton iteration 4.
  Active set size = 5796.
  sub-gradient = 6.942461e-04, l1-norm of X = 1.454619e+00.
  Coordinate descent sweep 1. norm of D = 8.280046e-04, change in D = 8.280046e-04.
  Coordinate descent sweep 2. norm of D = 9.082768e-04, change in D = 8.302485e-05.
    Line search step size chosen: 1.000000e+00.
  Objective value decreased by 7.124163e-08.
Newton iteration 5.
  Active set size = 5796.
  sub-gradient = 1.770093e-05, l1-norm of X = 1.454927e+00.
  Coordinate descent sweep 1. norm of D = 2.085522e-05, change in D = 2.085522e-05.
  Coordinate descent sweep 2. norm of D = 2.437000e-05, change in D = 3.515573e-06.
    Line search step size chosen: 1.000000e+00.
  Objective value decreased by 4.820322e-11.
QUIC CPU time: 433.360 seconds
