[1] "GTEx"             "30"               "correcting_first" "0.88"            
[1] "Data read complete"
Running QUIC version 1.1 in 'default' mode.
Newton iteration 1.
  X is a diagonal matrix.
    Line search step size chosen: 1.000000e+00.
  Objective value decreased by 1.663863e-02.
Newton iteration 2.
  Active set size = 5791.
  sub-gradient = 3.484237e-02, l1-norm of X = 4.415832e-01.
  Coordinate descent sweep 1. norm of D = 3.392854e-02, change in D = 3.392854e-02.
    Line search step size chosen: 1.000000e+00.
  Objective value decreased by 1.007493e-04.
Newton iteration 3.
  Active set size = 5791.
  sub-gradient = 9.211209e-04, l1-norm of X = 4.427964e-01.
  Coordinate descent sweep 1. norm of D = 1.021057e-03, change in D = 1.021057e-03.
  Coordinate descent sweep 2. norm of D = 1.087042e-03, change in D = 6.598532e-05.
    Line search step size chosen: 1.000000e+00.
  Objective value decreased by 1.963026e-07.
Newton iteration 4.
  Active set size = 5791.
  sub-gradient = 3.675844e-06, l1-norm of X = 4.438001e-01.
  Coordinate descent sweep 1. norm of D = 3.796640e-06, change in D = 3.796640e-06.
  Coordinate descent sweep 2. norm of D = 4.307556e-06, change in D = 5.131134e-07.
    Line search step size chosen: 1.000000e+00.
  Objective value decreased by 1.818989e-12.
QUIC CPU time: 351.370 seconds
