[1] "/work-zfs/abattle4/prashanthi/recount3/data/prostrate/all/weighted_covariances/cov_6.rds"
[1] "Data read complete"
Running QUIC version 1.1 in 'default' mode.
Newton iteration 1.
  X is a diagonal matrix.
    Line search step size 1.000000e+00.  Lack of positive definiteness.
    Line search step size 5.000000e-01.  Lack of positive definiteness.
    Line search step size 2.500000e-01.  Lack of positive definiteness.
    Line search step size 1.250000e-01.  Lack of positive definiteness.
    Line search step size chosen: 6.250000e-02.
  Objective value decreased by 1.253375e+02.
Newton iteration 2.
  Active set size = 579715.
  sub-gradient = 1.358245e+04, l1-norm of X = 2.613594e+02.
  Coordinate descent sweep 1. norm of D = 1.228156e+04, change in D = 1.228156e+04.
    Line search step size 1.000000e+00.  Lack of positive definiteness.
    Line search step size 5.000000e-01.  Lack of positive definiteness.
    Line search step size 2.500000e-01.  Lack of positive definiteness.
    Line search step size chosen: 1.250000e-01.
  Objective value decreased by 1.544756e+02.
Newton iteration 3.
  Active set size = 579754.
  sub-gradient = 1.132945e+04, l1-norm of X = 6.844022e+02.
  Coordinate descent sweep 1. norm of D = 9.101340e+03, change in D = 9.101340e+03.
  Coordinate descent sweep 2. norm of D = 8.652696e+03, change in D = 1.082325e+03.
    Line search step size 1.000000e+00.  Lack of positive definiteness.
    Line search step size 5.000000e-01.  Lack of positive definiteness.
    Line search step size chosen: 2.500000e-01.
  Objective value decreased by 1.535957e+02.
Newton iteration 4.
  Active set size = 580025.
  sub-gradient = 7.947854e+03, l1-norm of X = 1.238197e+03.
  Coordinate descent sweep 1. norm of D = 5.591136e+03, change in D = 5.591136e+03.
  Coordinate descent sweep 2. norm of D = 5.494036e+03, change in D = 1.009982e+03.
    Line search step size 1.000000e+00.  Lack of positive definiteness.
    Line search step size chosen: 5.000000e-01.
  Objective value decreased by 1.133448e+02.
Newton iteration 5.
  Active set size = 609047.
  sub-gradient = 8.418997e+03, l1-norm of X = 1.842143e+03.
  Coordinate descent sweep 1. norm of D = 2.281619e+03, change in D = 2.281619e+03.
  Coordinate descent sweep 2. norm of D = 2.518397e+03, change in D = 5.825719e+02.
    Line search step size chosen: 1.000000e+00.
  Objective value decreased by 3.943394e+01.
Newton iteration 6.
  Active set size = 416475.
  sub-gradient = 1.769543e+03, l1-norm of X = 2.182101e+03.
  Coordinate descent sweep 1. norm of D = 3.690278e+02, change in D = 3.690278e+02.
  Coordinate descent sweep 2. norm of D = 4.052561e+02, change in D = 1.783942e+02.
  Coordinate descent sweep 3. norm of D = 4.352431e+02, change in D = 8.073714e+01.
    Line search step size chosen: 1.000000e+00.
  Objective value decreased by 3.151018e+00.
Newton iteration 7.
  Active set size = 402871.
  sub-gradient = 5.440585e+02, l1-norm of X = 2.208416e+03.
  Coordinate descent sweep 1. norm of D = 7.894233e+01, change in D = 7.894233e+01.
  Coordinate descent sweep 2. norm of D = 7.451848e+01, change in D = 5.045660e+01.
  Coordinate descent sweep 3. norm of D = 7.976501e+01, change in D = 2.360435e+01.
    Line search step size chosen: 1.000000e+00.
  Objective value decreased by 3.967358e-01.
Newton iteration 8.
  Active set size = 399335.
  sub-gradient = 1.423570e+02, l1-norm of X = 2.211847e+03.
  Coordinate descent sweep 1. norm of D = 2.340228e+01, change in D = 2.340228e+01.
  Coordinate descent sweep 2. norm of D = 2.112729e+01, change in D = 1.815557e+01.
  Coordinate descent sweep 3. norm of D = 2.247904e+01, change in D = 8.392826e+00.
    Line search step size chosen: 1.000000e+00.
  Objective value decreased by 7.208407e-02.
Newton iteration 9.
  Active set size = 398646.
  sub-gradient = 2.092909e+01, l1-norm of X = 2.212077e+03.
  Coordinate descent sweep 1. norm of D = 6.401015e+00, change in D = 6.401015e+00.
  Coordinate descent sweep 2. norm of D = 6.906886e+00, change in D = 4.867960e+00.
  Coordinate descent sweep 3. norm of D = 7.482960e+00, change in D = 3.024609e+00.
  Coordinate descent sweep 4. norm of D = 8.018981e+00, change in D = 2.334167e+00.
    Line search step size chosen: 1.000000e+00.
  Objective value decreased by 2.359682e-02.
Newton iteration 10.
  Active set size = 398650.
  sub-gradient = 2.488540e+00, l1-norm of X = 2.212256e+03.
  Coordinate descent sweep 1. norm of D = 1.987548e+00, change in D = 1.987548e+00.
  Coordinate descent sweep 2. norm of D = 2.327380e+00, change in D = 1.663350e+00.
  Coordinate descent sweep 3. norm of D = 2.524425e+00, change in D = 1.331049e+00.
  Coordinate descent sweep 4. norm of D = 2.772334e+00, change in D = 1.151559e+00.
    Line search step size chosen: 1.000000e+00.
  Objective value decreased by 7.673407e-03.
Newton iteration 11.
  Active set size = 398631.
  sub-gradient = 1.198616e+00, l1-norm of X = 2.212327e+03.
  Coordinate descent sweep 1. norm of D = 9.963929e-01, change in D = 9.963929e-01.
  Coordinate descent sweep 2. norm of D = 1.185866e+00, change in D = 8.382481e-01.
  Coordinate descent sweep 3. norm of D = 1.308924e+00, change in D = 7.071660e-01.
  Coordinate descent sweep 4. norm of D = 1.406801e+00, change in D = 5.972493e-01.
    Line search step size chosen: 1.000000e+00.
  Objective value decreased by 2.806469e-03.
Newton iteration 12.
  Active set size = 398613.
  sub-gradient = 6.903982e-01, l1-norm of X = 2.212357e+03.
  Coordinate descent sweep 1. norm of D = 5.833274e-01, change in D = 5.833274e-01.
  Coordinate descent sweep 2. norm of D = 6.547774e-01, change in D = 5.009052e-01.
  Coordinate descent sweep 3. norm of D = 7.191777e-01, change in D = 4.453344e-01.
  Coordinate descent sweep 4. norm of D = 7.703594e-01, change in D = 3.668480e-01.
  Coordinate descent sweep 5. norm of D = 8.184734e-01, change in D = 3.176501e-01.
    Line search step size chosen: 1.000000e+00.
  Objective value decreased by 1.255784e-03.
Newton iteration 13.
  Active set size = 398607.
  sub-gradient = 3.459548e-01, l1-norm of X = 2.212382e+03.
  Coordinate descent sweep 1. norm of D = 3.258305e-01, change in D = 3.258305e-01.
  Coordinate descent sweep 2. norm of D = 3.538656e-01, change in D = 2.821107e-01.
  Coordinate descent sweep 3. norm of D = 3.783852e-01, change in D = 2.389159e-01.
  Coordinate descent sweep 4. norm of D = 4.136920e-01, change in D = 2.276046e-01.
  Coordinate descent sweep 5. norm of D = 4.416140e-01, change in D = 2.029586e-01.
    Line search step size chosen: 1.000000e+00.
  Objective value decreased by 4.320346e-04.
Newton iteration 14.
  Active set size = 398598.
  sub-gradient = 1.838920e-01, l1-norm of X = 2.212392e+03.
  Coordinate descent sweep 1. norm of D = 1.741467e-01, change in D = 1.741467e-01.
  Coordinate descent sweep 2. norm of D = 2.086902e-01, change in D = 1.562410e-01.
  Coordinate descent sweep 3. norm of D = 2.163861e-01, change in D = 1.320929e-01.
  Coordinate descent sweep 4. norm of D = 2.373645e-01, change in D = 1.208536e-01.
  Coordinate descent sweep 5. norm of D = 2.475310e-01, change in D = 1.136467e-01.
    Line search step size chosen: 1.000000e+00.
  Objective value decreased by 1.539134e-04.
QUIC CPU time: 12486.350 seconds
