[1] "/work-zfs/abattle4/prashanthi/recount3/data/prostrate/all/weighted_covariances/cov_6.rds"
[1] "Data read complete"
Running QUIC version 1.1 in 'default' mode.
Newton iteration 1.
  X is a diagonal matrix.
    Line search step size chosen: 1.000000e+00.
  Objective value decreased by 1.794454e-02.
Newton iteration 2.
  Active set size = 9780.
  sub-gradient = 1.355735e+01, l1-norm of X = 4.941919e+00.
  Coordinate descent sweep 1. norm of D = 1.249442e+00, change in D = 1.249442e+00.
    Line search step size chosen: 1.000000e+00.
  Objective value decreased by 2.431832e-01.
Newton iteration 3.
  Active set size = 9776.
  sub-gradient = 4.968402e+00, l1-norm of X = 4.681902e+00.
  Coordinate descent sweep 1. norm of D = 1.043358e+00, change in D = 1.043358e+00.
  Coordinate descent sweep 2. norm of D = 9.795612e-01, change in D = 6.963293e-01.
    Line search step size chosen: 1.000000e+00.
  Objective value decreased by 1.129892e-01.
Newton iteration 4.
  Active set size = 9776.
  sub-gradient = 1.507744e+00, l1-norm of X = 4.164826e+00.
  Coordinate descent sweep 1. norm of D = 4.998761e-01, change in D = 4.998761e-01.
  Coordinate descent sweep 2. norm of D = 5.501164e-01, change in D = 3.507186e-01.
    Line search step size chosen: 1.000000e+00.
  Objective value decreased by 2.288040e-02.
Newton iteration 5.
  Active set size = 9777.
  sub-gradient = 2.365858e-01, l1-norm of X = 3.813476e+00.
  Coordinate descent sweep 1. norm of D = 1.689200e-01, change in D = 1.689200e-01.
  Coordinate descent sweep 2. norm of D = 1.860783e-01, change in D = 7.664712e-02.
    Line search step size chosen: 1.000000e+00.
  Objective value decreased by 1.480374e-03.
Newton iteration 6.
  Active set size = 9777.
  sub-gradient = 3.535528e-02, l1-norm of X = 3.763033e+00.
  Coordinate descent sweep 1. norm of D = 2.639002e-02, change in D = 2.639002e-02.
  Coordinate descent sweep 2. norm of D = 2.816790e-02, change in D = 9.994286e-03.
  Coordinate descent sweep 3. norm of D = 2.938286e-02, change in D = 3.377910e-03.
    Line search step size chosen: 1.000000e+00.
  Objective value decreased by 5.456680e-05.
Newton iteration 7.
  Active set size = 9777.
  sub-gradient = 6.908757e-04, l1-norm of X = 3.752340e+00.
  Coordinate descent sweep 1. norm of D = 7.714171e-04, change in D = 7.714171e-04.
  Coordinate descent sweep 2. norm of D = 8.408145e-04, change in D = 2.343579e-04.
  Coordinate descent sweep 3. norm of D = 8.826206e-04, change in D = 7.216353e-05.
    Line search step size chosen: 1.000000e+00.
  Objective value decreased by 2.779052e-08.
Newton iteration 8.
  Active set size = 9777.
  sub-gradient = 1.997143e-05, l1-norm of X = 3.752521e+00.
  Coordinate descent sweep 1. norm of D = 1.730073e-05, change in D = 1.730073e-05.
  Coordinate descent sweep 2. norm of D = 1.923561e-05, change in D = 7.700756e-06.
  Coordinate descent sweep 3. norm of D = 2.107419e-05, change in D = 3.366317e-06.
    Line search step size chosen: 1.000000e+00.
  Objective value decreased by 1.637090e-11.
QUIC CPU time: 2900.380 seconds
