[1] "/data/abattle4/prashanthi/recount3/data/breast/GTEx/weighted_covariances/cov_1.rds"
[1] "Data read complete"
Running QUIC version 1.1 in 'default' mode.
Newton iteration 1.
  X is a diagonal matrix.
    Line search step size 1.000000e+00.  Lack of positive definiteness.
    Line search step size 5.000000e-01.  Lack of positive definiteness.
    Line search step size 2.500000e-01.  Lack of positive definiteness.
    Line search step size 1.250000e-01.  Lack of positive definiteness.
    Line search step size 6.250000e-02.  Lack of positive definiteness.
    Line search step size 3.125000e-02.  Lack of positive definiteness.
    Line search step size 1.562500e-02.  Lack of positive definiteness.
    Line search step size chosen: 7.812500e-03.
  Objective value decreased by 1.364145e+03.
Newton iteration 2.
  Active set size = 26786107.
  sub-gradient = 1.158893e+06, l1-norm of X = 3.669791e+02.
  Coordinate descent sweep 1. norm of D = 6.512634e+05, change in D = 6.512634e+05.
    Line search step size 1.000000e+00.  Lack of positive definiteness.
    Line search step size 5.000000e-01.  Lack of positive definiteness.
    Line search step size 2.500000e-01.  Lack of positive definiteness.
    Line search step size 1.250000e-01.  Lack of positive definiteness.
    Line search step size 6.250000e-02.  Lack of positive definiteness.
    Line search step size 3.125000e-02.  Lack of positive definiteness.
    Line search step size chosen: 1.562500e-02.
  Objective value decreased by 1.464875e+03.
Newton iteration 3.
  Active set size = 26943707.
  sub-gradient = 1.097767e+06, l1-norm of X = 7.704774e+02.
  Coordinate descent sweep 1. norm of D = 2.961481e+05, change in D = 2.961481e+05.
  Coordinate descent sweep 2. norm of D = 2.293685e+05, change in D = 1.226926e+05.
    Line search step size 1.000000e+00.  Lack of positive definiteness.
    Line search step size 5.000000e-01.  Lack of positive definiteness.
    Line search step size 2.500000e-01.  Lack of positive definiteness.
    Line search step size 1.250000e-01.  Lack of positive definiteness.
    Line search step size chosen: 6.250000e-02.
  Objective value decreased by 1.635015e+03.
Newton iteration 4.
  Active set size = 27418661.
  sub-gradient = 8.562873e+05, l1-norm of X = 1.296947e+03.
  Coordinate descent sweep 1. norm of D = 1.171663e+05, change in D = 1.171663e+05.
  Coordinate descent sweep 2. norm of D = 1.031047e+05, change in D = 5.477348e+04.
    Line search step size 1.000000e+00.  Lack of positive definiteness.
    Line search step size 5.000000e-01.  Lack of positive definiteness.
    Line search step size 2.500000e-01.  Lack of positive definiteness.
    Line search step size chosen: 1.250000e-01.
  Objective value decreased by 1.023322e+03.
Newton iteration 5.
  Active set size = 27331702.
  sub-gradient = 6.625532e+05, l1-norm of X = 1.670631e+03.
  Coordinate descent sweep 1. norm of D = 7.106112e+04, change in D = 7.106112e+04.
  Coordinate descent sweep 2. norm of D = 7.114090e+04, change in D = 3.956337e+04.
    Line search step size 1.000000e+00.  Lack of positive definiteness.
    Line search step size 5.000000e-01.  Lack of positive definiteness.
    Line search step size chosen: 2.500000e-01.
  Objective value decreased by 1.154607e+03.
Newton iteration 6.
  Active set size = 27383691.
  sub-gradient = 3.922773e+05, l1-norm of X = 2.071565e+03.
  Coordinate descent sweep 1. norm of D = 4.741445e+04, change in D = 4.741445e+04.
  Coordinate descent sweep 2. norm of D = 5.392332e+04, change in D = 3.260574e+04.
  Coordinate descent sweep 3. norm of D = 5.840469e+04, change in D = 2.205036e+04.
    Line search step size chosen: 1.000000e+00.
  Objective value decreased by 2.502121e+03.
Newton iteration 7.
  Active set size = 24681503.
  sub-gradient = 8.839824e+05, l1-norm of X = 3.163555e+03.
  Coordinate descent sweep 1. norm of D = 1.199653e+04, change in D = 1.199653e+04.
  Coordinate descent sweep 2. norm of D = 1.593668e+04, change in D = 1.086776e+04.
  Coordinate descent sweep 3. norm of D = 1.922292e+04, change in D = 9.969203e+03.
    Line search step size chosen: 1.000000e+00.
  Objective value decreased by 5.223290e+02.
Newton iteration 8.
  Active set size = 14463268.
  sub-gradient = 2.549584e+05, l1-norm of X = 3.426706e+03.
  Coordinate descent sweep 1. norm of D = 1.496883e+04, change in D = 1.496883e+04.
  Coordinate descent sweep 2. norm of D = 2.039069e+04, change in D = 1.352592e+04.
  Coordinate descent sweep 3. norm of D = 2.469090e+04, change in D = 1.232935e+04.
    Line search step size chosen: 1.000000e+00.
  Objective value decreased by 5.491538e+02.
Newton iteration 9.
  Active set size = 8057637.
  sub-gradient = 7.756605e+04, l1-norm of X = 3.800579e+03.
  Coordinate descent sweep 1. norm of D = 1.482007e+04, change in D = 1.482007e+04.
  Coordinate descent sweep 2. norm of D = 2.076296e+04, change in D = 1.363573e+04.
  Coordinate descent sweep 3. norm of D = 2.543659e+04, change in D = 1.240455e+04.
  Coordinate descent sweep 4. norm of D = 2.947338e+04, change in D = 1.130791e+04.
    Line search step size chosen: 1.000000e+00.
  Objective value decreased by 5.594565e+02.
Newton iteration 10.
  Active set size = 6495342.
  sub-gradient = 3.784935e+04, l1-norm of X = 4.329779e+03.
  Coordinate descent sweep 1. norm of D = 1.230295e+04, change in D = 1.230295e+04.
  Coordinate descent sweep 2. norm of D = 1.763965e+04, change in D = 1.150877e+04.
  Coordinate descent sweep 3. norm of D = 2.192715e+04, change in D = 1.062171e+04.
  Coordinate descent sweep 4. norm of D = 2.567618e+04, change in D = 9.789600e+03.
    Line search step size chosen: 1.000000e+00.
  Objective value decreased by 3.624099e+02.
Newton iteration 11.
  Active set size = 5808264.
  sub-gradient = 2.491977e+04, l1-norm of X = 4.794739e+03.
  Coordinate descent sweep 1. norm of D = 9.985482e+03, change in D = 9.985482e+03.
  Coordinate descent sweep 2. norm of D = 1.449373e+04, change in D = 9.406528e+03.
  Coordinate descent sweep 3. norm of D = 1.820604e+04, change in D = 8.771826e+03.
  Coordinate descent sweep 4. norm of D = 2.148428e+04, change in D = 8.164620e+03.
    Line search step size chosen: 1.000000e+00.
  Objective value decreased by 2.328125e+02.
Newton iteration 12.
  Active set size = 5389605.
  sub-gradient = 1.769287e+04, l1-norm of X = 5.181104e+03.
  Coordinate descent sweep 1. norm of D = 8.166639e+03, change in D = 8.166639e+03.
  Coordinate descent sweep 2. norm of D = 1.194047e+04, change in D = 7.720364e+03.
  Coordinate descent sweep 3. norm of D = 1.510518e+04, change in D = 7.254855e+03.
  Coordinate descent sweep 4. norm of D = 1.793425e+04, change in D = 6.812068e+03.
  Coordinate descent sweep 5. norm of D = 2.053009e+04, change in D = 6.396906e+03.
    Line search step size chosen: 1.000000e+00.
  Objective value decreased by 1.822914e+02.
Newton iteration 13.
  Active set size = 4998492.
  sub-gradient = 1.219702e+04, l1-norm of X = 5.569616e+03.
  Coordinate descent sweep 1. norm of D = 6.392737e+03, change in D = 6.392737e+03.
  Coordinate descent sweep 2. norm of D = 9.424826e+03, change in D = 6.082873e+03.
  Coordinate descent sweep 3. norm of D = 1.199918e+04, change in D = 5.763300e+03.
  Coordinate descent sweep 4. norm of D = 1.432802e+04, change in D = 5.451731e+03.
  Coordinate descent sweep 5. norm of D = 1.648362e+04, change in D = 5.159322e+03.
    Line search step size chosen: 1.000000e+00.
  Objective value decreased by 1.128011e+02.
Newton iteration 14.
  Active set size = 4740235.
  sub-gradient = 8.131638e+03, l1-norm of X = 5.878776e+03.
  Coordinate descent sweep 1. norm of D = 5.111512e+03, change in D = 5.111512e+03.
  Coordinate descent sweep 2. norm of D = 7.586270e+03, change in D = 4.891397e+03.
  Coordinate descent sweep 3. norm of D = 9.697196e+03, change in D = 4.651470e+03.
  Coordinate descent sweep 4. norm of D = 1.162194e+04, change in D = 4.420775e+03.
  Coordinate descent sweep 5. norm of D = 1.340928e+04, change in D = 4.197588e+03.
    Line search step size chosen: 1.000000e+00.
  Objective value decreased by 7.235378e+01.
Newton iteration 15.
  Active set size = 4587681.
  sub-gradient = 5.650365e+03, l1-norm of X = 6.127946e+03.
  Coordinate descent sweep 1. norm of D = 4.150589e+03, change in D = 4.150589e+03.
  Coordinate descent sweep 2. norm of D = 6.173360e+03, change in D = 3.971724e+03.
  Coordinate descent sweep 3. norm of D = 7.916195e+03, change in D = 3.793464e+03.
  Coordinate descent sweep 4. norm of D = 9.507381e+03, change in D = 3.616433e+03.
  Coordinate descent sweep 5. norm of D = 1.100006e+04, change in D = 3.454508e+03.
  Coordinate descent sweep 6. norm of D = 1.240990e+04, change in D = 3.295813e+03.
    Line search step size chosen: 1.000000e+00.
  Objective value decreased by 5.485934e+01.
Newton iteration 16.
  Active set size = 4427204.
  sub-gradient = 4.172514e+03, l1-norm of X = 6.365926e+03.
  Coordinate descent sweep 1. norm of D = 3.233091e+03, change in D = 3.233091e+03.
  Coordinate descent sweep 2. norm of D = 4.830499e+03, change in D = 3.109156e+03.
  Coordinate descent sweep 3. norm of D = 6.211330e+03, change in D = 2.975808e+03.
  Coordinate descent sweep 4. norm of D = 7.483198e+03, change in D = 2.856173e+03.
  Coordinate descent sweep 5. norm of D = 8.674868e+03, change in D = 2.731103e+03.
  Coordinate descent sweep 6. norm of D = 9.806261e+03, change in D = 2.615975e+03.
    Line search step size chosen: 1.000000e+00.
  Objective value decreased by 3.392283e+01.
Newton iteration 17.
  Active set size = 4332078.
  sub-gradient = 3.031196e+03, l1-norm of X = 6.551322e+03.
  Coordinate descent sweep 1. norm of D = 2.573326e+03, change in D = 2.573326e+03.
  Coordinate descent sweep 2. norm of D = 3.850100e+03, change in D = 2.475075e+03.
  Coordinate descent sweep 3. norm of D = 4.960351e+03, change in D = 2.378261e+03.
  Coordinate descent sweep 4. norm of D = 5.982363e+03, change in D = 2.280830e+03.
  Coordinate descent sweep 5. norm of D = 6.944862e+03, change in D = 2.193482e+03.
  Coordinate descent sweep 6. norm of D = 7.861446e+03, change in D = 2.106303e+03.
    Line search step size chosen: 1.000000e+00.
  Objective value decreased by 2.164382e+01.
