[1] "/work-zfs/abattle4/prashanthi/recount3/data/breast/GTEx/weighted_covariances/cov_1.rds"
[1] "Data read complete"
Running QUIC version 1.1 in 'default' mode.
Newton iteration 1.
  X is a diagonal matrix.
    Line search step size 1.000000e+00.  Lack of positive definiteness.
    Line search step size 5.000000e-01.  Lack of positive definiteness.
    Line search step size 2.500000e-01.  Lack of positive definiteness.
    Line search step size 1.250000e-01.  Lack of positive definiteness.
    Line search step size chosen: 6.250000e-02.
  Objective value decreased by 2.955444e+01.
Newton iteration 2.
  Active set size = 26310.
  sub-gradient = 1.238983e+03, l1-norm of X = 4.687647e+01.
  Coordinate descent sweep 1. norm of D = 1.057832e+03, change in D = 1.057832e+03.
    Line search step size 1.000000e+00.  Lack of positive definiteness.
    Line search step size 5.000000e-01.  Lack of positive definiteness.
    Line search step size 2.500000e-01.  Lack of positive definiteness.
    Line search step size chosen: 1.250000e-01.
  Objective value decreased by 3.758975e+01.
Newton iteration 3.
  Active set size = 26310.
  sub-gradient = 1.007796e+03, l1-norm of X = 1.184020e+02.
  Coordinate descent sweep 1. norm of D = 7.562281e+02, change in D = 7.562281e+02.
  Coordinate descent sweep 2. norm of D = 7.396908e+02, change in D = 1.382690e+02.
    Line search step size 1.000000e+00.  Lack of positive definiteness.
    Line search step size chosen: 5.000000e-01.
  Objective value decreased by 5.752393e+01.
Newton iteration 4.
  Active set size = 26310.
  sub-gradient = 4.370642e+02, l1-norm of X = 2.875552e+02.
  Coordinate descent sweep 1. norm of D = 3.243705e+02, change in D = 3.243705e+02.
  Coordinate descent sweep 2. norm of D = 3.852110e+02, change in D = 9.975902e+01.
    Line search step size chosen: 1.000000e+00.
  Objective value decreased by 1.945459e+01.
Newton iteration 5.
  Active set size = 22686.
  sub-gradient = 8.427233e+01, l1-norm of X = 3.952659e+02.
  Coordinate descent sweep 1. norm of D = 7.671477e+01, change in D = 7.671477e+01.
  Coordinate descent sweep 2. norm of D = 1.037613e+02, change in D = 4.388718e+01.
    Line search step size chosen: 1.000000e+00.
  Objective value decreased by 3.094366e+00.
Newton iteration 6.
  Active set size = 22306.
  sub-gradient = 3.265271e+01, l1-norm of X = 4.085306e+02.
  Coordinate descent sweep 1. norm of D = 3.161328e+01, change in D = 3.161328e+01.
  Coordinate descent sweep 2. norm of D = 4.455581e+01, change in D = 2.126023e+01.
  Coordinate descent sweep 3. norm of D = 5.305010e+01, change in D = 1.486192e+01.
    Line search step size chosen: 1.000000e+00.
  Objective value decreased by 1.146809e+00.
Newton iteration 7.
  Active set size = 22137.
  sub-gradient = 1.268600e+01, l1-norm of X = 4.153610e+02.
  Coordinate descent sweep 1. norm of D = 1.161628e+01, change in D = 1.161628e+01.
  Coordinate descent sweep 2. norm of D = 1.673997e+01, change in D = 8.899167e+00.
  Coordinate descent sweep 3. norm of D = 2.042432e+01, change in D = 6.881440e+00.
    Line search step size chosen: 1.000000e+00.
  Objective value decreased by 2.906301e-01.
Newton iteration 8.
  Active set size = 22078.
  sub-gradient = 6.003151e+00, l1-norm of X = 4.178719e+02.
  Coordinate descent sweep 1. norm of D = 5.533512e+00, change in D = 5.533512e+00.
  Coordinate descent sweep 2. norm of D = 8.110745e+00, change in D = 4.473737e+00.
  Coordinate descent sweep 3. norm of D = 9.909377e+00, change in D = 3.413929e+00.
    Line search step size chosen: 1.000000e+00.
  Objective value decreased by 9.341656e-02.
Newton iteration 9.
  Active set size = 22067.
  sub-gradient = 2.998066e+00, l1-norm of X = 4.189768e+02.
  Coordinate descent sweep 1. norm of D = 3.013773e+00, change in D = 3.013773e+00.
  Coordinate descent sweep 2. norm of D = 4.226629e+00, change in D = 2.381693e+00.
  Coordinate descent sweep 3. norm of D = 5.311367e+00, change in D = 1.997565e+00.
  Coordinate descent sweep 4. norm of D = 6.182136e+00, change in D = 1.625915e+00.
    Line search step size chosen: 1.000000e+00.
  Objective value decreased by 4.017631e-02.
Newton iteration 10.
  Active set size = 22054.
  sub-gradient = 1.355531e+00, l1-norm of X = 4.197124e+02.
  Coordinate descent sweep 1. norm of D = 1.425708e+00, change in D = 1.425708e+00.
  Coordinate descent sweep 2. norm of D = 2.058468e+00, change in D = 1.178446e+00.
  Coordinate descent sweep 3. norm of D = 2.603711e+00, change in D = 9.907955e-01.
  Coordinate descent sweep 4. norm of D = 3.004202e+00, change in D = 8.501595e-01.
    Line search step size chosen: 1.000000e+00.
  Objective value decreased by 1.336550e-02.
Newton iteration 11.
  Active set size = 22055.
  sub-gradient = 7.902448e-01, l1-norm of X = 4.200530e+02.
  Coordinate descent sweep 1. norm of D = 7.529346e-01, change in D = 7.529346e-01.
  Coordinate descent sweep 2. norm of D = 1.082619e+00, change in D = 6.286827e-01.
  Coordinate descent sweep 3. norm of D = 1.362627e+00, change in D = 5.585042e-01.
  Coordinate descent sweep 4. norm of D = 1.590632e+00, change in D = 4.662935e-01.
    Line search step size chosen: 1.000000e+00.
  Objective value decreased by 4.710879e-03.
Newton iteration 12.
  Active set size = 22052.
  sub-gradient = 4.567166e-01, l1-norm of X = 4.202324e+02.
  Coordinate descent sweep 1. norm of D = 4.298720e-01, change in D = 4.298720e-01.
  Coordinate descent sweep 2. norm of D = 6.463907e-01, change in D = 3.699893e-01.
  Coordinate descent sweep 3. norm of D = 8.069992e-01, change in D = 3.048408e-01.
  Coordinate descent sweep 4. norm of D = 9.394481e-01, change in D = 2.748753e-01.
  Coordinate descent sweep 5. norm of D = 1.042299e+00, change in D = 2.295863e-01.
    Line search step size chosen: 1.000000e+00.
  Objective value decreased by 2.053269e-03.
Newton iteration 13.
  Active set size = 22052.
  sub-gradient = 1.971302e-01, l1-norm of X = 4.203454e+02.
  Coordinate descent sweep 1. norm of D = 2.133132e-01, change in D = 2.133132e-01.
  Coordinate descent sweep 2. norm of D = 3.194417e-01, change in D = 1.982659e-01.
  Coordinate descent sweep 3. norm of D = 3.979299e-01, change in D = 1.675199e-01.
  Coordinate descent sweep 4. norm of D = 4.682229e-01, change in D = 1.458186e-01.
  Coordinate descent sweep 5. norm of D = 5.219409e-01, change in D = 1.227948e-01.
    Line search step size chosen: 1.000000e+00.
  Objective value decreased by 6.942485e-04.
Newton iteration 14.
  Active set size = 22049.
  sub-gradient = 1.234542e-01, l1-norm of X = 4.204068e+02.
  Coordinate descent sweep 1. norm of D = 1.129575e-01, change in D = 1.129575e-01.
  Coordinate descent sweep 2. norm of D = 1.601676e-01, change in D = 9.710918e-02.
  Coordinate descent sweep 3. norm of D = 2.053470e-01, change in D = 8.995614e-02.
  Coordinate descent sweep 4. norm of D = 2.424696e-01, change in D = 8.019767e-02.
  Coordinate descent sweep 5. norm of D = 2.774527e-01, change in D = 7.136652e-02.
    Line search step size chosen: 1.000000e+00.
  Objective value decreased by 2.271592e-04.
Newton iteration 15.
  Active set size = 22048.
  sub-gradient = 7.689946e-02, l1-norm of X = 4.204370e+02.
  Coordinate descent sweep 1. norm of D = 6.054974e-02, change in D = 6.054974e-02.
  Coordinate descent sweep 2. norm of D = 9.004776e-02, change in D = 5.687094e-02.
  Coordinate descent sweep 3. norm of D = 1.168518e-01, change in D = 5.397656e-02.
  Coordinate descent sweep 4. norm of D = 1.363787e-01, change in D = 4.281560e-02.
  Coordinate descent sweep 5. norm of D = 1.559483e-01, change in D = 3.976589e-02.
  Coordinate descent sweep 6. norm of D = 1.726246e-01, change in D = 3.529046e-02.
    Line search step size chosen: 1.000000e+00.
  Objective value decreased by 9.400780e-05.
Newton iteration 16.
  Active set size = 22048.
  sub-gradient = 3.093909e-02, l1-norm of X = 4.204571e+02.
  Coordinate descent sweep 1. norm of D = 2.879893e-02, change in D = 2.879893e-02.
  Coordinate descent sweep 2. norm of D = 4.568715e-02, change in D = 2.813441e-02.
  Coordinate descent sweep 3. norm of D = 5.980879e-02, change in D = 2.650917e-02.
  Coordinate descent sweep 4. norm of D = 6.933399e-02, change in D = 2.100757e-02.
  Coordinate descent sweep 5. norm of D = 7.851005e-02, change in D = 2.251140e-02.
  Coordinate descent sweep 6. norm of D = 8.643257e-02, change in D = 1.755899e-02.
    Line search step size chosen: 1.000000e+00.
  Objective value decreased by 2.851551e-05.
QUIC CPU time: 4481.500 seconds
