[1] "/work-zfs/abattle4/prashanthi/recount3/data/breast/GTEx/weighted_covariances/cov_1.rds"
[1] "Data read complete"
Running QUIC version 1.1 in 'default' mode.
Newton iteration 1.
  X is a diagonal matrix.
    Line search step size 1.000000e+00.  Lack of positive definiteness.
    Line search step size 5.000000e-01.  Lack of positive definiteness.
    Line search step size 2.500000e-01.  Lack of positive definiteness.
    Line search step size chosen: 1.250000e-01.
  Objective value decreased by 4.371890e+01.
Newton iteration 2.
  Active set size = 21132.
  sub-gradient = 1.203150e+03, l1-norm of X = 7.791226e+01.
  Coordinate descent sweep 1. norm of D = 6.445454e+02, change in D = 6.445454e+02.
    Line search step size 1.000000e+00.  Lack of positive definiteness.
    Line search step size 5.000000e-01.  Lack of positive definiteness.
    Line search step size chosen: 2.500000e-01.
  Objective value decreased by 3.610765e+01.
Newton iteration 3.
  Active set size = 21132.
  sub-gradient = 8.516350e+02, l1-norm of X = 1.656870e+02.
  Coordinate descent sweep 1. norm of D = 4.103550e+02, change in D = 4.103550e+02.
  Coordinate descent sweep 2. norm of D = 4.407902e+02, change in D = 9.387259e+01.
    Line search step size chosen: 1.000000e+00.
  Objective value decreased by 3.535677e+01.
Newton iteration 4.
  Active set size = 18938.
  sub-gradient = 3.642762e+02, l1-norm of X = 3.378000e+02.
  Coordinate descent sweep 1. norm of D = 9.848912e+01, change in D = 9.848912e+01.
  Coordinate descent sweep 2. norm of D = 1.128793e+02, change in D = 5.109202e+01.
    Line search step size chosen: 1.000000e+00.
  Objective value decreased by 4.695635e+00.
Newton iteration 5.
  Active set size = 18461.
  sub-gradient = 8.955254e+01, l1-norm of X = 3.403115e+02.
  Coordinate descent sweep 1. norm of D = 3.992754e+01, change in D = 3.992754e+01.
  Coordinate descent sweep 2. norm of D = 5.262406e+01, change in D = 2.492562e+01.
    Line search step size chosen: 1.000000e+00.
  Objective value decreased by 1.479000e+00.
Newton iteration 6.
  Active set size = 18306.
  sub-gradient = 2.643450e+01, l1-norm of X = 3.445087e+02.
  Coordinate descent sweep 1. norm of D = 1.839426e+01, change in D = 1.839426e+01.
  Coordinate descent sweep 2. norm of D = 2.619966e+01, change in D = 1.345702e+01.
  Coordinate descent sweep 3. norm of D = 3.139333e+01, change in D = 9.342197e+00.
    Line search step size chosen: 1.000000e+00.
  Objective value decreased by 6.366706e-01.
Newton iteration 7.
  Active set size = 18226.
  sub-gradient = 9.193475e+00, l1-norm of X = 3.484859e+02.
  Coordinate descent sweep 1. norm of D = 7.955046e+00, change in D = 7.955046e+00.
  Coordinate descent sweep 2. norm of D = 1.140536e+01, change in D = 6.136788e+00.
  Coordinate descent sweep 3. norm of D = 1.375351e+01, change in D = 4.587871e+00.
    Line search step size chosen: 1.000000e+00.
  Objective value decreased by 1.755870e-01.
Newton iteration 8.
  Active set size = 18208.
  sub-gradient = 3.673097e+00, l1-norm of X = 3.502489e+02.
  Coordinate descent sweep 1. norm of D = 3.671105e+00, change in D = 3.671105e+00.
  Coordinate descent sweep 2. norm of D = 5.279051e+00, change in D = 2.855922e+00.
  Coordinate descent sweep 3. norm of D = 6.560569e+00, change in D = 2.377925e+00.
    Line search step size chosen: 1.000000e+00.
  Objective value decreased by 5.211969e-02.
Newton iteration 9.
  Active set size = 18194.
  sub-gradient = 2.136803e+00, l1-norm of X = 3.510170e+02.
  Coordinate descent sweep 1. norm of D = 1.983299e+00, change in D = 1.983299e+00.
  Coordinate descent sweep 2. norm of D = 2.894062e+00, change in D = 1.606683e+00.
  Coordinate descent sweep 3. norm of D = 3.548913e+00, change in D = 1.289618e+00.
  Coordinate descent sweep 4. norm of D = 4.040195e+00, change in D = 1.036929e+00.
    Line search step size chosen: 1.000000e+00.
  Objective value decreased by 2.086471e-02.
Newton iteration 10.
  Active set size = 18188.
  sub-gradient = 8.632150e-01, l1-norm of X = 3.515117e+02.
  Coordinate descent sweep 1. norm of D = 8.889188e-01, change in D = 8.889188e-01.
  Coordinate descent sweep 2. norm of D = 1.316872e+00, change in D = 7.383519e-01.
  Coordinate descent sweep 3. norm of D = 1.633323e+00, change in D = 6.080547e-01.
  Coordinate descent sweep 4. norm of D = 1.901011e+00, change in D = 5.156132e-01.
    Line search step size chosen: 1.000000e+00.
  Objective value decreased by 5.662114e-03.
Newton iteration 11.
  Active set size = 18185.
  sub-gradient = 4.380105e-01, l1-norm of X = 3.517349e+02.
  Coordinate descent sweep 1. norm of D = 4.291294e-01, change in D = 4.291294e-01.
  Coordinate descent sweep 2. norm of D = 6.148098e-01, change in D = 3.617660e-01.
  Coordinate descent sweep 3. norm of D = 7.849535e-01, change in D = 3.318976e-01.
  Coordinate descent sweep 4. norm of D = 9.202297e-01, change in D = 2.822121e-01.
    Line search step size chosen: 1.000000e+00.
  Objective value decreased by 1.754474e-03.
Newton iteration 12.
  Active set size = 18183.
  sub-gradient = 2.564734e-01, l1-norm of X = 3.518391e+02.
  Coordinate descent sweep 1. norm of D = 2.404689e-01, change in D = 2.404689e-01.
  Coordinate descent sweep 2. norm of D = 3.580489e-01, change in D = 2.039709e-01.
  Coordinate descent sweep 3. norm of D = 4.458625e-01, change in D = 1.738244e-01.
  Coordinate descent sweep 4. norm of D = 5.172369e-01, change in D = 1.444587e-01.
  Coordinate descent sweep 5. norm of D = 5.797372e-01, change in D = 1.273464e-01.
    Line search step size chosen: 1.000000e+00.
  Objective value decreased by 7.258255e-04.
Newton iteration 13.
  Active set size = 18182.
  sub-gradient = 1.156175e-01, l1-norm of X = 3.519117e+02.
  Coordinate descent sweep 1. norm of D = 1.076308e-01, change in D = 1.076308e-01.
  Coordinate descent sweep 2. norm of D = 1.663292e-01, change in D = 9.846649e-02.
  Coordinate descent sweep 3. norm of D = 2.105830e-01, change in D = 8.119755e-02.
  Coordinate descent sweep 4. norm of D = 2.426252e-01, change in D = 6.810629e-02.
  Coordinate descent sweep 5. norm of D = 2.698094e-01, change in D = 5.693134e-02.
    Line search step size chosen: 1.000000e+00.
  Objective value decreased by 1.839456e-04.
Newton iteration 14.
  Active set size = 18182.
  sub-gradient = 8.033337e-02, l1-norm of X = 3.519436e+02.
  Coordinate descent sweep 1. norm of D = 5.315481e-02, change in D = 5.315481e-02.
  Coordinate descent sweep 2. norm of D = 7.304072e-02, change in D = 4.375538e-02.
  Coordinate descent sweep 3. norm of D = 9.514000e-02, change in D = 4.426216e-02.
  Coordinate descent sweep 4. norm of D = 1.084897e-01, change in D = 3.205234e-02.
  Coordinate descent sweep 5. norm of D = 1.249809e-01, change in D = 3.181653e-02.
    Line search step size chosen: 1.000000e+00.
  Objective value decreased by 4.973644e-05.
Newton iteration 15.
  Active set size = 18182.
  sub-gradient = 3.050044e-02, l1-norm of X = 3.519577e+02.
  Coordinate descent sweep 1. norm of D = 2.563336e-02, change in D = 2.563336e-02.
  Coordinate descent sweep 2. norm of D = 3.786100e-02, change in D = 2.381602e-02.
  Coordinate descent sweep 3. norm of D = 4.637349e-02, change in D = 2.075811e-02.
  Coordinate descent sweep 4. norm of D = 5.749950e-02, change in D = 2.009803e-02.
  Coordinate descent sweep 5. norm of D = 6.226909e-02, change in D = 1.519910e-02.
  Coordinate descent sweep 6. norm of D = 6.803694e-02, change in D = 1.547594e-02.
    Line search step size chosen: 1.000000e+00.
  Objective value decreased by 1.550285e-05.
QUIC CPU time: 3861.970 seconds
