[1] "/work-zfs/abattle4/prashanthi/recount3/data/breast/GTEx/weighted_covariances/cov_1.rds"
[1] "Data read complete"
Running QUIC version 1.1 in 'default' mode.
Newton iteration 1.
  X is a diagonal matrix.
    Line search step size 1.000000e+00.  Lack of positive definiteness.
    Line search step size 5.000000e-01.  Lack of positive definiteness.
    Line search step size chosen: 2.500000e-01.
  Objective value decreased by 1.533691e+01.
Newton iteration 2.
  Active set size = 10338.
  sub-gradient = 4.587677e+02, l1-norm of X = 4.613918e+01.
  Coordinate descent sweep 1. norm of D = 1.030198e+02, change in D = 1.030198e+02.
    Line search step size chosen: 1.000000e+00.
  Objective value decreased by 7.752354e+00.
Newton iteration 3.
  Active set size = 10185.
  sub-gradient = 4.129013e+02, l1-norm of X = 1.222093e+02.
  Coordinate descent sweep 1. norm of D = 3.868330e+01, change in D = 3.868330e+01.
  Coordinate descent sweep 2. norm of D = 4.014197e+01, change in D = 1.678793e+01.
    Line search step size chosen: 1.000000e+00.
  Objective value decreased by 4.417186e+00.
Newton iteration 4.
  Active set size = 10083.
  sub-gradient = 1.499934e+02, l1-norm of X = 1.199964e+02.
  Coordinate descent sweep 1. norm of D = 2.037357e+01, change in D = 2.037357e+01.
  Coordinate descent sweep 2. norm of D = 2.229188e+01, change in D = 1.088346e+01.
    Line search step size chosen: 1.000000e+00.
  Objective value decreased by 1.537908e+00.
Newton iteration 5.
  Active set size = 10035.
  sub-gradient = 4.724194e+01, l1-norm of X = 1.186408e+02.
  Coordinate descent sweep 1. norm of D = 1.057233e+01, change in D = 1.057233e+01.
  Coordinate descent sweep 2. norm of D = 1.217915e+01, change in D = 5.745558e+00.
    Line search step size chosen: 1.000000e+00.
  Objective value decreased by 4.605325e-01.
Newton iteration 6.
  Active set size = 10025.
  sub-gradient = 1.031203e+01, l1-norm of X = 1.183730e+02.
  Coordinate descent sweep 1. norm of D = 4.471668e+00, change in D = 4.471668e+00.
  Coordinate descent sweep 2. norm of D = 5.645917e+00, change in D = 2.689900e+00.
  Coordinate descent sweep 3. norm of D = 6.417432e+00, change in D = 1.609678e+00.
    Line search step size chosen: 1.000000e+00.
  Objective value decreased by 1.032374e-01.
Newton iteration 7.
  Active set size = 10011.
  sub-gradient = 1.629845e+00, l1-norm of X = 1.187078e+02.
  Coordinate descent sweep 1. norm of D = 1.154541e+00, change in D = 1.154541e+00.
  Coordinate descent sweep 2. norm of D = 1.561186e+00, change in D = 7.829355e-01.
  Coordinate descent sweep 3. norm of D = 1.814379e+00, change in D = 5.205765e-01.
    Line search step size chosen: 1.000000e+00.
  Objective value decreased by 9.257181e-03.
Newton iteration 8.
  Active set size = 10011.
  sub-gradient = 3.051216e-01, l1-norm of X = 1.189107e+02.
  Coordinate descent sweep 1. norm of D = 3.234932e-01, change in D = 3.234932e-01.
  Coordinate descent sweep 2. norm of D = 4.389168e-01, change in D = 2.133909e-01.
  Coordinate descent sweep 3. norm of D = 5.220125e-01, change in D = 1.478712e-01.
    Line search step size chosen: 1.000000e+00.
  Objective value decreased by 8.566898e-04.
Newton iteration 9.
  Active set size = 10009.
  sub-gradient = 1.476710e-01, l1-norm of X = 1.189804e+02.
  Coordinate descent sweep 1. norm of D = 1.034780e-01, change in D = 1.034780e-01.
  Coordinate descent sweep 2. norm of D = 1.338505e-01, change in D = 6.894002e-02.
  Coordinate descent sweep 3. norm of D = 1.591091e-01, change in D = 5.213954e-02.
  Coordinate descent sweep 4. norm of D = 1.722695e-01, change in D = 3.046021e-02.
    Line search step size chosen: 1.000000e+00.
  Objective value decreased by 1.014158e-04.
Newton iteration 10.
  Active set size = 10007.
  sub-gradient = 2.476233e-02, l1-norm of X = 1.190049e+02.
  Coordinate descent sweep 1. norm of D = 2.461595e-02, change in D = 2.461595e-02.
  Coordinate descent sweep 2. norm of D = 3.347881e-02, change in D = 1.672126e-02.
  Coordinate descent sweep 3. norm of D = 3.948239e-02, change in D = 1.267116e-02.
  Coordinate descent sweep 4. norm of D = 4.446790e-02, change in D = 1.003358e-02.
    Line search step size chosen: 1.000000e+00.
  Objective value decreased by 6.597184e-06.
Newton iteration 11.
  Active set size = 10007.
  sub-gradient = 6.924476e-03, l1-norm of X = 1.190109e+02.
  Coordinate descent sweep 1. norm of D = 6.686766e-03, change in D = 6.686766e-03.
  Coordinate descent sweep 2. norm of D = 9.154173e-03, change in D = 4.646296e-03.
  Coordinate descent sweep 3. norm of D = 1.094994e-02, change in D = 3.087963e-03.
  Coordinate descent sweep 4. norm of D = 1.200531e-02, change in D = 2.211350e-03.
    Line search step size chosen: 1.000000e+00.
  Objective value decreased by 5.531529e-07.
QUIC CPU time: 2627.810 seconds
