[1] "/work-zfs/abattle4/prashanthi/recount3/data/breast/GTEx/weighted_covariances/cov_1.rds"
[1] "Data read complete"
Running QUIC version 1.1 in 'default' mode.
Newton iteration 1.
  X is a diagonal matrix.
    Line search step size 1.000000e+00.  Lack of positive definiteness.
    Line search step size 5.000000e-01.  Lack of positive definiteness.
    Line search step size chosen: 2.500000e-01.
  Objective value decreased by 1.356649e+01.
Newton iteration 2.
  Active set size = 10019.
  sub-gradient = 1.325873e+02, l1-norm of X = 4.005421e+01.
  Coordinate descent sweep 1. norm of D = 9.096331e+01, change in D = 9.096331e+01.
    Line search step size chosen: 1.000000e+00.
  Objective value decreased by 6.659978e+00.
Newton iteration 3.
  Active set size = 9875.
  sub-gradient = 2.108521e+02, l1-norm of X = 1.090795e+02.
  Coordinate descent sweep 1. norm of D = 3.421781e+01, change in D = 3.421781e+01.
  Coordinate descent sweep 2. norm of D = 3.517269e+01, change in D = 1.446462e+01.
    Line search step size chosen: 1.000000e+00.
  Objective value decreased by 3.395279e+00.
Newton iteration 4.
  Active set size = 9799.
  sub-gradient = 6.826629e+01, l1-norm of X = 1.072922e+02.
  Coordinate descent sweep 1. norm of D = 1.598171e+01, change in D = 1.598171e+01.
  Coordinate descent sweep 2. norm of D = 1.680798e+01, change in D = 8.493731e+00.
    Line search step size chosen: 1.000000e+00.
  Objective value decreased by 9.486959e-01.
Newton iteration 5.
  Active set size = 9774.
  sub-gradient = 1.902035e+01, l1-norm of X = 1.056800e+02.
  Coordinate descent sweep 1. norm of D = 7.427575e+00, change in D = 7.427575e+00.
  Coordinate descent sweep 2. norm of D = 8.544664e+00, change in D = 4.254991e+00.
    Line search step size chosen: 1.000000e+00.
  Objective value decreased by 2.239781e-01.
Newton iteration 6.
  Active set size = 9762.
  sub-gradient = 4.033249e+00, l1-norm of X = 1.052720e+02.
  Coordinate descent sweep 1. norm of D = 2.812214e+00, change in D = 2.812214e+00.
  Coordinate descent sweep 2. norm of D = 3.592347e+00, change in D = 1.578504e+00.
  Coordinate descent sweep 3. norm of D = 4.077278e+00, change in D = 8.895087e-01.
    Line search step size chosen: 1.000000e+00.
  Objective value decreased by 4.220510e-02.
Newton iteration 7.
  Active set size = 9757.
  sub-gradient = 6.474518e-01, l1-norm of X = 1.055058e+02.
  Coordinate descent sweep 1. norm of D = 6.150946e-01, change in D = 6.150946e-01.
  Coordinate descent sweep 2. norm of D = 8.356568e-01, change in D = 3.771703e-01.
  Coordinate descent sweep 3. norm of D = 9.914086e-01, change in D = 2.390801e-01.
    Line search step size chosen: 1.000000e+00.
  Objective value decreased by 3.168313e-03.
Newton iteration 8.
  Active set size = 9753.
  sub-gradient = 1.665833e-01, l1-norm of X = 1.056594e+02.
  Coordinate descent sweep 1. norm of D = 1.618071e-01, change in D = 1.618071e-01.
  Coordinate descent sweep 2. norm of D = 2.190731e-01, change in D = 1.059123e-01.
  Coordinate descent sweep 3. norm of D = 2.575715e-01, change in D = 6.753736e-02.
    Line search step size chosen: 1.000000e+00.
  Objective value decreased by 3.121089e-04.
Newton iteration 9.
  Active set size = 9754.
  sub-gradient = 4.313345e-02, l1-norm of X = 1.057052e+02.
  Coordinate descent sweep 1. norm of D = 4.407986e-02, change in D = 4.407986e-02.
  Coordinate descent sweep 2. norm of D = 6.342458e-02, change in D = 3.162517e-02.
  Coordinate descent sweep 3. norm of D = 7.438980e-02, change in D = 2.043616e-02.
  Coordinate descent sweep 4. norm of D = 8.199993e-02, change in D = 1.423333e-02.
    Line search step size chosen: 1.000000e+00.
  Objective value decreased by 3.565669e-05.
Newton iteration 10.
  Active set size = 9754.
  sub-gradient = 9.663398e-03, l1-norm of X = 1.057203e+02.
  Coordinate descent sweep 1. norm of D = 9.489038e-03, change in D = 9.489038e-03.
  Coordinate descent sweep 2. norm of D = 1.344416e-02, change in D = 7.029773e-03.
  Coordinate descent sweep 3. norm of D = 1.617041e-02, change in D = 4.338828e-03.
  Coordinate descent sweep 4. norm of D = 1.807804e-02, change in D = 3.185604e-03.
    Line search step size chosen: 1.000000e+00.
  Objective value decreased by 2.237564e-06.
QUIC CPU time: 2405.630 seconds
