[1] "/work-zfs/abattle4/prashanthi/recount3/data/breast/GTEx/weighted_covariances/cov_1.rds"
[1] "Data read complete"
Running QUIC version 1.1 in 'default' mode.
Newton iteration 1.
  X is a diagonal matrix.
    Line search step size chosen: 1.000000e+00.
  Objective value decreased by 5.860751e-01.
Newton iteration 2.
  Active set size = 8583.
  sub-gradient = 3.644498e+00, l1-norm of X = 1.014167e+01.
  Coordinate descent sweep 1. norm of D = 1.895233e+00, change in D = 1.895233e+00.
    Line search step size chosen: 1.000000e+00.
  Objective value decreased by 5.754219e-02.
Newton iteration 3.
  Active set size = 8580.
  sub-gradient = 5.601049e-01, l1-norm of X = 9.090791e+00.
  Coordinate descent sweep 1. norm of D = 5.381485e-01, change in D = 5.381485e-01.
  Coordinate descent sweep 2. norm of D = 6.018828e-01, change in D = 1.509541e-01.
    Line search step size chosen: 1.000000e+00.
  Objective value decreased by 7.871649e-03.
Newton iteration 4.
  Active set size = 8578.
  sub-gradient = 6.532571e-02, l1-norm of X = 9.220383e+00.
  Coordinate descent sweep 1. norm of D = 5.592398e-02, change in D = 5.592398e-02.
  Coordinate descent sweep 2. norm of D = 6.067558e-02, change in D = 1.128468e-02.
    Line search step size chosen: 1.000000e+00.
  Objective value decreased by 1.546979e-04.
Newton iteration 5.
  Active set size = 8578.
  sub-gradient = 2.445173e-03, l1-norm of X = 9.215844e+00.
  Coordinate descent sweep 1. norm of D = 2.341889e-03, change in D = 2.341889e-03.
  Coordinate descent sweep 2. norm of D = 2.721529e-03, change in D = 5.820044e-04.
    Line search step size chosen: 1.000000e+00.
  Objective value decreased by 3.061505e-07.
Newton iteration 6.
  Active set size = 8578.
  sub-gradient = 9.960677e-05, l1-norm of X = 9.216359e+00.
  Coordinate descent sweep 1. norm of D = 1.048402e-04, change in D = 1.048402e-04.
  Coordinate descent sweep 2. norm of D = 1.258326e-04, change in D = 3.880328e-05.
  Coordinate descent sweep 3. norm of D = 1.309118e-04, change in D = 1.139157e-05.
    Line search step size chosen: 1.000000e+00.
  Objective value decreased by 6.748451e-10.
QUIC CPU time: 1470.040 seconds
