[1] "/work-zfs/abattle4/prashanthi/recount3/data/breast/GTEx/weighted_covariances/cov_1.rds"
[1] "Data read complete"
Running QUIC version 1.1 in 'default' mode.
Newton iteration 1.
  X is a diagonal matrix.
    Line search step size chosen: 1.000000e+00.
  Objective value decreased by 3.482075e-02.
Newton iteration 2.
  Active set size = 8500.
  sub-gradient = 8.538965e-02, l1-norm of X = 1.089877e+00.
  Coordinate descent sweep 1. norm of D = 7.956173e-02, change in D = 7.956173e-02.
    Line search step size chosen: 1.000000e+00.
  Objective value decreased by 2.581947e-04.
Newton iteration 3.
  Active set size = 8500.
  sub-gradient = 3.859372e-03, l1-norm of X = 1.075301e+00.
  Coordinate descent sweep 1. norm of D = 4.262595e-03, change in D = 4.262595e-03.
  Coordinate descent sweep 2. norm of D = 4.355668e-03, change in D = 2.882705e-04.
    Line search step size chosen: 1.000000e+00.
  Objective value decreased by 2.099488e-06.
Newton iteration 4.
  Active set size = 8500.
  sub-gradient = 3.607870e-05, l1-norm of X = 1.079343e+00.
  Coordinate descent sweep 1. norm of D = 3.871662e-05, change in D = 3.871662e-05.
  Coordinate descent sweep 2. norm of D = 3.993371e-05, change in D = 2.506875e-06.
    Line search step size chosen: 1.000000e+00.
  Objective value decreased by 1.491571e-10.
QUIC CPU time: 1025.340 seconds
