[1] "/data/abattle4/prashanthi/recount3/data/blood/all/weighted_covariances/cov_15.rds"
[1] "Data read complete"
Running QUIC version 1.1 in 'default' mode.
Newton iteration 1.
  X is a diagonal matrix.
    Line search step size 1.000000e+00.  Lack of positive definiteness.
    Line search step size 5.000000e-01.  Lack of positive definiteness.
    Line search step size 2.500000e-01.  Lack of positive definiteness.
    Line search step size 1.250000e-01.  Lack of positive definiteness.
    Line search step size 6.250000e-02.  Lack of positive definiteness.
    Line search step size chosen: 3.125000e-02.
  Objective value decreased by 1.253919e+02.
Newton iteration 2.
  Active set size = 629175.
  sub-gradient = 2.189619e+04, l1-norm of X = 2.575052e+02.
  Coordinate descent sweep 1. norm of D = 1.775772e+04, change in D = 1.775772e+04.
    Line search step size 1.000000e+00.  Lack of positive definiteness.
    Line search step size 5.000000e-01.  Lack of positive definiteness.
    Line search step size 2.500000e-01.  Lack of positive definiteness.
    Line search step size 1.250000e-01.  Lack of positive definiteness.
    Line search step size chosen: 6.250000e-02.
  Objective value decreased by 1.554279e+02.
Newton iteration 3.
  Active set size = 629263.
  sub-gradient = 1.924680e+04, l1-norm of X = 6.520044e+02.
  Coordinate descent sweep 1. norm of D = 1.192130e+04, change in D = 1.192130e+04.
  Coordinate descent sweep 2. norm of D = 1.086483e+04, change in D = 1.936632e+03.
    Line search step size 1.000000e+00.  Lack of positive definiteness.
    Line search step size 5.000000e-01.  Lack of positive definiteness.
    Line search step size 2.500000e-01.  Lack of positive definiteness.
    Line search step size chosen: 1.250000e-01.
  Objective value decreased by 1.431534e+02.
Newton iteration 4.
  Active set size = 630225.
  sub-gradient = 1.501858e+04, l1-norm of X = 1.096592e+03.
  Coordinate descent sweep 1. norm of D = 7.492820e+03, change in D = 7.492820e+03.
  Coordinate descent sweep 2. norm of D = 7.104979e+03, change in D = 1.441032e+03.
    Line search step size 1.000000e+00.  Lack of positive definiteness.
    Line search step size 5.000000e-01.  Lack of positive definiteness.
    Line search step size 2.500000e-01.  Lack of positive definiteness.
    Line search step size chosen: 1.250000e-01.
  Objective value decreased by 7.194981e+01.
Newton iteration 5.
  Active set size = 630879.
  sub-gradient = 1.297271e+04, l1-norm of X = 1.338790e+03.
  Coordinate descent sweep 1. norm of D = 5.806873e+03, change in D = 5.806873e+03.
  Coordinate descent sweep 2. norm of D = 5.671682e+03, change in D = 1.192206e+03.
    Line search step size 1.000000e+00.  Lack of positive definiteness.
    Line search step size 5.000000e-01.  Lack of positive definiteness.
    Line search step size chosen: 2.500000e-01.
  Objective value decreased by 8.895791e+01.
Newton iteration 6.
  Active set size = 634106.
  sub-gradient = 1.171670e+04, l1-norm of X = 1.677027e+03.
  Coordinate descent sweep 1. norm of D = 3.755025e+03, change in D = 3.755025e+03.
  Coordinate descent sweep 2. norm of D = 3.915790e+03, change in D = 8.870403e+02.
  Coordinate descent sweep 3. norm of D = 4.037217e+03, change in D = 3.011465e+02.
    Line search step size 1.000000e+00.  Lack of positive definiteness.
    Line search step size chosen: 5.000000e-01.
  Objective value decreased by 8.000934e+01.
Newton iteration 7.
  Active set size = 638684.
  sub-gradient = 1.804697e+04, l1-norm of X = 2.049165e+03.
  Coordinate descent sweep 1. norm of D = 1.775883e+03, change in D = 1.775883e+03.
  Coordinate descent sweep 2. norm of D = 2.013658e+03, change in D = 5.548000e+02.
  Coordinate descent sweep 3. norm of D = 2.122795e+03, change in D = 2.610269e+02.
    Line search step size chosen: 1.000000e+00.
  Objective value decreased by 4.003278e+01.
Newton iteration 8.
  Active set size = 284875.
  sub-gradient = 1.637745e+03, l1-norm of X = 2.326574e+03.
  Coordinate descent sweep 1. norm of D = 2.323697e+02, change in D = 2.323697e+02.
  Coordinate descent sweep 2. norm of D = 2.699536e+02, change in D = 1.423306e+02.
  Coordinate descent sweep 3. norm of D = 2.966960e+02, change in D = 8.350856e+01.
    Line search step size chosen: 1.000000e+00.
  Objective value decreased by 2.175501e+00.
Newton iteration 9.
  Active set size = 277245.
  sub-gradient = 3.024728e+02, l1-norm of X = 2.347609e+03.
  Coordinate descent sweep 1. norm of D = 6.269444e+01, change in D = 6.269444e+01.
  Coordinate descent sweep 2. norm of D = 7.282348e+01, change in D = 4.426936e+01.
  Coordinate descent sweep 3. norm of D = 7.994685e+01, change in D = 3.112965e+01.
  Coordinate descent sweep 4. norm of D = 8.461486e+01, change in D = 2.245768e+01.
    Line search step size chosen: 1.000000e+00.
  Objective value decreased by 4.652842e-01.
Newton iteration 10.
  Active set size = 275743.
  sub-gradient = 4.180290e+01, l1-norm of X = 2.352300e+03.
  Coordinate descent sweep 1. norm of D = 1.807938e+01, change in D = 1.807938e+01.
  Coordinate descent sweep 2. norm of D = 2.128866e+01, change in D = 1.463968e+01.
  Coordinate descent sweep 3. norm of D = 2.321832e+01, change in D = 1.192552e+01.
  Coordinate descent sweep 4. norm of D = 2.459989e+01, change in D = 9.629476e+00.
    Line search step size chosen: 1.000000e+00.
  Objective value decreased by 9.189688e-02.
Newton iteration 11.
  Active set size = 275694.
  sub-gradient = 9.626380e+00, l1-norm of X = 2.353227e+03.
  Coordinate descent sweep 1. norm of D = 7.964128e+00, change in D = 7.964128e+00.
  Coordinate descent sweep 2. norm of D = 9.224991e+00, change in D = 6.468730e+00.
  Coordinate descent sweep 3. norm of D = 9.964258e+00, change in D = 5.330614e+00.
  Coordinate descent sweep 4. norm of D = 1.061031e+01, change in D = 4.540463e+00.
    Line search step size chosen: 1.000000e+00.
  Objective value decreased by 2.640817e-02.
Newton iteration 12.
  Active set size = 275642.
  sub-gradient = 3.849133e+00, l1-norm of X = 2.353567e+03.
  Coordinate descent sweep 1. norm of D = 3.888858e+00, change in D = 3.888858e+00.
  Coordinate descent sweep 2. norm of D = 4.587186e+00, change in D = 3.467638e+00.
  Coordinate descent sweep 3. norm of D = 5.030258e+00, change in D = 3.079428e+00.
  Coordinate descent sweep 4. norm of D = 5.275370e+00, change in D = 2.663563e+00.
  Coordinate descent sweep 5. norm of D = 5.413908e+00, change in D = 2.160975e+00.
    Line search step size chosen: 1.000000e+00.
  Objective value decreased by 9.888341e-03.
Newton iteration 13.
  Active set size = 275687.
  sub-gradient = 4.020680e+00, l1-norm of X = 2.353733e+03.
  Coordinate descent sweep 1. norm of D = 1.940261e+00, change in D = 1.940261e+00.
  Coordinate descent sweep 2. norm of D = 2.157007e+00, change in D = 1.694004e+00.
  Coordinate descent sweep 3. norm of D = 2.339309e+00, change in D = 1.467222e+00.
  Coordinate descent sweep 4. norm of D = 2.431628e+00, change in D = 1.268484e+00.
  Coordinate descent sweep 5. norm of D = 2.535322e+00, change in D = 1.157412e+00.
    Line search step size chosen: 1.000000e+00.
  Objective value decreased by 2.906713e-03.
Newton iteration 14.
  Active set size = 275598.
  sub-gradient = 9.574820e-01, l1-norm of X = 2.353801e+03.
  Coordinate descent sweep 1. norm of D = 1.035079e+00, change in D = 1.035079e+00.
  Coordinate descent sweep 2. norm of D = 1.165790e+00, change in D = 8.708706e-01.
  Coordinate descent sweep 3. norm of D = 1.277965e+00, change in D = 8.154590e-01.
  Coordinate descent sweep 4. norm of D = 1.316737e+00, change in D = 7.163999e-01.
  Coordinate descent sweep 5. norm of D = 1.367343e+00, change in D = 6.350882e-01.
    Line search step size chosen: 1.000000e+00.
  Objective value decreased by 9.434238e-04.
Newton iteration 15.
  Active set size = 275586.
  sub-gradient = 5.294355e-01, l1-norm of X = 2.353834e+03.
  Coordinate descent sweep 1. norm of D = 5.574773e-01, change in D = 5.574773e-01.
  Coordinate descent sweep 2. norm of D = 6.428807e-01, change in D = 4.906194e-01.
  Coordinate descent sweep 3. norm of D = 6.940100e-01, change in D = 4.450320e-01.
  Coordinate descent sweep 4. norm of D = 7.317454e-01, change in D = 3.986255e-01.
  Coordinate descent sweep 5. norm of D = 7.669043e-01, change in D = 3.654395e-01.
  Coordinate descent sweep 6. norm of D = 7.978874e-01, change in D = 3.304831e-01.
    Line search step size chosen: 1.000000e+00.
  Objective value decreased by 3.966224e-04.
Newton iteration 16.
  Active set size = 275586.
  sub-gradient = 2.866524e-01, l1-norm of X = 2.353855e+03.
  Coordinate descent sweep 1. norm of D = 2.899508e-01, change in D = 2.899508e-01.
  Coordinate descent sweep 2. norm of D = 3.410319e-01, change in D = 2.610418e-01.
  Coordinate descent sweep 3. norm of D = 3.625911e-01, change in D = 2.405402e-01.
  Coordinate descent sweep 4. norm of D = 3.800028e-01, change in D = 2.189456e-01.
  Coordinate descent sweep 5. norm of D = 3.891286e-01, change in D = 1.899637e-01.
  Coordinate descent sweep 6. norm of D = 4.037946e-01, change in D = 1.730131e-01.
    Line search step size chosen: 1.000000e+00.
  Objective value decreased by 1.171871e-04.
Newton iteration 17.
  Active set size = 275585.
  sub-gradient = 1.345884e-01, l1-norm of X = 2.353862e+03.
  Coordinate descent sweep 1. norm of D = 1.539933e-01, change in D = 1.539933e-01.
  Coordinate descent sweep 2. norm of D = 1.779775e-01, change in D = 1.373979e-01.
  Coordinate descent sweep 3. norm of D = 1.869559e-01, change in D = 1.188175e-01.
  Coordinate descent sweep 4. norm of D = 2.050680e-01, change in D = 1.203433e-01.
  Coordinate descent sweep 5. norm of D = 2.078628e-01, change in D = 1.110248e-01.
  Coordinate descent sweep 6. norm of D = 2.146826e-01, change in D = 9.785892e-02.
    Line search step size chosen: 1.000000e+00.
  Objective value decreased by 3.885356e-05.
QUIC CPU time: 14003.965 seconds
