[1] "/data/abattle4/prashanthi/recount3/data/blood/all/weighted_covariances/cov_15.rds"
[1] "Data read complete"
Running QUIC version 1.1 in 'default' mode.
Newton iteration 1.
  X is a diagonal matrix.
    Line search step size 1.000000e+00.  Lack of positive definiteness.
    Line search step size 5.000000e-01.  Lack of positive definiteness.
    Line search step size 2.500000e-01.  Lack of positive definiteness.
    Line search step size 1.250000e-01.  Lack of positive definiteness.
    Line search step size chosen: 6.250000e-02.
  Objective value decreased by 4.023610e+01.
Newton iteration 2.
  Active set size = 51082.
  sub-gradient = 2.085214e+03, l1-norm of X = 8.944807e+01.
  Coordinate descent sweep 1. norm of D = 1.514738e+03, change in D = 1.514738e+03.
    Line search step size 1.000000e+00.  Lack of positive definiteness.
    Line search step size 5.000000e-01.  Lack of positive definiteness.
    Line search step size 2.500000e-01.  Lack of positive definiteness.
    Line search step size chosen: 1.250000e-01.
  Objective value decreased by 3.243884e+01.
Newton iteration 3.
  Active set size = 51082.
  sub-gradient = 1.631693e+03, l1-norm of X = 1.892886e+02.
  Coordinate descent sweep 1. norm of D = 9.914979e+02, change in D = 9.914979e+02.
  Coordinate descent sweep 2. norm of D = 9.524192e+02, change in D = 1.870495e+02.
    Line search step size 1.000000e+00.  Lack of positive definiteness.
    Line search step size chosen: 5.000000e-01.
  Objective value decreased by 4.300576e+01.
Newton iteration 4.
  Active set size = 51087.
  sub-gradient = 1.235963e+03, l1-norm of X = 3.971969e+02.
  Coordinate descent sweep 1. norm of D = 4.017498e+02, change in D = 4.017498e+02.
  Coordinate descent sweep 2. norm of D = 4.534414e+02, change in D = 1.083111e+02.
    Line search step size chosen: 1.000000e+00.
  Objective value decreased by 1.436154e+01.
Newton iteration 5.
  Active set size = 36060.
  sub-gradient = 1.345831e+02, l1-norm of X = 5.127192e+02.
  Coordinate descent sweep 1. norm of D = 7.678611e+01, change in D = 7.678611e+01.
  Coordinate descent sweep 2. norm of D = 9.535824e+01, change in D = 3.977960e+01.
    Line search step size chosen: 1.000000e+00.
  Objective value decreased by 1.414607e+00.
Newton iteration 6.
  Active set size = 35202.
  sub-gradient = 3.566021e+01, l1-norm of X = 5.229290e+02.
  Coordinate descent sweep 1. norm of D = 2.466335e+01, change in D = 2.466335e+01.
  Coordinate descent sweep 2. norm of D = 3.124848e+01, change in D = 1.495889e+01.
  Coordinate descent sweep 3. norm of D = 3.508742e+01, change in D = 9.455656e+00.
    Line search step size chosen: 1.000000e+00.
  Objective value decreased by 3.262199e-01.
Newton iteration 7.
  Active set size = 35064.
  sub-gradient = 1.139936e+01, l1-norm of X = 5.262693e+02.
  Coordinate descent sweep 1. norm of D = 7.207172e+00, change in D = 7.207172e+00.
  Coordinate descent sweep 2. norm of D = 9.107715e+00, change in D = 4.798026e+00.
  Coordinate descent sweep 3. norm of D = 1.050035e+01, change in D = 3.395842e+00.
    Line search step size chosen: 1.000000e+00.
  Objective value decreased by 5.610314e-02.
Newton iteration 8.
  Active set size = 34884.
  sub-gradient = 2.574478e+00, l1-norm of X = 5.270835e+02.
  Coordinate descent sweep 1. norm of D = 2.415929e+00, change in D = 2.415929e+00.
  Coordinate descent sweep 2. norm of D = 3.160573e+00, change in D = 1.786269e+00.
  Coordinate descent sweep 3. norm of D = 3.647364e+00, change in D = 1.321247e+00.
    Line search step size chosen: 1.000000e+00.
  Objective value decreased by 1.100001e-02.
Newton iteration 9.
  Active set size = 34862.
  sub-gradient = 1.092790e+00, l1-norm of X = 5.273313e+02.
  Coordinate descent sweep 1. norm of D = 1.035790e+00, change in D = 1.035790e+00.
  Coordinate descent sweep 2. norm of D = 1.343175e+00, change in D = 7.587739e-01.
  Coordinate descent sweep 3. norm of D = 1.530400e+00, change in D = 5.989366e-01.
  Coordinate descent sweep 4. norm of D = 1.671794e+00, change in D = 4.711843e-01.
    Line search step size chosen: 1.000000e+00.
  Objective value decreased by 3.175391e-03.
Newton iteration 10.
  Active set size = 34839.
  sub-gradient = 3.871084e-01, l1-norm of X = 5.274349e+02.
  Coordinate descent sweep 1. norm of D = 3.770233e-01, change in D = 3.770233e-01.
  Coordinate descent sweep 2. norm of D = 4.913521e-01, change in D = 3.001319e-01.
  Coordinate descent sweep 3. norm of D = 5.681109e-01, change in D = 2.511653e-01.
  Coordinate descent sweep 4. norm of D = 6.242543e-01, change in D = 1.957315e-01.
    Line search step size chosen: 1.000000e+00.
  Objective value decreased by 5.970323e-04.
Newton iteration 11.
  Active set size = 34837.
  sub-gradient = 1.716585e-01, l1-norm of X = 5.274736e+02.
  Coordinate descent sweep 1. norm of D = 1.635392e-01, change in D = 1.635392e-01.
  Coordinate descent sweep 2. norm of D = 2.075811e-01, change in D = 1.283115e-01.
  Coordinate descent sweep 3. norm of D = 2.478080e-01, change in D = 1.054592e-01.
  Coordinate descent sweep 4. norm of D = 2.718190e-01, change in D = 8.727845e-02.
    Line search step size chosen: 1.000000e+00.
  Objective value decreased by 1.385541e-04.
Newton iteration 12.
  Active set size = 34837.
  sub-gradient = 6.432899e-02, l1-norm of X = 5.274887e+02.
  Coordinate descent sweep 1. norm of D = 7.322958e-02, change in D = 7.322958e-02.
  Coordinate descent sweep 2. norm of D = 9.839147e-02, change in D = 6.166328e-02.
  Coordinate descent sweep 3. norm of D = 1.148450e-01, change in D = 4.975379e-02.
  Coordinate descent sweep 4. norm of D = 1.245986e-01, change in D = 3.803097e-02.
  Coordinate descent sweep 5. norm of D = 1.346791e-01, change in D = 3.298445e-02.
    Line search step size chosen: 1.000000e+00.
  Objective value decreased by 3.692352e-05.
Newton iteration 13.
  Active set size = 34837.
  sub-gradient = 2.738401e-02, l1-norm of X = 5.274959e+02.
  Coordinate descent sweep 1. norm of D = 2.828563e-02, change in D = 2.828563e-02.
  Coordinate descent sweep 2. norm of D = 3.660822e-02, change in D = 2.282375e-02.
  Coordinate descent sweep 3. norm of D = 4.211890e-02, change in D = 1.918536e-02.
  Coordinate descent sweep 4. norm of D = 4.771107e-02, change in D = 1.564226e-02.
  Coordinate descent sweep 5. norm of D = 5.062836e-02, change in D = 1.388115e-02.
    Line search step size chosen: 1.000000e+00.
  Objective value decreased by 5.957426e-06.
QUIC CPU time: 5589.859 seconds
