[1] "/data/abattle4/prashanthi/recount3/data/blood/all/weighted_covariances/cov_15.rds"
[1] "Data read complete"
Running QUIC version 1.1 in 'default' mode.
Newton iteration 1.
  X is a diagonal matrix.
    Line search step size 1.000000e+00.  Lack of positive definiteness.
    Line search step size 5.000000e-01.  Lack of positive definiteness.
    Line search step size 2.500000e-01.  Lack of positive definiteness.
    Line search step size 1.250000e-01.  Lack of positive definiteness.
    Line search step size chosen: 6.250000e-02.
  Objective value decreased by 1.302642e+01.
Newton iteration 2.
  Active set size = 18518.
  sub-gradient = 6.948296e+02, l1-norm of X = 3.453645e+01.
  Coordinate descent sweep 1. norm of D = 4.905708e+02, change in D = 4.905708e+02.
    Line search step size 1.000000e+00.  Lack of positive definiteness.
    Line search step size 5.000000e-01.  Lack of positive definiteness.
    Line search step size 2.500000e-01.  Lack of positive definiteness.
    Line search step size chosen: 1.250000e-01.
  Objective value decreased by 1.240747e+01.
Newton iteration 3.
  Active set size = 18518.
  sub-gradient = 5.265414e+02, l1-norm of X = 7.670138e+01.
  Coordinate descent sweep 1. norm of D = 3.082657e+02, change in D = 3.082657e+02.
  Coordinate descent sweep 2. norm of D = 2.915634e+02, change in D = 6.986517e+01.
    Line search step size 1.000000e+00.  Lack of positive definiteness.
    Line search step size chosen: 5.000000e-01.
  Objective value decreased by 1.548598e+01.
Newton iteration 4.
  Active set size = 18518.
  sub-gradient = 2.562673e+02, l1-norm of X = 1.580500e+02.
  Coordinate descent sweep 1. norm of D = 1.235345e+02, change in D = 1.235345e+02.
  Coordinate descent sweep 2. norm of D = 1.413689e+02, change in D = 3.475647e+01.
    Line search step size chosen: 1.000000e+00.
  Objective value decreased by 4.652311e+00.
Newton iteration 5.
  Active set size = 14955.
  sub-gradient = 2.659914e+01, l1-norm of X = 2.017282e+02.
  Coordinate descent sweep 1. norm of D = 2.390818e+01, change in D = 2.390818e+01.
  Coordinate descent sweep 2. norm of D = 2.991495e+01, change in D = 1.151136e+01.
    Line search step size chosen: 1.000000e+00.
  Objective value decreased by 3.733630e-01.
Newton iteration 6.
  Active set size = 14752.
  sub-gradient = 7.421779e+00, l1-norm of X = 2.054530e+02.
  Coordinate descent sweep 1. norm of D = 6.966946e+00, change in D = 6.966946e+00.
  Coordinate descent sweep 2. norm of D = 8.939490e+00, change in D = 4.048902e+00.
  Coordinate descent sweep 3. norm of D = 1.008055e+01, change in D = 2.540001e+00.
    Line search step size chosen: 1.000000e+00.
  Objective value decreased by 6.693347e-02.
Newton iteration 7.
  Active set size = 14654.
  sub-gradient = 1.737143e+00, l1-norm of X = 2.066926e+02.
  Coordinate descent sweep 1. norm of D = 1.620899e+00, change in D = 1.620899e+00.
  Coordinate descent sweep 2. norm of D = 2.184544e+00, change in D = 1.091662e+00.
  Coordinate descent sweep 3. norm of D = 2.504699e+00, change in D = 7.070450e-01.
    Line search step size chosen: 1.000000e+00.
  Objective value decreased by 7.561493e-03.
Newton iteration 8.
  Active set size = 14639.
  sub-gradient = 6.250402e-01, l1-norm of X = 2.069478e+02.
  Coordinate descent sweep 1. norm of D = 5.169220e-01, change in D = 5.169220e-01.
  Coordinate descent sweep 2. norm of D = 6.689873e-01, change in D = 3.376740e-01.
  Coordinate descent sweep 3. norm of D = 7.809327e-01, change in D = 2.558669e-01.
    Line search step size chosen: 1.000000e+00.
  Objective value decreased by 1.052833e-03.
Newton iteration 9.
  Active set size = 14637.
  sub-gradient = 2.154135e-01, l1-norm of X = 2.069996e+02.
  Coordinate descent sweep 1. norm of D = 1.877449e-01, change in D = 1.877449e-01.
  Coordinate descent sweep 2. norm of D = 2.460159e-01, change in D = 1.424869e-01.
  Coordinate descent sweep 3. norm of D = 2.817728e-01, change in D = 9.792521e-02.
  Coordinate descent sweep 4. norm of D = 3.095269e-01, change in D = 7.391540e-02.
    Line search step size chosen: 1.000000e+00.
  Objective value decreased by 2.089421e-04.
Newton iteration 10.
  Active set size = 14635.
  sub-gradient = 5.428051e-02, l1-norm of X = 2.070257e+02.
  Coordinate descent sweep 1. norm of D = 5.464101e-02, change in D = 5.464101e-02.
  Coordinate descent sweep 2. norm of D = 7.263065e-02, change in D = 4.197305e-02.
  Coordinate descent sweep 3. norm of D = 8.416621e-02, change in D = 3.014850e-02.
  Coordinate descent sweep 4. norm of D = 9.121729e-02, change in D = 2.096573e-02.
    Line search step size chosen: 1.000000e+00.
  Objective value decreased by 2.161618e-05.
Newton iteration 11.
  Active set size = 14635.
  sub-gradient = 1.787512e-02, l1-norm of X = 2.070329e+02.
  Coordinate descent sweep 1. norm of D = 1.643960e-02, change in D = 1.643960e-02.
  Coordinate descent sweep 2. norm of D = 2.111179e-02, change in D = 1.235263e-02.
  Coordinate descent sweep 3. norm of D = 2.461456e-02, change in D = 9.530574e-03.
  Coordinate descent sweep 4. norm of D = 2.737184e-02, change in D = 7.272868e-03.
    Line search step size chosen: 1.000000e+00.
  Objective value decreased by 2.004093e-06.
QUIC CPU time: 4137.533 seconds
