[1] "/data/abattle4/prashanthi/recount3/data/blood/all/weighted_covariances/cov_15.rds"
[1] "Data read complete"
Running QUIC version 1.1 in 'default' mode.
Newton iteration 1.
  X is a diagonal matrix.
    Line search step size 1.000000e+00.  Lack of positive definiteness.
    Line search step size 5.000000e-01.  Lack of positive definiteness.
    Line search step size 2.500000e-01.  Lack of positive definiteness.
    Line search step size chosen: 1.250000e-01.
  Objective value decreased by 1.313291e+01.
Newton iteration 2.
  Active set size = 13813.
  sub-gradient = 3.383630e+02, l1-norm of X = 4.430824e+01.
  Coordinate descent sweep 1. norm of D = 2.058143e+02, change in D = 2.058143e+02.
    Line search step size 1.000000e+00.  Lack of positive definiteness.
    Line search step size chosen: 5.000000e-01.
  Objective value decreased by 7.316652e+00.
Newton iteration 3.
  Active set size = 13907.
  sub-gradient = 1.390957e+03, l1-norm of X = 1.147986e+02.
  Coordinate descent sweep 1. norm of D = 7.525057e+01, change in D = 7.525057e+01.
  Coordinate descent sweep 2. norm of D = 8.538883e+01, change in D = 2.519312e+01.
    Line search step size chosen: 1.000000e+00.
  Objective value decreased by 4.843764e+00.
Newton iteration 4.
  Active set size = 12142.
  sub-gradient = 5.037794e+02, l1-norm of X = 1.374787e+02.
  Coordinate descent sweep 1. norm of D = 2.429412e+01, change in D = 2.429412e+01.
  Coordinate descent sweep 2. norm of D = 2.808525e+01, change in D = 1.302206e+01.
    Line search step size chosen: 1.000000e+00.
  Objective value decreased by 1.498499e+00.
Newton iteration 5.
  Active set size = 11912.
  sub-gradient = 2.033618e+02, l1-norm of X = 1.397656e+02.
  Coordinate descent sweep 1. norm of D = 1.357607e+01, change in D = 1.357607e+01.
  Coordinate descent sweep 2. norm of D = 1.498505e+01, change in D = 7.879857e+00.
    Line search step size chosen: 1.000000e+00.
  Objective value decreased by 7.193762e-01.
Newton iteration 6.
  Active set size = 11824.
  sub-gradient = 7.932168e+01, l1-norm of X = 1.401760e+02.
  Coordinate descent sweep 1. norm of D = 7.502198e+00, change in D = 7.502198e+00.
  Coordinate descent sweep 2. norm of D = 8.246110e+00, change in D = 4.423793e+00.
  Coordinate descent sweep 3. norm of D = 8.985882e+00, change in D = 2.526102e+00.
    Line search step size chosen: 1.000000e+00.
  Objective value decreased by 3.596450e-01.
Newton iteration 7.
  Active set size = 11777.
  sub-gradient = 2.614668e+01, l1-norm of X = 1.401494e+02.
  Coordinate descent sweep 1. norm of D = 3.238579e+00, change in D = 3.238579e+00.
  Coordinate descent sweep 2. norm of D = 2.977552e+00, change in D = 2.099999e+00.
  Coordinate descent sweep 3. norm of D = 3.015639e+00, change in D = 1.014589e+00.
    Line search step size chosen: 1.000000e+00.
  Objective value decreased by 1.013335e-01.
Newton iteration 8.
  Active set size = 11766.
  sub-gradient = 6.515043e+00, l1-norm of X = 1.398105e+02.
  Coordinate descent sweep 1. norm of D = 1.225789e+00, change in D = 1.225789e+00.
  Coordinate descent sweep 2. norm of D = 9.758860e-01, change in D = 8.711539e-01.
  Coordinate descent sweep 3. norm of D = 9.832839e-01, change in D = 3.734661e-01.
    Line search step size chosen: 1.000000e+00.
  Objective value decreased by 1.167212e-02.
Newton iteration 9.
  Active set size = 11765.
  sub-gradient = 7.822259e-01, l1-norm of X = 1.395671e+02.
  Coordinate descent sweep 1. norm of D = 2.490787e-01, change in D = 2.490787e-01.
  Coordinate descent sweep 2. norm of D = 2.619880e-01, change in D = 1.408702e-01.
  Coordinate descent sweep 3. norm of D = 2.696629e-01, change in D = 7.591379e-02.
  Coordinate descent sweep 4. norm of D = 2.797706e-01, change in D = 4.200341e-02.
    Line search step size chosen: 1.000000e+00.
  Objective value decreased by 3.342381e-04.
Newton iteration 10.
  Active set size = 11764.
  sub-gradient = 3.437838e-02, l1-norm of X = 1.395425e+02.
  Coordinate descent sweep 1. norm of D = 2.443464e-02, change in D = 2.443464e-02.
  Coordinate descent sweep 2. norm of D = 2.987020e-02, change in D = 1.481596e-02.
  Coordinate descent sweep 3. norm of D = 3.333940e-02, change in D = 1.022181e-02.
  Coordinate descent sweep 4. norm of D = 3.585156e-02, change in D = 7.032823e-03.
    Line search step size chosen: 1.000000e+00.
  Objective value decreased by 2.825449e-06.
Newton iteration 11.
  Active set size = 11764.
  sub-gradient = 6.278932e-03, l1-norm of X = 1.395442e+02.
  Coordinate descent sweep 1. norm of D = 4.930950e-03, change in D = 4.930950e-03.
  Coordinate descent sweep 2. norm of D = 5.981811e-03, change in D = 3.495388e-03.
  Coordinate descent sweep 3. norm of D = 6.979475e-03, change in D = 2.659485e-03.
  Coordinate descent sweep 4. norm of D = 7.578316e-03, change in D = 1.914843e-03.
    Line search step size chosen: 1.000000e+00.
  Objective value decreased by 1.972312e-07.
QUIC CPU time: 3801.601 seconds
