[1] "/data/abattle4/prashanthi/recount3/data/blood/all/weighted_covariances/cov_15.rds"
[1] "Data read complete"
Running QUIC version 1.1 in 'default' mode.
Newton iteration 1.
  X is a diagonal matrix.
    Line search step size 1.000000e+00.  Lack of positive definiteness.
    Line search step size chosen: 5.000000e-01.
  Objective value decreased by 1.251672e+00.
Newton iteration 2.
  Active set size = 8175.
  sub-gradient = 2.164144e+01, l1-norm of X = 1.298536e+01.
  Coordinate descent sweep 1. norm of D = 6.563591e+00, change in D = 6.563591e+00.
    Line search step size chosen: 1.000000e+00.
  Objective value decreased by 2.929434e-01.
Newton iteration 3.
  Active set size = 8131.
  sub-gradient = 5.488616e+00, l1-norm of X = 1.605969e+01.
  Coordinate descent sweep 1. norm of D = 2.665999e+00, change in D = 2.665999e+00.
  Coordinate descent sweep 2. norm of D = 2.809084e+00, change in D = 1.114925e+00.
    Line search step size chosen: 1.000000e+00.
  Objective value decreased by 6.863732e-02.
Newton iteration 4.
  Active set size = 8121.
  sub-gradient = 1.024486e+00, l1-norm of X = 1.600133e+01.
  Coordinate descent sweep 1. norm of D = 6.002198e-01, change in D = 6.002198e-01.
  Coordinate descent sweep 2. norm of D = 6.597060e-01, change in D = 3.564365e-01.
    Line search step size chosen: 1.000000e+00.
  Objective value decreased by 5.916460e-03.
Newton iteration 5.
  Active set size = 8119.
  sub-gradient = 1.544600e-01, l1-norm of X = 1.601874e+01.
  Coordinate descent sweep 1. norm of D = 1.526954e-01, change in D = 1.526954e-01.
  Coordinate descent sweep 2. norm of D = 1.747427e-01, change in D = 6.560589e-02.
    Line search step size chosen: 1.000000e+00.
  Objective value decreased by 3.331433e-04.
Newton iteration 6.
  Active set size = 8120.
  sub-gradient = 2.680895e-02, l1-norm of X = 1.602626e+01.
  Coordinate descent sweep 1. norm of D = 2.687654e-02, change in D = 2.687654e-02.
  Coordinate descent sweep 2. norm of D = 3.026351e-02, change in D = 1.079496e-02.
  Coordinate descent sweep 3. norm of D = 3.215488e-02, change in D = 4.496669e-03.
    Line search step size chosen: 1.000000e+00.
  Objective value decreased by 1.000331e-05.
Newton iteration 7.
  Active set size = 8120.
  sub-gradient = 1.681622e-03, l1-norm of X = 1.602994e+01.
  Coordinate descent sweep 1. norm of D = 1.723626e-03, change in D = 1.723626e-03.
  Coordinate descent sweep 2. norm of D = 2.014007e-03, change in D = 6.555303e-04.
  Coordinate descent sweep 3. norm of D = 2.137963e-03, change in D = 2.616630e-04.
    Line search step size chosen: 1.000000e+00.
  Objective value decreased by 4.472076e-08.
Newton iteration 8.
  Active set size = 8120.
  sub-gradient = 1.145077e-04, l1-norm of X = 1.602999e+01.
  Coordinate descent sweep 1. norm of D = 1.032979e-04, change in D = 1.032979e-04.
  Coordinate descent sweep 2. norm of D = 1.153673e-04, change in D = 3.999161e-05.
  Coordinate descent sweep 3. norm of D = 1.236290e-04, change in D = 1.627798e-05.
    Line search step size chosen: 1.000000e+00.
  Objective value decreased by 1.464286e-10.
QUIC CPU time: 2738.130 seconds
