[1] "/data/abattle4/prashanthi/recount3/data/stomach/all/weighted_covariances/cov_4.rds"
[1] "Data read complete"
Running QUIC version 1.1 in 'default' mode.
Newton iteration 1.
  X is a diagonal matrix.
    Line search step size 1.000000e+00.  Lack of positive definiteness.
    Line search step size 5.000000e-01.  Lack of positive definiteness.
    Line search step size 2.500000e-01.  Lack of positive definiteness.
    Line search step size 1.250000e-01.  Lack of positive definiteness.
    Line search step size 6.250000e-02.  Lack of positive definiteness.
    Line search step size chosen: 3.125000e-02.
  Objective value decreased by 1.992585e+02.
Newton iteration 2.
  Active set size = 845096.
  sub-gradient = 2.997032e+04, l1-norm of X = 3.111811e+02.
  Coordinate descent sweep 1. norm of D = 2.594916e+04, change in D = 2.594916e+04.
    Line search step size 1.000000e+00.  Lack of positive definiteness.
    Line search step size 5.000000e-01.  Lack of positive definiteness.
    Line search step size 2.500000e-01.  Lack of positive definiteness.
    Line search step size 1.250000e-01.  Lack of positive definiteness.
    Line search step size chosen: 6.250000e-02.
  Objective value decreased by 2.796163e+02.
Newton iteration 3.
  Active set size = 845179.
  sub-gradient = 2.696533e+04, l1-norm of X = 8.249887e+02.
  Coordinate descent sweep 1. norm of D = 1.829173e+04, change in D = 1.829173e+04.
  Coordinate descent sweep 2. norm of D = 1.645333e+04, change in D = 3.201545e+03.
    Line search step size 1.000000e+00.  Lack of positive definiteness.
    Line search step size 5.000000e-01.  Lack of positive definiteness.
    Line search step size 2.500000e-01.  Lack of positive definiteness.
    Line search step size chosen: 1.250000e-01.
  Objective value decreased by 2.671010e+02.
Newton iteration 4.
  Active set size = 845578.
  sub-gradient = 2.199162e+04, l1-norm of X = 1.432223e+03.
  Coordinate descent sweep 1. norm of D = 1.141347e+04, change in D = 1.141347e+04.
  Coordinate descent sweep 2. norm of D = 1.055678e+04, change in D = 2.770879e+03.
    Line search step size 1.000000e+00.  Lack of positive definiteness.
    Line search step size 5.000000e-01.  Lack of positive definiteness.
    Line search step size 2.500000e-01.  Lack of positive definiteness.
    Line search step size chosen: 1.250000e-01.
  Objective value decreased by 1.368630e+02.
Newton iteration 5.
  Active set size = 846240.
  sub-gradient = 1.843724e+04, l1-norm of X = 1.760460e+03.
  Coordinate descent sweep 1. norm of D = 8.426929e+03, change in D = 8.426929e+03.
  Coordinate descent sweep 2. norm of D = 8.170190e+03, change in D = 2.217868e+03.
    Line search step size 1.000000e+00.  Lack of positive definiteness.
    Line search step size 5.000000e-01.  Lack of positive definiteness.
    Line search step size chosen: 2.500000e-01.
  Objective value decreased by 1.627994e+02.
Newton iteration 6.
  Active set size = 850976.
  sub-gradient = 1.375171e+04, l1-norm of X = 2.186570e+03.
  Coordinate descent sweep 1. norm of D = 5.246961e+03, change in D = 5.246961e+03.
  Coordinate descent sweep 2. norm of D = 5.578371e+03, change in D = 1.516987e+03.
  Coordinate descent sweep 3. norm of D = 5.806715e+03, change in D = 5.624871e+02.
    Line search step size 1.000000e+00.  Lack of positive definiteness.
    Line search step size chosen: 5.000000e-01.
  Objective value decreased by 1.455272e+02.
Newton iteration 7.
  Active set size = 852934.
  sub-gradient = 1.523692e+04, l1-norm of X = 2.608514e+03.
  Coordinate descent sweep 1. norm of D = 2.536636e+03, change in D = 2.536636e+03.
  Coordinate descent sweep 2. norm of D = 2.985578e+03, change in D = 9.572432e+02.
  Coordinate descent sweep 3. norm of D = 3.201979e+03, change in D = 5.009874e+02.
    Line search step size chosen: 1.000000e+00.
  Objective value decreased by 7.926067e+01.
Newton iteration 8.
  Active set size = 379527.
  sub-gradient = 1.329958e+03, l1-norm of X = 2.922980e+03.
  Coordinate descent sweep 1. norm of D = 4.402539e+02, change in D = 4.402539e+02.
  Coordinate descent sweep 2. norm of D = 5.513212e+02, change in D = 3.061926e+02.
  Coordinate descent sweep 3. norm of D = 6.250456e+02, change in D = 2.037263e+02.
    Line search step size chosen: 1.000000e+00.
  Objective value decreased by 9.155539e+00.
Newton iteration 9.
  Active set size = 369714.
  sub-gradient = 2.593976e+02, l1-norm of X = 2.963790e+03.
  Coordinate descent sweep 1. norm of D = 1.618706e+02, change in D = 1.618706e+02.
  Coordinate descent sweep 2. norm of D = 2.030661e+02, change in D = 1.263797e+02.
  Coordinate descent sweep 3. norm of D = 2.328485e+02, change in D = 9.923245e+01.
  Coordinate descent sweep 4. norm of D = 2.549817e+02, change in D = 7.935447e+01.
    Line search step size chosen: 1.000000e+00.
  Objective value decreased by 3.273747e+00.
Newton iteration 10.
  Active set size = 367956.
  sub-gradient = 7.639617e+01, l1-norm of X = 2.978557e+03.
  Coordinate descent sweep 1. norm of D = 6.803430e+01, change in D = 6.803430e+01.
  Coordinate descent sweep 2. norm of D = 8.666906e+01, change in D = 5.894948e+01.
  Coordinate descent sweep 3. norm of D = 9.955076e+01, change in D = 5.031390e+01.
  Coordinate descent sweep 4. norm of D = 1.096398e+02, change in D = 4.279343e+01.
    Line search step size chosen: 1.000000e+00.
  Objective value decreased by 1.079818e+00.
Newton iteration 11.
  Active set size = 367384.
  sub-gradient = 4.135405e+01, l1-norm of X = 2.983895e+03.
  Coordinate descent sweep 1. norm of D = 3.805668e+01, change in D = 3.805668e+01.
  Coordinate descent sweep 2. norm of D = 4.782476e+01, change in D = 3.304207e+01.
  Coordinate descent sweep 3. norm of D = 5.492537e+01, change in D = 2.933228e+01.
  Coordinate descent sweep 4. norm of D = 6.084753e+01, change in D = 2.595416e+01.
    Line search step size chosen: 1.000000e+00.
  Objective value decreased by 4.631355e-01.
Newton iteration 12.
  Active set size = 367038.
  sub-gradient = 2.552738e+01, l1-norm of X = 2.986559e+03.
  Coordinate descent sweep 1. norm of D = 2.351393e+01, change in D = 2.351393e+01.
  Coordinate descent sweep 2. norm of D = 2.968631e+01, change in D = 2.114644e+01.
  Coordinate descent sweep 3. norm of D = 3.388490e+01, change in D = 1.865264e+01.
  Coordinate descent sweep 4. norm of D = 3.742801e+01, change in D = 1.702787e+01.
  Coordinate descent sweep 5. norm of D = 4.066268e+01, change in D = 1.544511e+01.
    Line search step size chosen: 1.000000e+00.
  Objective value decreased by 2.615909e-01.
Newton iteration 13.
  Active set size = 366925.
  sub-gradient = 1.633759e+01, l1-norm of X = 2.988386e+03.
  Coordinate descent sweep 1. norm of D = 1.393939e+01, change in D = 1.393939e+01.
  Coordinate descent sweep 2. norm of D = 1.767385e+01, change in D = 1.278557e+01.
  Coordinate descent sweep 3. norm of D = 2.029330e+01, change in D = 1.179528e+01.
  Coordinate descent sweep 4. norm of D = 2.227903e+01, change in D = 1.051073e+01.
  Coordinate descent sweep 5. norm of D = 2.416150e+01, change in D = 9.549847e+00.
    Line search step size chosen: 1.000000e+00.
  Objective value decreased by 1.215813e-01.
Newton iteration 14.
  Active set size = 366770.
  sub-gradient = 1.004650e+01, l1-norm of X = 2.989400e+03.
  Coordinate descent sweep 1. norm of D = 9.086311e+00, change in D = 9.086311e+00.
  Coordinate descent sweep 2. norm of D = 1.146009e+01, change in D = 8.587846e+00.
  Coordinate descent sweep 3. norm of D = 1.302052e+01, change in D = 7.951285e+00.
  Coordinate descent sweep 4. norm of D = 1.441934e+01, change in D = 7.200734e+00.
  Coordinate descent sweep 5. norm of D = 1.559188e+01, change in D = 6.864065e+00.
    Line search step size chosen: 1.000000e+00.
  Objective value decreased by 6.192541e-02.
Newton iteration 15.
  Active set size = 366705.
  sub-gradient = 8.170133e+00, l1-norm of X = 2.990047e+03.
  Coordinate descent sweep 1. norm of D = 6.338969e+00, change in D = 6.338969e+00.
  Coordinate descent sweep 2. norm of D = 7.879223e+00, change in D = 5.805551e+00.
  Coordinate descent sweep 3. norm of D = 9.108657e+00, change in D = 5.388100e+00.
  Coordinate descent sweep 4. norm of D = 1.009486e+01, change in D = 5.058537e+00.
  Coordinate descent sweep 5. norm of D = 1.081555e+01, change in D = 4.715078e+00.
  Coordinate descent sweep 6. norm of D = 1.167574e+01, change in D = 4.461254e+00.
    Line search step size chosen: 1.000000e+00.
  Objective value decreased by 4.072429e-02.
Newton iteration 16.
  Active set size = 366687.
  sub-gradient = 4.165286e+00, l1-norm of X = 2.990534e+03.
  Coordinate descent sweep 1. norm of D = 4.100353e+00, change in D = 4.100353e+00.
  Coordinate descent sweep 2. norm of D = 5.154566e+00, change in D = 3.879414e+00.
  Coordinate descent sweep 3. norm of D = 5.898532e+00, change in D = 3.615676e+00.
  Coordinate descent sweep 4. norm of D = 6.452031e+00, change in D = 3.293499e+00.
  Coordinate descent sweep 5. norm of D = 7.035144e+00, change in D = 3.093379e+00.
  Coordinate descent sweep 6. norm of D = 7.525991e+00, change in D = 3.025278e+00.
    Line search step size chosen: 1.000000e+00.
  Objective value decreased by 2.058362e-02.
Newton iteration 17.
  Active set size = 366658.
  sub-gradient = 2.877418e+00, l1-norm of X = 2.990857e+03.
  Coordinate descent sweep 1. norm of D = 2.801619e+00, change in D = 2.801619e+00.
  Coordinate descent sweep 2. norm of D = 3.618426e+00, change in D = 2.724864e+00.
  Coordinate descent sweep 3. norm of D = 4.082962e+00, change in D = 2.560982e+00.
  Coordinate descent sweep 4. norm of D = 4.485114e+00, change in D = 2.444763e+00.
  Coordinate descent sweep 5. norm of D = 4.871801e+00, change in D = 2.298518e+00.
  Coordinate descent sweep 6. norm of D = 5.182561e+00, change in D = 2.182293e+00.
    Line search step size chosen: 1.000000e+00.
  Objective value decreased by 1.142368e-02.
Newton iteration 18.
  Active set size = 366653.
  sub-gradient = 1.974837e+00, l1-norm of X = 2.991066e+03.
  Coordinate descent sweep 1. norm of D = 2.080396e+00, change in D = 2.080396e+00.
  Coordinate descent sweep 2. norm of D = 2.567394e+00, change in D = 1.941160e+00.
  Coordinate descent sweep 3. norm of D = 2.977064e+00, change in D = 1.915331e+00.
  Coordinate descent sweep 4. norm of D = 3.223660e+00, change in D = 1.730253e+00.
  Coordinate descent sweep 5. norm of D = 3.507843e+00, change in D = 1.603124e+00.
  Coordinate descent sweep 6. norm of D = 3.742355e+00, change in D = 1.536687e+00.
  Coordinate descent sweep 7. norm of D = 3.951149e+00, change in D = 1.453554e+00.
    Line search step size chosen: 1.000000e+00.
  Objective value decreased by 7.788504e-03.
Newton iteration 19.
  Active set size = 366649.
  sub-gradient = 1.672523e+00, l1-norm of X = 2.991238e+03.
  Coordinate descent sweep 1. norm of D = 1.351160e+00, change in D = 1.351160e+00.
  Coordinate descent sweep 2. norm of D = 1.685032e+00, change in D = 1.292276e+00.
  Coordinate descent sweep 3. norm of D = 1.941439e+00, change in D = 1.212439e+00.
  Coordinate descent sweep 4. norm of D = 2.138893e+00, change in D = 1.188317e+00.
  Coordinate descent sweep 5. norm of D = 2.310141e+00, change in D = 1.126780e+00.
  Coordinate descent sweep 6. norm of D = 2.462486e+00, change in D = 1.044394e+00.
  Coordinate descent sweep 7. norm of D = 2.633874e+00, change in D = 1.057964e+00.
    Line search step size chosen: 1.000000e+00.
  Objective value decreased by 4.156902e-03.
Newton iteration 20.
  Active set size = 366636.
  sub-gradient = 1.017596e+00, l1-norm of X = 2.991343e+03.
  Coordinate descent sweep 1. norm of D = 9.673294e-01, change in D = 9.673294e-01.
  Coordinate descent sweep 2. norm of D = 1.251460e+00, change in D = 9.367838e-01.
  Coordinate descent sweep 3. norm of D = 1.409010e+00, change in D = 9.032954e-01.
  Coordinate descent sweep 4. norm of D = 1.544371e+00, change in D = 8.351942e-01.
  Coordinate descent sweep 5. norm of D = 1.704223e+00, change in D = 8.503169e-01.
  Coordinate descent sweep 6. norm of D = 1.817929e+00, change in D = 8.084560e-01.
  Coordinate descent sweep 7. norm of D = 1.927976e+00, change in D = 7.743994e-01.
    Line search step size chosen: 1.000000e+00.
  Objective value decreased by 2.494634e-03.
Newton iteration 21.
  Active set size = 366632.
  sub-gradient = 7.980596e-01, l1-norm of X = 2.991428e+03.
  Coordinate descent sweep 1. norm of D = 7.168504e-01, change in D = 7.168504e-01.
  Coordinate descent sweep 2. norm of D = 8.943971e-01, change in D = 6.863395e-01.
  Coordinate descent sweep 3. norm of D = 1.026831e+00, change in D = 6.666207e-01.
  Coordinate descent sweep 4. norm of D = 1.112379e+00, change in D = 6.160128e-01.
  Coordinate descent sweep 5. norm of D = 1.195422e+00, change in D = 5.525491e-01.
  Coordinate descent sweep 6. norm of D = 1.293326e+00, change in D = 5.582072e-01.
  Coordinate descent sweep 7. norm of D = 1.370391e+00, change in D = 5.589509e-01.
  Coordinate descent sweep 8. norm of D = 1.454439e+00, change in D = 5.311428e-01.
    Line search step size chosen: 1.000000e+00.
  Objective value decreased by 1.657782e-03.
Newton iteration 22.
  Active set size = 366629.
  sub-gradient = 7.215862e-01, l1-norm of X = 2.991491e+03.
  Coordinate descent sweep 1. norm of D = 4.924916e-01, change in D = 4.924916e-01.
  Coordinate descent sweep 2. norm of D = 6.252530e-01, change in D = 4.873529e-01.
  Coordinate descent sweep 3. norm of D = 6.957339e-01, change in D = 4.568573e-01.
  Coordinate descent sweep 4. norm of D = 7.854440e-01, change in D = 4.569665e-01.
  Coordinate descent sweep 5. norm of D = 8.321128e-01, change in D = 4.035899e-01.
  Coordinate descent sweep 6. norm of D = 9.069136e-01, change in D = 4.043562e-01.
  Coordinate descent sweep 7. norm of D = 9.624204e-01, change in D = 4.008253e-01.
  Coordinate descent sweep 8. norm of D = 1.011809e+00, change in D = 3.795363e-01.
    Line search step size chosen: 1.000000e+00.
  Objective value decreased by 9.100594e-04.
Newton iteration 23.
  Active set size = 366629.
  sub-gradient = 4.374204e-01, l1-norm of X = 2.991534e+03.
  Coordinate descent sweep 1. norm of D = 3.869875e-01, change in D = 3.869875e-01.
  Coordinate descent sweep 2. norm of D = 4.524939e-01, change in D = 3.504803e-01.
  Coordinate descent sweep 3. norm of D = 5.169423e-01, change in D = 3.292508e-01.
  Coordinate descent sweep 4. norm of D = 5.773677e-01, change in D = 3.330009e-01.
  Coordinate descent sweep 5. norm of D = 6.139383e-01, change in D = 3.220072e-01.
  Coordinate descent sweep 6. norm of D = 6.532510e-01, change in D = 2.977017e-01.
  Coordinate descent sweep 7. norm of D = 6.916785e-01, change in D = 2.852331e-01.
  Coordinate descent sweep 8. norm of D = 7.267446e-01, change in D = 2.749717e-01.
    Line search step size chosen: 1.000000e+00.
  Objective value decreased by 5.346028e-04.
Newton iteration 24.
  Active set size = 366635.
  sub-gradient = 4.089890e-01, l1-norm of X = 2.991566e+03.
  Coordinate descent sweep 1. norm of D = 2.795987e-01, change in D = 2.795987e-01.
  Coordinate descent sweep 2. norm of D = 3.351102e-01, change in D = 2.567780e-01.
  Coordinate descent sweep 3. norm of D = 3.796650e-01, change in D = 2.336937e-01.
  Coordinate descent sweep 4. norm of D = 4.205476e-01, change in D = 2.369255e-01.
  Coordinate descent sweep 5. norm of D = 4.462177e-01, change in D = 2.189174e-01.
  Coordinate descent sweep 6. norm of D = 4.825950e-01, change in D = 2.122924e-01.
  Coordinate descent sweep 7. norm of D = 5.121927e-01, change in D = 2.069867e-01.
  Coordinate descent sweep 8. norm of D = 5.406815e-01, change in D = 2.015745e-01.
  Coordinate descent sweep 9. norm of D = 5.698241e-01, change in D = 1.995527e-01.
    Line search step size chosen: 1.000000e+00.
  Objective value decreased by 3.363066e-04.
Newton iteration 25.
  Active set size = 366627.
  sub-gradient = 1.758264e-01, l1-norm of X = 2.991594e+03.
  Coordinate descent sweep 1. norm of D = 1.912972e-01, change in D = 1.912972e-01.
  Coordinate descent sweep 2. norm of D = 2.313823e-01, change in D = 1.863170e-01.
  Coordinate descent sweep 3. norm of D = 2.695627e-01, change in D = 1.841068e-01.
  Coordinate descent sweep 4. norm of D = 2.885026e-01, change in D = 1.705518e-01.
  Coordinate descent sweep 5. norm of D = 3.053441e-01, change in D = 1.547225e-01.
  Coordinate descent sweep 6. norm of D = 3.251388e-01, change in D = 1.474473e-01.
  Coordinate descent sweep 7. norm of D = 3.480539e-01, change in D = 1.537250e-01.
  Coordinate descent sweep 8. norm of D = 3.621305e-01, change in D = 1.410123e-01.
  Coordinate descent sweep 9. norm of D = 3.793771e-01, change in D = 1.306890e-01.
    Line search step size chosen: 1.000000e+00.
  Objective value decreased by 1.706506e-04.
QUIC CPU time: 43843.197 seconds
