[1] "/work-zfs/abattle4/prashanthi/recount3/data/stomach/all/weighted_covariances/cov_4.rds"
[1] "Data read complete"
Running QUIC version 1.1 in 'default' mode.
Newton iteration 1.
  X is a diagonal matrix.
    Line search step size 1.000000e+00.  Lack of positive definiteness.
    Line search step size 5.000000e-01.  Lack of positive definiteness.
    Line search step size 2.500000e-01.  Lack of positive definiteness.
    Line search step size 1.250000e-01.  Lack of positive definiteness.
    Line search step size chosen: 6.250000e-02.
  Objective value decreased by 4.867460e+01.
Newton iteration 2.
  Active set size = 34255.
  sub-gradient = 1.948260e+03, l1-norm of X = 8.580987e+01.
  Coordinate descent sweep 1. norm of D = 1.512155e+03, change in D = 1.512155e+03.
    Line search step size 1.000000e+00.  Lack of positive definiteness.
    Line search step size 5.000000e-01.  Lack of positive definiteness.
    Line search step size 2.500000e-01.  Lack of positive definiteness.
    Line search step size chosen: 1.250000e-01.
  Objective value decreased by 5.334903e+01.
Newton iteration 3.
  Active set size = 34255.
  sub-gradient = 1.548760e+03, l1-norm of X = 2.009982e+02.
  Coordinate descent sweep 1. norm of D = 9.955134e+02, change in D = 9.955134e+02.
  Coordinate descent sweep 2. norm of D = 9.535622e+02, change in D = 2.255797e+02.
    Line search step size 1.000000e+00.  Lack of positive definiteness.
    Line search step size chosen: 5.000000e-01.
  Objective value decreased by 7.161167e+01.
Newton iteration 4.
  Active set size = 34280.
  sub-gradient = 8.717439e+02, l1-norm of X = 4.360802e+02.
  Coordinate descent sweep 1. norm of D = 4.006575e+02, change in D = 4.006575e+02.
  Coordinate descent sweep 2. norm of D = 4.807066e+02, change in D = 1.359345e+02.
    Line search step size chosen: 1.000000e+00.
  Objective value decreased by 2.358785e+01.
Newton iteration 5.
  Active set size = 26976.
  sub-gradient = 1.363301e+02, l1-norm of X = 5.636529e+02.
  Coordinate descent sweep 1. norm of D = 1.048201e+02, change in D = 1.048201e+02.
  Coordinate descent sweep 2. norm of D = 1.403377e+02, change in D = 5.916585e+01.
    Line search step size chosen: 1.000000e+00.
  Objective value decreased by 3.526804e+00.
Newton iteration 6.
  Active set size = 26386.
  sub-gradient = 4.798765e+01, l1-norm of X = 5.831688e+02.
  Coordinate descent sweep 1. norm of D = 4.163070e+01, change in D = 4.163070e+01.
  Coordinate descent sweep 2. norm of D = 5.693843e+01, change in D = 2.803374e+01.
  Coordinate descent sweep 3. norm of D = 6.671438e+01, change in D = 1.890754e+01.
    Line search step size chosen: 1.000000e+00.
  Objective value decreased by 1.096548e+00.
Newton iteration 7.
  Active set size = 26145.
  sub-gradient = 1.578853e+01, l1-norm of X = 5.923810e+02.
  Coordinate descent sweep 1. norm of D = 1.443362e+01, change in D = 1.443362e+01.
  Coordinate descent sweep 2. norm of D = 2.039957e+01, change in D = 1.080471e+01.
  Coordinate descent sweep 3. norm of D = 2.438973e+01, change in D = 7.795462e+00.
    Line search step size chosen: 1.000000e+00.
  Objective value decreased by 2.198249e-01.
Newton iteration 8.
  Active set size = 26069.
  sub-gradient = 6.711949e+00, l1-norm of X = 5.953489e+02.
  Coordinate descent sweep 1. norm of D = 6.123343e+00, change in D = 6.123343e+00.
  Coordinate descent sweep 2. norm of D = 8.678419e+00, change in D = 4.734441e+00.
  Coordinate descent sweep 3. norm of D = 1.048119e+01, change in D = 3.585489e+00.
    Line search step size chosen: 1.000000e+00.
  Objective value decreased by 5.623360e-02.
Newton iteration 9.
  Active set size = 26055.
  sub-gradient = 3.584656e+00, l1-norm of X = 5.965109e+02.
  Coordinate descent sweep 1. norm of D = 2.896264e+00, change in D = 2.896264e+00.
  Coordinate descent sweep 2. norm of D = 4.084785e+00, change in D = 2.327397e+00.
  Coordinate descent sweep 3. norm of D = 4.982651e+00, change in D = 1.874765e+00.
  Coordinate descent sweep 4. norm of D = 5.650904e+00, change in D = 1.491241e+00.
    Line search step size chosen: 1.000000e+00.
  Objective value decreased by 2.044228e-02.
Newton iteration 10.
  Active set size = 26045.
  sub-gradient = 1.209502e+00, l1-norm of X = 5.971338e+02.
  Coordinate descent sweep 1. norm of D = 1.214754e+00, change in D = 1.214754e+00.
  Coordinate descent sweep 2. norm of D = 1.706450e+00, change in D = 9.918434e-01.
  Coordinate descent sweep 3. norm of D = 2.090190e+00, change in D = 8.062903e-01.
  Coordinate descent sweep 4. norm of D = 2.380937e+00, change in D = 6.581862e-01.
    Line search step size chosen: 1.000000e+00.
  Objective value decreased by 5.119967e-03.
Newton iteration 11.
  Active set size = 26042.
  sub-gradient = 5.321379e-01, l1-norm of X = 5.974023e+02.
  Coordinate descent sweep 1. norm of D = 5.472603e-01, change in D = 5.472603e-01.
  Coordinate descent sweep 2. norm of D = 7.732387e-01, change in D = 4.464716e-01.
  Coordinate descent sweep 3. norm of D = 9.487734e-01, change in D = 3.683618e-01.
  Coordinate descent sweep 4. norm of D = 1.096618e+00, change in D = 3.203007e-01.
    Line search step size chosen: 1.000000e+00.
  Objective value decreased by 1.423769e-03.
Newton iteration 12.
  Active set size = 26039.
  sub-gradient = 2.823516e-01, l1-norm of X = 5.975157e+02.
  Coordinate descent sweep 1. norm of D = 2.690368e-01, change in D = 2.690368e-01.
  Coordinate descent sweep 2. norm of D = 3.924765e-01, change in D = 2.210748e-01.
  Coordinate descent sweep 3. norm of D = 4.801890e-01, change in D = 1.941544e-01.
  Coordinate descent sweep 4. norm of D = 5.465588e-01, change in D = 1.632329e-01.
  Coordinate descent sweep 5. norm of D = 6.096622e-01, change in D = 1.402837e-01.
    Line search step size chosen: 1.000000e+00.
  Objective value decreased by 4.982135e-04.
Newton iteration 13.
  Active set size = 26038.
  sub-gradient = 1.230491e-01, l1-norm of X = 5.975846e+02.
  Coordinate descent sweep 1. norm of D = 1.186434e-01, change in D = 1.186434e-01.
  Coordinate descent sweep 2. norm of D = 1.706035e-01, change in D = 9.598323e-02.
  Coordinate descent sweep 3. norm of D = 2.098725e-01, change in D = 8.404509e-02.
  Coordinate descent sweep 4. norm of D = 2.395879e-01, change in D = 6.688577e-02.
  Coordinate descent sweep 5. norm of D = 2.611069e-01, change in D = 5.952812e-02.
    Line search step size chosen: 1.000000e+00.
  Objective value decreased by 1.203795e-04.
Newton iteration 14.
  Active set size = 26038.
  sub-gradient = 5.347392e-02, l1-norm of X = 5.976131e+02.
  Coordinate descent sweep 1. norm of D = 4.983655e-02, change in D = 4.983655e-02.
  Coordinate descent sweep 2. norm of D = 7.115810e-02, change in D = 4.429754e-02.
  Coordinate descent sweep 3. norm of D = 8.733425e-02, change in D = 3.723901e-02.
  Coordinate descent sweep 4. norm of D = 9.997684e-02, change in D = 3.536452e-02.
  Coordinate descent sweep 5. norm of D = 1.112520e-01, change in D = 2.842591e-02.
    Line search step size chosen: 1.000000e+00.
  Objective value decreased by 2.976049e-05.
QUIC CPU time: 6367.930 seconds
