[1] "/work-zfs/abattle4/prashanthi/recount3/data/stomach/all/weighted_covariances/cov_4.rds"
[1] "Data read complete"
Running QUIC version 1.1 in 'default' mode.
Newton iteration 1.
  X is a diagonal matrix.
    Line search step size 1.000000e+00.  Lack of positive definiteness.
    Line search step size 5.000000e-01.  Lack of positive definiteness.
    Line search step size 2.500000e-01.  Lack of positive definiteness.
    Line search step size 1.250000e-01.  Lack of positive definiteness.
    Line search step size chosen: 6.250000e-02.
  Objective value decreased by 3.949855e+01.
Newton iteration 2.
  Active set size = 28594.
  sub-gradient = 1.571212e+03, l1-norm of X = 7.314513e+01.
  Coordinate descent sweep 1. norm of D = 1.231175e+03, change in D = 1.231175e+03.
    Line search step size 1.000000e+00.  Lack of positive definiteness.
    Line search step size 5.000000e-01.  Lack of positive definiteness.
    Line search step size 2.500000e-01.  Lack of positive definiteness.
    Line search step size chosen: 1.250000e-01.
  Objective value decreased by 4.458718e+01.
Newton iteration 3.
  Active set size = 28594.
  sub-gradient = 1.248157e+03, l1-norm of X = 1.730508e+02.
  Coordinate descent sweep 1. norm of D = 8.190262e+02, change in D = 8.190262e+02.
  Coordinate descent sweep 2. norm of D = 7.852881e+02, change in D = 1.825336e+02.
    Line search step size 1.000000e+00.  Lack of positive definiteness.
    Line search step size chosen: 5.000000e-01.
  Objective value decreased by 6.075368e+01.
Newton iteration 4.
  Active set size = 28596.
  sub-gradient = 6.091947e+02, l1-norm of X = 3.797625e+02.
  Coordinate descent sweep 1. norm of D = 3.301397e+02, change in D = 3.301397e+02.
  Coordinate descent sweep 2. norm of D = 3.980243e+02, change in D = 1.130704e+02.
    Line search step size chosen: 1.000000e+00.
  Objective value decreased by 1.968986e+01.
Newton iteration 5.
  Active set size = 23282.
  sub-gradient = 9.531779e+01, l1-norm of X = 4.926889e+02.
  Coordinate descent sweep 1. norm of D = 8.550383e+01, change in D = 8.550383e+01.
  Coordinate descent sweep 2. norm of D = 1.143357e+02, change in D = 4.685359e+01.
    Line search step size chosen: 1.000000e+00.
  Objective value decreased by 2.765635e+00.
Newton iteration 6.
  Active set size = 22858.
  sub-gradient = 3.518035e+01, l1-norm of X = 5.098045e+02.
  Coordinate descent sweep 1. norm of D = 3.296665e+01, change in D = 3.296665e+01.
  Coordinate descent sweep 2. norm of D = 4.537321e+01, change in D = 2.147999e+01.
  Coordinate descent sweep 3. norm of D = 5.334367e+01, change in D = 1.421861e+01.
    Line search step size chosen: 1.000000e+00.
  Objective value decreased by 7.882823e-01.
Newton iteration 7.
  Active set size = 22658.
  sub-gradient = 1.227925e+01, l1-norm of X = 5.175511e+02.
  Coordinate descent sweep 1. norm of D = 1.087440e+01, change in D = 1.087440e+01.
  Coordinate descent sweep 2. norm of D = 1.518593e+01, change in D = 7.876635e+00.
  Coordinate descent sweep 3. norm of D = 1.821213e+01, change in D = 5.734994e+00.
    Line search step size chosen: 1.000000e+00.
  Objective value decreased by 1.443392e-01.
Newton iteration 8.
  Active set size = 22606.
  sub-gradient = 4.332398e+00, l1-norm of X = 5.199369e+02.
  Coordinate descent sweep 1. norm of D = 4.378376e+00, change in D = 4.378376e+00.
  Coordinate descent sweep 2. norm of D = 6.205971e+00, change in D = 3.273362e+00.
  Coordinate descent sweep 3. norm of D = 7.488069e+00, change in D = 2.520875e+00.
    Line search step size chosen: 1.000000e+00.
  Objective value decreased by 3.315297e-02.
Newton iteration 9.
  Active set size = 22585.
  sub-gradient = 2.076810e+00, l1-norm of X = 5.208474e+02.
  Coordinate descent sweep 1. norm of D = 1.955852e+00, change in D = 1.955852e+00.
  Coordinate descent sweep 2. norm of D = 2.792209e+00, change in D = 1.554436e+00.
  Coordinate descent sweep 3. norm of D = 3.348660e+00, change in D = 1.161689e+00.
  Coordinate descent sweep 4. norm of D = 3.814932e+00, change in D = 9.406828e-01.
    Line search step size chosen: 1.000000e+00.
  Objective value decreased by 1.008198e-02.
Newton iteration 10.
  Active set size = 22580.
  sub-gradient = 1.011738e+00, l1-norm of X = 5.213055e+02.
  Coordinate descent sweep 1. norm of D = 7.551920e-01, change in D = 7.551920e-01.
  Coordinate descent sweep 2. norm of D = 1.066943e+00, change in D = 5.937140e-01.
  Coordinate descent sweep 3. norm of D = 1.314140e+00, change in D = 4.857266e-01.
  Coordinate descent sweep 4. norm of D = 1.491149e+00, change in D = 3.850266e-01.
    Line search step size chosen: 1.000000e+00.
  Objective value decreased by 2.173775e-03.
Newton iteration 11.
  Active set size = 22574.
  sub-gradient = 3.071974e-01, l1-norm of X = 5.214831e+02.
  Coordinate descent sweep 1. norm of D = 3.031287e-01, change in D = 3.031287e-01.
  Coordinate descent sweep 2. norm of D = 4.456142e-01, change in D = 2.670003e-01.
  Coordinate descent sweep 3. norm of D = 5.463713e-01, change in D = 2.051673e-01.
  Coordinate descent sweep 4. norm of D = 6.169980e-01, change in D = 1.695640e-01.
    Line search step size chosen: 1.000000e+00.
  Objective value decreased by 5.007203e-04.
Newton iteration 12.
  Active set size = 22572.
  sub-gradient = 1.527851e-01, l1-norm of X = 5.215561e+02.
  Coordinate descent sweep 1. norm of D = 1.427552e-01, change in D = 1.427552e-01.
  Coordinate descent sweep 2. norm of D = 2.092561e-01, change in D = 1.232443e-01.
  Coordinate descent sweep 3. norm of D = 2.488384e-01, change in D = 9.584246e-02.
  Coordinate descent sweep 4. norm of D = 2.868730e-01, change in D = 7.757321e-02.
  Coordinate descent sweep 5. norm of D = 3.120734e-01, change in D = 6.695650e-02.
    Line search step size chosen: 1.000000e+00.
  Objective value decreased by 1.465059e-04.
Newton iteration 13.
  Active set size = 22570.
  sub-gradient = 5.212701e-02, l1-norm of X = 5.215926e+02.
  Coordinate descent sweep 1. norm of D = 5.376971e-02, change in D = 5.376971e-02.
  Coordinate descent sweep 2. norm of D = 7.639923e-02, change in D = 4.698799e-02.
  Coordinate descent sweep 3. norm of D = 9.620079e-02, change in D = 4.048079e-02.
  Coordinate descent sweep 4. norm of D = 1.106854e-01, change in D = 3.386559e-02.
  Coordinate descent sweep 5. norm of D = 1.223308e-01, change in D = 2.751494e-02.
    Line search step size chosen: 1.000000e+00.
  Objective value decreased by 2.901576e-05.
QUIC CPU time: 5771.530 seconds
