[1] "/work-zfs/abattle4/prashanthi/recount3/data/stomach/all/weighted_covariances/cov_4.rds"
[1] "Data read complete"
Running QUIC version 1.1 in 'default' mode.
Newton iteration 1.
  X is a diagonal matrix.
    Line search step size 1.000000e+00.  Lack of positive definiteness.
    Line search step size 5.000000e-01.  Lack of positive definiteness.
    Line search step size 2.500000e-01.  Lack of positive definiteness.
    Line search step size 1.250000e-01.  Lack of positive definiteness.
    Line search step size chosen: 6.250000e-02.
  Objective value decreased by 3.208676e+01.
Newton iteration 2.
  Active set size = 24600.
  sub-gradient = 1.276519e+03, l1-norm of X = 6.267275e+01.
  Coordinate descent sweep 1. norm of D = 1.014603e+03, change in D = 1.014603e+03.
    Line search step size 1.000000e+00.  Lack of positive definiteness.
    Line search step size 5.000000e-01.  Lack of positive definiteness.
    Line search step size 2.500000e-01.  Lack of positive definiteness.
    Line search step size chosen: 1.250000e-01.
  Objective value decreased by 3.737670e+01.
Newton iteration 3.
  Active set size = 24600.
  sub-gradient = 1.014671e+03, l1-norm of X = 1.499118e+02.
  Coordinate descent sweep 1. norm of D = 6.792835e+02, change in D = 6.792835e+02.
  Coordinate descent sweep 2. norm of D = 6.520065e+02, change in D = 1.528593e+02.
    Line search step size 1.000000e+00.  Lack of positive definiteness.
    Line search step size chosen: 5.000000e-01.
  Objective value decreased by 5.160354e+01.
Newton iteration 4.
  Active set size = 24600.
  sub-gradient = 4.379572e+02, l1-norm of X = 3.325987e+02.
  Coordinate descent sweep 1. norm of D = 2.758000e+02, change in D = 2.758000e+02.
  Coordinate descent sweep 2. norm of D = 3.306626e+02, change in D = 9.286258e+01.
    Line search step size chosen: 1.000000e+00.
  Objective value decreased by 1.640399e+01.
Newton iteration 5.
  Active set size = 20648.
  sub-gradient = 7.591736e+01, l1-norm of X = 4.337718e+02.
  Coordinate descent sweep 1. norm of D = 6.936590e+01, change in D = 6.936590e+01.
  Coordinate descent sweep 2. norm of D = 9.269369e+01, change in D = 3.808680e+01.
    Line search step size chosen: 1.000000e+00.
  Objective value decreased by 2.122898e+00.
Newton iteration 6.
  Active set size = 20310.
  sub-gradient = 2.747147e+01, l1-norm of X = 4.484843e+02.
  Coordinate descent sweep 1. norm of D = 2.617229e+01, change in D = 2.617229e+01.
  Coordinate descent sweep 2. norm of D = 3.620165e+01, change in D = 1.705835e+01.
  Coordinate descent sweep 3. norm of D = 4.221016e+01, change in D = 1.132046e+01.
    Line search step size chosen: 1.000000e+00.
  Objective value decreased by 5.824598e-01.
Newton iteration 7.
  Active set size = 20181.
  sub-gradient = 8.522130e+00, l1-norm of X = 4.550137e+02.
  Coordinate descent sweep 1. norm of D = 8.176207e+00, change in D = 8.176207e+00.
  Coordinate descent sweep 2. norm of D = 1.151088e+01, change in D = 6.006963e+00.
  Coordinate descent sweep 3. norm of D = 1.374432e+01, change in D = 4.386246e+00.
    Line search step size chosen: 1.000000e+00.
  Objective value decreased by 9.512149e-02.
Newton iteration 8.
  Active set size = 20131.
  sub-gradient = 3.866515e+00, l1-norm of X = 4.569247e+02.
  Coordinate descent sweep 1. norm of D = 3.271636e+00, change in D = 3.271636e+00.
  Coordinate descent sweep 2. norm of D = 4.575235e+00, change in D = 2.430364e+00.
  Coordinate descent sweep 3. norm of D = 5.512020e+00, change in D = 1.838696e+00.
    Line search step size chosen: 1.000000e+00.
  Objective value decreased by 2.153801e-02.
Newton iteration 9.
  Active set size = 20109.
  sub-gradient = 1.522898e+00, l1-norm of X = 4.576168e+02.
  Coordinate descent sweep 1. norm of D = 1.458612e+00, change in D = 1.458612e+00.
  Coordinate descent sweep 2. norm of D = 2.120713e+00, change in D = 1.135660e+00.
  Coordinate descent sweep 3. norm of D = 2.534604e+00, change in D = 8.486656e-01.
  Coordinate descent sweep 4. norm of D = 2.860086e+00, change in D = 6.724302e-01.
    Line search step size chosen: 1.000000e+00.
  Objective value decreased by 6.875226e-03.
Newton iteration 10.
  Active set size = 20104.
  sub-gradient = 5.968907e-01, l1-norm of X = 4.579882e+02.
  Coordinate descent sweep 1. norm of D = 5.271374e-01, change in D = 5.271374e-01.
  Coordinate descent sweep 2. norm of D = 7.444905e-01, change in D = 4.111133e-01.
  Coordinate descent sweep 3. norm of D = 9.054139e-01, change in D = 3.325986e-01.
  Coordinate descent sweep 4. norm of D = 1.037698e+00, change in D = 2.690793e-01.
    Line search step size chosen: 1.000000e+00.
  Objective value decreased by 1.421358e-03.
Newton iteration 11.
  Active set size = 20103.
  sub-gradient = 2.374446e-01, l1-norm of X = 4.581142e+02.
  Coordinate descent sweep 1. norm of D = 2.182385e-01, change in D = 2.182385e-01.
  Coordinate descent sweep 2. norm of D = 3.091723e-01, change in D = 1.717135e-01.
  Coordinate descent sweep 3. norm of D = 3.701647e-01, change in D = 1.311939e-01.
  Coordinate descent sweep 4. norm of D = 4.253105e-01, change in D = 1.129082e-01.
    Line search step size chosen: 1.000000e+00.
  Objective value decreased by 2.916053e-04.
Newton iteration 12.
  Active set size = 20102.
  sub-gradient = 9.482720e-02, l1-norm of X = 4.581707e+02.
  Coordinate descent sweep 1. norm of D = 8.856546e-02, change in D = 8.856546e-02.
  Coordinate descent sweep 2. norm of D = 1.283694e-01, change in D = 7.379925e-02.
  Coordinate descent sweep 3. norm of D = 1.536823e-01, change in D = 5.839444e-02.
  Coordinate descent sweep 4. norm of D = 1.723657e-01, change in D = 4.501310e-02.
  Coordinate descent sweep 5. norm of D = 1.882580e-01, change in D = 3.720566e-02.
    Line search step size chosen: 1.000000e+00.
  Objective value decreased by 6.703946e-05.
Newton iteration 13.
  Active set size = 20102.
  sub-gradient = 3.958728e-02, l1-norm of X = 4.581926e+02.
  Coordinate descent sweep 1. norm of D = 3.188854e-02, change in D = 3.188854e-02.
  Coordinate descent sweep 2. norm of D = 4.719525e-02, change in D = 2.746318e-02.
  Coordinate descent sweep 3. norm of D = 5.798213e-02, change in D = 2.242285e-02.
  Coordinate descent sweep 4. norm of D = 6.689007e-02, change in D = 1.866169e-02.
  Coordinate descent sweep 5. norm of D = 7.392373e-02, change in D = 1.561739e-02.
    Line search step size chosen: 1.000000e+00.
  Objective value decreased by 1.300814e-05.
QUIC CPU time: 5726.810 seconds
