[1] "/work-zfs/abattle4/prashanthi/recount3/data/stomach/all/weighted_covariances/cov_4.rds"
[1] "Data read complete"
Running QUIC version 1.1 in 'default' mode.
Newton iteration 1.
  X is a diagonal matrix.
    Line search step size 1.000000e+00.  Lack of positive definiteness.
    Line search step size 5.000000e-01.  Lack of positive definiteness.
    Line search step size 2.500000e-01.  Lack of positive definiteness.
    Line search step size chosen: 1.250000e-01.
  Objective value decreased by 1.698872e+01.
Newton iteration 2.
  Active set size = 14235.
  sub-gradient = 3.378633e+02, l1-norm of X = 4.974194e+01.
  Coordinate descent sweep 1. norm of D = 2.636093e+02, change in D = 2.636093e+02.
    Line search step size 1.000000e+00.  Lack of positive definiteness.
    Line search step size 5.000000e-01.  Lack of positive definiteness.
    Line search step size chosen: 2.500000e-01.
  Objective value decreased by 1.482596e+01.
Newton iteration 3.
  Active set size = 14235.
  sub-gradient = 2.170366e+02, l1-norm of X = 1.069544e+02.
  Coordinate descent sweep 1. norm of D = 1.643775e+02, change in D = 1.643775e+02.
  Coordinate descent sweep 2. norm of D = 1.737426e+02, change in D = 3.898712e+01.
    Line search step size chosen: 1.000000e+00.
  Objective value decreased by 1.305548e+01.
Newton iteration 4.
  Active set size = 13416.
  sub-gradient = 9.480988e+01, l1-norm of X = 2.136263e+02.
  Coordinate descent sweep 1. norm of D = 3.755104e+01, change in D = 3.755104e+01.
  Coordinate descent sweep 2. norm of D = 4.132585e+01, change in D = 1.670797e+01.
    Line search step size chosen: 1.000000e+00.
  Objective value decreased by 1.028042e+00.
Newton iteration 5.
  Active set size = 13265.
  sub-gradient = 1.467772e+01, l1-norm of X = 2.131960e+02.
  Coordinate descent sweep 1. norm of D = 1.038676e+01, change in D = 1.038676e+01.
  Coordinate descent sweep 2. norm of D = 1.305352e+01, change in D = 5.459841e+00.
    Line search step size chosen: 1.000000e+00.
  Objective value decreased by 1.227570e-01.
Newton iteration 6.
  Active set size = 13236.
  sub-gradient = 3.337698e+00, l1-norm of X = 2.143667e+02.
  Coordinate descent sweep 1. norm of D = 3.142950e+00, change in D = 3.142950e+00.
  Coordinate descent sweep 2. norm of D = 4.271291e+00, change in D = 1.863992e+00.
  Coordinate descent sweep 3. norm of D = 4.906391e+00, change in D = 1.093287e+00.
    Line search step size chosen: 1.000000e+00.
  Objective value decreased by 2.046371e-02.
Newton iteration 7.
  Active set size = 13218.
  sub-gradient = 7.362088e-01, l1-norm of X = 2.151877e+02.
  Coordinate descent sweep 1. norm of D = 6.891344e-01, change in D = 6.891344e-01.
  Coordinate descent sweep 2. norm of D = 9.319886e-01, change in D = 4.396999e-01.
  Coordinate descent sweep 3. norm of D = 1.083512e+00, change in D = 2.655488e-01.
    Line search step size chosen: 1.000000e+00.
  Objective value decreased by 1.532063e-03.
Newton iteration 8.
  Active set size = 13218.
  sub-gradient = 1.710878e-01, l1-norm of X = 2.153733e+02.
  Coordinate descent sweep 1. norm of D = 1.756152e-01, change in D = 1.756152e-01.
  Coordinate descent sweep 2. norm of D = 2.378527e-01, change in D = 1.097507e-01.
  Coordinate descent sweep 3. norm of D = 2.765404e-01, change in D = 7.368544e-02.
    Line search step size chosen: 1.000000e+00.
  Objective value decreased by 1.550759e-04.
Newton iteration 9.
  Active set size = 13218.
  sub-gradient = 5.404019e-02, l1-norm of X = 2.154209e+02.
  Coordinate descent sweep 1. norm of D = 5.096299e-02, change in D = 5.096299e-02.
  Coordinate descent sweep 2. norm of D = 6.867567e-02, change in D = 3.157900e-02.
  Coordinate descent sweep 3. norm of D = 8.123901e-02, change in D = 2.130839e-02.
  Coordinate descent sweep 4. norm of D = 8.909808e-02, change in D = 1.426232e-02.
    Line search step size chosen: 1.000000e+00.
  Objective value decreased by 1.856394e-05.
Newton iteration 10.
  Active set size = 13218.
  sub-gradient = 9.309094e-03, l1-norm of X = 2.154342e+02.
  Coordinate descent sweep 1. norm of D = 9.635451e-03, change in D = 9.635451e-03.
  Coordinate descent sweep 2. norm of D = 1.297262e-02, change in D = 6.559659e-03.
  Coordinate descent sweep 3. norm of D = 1.541342e-02, change in D = 4.351536e-03.
  Coordinate descent sweep 4. norm of D = 1.670817e-02, change in D = 3.012220e-03.
    Line search step size chosen: 1.000000e+00.
  Objective value decreased by 1.030538e-06.
QUIC CPU time: 5315.850 seconds
