[1] "/work-zfs/abattle4/prashanthi/recount3/data/stomach/all/weighted_covariances/cov_4.rds"
[1] "Data read complete"
Running QUIC version 1.1 in 'default' mode.
Newton iteration 1.
  X is a diagonal matrix.
    Line search step size 1.000000e+00.  Lack of positive definiteness.
    Line search step size 5.000000e-01.  Lack of positive definiteness.
    Line search step size 2.500000e-01.  Lack of positive definiteness.
    Line search step size chosen: 1.250000e-01.
  Objective value decreased by 1.079523e+01.
Newton iteration 2.
  Active set size = 12925.
  sub-gradient = 2.311097e+02, l1-norm of X = 3.577831e+01.
  Coordinate descent sweep 1. norm of D = 1.882028e+02, change in D = 1.882028e+02.
    Line search step size 1.000000e+00.  Lack of positive definiteness.
    Line search step size 5.000000e-01.  Lack of positive definiteness.
    Line search step size chosen: 2.500000e-01.
  Objective value decreased by 1.045545e+01.
Newton iteration 3.
  Active set size = 12925.
  sub-gradient = 1.475984e+02, l1-norm of X = 8.070267e+01.
  Coordinate descent sweep 1. norm of D = 1.148439e+02, change in D = 1.148439e+02.
  Coordinate descent sweep 2. norm of D = 1.214389e+02, change in D = 2.668778e+01.
    Line search step size chosen: 1.000000e+00.
  Objective value decreased by 8.893787e+00.
Newton iteration 4.
  Active set size = 12467.
  sub-gradient = 6.436426e+01, l1-norm of X = 1.644049e+02.
  Coordinate descent sweep 1. norm of D = 2.544704e+01, change in D = 2.544704e+01.
  Coordinate descent sweep 2. norm of D = 2.725435e+01, change in D = 1.063933e+01.
    Line search step size chosen: 1.000000e+00.
  Objective value decreased by 6.337787e-01.
Newton iteration 5.
  Active set size = 12365.
  sub-gradient = 9.513874e+00, l1-norm of X = 1.637515e+02.
  Coordinate descent sweep 1. norm of D = 6.390764e+00, change in D = 6.390764e+00.
  Coordinate descent sweep 2. norm of D = 7.844752e+00, change in D = 3.031083e+00.
    Line search step size chosen: 1.000000e+00.
  Objective value decreased by 6.360853e-02.
Newton iteration 6.
  Active set size = 12338.
  sub-gradient = 1.903209e+00, l1-norm of X = 1.644006e+02.
  Coordinate descent sweep 1. norm of D = 1.735919e+00, change in D = 1.735919e+00.
  Coordinate descent sweep 2. norm of D = 2.248155e+00, change in D = 9.099350e-01.
  Coordinate descent sweep 3. norm of D = 2.566170e+00, change in D = 5.293695e-01.
    Line search step size chosen: 1.000000e+00.
  Objective value decreased by 8.708248e-03.
Newton iteration 7.
  Active set size = 12333.
  sub-gradient = 2.897546e-01, l1-norm of X = 1.648402e+02.
  Coordinate descent sweep 1. norm of D = 3.054739e-01, change in D = 3.054739e-01.
  Coordinate descent sweep 2. norm of D = 3.957030e-01, change in D = 1.719000e-01.
  Coordinate descent sweep 3. norm of D = 4.611355e-01, change in D = 1.120242e-01.
    Line search step size chosen: 1.000000e+00.
  Objective value decreased by 4.738357e-04.
Newton iteration 8.
  Active set size = 12329.
  sub-gradient = 6.384486e-02, l1-norm of X = 1.649275e+02.
  Coordinate descent sweep 1. norm of D = 6.397478e-02, change in D = 6.397478e-02.
  Coordinate descent sweep 2. norm of D = 8.512993e-02, change in D = 3.839496e-02.
  Coordinate descent sweep 3. norm of D = 1.010836e-01, change in D = 2.559196e-02.
    Line search step size chosen: 1.000000e+00.
  Objective value decreased by 4.065694e-05.
Newton iteration 9.
  Active set size = 12329.
  sub-gradient = 1.588508e-02, l1-norm of X = 1.649480e+02.
  Coordinate descent sweep 1. norm of D = 1.427038e-02, change in D = 1.427038e-02.
  Coordinate descent sweep 2. norm of D = 1.956873e-02, change in D = 1.037077e-02.
  Coordinate descent sweep 3. norm of D = 2.272331e-02, change in D = 6.310286e-03.
  Coordinate descent sweep 4. norm of D = 2.475766e-02, change in D = 3.955421e-03.
    Line search step size chosen: 1.000000e+00.
  Objective value decreased by 3.026204e-06.
QUIC CPU time: 4084.200 seconds
