[1] "/work-zfs/abattle4/prashanthi/recount3/data/stomach/all/weighted_covariances/cov_4.rds"
[1] "Data read complete"
Running QUIC version 1.1 in 'default' mode.
Newton iteration 1.
  X is a diagonal matrix.
    Line search step size 1.000000e+00.  Lack of positive definiteness.
    Line search step size 5.000000e-01.  Lack of positive definiteness.
    Line search step size chosen: 2.500000e-01.
  Objective value decreased by 1.450737e+01.
Newton iteration 2.
  Active set size = 12427.
  sub-gradient = 2.043724e+02, l1-norm of X = 6.016220e+01.
  Coordinate descent sweep 1. norm of D = 1.087800e+02, change in D = 1.087800e+02.
    Line search step size chosen: 1.000000e+00.
  Objective value decreased by 6.496835e+00.
Newton iteration 3.
  Active set size = 12150.
  sub-gradient = 2.119844e+02, l1-norm of X = 1.511878e+02.
  Coordinate descent sweep 1. norm of D = 3.981023e+01, change in D = 3.981023e+01.
  Coordinate descent sweep 2. norm of D = 3.913436e+01, change in D = 1.608450e+01.
    Line search step size chosen: 1.000000e+00.
  Objective value decreased by 3.158677e+00.
Newton iteration 4.
  Active set size = 12028.
  sub-gradient = 6.290723e+01, l1-norm of X = 1.465404e+02.
  Coordinate descent sweep 1. norm of D = 1.701268e+01, change in D = 1.701268e+01.
  Coordinate descent sweep 2. norm of D = 1.750571e+01, change in D = 8.248189e+00.
    Line search step size chosen: 1.000000e+00.
  Objective value decreased by 7.780264e-01.
Newton iteration 5.
  Active set size = 11981.
  sub-gradient = 1.280214e+01, l1-norm of X = 1.434295e+02.
  Coordinate descent sweep 1. norm of D = 5.942685e+00, change in D = 5.942685e+00.
  Coordinate descent sweep 2. norm of D = 6.584762e+00, change in D = 3.011905e+00.
    Line search step size chosen: 1.000000e+00.
  Objective value decreased by 9.646707e-02.
Newton iteration 6.
  Active set size = 11971.
  sub-gradient = 1.825357e+00, l1-norm of X = 1.428451e+02.
  Coordinate descent sweep 1. norm of D = 1.536214e+00, change in D = 1.536214e+00.
  Coordinate descent sweep 2. norm of D = 1.899593e+00, change in D = 7.683629e-01.
  Coordinate descent sweep 3. norm of D = 2.127032e+00, change in D = 3.770673e-01.
    Line search step size chosen: 1.000000e+00.
  Objective value decreased by 8.762917e-03.
Newton iteration 7.
  Active set size = 11966.
  sub-gradient = 2.302401e-01, l1-norm of X = 1.428908e+02.
  Coordinate descent sweep 1. norm of D = 2.152599e-01, change in D = 2.152599e-01.
  Coordinate descent sweep 2. norm of D = 2.864546e-01, change in D = 1.226812e-01.
  Coordinate descent sweep 3. norm of D = 3.188208e-01, change in D = 6.744773e-02.
    Line search step size chosen: 1.000000e+00.
  Objective value decreased by 2.988707e-04.
Newton iteration 8.
  Active set size = 11966.
  sub-gradient = 3.371488e-02, l1-norm of X = 1.429363e+02.
  Coordinate descent sweep 1. norm of D = 3.471405e-02, change in D = 3.471405e-02.
  Coordinate descent sweep 2. norm of D = 4.693527e-02, change in D = 2.123384e-02.
  Coordinate descent sweep 3. norm of D = 5.455953e-02, change in D = 1.338838e-02.
    Line search step size chosen: 1.000000e+00.
  Objective value decreased by 1.193129e-05.
Newton iteration 9.
  Active set size = 11966.
  sub-gradient = 7.076076e-03, l1-norm of X = 1.429451e+02.
  Coordinate descent sweep 1. norm of D = 7.364573e-03, change in D = 7.364573e-03.
  Coordinate descent sweep 2. norm of D = 9.626516e-03, change in D = 4.070258e-03.
  Coordinate descent sweep 3. norm of D = 1.132738e-02, change in D = 2.812476e-03.
  Coordinate descent sweep 4. norm of D = 1.234560e-02, change in D = 1.849977e-03.
    Line search step size chosen: 1.000000e+00.
  Objective value decreased by 8.377974e-07.
QUIC CPU time: 4458.310 seconds
