[1] "/work-zfs/abattle4/prashanthi/recount3/data/stomach/all/weighted_covariances/cov_4.rds"
[1] "Data read complete"
Running QUIC version 1.1 in 'default' mode.
Newton iteration 1.
  X is a diagonal matrix.
    Line search step size chosen: 1.000000e+00.
  Objective value decreased by 1.925929e+00.
Newton iteration 2.
  Active set size = 10413.
  sub-gradient = 2.305235e+01, l1-norm of X = 3.459959e+01.
  Coordinate descent sweep 1. norm of D = 7.594891e+00, change in D = 7.594891e+00.
    Line search step size chosen: 1.000000e+00.
  Objective value decreased by 4.020304e-01.
Newton iteration 3.
  Active set size = 10403.
  sub-gradient = 4.837669e+00, l1-norm of X = 3.008970e+01.
  Coordinate descent sweep 1. norm of D = 3.434867e+00, change in D = 3.434867e+00.
  Coordinate descent sweep 2. norm of D = 3.720379e+00, change in D = 1.059287e+00.
    Line search step size chosen: 1.000000e+00.
  Objective value decreased by 9.475921e-02.
Newton iteration 4.
  Active set size = 10397.
  sub-gradient = 7.151436e-01, l1-norm of X = 2.966266e+01.
  Coordinate descent sweep 1. norm of D = 4.995058e-01, change in D = 4.995058e-01.
  Coordinate descent sweep 2. norm of D = 5.192635e-01, change in D = 2.004215e-01.
    Line search step size chosen: 1.000000e+00.
  Objective value decreased by 4.744174e-03.
Newton iteration 5.
  Active set size = 10395.
  sub-gradient = 9.013579e-02, l1-norm of X = 2.955731e+01.
  Coordinate descent sweep 1. norm of D = 7.397029e-02, change in D = 7.397029e-02.
  Coordinate descent sweep 2. norm of D = 7.639228e-02, change in D = 3.048335e-02.
    Line search step size chosen: 1.000000e+00.
  Objective value decreased by 1.138641e-04.
Newton iteration 6.
  Active set size = 10395.
  sub-gradient = 1.942248e-02, l1-norm of X = 2.953848e+01.
  Coordinate descent sweep 1. norm of D = 1.454869e-02, change in D = 1.454869e-02.
  Coordinate descent sweep 2. norm of D = 1.530733e-02, change in D = 5.383598e-03.
  Coordinate descent sweep 3. norm of D = 1.624646e-02, change in D = 1.970106e-03.
    Line search step size chosen: 1.000000e+00.
  Objective value decreased by 5.900070e-06.
Newton iteration 7.
  Active set size = 10395.
  sub-gradient = 6.167811e-04, l1-norm of X = 2.953106e+01.
  Coordinate descent sweep 1. norm of D = 6.501262e-04, change in D = 6.501262e-04.
  Coordinate descent sweep 2. norm of D = 7.567980e-04, change in D = 1.658747e-04.
  Coordinate descent sweep 3. norm of D = 7.779531e-04, change in D = 4.148398e-05.
    Line search step size chosen: 1.000000e+00.
  Objective value decreased by 9.467840e-09.
QUIC CPU time: 2817.670 seconds
