[1] "/work-zfs/abattle4/prashanthi/recount3/data/stomach/all/weighted_covariances/cov_4.rds"
[1] "Data read complete"
Running QUIC version 1.1 in 'default' mode.
Newton iteration 1.
  X is a diagonal matrix.
    Line search step size chosen: 1.000000e+00.
  Objective value decreased by 4.984229e-01.
Newton iteration 2.
  Active set size = 10161.
  sub-gradient = 1.864276e+00, l1-norm of X = 9.140856e+00.
  Coordinate descent sweep 1. norm of D = 1.334291e+00, change in D = 1.334291e+00.
    Line search step size chosen: 1.000000e+00.
  Objective value decreased by 2.352710e-02.
Newton iteration 3.
  Active set size = 10159.
  sub-gradient = 2.259832e-01, l1-norm of X = 8.598702e+00.
  Coordinate descent sweep 1. norm of D = 2.400413e-01, change in D = 2.400413e-01.
  Coordinate descent sweep 2. norm of D = 2.752002e-01, change in D = 5.409009e-02.
    Line search step size chosen: 1.000000e+00.
  Objective value decreased by 1.637761e-03.
Newton iteration 4.
  Active set size = 10159.
  sub-gradient = 1.324645e-02, l1-norm of X = 8.761425e+00.
  Coordinate descent sweep 1. norm of D = 1.478407e-02, change in D = 1.478407e-02.
  Coordinate descent sweep 2. norm of D = 1.601452e-02, change in D = 3.417049e-03.
    Line search step size chosen: 1.000000e+00.
  Objective value decreased by 1.181706e-05.
Newton iteration 5.
  Active set size = 10159.
  sub-gradient = 7.886093e-04, l1-norm of X = 8.770738e+00.
  Coordinate descent sweep 1. norm of D = 8.610021e-04, change in D = 8.610021e-04.
  Coordinate descent sweep 2. norm of D = 9.826811e-04, change in D = 1.534767e-04.
    Line search step size chosen: 1.000000e+00.
  Objective value decreased by 7.087874e-08.
QUIC CPU time: 2082.920 seconds
