[1] "/work-zfs/abattle4/prashanthi/recount3/data/stomach/all/weighted_covariances/cov_4.rds"
[1] "Data read complete"
Running QUIC version 1.1 in 'default' mode.
Newton iteration 1.
  X is a diagonal matrix.
    Line search step size chosen: 1.000000e+00.
  Objective value decreased by 3.275656e-01.
Newton iteration 2.
  Active set size = 10122.
  sub-gradient = 1.155142e+00, l1-norm of X = 6.412646e+00.
  Coordinate descent sweep 1. norm of D = 8.703509e-01, change in D = 8.703509e-01.
    Line search step size chosen: 1.000000e+00.
  Objective value decreased by 1.261664e-02.
Newton iteration 3.
  Active set size = 10122.
  sub-gradient = 1.310572e-01, l1-norm of X = 6.070182e+00.
  Coordinate descent sweep 1. norm of D = 1.388367e-01, change in D = 1.388367e-01.
  Coordinate descent sweep 2. norm of D = 1.571382e-01, change in D = 2.204907e-02.
    Line search step size chosen: 1.000000e+00.
  Objective value decreased by 7.512314e-04.
Newton iteration 4.
  Active set size = 10122.
  sub-gradient = 4.783568e-03, l1-norm of X = 6.170571e+00.
  Coordinate descent sweep 1. norm of D = 5.164857e-03, change in D = 5.164857e-03.
  Coordinate descent sweep 2. norm of D = 5.986876e-03, change in D = 9.482363e-04.
    Line search step size chosen: 1.000000e+00.
  Objective value decreased by 1.900025e-06.
Newton iteration 5.
  Active set size = 10122.
  sub-gradient = 2.038277e-04, l1-norm of X = 6.172862e+00.
  Coordinate descent sweep 1. norm of D = 2.143435e-04, change in D = 2.143435e-04.
  Coordinate descent sweep 2. norm of D = 2.478035e-04, change in D = 6.255056e-05.
    Line search step size chosen: 1.000000e+00.
  Objective value decreased by 5.989932e-09.
QUIC CPU time: 2074.010 seconds
