[1] "/work-zfs/abattle4/prashanthi/recount3/data/stomach/all/weighted_covariances/cov_4.rds"
[1] "Data read complete"
Running QUIC version 1.1 in 'default' mode.
Newton iteration 1.
  X is a diagonal matrix.
    Line search step size chosen: 1.000000e+00.
  Objective value decreased by 7.629054e-02.
Newton iteration 2.
  Active set size = 10073.
  sub-gradient = 2.420770e-01, l1-norm of X = 2.015508e+00.
  Coordinate descent sweep 1. norm of D = 2.047389e-01, change in D = 2.047389e-01.
    Line search step size chosen: 1.000000e+00.
  Objective value decreased by 1.388949e-03.
Newton iteration 3.
  Active set size = 10073.
  sub-gradient = 1.972574e-02, l1-norm of X = 1.932345e+00.
  Coordinate descent sweep 1. norm of D = 1.965709e-02, change in D = 1.965709e-02.
  Coordinate descent sweep 2. norm of D = 1.918480e-02, change in D = 2.456497e-03.
    Line search step size chosen: 1.000000e+00.
  Objective value decreased by 5.280169e-05.
Newton iteration 4.
  Active set size = 10073.
  sub-gradient = 3.634362e-04, l1-norm of X = 1.948579e+00.
  Coordinate descent sweep 1. norm of D = 3.380475e-04, change in D = 3.380475e-04.
  Coordinate descent sweep 2. norm of D = 3.587974e-04, change in D = 5.803879e-05.
    Line search step size chosen: 1.000000e+00.
  Objective value decreased by 1.883018e-08.
Newton iteration 5.
  Active set size = 10073.
  sub-gradient = 3.083220e-05, l1-norm of X = 1.948620e+00.
  Coordinate descent sweep 1. norm of D = 2.766702e-05, change in D = 2.766702e-05.
  Coordinate descent sweep 2. norm of D = 2.882154e-05, change in D = 6.214098e-06.
    Line search step size chosen: 1.000000e+00.
  Objective value decreased by 1.109584e-10.
QUIC CPU time: 2076.270 seconds
