[1] "/data/abattle4/prashanthi/recount3/data/blood/all/weighted_covariances/cov_35.rds"
[1] "Data read complete"
Running QUIC version 1.1 in 'default' mode.
Newton iteration 1.
  X is a diagonal matrix.
    Line search step size 1.000000e+00.  Lack of positive definiteness.
    Line search step size 5.000000e-01.  Lack of positive definiteness.
    Line search step size 2.500000e-01.  Lack of positive definiteness.
    Line search step size 1.250000e-01.  Lack of positive definiteness.
    Line search step size 6.250000e-02.  Lack of positive definiteness.
    Line search step size chosen: 3.125000e-02.
  Objective value decreased by 2.909358e+01.
Newton iteration 2.
  Active set size = 46030.
  sub-gradient = 2.820675e+03, l1-norm of X = 4.786949e+01.
  Coordinate descent sweep 1. norm of D = 2.063016e+03, change in D = 2.063016e+03.
    Line search step size 1.000000e+00.  Lack of positive definiteness.
    Line search step size 5.000000e-01.  Lack of positive definiteness.
    Line search step size 2.500000e-01.  Lack of positive definiteness.
    Line search step size 1.250000e-01.  Lack of positive definiteness.
    Line search step size chosen: 6.250000e-02.
  Objective value decreased by 3.422441e+01.
Newton iteration 3.
  Active set size = 46030.
  sub-gradient = 2.448269e+03, l1-norm of X = 1.135534e+02.
  Coordinate descent sweep 1. norm of D = 1.207171e+03, change in D = 1.207171e+03.
  Coordinate descent sweep 2. norm of D = 1.070762e+03, change in D = 3.187363e+02.
    Line search step size 1.000000e+00.  Lack of positive definiteness.
    Line search step size 5.000000e-01.  Lack of positive definiteness.
    Line search step size chosen: 2.500000e-01.
  Objective value decreased by 4.473543e+01.
Newton iteration 4.
  Active set size = 46031.
  sub-gradient = 1.150432e+03, l1-norm of X = 2.323772e+02.
  Coordinate descent sweep 1. norm of D = 5.781544e+02, change in D = 5.781544e+02.
  Coordinate descent sweep 2. norm of D = 5.969918e+02, change in D = 1.552842e+02.
    Line search step size chosen: 1.000000e+00.
  Objective value decreased by 2.984700e+01.
Newton iteration 5.
  Active set size = 31763.
  sub-gradient = 1.514143e+03, l1-norm of X = 3.998613e+02.
  Coordinate descent sweep 1. norm of D = 1.241228e+02, change in D = 1.241228e+02.
  Coordinate descent sweep 2. norm of D = 1.345704e+02, change in D = 7.277534e+01.
    Line search step size chosen: 1.000000e+00.
  Objective value decreased by 4.273093e+00.
Newton iteration 6.
  Active set size = 28637.
  sub-gradient = 4.900194e+02, l1-norm of X = 3.978553e+02.
  Coordinate descent sweep 1. norm of D = 6.269008e+01, change in D = 6.269008e+01.
  Coordinate descent sweep 2. norm of D = 7.077453e+01, change in D = 3.980076e+01.
  Coordinate descent sweep 3. norm of D = 7.715765e+01, change in D = 2.339635e+01.
    Line search step size chosen: 1.000000e+00.
  Objective value decreased by 1.530343e+00.
Newton iteration 7.
  Active set size = 27788.
  sub-gradient = 1.427203e+02, l1-norm of X = 3.962737e+02.
  Coordinate descent sweep 1. norm of D = 2.331746e+01, change in D = 2.331746e+01.
  Coordinate descent sweep 2. norm of D = 2.608804e+01, change in D = 1.628323e+01.
  Coordinate descent sweep 3. norm of D = 2.860169e+01, change in D = 9.967772e+00.
    Line search step size chosen: 1.000000e+00.
  Objective value decreased by 3.454851e-01.
Newton iteration 8.
  Active set size = 27552.
  sub-gradient = 3.607252e+01, l1-norm of X = 3.954820e+02.
  Coordinate descent sweep 1. norm of D = 9.236099e+00, change in D = 9.236099e+00.
  Coordinate descent sweep 2. norm of D = 1.043209e+01, change in D = 6.535962e+00.
  Coordinate descent sweep 3. norm of D = 1.167753e+01, change in D = 4.222006e+00.
    Line search step size chosen: 1.000000e+00.
  Objective value decreased by 7.400863e-02.
Newton iteration 9.
  Active set size = 27463.
  sub-gradient = 6.690529e+00, l1-norm of X = 3.952838e+02.
  Coordinate descent sweep 1. norm of D = 3.275615e+00, change in D = 3.275615e+00.
  Coordinate descent sweep 2. norm of D = 4.110179e+00, change in D = 2.424752e+00.
  Coordinate descent sweep 3. norm of D = 4.749405e+00, change in D = 1.730135e+00.
  Coordinate descent sweep 4. norm of D = 5.200656e+00, change in D = 1.315476e+00.
    Line search step size chosen: 1.000000e+00.
  Objective value decreased by 1.662650e-02.
Newton iteration 10.
  Active set size = 27446.
  sub-gradient = 1.189526e+00, l1-norm of X = 3.954568e+02.
  Coordinate descent sweep 1. norm of D = 1.072638e+00, change in D = 1.072638e+00.
  Coordinate descent sweep 2. norm of D = 1.384737e+00, change in D = 8.372234e-01.
  Coordinate descent sweep 3. norm of D = 1.644183e+00, change in D = 6.732130e-01.
  Coordinate descent sweep 4. norm of D = 1.815162e+00, change in D = 5.464660e-01.
    Line search step size chosen: 1.000000e+00.
  Objective value decreased by 3.541794e-03.
Newton iteration 11.
  Active set size = 27438.
  sub-gradient = 4.712755e-01, l1-norm of X = 3.955641e+02.
  Coordinate descent sweep 1. norm of D = 4.349762e-01, change in D = 4.349762e-01.
  Coordinate descent sweep 2. norm of D = 6.160973e-01, change in D = 3.971154e-01.
  Coordinate descent sweep 3. norm of D = 7.237308e-01, change in D = 3.161875e-01.
  Coordinate descent sweep 4. norm of D = 8.036934e-01, change in D = 2.729552e-01.
    Line search step size chosen: 1.000000e+00.
  Objective value decreased by 1.077394e-03.
Newton iteration 12.
  Active set size = 27435.
  sub-gradient = 2.487318e-01, l1-norm of X = 3.956087e+02.
  Coordinate descent sweep 1. norm of D = 2.325233e-01, change in D = 2.325233e-01.
  Coordinate descent sweep 2. norm of D = 3.160905e-01, change in D = 1.929656e-01.
  Coordinate descent sweep 3. norm of D = 3.749078e-01, change in D = 1.643475e-01.
  Coordinate descent sweep 4. norm of D = 4.181420e-01, change in D = 1.392585e-01.
  Coordinate descent sweep 5. norm of D = 4.512094e-01, change in D = 1.132379e-01.
    Line search step size chosen: 1.000000e+00.
  Objective value decreased by 4.452511e-04.
Newton iteration 13.
  Active set size = 27433.
  sub-gradient = 1.005785e-01, l1-norm of X = 3.956356e+02.
  Coordinate descent sweep 1. norm of D = 9.947778e-02, change in D = 9.947778e-02.
  Coordinate descent sweep 2. norm of D = 1.328978e-01, change in D = 8.358980e-02.
  Coordinate descent sweep 3. norm of D = 1.575458e-01, change in D = 7.559481e-02.
  Coordinate descent sweep 4. norm of D = 1.761341e-01, change in D = 6.517973e-02.
  Coordinate descent sweep 5. norm of D = 1.912261e-01, change in D = 5.495843e-02.
    Line search step size chosen: 1.000000e+00.
  Objective value decreased by 1.076671e-04.
Newton iteration 14.
  Active set size = 27432.
  sub-gradient = 4.590849e-02, l1-norm of X = 3.956472e+02.
  Coordinate descent sweep 1. norm of D = 4.750885e-02, change in D = 4.750885e-02.
  Coordinate descent sweep 2. norm of D = 6.608169e-02, change in D = 4.134318e-02.
  Coordinate descent sweep 3. norm of D = 7.812678e-02, change in D = 3.544439e-02.
  Coordinate descent sweep 4. norm of D = 8.938294e-02, change in D = 3.255788e-02.
  Coordinate descent sweep 5. norm of D = 9.600845e-02, change in D = 2.911287e-02.
    Line search step size chosen: 1.000000e+00.
  Objective value decreased by 3.208556e-05.
Newton iteration 15.
  Active set size = 27428.
  sub-gradient = 2.745842e-02, l1-norm of X = 3.956517e+02.
  Coordinate descent sweep 1. norm of D = 2.584975e-02, change in D = 2.584975e-02.
  Coordinate descent sweep 2. norm of D = 3.393924e-02, change in D = 2.122284e-02.
  Coordinate descent sweep 3. norm of D = 4.010555e-02, change in D = 1.830096e-02.
  Coordinate descent sweep 4. norm of D = 4.658879e-02, change in D = 1.780236e-02.
  Coordinate descent sweep 5. norm of D = 5.017888e-02, change in D = 1.518710e-02.
  Coordinate descent sweep 6. norm of D = 5.321038e-02, change in D = 1.224090e-02.
    Line search step size chosen: 1.000000e+00.
  Objective value decreased by 1.113923e-05.
QUIC CPU time: 6114.514 seconds
