[1] "/data/abattle4/prashanthi/recount3/data/blood/all/weighted_covariances/cov_35.rds"
[1] "Data read complete"
Running QUIC version 1.1 in 'default' mode.
Newton iteration 1.
  X is a diagonal matrix.
    Line search step size 1.000000e+00.  Lack of positive definiteness.
    Line search step size 5.000000e-01.  Lack of positive definiteness.
    Line search step size 2.500000e-01.  Lack of positive definiteness.
    Line search step size 1.250000e-01.  Lack of positive definiteness.
    Line search step size chosen: 6.250000e-02.
  Objective value decreased by 9.928658e+00.
Newton iteration 2.
  Active set size = 14264.
  sub-gradient = 4.914848e+02, l1-norm of X = 2.699511e+01.
  Coordinate descent sweep 1. norm of D = 3.467628e+02, change in D = 3.467628e+02.
    Line search step size 1.000000e+00.  Lack of positive definiteness.
    Line search step size 5.000000e-01.  Lack of positive definiteness.
    Line search step size 2.500000e-01.  Lack of positive definiteness.
    Line search step size chosen: 1.250000e-01.
  Objective value decreased by 9.864391e+00.
Newton iteration 3.
  Active set size = 14264.
  sub-gradient = 3.699968e+02, l1-norm of X = 6.015761e+01.
  Coordinate descent sweep 1. norm of D = 2.033102e+02, change in D = 2.033102e+02.
  Coordinate descent sweep 2. norm of D = 1.860219e+02, change in D = 5.454807e+01.
    Line search step size 1.000000e+00.  Lack of positive definiteness.
    Line search step size chosen: 5.000000e-01.
  Objective value decreased by 1.085124e+01.
Newton iteration 4.
  Active set size = 14264.
  sub-gradient = 1.425411e+02, l1-norm of X = 1.159169e+02.
  Coordinate descent sweep 1. norm of D = 7.530938e+01, change in D = 7.530938e+01.
  Coordinate descent sweep 2. norm of D = 8.767524e+01, change in D = 2.436549e+01.
    Line search step size chosen: 1.000000e+00.
  Objective value decreased by 3.054043e+00.
Newton iteration 5.
  Active set size = 12051.
  sub-gradient = 1.762546e+01, l1-norm of X = 1.408939e+02.
  Coordinate descent sweep 1. norm of D = 1.678360e+01, change in D = 1.678360e+01.
  Coordinate descent sweep 2. norm of D = 2.111478e+01, change in D = 8.290635e+00.
    Line search step size chosen: 1.000000e+00.
  Objective value decreased by 2.652595e-01.
Newton iteration 6.
  Active set size = 11916.
  sub-gradient = 6.548760e+00, l1-norm of X = 1.439983e+02.
  Coordinate descent sweep 1. norm of D = 4.996049e+00, change in D = 4.996049e+00.
  Coordinate descent sweep 2. norm of D = 6.389378e+00, change in D = 2.902041e+00.
  Coordinate descent sweep 3. norm of D = 7.220577e+00, change in D = 1.743735e+00.
    Line search step size chosen: 1.000000e+00.
  Objective value decreased by 4.331046e-02.
Newton iteration 7.
  Active set size = 11878.
  sub-gradient = 1.115845e+00, l1-norm of X = 1.448677e+02.
  Coordinate descent sweep 1. norm of D = 1.110317e+00, change in D = 1.110317e+00.
  Coordinate descent sweep 2. norm of D = 1.470370e+00, change in D = 7.255512e-01.
  Coordinate descent sweep 3. norm of D = 1.662056e+00, change in D = 4.613447e-01.
    Line search step size chosen: 1.000000e+00.
  Objective value decreased by 3.967325e-03.
Newton iteration 8.
  Active set size = 11871.
  sub-gradient = 4.062592e-01, l1-norm of X = 1.450586e+02.
  Coordinate descent sweep 1. norm of D = 3.359637e-01, change in D = 3.359637e-01.
  Coordinate descent sweep 2. norm of D = 4.365770e-01, change in D = 2.188137e-01.
  Coordinate descent sweep 3. norm of D = 4.960113e-01, change in D = 1.518483e-01.
    Line search step size chosen: 1.000000e+00.
  Objective value decreased by 5.335781e-04.
Newton iteration 9.
  Active set size = 11867.
  sub-gradient = 9.923594e-02, l1-norm of X = 1.451056e+02.
  Coordinate descent sweep 1. norm of D = 1.035784e-01, change in D = 1.035784e-01.
  Coordinate descent sweep 2. norm of D = 1.365516e-01, change in D = 6.980603e-02.
  Coordinate descent sweep 3. norm of D = 1.561549e-01, change in D = 5.220907e-02.
  Coordinate descent sweep 4. norm of D = 1.715040e-01, change in D = 3.689335e-02.
    Line search step size chosen: 1.000000e+00.
  Objective value decreased by 7.718392e-05.
Newton iteration 10.
  Active set size = 11866.
  sub-gradient = 3.118915e-02, l1-norm of X = 1.451197e+02.
  Coordinate descent sweep 1. norm of D = 2.692713e-02, change in D = 2.692713e-02.
  Coordinate descent sweep 2. norm of D = 3.450763e-02, change in D = 1.764466e-02.
  Coordinate descent sweep 3. norm of D = 3.927435e-02, change in D = 1.352468e-02.
  Coordinate descent sweep 4. norm of D = 4.335205e-02, change in D = 1.063835e-02.
    Line search step size chosen: 1.000000e+00.
  Objective value decreased by 6.119438e-06.
Newton iteration 11.
  Active set size = 11866.
  sub-gradient = 8.101652e-03, l1-norm of X = 1.451226e+02.
  Coordinate descent sweep 1. norm of D = 7.514772e-03, change in D = 7.514772e-03.
  Coordinate descent sweep 2. norm of D = 1.020973e-02, change in D = 5.725456e-03.
  Coordinate descent sweep 3. norm of D = 1.171586e-02, change in D = 3.813526e-03.
  Coordinate descent sweep 4. norm of D = 1.271754e-02, change in D = 2.863798e-03.
    Line search step size chosen: 1.000000e+00.
  Objective value decreased by 7.718045e-07.
QUIC CPU time: 4325.443 seconds
