[1] "/data/abattle4/prashanthi/recount3/data/blood/all/weighted_covariances/cov_35.rds"
[1] "Data read complete"
Running QUIC version 1.1 in 'default' mode.
Newton iteration 1.
  X is a diagonal matrix.
    Line search step size 1.000000e+00.  Lack of positive definiteness.
    Line search step size 5.000000e-01.  Lack of positive definiteness.
    Line search step size 2.500000e-01.  Lack of positive definiteness.
    Line search step size chosen: 1.250000e-01.
  Objective value decreased by 4.677654e+00.
Newton iteration 2.
  Active set size = 9873.
  sub-gradient = 1.245446e+02, l1-norm of X = 1.930748e+01.
  Coordinate descent sweep 1. norm of D = 8.595863e+01, change in D = 8.595863e+01.
    Line search step size 1.000000e+00.  Lack of positive definiteness.
    Line search step size 5.000000e-01.  Lack of positive definiteness.
    Line search step size chosen: 2.500000e-01.
  Objective value decreased by 3.348476e+00.
Newton iteration 3.
  Active set size = 9873.
  sub-gradient = 7.181401e+01, l1-norm of X = 3.874081e+01.
  Coordinate descent sweep 1. norm of D = 4.875812e+01, change in D = 4.875812e+01.
  Coordinate descent sweep 2. norm of D = 4.894878e+01, change in D = 1.161304e+01.
    Line search step size chosen: 1.000000e+00.
  Objective value decreased by 2.452147e+00.
Newton iteration 4.
  Active set size = 9432.
  sub-gradient = 3.274375e+01, l1-norm of X = 6.951357e+01.
  Coordinate descent sweep 1. norm of D = 9.853805e+00, change in D = 9.853805e+00.
  Coordinate descent sweep 2. norm of D = 9.745390e+00, change in D = 4.755066e+00.
    Line search step size chosen: 1.000000e+00.
  Objective value decreased by 1.641451e-01.
Newton iteration 5.
  Active set size = 9353.
  sub-gradient = 4.555577e+00, l1-norm of X = 6.792728e+01.
  Coordinate descent sweep 1. norm of D = 2.513659e+00, change in D = 2.513659e+00.
  Coordinate descent sweep 2. norm of D = 2.778022e+00, change in D = 1.189232e+00.
    Line search step size chosen: 1.000000e+00.
  Objective value decreased by 1.408513e-02.
Newton iteration 6.
  Active set size = 9343.
  sub-gradient = 6.862395e-01, l1-norm of X = 6.774999e+01.
  Coordinate descent sweep 1. norm of D = 6.222105e-01, change in D = 6.222105e-01.
  Coordinate descent sweep 2. norm of D = 7.505319e-01, change in D = 2.960385e-01.
  Coordinate descent sweep 3. norm of D = 8.154660e-01, change in D = 1.567238e-01.
    Line search step size chosen: 1.000000e+00.
  Objective value decreased by 1.606674e-03.
Newton iteration 7.
  Active set size = 9334.
  sub-gradient = 8.916015e-02, l1-norm of X = 6.778610e+01.
  Coordinate descent sweep 1. norm of D = 9.017333e-02, change in D = 9.017333e-02.
  Coordinate descent sweep 2. norm of D = 1.136932e-01, change in D = 5.252338e-02.
  Coordinate descent sweep 3. norm of D = 1.248901e-01, change in D = 3.181418e-02.
    Line search step size chosen: 1.000000e+00.
  Objective value decreased by 8.417598e-05.
Newton iteration 8.
  Active set size = 9334.
  sub-gradient = 2.343812e-02, l1-norm of X = 6.780199e+01.
  Coordinate descent sweep 1. norm of D = 1.946823e-02, change in D = 1.946823e-02.
  Coordinate descent sweep 2. norm of D = 2.522390e-02, change in D = 1.416439e-02.
  Coordinate descent sweep 3. norm of D = 2.875895e-02, change in D = 8.130387e-03.
    Line search step size chosen: 1.000000e+00.
  Objective value decreased by 7.301556e-06.
Newton iteration 9.
  Active set size = 9334.
  sub-gradient = 5.735030e-03, l1-norm of X = 6.780467e+01.
  Coordinate descent sweep 1. norm of D = 5.405146e-03, change in D = 5.405146e-03.
  Coordinate descent sweep 2. norm of D = 6.548993e-03, change in D = 2.974806e-03.
  Coordinate descent sweep 3. norm of D = 7.178148e-03, change in D = 1.759645e-03.
  Coordinate descent sweep 4. norm of D = 7.524157e-03, change in D = 1.026562e-03.
    Line search step size chosen: 1.000000e+00.
  Objective value decreased by 6.439604e-07.
QUIC CPU time: 3516.389 seconds
