[1] "/data/abattle4/prashanthi/recount3/data/blood/all/weighted_covariances/cov_35.rds"
[1] "Data read complete"
Running QUIC version 1.1 in 'default' mode.
Newton iteration 1.
  X is a diagonal matrix.
    Line search step size 1.000000e+00.  Lack of positive definiteness.
    Line search step size chosen: 5.000000e-01.
  Objective value decreased by 1.121468e+00.
Newton iteration 2.
  Active set size = 8135.
  sub-gradient = 7.951066e+00, l1-norm of X = 1.126685e+01.
  Coordinate descent sweep 1. norm of D = 5.529350e+00, change in D = 5.529350e+00.
    Line search step size chosen: 1.000000e+00.
  Objective value decreased by 1.753415e-01.
Newton iteration 3.
  Active set size = 8099.
  sub-gradient = 2.064782e+00, l1-norm of X = 1.468556e+01.
  Coordinate descent sweep 1. norm of D = 1.843032e+00, change in D = 1.843032e+00.
  Coordinate descent sweep 2. norm of D = 1.958495e+00, change in D = 4.667604e-01.
    Line search step size chosen: 1.000000e+00.
  Objective value decreased by 2.594014e-02.
Newton iteration 4.
  Active set size = 8087.
  sub-gradient = 2.354568e-01, l1-norm of X = 1.489173e+01.
  Coordinate descent sweep 1. norm of D = 2.206028e-01, change in D = 2.206028e-01.
  Coordinate descent sweep 2. norm of D = 2.677491e-01, change in D = 9.458831e-02.
    Line search step size chosen: 1.000000e+00.
  Objective value decreased by 7.075486e-04.
Newton iteration 5.
  Active set size = 8086.
  sub-gradient = 3.629024e-02, l1-norm of X = 1.492994e+01.
  Coordinate descent sweep 1. norm of D = 3.355149e-02, change in D = 3.355149e-02.
  Coordinate descent sweep 2. norm of D = 3.883843e-02, change in D = 1.300463e-02.
    Line search step size chosen: 1.000000e+00.
  Objective value decreased by 2.398017e-05.
Newton iteration 6.
  Active set size = 8086.
  sub-gradient = 6.286563e-03, l1-norm of X = 1.493686e+01.
  Coordinate descent sweep 1. norm of D = 5.694013e-03, change in D = 5.694013e-03.
  Coordinate descent sweep 2. norm of D = 6.512403e-03, change in D = 2.100793e-03.
  Coordinate descent sweep 3. norm of D = 7.082379e-03, change in D = 9.645603e-04.
    Line search step size chosen: 1.000000e+00.
  Objective value decreased by 8.438938e-07.
Newton iteration 7.
  Active set size = 8086.
  sub-gradient = 3.332582e-04, l1-norm of X = 1.493665e+01.
  Coordinate descent sweep 1. norm of D = 3.505435e-04, change in D = 3.505435e-04.
  Coordinate descent sweep 2. norm of D = 4.127949e-04, change in D = 1.276035e-04.
  Coordinate descent sweep 3. norm of D = 4.384857e-04, change in D = 5.855531e-05.
    Line search step size chosen: 1.000000e+00.
  Objective value decreased by 6.270966e-09.
QUIC CPU time: 2708.986 seconds
