[1] "sra_normal"       "250"              "correcting_first" "0.04"            
[1] "Data read complete"
Running QUIC version 1.1 in 'default' mode.
Newton iteration 1.
  X is a diagonal matrix.
    Line search step size 1.000000e+00.  Lack of positive definiteness.
    Line search step size 5.000000e-01.  Lack of positive definiteness.
    Line search step size 2.500000e-01.  Lack of positive definiteness.
    Line search step size 1.250000e-01.  Lack of positive definiteness.
    Line search step size 6.250000e-02.  Lack of positive definiteness.
    Line search step size 3.125000e-02.  Lack of positive definiteness.
    Line search step size chosen: 1.562500e-02.
  Objective value decreased by 2.505865e+02.
Newton iteration 2.
  Active set size = 4661893.
  sub-gradient = 1.232754e+05, l1-norm of X = 1.644613e+02.
  Coordinate descent sweep 1. norm of D = 4.143146e+04, change in D = 4.143146e+04.
    Line search step size 1.000000e+00.  Lack of positive definiteness.
    Line search step size 5.000000e-01.  Lack of positive definiteness.
    Line search step size 2.500000e-01.  Lack of positive definiteness.
    Line search step size 1.250000e-01.  Lack of positive definiteness.
    Line search step size 6.250000e-02.  Lack of positive definiteness.
    Line search step size chosen: 3.125000e-02.
  Objective value decreased by 1.354237e+02.
Newton iteration 3.
  Active set size = 4675193.
  sub-gradient = 1.110026e+05, l1-norm of X = 2.607183e+02.
  Coordinate descent sweep 1. norm of D = 2.162207e+04, change in D = 2.162207e+04.
  Coordinate descent sweep 2. norm of D = 1.790327e+04, change in D = 6.809229e+03.
    Line search step size 1.000000e+00.  Lack of positive definiteness.
    Line search step size 5.000000e-01.  Lack of positive definiteness.
    Line search step size 2.500000e-01.  Lack of positive definiteness.
    Line search step size 1.250000e-01.  Lack of positive definiteness.
    Line search step size chosen: 6.250000e-02.
  Objective value decreased by 9.467421e+01.
Newton iteration 4.
  Active set size = 4687863.
  sub-gradient = 9.532108e+04, l1-norm of X = 3.316305e+02.
  Coordinate descent sweep 1. norm of D = 1.448037e+04, change in D = 1.448037e+04.
  Coordinate descent sweep 2. norm of D = 1.249375e+04, change in D = 4.592795e+03.
    Line search step size 1.000000e+00.  Lack of positive definiteness.
    Line search step size 5.000000e-01.  Lack of positive definiteness.
    Line search step size 2.500000e-01.  Lack of positive definiteness.
    Line search step size chosen: 1.250000e-01.
  Objective value decreased by 1.050305e+02.
Newton iteration 5.
  Active set size = 4711676.
  sub-gradient = 7.051626e+04, l1-norm of X = 4.138535e+02.
  Coordinate descent sweep 1. norm of D = 9.354338e+03, change in D = 9.354338e+03.
  Coordinate descent sweep 2. norm of D = 8.792567e+03, change in D = 2.678458e+03.
    Line search step size 1.000000e+00.  Lack of positive definiteness.
    Line search step size 5.000000e-01.  Lack of positive definiteness.
    Line search step size chosen: 2.500000e-01.
  Objective value decreased by 1.032192e+02.
Newton iteration 6.
  Active set size = 4743424.
  sub-gradient = 6.252057e+04, l1-norm of X = 4.952415e+02.
  Coordinate descent sweep 1. norm of D = 6.156187e+03, change in D = 6.156187e+03.
  Coordinate descent sweep 2. norm of D = 6.289702e+03, change in D = 1.799254e+03.
  Coordinate descent sweep 3. norm of D = 6.423555e+03, change in D = 6.582050e+02.
    Line search step size 1.000000e+00.  Lack of positive definiteness.
    Line search step size chosen: 5.000000e-01.
  Objective value decreased by 9.918037e+01.
Newton iteration 7.
  Active set size = 4773081.
  sub-gradient = 8.246604e+04, l1-norm of X = 5.786294e+02.
  Coordinate descent sweep 1. norm of D = 3.155679e+03, change in D = 3.155679e+03.
  Coordinate descent sweep 2. norm of D = 3.483031e+03, change in D = 1.121249e+03.
  Coordinate descent sweep 3. norm of D = 3.624707e+03, change in D = 5.604979e+02.
    Line search step size chosen: 1.000000e+00.
  Objective value decreased by 6.098495e+01.
Newton iteration 8.
  Active set size = 782797.
  sub-gradient = 1.099275e+03, l1-norm of X = 6.492725e+02.
  Coordinate descent sweep 1. norm of D = 4.651832e+02, change in D = 4.651832e+02.
  Coordinate descent sweep 2. norm of D = 5.425296e+02, change in D = 3.077196e+02.
  Coordinate descent sweep 3. norm of D = 5.889484e+02, change in D = 1.963038e+02.
    Line search step size chosen: 1.000000e+00.
  Objective value decreased by 2.829333e+00.
Newton iteration 9.
  Active set size = 751623.
  sub-gradient = 2.301804e+02, l1-norm of X = 6.585264e+02.
  Coordinate descent sweep 1. norm of D = 1.412052e+02, change in D = 1.412052e+02.
  Coordinate descent sweep 2. norm of D = 1.647552e+02, change in D = 1.023512e+02.
  Coordinate descent sweep 3. norm of D = 1.769740e+02, change in D = 7.503550e+01.
  Coordinate descent sweep 4. norm of D = 1.841396e+02, change in D = 5.543673e+01.
    Line search step size chosen: 1.000000e+00.
  Objective value decreased by 5.409601e-01.
Newton iteration 10.
  Active set size = 745040.
  sub-gradient = 5.991983e+01, l1-norm of X = 6.607398e+02.
  Coordinate descent sweep 1. norm of D = 4.511962e+01, change in D = 4.511962e+01.
  Coordinate descent sweep 2. norm of D = 5.241799e+01, change in D = 3.791489e+01.
  Coordinate descent sweep 3. norm of D = 5.510211e+01, change in D = 3.115000e+01.
  Coordinate descent sweep 4. norm of D = 5.668989e+01, change in D = 2.549460e+01.
    Line search step size chosen: 1.000000e+00.
  Objective value decreased by 1.266775e-01.
Newton iteration 11.
  Active set size = 744108.
  sub-gradient = 2.281845e+01, l1-norm of X = 6.611770e+02.
  Coordinate descent sweep 1. norm of D = 2.152638e+01, change in D = 2.152638e+01.
  Coordinate descent sweep 2. norm of D = 2.488385e+01, change in D = 1.881411e+01.
  Coordinate descent sweep 3. norm of D = 2.583381e+01, change in D = 1.615958e+01.
  Coordinate descent sweep 4. norm of D = 2.668718e+01, change in D = 1.409568e+01.
    Line search step size chosen: 1.000000e+00.
  Objective value decreased by 4.703964e-02.
Newton iteration 12.
  Active set size = 743794.
  sub-gradient = 1.190018e+01, l1-norm of X = 6.613255e+02.
  Coordinate descent sweep 1. norm of D = 1.172362e+01, change in D = 1.172362e+01.
  Coordinate descent sweep 2. norm of D = 1.451879e+01, change in D = 1.130979e+01.
  Coordinate descent sweep 3. norm of D = 1.507877e+01, change in D = 1.047108e+01.
  Coordinate descent sweep 4. norm of D = 1.521116e+01, change in D = 9.332677e+00.
  Coordinate descent sweep 5. norm of D = 1.532670e+01, change in D = 8.334050e+00.
    Line search step size chosen: 1.000000e+00.
  Objective value decreased by 2.555434e-02.
Newton iteration 13.
  Active set size = 743601.
  sub-gradient = 8.211730e+00, l1-norm of X = 6.613919e+02.
  Coordinate descent sweep 1. norm of D = 7.823908e+00, change in D = 7.823908e+00.
  Coordinate descent sweep 2. norm of D = 8.545585e+00, change in D = 7.089522e+00.
  Coordinate descent sweep 3. norm of D = 8.941607e+00, change in D = 6.391665e+00.
  Coordinate descent sweep 4. norm of D = 8.992646e+00, change in D = 5.674360e+00.
  Coordinate descent sweep 5. norm of D = 9.190821e+00, change in D = 5.379441e+00.
    Line search step size chosen: 1.000000e+00.
  Objective value decreased by 1.281946e-02.
Newton iteration 14.
  Active set size = 743481.
  sub-gradient = 4.511895e+00, l1-norm of X = 6.614288e+02.
  Coordinate descent sweep 1. norm of D = 4.713628e+00, change in D = 4.713628e+00.
  Coordinate descent sweep 2. norm of D = 5.543694e+00, change in D = 4.200777e+00.
  Coordinate descent sweep 3. norm of D = 5.866303e+00, change in D = 4.111730e+00.
  Coordinate descent sweep 4. norm of D = 5.846103e+00, change in D = 3.816910e+00.
  Coordinate descent sweep 5. norm of D = 5.975073e+00, change in D = 3.645761e+00.
    Line search step size chosen: 1.000000e+00.
  Objective value decreased by 6.293813e-03.
Newton iteration 15.
  Active set size = 743484.
  sub-gradient = 4.589186e+00, l1-norm of X = 6.614453e+02.
  Coordinate descent sweep 1. norm of D = 3.432632e+00, change in D = 3.432632e+00.
  Coordinate descent sweep 2. norm of D = 3.957961e+00, change in D = 3.246663e+00.
  Coordinate descent sweep 3. norm of D = 4.070824e+00, change in D = 3.128898e+00.
  Coordinate descent sweep 4. norm of D = 4.222357e+00, change in D = 3.066170e+00.
  Coordinate descent sweep 5. norm of D = 4.162009e+00, change in D = 2.866559e+00.
  Coordinate descent sweep 6. norm of D = 4.107912e+00, change in D = 2.549192e+00.
    Line search step size chosen: 1.000000e+00.
  Objective value decreased by 4.253277e-03.
Newton iteration 16.
  Active set size = 743397.
  sub-gradient = 2.424470e+00, l1-norm of X = 6.614608e+02.
  Coordinate descent sweep 1. norm of D = 2.282631e+00, change in D = 2.282631e+00.
  Coordinate descent sweep 2. norm of D = 2.901350e+00, change in D = 2.502911e+00.
  Coordinate descent sweep 3. norm of D = 2.865019e+00, change in D = 2.376432e+00.
  Coordinate descent sweep 4. norm of D = 2.705780e+00, change in D = 1.907781e+00.
  Coordinate descent sweep 5. norm of D = 2.996100e+00, change in D = 2.076624e+00.
  Coordinate descent sweep 6. norm of D = 2.759969e+00, change in D = 1.798617e+00.
    Line search step size chosen: 1.000000e+00.
  Objective value decreased by 2.358131e-03.
Newton iteration 17.
  Active set size = 743412.
  sub-gradient = 1.908047e+00, l1-norm of X = 6.614709e+02.
  Coordinate descent sweep 1. norm of D = 1.590116e+00, change in D = 1.590116e+00.
  Coordinate descent sweep 2. norm of D = 1.928586e+00, change in D = 1.702553e+00.
  Coordinate descent sweep 3. norm of D = 1.852730e+00, change in D = 1.541519e+00.
  Coordinate descent sweep 4. norm of D = 1.905310e+00, change in D = 1.447444e+00.
  Coordinate descent sweep 5. norm of D = 1.787051e+00, change in D = 1.235881e+00.
  Coordinate descent sweep 6. norm of D = 1.902681e+00, change in D = 1.232002e+00.
    Line search step size chosen: 1.000000e+00.
  Objective value decreased by 1.170753e-03.
Newton iteration 18.
  Active set size = 743391.
  sub-gradient = 1.628288e+00, l1-norm of X = 6.614756e+02.
  Coordinate descent sweep 1. norm of D = 1.233732e+00, change in D = 1.233732e+00.
  Coordinate descent sweep 2. norm of D = 1.430892e+00, change in D = 1.223786e+00.
  Coordinate descent sweep 3. norm of D = 1.375624e+00, change in D = 1.067957e+00.
  Coordinate descent sweep 4. norm of D = 1.375176e+00, change in D = 9.036574e-01.
  Coordinate descent sweep 5. norm of D = 1.423966e+00, change in D = 9.466245e-01.
  Coordinate descent sweep 6. norm of D = 1.432889e+00, change in D = 9.245649e-01.
  Coordinate descent sweep 7. norm of D = 1.488358e+00, change in D = 9.314144e-01.
    Line search step size chosen: 1.000000e+00.
  Objective value decreased by 8.093251e-04.
Newton iteration 19.
  Active set size = 743337.
  sub-gradient = 7.185434e-01, l1-norm of X = 6.614824e+02.
  Coordinate descent sweep 1. norm of D = 8.016093e-01, change in D = 8.016093e-01.
  Coordinate descent sweep 2. norm of D = 1.024745e+00, change in D = 8.308910e-01.
  Coordinate descent sweep 3. norm of D = 1.017671e+00, change in D = 7.952341e-01.
  Coordinate descent sweep 4. norm of D = 1.060193e+00, change in D = 8.002246e-01.
  Coordinate descent sweep 5. norm of D = 1.083589e+00, change in D = 7.810243e-01.
  Coordinate descent sweep 6. norm of D = 1.075226e+00, change in D = 7.393778e-01.
  Coordinate descent sweep 7. norm of D = 1.057909e+00, change in D = 6.814050e-01.
    Line search step size chosen: 1.000000e+00.
  Objective value decreased by 3.974954e-04.
Newton iteration 20.
  Active set size = 743327.
  sub-gradient = 4.949438e-01, l1-norm of X = 6.614853e+02.
  Coordinate descent sweep 1. norm of D = 6.369370e-01, change in D = 6.369370e-01.
  Coordinate descent sweep 2. norm of D = 6.561672e-01, change in D = 5.336391e-01.
  Coordinate descent sweep 3. norm of D = 7.047370e-01, change in D = 5.119449e-01.
  Coordinate descent sweep 4. norm of D = 7.379140e-01, change in D = 5.384078e-01.
  Coordinate descent sweep 5. norm of D = 7.528453e-01, change in D = 5.371768e-01.
  Coordinate descent sweep 6. norm of D = 6.905744e-01, change in D = 4.386822e-01.
  Coordinate descent sweep 7. norm of D = 7.677381e-01, change in D = 4.879461e-01.
    Line search step size chosen: 1.000000e+00.
  Objective value decreased by 2.214209e-04.
Newton iteration 21.
  Active set size = 743330.
  sub-gradient = 5.005312e-01, l1-norm of X = 6.614877e+02.
  Coordinate descent sweep 1. norm of D = 5.216448e-01, change in D = 5.216448e-01.
  Coordinate descent sweep 2. norm of D = 5.402437e-01, change in D = 4.619885e-01.
  Coordinate descent sweep 3. norm of D = 5.550805e-01, change in D = 4.168707e-01.
  Coordinate descent sweep 4. norm of D = 5.806062e-01, change in D = 4.342525e-01.
  Coordinate descent sweep 5. norm of D = 5.399029e-01, change in D = 3.678278e-01.
  Coordinate descent sweep 6. norm of D = 5.777389e-01, change in D = 3.525688e-01.
  Coordinate descent sweep 7. norm of D = 5.482929e-01, change in D = 3.227640e-01.
  Coordinate descent sweep 8. norm of D = 5.749071e-01, change in D = 3.332504e-01.
    Line search step size chosen: 1.000000e+00.
  Objective value decreased by 1.427839e-04.
Newton iteration 22.
  Active set size = 743335.
  sub-gradient = 4.393821e-01, l1-norm of X = 6.614892e+02.
  Coordinate descent sweep 1. norm of D = 3.749025e-01, change in D = 3.749025e-01.
  Coordinate descent sweep 2. norm of D = 4.154538e-01, change in D = 3.744460e-01.
  Coordinate descent sweep 3. norm of D = 4.062911e-01, change in D = 3.443496e-01.
  Coordinate descent sweep 4. norm of D = 4.037480e-01, change in D = 3.201777e-01.
  Coordinate descent sweep 5. norm of D = 3.846200e-01, change in D = 2.725851e-01.
  Coordinate descent sweep 6. norm of D = 4.092307e-01, change in D = 2.821886e-01.
  Coordinate descent sweep 7. norm of D = 3.949492e-01, change in D = 2.682441e-01.
  Coordinate descent sweep 8. norm of D = 3.888735e-01, change in D = 2.342072e-01.
    Line search step size chosen: 1.000000e+00.
  Objective value decreased by 8.028055e-05.
Newton iteration 23.
  Active set size = 743320.
  sub-gradient = 2.339712e-01, l1-norm of X = 6.614905e+02.
  Coordinate descent sweep 1. norm of D = 2.031446e-01, change in D = 2.031446e-01.
  Coordinate descent sweep 2. norm of D = 2.720446e-01, change in D = 2.325344e-01.
  Coordinate descent sweep 3. norm of D = 2.460674e-01, change in D = 2.062445e-01.
  Coordinate descent sweep 4. norm of D = 2.673782e-01, change in D = 1.942332e-01.
  Coordinate descent sweep 5. norm of D = 2.568031e-01, change in D = 1.858933e-01.
  Coordinate descent sweep 6. norm of D = 2.559423e-01, change in D = 1.714410e-01.
  Coordinate descent sweep 7. norm of D = 2.709213e-01, change in D = 1.780058e-01.
  Coordinate descent sweep 8. norm of D = 2.542142e-01, change in D = 1.560140e-01.
    Line search step size chosen: 1.000000e+00.
  Objective value decreased by 4.412132e-05.
Newton iteration 24.
  Active set size = 743322.
  sub-gradient = 1.722600e-01, l1-norm of X = 6.614915e+02.
  Coordinate descent sweep 1. norm of D = 1.649139e-01, change in D = 1.649139e-01.
  Coordinate descent sweep 2. norm of D = 1.825243e-01, change in D = 1.758202e-01.
  Coordinate descent sweep 3. norm of D = 1.762162e-01, change in D = 1.622155e-01.
  Coordinate descent sweep 4. norm of D = 1.853076e-01, change in D = 1.567905e-01.
  Coordinate descent sweep 5. norm of D = 1.842668e-01, change in D = 1.514125e-01.
  Coordinate descent sweep 6. norm of D = 1.892416e-01, change in D = 1.512141e-01.
  Coordinate descent sweep 7. norm of D = 1.907297e-01, change in D = 1.478608e-01.
  Coordinate descent sweep 8. norm of D = 1.782039e-01, change in D = 1.281130e-01.
  Coordinate descent sweep 9. norm of D = 1.757757e-01, change in D = 1.111548e-01.
    Line search step size chosen: 1.000000e+00.
  Objective value decreased by 2.537596e-05.
Newton iteration 25.
  Active set size = 743317.
  sub-gradient = 9.672419e-02, l1-norm of X = 6.614923e+02.
  Coordinate descent sweep 1. norm of D = 1.166875e-01, change in D = 1.166875e-01.
  Coordinate descent sweep 2. norm of D = 1.176685e-01, change in D = 1.090374e-01.
  Coordinate descent sweep 3. norm of D = 1.325853e-01, change in D = 1.127667e-01.
  Coordinate descent sweep 4. norm of D = 1.302966e-01, change in D = 1.076545e-01.
  Coordinate descent sweep 5. norm of D = 1.298143e-01, change in D = 9.892368e-02.
  Coordinate descent sweep 6. norm of D = 1.352745e-01, change in D = 9.963893e-02.
  Coordinate descent sweep 7. norm of D = 1.287257e-01, change in D = 9.283617e-02.
  Coordinate descent sweep 8. norm of D = 1.292390e-01, change in D = 8.940731e-02.
  Coordinate descent sweep 9. norm of D = 1.231080e-01, change in D = 7.668454e-02.
    Line search step size chosen: 1.000000e+00.
  Objective value decreased by 1.203407e-05.
Newton iteration 26.
  Active set size = 743318.
  sub-gradient = 8.051778e-02, l1-norm of X = 6.614927e+02.
  Coordinate descent sweep 1. norm of D = 7.638162e-02, change in D = 7.638162e-02.
  Coordinate descent sweep 2. norm of D = 9.600508e-02, change in D = 8.493880e-02.
  Coordinate descent sweep 3. norm of D = 9.326405e-02, change in D = 8.789090e-02.
  Coordinate descent sweep 4. norm of D = 8.802659e-02, change in D = 7.541267e-02.
  Coordinate descent sweep 5. norm of D = 9.482844e-02, change in D = 7.671544e-02.
  Coordinate descent sweep 6. norm of D = 9.354628e-02, change in D = 7.614050e-02.
  Coordinate descent sweep 7. norm of D = 9.046542e-02, change in D = 6.850644e-02.
  Coordinate descent sweep 8. norm of D = 8.559191e-02, change in D = 6.285095e-02.
  Coordinate descent sweep 9. norm of D = 9.218858e-02, change in D = 6.503599e-02.
    Line search step size chosen: 1.000000e+00.
  Objective value decreased by 6.044741e-06.
Newton iteration 27.
  Active set size = 743318.
  sub-gradient = 5.104113e-02, l1-norm of X = 6.614931e+02.
  Coordinate descent sweep 1. norm of D = 6.035120e-02, change in D = 6.035120e-02.
  Coordinate descent sweep 2. norm of D = 6.766216e-02, change in D = 5.478986e-02.
  Coordinate descent sweep 3. norm of D = 7.117053e-02, change in D = 5.461675e-02.
  Coordinate descent sweep 4. norm of D = 7.396509e-02, change in D = 5.479913e-02.
  Coordinate descent sweep 5. norm of D = 7.312323e-02, change in D = 5.316938e-02.
  Coordinate descent sweep 6. norm of D = 7.049346e-02, change in D = 4.745129e-02.
  Coordinate descent sweep 7. norm of D = 7.383491e-02, change in D = 4.631397e-02.
  Coordinate descent sweep 8. norm of D = 6.985937e-02, change in D = 3.812283e-02.
  Coordinate descent sweep 9. norm of D = 7.128048e-02, change in D = 3.709554e-02.
  Coordinate descent sweep 10. norm of D = 7.466704e-02, change in D = 4.275977e-02.
    Line search step size chosen: 1.000000e+00.
  Objective value decreased by 3.539309e-06.
QUIC CPU time: 22841.910 seconds
