[1] "sra_normal" "250"        "0.70"      
[1] "Data read complete"
Running QUIC version 1.1 in 'default' mode.
Newton iteration 1.
  X is a diagonal matrix.
    Line search step size chosen: 1.000000e+00.
  Objective value decreased by 3.909058e-02.
Newton iteration 2.
  Active set size = 5772.
  sub-gradient = 8.436385e-02, l1-norm of X = 5.557743e-01.
  Coordinate descent sweep 1. norm of D = 8.126501e-02, change in D = 8.126501e-02.
    Line search step size chosen: 1.000000e+00.
  Objective value decreased by 5.495173e-04.
Newton iteration 3.
  Active set size = 5772.
  sub-gradient = 2.778465e-03, l1-norm of X = 5.615941e-01.
  Coordinate descent sweep 1. norm of D = 2.741177e-03, change in D = 2.741177e-03.
  Coordinate descent sweep 2. norm of D = 3.066731e-03, change in D = 4.529886e-04.
    Line search step size chosen: 1.000000e+00.
  Objective value decreased by 1.080901e-06.
Newton iteration 4.
  Active set size = 5772.
  sub-gradient = 2.165923e-05, l1-norm of X = 5.620804e-01.
  Coordinate descent sweep 1. norm of D = 2.491311e-05, change in D = 2.491311e-05.
  Coordinate descent sweep 2. norm of D = 3.083263e-05, change in D = 5.919517e-06.
