[1] "sra_normal"    "1"             "pooling_first" "0.24"         
[1] "Data read complete"
Running QUIC version 1.1 in 'default' mode.
Newton iteration 1.
  X is a diagonal matrix.
    Line search step size 1.000000e+00.  Lack of positive definiteness.
    Line search step size 5.000000e-01.  Lack of positive definiteness.
    Line search step size 2.500000e-01.  Lack of positive definiteness.
    Line search step size 1.250000e-01.  Lack of positive definiteness.
    Line search step size 6.250000e-02.  Lack of positive definiteness.
    Line search step size 3.125000e-02.  Lack of positive definiteness.
    Line search step size 1.562500e-02.  Lack of positive definiteness.
    Line search step size 7.812500e-03.  Lack of positive definiteness.
    Line search step size 3.906250e-03.  Lack of positive definiteness.
    Line search step size 1.953125e-03.  Lack of positive definiteness.
    Line search step size 9.765625e-04.  Lack of positive definiteness.
    Line search step size chosen: 4.882812e-04.
  Objective value decreased by 1.074366e+03.
Newton iteration 2.
  Active set size = 10781293.
  sub-gradient = 2.878871e+06, l1-norm of X = 6.754455e+02.
  Coordinate descent sweep 1. norm of D = 1.054811e+06, change in D = 1.054811e+06.
    Line search step size 1.000000e+00.  Lack of positive definiteness.
    Line search step size 5.000000e-01.  Lack of positive definiteness.
    Line search step size 2.500000e-01.  Lack of positive definiteness.
    Line search step size 1.250000e-01.  Lack of positive definiteness.
    Line search step size 6.250000e-02.  Lack of positive definiteness.
    Line search step size 3.125000e-02.  Lack of positive definiteness.
    Line search step size 1.562500e-02.  Lack of positive definiteness.
    Line search step size 7.812500e-03.  Lack of positive definiteness.
    Line search step size 3.906250e-03.  Lack of positive definiteness.
    Line search step size 1.953125e-03.  Lack of positive definiteness.
    Line search step size chosen: 9.765625e-04.
  Objective value decreased by 7.762953e+02.
Newton iteration 3.
  Active set size = 10781999.
  sub-gradient = 2.866334e+06, l1-norm of X = 1.168901e+03.
  Coordinate descent sweep 1. norm of D = 3.261649e+05, change in D = 3.261649e+05.
  Coordinate descent sweep 2. norm of D = 2.442927e+05, change in D = 1.762028e+05.
    Line search step size 1.000000e+00.  Lack of positive definiteness.
    Line search step size 5.000000e-01.  Lack of positive definiteness.
    Line search step size 2.500000e-01.  Lack of positive definiteness.
    Line search step size 1.250000e-01.  Lack of positive definiteness.
    Line search step size 6.250000e-02.  Lack of positive definiteness.
    Line search step size 3.125000e-02.  Lack of positive definiteness.
    Line search step size 1.562500e-02.  Lack of positive definiteness.
    Line search step size 7.812500e-03.  Lack of positive definiteness.
    Line search step size chosen: 3.906250e-03.
  Objective value decreased by 6.614688e+02.
Newton iteration 4.
  Active set size = 10785595.
  sub-gradient = 2.797591e+06, l1-norm of X = 1.617010e+03.
  Coordinate descent sweep 1. norm of D = 7.551806e+04, change in D = 7.551806e+04.
  Coordinate descent sweep 2. norm of D = 6.036537e+04, change in D = 4.180827e+04.
    Line search step size 1.000000e+00.  Lack of positive definiteness.
    Line search step size 5.000000e-01.  Lack of positive definiteness.
    Line search step size 2.500000e-01.  Lack of positive definiteness.
    Line search step size 1.250000e-01.  Lack of positive definiteness.
    Line search step size 6.250000e-02.  Lack of positive definiteness.
    Line search step size 3.125000e-02.  Lack of positive definiteness.
    Line search step size 1.562500e-02.  Lack of positive definiteness.
    Line search step size chosen: 7.812500e-03.
  Objective value decreased by 2.521420e+02.
Newton iteration 5.
  Active set size = 10784676.
  sub-gradient = 2.740370e+06, l1-norm of X = 1.812704e+03.
  Coordinate descent sweep 1. norm of D = 3.880341e+04, change in D = 3.880341e+04.
  Coordinate descent sweep 2. norm of D = 3.217727e+04, change in D = 1.911457e+04.
    Line search step size 1.000000e+00.  Lack of positive definiteness.
    Line search step size 5.000000e-01.  Lack of positive definiteness.
    Line search step size 2.500000e-01.  Lack of positive definiteness.
    Line search step size 1.250000e-01.  Lack of positive definiteness.
    Line search step size 6.250000e-02.  Lack of positive definiteness.
    Line search step size 3.125000e-02.  Lack of positive definiteness.
    Line search step size chosen: 1.562500e-02.
  Objective value decreased by 2.216407e+02.
Newton iteration 6.
  Active set size = 10785536.
  sub-gradient = 2.609487e+06, l1-norm of X = 1.985067e+03.
  Coordinate descent sweep 1. norm of D = 2.259730e+04, change in D = 2.259730e+04.
  Coordinate descent sweep 2. norm of D = 2.013511e+04, change in D = 9.774854e+03.
  Coordinate descent sweep 3. norm of D = 2.058735e+04, change in D = 2.510381e+03.
    Line search step size 1.000000e+00.  Lack of positive definiteness.
    Line search step size 5.000000e-01.  Lack of positive definiteness.
    Line search step size 2.500000e-01.  Lack of positive definiteness.
    Line search step size 1.250000e-01.  Lack of positive definiteness.
    Line search step size 6.250000e-02.  Lack of positive definiteness.
    Line search step size chosen: 3.125000e-02.
  Objective value decreased by 2.256384e+02.
Newton iteration 7.
  Active set size = 10786048.
  sub-gradient = 2.360649e+06, l1-norm of X = 2.145951e+03.
  Coordinate descent sweep 1. norm of D = 1.488203e+04, change in D = 1.488203e+04.
  Coordinate descent sweep 2. norm of D = 1.467687e+04, change in D = 5.948943e+03.
  Coordinate descent sweep 3. norm of D = 1.483780e+04, change in D = 1.706168e+03.
    Line search step size 1.000000e+00.  Lack of positive definiteness.
    Line search step size 5.000000e-01.  Lack of positive definiteness.
    Line search step size 2.500000e-01.  Lack of positive definiteness.
    Line search step size 1.250000e-01.  Lack of positive definiteness.
    Line search step size chosen: 6.250000e-02.
  Objective value decreased by 2.632492e+02.
Newton iteration 8.
  Active set size = 10786177.
  sub-gradient = 1.949767e+06, l1-norm of X = 2.279582e+03.
  Coordinate descent sweep 1. norm of D = 1.195029e+04, change in D = 1.195029e+04.
  Coordinate descent sweep 2. norm of D = 1.266405e+04, change in D = 5.483174e+03.
  Coordinate descent sweep 3. norm of D = 1.295406e+04, change in D = 2.054134e+03.
    Line search step size 1.000000e+00.  Lack of positive definiteness.
    Line search step size 5.000000e-01.  Lack of positive definiteness.
    Line search step size 2.500000e-01.  Lack of positive definiteness.
    Line search step size chosen: 1.250000e-01.
  Objective value decreased by 4.009430e+02.
Newton iteration 9.
  Active set size = 10786222.
  sub-gradient = 1.339035e+06, l1-norm of X = 2.429576e+03.
  Coordinate descent sweep 1. norm of D = 9.914731e+03, change in D = 9.914731e+03.
  Coordinate descent sweep 2. norm of D = 1.114087e+04, change in D = 5.598862e+03.
  Coordinate descent sweep 3. norm of D = 1.174478e+04, change in D = 2.970137e+03.
  Coordinate descent sweep 4. norm of D = 1.205728e+04, change in D = 1.494750e+03.
    Line search step size 1.000000e+00.  Lack of positive definiteness.
    Line search step size 5.000000e-01.  Lack of positive definiteness.
    Line search step size chosen: 2.500000e-01.
  Objective value decreased by 6.468270e+02.
Newton iteration 10.
  Active set size = 10786328.
  sub-gradient = 8.524986e+05, l1-norm of X = 2.659502e+03.
  Coordinate descent sweep 1. norm of D = 7.437419e+03, change in D = 7.437419e+03.
