[1] "sra_normal"    "1"             "pooling_first" "0.72"         
[1] "Data read complete"
Running QUIC version 1.1 in 'default' mode.
Newton iteration 1.
  X is a diagonal matrix.
    Line search step size 1.000000e+00.  Lack of positive definiteness.
    Line search step size 5.000000e-01.  Lack of positive definiteness.
    Line search step size 2.500000e-01.  Lack of positive definiteness.
    Line search step size 1.250000e-01.  Lack of positive definiteness.
    Line search step size 6.250000e-02.  Lack of positive definiteness.
    Line search step size 3.125000e-02.  Lack of positive definiteness.
    Line search step size 1.562500e-02.  Lack of positive definiteness.
    Line search step size chosen: 7.812500e-03.
  Objective value decreased by 2.321207e+02.
Newton iteration 2.
  Active set size = 1569635.
  sub-gradient = 1.196815e+05, l1-norm of X = 1.408165e+03.
  Coordinate descent sweep 1. norm of D = 3.105643e+04, change in D = 3.105643e+04.
    Line search step size 1.000000e+00.  Lack of positive definiteness.
    Line search step size 5.000000e-01.  Lack of positive definiteness.
    Line search step size 2.500000e-01.  Lack of positive definiteness.
    Line search step size 1.250000e-01.  Lack of positive definiteness.
    Line search step size 6.250000e-02.  Lack of positive definiteness.
    Line search step size 3.125000e-02.  Lack of positive definiteness.
    Line search step size chosen: 1.562500e-02.
  Objective value decreased by 1.057939e+02.
Newton iteration 3.
  Active set size = 1569635.
  sub-gradient = 1.073142e+05, l1-norm of X = 2.073298e+03.
  Coordinate descent sweep 1. norm of D = 1.478034e+04, change in D = 1.478034e+04.
  Coordinate descent sweep 2. norm of D = 1.236406e+04, change in D = 4.455897e+03.
    Line search step size 1.000000e+00.  Lack of positive definiteness.
    Line search step size 5.000000e-01.  Lack of positive definiteness.
    Line search step size 2.500000e-01.  Lack of positive definiteness.
    Line search step size 1.250000e-01.  Lack of positive definiteness.
    Line search step size 6.250000e-02.  Lack of positive definiteness.
    Line search step size chosen: 3.125000e-02.
  Objective value decreased by 7.695392e+01.
Newton iteration 4.
  Active set size = 1569635.
  sub-gradient = 9.208501e+04, l1-norm of X = 2.531674e+03.
  Coordinate descent sweep 1. norm of D = 9.149875e+03, change in D = 9.149875e+03.
  Coordinate descent sweep 2. norm of D = 7.843283e+03, change in D = 3.016260e+03.
    Line search step size 1.000000e+00.  Lack of positive definiteness.
    Line search step size 5.000000e-01.  Lack of positive definiteness.
    Line search step size 2.500000e-01.  Lack of positive definiteness.
    Line search step size 1.250000e-01.  Lack of positive definiteness.
    Line search step size chosen: 6.250000e-02.
  Objective value decreased by 8.196017e+01.
Newton iteration 5.
  Active set size = 1569758.
  sub-gradient = 8.792113e+04, l1-norm of X = 3.008296e+03.
  Coordinate descent sweep 1. norm of D = 5.314627e+03, change in D = 5.314627e+03.
  Coordinate descent sweep 2. norm of D = 5.044522e+03, change in D = 1.582581e+03.
    Line search step size 1.000000e+00.  Lack of positive definiteness.
    Line search step size 5.000000e-01.  Lack of positive definiteness.
    Line search step size 2.500000e-01.  Lack of positive definiteness.
    Line search step size chosen: 1.250000e-01.
  Objective value decreased by 7.508131e+01.
Newton iteration 6.
  Active set size = 1570253.
  sub-gradient = 2.905813e+05, l1-norm of X = 3.385676e+03.
  Coordinate descent sweep 1. norm of D = 3.758466e+03, change in D = 3.758466e+03.
  Coordinate descent sweep 2. norm of D = 3.859249e+03, change in D = 1.167545e+03.
  Coordinate descent sweep 3. norm of D = 3.967708e+03, change in D = 4.448452e+02.
    Line search step size 1.000000e+00.  Lack of positive definiteness.
    Line search step size 5.000000e-01.  Lack of positive definiteness.
    Line search step size chosen: 2.500000e-01.
  Objective value decreased by 8.775501e+01.
Newton iteration 7.
  Active set size = 1894519.
  sub-gradient = 1.558677e+06, l1-norm of X = 3.778881e+03.
  Coordinate descent sweep 1. norm of D = 2.124258e+03, change in D = 2.124258e+03.
  Coordinate descent sweep 2. norm of D = 2.400976e+03, change in D = 7.774258e+02.
  Coordinate descent sweep 3. norm of D = 2.563088e+03, change in D = 4.377683e+02.
    Line search step size 1.000000e+00.  Lack of positive definiteness.
    Line search step size chosen: 5.000000e-01.
  Objective value decreased by 8.063307e+01.
Newton iteration 8.
  Active set size = 2816950.
  sub-gradient = 2.293552e+06, l1-norm of X = 4.077310e+03.
  Coordinate descent sweep 1. norm of D = 1.120818e+03, change in D = 1.120818e+03.
  Coordinate descent sweep 2. norm of D = 1.317433e+03, change in D = 4.599034e+02.
  Coordinate descent sweep 3. norm of D = 1.444704e+03, change in D = 2.938778e+02.
    Line search step size chosen: 1.000000e+00.
  Objective value decreased by 6.371325e+01.
Newton iteration 9.
  Active set size = 4407360.
  sub-gradient = 2.603001e+06, l1-norm of X = 4.368367e+03.
  Coordinate descent sweep 1. norm of D = 1.849997e+02, change in D = 1.849997e+02.
  Coordinate descent sweep 2. norm of D = 2.620647e+02, change in D = 1.427192e+02.
  Coordinate descent sweep 3. norm of D = 3.258276e+02, change in D = 1.167890e+02.
  Coordinate descent sweep 4. norm of D = 3.791645e+02, change in D = 1.004556e+02.
    Line search step size chosen: 1.000000e+00.
  Objective value decreased by 7.539315e+00.
Newton iteration 10.
  Active set size = 1596229.
  sub-gradient = 4.491191e+05, l1-norm of X = 4.449016e+03.
  Coordinate descent sweep 1. norm of D = 1.767744e+02, change in D = 1.767744e+02.
  Coordinate descent sweep 2. norm of D = 2.415327e+02, change in D = 1.404942e+02.
  Coordinate descent sweep 3. norm of D = 2.955821e+02, change in D = 1.153294e+02.
  Coordinate descent sweep 4. norm of D = 3.414248e+02, change in D = 9.876698e+01.
    Line search step size chosen: 1.000000e+00.
  Objective value decreased by 6.219971e+00.
Newton iteration 11.
  Active set size = 180265.
  sub-gradient = 8.736677e+04, l1-norm of X = 4.525722e+03.
  Coordinate descent sweep 1. norm of D = 1.637257e+02, change in D = 1.637257e+02.
  Coordinate descent sweep 2. norm of D = 2.130437e+02, change in D = 1.250445e+02.
  Coordinate descent sweep 3. norm of D = 2.533857e+02, change in D = 9.955360e+01.
  Coordinate descent sweep 4. norm of D = 2.867766e+02, change in D = 8.198279e+01.
    Line search step size chosen: 1.000000e+00.
  Objective value decreased by 4.089436e+00.
Newton iteration 12.
  Active set size = 137630.
  sub-gradient = 4.611286e+04, l1-norm of X = 4.590414e+03.
  Coordinate descent sweep 1. norm of D = 1.310581e+02, change in D = 1.310581e+02.
  Coordinate descent sweep 2. norm of D = 1.614216e+02, change in D = 9.673916e+01.
  Coordinate descent sweep 3. norm of D = 1.855619e+02, change in D = 7.174282e+01.
  Coordinate descent sweep 4. norm of D = 2.052078e+02, change in D = 5.548000e+01.
  Coordinate descent sweep 5. norm of D = 2.208382e+02, change in D = 4.397347e+01.
    Line search step size chosen: 1.000000e+00.
  Objective value decreased by 2.210289e+00.
Newton iteration 13.
  Active set size = 127349.
  sub-gradient = 2.424532e+04, l1-norm of X = 4.639968e+03.
  Coordinate descent sweep 1. norm of D = 8.198624e+01, change in D = 8.198624e+01.
  Coordinate descent sweep 2. norm of D = 9.054153e+01, change in D = 5.773044e+01.
  Coordinate descent sweep 3. norm of D = 9.716603e+01, change in D = 3.861847e+01.
  Coordinate descent sweep 4. norm of D = 1.030940e+02, change in D = 2.662101e+01.
  Coordinate descent sweep 5. norm of D = 1.079946e+02, change in D = 1.891982e+01.
    Line search step size chosen: 1.000000e+00.
  Objective value decreased by 7.979437e-01.
Newton iteration 14.
  Active set size = 123235.
  sub-gradient = 1.197843e+04, l1-norm of X = 4.664940e+03.
  Coordinate descent sweep 1. norm of D = 4.492414e+01, change in D = 4.492414e+01.
  Coordinate descent sweep 2. norm of D = 4.385616e+01, change in D = 3.246269e+01.
  Coordinate descent sweep 3. norm of D = 4.243462e+01, change in D = 1.979184e+01.
  Coordinate descent sweep 4. norm of D = 4.209478e+01, change in D = 1.201480e+01.
  Coordinate descent sweep 5. norm of D = 4.239787e+01, change in D = 7.452239e+00.
    Line search step size chosen: 1.000000e+00.
  Objective value decreased by 2.955557e-01.
Newton iteration 15.
  Active set size = 121701.
  sub-gradient = 4.943405e+03, l1-norm of X = 4.675316e+03.
  Coordinate descent sweep 1. norm of D = 2.186513e+01, change in D = 2.186513e+01.
  Coordinate descent sweep 2. norm of D = 1.956599e+01, change in D = 1.730032e+01.
  Coordinate descent sweep 3. norm of D = 1.697698e+01, change in D = 1.028847e+01.
  Coordinate descent sweep 4. norm of D = 1.567902e+01, change in D = 5.765350e+00.
  Coordinate descent sweep 5. norm of D = 1.520117e+01, change in D = 3.211310e+00.
  Coordinate descent sweep 6. norm of D = 1.506119e+01, change in D = 1.812811e+00.
    Line search step size chosen: 1.000000e+00.
  Objective value decreased by 8.009921e-02.
Newton iteration 16.
  Active set size = 121522.
  sub-gradient = 1.351588e+03, l1-norm of X = 4.678881e+03.
  Coordinate descent sweep 1. norm of D = 9.361242e+00, change in D = 9.361242e+00.
  Coordinate descent sweep 2. norm of D = 8.635528e+00, change in D = 7.053461e+00.
  Coordinate descent sweep 3. norm of D = 7.429753e+00, change in D = 3.852804e+00.
  Coordinate descent sweep 4. norm of D = 6.868849e+00, change in D = 2.016177e+00.
  Coordinate descent sweep 5. norm of D = 6.642123e+00, change in D = 1.058455e+00.
  Coordinate descent sweep 6. norm of D = 6.569880e+00, change in D = 5.491633e-01.
    Line search step size chosen: 1.000000e+00.
  Objective value decreased by 1.868193e-02.
Newton iteration 17.
  Active set size = 122650.
  sub-gradient = 1.531755e+02, l1-norm of X = 4.679918e+03.
  Coordinate descent sweep 1. norm of D = 8.162470e+00, change in D = 8.162470e+00.
  Coordinate descent sweep 2. norm of D = 8.281907e+00, change in D = 5.221748e+00.
  Coordinate descent sweep 3. norm of D = 7.889641e+00, change in D = 2.418004e+00.
  Coordinate descent sweep 4. norm of D = 7.731951e+00, change in D = 1.092207e+00.
  Coordinate descent sweep 5. norm of D = 7.684349e+00, change in D = 4.974767e-01.
  Coordinate descent sweep 6. norm of D = 7.673619e+00, change in D = 2.307658e-01.
    Line search step size chosen: 1.000000e+00.
  Objective value decreased by 1.023347e-02.
Newton iteration 18.
  Active set size = 123431.
  sub-gradient = 6.538616e+00, l1-norm of X = 4.680070e+03.
  Coordinate descent sweep 1. norm of D = 1.377654e+00, change in D = 1.377654e+00.
  Coordinate descent sweep 2. norm of D = 1.417398e+00, change in D = 1.061381e+00.
  Coordinate descent sweep 3. norm of D = 1.328179e+00, change in D = 5.502631e-01.
  Coordinate descent sweep 4. norm of D = 1.293725e+00, change in D = 2.695266e-01.
  Coordinate descent sweep 5. norm of D = 1.283670e+00, change in D = 1.294108e-01.
  Coordinate descent sweep 6. norm of D = 1.282418e+00, change in D = 6.259854e-02.
    Line search step size chosen: 1.000000e+00.
  Objective value decreased by 3.170160e-04.
Newton iteration 19.
  Active set size = 123529.
  sub-gradient = 4.766990e-02, l1-norm of X = 4.680072e+03.
  Coordinate descent sweep 1. norm of D = 4.216061e-02, change in D = 4.216061e-02.
  Coordinate descent sweep 2. norm of D = 4.839431e-02, change in D = 2.738144e-02.
  Coordinate descent sweep 3. norm of D = 5.000094e-02, change in D = 1.519016e-02.
  Coordinate descent sweep 4. norm of D = 5.083520e-02, change in D = 7.924994e-03.
  Coordinate descent sweep 5. norm of D = 5.129137e-02, change in D = 3.998467e-03.
  Coordinate descent sweep 6. norm of D = 5.151361e-02, change in D = 2.024754e-03.
    Line search step size chosen: 1.000000e+00.
  Objective value decreased by 2.176685e-07.
QUIC CPU time: 9420.890 seconds
