[1] "sra_normal"    "1"             "pooling_first" "0.90"         
[1] "Data read complete"
Running QUIC version 1.1 in 'default' mode.
Newton iteration 1.
  X is a diagonal matrix.
    Line search step size 1.000000e+00.  Lack of positive definiteness.
    Line search step size 5.000000e-01.  Lack of positive definiteness.
    Line search step size 2.500000e-01.  Lack of positive definiteness.
    Line search step size chosen: 1.250000e-01.
  Objective value decreased by 1.755823e+01.
Newton iteration 2.
  Active set size = 100054.
  sub-gradient = 1.713032e+03, l1-norm of X = 4.792183e+02.
  Coordinate descent sweep 1. norm of D = 1.159317e+03, change in D = 1.159317e+03.
    Line search step size 1.000000e+00.  Lack of positive definiteness.
    Line search step size 5.000000e-01.  Lack of positive definiteness.
    Line search step size chosen: 2.500000e-01.
  Objective value decreased by 1.371013e+01.
Newton iteration 3.
  Active set size = 100054.
  sub-gradient = 1.171811e+03, l1-norm of X = 9.672062e+02.
  Coordinate descent sweep 1. norm of D = 5.721120e+02, change in D = 5.721120e+02.
  Coordinate descent sweep 2. norm of D = 5.396049e+02, change in D = 1.062736e+02.
    Line search step size chosen: 1.000000e+00.
  Objective value decreased by 8.793078e+00.
Newton iteration 4.
  Active set size = 62583.
  sub-gradient = 4.747298e+02, l1-norm of X = 1.534994e+03.
  Coordinate descent sweep 1. norm of D = 7.604912e+01, change in D = 7.604912e+01.
  Coordinate descent sweep 2. norm of D = 6.088031e+01, change in D = 3.567599e+01.
    Line search step size chosen: 1.000000e+00.
  Objective value decreased by 3.460625e-01.
Newton iteration 5.
  Active set size = 60886.
  sub-gradient = 1.063838e+02, l1-norm of X = 1.485011e+03.
  Coordinate descent sweep 1. norm of D = 1.673542e+01, change in D = 1.673542e+01.
  Coordinate descent sweep 2. norm of D = 1.314294e+01, change in D = 8.899266e+00.
    Line search step size chosen: 1.000000e+00.
  Objective value decreased by 2.198631e-02.
Newton iteration 6.
  Active set size = 60664.
  sub-gradient = 1.091307e+01, l1-norm of X = 1.470920e+03.
  Coordinate descent sweep 1. norm of D = 3.091412e+00, change in D = 3.091412e+00.
  Coordinate descent sweep 2. norm of D = 2.850124e+00, change in D = 1.198160e+00.
  Coordinate descent sweep 3. norm of D = 2.870087e+00, change in D = 3.288163e-01.
    Line search step size chosen: 1.000000e+00.
  Objective value decreased by 6.527924e-04.
Newton iteration 7.
  Active set size = 60716.
  sub-gradient = 1.756380e-01, l1-norm of X = 1.469378e+03.
  Coordinate descent sweep 1. norm of D = 1.196513e-01, change in D = 1.196513e-01.
  Coordinate descent sweep 2. norm of D = 1.188328e-01, change in D = 4.155909e-02.
  Coordinate descent sweep 3. norm of D = 1.195086e-01, change in D = 1.177655e-02.
    Line search step size chosen: 1.000000e+00.
  Objective value decreased by 4.348136e-06.
Newton iteration 8.
  Active set size = 60718.
  sub-gradient = 4.484792e-03, l1-norm of X = 1.469382e+03.
  Coordinate descent sweep 1. norm of D = 3.537165e-03, change in D = 3.537165e-03.
  Coordinate descent sweep 2. norm of D = 3.530297e-03, change in D = 1.080054e-03.
  Coordinate descent sweep 3. norm of D = 3.571376e-03, change in D = 3.286997e-04.
    Line search step size chosen: 1.000000e+00.
  Objective value decreased by 9.958967e-10.
QUIC CPU time: 966.020 seconds
