[1] "/data/abattle4/prashanthi/recount3/data/blood/all/weighted_covariances/cov_20.rds"
[1] "Data read complete"
Running QUIC version 1.1 in 'default' mode.
Newton iteration 1.
  X is a diagonal matrix.
    Line search step size 1.000000e+00.  Lack of positive definiteness.
    Line search step size 5.000000e-01.  Lack of positive definiteness.
    Line search step size 2.500000e-01.  Lack of positive definiteness.
    Line search step size 1.250000e-01.  Lack of positive definiteness.
    Line search step size 6.250000e-02.  Lack of positive definiteness.
    Line search step size chosen: 3.125000e-02.
  Objective value decreased by 5.711523e+01.
Newton iteration 2.
  Active set size = 125391.
  sub-gradient = 6.533037e+03, l1-norm of X = 9.413252e+01.
  Coordinate descent sweep 1. norm of D = 4.672822e+03, change in D = 4.672822e+03.
    Line search step size 1.000000e+00.  Lack of positive definiteness.
    Line search step size 5.000000e-01.  Lack of positive definiteness.
    Line search step size 2.500000e-01.  Lack of positive definiteness.
    Line search step size 1.250000e-01.  Lack of positive definiteness.
    Line search step size chosen: 6.250000e-02.
  Objective value decreased by 6.172647e+01.
Newton iteration 3.
  Active set size = 125391.
  sub-gradient = 5.654207e+03, l1-norm of X = 2.199206e+02.
  Coordinate descent sweep 1. norm of D = 2.952167e+03, change in D = 2.952167e+03.
  Coordinate descent sweep 2. norm of D = 2.661432e+03, change in D = 6.180950e+02.
    Line search step size 1.000000e+00.  Lack of positive definiteness.
    Line search step size 5.000000e-01.  Lack of positive definiteness.
    Line search step size chosen: 2.500000e-01.
  Objective value decreased by 8.705257e+01.
Newton iteration 4.
  Active set size = 128050.
  sub-gradient = 5.461556e+03, l1-norm of X = 4.750669e+02.
  Coordinate descent sweep 1. norm of D = 1.311750e+03, change in D = 1.311750e+03.
  Coordinate descent sweep 2. norm of D = 1.362413e+03, change in D = 3.321615e+02.
    Line search step size 1.000000e+00.  Lack of positive definiteness.
    Line search step size chosen: 5.000000e-01.
  Objective value decreased by 4.347322e+01.
Newton iteration 5.
  Active set size = 127128.
  sub-gradient = 4.667235e+03, l1-norm of X = 6.326103e+02.
  Coordinate descent sweep 1. norm of D = 6.882431e+02, change in D = 6.882431e+02.
  Coordinate descent sweep 2. norm of D = 7.750031e+02, change in D = 2.267081e+02.
    Line search step size chosen: 1.000000e+00.
  Objective value decreased by 2.358599e+01.
Newton iteration 6.
  Active set size = 68825.
  sub-gradient = 7.275581e+02, l1-norm of X = 7.636898e+02.
  Coordinate descent sweep 1. norm of D = 1.580082e+02, change in D = 1.580082e+02.
  Coordinate descent sweep 2. norm of D = 1.909638e+02, change in D = 9.034560e+01.
  Coordinate descent sweep 3. norm of D = 2.113038e+02, change in D = 5.362434e+01.
    Line search step size chosen: 1.000000e+00.
  Objective value decreased by 3.778204e+00.
Newton iteration 7.
  Active set size = 65849.
  sub-gradient = 2.120574e+02, l1-norm of X = 7.810645e+02.
  Coordinate descent sweep 1. norm of D = 4.785199e+01, change in D = 4.785199e+01.
  Coordinate descent sweep 2. norm of D = 5.726639e+01, change in D = 3.305412e+01.
  Coordinate descent sweep 3. norm of D = 6.455067e+01, change in D = 2.249268e+01.
    Line search step size chosen: 1.000000e+00.
  Objective value decreased by 7.184790e-01.
Newton iteration 8.
  Active set size = 65178.
  sub-gradient = 4.682691e+01, l1-norm of X = 7.858480e+02.
  Coordinate descent sweep 1. norm of D = 1.838696e+01, change in D = 1.838696e+01.
  Coordinate descent sweep 2. norm of D = 2.246997e+01, change in D = 1.338374e+01.
  Coordinate descent sweep 3. norm of D = 2.541733e+01, change in D = 9.619536e+00.
    Line search step size chosen: 1.000000e+00.
  Objective value decreased by 1.583661e-01.
Newton iteration 9.
  Active set size = 65127.
  sub-gradient = 9.572627e+00, l1-norm of X = 7.871783e+02.
  Coordinate descent sweep 1. norm of D = 7.460146e+00, change in D = 7.460146e+00.
  Coordinate descent sweep 2. norm of D = 9.652269e+00, change in D = 5.807810e+00.
  Coordinate descent sweep 3. norm of D = 1.100479e+01, change in D = 4.455693e+00.
  Coordinate descent sweep 4. norm of D = 1.196645e+01, change in D = 3.465735e+00.
    Line search step size chosen: 1.000000e+00.
  Objective value decreased by 4.782483e-02.
Newton iteration 10.
  Active set size = 65062.
  sub-gradient = 2.964437e+00, l1-norm of X = 7.878227e+02.
  Coordinate descent sweep 1. norm of D = 2.824845e+00, change in D = 2.824845e+00.
  Coordinate descent sweep 2. norm of D = 3.645802e+00, change in D = 2.279154e+00.
  Coordinate descent sweep 3. norm of D = 4.149390e+00, change in D = 1.831494e+00.
  Coordinate descent sweep 4. norm of D = 4.570403e+00, change in D = 1.518383e+00.
    Line search step size chosen: 1.000000e+00.
  Objective value decreased by 1.110925e-02.
Newton iteration 11.
  Active set size = 65026.
  sub-gradient = 1.616958e+00, l1-norm of X = 7.880271e+02.
  Coordinate descent sweep 1. norm of D = 1.276066e+00, change in D = 1.276066e+00.
  Coordinate descent sweep 2. norm of D = 1.621546e+00, change in D = 1.042871e+00.
  Coordinate descent sweep 3. norm of D = 1.885925e+00, change in D = 8.909840e-01.
  Coordinate descent sweep 4. norm of D = 2.056771e+00, change in D = 7.359083e-01.
    Line search step size chosen: 1.000000e+00.
  Objective value decreased by 3.258136e-03.
Newton iteration 12.
  Active set size = 65022.
  sub-gradient = 1.120987e+00, l1-norm of X = 7.881143e+02.
  Coordinate descent sweep 1. norm of D = 6.274587e-01, change in D = 6.274587e-01.
  Coordinate descent sweep 2. norm of D = 8.260631e-01, change in D = 5.467524e-01.
  Coordinate descent sweep 3. norm of D = 9.589801e-01, change in D = 4.765466e-01.
  Coordinate descent sweep 4. norm of D = 1.056760e+00, change in D = 4.082782e-01.
  Coordinate descent sweep 5. norm of D = 1.138518e+00, change in D = 3.506311e-01.
    Line search step size chosen: 1.000000e+00.
  Objective value decreased by 1.365256e-03.
Newton iteration 13.
  Active set size = 65022.
  sub-gradient = 3.162329e-01, l1-norm of X = 7.881655e+02.
  Coordinate descent sweep 1. norm of D = 3.023555e-01, change in D = 3.023555e-01.
  Coordinate descent sweep 2. norm of D = 3.926560e-01, change in D = 2.566230e-01.
  Coordinate descent sweep 3. norm of D = 4.460838e-01, change in D = 2.254262e-01.
  Coordinate descent sweep 4. norm of D = 4.965631e-01, change in D = 2.014887e-01.
  Coordinate descent sweep 5. norm of D = 5.345699e-01, change in D = 1.741986e-01.
    Line search step size chosen: 1.000000e+00.
  Objective value decreased by 3.934848e-04.
Newton iteration 14.
  Active set size = 65020.
  sub-gradient = 1.491515e-01, l1-norm of X = 7.881856e+02.
  Coordinate descent sweep 1. norm of D = 1.487179e-01, change in D = 1.487179e-01.
  Coordinate descent sweep 2. norm of D = 2.004174e-01, change in D = 1.343298e-01.
  Coordinate descent sweep 3. norm of D = 2.363500e-01, change in D = 1.210656e-01.
  Coordinate descent sweep 4. norm of D = 2.550195e-01, change in D = 9.713290e-02.
  Coordinate descent sweep 5. norm of D = 2.755762e-01, change in D = 9.148488e-02.
    Line search step size chosen: 1.000000e+00.
  Objective value decreased by 1.259854e-04.
Newton iteration 15.
  Active set size = 65019.
  sub-gradient = 1.036207e-01, l1-norm of X = 7.881967e+02.
  Coordinate descent sweep 1. norm of D = 8.280876e-02, change in D = 8.280876e-02.
  Coordinate descent sweep 2. norm of D = 1.071089e-01, change in D = 7.293997e-02.
  Coordinate descent sweep 3. norm of D = 1.231334e-01, change in D = 6.141844e-02.
  Coordinate descent sweep 4. norm of D = 1.364660e-01, change in D = 5.587354e-02.
  Coordinate descent sweep 5. norm of D = 1.451972e-01, change in D = 4.691098e-02.
  Coordinate descent sweep 6. norm of D = 1.533439e-01, change in D = 4.341663e-02.
    Line search step size chosen: 1.000000e+00.
  Objective value decreased by 4.699851e-05.
Newton iteration 16.
  Active set size = 65019.
  sub-gradient = 3.673227e-02, l1-norm of X = 7.882030e+02.
  Coordinate descent sweep 1. norm of D = 3.984619e-02, change in D = 3.984619e-02.
  Coordinate descent sweep 2. norm of D = 5.125097e-02, change in D = 3.640346e-02.
  Coordinate descent sweep 3. norm of D = 5.944889e-02, change in D = 3.148998e-02.
  Coordinate descent sweep 4. norm of D = 6.485793e-02, change in D = 2.826828e-02.
  Coordinate descent sweep 5. norm of D = 7.129772e-02, change in D = 2.500427e-02.
  Coordinate descent sweep 6. norm of D = 7.618525e-02, change in D = 2.279696e-02.
    Line search step size chosen: 1.000000e+00.
  Objective value decreased by 1.454912e-05.
QUIC CPU time: 6766.938 seconds
