[1] "/data/abattle4/prashanthi/recount3/data/blood/all/weighted_covariances/cov_20.rds"
[1] "Data read complete"
Running QUIC version 1.1 in 'default' mode.
Newton iteration 1.
  X is a diagonal matrix.
    Line search step size 1.000000e+00.  Lack of positive definiteness.
    Line search step size 5.000000e-01.  Lack of positive definiteness.
    Line search step size 2.500000e-01.  Lack of positive definiteness.
    Line search step size 1.250000e-01.  Lack of positive definiteness.
    Line search step size chosen: 6.250000e-02.
  Objective value decreased by 4.721155e+01.
Newton iteration 2.
  Active set size = 46037.
  sub-gradient = 2.092268e+03, l1-norm of X = 9.523236e+01.
  Coordinate descent sweep 1. norm of D = 1.343730e+03, change in D = 1.343730e+03.
    Line search step size 1.000000e+00.  Lack of positive definiteness.
    Line search step size 5.000000e-01.  Lack of positive definiteness.
    Line search step size 2.500000e-01.  Lack of positive definiteness.
    Line search step size chosen: 1.250000e-01.
  Objective value decreased by 3.111865e+01.
Newton iteration 3.
  Active set size = 46038.
  sub-gradient = 1.593113e+03, l1-norm of X = 1.815082e+02.
  Coordinate descent sweep 1. norm of D = 8.302300e+02, change in D = 8.302300e+02.
  Coordinate descent sweep 2. norm of D = 7.991866e+02, change in D = 1.874932e+02.
    Line search step size 1.000000e+00.  Lack of positive definiteness.
    Line search step size chosen: 5.000000e-01.
  Objective value decreased by 3.840881e+01.
Newton iteration 4.
  Active set size = 46060.
  sub-gradient = 1.260431e+03, l1-norm of X = 3.398810e+02.
  Coordinate descent sweep 1. norm of D = 3.429877e+02, change in D = 3.429877e+02.
  Coordinate descent sweep 2. norm of D = 3.907474e+02, change in D = 1.065771e+02.
    Line search step size chosen: 1.000000e+00.
  Objective value decreased by 1.393552e+01.
Newton iteration 5.
  Active set size = 29741.
  sub-gradient = 1.458585e+02, l1-norm of X = 4.233285e+02.
  Coordinate descent sweep 1. norm of D = 7.736045e+01, change in D = 7.736045e+01.
  Coordinate descent sweep 2. norm of D = 9.710315e+01, change in D = 4.132227e+01.
    Line search step size chosen: 1.000000e+00.
  Objective value decreased by 1.639459e+00.
Newton iteration 6.
  Active set size = 28766.
  sub-gradient = 3.891200e+01, l1-norm of X = 4.333131e+02.
  Coordinate descent sweep 1. norm of D = 2.809560e+01, change in D = 2.809560e+01.
  Coordinate descent sweep 2. norm of D = 3.568233e+01, change in D = 1.706233e+01.
  Coordinate descent sweep 3. norm of D = 4.024274e+01, change in D = 1.111203e+01.
    Line search step size chosen: 1.000000e+00.
  Objective value decreased by 4.232934e-01.
Newton iteration 7.
  Active set size = 28466.
  sub-gradient = 1.005759e+01, l1-norm of X = 4.368439e+02.
  Coordinate descent sweep 1. norm of D = 8.248021e+00, change in D = 8.248021e+00.
  Coordinate descent sweep 2. norm of D = 1.087083e+01, change in D = 5.796657e+00.
  Coordinate descent sweep 3. norm of D = 1.248801e+01, change in D = 4.129672e+00.
    Line search step size chosen: 1.000000e+00.
  Objective value decreased by 6.818748e-02.
Newton iteration 8.
  Active set size = 28393.
  sub-gradient = 3.712412e+00, l1-norm of X = 4.377738e+02.
  Coordinate descent sweep 1. norm of D = 3.158249e+00, change in D = 3.158249e+00.
  Coordinate descent sweep 2. norm of D = 4.082671e+00, change in D = 2.320433e+00.
  Coordinate descent sweep 3. norm of D = 4.691386e+00, change in D = 1.700865e+00.
    Line search step size chosen: 1.000000e+00.
  Objective value decreased by 1.524743e-02.
Newton iteration 9.
  Active set size = 28372.
  sub-gradient = 1.385320e+00, l1-norm of X = 4.380904e+02.
  Coordinate descent sweep 1. norm of D = 1.297072e+00, change in D = 1.297072e+00.
  Coordinate descent sweep 2. norm of D = 1.684383e+00, change in D = 9.706131e-01.
  Coordinate descent sweep 3. norm of D = 1.971852e+00, change in D = 7.935865e-01.
  Coordinate descent sweep 4. norm of D = 2.162595e+00, change in D = 6.166150e-01.
    Line search step size chosen: 1.000000e+00.
  Objective value decreased by 4.274366e-03.
Newton iteration 10.
  Active set size = 28358.
  sub-gradient = 5.340031e-01, l1-norm of X = 4.382193e+02.
  Coordinate descent sweep 1. norm of D = 5.071850e-01, change in D = 5.071850e-01.
  Coordinate descent sweep 2. norm of D = 6.626027e-01, change in D = 3.904388e-01.
  Coordinate descent sweep 3. norm of D = 7.584304e-01, change in D = 3.153505e-01.
  Coordinate descent sweep 4. norm of D = 8.416314e-01, change in D = 2.577620e-01.
    Line search step size chosen: 1.000000e+00.
  Objective value decreased by 9.183851e-04.
Newton iteration 11.
  Active set size = 28354.
  sub-gradient = 2.250165e-01, l1-norm of X = 4.382736e+02.
  Coordinate descent sweep 1. norm of D = 2.101795e-01, change in D = 2.101795e-01.
  Coordinate descent sweep 2. norm of D = 2.819758e-01, change in D = 1.675942e-01.
  Coordinate descent sweep 3. norm of D = 3.303713e-01, change in D = 1.460053e-01.
  Coordinate descent sweep 4. norm of D = 3.662345e-01, change in D = 1.145126e-01.
    Line search step size chosen: 1.000000e+00.
  Objective value decreased by 2.226587e-04.
Newton iteration 12.
  Active set size = 28352.
  sub-gradient = 9.568458e-02, l1-norm of X = 4.382951e+02.
  Coordinate descent sweep 1. norm of D = 9.178032e-02, change in D = 9.178032e-02.
  Coordinate descent sweep 2. norm of D = 1.260586e-01, change in D = 7.487225e-02.
  Coordinate descent sweep 3. norm of D = 1.472239e-01, change in D = 6.188798e-02.
  Coordinate descent sweep 4. norm of D = 1.613468e-01, change in D = 5.220673e-02.
  Coordinate descent sweep 5. norm of D = 1.747285e-01, change in D = 4.309217e-02.
    Line search step size chosen: 1.000000e+00.
  Objective value decreased by 6.005996e-05.
Newton iteration 13.
  Active set size = 28351.
  sub-gradient = 3.371563e-02, l1-norm of X = 4.383047e+02.
  Coordinate descent sweep 1. norm of D = 3.515751e-02, change in D = 3.515751e-02.
  Coordinate descent sweep 2. norm of D = 4.678856e-02, change in D = 2.887593e-02.
  Coordinate descent sweep 3. norm of D = 5.506525e-02, change in D = 2.453322e-02.
  Coordinate descent sweep 4. norm of D = 6.241002e-02, change in D = 2.144962e-02.
  Coordinate descent sweep 5. norm of D = 6.766711e-02, change in D = 1.802449e-02.
    Line search step size chosen: 1.000000e+00.
  Objective value decreased by 1.044070e-05.
QUIC CPU time: 5323.358 seconds
