[1] "/data/abattle4/prashanthi/recount3/data/blood/all/weighted_covariances/cov_20.rds"
[1] "Data read complete"
Running QUIC version 1.1 in 'default' mode.
Newton iteration 1.
  X is a diagonal matrix.
    Line search step size 1.000000e+00.  Lack of positive definiteness.
    Line search step size 5.000000e-01.  Lack of positive definiteness.
    Line search step size 2.500000e-01.  Lack of positive definiteness.
    Line search step size chosen: 1.250000e-01.
  Objective value decreased by 1.325702e+01.
Newton iteration 2.
  Active set size = 13496.
  sub-gradient = 2.746952e+02, l1-norm of X = 4.547268e+01.
  Coordinate descent sweep 1. norm of D = 1.977631e+02, change in D = 1.977631e+02.
    Line search step size 1.000000e+00.  Lack of positive definiteness.
    Line search step size 5.000000e-01.  Lack of positive definiteness.
    Line search step size chosen: 2.500000e-01.
  Objective value decreased by 7.247972e+00.
Newton iteration 3.
  Active set size = 13496.
  sub-gradient = 1.751747e+02, l1-norm of X = 8.069012e+01.
  Coordinate descent sweep 1. norm of D = 1.113865e+02, change in D = 1.113865e+02.
  Coordinate descent sweep 2. norm of D = 1.155296e+02, change in D = 2.860441e+01.
    Line search step size chosen: 1.000000e+00.
  Objective value decreased by 5.864277e+00.
Newton iteration 4.
  Active set size = 11694.
  sub-gradient = 6.634498e+01, l1-norm of X = 1.322950e+02.
  Coordinate descent sweep 1. norm of D = 2.291262e+01, change in D = 2.291262e+01.
  Coordinate descent sweep 2. norm of D = 2.470379e+01, change in D = 1.103848e+01.
    Line search step size chosen: 1.000000e+00.
  Objective value decreased by 4.374278e-01.
Newton iteration 5.
  Active set size = 11465.
  sub-gradient = 1.095454e+01, l1-norm of X = 1.319124e+02.
  Coordinate descent sweep 1. norm of D = 6.649662e+00, change in D = 6.649662e+00.
  Coordinate descent sweep 2. norm of D = 8.013548e+00, change in D = 3.463424e+00.
    Line search step size chosen: 1.000000e+00.
  Objective value decreased by 5.556180e-02.
Newton iteration 6.
  Active set size = 11424.
  sub-gradient = 2.166675e+00, l1-norm of X = 1.321536e+02.
  Coordinate descent sweep 1. norm of D = 1.940378e+00, change in D = 1.940378e+00.
  Coordinate descent sweep 2. norm of D = 2.447843e+00, change in D = 1.099377e+00.
  Coordinate descent sweep 3. norm of D = 2.739459e+00, change in D = 6.575802e-01.
    Line search step size chosen: 1.000000e+00.
  Objective value decreased by 8.481484e-03.
Newton iteration 7.
  Active set size = 11415.
  sub-gradient = 4.610916e-01, l1-norm of X = 1.324037e+02.
  Coordinate descent sweep 1. norm of D = 4.105422e-01, change in D = 4.105422e-01.
  Coordinate descent sweep 2. norm of D = 5.159872e-01, change in D = 2.507783e-01.
  Coordinate descent sweep 3. norm of D = 5.843834e-01, change in D = 1.619258e-01.
    Line search step size chosen: 1.000000e+00.
  Objective value decreased by 7.112562e-04.
Newton iteration 8.
  Active set size = 11407.
  sub-gradient = 1.198283e-01, l1-norm of X = 1.324653e+02.
  Coordinate descent sweep 1. norm of D = 1.060900e-01, change in D = 1.060900e-01.
  Coordinate descent sweep 2. norm of D = 1.354804e-01, change in D = 7.136868e-02.
  Coordinate descent sweep 3. norm of D = 1.551821e-01, change in D = 4.478452e-02.
    Line search step size chosen: 1.000000e+00.
  Objective value decreased by 6.415335e-05.
Newton iteration 9.
  Active set size = 11408.
  sub-gradient = 3.202126e-02, l1-norm of X = 1.324760e+02.
  Coordinate descent sweep 1. norm of D = 3.127931e-02, change in D = 3.127931e-02.
  Coordinate descent sweep 2. norm of D = 4.027017e-02, change in D = 2.284486e-02.
  Coordinate descent sweep 3. norm of D = 4.472923e-02, change in D = 1.453758e-02.
  Coordinate descent sweep 4. norm of D = 4.843375e-02, change in D = 9.900700e-03.
    Line search step size chosen: 1.000000e+00.
  Objective value decreased by 6.895268e-06.
Newton iteration 10.
  Active set size = 11408.
  sub-gradient = 6.977812e-03, l1-norm of X = 1.324793e+02.
  Coordinate descent sweep 1. norm of D = 6.636972e-03, change in D = 6.636972e-03.
  Coordinate descent sweep 2. norm of D = 9.038647e-03, change in D = 4.932544e-03.
  Coordinate descent sweep 3. norm of D = 1.021456e-02, change in D = 3.448705e-03.
  Coordinate descent sweep 4. norm of D = 1.100392e-02, change in D = 2.334407e-03.
    Line search step size chosen: 1.000000e+00.
  Objective value decreased by 4.902959e-07.
QUIC CPU time: 3636.867 seconds
