[1] "/data/abattle4/prashanthi/recount3/data/blood/all/weighted_covariances/cov_20.rds"
[1] "Data read complete"
Running QUIC version 1.1 in 'default' mode.
Newton iteration 1.
  X is a diagonal matrix.
    Line search step size 1.000000e+00.  Lack of positive definiteness.
    Line search step size 5.000000e-01.  Lack of positive definiteness.
    Line search step size chosen: 2.500000e-01.
  Objective value decreased by 4.813139e+00.
Newton iteration 2.
  Active set size = 9421.
  sub-gradient = 7.916600e+01, l1-norm of X = 2.801617e+01.
  Coordinate descent sweep 1. norm of D = 4.317290e+01, change in D = 4.317290e+01.
    Line search step size chosen: 1.000000e+00.
  Objective value decreased by 1.372603e+00.
Newton iteration 3.
  Active set size = 9151.
  sub-gradient = 8.474893e+01, l1-norm of X = 6.070122e+01.
  Coordinate descent sweep 1. norm of D = 1.528344e+01, change in D = 1.528344e+01.
  Coordinate descent sweep 2. norm of D = 1.459660e+01, change in D = 7.701626e+00.
    Line search step size chosen: 1.000000e+00.
  Objective value decreased by 9.246216e-01.
Newton iteration 4.
  Active set size = 9057.
  sub-gradient = 2.573997e+01, l1-norm of X = 5.755775e+01.
  Coordinate descent sweep 1. norm of D = 6.790000e+00, change in D = 6.790000e+00.
  Coordinate descent sweep 2. norm of D = 6.684301e+00, change in D = 3.717722e+00.
    Line search step size chosen: 1.000000e+00.
  Objective value decreased by 2.469568e-01.
Newton iteration 5.
  Active set size = 9023.
  sub-gradient = 5.942187e+00, l1-norm of X = 5.571174e+01.
  Coordinate descent sweep 1. norm of D = 2.533543e+00, change in D = 2.533543e+00.
  Coordinate descent sweep 2. norm of D = 2.630249e+00, change in D = 1.208469e+00.
    Line search step size chosen: 1.000000e+00.
  Objective value decreased by 3.868725e-02.
Newton iteration 6.
  Active set size = 9020.
  sub-gradient = 8.970672e-01, l1-norm of X = 5.515498e+01.
  Coordinate descent sweep 1. norm of D = 6.060431e-01, change in D = 6.060431e-01.
  Coordinate descent sweep 2. norm of D = 6.933937e-01, change in D = 2.868102e-01.
  Coordinate descent sweep 3. norm of D = 7.334034e-01, change in D = 1.198355e-01.
    Line search step size chosen: 1.000000e+00.
  Objective value decreased by 2.995809e-03.
Newton iteration 7.
  Active set size = 9020.
  sub-gradient = 6.689992e-02, l1-norm of X = 5.510677e+01.
  Coordinate descent sweep 1. norm of D = 5.741961e-02, change in D = 5.741961e-02.
  Coordinate descent sweep 2. norm of D = 6.720131e-02, change in D = 2.484287e-02.
  Coordinate descent sweep 3. norm of D = 7.307205e-02, change in D = 1.635111e-02.
    Line search step size chosen: 1.000000e+00.
  Objective value decreased by 5.201567e-05.
Newton iteration 8.
  Active set size = 9020.
  sub-gradient = 8.280540e-03, l1-norm of X = 5.511064e+01.
  Coordinate descent sweep 1. norm of D = 7.487843e-03, change in D = 7.487843e-03.
  Coordinate descent sweep 2. norm of D = 9.691571e-03, change in D = 4.552684e-03.
  Coordinate descent sweep 3. norm of D = 1.077372e-02, change in D = 2.104688e-03.
    Line search step size chosen: 1.000000e+00.
  Objective value decreased by 1.598021e-06.
Newton iteration 9.
  Active set size = 9020.
  sub-gradient = 1.343038e-03, l1-norm of X = 5.511262e+01.
  Coordinate descent sweep 1. norm of D = 1.190998e-03, change in D = 1.190998e-03.
  Coordinate descent sweep 2. norm of D = 1.539007e-03, change in D = 6.666963e-04.
  Coordinate descent sweep 3. norm of D = 1.724893e-03, change in D = 3.738755e-04.
  Coordinate descent sweep 4. norm of D = 1.874107e-03, change in D = 2.585979e-04.
    Line search step size chosen: 1.000000e+00.
  Objective value decreased by 5.366292e-08.
QUIC CPU time: 3217.163 seconds
