[1] "/work-zfs/abattle4/prashanthi/recount3/data/adipose/all/weighted_covariances/cov_11.rds"
[1] "Data read complete"
Running QUIC version 1.1 in 'default' mode.
Newton iteration 1.
  X is a diagonal matrix.
    Line search step size 1.000000e+00.  Lack of positive definiteness.
    Line search step size 5.000000e-01.  Lack of positive definiteness.
    Line search step size 2.500000e-01.  Lack of positive definiteness.
    Line search step size 1.250000e-01.  Lack of positive definiteness.
    Line search step size chosen: 6.250000e-02.
  Objective value decreased by 8.651078e+01.
Newton iteration 2.
  Active set size = 121044.
  sub-gradient = 4.735922e+03, l1-norm of X = 9.246673e+01.
  Coordinate descent sweep 1. norm of D = 3.894738e+03, change in D = 3.894738e+03.
    Line search step size 1.000000e+00.  Lack of positive definiteness.
    Line search step size 5.000000e-01.  Lack of positive definiteness.
    Line search step size 2.500000e-01.  Lack of positive definiteness.
    Line search step size chosen: 1.250000e-01.
  Objective value decreased by 9.431384e+01.
Newton iteration 3.
  Active set size = 121062.
  sub-gradient = 3.817218e+03, l1-norm of X = 2.243960e+02.
  Coordinate descent sweep 1. norm of D = 2.649544e+03, change in D = 2.649544e+03.
  Coordinate descent sweep 2. norm of D = 2.511962e+03, change in D = 4.901821e+02.
    Line search step size 1.000000e+00.  Lack of positive definiteness.
    Line search step size chosen: 5.000000e-01.
  Objective value decreased by 1.294998e+02.
Newton iteration 4.
  Active set size = 135863.
  sub-gradient = 4.158817e+03, l1-norm of X = 5.164675e+02.
  Coordinate descent sweep 1. norm of D = 9.909620e+02, change in D = 9.909620e+02.
  Coordinate descent sweep 2. norm of D = 1.136752e+03, change in D = 3.027272e+02.
    Line search step size chosen: 1.000000e+00.
  Objective value decreased by 4.250852e+01.
Newton iteration 5.
  Active set size = 95233.
  sub-gradient = 7.917293e+02, l1-norm of X = 6.661445e+02.
  Coordinate descent sweep 1. norm of D = 2.333178e+02, change in D = 2.333178e+02.
  Coordinate descent sweep 2. norm of D = 2.942567e+02, change in D = 1.331616e+02.
    Line search step size chosen: 1.000000e+00.
  Objective value decreased by 7.903938e+00.
Newton iteration 6.
  Active set size = 89756.
  sub-gradient = 2.358854e+02, l1-norm of X = 6.836079e+02.
  Coordinate descent sweep 1. norm of D = 1.004250e+02, change in D = 1.004250e+02.
  Coordinate descent sweep 2. norm of D = 1.282562e+02, change in D = 6.728614e+01.
  Coordinate descent sweep 3. norm of D = 1.482645e+02, change in D = 4.566245e+01.
    Line search step size chosen: 1.000000e+00.
  Objective value decreased by 3.373629e+00.
Newton iteration 7.
  Active set size = 88355.
  sub-gradient = 6.384170e+01, l1-norm of X = 6.917201e+02.
  Coordinate descent sweep 1. norm of D = 3.944154e+01, change in D = 3.944154e+01.
  Coordinate descent sweep 2. norm of D = 5.220498e+01, change in D = 3.034687e+01.
  Coordinate descent sweep 3. norm of D = 6.192025e+01, change in D = 2.283600e+01.
    Line search step size chosen: 1.000000e+00.
  Objective value decreased by 1.024195e+00.
Newton iteration 8.
  Active set size = 88092.
  sub-gradient = 2.213185e+01, l1-norm of X = 6.946080e+02.
  Coordinate descent sweep 1. norm of D = 1.914381e+01, change in D = 1.914381e+01.
  Coordinate descent sweep 2. norm of D = 2.618304e+01, change in D = 1.570730e+01.
  Coordinate descent sweep 3. norm of D = 3.168880e+01, change in D = 1.304641e+01.
    Line search step size chosen: 1.000000e+00.
  Objective value decreased by 4.190020e-01.
Newton iteration 9.
  Active set size = 88027.
  sub-gradient = 1.209135e+01, l1-norm of X = 6.961149e+02.
  Coordinate descent sweep 1. norm of D = 1.118823e+01, change in D = 1.118823e+01.
  Coordinate descent sweep 2. norm of D = 1.544243e+01, change in D = 9.586352e+00.
  Coordinate descent sweep 3. norm of D = 1.866708e+01, change in D = 8.056703e+00.
  Coordinate descent sweep 4. norm of D = 2.129824e+01, change in D = 6.790425e+00.
    Line search step size chosen: 1.000000e+00.
  Objective value decreased by 2.323114e-01.
Newton iteration 10.
  Active set size = 87958.
  sub-gradient = 6.500236e+00, l1-norm of X = 6.971250e+02.
  Coordinate descent sweep 1. norm of D = 6.260177e+00, change in D = 6.260177e+00.
  Coordinate descent sweep 2. norm of D = 8.569892e+00, change in D = 5.522455e+00.
  Coordinate descent sweep 3. norm of D = 1.053659e+01, change in D = 4.782511e+00.
  Coordinate descent sweep 4. norm of D = 1.197065e+01, change in D = 4.213819e+00.
    Line search step size chosen: 1.000000e+00.
  Objective value decreased by 1.062803e-01.
Newton iteration 11.
  Active set size = 87933.
  sub-gradient = 3.781950e+00, l1-norm of X = 6.977136e+02.
  Coordinate descent sweep 1. norm of D = 3.774134e+00, change in D = 3.774134e+00.
  Coordinate descent sweep 2. norm of D = 5.353401e+00, change in D = 3.434828e+00.
  Coordinate descent sweep 3. norm of D = 6.390194e+00, change in D = 2.962584e+00.
  Coordinate descent sweep 4. norm of D = 7.379497e+00, change in D = 2.717554e+00.
    Line search step size chosen: 1.000000e+00.
  Objective value decreased by 5.214630e-02.
Newton iteration 12.
  Active set size = 87921.
  sub-gradient = 2.518616e+00, l1-norm of X = 6.980557e+02.
  Coordinate descent sweep 1. norm of D = 2.409516e+00, change in D = 2.409516e+00.
  Coordinate descent sweep 2. norm of D = 3.406198e+00, change in D = 2.194136e+00.
  Coordinate descent sweep 3. norm of D = 4.188906e+00, change in D = 2.018006e+00.
  Coordinate descent sweep 4. norm of D = 4.895035e+00, change in D = 1.834981e+00.
  Coordinate descent sweep 5. norm of D = 5.420774e+00, change in D = 1.623036e+00.
    Line search step size chosen: 1.000000e+00.
  Objective value decreased by 3.498230e-02.
Newton iteration 13.
  Active set size = 87911.
  sub-gradient = 1.928910e+00, l1-norm of X = 6.983358e+02.
  Coordinate descent sweep 1. norm of D = 1.594582e+00, change in D = 1.594582e+00.
  Coordinate descent sweep 2. norm of D = 2.268849e+00, change in D = 1.475060e+00.
  Coordinate descent sweep 3. norm of D = 2.784635e+00, change in D = 1.328206e+00.
  Coordinate descent sweep 4. norm of D = 3.203886e+00, change in D = 1.213599e+00.
  Coordinate descent sweep 5. norm of D = 3.588112e+00, change in D = 1.166667e+00.
    Line search step size chosen: 1.000000e+00.
  Objective value decreased by 1.993535e-02.
Newton iteration 14.
  Active set size = 87907.
  sub-gradient = 1.016060e+00, l1-norm of X = 6.985108e+02.
  Coordinate descent sweep 1. norm of D = 1.006633e+00, change in D = 1.006633e+00.
  Coordinate descent sweep 2. norm of D = 1.471954e+00, change in D = 9.798498e-01.
  Coordinate descent sweep 3. norm of D = 1.832383e+00, change in D = 8.934363e-01.
  Coordinate descent sweep 4. norm of D = 2.169205e+00, change in D = 8.433578e-01.
  Coordinate descent sweep 5. norm of D = 2.493649e+00, change in D = 8.317001e-01.
    Line search step size chosen: 1.000000e+00.
  Objective value decreased by 1.112957e-02.
Newton iteration 15.
  Active set size = 87904.
  sub-gradient = 6.733069e-01, l1-norm of X = 6.986413e+02.
  Coordinate descent sweep 1. norm of D = 6.874056e-01, change in D = 6.874056e-01.
  Coordinate descent sweep 2. norm of D = 9.651089e-01, change in D = 6.343120e-01.
  Coordinate descent sweep 3. norm of D = 1.243221e+00, change in D = 6.471915e-01.
  Coordinate descent sweep 4. norm of D = 1.446553e+00, change in D = 5.645840e-01.
  Coordinate descent sweep 5. norm of D = 1.676126e+00, change in D = 5.378963e-01.
  Coordinate descent sweep 6. norm of D = 1.828931e+00, change in D = 4.992318e-01.
    Line search step size chosen: 1.000000e+00.
  Objective value decreased by 7.230007e-03.
Newton iteration 16.
  Active set size = 87904.
  sub-gradient = 4.981743e-01, l1-norm of X = 6.987390e+02.
  Coordinate descent sweep 1. norm of D = 4.719368e-01, change in D = 4.719368e-01.
  Coordinate descent sweep 2. norm of D = 6.779910e-01, change in D = 4.475109e-01.
  Coordinate descent sweep 3. norm of D = 8.632242e-01, change in D = 4.452633e-01.
  Coordinate descent sweep 4. norm of D = 1.011435e+00, change in D = 3.812006e-01.
  Coordinate descent sweep 5. norm of D = 1.158635e+00, change in D = 4.062236e-01.
  Coordinate descent sweep 6. norm of D = 1.270620e+00, change in D = 3.513186e-01.
    Line search step size chosen: 1.000000e+00.
  Objective value decreased by 4.006281e-03.
Newton iteration 17.
  Active set size = 87901.
  sub-gradient = 3.935313e-01, l1-norm of X = 6.988044e+02.
  Coordinate descent sweep 1. norm of D = 3.362924e-01, change in D = 3.362924e-01.
  Coordinate descent sweep 2. norm of D = 4.817720e-01, change in D = 3.234825e-01.
  Coordinate descent sweep 3. norm of D = 5.810231e-01, change in D = 2.814178e-01.
  Coordinate descent sweep 4. norm of D = 6.826345e-01, change in D = 2.646964e-01.
  Coordinate descent sweep 5. norm of D = 7.727280e-01, change in D = 2.654276e-01.
  Coordinate descent sweep 6. norm of D = 8.616889e-01, change in D = 2.492692e-01.
    Line search step size chosen: 1.000000e+00.
  Objective value decreased by 2.534386e-03.
Newton iteration 18.
  Active set size = 87899.
  sub-gradient = 2.123590e-01, l1-norm of X = 6.988490e+02.
  Coordinate descent sweep 1. norm of D = 2.267756e-01, change in D = 2.267756e-01.
  Coordinate descent sweep 2. norm of D = 3.354570e-01, change in D = 2.082770e-01.
  Coordinate descent sweep 3. norm of D = 4.231666e-01, change in D = 2.128861e-01.
  Coordinate descent sweep 4. norm of D = 5.018185e-01, change in D = 1.993004e-01.
  Coordinate descent sweep 5. norm of D = 5.704476e-01, change in D = 1.822133e-01.
  Coordinate descent sweep 6. norm of D = 6.538436e-01, change in D = 2.010242e-01.
  Coordinate descent sweep 7. norm of D = 7.058841e-01, change in D = 1.812951e-01.
    Line search step size chosen: 1.000000e+00.
  Objective value decreased by 1.708537e-03.
Newton iteration 19.
  Active set size = 87900.
  sub-gradient = 1.794583e-01, l1-norm of X = 6.988858e+02.
  Coordinate descent sweep 1. norm of D = 1.774851e-01, change in D = 1.774851e-01.
  Coordinate descent sweep 2. norm of D = 2.494947e-01, change in D = 1.633900e-01.
  Coordinate descent sweep 3. norm of D = 3.009212e-01, change in D = 1.520336e-01.
  Coordinate descent sweep 4. norm of D = 3.548852e-01, change in D = 1.452996e-01.
  Coordinate descent sweep 5. norm of D = 4.024294e-01, change in D = 1.242372e-01.
  Coordinate descent sweep 6. norm of D = 4.580825e-01, change in D = 1.430979e-01.
  Coordinate descent sweep 7. norm of D = 4.942911e-01, change in D = 1.121214e-01.
    Line search step size chosen: 1.000000e+00.
  Objective value decreased by 1.080282e-03.
Newton iteration 20.
  Active set size = 87900.
  sub-gradient = 1.131263e-01, l1-norm of X = 6.989146e+02.
  Coordinate descent sweep 1. norm of D = 1.206100e-01, change in D = 1.206100e-01.
  Coordinate descent sweep 2. norm of D = 1.760162e-01, change in D = 1.093711e-01.
  Coordinate descent sweep 3. norm of D = 2.216137e-01, change in D = 1.096641e-01.
  Coordinate descent sweep 4. norm of D = 2.609526e-01, change in D = 9.941053e-02.
  Coordinate descent sweep 5. norm of D = 3.059595e-01, change in D = 1.072830e-01.
  Coordinate descent sweep 6. norm of D = 3.409216e-01, change in D = 9.487163e-02.
  Coordinate descent sweep 7. norm of D = 3.678888e-01, change in D = 9.098021e-02.
    Line search step size chosen: 1.000000e+00.
  Objective value decreased by 7.167951e-04.
Newton iteration 21.
  Active set size = 87899.
  sub-gradient = 8.311526e-02, l1-norm of X = 6.989351e+02.
  Coordinate descent sweep 1. norm of D = 8.307961e-02, change in D = 8.307961e-02.
  Coordinate descent sweep 2. norm of D = 1.305226e-01, change in D = 8.381333e-02.
  Coordinate descent sweep 3. norm of D = 1.558738e-01, change in D = 7.804286e-02.
  Coordinate descent sweep 4. norm of D = 1.823196e-01, change in D = 8.024125e-02.
  Coordinate descent sweep 5. norm of D = 2.065016e-01, change in D = 7.027398e-02.
  Coordinate descent sweep 6. norm of D = 2.163326e-01, change in D = 5.799196e-02.
  Coordinate descent sweep 7. norm of D = 2.428708e-01, change in D = 6.565410e-02.
  Coordinate descent sweep 8. norm of D = 2.628461e-01, change in D = 6.033752e-02.
    Line search step size chosen: 1.000000e+00.
  Objective value decreased by 3.900303e-04.
Newton iteration 22.
  Active set size = 87899.
  sub-gradient = 6.831446e-02, l1-norm of X = 6.989502e+02.
  Coordinate descent sweep 1. norm of D = 6.060229e-02, change in D = 6.060229e-02.
  Coordinate descent sweep 2. norm of D = 9.097862e-02, change in D = 5.533952e-02.
  Coordinate descent sweep 3. norm of D = 1.090327e-01, change in D = 5.443335e-02.
  Coordinate descent sweep 4. norm of D = 1.340018e-01, change in D = 5.263911e-02.
  Coordinate descent sweep 5. norm of D = 1.542292e-01, change in D = 4.730503e-02.
  Coordinate descent sweep 6. norm of D = 1.736051e-01, change in D = 4.788687e-02.
  Coordinate descent sweep 7. norm of D = 1.880977e-01, change in D = 4.709013e-02.
  Coordinate descent sweep 8. norm of D = 2.011433e-01, change in D = 4.448834e-02.
    Line search step size chosen: 1.000000e+00.
  Objective value decreased by 2.530610e-04.
QUIC CPU time: 10810.350 seconds
