[1] "/work-zfs/abattle4/prashanthi/recount3/data/adipose/all/weighted_covariances/cov_11.rds"
[1] "Data read complete"
Running QUIC version 1.1 in 'default' mode.
Newton iteration 1.
  X is a diagonal matrix.
    Line search step size 1.000000e+00.  Lack of positive definiteness.
    Line search step size chosen: 5.000000e-01.
  Objective value decreased by 2.175262e+00.
Newton iteration 2.
  Active set size = 9938.
  sub-gradient = 1.484938e+01, l1-norm of X = 1.456096e+01.
  Coordinate descent sweep 1. norm of D = 9.932241e+00, change in D = 9.932241e+00.
    Line search step size chosen: 1.000000e+00.
  Objective value decreased by 5.371844e-01.
Newton iteration 3.
  Active set size = 9921.
  sub-gradient = 4.214666e+00, l1-norm of X = 2.177139e+01.
  Coordinate descent sweep 1. norm of D = 3.520665e+00, change in D = 3.520665e+00.
  Coordinate descent sweep 2. norm of D = 3.864755e+00, change in D = 8.293627e-01.
    Line search step size chosen: 1.000000e+00.
  Objective value decreased by 7.530210e-02.
Newton iteration 4.
  Active set size = 9910.
  sub-gradient = 4.819069e-01, l1-norm of X = 2.216270e+01.
  Coordinate descent sweep 1. norm of D = 4.975471e-01, change in D = 4.975471e-01.
  Coordinate descent sweep 2. norm of D = 5.999837e-01, change in D = 1.654786e-01.
    Line search step size chosen: 1.000000e+00.
  Objective value decreased by 2.552849e-03.
Newton iteration 5.
  Active set size = 9909.
  sub-gradient = 7.645379e-02, l1-norm of X = 2.228472e+01.
  Coordinate descent sweep 1. norm of D = 6.745626e-02, change in D = 6.745626e-02.
  Coordinate descent sweep 2. norm of D = 8.585773e-02, change in D = 3.190534e-02.
    Line search step size chosen: 1.000000e+00.
  Objective value decreased by 6.870383e-05.
Newton iteration 6.
  Active set size = 9908.
  sub-gradient = 1.576322e-02, l1-norm of X = 2.229687e+01.
  Coordinate descent sweep 1. norm of D = 1.609725e-02, change in D = 1.609725e-02.
  Coordinate descent sweep 2. norm of D = 1.945390e-02, change in D = 6.680005e-03.
  Coordinate descent sweep 3. norm of D = 2.074549e-02, change in D = 2.515974e-03.
    Line search step size chosen: 1.000000e+00.
  Objective value decreased by 4.431427e-06.
Newton iteration 7.
  Active set size = 9908.
  sub-gradient = 7.998610e-04, l1-norm of X = 2.229945e+01.
  Coordinate descent sweep 1. norm of D = 9.225108e-04, change in D = 9.225108e-04.
  Coordinate descent sweep 2. norm of D = 1.112855e-03, change in D = 4.058195e-04.
  Coordinate descent sweep 3. norm of D = 1.216457e-03, change in D = 1.934987e-04.
    Line search step size chosen: 1.000000e+00.
  Objective value decreased by 2.037268e-08.
QUIC CPU time: 5763.280 seconds
