[1] "/work-zfs/abattle4/prashanthi/recount3/data/adipose/all/weighted_covariances/cov_11.rds"
[1] "Data read complete"
Running QUIC version 1.1 in 'default' mode.
Newton iteration 1.
  X is a diagonal matrix.
    Line search step size chosen: 1.000000e+00.
  Objective value decreased by 7.323558e-01.
Newton iteration 2.
  Active set size = 9821.
  sub-gradient = 2.026133e+01, l1-norm of X = 1.425289e+01.
  Coordinate descent sweep 1. norm of D = 3.095408e+00, change in D = 3.095408e+00.
    Line search step size chosen: 1.000000e+00.
  Objective value decreased by 3.097292e-01.
Newton iteration 3.
  Active set size = 9811.
  sub-gradient = 6.506872e+00, l1-norm of X = 1.286915e+01.
  Coordinate descent sweep 1. norm of D = 1.991273e+00, change in D = 1.991273e+00.
  Coordinate descent sweep 2. norm of D = 2.027086e+00, change in D = 9.702428e-01.
    Line search step size chosen: 1.000000e+00.
  Objective value decreased by 1.408012e-01.
Newton iteration 4.
  Active set size = 9811.
  sub-gradient = 1.506550e+00, l1-norm of X = 1.248724e+01.
  Coordinate descent sweep 1. norm of D = 8.647686e-01, change in D = 8.647686e-01.
  Coordinate descent sweep 2. norm of D = 8.817969e-01, change in D = 2.503965e-01.
    Line search step size chosen: 1.000000e+00.
  Objective value decreased by 2.499814e-02.
Newton iteration 5.
  Active set size = 9810.
  sub-gradient = 2.639256e-01, l1-norm of X = 1.217677e+01.
  Coordinate descent sweep 1. norm of D = 1.423971e-01, change in D = 1.423971e-01.
  Coordinate descent sweep 2. norm of D = 1.508353e-01, change in D = 9.718523e-02.
    Line search step size chosen: 1.000000e+00.
  Objective value decreased by 1.080481e-03.
Newton iteration 6.
  Active set size = 9811.
  sub-gradient = 5.741249e-02, l1-norm of X = 1.213006e+01.
  Coordinate descent sweep 1. norm of D = 3.822723e-02, change in D = 3.822723e-02.
  Coordinate descent sweep 2. norm of D = 4.118684e-02, change in D = 1.801991e-02.
  Coordinate descent sweep 3. norm of D = 4.280692e-02, change in D = 5.508944e-03.
    Line search step size chosen: 1.000000e+00.
  Objective value decreased by 5.126640e-05.
Newton iteration 7.
  Active set size = 9811.
  sub-gradient = 1.875843e-03, l1-norm of X = 1.212752e+01.
  Coordinate descent sweep 1. norm of D = 1.667716e-03, change in D = 1.667716e-03.
  Coordinate descent sweep 2. norm of D = 1.928488e-03, change in D = 8.089103e-04.
  Coordinate descent sweep 3. norm of D = 2.083679e-03, change in D = 3.308187e-04.
    Line search step size chosen: 1.000000e+00.
  Objective value decreased by 1.012140e-07.
Newton iteration 8.
  Active set size = 9811.
  sub-gradient = 8.855410e-05, l1-norm of X = 1.212795e+01.
  Coordinate descent sweep 1. norm of D = 8.928258e-05, change in D = 8.928258e-05.
  Coordinate descent sweep 2. norm of D = 1.041113e-04, change in D = 3.480761e-05.
  Coordinate descent sweep 3. norm of D = 1.111632e-04, change in D = 1.279539e-05.
    Line search step size chosen: 1.000000e+00.
  Objective value decreased by 2.892193e-10.
QUIC CPU time: 3132.690 seconds
