[1] "/work-zfs/abattle4/prashanthi/recount3/data/adipose/all/weighted_covariances/cov_11.rds"
[1] "Data read complete"
Running QUIC version 1.1 in 'default' mode.
Newton iteration 1.
  X is a diagonal matrix.
    Line search step size chosen: 1.000000e+00.
  Objective value decreased by 1.259312e-04.
Newton iteration 2.
  Active set size = 9660.
  sub-gradient = 2.533235e-04, l1-norm of X = 2.154674e-02.
  Coordinate descent sweep 1. norm of D = 2.531802e-04, change in D = 2.531802e-04.
    Line search step size chosen: 1.000000e+00.
  Objective value decreased by 1.585431e-08.
Newton iteration 3.
  Active set size = 9660.
  sub-gradient = 2.841106e-06, l1-norm of X = 2.154403e-02.
  Coordinate descent sweep 1. norm of D = 2.904317e-06, change in D = 2.904317e-06.
  Coordinate descent sweep 2. norm of D = 2.968443e-06, change in D = 6.412597e-08.
    Line search step size chosen: 1.000000e+00.
  Objective value decreased by 5.456968e-12.
Newton iteration 4.
  Active set size = 9660.
  sub-gradient = 7.206038e-10, l1-norm of X = 2.154945e-02.
  Coordinate descent sweep 1. norm of D = 7.524488e-10, change in D = 7.524488e-10.
  Coordinate descent sweep 2. norm of D = 7.529139e-10, change in D = 4.650673e-13.
    Line search step size chosen: 1.000000e+00.
  Objective value decreased by 1.818989e-12.
QUIC CPU time: 1667.600 seconds
