[1] "sra_normal" "1"          "weighted"   "0.18"      
[1] "Data read complete"
Running QUIC version 1.1 in 'default' mode.
Newton iteration 1.
  X is a diagonal matrix.
    Line search step size 1.000000e+00.  Lack of positive definiteness.
    Line search step size 5.000000e-01.  Lack of positive definiteness.
    Line search step size 2.500000e-01.  Lack of positive definiteness.
    Line search step size 1.250000e-01.  Lack of positive definiteness.
    Line search step size 6.250000e-02.  Lack of positive definiteness.
    Line search step size 3.125000e-02.  Lack of positive definiteness.
    Line search step size 1.562500e-02.  Lack of positive definiteness.
    Line search step size 7.812500e-03.  Lack of positive definiteness.
    Line search step size 3.906250e-03.  Lack of positive definiteness.
    Line search step size 1.953125e-03.  Lack of positive definiteness.
    Line search step size 9.765625e-04.  Lack of positive definiteness.
    Line search step size chosen: 4.882812e-04.
  Objective value decreased by 1.129848e+03.
Newton iteration 2.
  Active set size = 11607512.
  sub-gradient = 3.027024e+06, l1-norm of X = 5.325745e+02.
  Coordinate descent sweep 1. norm of D = 1.371598e+06, change in D = 1.371598e+06.
    Line search step size 1.000000e+00.  Lack of positive definiteness.
    Line search step size 5.000000e-01.  Lack of positive definiteness.
    Line search step size 2.500000e-01.  Lack of positive definiteness.
    Line search step size 1.250000e-01.  Lack of positive definiteness.
    Line search step size 6.250000e-02.  Lack of positive definiteness.
    Line search step size 3.125000e-02.  Lack of positive definiteness.
    Line search step size 1.562500e-02.  Lack of positive definiteness.
    Line search step size 7.812500e-03.  Lack of positive definiteness.
    Line search step size 3.906250e-03.  Lack of positive definiteness.
    Line search step size 1.953125e-03.  Lack of positive definiteness.
    Line search step size chosen: 9.765625e-04.
  Objective value decreased by 1.035258e+03.
Newton iteration 3.
  Active set size = 11608838.
  sub-gradient = 3.014457e+06, l1-norm of X = 1.014110e+03.
  Coordinate descent sweep 1. norm of D = 3.946640e+05, change in D = 3.946640e+05.
  Coordinate descent sweep 2. norm of D = 2.882900e+05, change in D = 2.381772e+05.
    Line search step size 1.000000e+00.  Lack of positive definiteness.
    Line search step size 5.000000e-01.  Lack of positive definiteness.
    Line search step size 2.500000e-01.  Lack of positive definiteness.
    Line search step size 1.250000e-01.  Lack of positive definiteness.
    Line search step size 6.250000e-02.  Lack of positive definiteness.
    Line search step size 3.125000e-02.  Lack of positive definiteness.
    Line search step size 1.562500e-02.  Lack of positive definiteness.
    Line search step size 7.812500e-03.  Lack of positive definiteness.
    Line search step size chosen: 3.906250e-03.
  Objective value decreased by 8.261088e+02.
Newton iteration 4.
  Active set size = 11611809.
  sub-gradient = 2.956214e+06, l1-norm of X = 1.411269e+03.
  Coordinate descent sweep 1. norm of D = 8.730318e+04, change in D = 8.730318e+04.
  Coordinate descent sweep 2. norm of D = 6.635320e+04, change in D = 5.145903e+04.
    Line search step size 1.000000e+00.  Lack of positive definiteness.
    Line search step size 5.000000e-01.  Lack of positive definiteness.
    Line search step size 2.500000e-01.  Lack of positive definiteness.
    Line search step size 1.250000e-01.  Lack of positive definiteness.
    Line search step size 6.250000e-02.  Lack of positive definiteness.
    Line search step size 3.125000e-02.  Lack of positive definiteness.
    Line search step size 1.562500e-02.  Lack of positive definiteness.
    Line search step size chosen: 7.812500e-03.
  Objective value decreased by 2.780078e+02.
Newton iteration 5.
  Active set size = 11611736.
  sub-gradient = 2.906966e+06, l1-norm of X = 1.570918e+03.
  Coordinate descent sweep 1. norm of D = 4.255346e+04, change in D = 4.255346e+04.
  Coordinate descent sweep 2. norm of D = 3.444419e+04, change in D = 2.442779e+04.
    Line search step size 1.000000e+00.  Lack of positive definiteness.
    Line search step size 5.000000e-01.  Lack of positive definiteness.
    Line search step size 2.500000e-01.  Lack of positive definiteness.
    Line search step size 1.250000e-01.  Lack of positive definiteness.
    Line search step size 6.250000e-02.  Lack of positive definiteness.
    Line search step size 3.125000e-02.  Lack of positive definiteness.
    Line search step size chosen: 1.562500e-02.
  Objective value decreased by 2.419240e+02.
Newton iteration 6.
  Active set size = 11612438.
  sub-gradient = 2.778578e+06, l1-norm of X = 1.705844e+03.
  Coordinate descent sweep 1. norm of D = 2.305004e+04, change in D = 2.305004e+04.
  Coordinate descent sweep 2. norm of D = 2.069109e+04, change in D = 1.089077e+04.
  Coordinate descent sweep 3. norm of D = 2.100875e+04, change in D = 2.748131e+03.
    Line search step size 1.000000e+00.  Lack of positive definiteness.
    Line search step size 5.000000e-01.  Lack of positive definiteness.
    Line search step size 2.500000e-01.  Lack of positive definiteness.
    Line search step size 1.250000e-01.  Lack of positive definiteness.
    Line search step size 6.250000e-02.  Lack of positive definiteness.
    Line search step size chosen: 3.125000e-02.
  Objective value decreased by 2.303074e+02.
Newton iteration 7.
  Active set size = 11612713.
  sub-gradient = 2.535500e+06, l1-norm of X = 1.815137e+03.
  Coordinate descent sweep 1. norm of D = 1.587068e+04, change in D = 1.587068e+04.
  Coordinate descent sweep 2. norm of D = 1.573402e+04, change in D = 6.899807e+03.
  Coordinate descent sweep 3. norm of D = 1.589651e+04, change in D = 2.074686e+03.
    Line search step size 1.000000e+00.  Lack of positive definiteness.
    Line search step size 5.000000e-01.  Lack of positive definiteness.
    Line search step size 2.500000e-01.  Lack of positive definiteness.
    Line search step size 1.250000e-01.  Lack of positive definiteness.
    Line search step size chosen: 6.250000e-02.
  Objective value decreased by 2.877067e+02.
Newton iteration 8.
  Active set size = 11612846.
  sub-gradient = 2.117111e+06, l1-norm of X = 1.907652e+03.
  Coordinate descent sweep 1. norm of D = 1.311417e+04, change in D = 1.311417e+04.
  Coordinate descent sweep 2. norm of D = 1.390241e+04, change in D = 6.671822e+03.
  Coordinate descent sweep 3. norm of D = 1.424283e+04, change in D = 2.634424e+03.
    Line search step size 1.000000e+00.  Lack of positive definiteness.
    Line search step size 5.000000e-01.  Lack of positive definiteness.
    Line search step size 2.500000e-01.  Lack of positive definiteness.
    Line search step size chosen: 1.250000e-01.
  Objective value decreased by 4.571411e+02.
Newton iteration 9.
  Active set size = 11612832.
  sub-gradient = 1.470769e+06, l1-norm of X = 2.016858e+03.
  Coordinate descent sweep 1. norm of D = 1.110545e+04, change in D = 1.110545e+04.
  Coordinate descent sweep 2. norm of D = 1.241314e+04, change in D = 6.814163e+03.
  Coordinate descent sweep 3. norm of D = 1.309367e+04, change in D = 3.817433e+03.
  Coordinate descent sweep 4. norm of D = 1.348711e+04, change in D = 2.011906e+03.
    Line search step size 1.000000e+00.  Lack of positive definiteness.
    Line search step size 5.000000e-01.  Lack of positive definiteness.
    Line search step size chosen: 2.500000e-01.
  Objective value decreased by 7.566103e+02.
Newton iteration 10.
  Active set size = 11612861.
  sub-gradient = 8.188964e+05, l1-norm of X = 2.196405e+03.
  Coordinate descent sweep 1. norm of D = 8.562234e+03, change in D = 8.562234e+03.
  Coordinate descent sweep 2. norm of D = 1.013805e+04, change in D = 6.008691e+03.
  Coordinate descent sweep 3. norm of D = 1.106780e+04, change in D = 4.436363e+03.
  Coordinate descent sweep 4. norm of D = 1.175562e+04, change in D = 3.126108e+03.
    Line search step size 1.000000e+00.  Lack of positive definiteness.
    Line search step size chosen: 5.000000e-01.
  Objective value decreased by 1.025398e+03.
Newton iteration 11.
  Active set size = 11612886.
  sub-gradient = 1.341666e+06, l1-norm of X = 2.525976e+03.
  Coordinate descent sweep 1. norm of D = 5.276333e+03, change in D = 5.276333e+03.
  Coordinate descent sweep 2. norm of D = 6.776573e+03, change in D = 4.115373e+03.
  Coordinate descent sweep 3. norm of D = 7.791727e+03, change in D = 3.543852e+03.
  Coordinate descent sweep 4. norm of D = 8.594201e+03, change in D = 2.991804e+03.
    Line search step size chosen: 1.000000e+00.
  Objective value decreased by 9.647270e+02.
Newton iteration 12.
  Active set size = 6892013.
  sub-gradient = 7.667347e+05, l1-norm of X = 3.063938e+03.
  Coordinate descent sweep 1. norm of D = 1.954604e+03, change in D = 1.954604e+03.
  Coordinate descent sweep 2. norm of D = 2.917266e+03, change in D = 1.835737e+03.
  Coordinate descent sweep 3. norm of D = 3.673401e+03, change in D = 1.700975e+03.
  Coordinate descent sweep 4. norm of D = 4.324844e+03, change in D = 1.585360e+03.
  Coordinate descent sweep 5. norm of D = 4.909353e+03, change in D = 1.468084e+03.
    Line search step size chosen: 1.000000e+00.
  Objective value decreased by 3.321583e+02.
Newton iteration 13.
  Active set size = 6908572.
  sub-gradient = 7.451627e+05, l1-norm of X = 3.436096e+03.
  Coordinate descent sweep 1. norm of D = 1.503152e+03, change in D = 1.503152e+03.
  Coordinate descent sweep 2. norm of D = 2.277640e+03, change in D = 1.424396e+03.
  Coordinate descent sweep 3. norm of D = 2.912456e+03, change in D = 1.340749e+03.
  Coordinate descent sweep 4. norm of D = 3.473909e+03, change in D = 1.263211e+03.
  Coordinate descent sweep 5. norm of D = 3.985307e+03, change in D = 1.188183e+03.
    Line search step size chosen: 1.000000e+00.
  Objective value decreased by 2.117236e+02.
Newton iteration 14.
  Active set size = 3630113.
  sub-gradient = 2.441853e+05, l1-norm of X = 3.744666e+03.
  Coordinate descent sweep 1. norm of D = 1.377111e+03, change in D = 1.377111e+03.
  Coordinate descent sweep 2. norm of D = 2.107353e+03, change in D = 1.283706e+03.
  Coordinate descent sweep 3. norm of D = 2.716322e+03, change in D = 1.209791e+03.
  Coordinate descent sweep 4. norm of D = 3.256844e+03, change in D = 1.139166e+03.
  Coordinate descent sweep 5. norm of D = 3.752668e+03, change in D = 1.073883e+03.
    Line search step size chosen: 1.000000e+00.
  Objective value decreased by 1.607474e+02.
Newton iteration 15.
  Active set size = 954254.
  sub-gradient = 7.210753e+04, l1-norm of X = 4.039768e+03.
  Coordinate descent sweep 1. norm of D = 1.193012e+03, change in D = 1.193012e+03.
  Coordinate descent sweep 2. norm of D = 1.855700e+03, change in D = 1.110692e+03.
  Coordinate descent sweep 3. norm of D = 2.412657e+03, change in D = 1.042701e+03.
  Coordinate descent sweep 4. norm of D = 2.913700e+03, change in D = 9.816437e+02.
  Coordinate descent sweep 5. norm of D = 3.375245e+03, change in D = 9.298947e+02.
  Coordinate descent sweep 6. norm of D = 3.802325e+03, change in D = 8.780018e+02.
    Line search step size chosen: 1.000000e+00.
  Objective value decreased by 1.324134e+02.
Newton iteration 16.
  Active set size = 312686.
  sub-gradient = 3.818750e+04, l1-norm of X = 4.351732e+03.
  Coordinate descent sweep 1. norm of D = 9.467687e+02, change in D = 9.467687e+02.
  Coordinate descent sweep 2. norm of D = 1.496344e+03, change in D = 8.932957e+02.
  Coordinate descent sweep 3. norm of D = 1.969019e+03, change in D = 8.467151e+02.
  Coordinate descent sweep 4. norm of D = 2.397399e+03, change in D = 8.040100e+02.
  Coordinate descent sweep 5. norm of D = 2.794231e+03, change in D = 7.628487e+02.
  Coordinate descent sweep 6. norm of D = 3.167842e+03, change in D = 7.253698e+02.
    Line search step size chosen: 1.000000e+00.
  Objective value decreased by 8.397260e+01.
Newton iteration 17.
  Active set size = 203732.
  sub-gradient = 2.426908e+04, l1-norm of X = 4.610694e+03.
  Coordinate descent sweep 1. norm of D = 7.777616e+02, change in D = 7.777616e+02.
  Coordinate descent sweep 2. norm of D = 1.241258e+03, change in D = 7.393862e+02.
  Coordinate descent sweep 3. norm of D = 1.644398e+03, change in D = 7.035061e+02.
  Coordinate descent sweep 4. norm of D = 2.016138e+03, change in D = 6.678874e+02.
  Coordinate descent sweep 5. norm of D = 2.360882e+03, change in D = 6.347165e+02.
  Coordinate descent sweep 6. norm of D = 2.683771e+03, change in D = 6.043903e+02.
    Line search step size chosen: 1.000000e+00.
  Objective value decreased by 5.450481e+01.
Newton iteration 18.
  Active set size = 179759.
  sub-gradient = 1.537907e+04, l1-norm of X = 4.825950e+03.
  Coordinate descent sweep 1. norm of D = 6.395934e+02, change in D = 6.395934e+02.
  Coordinate descent sweep 2. norm of D = 1.028894e+03, change in D = 6.090997e+02.
  Coordinate descent sweep 3. norm of D = 1.369495e+03, change in D = 5.802243e+02.
  Coordinate descent sweep 4. norm of D = 1.683222e+03, change in D = 5.529057e+02.
  Coordinate descent sweep 5. norm of D = 1.974770e+03, change in D = 5.258346e+02.
  Coordinate descent sweep 6. norm of D = 2.252347e+03, change in D = 5.022529e+02.
  Coordinate descent sweep 7. norm of D = 2.514990e+03, change in D = 4.782237e+02.
    Line search step size chosen: 1.000000e+00.
  Objective value decreased by 3.925819e+01.
Newton iteration 19.
  Active set size = 165202.
  sub-gradient = 9.811729e+03, l1-norm of X = 5.026525e+03.
  Coordinate descent sweep 1. norm of D = 4.978330e+02, change in D = 4.978330e+02.
  Coordinate descent sweep 2. norm of D = 8.031512e+02, change in D = 4.733959e+02.
  Coordinate descent sweep 3. norm of D = 1.074677e+03, change in D = 4.514171e+02.
  Coordinate descent sweep 4. norm of D = 1.326393e+03, change in D = 4.313788e+02.
  Coordinate descent sweep 5. norm of D = 1.563609e+03, change in D = 4.113488e+02.
  Coordinate descent sweep 6. norm of D = 1.788186e+03, change in D = 3.925437e+02.
  Coordinate descent sweep 7. norm of D = 2.002355e+03, change in D = 3.751824e+02.
    Line search step size chosen: 1.000000e+00.
  Objective value decreased by 2.300193e+01.
Newton iteration 20.
  Active set size = 155056.
  sub-gradient = 5.581997e+03, l1-norm of X = 5.179983e+03.
  Coordinate descent sweep 1. norm of D = 3.848875e+02, change in D = 3.848875e+02.
  Coordinate descent sweep 2. norm of D = 6.270542e+02, change in D = 3.691644e+02.
  Coordinate descent sweep 3. norm of D = 8.427929e+02, change in D = 3.516743e+02.
  Coordinate descent sweep 4. norm of D = 1.044515e+03, change in D = 3.368688e+02.
  Coordinate descent sweep 5. norm of D = 1.233688e+03, change in D = 3.216418e+02.
  Coordinate descent sweep 6. norm of D = 1.413909e+03, change in D = 3.065824e+02.
  Coordinate descent sweep 7. norm of D = 1.585182e+03, change in D = 2.940076e+02.
    Line search step size chosen: 1.000000e+00.
  Objective value decreased by 1.350961e+01.
Newton iteration 21.
  Active set size = 147451.
  sub-gradient = 3.193738e+03, l1-norm of X = 5.296836e+03.
  Coordinate descent sweep 1. norm of D = 2.951844e+02, change in D = 2.951844e+02.
  Coordinate descent sweep 2. norm of D = 4.815575e+02, change in D = 2.824469e+02.
  Coordinate descent sweep 3. norm of D = 6.505237e+02, change in D = 2.701353e+02.
  Coordinate descent sweep 4. norm of D = 8.076641e+02, change in D = 2.592215e+02.
  Coordinate descent sweep 5. norm of D = 9.563933e+02, change in D = 2.475699e+02.
  Coordinate descent sweep 6. norm of D = 1.098350e+03, change in D = 2.372270e+02.
  Coordinate descent sweep 7. norm of D = 1.233558e+03, change in D = 2.268937e+02.
  Coordinate descent sweep 8. norm of D = 1.362919e+03, change in D = 2.173326e+02.
    Line search step size chosen: 1.000000e+00.
  Objective value decreased by 8.648619e+00.
Newton iteration 22.
  Active set size = 141202.
  sub-gradient = 1.877204e+03, l1-norm of X = 5.394145e+03.
  Coordinate descent sweep 1. norm of D = 2.155867e+02, change in D = 2.155867e+02.
  Coordinate descent sweep 2. norm of D = 3.537424e+02, change in D = 2.066672e+02.
  Coordinate descent sweep 3. norm of D = 4.793911e+02, change in D = 1.984133e+02.
  Coordinate descent sweep 4. norm of D = 5.966461e+02, change in D = 1.902745e+02.
  Coordinate descent sweep 5. norm of D = 7.079342e+02, change in D = 1.820332e+02.
  Coordinate descent sweep 6. norm of D = 8.150568e+02, change in D = 1.754677e+02.
  Coordinate descent sweep 7. norm of D = 9.171688e+02, change in D = 1.676185e+02.
  Coordinate descent sweep 8. norm of D = 1.015131e+03, change in D = 1.612639e+02.
    Line search step size chosen: 1.000000e+00.
  Objective value decreased by 4.670805e+00.
Newton iteration 23.
  Active set size = 136699.
  sub-gradient = 1.074571e+03, l1-norm of X = 5.463091e+03.
  Coordinate descent sweep 1. norm of D = 1.586858e+02, change in D = 1.586858e+02.
  Coordinate descent sweep 2. norm of D = 2.614743e+02, change in D = 1.525146e+02.
  Coordinate descent sweep 3. norm of D = 3.554624e+02, change in D = 1.463175e+02.
  Coordinate descent sweep 4. norm of D = 4.436529e+02, change in D = 1.406371e+02.
  Coordinate descent sweep 5. norm of D = 5.279527e+02, change in D = 1.350600e+02.
  Coordinate descent sweep 6. norm of D = 6.080661e+02, change in D = 1.296497e+02.
  Coordinate descent sweep 7. norm of D = 6.847695e+02, change in D = 1.243808e+02.
  Coordinate descent sweep 8. norm of D = 7.586045e+02, change in D = 1.197914e+02.
    Line search step size chosen: 1.000000e+00.
  Objective value decreased by 2.557798e+00.
Newton iteration 24.
  Active set size = 133201.
  sub-gradient = 5.984965e+02, l1-norm of X = 5.512039e+03.
  Coordinate descent sweep 1. norm of D = 1.175198e+02, change in D = 1.175198e+02.
  Coordinate descent sweep 2. norm of D = 1.941506e+02, change in D = 1.127065e+02.
  Coordinate descent sweep 3. norm of D = 2.643119e+02, change in D = 1.085432e+02.
  Coordinate descent sweep 4. norm of D = 3.305051e+02, change in D = 1.044812e+02.
  Coordinate descent sweep 5. norm of D = 3.934664e+02, change in D = 1.002207e+02.
  Coordinate descent sweep 6. norm of D = 4.537482e+02, change in D = 9.647286e+01.
  Coordinate descent sweep 7. norm of D = 5.117308e+02, change in D = 9.303477e+01.
  Coordinate descent sweep 8. norm of D = 5.678391e+02, change in D = 8.988925e+01.
  Coordinate descent sweep 9. norm of D = 6.215663e+02, change in D = 8.632838e+01.
    Line search step size chosen: 1.000000e+00.
  Objective value decreased by 1.549342e+00.
Newton iteration 25.
  Active set size = 130486.
  sub-gradient = 3.379037e+02, l1-norm of X = 5.550302e+03.
  Coordinate descent sweep 1. norm of D = 8.407666e+01, change in D = 8.407666e+01.
  Coordinate descent sweep 2. norm of D = 1.392884e+02, change in D = 8.121372e+01.
  Coordinate descent sweep 3. norm of D = 1.898954e+02, change in D = 7.784783e+01.
  Coordinate descent sweep 4. norm of D = 2.381697e+02, change in D = 7.537991e+01.
  Coordinate descent sweep 5. norm of D = 2.839761e+02, change in D = 7.262139e+01.
  Coordinate descent sweep 6. norm of D = 3.281303e+02, change in D = 6.989682e+01.
  Coordinate descent sweep 7. norm of D = 3.706046e+02, change in D = 6.745071e+01.
  Coordinate descent sweep 8. norm of D = 4.112087e+02, change in D = 6.493818e+01.
  Coordinate descent sweep 9. norm of D = 4.504187e+02, change in D = 6.260086e+01.
    Line search step size chosen: 1.000000e+00.
  Objective value decreased by 8.159176e-01.
Newton iteration 26.
  Active set size = 128598.
  sub-gradient = 1.773132e+02, l1-norm of X = 5.576583e+03.
  Coordinate descent sweep 1. norm of D = 6.114413e+01, change in D = 6.114413e+01.
  Coordinate descent sweep 2. norm of D = 1.014133e+02, change in D = 5.893537e+01.
  Coordinate descent sweep 3. norm of D = 1.384244e+02, change in D = 5.686621e+01.
  Coordinate descent sweep 4. norm of D = 1.737098e+02, change in D = 5.495689e+01.
  Coordinate descent sweep 5. norm of D = 2.072142e+02, change in D = 5.291702e+01.
  Coordinate descent sweep 6. norm of D = 2.394803e+02, change in D = 5.102943e+01.
  Coordinate descent sweep 7. norm of D = 2.704584e+02, change in D = 4.926611e+01.
  Coordinate descent sweep 8. norm of D = 3.004943e+02, change in D = 4.757759e+01.
  Coordinate descent sweep 9. norm of D = 3.292784e+02, change in D = 4.584849e+01.
    Line search step size chosen: 1.000000e+00.
  Objective value decreased by 4.395496e-01.
Newton iteration 27.
  Active set size = 127483.
  sub-gradient = 8.398041e+01, l1-norm of X = 5.594820e+03.
  Coordinate descent sweep 1. norm of D = 4.475192e+01, change in D = 4.475192e+01.
  Coordinate descent sweep 2. norm of D = 7.421611e+01, change in D = 4.311896e+01.
  Coordinate descent sweep 3. norm of D = 1.014436e+02, change in D = 4.160959e+01.
  Coordinate descent sweep 4. norm of D = 1.272760e+02, change in D = 4.036911e+01.
  Coordinate descent sweep 5. norm of D = 1.520309e+02, change in D = 3.884020e+01.
  Coordinate descent sweep 6. norm of D = 1.757936e+02, change in D = 3.754290e+01.
  Coordinate descent sweep 7. norm of D = 1.986727e+02, change in D = 3.626440e+01.
  Coordinate descent sweep 8. norm of D = 2.207348e+02, change in D = 3.497658e+01.
  Coordinate descent sweep 9. norm of D = 2.420475e+02, change in D = 3.390330e+01.
  Coordinate descent sweep 10. norm of D = 2.625474e+02, change in D = 3.271950e+01.
    Line search step size chosen: 1.000000e+00.
  Objective value decreased by 2.587730e-01.
Newton iteration 28.
  Active set size = 126218.
  sub-gradient = 5.486368e+01, l1-norm of X = 5.608678e+03.
  Coordinate descent sweep 1. norm of D = 3.182585e+01, change in D = 3.182585e+01.
  Coordinate descent sweep 2. norm of D = 5.276642e+01, change in D = 3.074767e+01.
  Coordinate descent sweep 3. norm of D = 7.216955e+01, change in D = 2.972073e+01.
  Coordinate descent sweep 4. norm of D = 9.052144e+01, change in D = 2.866510e+01.
  Coordinate descent sweep 5. norm of D = 1.081918e+02, change in D = 2.777653e+01.
  Coordinate descent sweep 6. norm of D = 1.251910e+02, change in D = 2.688254e+01.
  Coordinate descent sweep 7. norm of D = 1.415136e+02, change in D = 2.592612e+01.
  Coordinate descent sweep 8. norm of D = 1.572165e+02, change in D = 2.506944e+01.
  Coordinate descent sweep 9. norm of D = 1.724901e+02, change in D = 2.430657e+01.
  Coordinate descent sweep 10. norm of D = 1.872906e+02, change in D = 2.354890e+01.
    Line search step size chosen: 1.000000e+00.
  Objective value decreased by 1.344798e-01.
Newton iteration 29.
  Active set size = 125404.
  sub-gradient = 3.948222e+01, l1-norm of X = 5.618033e+03.
  Coordinate descent sweep 1. norm of D = 2.288989e+01, change in D = 2.288989e+01.
  Coordinate descent sweep 2. norm of D = 3.783664e+01, change in D = 2.196772e+01.
  Coordinate descent sweep 3. norm of D = 5.172689e+01, change in D = 2.136648e+01.
  Coordinate descent sweep 4. norm of D = 6.495369e+01, change in D = 2.064067e+01.
  Coordinate descent sweep 5. norm of D = 7.758595e+01, change in D = 1.999899e+01.
  Coordinate descent sweep 6. norm of D = 8.979992e+01, change in D = 1.932951e+01.
  Coordinate descent sweep 7. norm of D = 1.015636e+02, change in D = 1.873320e+01.
  Coordinate descent sweep 8. norm of D = 1.128032e+02, change in D = 1.812714e+01.
  Coordinate descent sweep 9. norm of D = 1.237969e+02, change in D = 1.759106e+01.
  Coordinate descent sweep 10. norm of D = 1.344284e+02, change in D = 1.702048e+01.
    Line search step size chosen: 1.000000e+00.
  Objective value decreased by 7.099224e-02.
Newton iteration 30.
  Active set size = 124860.
  sub-gradient = 2.428125e+01, l1-norm of X = 5.624426e+03.
  Coordinate descent sweep 1. norm of D = 1.648973e+01, change in D = 1.648973e+01.
  Coordinate descent sweep 2. norm of D = 2.729822e+01, change in D = 1.593679e+01.
  Coordinate descent sweep 3. norm of D = 3.726259e+01, change in D = 1.543311e+01.
  Coordinate descent sweep 4. norm of D = 4.678089e+01, change in D = 1.499911e+01.
  Coordinate descent sweep 5. norm of D = 5.588767e+01, change in D = 1.451367e+01.
  Coordinate descent sweep 6. norm of D = 6.467858e+01, change in D = 1.407563e+01.
  Coordinate descent sweep 7. norm of D = 7.320729e+01, change in D = 1.364192e+01.
  Coordinate descent sweep 8. norm of D = 8.133277e+01, change in D = 1.317828e+01.
  Coordinate descent sweep 9. norm of D = 8.920399e+01, change in D = 1.275240e+01.
  Coordinate descent sweep 10. norm of D = 9.685803e+01, change in D = 1.238728e+01.
  Coordinate descent sweep 11. norm of D = 1.042673e+02, change in D = 1.200822e+01.
    Line search step size chosen: 1.000000e+00.
  Objective value decreased by 4.074819e-02.
Newton iteration 31.
  Active set size = 124386.
  sub-gradient = 2.507567e+01, l1-norm of X = 5.629164e+03.
  Coordinate descent sweep 1. norm of D = 1.164279e+01, change in D = 1.164279e+01.
  Coordinate descent sweep 2. norm of D = 1.926141e+01, change in D = 1.128025e+01.
  Coordinate descent sweep 3. norm of D = 2.630180e+01, change in D = 1.094963e+01.
  Coordinate descent sweep 4. norm of D = 3.299000e+01, change in D = 1.060524e+01.
  Coordinate descent sweep 5. norm of D = 3.936262e+01, change in D = 1.025406e+01.
  Coordinate descent sweep 6. norm of D = 4.556489e+01, change in D = 9.957760e+00.
  Coordinate descent sweep 7. norm of D = 5.153646e+01, change in D = 9.676625e+00.
  Coordinate descent sweep 8. norm of D = 5.727575e+01, change in D = 9.356029e+00.
  Coordinate descent sweep 9. norm of D = 6.281295e+01, change in D = 9.097215e+00.
  Coordinate descent sweep 10. norm of D = 6.817857e+01, change in D = 8.827343e+00.
  Coordinate descent sweep 11. norm of D = 7.343017e+01, change in D = 8.553210e+00.
    Line search step size chosen: 1.000000e+00.
  Objective value decreased by 2.090038e-02.
Newton iteration 32.
  Active set size = 124051.
  sub-gradient = 1.174917e+01, l1-norm of X = 5.632349e+03.
  Coordinate descent sweep 1. norm of D = 8.314889e+00, change in D = 8.314889e+00.
  Coordinate descent sweep 2. norm of D = 1.372482e+01, change in D = 8.051881e+00.
  Coordinate descent sweep 3. norm of D = 1.870261e+01, change in D = 7.821792e+00.
  Coordinate descent sweep 4. norm of D = 2.342215e+01, change in D = 7.567120e+00.
  Coordinate descent sweep 5. norm of D = 2.796163e+01, change in D = 7.351653e+00.
  Coordinate descent sweep 6. norm of D = 3.233381e+01, change in D = 7.121337e+00.
  Coordinate descent sweep 7. norm of D = 3.651571e+01, change in D = 6.896888e+00.
  Coordinate descent sweep 8. norm of D = 4.057149e+01, change in D = 6.693621e+00.
  Coordinate descent sweep 9. norm of D = 4.450551e+01, change in D = 6.503240e+00.
  Coordinate descent sweep 10. norm of D = 4.830791e+01, change in D = 6.333414e+00.
  Coordinate descent sweep 11. norm of D = 5.200247e+01, change in D = 6.135735e+00.
    Line search step size chosen: 1.000000e+00.
  Objective value decreased by 1.086850e-02.
Newton iteration 33.
  Active set size = 123916.
  sub-gradient = 7.184823e+00, l1-norm of X = 5.634512e+03.
  Coordinate descent sweep 1. norm of D = 5.944983e+00, change in D = 5.944983e+00.
  Coordinate descent sweep 2. norm of D = 9.802649e+00, change in D = 5.779731e+00.
  Coordinate descent sweep 3. norm of D = 1.334828e+01, change in D = 5.624258e+00.
  Coordinate descent sweep 4. norm of D = 1.674343e+01, change in D = 5.455723e+00.
  Coordinate descent sweep 5. norm of D = 1.996290e+01, change in D = 5.279044e+00.
  Coordinate descent sweep 6. norm of D = 2.306777e+01, change in D = 5.135673e+00.
  Coordinate descent sweep 7. norm of D = 2.608442e+01, change in D = 4.984180e+00.
  Coordinate descent sweep 8. norm of D = 2.897783e+01, change in D = 4.831236e+00.
  Coordinate descent sweep 9. norm of D = 3.179206e+01, change in D = 4.694523e+00.
  Coordinate descent sweep 10. norm of D = 3.450754e+01, change in D = 4.558496e+00.
  Coordinate descent sweep 11. norm of D = 3.714463e+01, change in D = 4.425029e+00.
  Coordinate descent sweep 12. norm of D = 3.968751e+01, change in D = 4.281463e+00.
    Line search step size chosen: 1.000000e+00.
  Objective value decreased by 6.093808e-03.
Newton iteration 34.
  Active set size = 123773.
  sub-gradient = 5.479100e+00, l1-norm of X = 5.636098e+03.
  Coordinate descent sweep 1. norm of D = 4.167571e+00, change in D = 4.167571e+00.
  Coordinate descent sweep 2. norm of D = 6.845612e+00, change in D = 4.052348e+00.
  Coordinate descent sweep 3. norm of D = 9.326242e+00, change in D = 3.928538e+00.
  Coordinate descent sweep 4. norm of D = 1.167070e+01, change in D = 3.832571e+00.
  Coordinate descent sweep 5. norm of D = 1.389873e+01, change in D = 3.707844e+00.
  Coordinate descent sweep 6. norm of D = 1.605554e+01, change in D = 3.600075e+00.
  Coordinate descent sweep 7. norm of D = 1.812613e+01, change in D = 3.494656e+00.
  Coordinate descent sweep 8. norm of D = 2.013987e+01, change in D = 3.406551e+00.
  Coordinate descent sweep 9. norm of D = 2.208447e+01, change in D = 3.295249e+00.
  Coordinate descent sweep 10. norm of D = 2.396927e+01, change in D = 3.207152e+00.
  Coordinate descent sweep 11. norm of D = 2.578059e+01, change in D = 3.109496e+00.
  Coordinate descent sweep 12. norm of D = 2.754543e+01, change in D = 3.020650e+00.
    Line search step size chosen: 1.000000e+00.
  Objective value decreased by 3.061802e-03.
Newton iteration 35.
  Active set size = 123591.
  sub-gradient = 4.015068e+00, l1-norm of X = 5.637158e+03.
  Coordinate descent sweep 1. norm of D = 2.938708e+00, change in D = 2.938708e+00.
  Coordinate descent sweep 2. norm of D = 4.810676e+00, change in D = 2.849881e+00.
  Coordinate descent sweep 3. norm of D = 6.535828e+00, change in D = 2.769721e+00.
  Coordinate descent sweep 4. norm of D = 8.170202e+00, change in D = 2.698058e+00.
  Coordinate descent sweep 5. norm of D = 9.719630e+00, change in D = 2.613794e+00.
  Coordinate descent sweep 6. norm of D = 1.121772e+01, change in D = 2.540412e+00.
  Coordinate descent sweep 7. norm of D = 1.266508e+01, change in D = 2.465399e+00.
  Coordinate descent sweep 8. norm of D = 1.405387e+01, change in D = 2.395967e+00.
  Coordinate descent sweep 9. norm of D = 1.540409e+01, change in D = 2.331880e+00.
  Coordinate descent sweep 10. norm of D = 1.671745e+01, change in D = 2.268370e+00.
  Coordinate descent sweep 11. norm of D = 1.798736e+01, change in D = 2.201278e+00.
  Coordinate descent sweep 12. norm of D = 1.922139e+01, change in D = 2.142410e+00.
    Line search step size chosen: 1.000000e+00.
  Objective value decreased by 1.554546e-03.
Newton iteration 36.
  Active set size = 123516.
  sub-gradient = 2.392207e+00, l1-norm of X = 5.637865e+03.
  Coordinate descent sweep 1. norm of D = 2.080629e+00, change in D = 2.080629e+00.
  Coordinate descent sweep 2. norm of D = 3.405380e+00, change in D = 2.023925e+00.
  Coordinate descent sweep 3. norm of D = 4.612843e+00, change in D = 1.964644e+00.
  Coordinate descent sweep 4. norm of D = 5.755257e+00, change in D = 1.908398e+00.
  Coordinate descent sweep 5. norm of D = 6.849314e+00, change in D = 1.855404e+00.
  Coordinate descent sweep 6. norm of D = 7.902350e+00, change in D = 1.803970e+00.
  Coordinate descent sweep 7. norm of D = 8.920371e+00, change in D = 1.757254e+00.
  Coordinate descent sweep 8. norm of D = 9.902897e+00, change in D = 1.709109e+00.
  Coordinate descent sweep 9. norm of D = 1.084893e+01, change in D = 1.657812e+00.
  Coordinate descent sweep 10. norm of D = 1.176985e+01, change in D = 1.608531e+00.
  Coordinate descent sweep 11. norm of D = 1.266107e+01, change in D = 1.564219e+00.
  Coordinate descent sweep 12. norm of D = 1.352368e+01, change in D = 1.521678e+00.
  Coordinate descent sweep 13. norm of D = 1.436140e+01, change in D = 1.482123e+00.
    Line search step size chosen: 1.000000e+00.
  Objective value decreased by 8.439649e-04.
Newton iteration 37.
  Active set size = 123456.
  sub-gradient = 1.854068e+00, l1-norm of X = 5.638377e+03.
  Coordinate descent sweep 1. norm of D = 1.436542e+00, change in D = 1.436542e+00.
  Coordinate descent sweep 2. norm of D = 2.345302e+00, change in D = 1.399022e+00.
  Coordinate descent sweep 3. norm of D = 3.171132e+00, change in D = 1.360286e+00.
  Coordinate descent sweep 4. norm of D = 3.952216e+00, change in D = 1.319828e+00.
  Coordinate descent sweep 5. norm of D = 4.699096e+00, change in D = 1.282102e+00.
  Coordinate descent sweep 6. norm of D = 5.417734e+00, change in D = 1.251733e+00.
  Coordinate descent sweep 7. norm of D = 6.108406e+00, change in D = 1.214415e+00.
  Coordinate descent sweep 8. norm of D = 6.773934e+00, change in D = 1.181435e+00.
  Coordinate descent sweep 9. norm of D = 7.427885e+00, change in D = 1.153775e+00.
  Coordinate descent sweep 10. norm of D = 8.055923e+00, change in D = 1.118948e+00.
  Coordinate descent sweep 11. norm of D = 8.664445e+00, change in D = 1.087639e+00.
  Coordinate descent sweep 12. norm of D = 9.255332e+00, change in D = 1.061015e+00.
  Coordinate descent sweep 13. norm of D = 9.824595e+00, change in D = 1.025772e+00.
    Line search step size chosen: 1.000000e+00.
  Objective value decreased by 4.126698e-04.
Newton iteration 38.
  Active set size = 123420.
  sub-gradient = 1.337004e+00, l1-norm of X = 5.638714e+03.
  Coordinate descent sweep 1. norm of D = 9.995262e-01, change in D = 9.995262e-01.
  Coordinate descent sweep 2. norm of D = 1.629306e+00, change in D = 9.777685e-01.
  Coordinate descent sweep 3. norm of D = 2.198762e+00, change in D = 9.455831e-01.
  Coordinate descent sweep 4. norm of D = 2.741648e+00, change in D = 9.247256e-01.
  Coordinate descent sweep 5. norm of D = 3.251902e+00, change in D = 8.972319e-01.
  Coordinate descent sweep 6. norm of D = 3.744062e+00, change in D = 8.716056e-01.
  Coordinate descent sweep 7. norm of D = 4.219879e+00, change in D = 8.498056e-01.
  Coordinate descent sweep 8. norm of D = 4.681188e+00, change in D = 8.232301e-01.
  Coordinate descent sweep 9. norm of D = 5.124914e+00, change in D = 8.037661e-01.
  Coordinate descent sweep 10. norm of D = 5.560332e+00, change in D = 7.809894e-01.
  Coordinate descent sweep 11. norm of D = 5.976495e+00, change in D = 7.582389e-01.
  Coordinate descent sweep 12. norm of D = 6.381004e+00, change in D = 7.391751e-01.
  Coordinate descent sweep 13. norm of D = 6.774136e+00, change in D = 7.163472e-01.
    Line search step size chosen: 1.000000e+00.
  Objective value decreased by 2.044455e-04.
Newton iteration 39.
  Active set size = 123367.
  sub-gradient = 8.999780e-01, l1-norm of X = 5.638938e+03.
  Coordinate descent sweep 1. norm of D = 6.967018e-01, change in D = 6.967018e-01.
  Coordinate descent sweep 2. norm of D = 1.129751e+00, change in D = 6.795986e-01.
  Coordinate descent sweep 3. norm of D = 1.523481e+00, change in D = 6.645345e-01.
  Coordinate descent sweep 4. norm of D = 1.895533e+00, change in D = 6.435260e-01.
  Coordinate descent sweep 5. norm of D = 2.248666e+00, change in D = 6.244350e-01.
  Coordinate descent sweep 6. norm of D = 2.586275e+00, change in D = 6.080776e-01.
  Coordinate descent sweep 7. norm of D = 2.913659e+00, change in D = 5.942507e-01.
  Coordinate descent sweep 8. norm of D = 3.229572e+00, change in D = 5.769086e-01.
  Coordinate descent sweep 9. norm of D = 3.535252e+00, change in D = 5.609158e-01.
  Coordinate descent sweep 10. norm of D = 3.833250e+00, change in D = 5.474339e-01.
  Coordinate descent sweep 11. norm of D = 4.120899e+00, change in D = 5.319017e-01.
  Coordinate descent sweep 12. norm of D = 4.401254e+00, change in D = 5.184661e-01.
  Coordinate descent sweep 13. norm of D = 4.673436e+00, change in D = 5.035324e-01.
  Coordinate descent sweep 14. norm of D = 4.936815e+00, change in D = 4.921528e-01.
    Line search step size chosen: 1.000000e+00.
  Objective value decreased by 1.069739e-04.
Newton iteration 40.
  Active set size = 123354.
  sub-gradient = 6.596084e-01, l1-norm of X = 5.639097e+03.
  Coordinate descent sweep 1. norm of D = 4.761707e-01, change in D = 4.761707e-01.
  Coordinate descent sweep 2. norm of D = 7.719035e-01, change in D = 4.654508e-01.
  Coordinate descent sweep 3. norm of D = 1.037492e+00, change in D = 4.523479e-01.
  Coordinate descent sweep 4. norm of D = 1.288405e+00, change in D = 4.405791e-01.
  Coordinate descent sweep 5. norm of D = 1.526486e+00, change in D = 4.274234e-01.
  Coordinate descent sweep 6. norm of D = 1.757359e+00, change in D = 4.171336e-01.
  Coordinate descent sweep 7. norm of D = 1.978121e+00, change in D = 4.063064e-01.
  Coordinate descent sweep 8. norm of D = 2.191941e+00, change in D = 3.944954e-01.
  Coordinate descent sweep 9. norm of D = 2.399148e+00, change in D = 3.856428e-01.
  Coordinate descent sweep 10. norm of D = 2.600121e+00, change in D = 3.746334e-01.
  Coordinate descent sweep 11. norm of D = 2.792870e+00, change in D = 3.643869e-01.
  Coordinate descent sweep 12. norm of D = 2.980641e+00, change in D = 3.543856e-01.
  Coordinate descent sweep 13. norm of D = 3.163802e+00, change in D = 3.462096e-01.
  Coordinate descent sweep 14. norm of D = 3.341552e+00, change in D = 3.367099e-01.
    Line search step size chosen: 1.000000e+00.
  Objective value decreased by 5.096394e-05.
Newton iteration 41.
  Active set size = 123326.
  sub-gradient = 4.189726e-01, l1-norm of X = 5.639201e+03.
  Coordinate descent sweep 1. norm of D = 3.277532e-01, change in D = 3.277532e-01.
  Coordinate descent sweep 2. norm of D = 5.291121e-01, change in D = 3.192833e-01.
  Coordinate descent sweep 3. norm of D = 7.095406e-01, change in D = 3.104758e-01.
  Coordinate descent sweep 4. norm of D = 8.787994e-01, change in D = 3.027919e-01.
  Coordinate descent sweep 5. norm of D = 1.041352e+00, change in D = 2.936546e-01.
  Coordinate descent sweep 6. norm of D = 1.197789e+00, change in D = 2.869435e-01.
  Coordinate descent sweep 7. norm of D = 1.347491e+00, change in D = 2.788881e-01.
  Coordinate descent sweep 8. norm of D = 1.492022e+00, change in D = 2.713023e-01.
  Coordinate descent sweep 9. norm of D = 1.631357e+00, change in D = 2.639075e-01.
  Coordinate descent sweep 10. norm of D = 1.766893e+00, change in D = 2.568148e-01.
  Coordinate descent sweep 11. norm of D = 1.897545e+00, change in D = 2.505638e-01.
  Coordinate descent sweep 12. norm of D = 2.025571e+00, change in D = 2.438365e-01.
  Coordinate descent sweep 13. norm of D = 2.148597e+00, change in D = 2.369534e-01.
  Coordinate descent sweep 14. norm of D = 2.269164e+00, change in D = 2.310622e-01.
    Line search step size chosen: 1.000000e+00.
  Objective value decreased by 2.445594e-05.
QUIC CPU time: 39033.810 seconds
