[1] "sra_normal" "1"          "weighted"   "0.26"      
[1] "Data read complete"
Running QUIC version 1.1 in 'default' mode.
Newton iteration 1.
  X is a diagonal matrix.
    Line search step size 1.000000e+00.  Lack of positive definiteness.
    Line search step size 5.000000e-01.  Lack of positive definiteness.
    Line search step size 2.500000e-01.  Lack of positive definiteness.
    Line search step size 1.250000e-01.  Lack of positive definiteness.
    Line search step size 6.250000e-02.  Lack of positive definiteness.
    Line search step size 3.125000e-02.  Lack of positive definiteness.
    Line search step size 1.562500e-02.  Lack of positive definiteness.
    Line search step size 7.812500e-03.  Lack of positive definiteness.
    Line search step size 3.906250e-03.  Lack of positive definiteness.
    Line search step size 1.953125e-03.  Lack of positive definiteness.
    Line search step size chosen: 9.765625e-04.
  Objective value decreased by 1.448259e+03.
Newton iteration 2.
  Active set size = 9497495.
  sub-gradient = 2.176772e+06, l1-norm of X = 1.110489e+03.
  Coordinate descent sweep 1. norm of D = 4.679771e+05, change in D = 4.679771e+05.
    Line search step size 1.000000e+00.  Lack of positive definiteness.
    Line search step size 5.000000e-01.  Lack of positive definiteness.
    Line search step size 2.500000e-01.  Lack of positive definiteness.
    Line search step size 1.250000e-01.  Lack of positive definiteness.
    Line search step size 6.250000e-02.  Lack of positive definiteness.
    Line search step size 3.125000e-02.  Lack of positive definiteness.
    Line search step size 1.562500e-02.  Lack of positive definiteness.
    Line search step size 7.812500e-03.  Lack of positive definiteness.
    Line search step size 3.906250e-03.  Lack of positive definiteness.
    Line search step size chosen: 1.953125e-03.
  Objective value decreased by 5.773236e+02.
Newton iteration 3.
  Active set size = 9497937.
  sub-gradient = 2.162146e+06, l1-norm of X = 1.580772e+03.
  Coordinate descent sweep 1. norm of D = 1.538864e+05, change in D = 1.538864e+05.
  Coordinate descent sweep 2. norm of D = 1.170846e+05, change in D = 9.676291e+04.
    Line search step size 1.000000e+00.  Lack of positive definiteness.
    Line search step size 5.000000e-01.  Lack of positive definiteness.
    Line search step size 2.500000e-01.  Lack of positive definiteness.
    Line search step size 1.250000e-01.  Lack of positive definiteness.
    Line search step size 6.250000e-02.  Lack of positive definiteness.
    Line search step size 3.125000e-02.  Lack of positive definiteness.
    Line search step size 1.562500e-02.  Lack of positive definiteness.
    Line search step size chosen: 7.812500e-03.
  Objective value decreased by 5.804464e+02.
Newton iteration 4.
  Active set size = 9504634.
  sub-gradient = 1.978754e+06, l1-norm of X = 2.028918e+03.
  Coordinate descent sweep 1. norm of D = 3.328078e+04, change in D = 3.328078e+04.
  Coordinate descent sweep 2. norm of D = 2.801880e+04, change in D = 1.484332e+04.
    Line search step size 1.000000e+00.  Lack of positive definiteness.
    Line search step size 5.000000e-01.  Lack of positive definiteness.
    Line search step size 2.500000e-01.  Lack of positive definiteness.
    Line search step size 1.250000e-01.  Lack of positive definiteness.
    Line search step size 6.250000e-02.  Lack of positive definiteness.
    Line search step size 3.125000e-02.  Lack of positive definiteness.
    Line search step size chosen: 1.562500e-02.
  Objective value decreased by 1.714392e+02.
Newton iteration 5.
  Active set size = 9502680.
  sub-gradient = 1.904206e+06, l1-norm of X = 2.178328e+03.
  Coordinate descent sweep 1. norm of D = 2.077413e+04, change in D = 2.077413e+04.
  Coordinate descent sweep 2. norm of D = 1.885265e+04, change in D = 8.844286e+03.
    Line search step size 1.000000e+00.  Lack of positive definiteness.
    Line search step size 5.000000e-01.  Lack of positive definiteness.
    Line search step size 2.500000e-01.  Lack of positive definiteness.
    Line search step size 1.250000e-01.  Lack of positive definiteness.
    Line search step size 6.250000e-02.  Lack of positive definiteness.
    Line search step size chosen: 3.125000e-02.
  Objective value decreased by 1.960938e+02.
Newton iteration 6.
  Active set size = 9501995.
  sub-gradient = 1.738322e+06, l1-norm of X = 2.321054e+03.
  Coordinate descent sweep 1. norm of D = 1.452490e+04, change in D = 1.452490e+04.
  Coordinate descent sweep 2. norm of D = 1.437763e+04, change in D = 5.560102e+03.
  Coordinate descent sweep 3. norm of D = 1.454086e+04, change in D = 1.589230e+03.
    Line search step size 1.000000e+00.  Lack of positive definiteness.
    Line search step size 5.000000e-01.  Lack of positive definiteness.
    Line search step size 2.500000e-01.  Lack of positive definiteness.
    Line search step size 1.250000e-01.  Lack of positive definiteness.
    Line search step size chosen: 6.250000e-02.
  Objective value decreased by 2.518851e+02.
Newton iteration 7.
  Active set size = 9502133.
  sub-gradient = 1.433629e+06, l1-norm of X = 2.454463e+03.
  Coordinate descent sweep 1. norm of D = 1.172770e+04, change in D = 1.172770e+04.
  Coordinate descent sweep 2. norm of D = 1.245231e+04, change in D = 5.041761e+03.
  Coordinate descent sweep 3. norm of D = 1.273164e+04, change in D = 1.865734e+03.
    Line search step size 1.000000e+00.  Lack of positive definiteness.
    Line search step size 5.000000e-01.  Lack of positive definiteness.
    Line search step size 2.500000e-01.  Lack of positive definiteness.
    Line search step size chosen: 1.250000e-01.
  Objective value decreased by 3.840081e+02.
Newton iteration 8.
  Active set size = 9502193.
  sub-gradient = 1.004227e+06, l1-norm of X = 2.602432e+03.
  Coordinate descent sweep 1. norm of D = 9.783972e+03, change in D = 9.783972e+03.
  Coordinate descent sweep 2. norm of D = 1.097864e+04, change in D = 5.189459e+03.
  Coordinate descent sweep 3. norm of D = 1.154770e+04, change in D = 2.665356e+03.
    Line search step size 1.000000e+00.  Lack of positive definiteness.
    Line search step size 5.000000e-01.  Lack of positive definiteness.
    Line search step size chosen: 2.500000e-01.
  Objective value decreased by 5.996874e+02.
Newton iteration 9.
  Active set size = 9502498.
  sub-gradient = 7.504250e+05, l1-norm of X = 2.820092e+03.
  Coordinate descent sweep 1. norm of D = 7.324207e+03, change in D = 7.324207e+03.
  Coordinate descent sweep 2. norm of D = 8.711094e+03, change in D = 4.589483e+03.
  Coordinate descent sweep 3. norm of D = 9.527033e+03, change in D = 3.189572e+03.
  Coordinate descent sweep 4. norm of D = 1.009990e+04, change in D = 2.141067e+03.
    Line search step size 1.000000e+00.  Lack of positive definiteness.
    Line search step size chosen: 5.000000e-01.
  Objective value decreased by 8.276560e+02.
Newton iteration 10.
  Active set size = 9510523.
  sub-gradient = 1.645730e+06, l1-norm of X = 3.206868e+03.
  Coordinate descent sweep 1. norm of D = 4.196959e+03, change in D = 4.196959e+03.
  Coordinate descent sweep 2. norm of D = 5.374604e+03, change in D = 2.964154e+03.
  Coordinate descent sweep 3. norm of D = 6.175013e+03, change in D = 2.468169e+03.
  Coordinate descent sweep 4. norm of D = 6.815084e+03, change in D = 2.033263e+03.
    Line search step size chosen: 1.000000e+00.
  Objective value decreased by 7.253020e+02.
Newton iteration 11.
  Active set size = 919839.
  sub-gradient = 1.145982e+05, l1-norm of X = 3.777689e+03.
  Coordinate descent sweep 1. norm of D = 1.516306e+03, change in D = 1.516306e+03.
  Coordinate descent sweep 2. norm of D = 2.273516e+03, change in D = 1.341219e+03.
  Coordinate descent sweep 3. norm of D = 2.879294e+03, change in D = 1.210760e+03.
  Coordinate descent sweep 4. norm of D = 3.393007e+03, change in D = 1.095859e+03.
    Line search step size chosen: 1.000000e+00.
  Objective value decreased by 1.878095e+02.
Newton iteration 12.
  Active set size = 1241461.
  sub-gradient = 1.064713e+05, l1-norm of X = 4.149180e+03.
  Coordinate descent sweep 1. norm of D = 1.101675e+03, change in D = 1.101675e+03.
  Coordinate descent sweep 2. norm of D = 1.701421e+03, change in D = 1.010121e+03.
  Coordinate descent sweep 3. norm of D = 2.197626e+03, change in D = 9.259174e+02.
  Coordinate descent sweep 4. norm of D = 2.631689e+03, change in D = 8.498481e+02.
  Coordinate descent sweep 5. norm of D = 3.025499e+03, change in D = 7.818628e+02.
    Line search step size chosen: 1.000000e+00.
  Objective value decreased by 1.265741e+02.
Newton iteration 13.
  Active set size = 242960.
  sub-gradient = 4.672753e+04, l1-norm of X = 4.501580e+03.
  Coordinate descent sweep 1. norm of D = 9.135059e+02, change in D = 9.135059e+02.
  Coordinate descent sweep 2. norm of D = 1.426601e+03, change in D = 8.390747e+02.
  Coordinate descent sweep 3. norm of D = 1.855571e+03, change in D = 7.708043e+02.
  Coordinate descent sweep 4. norm of D = 2.235015e+03, change in D = 7.055141e+02.
  Coordinate descent sweep 5. norm of D = 2.578539e+03, change in D = 6.502251e+02.
    Line search step size chosen: 1.000000e+00.
  Objective value decreased by 7.567216e+01.
Newton iteration 14.
  Active set size = 173657.
  sub-gradient = 2.610876e+04, l1-norm of X = 4.796048e+03.
  Coordinate descent sweep 1. norm of D = 7.404324e+02, change in D = 7.404324e+02.
  Coordinate descent sweep 2. norm of D = 1.167794e+03, change in D = 6.833448e+02.
  Coordinate descent sweep 3. norm of D = 1.528070e+03, change in D = 6.247424e+02.
  Coordinate descent sweep 4. norm of D = 1.848011e+03, change in D = 5.735374e+02.
  Coordinate descent sweep 5. norm of D = 2.135977e+03, change in D = 5.256510e+02.
    Line search step size chosen: 1.000000e+00.
  Objective value decreased by 4.318748e+01.
Newton iteration 15.
  Active set size = 154963.
  sub-gradient = 1.401692e+04, l1-norm of X = 5.031330e+03.
  Coordinate descent sweep 1. norm of D = 5.748582e+02, change in D = 5.748582e+02.
  Coordinate descent sweep 2. norm of D = 9.099400e+02, change in D = 5.264519e+02.
  Coordinate descent sweep 3. norm of D = 1.197647e+03, change in D = 4.834654e+02.
  Coordinate descent sweep 4. norm of D = 1.452351e+03, change in D = 4.421693e+02.
  Coordinate descent sweep 5. norm of D = 1.682902e+03, change in D = 4.053912e+02.
  Coordinate descent sweep 6. norm of D = 1.893417e+03, change in D = 3.715937e+02.
    Line search step size chosen: 1.000000e+00.
  Objective value decreased by 2.580029e+01.
Newton iteration 16.
  Active set size = 142049.
  sub-gradient = 6.524815e+03, l1-norm of X = 5.233559e+03.
  Coordinate descent sweep 1. norm of D = 3.940020e+02, change in D = 3.940020e+02.
  Coordinate descent sweep 2. norm of D = 6.301233e+02, change in D = 3.626305e+02.
  Coordinate descent sweep 3. norm of D = 8.336094e+02, change in D = 3.324279e+02.
  Coordinate descent sweep 4. norm of D = 1.015547e+03, change in D = 3.042529e+02.
  Coordinate descent sweep 5. norm of D = 1.180980e+03, change in D = 2.798216e+02.
  Coordinate descent sweep 6. norm of D = 1.331552e+03, change in D = 2.564684e+02.
    Line search step size chosen: 1.000000e+00.
  Objective value decreased by 1.128665e+01.
Newton iteration 17.
  Active set size = 133691.
  sub-gradient = 3.174023e+03, l1-norm of X = 5.366188e+03.
  Coordinate descent sweep 1. norm of D = 2.567878e+02, change in D = 2.567878e+02.
  Coordinate descent sweep 2. norm of D = 4.132493e+02, change in D = 2.365552e+02.
  Coordinate descent sweep 3. norm of D = 5.492282e+02, change in D = 2.173825e+02.
  Coordinate descent sweep 4. norm of D = 6.717307e+02, change in D = 1.999499e+02.
  Coordinate descent sweep 5. norm of D = 7.838162e+02, change in D = 1.843038e+02.
  Coordinate descent sweep 6. norm of D = 8.854848e+02, change in D = 1.692704e+02.
    Line search step size chosen: 1.000000e+00.
  Objective value decreased by 4.689874e+00.
Newton iteration 18.
  Active set size = 128120.
  sub-gradient = 1.280921e+03, l1-norm of X = 5.448244e+03.
  Coordinate descent sweep 1. norm of D = 1.647728e+02, change in D = 1.647728e+02.
  Coordinate descent sweep 2. norm of D = 2.663572e+02, change in D = 1.521841e+02.
  Coordinate descent sweep 3. norm of D = 3.557020e+02, change in D = 1.406349e+02.
  Coordinate descent sweep 4. norm of D = 4.366956e+02, change in D = 1.297310e+02.
  Coordinate descent sweep 5. norm of D = 5.103223e+02, change in D = 1.190826e+02.
  Coordinate descent sweep 6. norm of D = 5.783273e+02, change in D = 1.104353e+02.
  Coordinate descent sweep 7. norm of D = 6.407231e+02, change in D = 1.018953e+02.
    Line search step size chosen: 1.000000e+00.
  Objective value decreased by 2.113096e+00.
Newton iteration 19.
  Active set size = 124327.
  sub-gradient = 5.245938e+02, l1-norm of X = 5.504047e+03.
  Coordinate descent sweep 1. norm of D = 9.829492e+01, change in D = 9.829492e+01.
  Coordinate descent sweep 2. norm of D = 1.590960e+02, change in D = 9.074483e+01.
  Coordinate descent sweep 3. norm of D = 2.128103e+02, change in D = 8.403526e+01.
  Coordinate descent sweep 4. norm of D = 2.615979e+02, change in D = 7.791109e+01.
  Coordinate descent sweep 5. norm of D = 3.064358e+02, change in D = 7.203593e+01.
  Coordinate descent sweep 6. norm of D = 3.477461e+02, change in D = 6.674697e+01.
  Coordinate descent sweep 7. norm of D = 3.860387e+02, change in D = 6.192771e+01.
    Line search step size chosen: 1.000000e+00.
  Objective value decreased by 7.681231e-01.
Newton iteration 20.
  Active set size = 122301.
  sub-gradient = 2.044049e+02, l1-norm of X = 5.534752e+03.
  Coordinate descent sweep 1. norm of D = 5.931316e+01, change in D = 5.931316e+01.
  Coordinate descent sweep 2. norm of D = 9.645646e+01, change in D = 5.511902e+01.
  Coordinate descent sweep 3. norm of D = 1.293700e+02, change in D = 5.130579e+01.
  Coordinate descent sweep 4. norm of D = 1.592645e+02, change in D = 4.744203e+01.
  Coordinate descent sweep 5. norm of D = 1.867832e+02, change in D = 4.408780e+01.
  Coordinate descent sweep 6. norm of D = 2.121862e+02, change in D = 4.086473e+01.
  Coordinate descent sweep 7. norm of D = 2.357557e+02, change in D = 3.795836e+01.
    Line search step size chosen: 1.000000e+00.
  Objective value decreased by 2.895672e-01.
Newton iteration 21.
  Active set size = 121120.
  sub-gradient = 7.713074e+01, l1-norm of X = 5.551987e+03.
  Coordinate descent sweep 1. norm of D = 3.609911e+01, change in D = 3.609911e+01.
  Coordinate descent sweep 2. norm of D = 5.863694e+01, change in D = 3.353813e+01.
  Coordinate descent sweep 3. norm of D = 7.876250e+01, change in D = 3.134023e+01.
  Coordinate descent sweep 4. norm of D = 9.697919e+01, change in D = 2.908739e+01.
  Coordinate descent sweep 5. norm of D = 1.137901e+02, change in D = 2.706606e+01.
  Coordinate descent sweep 6. norm of D = 1.294502e+02, change in D = 2.519749e+01.
  Coordinate descent sweep 7. norm of D = 1.439077e+02, change in D = 2.341639e+01.
  Coordinate descent sweep 8. norm of D = 1.573757e+02, change in D = 2.184461e+01.
    Line search step size chosen: 1.000000e+00.
  Objective value decreased by 1.191967e-01.
Newton iteration 22.
  Active set size = 120348.
  sub-gradient = 3.425238e+01, l1-norm of X = 5.562654e+03.
  Coordinate descent sweep 1. norm of D = 2.063651e+01, change in D = 2.063651e+01.
  Coordinate descent sweep 2. norm of D = 3.348941e+01, change in D = 1.919857e+01.
  Coordinate descent sweep 3. norm of D = 4.494155e+01, change in D = 1.791240e+01.
  Coordinate descent sweep 4. norm of D = 5.535473e+01, change in D = 1.667797e+01.
  Coordinate descent sweep 5. norm of D = 6.498910e+01, change in D = 1.559330e+01.
  Coordinate descent sweep 6. norm of D = 7.395347e+01, change in D = 1.455228e+01.
  Coordinate descent sweep 7. norm of D = 8.228188e+01, change in D = 1.362956e+01.
  Coordinate descent sweep 8. norm of D = 9.006116e+01, change in D = 1.273139e+01.
    Line search step size chosen: 1.000000e+00.
  Objective value decreased by 4.035334e-02.
Newton iteration 23.
  Active set size = 120121.
  sub-gradient = 1.446474e+01, l1-norm of X = 5.568309e+03.
  Coordinate descent sweep 1. norm of D = 1.198437e+01, change in D = 1.198437e+01.
  Coordinate descent sweep 2. norm of D = 1.943086e+01, change in D = 1.118067e+01.
  Coordinate descent sweep 3. norm of D = 2.603950e+01, change in D = 1.043855e+01.
  Coordinate descent sweep 4. norm of D = 3.210973e+01, change in D = 9.743530e+00.
  Coordinate descent sweep 5. norm of D = 3.774024e+01, change in D = 9.161128e+00.
  Coordinate descent sweep 6. norm of D = 4.293185e+01, change in D = 8.548654e+00.
  Coordinate descent sweep 7. norm of D = 4.774671e+01, change in D = 7.983104e+00.
  Coordinate descent sweep 8. norm of D = 5.227016e+01, change in D = 7.509414e+00.
    Line search step size chosen: 1.000000e+00.
  Objective value decreased by 1.410808e-02.
Newton iteration 24.
  Active set size = 119677.
  sub-gradient = 1.128921e+01, l1-norm of X = 5.571364e+03.
  Coordinate descent sweep 1. norm of D = 7.016117e+00, change in D = 7.016117e+00.
  Coordinate descent sweep 2. norm of D = 1.135000e+01, change in D = 6.577972e+00.
  Coordinate descent sweep 3. norm of D = 1.521004e+01, change in D = 6.157535e+00.
  Coordinate descent sweep 4. norm of D = 1.874981e+01, change in D = 5.762727e+00.
  Coordinate descent sweep 5. norm of D = 2.202312e+01, change in D = 5.405280e+00.
  Coordinate descent sweep 6. norm of D = 2.503543e+01, change in D = 5.054426e+00.
  Coordinate descent sweep 7. norm of D = 2.783255e+01, change in D = 4.745396e+00.
  Coordinate descent sweep 8. norm of D = 3.044784e+01, change in D = 4.452872e+00.
  Coordinate descent sweep 9. norm of D = 3.290695e+01, change in D = 4.174649e+00.
    Line search step size chosen: 1.000000e+00.
  Objective value decreased by 5.383116e-03.
Newton iteration 25.
  Active set size = 119421.
  sub-gradient = 7.006728e+00, l1-norm of X = 5.573195e+03.
  Coordinate descent sweep 1. norm of D = 3.908994e+00, change in D = 3.908994e+00.
  Coordinate descent sweep 2. norm of D = 6.305945e+00, change in D = 3.681795e+00.
  Coordinate descent sweep 3. norm of D = 8.433591e+00, change in D = 3.458784e+00.
  Coordinate descent sweep 4. norm of D = 1.040741e+01, change in D = 3.266339e+00.
  Coordinate descent sweep 5. norm of D = 1.220101e+01, change in D = 3.043166e+00.
  Coordinate descent sweep 6. norm of D = 1.387619e+01, change in D = 2.855894e+00.
  Coordinate descent sweep 7. norm of D = 1.544917e+01, change in D = 2.688594e+00.
  Coordinate descent sweep 8. norm of D = 1.689720e+01, change in D = 2.509835e+00.
  Coordinate descent sweep 9. norm of D = 1.824905e+01, change in D = 2.369652e+00.
    Line search step size chosen: 1.000000e+00.
  Objective value decreased by 1.748819e-03.
Newton iteration 26.
  Active set size = 119286.
  sub-gradient = 2.858649e+00, l1-norm of X = 5.574151e+03.
  Coordinate descent sweep 1. norm of D = 2.218639e+00, change in D = 2.218639e+00.
  Coordinate descent sweep 2. norm of D = 3.570504e+00, change in D = 2.089663e+00.
  Coordinate descent sweep 3. norm of D = 4.760316e+00, change in D = 1.964690e+00.
  Coordinate descent sweep 4. norm of D = 5.864263e+00, change in D = 1.852014e+00.
  Coordinate descent sweep 5. norm of D = 6.870905e+00, change in D = 1.733423e+00.
  Coordinate descent sweep 6. norm of D = 7.808870e+00, change in D = 1.631080e+00.
  Coordinate descent sweep 7. norm of D = 8.681423e+00, change in D = 1.531387e+00.
  Coordinate descent sweep 8. norm of D = 9.490372e+00, change in D = 1.434441e+00.
  Coordinate descent sweep 9. norm of D = 1.025510e+01, change in D = 1.358179e+00.
    Line search step size chosen: 1.000000e+00.
  Objective value decreased by 5.815594e-04.
Newton iteration 27.
  Active set size = 119232.
  sub-gradient = 1.602374e+00, l1-norm of X = 5.574662e+03.
  Coordinate descent sweep 1. norm of D = 1.275234e+00, change in D = 1.275234e+00.
  Coordinate descent sweep 2. norm of D = 2.044292e+00, change in D = 1.198278e+00.
  Coordinate descent sweep 3. norm of D = 2.714913e+00, change in D = 1.125734e+00.
  Coordinate descent sweep 4. norm of D = 3.333587e+00, change in D = 1.062284e+00.
  Coordinate descent sweep 5. norm of D = 3.903576e+00, change in D = 9.976049e-01.
  Coordinate descent sweep 6. norm of D = 4.432404e+00, change in D = 9.367644e-01.
  Coordinate descent sweep 7. norm of D = 4.923887e+00, change in D = 8.828014e-01.
  Coordinate descent sweep 8. norm of D = 5.381164e+00, change in D = 8.285184e-01.
  Coordinate descent sweep 9. norm of D = 5.812664e+00, change in D = 7.823136e-01.
  Coordinate descent sweep 10. norm of D = 6.215664e+00, change in D = 7.365172e-01.
    Line search step size chosen: 1.000000e+00.
  Objective value decreased by 2.083916e-04.
Newton iteration 28.
  Active set size = 119179.
  sub-gradient = 9.820325e-01, l1-norm of X = 5.574959e+03.
  Coordinate descent sweep 1. norm of D = 6.919591e-01, change in D = 6.919591e-01.
  Coordinate descent sweep 2. norm of D = 1.105395e+00, change in D = 6.509575e-01.
  Coordinate descent sweep 3. norm of D = 1.467470e+00, change in D = 6.133985e-01.
  Coordinate descent sweep 4. norm of D = 1.793503e+00, change in D = 5.770171e-01.
  Coordinate descent sweep 5. norm of D = 2.098912e+00, change in D = 5.448411e-01.
  Coordinate descent sweep 6. norm of D = 2.382460e+00, change in D = 5.143579e-01.
  Coordinate descent sweep 7. norm of D = 2.647309e+00, change in D = 4.834808e-01.
  Coordinate descent sweep 8. norm of D = 2.892772e+00, change in D = 4.536090e-01.
  Coordinate descent sweep 9. norm of D = 3.124782e+00, change in D = 4.291676e-01.
  Coordinate descent sweep 10. norm of D = 3.340437e+00, change in D = 4.043392e-01.
    Line search step size chosen: 1.000000e+00.
  Objective value decreased by 6.351725e-05.
Newton iteration 29.
  Active set size = 119144.
  sub-gradient = 5.022818e-01, l1-norm of X = 5.575109e+03.
  Coordinate descent sweep 1. norm of D = 3.811102e-01, change in D = 3.811102e-01.
  Coordinate descent sweep 2. norm of D = 6.055118e-01, change in D = 3.583802e-01.
  Coordinate descent sweep 3. norm of D = 8.015424e-01, change in D = 3.370136e-01.
  Coordinate descent sweep 4. norm of D = 9.791349e-01, change in D = 3.185138e-01.
  Coordinate descent sweep 5. norm of D = 1.144383e+00, change in D = 3.002302e-01.
  Coordinate descent sweep 6. norm of D = 1.297237e+00, change in D = 2.830533e-01.
  Coordinate descent sweep 7. norm of D = 1.439656e+00, change in D = 2.678351e-01.
  Coordinate descent sweep 8. norm of D = 1.573328e+00, change in D = 2.513509e-01.
  Coordinate descent sweep 9. norm of D = 1.697962e+00, change in D = 2.375005e-01.
  Coordinate descent sweep 10. norm of D = 1.813267e+00, change in D = 2.232402e-01.
    Line search step size chosen: 1.000000e+00.
  Objective value decreased by 1.979279e-05.
QUIC CPU time: 28661.200 seconds
