[1] "/data/abattle4/prashanthi/recount3/data/blood/all/weighted_covariances/cov_45.rds"
[1] "Data read complete"
Running QUIC version 1.1 in 'default' mode.
Newton iteration 1.
  X is a diagonal matrix.
    Line search step size 1.000000e+00.  Lack of positive definiteness.
    Line search step size 5.000000e-01.  Lack of positive definiteness.
    Line search step size 2.500000e-01.  Lack of positive definiteness.
    Line search step size chosen: 1.250000e-01.
  Objective value decreased by 1.417689e+01.
Newton iteration 2.
  Active set size = 12342.
  sub-gradient = 2.649069e+02, l1-norm of X = 4.205357e+01.
  Coordinate descent sweep 1. norm of D = 1.849073e+02, change in D = 1.849073e+02.
    Line search step size 1.000000e+00.  Lack of positive definiteness.
    Line search step size 5.000000e-01.  Lack of positive definiteness.
    Line search step size chosen: 2.500000e-01.
  Objective value decreased by 7.917518e+00.
Newton iteration 3.
  Active set size = 12342.
  sub-gradient = 1.606261e+02, l1-norm of X = 7.507276e+01.
  Coordinate descent sweep 1. norm of D = 1.021127e+02, change in D = 1.021127e+02.
  Coordinate descent sweep 2. norm of D = 1.063378e+02, change in D = 2.833251e+01.
    Line search step size chosen: 1.000000e+00.
  Objective value decreased by 6.249413e+00.
Newton iteration 4.
  Active set size = 11041.
  sub-gradient = 6.192148e+01, l1-norm of X = 1.217757e+02.
  Coordinate descent sweep 1. norm of D = 2.257431e+01, change in D = 2.257431e+01.
  Coordinate descent sweep 2. norm of D = 2.531984e+01, change in D = 1.134225e+01.
    Line search step size chosen: 1.000000e+00.
  Objective value decreased by 5.060737e-01.
Newton iteration 5.
  Active set size = 10874.
  sub-gradient = 1.048623e+01, l1-norm of X = 1.218007e+02.
  Coordinate descent sweep 1. norm of D = 7.023567e+00, change in D = 7.023567e+00.
  Coordinate descent sweep 2. norm of D = 8.586776e+00, change in D = 3.736221e+00.
    Line search step size chosen: 1.000000e+00.
  Objective value decreased by 6.673680e-02.
Newton iteration 6.
  Active set size = 10830.
  sub-gradient = 2.515907e+00, l1-norm of X = 1.223740e+02.
  Coordinate descent sweep 1. norm of D = 2.196145e+00, change in D = 2.196145e+00.
  Coordinate descent sweep 2. norm of D = 2.805089e+00, change in D = 1.235305e+00.
  Coordinate descent sweep 3. norm of D = 3.144328e+00, change in D = 7.355577e-01.
    Line search step size chosen: 1.000000e+00.
  Objective value decreased by 1.136986e-02.
Newton iteration 7.
  Active set size = 10817.
  sub-gradient = 5.065025e-01, l1-norm of X = 1.227287e+02.
  Coordinate descent sweep 1. norm of D = 4.924985e-01, change in D = 4.924985e-01.
  Coordinate descent sweep 2. norm of D = 6.341809e-01, change in D = 3.098264e-01.
  Coordinate descent sweep 3. norm of D = 7.226016e-01, change in D = 2.050183e-01.
    Line search step size chosen: 1.000000e+00.
  Objective value decreased by 1.023827e-03.
Newton iteration 8.
  Active set size = 10814.
  sub-gradient = 1.635029e-01, l1-norm of X = 1.228004e+02.
  Coordinate descent sweep 1. norm of D = 1.466359e-01, change in D = 1.466359e-01.
  Coordinate descent sweep 2. norm of D = 1.889818e-01, change in D = 9.506219e-02.
  Coordinate descent sweep 3. norm of D = 2.105519e-01, change in D = 7.145526e-02.
    Line search step size chosen: 1.000000e+00.
  Objective value decreased by 1.401853e-04.
Newton iteration 9.
  Active set size = 10813.
  sub-gradient = 5.078818e-02, l1-norm of X = 1.228194e+02.
  Coordinate descent sweep 1. norm of D = 5.034184e-02, change in D = 5.034184e-02.
  Coordinate descent sweep 2. norm of D = 6.622433e-02, change in D = 3.677154e-02.
  Coordinate descent sweep 3. norm of D = 7.883444e-02, change in D = 2.694516e-02.
  Coordinate descent sweep 4. norm of D = 8.823295e-02, change in D = 1.877180e-02.
    Line search step size chosen: 1.000000e+00.
  Objective value decreased by 3.256659e-05.
Newton iteration 10.
  Active set size = 10810.
  sub-gradient = 1.343449e-02, l1-norm of X = 1.228291e+02.
  Coordinate descent sweep 1. norm of D = 1.327066e-02, change in D = 1.327066e-02.
  Coordinate descent sweep 2. norm of D = 1.741226e-02, change in D = 1.077578e-02.
  Coordinate descent sweep 3. norm of D = 2.052403e-02, change in D = 7.087054e-03.
  Coordinate descent sweep 4. norm of D = 2.281191e-02, change in D = 6.248123e-03.
    Line search step size chosen: 1.000000e+00.
  Objective value decreased by 3.791357e-06.
Newton iteration 11.
  Active set size = 10810.
  sub-gradient = 4.332367e-03, l1-norm of X = 1.228311e+02.
  Coordinate descent sweep 1. norm of D = 4.113257e-03, change in D = 4.113257e-03.
  Coordinate descent sweep 2. norm of D = 5.872380e-03, change in D = 3.556330e-03.
  Coordinate descent sweep 3. norm of D = 6.785246e-03, change in D = 2.823378e-03.
  Coordinate descent sweep 4. norm of D = 7.463104e-03, change in D = 2.157511e-03.
    Line search step size chosen: 1.000000e+00.
  Objective value decreased by 6.372438e-07.
QUIC CPU time: 3950.702 seconds
