[1] "/data/abattle4/prashanthi/recount3/data/blood/all/weighted_covariances/cov_45.rds"
[1] "Data read complete"
Running QUIC version 1.1 in 'default' mode.
Newton iteration 1.
  X is a diagonal matrix.
    Line search step size 1.000000e+00.  Lack of positive definiteness.
    Line search step size 5.000000e-01.  Lack of positive definiteness.
    Line search step size 2.500000e-01.  Lack of positive definiteness.
    Line search step size chosen: 1.250000e-01.
  Objective value decreased by 5.087042e+00.
Newton iteration 2.
  Active set size = 9744.
  sub-gradient = 1.277265e+02, l1-norm of X = 1.949706e+01.
  Coordinate descent sweep 1. norm of D = 9.120939e+01, change in D = 9.120939e+01.
    Line search step size 1.000000e+00.  Lack of positive definiteness.
    Line search step size chosen: 5.000000e-01.
  Objective value decreased by 2.624837e+00.
Newton iteration 3.
  Active set size = 9924.
  sub-gradient = 2.572381e+03, l1-norm of X = 6.127020e+01.
  Coordinate descent sweep 1. norm of D = 2.329891e+01, change in D = 2.329891e+01.
  Coordinate descent sweep 2. norm of D = 2.638553e+01, change in D = 7.328606e+00.
    Line search step size chosen: 1.000000e+00.
  Objective value decreased by 1.870413e+00.
Newton iteration 4.
  Active set size = 9546.
  sub-gradient = 1.153554e+03, l1-norm of X = 7.096709e+01.
  Coordinate descent sweep 1. norm of D = 7.935746e+00, change in D = 7.935746e+00.
  Coordinate descent sweep 2. norm of D = 9.478422e+00, change in D = 4.128752e+00.
    Line search step size chosen: 1.000000e+00.
  Objective value decreased by 9.663219e-01.
Newton iteration 5.
  Active set size = 9407.
  sub-gradient = 5.240136e+02, l1-norm of X = 7.166978e+01.
  Coordinate descent sweep 1. norm of D = 5.271889e+00, change in D = 5.271889e+00.
  Coordinate descent sweep 2. norm of D = 6.396423e+00, change in D = 2.895765e+00.
    Line search step size chosen: 1.000000e+00.
  Objective value decreased by 6.989204e-01.
Newton iteration 6.
  Active set size = 9352.
  sub-gradient = 2.282221e+02, l1-norm of X = 7.176345e+01.
  Coordinate descent sweep 1. norm of D = 4.392028e+00, change in D = 4.392028e+00.
  Coordinate descent sweep 2. norm of D = 5.160415e+00, change in D = 2.788488e+00.
  Coordinate descent sweep 3. norm of D = 5.771245e+00, change in D = 2.003288e+00.
    Line search step size chosen: 1.000000e+00.
  Objective value decreased by 5.218287e-01.
Newton iteration 7.
  Active set size = 9314.
  sub-gradient = 9.149893e+01, l1-norm of X = 7.186285e+01.
  Coordinate descent sweep 1. norm of D = 3.507204e+00, change in D = 3.507204e+00.
  Coordinate descent sweep 2. norm of D = 3.656337e+00, change in D = 2.365371e+00.
  Coordinate descent sweep 3. norm of D = 3.801525e+00, change in D = 1.506090e+00.
    Line search step size chosen: 1.000000e+00.
  Objective value decreased by 2.665883e-01.
Newton iteration 8.
  Active set size = 9287.
  sub-gradient = 3.247220e+01, l1-norm of X = 7.161112e+01.
  Coordinate descent sweep 1. norm of D = 2.331495e+00, change in D = 2.331495e+00.
  Coordinate descent sweep 2. norm of D = 2.318200e+00, change in D = 1.501272e+00.
  Coordinate descent sweep 3. norm of D = 2.285414e+00, change in D = 8.417996e-01.
    Line search step size chosen: 1.000000e+00.
  Objective value decreased by 8.276854e-02.
Newton iteration 9.
  Active set size = 9268.
  sub-gradient = 7.622131e+00, l1-norm of X = 7.128314e+01.
  Coordinate descent sweep 1. norm of D = 9.295955e-01, change in D = 9.295955e-01.
  Coordinate descent sweep 2. norm of D = 9.482883e-01, change in D = 5.799415e-01.
  Coordinate descent sweep 3. norm of D = 9.609416e-01, change in D = 3.033669e-01.
  Coordinate descent sweep 4. norm of D = 9.747177e-01, change in D = 1.643362e-01.
    Line search step size chosen: 1.000000e+00.
  Objective value decreased by 9.200433e-03.
Newton iteration 10.
  Active set size = 9264.
  sub-gradient = 7.355565e-01, l1-norm of X = 7.112010e+01.
  Coordinate descent sweep 1. norm of D = 1.839497e-01, change in D = 1.839497e-01.
  Coordinate descent sweep 2. norm of D = 1.974465e-01, change in D = 1.146574e-01.
  Coordinate descent sweep 3. norm of D = 2.101410e-01, change in D = 6.232053e-02.
  Coordinate descent sweep 4. norm of D = 2.176213e-01, change in D = 3.377662e-02.
    Line search step size chosen: 1.000000e+00.
  Objective value decreased by 7.730486e-04.
Newton iteration 11.
  Active set size = 9264.
  sub-gradient = 3.020567e-02, l1-norm of X = 7.110338e+01.
  Coordinate descent sweep 1. norm of D = 1.898540e-02, change in D = 1.898540e-02.
  Coordinate descent sweep 2. norm of D = 2.241093e-02, change in D = 1.067784e-02.
  Coordinate descent sweep 3. norm of D = 2.420467e-02, change in D = 5.456793e-03.
  Coordinate descent sweep 4. norm of D = 2.518661e-02, change in D = 3.123605e-03.
    Line search step size chosen: 1.000000e+00.
  Objective value decreased by 3.028227e-06.
Newton iteration 12.
  Active set size = 9265.
  sub-gradient = 1.933786e-03, l1-norm of X = 7.110368e+01.
  Coordinate descent sweep 1. norm of D = 1.921146e-03, change in D = 1.921146e-03.
  Coordinate descent sweep 2. norm of D = 2.350182e-03, change in D = 1.066903e-03.
  Coordinate descent sweep 3. norm of D = 2.527592e-03, change in D = 5.839885e-04.
  Coordinate descent sweep 4. norm of D = 2.648632e-03, change in D = 3.464327e-04.
  Coordinate descent sweep 5. norm of D = 2.706008e-03, change in D = 1.886436e-04.
    Line search step size chosen: 1.000000e+00.
  Objective value decreased by 4.339017e-08.
QUIC CPU time: 4263.987 seconds
