[1] "/data/abattle4/prashanthi/recount3/data/blood/all/weighted_covariances/cov_45.rds"
[1] "Data read complete"
Running QUIC version 1.1 in 'default' mode.
Newton iteration 1.
  X is a diagonal matrix.
    Line search step size 1.000000e+00.  Lack of positive definiteness.
    Line search step size chosen: 5.000000e-01.
  Objective value decreased by 1.087714e+00.
Newton iteration 2.
  Active set size = 8071.
  sub-gradient = 5.480904e+00, l1-norm of X = 1.010037e+01.
  Coordinate descent sweep 1. norm of D = 5.045253e+00, change in D = 5.045253e+00.
    Line search step size chosen: 1.000000e+00.
  Objective value decreased by 1.686301e-01.
Newton iteration 3.
  Active set size = 8055.
  sub-gradient = 1.786617e+00, l1-norm of X = 1.374252e+01.
  Coordinate descent sweep 1. norm of D = 1.402295e+00, change in D = 1.402295e+00.
  Coordinate descent sweep 2. norm of D = 1.539896e+00, change in D = 4.713609e-01.
    Line search step size chosen: 1.000000e+00.
  Objective value decreased by 1.660355e-02.
Newton iteration 4.
  Active set size = 8042.
  sub-gradient = 1.787822e-01, l1-norm of X = 1.401489e+01.
  Coordinate descent sweep 1. norm of D = 1.843067e-01, change in D = 1.843067e-01.
  Coordinate descent sweep 2. norm of D = 2.140895e-01, change in D = 6.193704e-02.
    Line search step size chosen: 1.000000e+00.
  Objective value decreased by 4.715095e-04.
Newton iteration 5.
  Active set size = 8041.
  sub-gradient = 2.636803e-02, l1-norm of X = 1.404478e+01.
  Coordinate descent sweep 1. norm of D = 2.088580e-02, change in D = 2.088580e-02.
  Coordinate descent sweep 2. norm of D = 2.414848e-02, change in D = 8.583995e-03.
    Line search step size chosen: 1.000000e+00.
  Objective value decreased by 8.505669e-06.
Newton iteration 6.
  Active set size = 8041.
  sub-gradient = 4.390414e-03, l1-norm of X = 1.405186e+01.
  Coordinate descent sweep 1. norm of D = 3.931760e-03, change in D = 3.931760e-03.
  Coordinate descent sweep 2. norm of D = 4.425288e-03, change in D = 1.337915e-03.
  Coordinate descent sweep 3. norm of D = 4.632419e-03, change in D = 4.623610e-04.
    Line search step size chosen: 1.000000e+00.
  Objective value decreased by 4.795120e-07.
Newton iteration 7.
  Active set size = 8041.
  sub-gradient = 1.543282e-04, l1-norm of X = 1.405212e+01.
  Coordinate descent sweep 1. norm of D = 1.463029e-04, change in D = 1.463029e-04.
  Coordinate descent sweep 2. norm of D = 1.668323e-04, change in D = 5.032159e-05.
  Coordinate descent sweep 3. norm of D = 1.741040e-04, change in D = 2.244849e-05.
    Line search step size chosen: 1.000000e+00.
  Objective value decreased by 6.803020e-10.
QUIC CPU time: 2387.311 seconds
