[1] "/data/abattle4/prashanthi/recount3/data/blood/all/weighted_covariances/cov_45.rds"
[1] "Data read complete"
Running QUIC version 1.1 in 'default' mode.
Newton iteration 1.
  X is a diagonal matrix.
    Line search step size chosen: 1.000000e+00.
  Objective value decreased by 2.968473e-01.
Newton iteration 2.
  Active set size = 7935.
  sub-gradient = 1.447580e+01, l1-norm of X = 1.071056e+01.
  Coordinate descent sweep 1. norm of D = 2.450951e+00, change in D = 2.450951e+00.
    Line search step size chosen: 1.000000e+00.
  Objective value decreased by 2.321518e-01.
Newton iteration 3.
  Active set size = 7927.
  sub-gradient = 4.098951e+00, l1-norm of X = 9.326614e+00.
  Coordinate descent sweep 1. norm of D = 2.028047e+00, change in D = 2.028047e+00.
  Coordinate descent sweep 2. norm of D = 2.189609e+00, change in D = 8.073640e-01.
    Line search step size chosen: 1.000000e+00.
  Objective value decreased by 9.695516e-02.
Newton iteration 4.
  Active set size = 7927.
  sub-gradient = 8.399524e-01, l1-norm of X = 8.424319e+00.
  Coordinate descent sweep 1. norm of D = 4.500783e-01, change in D = 4.500783e-01.
  Coordinate descent sweep 2. norm of D = 3.995134e-01, change in D = 1.943628e-01.
    Line search step size chosen: 1.000000e+00.
  Objective value decreased by 5.188886e-03.
Newton iteration 5.
  Active set size = 7928.
  sub-gradient = 1.441375e-01, l1-norm of X = 8.262933e+00.
  Coordinate descent sweep 1. norm of D = 8.215090e-02, change in D = 8.215090e-02.
  Coordinate descent sweep 2. norm of D = 8.009721e-02, change in D = 3.191018e-02.
    Line search step size chosen: 1.000000e+00.
  Objective value decreased by 2.394939e-04.
Newton iteration 6.
  Active set size = 7928.
  sub-gradient = 1.060609e-02, l1-norm of X = 8.218995e+00.
  Coordinate descent sweep 1. norm of D = 9.053442e-03, change in D = 9.053442e-03.
  Coordinate descent sweep 2. norm of D = 9.711858e-03, change in D = 2.901938e-03.
  Coordinate descent sweep 3. norm of D = 9.726805e-03, change in D = 7.217047e-04.
    Line search step size chosen: 1.000000e+00.
  Objective value decreased by 2.900969e-06.
Newton iteration 7.
  Active set size = 7928.
  sub-gradient = 1.967219e-04, l1-norm of X = 8.216100e+00.
  Coordinate descent sweep 1. norm of D = 1.916129e-04, change in D = 1.916129e-04.
  Coordinate descent sweep 2. norm of D = 2.103913e-04, change in D = 4.297140e-05.
  Coordinate descent sweep 3. norm of D = 2.136752e-04, change in D = 9.677091e-06.
    Line search step size chosen: 1.000000e+00.
  Objective value decreased by 9.731593e-10.
QUIC CPU time: 2361.264 seconds
