[1] "GTEx"       "10"         "unweighted" "0.12"      
[1] "Data read complete"
Running QUIC version 1.1 in 'default' mode.
Newton iteration 1.
  X is a diagonal matrix.
    Line search step size 1.000000e+00.  Lack of positive definiteness.
    Line search step size 5.000000e-01.  Lack of positive definiteness.
    Line search step size 2.500000e-01.  Lack of positive definiteness.
    Line search step size 1.250000e-01.  Lack of positive definiteness.
    Line search step size 6.250000e-02.  Lack of positive definiteness.
    Line search step size chosen: 3.125000e-02.
  Objective value decreased by 7.189352e+01.
Newton iteration 2.
  Active set size = 381250.
  sub-gradient = 1.194420e+04, l1-norm of X = 9.332943e+01.
  Coordinate descent sweep 1. norm of D = 9.943740e+03, change in D = 9.943740e+03.
    Line search step size 1.000000e+00.  Lack of positive definiteness.
    Line search step size 5.000000e-01.  Lack of positive definiteness.
    Line search step size 2.500000e-01.  Lack of positive definiteness.
    Line search step size 1.250000e-01.  Lack of positive definiteness.
    Line search step size chosen: 6.250000e-02.
  Objective value decreased by 9.116505e+01.
Newton iteration 3.
  Active set size = 381286.
  sub-gradient = 1.072756e+04, l1-norm of X = 2.408220e+02.
  Coordinate descent sweep 1. norm of D = 7.039993e+03, change in D = 7.039993e+03.
  Coordinate descent sweep 2. norm of D = 6.308973e+03, change in D = 1.220236e+03.
    Line search step size 1.000000e+00.  Lack of positive definiteness.
    Line search step size 5.000000e-01.  Lack of positive definiteness.
    Line search step size 2.500000e-01.  Lack of positive definiteness.
    Line search step size chosen: 1.250000e-01.
  Objective value decreased by 9.002994e+01.
Newton iteration 4.
  Active set size = 381456.
  sub-gradient = 8.791475e+03, l1-norm of X = 4.158806e+02.
  Coordinate descent sweep 1. norm of D = 4.666916e+03, change in D = 4.666916e+03.
  Coordinate descent sweep 2. norm of D = 4.254540e+03, change in D = 1.083259e+03.
    Line search step size 1.000000e+00.  Lack of positive definiteness.
    Line search step size 5.000000e-01.  Lack of positive definiteness.
    Line search step size chosen: 2.500000e-01.
  Objective value decreased by 8.918431e+01.
Newton iteration 5.
  Active set size = 383385.
  sub-gradient = 5.804120e+03, l1-norm of X = 6.224405e+02.
  Coordinate descent sweep 1. norm of D = 2.594331e+03, change in D = 2.594331e+03.
  Coordinate descent sweep 2. norm of D = 2.614780e+03, change in D = 6.521723e+02.
    Line search step size 1.000000e+00.  Lack of positive definiteness.
    Line search step size chosen: 5.000000e-01.
  Objective value decreased by 6.212759e+01.
Newton iteration 6.
  Active set size = 384553.
  sub-gradient = 5.099403e+03, l1-norm of X = 7.997681e+02.
  Coordinate descent sweep 1. norm of D = 1.217917e+03, change in D = 1.217917e+03.
  Coordinate descent sweep 2. norm of D = 1.366288e+03, change in D = 3.851270e+02.
  Coordinate descent sweep 3. norm of D = 1.438206e+03, change in D = 1.716242e+02.
    Line search step size chosen: 1.000000e+00.
  Objective value decreased by 3.149130e+01.
Newton iteration 7.
  Active set size = 192204.
  sub-gradient = 5.145373e+02, l1-norm of X = 9.304784e+02.
  Coordinate descent sweep 1. norm of D = 1.705987e+02, change in D = 1.705987e+02.
  Coordinate descent sweep 2. norm of D = 2.008405e+02, change in D = 1.099851e+02.
  Coordinate descent sweep 3. norm of D = 2.246002e+02, change in D = 6.602719e+01.
    Line search step size chosen: 1.000000e+00.
  Objective value decreased by 2.816249e+00.
Newton iteration 8.
  Active set size = 187500.
  sub-gradient = 8.018116e+01, l1-norm of X = 9.369032e+02.
  Coordinate descent sweep 1. norm of D = 5.001595e+01, change in D = 5.001595e+01.
  Coordinate descent sweep 2. norm of D = 6.215054e+01, change in D = 3.742839e+01.
  Coordinate descent sweep 3. norm of D = 7.042207e+01, change in D = 2.843290e+01.
    Line search step size chosen: 1.000000e+00.
  Objective value decreased by 8.364961e-01.
Newton iteration 9.
  Active set size = 186970.
  sub-gradient = 2.753518e+01, l1-norm of X = 9.393814e+02.
  Coordinate descent sweep 1. norm of D = 2.277035e+01, change in D = 2.277035e+01.
  Coordinate descent sweep 2. norm of D = 2.843411e+01, change in D = 1.833054e+01.
  Coordinate descent sweep 3. norm of D = 3.294680e+01, change in D = 1.603997e+01.
  Coordinate descent sweep 4. norm of D = 3.642767e+01, change in D = 1.352306e+01.
    Line search step size chosen: 1.000000e+00.
  Objective value decreased by 4.204470e-01.
Newton iteration 10.
  Active set size = 186757.
  sub-gradient = 1.185327e+01, l1-norm of X = 9.406602e+02.
  Coordinate descent sweep 1. norm of D = 1.212906e+01, change in D = 1.212906e+01.
  Coordinate descent sweep 2. norm of D = 1.501394e+01, change in D = 1.003096e+01.
  Coordinate descent sweep 3. norm of D = 1.713360e+01, change in D = 8.717815e+00.
  Coordinate descent sweep 4. norm of D = 1.894925e+01, change in D = 8.070323e+00.
    Line search step size chosen: 1.000000e+00.
  Objective value decreased by 1.925152e-01.
Newton iteration 11.
  Active set size = 186632.
  sub-gradient = 1.003131e+01, l1-norm of X = 9.413017e+02.
  Coordinate descent sweep 1. norm of D = 7.157901e+00, change in D = 7.157901e+00.
  Coordinate descent sweep 2. norm of D = 9.108804e+00, change in D = 6.495469e+00.
  Coordinate descent sweep 3. norm of D = 1.049304e+01, change in D = 5.872739e+00.
  Coordinate descent sweep 4. norm of D = 1.131576e+01, change in D = 5.099655e+00.
    Line search step size chosen: 1.000000e+00.
  Objective value decreased by 1.022366e-01.
Newton iteration 12.
  Active set size = 186600.
  sub-gradient = 4.825661e+00, l1-norm of X = 9.416425e+02.
  Coordinate descent sweep 1. norm of D = 4.985844e+00, change in D = 4.985844e+00.
  Coordinate descent sweep 2. norm of D = 6.146071e+00, change in D = 4.433526e+00.
  Coordinate descent sweep 3. norm of D = 7.179716e+00, change in D = 4.105402e+00.
  Coordinate descent sweep 4. norm of D = 7.704729e+00, change in D = 3.720204e+00.
  Coordinate descent sweep 5. norm of D = 8.365463e+00, change in D = 3.505992e+00.
    Line search step size chosen: 1.000000e+00.
  Objective value decreased by 7.203295e-02.
Newton iteration 13.
  Active set size = 186657.
  sub-gradient = 5.340969e+00, l1-norm of X = 9.419059e+02.
  Coordinate descent sweep 1. norm of D = 3.395319e+00, change in D = 3.395319e+00.
  Coordinate descent sweep 2. norm of D = 4.117269e+00, change in D = 3.005728e+00.
  Coordinate descent sweep 3. norm of D = 4.658195e+00, change in D = 2.792009e+00.
  Coordinate descent sweep 4. norm of D = 5.263419e+00, change in D = 2.582233e+00.
  Coordinate descent sweep 5. norm of D = 5.675287e+00, change in D = 2.547617e+00.
    Line search step size chosen: 1.000000e+00.
  Objective value decreased by 4.387399e-02.
Newton iteration 14.
  Active set size = 186564.
  sub-gradient = 2.200685e+00, l1-norm of X = 9.420896e+02.
  Coordinate descent sweep 1. norm of D = 2.331222e+00, change in D = 2.331222e+00.
  Coordinate descent sweep 2. norm of D = 2.994229e+00, change in D = 2.142639e+00.
  Coordinate descent sweep 3. norm of D = 3.458393e+00, change in D = 1.981422e+00.
  Coordinate descent sweep 4. norm of D = 3.884272e+00, change in D = 1.850368e+00.
  Coordinate descent sweep 5. norm of D = 4.240226e+00, change in D = 1.722715e+00.
    Line search step size chosen: 1.000000e+00.
  Objective value decreased by 2.965157e-02.
Newton iteration 15.
  Active set size = 186549.
  sub-gradient = 1.756821e+00, l1-norm of X = 9.422378e+02.
  Coordinate descent sweep 1. norm of D = 1.720042e+00, change in D = 1.720042e+00.
  Coordinate descent sweep 2. norm of D = 2.191277e+00, change in D = 1.706280e+00.
  Coordinate descent sweep 3. norm of D = 2.430191e+00, change in D = 1.569834e+00.
  Coordinate descent sweep 4. norm of D = 2.747196e+00, change in D = 1.499085e+00.
  Coordinate descent sweep 5. norm of D = 2.993986e+00, change in D = 1.395154e+00.
  Coordinate descent sweep 6. norm of D = 3.270635e+00, change in D = 1.374134e+00.
    Line search step size chosen: 1.000000e+00.
  Objective value decreased by 2.022459e-02.
Newton iteration 16.
  Active set size = 186547.
  sub-gradient = 1.270991e+00, l1-norm of X = 9.423418e+02.
  Coordinate descent sweep 1. norm of D = 1.360048e+00, change in D = 1.360048e+00.
  Coordinate descent sweep 2. norm of D = 1.598370e+00, change in D = 1.159197e+00.
  Coordinate descent sweep 3. norm of D = 1.837683e+00, change in D = 1.032841e+00.
  Coordinate descent sweep 4. norm of D = 2.107885e+00, change in D = 1.149953e+00.
  Coordinate descent sweep 5. norm of D = 2.225590e+00, change in D = 1.011946e+00.
  Coordinate descent sweep 6. norm of D = 2.441285e+00, change in D = 1.008410e+00.
    Line search step size chosen: 1.000000e+00.
  Objective value decreased by 1.377377e-02.
Newton iteration 17.
  Active set size = 186543.
  sub-gradient = 8.524895e-01, l1-norm of X = 9.424256e+02.
  Coordinate descent sweep 1. norm of D = 9.164838e-01, change in D = 9.164838e-01.
  Coordinate descent sweep 2. norm of D = 1.212596e+00, change in D = 9.252633e-01.
  Coordinate descent sweep 3. norm of D = 1.383448e+00, change in D = 8.912125e-01.
  Coordinate descent sweep 4. norm of D = 1.538876e+00, change in D = 7.813012e-01.
  Coordinate descent sweep 5. norm of D = 1.680069e+00, change in D = 7.796041e-01.
  Coordinate descent sweep 6. norm of D = 1.792922e+00, change in D = 7.593873e-01.
    Line search step size chosen: 1.000000e+00.
  Objective value decreased by 9.407027e-03.
Newton iteration 18.
  Active set size = 186543.
  sub-gradient = 6.122431e-01, l1-norm of X = 9.424912e+02.
  Coordinate descent sweep 1. norm of D = 6.541778e-01, change in D = 6.541778e-01.
  Coordinate descent sweep 2. norm of D = 9.262673e-01, change in D = 6.830194e-01.
  Coordinate descent sweep 3. norm of D = 1.058793e+00, change in D = 6.585841e-01.
  Coordinate descent sweep 4. norm of D = 1.217662e+00, change in D = 6.941991e-01.
  Coordinate descent sweep 5. norm of D = 1.308194e+00, change in D = 6.503275e-01.
  Coordinate descent sweep 6. norm of D = 1.375596e+00, change in D = 5.851807e-01.
  Coordinate descent sweep 7. norm of D = 1.473753e+00, change in D = 5.402083e-01.
    Line search step size chosen: 1.000000e+00.
  Objective value decreased by 6.953055e-03.
Newton iteration 19.
  Active set size = 186542.
  sub-gradient = 5.225471e-01, l1-norm of X = 9.425461e+02.
  Coordinate descent sweep 1. norm of D = 5.386415e-01, change in D = 5.386415e-01.
  Coordinate descent sweep 2. norm of D = 6.936075e-01, change in D = 5.449425e-01.
  Coordinate descent sweep 3. norm of D = 7.823313e-01, change in D = 5.103577e-01.
  Coordinate descent sweep 4. norm of D = 8.849779e-01, change in D = 5.028448e-01.
  Coordinate descent sweep 5. norm of D = 9.672991e-01, change in D = 4.799191e-01.
  Coordinate descent sweep 6. norm of D = 1.046205e+00, change in D = 4.793641e-01.
  Coordinate descent sweep 7. norm of D = 1.121657e+00, change in D = 4.704681e-01.
    Line search step size chosen: 1.000000e+00.
  Objective value decreased by 4.343467e-03.
Newton iteration 20.
  Active set size = 186541.
  sub-gradient = 3.732309e-01, l1-norm of X = 9.425910e+02.
  Coordinate descent sweep 1. norm of D = 3.885754e-01, change in D = 3.885754e-01.
  Coordinate descent sweep 2. norm of D = 5.536252e-01, change in D = 4.383276e-01.
  Coordinate descent sweep 3. norm of D = 5.958043e-01, change in D = 3.700580e-01.
  Coordinate descent sweep 4. norm of D = 6.979219e-01, change in D = 3.945604e-01.
  Coordinate descent sweep 5. norm of D = 7.511637e-01, change in D = 3.563767e-01.
  Coordinate descent sweep 6. norm of D = 8.087439e-01, change in D = 3.298192e-01.
  Coordinate descent sweep 7. norm of D = 8.664432e-01, change in D = 3.518017e-01.
    Line search step size chosen: 1.000000e+00.
  Objective value decreased by 3.164492e-03.
Newton iteration 21.
  Active set size = 186542.
  sub-gradient = 3.915569e-01, l1-norm of X = 9.426249e+02.
  Coordinate descent sweep 1. norm of D = 3.071131e-01, change in D = 3.071131e-01.
  Coordinate descent sweep 2. norm of D = 4.218435e-01, change in D = 3.442703e-01.
  Coordinate descent sweep 3. norm of D = 4.736438e-01, change in D = 3.047814e-01.
  Coordinate descent sweep 4. norm of D = 5.382880e-01, change in D = 3.000951e-01.
  Coordinate descent sweep 5. norm of D = 5.988068e-01, change in D = 2.702947e-01.
  Coordinate descent sweep 6. norm of D = 6.592661e-01, change in D = 2.790916e-01.
  Coordinate descent sweep 7. norm of D = 7.137594e-01, change in D = 2.716653e-01.
  Coordinate descent sweep 8. norm of D = 7.517169e-01, change in D = 2.541293e-01.
    Line search step size chosen: 1.000000e+00.
  Objective value decreased by 2.518231e-03.
Newton iteration 22.
  Active set size = 186541.
  sub-gradient = 2.359436e-01, l1-norm of X = 9.426566e+02.
  Coordinate descent sweep 1. norm of D = 2.207343e-01, change in D = 2.207343e-01.
  Coordinate descent sweep 2. norm of D = 3.157531e-01, change in D = 2.361490e-01.
  Coordinate descent sweep 3. norm of D = 3.835426e-01, change in D = 2.519322e-01.
  Coordinate descent sweep 4. norm of D = 4.286247e-01, change in D = 2.472574e-01.
  Coordinate descent sweep 5. norm of D = 4.631289e-01, change in D = 2.104134e-01.
  Coordinate descent sweep 6. norm of D = 5.079153e-01, change in D = 2.170413e-01.
  Coordinate descent sweep 7. norm of D = 5.308112e-01, change in D = 1.961584e-01.
  Coordinate descent sweep 8. norm of D = 5.565042e-01, change in D = 1.870452e-01.
    Line search step size chosen: 1.000000e+00.
  Objective value decreased by 1.562005e-03.
Newton iteration 23.
  Active set size = 186542.
  sub-gradient = 2.865228e-01, l1-norm of X = 9.426780e+02.
  Coordinate descent sweep 1. norm of D = 1.842491e-01, change in D = 1.842491e-01.
  Coordinate descent sweep 2. norm of D = 2.367637e-01, change in D = 1.850773e-01.
  Coordinate descent sweep 3. norm of D = 2.961601e-01, change in D = 1.785295e-01.
  Coordinate descent sweep 4. norm of D = 3.297866e-01, change in D = 1.862999e-01.
  Coordinate descent sweep 5. norm of D = 3.801423e-01, change in D = 1.932389e-01.
  Coordinate descent sweep 6. norm of D = 4.038754e-01, change in D = 1.807605e-01.
  Coordinate descent sweep 7. norm of D = 4.422283e-01, change in D = 1.858789e-01.
  Coordinate descent sweep 8. norm of D = 4.714654e-01, change in D = 1.878783e-01.
    Line search step size chosen: 1.000000e+00.
  Objective value decreased by 1.101413e-03.
Newton iteration 24.
  Active set size = 186540.
  sub-gradient = 1.485429e-01, l1-norm of X = 9.426996e+02.
  Coordinate descent sweep 1. norm of D = 1.576874e-01, change in D = 1.576874e-01.
  Coordinate descent sweep 2. norm of D = 2.118383e-01, change in D = 1.531481e-01.
  Coordinate descent sweep 3. norm of D = 2.415184e-01, change in D = 1.474602e-01.
  Coordinate descent sweep 4. norm of D = 2.741177e-01, change in D = 1.430298e-01.
  Coordinate descent sweep 5. norm of D = 3.004473e-01, change in D = 1.351744e-01.
  Coordinate descent sweep 6. norm of D = 3.312869e-01, change in D = 1.417424e-01.
  Coordinate descent sweep 7. norm of D = 3.569881e-01, change in D = 1.438557e-01.
  Coordinate descent sweep 8. norm of D = 3.665059e-01, change in D = 1.182866e-01.
  Coordinate descent sweep 9. norm of D = 4.102646e-01, change in D = 1.379319e-01.
    Line search step size chosen: 1.000000e+00.
  Objective value decreased by 8.405186e-04.
Newton iteration 25.
  Active set size = 186538.
  sub-gradient = 1.182593e-01, l1-norm of X = 9.427170e+02.
  Coordinate descent sweep 1. norm of D = 1.307924e-01, change in D = 1.307924e-01.
  Coordinate descent sweep 2. norm of D = 1.623969e-01, change in D = 1.214755e-01.
  Coordinate descent sweep 3. norm of D = 1.963021e-01, change in D = 1.271001e-01.
  Coordinate descent sweep 4. norm of D = 2.281969e-01, change in D = 1.320146e-01.
  Coordinate descent sweep 5. norm of D = 2.439505e-01, change in D = 1.184976e-01.
  Coordinate descent sweep 6. norm of D = 2.618732e-01, change in D = 1.110361e-01.
  Coordinate descent sweep 7. norm of D = 2.775678e-01, change in D = 1.085002e-01.
  Coordinate descent sweep 8. norm of D = 2.930394e-01, change in D = 8.928848e-02.
  Coordinate descent sweep 9. norm of D = 3.064477e-01, change in D = 8.720924e-02.
    Line search step size chosen: 1.000000e+00.
  Objective value decreased by 5.266513e-04.
Newton iteration 26.
  Active set size = 186538.
  sub-gradient = 1.472309e-01, l1-norm of X = 9.427299e+02.
  Coordinate descent sweep 1. norm of D = 1.103196e-01, change in D = 1.103196e-01.
  Coordinate descent sweep 2. norm of D = 1.202530e-01, change in D = 9.885430e-02.
  Coordinate descent sweep 3. norm of D = 1.595719e-01, change in D = 1.072639e-01.
  Coordinate descent sweep 4. norm of D = 1.722505e-01, change in D = 9.825606e-02.
  Coordinate descent sweep 5. norm of D = 1.822769e-01, change in D = 8.810275e-02.
  Coordinate descent sweep 6. norm of D = 1.963550e-01, change in D = 8.084591e-02.
  Coordinate descent sweep 7. norm of D = 2.158058e-01, change in D = 7.694963e-02.
  Coordinate descent sweep 8. norm of D = 2.341184e-01, change in D = 7.357858e-02.
  Coordinate descent sweep 9. norm of D = 2.448549e-01, change in D = 7.642941e-02.
    Line search step size chosen: 1.000000e+00.
  Objective value decreased by 3.699747e-04.
Newton iteration 27.
  Active set size = 186538.
  sub-gradient = 6.213064e-02, l1-norm of X = 9.427411e+02.
  Coordinate descent sweep 1. norm of D = 8.168344e-02, change in D = 8.168344e-02.
  Coordinate descent sweep 2. norm of D = 1.002404e-01, change in D = 7.291906e-02.
  Coordinate descent sweep 3. norm of D = 1.139430e-01, change in D = 7.337957e-02.
  Coordinate descent sweep 4. norm of D = 1.315218e-01, change in D = 7.176653e-02.
  Coordinate descent sweep 5. norm of D = 1.444976e-01, change in D = 6.572338e-02.
  Coordinate descent sweep 6. norm of D = 1.607902e-01, change in D = 6.915542e-02.
  Coordinate descent sweep 7. norm of D = 1.762348e-01, change in D = 7.004803e-02.
  Coordinate descent sweep 8. norm of D = 1.866434e-01, change in D = 6.881712e-02.
  Coordinate descent sweep 9. norm of D = 1.959272e-01, change in D = 6.080257e-02.
  Coordinate descent sweep 10. norm of D = 2.053220e-01, change in D = 6.423451e-02.
    Line search step size chosen: 1.000000e+00.
  Objective value decreased by 2.587917e-04.
QUIC CPU time: 5344.230 seconds
