[1] "GTEx"       "10"         "unweighted" "0.18"      
[1] "Data read complete"
Running QUIC version 1.1 in 'default' mode.
Newton iteration 1.
  X is a diagonal matrix.
    Line search step size 1.000000e+00.  Lack of positive definiteness.
    Line search step size 5.000000e-01.  Lack of positive definiteness.
    Line search step size 2.500000e-01.  Lack of positive definiteness.
    Line search step size 1.250000e-01.  Lack of positive definiteness.
    Line search step size 6.250000e-02.  Lack of positive definiteness.
    Line search step size chosen: 3.125000e-02.
  Objective value decreased by 2.613850e+01.
Newton iteration 2.
  Active set size = 60528.
  sub-gradient = 2.829625e+03, l1-norm of X = 3.317351e+01.
  Coordinate descent sweep 1. norm of D = 2.262512e+03, change in D = 2.262512e+03.
    Line search step size 1.000000e+00.  Lack of positive definiteness.
    Line search step size 5.000000e-01.  Lack of positive definiteness.
    Line search step size 2.500000e-01.  Lack of positive definiteness.
    Line search step size 1.250000e-01.  Lack of positive definiteness.
    Line search step size chosen: 6.250000e-02.
  Objective value decreased by 3.264489e+01.
Newton iteration 3.
  Active set size = 60528.
  sub-gradient = 2.526712e+03, l1-norm of X = 8.326706e+01.
  Coordinate descent sweep 1. norm of D = 1.663687e+03, change in D = 1.663687e+03.
  Coordinate descent sweep 2. norm of D = 1.525505e+03, change in D = 2.844517e+02.
    Line search step size 1.000000e+00.  Lack of positive definiteness.
    Line search step size 5.000000e-01.  Lack of positive definiteness.
    Line search step size chosen: 2.500000e-01.
  Objective value decreased by 5.893661e+01.
Newton iteration 4.
  Active set size = 60565.
  sub-gradient = 1.384303e+03, l1-norm of X = 2.085047e+02.
  Coordinate descent sweep 1. norm of D = 8.790141e+02, change in D = 8.790141e+02.
  Coordinate descent sweep 2. norm of D = 8.871461e+02, change in D = 1.918272e+02.
    Line search step size 1.000000e+00.  Lack of positive definiteness.
    Line search step size chosen: 5.000000e-01.
  Objective value decreased by 3.392290e+01.
Newton iteration 5.
  Active set size = 60591.
  sub-gradient = 8.091454e+02, l1-norm of X = 3.173410e+02.
  Coordinate descent sweep 1. norm of D = 4.273684e+02, change in D = 4.273684e+02.
  Coordinate descent sweep 2. norm of D = 4.831710e+02, change in D = 1.304166e+02.
    Line search step size chosen: 1.000000e+00.
  Objective value decreased by 1.541998e+01.
Newton iteration 6.
  Active set size = 42793.
  sub-gradient = 1.319281e+02, l1-norm of X = 4.031337e+02.
  Coordinate descent sweep 1. norm of D = 8.192544e+01, change in D = 8.192544e+01.
  Coordinate descent sweep 2. norm of D = 1.034854e+02, change in D = 4.732413e+01.
  Coordinate descent sweep 3. norm of D = 1.163113e+02, change in D = 2.872239e+01.
    Line search step size chosen: 1.000000e+00.
  Objective value decreased by 2.391194e+00.
Newton iteration 7.
  Active set size = 41643.
  sub-gradient = 2.724466e+01, l1-norm of X = 4.099494e+02.
  Coordinate descent sweep 1. norm of D = 2.235608e+01, change in D = 2.235608e+01.
  Coordinate descent sweep 2. norm of D = 3.052023e+01, change in D = 1.679452e+01.
  Coordinate descent sweep 3. norm of D = 3.560702e+01, change in D = 1.211756e+01.
    Line search step size chosen: 1.000000e+00.
  Objective value decreased by 5.613812e-01.
Newton iteration 8.
  Active set size = 41465.
  sub-gradient = 1.016731e+01, l1-norm of X = 4.122585e+02.
  Coordinate descent sweep 1. norm of D = 9.896672e+00, change in D = 9.896672e+00.
  Coordinate descent sweep 2. norm of D = 1.347352e+01, change in D = 7.826974e+00.
  Coordinate descent sweep 3. norm of D = 1.591068e+01, change in D = 6.231403e+00.
    Line search step size chosen: 1.000000e+00.
  Objective value decreased by 1.937580e-01.
Newton iteration 9.
  Active set size = 41383.
  sub-gradient = 6.022164e+00, l1-norm of X = 4.131884e+02.
  Coordinate descent sweep 1. norm of D = 5.529676e+00, change in D = 5.529676e+00.
  Coordinate descent sweep 2. norm of D = 7.402481e+00, change in D = 4.487030e+00.
  Coordinate descent sweep 3. norm of D = 8.899072e+00, change in D = 3.799201e+00.
  Coordinate descent sweep 4. norm of D = 1.003498e+01, change in D = 3.189178e+00.
    Line search step size chosen: 1.000000e+00.
  Objective value decreased by 1.159663e-01.
Newton iteration 10.
  Active set size = 41347.
  sub-gradient = 2.992011e+00, l1-norm of X = 4.137779e+02.
  Coordinate descent sweep 1. norm of D = 2.840840e+00, change in D = 2.840840e+00.
  Coordinate descent sweep 2. norm of D = 3.853958e+00, change in D = 2.423439e+00.
  Coordinate descent sweep 3. norm of D = 4.725870e+00, change in D = 2.187272e+00.
  Coordinate descent sweep 4. norm of D = 5.261311e+00, change in D = 1.758703e+00.
    Line search step size chosen: 1.000000e+00.
  Objective value decreased by 5.039607e-02.
Newton iteration 11.
  Active set size = 41338.
  sub-gradient = 1.761974e+00, l1-norm of X = 4.140922e+02.
  Coordinate descent sweep 1. norm of D = 1.727439e+00, change in D = 1.727439e+00.
  Coordinate descent sweep 2. norm of D = 2.316629e+00, change in D = 1.443727e+00.
  Coordinate descent sweep 3. norm of D = 2.848494e+00, change in D = 1.295347e+00.
  Coordinate descent sweep 4. norm of D = 3.254621e+00, change in D = 1.139620e+00.
    Line search step size chosen: 1.000000e+00.
  Objective value decreased by 2.606299e-02.
Newton iteration 12.
  Active set size = 41333.
  sub-gradient = 1.239028e+00, l1-norm of X = 4.142815e+02.
  Coordinate descent sweep 1. norm of D = 1.004671e+00, change in D = 1.004671e+00.
  Coordinate descent sweep 2. norm of D = 1.430921e+00, change in D = 1.000629e+00.
  Coordinate descent sweep 3. norm of D = 1.680859e+00, change in D = 8.200159e-01.
  Coordinate descent sweep 4. norm of D = 1.995017e+00, change in D = 8.136383e-01.
  Coordinate descent sweep 5. norm of D = 2.227182e+00, change in D = 7.001016e-01.
    Line search step size chosen: 1.000000e+00.
  Objective value decreased by 1.587494e-02.
Newton iteration 13.
  Active set size = 41322.
  sub-gradient = 6.633125e-01, l1-norm of X = 4.144176e+02.
  Coordinate descent sweep 1. norm of D = 6.642202e-01, change in D = 6.642202e-01.
  Coordinate descent sweep 2. norm of D = 9.315330e-01, change in D = 6.058709e-01.
  Coordinate descent sweep 3. norm of D = 1.155040e+00, change in D = 5.765975e-01.
  Coordinate descent sweep 4. norm of D = 1.340396e+00, change in D = 5.357216e-01.
  Coordinate descent sweep 5. norm of D = 1.478637e+00, change in D = 4.743631e-01.
    Line search step size chosen: 1.000000e+00.
  Objective value decreased by 9.178089e-03.
Newton iteration 14.
  Active set size = 41322.
  sub-gradient = 5.488093e-01, l1-norm of X = 4.145239e+02.
  Coordinate descent sweep 1. norm of D = 4.413520e-01, change in D = 4.413520e-01.
  Coordinate descent sweep 2. norm of D = 6.170198e-01, change in D = 4.121316e-01.
  Coordinate descent sweep 3. norm of D = 7.673340e-01, change in D = 3.787358e-01.
  Coordinate descent sweep 4. norm of D = 8.610532e-01, change in D = 3.436951e-01.
  Coordinate descent sweep 5. norm of D = 9.743795e-01, change in D = 3.194997e-01.
    Line search step size chosen: 1.000000e+00.
  Objective value decreased by 4.800082e-03.
Newton iteration 15.
  Active set size = 41322.
  sub-gradient = 3.805719e-01, l1-norm of X = 4.145891e+02.
  Coordinate descent sweep 1. norm of D = 3.307699e-01, change in D = 3.307699e-01.
  Coordinate descent sweep 2. norm of D = 4.647545e-01, change in D = 2.737425e-01.
  Coordinate descent sweep 3. norm of D = 5.545804e-01, change in D = 2.436824e-01.
  Coordinate descent sweep 4. norm of D = 6.533843e-01, change in D = 2.489469e-01.
  Coordinate descent sweep 5. norm of D = 7.274695e-01, change in D = 2.234947e-01.
  Coordinate descent sweep 6. norm of D = 7.871998e-01, change in D = 2.049176e-01.
    Line search step size chosen: 1.000000e+00.
  Objective value decreased by 3.333309e-03.
Newton iteration 16.
  Active set size = 41322.
  sub-gradient = 1.642473e-01, l1-norm of X = 4.146516e+02.
  Coordinate descent sweep 1. norm of D = 1.882753e-01, change in D = 1.882753e-01.
  Coordinate descent sweep 2. norm of D = 2.715729e-01, change in D = 1.980611e-01.
  Coordinate descent sweep 3. norm of D = 3.271112e-01, change in D = 1.636671e-01.
  Coordinate descent sweep 4. norm of D = 3.790096e-01, change in D = 1.356743e-01.
  Coordinate descent sweep 5. norm of D = 4.387041e-01, change in D = 1.567230e-01.
  Coordinate descent sweep 6. norm of D = 4.856358e-01, change in D = 1.422467e-01.
    Line search step size chosen: 1.000000e+00.
  Objective value decreased by 1.613240e-03.
Newton iteration 17.
  Active set size = 41319.
  sub-gradient = 1.257494e-01, l1-norm of X = 4.146856e+02.
  Coordinate descent sweep 1. norm of D = 1.323128e-01, change in D = 1.323128e-01.
  Coordinate descent sweep 2. norm of D = 1.907589e-01, change in D = 1.189679e-01.
  Coordinate descent sweep 3. norm of D = 2.277901e-01, change in D = 9.973087e-02.
  Coordinate descent sweep 4. norm of D = 2.738968e-01, change in D = 1.122851e-01.
  Coordinate descent sweep 5. norm of D = 3.027158e-01, change in D = 1.024759e-01.
  Coordinate descent sweep 6. norm of D = 3.331746e-01, change in D = 1.044801e-01.
    Line search step size chosen: 1.000000e+00.
  Objective value decreased by 8.664374e-04.
Newton iteration 18.
  Active set size = 41319.
  sub-gradient = 7.919781e-02, l1-norm of X = 4.147117e+02.
  Coordinate descent sweep 1. norm of D = 7.899596e-02, change in D = 7.899596e-02.
  Coordinate descent sweep 2. norm of D = 1.270137e-01, change in D = 9.578349e-02.
  Coordinate descent sweep 3. norm of D = 1.611192e-01, change in D = 8.165552e-02.
  Coordinate descent sweep 4. norm of D = 1.946159e-01, change in D = 7.572020e-02.
  Coordinate descent sweep 5. norm of D = 2.197279e-01, change in D = 7.010093e-02.
  Coordinate descent sweep 6. norm of D = 2.384077e-01, change in D = 6.016407e-02.
  Coordinate descent sweep 7. norm of D = 2.657227e-01, change in D = 6.385004e-02.
    Line search step size chosen: 1.000000e+00.
  Objective value decreased by 5.547385e-04.
Newton iteration 19.
  Active set size = 41319.
  sub-gradient = 5.935581e-02, l1-norm of X = 4.147314e+02.
  Coordinate descent sweep 1. norm of D = 5.844213e-02, change in D = 5.844213e-02.
  Coordinate descent sweep 2. norm of D = 9.345252e-02, change in D = 6.436453e-02.
  Coordinate descent sweep 3. norm of D = 1.097292e-01, change in D = 4.889251e-02.
  Coordinate descent sweep 4. norm of D = 1.254745e-01, change in D = 5.044164e-02.
  Coordinate descent sweep 5. norm of D = 1.465593e-01, change in D = 5.425952e-02.
  Coordinate descent sweep 6. norm of D = 1.668900e-01, change in D = 4.537178e-02.
  Coordinate descent sweep 7. norm of D = 1.712224e-01, change in D = 3.852268e-02.
    Line search step size chosen: 1.000000e+00.
  Objective value decreased by 2.726086e-04.
Newton iteration 20.
  Active set size = 41319.
  sub-gradient = 4.167417e-02, l1-norm of X = 4.147457e+02.
  Coordinate descent sweep 1. norm of D = 4.020673e-02, change in D = 4.020673e-02.
  Coordinate descent sweep 2. norm of D = 6.103966e-02, change in D = 4.399357e-02.
  Coordinate descent sweep 3. norm of D = 7.819585e-02, change in D = 3.990021e-02.
  Coordinate descent sweep 4. norm of D = 8.727529e-02, change in D = 3.665331e-02.
  Coordinate descent sweep 5. norm of D = 1.021985e-01, change in D = 3.683445e-02.
  Coordinate descent sweep 6. norm of D = 1.135033e-01, change in D = 3.576023e-02.
  Coordinate descent sweep 7. norm of D = 1.222917e-01, change in D = 2.736299e-02.
    Line search step size chosen: 1.000000e+00.
  Objective value decreased by 1.468632e-04.
Newton iteration 21.
  Active set size = 41319.
  sub-gradient = 3.456047e-02, l1-norm of X = 4.147555e+02.
  Coordinate descent sweep 1. norm of D = 2.437692e-02, change in D = 2.437692e-02.
  Coordinate descent sweep 2. norm of D = 4.115437e-02, change in D = 3.064645e-02.
  Coordinate descent sweep 3. norm of D = 4.958768e-02, change in D = 2.732227e-02.
  Coordinate descent sweep 4. norm of D = 5.878482e-02, change in D = 2.782732e-02.
  Coordinate descent sweep 5. norm of D = 6.701430e-02, change in D = 2.369073e-02.
  Coordinate descent sweep 6. norm of D = 7.529985e-02, change in D = 2.333879e-02.
  Coordinate descent sweep 7. norm of D = 8.186385e-02, change in D = 2.158568e-02.
  Coordinate descent sweep 8. norm of D = 8.901439e-02, change in D = 1.948691e-02.
    Line search step size chosen: 1.000000e+00.
  Objective value decreased by 8.386184e-05.
QUIC CPU time: 2440.260 seconds
