[1] "GTEx"       "10"         "unweighted" "0.66"      
[1] "Data read complete"
Running QUIC version 1.1 in 'default' mode.
Newton iteration 1.
  X is a diagonal matrix.
    Line search step size chosen: 1.000000e+00.
  Objective value decreased by 8.030564e-01.
Newton iteration 2.
  Active set size = 5879.
  sub-gradient = 3.697433e+00, l1-norm of X = 8.319087e+00.
  Coordinate descent sweep 1. norm of D = 2.279746e+00, change in D = 2.279746e+00.
    Line search step size chosen: 1.000000e+00.
  Objective value decreased by 6.771255e-02.
Newton iteration 3.
  Active set size = 5873.
  sub-gradient = 5.763167e-01, l1-norm of X = 7.364176e+00.
  Coordinate descent sweep 1. norm of D = 6.294767e-01, change in D = 6.294767e-01.
  Coordinate descent sweep 2. norm of D = 7.538887e-01, change in D = 1.498603e-01.
    Line search step size chosen: 1.000000e+00.
  Objective value decreased by 8.960516e-03.
Newton iteration 4.
  Active set size = 5872.
  sub-gradient = 5.001680e-02, l1-norm of X = 7.740547e+00.
  Coordinate descent sweep 1. norm of D = 5.450608e-02, change in D = 5.450608e-02.
  Coordinate descent sweep 2. norm of D = 8.159200e-02, change in D = 2.998288e-02.
    Line search step size chosen: 1.000000e+00.
  Objective value decreased by 2.706505e-04.
Newton iteration 5.
  Active set size = 5872.
  sub-gradient = 6.887805e-03, l1-norm of X = 7.776973e+00.
  Coordinate descent sweep 1. norm of D = 8.005153e-03, change in D = 8.005153e-03.
  Coordinate descent sweep 2. norm of D = 1.037233e-02, change in D = 2.601673e-03.
    Line search step size chosen: 1.000000e+00.
  Objective value decreased by 6.499658e-06.
Newton iteration 6.
  Active set size = 5872.
  sub-gradient = 7.068561e-04, l1-norm of X = 7.780421e+00.
  Coordinate descent sweep 1. norm of D = 7.307538e-04, change in D = 7.307538e-04.
  Coordinate descent sweep 2. norm of D = 9.207450e-04, change in D = 2.359823e-04.
  Coordinate descent sweep 3. norm of D = 1.111300e-03, change in D = 1.975709e-04.
    Line search step size chosen: 1.000000e+00.
  Objective value decreased by 5.952734e-08.
QUIC CPU time: 518.610 seconds
