[1] "GTEx"       "10"         "unweighted" "0.78"      
[1] "Data read complete"
Running QUIC version 1.1 in 'default' mode.
Newton iteration 1.
  X is a diagonal matrix.
    Line search step size chosen: 1.000000e+00.
  Objective value decreased by 1.501560e-01.
Newton iteration 2.
  Active set size = 5803.
  sub-gradient = 3.558800e-01, l1-norm of X = 1.955877e+00.
  Coordinate descent sweep 1. norm of D = 3.158115e-01, change in D = 3.158115e-01.
    Line search step size chosen: 1.000000e+00.
  Objective value decreased by 3.854137e-03.
Newton iteration 3.
  Active set size = 5803.
  sub-gradient = 2.908140e-02, l1-norm of X = 1.939235e+00.
  Coordinate descent sweep 1. norm of D = 3.330256e-02, change in D = 3.330256e-02.
  Coordinate descent sweep 2. norm of D = 3.992093e-02, change in D = 6.771487e-03.
    Line search step size chosen: 1.000000e+00.
  Objective value decreased by 9.667882e-05.
Newton iteration 4.
  Active set size = 5803.
  sub-gradient = 1.237927e-03, l1-norm of X = 1.970057e+00.
  Coordinate descent sweep 1. norm of D = 1.316844e-03, change in D = 1.316844e-03.
  Coordinate descent sweep 2. norm of D = 1.918774e-03, change in D = 6.061677e-04.
    Line search step size chosen: 1.000000e+00.
  Objective value decreased by 3.830437e-07.
Newton iteration 5.
  Active set size = 5803.
  sub-gradient = 7.577413e-05, l1-norm of X = 1.971635e+00.
  Coordinate descent sweep 1. norm of D = 1.054587e-04, change in D = 1.054587e-04.
  Coordinate descent sweep 2. norm of D = 1.199221e-04, change in D = 1.818778e-05.
    Line search step size chosen: 1.000000e+00.
  Objective value decreased by 1.986336e-09.
QUIC CPU time: 427.160 seconds
