[1] "GTEx"       "10"         "unweighted" "0.88"      
[1] "Data read complete"
Running QUIC version 1.1 in 'default' mode.
Newton iteration 1.
  X is a diagonal matrix.
    Line search step size chosen: 1.000000e+00.
  Objective value decreased by 1.975012e-02.
Newton iteration 2.
  Active set size = 5792.
  sub-gradient = 4.152395e-02, l1-norm of X = 5.048388e-01.
  Coordinate descent sweep 1. norm of D = 3.970877e-02, change in D = 3.970877e-02.
    Line search step size chosen: 1.000000e+00.
  Objective value decreased by 1.356816e-04.
Newton iteration 3.
  Active set size = 5792.
  sub-gradient = 2.391369e-03, l1-norm of X = 5.036065e-01.
  Coordinate descent sweep 1. norm of D = 2.538491e-03, change in D = 2.538491e-03.
  Coordinate descent sweep 2. norm of D = 3.157235e-03, change in D = 6.187608e-04.
    Line search step size chosen: 1.000000e+00.
  Objective value decreased by 2.344816e-06.
Newton iteration 4.
  Active set size = 5792.
  sub-gradient = 5.455962e-05, l1-norm of X = 5.075771e-01.
  Coordinate descent sweep 1. norm of D = 5.433647e-05, change in D = 5.433647e-05.
  Coordinate descent sweep 2. norm of D = 7.105359e-05, change in D = 1.804015e-05.
    Line search step size chosen: 1.000000e+00.
  Objective value decreased by 1.639819e-09.
Newton iteration 5.
  Active set size = 5792.
  sub-gradient = 1.668670e-06, l1-norm of X = 5.076675e-01.
  Coordinate descent sweep 1. norm of D = 1.753820e-06, change in D = 1.753820e-06.
  Coordinate descent sweep 2. norm of D = 2.119029e-06, change in D = 4.087563e-07.
    Line search step size chosen: 1.000000e+00.
  Objective value decreased by 9.094947e-13.
QUIC CPU time: 429.290 seconds
