[1] "sra_normal"    "200"           "pooling_first" "0.48"         
[1] "Data read complete"
Running QUIC version 1.1 in 'default' mode.
Newton iteration 1.
  X is a diagonal matrix.
    Line search step size chosen: 1.000000e+00.
  Objective value decreased by 5.708770e-01.
Newton iteration 2.
  Active set size = 5809.
  sub-gradient = 1.407923e+00, l1-norm of X = 3.440853e+00.
  Coordinate descent sweep 1. norm of D = 1.136221e+00, change in D = 1.136221e+00.
    Line search step size chosen: 1.000000e+00.
  Objective value decreased by 2.678587e-02.
Newton iteration 3.
  Active set size = 5809.
  sub-gradient = 1.884498e-01, l1-norm of X = 3.383931e+00.
  Coordinate descent sweep 1. norm of D = 2.000482e-01, change in D = 2.000482e-01.
  Coordinate descent sweep 2. norm of D = 3.159868e-01, change in D = 1.198017e-01.
    Line search step size chosen: 1.000000e+00.
  Objective value decreased by 3.263928e-03.
Newton iteration 4.
  Active set size = 5809.
  sub-gradient = 2.673822e-02, l1-norm of X = 3.532846e+00.
  Coordinate descent sweep 1. norm of D = 3.083323e-02, change in D = 3.083323e-02.
  Coordinate descent sweep 2. norm of D = 3.818209e-02, change in D = 7.858847e-03.
    Line search step size chosen: 1.000000e+00.
  Objective value decreased by 4.312056e-05.
Newton iteration 5.
  Active set size = 5809.
  sub-gradient = 2.534166e-03, l1-norm of X = 3.541906e+00.
  Coordinate descent sweep 1. norm of D = 2.900490e-03, change in D = 2.900490e-03.
  Coordinate descent sweep 2. norm of D = 4.044033e-03, change in D = 1.253826e-03.
    Line search step size chosen: 1.000000e+00.
  Objective value decreased by 6.895771e-07.
Newton iteration 6.
  Active set size = 5809.
  sub-gradient = 2.638106e-04, l1-norm of X = 3.543235e+00.
  Coordinate descent sweep 1. norm of D = 3.064235e-04, change in D = 3.064235e-04.
  Coordinate descent sweep 2. norm of D = 3.693097e-04, change in D = 6.952841e-05.
  Coordinate descent sweep 3. norm of D = 3.975031e-04, change in D = 2.845952e-05.
    Line search step size chosen: 1.000000e+00.
  Objective value decreased by 5.956281e-09.
QUIC CPU time: 496.030 seconds
