[1] "/data/abattle4/prashanthi/recount3/data/central_nervous_system/all/weighted_covariances/only_sra/cov_20.rds"
[1] "Data read complete"
Running QUIC version 1.1 in 'default' mode.
Newton iteration 1.
  X is a diagonal matrix.
    Line search step size 1.000000e+00.  Lack of positive definiteness.
    Line search step size 5.000000e-01.  Lack of positive definiteness.
    Line search step size 2.500000e-01.  Lack of positive definiteness.
    Line search step size 1.250000e-01.  Lack of positive definiteness.
    Line search step size 6.250000e-02.  Lack of positive definiteness.
    Line search step size chosen: 3.125000e-02.
  Objective value decreased by 9.163685e+01.
Newton iteration 2.
  Active set size = 295998.
  sub-gradient = 1.317688e+04, l1-norm of X = 1.920148e+02.
  Coordinate descent sweep 1. norm of D = 9.677371e+03, change in D = 9.677371e+03.
    Line search step size 1.000000e+00.  Lack of positive definiteness.
    Line search step size 5.000000e-01.  Lack of positive definiteness.
    Line search step size 2.500000e-01.  Lack of positive definiteness.
    Line search step size 1.250000e-01.  Lack of positive definiteness.
    Line search step size chosen: 6.250000e-02.
  Objective value decreased by 1.021688e+02.
Newton iteration 3.
  Active set size = 296007.
  sub-gradient = 1.155053e+04, l1-norm of X = 4.522367e+02.
  Coordinate descent sweep 1. norm of D = 6.625997e+03, change in D = 6.625997e+03.
  Coordinate descent sweep 2. norm of D = 5.928470e+03, change in D = 1.245840e+03.
    Line search step size 1.000000e+00.  Lack of positive definiteness.
    Line search step size 5.000000e-01.  Lack of positive definiteness.
    Line search step size 2.500000e-01.  Lack of positive definiteness.
    Line search step size chosen: 1.250000e-01.
  Objective value decreased by 9.828747e+01.
Newton iteration 4.
  Active set size = 296131.
  sub-gradient = 9.144934e+03, l1-norm of X = 7.431572e+02.
  Coordinate descent sweep 1. norm of D = 4.304801e+03, change in D = 4.304801e+03.
  Coordinate descent sweep 2. norm of D = 3.993362e+03, change in D = 1.007013e+03.
    Line search step size 1.000000e+00.  Lack of positive definiteness.
    Line search step size 5.000000e-01.  Lack of positive definiteness.
    Line search step size chosen: 2.500000e-01.
  Objective value decreased by 9.086077e+01.
Newton iteration 5.
  Active set size = 3618061.
  sub-gradient = 1.615629e+06, l1-norm of X = 1.072874e+03.
  Coordinate descent sweep 1. norm of D = 1.722693e+03, change in D = 1.722693e+03.
  Coordinate descent sweep 2. norm of D = 1.945859e+03, change in D = 6.438267e+02.
    Line search step size 1.000000e+00.  Lack of positive definiteness.
    Line search step size chosen: 5.000000e-01.
  Objective value decreased by 4.723622e+01.
Newton iteration 6.
  Active set size = 3005037.
  sub-gradient = 1.103971e+06, l1-norm of X = 1.293998e+03.
  Coordinate descent sweep 1. norm of D = 9.767599e+02, change in D = 9.767599e+02.
  Coordinate descent sweep 2. norm of D = 1.179076e+03, change in D = 4.213963e+02.
  Coordinate descent sweep 3. norm of D = 1.291384e+03, change in D = 2.419937e+02.
    Line search step size chosen: 1.000000e+00.
  Objective value decreased by 3.513790e+01.
Newton iteration 7.
  Active set size = 2162063.
  sub-gradient = 5.973763e+05, l1-norm of X = 1.477694e+03.
  Coordinate descent sweep 1. norm of D = 2.764637e+02, change in D = 2.764637e+02.
  Coordinate descent sweep 2. norm of D = 3.410307e+02, change in D = 1.899828e+02.
  Coordinate descent sweep 3. norm of D = 3.919928e+02, change in D = 1.350197e+02.
    Line search step size chosen: 1.000000e+00.
  Objective value decreased by 8.283973e+00.
Newton iteration 8.
  Active set size = 1324919.
  sub-gradient = 2.498649e+05, l1-norm of X = 1.502449e+03.
  Coordinate descent sweep 1. norm of D = 1.852446e+02, change in D = 1.852446e+02.
  Coordinate descent sweep 2. norm of D = 2.141451e+02, change in D = 1.347743e+02.
  Coordinate descent sweep 3. norm of D = 2.434021e+02, change in D = 9.925892e+01.
    Line search step size chosen: 1.000000e+00.
  Objective value decreased by 5.146566e+00.
Newton iteration 9.
  Active set size = 703365.
  sub-gradient = 8.302714e+04, l1-norm of X = 1.521589e+03.
  Coordinate descent sweep 1. norm of D = 1.452632e+02, change in D = 1.452632e+02.
  Coordinate descent sweep 2. norm of D = 1.587823e+02, change in D = 1.064045e+02.
  Coordinate descent sweep 3. norm of D = 1.774003e+02, change in D = 7.535571e+01.
  Coordinate descent sweep 4. norm of D = 1.899343e+02, change in D = 6.034045e+01.
    Line search step size chosen: 1.000000e+00.
  Objective value decreased by 3.956785e+00.
Newton iteration 10.
  Active set size = 329071.
  sub-gradient = 1.992666e+04, l1-norm of X = 1.537609e+03.
  Coordinate descent sweep 1. norm of D = 1.047328e+02, change in D = 1.047328e+02.
  Coordinate descent sweep 2. norm of D = 1.053911e+02, change in D = 7.285785e+01.
  Coordinate descent sweep 3. norm of D = 1.146898e+02, change in D = 4.898956e+01.
  Coordinate descent sweep 4. norm of D = 1.215244e+02, change in D = 3.791629e+01.
    Line search step size chosen: 1.000000e+00.
  Objective value decreased by 2.153214e+00.
Newton iteration 11.
  Active set size = 168035.
  sub-gradient = 3.837930e+03, l1-norm of X = 1.548476e+03.
  Coordinate descent sweep 1. norm of D = 7.057034e+01, change in D = 7.057034e+01.
  Coordinate descent sweep 2. norm of D = 6.639993e+01, change in D = 4.759191e+01.
  Coordinate descent sweep 3. norm of D = 7.027368e+01, change in D = 2.958228e+01.
  Coordinate descent sweep 4. norm of D = 7.301544e+01, change in D = 2.121115e+01.
    Line search step size chosen: 1.000000e+00.
  Objective value decreased by 1.006450e+00.
Newton iteration 12.
  Active set size = 135184.
  sub-gradient = 1.179940e+03, l1-norm of X = 1.555331e+03.
  Coordinate descent sweep 1. norm of D = 4.103790e+01, change in D = 4.103790e+01.
  Coordinate descent sweep 2. norm of D = 3.656021e+01, change in D = 2.710424e+01.
  Coordinate descent sweep 3. norm of D = 3.765285e+01, change in D = 1.590162e+01.
  Coordinate descent sweep 4. norm of D = 3.862926e+01, change in D = 1.054465e+01.
  Coordinate descent sweep 5. norm of D = 3.969403e+01, change in D = 7.509050e+00.
    Line search step size chosen: 1.000000e+00.
  Objective value decreased by 3.536157e-01.
Newton iteration 13.
  Active set size = 130715.
  sub-gradient = 3.608564e+02, l1-norm of X = 1.559064e+03.
  Coordinate descent sweep 1. norm of D = 1.763577e+01, change in D = 1.763577e+01.
  Coordinate descent sweep 2. norm of D = 1.558925e+01, change in D = 1.118023e+01.
  Coordinate descent sweep 3. norm of D = 1.551269e+01, change in D = 6.086623e+00.
  Coordinate descent sweep 4. norm of D = 1.579724e+01, change in D = 3.731513e+00.
  Coordinate descent sweep 5. norm of D = 1.613292e+01, change in D = 2.524966e+00.
    Line search step size chosen: 1.000000e+00.
  Objective value decreased by 6.530316e-02.
Newton iteration 14.
  Active set size = 130711.
  sub-gradient = 6.298975e+01, l1-norm of X = 1.560501e+03.
  Coordinate descent sweep 1. norm of D = 5.962035e+00, change in D = 5.962035e+00.
  Coordinate descent sweep 2. norm of D = 6.110933e+00, change in D = 3.426275e+00.
  Coordinate descent sweep 3. norm of D = 6.195973e+00, change in D = 1.728381e+00.
  Coordinate descent sweep 4. norm of D = 6.316672e+00, change in D = 1.059030e+00.
  Coordinate descent sweep 5. norm of D = 6.410092e+00, change in D = 7.230607e-01.
    Line search step size chosen: 1.000000e+00.
  Objective value decreased by 8.301093e-03.
Newton iteration 15.
  Active set size = 131061.
  sub-gradient = 2.726177e+00, l1-norm of X = 1.560910e+03.
  Coordinate descent sweep 1. norm of D = 9.644176e-01, change in D = 9.644176e-01.
  Coordinate descent sweep 2. norm of D = 1.093187e+00, change in D = 6.471762e-01.
  Coordinate descent sweep 3. norm of D = 1.146052e+00, change in D = 4.001270e-01.
  Coordinate descent sweep 4. norm of D = 1.190428e+00, change in D = 2.820465e-01.
  Coordinate descent sweep 5. norm of D = 1.224889e+00, change in D = 2.211860e-01.
  Coordinate descent sweep 6. norm of D = 1.247299e+00, change in D = 1.724913e-01.
    Line search step size chosen: 1.000000e+00.
  Objective value decreased by 4.833739e-04.
Newton iteration 16.
  Active set size = 131079.
  sub-gradient = 1.304759e-01, l1-norm of X = 1.560955e+03.
  Coordinate descent sweep 1. norm of D = 1.394155e-01, change in D = 1.394155e-01.
  Coordinate descent sweep 2. norm of D = 1.654825e-01, change in D = 1.126645e-01.
  Coordinate descent sweep 3. norm of D = 1.755081e-01, change in D = 8.866580e-02.
  Coordinate descent sweep 4. norm of D = 1.846645e-01, change in D = 7.315975e-02.
  Coordinate descent sweep 5. norm of D = 1.915003e-01, change in D = 5.939599e-02.
  Coordinate descent sweep 6. norm of D = 1.974044e-01, change in D = 4.945182e-02.
    Line search step size chosen: 1.000000e+00.
  Objective value decreased by 2.449067e-05.
QUIC CPU time: 15742.552 seconds
