[1] "/data/abattle4/prashanthi/recount3/data/central_nervous_system/all/weighted_covariances/only_sra/cov_20.rds"
[1] "Data read complete"
Running QUIC version 1.1 in 'default' mode.
Newton iteration 1.
  X is a diagonal matrix.
    Line search step size 1.000000e+00.  Lack of positive definiteness.
    Line search step size 5.000000e-01.  Lack of positive definiteness.
    Line search step size 2.500000e-01.  Lack of positive definiteness.
    Line search step size chosen: 1.250000e-01.
  Objective value decreased by 1.361011e+01.
Newton iteration 2.
  Active set size = 18913.
  sub-gradient = 4.387881e+02, l1-norm of X = 5.650255e+01.
  Coordinate descent sweep 1. norm of D = 3.088302e+02, change in D = 3.088302e+02.
    Line search step size 1.000000e+00.  Lack of positive definiteness.
    Line search step size 5.000000e-01.  Lack of positive definiteness.
    Line search step size chosen: 2.500000e-01.
  Objective value decreased by 1.006632e+01.
Newton iteration 3.
  Active set size = 18913.
  sub-gradient = 2.673048e+02, l1-norm of X = 1.116168e+02.
  Coordinate descent sweep 1. norm of D = 1.848568e+02, change in D = 1.848568e+02.
  Coordinate descent sweep 2. norm of D = 1.888109e+02, change in D = 3.734132e+01.
    Line search step size chosen: 1.000000e+00.
  Objective value decreased by 8.749230e+00.
Newton iteration 4.
  Active set size = 15795.
  sub-gradient = 1.224696e+02, l1-norm of X = 2.073550e+02.
  Coordinate descent sweep 1. norm of D = 3.302962e+01, change in D = 3.302962e+01.
  Coordinate descent sweep 2. norm of D = 3.357721e+01, change in D = 1.462732e+01.
    Line search step size chosen: 1.000000e+00.
  Objective value decreased by 5.237681e-01.
Newton iteration 5.
  Active set size = 15461.
  sub-gradient = 2.032911e+01, l1-norm of X = 2.044011e+02.
  Coordinate descent sweep 1. norm of D = 8.112437e+00, change in D = 8.112437e+00.
  Coordinate descent sweep 2. norm of D = 8.962041e+00, change in D = 3.833668e+00.
    Line search step size chosen: 1.000000e+00.
  Objective value decreased by 4.420859e-02.
Newton iteration 6.
  Active set size = 15382.
  sub-gradient = 2.224086e+00, l1-norm of X = 2.039879e+02.
  Coordinate descent sweep 1. norm of D = 1.832619e+00, change in D = 1.832619e+00.
  Coordinate descent sweep 2. norm of D = 2.214834e+00, change in D = 9.391367e-01.
  Coordinate descent sweep 3. norm of D = 2.413898e+00, change in D = 4.726579e-01.
    Line search step size chosen: 1.000000e+00.
  Objective value decreased by 3.712316e-03.
Newton iteration 7.
  Active set size = 15376.
  sub-gradient = 2.856899e-01, l1-norm of X = 2.041027e+02.
  Coordinate descent sweep 1. norm of D = 2.620884e-01, change in D = 2.620884e-01.
  Coordinate descent sweep 2. norm of D = 3.265844e-01, change in D = 1.389225e-01.
  Coordinate descent sweep 3. norm of D = 3.620663e-01, change in D = 7.865181e-02.
    Line search step size chosen: 1.000000e+00.
  Objective value decreased by 2.846233e-04.
Newton iteration 8.
  Active set size = 15375.
  sub-gradient = 4.379651e-02, l1-norm of X = 2.041434e+02.
  Coordinate descent sweep 1. norm of D = 4.469073e-02, change in D = 4.469073e-02.
  Coordinate descent sweep 2. norm of D = 5.693523e-02, change in D = 2.712886e-02.
  Coordinate descent sweep 3. norm of D = 6.503943e-02, change in D = 1.649148e-02.
    Line search step size chosen: 1.000000e+00.
  Objective value decreased by 2.628834e-05.
Newton iteration 9.
  Active set size = 15375.
  sub-gradient = 9.220270e-03, l1-norm of X = 2.041521e+02.
  Coordinate descent sweep 1. norm of D = 9.684828e-03, change in D = 9.684828e-03.
  Coordinate descent sweep 2. norm of D = 1.269079e-02, change in D = 5.765748e-03.
  Coordinate descent sweep 3. norm of D = 1.445739e-02, change in D = 3.392393e-03.
  Coordinate descent sweep 4. norm of D = 1.562615e-02, change in D = 2.245205e-03.
    Line search step size chosen: 1.000000e+00.
  Objective value decreased by 2.352832e-06.
QUIC CPU time: 4547.858 seconds
