[1] "/data/abattle4/prashanthi/recount3/data/central_nervous_system/all/weighted_covariances/only_sra/cov_20.rds"
[1] "Data read complete"
Running QUIC version 1.1 in 'default' mode.
Newton iteration 1.
  X is a diagonal matrix.
    Line search step size 1.000000e+00.  Lack of positive definiteness.
    Line search step size 5.000000e-01.  Lack of positive definiteness.
    Line search step size 2.500000e-01.  Lack of positive definiteness.
    Line search step size chosen: 1.250000e-01.
  Objective value decreased by 9.360685e+00.
Newton iteration 2.
  Active set size = 16037.
  sub-gradient = 3.226414e+02, l1-norm of X = 4.146827e+01.
  Coordinate descent sweep 1. norm of D = 2.379944e+02, change in D = 2.379944e+02.
    Line search step size 1.000000e+00.  Lack of positive definiteness.
    Line search step size 5.000000e-01.  Lack of positive definiteness.
    Line search step size chosen: 2.500000e-01.
  Objective value decreased by 7.898663e+00.
Newton iteration 3.
  Active set size = 16037.
  sub-gradient = 1.898830e+02, l1-norm of X = 8.756742e+01.
  Coordinate descent sweep 1. norm of D = 1.372057e+02, change in D = 1.372057e+02.
  Coordinate descent sweep 2. norm of D = 1.397510e+02, change in D = 2.701188e+01.
    Line search step size chosen: 1.000000e+00.
  Objective value decreased by 6.457701e+00.
Newton iteration 4.
  Active set size = 14003.
  sub-gradient = 8.038867e+01, l1-norm of X = 1.635501e+02.
  Coordinate descent sweep 1. norm of D = 2.436406e+01, change in D = 2.436406e+01.
  Coordinate descent sweep 2. norm of D = 2.442822e+01, change in D = 1.070814e+01.
    Line search step size chosen: 1.000000e+00.
  Objective value decreased by 3.699514e-01.
Newton iteration 5.
  Active set size = 13792.
  sub-gradient = 1.197915e+01, l1-norm of X = 1.611887e+02.
  Coordinate descent sweep 1. norm of D = 5.676352e+00, change in D = 5.676352e+00.
  Coordinate descent sweep 2. norm of D = 6.322435e+00, change in D = 2.580887e+00.
    Line search step size chosen: 1.000000e+00.
  Objective value decreased by 3.108384e-02.
Newton iteration 6.
  Active set size = 13747.
  sub-gradient = 1.421178e+00, l1-norm of X = 1.608950e+02.
  Coordinate descent sweep 1. norm of D = 1.187796e+00, change in D = 1.187796e+00.
  Coordinate descent sweep 2. norm of D = 1.404715e+00, change in D = 5.561428e-01.
  Coordinate descent sweep 3. norm of D = 1.537193e+00, change in D = 2.857031e-01.
    Line search step size chosen: 1.000000e+00.
  Objective value decreased by 2.604243e-03.
Newton iteration 7.
  Active set size = 13737.
  sub-gradient = 1.531056e-01, l1-norm of X = 1.609974e+02.
  Coordinate descent sweep 1. norm of D = 1.538329e-01, change in D = 1.538329e-01.
  Coordinate descent sweep 2. norm of D = 1.907952e-01, change in D = 8.179706e-02.
  Coordinate descent sweep 3. norm of D = 2.112828e-01, change in D = 4.207861e-02.
    Line search step size chosen: 1.000000e+00.
  Objective value decreased by 1.284475e-04.
Newton iteration 8.
  Active set size = 13736.
  sub-gradient = 2.289317e-02, l1-norm of X = 1.610242e+02.
  Coordinate descent sweep 1. norm of D = 2.328540e-02, change in D = 2.328540e-02.
  Coordinate descent sweep 2. norm of D = 2.978125e-02, change in D = 1.326520e-02.
  Coordinate descent sweep 3. norm of D = 3.322224e-02, change in D = 7.122349e-03.
    Line search step size chosen: 1.000000e+00.
  Objective value decreased by 7.147153e-06.
Newton iteration 9.
  Active set size = 13736.
  sub-gradient = 4.230631e-03, l1-norm of X = 1.610296e+02.
  Coordinate descent sweep 1. norm of D = 4.303842e-03, change in D = 4.303842e-03.
  Coordinate descent sweep 2. norm of D = 5.845379e-03, change in D = 2.553242e-03.
  Coordinate descent sweep 3. norm of D = 6.588318e-03, change in D = 1.413020e-03.
  Coordinate descent sweep 4. norm of D = 7.150473e-03, change in D = 8.953042e-04.
    Line search step size chosen: 1.000000e+00.
  Objective value decreased by 5.869624e-07.
QUIC CPU time: 4676.608 seconds
