[1] "/data/abattle4/prashanthi/recount3/data/central_nervous_system/all/weighted_covariances/only_sra/cov_20.rds"
[1] "Data read complete"
Running QUIC version 1.1 in 'default' mode.
Newton iteration 1.
  X is a diagonal matrix.
    Line search step size chosen: 1.000000e+00.
  Objective value decreased by 1.563410e-01.
Newton iteration 2.
  Active set size = 8939.
  sub-gradient = 3.598477e-01, l1-norm of X = 1.980999e+00.
  Coordinate descent sweep 1. norm of D = 3.232693e-01, change in D = 3.232693e-01.
    Line search step size chosen: 1.000000e+00.
  Objective value decreased by 4.680517e-03.
Newton iteration 3.
  Active set size = 8939.
  sub-gradient = 3.341533e-02, l1-norm of X = 1.983577e+00.
  Coordinate descent sweep 1. norm of D = 3.731354e-02, change in D = 3.731354e-02.
  Coordinate descent sweep 2. norm of D = 4.665713e-02, change in D = 1.057981e-02.
    Line search step size chosen: 1.000000e+00.
  Objective value decreased by 2.165318e-04.
Newton iteration 4.
  Active set size = 8939.
  sub-gradient = 1.852573e-03, l1-norm of X = 2.010159e+00.
  Coordinate descent sweep 1. norm of D = 2.212199e-03, change in D = 2.212199e-03.
  Coordinate descent sweep 2. norm of D = 2.603966e-03, change in D = 4.769092e-04.
    Line search step size chosen: 1.000000e+00.
  Objective value decreased by 6.822156e-07.
Newton iteration 5.
  Active set size = 8939.
  sub-gradient = 1.039778e-04, l1-norm of X = 2.011241e+00.
  Coordinate descent sweep 1. norm of D = 1.194999e-04, change in D = 1.194999e-04.
  Coordinate descent sweep 2. norm of D = 1.481966e-04, change in D = 2.870231e-05.
    Line search step size chosen: 1.000000e+00.
  Objective value decreased by 2.308298e-09.
QUIC CPU time: 2347.324 seconds
