[1] "/data/abattle4/prashanthi/recount3/data/central_nervous_system/all/weighted_covariances/only_sra/cov_20.rds"
[1] "Data read complete"
Running QUIC version 1.1 in 'default' mode.
Newton iteration 1.
  X is a diagonal matrix.
    Line search step size chosen: 1.000000e+00.
  Objective value decreased by 3.823332e-02.
Newton iteration 2.
  Active set size = 8914.
  sub-gradient = 8.345650e-02, l1-norm of X = 5.270656e-01.
  Coordinate descent sweep 1. norm of D = 7.906625e-02, change in D = 7.906625e-02.
    Line search step size chosen: 1.000000e+00.
  Objective value decreased by 6.585434e-04.
Newton iteration 3.
  Active set size = 8914.
  sub-gradient = 5.393287e-03, l1-norm of X = 5.298360e-01.
  Coordinate descent sweep 1. norm of D = 5.553891e-03, change in D = 5.553891e-03.
  Coordinate descent sweep 2. norm of D = 6.841648e-03, change in D = 1.287757e-03.
    Line search step size chosen: 1.000000e+00.
  Objective value decreased by 8.616518e-06.
Newton iteration 4.
  Active set size = 8914.
  sub-gradient = 1.426892e-04, l1-norm of X = 5.344372e-01.
  Coordinate descent sweep 1. norm of D = 1.695341e-04, change in D = 1.695341e-04.
  Coordinate descent sweep 2. norm of D = 2.025481e-04, change in D = 3.425159e-05.
    Line search step size chosen: 1.000000e+00.
  Objective value decreased by 1.551416e-08.
Newton iteration 5.
  Active set size = 8914.
  sub-gradient = 2.971338e-06, l1-norm of X = 5.346336e-01.
  Coordinate descent sweep 1. norm of D = 3.308183e-06, change in D = 3.308183e-06.
  Coordinate descent sweep 2. norm of D = 3.449337e-06, change in D = 1.411534e-07.
    Line search step size chosen: 1.000000e+00.
  Objective value decreased by 0.000000e+00.
QUIC CPU time: 2228.768 seconds
