[1] "/data/abattle4/prashanthi/recount3/data/airway/all/weighted_covariances/cov_8.rds"
[1] "Data read complete"
Running QUIC version 1.1 in 'default' mode.
Newton iteration 1.
  X is a diagonal matrix.
    Line search step size 1.000000e+00.  Lack of positive definiteness.
    Line search step size 5.000000e-01.  Lack of positive definiteness.
    Line search step size 2.500000e-01.  Lack of positive definiteness.
    Line search step size 1.250000e-01.  Lack of positive definiteness.
    Line search step size 6.250000e-02.  Lack of positive definiteness.
    Line search step size 3.125000e-02.  Lack of positive definiteness.
    Line search step size chosen: 1.562500e-02.
  Objective value decreased by 5.115879e+02.
Newton iteration 2.
  Active set size = 7643232.
  sub-gradient = 2.430639e+05, l1-norm of X = 6.209788e+02.
  Coordinate descent sweep 1. norm of D = 1.707058e+05, change in D = 1.707058e+05.
    Line search step size 1.000000e+00.  Lack of positive definiteness.
    Line search step size 5.000000e-01.  Lack of positive definiteness.
    Line search step size 2.500000e-01.  Lack of positive definiteness.
    Line search step size 1.250000e-01.  Lack of positive definiteness.
    Line search step size 6.250000e-02.  Lack of positive definiteness.
    Line search step size 3.125000e-02.  Lack of positive definiteness.
    Line search step size chosen: 1.562500e-02.
  Objective value decreased by 3.497830e+02.
Newton iteration 3.
  Active set size = 7646941.
  sub-gradient = 2.355963e+05, l1-norm of X = 1.045132e+03.
  Coordinate descent sweep 1. norm of D = 1.135346e+05, change in D = 1.135346e+05.
  Coordinate descent sweep 2. norm of D = 9.116534e+04, change in D = 3.393457e+04.
    Line search step size 1.000000e+00.  Lack of positive definiteness.
    Line search step size 5.000000e-01.  Lack of positive definiteness.
    Line search step size 2.500000e-01.  Lack of positive definiteness.
    Line search step size 1.250000e-01.  Lack of positive definiteness.
    Line search step size 6.250000e-02.  Lack of positive definiteness.
    Line search step size chosen: 3.125000e-02.
  Objective value decreased by 3.598038e+02.
Newton iteration 4.
  Active set size = 7655133.
  sub-gradient = 2.221492e+05, l1-norm of X = 1.480057e+03.
  Coordinate descent sweep 1. norm of D = 7.363301e+04, change in D = 7.363301e+04.
  Coordinate descent sweep 2. norm of D = 6.017662e+04, change in D = 2.529335e+04.
    Line search step size 1.000000e+00.  Lack of positive definiteness.
    Line search step size 5.000000e-01.  Lack of positive definiteness.
    Line search step size 2.500000e-01.  Lack of positive definiteness.
    Line search step size 1.250000e-01.  Lack of positive definiteness.
    Line search step size chosen: 6.250000e-02.
  Objective value decreased by 4.207198e+02.
Newton iteration 5.
  Active set size = 7691279.
  sub-gradient = 1.846722e+05, l1-norm of X = 2.012198e+03.
  Coordinate descent sweep 1. norm of D = 4.288734e+04, change in D = 4.288734e+04.
  Coordinate descent sweep 2. norm of D = 3.803339e+04, change in D = 1.350843e+04.
    Line search step size 1.000000e+00.  Lack of positive definiteness.
    Line search step size 5.000000e-01.  Lack of positive definiteness.
    Line search step size 2.500000e-01.  Lack of positive definiteness.
    Line search step size chosen: 1.250000e-01.
  Objective value decreased by 3.973623e+02.
Newton iteration 6.
  Active set size = 7724501.
  sub-gradient = 1.385338e+05, l1-norm of X = 2.558196e+03.
  Coordinate descent sweep 1. norm of D = 2.709602e+04, change in D = 2.709602e+04.
  Coordinate descent sweep 2. norm of D = 2.677873e+04, change in D = 8.153122e+03.
  Coordinate descent sweep 3. norm of D = 2.751870e+04, change in D = 2.584815e+03.
    Line search step size 1.000000e+00.  Lack of positive definiteness.
    Line search step size 5.000000e-01.  Lack of positive definiteness.
    Line search step size chosen: 2.500000e-01.
  Objective value decreased by 4.051609e+02.
Newton iteration 7.
  Active set size = 7750481.
  sub-gradient = 1.318523e+05, l1-norm of X = 3.150295e+03.
  Coordinate descent sweep 1. norm of D = 1.713582e+04, change in D = 1.713582e+04.
  Coordinate descent sweep 2. norm of D = 1.895038e+04, change in D = 6.368148e+03.
  Coordinate descent sweep 3. norm of D = 1.991131e+04, change in D = 2.968190e+03.
    Line search step size 1.000000e+00.  Lack of positive definiteness.
    Line search step size chosen: 5.000000e-01.
  Objective value decreased by 3.968114e+02.
Newton iteration 8.
  Active set size = 7766468.
  sub-gradient = 1.722455e+05, l1-norm of X = 3.784319e+03.
  Coordinate descent sweep 1. norm of D = 9.160946e+03, change in D = 9.160946e+03.
  Coordinate descent sweep 2. norm of D = 1.104125e+04, change in D = 4.579276e+03.
  Coordinate descent sweep 3. norm of D = 1.205223e+04, change in D = 2.786160e+03.
    Line search step size chosen: 1.000000e+00.
  Objective value decreased by 2.723955e+02.
Newton iteration 9.
  Active set size = 1605171.
  sub-gradient = 5.387083e+03, l1-norm of X = 4.456886e+03.
  Coordinate descent sweep 1. norm of D = 2.405196e+03, change in D = 2.405196e+03.
  Coordinate descent sweep 2. norm of D = 3.081200e+03, change in D = 1.824727e+03.
  Coordinate descent sweep 3. norm of D = 3.523107e+03, change in D = 1.271921e+03.
  Coordinate descent sweep 4. norm of D = 3.822351e+03, change in D = 8.856498e+02.
    Line search step size chosen: 1.000000e+00.
  Objective value decreased by 3.155289e+01.
Newton iteration 10.
  Active set size = 1496423.
  sub-gradient = 1.743771e+03, l1-norm of X = 4.689459e+03.
  Coordinate descent sweep 1. norm of D = 7.662466e+02, change in D = 7.662466e+02.
  Coordinate descent sweep 2. norm of D = 9.708004e+02, change in D = 6.112403e+02.
  Coordinate descent sweep 3. norm of D = 1.103628e+03, change in D = 4.702110e+02.
  Coordinate descent sweep 4. norm of D = 1.196463e+03, change in D = 3.643991e+02.
    Line search step size chosen: 1.000000e+00.
  Objective value decreased by 4.692114e+00.
Newton iteration 11.
  Active set size = 1469332.
  sub-gradient = 4.480110e+02, l1-norm of X = 4.749708e+03.
  Coordinate descent sweep 1. norm of D = 3.040345e+02, change in D = 3.040345e+02.
  Coordinate descent sweep 2. norm of D = 3.729733e+02, change in D = 2.536555e+02.
  Coordinate descent sweep 3. norm of D = 4.141947e+02, change in D = 2.127880e+02.
  Coordinate descent sweep 4. norm of D = 4.422121e+02, change in D = 1.783443e+02.
    Line search step size chosen: 1.000000e+00.
  Objective value decreased by 1.192852e+00.
Newton iteration 12.
  Active set size = 1463548.
  sub-gradient = 1.747939e+02, l1-norm of X = 4.765938e+03.
  Coordinate descent sweep 1. norm of D = 1.558557e+02, change in D = 1.558557e+02.
  Coordinate descent sweep 2. norm of D = 1.860388e+02, change in D = 1.369580e+02.
  Coordinate descent sweep 3. norm of D = 2.027588e+02, change in D = 1.204395e+02.
  Coordinate descent sweep 4. norm of D = 2.138751e+02, change in D = 1.074163e+02.
  Coordinate descent sweep 5. norm of D = 2.213956e+02, change in D = 9.496632e+01.
    Line search step size chosen: 1.000000e+00.
  Objective value decreased by 5.360196e-01.
Newton iteration 13.
  Active set size = 1461497.
  sub-gradient = 8.933752e+01, l1-norm of X = 4.771743e+03.
  Coordinate descent sweep 1. norm of D = 8.714035e+01, change in D = 8.714035e+01.
  Coordinate descent sweep 2. norm of D = 1.030543e+02, change in D = 8.044856e+01.
  Coordinate descent sweep 3. norm of D = 1.101178e+02, change in D = 7.367309e+01.
  Coordinate descent sweep 4. norm of D = 1.141165e+02, change in D = 6.719321e+01.
  Coordinate descent sweep 5. norm of D = 1.174515e+02, change in D = 6.119517e+01.
    Line search step size chosen: 1.000000e+00.
  Objective value decreased by 2.206686e-01.
Newton iteration 14.
  Active set size = 1460662.
  sub-gradient = 5.570201e+01, l1-norm of X = 4.773583e+03.
  Coordinate descent sweep 1. norm of D = 5.614978e+01, change in D = 5.614978e+01.
  Coordinate descent sweep 2. norm of D = 6.660995e+01, change in D = 5.285069e+01.
  Coordinate descent sweep 3. norm of D = 7.037447e+01, change in D = 4.837061e+01.
  Coordinate descent sweep 4. norm of D = 7.238970e+01, change in D = 4.399919e+01.
  Coordinate descent sweep 5. norm of D = 7.490226e+01, change in D = 4.195428e+01.
    Line search step size chosen: 1.000000e+00.
  Objective value decreased by 1.066712e-01.
Newton iteration 15.
  Active set size = 1460384.
  sub-gradient = 3.936344e+01, l1-norm of X = 4.774463e+03.
  Coordinate descent sweep 1. norm of D = 4.051853e+01, change in D = 4.051853e+01.
  Coordinate descent sweep 2. norm of D = 4.715690e+01, change in D = 3.833763e+01.
  Coordinate descent sweep 3. norm of D = 4.962427e+01, change in D = 3.561022e+01.
  Coordinate descent sweep 4. norm of D = 5.114458e+01, change in D = 3.349011e+01.
  Coordinate descent sweep 5. norm of D = 5.168500e+01, change in D = 3.051659e+01.
  Coordinate descent sweep 6. norm of D = 5.301683e+01, change in D = 2.927428e+01.
    Line search step size chosen: 1.000000e+00.
  Objective value decreased by 6.605799e-02.
Newton iteration 16.
  Active set size = 1459884.
  sub-gradient = 2.546666e+01, l1-norm of X = 4.774982e+03.
  Coordinate descent sweep 1. norm of D = 2.750352e+01, change in D = 2.750352e+01.
  Coordinate descent sweep 2. norm of D = 3.190203e+01, change in D = 2.525276e+01.
  Coordinate descent sweep 3. norm of D = 3.454943e+01, change in D = 2.469915e+01.
  Coordinate descent sweep 4. norm of D = 3.504949e+01, change in D = 2.266576e+01.
  Coordinate descent sweep 5. norm of D = 3.617060e+01, change in D = 2.200459e+01.
  Coordinate descent sweep 6. norm of D = 3.639309e+01, change in D = 2.052470e+01.
    Line search step size chosen: 1.000000e+00.
  Objective value decreased by 3.471893e-02.
Newton iteration 17.
  Active set size = 1459783.
  sub-gradient = 1.743514e+01, l1-norm of X = 4.775269e+03.
  Coordinate descent sweep 1. norm of D = 1.935567e+01, change in D = 1.935567e+01.
  Coordinate descent sweep 2. norm of D = 2.254259e+01, change in D = 1.839686e+01.
  Coordinate descent sweep 3. norm of D = 2.422377e+01, change in D = 1.773234e+01.
  Coordinate descent sweep 4. norm of D = 2.471461e+01, change in D = 1.675810e+01.
  Coordinate descent sweep 5. norm of D = 2.523749e+01, change in D = 1.594106e+01.
  Coordinate descent sweep 6. norm of D = 2.530599e+01, change in D = 1.491372e+01.
    Line search step size chosen: 1.000000e+00.
  Objective value decreased by 1.869137e-02.
Newton iteration 18.
  Active set size = 1459673.
  sub-gradient = 1.396191e+01, l1-norm of X = 4.775441e+03.
  Coordinate descent sweep 1. norm of D = 1.468829e+01, change in D = 1.468829e+01.
  Coordinate descent sweep 2. norm of D = 1.682999e+01, change in D = 1.398675e+01.
  Coordinate descent sweep 3. norm of D = 1.783891e+01, change in D = 1.346128e+01.
  Coordinate descent sweep 4. norm of D = 1.795971e+01, change in D = 1.223530e+01.
  Coordinate descent sweep 5. norm of D = 1.867161e+01, change in D = 1.214809e+01.
  Coordinate descent sweep 6. norm of D = 1.881414e+01, change in D = 1.145235e+01.
  Coordinate descent sweep 7. norm of D = 1.891141e+01, change in D = 1.076530e+01.
    Line search step size chosen: 1.000000e+00.
  Objective value decreased by 1.191162e-02.
Newton iteration 19.
  Active set size = 1459592.
  sub-gradient = 1.008102e+01, l1-norm of X = 4.775568e+03.
  Coordinate descent sweep 1. norm of D = 1.029362e+01, change in D = 1.029362e+01.
  Coordinate descent sweep 2. norm of D = 1.228284e+01, change in D = 1.016767e+01.
  Coordinate descent sweep 3. norm of D = 1.303767e+01, change in D = 9.893153e+00.
  Coordinate descent sweep 4. norm of D = 1.303221e+01, change in D = 9.025114e+00.
  Coordinate descent sweep 5. norm of D = 1.348055e+01, change in D = 8.776155e+00.
  Coordinate descent sweep 6. norm of D = 1.359608e+01, change in D = 8.529891e+00.
  Coordinate descent sweep 7. norm of D = 1.379164e+01, change in D = 8.227783e+00.
    Line search step size chosen: 1.000000e+00.
  Objective value decreased by 6.546854e-03.
Newton iteration 20.
  Active set size = 1459514.
  sub-gradient = 7.162548e+00, l1-norm of X = 4.775652e+03.
  Coordinate descent sweep 1. norm of D = 7.847420e+00, change in D = 7.847420e+00.
  Coordinate descent sweep 2. norm of D = 9.115026e+00, change in D = 7.409130e+00.
  Coordinate descent sweep 3. norm of D = 9.702460e+00, change in D = 7.105821e+00.
  Coordinate descent sweep 4. norm of D = 1.009719e+01, change in D = 7.029817e+00.
  Coordinate descent sweep 5. norm of D = 1.007076e+01, change in D = 6.515874e+00.
  Coordinate descent sweep 6. norm of D = 1.036433e+01, change in D = 6.476461e+00.
  Coordinate descent sweep 7. norm of D = 1.027886e+01, change in D = 6.035514e+00.
    Line search step size chosen: 1.000000e+00.
  Objective value decreased by 3.676500e-03.
Newton iteration 21.
  Active set size = 1459459.
  sub-gradient = 5.299982e+00, l1-norm of X = 4.775712e+03.
  Coordinate descent sweep 1. norm of D = 5.687993e+00, change in D = 5.687993e+00.
  Coordinate descent sweep 2. norm of D = 6.737929e+00, change in D = 5.507854e+00.
  Coordinate descent sweep 3. norm of D = 7.176082e+00, change in D = 5.467623e+00.
  Coordinate descent sweep 4. norm of D = 7.276839e+00, change in D = 5.135305e+00.
  Coordinate descent sweep 5. norm of D = 7.397315e+00, change in D = 4.901920e+00.
  Coordinate descent sweep 6. norm of D = 7.456829e+00, change in D = 4.663959e+00.
  Coordinate descent sweep 7. norm of D = 7.536351e+00, change in D = 4.531317e+00.
  Coordinate descent sweep 8. norm of D = 7.476074e+00, change in D = 4.259745e+00.
    Line search step size chosen: 1.000000e+00.
  Objective value decreased by 2.350838e-03.
Newton iteration 22.
  Active set size = 1459445.
  sub-gradient = 4.214652e+00, l1-norm of X = 4.775756e+03.
  Coordinate descent sweep 1. norm of D = 4.204699e+00, change in D = 4.204699e+00.
  Coordinate descent sweep 2. norm of D = 4.843112e+00, change in D = 4.097816e+00.
  Coordinate descent sweep 3. norm of D = 5.005195e+00, change in D = 3.801033e+00.
  Coordinate descent sweep 4. norm of D = 5.091649e+00, change in D = 3.610967e+00.
  Coordinate descent sweep 5. norm of D = 5.276848e+00, change in D = 3.573345e+00.
  Coordinate descent sweep 6. norm of D = 5.349860e+00, change in D = 3.480176e+00.
  Coordinate descent sweep 7. norm of D = 5.258336e+00, change in D = 3.233127e+00.
  Coordinate descent sweep 8. norm of D = 5.344975e+00, change in D = 3.138842e+00.
    Line search step size chosen: 1.000000e+00.
  Objective value decreased by 1.233656e-03.
Newton iteration 23.
  Active set size = 1459403.
  sub-gradient = 2.731293e+00, l1-norm of X = 4.775788e+03.
  Coordinate descent sweep 1. norm of D = 3.094316e+00, change in D = 3.094316e+00.
  Coordinate descent sweep 2. norm of D = 3.516261e+00, change in D = 2.873001e+00.
  Coordinate descent sweep 3. norm of D = 3.848617e+00, change in D = 2.886907e+00.
  Coordinate descent sweep 4. norm of D = 3.912072e+00, change in D = 2.812283e+00.
  Coordinate descent sweep 5. norm of D = 3.961741e+00, change in D = 2.680792e+00.
  Coordinate descent sweep 6. norm of D = 3.910262e+00, change in D = 2.482858e+00.
  Coordinate descent sweep 7. norm of D = 3.930872e+00, change in D = 2.366282e+00.
  Coordinate descent sweep 8. norm of D = 4.047066e+00, change in D = 2.419366e+00.
    Line search step size chosen: 1.000000e+00.
  Objective value decreased by 7.155721e-04.
Newton iteration 24.
  Active set size = 1459384.
  sub-gradient = 1.981032e+00, l1-norm of X = 4.775809e+03.
  Coordinate descent sweep 1. norm of D = 2.361203e+00, change in D = 2.361203e+00.
  Coordinate descent sweep 2. norm of D = 2.624359e+00, change in D = 2.122592e+00.
  Coordinate descent sweep 3. norm of D = 2.857829e+00, change in D = 2.089022e+00.
  Coordinate descent sweep 4. norm of D = 2.960136e+00, change in D = 2.073584e+00.
  Coordinate descent sweep 5. norm of D = 3.051621e+00, change in D = 2.096135e+00.
  Coordinate descent sweep 6. norm of D = 2.984841e+00, change in D = 1.913184e+00.
  Coordinate descent sweep 7. norm of D = 3.050701e+00, change in D = 1.883888e+00.
  Coordinate descent sweep 8. norm of D = 3.043683e+00, change in D = 1.774099e+00.
  Coordinate descent sweep 9. norm of D = 3.055467e+00, change in D = 1.717098e+00.
    Line search step size chosen: 1.000000e+00.
  Objective value decreased by 4.273606e-04.
Newton iteration 25.
  Active set size = 1459379.
  sub-gradient = 1.419003e+00, l1-norm of X = 4.775825e+03.
  Coordinate descent sweep 1. norm of D = 1.629731e+00, change in D = 1.629731e+00.
  Coordinate descent sweep 2. norm of D = 1.800002e+00, change in D = 1.426410e+00.
  Coordinate descent sweep 3. norm of D = 2.018065e+00, change in D = 1.482368e+00.
  Coordinate descent sweep 4. norm of D = 2.047427e+00, change in D = 1.434175e+00.
  Coordinate descent sweep 5. norm of D = 2.107144e+00, change in D = 1.432475e+00.
  Coordinate descent sweep 6. norm of D = 2.103093e+00, change in D = 1.361027e+00.
  Coordinate descent sweep 7. norm of D = 2.115841e+00, change in D = 1.286681e+00.
  Coordinate descent sweep 8. norm of D = 2.157970e+00, change in D = 1.301312e+00.
  Coordinate descent sweep 9. norm of D = 2.119628e+00, change in D = 1.182874e+00.
    Line search step size chosen: 1.000000e+00.
  Objective value decreased by 2.346061e-04.
Newton iteration 26.
  Active set size = 1459394.
  sub-gradient = 1.812621e+00, l1-norm of X = 4.775839e+03.
  Coordinate descent sweep 1. norm of D = 1.123238e+00, change in D = 1.123238e+00.
  Coordinate descent sweep 2. norm of D = 1.343473e+00, change in D = 1.134382e+00.
  Coordinate descent sweep 3. norm of D = 1.436890e+00, change in D = 1.135759e+00.
  Coordinate descent sweep 4. norm of D = 1.453102e+00, change in D = 1.083558e+00.
  Coordinate descent sweep 5. norm of D = 1.482183e+00, change in D = 1.052062e+00.
  Coordinate descent sweep 6. norm of D = 1.479820e+00, change in D = 1.002355e+00.
  Coordinate descent sweep 7. norm of D = 1.487914e+00, change in D = 9.724406e-01.
  Coordinate descent sweep 8. norm of D = 1.457277e+00, change in D = 8.898136e-01.
  Coordinate descent sweep 9. norm of D = 1.510762e+00, change in D = 9.117248e-01.
    Line search step size chosen: 1.000000e+00.
  Objective value decreased by 1.260771e-04.
Newton iteration 27.
  Active set size = 1459361.
  sub-gradient = 9.826112e-01, l1-norm of X = 4.775847e+03.
  Coordinate descent sweep 1. norm of D = 8.836382e-01, change in D = 8.836382e-01.
  Coordinate descent sweep 2. norm of D = 1.028331e+00, change in D = 8.541167e-01.
  Coordinate descent sweep 3. norm of D = 1.063268e+00, change in D = 7.867211e-01.
  Coordinate descent sweep 4. norm of D = 1.134316e+00, change in D = 8.095318e-01.
  Coordinate descent sweep 5. norm of D = 1.135960e+00, change in D = 7.875998e-01.
  Coordinate descent sweep 6. norm of D = 1.145984e+00, change in D = 7.534094e-01.
  Coordinate descent sweep 7. norm of D = 1.152806e+00, change in D = 7.277907e-01.
  Coordinate descent sweep 8. norm of D = 1.123838e+00, change in D = 6.519735e-01.
  Coordinate descent sweep 9. norm of D = 1.139613e+00, change in D = 6.631237e-01.
  Coordinate descent sweep 10. norm of D = 1.154181e+00, change in D = 6.532896e-01.
    Line search step size chosen: 1.000000e+00.
  Objective value decreased by 7.513127e-05.
Newton iteration 28.
  Active set size = 1459347.
  sub-gradient = 5.353070e-01, l1-norm of X = 4.775853e+03.
  Coordinate descent sweep 1. norm of D = 6.347121e-01, change in D = 6.347121e-01.
  Coordinate descent sweep 2. norm of D = 7.252308e-01, change in D = 5.852563e-01.
  Coordinate descent sweep 3. norm of D = 7.929781e-01, change in D = 6.111329e-01.
  Coordinate descent sweep 4. norm of D = 7.989383e-01, change in D = 5.808147e-01.
  Coordinate descent sweep 5. norm of D = 7.973363e-01, change in D = 5.355858e-01.
  Coordinate descent sweep 6. norm of D = 8.207688e-01, change in D = 5.383586e-01.
  Coordinate descent sweep 7. norm of D = 8.202793e-01, change in D = 5.258152e-01.
  Coordinate descent sweep 8. norm of D = 8.178210e-01, change in D = 5.001726e-01.
  Coordinate descent sweep 9. norm of D = 8.132697e-01, change in D = 4.644141e-01.
  Coordinate descent sweep 10. norm of D = 8.215960e-01, change in D = 4.545082e-01.
    Line search step size chosen: 1.000000e+00.
  Objective value decreased by 4.022414e-05.
Newton iteration 29.
  Active set size = 1459351.
  sub-gradient = 3.400615e-01, l1-norm of X = 4.775858e+03.
  Coordinate descent sweep 1. norm of D = 4.218567e-01, change in D = 4.218567e-01.
  Coordinate descent sweep 2. norm of D = 5.087593e-01, change in D = 4.203305e-01.
  Coordinate descent sweep 3. norm of D = 5.449526e-01, change in D = 4.205206e-01.
  Coordinate descent sweep 4. norm of D = 5.556423e-01, change in D = 4.035692e-01.
  Coordinate descent sweep 5. norm of D = 5.578943e-01, change in D = 3.881530e-01.
  Coordinate descent sweep 6. norm of D = 5.584026e-01, change in D = 3.681261e-01.
  Coordinate descent sweep 7. norm of D = 5.648833e-01, change in D = 3.586356e-01.
  Coordinate descent sweep 8. norm of D = 5.586257e-01, change in D = 3.346870e-01.
  Coordinate descent sweep 9. norm of D = 5.613503e-01, change in D = 3.222499e-01.
  Coordinate descent sweep 10. norm of D = 5.671234e-01, change in D = 3.131909e-01.
    Line search step size chosen: 1.000000e+00.
  Objective value decreased by 2.033072e-05.
QUIC CPU time: 104608.569 seconds
