[1] "/work-zfs/abattle4/prashanthi/recount3/data/airway/all/weighted_covariances/cov_8.rds"
[1] "Data read complete"
Running QUIC version 1.1 in 'default' mode.
Newton iteration 1.
  X is a diagonal matrix.
    Line search step size chosen: 1.000000e+00.
  Objective value decreased by 3.219496e-01.
Newton iteration 2.
  Active set size = 9176.
  sub-gradient = 1.750166e+00, l1-norm of X = 5.871973e+00.
  Coordinate descent sweep 1. norm of D = 1.062676e+00, change in D = 1.062676e+00.
    Line search step size chosen: 1.000000e+00.
  Objective value decreased by 2.036398e-02.
Newton iteration 3.
  Active set size = 9174.
  sub-gradient = 2.180619e-01, l1-norm of X = 5.345201e+00.
  Coordinate descent sweep 1. norm of D = 2.454017e-01, change in D = 2.454017e-01.
  Coordinate descent sweep 2. norm of D = 2.701443e-01, change in D = 4.145145e-02.
    Line search step size chosen: 1.000000e+00.
  Objective value decreased by 1.815631e-03.
Newton iteration 4.
  Active set size = 9173.
  sub-gradient = 9.761401e-03, l1-norm of X = 5.402603e+00.
  Coordinate descent sweep 1. norm of D = 9.957370e-03, change in D = 9.957370e-03.
  Coordinate descent sweep 2. norm of D = 1.177688e-02, change in D = 2.412081e-03.
    Line search step size chosen: 1.000000e+00.
  Objective value decreased by 3.788717e-06.
Newton iteration 5.
  Active set size = 9173.
  sub-gradient = 3.728625e-04, l1-norm of X = 5.408640e+00.
  Coordinate descent sweep 1. norm of D = 3.913522e-04, change in D = 3.913522e-04.
  Coordinate descent sweep 2. norm of D = 4.321695e-04, change in D = 6.358669e-05.
    Line search step size chosen: 1.000000e+00.
  Objective value decreased by 6.351911e-09.
QUIC CPU time: 1871.440 seconds
