[1] "/work-zfs/abattle4/prashanthi/recount3/data/airway/all/weighted_covariances/cov_8.rds"
[1] "Data read complete"
Running QUIC version 1.1 in 'default' mode.
Newton iteration 1.
  X is a diagonal matrix.
    Line search step size chosen: 1.000000e+00.
  Objective value decreased by 1.749998e-02.
Newton iteration 2.
  Active set size = 9113.
  sub-gradient = 3.782838e-02, l1-norm of X = 5.636529e-01.
  Coordinate descent sweep 1. norm of D = 3.679149e-02, change in D = 3.679149e-02.
    Line search step size chosen: 1.000000e+00.
  Objective value decreased by 8.237381e-05.
Newton iteration 3.
  Active set size = 9113.
  sub-gradient = 2.205979e-03, l1-norm of X = 5.600449e-01.
  Coordinate descent sweep 1. norm of D = 2.533398e-03, change in D = 2.533398e-03.
  Coordinate descent sweep 2. norm of D = 2.807034e-03, change in D = 2.851342e-04.
    Line search step size chosen: 1.000000e+00.
  Objective value decreased by 1.924027e-06.
Newton iteration 4.
  Active set size = 9113.
  sub-gradient = 2.694926e-05, l1-norm of X = 5.635115e-01.
  Coordinate descent sweep 1. norm of D = 2.747021e-05, change in D = 2.747021e-05.
  Coordinate descent sweep 2. norm of D = 3.457844e-05, change in D = 7.162684e-06.
    Line search step size chosen: 1.000000e+00.
  Objective value decreased by 3.929017e-10.
QUIC CPU time: 1260.600 seconds
