[1] "/work-zfs/abattle4/prashanthi/recount3/data/lung/all/weighted_covariances/cov_10.rds"
[1] "Data read complete"
Running QUIC version 1.1 in 'default' mode.
Newton iteration 1.
  X is a diagonal matrix.
    Line search step size 1.000000e+00.  Lack of positive definiteness.
    Line search step size 5.000000e-01.  Lack of positive definiteness.
    Line search step size 2.500000e-01.  Lack of positive definiteness.
    Line search step size 1.250000e-01.  Lack of positive definiteness.
    Line search step size chosen: 6.250000e-02.
  Objective value decreased by 9.390199e+01.
Newton iteration 2.
  Active set size = 145631.
  sub-gradient = 5.388448e+03, l1-norm of X = 1.229147e+02.
  Coordinate descent sweep 1. norm of D = 4.496264e+03, change in D = 4.496264e+03.
    Line search step size 1.000000e+00.  Lack of positive definiteness.
    Line search step size 5.000000e-01.  Lack of positive definiteness.
    Line search step size 2.500000e-01.  Lack of positive definiteness.
    Line search step size chosen: 1.250000e-01.
  Objective value decreased by 9.892767e+01.
Newton iteration 3.
  Active set size = 145651.
  sub-gradient = 4.393250e+03, l1-norm of X = 2.967275e+02.
  Coordinate descent sweep 1. norm of D = 3.166694e+03, change in D = 3.166694e+03.
  Coordinate descent sweep 2. norm of D = 3.009404e+03, change in D = 5.408955e+02.
    Line search step size 1.000000e+00.  Lack of positive definiteness.
    Line search step size chosen: 5.000000e-01.
  Objective value decreased by 1.414870e+02.
Newton iteration 4.
  Active set size = 167009.
  sub-gradient = 5.279024e+03, l1-norm of X = 7.043383e+02.
  Coordinate descent sweep 1. norm of D = 1.159161e+03, change in D = 1.159161e+03.
  Coordinate descent sweep 2. norm of D = 1.318204e+03, change in D = 3.344953e+02.
    Line search step size chosen: 1.000000e+00.
  Objective value decreased by 4.470330e+01.
Newton iteration 5.
  Active set size = 115649.
  sub-gradient = 1.055017e+03, l1-norm of X = 9.040540e+02.
  Coordinate descent sweep 1. norm of D = 2.602566e+02, change in D = 2.602566e+02.
  Coordinate descent sweep 2. norm of D = 3.220419e+02, change in D = 1.446980e+02.
    Line search step size chosen: 1.000000e+00.
  Objective value decreased by 7.442828e+00.
Newton iteration 6.
  Active set size = 108272.
  sub-gradient = 3.357792e+02, l1-norm of X = 9.273956e+02.
  Coordinate descent sweep 1. norm of D = 1.072130e+02, change in D = 1.072130e+02.
  Coordinate descent sweep 2. norm of D = 1.314631e+02, change in D = 6.955883e+01.
  Coordinate descent sweep 3. norm of D = 1.505892e+02, change in D = 4.620159e+01.
    Line search step size chosen: 1.000000e+00.
  Objective value decreased by 2.982529e+00.
Newton iteration 7.
  Active set size = 106183.
  sub-gradient = 9.818954e+01, l1-norm of X = 9.369408e+02.
  Coordinate descent sweep 1. norm of D = 4.059728e+01, change in D = 4.059728e+01.
  Coordinate descent sweep 2. norm of D = 5.072681e+01, change in D = 3.042838e+01.
  Coordinate descent sweep 3. norm of D = 5.916775e+01, change in D = 2.177210e+01.
    Line search step size chosen: 1.000000e+00.
  Objective value decreased by 8.456294e-01.
Newton iteration 8.
  Active set size = 105798.
  sub-gradient = 2.528788e+01, l1-norm of X = 9.397478e+02.
  Coordinate descent sweep 1. norm of D = 1.819219e+01, change in D = 1.819219e+01.
  Coordinate descent sweep 2. norm of D = 2.391654e+01, change in D = 1.434105e+01.
  Coordinate descent sweep 3. norm of D = 2.801088e+01, change in D = 1.128898e+01.
    Line search step size chosen: 1.000000e+00.
  Objective value decreased by 2.882024e-01.
Newton iteration 9.
  Active set size = 105698.
  sub-gradient = 1.160232e+01, l1-norm of X = 9.411112e+02.
  Coordinate descent sweep 1. norm of D = 9.581800e+00, change in D = 9.581800e+00.
  Coordinate descent sweep 2. norm of D = 1.300494e+01, change in D = 7.914338e+00.
  Coordinate descent sweep 3. norm of D = 1.543028e+01, change in D = 6.642171e+00.
  Coordinate descent sweep 4. norm of D = 1.758712e+01, change in D = 5.622934e+00.
    Line search step size chosen: 1.000000e+00.
  Objective value decreased by 1.478046e-01.
Newton iteration 10.
  Active set size = 105651.
  sub-gradient = 4.811461e+00, l1-norm of X = 9.420272e+02.
  Coordinate descent sweep 1. norm of D = 4.851349e+00, change in D = 4.851349e+00.
  Coordinate descent sweep 2. norm of D = 6.710498e+00, change in D = 4.280498e+00.
  Coordinate descent sweep 3. norm of D = 8.056702e+00, change in D = 3.704102e+00.
  Coordinate descent sweep 4. norm of D = 9.145356e+00, change in D = 3.066249e+00.
    Line search step size chosen: 1.000000e+00.
  Objective value decreased by 5.964862e-02.
Newton iteration 11.
  Active set size = 105629.
  sub-gradient = 2.581484e+00, l1-norm of X = 9.425074e+02.
  Coordinate descent sweep 1. norm of D = 2.627889e+00, change in D = 2.627889e+00.
  Coordinate descent sweep 2. norm of D = 3.668524e+00, change in D = 2.382446e+00.
  Coordinate descent sweep 3. norm of D = 4.455773e+00, change in D = 2.165276e+00.
  Coordinate descent sweep 4. norm of D = 5.212997e+00, change in D = 1.952502e+00.
    Line search step size chosen: 1.000000e+00.
  Objective value decreased by 2.515161e-02.
Newton iteration 12.
  Active set size = 105625.
  sub-gradient = 1.830229e+00, l1-norm of X = 9.427886e+02.
  Coordinate descent sweep 1. norm of D = 1.720730e+00, change in D = 1.720730e+00.
  Coordinate descent sweep 2. norm of D = 2.370828e+00, change in D = 1.562068e+00.
  Coordinate descent sweep 3. norm of D = 2.894398e+00, change in D = 1.466988e+00.
  Coordinate descent sweep 4. norm of D = 3.349714e+00, change in D = 1.277972e+00.
  Coordinate descent sweep 5. norm of D = 3.694233e+00, change in D = 1.074025e+00.
    Line search step size chosen: 1.000000e+00.
  Objective value decreased by 1.648209e-02.
Newton iteration 13.
  Active set size = 105613.
  sub-gradient = 1.080187e+00, l1-norm of X = 9.429909e+02.
  Coordinate descent sweep 1. norm of D = 9.849791e-01, change in D = 9.849791e-01.
  Coordinate descent sweep 2. norm of D = 1.359217e+00, change in D = 8.548945e-01.
  Coordinate descent sweep 3. norm of D = 1.626417e+00, change in D = 7.692747e-01.
  Coordinate descent sweep 4. norm of D = 1.932146e+00, change in D = 7.973725e-01.
  Coordinate descent sweep 5. norm of D = 2.114779e+00, change in D = 6.794271e-01.
    Line search step size chosen: 1.000000e+00.
  Objective value decreased by 7.076158e-03.
Newton iteration 14.
  Active set size = 105618.
  sub-gradient = 9.580200e-01, l1-norm of X = 9.431094e+02.
  Coordinate descent sweep 1. norm of D = 6.583355e-01, change in D = 6.583355e-01.
  Coordinate descent sweep 2. norm of D = 9.159035e-01, change in D = 5.906077e-01.
  Coordinate descent sweep 3. norm of D = 1.119620e+00, change in D = 5.322423e-01.
  Coordinate descent sweep 4. norm of D = 1.260253e+00, change in D = 4.711110e-01.
  Coordinate descent sweep 5. norm of D = 1.405024e+00, change in D = 4.438776e-01.
    Line search step size chosen: 1.000000e+00.
  Objective value decreased by 4.103709e-03.
Newton iteration 15.
  Active set size = 105612.
  sub-gradient = 3.843330e-01, l1-norm of X = 9.431843e+02.
  Coordinate descent sweep 1. norm of D = 3.854053e-01, change in D = 3.854053e-01.
  Coordinate descent sweep 2. norm of D = 5.568557e-01, change in D = 3.655441e-01.
  Coordinate descent sweep 3. norm of D = 6.699465e-01, change in D = 3.524957e-01.
  Coordinate descent sweep 4. norm of D = 7.762102e-01, change in D = 3.349933e-01.
  Coordinate descent sweep 5. norm of D = 8.884476e-01, change in D = 3.076902e-01.
  Coordinate descent sweep 6. norm of D = 9.913699e-01, change in D = 2.768602e-01.
    Line search step size chosen: 1.000000e+00.
  Objective value decreased by 2.217953e-03.
Newton iteration 16.
  Active set size = 105612.
  sub-gradient = 2.334958e-01, l1-norm of X = 9.432439e+02.
  Coordinate descent sweep 1. norm of D = 2.472625e-01, change in D = 2.472625e-01.
  Coordinate descent sweep 2. norm of D = 3.250557e-01, change in D = 2.226003e-01.
  Coordinate descent sweep 3. norm of D = 4.047521e-01, change in D = 2.112805e-01.
  Coordinate descent sweep 4. norm of D = 4.616379e-01, change in D = 1.916517e-01.
  Coordinate descent sweep 5. norm of D = 5.230430e-01, change in D = 1.829288e-01.
  Coordinate descent sweep 6. norm of D = 5.816308e-01, change in D = 1.630138e-01.
    Line search step size chosen: 1.000000e+00.
  Objective value decreased by 9.903336e-04.
Newton iteration 17.
  Active set size = 105611.
  sub-gradient = 1.622625e-01, l1-norm of X = 9.432787e+02.
  Coordinate descent sweep 1. norm of D = 1.446311e-01, change in D = 1.446311e-01.
  Coordinate descent sweep 2. norm of D = 2.214627e-01, change in D = 1.539771e-01.
  Coordinate descent sweep 3. norm of D = 2.682665e-01, change in D = 1.426153e-01.
  Coordinate descent sweep 4. norm of D = 3.016675e-01, change in D = 1.172706e-01.
  Coordinate descent sweep 5. norm of D = 3.458719e-01, change in D = 1.189028e-01.
  Coordinate descent sweep 6. norm of D = 3.907917e-01, change in D = 1.188987e-01.
    Line search step size chosen: 1.000000e+00.
  Objective value decreased by 5.253035e-04.
Newton iteration 18.
  Active set size = 105610.
  sub-gradient = 9.422790e-02, l1-norm of X = 9.433032e+02.
  Coordinate descent sweep 1. norm of D = 1.066603e-01, change in D = 1.066603e-01.
  Coordinate descent sweep 2. norm of D = 1.470132e-01, change in D = 9.366616e-02.
  Coordinate descent sweep 3. norm of D = 1.783992e-01, change in D = 8.788923e-02.
  Coordinate descent sweep 4. norm of D = 2.131357e-01, change in D = 8.698355e-02.
  Coordinate descent sweep 5. norm of D = 2.427766e-01, change in D = 7.957381e-02.
  Coordinate descent sweep 6. norm of D = 2.656328e-01, change in D = 7.160604e-02.
  Coordinate descent sweep 7. norm of D = 2.896661e-01, change in D = 6.711665e-02.
    Line search step size chosen: 1.000000e+00.
  Objective value decreased by 2.895689e-04.
QUIC CPU time: 7503.120 seconds
