[1] "/work-zfs/abattle4/prashanthi/recount3/data/lung/all/weighted_covariances/cov_10.rds"
[1] "Data read complete"
Running QUIC version 1.1 in 'default' mode.
Newton iteration 1.
  X is a diagonal matrix.
    Line search step size 1.000000e+00.  Lack of positive definiteness.
    Line search step size 5.000000e-01.  Lack of positive definiteness.
    Line search step size chosen: 2.500000e-01.
  Objective value decreased by 7.361272e+00.
Newton iteration 2.
  Active set size = 10045.
  sub-gradient = 6.709011e+01, l1-norm of X = 2.712599e+01.
  Coordinate descent sweep 1. norm of D = 5.776490e+01, change in D = 5.776490e+01.
    Line search step size chosen: 1.000000e+00.
  Objective value decreased by 3.942149e+00.
Newton iteration 3.
  Active set size = 9916.
  sub-gradient = 9.434318e+01, l1-norm of X = 7.141650e+01.
  Coordinate descent sweep 1. norm of D = 2.131703e+01, change in D = 2.131703e+01.
  Coordinate descent sweep 2. norm of D = 2.139670e+01, change in D = 7.922424e+00.
    Line search step size chosen: 1.000000e+00.
  Objective value decreased by 1.402527e+00.
Newton iteration 4.
  Active set size = 9852.
  sub-gradient = 2.973171e+01, l1-norm of X = 6.963541e+01.
  Coordinate descent sweep 1. norm of D = 7.535712e+00, change in D = 7.535712e+00.
  Coordinate descent sweep 2. norm of D = 7.861017e+00, change in D = 3.552188e+00.
    Line search step size chosen: 1.000000e+00.
  Objective value decreased by 3.155766e-01.
Newton iteration 5.
  Active set size = 9834.
  sub-gradient = 7.330754e+00, l1-norm of X = 6.859175e+01.
  Coordinate descent sweep 1. norm of D = 2.575622e+00, change in D = 2.575622e+00.
  Coordinate descent sweep 2. norm of D = 2.813428e+00, change in D = 1.365605e+00.
    Line search step size chosen: 1.000000e+00.
  Objective value decreased by 4.985630e-02.
Newton iteration 6.
  Active set size = 9829.
  sub-gradient = 1.266278e+00, l1-norm of X = 6.835552e+01.
  Coordinate descent sweep 1. norm of D = 7.445294e-01, change in D = 7.445294e-01.
  Coordinate descent sweep 2. norm of D = 8.885414e-01, change in D = 3.865177e-01.
  Coordinate descent sweep 3. norm of D = 9.757391e-01, change in D = 1.863610e-01.
    Line search step size chosen: 1.000000e+00.
  Objective value decreased by 5.160398e-03.
Newton iteration 7.
  Active set size = 9829.
  sub-gradient = 1.315398e-01, l1-norm of X = 6.832768e+01.
  Coordinate descent sweep 1. norm of D = 1.121429e-01, change in D = 1.121429e-01.
  Coordinate descent sweep 2. norm of D = 1.431369e-01, change in D = 6.341218e-02.
  Coordinate descent sweep 3. norm of D = 1.591814e-01, change in D = 3.019448e-02.
    Line search step size chosen: 1.000000e+00.
  Objective value decreased by 1.705740e-04.
Newton iteration 8.
  Active set size = 9830.
  sub-gradient = 1.758239e-02, l1-norm of X = 6.834695e+01.
  Coordinate descent sweep 1. norm of D = 1.655167e-02, change in D = 1.655167e-02.
  Coordinate descent sweep 2. norm of D = 2.199915e-02, change in D = 1.094831e-02.
  Coordinate descent sweep 3. norm of D = 2.535148e-02, change in D = 5.804730e-03.
    Line search step size chosen: 1.000000e+00.
  Objective value decreased by 6.208060e-06.
Newton iteration 9.
  Active set size = 9829.
  sub-gradient = 3.927927e-03, l1-norm of X = 6.835085e+01.
  Coordinate descent sweep 1. norm of D = 3.499148e-03, change in D = 3.499148e-03.
  Coordinate descent sweep 2. norm of D = 4.612758e-03, change in D = 1.879687e-03.
  Coordinate descent sweep 3. norm of D = 5.126558e-03, change in D = 1.233755e-03.
  Coordinate descent sweep 4. norm of D = 5.631712e-03, change in D = 7.421697e-04.
    Line search step size chosen: 1.000000e+00.
  Objective value decreased by 4.594513e-07.
QUIC CPU time: 2421.980 seconds
