[1] "/work-zfs/abattle4/prashanthi/recount3/data/lung/all/weighted_covariances/cov_10.rds"
[1] "Data read complete"
Running QUIC version 1.1 in 'default' mode.
Newton iteration 1.
  X is a diagonal matrix.
    Line search step size 1.000000e+00.  Lack of positive definiteness.
    Line search step size 5.000000e-01.  Lack of positive definiteness.
    Line search step size chosen: 2.500000e-01.
  Objective value decreased by 4.563029e+00.
Newton iteration 2.
  Active set size = 9613.
  sub-gradient = 4.634572e+01, l1-norm of X = 1.852032e+01.
  Coordinate descent sweep 1. norm of D = 4.010531e+01, change in D = 4.010531e+01.
    Line search step size chosen: 1.000000e+00.
  Objective value decreased by 2.845136e+00.
Newton iteration 3.
  Active set size = 9537.
  sub-gradient = 5.604628e+01, l1-norm of X = 5.305781e+01.
  Coordinate descent sweep 1. norm of D = 1.437878e+01, change in D = 1.437878e+01.
  Coordinate descent sweep 2. norm of D = 1.377430e+01, change in D = 5.617470e+00.
    Line search step size chosen: 1.000000e+00.
  Objective value decreased by 8.045764e-01.
Newton iteration 4.
  Active set size = 9510.
  sub-gradient = 1.398316e+01, l1-norm of X = 5.114282e+01.
  Coordinate descent sweep 1. norm of D = 4.749375e+00, change in D = 4.749375e+00.
  Coordinate descent sweep 2. norm of D = 4.805643e+00, change in D = 2.214113e+00.
    Line search step size chosen: 1.000000e+00.
  Objective value decreased by 1.262179e-01.
Newton iteration 5.
  Active set size = 9490.
  sub-gradient = 2.555613e+00, l1-norm of X = 5.027832e+01.
  Coordinate descent sweep 1. norm of D = 1.256462e+00, change in D = 1.256462e+00.
  Coordinate descent sweep 2. norm of D = 1.419686e+00, change in D = 6.575303e-01.
    Line search step size chosen: 1.000000e+00.
  Objective value decreased by 1.244011e-02.
Newton iteration 6.
  Active set size = 9488.
  sub-gradient = 4.204273e-01, l1-norm of X = 5.007386e+01.
  Coordinate descent sweep 1. norm of D = 3.162542e-01, change in D = 3.162542e-01.
  Coordinate descent sweep 2. norm of D = 3.922377e-01, change in D = 1.556625e-01.
  Coordinate descent sweep 3. norm of D = 4.314606e-01, change in D = 7.249564e-02.
    Line search step size chosen: 1.000000e+00.
  Objective value decreased by 1.302878e-03.
Newton iteration 7.
  Active set size = 9488.
  sub-gradient = 3.979847e-02, l1-norm of X = 5.008667e+01.
  Coordinate descent sweep 1. norm of D = 3.943253e-02, change in D = 3.943253e-02.
  Coordinate descent sweep 2. norm of D = 4.771341e-02, change in D = 1.991897e-02.
  Coordinate descent sweep 3. norm of D = 5.417443e-02, change in D = 9.819501e-03.
    Line search step size chosen: 1.000000e+00.
  Objective value decreased by 2.927711e-05.
Newton iteration 8.
  Active set size = 9487.
  sub-gradient = 5.486910e-03, l1-norm of X = 5.009610e+01.
  Coordinate descent sweep 1. norm of D = 5.318324e-03, change in D = 5.318324e-03.
  Coordinate descent sweep 2. norm of D = 7.068324e-03, change in D = 2.894614e-03.
  Coordinate descent sweep 3. norm of D = 7.899677e-03, change in D = 1.306311e-03.
    Line search step size chosen: 1.000000e+00.
  Objective value decreased by 8.034513e-07.
Newton iteration 9.
  Active set size = 9487.
  sub-gradient = 6.800752e-04, l1-norm of X = 5.009685e+01.
  Coordinate descent sweep 1. norm of D = 7.418563e-04, change in D = 7.418563e-04.
  Coordinate descent sweep 2. norm of D = 9.426542e-04, change in D = 3.596058e-04.
  Coordinate descent sweep 3. norm of D = 1.091790e-03, change in D = 2.325054e-04.
  Coordinate descent sweep 4. norm of D = 1.157974e-03, change in D = 1.337301e-04.
    Line search step size chosen: 1.000000e+00.
  Objective value decreased by 2.137676e-08.
QUIC CPU time: 2526.590 seconds
