[1] "/work-zfs/abattle4/prashanthi/recount3/data/lung/all/weighted_covariances/cov_10.rds"
[1] "Data read complete"
Running QUIC version 1.1 in 'default' mode.
Newton iteration 1.
  X is a diagonal matrix.
    Line search step size chosen: 1.000000e+00.
  Objective value decreased by 1.381160e+00.
Newton iteration 2.
  Active set size = 8980.
  sub-gradient = 1.963419e+01, l1-norm of X = 1.960502e+01.
  Coordinate descent sweep 1. norm of D = 5.171233e+00, change in D = 5.171233e+00.
    Line search step size chosen: 1.000000e+00.
  Objective value decreased by 3.202091e-01.
Newton iteration 3.
  Active set size = 8968.
  sub-gradient = 4.873855e+00, l1-norm of X = 1.754831e+01.
  Coordinate descent sweep 1. norm of D = 2.417944e+00, change in D = 2.417944e+00.
  Coordinate descent sweep 2. norm of D = 2.451070e+00, change in D = 1.004756e+00.
    Line search step size chosen: 1.000000e+00.
  Objective value decreased by 8.859046e-02.
Newton iteration 4.
  Active set size = 8965.
  sub-gradient = 1.091006e+00, l1-norm of X = 1.705684e+01.
  Coordinate descent sweep 1. norm of D = 5.913280e-01, change in D = 5.913280e-01.
  Coordinate descent sweep 2. norm of D = 5.370482e-01, change in D = 2.387772e-01.
    Line search step size chosen: 1.000000e+00.
  Objective value decreased by 7.545133e-03.
Newton iteration 5.
  Active set size = 8967.
  sub-gradient = 1.277864e-01, l1-norm of X = 1.687131e+01.
  Coordinate descent sweep 1. norm of D = 9.059543e-02, change in D = 9.059543e-02.
  Coordinate descent sweep 2. norm of D = 9.222451e-02, change in D = 2.962793e-02.
    Line search step size chosen: 1.000000e+00.
  Objective value decreased by 2.722752e-04.
Newton iteration 6.
  Active set size = 8967.
  sub-gradient = 1.303737e-02, l1-norm of X = 1.685984e+01.
  Coordinate descent sweep 1. norm of D = 1.226885e-02, change in D = 1.226885e-02.
  Coordinate descent sweep 2. norm of D = 1.328778e-02, change in D = 2.620242e-03.
  Coordinate descent sweep 3. norm of D = 1.340184e-02, change in D = 6.198373e-04.
    Line search step size chosen: 1.000000e+00.
  Objective value decreased by 3.733539e-06.
Newton iteration 7.
  Active set size = 8967.
  sub-gradient = 1.916391e-04, l1-norm of X = 1.685813e+01.
  Coordinate descent sweep 1. norm of D = 2.103270e-04, change in D = 2.103270e-04.
  Coordinate descent sweep 2. norm of D = 2.405276e-04, change in D = 5.515155e-05.
  Coordinate descent sweep 3. norm of D = 2.543111e-04, change in D = 1.822893e-05.
    Line search step size chosen: 1.000000e+00.
  Objective value decreased by 1.236913e-09.
QUIC CPU time: 2275.750 seconds
