[1] "/work-zfs/abattle4/prashanthi/recount3/data/lung/all/weighted_covariances/cov_10.rds"
[1] "Data read complete"
Running QUIC version 1.1 in 'default' mode.
Newton iteration 1.
  X is a diagonal matrix.
    Line search step size chosen: 1.000000e+00.
  Objective value decreased by 3.156687e-03.
Newton iteration 2.
  Active set size = 8771.
  sub-gradient = 7.783417e-03, l1-norm of X = 1.803397e-01.
  Coordinate descent sweep 1. norm of D = 7.438411e-03, change in D = 7.438411e-03.
    Line search step size chosen: 1.000000e+00.
  Objective value decreased by 5.540713e-06.
Newton iteration 3.
  Active set size = 8771.
  sub-gradient = 8.284290e-05, l1-norm of X = 1.783314e-01.
  Coordinate descent sweep 1. norm of D = 8.346876e-05, change in D = 8.346876e-05.
  Coordinate descent sweep 2. norm of D = 8.558077e-05, change in D = 4.066764e-06.
    Line search step size chosen: 1.000000e+00.
  Objective value decreased by 1.946319e-09.
Newton iteration 4.
  Active set size = 8771.
  sub-gradient = 1.257892e-07, l1-norm of X = 1.784520e-01.
  Coordinate descent sweep 1. norm of D = 1.257267e-07, change in D = 1.257267e-07.
  Coordinate descent sweep 2. norm of D = 1.275056e-07, change in D = 3.354966e-09.
    Line search step size chosen: 1.000000e+00.
  Objective value decreased by 1.818989e-12.
QUIC CPU time: 1131.700 seconds
